00000000|MMI|125.24|Creatine Kinase|C0010287|[aapp,enzy]|["CK"-tx-27-"CK"-noun-0,"CK"-tx-26-"CK"-noun-0]|TX|[2482/2],[2531/2],[2585/2],[2628/2],[2679/2];2459/2|D08.811.913.696.640.150
00000000|MMI|78.04|Patients|C0030705|[podg]|["*^patient"-tx-45-"patient"-noun-0,"*^patient"-tx-38-"patient"-noun-0,"*^patient"-tx-37-"patient"-noun-0,"*^patient"-tx-34-"patient"-noun-0,"*^patient"-tx-26-"patient's"-noun-0,"*^patient"-tx-13-"patient"-noun-0,"*^patient"-tx-11-"patient"-noun-0,"*^patient"-tx-9-"patient"-noun-0,"*^patient"-tx-7-"patient"-noun-0]|TX|4412/7;4065/7;3802/7;3180/7;2441/9;1551/7;1325/7;1058/7;758/7|M01.643
00000000|MMI|73.37|Togo|C0040363|[geoa]|["TO"-tx-49-"to"-adv-0,"TO"-tx-45-"to"-adv-0,"TO"-tx-7-"to"-adv-0,"TO"-tx-6-"to"-adv-0]|TX|4637/2;4434/2;787/2;682/2|Z01.058.290.190.800
00000000|MMI|73.37|Tryptophanase|C0041260|[aapp,enzy]|["TO"-tx-49-"to"-adv-0,"TO"-tx-45-"to"-adv-0,"TO"-tx-7-"to"-adv-0,"TO"-tx-6-"to"-adv-0]|TX|4637/2;4434/2;787/2;682/2|D08.811.520.224.800
00000000|MMI|64.08|Cocos (Keeling) Islands|C0009212|[geoa]|["CK"-tx-27-"CK"-noun-0,"CK"-tx-26-"CK"-noun-0]|TX|[2482/2],[2531/2],[2585/2],[2628/2],[2679/2];2459/2|Z01.639.520
00000000|MMI|57.72|Aspirin|C0004057|[orch,phsu]|["ASPIRIN"-tx-41-"aspirin"-noun-0,"ASPIRIN"-tx-17-"aspirin"-noun-0]|TX|4254/7;1828/7|D02.455.426.559.389.657.410.595.176
00000000|MMI|50.03|Electrocardiogram|C0013798|[fndg]|["Electrocardiogram"-tx-40-"Electrocardiogram"-noun-0,"Electrocardiogram"-tx-33-"electrocardiogram"-noun-0,"Electrocardiogram"-tx-32-"Electrocardiogram"-noun-0]|TX|4154/17;3122/17;2878/17|E01.370.370.380.240;E01.370.405.240
00000000|MMI|50.03|Electrocardiography|C1623258|[diap]|["Electrocardiogram"-tx-40-"Electrocardiogram"-noun-0,"Electrocardiogram"-tx-33-"electrocardiogram"-noun-0,"Electrocardiogram"-tx-32-"Electrocardiogram"-noun-0]|TX|4154/17;3122/17;2878/17|E01.370.370.380.240;E01.370.405.240
00000000|MMI|49.39|Nitroglycerin|C0017887|[orch,phsu]|["nitroglycerine"-tx-16-"nitroglycerin"-noun-0,"nitroglycerine"-tx-11-"nitroglycerin"-noun-0,"nitroglycerine"-tx-10-"nitroglycerin"-noun-0]|TX|1788/13;1353/13;1227/13|D02.033.800.421.560;D02.640.636
00000000|MMI|49.00|Martinique|C0024853|[geoa]|["MB"-tx-27-"MB"-noun-0]|TX|[2503/2],[2550/2],[2645/2]|Z01.107.084.900.600;Z01.639.880.600
00000000|MMI|48.97|Sublingual Route of Drug Administration|C0001565|[ftcn]|["SUBLINGUAL"-tx-16-"sublingual"-adj-0,"SUBLINGUAL"-tx-11-"sublingual"-adj-0,"SUBLINGUAL"-tx-10-"sublingual"-adj-0]|TX|1777/10;1342/10;1216/10|E02.319.267.100.878
00000000|MMI|43.42|Abortion consent:Finding:Point in time:^Patient:Document|C2360836|[clna]|["Patient"-tx-45-"patient"-noun-0,"Patient"-tx-38-"patient"-noun-0,"Patient"-tx-37-"patient"-noun-0,"Patient"-tx-34-"patient"-noun-0,"Patient"-tx-26-"patient's"-noun-0,"Patient"-tx-13-"patient"-noun-0,"Patient"-tx-11-"patient"-noun-0,"Patient"-tx-9-"patient"-noun-0,"Patient"-tx-7-"patient"-noun-0]|TX|4412/7;4065/7;3802/7;3180/7;2441/9;1551/7;1325/7;1058/7;758/7|
00000000|MMI|43.42|Hysterectomy consent:Finding:Point in time:^Patient:Document|C2360838|[clna]|["Patient"-tx-45-"patient"-noun-0,"Patient"-tx-38-"patient"-noun-0,"Patient"-tx-37-"patient"-noun-0,"Patient"-tx-34-"patient"-noun-0,"Patient"-tx-26-"patient's"-noun-0,"Patient"-tx-13-"patient"-noun-0,"Patient"-tx-11-"patient"-noun-0,"Patient"-tx-9-"patient"-noun-0,"Patient"-tx-7-"patient"-noun-0]|TX|4412/7;4065/7;3802/7;3180/7;2441/9;1551/7;1325/7;1058/7;758/7|
00000000|MMI|43.42|Sterilization consent:Finding:Point in time:^Patient:Document|C2360840|[clna]|["Patient"-tx-45-"patient"-noun-0,"Patient"-tx-38-"patient"-noun-0,"Patient"-tx-37-"patient"-noun-0,"Patient"-tx-34-"patient"-noun-0,"Patient"-tx-26-"patient's"-noun-0,"Patient"-tx-13-"patient"-noun-0,"Patient"-tx-11-"patient"-noun-0,"Patient"-tx-9-"patient"-noun-0,"Patient"-tx-7-"patient"-noun-0]|TX|4412/7;4065/7;3802/7;3180/7;2441/9;1551/7;1325/7;1058/7;758/7|
00000000|MMI|33.49|Revealed|C0443289|[qlco]|["Revealed"-tx-40-"revealed"-verb-0,"Revealed"-tx-36-"revealed"-verb-0,"Revealed"-tx-32-"revealed"-verb-0,"Revealed"-tx-23-"revealed"-verb-0,"Revealed"-tx-20-"Revealed"-verb-0]|TX|4172/8;[3516/8],[3743/8];2896/8;2229/8;1938/8|
00000000|MMI|33.08|Blood Pressure|C0005823|[orgf]|["BLOOD PRESSURE"-tx-35-"blood pressure"-noun-0,"BLOOD PRESSURE"-tx-20-"blood pressure"-noun-0]|TX|3315/14;1975/14|E01.370.600.875.249;G09.330.380.076
00000000|MMI|33.08|Systemic arterial pressure|C1272641|[fndg]|["Blood pressure"-tx-35-"blood pressure"-noun-0,"Blood pressure"-tx-20-"blood pressure"-noun-0]|TX|3315/14;1975/14|G09.330.380.076.347
00000000|MMI|32.91|Cardiac Catheterization Procedures|C0018795|[hlca]|["Cardiac catheterisation"-tx-36-"Cardiac catheterization"-noun-0,"Cardiac catheterisation"-tx-5-"cardiac catheterization"-noun-0]|TX|3492/23;419/23|E01.370.370.380.140;E02.148.442;E05.157.250
00000000|MMI|32.63|Hong Kong|C0019907|[geoa]|["HK"-tx-36-"HK"-noun-0,"HK"-tx-6-"HK"-noun-0]|TX|3787/2;717/2|Z01.252.474.164.450
00000000|MMI|32.62|Dominican Republic|C0013014|[geoa]|["DR"-tx-48-"Dr"-noun-0,"DR"-tx-47-"Dr"-noun-0]|TX|4581/2;4517/2|Z01.107.084.900.300;Z01.639.880.300
00000000|MMI|32.60|Pain|C0030193|[sosy]|["PAIN"-tx-11-"pain"-noun-0,"PAIN"-tx-10-"pain"-noun-0]|TX|1390/4;1294/4|C10.597.617;C23.888.592.612;F02.830.816.444;G11.561.600.810.444
00000000|MMI|32.33|Enalapril|C0014025|[aapp,phsu]|["ENALAPRIL"-tx-44-"enalapril"-noun-0,"ENALAPRIL"-tx-16-"enalapril"-noun-0]|TX|4382/9;1804/9|D12.644.456.345.360
00000000|MMI|28.79|Salvia|C0331292|[plnt]|["Salvia"-tx-48-"Salvia"-noun-0]|TX|4521/6|B01.650.940.800.575.100.583.520.922
00000000|MMI|28.71|Obesity|C0028754|[dsyn]|["OBESE"-tx-24-"obese"-adj-0]|TX|2299/5|C18.654.726.500;C23.888.144.699.500;E01.370.600.115.100.160.120.699.500;G07.100.100.160.120.699.500
00000000|MMI|27.70|Lesion|C0221198|[fndg]|["Lesion"-tx-37-"lesion"-noun-0,"Lesion"-tx-36-"lesion"-noun-0,"Lesion"-tx-5-"lesion"-noun-0]|TX|3940/6;[3568/6],[3714/6];[513/6],[546/6],[601/6],[655/6]|
00000000|MMI|27.70|Specimen Source Codes - Lesion|C1546698|[inpr]|["Lesion"-tx-37-"lesion"-noun-0,"Lesion"-tx-36-"lesion"-noun-0,"Lesion"-tx-5-"lesion"-noun-0]|TX|3940/6;[3568/6],[3714/6];[513/6],[546/6],[601/6],[655/6]|
00000000|MMI|26.73|Pain-Free|C0908489|[orch]|["Pain-Free"-tx-34-"pain free"-adj-0,"Pain-Free"-tx-12-"free pain"-noun-0]|TX|3232/9;1450/4,1458/4|x.x.x.x
00000000|MMI|26.27|Physicians|C0031831|[prog]|["DR"-tx-48-"Dr"-noun-0,"DR"-tx-47-"Dr"-noun-0]|TX|4581/2;4517/2|M01.526.485.810;N02.360.810
00000000|MMI|26.26|BaseLine dental cement|C0168634|[bodm]|["baseline"-tx-40-"baseline"-noun-0,"baseline"-tx-39-"baseline"-noun-0]|TX|4210/8;4144/8|x.x.x.x
00000000|MMI|22.61|Small Nuclear Ribonucleoprotein Polypeptide F|C1367790|[aapp,bacs]|["Sma"-tx-28-"SMA"-noun-0]|TX|2690/3|D12.776.157.725.500.875.700;D12.776.660.625.750;D12.776.664.962.500.875.700;D23.050.290.875;D23.050.422.750
00000000|MMI|22.57|Angina, Unstable|C0002965|[dsyn]|["Angina, Unstable"-tx-13-"unstable angina"-noun-0]|TX|1577/15|C10.597.617.192.500.150;C14.280.647.187.150;C14.907.585.187.150;C23.888.592.612.233.500.150
00000000|MMI|22.36|Percutaneous Transluminal Coronary Angioplasty|C2936173|[topp]|["PTCA"-tx-37-"PTCA"-noun-0]|TX|3883/4|E02.148.050.060.100;E04.100.376.719.100;E04.100.814.529.124.060.100;E04.100.814.529.968.050;E04.502.382.124.060.100;E04.502.382.968.050;E04.928.220.520.100;E05.157.016.060.100
00000000|MMI|21.36|To|C1883351|[qlco]|["To"-tx-49-"to"-adv-0,"To"-tx-45-"to"-adv-0,"To"-tx-7-"to"-adv-0,"To"-tx-6-"to"-adv-0]|TX|4637/2;4434/2;787/2;682/2|
00000000|MMI|20.95|Alaska|C0001905|[geoa]|["AK"-tx-36-"AK"-noun-0]|TX|3794/2|Z01.107.567.875.580.100
00000000|MMI|20.95|Troponin I|C0077401|[aapp,bacs]|["Troponin I"-tx-29-"Troponin I"-noun-0]|TX|2712/10|D05.750.078.730.825.925;D12.776.210.500.910.925;D12.776.220.525.825.925
00000000|MMI|19.45|Axis vertebra|C0004457|[bpoc]|["Axis"-tx-32-"axis"-noun-0]|TX|2933/4|A02.835.232.834.151.383
00000000|MMI|19.38|Accident and Emergency department|C0562508|[hcro]|["Emergency Department"-tx-12-"emergency department"-noun-0]|TX|1429/20|N02.278.216.500.968.336;N02.421.297.195;N04.452.442.422.336
00000000|MMI|19.32|milligram/day|C0439422|[qnco]|["mg/d"-tx-44-"mg d"-noun-0,"mg/d"-tx-43-"mg d"-noun-0,"mg/d"-tx-41-"mg d"-noun-0,"mg/d"-tx-17-"mg d"-noun-0,"mg/d"-tx-16-"mg d"-noun-0]|TX|4395/2,4405/1;4324/2,4336/1;4266/2,4276/1;1840/2,1845/1;1816/2,1823/1|
00000000|MMI|19.23|Protons|C0033727|[elii]|["H+"-tx-15-"h"-adv-0]|TX|1770/1|D01.248.497.300.459.700;D01.268.406.750;D01.362.340.750;G01.249.765
00000000|MMI|19.19|Patient Discharge|C0030685|[hlca]|["Discharge"-tx-8-"discharge"-noun-0]|TX|919/9|E02.204.125;E02.760.400.610;N02.421.192.125;N02.421.585.400.610;N04.590.233.727.210.125
00000000|MMI|17.80|Fat-Restricted Diet|C0242970|[topp]|["low fat"-tx-45-"low fat"-noun-0]|TX|4446/7|E02.642.249.260;G07.203.650.240.260
00000000|MMI|17.80|heart rate|C0018810|[clna]|["Heart Rate"-tx-35-"heart rate"-noun-0]|TX|3300/10|E01.370.600.875.500;G09.330.380.500
00000000|MMI|16.37|Respiratory rate|C0231832|[clna]|["Respiratory Rate"-tx-20-"respiratory rate"-noun-0]|TX|1999/16|E01.370.600.875.875;G09.772.770.755.730
00000000|MMI|16.30|insulin-like growth factor 2|C0021666|[aapp,bacs]|["SM-A"-tx-28-"SMA"-noun-0]|TX|2690/3|D12.644.276.937.420;D12.776.124.862.425;D12.776.467.937.420;D23.529.937.420
00000000|MMI|16.25|Hematocrit procedure|C0018935|[lbpr]|["Hematocrit"-tx-30-"hematocrit"-noun-0]|TX|2771/10|E01.370.225.625.400;E05.200.625.400;G09.188.370.374
00000000|MMI|16.22|Coronary Care Units|C0010066|[hcro,mnob]|["Cardiac care unit"-tx-38-"Cardiac Care Unit"-noun-0]|TX|4014/17|N02.278.388.493.211
00000000|MMI|16.21|Ticlid|C0733418|[orch,phsu]|["Ticlid"-tx-43-"Ticlid"-noun-0]|TX|4313/6|D02.886.778.823.500;D03.383.725.849.500;D03.383.903.830.500;D03.438.928.500
00000000|MMI|16.21|Exercise stress test|C0015260|[diap]|["Exercise tolerance test NOS"-tx-8-"exercise tolerance test"-noun-0]|TX|886/23|E01.370.370.380.250;E01.370.386.700.250;E05.333.250
00000000|MMI|16.18|Pulse Rate|C0232117|[clna]|["PULSE"-tx-20-"pulse"-noun-0]|TX|1949/5|E01.370.600.875.500;G09.330.380.500
00000000|MMI|16.18|In Blood|C0005768|[bdsu]|["BLOOD"-tx-30-"blood"-noun-0]|TX|2751/5|x.x.x.x.x
00000000|MMI|16.12|Coronary Arteriosclerosis|C0010054|[dsyn]|["coronary artery disease"-tx-14-"coronary artery disease"-noun-0]|TX|1646/23|C14.280.647.250.260;C14.907.137.126.339;C14.907.585.250.260
00000000|MMI|16.12|Coronary Artery Disease|C1956346|[dsyn]|["CORONARY ARTERY DISEASE"-tx-14-"coronary artery disease"-noun-0]|TX|1646/23|C14.280.647.250.260;C14.907.137.126.339;C14.907.585.250.260
00000000|MMI|16.07|Iodides|C0021966|[inch]|["I-"-tx-16-"i"-adv-0]|TX|1821/1|D01.248.497.158.490;D01.475.410
00000000|MMI|14.97|M NOS ANTIBODY|C0369637|[aapp,imft]|["M NOS"-tx-48-"m"-noun-0,"M NOS"-tx-11-"m"-noun-0,"M NOS"-tx-10-"m"-noun-0,"M NOS"-tx-9-"m"-noun-0]|TX|4549/1;1405/1;1287/1;1123/1|
00000000|MMI|14.97|M+ (tumor staging)|C0441923|[inpr]|["M+"-tx-48-"m"-noun-0,"M+"-tx-11-"m"-noun-0,"M+"-tx-10-"m"-noun-0,"M+"-tx-9-"m"-noun-0]|TX|4549/1;1405/1;1287/1;1123/1|
00000000|MMI|14.64|Abdominal Cavity|C0230168|[blor]|["Abdomen"-tx-24-"Abdomen"-noun-0]|TX|2287/7|A01.923.047.025
00000000|MMI|14.64|Chest|C0817096|[blor]|["CHEST"-tx-22-"Chest"-noun-0]|TX|2167/5|A01.923.761;A02.835.232.904
00000000|MMI|14.64|Cholecystectomy procedure|C0008320|[topp]|["CHOLECYSTECTOMY"-tx-14-"cholecystectomy"-noun-0]|TX|1699/15|E04.210.120.172
00000000|MMI|14.64|Evaluation|C0220825|[hlca]|["Evaluation"-tx-13-"evaluation"-noun-0]|TX|1597/10|E05.337;N05.715.360.335
00000000|MMI|14.64|Lead|C0023175|[elii,hops]|["???lead"-tx-8-"leads"-verb-0]|TX|1047/5|D01.268.556.435;D01.552.544.435;x.x.x.x
00000000|MMI|14.60|Admission activity|C0809949|[hlca]|["Admitted"-tx-34-"admitted"-verb-0,"Admission"-tx-29-"admission"-adj-0,"Admitted"-tx-13-"admitted"-verb-0,"Admission"-tx-9-"admission"-noun-0]|TX|3192/8;2734/9;1563/8;1144/9|
00000000|MMI|14.60|Hospital admission|C0184666|[hlca]|["admitted"-tx-34-"admitted"-verb-0,"Admission"-tx-29-"admission"-adj-0,"admitted"-tx-13-"admitted"-verb-0,"Admission"-tx-9-"admission"-noun-0]|TX|3192/8;2734/9;1563/8;1144/9|
00000000|MMI|14.59|Fraction of|C1264633|[qnco]|["Fraction of"-tx-27-"fraction of"-noun-0,"Fraction of"-tx-6-"fraction of"-noun-0]|TX|[2553/11],[2603/11],[2648/11];737/11|
00000000|MMI|14.34|80%|C3842583|[fndg]|["80%"-tx-20-"80"-fraction-0,"80%"-tx-5-"80"-percentage-0]|TX|1994/2;[473/2],[526/2],[617/2]|
00000000|MMI|13.57|Time|C0040223|[tmco]|["TIME"-tx-34-"time"-noun-0,"TIME"-tx-5-"time"-noun-0]|TX|3219/4;450/4|G01.910
00000000|MMI|13.14|Spinal Muscular Atrophy|C0026847|[dsyn]|["SMA"-tx-28-"SMA"-noun-0]|TX|2690/3|C10.228.854.468;C10.574.562.500;C10.668.467.500
00000000|MMI|13.06|Mongolia|C0026410|[geoa]|["MG"-tx-16-"mg"-noun-0]|TX|1816/2|Z01.252.474.651
00000000|MMI|13.05|Nausea|C0027497|[sosy]|["NAUSEA"-tx-10-"nausea"-noun-0]|TX|1313/6|C23.888.821.712
00000000|MMI|13.05|Recurrence|C0034897|[phpr]|["recurred"-tx-10-"recurred"-verb-0]|TX|1299/8|C23.550.291.937
00000000|MMI|13.05|Sleep|C0037313|[orgf]|["Sleep"-tx-9-"sleep"-noun-0]|TX|1173/5|F02.830.855;G11.561.600.815
00000000|MMI|13.02|Caucasoid Race|C0007457|[popg]|["WHITE"-tx-30-"White"-noun-0]|TX|2745/5|M01.686.508.400
00000000|MMI|12.96|Coronary heart disease|C0010068|[dsyn]|["Coronary (artery) disease"-tx-14-"coronary artery disease"-noun-0]|TX|1646/23|C14.280.647.250;C14.907.585.250
00000000|MMI|12.96|Refugium|C4042836|[npop]|["Refugia"-tx-50-"REFUGIA"-noun-0]|TX|4666/7|G16.500.275.683;G16.500.819
00000000|MMI|12.93|Myocardial Infarction|C0027051|[dsyn]|["Infarction, Myocardial"-tx-1-"MYOCARDIAL INFARCTION"-noun-0]|TX|65/21|C14.280.647.500;C14.907.585.500
00000000|MMI|12.91|MB 5|C0602256|[orch]|["MB 5"-tx-27-"MB 5"-noun-0]|TX|2600/2,2618/1|x.x.x.x
00000000|MMI|12.90|Auscultation|C0004339|[diap]|["AUSCULTATION"-tx-22-"auscultation"-noun-0]|TX|2185/12|E01.370.600.060
00000000|MMI|12.90|Thrombus|C0087086|[patf]|["Thrombus"-tx-36-"thrombus"-noun-0]|TX|3605/8|C14.907.355.830
00000000|MMI|11.58|Electro-Cardiogram|C1547122|[spco]|["Electro-Cardiogram"-tx-40-"Electrocardiogram"-noun-0,"Electro-Cardiogram"-tx-33-"electrocardiogram"-noun-0,"Electro-Cardiogram"-tx-32-"Electrocardiogram"-noun-0]|TX|4154/17;3122/17;2878/17|
00000000|MMI|11.58|Electrocardiogram Domain|C1705651|[inpr]|["Electrocardiogram"-tx-40-"Electrocardiogram"-noun-0,"Electrocardiogram"-tx-33-"electrocardiogram"-noun-0,"Electrocardiogram"-tx-32-"Electrocardiogram"-noun-0]|TX|4154/17;3122/17;2878/17|
00000000|MMI|11.58|Management procedure|C1273870|[ocac]|["Managed"-tx-35-"managed"-verb-0,"Managed"-tx-7-"managed"-verb-0]|TX|3387/7;[793/7],[836/7]|
00000000|MMI|11.49|Abdomen|C0000726|[blor]|["ABDOMEN"-tx-24-"Abdomen"-noun-0]|TX|2287/7|A01.923.047
00000000|MMI|11.49|Hypertensive disease|C0020538|[dsyn]|["HYPERTENSION"-tx-14-"hypertension"-noun-0]|TX|1672/12|C14.907.489
00000000|MMI|11.49|Physical Examination|C0031809|[hlca]|["PHYSICAL EXAMINATION"-tx-20-"PHYSICAL EXAMINATION"-noun-0]|TX|1916/20|E01.370.600
00000000|MMI|10.94|Glonoine, nitroglycerine, Homeopathic preparation|C0885378|[orch,phsu]|["nitroglycerine"-tx-16-"nitroglycerin"-noun-0,"nitroglycerine"-tx-11-"nitroglycerin"-noun-0,"nitroglycerine"-tx-10-"nitroglycerin"-noun-0]|TX|1788/13;1353/13;1227/13|
00000000|MMI|10.91|Presentation|C0449450|[idcn]|["Present"-tx-24-"present"-noun-0,"Present"-tx-23-"present"-adj-0,"Presented"-tx-12-"presented"-verb-0]|TX|2366/7;2278/7;1412/9|
00000000|MMI|10.90|Evidence|C3887511|[idcn]|["Evidence"-tx-36-"evidence"-noun-0,"Evidence"-tx-31-"evidence"-noun-0,"Evidence"-tx-21-"evidence"-noun-0]|TX|3593/8;2868/8;2090/8|
00000000|MMI|10.90|Quantity Final Containers Returned|C3714905|[qnco]|["Returned"-tx-40-"returned"-verb-0,"Returned"-tx-39-"returned"-verb-0,"Returned"-tx-37-"returned"-verb-0]|TX|4198/8;4132/8;3810/8|
00000000|MMI|10.90|Return to (contextual qualifier) (qualifier value)|C0332156|[qlco]|["Returned"-tx-40-"returned"-verb-0,"Returned"-tx-39-"returned"-verb-0,"Returned"-tx-37-"returned"-verb-0]|TX|4198/8;4132/8;3810/8|
00000000|MMI|10.68|per year|C0439508|[tmco]|["/Year"-tx-9-"year"-noun-0,"/Year"-tx-7-"year"-noun-0,"/Year"-tx-4-"year"-noun-0]|TX|1088/4;862/4;280/4|
00000000|MMI|10.68|year|C0439234|[tmco]|["YEAR"-tx-9-"year"-noun-0,"YEAR"-tx-7-"year"-noun-0,"YEAR"-tx-4-"year"-noun-0]|TX|1088/4;862/4;280/4|
00000000|MMI|10.66|97|C0439073|[inpr]|["97"-tx-54-"97"-integer-0,"97"-tx-48-"97"-integer-0]|TX|[4790/2],[4801/2];4536/2|
00000000|MMI|10.66|>97|C0439082|[qnco]|[">97"-tx-54-"97"-integer-0,">97"-tx-48-"97"-integer-0]|TX|[4790/2],[4801/2];4536/2|
00000000|MMI|10.52|Sublingual location|C0558302|[blor]|["Sublingual"-tx-16-"sublingual"-adj-0,"Sublingual"-tx-11-"sublingual"-adj-0,"Sublingual"-tx-10-"sublingual"-adj-0]|TX|1777/10;1342/10;1216/10|
00000000|MMI|10.42|1+|C3816745|[fndg]|["1+"-tx-32-"1"-integer-0,"1+"-tx-1-"1"-integer-0]|TX|3053/1;199/1|
00000000|MMI|10.42|1+ Score|C2827734|[qnco]|["1+"-tx-32-"1"-integer-0,"1+"-tx-1-"1"-integer-0]|TX|3053/1;199/1|
00000000|MMI|10.42|1+ Score, WHO|C2981698|[clas]|["1+"-tx-32-"1"-integer-0,"1+"-tx-1-"1"-integer-0]|TX|3053/1;199/1|
00000000|MMI|10.42|Changed status|C0443172|[qnco]|["changes"-tx-33-"changes"-noun-0,"changes"-tx-12-"changes"-verb-0]|TX|3082/7;1504/7|
00000000|MMI|10.42|Changing|C0392747|[ftcn]|["changes"-tx-33-"changes"-noun-0,"changes"-tx-12-"changes"-verb-0]|TX|3082/7;1504/7|
00000000|MMI|10.42|Doctor of Medicine|C1512018|[inpr]|["M.D."-tx-52-"M.D"-noun-0,"M.D."-tx-50-"M.D"-noun-0]|TX|4729/3;4687/3|
00000000|MMI|10.42|Include (action)|C2700399|[acty]|["Include"-tx-41-"Include"-verb-0,"Include"-tx-15-"Include"-verb-0]|TX|4246/7;1742/7|
00000000|MMI|10.42|Including (qualifier)|C0332257|[ftcn]|["include"-tx-41-"Include"-verb-0,"include"-tx-15-"Include"-verb-0]|TX|4246/7;1742/7|
00000000|MMI|10.42|On admission|C0457453|[tmco]|["On admission"-tx-26-"On admission"-adj-0,"On admission"-tx-15-"ON ADMISSION"-adj-0]|TX|2424/12;1728/12|
00000000|MMI|10.42|include - SetOperator|C1552866|[idcn]|["include"-tx-41-"Include"-verb-0,"include"-tx-15-"Include"-verb-0]|TX|4246/7;1742/7|
00000000|MMI|10.06|Drug Allergy|C0013182|[dsyn]|["Drug Allergies"-tx-19-"drug allergies"-noun-1]|TX|1900/14|C20.543.206;C25.100.468
00000000|MMI|9.90|Edema|C0013604|[fndg]|["OEDEMA"-tx-25-"edema"-noun-1]|TX|2400/5|C23.888.277
00000000|MMI|9.87|Blood|C0005767|[tisu]|["Blood"-tx-30-"blood"-noun-0]|TX|2751/5|A12.207.152;A15.145
00000000|MMI|9.85|Stent, device|C0038257|[medd]|["stenting"-tx-37-"stenting"-noun-0]|TX|3892/8|E07.695.750
00000000|MMI|9.75|Ischemia|C0022116|[patf]|["Ischaemia, NOS"-tx-12-"ischemia"-noun-1]|TX|1537/8|C23.550.513
00000000|MMI|9.73|Disease|C0012634|[dsyn]|["Disease"-tx-36-"disease"-noun-0]|TX|3665/7|C23.550.288
00000000|MMI|9.73|Hospitals|C0019994|[hcro,mnob]|["HOSPITAL"-tx-38-"hospital"-noun-0]|TX|4047/8|N02.278.421
00000000|MMI|8.34|Hypersensitivity|C0020517|[patf]|["Allergies"-tx-19-"ALLERGIES"-noun-0]|TX|1872/9|C20.543
00000000|MMI|8.34|Limb structure|C0015385|[bpoc]|["Extremities"-tx-25-"Extremities"-noun-0]|TX|2375/11|A01.378
00000000|MMI|8.00|Show|C1547282|[anim]|["Show"-tx-12-"showed"-verb-0,"Show"-tx-5-"showed"-verb-0]|TX|1497/6;463/6|
00000000|MMI|8.00|Take|C1515187|[hlca]|["Take"-tx-11-"took"-verb-0,"Take"-tx-10-"took"-verb-0]|TX|1333/4;1211/4|
00000000|MMI|7.70|Blood pressure finding|C1271104|[fndg]|["Blood Pressure"-tx-35-"blood pressure"-noun-0,"Blood Pressure"-tx-20-"blood pressure"-noun-0]|TX|3315/14;1975/14|
00000000|MMI|7.56|Clinical Study Follow-up|C3274571|[hlca]|["FOLLOW-UP"-tx-48-"follow-up"-adj-0,"FOLLOW-UP"-tx-47-"FOLLOW-UP"-adj-0]|TX|4566/9;4501/9|
00000000|MMI|7.56|Follow-Up Report|C1704685|[inpr]|["Follow-Up"-tx-48-"follow-up"-adj-0,"Follow-Up"-tx-47-"FOLLOW-UP"-adj-0]|TX|4566/9;4501/9|
00000000|MMI|7.56|Follow-up status|C0589120|[fndg]|["Follow-up"-tx-48-"follow-up"-adj-0,"Follow-up"-tx-47-"FOLLOW-UP"-adj-0]|TX|4566/9;4501/9|
00000000|MMI|7.56|follow-up|C1522577|[hlca]|["Follow Up"-tx-48-"follow-up"-adj-0,"Follow Up"-tx-47-"FOLLOW-UP"-adj-0]|TX|4566/9;4501/9|
00000000|MMI|7.53|3+ Answer to Question|C3838680|[fndg]|["3+"-tx-48-"3"-integer-0,"3+"-tx-10-"3"-integer-0]|TX|4542/1;1280/1|
00000000|MMI|7.53|3+ Score|C2827736|[qnco]|["3+"-tx-48-"3"-integer-0,"3+"-tx-10-"3"-integer-0]|TX|4542/1;1280/1|
00000000|MMI|7.53|3+ Score, WHO|C2981702|[clas]|["3+"-tx-48-"3"-integer-0,"3+"-tx-10-"3"-integer-0]|TX|4542/1;1280/1|
00000000|MMI|7.53|<3 (qualifier value)|C0439086|[qnco]|["<3"-tx-48-"3"-integer-0,"<3"-tx-10-"3"-integer-0]|TX|4542/1;1280/1|
00000000|MMI|7.49|Normal|C0205307|[qlco]|["Unremarkable"-tx-31-"unremarkable"-adj-0,"NORMAL"-tx-28-"normal"-adj-0]|TX|2804/12;2704/6|
00000000|MMI|7.36|Simvastatin 10 MG|C0989914|[clnd]|["Simvastatin 10 MG"-tx-42-"simvastatin 10 mg"-noun-0,"Simvastatin 10 MG"-tx-15-"simvastatin 10 mg"-noun-0]|TX|4281/17;1750/17|
00000000|MMI|7.36|Regular|C0205272|[qlco]|["Regular"-tx-23-"regular"-adj-0,"Regular"-tx-20-"regular"-adj-0]|TX|2240/7;1963/7|
00000000|MMI|7.32|Cardiac Catheterization Laboratory|C1707294|[hcro]|["Cardiac Catheterization Laboratory"-tx-37-"cardiac catheterization laboratory"-noun-0,"Cardiac Catheterization Laboratory"-tx-35-"cardiac catheterization laboratory"-noun-0]|TX|3826/34;3456/34|
00000000|MMI|7.29|4+ Answer to question|C3838679|[fndg]|["4+"-tx-11-"4"-integer-0,"4+"-tx-1-"4"-fraction-0]|TX|1398/1;120/1|
00000000|MMI|7.28|/hour|C0564385|[qnco]|["/h"-tx-15-"h"-adv-0,"/hour"-tx-10-"hour"-noun-0]|TX|1770/1;1268/4|
00000000|MMI|7.27|day|C0439228|[tmco]|["DAYS"-tx-43-"days"-noun-0,"DAY"-tx-37-"day"-noun-0]|TX|4346/4;3875/3|
00000000|MMI|7.25|Hong Kong Zebrafish|C2987742|[fish]|["HK"-tx-36-"HK"-noun-0,"HK"-tx-6-"HK"-noun-0]|TX|3787/2;717/2|
00000000|MMI|7.25|KNG1 gene|C1537501|[gngm]|["HK"-tx-36-"HK"-noun-0,"HK"-tx-6-"HK"-noun-0]|TX|3787/2;717/2|
00000000|MMI|7.25|KNG1 wt Allele|C1705889|[gngm]|["HK"-tx-36-"HK"-noun-0,"HK"-tx-6-"HK"-noun-0]|TX|3787/2;717/2|
00000000|MMI|7.23|Delayed Release Dosage Form|C1707664|[bodm]|["DR"-tx-48-"Dr"-noun-0,"DR"-tx-47-"Dr"-noun-0]|TX|4581/2;4517/2|
00000000|MMI|7.23|Device to Subject Relationship Domain|C3540849|[inpr]|["DR"-tx-48-"Dr"-noun-0,"DR"-tx-47-"Dr"-noun-0]|TX|4581/2;4517/2|
00000000|MMI|7.23|Doctor - Title|C2348314|[cnce]|["Dr."-tx-48-"Dr"-noun-0,"Dr."-tx-47-"Dr"-noun-0]|TX|4581/2;4517/2|
00000000|MMI|7.23|Present|C0150312|[qnco]|["Present"-tx-24-"present"-noun-0,"Present"-tx-23-"present"-adj-0]|TX|2366/7;2278/7|
00000000|MMI|7.23|Time (foundation metadata concept)|C3541383|[tmco]|["Time"-tx-34-"time"-noun-0,"Time"-tx-5-"time"-noun-0]|TX|3219/4;450/4|
00000000|MMI|7.22|Baseline|C1442488|[qnco]|["Baseline"-tx-40-"baseline"-noun-0,"Baseline"-tx-39-"baseline"-noun-0]|TX|4210/8;4144/8|
00000000|MMI|7.22|Pain NOS Adverse Event|C1962977|[fndg]|["Pain NOS"-tx-11-"pain"-noun-0,"Pain NOS"-tx-10-"pain"-noun-0]|TX|1390/4;1294/4|
00000000|MMI|7.22|Resolution|C2699488|[cnce]|["Resolved"-tx-34-"resolved"-verb-0,"Resolution"-tx-11-"resolution"-noun-0]|TX|3286/8;1372/10|
00000000|MMI|7.22|physiologic resolution|C1514893|[patf]|["Resolved"-tx-34-"resolved"-verb-0,"Resolution"-tx-11-"resolution"-noun-0]|TX|3286/8;1372/10|
00000000|MMI|7.21|Inferior|C0542339|[spco]|["Sub-"-tx-8-"sub"-adj-0,"INFERIOR"-tx-6-"inferior"-adj-0]|TX|878/3;690/8|
00000000|MMI|7.21|ST segment depression (finding)|C0520887|[fndg]|["depression segment st"-tx-32-"ST segment depressions"-noun-0,"depression segment st"-tx-8-"ST segment depressions"-noun-0]|TX|3027/22;1013/22|
00000000|MMI|7.20|Followed by|C0332283|[tmco]|["Followed by"-tx-37-"followed by"-verb-0,"follow"-tx-7-"following"-adj-0]|TX|3947/11;852/9|
00000000|MMI|7.14|0%|C3842591|[fndg]|["0%"-tx-32-"0"-integer-0,"0%"-tx-29-"0"-real_number-0]|TX|2938/1;2727/1|
00000000|MMI|7.11|Three|C0205449|[qnco]|["Three"-tx-35-"three"-word_numeral-0,"Three"-tx-20-"three"-word_numeral-0]|TX|3424/5;2049/5|
00000000|MMI|7.08|January|C3829466|[qlco]|["January"-tx-33-"January"-noun-0,"January"-tx-4-"January"-noun-0]|TX|3145/7;395/7|
00000000|MMI|7.08|23|C0450348|[qnco]|["23"-tx-1-"23"-fraction-0]|TX|[42/2],[122/2]|
00000000|MMI|7.03|Anterior descending branch of left coronary artery|C0226032|[bpoc]|["Left anterior descending artery"-tx-37-"left anterior descending artery"-noun-0,"Left anterior descending artery"-tx-36-"left anterior descending artery"-noun-0]|TX|3908/31;3536/31|
00000000|MMI|6.99|Incision and drainage|C0152277|[topp]|["i d"-tx-18-"i.d"-adv-0,"i d"-tx-16-"i.d"-adv-0]|TX|1867/3;1821/3|
00000000|MMI|6.97|50%|C3842586|[fndg]|["50%"-tx-48-"50"-integer-0,"50%"-tx-5-"50"-percentage-0]|TX|4544/2;566/2|
00000000|MMI|6.97|<50|C3843766|[fndg]|["<50"-tx-48-"50"-integer-0,"<50"-tx-5-"50"-percentage-0]|TX|4544/2;566/2|
00000000|MMI|6.97|Signature|C1519316|[inpr]|["Signed"-tx-1-"Signed"-noun-0]|TX|[89/6],[145/6]|
00000000|MMI|6.97|signed - ParticipationSignature|C1561610|[inpr]|["signed"-tx-1-"Signed"-noun-0]|TX|[89/6],[145/6]|
00000000|MMI|6.95|Anterior|C0205094|[ftcn]|["ANTERIOR"-tx-36-"anterior"-adj-0,"ANTERIOR"-tx-12-"anterior"-adj-0]|TX|3752/8;1528/8|
00000000|MMI|6.94|1 mm|C3842090|[fndg]|["1 mm"-tx-32-"1 mm"-noun-0,"1 mm"-tx-8-"1 mm"-noun-0]|TX|2989/4;1008/4|
00000000|MMI|6.89|Circumflex|C1880089|[spco]|["Circumflex"-tx-36-"circumflex"-noun-0,"Circumflex"-tx-5-"circumflex"-noun-0]|TX|3634/10;535/10|
00000000|MMI|6.89|Left|C0205091|[spco]|["LEFT"-tx-36-"left"-adj-0,"LEFT"-tx-5-"left"-adj-0]|TX|3629/4;530/4|
00000000|MMI|6.89|Left sided|C0443246|[spco]|["Left"-tx-36-"left"-adj-0,"Left"-tx-5-"left"-adj-0]|TX|3629/4;530/4|
00000000|MMI|6.89|Table Cell Horizontal Align - left|C1552822|[ftcn]|["left"-tx-36-"left"-adj-0,"left"-tx-5-"left"-adj-0]|TX|3629/4;530/4|
00000000|MMI|6.69|Woman|C0043210|[popg]|["WOMAN"-tx-4-"woman"-noun-0]|TX|289/5|M01.975
00000000|MMI|5.18|*Activity (kind of quantity)|C1561536|[idcn]|["*Activity"-tx-46-"Activity"-noun-0]|TX|4478/8|
00000000|MMI|5.18|ADK gene|C1412243|[gngm]|["AK"-tx-36-"AK"-noun-0]|TX|3794/2|
00000000|MMI|5.18|Active|C0205177|[ftcn]|["Activity"-tx-46-"Activity"-noun-0]|TX|4478/8|
00000000|MMI|5.18|Activities|C0441655|[acty]|["ACTIVITY"-tx-46-"Activity"-noun-0]|TX|4478/8|
00000000|MMI|5.18|Activity (animal life circumstance)|C3668946|[fndg]|["Activity"-tx-46-"Activity"-noun-0]|TX|4478/8|
00000000|MMI|5.18|Acute Myocardial Infarction by ECG Finding|C3541950|[fndg]|["Acute Myocardial Infarction"-tx-2-"ACUTE MYOCARDIAL INFARCTION"-noun-0]|TX|202/27|
00000000|MMI|5.18|Acute myocardial infarction|C0155626|[dsyn]|["Acute Myocardial Infarction"-tx-2-"ACUTE MYOCARDIAL INFARCTION"-noun-0]|TX|202/27|
00000000|MMI|5.18|All extremities|C0278454|[bpoc]|["extremities"-tx-25-"Extremities"-noun-0]|TX|2375/11|
00000000|MMI|5.18|Anterior thoracic region|C1527391|[blor]|["Chest"-tx-22-"Chest"-noun-0]|TX|2167/5|
00000000|MMI|5.18|Arranged (transportation)|C1546854|[idcn]|["Arranged"-tx-49-"arranged"-verb-0]|TX|4643/8|
00000000|MMI|5.18|Bruit|C0006318|[fndg]|["bruits"-tx-21-"bruits"-noun-1]|TX|2159/6|
00000000|MMI|5.18|Cardiac Lead Procedure|C3275067|[topp]|["LEAD"-tx-8-"leads"-verb-0]|TX|1047/5|
00000000|MMI|5.18|Cardiac enzymes|C0443763|[aapp,enzy]|["Cardiac enzymes"-tx-39-"Cardiac enzymes"-noun-0]|TX|4116/15|
00000000|MMI|5.18|Cholesterol-lowering diet (finding)|C0311170|[topp]|["Low cholesterol diet"-tx-45-"low cholesterol diet"-noun-0]|TX|4456/20|
00000000|MMI|5.18|Curriculum Vitae|C1880201|[inpr]|["Resume"-tx-45-"resume"-verb-0]|TX|4437/6|
00000000|MMI|5.18|Decreased cholesterol diet (regime/therapy)|C3536712|[topp]|["Low-cholesterol diet"-tx-45-"low cholesterol diet"-noun-0]|TX|4456/20|
00000000|MMI|5.18|Delta (difference)|C1705241|[qnco]|["Change"-tx-12-"changes"-verb-0]|TX|1504/7|
00000000|MMI|5.18|Dietary Lead|C2348269|[elii]|["Lead"-tx-8-"leads"-verb-0]|TX|1047/5|
00000000|MMI|5.18|Entire abdomen|C1281594|[bpoc]|["Abdomen"-tx-24-"Abdomen"-noun-0]|TX|2287/7|
00000000|MMI|5.18|Evaluation procedure|C1261322|[hlca]|["Evaluation"-tx-13-"evaluation"-noun-0]|TX|1597/10|
00000000|MMI|5.18|Examination of heart|C0562319|[hlca]|["heart examination"-tx-23-"Heart examination"-noun-0]|TX|2211/17|
00000000|MMI|5.18|FDA Establishment Activity Terminology|C4049939|[inpr]|["ACTIVITY"-tx-46-"Activity"-noun-0]|TX|4478/8|
00000000|MMI|5.18|Gait normal|C0231683|[fndg]|["Normal"-tx-28-"normal"-adj-0]|TX|2704/6|
00000000|MMI|5.18|Half|C2825407|[qnco]|["Half"-tx-10-"half"-noun-0]|TX|1259/4|
00000000|MMI|5.18|History of present illness|C0262512|[orga]|["HISTORY OF PRESENT ILLNESS"-tx-3-"HISTORY OF PRESENT ILLNESS"-noun-0]|TX|231/26|
00000000|MMI|5.18|History of present illness:Finding:Point in time:^Patient:Nominal:Reported|C0488508|[clna]|["History of present illness"-tx-3-"HISTORY OF PRESENT ILLNESS"-noun-0]|TX|231/26|
00000000|MMI|5.18|Hospital course|C0489547|[fndg]|["Hospital course"-tx-34-"HOSPITAL COURSE"-noun-1]|TX|3159/15|
00000000|MMI|5.18|Hospital course:Finding:Point in time:^Patient:Narrative|C0488549|[clna]|["Hospital course"-tx-34-"HOSPITAL COURSE"-noun-0]|TX|3159/15|
00000000|MMI|5.18|Hour|C0439227|[tmco]|["HOUR"-tx-10-"hour"-noun-0]|TX|1268/4|
00000000|MMI|5.18|Hypertension Adverse Event|C1963138|[fndg]|["Hypertension"-tx-14-"hypertension"-noun-0]|TX|1672/12|
00000000|MMI|5.18|Laboratory Data Domain|C1705214|[idcn]|["Laboratory Data"-tx-26-"LABORATORY DATA"-noun-0]|TX|2407/15|
00000000|MMI|5.18|Late|C0205087|[tmco]|["Later"-tx-8-"later"-adv-0]|TX|943/5|
00000000|MMI|5.18|Leading|C1522538|[ftcn]|["Lead"-tx-8-"leads"-verb-0]|TX|1047/5|
00000000|MMI|5.18|Leads (device)|C0181586|[medd]|["leads"-tx-8-"leads"-verb-0]|TX|1047/5|
00000000|MMI|5.18|Left ventriculogram|C0412219|[diap]|["Left ventriculogram"-tx-36-"left ventriculogram"-noun-0]|TX|3723/19|
00000000|MMI|5.18|Mean Percent of Normal|C2347086|[qnco]|["% Normal"-tx-28-"normal"-adj-0]|TX|2704/6|
00000000|MMI|5.18|Medical History|C0262926|[fndg]|["Past Medical History"-tx-14-"PAST MEDICAL HISTORY"-noun-0]|TX|1609/20|
00000000|MMI|5.18|Medications:-:Point in time:^Patient:-|C2598133|[clna]|["Medications"-tx-15-"MEDICATIONS"-noun-0]|TX|1716/11|
00000000|MMI|5.18|Medications:Presence or Identity:Duration of the study:^Patient:Nominal|C0802604|[clna]|["Medications"-tx-15-"MEDICATIONS"-noun-0]|TX|1716/11|
00000000|MMI|5.18|Modified Rankin Scale Questionnaire|C3714939|[inpr]|["MRS"-tx-3-"Mrs"-noun-0]|TX|259/3|
00000000|MMI|5.18|Modified rankin scale:Score:Point in time:^Patient:Ordinal|C3854213|[clna]|["mRS"-tx-3-"Mrs"-noun-0]|TX|259/3|
00000000|MMI|5.18|Mrs - title|C2349188|[cnce]|["Mrs."-tx-3-"Mrs"-noun-0]|TX|259/3|
00000000|MMI|5.18|Negation|C1518422|[ftcn]|["Not"-tx-38-"not"-adv-0]|TX|4077/3|
00000000|MMI|5.18|New|C0205314|[qlco]|["NEW"-tx-33-"new"-adj-0]|TX|3095/3|
00000000|MMI|5.18|One month|C4082115|[tmco]|["One month"-tx-8-"one month"-noun-0]|TX|933/9|
00000000|MMI|5.18|PMH - past medical history|C0455458|[fndg]|["Past medical history"-tx-14-"PAST MEDICAL HISTORY"-noun-0]|TX|1609/20|
00000000|MMI|5.18|Percent Activity|C0439167|[qnco]|["% Activity"-tx-46-"Activity"-noun-0]|TX|4478/8|
00000000|MMI|5.18|Percent normal|C0439166|[qnco]|["% normal"-tx-28-"normal"-adj-0]|TX|2704/6|
00000000|MMI|5.18|Pharmaceutical Preparations|C0013227|[phsu]|["Medications"-tx-15-"MEDICATIONS"-noun-0]|TX|1716/11|D26
00000000|MMI|5.18|Physical Activity Measurement|C4049938|[lbpr]|["ACTIVITY"-tx-46-"Activity"-noun-0]|TX|4478/8|
00000000|MMI|5.18|Plain chest X-ray|C0039985|[diap]|["Chest X-ray"-tx-31-"Chest x-ray"-noun-0]|TX|2788/11|
00000000|MMI|5.18|Plumbum metallicum, homeopathic preparation|C1442948|[inch,phsu]|["lead"-tx-8-"leads"-verb-0]|TX|1047/5|
00000000|MMI|5.18|Resolved|C3714811|[fndg]|["Resolved"-tx-34-"resolved"-verb-0]|TX|3286/8|
00000000|MMI|5.18|Resolved License|C3897700|[ftcn]|["Resolved"-tx-34-"resolved"-verb-0]|TX|3286/8|
00000000|MMI|5.18|Resume - Remote control command|C1550028|[idcn]|["Resume"-tx-45-"resume"-verb-0]|TX|4437/6|
00000000|MMI|5.18|Retrosternal pain|C0151826|[sosy]|["Chest pain, substernal"-tx-9-"substernal chest pain"-noun-1]|TX|1184/21|
00000000|MMI|5.18|Rhythm|C0871269|[fndg]|["Rhythm"-tx-23-"rhythm"-noun-0]|TX|2257/6|
00000000|MMI|5.18|Rhythm Not Otherwise Specified ECG Assessment|C3828331|[inpr]|["Rhythm Not Otherwise Specified"-tx-23-"rhythm"-noun-0]|TX|2257/6|
00000000|MMI|5.18|S4 heart sound|C3853525|[fndg]|["S4"-tx-23-"S4"-noun-0]|TX|2271/2|
00000000|MMI|5.18|S4+|C2349970|[elii]|["S4+"-tx-23-"S4"-noun-0]|TX|2271/2|
00000000|MMI|5.18|Superior segmental vein|C0507239|[bpoc]|["V6"-tx-32-"V6"-noun-0]|TX|3072/2|
00000000|MMI|5.18|Vanadium 5+|C2349105|[elii]|["V5+"-tx-32-"V5"-noun-0]|TX|3067/2|
00000000|MMI|5.18|Views:Finding:Point in time:Chest:Narrative:XR|C1114557|[clna]|["Chest X-ray"-tx-31-"Chest x-ray"-noun-0]|TX|2788/11|
00000000|MMI|5.18|aVL - Lead site|C0449216|[spco]|["aVL"-tx-32-"AVL"-noun-0]|TX|3057/3|
00000000|MMI|5.18|desire|C0871633|[menp]|["desire"-tx-7-"desire"-noun-0]|TX|780/6|
00000000|MMI|5.18|inferiority|C0678975|[socb]|["inferior"-tx-6-"inferior"-adj-0]|TX|690/8|
00000000|MMI|5.18|magnetic resonance spectroscopic imaging|C1522706|[diap]|["MRS"-tx-3-"Mrs"-noun-0]|TX|259/3|
00000000|MMI|5.18|resume - DataOperation|C3242342|[ftcn]|["resume"-tx-45-"resume"-verb-0]|TX|4437/6|
00000000|MMI|5.18|rhythmic process (biological)|C1523018|[phsf]|["rhythm"-tx-23-"rhythm"-noun-0]|TX|2257/6|
00000000|MMI|3.98|Evaluation and management note:Finding:Point in time:{Setting}:Document:{Provider}|C1316572|[clna]|["Note"-tx-6-"noted"-verb-0]|TX|676/5|
00000000|MMI|3.98|Note (document)|C1317574|[inpr]|["Note"-tx-6-"noted"-verb-0]|TX|676/5|
00000000|MMI|3.98|ST segment|C0429029|[fndg]|["ST segment"-tx-40-"ST segments"-noun-0]|TX|4181/11|
00000000|MMI|3.93|Electrocardiogram abnormal|C0522055|[fndg]|["Electrocardiogram abnormal"-tx-34-"electrocardiogram abnormalities"-noun-0]|TX|3250/31|
00000000|MMI|3.78|Clinical trial protocol document|C1507394|[inpr]|["Full Protocol"-tx-8-"full protocol"-noun-0]|TX|955/4,966/8|
00000000|MMI|3.75|Breaths:Number = Count/Time:Point in time:Respiratory system:Quantitative|C0489258|[clna]|["Respiratory rate"-tx-20-"respiratory rate"-noun-0]|TX|1999/16|
00000000|MMI|3.75|Bruce protocol|C0442713|[topp]|["Bruce protocol"-tx-8-"BRUCE protocol"-noun-0]|TX|960/14|
00000000|MMI|3.75|Day hospital|C0587438|[hcro,mnob]|["hospital day"-tx-35-"hospital day"-noun-0]|TX|3411/12|
00000000|MMI|3.75|Discharge date|C2361123|[tmco]|["Discharge date"-tx-1-"Discharge Date"-noun-0]|TX|152/14|
00000000|MMI|3.75|Discharge date:Time Stamp -- Date and Time:Point in time:^Patient:Quantitative|C2361122|[clna]|["Discharge date"-tx-1-"Discharge Date"-noun-0]|TX|152/14|
00000000|MMI|3.75|FAM3A gene|C1422181|[gngm]|["2-19"-tx-54-"2/19"-fraction-0]|TX|4796/4|
00000000|MMI|3.71|controlled with medications|C0742801|[qlco]|["controlled with medications"-tx-35-"controlled with medications"-noun-0]|TX|3335/15,3363/11|
00000000|MMI|3.68|Normal sinus rhythm|C0232202|[fndg]|["NORMAL SINUS RHYTHM"-tx-32-"normal sinus rhythm"-noun-0]|TX|2905/19|
00000000|MMI|3.68|% index|C1637833|[qnco]|["% index"-tx-53-"Index"-noun-0]|TX|4762/5|
00000000|MMI|3.68|Atenolol 50 MG|C0983889|[clnd]|["Atenolol 50 MG"-tx-18-"Atenolol 50 mg"-noun-0]|TX|1850/14|
00000000|MMI|3.68|Attending (action)|C1999232|[ftcn]|["attending"-tx-51-"Attending"-noun-0]|TX|4697/9|
00000000|MMI|3.68|Attending (provider role)|C1547429|[prog]|["Attending"-tx-51-"Attending"-noun-0]|TX|4697/9|
00000000|MMI|3.68|Axis|C1522496|[spco]|["Axis"-tx-32-"axis"-noun-0]|TX|2933/4|
00000000|MMI|3.68|Cannula, nasal|C0179574|[medd]|["Cannula, nasal"-tx-20-"nasal cannula"-noun-0]|TX|2062/13|
00000000|MMI|3.68|Genus Axis|C0999597|[mamm]|["Axis"-tx-32-"axis"-noun-0]|TX|2933/4|
00000000|MMI|3.68|Html Link Type - index|C1552854|[idcn]|["index"-tx-53-"Index"-noun-0]|TX|4762/5|
00000000|MMI|3.68|Index|C0918012|[inpr]|["Index"-tx-53-"Index"-noun-0]|TX|4762/5|
00000000|MMI|3.68|Rate|C1521828|[qnco]|["Rate"-tx-23-"rate"-noun-0]|TX|2248/4|
00000000|MMI|3.68|Rating (action)|C0871208|[acty]|["Rate"-tx-23-"rate"-noun-0]|TX|2248/4|
00000000|MMI|3.68|Seven|C0205453|[qnco]|["Seven"-tx-28-"seven"-word_numeral-0]|TX|2694/5|
00000000|MMI|3.68|Medication.discharge|C0806915|[fndg]|["Discharge medications"-tx-41-"MEDICATIONS DISCHARGE"-noun-0]|TX|4220/11,4235/9|
00000000|MMI|3.65|Principal Diagnosis:-:Point in time:^Patient:-|C2598194|[clna]|["Principal Diagnosis"-tx-1-"PRINCIPAL DIAGNOSIS"-noun-0]|TX|178/19|
00000000|MMI|3.65|Principal diagnosis|C0332137|[qlco]|["Principal Diagnosis"-tx-1-"PRINCIPAL DIAGNOSIS"-noun-0]|TX|178/19|
00000000|MMI|3.65|Report status|C0586177|[fndg]|["Report status"-tx-1-"Report Status"-noun-0]|TX|130/13|
00000000|MMI|3.64|Atenolol 25 MG|C0983888|[clnd]|["Atenolol 25 MG"-tx-43-"Atenolol 25 mg"-noun-0]|TX|4353/14|
00000000|MMI|3.64|Consistent with|C0332290|[idcn]|["Consistent with"-tx-12-"consistent with"-adj-0]|TX|1512/15|
00000000|MMI|3.64|Molecular oxygen saturation|C0369768|[moft]|["Oxygen saturation"-tx-20-"oxygen saturation"-noun-0]|TX|2021/17|
00000000|MMI|3.64|Oxygen saturation test result|C0483415|[orga]|["Oxygen saturation"-tx-20-"oxygen saturation"-noun-0]|TX|2021/17|
00000000|MMI|3.64|ST segment elevation (finding)|C0520886|[fndg]|["ST Segment Elevation"-tx-32-"ST segment elevation"-noun-0]|TX|2949/20|
00000000|MMI|3.64|dictated - DocumentCompletion|C1609990|[idcn]|["Dictated"-tx-50-"Dictated"-verb-0]|TX|4653/8|
00000000|MMI|3.64|dictated - ParticipationMode|C1548384|[ftcn]|["dictated"-tx-50-"Dictated"-verb-0]|TX|4653/8|
00000000|MMI|3.63|Apical|C0205111|[spco]|["APICAL"-tx-36-"apical"-adj-0]|TX|3769/6|
00000000|MMI|3.63|Hematocrit level|C0518014|[fndg]|["Hematocrit"-tx-30-"hematocrit"-noun-0]|TX|2771/10|
00000000|MMI|3.63|Non-tender|C0520960|[qlco]|["Nontender"-tx-24-"nontender"-adj-0]|TX|2314/9|
00000000|MMI|3.63|carotid|C0741968|[bpoc]|["carotids"-tx-21-"carotids"-noun-0]|TX|2130/8|
00000000|MMI|3.62|Electrocardiogram Time|C2826759|[tmco]|["Electrocardiogram Time"-tx-12-"electrocardiogram time"-noun-0]|TX|1467/17,1492/4|
00000000|MMI|3.61|Admission date:Time Stamp -- Date and Time:Point in time:^Patient:Quantitative|C2598112|[clna]|["Admission date"-tx-1-"Admission Date"-noun-0]|TX|104/14|
00000000|MMI|3.61|Batch (Response Modality)|C1550176|[inpr]|["Batch"-tx-53-"Batch"-noun-0]|TX|4749/5|
00000000|MMI|3.61|Batch (group)|C1948031|[qnco]|["Batch"-tx-53-"Batch"-noun-0]|TX|4749/5|
00000000|MMI|3.61|Batch Number|C3641829|[inpr]|["BATCH"-tx-53-"Batch"-noun-0]|TX|4749/5|
00000000|MMI|3.61|Date of admission|C1302393|[tmco]|["Admission date"-tx-1-"Admission Date"-noun-0]|TX|104/14|
00000000|MMI|3.61|recurrent Chest Pains|C2169796|[sosy]|["recurrent Chest Pain"-tx-38-"recurrence chest pain"-noun-1]|TX|4086/10,4104/10|
00000000|MMI|3.60|Fraction of 1|C3642197|[qnco]|["Fraction of 1"-tx-27-"fraction of 1"-noun-0]|TX|2506/11,2521/1|
00000000|MMI|3.60|Magnesium Cation|C2346927|[elii,phsu]|["Mg++"-tx-16-"mg"-noun-0]|TX|1816/2|
00000000|MMI|3.60|Milligram percent|C1960952|[qnco]|["mg %"-tx-16-"mg"-noun-0]|TX|1816/2|
00000000|MMI|3.60|mg/dL|C0439269|[qnco]|["mg%"-tx-16-"mg"-noun-0]|TX|1816/2|
00000000|MMI|3.59|Pyrexia of unknown origin (excl puerperal)|C0856281|[sosy]|["puo"-tx-1-"PUO"-noun-0]|TX|12/3|
00000000|MMI|3.59|Beginning|C0439659|[tmco]|["Beginning"-tx-49-"beginning"-noun-0]|TX|4616/9|
00000000|MMI|3.59|Distal|C0205108|[spco]|["DISTAL"-tx-36-"distal"-adj-0]|TX|3575/6|
00000000|MMI|3.59|Edema:Finding:Point in time:^Patient:Ordinal|C1717255|[clna]|["Edema"-tx-25-"edema"-noun-0]|TX|2400/5|
00000000|MMI|3.59|Exercise stress ECG test|C1304755|[diap]|["Exercise tolerance test"-tx-8-"exercise tolerance test"-noun-0]|TX|886/23|
00000000|MMI|3.59|Nausea Adverse Event|C1963179|[patf]|["Nausea"-tx-10-"nausea"-noun-0]|TX|1313/6|
00000000|MMI|3.58|Before exercise|C0585043|[tmco]|["Prior to exercise"-tx-8-"exercise prior to"-noun-0]|TX|886/8,910/8|
00000000|MMI|3.58|Postmyocardial infarction syndrome|C0152107|[dsyn]|["Post Myocardial Infarction"-tx-4-"post myocardial infarction"-noun-0]|TX|346/4,370/21|
00000000|MMI|3.58|Admission time|C3854259|[tmco]|["Admission time"-tx-38-"time admission"-noun-0]|TX|3985/4,3997/9|
00000000|MMI|3.58|Admission time:ClockTime:Pt:^Patient:Qn|C3854258|[clna]|["Admission time"-tx-38-"time admission"-noun-0]|TX|3985/4,3997/9|
00000000|MMI|3.58|Phase II/III Trial|C1519042|[resa]|["2-3"-tx-32-"2 3"-integer-0]|TX|2942/1,2947/1|
00000000|MMI|3.58|Less Than|C0439092|[qnco]|["Less Than"-tx-32-"less than"-adv-0]|TX|3012/9|
00000000|MMI|3.57|PFDN5 gene|C1418486|[gngm]|["MM-1"-tx-32-"1 mm"-noun-0]|TX|3022/4|
00000000|MMI|3.57|Apical segmental vein|C0507238|[bpoc]|["V1"-tx-32-"V1"-noun-0]|TX|2973/2|
00000000|MMI|3.57|Clear|C2963144|[qlco]|["Clear"-tx-22-"clear"-adj-0]|TX|2176/5|
00000000|MMI|3.57|Infusion procedures|C0574032|[topp]|["Infusion"-tx-37-"infusion"-noun-0]|TX|3966/8|
00000000|MMI|3.57|Infusion route|C1827465|[ftcn]|["Infusion"-tx-37-"infusion"-noun-0]|TX|3966/8|
00000000|MMI|3.57|Intravenous|C0348016|[spco]|["Intravenous"-tx-35-"intravenous"-adj-0]|TX|3351/11|
00000000|MMI|3.57|Minute (diminutive)|C1282918|[qnco]|["minutes"-tx-8-"minutes"-noun-0]|TX|985/7|
00000000|MMI|3.57|Minute Unit of Plane Angle|C2347166|[qnco]|["Minute"-tx-8-"minutes"-noun-0]|TX|985/7|
00000000|MMI|3.57|Minute of time|C0439232|[tmco]|["minutes"-tx-8-"minutes"-noun-0]|TX|985/7|
00000000|MMI|3.57|Negative Surgical Margin|C1709157|[fndg]|["Clear"-tx-22-"clear"-adj-0]|TX|2176/5|
00000000|MMI|3.57|Per Minute|C0702093|[tmco]|["/minute"-tx-8-"minutes"-noun-0]|TX|985/7|
00000000|MMI|3.57|Physiologic pulse|C0391850|[phsf]|["Pulse"-tx-20-"pulse"-noun-0]|TX|1949/5|
00000000|MMI|3.57|Pulse phenomenon|C1947910|[phpr]|["Pulse"-tx-20-"pulse"-noun-0]|TX|1949/5|
00000000|MMI|3.57|ReoPro|C0592046|[aapp,phsu]|["ReoPro"-tx-37-"ReoPro"-noun-0]|TX|3959/6|
00000000|MMI|3.57|Small|C0700321|[qnco]|["minutes"-tx-8-"minutes"-noun-0]|TX|985/7|
00000000|MMI|3.57|Symptoms|C1457887|[sosy]|["SYMPTOMS"-tx-9-"symptoms"-noun-1]|TX|1101/8|
00000000|MMI|3.57|Symptoms aspect|C0683368|[ftcn]|["symptoms"-tx-9-"symptoms"-noun-0]|TX|1101/8|
00000000|MMI|3.57|V1 stage|C0457422|[fndg]|["V1"-tx-32-"V1"-noun-0]|TX|2973/2|
00000000|MMI|3.56|Diffuse Lesion|C1707743|[fndg]|["Diffuse Lesion"-tx-36-"lesion diffuse"-noun-0]|TX|3645/6,3657/7|
00000000|MMI|3.56|Tolerance test|C0201777|[lbpr]|["Tolerance test"-tx-8-"tolerance test"-noun-0]|TX|895/14|
00000000|MMI|3.56|Act Relationship Subset - previous|C1552607|[tmco]|["previous"-tx-33-"previous"-adj-0]|TX|3113/8|
00000000|MMI|3.56|Caucasians|C0043157|[popg]|["WHITE"-tx-30-"White"-noun-0]|TX|2745/5|
00000000|MMI|3.56|Comparison|C1707455|[acty]|["Compared"-tx-33-"compared"-verb-0]|TX|3099/8|
00000000|MMI|3.56|Count|C0750480|[qnco]|["Count"-tx-30-"count"-noun-0]|TX|2757/5|
00000000|MMI|3.56|Count Dosing Unit|C1705566|[qnco]|["COUNT"-tx-30-"count"-noun-0]|TX|2757/5|
00000000|MMI|3.56|Daily|C0332173|[tmco]|["/day"-tx-37-"day"-noun-0]|TX|3875/3|
00000000|MMI|3.56|Elevation|C0702240|[spco]|["Elevation"-tx-32-"elevation"-noun-0]|TX|2994/9|
00000000|MMI|3.56|Elevation procedure|C0439775|[topp]|["Elevation"-tx-32-"elevation"-noun-0]|TX|2994/9|
00000000|MMI|3.56|Good|C0205170|[qlco]|["Well"-tx-9-"well"-adv-0]|TX|1070/4|
00000000|MMI|3.56|Morning|C0332170|[tmco]|["Morning"-tx-9-"morning"-noun-0]|TX|1133/7|
00000000|MMI|3.56|Past|C1444637|[tmco]|["Past"-tx-9-"past"-adj-0]|TX|1083/4|
00000000|MMI|3.56|Previous|C0205156|[tmco]|["Previous"-tx-33-"previous"-adj-0]|TX|3113/8|
00000000|MMI|3.56|Well|C3146287|[mnob]|["Well"-tx-9-"well"-adv-0]|TX|1070/4|
00000000|MMI|3.56|White color|C0220938|[qlco]|["WHITE"-tx-30-"White"-noun-0]|TX|2745/5|
00000000|MMI|3.56|per day|C0439505|[tmco]|["/day"-tx-37-"day"-noun-0]|TX|3875/3|
00000000|MMI|3.56|peripheral blood|C0229664|[bdsu]|["BLOOD"-tx-30-"blood"-noun-0]|TX|2751/5|
00000000|MMI|3.55|Congestive heart failure|C0018802|[dsyn]|["CONGESTIVE HEART FAILURE"-tx-31-"congestive heart failure"-noun-1]|TX|2843/24|
00000000|MMI|3.55|On waking-temporal period|C0585034|[tmco]|["WAKE"-tx-9-"woke"-verb-0]|TX|1163/4|
00000000|MMI|3.55|Waking|C0442696|[phsf]|["wake"-tx-9-"woke"-verb-1]|TX|1163/4|
00000000|MMI|3.55|Taken|C1883727|[cnce]|["Taken"-tx-35-"taken"-verb-0]|TX|3443/5|
00000000|MMI|3.55|Mid-Left Anterior Descending Artery|C3640698|[bpoc]|["Mid left anterior descending artery"-tx-5-"mid left anterior descending artery"-noun-0]|TX|477/35|
00000000|MMI|3.54|Stenting|C2348535|[topp]|["Stenting"-tx-37-"stenting"-noun-0]|TX|3892/8|
00000000|MMI|3.53|Proximal right coronary artery|C4071850|[bpoc]|["Proximal right coronary artery"-tx-5-"proximal right coronary artery"-noun-0]|TX|570/30|
00000000|MMI|3.53|Follow|C1719822|[inpr]|["Follow"-tx-7-"following"-adj-0]|TX|852/9|
00000000|MMI|3.52|Right coronary artery structure|C1261316|[bpoc]|["Right Coronary Artery"-tx-36-"right coronary artery"-noun-0]|TX|3692/21|
00000000|MMI|3.50|Precision - second|C1561503|[idcn]|["second"-tx-27-"second"-adj-0]|TX|2475/6|
00000000|MMI|3.50|Second Suffix|C1705190|[qlco]|["Second"-tx-27-"second"-adj-0]|TX|2475/6|
00000000|MMI|3.50|Septal|C0442004|[spco]|["Septal"-tx-36-"septal"-adj-0]|TX|3780/6|
00000000|MMI|3.50|Third|C0205437|[qnco]|["Third"-tx-27-"third"-adv-0]|TX|2525/5|
00000000|MMI|3.50|per second|C0565930|[qnco]|["/second"-tx-27-"second"-adj-0]|TX|2475/6|
00000000|MMI|3.50|second (number)|C0205436|[qnco]|["Second"-tx-27-"second"-adj-0]|TX|2475/6|
00000000|MMI|3.50|seconds|C0457385|[tmco]|["SECOND"-tx-27-"second"-adj-0]|TX|2475/6|
00000000|MMI|3.50|Dorsal vein|C1185737|[bpoc]|["Posterior branch"-tx-5-"posterior branch"-noun-0]|TX|621/9,648/6|
00000000|MMI|3.49|Jugular vein distension|C1167958|[fndg]|["Distention of jugular vein"-tx-21-"of jugular venous distention"-noun-1]|TX|2099/28|
00000000|MMI|3.48|QS -Quantity Sufficient (potency unit)|C1699029|[qnco]|["q.s."-tx-15-"q."-adv-0]|TX|1768/1,1769/1|
00000000|MMI|3.48|Normal bowel sounds|C0278005|[sosy]|["Normal bowel sounds"-tx-24-"normal bowel sounds"-noun-0]|TX|2346/19|
00000000|MMI|3.48|BIRC6 gene|C1332417|[gngm]|["BRUCE"-tx-8-"BRUCE"-noun-0]|TX|960/5|
00000000|MMI|3.48|Firstly|C1279901|[qlco]|["Initial"-tx-26-"initial"-adj-0]|TX|2451/7|
00000000|MMI|3.48|Full|C0443225|[qlco]|["Full"-tx-8-"full"-adj-0]|TX|955/4|
00000000|MMI|3.48|Initial (abbreviation)|C1555582|[idcn]|["Initial"-tx-26-"initial"-adj-0]|TX|2451/7|
00000000|MMI|3.48|Initial Usage|C1705685|[ftcn]|["INITIAL"-tx-26-"initial"-adj-0]|TX|2451/7|
00000000|MMI|3.48|Initially|C0205265|[tmco]|["Initial"-tx-26-"initial"-adj-0]|TX|2451/7|
00000000|MMI|3.48|Known|C0205309|[qlco]|["Known"-tx-19-"known"-adj-0]|TX|1894/5|
00000000|MMI|3.48|Lateral|C0205093|[spco]|["LATERAL"-tx-36-"lateral"-adj-0]|TX|3761/7|
00000000|MMI|3.48|Left ventricular structure|C0225897|[bpoc]|["Left Ventricular"-tx-5-"left ventricular"-adj-0]|TX|631/16|
00000000|MMI|3.48|SHORT STATURE, ONYCHODYSPLASIA, FACIAL DYSMORPHISM, AND HYPOTRICHOSIS SYNDROME|C3542022|[dsyn]|["SOFT"-tx-24-"soft"-adj-0]|TX|2307/4|
00000000|MMI|3.48|Soft|C0205358|[qlco]|["Soft"-tx-24-"soft"-adj-0]|TX|2307/4|
00000000|MMI|3.47|Electrocardiogram: myocardial infarction (finding)|C0428953|[lbtr]|["MYOCARDIAL INFARCTION"-tx-1-"MYOCARDIAL INFARCTION"-noun-0]|TX|65/21|
00000000|MMI|3.47|Myocardial Infarction ECG Assessment|C3810814|[diap]|["Myocardial Infarction"-tx-1-"MYOCARDIAL INFARCTION"-noun-0]|TX|65/21|
00000000|MMI|3.47|Myocardial infarction:Finding:Point in time:^Patient:Ordinal|C2926063|[clna]|["Myocardial infarction"-tx-1-"MYOCARDIAL INFARCTION"-noun-0]|TX|65/21|
00000000|MMI|3.46|Personal History of Coronary Artery Disease|C1881055|[clna]|["History of Coronary Artery Disease"-tx-4-"history of coronary artery disease"-noun-0]|TX|302/34|
00000000|MMI|3.46|/40|C0439509|[tmco]|["/40"-tx-36-"40"-percentage-0]|TX|3688/2|
00000000|MMI|3.46|40%|C3842587|[qnco]|["40%"-tx-36-"40"-percentage-0]|TX|3688/2|
00000000|MMI|3.46|Blood group antibody I|C0221138|[aapp,imft]|["I NOS"-tx-16-"i"-adv-0]|TX|1821/1|
00000000|MMI|3.46|H NOS Antibodies|C0369286|[aapp,imft]|["H NOS"-tx-15-"h"-adv-0]|TX|1770/1|
00000000|MMI|3.46|Hepatic Involvement|C0441932|[clas]|["H+"-tx-15-"h"-adv-0]|TX|1770/1|
00000000|MMI|3.45|20%|C3842589|[fndg]|["20%"-tx-44-"20"-integer-0]|TX|4392/2|
00000000|MMI|3.45|90%|C3842582|[fndg]|["90%"-tx-36-"90"-percentage-0]|TX|3527/2|
00000000|MMI|3.45|<90|C0439087|[qnco]|["<90"-tx-36-"90"-percentage-0]|TX|3527/2|
00000000|MMI|3.45|>90|C0439083|[qnco]|[">90"-tx-36-"90"-percentage-0]|TX|3527/2|
00000000|MMI|3.45|In addition to|C0332287|[ftcn]|["Plus"-tx-36-"plus"-adj-0]|TX|3531/4|
00000000|MMI|3.45|Diagnostic interview schedule|C0451119|[inpr]|["DIS"-tx-1-"DIS"-noun-0]|TX|98/3|
00000000|MMI|3.45|Discontinued|C1444662|[fndg]|["DIS"-tx-1-"DIS"-noun-0]|TX|98/3|
00000000|MMI|3.45|A Proliferation-Inducing Ligand Measurement|C3811652|[lbpr]|["APRIL"-tx-49-"April"-noun-0]|TX|4629/5|
00000000|MMI|3.45|April|C3715024|[tmco]|["April"-tx-49-"April"-noun-0]|TX|4629/5|
00000000|MMI|3.45|BBS9 wt Allele|C3889128|[gngm]|["D1"-tx-36-"D1"-noun-0]|TX|3585/2|
00000000|MMI|3.45|LMOD1 gene|C1416886|[gngm]|["D1"-tx-36-"D1"-noun-0]|TX|3585/2|
00000000|MMI|3.45|TNFSF13 wt Allele|C3715025|[gngm]|["APRIL"-tx-49-"April"-noun-0]|TX|4629/5|
00000000|MMI|3.44|liter|C0475211|[qnco]|["LITER"-tx-20-"liters"-noun-0]|TX|2055/6|
00000000|MMI|3.44|Administration Method - Infiltrate|C1549537|[ftcn]|["Infiltrate"-tx-31-"infiltrate"-noun-0]|TX|2825/10|
00000000|MMI|3.44|Anterior bronchopulmonary segment of superior pulmonary vein|C0507236|[bpoc]|["V3"-tx-32-"V3"-noun-0]|TX|2984/2|
00000000|MMI|3.44|Blood Clot|C0302148|[bdsu]|["THROMBUS"-tx-36-"thrombus"-noun-0]|TX|3605/8|
00000000|MMI|3.44|Cellular infiltrate|C1692321|[patf]|["INFILTRATE"-tx-31-"infiltrate"-noun-1]|TX|2825/10|
00000000|MMI|3.44|Feeling relief|C0564405|[fndg]|["Relief"-tx-10-"relief"-noun-0]|TX|1246/6|
00000000|MMI|3.44|Fifth|C0205439|[qnco]|["Fifth"-tx-27-"fifth"-noun-0]|TX|2622/5|
00000000|MMI|3.44|Infiltration|C0332448|[patf]|["Infiltrate"-tx-31-"infiltrate"-noun-1]|TX|2825/10|
00000000|MMI|3.44|Six|C0205452|[qnco]|["Six"-tx-8-"six"-word_numeral-0]|TX|981/3|
00000000|MMI|3.44|Specimen Source Codes - Infiltrate|C1546677|[inpr]|["Infiltrate"-tx-31-"infiltrate"-noun-0]|TX|2825/10|
00000000|MMI|3.44|Thrombus (sponge genus)|C3146237|[euka]|["Thrombus"-tx-36-"thrombus"-noun-0]|TX|3605/8|
00000000|MMI|3.43|Before|C0332152|[tmco]|["Prior to"-tx-8-"prior to"-prep-0]|TX|910/8|
00000000|MMI|3.43|Following|C0332282|[tmco]|["Following"-tx-37-"following"-adj-0]|TX|3865/9|
00000000|MMI|3.43|Fourth|C0205438|[qnco]|["Fourth"-tx-27-"fourth"-noun-0]|TX|2578/6|
00000000|MMI|3.43|Fourth (suffix)|C1706303|[qlco]|["Fourth"-tx-27-"fourth"-noun-0]|TX|2578/6|
00000000|MMI|3.43|Sixth|C0205440|[qnco]|["Sixth"-tx-27-"sixth"-word_ordinal-0]|TX|2673/5|
00000000|MMI|3.43|Status post|C0231290|[tmco]|["Following"-tx-37-"following"-adj-0]|TX|3865/9|
00000000|MMI|3.43|V4+|C2349104|[elii]|["V4+"-tx-32-"V4"-noun-0]|TX|3007/2|
00000000|MMI|3.43|August|C3831448|[qlco]|["August"-tx-49-"August"-noun-0]|TX|4606/6|
00000000|MMI|3.43|End|C0444930|[spco]|["End"-tx-49-"end"-noun-0]|TX|4599/3|
00000000|MMI|3.43|Stop (qualifier value)|C2746065|[tmco]|["End"-tx-49-"end"-noun-0]|TX|4599/3|
00000000|MMI|3.42|60%|C3842585|[fndg]|["60%"-tx-36-"60"-percentage-0]|TX|3616/2|
00000000|MMI|3.42|Anterolateral|C0332194|[spco]|["Anterolateral"-tx-6-"anterolateral"-adj-0]|TX|703/13|
00000000|MMI|3.42|Ejection as a Circumstance of Injury|C0302131|[phpr]|["Ejection"-tx-6-"ejection"-noun-0]|TX|728/8|
00000000|MMI|3.42|Ejection as a Sports activity|C0336969|[dora]|["Ejection"-tx-6-"ejection"-noun-0]|TX|728/8|
00000000|MMI|3.42|Ejection time|C0812388|[orga]|["ejection"-tx-6-"ejection"-noun-0]|TX|728/8|
00000000|MMI|3.42|Hospital environment|C1510665|[qlco]|["Hospital"-tx-38-"hospital"-noun-0]|TX|4047/8|
00000000|MMI|3.42|Proximal|C0205107|[spco]|["PROXIMAL"-tx-36-"proximal"-adj-0]|TX|3620/8|
00000000|MMI|3.42|Resolution Property|C1706463|[qnco]|["Resolution"-tx-11-"resolution"-noun-0]|TX|1372/10|
