00000000|MMI|124.66|Patient Discharge|C0030685|[hlca]|["Discharge"-tx-23-"DISCHARGE"-noun-0,"Discharge"-tx-21-"DISCHARGE"-noun-0,"Discharge"-tx-11-"discharge"-noun-0,"Discharge"-tx-6-"DISCHARGE"-noun-0,"Discharge"-tx-1-"DISCHARGE"-noun-0,"Patient Discharge"-tx-1-"DISCHARGE PATIENT"-noun-0]|TX|3217/9;3049/9;2165/9;1373/9;159/9;244/17|E02.204.125;E02.760.400.610;N02.421.192.125;N02.421.585.400.610;N04.590.233.727.210.125
00000000|MMI|73.37|Togo|C0040363|[geoa]|["TO"-tx-17-"to"-adv-0,"TO"-tx-14-"to"-adv-0,"TO"-tx-5-"to"-adv-0,"TO"-tx-4-"to"-adv-0]|TX|2828/2;2396/2;1180/2;1088/2|Z01.058.290.190.800
00000000|MMI|73.37|Tryptophanase|C0041260|[aapp,enzy]|["TO"-tx-17-"to"-adv-0,"TO"-tx-14-"to"-adv-0,"TO"-tx-5-"to"-adv-0,"TO"-tx-4-"to"-adv-0]|TX|2828/2;2396/2;1180/2;1088/2|D08.811.520.224.800
00000000|MMI|70.44|Diet|C0012155|[food]|["Diet"-tx-20-"Diet"-noun-0,"regular diet?"-tx-11-"regular diet"-noun-0,"Diet"-tx-10-"Diet"-noun-0,"regular diet?"-tx-9-"regular diet"-noun-0,"Diet"-tx-4-"DIET"-noun-0]|TX|2958/4;2118/12;1940/4;1926/12;928/4|G07.203.650.240
00000000|MMI|51.25|Portugal|C0032729|[geoa]|["PO"-tx-4-"PO"-noun-0,"PO"-tx-3-"PO"-noun-0]|TX|[837/2],[885/2],[921/2];[496/2],[557/2]|Z01.542.727
00000000|MMI|49.44|Pain|C0030193|[sosy]|["PAIN"-tx-9-"pain"-noun-0,"PAIN"-tx-3-"Pain"-noun-0]|TX|1839/4;[507/4],[568/4]|C10.597.617;C23.888.592.612;F02.830.816.444;G11.561.600.810.444
00000000|MMI|48.50|diagnosis aspect|C1704338|[qlco]|["diagnosis"-tx-6-"DIAGNOSIS"-noun-0]|TX|[1337/9],[1453/9]|x.x.x.x.x.x.x
00000000|MMI|45.12|therapeutic aspects|C0039798|[ftcn]|["treatment"-tx-21-"treatment"-noun-0,"treatment"-tx-6-"Treatment"-noun-0]|TX|3027/9;1515/9|x.x.x.x.x.x.x
00000000|MMI|44.98|Oxycodone|C0030049|[orch,phsu]|["OXYCODONE"-tx-3-"OXYCODONE"-noun-0]|TX|[523/9],[634/9]|D03.132.577.249.562.149.575;D03.549.686.607.204.650;D03.605.497.607.204.650;D04.615.723.795.576.149.575
00000000|MMI|39.38|Mongolia|C0026410|[geoa]|["MG"-tx-4-"MG"-noun-0,"MG"-tx-3-"MG"-noun-0]|TX|[882/2],[918/2];493/2|Z01.252.474.651
00000000|MMI|38.75|Migraine Disorders|C0149931|[dsyn]|["Migraine condition"-tx-21-"migraine CONDITION"-noun-0,"MIGRAINE"-tx-12-"migraine"-noun-0]|TX|3040/8,3059/9;2190/8|C10.228.140.546.399.750
00000000|MMI|32.78|Iodides|C0021966|[inch]|["I-"-tx-6-"I"-noun-0,"I-"-tx-1-"I"-noun-0]|TX|1587/1;393/1|D01.248.497.158.490;D01.475.410
00000000|MMI|32.36|Postoperative Period|C0032790|[tmco]|["Postoperative"-tx-12-"post operative"-adj-0,"Postoperative"-tx-8-"post-operative"-adj-0]|TX|2206/14;1812/14|E04.614.750;N02.421.585.753.750
00000000|MMI|32.30|Dominican Republic|C0013014|[geoa]|["DR"-tx-21-"Dr"-noun-0,"DR"-tx-4-"Dr"-noun-0]|TX|3104/2;1115/2|Z01.107.084.900.300;Z01.639.880.300
00000000|MMI|30.93|Diet therapy|C0012159|[hlca]|["Diet"-tx-20-"Diet"-noun-0,"Diet"-tx-10-"Diet"-noun-0,"Diet"-tx-4-"DIET"-noun-0]|TX|2958/4;1940/4;928/4|E02.642.249
00000000|MMI|28.72|Obesity, Morbid|C0028756|[dsyn]|["Morbid Obesity"-tx-6-"morbid obesity"-noun-0]|TX|1348/14|C18.654.726.500.700;C23.888.144.699.500.500;E01.370.600.115.100.160.120.699.500.500;G07.100.100.160.120.699.500.500
00000000|MMI|26.23|Gastric Bypass|C0017125|[topp]|["Bypass, Gastric"-tx-20-"gastric bypass"-noun-0,"Bypass, Gastric"-tx-4-"Gastric bypass"-noun-0]|TX|2971/14;934/14|E02.065.062.249;E04.035.398.385;E04.062.249;E04.210.457.430
00000000|MMI|26.08|Lifting|C0206244|[acty]|["Lift"-tx-4-"Lift"-noun-0,"Lift"-tx-4-"lift"-noun-0]|TX|989/4;1015/4|G01.374.676.530;G01.595.540.530
00000000|MMI|25.95|Physicians|C0031831|[prog]|["DR"-tx-21-"Dr"-noun-0,"DR"-tx-4-"Dr"-noun-0]|TX|3104/2;1115/2|M01.526.485.810;N02.360.810
00000000|MMI|25.94|Pharmaceutical Solutions|C0525069|[bodm]|["Solution"-tx-3-"SOLUTION"-noun-0]|TX|[543/8],[654/8]|D26.776.708;D27.505.954.578;D27.720.752
00000000|MMI|25.76|Ancef|C0700926|[antb,orch]|["Ancef"-tx-13-"ancef"-noun-0]|TX|2327/5|D02.065.589.099.249.160;D02.886.665.074.160;D04.075.080.875.099.221.249.160
00000000|MMI|25.69|Silene|C0950000|[plnt]|["steri"-tx-16-"steri"-noun-0]|TX|2667/5|B01.650.940.800.575.100.195.655
00000000|MMI|24.11|Trimethoprim-Sulfamethoxazole Combination|C0041044|[phsu]|["Trimethoprim-sulphamethoxazole"-tx-6-"TRIMETHOPRIM/SULFAMETHOXAZOLE"-noun-0]|TX|1293/29|D02.065.884.725.867.500;D02.092.146.807.867.500;D02.886.590.700.725.867.500;D03.383.742.906.500;D26.310.875
00000000|MMI|22.56|Swimming|C0039003|[dora]|["SWIMMING"-tx-15-"swimming"-noun-0]|TX|2643/8|G11.427.590.530.568.800;G11.427.590.530.698.277.875;I03.350.875;I03.450.642.845.869
00000000|MMI|22.54|Surgical aspects|C0038895|[ftcn]|["operations"-tx-6-"OPERATIONS"-noun-0]|TX|1534/10|x.x.x.x.x.x.x
00000000|MMI|22.48|Walking (activity)|C0080331|[dora]|["Walking"-tx-4-"Walking"-verb-0]|TX|968/7|G11.427.590.530.568.900;G11.427.590.530.698.277.937;I03.350.937;I03.450.642.845.940
00000000|MMI|22.39|Narcotics|C0027415|[hops,phsu]|["Narcotic"-tx-15-"narcotic"-adj-0]|TX|2556/8|D27.505.696.277.600;D27.505.696.663.850.014.760;D27.505.954.427.040.550;D27.505.954.427.210.600
00000000|MMI|21.36|Call (Instruction)|C1947967|[ftcn]|["Call"-tx-18-"Call"-verb-0,"Call"-tx-17-"Call"-verb-0,"Call"-tx-5-"call"-verb-0,"Call"-tx-4-"call"-verb-0]|TX|2886/4;2763/4;1163/4;1071/4|
00000000|MMI|21.36|Decision|C0679006|[menp]|["Call"-tx-18-"Call"-verb-0,"Call"-tx-17-"Call"-verb-0,"Call"-tx-5-"call"-verb-0,"Call"-tx-4-"call"-verb-0]|TX|2886/4;2763/4;1163/4;1071/4|
00000000|MMI|21.36|To|C1883351|[qlco]|["To"-tx-17-"to"-adv-0,"To"-tx-14-"to"-adv-0,"To"-tx-5-"to"-adv-0,"To"-tx-4-"to"-adv-0]|TX|2828/2;2396/2;1180/2;1088/2|
00000000|MMI|20.95|Docusate Sodium|C0243237|[orch,phsu]|["DOCUSATE SODIUM"-tx-4-"DOCUSATE SODIUM"-noun-0]|TX|860/15|D02.241.081.337.759.249
00000000|MMI|20.95|Latex|C0023115|[bodm,orch]|["LATEX"-tx-6-"LATEX"-noun-0]|TX|1325/5|D05.750.078.625;D20.215.721.124;D25.720.099.625;D25.720.099.750.500;D25.720.327.840.239;J01.637.051.720.099.625;J01.637.051.720.540
00000000|MMI|20.95|Morphine|C0026549|[orch,phsu]|["MORPHINE"-tx-6-"Morphine"-noun-0]|TX|1266/8|D03.132.577.249.562.571;D03.549.686.607.587;D03.605.497.607.587;D04.615.723.795.576.571
00000000|MMI|20.95|Ursodiol|C0042105|[bacs,orch,phsu]|["URSODIOL"-tx-4-"URSODIOL"-noun-0]|TX|903/8|D04.808.105.225.272.962;D04.808.221.430.342.925
00000000|MMI|20.92|Patients|C0030705|[podg]|["*^patient"-tx-15-"Patient"-noun-0,"*^patient"-tx-11-"Patient"-noun-0,"*^patient"-tx-8-"patient"-noun-0]|TX|2579/7;2098/7;1755/7|M01.643
00000000|MMI|19.88|Appointments|C0003629|[idcn]|["Appointment"-tx-21-"appointment"-noun-0,"Appointment"-tx-4-"APPOINTMENT"-noun-0]|TX|3002/11;1053/11|N04.452.095
00000000|MMI|19.49|Negation|C1518422|[ftcn]|["Not"-tx-15-"not"-adv-0,"Not"-tx-11-"not"-adv-0,"Not"-tx-8-"NOT"-adv-0,"Not"-tx-4-"not"-adv-0]|TX|[2533/3],[2607/3];2068/3;1665/3;1011/3|
00000000|MMI|19.33|Flagyl|C0699678|[orch,phsu]|["Flagyl"-tx-13-"flagyl"-noun-0]|TX|2337/6|D02.640.672.500;D03.383.129.308.658.500
00000000|MMI|19.31|Dilaudid|C0728755|[orch,phsu]|["Dilaudid"-tx-4-"dilaudid"-noun-0]|TX|783/8|D03.132.577.249.562.450;D03.549.686.607.500;D03.605.497.607.500;D04.615.723.795.576.450
00000000|MMI|19.31|District of Columbia|C0012764|[geoa]|["D.C."-tx-1-"D/C"-noun-0]|TX|322/3|Z01.107.567.875.500.210;Z01.433.429
00000000|MMI|19.19|Colace|C0282139|[orch,phsu]|["Colace"-tx-4-"COLACE"-noun-0]|TX|844/6|D02.241.081.337.759.249
00000000|MMI|18.39|Body Fluid Discharge|C0012621|[bdsu]|["Discharge"-tx-23-"DISCHARGE"-noun-0,"Discharge"-tx-21-"DISCHARGE"-noun-0,"Discharge"-tx-11-"discharge"-noun-0,"Discharge"-tx-6-"DISCHARGE"-noun-0,"Discharge"-tx-1-"DISCHARGE"-noun-0]|TX|3217/9;3049/9;2165/9;1373/9;159/9|
00000000|MMI|18.39|Discharge, body substance|C2926602|[bdsu]|["Discharge"-tx-23-"DISCHARGE"-noun-0,"Discharge"-tx-21-"DISCHARGE"-noun-0,"Discharge"-tx-11-"discharge"-noun-0,"Discharge"-tx-6-"DISCHARGE"-noun-0,"Discharge"-tx-1-"DISCHARGE"-noun-0]|TX|3217/9;3049/9;2165/9;1373/9;159/9|
00000000|MMI|18.11|Oral|C0442027|[spco]|["PO"-tx-4-"PO"-noun-0,"PO"-tx-3-"PO"-noun-0]|TX|[837/2],[885/2],[921/2];[496/2],[557/2]|
00000000|MMI|17.80|Melena|C0025222|[patf]|["Black stools"-tx-18-"black stools"-noun-0]|TX|2941/12|A12.459.764;C06.405.227.600;C23.550.414.788.600
00000000|MMI|17.80|Triamcinolone|C0040864|[orch,phsu]|["TRIAMCINOLONE"-tx-6-"TRIAMCINOLONE"-noun-0]|TX|1277/13|D04.808.745.432.915;D04.808.908.891
00000000|MMI|16.22|Laparoscopy|C0031150|[diap]|["Laparoscopic"-tx-8-"LAPAROSCOPIC"-noun-0]|TX|1597/12|E01.370.388.250.520;E04.502.250.520
00000000|MMI|16.12|Ivory Coast|C0022326|[geoa]|["IV"-tx-13-"IV"-noun-0]|TX|2324/2|Z01.058.290.190.272
00000000|MMI|16.12|Tylenol|C0699142|[orch,phsu]|["Tylenol"-tx-3-"TYLENOL"-noun-0]|TX|444/7|D02.065.199.092.040
00000000|MMI|16.09|Acetaminophen|C0000970|[orch,phsu]|["ACETAMINOPHEN"-tx-3-"ACETAMINOPHEN"-noun-0]|TX|461/13|D02.065.199.092.040
00000000|MMI|16.08|Primary Care Physicians|C0033131|[prog]|["Primary Care Physician"-tx-5-"primary care physician"-noun-0]|TX|1212/22|M01.526.485.810.800;N02.360.810.795
00000000|MMI|16.06|Headache|C0018681|[sosy]|["HEADACHE"-tx-3-"Headache"-noun-0]|TX|514/8|C10.597.617.470;C23.888.592.612.441
00000000|MMI|16.05|Fluorides|C0016327|[inch,phsu]|["F-"-tx-21-"F"-noun-0]|TX|2998/1|D01.248.497.158.380;D01.303.350.300
00000000|MMI|16.05|Probability|C0033204|[qnco]|["Probable"-tx-3-"PROBABLE"-adj-0]|TX|695/8|E05.318.740.600;G17.680;N05.715.360.750.625;N06.850.520.830.600
00000000|MMI|15.79|Doctor of Medicine|C1512018|[inpr]|["M.D."-tx-22-"M.D"-noun-0,"M.D."-tx-7-"M.D"-noun-0,"M.D."-tx-2-"M.D"-noun-0]|TX|3175/3;1592/3;398/3|
00000000|MMI|15.39|Order (action)|C1705178|[acty]|["Order"-tx-23-"ORDERS"-verb-0,"Order"-tx-3-"order"-noun-0,"Order"-tx-1-"ORDER"-noun-0,"Order"-tx-1-"ORDERS"-verb-0]|TX|3227/6;624/5;326/5;169/6|
00000000|MMI|15.39|Order (arrangement)|C1705176|[qlco]|["Order"-tx-23-"ORDERS"-verb-0,"Order"-tx-3-"order"-noun-0,"Order"-tx-1-"ORDER"-noun-0,"Order"-tx-1-"ORDERS"-verb-0]|TX|3227/6;624/5;326/5;169/6|
00000000|MMI|15.39|Order (document)|C1705175|[inpr]|["Order"-tx-23-"ORDERS"-verb-0,"Order"-tx-3-"order"-noun-0,"Order"-tx-1-"ORDER"-noun-0,"Order"-tx-1-"ORDERS"-verb-0]|TX|3227/6;624/5;326/5;169/6|
00000000|MMI|15.39|Order (taxonomic)|C1705177|[clas]|["Order"-tx-23-"ORDERS"-verb-0,"Order"-tx-3-"order"-noun-0,"Order"-tx-1-"ORDER"-noun-0,"Order"-tx-1-"ORDERS"-verb-0]|TX|3227/6;624/5;326/5;169/6|
00000000|MMI|15.39|Permutation|C1882348|[qlco]|["Order"-tx-23-"ORDERS"-verb-0,"Order"-tx-3-"order"-noun-0,"Order"-tx-1-"ORDER"-noun-0,"Order"-tx-1-"ORDERS"-verb-0]|TX|3227/6;624/5;326/5;169/6|
00000000|MMI|15.39|Sequence of Planned Assessment Schedule|C3889825|[inpr]|["ORDER"-tx-23-"ORDERS"-verb-0,"ORDER"-tx-3-"order"-noun-0,"ORDER"-tx-1-"ORDER"-noun-0,"ORDER"-tx-1-"ORDERS"-verb-0]|TX|3227/6;624/5;326/5;169/6|
00000000|MMI|14.71|Clinical Study Follow-up|C3274571|[hlca]|["FOLLOW-UP"-tx-21-"follow up"-adj-0,"FOLLOW-UP"-tx-5-"follow up"-adj-0,"FOLLOW-UP"-tx-4-"FOLLOW UP"-adj-0,"FOLLOW-UP"-tx-4-"follow up"-adj-0]|TX|3089/9;1192/9;1043/9;1100/9|
00000000|MMI|14.71|Follow-Up Report|C1704685|[inpr]|["Follow-Up"-tx-21-"follow up"-adj-0,"Follow-Up"-tx-5-"follow up"-adj-0,"Follow-Up"-tx-4-"FOLLOW UP"-adj-0,"Follow-Up"-tx-4-"follow up"-adj-0]|TX|3089/9;1192/9;1043/9;1100/9|
00000000|MMI|14.71|Follow-up status|C0589120|[fndg]|["Follow-up"-tx-21-"follow up"-adj-0,"Follow-up"-tx-5-"follow up"-adj-0,"Follow-up"-tx-4-"FOLLOW UP"-adj-0,"Follow-up"-tx-4-"follow up"-adj-0]|TX|3089/9;1192/9;1043/9;1100/9|
00000000|MMI|14.71|follow-up|C1522577|[hlca]|["Follow Up"-tx-21-"follow up"-adj-0,"Follow Up"-tx-5-"follow up"-adj-0,"Follow Up"-tx-4-"FOLLOW UP"-adj-0,"Follow Up"-tx-4-"follow up"-adj-0]|TX|3089/9;1192/9;1043/9;1100/9|
00000000|MMI|14.64|Ability|C0085732|[orga]|["Able"-tx-14-"able"-adj-0]|TX|2391/4|F02.784.629.131
00000000|MMI|14.64|Prochlorperazine|C0033229|[orch,phsu]|["PROCHLORPERAZINE"-tx-6-"PROCHLORPERAZINE"-noun-0]|TX|1247/16|D02.886.369.639;D03.494.741.639
00000000|MMI|14.64|Vomiting|C0042963|[sosy]|["VOMITING"-tx-18-"vomiting"-verb-0]|TX|2923/8|C23.888.821.937
00000000|MMI|14.60|10%|C3842590|[fndg]|["10%"-tx-23-"10"-fraction-0,"10%"-tx-6-"10"-fraction-0,"10%"-tx-5-"10"-integer-0,"10%"-tx-1-"10"-fraction-0]|TX|3192/2;1561/2;1153/2;268/2|
00000000|MMI|13.25|Solutions|C0037633|[sbst]|["Solution"-tx-3-"SOLUTION"-noun-0]|TX|[543/8],[654/8]|D26.776
00000000|MMI|13.08|Infantile Neuroaxonal Dystrophy|C0270724|[dsyn]|["PLAN"-tx-21-"PLAN"-noun-0]|TX|3083/4|C10.228.140.744
00000000|MMI|13.07|Flatulence|C0016204|[sosy]|["Passing flatus"-tx-11-"passing flatus"-noun-1]|TX|2141/14|C23.888.821.360
00000000|MMI|13.06|Pain management|C0002766|[topp]|["managed pain"-tx-12-"managed pain"-noun-0]|TX|2237/7,2259/4|E02.745;N04.590.607.500
00000000|MMI|13.05|Helping Behavior|C0018896|[socb]|["Assistance"-tx-14-"assistance"-noun-0]|TX|2416/10|F01.145.813.225
00000000|MMI|13.03|Fever|C0015967|[fndg]|["FEVER"-tx-17-"fever"-noun-0]|TX|2861/5|C23.888.119.344
00000000|MMI|13.03|Heparin|C0019134|[bacs,orch,phsu]|["HEPARIN"-tx-13-"heparin"-noun-0]|TX|2290/7|D09.698.373.400
00000000|MMI|13.03|Rabbi|C0684010|[prog]|["R."-tx-8-"R"-noun-0]|TX|1674/1|M01.526.799.500
00000000|MMI|13.01|Falls|C0085639|[fndg]|["FALL"-tx-16-"fall"-noun-0]|TX|2694/4|N06.850.135.122
00000000|MMI|13.00|Dilatation and Curettage|C0012358|[topp]|["D & C"-tx-1-"D/C"-noun-0]|TX|322/3|E04.157.310;E04.950.300.299
00000000|MMI|12.94|Oxygen|C0030054|[elii,phsu]|["O2"-tx-11-"O2"-noun-0]|TX|2083/2|D01.268.185.550;D01.362.670;x.x.x.x
00000000|MMI|12.92|Antibiotic Prophylaxis|C0282638|[topp]|["Antibiotic coverage"-tx-13-"antibiotic coverage"-noun-0]|TX|2362/19|E02.319.162.150;E02.319.703.150
00000000|MMI|12.89|Pneumocystis jiroveci pneumonia|C1535939|[dsyn]|["PCP"-tx-21-"PCP"-noun-0]|TX|3019/3|C01.703.534.700;C01.703.770.700;C08.381.472.700;C08.381.677.675;C08.730.435.700;C08.730.610.675
00000000|MMI|12.89|PO-1|C0297198|[orch]|["PO-1"-tx-3-"1 PO"-noun-0]|TX|644/1,663/2|x.x.x.x
00000000|MMI|11.71|Basal Diet|C2983588|[food]|["DIET"-tx-20-"Diet"-noun-0,"DIET"-tx-10-"Diet"-noun-0,"DIET"-tx-4-"DIET"-noun-0]|TX|2958/4;1940/4;928/4|
00000000|MMI|11.71|Diet (animal life circumstance)|C3668949|[food]|["Diet"-tx-20-"Diet"-noun-0,"Diet"-tx-10-"Diet"-noun-0,"Diet"-tx-4-"DIET"-noun-0]|TX|2958/4;1940/4;928/4|
00000000|MMI|11.71|Special Diet Therapy|C1519433|[topp]|["DIET"-tx-20-"Diet"-noun-0,"DIET"-tx-10-"Diet"-noun-0,"DIET"-tx-4-"DIET"-noun-0]|TX|2958/4;1940/4;928/4|
00000000|MMI|11.56|Override|C1547671|[acty]|["Override"-tx-4-"override"-verb-0,"Override"-tx-3-"Override"-verb-0,"Override"-tx-3-"overridden"-noun-0]|TX|754/8;591/8;579/10|
00000000|MMI|11.49|Allergy Specialty|C0002111|[bmod]|["Allergy"-tx-6-"ALLERGY"-noun-0]|TX|1238/7|H02.403.044
00000000|MMI|11.49|Complication Aspects|C1171258|[patf]|["complications"-tx-6-"Complications"-noun-0]|TX|1489/13|x.x.x
00000000|MMI|11.49|Exanthema|C0015230|[sosy]|["RASH"-tx-3-"Rash"-noun-0]|TX|737/4|C17.800.257
00000000|MMI|11.49|Intrinsic drive|C0013126|[menp]|["Drive"-tx-15-"drive"-verb-1]|TX|2537/5|F01.658.293
00000000|MMI|11.49|Methods aspects|C0025664|[inpr]|["procedures"-tx-6-"PROCEDURES"-noun-0]|TX|1549/10|x.x.x
00000000|MMI|11.31|Abortion consent:Finding:Point in time:^Patient:Document|C2360836|[clna]|["Patient"-tx-15-"Patient"-noun-0,"Patient"-tx-11-"Patient"-noun-0,"Patient"-tx-8-"patient"-noun-0]|TX|2579/7;2098/7;1755/7|
00000000|MMI|11.31|Hysterectomy consent:Finding:Point in time:^Patient:Document|C2360838|[clna]|["Patient"-tx-15-"Patient"-noun-0,"Patient"-tx-11-"Patient"-noun-0,"Patient"-tx-8-"patient"-noun-0]|TX|2579/7;2098/7;1755/7|
00000000|MMI|11.31|Sterilization consent:Finding:Point in time:^Patient:Document|C2360840|[clna]|["Patient"-tx-15-"Patient"-noun-0,"Patient"-tx-11-"Patient"-noun-0,"Patient"-tx-8-"patient"-noun-0]|TX|2579/7;2098/7;1755/7|
00000000|MMI|10.99|Pain NOS Adverse Event|C1962977|[fndg]|["Pain NOS"-tx-9-"pain"-noun-0,"Pain NOS"-tx-3-"Pain"-noun-0]|TX|1839/4;[507/4],[568/4]|
00000000|MMI|10.63|Then|C1883708|[tmco]|["Then"-tx-9-"then"-adv-0,"Next"-tx-5-"next"-adv-0,"Then"-tx-4-"then"-adv-0]|TX|1888/4;1146/4;1028/4|
00000000|MMI|10.54|Magnesium Cation|C2346927|[elii,phsu]|["Mg++"-tx-4-"MG"-noun-0,"Mg++"-tx-3-"MG"-noun-0]|TX|[882/2],[918/2];493/2|
00000000|MMI|10.54|Milligram percent|C1960952|[qnco]|["mg %"-tx-4-"MG"-noun-0,"mg %"-tx-3-"MG"-noun-0]|TX|[882/2],[918/2];493/2|
00000000|MMI|10.54|mg/dL|C0439269|[qnco]|["mg%"-tx-4-"MG"-noun-0,"mg%"-tx-3-"MG"-noun-0]|TX|[882/2],[918/2];493/2|
00000000|MMI|10.42|Cranial incision point|C2338258|[blor]|["Incision"-tx-17-"incision"-noun-0,"Incision"-tx-15-"incision"-noun-0]|TX|2771/8;2619/8|
00000000|MMI|10.42|Diagnosis|C0011900|[fndg]|["DIAGNOSIS"-tx-6-"DIAGNOSIS"-noun-0]|TX|[1337/9],[1453/9]|E01
00000000|MMI|10.42|Diagnosis Study|C1704656|[resa]|["DIAGNOSIS"-tx-6-"DIAGNOSIS"-noun-0]|TX|[1337/9],[1453/9]|
00000000|MMI|10.42|Interventional procedure|C0184661|[topp]|["Procedure"-tx-8-"procedure"-noun-0,"PROCEDURES"-tx-6-"PROCEDURES"-noun-0]|TX|1777/9;1549/10|
00000000|MMI|10.42|Normal diet|C0184625|[dora]|["Regular diet"-tx-11-"regular diet"-noun-0,"Regular diet"-tx-9-"regular diet"-noun-0]|TX|2118/12;1926/12|
00000000|MMI|10.42|Procedure (set of actions)|C2700391|[acty]|["Procedure"-tx-8-"procedure"-noun-0,"Procedures"-tx-6-"PROCEDURES"-noun-0]|TX|1777/9;1549/10|
00000000|MMI|10.42|Schedule (document type)|C0086960|[inpr]|["Schedule"-tx-5-"schedule"-verb-0,"Schedule"-tx-4-"schedule"-verb-0]|TX|1183/8;1091/8|
00000000|MMI|10.42|Stat (do immediately)|C0205548|[tmco]|["Immediately"-tx-5-"immediately"-adv-0,"Immediately"-tx-4-"immediately"-adv-0]|TX|1168/11;1076/11|
00000000|MMI|10.42|Surgical incisions|C0184898|[topp]|["Incision"-tx-17-"incision"-noun-0,"Incision"-tx-15-"incision"-noun-0]|TX|2771/8;2619/8|
00000000|MMI|10.42|Surgical wound|C0332803|[inpo]|["Incision"-tx-17-"incision"-noun-0,"Incision"-tx-15-"incision"-noun-1]|TX|2771/8;2619/8|
00000000|MMI|10.42|orders - HL7PublishingDomain|C3244315|[inpr]|["orders"-tx-23-"ORDERS"-verb-0,"orders"-tx-1-"ORDERS"-verb-0]|TX|3227/6;169/6|
00000000|MMI|10.28|Disease|C0012634|[dsyn]|["condition"-tx-6-"Conditions"-noun-0]|TX|1463/10|C23.550.288
00000000|MMI|9.77|Hypertensive disease|C0020538|[dsyn]|["HTN"-tx-6-"HTN"-noun-0]|TX|1530/3|C14.907.489
00000000|MMI|8.34|Allergic Reaction|C1527304|[patf]|["Allergy"-tx-6-"ALLERGY"-noun-0]|TX|1238/7|C20.543
00000000|MMI|8.34|Bandage|C0004726|[medd]|["Bandages"-tx-16-"bandages"-noun-0]|TX|2680/8|E07.101
00000000|MMI|8.34|Drainage procedure|C0013103|[topp]|["drain"-tx-17-"drain"-verb-0]|TX|2831/5|E02.309;E04.237
00000000|MMI|8.34|Hypersensitivity|C0020517|[patf]|["ALLERGY"-tx-6-"ALLERGY"-noun-0]|TX|1238/7|C20.543
00000000|MMI|8.34|Infection|C3714514|[patf]|["Infections"-tx-6-"Infections"-noun-0]|TX|1476/10|C01.539
00000000|MMI|8.34|Time|C0040223|[tmco]|["TIME"-tx-16-"time"-noun-0]|TX|2740/4|G01.910
00000000|MMI|7.70|Hospital admission|C0184666|[hlca]|["Admission"-tx-6-"Admission"-noun-0,"Admit"-tx-6-"ADMIT"-verb-0]|TX|1430/9;1331/5|
00000000|MMI|7.61|1+|C3816745|[fndg]|["1+"-tx-14-"1"-integer-0,"1+"-tx-1-"1"-fraction-0]|TX|2479/1;137/1|
00000000|MMI|7.61|1+ Score|C2827734|[qnco]|["1+"-tx-14-"1"-integer-0,"1+"-tx-1-"1"-fraction-0]|TX|2479/1;137/1|
00000000|MMI|7.61|1+ Score, WHO|C2981698|[clas]|["1+"-tx-14-"1"-integer-0,"1+"-tx-1-"1"-fraction-0]|TX|2479/1;137/1|
00000000|MMI|7.46|Curriculum Vitae|C1880201|[inpr]|["Resume"-tx-14-"resume"-verb-0,"Resume"-tx-8-"RESUME"-noun-0]|TX|2488/6;1724/6|
00000000|MMI|7.46|Resume - Remote control command|C1550028|[idcn]|["Resume"-tx-14-"resume"-verb-0,"Resume"-tx-8-"RESUME"-noun-0]|TX|2488/6;1724/6|
00000000|MMI|7.46|resume - DataOperation|C3242342|[ftcn]|["resume"-tx-14-"resume"-verb-0,"resume"-tx-8-"RESUME"-noun-0]|TX|2488/6;1724/6|
00000000|MMI|7.40|Blood group antibody I|C0221138|[aapp,imft]|["I NOS"-tx-6-"I"-noun-0,"I NOS"-tx-1-"I"-noun-0]|TX|1587/1;393/1|
00000000|MMI|7.30|Radiological Exposure Device|C4049926|[mnob]|["RED"-tx-18-"red"-noun-0,"RED"-tx-17-"red"-adj-0]|TX|2934/3;2802/3|
00000000|MMI|7.30|Red color|C1260956|[qlco]|["RED"-tx-18-"red"-noun-0,"RED"-tx-17-"red"-adj-0]|TX|2934/3;2802/3|
00000000|MMI|7.30|Redness|C0332575|[fndg]|["Red"-tx-18-"red"-noun-0,"Red"-tx-17-"red"-adj-0]|TX|2934/3;2802/3|
00000000|MMI|7.30|Same|C0445247|[qlco]|["SAME"-tx-6-"same"-adj-0,"SAME"-tx-1-"same"-adj-0]|TX|1442/4;65/4|
00000000|MMI|7.26|Summary (document)|C1706244|[inpr]|["Summary"-tx-22-"summary"-noun-0,"Summary"-tx-1-"SUMMARY"-noun-0]|TX|3129/7;351/7|
00000000|MMI|7.26|summary - ActRelationshipSubset|C1552616|[inpr]|["summary"-tx-22-"summary"-noun-0,"summary"-tx-1-"SUMMARY"-noun-0]|TX|3129/7;351/7|
00000000|MMI|7.23|Obstruction|C0028778|[patf]|["OBSTRUCTION"-tx-10-"obstruction"-noun-1,"OBSTRUCTION"-tx-8-"obstruction"-noun-1]|TX|2008/11;1706/11|
00000000|MMI|7.23|Obstruction within Medical Device|C1882136|[phpr]|["Obstruction"-tx-10-"obstruction"-noun-0,"Obstruction"-tx-8-"obstruction"-noun-0]|TX|2008/11;1706/11|
00000000|MMI|7.14|Patient Condition Code - Stable|C1547311|[inpr]|["Stable"-tx-21-"Stable"-adj-0,"Stable"-tx-11-"stable"-adj-0]|TX|3070/6;2051/6|
00000000|MMI|7.14|Stable status|C0205360|[qlco]|["STABLE"-tx-21-"Stable"-adj-0,"STABLE"-tx-11-"stable"-adj-0]|TX|3070/6;2051/6|
00000000|MMI|7.10|Clinical trial protocol document|C1507394|[inpr]|["Protocol"-tx-20-"protocol"-noun-0,"Protocol"-tx-4-"protocol"-noun-0]|TX|2986/8;949/8|
00000000|MMI|7.10|Library Protocol|C1522729|[inpr]|["Protocol"-tx-20-"protocol"-noun-0,"Protocol"-tx-4-"protocol"-noun-0]|TX|2986/8;949/8|
00000000|MMI|7.10|Protocol - answer to question|C3715209|[fndg]|["Protocol"-tx-20-"protocol"-noun-0,"Protocol"-tx-4-"protocol"-noun-0]|TX|2986/8;949/8|
00000000|MMI|7.10|Protocols documentation|C0442711|[inpr]|["Protocol"-tx-20-"protocol"-noun-0,"Protocol"-tx-4-"protocol"-noun-0]|TX|2986/8;949/8|
00000000|MMI|7.10|Study Protocol|C2348563|[inpr]|["Protocol"-tx-20-"protocol"-noun-0,"Protocol"-tx-4-"protocol"-noun-0]|TX|2986/8;949/8|
00000000|MMI|7.08|Elixir|C0678430|[bodm]|["ELIXIR"-tx-4-"ELIXIR"-noun-0,"ELIXIR"-tx-3-"ELIXIR"-noun-0]|TX|851/6;452/6|
00000000|MMI|7.05|Administration procedure|C1533734|[topp]|["Treatment"-tx-21-"treatment"-noun-0,"Treatment"-tx-6-"Treatment"-noun-0]|TX|3027/9;1515/9|
00000000|MMI|7.05|Biomaterial Treatment|C1705169|[cnce]|["Treatment"-tx-21-"treatment"-noun-0,"Treatment"-tx-6-"Treatment"-noun-0]|TX|3027/9;1515/9|
00000000|MMI|7.05|Therapeutic procedure|C0087111|[topp]|["Treatment"-tx-21-"treatment"-noun-0,"Treatment"-tx-6-"Treatment"-noun-0]|TX|3027/9;1515/9|E02
00000000|MMI|7.05|Treating|C1522326|[ftcn]|["Treatment"-tx-21-"treatment"-noun-0,"Treatment"-tx-6-"Treatment"-noun-0]|TX|3027/9;1515/9|
00000000|MMI|7.05|Treatment Epoch|C3538994|[resa]|["TREATMENT"-tx-21-"treatment"-noun-0,"TREATMENT"-tx-6-"Treatment"-noun-0]|TX|3027/9;1515/9|
00000000|MMI|7.05|treatment - ActInformationManagementReason|C3887704|[hlca]|["treatment"-tx-21-"treatment"-noun-0,"treatment"-tx-6-"Treatment"-noun-0]|TX|3027/9;1515/9|
00000000|MMI|7.05|Course|C0750729|[tmco]|["Course"-tx-12-"course"-noun-0,"Course"-tx-8-"course"-noun-0]|TX|2221/6;1827/6|
00000000|MMI|7.04|Kalmia|C0330414|[plnt]|["Laurel"-tx-6-"LAUREL"-noun-0,"Laurel"-tx-1-"LAUREL"-noun-0]|TX|1580/6;386/6|
00000000|MMI|7.04|Hoist device|C0181620|[medd]|["Lift"-tx-4-"Lift"-noun-0,"Lift"-tx-4-"lift"-noun-0]|TX|989/4;1015/4|
00000000|MMI|7.04|Discontinued|C1444662|[fndg]|["D/C"-tx-1-"D/C"-noun-1,"DIS"-tx-1-"DIS"-noun-0]|TX|322/3;74/3|
00000000|MMI|7.02|Day 7|C3842672|[fndg]|["Day 7"-tx-16-"7 days"-noun-0,"Day 7"-tx-5-"7 days"-noun-0]|TX|2708/6;1151/1,1156/4|
00000000|MMI|7.02|Home environment|C0442519|[cnce]|["HOME"-tx-14-"home"-noun-0,"HOME"-tx-3-"Home"-noun-0]|TX|2499/4;416/4|
00000000|MMI|6.98|post operative (finding)|C0241311|[fndg]|["POST OPERATIVE"-tx-12-"post operative"-adj-0,"POST OPERATIVE"-tx-8-"post-operative"-adj-1]|TX|2206/14;1812/14|
00000000|MMI|6.94|Every four hours|C0585324|[tmco]|["Q4H"-tx-3-"Q4H"-noun-0]|TX|[499/3],[560/3]|
00000000|MMI|6.92|Delayed Release Dosage Form|C1707664|[bodm]|["DR"-tx-21-"Dr"-noun-0,"DR"-tx-4-"Dr"-noun-0]|TX|3104/2;1115/2|
00000000|MMI|6.92|Device to Subject Relationship Domain|C3540849|[inpr]|["DR"-tx-21-"Dr"-noun-0,"DR"-tx-4-"Dr"-noun-0]|TX|3104/2;1115/2|
00000000|MMI|6.92|Doctor - Title|C2348314|[cnce]|["Dr."-tx-21-"Dr"-noun-0,"Dr."-tx-4-"Dr"-noun-0]|TX|3104/2;1115/2|
00000000|MMI|6.91|uGy|C0560042|[qnco]|["ugi"-tx-10-"UGI"-noun-0,"ugi"-tx-8-"UGI"-noun-0]|TX|1981/3;1679/3|
00000000|MMI|6.83|Body Fluids|C0005889|[bdsu]|["FLUID"-tx-17-"fluid"-noun-0]|TX|2846/5|A12.207
00000000|MMI|5.18|+2|C0740116|[qnco]|["+2"-tx-15-"2"-integer-0]|TX|2528/1|
00000000|MMI|5.18|+5|C0728893|[qnco]|["+5"-tx-17-"5"-integer-0]|TX|2760/1|
00000000|MMI|5.18|2+|C3833492|[fndg]|["2+"-tx-15-"2"-integer-0]|TX|2528/1|
00000000|MMI|5.18|2+ Score|C2827735|[qnco]|["2+"-tx-15-"2"-integer-0]|TX|2528/1|
00000000|MMI|5.18|2+ Score, WHO|C2981700|[clas]|["2+"-tx-15-"2"-integer-0]|TX|2528/1|
00000000|MMI|5.18|>5|C0439084|[qnco]|[">5"-tx-17-"5"-integer-0]|TX|2760/1|
00000000|MMI|5.18|Able (finding)|C1299581|[fndg]|["Able"-tx-14-"able"-adj-0]|TX|2391/4|
00000000|MMI|5.18|Advanced phase|C0205179|[qlco]|["Advanced"-tx-10-"advanced"-verb-0]|TX|1949/8|
00000000|MMI|5.18|Affecting|C0392760|[ftcn]|["Affecting"-tx-6-"affecting"-verb-0]|TX|1505/9|
00000000|MMI|5.18|Allergic disposition|C3539909|[dsyn]|["Allergy"-tx-6-"ALLERGY"-noun-0]|TX|1238/7|
00000000|MMI|5.18|Allergy - Physicians|C1554743|[prog]|["Allergy"-tx-6-"ALLERGY"-noun-0]|TX|1238/7|
00000000|MMI|5.18|Beginning|C0439659|[tmco]|["Begin"-tx-17-"begins"-verb-0]|TX|2821/6|
00000000|MMI|5.18|CDISC SDTM Procedure Terminology|C3539779|[inpr]|["Procedure"-tx-8-"procedure"-noun-0]|TX|1777/9|
00000000|MMI|5.18|Complication|C0009566|[patf]|["Complications"-tx-6-"Complications"-noun-0]|TX|1489/13|
00000000|MMI|5.18|Control function|C2587213|[ftcn]|["Controlled"-tx-9-"controlled"-verb-0]|TX|1848/10|
00000000|MMI|5.18|Discharge date|C2361123|[tmco]|["Discharge date"-tx-1-"Discharge Date"-noun-0]|TX|121/14|
00000000|MMI|5.18|Discharge date:Time Stamp -- Date and Time:Point in time:^Patient:Quantitative|C2361122|[clna]|["Discharge date"-tx-1-"Discharge Date"-noun-0]|TX|121/14|
00000000|MMI|5.18|Disease Controlled|C2911690|[fndg]|["Controlled"-tx-9-"controlled"-verb-0]|TX|1848/10|
00000000|MMI|5.18|Disposition|C0743223|[idcn]|["Disposition"-tx-3-"DISPOSITION"-noun-0]|TX|403/11|
00000000|MMI|5.18|Disposition Domain|C1705555|[inpr]|["Disposition"-tx-3-"DISPOSITION"-noun-0]|TX|403/11|
00000000|MMI|5.18|Drain device|C0180499|[medd]|["DRAIN"-tx-17-"drain"-verb-0]|TX|2831/5|
00000000|MMI|5.18|Extravasation|C0015376|[patf]|["Leakage"-tx-10-"leakage"-noun-1]|TX|1997/7|
00000000|MMI|5.18|Feces color: tarry|C0474585|[sosy]|["Black stools"-tx-18-"black stools"-noun-0]|TX|2941/12|
00000000|MMI|5.18|Follow|C1719822|[inpr]|["Follow"-tx-20-"follow"-verb-0]|TX|2964/6|
00000000|MMI|5.18|Followed by|C0332283|[tmco]|["follow"-tx-20-"follow"-verb-0]|TX|2964/6|
00000000|MMI|5.18|Involvement with|C1314939|[ftcn]|["Affecting"-tx-6-"affecting"-verb-0]|TX|1505/9|
00000000|MMI|5.18|Not Applicable|C1272460|[qlco]|["NOT APPLICABLE"-tx-1-"Not Applicable"-adj-0]|TX|302/14|
00000000|MMI|5.18|Package Type Not Applicable|C4049872|[ftcn]|["Not Applicable"-tx-1-"Not Applicable"-adj-0]|TX|302/14|
00000000|MMI|5.18|Pharmacogenomics Trial Characteristics Domain|C3714755|[inpr]|["PT"-tx-3-"Pt"-noun-0]|TX|685/2|
00000000|MMI|5.18|Physical Medical Procedure|C3274430|[hlca]|["PROCEDURE"-tx-8-"procedure"-noun-0]|TX|1777/9|
00000000|MMI|5.18|Physical therapy (field)|C0699718|[bmod]|["PT"-tx-3-"Pt"-noun-0]|TX|685/2|
00000000|MMI|5.18|Procedure Domain|C3538935|[inpr]|["Procedure"-tx-8-"procedure"-noun-0]|TX|1777/9|
00000000|MMI|5.18|Reaction|C0443286|[ftcn]|["Reaction"-tx-3-"reaction"-noun-0]|TX|725/8|
00000000|MMI|5.18|Receive|C1514756|[qlco]|["RECEIVED"-tx-13-"received"-verb-0]|TX|2281/8|
00000000|MMI|5.18|Response to antigens|C1314973|[phsf]|["ALLERGY"-tx-6-"ALLERGY"-noun-0]|TX|1238/7|
00000000|MMI|5.18|Revealed|C0443289|[qlco]|["Revealed"-tx-10-"revealed"-verb-0]|TX|1985/8|
00000000|MMI|5.18|S prime|C2603362|[clna]|["S'"-tx-4-"("-noun-0]|TX|1064/1|
00000000|MMI|5.18|Shower (physical object)|C0541748|[mnob]|["Shower"-tx-15-"shower"-verb-0]|TX|2591/6|
00000000|MMI|5.18|Strip Dosing Unit|C1705490|[qnco]|["{Strip}"-tx-16-"strips"-verb-0]|TX|2673/6|
00000000|MMI|5.18|Surgical and medical procedures|C1948041|[topp]|["Procedure"-tx-8-"procedure"-noun-0]|TX|1777/9|
00000000|MMI|5.18|Time (foundation metadata concept)|C3541383|[tmco]|["Time"-tx-16-"time"-noun-0]|TX|2740/4|
00000000|MMI|5.18|Vomiting Adverse Event|C1963281|[patf]|["Vomiting"-tx-18-"vomiting"-verb-0]|TX|2923/8|
00000000|MMI|5.18|latex - non-drug agent|C1692890|[sbst]|["latex"-tx-6-"LATEX"-noun-0]|TX|1325/5|
00000000|MMI|5.18|per second|C0565930|[qnco]|["/s"-tx-4-"("-noun-0]|TX|1064/1|
00000000|MMI|5.18|strip medical device|C1321564|[medd]|["strips"-tx-16-"strips"-verb-0]|TX|2673/6|
00000000|MMI|5.18|treatments and procedures|C0237403|[topp]|["treatments procedures"-tx-8-"TREATMENTS/PROCEDURES"-noun-0]|TX|1641/21|
00000000|MMI|3.98|Condition|C0348080|[qlco]|["Condition"-tx-6-"Conditions"-noun-0]|TX|1463/10|
00000000|MMI|3.98|Condition:Find:Pt:^Patient:Nom|C3864998|[clna]|["Condition"-tx-6-"Conditions"-noun-0]|TX|1463/10|
00000000|MMI|3.98|Logical Condition|C1705253|[cnce]|["Condition"-tx-6-"Conditions"-noun-0]|TX|1463/10|
00000000|MMI|3.98|Take|C1515187|[hlca]|["Take"-tx-15-"taking"-verb-0]|TX|2549/6|
00000000|MMI|3.88|Roux-en-Y gastrojejunostomy|C0585179|[topp]|["Roux-en-Y Gastric Bypass"-tx-8-"ROUX-EN-Y GASTRIC BYPASS"-noun-0]|TX|1610/24|
00000000|MMI|3.81|Altered bowel function|C0278008|[sosy]|["CHANGE IN BOWEL HABITS"-tx-18-"change in bowel habits"-noun-0]|TX|2898/22|
00000000|MMI|3.75|Medication.discharge|C0806915|[fndg]|["Discharge medications"-tx-3-"DISCHARGE MEDICATIONS"-noun-0]|TX|421/21|
00000000|MMI|3.75|Oral Liquid Product|C1273619|[bodm]|["Oral liquid"-tx-3-"ORAL LIQUID"-noun-0]|TX|475/11|
00000000|MMI|3.75|Oral drug preparation|C0304289|[phsu]|["Oral Medications"-tx-9-"oral medications"-noun-0]|TX|1893/16|
00000000|MMI|3.68|ALYREF gene|C1425988|[gngm]|["REF"-tx-3-"ref"-noun-0]|TX|668/3|
00000000|MMI|3.68|Admission activity|C0809949|[hlca]|["Admission"-tx-6-"Admission"-noun-0]|TX|1430/9|
00000000|MMI|3.68|Admission date:Time Stamp -- Date and Time:Point in time:^Patient:Quantitative|C2598112|[clna]|["Admission date"-tx-1-"Admission Date"-noun-0]|TX|80/14|
00000000|MMI|3.68|Attending (action)|C1999232|[ftcn]|["attending"-tx-1-"Attending"-noun-0]|TX|364/9|
00000000|MMI|3.68|Attending (provider role)|C1547429|[prog]|["Attending"-tx-1-"Attending"-noun-0]|TX|364/9|
00000000|MMI|3.68|Date of admission|C1302393|[tmco]|["Admission date"-tx-1-"Admission Date"-noun-0]|TX|80/14|
00000000|MMI|3.68|Fluid behavior|C0444611|[qlco]|["Fluid"-tx-17-"fluid"-noun-0]|TX|2846/5|
00000000|MMI|3.68|Liquid substance|C0302908|[sbst]|["fluid"-tx-17-"fluid"-noun-0]|TX|2846/5|
00000000|MMI|3.68|MICROCEPHALY, EPILEPSY, AND DIABETES SYNDROME|C3280240|[dsyn]|["MEDS"-tx-14-"meds"-noun-1]|TX|2504/4|
00000000|MMI|3.68|Patient controlled epidural analgesia|C1301707|[topp]|["PCEA"-tx-9-"PCEA"-noun-0]|TX|1869/4|
00000000|MMI|3.68|Pills|C0994475|[bodm]|["Pills"-tx-14-"pills"-noun-0]|TX|2521/5|
00000000|MMI|3.68|fluid - substance|C1704353|[sbst]|["Fluid"-tx-17-"fluid"-noun-0]|TX|2846/5|
00000000|MMI|3.67|Principal Diagnosis:-:Point in time:^Patient:-|C2598194|[clna]|["Principal Diagnosis"-tx-6-"PRINCIPAL DIAGNOSIS"-noun-0]|TX|1363/9,1383/9|
00000000|MMI|3.67|Principal diagnosis|C0332137|[qlco]|["Principal Diagnosis"-tx-6-"PRINCIPAL DIAGNOSIS"-noun-0]|TX|1363/9,1383/9|
00000000|MMI|3.65|Report status|C0586177|[fndg]|["Report status"-tx-1-"Report Status"-noun-0]|TX|106/13|
00000000|MMI|3.65|discharge diagnosis|C1555319|[fndg]|["Discharge diagnosis"-tx-6-"DISCHARGE DIAGNOSIS"-noun-0]|TX|1373/19|
00000000|MMI|3.64|Conditional|C1701901|[qlco]|["Contingent"-tx-1-"CONTINGENT"-noun-0]|TX|286/10|
00000000|MMI|3.64|Entered|C1521975|[qlco]|["Entered"-tx-22-"ENTERED"-verb-0]|TX|3137/7|
00000000|MMI|3.64|Indication of (contextual qualifier)|C0392360|[idcn]|["Reason"-tx-4-"Reason"-noun-0]|TX|743/6|
00000000|MMI|3.64|Ready for discharge|C2314972|[fndg]|["Ready for discharge"-tx-14-"ready for discharge"-noun-1]|TX|2438/19|
00000000|MMI|3.64|Removed|C0849355|[qlco]|["remove"-tx-16-"remove"-verb-0]|TX|2725/6|
00000000|MMI|3.64|Removing (action)|C1883720|[acty]|["Remove"-tx-16-"remove"-verb-0]|TX|2725/6|
00000000|MMI|3.64|operate <remove>|C3244314|[ftcn]|["remove"-tx-16-"remove"-verb-0]|TX|2725/6|
00000000|MMI|3.61|*Activity (kind of quantity)|C1561536|[idcn]|["*Activity"-tx-4-"ACTIVITY"-noun-0]|TX|958/8|
00000000|MMI|3.61|ActInformationPrivacyReason <operations>|C3244305|[ftcn]|["operations"-tx-6-"OPERATIONS"-noun-0]|TX|1534/10|
00000000|MMI|3.61|Active|C0205177|[ftcn]|["Activity"-tx-4-"ACTIVITY"-noun-0]|TX|958/8|
00000000|MMI|3.61|Activities|C0441655|[acty]|["ACTIVITY"-tx-4-"ACTIVITY"-noun-0]|TX|958/8|
00000000|MMI|3.61|Activity (animal life circumstance)|C3668946|[fndg]|["Activity"-tx-4-"ACTIVITY"-noun-0]|TX|958/8|
00000000|MMI|3.61|FDA Establishment Activity Terminology|C4049939|[inpr]|["ACTIVITY"-tx-4-"ACTIVITY"-noun-0]|TX|958/8|
00000000|MMI|3.61|HL7PublishingSubSection <operations>|C3244306|[inpr]|["operations"-tx-6-"OPERATIONS"-noun-0]|TX|1534/10|
00000000|MMI|3.61|Percent Activity|C0439167|[qnco]|["% Activity"-tx-4-"ACTIVITY"-noun-0]|TX|958/8|
00000000|MMI|3.61|Physical Activity Measurement|C4049938|[lbpr]|["ACTIVITY"-tx-4-"ACTIVITY"-noun-0]|TX|958/8|
00000000|MMI|3.61|Planned|C1301732|[ftcn]|["Plan"-tx-21-"PLAN"-noun-0]|TX|3083/4|
00000000|MMI|3.61|Swelling|C0038999|[fndg]|["Swollen"-tx-17-"swollen"-adj-0]|TX|2808/7|
00000000|MMI|3.61|Treatment Plan|C0599880|[inpr]|["Plan"-tx-21-"PLAN"-noun-0]|TX|3083/4|
00000000|MMI|3.61|Passing flatus:Find:Pt:Gastrointestinal system:Ord|C4050437|[clna]|["Passing flatus"-tx-11-"passing flatus"-noun-0]|TX|2141/14|
00000000|MMI|3.61|per protocol|C1698058|[ftcn]|["per protocol"-tx-10-"per protocol"-adj-0]|TX|1958/12|
00000000|MMI|3.60|Actigall|C0718244|[orch,phsu]|["Actigall"-tx-4-"ACTIGALL"-noun-0]|TX|892/8|
00000000|MMI|3.60|Laparoscopic approach|C0393360|[spco]|["Laparoscopic"-tx-8-"LAPAROSCOPIC"-noun-0]|TX|1597/12|
00000000|MMI|3.60|Morphine allergy|C0570528|[dsyn]|["allergy morphine"-tx-3-"allergy Morphine"-noun-0]|TX|704/7,715/8|
00000000|MMI|3.59|29+|C3843708|[fndg]|["29+"-tx-1-"29"-fraction-0]|TX|43/2|
00000000|MMI|3.59|Pyrexia of unknown origin (excl puerperal)|C0856281|[sosy]|["puo"-tx-1-"PUO"-noun-0]|TX|12/3|
00000000|MMI|3.59|ActInformationPrivacyReason <service>|C3245478|[idcn]|["service"-tx-1-"Service"-noun-0]|TX|231/7|
00000000|MMI|3.59|Services|C0557854|[ocac]|["Service"-tx-1-"Service"-noun-0]|TX|231/7|
00000000|MMI|3.59|Software Service|C2825316|[mnob]|["Service"-tx-1-"Service"-noun-0]|TX|231/7|
00000000|MMI|3.59|Ambulate|C4036205|[fndg]|["Ambulate"-tx-14-"ambulate"-verb-1]|TX|2399/8|
00000000|MMI|3.59|Assisted (qualifier value)|C1269765|[qlco]|["Assistance"-tx-14-"assistance"-noun-0]|TX|2416/10|
00000000|MMI|3.59|End|C0444930|[spco]|["End"-tx-23-"END"-noun-0]|TX|3210/3|
00000000|MMI|3.59|Responsible to|C1273518|[fndg]|["Responsible"-tx-6-"Responsible"-adj-0]|TX|1394/11|
00000000|MMI|3.59|Stop (qualifier value)|C2746065|[tmco]|["End"-tx-23-"END"-noun-0]|TX|3210/3|
00000000|MMI|3.58|10 days|C1547061|[tmco]|["10 days"-tx-5-"10 days"-noun-0]|TX|1153/7|
00000000|MMI|3.57|Fever symptoms (finding)|C0424755|[fndg]|["Fever"-tx-17-"fever"-noun-0]|TX|2861/5|
00000000|MMI|3.57|Negative|C0205160|[qlco]|["Negative"-tx-8-"negative"-noun-0]|TX|1685/8|
00000000|MMI|3.57|Negative - answer|C3853545|[qlco]|["Negative"-tx-8-"negative"-noun-0]|TX|1685/8|
00000000|MMI|3.57|Negative Charge|C2825491|[qlco]|["Negative"-tx-8-"negative"-noun-0]|TX|1685/8|
00000000|MMI|3.57|Negative Finding|C1513916|[fndg]|["NEGATIVE"-tx-8-"negative"-noun-1]|TX|1685/8|
00000000|MMI|3.57|Negative Number|C2825415|[cnce]|["Negative"-tx-8-"negative"-noun-0]|TX|1685/8|
00000000|MMI|3.57|R prime|C2603358|[clna]|["R'"-tx-8-"R"-noun-0]|TX|1674/1|
00000000|MMI|3.57|Right|C0205090|[spco]|["R-"-tx-8-"R"-noun-0]|TX|1674/1|
00000000|MMI|3.57|heparin, porcine|C0770546|[bacs,orch,phsu]|["HEPARIN"-tx-13-"heparin"-noun-0]|TX|2290/7|
00000000|MMI|3.56|Additional|C1524062|[ftcn]|["Added"-tx-3-"added"-verb-0]|TX|600/5|
00000000|MMI|3.56|Medications:-:Point in time:^Patient:-|C2598133|[clna]|["Medications"-tx-12-"medications"-noun-0]|TX|2264/11|
00000000|MMI|3.56|Medications:Presence or Identity:Duration of the study:^Patient:Nominal|C0802604|[clna]|["Medications"-tx-12-"medications"-noun-0]|TX|2264/11|
00000000|MMI|3.56|Numerous|C0439064|[qnco]|["MULTIPLE"-tx-12-"multiple"-adj-0]|TX|2250/8|
00000000|MMI|3.56|Pharmaceutical Preparations|C0013227|[phsu]|["Medications"-tx-12-"medications"-noun-0]|TX|2264/11|D26
00000000|MMI|3.55|Autumn|C0238715|[tmco]|["Fall"-tx-16-"fall"-noun-0]|TX|2694/4|
00000000|MMI|3.55|Used by|C1273517|[fndg]|["used"-tx-1-"USED"-verb-1]|TX|335/4|
00000000|MMI|3.55|Adjacent|C0205117|[spco]|["next"-tx-5-"next"-adv-0]|TX|1146/4|
00000000|MMI|3.55|Following|C0332282|[tmco]|["Next"-tx-5-"next"-adv-0]|TX|1146/4|
00000000|MMI|3.53|Doctor of Chiropractic|C1512015|[inpr]|["D.C."-tx-1-"D/C"-noun-0]|TX|322/3|
00000000|MMI|3.53|Restricted|C0443288|[ftcn]|["Restriction"-tx-4-"restrictions"-noun-0]|TX|994/12|
00000000|MMI|3.52|in tub bath|C0085676|[fndg]|["tub bath"-tx-15-"tub baths"-noun-1]|TX|2633/9|
00000000|MMI|3.50|Causing|C0678227|[ftcn]|["Causing"-tx-6-"Causing"-adj-0]|TX|1422/7|
00000000|MMI|3.50|Crushing procedure|C0185060|[topp]|["crush"-tx-14-"crush"-noun-0]|TX|2515/5|
00000000|MMI|3.50|Diagnosis Type - Final|C1546485|[idcn]|["Final"-tx-1-"FINAL"-adj-0]|TX|153/5|
00000000|MMI|3.50|End-stage|C0205088|[qlco]|["Final"-tx-1-"FINAL"-adj-0]|TX|153/5|
00000000|MMI|3.50|Final|C3853528|[tmco]|["Final"-tx-1-"FINAL"-adj-0]|TX|153/5|
00000000|MMI|3.50|Initially|C0205265|[tmco]|["Initially"-tx-9-"initially"-adv-0]|TX|1859/9|
00000000|MMI|3.50|Pieris rapae|C1024753|[euka]|["small white"-tx-16-"Small white"-adj-0]|TX|2655/11|
00000000|MMI|3.50|Purulent|C0439665|[qlco]|["Purulent"-tx-17-"purulent"-adj-0]|TX|2837/8|
00000000|MMI|3.50|Yes (indicator)|C1705108|[cnce]|["YES"-tx-1-"YES"-noun-0]|TX|360/3|
00000000|MMI|3.50|Yes - Yes/no indicator|C1549445|[idcn]|["Yes"-tx-1-"YES"-noun-0]|TX|360/3|
00000000|MMI|3.50|dictated - DocumentCompletion|C1609990|[idcn]|["Dictated"-tx-22-"dictated"-adj-0]|TX|3120/8|
00000000|MMI|3.50|dictated - ParticipationMode|C1548384|[ftcn]|["dictated"-tx-22-"dictated"-adj-0]|TX|3120/8|
00000000|MMI|3.49|Medication 3|C3843493|[fndg]|["Medication 3"-tx-15-"medications 3"-noun-1]|TX|2565/13|
00000000|MMI|3.49|9-10|C3843713|[fndg]|["9-10"-tx-1-"9/10"-fraction-0]|TX|96/4|
00000000|MMI|3.48|dvt prophylaxis|C0853245|[topp]|["dvt prophylaxis"-tx-13-"DVT prophylaxis"-noun-0]|TX|2302/15|
00000000|MMI|3.48|Acetaminophen [EPC]|C2917659|[phsu]|["Acetaminophen"-tx-3-"ACETAMINOPHEN"-noun-0]|TX|461/13|
00000000|MMI|3.48|Content Type Requirement|C3889426|[ftcn]|["Requirement"-tx-11-"requirement"-noun-0]|TX|2086/11|
00000000|MMI|3.48|Requirement|C1514873|[ftcn]|["Requirement"-tx-11-"requirement"-noun-0]|TX|2086/11|
00000000|MMI|3.47|Milligram per Milliliter per Milligram|C3898328|[qnco]|["mg/mL/mg"-tx-3-"MG ML MG"-noun-0]|TX|535/2,540/2,554/2|
00000000|MMI|3.47|4+ Answer to question|C3838679|[fndg]|["4+"-tx-16-"4"-integer-0]|TX|2653/1|
00000000|MMI|3.47|Diagnostic interview schedule|C0451119|[inpr]|["DIS"-tx-1-"DIS"-noun-0]|TX|74/3|
00000000|MMI|3.47|Massive|C0522501|[qlco]|["Markedly"-tx-17-"markedly"-adv-0]|TX|2788/8|
00000000|MMI|3.47|Uncomplicated|C0443334|[qlco]|["Uncomplicated"-tx-8-"uncomplicated"-adj-0]|TX|1798/13|
00000000|MMI|3.46|20 pounds|C3845313|[fndg]|["20 pounds"-tx-4-"20 pounds"-noun-0]|TX|1033/9|
00000000|MMI|3.46|Before|C0332152|[tmco]|["Prior to"-tx-11-"prior to"-prep-0]|TX|2156/8|
00000000|MMI|3.46|100%|C3817553|[qnco]|["100%"-tx-4-"100"-integer-0]|TX|878/3|
00000000|MMI|3.46|Primary|C0205225|[qlco]|["Principal"-tx-6-"PRINCIPAL"-adj-0]|TX|1363/9|
00000000|MMI|3.46|Teaching principal|C0401925|[prog]|["Principal"-tx-6-"PRINCIPAL"-adj-0]|TX|1363/9|
00000000|MMI|3.46|Three times daily|C0556984|[tmco]|["TID"-tx-4-"TID"-noun-0]|TX|924/3|
00000000|MMI|3.46|three times a day at institution-specified times|C1610169|[tmco]|["TID"-tx-4-"TID"-noun-0]|TX|924/3|
00000000|MMI|3.45|68|C0450387|[inpr]|["68"-tx-1-"68"-integer-0]|TX|205/2|
00000000|MMI|3.45|Field|C1521738|[cnce]|["Field"-tx-1-"Field"-noun-0]|TX|218/5|
00000000|MMI|3.45|Field's stain|C0440042|[irda]|["Field's"-tx-1-"Field"-noun-0]|TX|218/5|
00000000|MMI|3.45|Force Field|C2349184|[cnce]|["Field"-tx-1-"Field"-noun-0]|TX|218/5|
00000000|MMI|3.45|Greater|C1704243|[qnco]|["Greater"-tx-4-"greater"-adj-0]|TX|1020/7|
00000000|MMI|3.45|In the Field|C3539073|[spco]|["FIELD"-tx-1-"Field"-noun-0]|TX|218/5|
00000000|MMI|3.45|Knowledge Field|C2346620|[cnce]|["Field"-tx-1-"Field"-noun-0]|TX|218/5|
00000000|MMI|3.45|Additional comments|C1830770|[fndg]|["Additional comments"-tx-14-"ADDITIONAL COMMENTS"-noun-1]|TX|2458/19|
00000000|MMI|3.45|Hospital course|C0489547|[fndg]|["Hospital course"-tx-8-"HOSPITAL COURSE"-noun-1]|TX|1734/15|
00000000|MMI|3.45|Hospital course:Finding:Point in time:^Patient:Narrative|C0488549|[clna]|["Hospital course"-tx-8-"HOSPITAL COURSE"-noun-0]|TX|1734/15|
00000000|MMI|3.45|Room of building - Study|C0557651|[mnob]|["Study"-tx-6-"Study"-noun-0]|TX|1412/5|
00000000|MMI|3.45|Study|C2603343|[resa]|["Study"-tx-6-"Study"-noun-0]|TX|1412/5|
00000000|MMI|3.45|Alert|C3665546|[ftcn]|["Alert"-tx-3-"Alert"-noun-0]|TX|573/5|
00000000|MMI|3.45|Alert:Type:Point in time:^Patient:Nominal|C3669039|[clna]|["Alert"-tx-3-"Alert"-noun-0]|TX|573/5|
00000000|MMI|3.45|Consciousness clear|C0239110|[fndg]|["ALERT"-tx-3-"Alert"-noun-0]|TX|573/5|
00000000|MMI|3.44|Gastrointestinal Leak Adverse Event NOS|C1608322|[fndg]|["Leak NOS"-tx-8-"leak"-noun-1]|TX|1698/4|
00000000|MMI|3.44|Leakage Associated with Medical Device|C1881366|[phpr]|["Leak"-tx-8-"leak"-noun-0]|TX|1698/4|
00000000|MMI|3.44|Leaking|C0332234|[ftcn]|["Leak"-tx-8-"leak"-noun-0]|TX|1698/4|
00000000|MMI|3.43|Ranitidine 150 MG|C1123414|[clnd]|["Ranitidine 150 MG"-tx-4-"RANITIDINE 150 MG"-noun-0]|TX|809/10,830/6|
00000000|MMI|3.43|Clinical Nurse Specialist - Perioperative|C1552246|[