00000000|MMI|25.54|Dulcolax|C0591416|[orch,phsu]|["Dulcolax"-tx-4-"Dulcolax"-noun-0]|TX|347/8|D02.455.426.559.389.657.239.132
00000000|MMI|19.25|Lopressor|C0700776|[orch,phsu]|["Lopressor"-tx-2-"Lopressor"-noun-0]|TX|243/9|D02.033.100.624.698.573;D02.033.755.624.698.573;D02.092.063.624.698.573
00000000|MMI|16.22|Blood Pressure|C0005823|[orgf]|["BLOOD PRESSURE"-tx-2-"blood pressure"-noun-0]|TX|314/14|E01.370.600.875.249;G09.330.380.076
00000000|MMI|16.22|Systemic arterial pressure|C1272641|[fndg]|["Blood pressure"-tx-2-"blood pressure"-noun-0]|TX|314/14|G09.330.380.076.347
00000000|MMI|16.22|heart rate|C0018810|[clna]|["Heart Rate"-tx-2-"heart rate"-noun-0]|TX|286/10|E01.370.600.875.500;G09.330.380.500
00000000|MMI|16.07|Phlegmon|C0031557|[patf]|["PHLEGMON"-tx-1-"PHLEGMON"-noun-0]|TX|80/8|C01.539.800.130;C01.539.830.200;C17.300.185;C23.550.470.756.200
00000000|MMI|13.09|Mongolia|C0026410|[geoa]|["MG"-tx-2-"mg"-noun-0]|TX|256/2|Z01.252.474.651
00000000|MMI|13.05|Defecation|C0011135|[orgf]|["Bowel movements"-tx-5-"bowel movements"-noun-0]|TX|398/15|G10.261.326.210
00000000|MMI|12.92|Abdominal Cavity|C0230168|[blor]|["Intraabdominal"-tx-1-"INTRAABDOMINAL"-adj-0]|TX|65/14|A01.923.047.025
00000000|MMI|7.33|Attending (action)|C1999232|[ftcn]|["attending"-tx-6-"Attending"-noun-0,"attending"-tx-1-"ATTENDING"-noun-0]|TX|497/9;179/9|
00000000|MMI|7.33|Attending (provider role)|C1547429|[prog]|["Attending"-tx-6-"Attending"-noun-0,"Attending"-tx-1-"ATTENDING"-noun-0]|TX|497/9;179/9|
00000000|MMI|7.19|Hold (action)|C1948035|[acty]|["Hold"-tx-5-"hold"-verb-0,"Hold"-tx-2-"hold"-verb-0]|TX|372/4;277/4|
00000000|MMI|7.19|Hold - dosing instruction fragment|C1553387|[idcn]|["Hold"-tx-5-"hold"-verb-0,"Hold"-tx-2-"hold"-verb-0]|TX|372/4;277/4|
00000000|MMI|7.19|hold - Data Operation|C3853841|[ftcn]|["hold"-tx-5-"hold"-verb-0,"hold"-tx-2-"hold"-verb-0]|TX|372/4;277/4|
00000000|MMI|7.11|+5|C0728893|[qnco]|["+5"-tx-8-"5"-fraction-0]|TX|[562/1],[572/1]|
00000000|MMI|7.11|>5|C0439084|[qnco]|[">5"-tx-8-"5"-fraction-0]|TX|[562/1],[572/1]|
00000000|MMI|7.08|29+|C3843708|[fndg]|["29+"-tx-1-"29"-fraction-0]|TX|[43/2],[124/2]|
00000000|MMI|6.97|Signature|C1519316|[inpr]|["Signed"-tx-1-"Signed"-noun-0]|TX|[91/6],[147/6]|
00000000|MMI|6.97|signed - ParticipationSignature|C1561610|[inpr]|["signed"-tx-1-"Signed"-noun-0]|TX|[91/6],[147/6]|
00000000|MMI|5.18|+2|C0740116|[qnco]|["+2"-tx-3-"2"-integer-0]|TX|344/1|
00000000|MMI|5.18|1+|C3816745|[fndg]|["1+"-tx-1-"1"-integer-0]|TX|240/1|
00000000|MMI|5.18|1+ Score|C2827734|[qnco]|["1+"-tx-1-"1"-integer-0]|TX|240/1|
00000000|MMI|5.18|1+ Score, WHO|C2981698|[clas]|["1+"-tx-1-"1"-integer-0]|TX|240/1|
00000000|MMI|5.18|2+|C3833492|[fndg]|["2+"-tx-3-"2"-integer-0]|TX|344/1|
00000000|MMI|5.18|2+ Score|C2827735|[qnco]|["2+"-tx-3-"2"-integer-0]|TX|344/1|
00000000|MMI|5.18|2+ Score, WHO|C2981700|[clas]|["2+"-tx-3-"2"-integer-0]|TX|344/1|
00000000|MMI|5.18|55|C0450382|[inpr]|["55"-tx-2-"55"-integer-0]|TX|307/2|
00000000|MMI|5.18|Doctor of Medicine|C1512018|[inpr]|["M.D."-tx-7-"M.D"-noun-0]|TX|528/3|
00000000|MMI|3.75|Discharge date|C2361123|[tmco]|["Discharge date"-tx-1-"Discharge Date"-noun-0]|TX|154/14|
00000000|MMI|3.75|Discharge date:Time Stamp -- Date and Time:Point in time:^Patient:Quantitative|C2361122|[clna]|["Discharge date"-tx-1-"Discharge Date"-noun-0]|TX|154/14|
00000000|MMI|3.68|Document type|C1547673|[inpr]|["Document"-tx-6-"document"-noun-0]|TX|434/8|
00000000|MMI|3.68|Documents|C1301746|[inpr]|["document"-tx-6-"document"-noun-0]|TX|434/8|
00000000|MMI|3.68|Hour|C0439227|[tmco]|["HOURS"-tx-2-"hours"-noun-0]|TX|269/5|
00000000|MMI|3.68|milligram/day|C0439422|[qnco]|["mg/d"-tx-4-"mg d"-noun-0]|TX|359/2,367/1|
00000000|MMI|3.65|Report status|C0586177|[fndg]|["Report status"-tx-1-"Report Status"-noun-0]|TX|132/13|
00000000|MMI|3.63|Admission date:Time Stamp -- Date and Time:Point in time:^Patient:Quantitative|C2598112|[clna]|["Admission date"-tx-1-"Admission Date"-noun-0]|TX|106/14|
00000000|MMI|3.63|Date of admission|C1302393|[tmco]|["Admission date"-tx-1-"Admission Date"-noun-0]|TX|106/14|
00000000|MMI|3.63|Magnesium Cation|C2346927|[elii,phsu]|["Mg++"-tx-2-"mg"-noun-0]|TX|256/2|
00000000|MMI|3.63|Medication.discharge|C0806915|[fndg]|["Discharge medications"-tx-1-"DISCHARGE MEDICATIONS"-noun-0]|TX|217/21|
00000000|MMI|3.63|Milligram percent|C1960952|[qnco]|["mg %"-tx-2-"mg"-noun-0]|TX|256/2|
00000000|MMI|3.63|mg/dL|C0439269|[qnco]|["mg%"-tx-2-"mg"-noun-0]|TX|256/2|
00000000|MMI|3.61|Blood pressure finding|C1271104|[fndg]|["Blood Pressure"-tx-2-"blood pressure"-noun-0]|TX|314/14|
00000000|MMI|3.59|Pyrexia of unknown origin (excl puerperal)|C0856281|[sosy]|["puo"-tx-1-"PUO"-noun-0]|TX|12/3|
00000000|MMI|3.59|Greater|C1704243|[qnco]|["Greater"-tx-5-"greater"-adj-0]|TX|381/7|
00000000|MMI|3.55|dictated - DocumentCompletion|C1609990|[idcn]|["Dictated"-tx-6-"Dictated"-noun-0]|TX|466/8|
00000000|MMI|3.55|dictated - ParticipationMode|C1548384|[ftcn]|["dictated"-tx-6-"Dictated"-noun-0]|TX|466/8|
00000000|MMI|3.50|Six|C0205452|[qnco]|["Six"-tx-2-"six"-word_numeral-0]|TX|265/3|
00000000|MMI|3.47|3+ Answer to Question|C3838680|[fndg]|["3+"-tx-1-"3"-fraction-0]|TX|170/1|
00000000|MMI|3.47|3+ Score|C2827736|[qnco]|["3+"-tx-1-"3"-fraction-0]|TX|170/1|
00000000|MMI|3.47|3+ Score, WHO|C2981702|[clas]|["3+"-tx-1-"3"-fraction-0]|TX|170/1|
00000000|MMI|3.47|<3 (qualifier value)|C0439086|[qnco]|["<3"-tx-1-"3"-fraction-0]|TX|170/1|
00000000|MMI|3.46|Identifier|C0600091|[inpr]|["ID"-tx-8-"ID"-noun-0]|TX|548/2|
00000000|MMI|3.46|Immune diffusion|C1441613|[lbpr]|["ID"-tx-8-"ID"-noun-0]|TX|548/2|
00000000|MMI|3.46|10%|C3842590|[fndg]|["10%"-tx-4-"10"-integer-0]|TX|356/2|
00000000|MMI|3.46|Addendum|C1510776|[inpr]|["Addendum"-tx-1-"ADDENDUM"-noun-0]|TX|208/8|
00000000|MMI|3.46|Diagnostic interview schedule|C0451119|[inpr]|["DIS"-tx-1-"DIS"-noun-0]|TX|100/3|
00000000|MMI|3.46|Discontinued|C1444662|[fndg]|["DIS"-tx-1-"DIS"-noun-0]|TX|100/3|
00000000|MMI|3.46|Intra-abdominal|C1512910|[spco]|["Intra-abdominal"-tx-1-"INTRAABDOMINAL"-adj-0]|TX|65/14|
00000000|MMI|3.46|PR@ gene cluster|C1418864|[gngm]|["PR@"-tx-4-"PR"-noun-0]|TX|362/2|
00000000|MMI|3.46|Per rectum|C4048189|[ftcn]|["PR"-tx-4-"PR"-noun-0]|TX|362/2|
00000000|MMI|3.46|Procedure Domain|C3538935|[inpr]|["PR"-tx-4-"PR"-noun-0]|TX|362/2|
00000000|MMI|3.46|Progesterone Receptor Measurement|C3889640|[lbpr]|["PR"-tx-4-"PR"-noun-0]|TX