00000000|MMI|335.01|Togo|C0040363|[geoa]|["TO"-tx-47-"to"-adv-0,"TO"-tx-37-"to"-adv-0,"TO"-tx-31-"to"-adv-0,"TO"-tx-23-"to"-adv-0,"TO"-tx-22-"to"-adv-0,"TO"-tx-21-"to"-adv-0,"TO"-tx-17-"to"-adv-0,"TO"-tx-5-"to"-adv-0,"TO"-tx-3-"to"-adv-0,"TO"-tx-2-"to"-adv-0]|TX|[4046/2],[4109/2];3156/2;2500/2;1857/2;1817/2;1673/2;1411/2;[705/2],[739/2];576/2;473/2|Z01.058.290.190.800
00000000|MMI|335.01|Tryptophanase|C0041260|[aapp,enzy]|["TO"-tx-47-"to"-adv-0,"TO"-tx-37-"to"-adv-0,"TO"-tx-31-"to"-adv-0,"TO"-tx-23-"to"-adv-0,"TO"-tx-22-"to"-adv-0,"TO"-tx-21-"to"-adv-0,"TO"-tx-17-"to"-adv-0,"TO"-tx-5-"to"-adv-0,"TO"-tx-3-"to"-adv-0,"TO"-tx-2-"to"-adv-0]|TX|[4046/2],[4109/2];3156/2;2500/2;1857/2;1817/2;1673/2;1411/2;[705/2],[739/2];576/2;473/2|D08.811.520.224.800
00000000|MMI|80.86|To|C1883351|[qlco]|["To"-tx-47-"to"-adv-0,"To"-tx-37-"to"-adv-0,"To"-tx-31-"to"-adv-0,"To"-tx-23-"to"-adv-0,"To"-tx-22-"to"-adv-0,"To"-tx-21-"to"-adv-0,"To"-tx-17-"to"-adv-0,"To"-tx-5-"to"-adv-0,"To"-tx-3-"to"-adv-0,"To"-tx-2-"to"-adv-0]|TX|[4046/2],[4109/2];3156/2;2500/2;1857/2;1817/2;1673/2;1411/2;[705/2],[739/2];576/2;473/2|
00000000|MMI|79.63|Lopressor|C0700776|[orch,phsu]|["Lopressor"-tx-48-"Lopressor"-noun-0,"Lopressor"-tx-40-"Lopressor"-noun-0,"Lopressor"-tx-39-"Lopressor"-noun-0,"Lopressor"-tx-38-"Lopressor"-noun-0]|TX|4185/9;3461/9;3387/9;3251/9|D02.033.100.624.698.573;D02.033.755.624.698.573;D02.092.063.624.698.573
00000000|MMI|66.69|Postoperative Period|C0032790|[tmco]|["Postoperative"-tx-41-"postoperative"-noun-0,"Postoperative"-tx-36-"postoperative"-noun-0,"Postoperative"-tx-33-"postoperative"-noun-0,"Postoperative"-tx-28-"postoperative"-adj-0]|TX|3555/13;2937/13;2788/13;2205/13|E04.614.750;N02.421.585.753.750
00000000|MMI|66.66|Pain|C0030193|[sosy]|["PAIN"-tx-49-"pain"-noun-0,"PAIN"-tx-3-"pain"-noun-0,"PAIN"-tx-2-"pain"-noun-0,"PAIN"-tx-1-"PAIN"-noun-0]|TX|4257/4;543/4;440/4;67/4|C10.597.617;C23.888.592.612;F02.830.816.444;G11.561.600.810.444
00000000|MMI|57.80|Ampicillin|C0002680|[antb,orch]|["AMPICILLIN"-tx-45-"ampicillin"-noun-0,"AMPICILLIN"-tx-34-"ampicillin"-noun-0]|TX|3883/10;2852/10|D02.065.589.099.750.750.050;D02.886.108.750.750.050;D03.438.260.825.750.050;D03.605.084.737.750.050;D04.075.080.875.099.221.750.750.050
00000000|MMI|50.11|Dominican Republic|C0013014|[geoa]|["DR"-tx-50-"Dr"-noun-0,"DR"-tx-24-"Dr"-noun-0,"DR"-tx-20-"Dr"-noun-0]|TX|4357/2;1943/2;1614/2|Z01.107.084.900.300;Z01.639.880.300
00000000|MMI|48.50|Levofloxacin|C0282386|[antb,orch]|["LEVOFLOXACIN"-tx-45-"levofloxacin"-noun-0,"LEVOFLOXACIN"-tx-34-"levofloxacin"-noun-0]|TX|3896/12;2865/12|D03.438.810.835.322.500.500
00000000|MMI|44.63|Diet|C0012155|[food]|["regular diet?"-tx-46-"regular diet"-noun-0,"regular diet?"-tx-41-"regular diet"-noun-0,"Diet"-tx-36-"diet"-noun-0]|TX|3941/12;3596/12;2993/4|G07.203.650.240
00000000|MMI|43.79|Patients|C0030705|[podg]|["*^patient"-tx-50-"patient"-noun-0,"*^patient"-tx-44-"patient"-noun-0,"*^patient"-tx-20-"patient"-noun-0,"*^patient"-tx-10-"patient"-noun-0,"*^patient"-tx-1-"patient"-noun-0]|TX|4318/7;3779/7;1562/7;958/7;195/7|M01.643
00000000|MMI|42.15|Flagyl|C0699678|[orch,phsu]|["Flagyl"-tx-45-"Flagyl"-noun-0,"Flagyl"-tx-34-"Flagyl"-noun-0]|TX|3913/6;2882/6|D02.640.672.500;D03.383.129.308.658.500
00000000|MMI|41.00|Abdomen|C0000726|[blor]|["ABDOMEN"-tx-22-"abdomen"-noun-0,"Abdominal"-tx-16-"Abdominal"-adj-0,"ABDOMEN"-tx-13-"Abdomen"-noun-0,"abd"-tx-1-"ABD"-noun-0]|TX|1719/7;1308/9;1053/7;63/3|A01.923.047
00000000|MMI|40.50|Physicians|C0031831|[prog]|["DR"-tx-50-"Dr"-noun-0,"DR"-tx-24-"Dr"-noun-0,"DR"-tx-20-"Dr"-noun-0]|TX|4357/2;1943/2;1614/2|M01.526.485.810;N02.360.810
00000000|MMI|40.02|Diltiazem|C0012373|[orch,phsu]|["DILTIAZEM"-tx-39-"Diltiazem"-noun-0,"DILTIAZEM"-tx-38-"Diltiazem"-noun-0,"DILTIAZEM"-tx-38-"diltiazem"-noun-0]|TX|3413/9;3341/9;3319/9|D03.438.079.150
00000000|MMI|38.79|Accident and Emergency department|C0562508|[hcro]|["Emergency Department"-tx-2-"emergency department"-noun-0,"Emergency Department"-tx-1-"emergency department"-noun-0]|TX|415/20;304/20|N02.278.216.500.968.336;N02.421.297.195;N04.452.442.422.336
00000000|MMI|38.72|Patient Discharge|C0030685|[hlca]|["Discharge"-tx-48-"DISCHARGE"-noun-0,"Discharge"-tx-43-"discharge"-noun-0]|TX|4163/9;3764/9|E02.204.125;E02.760.400.610;N02.421.192.125;N02.421.585.400.610;N04.590.233.727.210.125
00000000|MMI|35.81|Adenosine|C0001443|[bacs,nnon,phsu]|["ADENOSINE"-tx-30-"adenosine"-noun-0,"ADENOSINE"-tx-28-"adenosine"-noun-0]|TX|2448/9;2338/9|D03.438.759.590.138;D13.570.583.138;D13.570.800.096;x.x.x.x
00000000|MMI|35.02|Thinking, function|C0039869|[menp]|["Thought"-tx-37-"thought"-verb-0,"Thought"-tx-17-"thought"-verb-0,"Thought"-tx-2-"thought"-verb-0]|TX|3148/7;1403/7;465/7|F02.463.785
00000000|MMI|32.60|Appendicitis|C0003615|[dsyn]|["APPENDICITIS"-tx-21-"appendicitis"-noun-0,"APPENDICITIS"-tx-5-"appendicitis"-noun-0]|TX|1688/12;754/12|C01.539.463.099;C06.405.205.099;C06.405.469.110.207
00000000|MMI|32.48|Supraventricular tachycardia|C0039240|[dsyn]|["SUPRAVENTRICULAR TACHYCARDIA"-tx-37-"supraventricular tachycardia"-noun-0,"SUPRAVENTRICULAR TACHYCARDIA"-tx-28-"supraventricular tachycardia"-noun-0]|TX|3111/28;2245/28|C14.280.067.845.880;C23.550.073.845.880
00000000|MMI|30.42|Obesity, Morbid|C0028756|[dsyn]|["Morbid Obesity"-tx-1-"morbid obesity"-noun-0]|TX|267/14|C18.654.726.500.700;C23.888.144.699.500.500;E01.370.600.115.100.160.120.699.500.500;G07.100.100.160.120.699.500.500
00000000|MMI|29.46|Abdominal Cavity|C0230168|[blor]|["Abdomen"-tx-22-"abdomen"-noun-0,"Abdomen"-tx-13-"Abdomen"-noun-0]|TX|1719/7;1053/7|A01.923.047.025
00000000|MMI|29.46|Central venous catheter, device|C1145640|[medd]|["CENTRAL LINE"-tx-42-"central line"-noun-0,"CENTRAL LINE"-tx-35-"central line"-noun-0]|TX|3714/12;2892/12|E07.132.750.500
00000000|MMI|29.46|Flatulence|C0016204|[sosy]|["FLATUS"-tx-41-"flatus"-noun-0,"FLATUS"-tx-4-"flatus"-noun-1]|TX|3619/6;675/6|C23.888.821.360
00000000|MMI|28.66|Obesity|C0028754|[dsyn]|["OBESE"-tx-10-"obese"-adj-1]|TX|981/5|C18.654.726.500;C23.888.144.699.500;E01.370.600.115.100.160.120.699.500;G07.100.100.160.120.699.500
00000000|MMI|27.22|Abortion consent:Finding:Point in time:^Patient:Document|C2360836|[clna]|["Patient"-tx-50-"patient"-noun-0,"Patient"-tx-44-"patient"-noun-0,"Patient"-tx-20-"patient"-noun-0,"Patient"-tx-10-"patient"-noun-0,"Patient"-tx-1-"patient"-noun-0]|TX|4318/7;3779/7;1562/7;958/7;195/7|
00000000|MMI|27.22|Hysterectomy consent:Finding:Point in time:^Patient:Document|C2360838|[clna]|["Patient"-tx-50-"patient"-noun-0,"Patient"-tx-44-"patient"-noun-0,"Patient"-tx-20-"patient"-noun-0,"Patient"-tx-10-"patient"-noun-0,"Patient"-tx-1-"patient"-noun-0]|TX|4318/7;3779/7;1562/7;958/7;195/7|
00000000|MMI|27.22|Sterilization consent:Finding:Point in time:^Patient:Document|C2360840|[clna]|["Patient"-tx-50-"patient"-noun-0,"Patient"-tx-44-"patient"-noun-0,"Patient"-tx-20-"patient"-noun-0,"Patient"-tx-10-"patient"-noun-0,"Patient"-tx-1-"patient"-noun-0]|TX|4318/7;3779/7;1562/7;958/7;195/7|
00000000|MMI|26.52|Vomiting|C0042963|[sosy]|["VOMITING"-tx-4-"vomiting"-noun-1,"VOMITING"-tx-3-"vomiting"-noun-0]|TX|634/8;552/8|C23.888.821.937
00000000|MMI|26.29|Operating Room|C0029064|[hcro,mnob]|["OPERATING ROOM"-tx-20-"operating room"-noun-0,"OPERATING ROOM"-tx-5-"operating room"-noun-0]|TX|1587/14;724/14|N02.278.388.700
00000000|MMI|20.95|Appendix|C0003617|[bpoc]|["APPENDIX"-tx-22-"appendix"-noun-0]|TX|1795/8|A03.556.124.526.209.290;A03.556.249.249.209.290
00000000|MMI|20.95|Complete Blood Count|C0009555|[lbpr]|["CBC"-tx-18-"CBC"-noun-0]|TX|1472/3|E01.370.225.500.195.107;E01.370.225.625.107;E05.200.500.195.107;E05.200.625.107;E05.242.195.107;G04.170.107;G09.188.105
00000000|MMI|20.95|Sinus Tachycardia|C0039239|[dsyn]|["SINUS TACHYCARDIA"-tx-37-"sinus tachycardia"-noun-0]|TX|3196/17|C14.280.067.845.880.845;C23.550.073.845.880.845
00000000|MMI|19.34|Weaning|C0043084|[fndg]|["Weaned"-tx-42-"weaned"-verb-0]|TX|3684/6|G07.203.650.220.500.750;G07.203.650.593.762;G07.700.620.762
00000000|MMI|19.20|Analgesics|C0002771|[hops,orch,phsu]|["ANALGESICS"-tx-46-"analgesics"-noun-0]|TX|4017/10|D27.505.696.663.850.014;D27.505.954.427.040
00000000|MMI|17.80|Diabetes Mellitus, Non-Insulin-Dependent|C0011860|[dsyn]|["Noninsulin dependent diabetes mellitus"-tx-6-"Non Insulin dependent diabetes mellitus"-noun-0]|TX|790/39|C18.452.394.750.149;C19.246.300
00000000|MMI|17.80|Echocardiography|C0013516|[diap]|["ECHOCARDIOGRAM"-tx-32-"echocardiogram"-noun-0]|TX|2602/14|E01.370.350.130.750;E01.370.350.850.220;E01.370.370.380.220
00000000|MMI|17.80|Electrocardiogram|C0013798|[fndg]|["Electrocardiograms"-tx-32-"electrocardiograms"-noun-1]|TX|2711/18|E01.370.370.380.240;E01.370.405.240
00000000|MMI|17.80|Phlegmon|C0031557|[patf]|["PHLEGMON"-tx-17-"phlegmon"-noun-0]|TX|1462/8|C01.539.800.130;C01.539.830.200;C17.300.185;C23.550.470.756.200
00000000|MMI|17.80|Visiting Nurses|C0042799|[prog]|["Visiting Nurse"-tx-47-"visiting nurse"-noun-0]|TX|4147/14|M01.526.485.650.655;N02.360.650.655
00000000|MMI|16.39|Show|C1547282|[anim]|["Show"-tx-18-"showed"-verb-0,"Show"-tx-16-"showed"-verb-0,"Show"-tx-15-"showed"-verb-0,"Show"-tx-14-"showed"-verb-0]|TX|1476/6;1340/6;1258/6;1206/6|
00000000|MMI|16.30|Central African Republic|C0007673|[geoa]|["CT"-tx-16-"CT"-noun-0]|TX|1318/2|Z01.058.290.100.120
00000000|MMI|16.23|In Blood|C0005768|[bdsu]|["BLOOD"-tx-18-"blood"-noun-0]|TX|1491/5|x.x.x.x.x
00000000|MMI|16.04|Air|C3536832|[inch,phsu]|["AIR"-tx-16-"air"-noun-0]|TX|1389/3|G16.500.275.063.150;N06.230.300.100.150
00000000|MMI|16.04|Air (substance)|C0001861|[sbst]|["AIR"-tx-16-"air"-noun-0]|TX|1389/3|G16.500.275.063.150;N06.230.300.100.150
00000000|MMI|16.04|Cecum|C0007531|[bpoc]|["Cecal"-tx-16-"cecal"-adj-0]|TX|1354/5|A03.556.124.526.209;A03.556.249.249.209
00000000|MMI|15.79|Decision|C0679006|[menp]|["Call"-tx-51-"call"-verb-0,"Decision"-tx-23-"decision"-noun-0,"Decision"-tx-5-"decision"-noun-0]|TX|4392/4;1839/8;687/8|
00000000|MMI|14.97|Present|C0150312|[qnco]|["Found"-tx-31-"found"-verb-0,"Found"-tx-24-"found"-verb-0,"Found"-tx-22-"found"-verb-0,"Present"-tx-1-"presents"-verb-0]|TX|2494/5;1934/5;1751/5;288/8|
00000000|MMI|14.65|Pain NOS Adverse Event|C1962977|[fndg]|["Pain NOS"-tx-49-"pain"-noun-0,"Pain NOS"-tx-3-"pain"-noun-0,"Pain NOS"-tx-2-"pain"-noun-0,"Pain NOS"-tx-1-"PAIN"-noun-0]|TX|4257/4;543/4;440/4;67/4|
00000000|MMI|14.64|Chest|C0817096|[blor]|["CHEST"-tx-12-"Chest"-noun-0]|TX|1036/5|A01.923.761;A02.835.232.904
00000000|MMI|14.64|Defecation|C0011135|[orgf]|["Bowel movements"-tx-41-"bowel movements"-noun-0]|TX|3630/15|G10.261.326.210
00000000|MMI|14.64|Diabetes Mellitus|C0011849|[dsyn]|["non insulin dependent diabetes Mellitus"-tx-6-"Non Insulin dependent diabetes mellitus"-noun-0]|TX|790/39|C18.452.394.750;C19.246
00000000|MMI|14.64|Needs|C0027552|[qlco]|["Need"-tx-47-"need"-verb-0]|TX|4104/4|N03.349.380.420;N05.300.450
00000000|MMI|14.52|2000s|C0681760|[tmco]|["2000s"-tx-44-"2000"-integer-0,"2000s"-tx-1-"2000"-integer-0]|TX|3822/4;[44/4],[110/4],[158/4]|
00000000|MMI|13.47|Woman|C0043210|[popg]|["WOMAN"-tx-10-"woman"-noun-0,"WOMAN"-tx-1-"woman"-noun-0]|TX|987/5;220/5|M01.975
00000000|MMI|13.28|Tachycardia|C0039231|[patf]|["Tachycardias"-tx-11-"tachycardic"-adj-0]|TX|1023/11|C14.280.067.845;C23.550.073.845
00000000|MMI|13.22|Atrial Fibrillation|C0004238|[dsyn]|["ATRIAL FIBRILLATION"-tx-37-"atrial fibrillation"-noun-0]|TX|3169/19|C14.280.067.198;C23.550.073.198
00000000|MMI|13.14|Ability|C0085732|[orga]|["Able"-tx-22-"able"-adj-0]|TX|1812/4|F02.784.629.131
00000000|MMI|13.10|Myocardial Infarction|C0027051|[dsyn]|["Infarction, Myocardial"-tx-32-"myocardial infarction"-noun-1]|TX|2671/21|C14.280.647.500;C14.907.585.500
00000000|MMI|13.08|Caucasoid Race|C0007457|[popg]|["WHITE"-tx-18-"white"-noun-0]|TX|1485/5|M01.686.508.400
00000000|MMI|13.05|Zantac|C0592278|[orch,phsu]|["Zantac"-tx-33-"Zantac"-noun-0]|TX|2828/6|D03.383.312.750
00000000|MMI|13.03|Cardiology discipline|C0007189|[bmod]|["Cardiology"-tx-38-"Cardiology's"-noun-0]|TX|3269/12|H02.403.429.163
00000000|MMI|13.03|Oxygen|C0030054|[elii,phsu]|["OXYGEN"-tx-42-"oxygen"-noun-0]|TX|3699/6|D01.268.185.550;D01.362.670;x.x.x.x
00000000|MMI|13.01|Magnesium|C0024467|[elii]|["MAGNESIUM"-tx-31-"magnesium"-noun-0]|TX|2514/9|D01.268.552.437;D01.268.557.500;D01.552.547.500;x.x.x.x
00000000|MMI|12.96|In Urine|C0042037|[ftcn]|["URINE"-tx-19-"urine"-noun-0]|TX|1517/5|x.x.x.x
00000000|MMI|12.90|Fever|C0015967|[fndg]|["FEVER"-tx-4-"fever"-noun-1]|TX|651/5|C23.888.119.344
00000000|MMI|12.89|Gangrene|C0017086|[dsyn]|["Gangrenous"-tx-26-"gangrenous"-adj-0]|TX|1995/10|C23.550.717.427
00000000|MMI|11.66|Delayed Release Dosage Form|C1707664|[bodm]|["DR"-tx-50-"Dr"-noun-0,"DR"-tx-24-"Dr"-noun-0,"DR"-tx-20-"Dr"-noun-0]|TX|4357/2;1943/2;1614/2|
00000000|MMI|11.66|Device to Subject Relationship Domain|C3540849|[inpr]|["DR"-tx-50-"Dr"-noun-0,"DR"-tx-24-"Dr"-noun-0,"DR"-tx-20-"Dr"-noun-0]|TX|4357/2;1943/2;1614/2|
00000000|MMI|11.66|Doctor - Title|C2348314|[cnce]|["Dr."-tx-50-"Dr"-noun-0,"Dr."-tx-24-"Dr"-noun-0,"Dr."-tx-20-"Dr"-noun-0]|TX|4357/2;1943/2;1614/2|
00000000|MMI|11.49|Cardiac Arrhythmia|C0003811|[fndg]|["Arrythmia"-tx-30-"arrhythmia"-noun-0]|TX|2464/10|C14.280.067;C23.550.073
00000000|MMI|11.49|Chills|C0085593|[sosy]|["CHILLS"-tx-4-"chills"-noun-0]|TX|661/6|C23.888.208
00000000|MMI|11.49|Diet therapy|C0012159|[hlca]|["Diet"-tx-36-"diet"-noun-0]|TX|2993/4|E02.642.249
00000000|MMI|11.49|Gastroenteritis|C0017160|[dsyn]|["GASTROENTERITIS"-tx-2-"gastroenteritis"-noun-0]|TX|479/15|C06.405.205
00000000|MMI|11.49|Hypotension|C0020649|[fndg]|["HYPOTENSION"-tx-28-"hypotension"-noun-0]|TX|2296/11|C14.907.514
00000000|MMI|11.49|Laboratory|C0022877|[mnob,orgt]|["LABORATORY"-tx-16-"LABORATORY"-noun-0]|TX|1296/10|N02.278.487
00000000|MMI|11.49|Physical Examination|C0031809|[hlca]|["PHYSICAL EXAMINATION"-tx-10-"PHYSICAL EXAMINATION"-noun-0]|TX|932/20|E01.370.600
00000000|MMI|11.36|Right lower quadrant|C0439736|[spco]|["Quadrant, Right Lower"-tx-22-"right lower quadrant"-noun-0,"Quadrant, Right Lower"-tx-21-"right lower quadrant"-noun-0,"Quadrant, Right Lower"-tx-1-"right lower quadrant"-noun-0]|TX|1764/20;1652/20;368/20|
00000000|MMI|11.28|Pharmaceutical Preparations|C0013227|[phsu]|["Medication"-tx-48-"MEDICATION"-noun-0,"Medication"-tx-36-"medication"-noun-0,"Medication"-tx-8-"MEDICATION"-noun-0]|TX|4173/10;3052/10;878/10|D26
00000000|MMI|11.28|medication - HL7 publishing domain|C3244316|[ftcn]|["medication"-tx-48-"MEDICATION"-noun-0,"medication"-tx-36-"medication"-noun-0,"medication"-tx-8-"MEDICATION"-noun-0]|TX|4173/10;3052/10;878/10|
00000000|MMI|11.07|Retained|C0333118|[ftcn]|["Keep"-tx-40-"kept"-verb-0,"Keep"-tx-34-"kept"-verb-0,"Keep"-tx-33-"kept"-verb-0]|TX|3487/4;2844/4;2820/4|
00000000|MMI|10.97|Incision and drainage|C0152277|[topp]|["i d"-tx-49-"i.d"-adv-0,"i d"-tx-47-"i.d"-adv-0,"i d"-tx-40-"i.d"-adv-0]|TX|4280/3;4072/3;3476/3|
00000000|MMI|10.96|day|C0439228|[tmco]|["DAY"-tx-41-"day"-noun-0,"DAYS"-tx-36-"days"-noun-0,"DAY"-tx-33-"day"-noun-0]|TX|3569/3;2951/4;2802/3|
00000000|MMI|10.75|Positive|C1446409|[qlco]|["ruled"-tx-32-"ruled"-verb-0,"Positive"-tx-13-"positive"-adj-0]|TX|2657/5;[1075/8],[1152/8]|
00000000|MMI|10.42|Doctor of Medicine|C1512018|[inpr]|["M.D."-tx-54-"M.D"-noun-0,"M.D."-tx-53-"M.D"-noun-0]|TX|4503/3;4465/3|
00000000|MMI|10.42|Entire abdomen|C1281594|[bpoc]|["Abdomen"-tx-22-"abdomen"-noun-0,"Abdomen"-tx-13-"Abdomen"-noun-0]|TX|1719/7;1053/7|
00000000|MMI|10.42|Nasogastric tube|C0085678|[medd]|["NG tube"-tx-36-"NG tube"-noun-0,"NG tube"-tx-33-"NG tube"-noun-0]|TX|2965/7;2734/7|
00000000|MMI|10.42|Normal diet|C0184625|[dora]|["Regular diet"-tx-46-"regular diet"-noun-0,"Regular diet"-tx-41-"regular diet"-noun-0]|TX|3941/12;3596/12|
00000000|MMI|10.42|Obtain|C1301820|[ftcn]|["Obtained"-tx-32-"obtained"-verb-0,"Obtained"-tx-16-"obtained"-verb-0]|TX|2621/8;1325/8|
00000000|MMI|10.42|Open|C0175566|[spco]|["Open"-tx-23-"open"-verb-0,"Opened"-tx-21-"opened"-verb-0]|TX|1860/4;1641/6|
00000000|MMI|10.06|Drug Allergy|C0013182|[dsyn]|["Drug Allergies"-tx-9-"drug allergies"-noun-1]|TX|916/14|C20.543.206;C25.100.468
00000000|MMI|9.99|Disease Management|C0376636|[hlca]|["management"-tx-29-"management"-noun-0]|TX|2401/10|N04.590.607
00000000|MMI|9.92|Blood|C0005767|[tisu]|["Blood"-tx-18-"blood"-noun-0]|TX|1491/5|A12.207.152;A15.145
00000000|MMI|9.88|Outpatients|C0029921|[podg]|["Outpatient"-tx-47-"outpatient"-noun-0]|TX|4131/10|M01.643.630
00000000|MMI|9.85|Tracheal Extubation|C0553891|[topp]|["Extubate"-tx-27-"extubated"-verb-0]|TX|2147/9|E02.041.249;E05.008
00000000|MMI|9.81|Urine|C0042036|[bdsu]|["URINE"-tx-19-"urine"-noun-0]|TX|1517/5|A12.207.927
00000000|MMI|9.76|Tablet Dosage Form|C0039225|[bodm]|["TAB"-tx-49-"tabs"-noun-0]|TX|4228/4|D26.255.830
00000000|MMI|9.74|Appointments|C0003629|[idcn]|["Appointment"-tx-51-"appointment"-noun-0]|TX|4415/11|N04.452.095
00000000|MMI|8.34|Feces|C0015733|[bdsu]|["STOOL"-tx-14-"stool"-noun-0]|TX|1232/5|A12.459
00000000|MMI|8.34|Hypersensitivity|C0020517|[patf]|["Allergies"-tx-9-"ALLERGIES"-noun-0]|TX|896/9|C20.543
00000000|MMI|8.34|Time|C0040223|[tmco]|["TIME"-tx-45-"time"-noun-0]|TX|3836/4|G01.910
00000000|MMI|8.00|Make - Instruction Imperative|C1881534|[ftcn]|["Make"-tx-23-"made"-verb-0,"Make"-tx-5-"made"-verb-0]|TX|1852/4;700/4|
00000000|MMI|7.53|Ambulate|C4036205|[fndg]|["Ambulate"-tx-46-"ambulating"-verb-0,"Ambulate"-tx-41-"ambulating"-noun-0]|TX|3956/10;3650/10|
00000000|MMI|7.53|Changed status|C0443172|[qnco]|["changes"-tx-47-"changes"-verb-0,"Changed"-tx-38-"changed"-verb-0]|TX|4062/7;3308/7|
00000000|MMI|7.53|Changing|C0392747|[ftcn]|["changes"-tx-47-"changes"-verb-0,"Changed"-tx-38-"changed"-verb-0]|TX|4062/7;3308/7|
00000000|MMI|7.53|Clinical Study Follow-up|C3274571|[hlca]|["FOLLOW-UP"-tx-50-"FOLLOWUP"-noun-0,"FOLLOW-UP"-tx-50-"followup"-noun-0]|TX|4304/8;4343/8|
00000000|MMI|7.53|Follow-Up Report|C1704685|[inpr]|["Follow-Up"-tx-50-"FOLLOWUP"-noun-0,"Follow-Up"-tx-50-"followup"-noun-0]|TX|4304/8;4343/8|
00000000|MMI|7.53|Follow-up status|C0589120|[fndg]|["Follow-up"-tx-50-"FOLLOWUP"-noun-0,"Follow-up"-tx-50-"followup"-noun-0]|TX|4304/8;4343/8|
00000000|MMI|7.53|follow-up|C1522577|[hlca]|["Followup"-tx-50-"FOLLOWUP"-noun-0,"Followup"-tx-50-"followup"-noun-0]|TX|4304/8;4343/8|
00000000|MMI|7.49|Increase|C0442805|[ftcn]|["Increased"-tx-39-"increased"-verb-0,"Increase"-tx-3-"increase"-noun-0]|TX|3401/9;531/8|
00000000|MMI|7.49|Removed|C0849355|[qlco]|["Removed"-tx-36-"removed"-verb-0,"Out"-tx-32-"out"-adv-0]|TX|2977/7;2663/3|
00000000|MMI|7.49|Vomiting Adverse Event|C1963281|[patf]|["Vomiting"-tx-4-"vomiting"-noun-1,"Vomiting"-tx-3-"vomiting"-noun-0]|TX|634/8;552/8|
00000000|MMI|7.36|Gait normal|C0231683|[fndg]|["Normal"-tx-32-"normal"-adj-0,"Normal"-tx-14-"normal"-adj-0]|TX|2640/6;1213/6|
00000000|MMI|7.36|Mean Percent of Normal|C2347086|[qnco]|["% Normal"-tx-32-"normal"-adj-0,"% Normal"-tx-14-"normal"-adj-0]|TX|2640/6;1213/6|
00000000|MMI|7.36|Negation|C1518422|[ftcn]|["Not"-tx-38-"not"-adv-0,"Not"-tx-22-"not"-adv-0]|TX|3224/3;1808/3|
00000000|MMI|7.36|Normal|C0205307|[qlco]|["NORMAL"-tx-32-"normal"-adj-0,"NORMAL"-tx-14-"normal"-adj-0]|TX|2640/6;1213/6|
00000000|MMI|7.36|Percent normal|C0439166|[qnco]|["% normal"-tx-32-"normal"-adj-0,"% normal"-tx-14-"normal"-adj-0]|TX|2640/6;1213/6|
00000000|MMI|7.28|Discontinued|C1444662|[fndg]|["Discontinued"-tx-42-"discontinued"-verb-0,"DIS"-tx-1-"DIS"-noun-0]|TX|3731/12;83/3|
00000000|MMI|7.27|Rate|C1521828|[qnco]|["Rate"-tx-40-"rate"-noun-0,"Rate"-tx-28-"rate"-noun-0]|TX|3525/4;2279/4|
00000000|MMI|7.27|Rating (action)|C0871208|[acty]|["Rate"-tx-40-"rate"-noun-0,"Rate"-tx-28-"rate"-noun-0]|TX|3525/4;2279/4|
00000000|MMI|7.26|Patient location type - Operating Room|C1578465|[spco]|["Operating Room"-tx-20-"operating room"-noun-0,"Operating Room"-tx-5-"operating room"-noun-0]|TX|1587/14;724/14|
00000000|MMI|7.24|50%|C3842586|[fndg]|["50%"-tx-48-"50"-integer-0,"50%"-tx-40-"50"-integer-0]|TX|4195/2;3471/2|
00000000|MMI|7.24|<50|C3843766|[fndg]|["<50"-tx-48-"50"-integer-0,"<50"-tx-40-"50"-integer-0]|TX|4195/2;3471/2|
00000000|MMI|7.22|Course|C0750729|[tmco]|["Course"-tx-45-"course"-noun-0,"Course"-tx-28-"course"-noun-0]|TX|3873/6;2219/6|
00000000|MMI|7.22|Daily|C0332173|[tmco]|["/day"-tx-41-"day"-noun-0,"/day"-tx-33-"day"-noun-0]|TX|3569/3;2802/3|
00000000|MMI|7.22|Place|C0442504|[spco]|["Place"-tx-35-"place"-noun-0,"Place"-tx-33-"place"-noun-0]|TX|2912/5;2749/5|
00000000|MMI|7.22|Place - dosing instruction imperative|C1704765|[ftcn]|["Place"-tx-35-"place"-noun-0,"Place"-tx-33-"place"-noun-0]|TX|2912/5;2749/5|
00000000|MMI|7.22|per day|C0439505|[tmco]|["/day"-tx-41-"day"-noun-0,"/day"-tx-33-"day"-noun-0]|TX|3569/3;2802/3|
00000000|MMI|7.22|put - instruction imperative|C1882509|[acty]|["Place"-tx-35-"place"-noun-0,"Place"-tx-33-"place"-noun-0]|TX|2912/5;2749/5|
00000000|MMI|7.16|Continuous|C0549178|[idcn]|["Continued"-tx-47-"continued"-verb-0,"Continued"-tx-33-"continued"-verb-0]|TX|4115/9;2765/9|
00000000|MMI|7.16|Recommendation|C0034866|[idcn]|["recommendations"-tx-38-"recommendations"-noun-0,"recommendations"-tx-32-"recommendations"-noun-0]|TX|3282/15;2555/15|
00000000|MMI|7.16|+5|C0728893|[qnco]|["+5"-tx-56-"5"-fraction-0]|TX|[4560/1],[4568/1]|
00000000|MMI|7.16|>5|C0439084|[qnco]|[">5"-tx-56-"5"-fraction-0]|TX|[4560/1],[4568/1]|
00000000|MMI|7.12|Patient Condition Code - Stable|C1547311|[inpr]|["Stable"-tx-43-"stable"-adj-0,"Stable"-tx-40-"stable"-adj-0]|TX|3753/6;3518/6|
00000000|MMI|7.12|Stable status|C0205360|[qlco]|["STABLE"-tx-43-"stable"-adj-0,"STABLE"-tx-40-"stable"-adj-0]|TX|3753/6;3518/6|
00000000|MMI|7.10|Supraventricular Tachycardia Adverse Event|C1963244|[patf]|["Supraventricular tachycardia"-tx-37-"supraventricular tachycardia"-noun-0,"Supraventricular tachycardia"-tx-28-"supraventricular tachycardia"-noun-0]|TX|3111/28;2245/28|
00000000|MMI|7.10|Supraventricular Tachycardia by ECG Finding|C3815188|[fndg]|["Supraventricular Tachycardia"-tx-37-"supraventricular tachycardia"-noun-0,"Supraventricular Tachycardia"-tx-28-"supraventricular tachycardia"-noun-0]|TX|3111/28;2245/28|
00000000|MMI|7.09|Stat (do immediately)|C0205548|[tmco]|["Immediately"-tx-38-"immediately"-adv-0,"Immediate"-tx-28-"immediate"-adj-0]|TX|3236/11;2195/9|
00000000|MMI|7.09|Beta (qualifier)|C2004068|[qlco]|["Beta"-tx-30-"beta"-noun-0,"Beta"-tx-28-"beta"-noun-0]|TX|2430/4;2320/4|
00000000|MMI|7.09|Beta greek letter|C0439096|[inpr]|["Beta"-tx-30-"beta"-noun-0,"Beta"-tx-28-"beta"-noun-0]|TX|2430/4;2320/4|
00000000|MMI|7.09|Beta plant|C0330390|[plnt]|["Beta"-tx-30-"beta"-noun-0,"Beta"-tx-28-"beta"-noun-0]|TX|2430/4;2320/4|
00000000|MMI|7.09|Blockade|C3540676|[phsu]|["Blockade"-tx-30-"blockade"-noun-0,"Blockade"-tx-28-"blockade"-noun-0]|TX|2435/8;2325/8|
00000000|MMI|7.09|Blocking|C0332206|[ftcn]|["Blockade"-tx-30-"blockade"-noun-0,"Blockade"-tx-28-"blockade"-noun-0]|TX|2435/8;2325/8|
00000000|MMI|7.06|Percocet|C0086787|[orch,phsu]|["Percocet"-tx-49-"Percocet"-noun-0]|TX|[4215/8],[4294/8]|
00000000|MMI|7.05|Cardiology service|C3887620|[hcro]|["Cardiology"-tx-38-"Cardiology's"-noun-0,"Cardiology service"-tx-32-"Cardiology Service"-noun-0]|TX|3269/12;2578/18|
00000000|MMI|7.04|Tripping|C0221188|[phpr]|["trip"-tx-4-"trip"-noun-0,"trip"-tx-2-"trip"-noun-0]|TX|607/4;403/4|
00000000|MMI|7.02|Operative Surgical Procedures|C0543467|[hlca]|["Surgical"-tx-29-"Surgical"-adj-0,"Operation"-tx-24-"operation"-noun-0]|TX|2376/8;1917/9|E04
00000000|MMI|7.00|First (number)|C0205435|[qnco]|["First"-tx-33-"first"-adj-0,"First"-tx-2-"first"-adj-0]|TX|2782/5;397/5|
00000000|MMI|7.00|Firstly|C1279901|[qlco]|["First"-tx-33-"first"-adj-0,"First"-tx-2-"first"-adj-0]|TX|2782/5;397/5|
00000000|MMI|6.99|Body Fluid Discharge|C0012621|[bdsu]|["Discharge"-tx-48-"DISCHARGE"-noun-0,"Discharge"-tx-43-"discharge"-noun-0]|TX|4163/9;3764/9|
00000000|MMI|6.99|Discharge, body substance|C2926602|[bdsu]|["Discharge"-tx-48-"DISCHARGE"-noun-0,"Discharge"-tx-43-"discharge"-noun-0]|TX|4163/9;3764/9|
00000000|MMI|6.97|Signature|C1519316|[inpr]|["Signed"-tx-1-"Signed"-noun-0]|TX|[74/6],[130/6]|
00000000|MMI|6.97|signed - ParticipationSignature|C1561610|[inpr]|["signed"-tx-1-"Signed"-noun-0]|TX|[74/6],[130/6]|
00000000|MMI|6.93|Precision - second|C1561503|[idcn]|["second"-tx-37-"second"-adj-0,"second"-tx-4-"second"-adj-0]|TX|3093/6;600/6|
00000000|MMI|6.93|Second Suffix|C1705190|[qlco]|["Second"-tx-37-"second"-adj-0,"Second"-tx-4-"second"-adj-0]|TX|3093/6;600/6|
00000000|MMI|6.93|per second|C0565930|[qnco]|["/second"-tx-37-"second"-adj-0,"/second"-tx-4-"second"-adj-0]|TX|3093/6;600/6|
00000000|MMI|6.93|second (number)|C0205436|[qnco]|["Second"-tx-37-"second"-adj-0,"Second"-tx-4-"second"-adj-0]|TX|3093/6;600/6|
00000000|MMI|6.93|seconds|C0457385|[tmco]|["SECOND"-tx-37-"second"-adj-0,"SECOND"-tx-4-"second"-adj-0]|TX|3093/6;600/6|
00000000|MMI|6.90|Positive Charge|C2825490|[qlco]|["Positive"-tx-13-"positive"-adj-0]|TX|[1075/8],[1152/8]|
00000000|MMI|6.90|Positive Finding|C1514241|[fndg]|["POSITIVE"-tx-13-"positive"-adj-0]|TX|[1075/8],[1152/8]|
00000000|MMI|6.90|Positive Number|C3812269|[cnce]|["Positive"-tx-13-"positive"-adj-0]|TX|[1075/8],[1152/8]|
00000000|MMI|6.90|percent positive cells|C0439178|[qnco]|["% Positive"-tx-13-"positive"-adj-0]|TX|[1075/8],[1152/8]|
00000000|MMI|6.66|Periodicals|C0031082|[inpr]|["serial"-tx-32-"serial"-adj-0]|TX|2696/6|V02.690
00000000|MMI|5.18|Anterior thoracic region|C1527391|[blor]|["Chest"-tx-12-"Chest"-noun-0]|TX|1036/5|
00000000|MMI|5.18|August|C3831448|[qlco]|["August"-tx-44-"August"-noun-0]|TX|3813/6|
00000000|MMI|5.18|Basal Diet|C2983588|[food]|["DIET"-tx-36-"diet"-noun-0]|TX|2993/4|
00000000|MMI|5.18|CERVICAL MOTION TENDERNESS|C0238953|[fndg]|["CERVICAL MOTION TENDERNESS"-tx-15-"cervical motion tenderness"-noun-1]|TX|1268/26|
00000000|MMI|5.18|Call (Instruction)|C1947967|[ftcn]|["Call"-tx-51-"call"-verb-0]|TX|4392/4|
00000000|MMI|5.18|Clear|C2963144|[qlco]|["Clear"-tx-12-"clear"-adj-0]|TX|1046/5|
00000000|MMI|5.18|Complete|C0205197|[qlco]|["COMPLETED"-tx-45-"completed"-verb-0]|TX|3855/9|
00000000|MMI|5.18|Delta (difference)|C1705241|[qnco]|["Change"-tx-47-"changes"-verb-0]|TX|4062/7|
00000000|MMI|5.18|Diet (animal life circumstance)|C3668949|[food]|["Diet"-tx-36-"diet"-noun-0]|TX|2993/4|
00000000|MMI|5.18|Diffuse|C0205219|[qlco]|["DIFFUSE"-tx-2-"diffuse"-adj-0]|TX|449/7|
00000000|MMI|5.18|Echocardiogram (image)|C2243117|[inpr]|["Echocardiogram"-tx-32-"echocardiogram"-noun-0]|TX|2602/14|
00000000|MMI|5.18|Entire appendix|C1269000|[bpoc]|["Appendix"-tx-22-"appendix"-noun-0]|TX|1795/8|
00000000|MMI|5.18|Floor (anatomic)|C3714591|[anst]|["Floor"-tx-27-"floor"-noun-0]|TX|2184/5|
00000000|MMI|5.18|Floor - story of building|C1547707|[geoa]|["Floor"-tx-27-"floor"-noun-0]|TX|2184/5|
00000000|MMI|5.18|H/O: surgery|C0455610|[fndg]|["Past surgical history"-tx-7-"PAST SURGICAL HISTORY"-noun-0]|TX|849/21|
00000000|MMI|5.18|Hospital course|C0489547|[fndg]|["Hospital course"-tx-20-"HOSPITAL COURSE"-noun-0]|TX|1541/15|
00000000|MMI|5.18|Hospital course:Finding:Point in time:^Patient:Narrative|C0488549|[clna]|["Hospital course"-tx-20-"HOSPITAL COURSE"-noun-0]|TX|1541/15|
00000000|MMI|5.18|Hypotension Adverse Event|C3163620|[fndg]|["Hypotension"-tx-28-"hypotension"-noun-0]|TX|2296/11|
00000000|MMI|5.18|Increased|C0205217|[qnco]|["Increased"-tx-39-"increased"-verb-0]|TX|3401/9|
00000000|MMI|5.18|Initially|C0205265|[tmco]|["Initially"-tx-21-"initially"-adv-0]|TX|1631/9|
00000000|MMI|5.18|Injury wounds|C0043250|[inpo]|["WOUNDS"-tx-47-"wounds"-noun-0]|TX|4084/6|
00000000|MMI|5.18|Laboratory domain|C3244292|[ftcn]|["laboratory"-tx-16-"LABORATORY"-noun-0]|TX|1296/10|
00000000|MMI|5.18|Manual pelvic examination (procedure)|C0200045|[diap]|["Pelvic Examination"-tx-15-"Pelvic examination"-noun-0]|TX|1239/18|
00000000|MMI|5.18|Medical History|C0262926|[fndg]|["Past Medical History"-tx-6-"PAST MEDICAL HISTORY"-noun-0]|TX|768/20|
00000000|MMI|5.18|Midline incision|C0456276|[topp]|["Midline incision"-tx-23-"midline incision"-noun-0]|TX|1869/16|
00000000|MMI|5.18|Moist|C0205381|[qlco]|["Wet"-tx-47-"wet"-verb-0]|TX|4042/3|
00000000|MMI|5.18|Month of May|C3812381|[tmco]|["May"-tx-20-"May"-noun-0]|TX|1605/3|
00000000|MMI|5.18|Negative|C0205160|[qlco]|["Negative"-tx-19-"negative"-adj-0]|TX|1531/8|
00000000|MMI|5.18|Negative - answer|C3853545|[qlco]|["Negative"-tx-19-"negative"-adj-0]|TX|1531/8|
00000000|MMI|5.18|Negative Charge|C2825491|[qlco]|["Negative"-tx-19-"negative"-adj-0]|TX|1531/8|
00000000|MMI|5.18|Negative Finding|C1513916|[fndg]|["NEGATIVE"-tx-19-"negative"-adj-0]|TX|1531/8|
00000000|MMI|5.18|Negative Number|C2825415|[cnce]|["Negative"-tx-19-"negative"-adj-0]|TX|1531/8|
00000000|MMI|5.18|Negative Surgical Margin|C1709157|[fndg]|["Clear"-tx-12-"clear"-adj-0]|TX|1046/5|
00000000|MMI|5.18|Nuclear cap binding complex location|C2263086|[celc]|["CBC"-tx-18-"CBC"-noun-0]|TX|1472/3|
00000000|MMI|5.18|One|C0205447|[qnco]|["ONE"-tx-37-"one"-noun-0]|TX|3067/3|
00000000|MMI|5.18|PMH - past medical history|C0455458|[fndg]|["Past medical history"-tx-6-"PAST MEDICAL HISTORY"-noun-0]|TX|768/20|
00000000|MMI|5.18|Patient need for (contextual qualifier)|C0686904|[ftcn]|["need"-tx-47-"need"-verb-0]|TX|4104/4|
00000000|MMI|5.18|Performed|C0884358|[ftcn]|["Performed"-tx-27-"performed"-verb-0]|TX|2078/9|
00000000|MMI|5.18|Periumbilical pain|C1096624|[fndg]|["Periumbilical pain"-tx-1-"periumbilical pain"-noun-0]|TX|330/18|
00000000|MMI|5.18|Point|C3714763|[spco]|["Point"-tx-37-"point"-verb-0]|TX|3071/5|
00000000|MMI|5.18|Point Name|C2347617|[qnco]|["point"-tx-37-"point"-verb-0]|TX|3071/5|
00000000|MMI|5.18|Receive|C1514756|[qlco]|["RECEIVED"-tx-47-"received"-verb-0]|TX|4033/8|
00000000|MMI|5.18|Rectal examination|C0199900|[diap]|["Rectal examination"-tx-14-"Rectal examination"-noun-0]|TX|1187/18|
00000000|MMI|5.18|Regulatory Report|C3273238|[inpr]|["Report"-tx-26-"report"-noun-0]|TX|1978/6|
00000000|MMI|5.18|Report (document)|C0684224|[inpr]|["Report"-tx-26-"report"-noun-0]|TX|1978/6|
00000000|MMI|5.18|Reporting|C0700287|[hlca]|["Report"-tx-26-"report"-noun-0]|TX|1978/6|
00000000|MMI|5.18|Resolution|C2699488|[cnce]|["Resolved"-tx-30-"resolved"-verb-0]|TX|2475/8|
00000000|MMI|5.18|Resolved|C3714811|[fndg]|["Resolved"-tx-30-"resolved"-verb-0]|TX|2475/8|
00000000|MMI|5.18|Resolved License|C3897700|[ftcn]|["Resolved"-tx-30-"resolved"-verb-0]|TX|2475/8|
00000000|MMI|5.18|Right hemicolectomy|C0192861|[topp]|["Right Colectomy"-tx-26-"right colectomy"-noun-0]|TX|2052/15|
00000000|MMI|5.18|Rovsing's sign|C0277976|[sosy]|["Rovsing sign"-tx-13-"Rovsing's sign"-noun-0]|TX|1171/14|
00000000|MMI|5.18|Sinus Tachycardia Adverse Event|C1963246|[fndg]|["Sinus tachycardia"-tx-37-"sinus tachycardia"-noun-0]|TX|3196/17|
00000000|MMI|5.18|Slow|C0439834|[qlco]|["Slowly"-tx-36-"slowly"-adv-0]|TX|2998/6|
00000000|MMI|5.18|Special Diet Therapy|C1519433|[topp]|["DIET"-tx-36-"diet"-noun-0]|TX|2993/4|
00000000|MMI|5.18|Stabilized (qualifier value)|C0184512|[qlco]|["Stabilized"-tx-39-"stabilized"-verb-0]|TX|3362/10|
00000000|MMI|5.18|Stool seat|C0183622|[medd]|["Stool"-tx-14-"stool"-noun-0]|TX|1232/5|
00000000|MMI|5.18|Surgical transfer - action|C0348011|[ftcn]|["transferred"-tx-27-"transferred"-verb-0]|TX|2135/11|
00000000|MMI|5.18|Take|C1515187|[hlca]|["Take"-tx-5-"take"-verb-0]|TX|708/4|
00000000|MMI|5.18|Third|C0205437|[qnco]|["Third"-tx-41-"third"-adv-0]|TX|3538/5|
00000000|MMI|5.18|Time (foundation metadata concept)|C3541383|[tmco]|["Time"-tx-45-"time"-noun-0]|TX|3836/4|
00000000|MMI|5.18|To be stopped|C1272691|[qlco]|["stopped"-tx-39-"stopped"-verb-0]|TX|3423/7|
00000000|MMI|5.18|Transfer Technique|C1705822|[ftcn]|["Transferred"-tx-27-"transferred"-verb-0]|TX|2135/11|
00000000|MMI|5.18|Type II Diabetes Mellitus Pathway|C2984301|[ftcn]|["non insulin dependent diabetes mellitus"-tx-6-"Non Insulin dependent diabetes mellitus"-noun-0]|TX|790/39|
00000000|MMI|5.18|Unable|C1299582|[fndg]|["Unable"-tx-3-"unable"-adj-0]|TX|569/6|
00000000|MMI|5.18|Visual|C0234621|[ftcn]|["Visualized"-tx-22-"visualized"-verb-0]|TX|1823/10|
00000000|MMI|5.18|Wounds - qualifier|C0021501|[fndg]|["wounds"-tx-47-"wounds"-noun-0]|TX|4084/6|
00000000|MMI|5.18|completed - RoleLinkStatus|C3854010|[idcn]|["completed"-tx-45-"completed"-verb-0]|TX|3855/9|
00000000|MMI|5.18|continuous electrocardiogram sinus tachycardia|C2108109|[fndg]|["Sinus Tachycardia"-tx-37-"sinus tachycardia"-noun-0]|TX|3196/17|
00000000|MMI|5.18|diet controlled|C0743195|[topp]|["diet controlled"-tx-6-"diet controlled"-adj-0]|TX|832/15|
00000000|MMI|5.18|floor (object)|C0016249|[mnob]|["Floor"-tx-27-"floor"-noun-0]|TX|2184/5|
00000000|MMI|5.18|physiologic resolution|C1514893|[patf]|["Resolved"-tx-30-"resolved"-verb-0]|TX|2475/8|
00000000|MMI|5.18|point - UnitsOfMeasure|C1552961|[qnco]|["POINT"-tx-37-"point"-verb-0]|TX|3071/5|
00000000|MMI|4.19|Discharge to home|C0184713|[topp]|["Discharge to home"-tx-44-"discharged to home"-noun-0]|TX|3791/18|
00000000|MMI|3.98|Pass (indicator)|C2828386|[fndg]|["Pass"-tx-41-"passing"-verb-0]|TX|3611/7|
00000000|MMI|3.82|Tachycardia by ECG Finding|C3827868|[fndg]|["TACHYCARDIA"-tx-11-"tachycardic"-adj-0]|TX|1023/11|
00000000|MMI|3.75|Atrial Fibrillation Adverse Event|C1963067|[fndg]|["Atrial fibrillation"-tx-37-"atrial fibrillation"-noun-0]|TX|3169/19|
00000000|MMI|3.75|Atrial Fibrillation by ECG Finding|C0344434|[lbtr]|["Atrial Fibrillation"-tx-37-"atrial fibrillation"-noun-0]|TX|3169/19|
00000000|MMI|3.75|Discharge date|C2361123|[tmco]|["Discharge date"-tx-1-"Discharge Date"-noun-0]|TX|137/14|
00000000|MMI|3.75|Discharge date:Time Stamp -- Date and Time:Point in time:^Patient:Quantitative|C2361122|[clna]|["Discharge date"-tx-1-"Discharge Date"-noun-0]|TX|137/14|
00000000|MMI|3.75|Dry dressing, device|C3494912|[medd]|["Dry dressing"-tx-47-"dry dressing"-noun-0]|TX|4049/12|
00000000|MMI|3.75|Operative report|C1269801|[inpr]|["Operative Report"-tx-25-"operative report"-noun-0]|TX|1957/16|
00000000|MMI|3.68|milligram/day|C0439422|[qnco]|["mg/d"-tx-48-"mg d"-noun-0]|TX|4198/2,4210/1|
00000000|MMI|3.68|% index|C1637833|[qnco]|["% index"-tx-55-"Index"-noun-0]|TX|4536/5|
00000000|MMI|3.68|Able (finding)|C1299581|[fndg]|["Able"-tx-22-"able"-adj-1]|TX|1812/4|
00000000|MMI|3.68|Administration occupational activities|C0001554|[ocac]|["Management"-tx-29-"management"-noun-0]|TX|2401/10|
00000000|MMI|3.68|Attending (action)|C1999232|[ftcn]|["attending"-tx-54-"Attending"-noun-0]|TX|4475/9|
00000000|MMI|3.68|Attending (provider role)|C1547429|[prog]|["Attending"-tx-54-"Attending"-noun-0]|TX|4475/9|
00000000|MMI|3.68|CDISC SDTM Procedure Terminology|C3539779|[inpr]|["Procedure"-tx-27-"procedure"-noun-0]|TX|2112/9|
00000000|MMI|3.68|Cancer/Testis Antigen|C3813556|[aapp]|["CT"-tx-16-"CT"-noun-0]|TX|1318/2|
00000000|MMI|3.68|Computed Tomography Study File|C3888140|[inpr]|["CT"-tx-16-"CT"-noun-0]|TX|1318/2|
00000000|MMI|3.68|Home environment|C0442519|[cnce]|["HOME"-tx-3-"home"-noun-0]|TX|513/4|
00000000|MMI|3.68|Html Link Type - index|C1552854|[idcn]|["index"-tx-55-"Index"-noun-0]|TX|4536/5|
00000000|MMI|3.68|Index|C0918012|[inpr]|["Index"-tx-55-"Index"-noun-0]|TX|4536/5|
00000000|MMI|3.68|Interventional procedure|C0184661|[topp]|["Procedure"-tx-27-"procedure"-noun-0]|TX|2112/9|
00000000|MMI|3.68|Management Occupations|C3273539|[ocdi]|["Management"-tx-29-"management"-noun-0]|TX|2401/10|
00000000|MMI|3.68|Management procedure|C1273870|[ocac]|["Management"-tx-29-"management"-noun-0]|TX|2401/10|
00000000|MMI|3.68|Materials|C0520510|[sbst]|["Material"-tx-22-"material"-noun-0]|TX|1738/8|
00000000|MMI|3.68|P Blood group antibodies|C0369773|[aapp,imft]|["P NOS"-tx-3-"p"-noun-0]|TX|588/1|
00000000|MMI|3.68|P prime|C2603361|[clna]|["P'"-tx-3-"p"-noun-0]|TX|588/1|
00000000|MMI|3.68|PCYT1A wt Allele|C3540513|[gngm]|["CT"-tx-16-"CT"-noun-0]|TX|1318/2|
00000000|MMI|3.68|Physical Medical Procedure|C3274430|[hlca]|["PROCEDURE"-tx-27-"procedure"-noun-0]|TX|2112/9|
00000000|MMI|3.68|Procedure (set of actions)|C2700391|[acty]|["Procedure"-tx-27-"procedure"-noun-0]|TX|2112/9|
00000000|MMI|3.68|Procedure Domain|C3538935|[inpr]|["Procedure"-tx-27-"procedure"-noun-0]|TX|2112/9|
00000000|MMI|3.68|Surgical and medical procedures|C1948041|[topp]|["Procedure"-tx-27-"procedure"-noun-0]|TX|2112/9|
00000000|MMI|3.67|History of present illness|C0262512|[orga]|["HISTORY OF PRESENT ILLNESS"-tx-1-"HISTORY OF PRESENT ILLNESS"-noun-0]|TX|163/26|
00000000|MMI|3.67|History of present illness:Finding:Point in time:^Patient:Nominal:Reported|C0488508|[clna]|["History of present illness"-tx-1-"HISTORY OF PRESENT ILLNESS"-noun-0]|TX|163/26|
00000000|MMI|3.65|Docusate Sodium 100 MG|C3153447|[clnd]|["Docusate Sodium 100 MG"-tx-49-"Colace 100 mg"-noun-0]|TX|4264/13|
00000000|MMI|3.65|One day|C3844320|[fndg]|["One day"-tx-4-"one day"-noun-0]|TX|612/7|
00000000|MMI|3.65|Report status|C0586177|[fndg]|["Report status"-tx-1-"Report Status"-noun-0]|TX|115/13|
00000000|MMI|3.64|Electrocardiogram: myocardial infarction (finding)|C0428953|[lbtr]|["MYOCARDIAL INFARCTION"-tx-32-"myocardial infarction"-noun-1]|TX|2671/21|
00000000|MMI|3.64|Followed by|C0332283|[tmco]|["Followed by"-tx-38-"followed by"-verb-0]|TX|3329/11|
00000000|MMI|3.64|Left lower quadrant|C0439737|[spco]|["Left lower quadrant"-tx-13-"left lower quadrant"-noun-0]|TX|1127/19|
00000000|MMI|3.64|Myocardial Infarction ECG Assessment|C3810814|[diap]|["Myocardial Infarction"-tx-32-"myocardial infarction"-noun-0]|TX|2671/21|
00000000|MMI|3.64|Myocardial infarction:Finding:Point in time:^Patient:Ordinal|C2926063|[clna]|["Myocardial infarction"-tx-32-"myocardial infarction"-noun-0]|TX|2671/21|
00000000|MMI|3.64|Patient transfer to intensive care unit|C1275717|[hlca]|["Transfer to ICU"-tx-29-"transferred to ICU"-noun-0]|TX|2357/14,2385/3|
00000000|MMI|3.64|Sinus rhythm|C0232201|[fndg]|["SINUS RHYTHM"-tx-40-"sinus rhythm"-noun-0]|TX|3499/12|
00000000|MMI|3.64|Stable Disease|C0677946|[fndg]|["Stable condition"-tx-27-"stable condition"-noun-0]|TX|2160/16|
00000000|MMI|3.64|Stable chronic Graft vs Host Disease|C3538874|[fndg]|["Stable condition"-tx-27-"stable condition"-noun-0]|TX|2160/16|
00000000|MMI|3.64|dictated - DocumentCompletion|C1609990|[idcn]|["Dictated"-tx-52-"Dictated"-verb-0]|TX|4428/8|
00000000|MMI|3.64|dictated - ParticipationMode|C1548384|[ftcn]|["dictated"-tx-52-"Dictated"-verb-0]|TX|4428/8|
00000000|MMI|3.63|Admission date:Time Stamp -- Date and Time:Point in time:^Patient:Quantitative|C2598112|[clna]|["Admission date"-tx-1-"Admission Date"-noun-0]|TX|89/14|
00000000|MMI|3.63|Date of admission|C1302393|[tmco]|["Admission date"-tx-1-"Admission Date"-noun-0]|TX|89/14|
00000000|MMI|3.62|Tenderness-right|C3840829|[fndg]|["Tenderness-right"-tx-13-"tenderness right"-noun-0]|TX|1099/10,1117/5|
00000000|MMI|3.61|Batch (Response Modality)|C1550176|[inpr]|["Batch"-tx-55-"Batch"-noun-0]|TX|4524/5|
00000000|MMI|3.61|Batch (group)|C1948031|[qnco]|["Batch"-tx-55-"Batch"-noun-0]|TX|4524/5|
00000000|MMI|3.61|Batch Number|C3641829|[inpr]|["BATCH"-tx-55-"Batch"-noun-0]|TX|4524/5|
00000000|MMI|3.61|Caucasians|C0043157|[popg]|["WHITE"-tx-18-"white"-noun-0]|TX|1485/5|
00000000|MMI|3.61|Count|C0750480|[qnco]|["Count"-tx-18-"count"-noun-0]|TX|1497/5|
00000000|MMI|3.61|Count Dosing Unit|C1705566|[qnco]|["COUNT"-tx-18-"count"-noun-0]|TX|1497/5|
00000000|MMI|3.61|White color|C0220938|[qlco]|["WHITE"-tx-18-"white"-noun-0]|TX|1485/5|
00000000|MMI|3.61|peripheral blood|C0229664|[bdsu]|["BLOOD"-tx-18-"blood"-noun-0]|TX|1491/5|
00000000|MMI|3.59|Pyrexia of unknown origin (excl puerperal)|C0856281|[sosy]|["puo"-tx-1-"PUO"-noun-0]|TX|12/3|
00000000|MMI|3.59|Advanced phase|C0205179|[qlco]|["Advanced"-tx-36-"advanced"-verb-0]|TX|3005/8|
00000000|MMI|3.59|Episode of|C0332189|[tmco]|["Episode of"-tx-37-"episode of"-noun-0]|TX|3100/10|
00000000|MMI|3.59|Radiating to|C0332301|[ftcn]|["Radiating to"-tx-1-"radiating to"-verb-0]|TX|351/12|
00000000|MMI|3.59|Use of|C1524063|[ftcn]|["Use of"-tx-30-"use of"-noun-0]|TX|2423/6|
00000000|MMI|3.59|stress-induced premature senescence|C3157027|[celf]|["SIPS"-tx-36-"sips"-noun-0]|TX|3019/4|
00000000|MMI|3.59|TONICS|C3543842|[phsu]|["tonic"-tx-14-"tone"-noun-0]|TX|1220/4|
00000000|MMI|3.57|trace amount|C0442822|[qnco]|["MINIMAL amount"-tx-46-"minimal amounts"-noun-0]|TX|3993/15|
00000000|MMI|3.57|Complicated|C0231242|[ftcn]|["Complicated"-tx-28-"complicated"-verb-0]|TX|2230/11|
00000000|MMI|3.57|Details|C1522508|[qlco]|["Details"-tx-24-"Details"-noun-0]|TX|1902/7|
00000000|MMI|3.57|Dosage|C0178602|[qnco]|["DOSE"-tx-39-"dose"-noun-0]|TX|3379/4|
00000000|MMI|3.57|Dose number:Number:Point in time:^Patient:Quantitative|C1114758|[clna]|["Dose #"-tx-39-"dose"-noun-0]|TX|3379/4|
00000000|MMI|3.57|Out (direction)|C0439787|[spco]|["Out"-tx-32-"out"-adv-0]|TX|2663/3|
00000000|MMI|3.57|Patient Class - Outpatient|C1549405|[clas]|["Outpatient"-tx-47-"outpatient"-noun-0]|TX|4131/10|
00000000|MMI|3.57|Referral category - Outpatient|C1548439|[idcn]|["Outpatient"-tx-47-"outpatient"-noun-0]|TX|4131/10|
00000000|MMI|3.57|Unit dose|C0869039|[qnco]|["Dose"-tx-39-"dose"-noun-0]|TX|3379/4|
00000000|MMI|3.56|Colon part|C1299140|[bpoc]|["colon Portion"-tx-26-"portions colon"-noun-0]|TX|2006/8,2028/5|
00000000|MMI|3.56|Consistent with|C0332290|[idcn]|["Consistent"-tx-17-"consistent"-adj-0]|TX|1417/10|
00000000|MMI|3.56|Office|C0442603|[mnob]|["Office"-tx-51-"office"-noun-0]|TX|4401/6|
00000000|MMI|3.56|Presentation|C0449450|[idcn]|["Present"-tx-1-"presents"-verb-0]|TX|288/8|
00000000|MMI|3.56|SHORT STATURE, ONYCHODYSPLASIA, FACIAL DYSMORPHISM, AND HYPOTRICHOSIS SYNDROME|C3542022|[dsyn]|["SOFT"-tx-13-"soft"-adj-0]|TX|1065/4|
00000000|MMI|3.56|Soft|C0205358|[qlco]|["Soft"-tx-13-"soft"-adj-0]|TX|1065/4|
00000000|MMI|3.56|Surgical service|C0587668|[hlca]|["Surgical"-tx-29-"Surgical"-adj-0]|TX|2376/8|
00000000|MMI|3.56|Taken|C1883727|[cnce]|["Taken"-tx-20-"taken"-verb-0]|TX|1574/5|
00000000|MMI|3.55|Dietary Magnesium|C2348270|[elii]|["MAGNESIUM"-tx-31-"magnesium"-noun-0]|TX|2514/9|
00000000|MMI|3.55|Magnesium Drug Class|C3714621|[phsu]|["MAGNESIUM"-tx-31-"magnesium"-noun-0]|TX|2514/9|
00000000|MMI|3.55|Magnesium supplements|C3540792|[inch,phsu]|["Magnesium"-tx-31-"magnesium"-noun-0]|TX|2514/9|
00000000|MMI|3.55|Occur (action)|C1709305|[acty]|["Occur"-tx-31-"occur"-verb-0]|TX|2503/5|
00000000|MMI|3.55|Occurrence|C2745955|[tmco]|["OCCUR"-tx-31-"occur"-verb-0]|TX|2503/5|
00000000|MMI|3.55|Thickened|C0205400|[fndg]|["Thickening"-tx-16-"thickening"-noun-0]|TX|1360/10|
00000000|MMI|3.50|Further|C1517331|[spco]|["Further"-tx-29-"further"-adj-0]|TX|2393/7|
00000000|MMI|3.50|Good|C0205170|[qlco]|["Well"-tx-27-"well"-adv-0]|TX|2122/4|
00000000|MMI|3.50|Portion of urine|C2963137|[bdsu]|["Urine"-tx-19-"urine"-noun-0]|TX|1517/5|
00000000|MMI|3.50|Purulent|C0439665|[qlco]|["Purulent"-tx-22-"purulent"-adj-0]|TX|1729/8|
00000000|MMI|3.50|Send (transmission)|C1519246|[ftcn]|["Sent"-tx-3-"sent"-adj-0]|TX|508/4|
00000000|MMI|3.50|Serial Number|C2348188|[inpr]|["SERIAL"-tx-32-"serial"-adj-0]|TX|2696/6|
00000000|MMI|3.50|Well|C3146287|[mnob]|["Well"-tx-27-"well"-adv-0]|TX|2122/4|
00000000|MMI|3.48|Either|C3844638|[fndg]|["Either"-tx-37-"either"-adv-0]|TX|3162/6|
00000000|MMI|3.48|Fourth|C0205438|[qnco]|["Fourth"-tx-41-"fourth"-noun-0]|TX|3548/6|
00000000|MMI|3.48|Fourth (suffix)|C1706303|[qlco]|["Fourth"-tx-41-"fourth"-noun-0]|TX|3548/6|
00000000|MMI|3.48|Immediate|C0205253|[tmco]|["Immediate"-tx-28-"immediate"-adj-0]|TX|2195/9|
00000000|MMI|3.48|Known|C0205309|[qlco]|["Known"-tx-9-"known"-adj-0]|TX|910/5|
00000000|MMI|3.47|Adjacent|C0205117|[spco]|["next"-tx-36-"next"-adj-0]|TX|2928/4|
00000000|MMI|3.47|Following|C0332282|[tmco]|["Next"-tx-36-"next"-adj-0]|TX|2928/4|
00000000|MMI|3.47|Rupture of appendix|C0267628|[inpo]|["Appendicitis with perforation"-tx-17-"with perforated appendicitis"-noun-0]|TX|1428/4,1435/23|
00000000|MMI|3.47|Then|C1883708|[tmco]|["Next"-tx-36-"next"-adj-0]|TX|2928/4|
00000000|MMI|3.46|Bowel sounds|C0232693|[fndg]|["Bowel sounds"-tx-13-"bowel sounds"-noun-0]|TX|1084/12|
00000000|MMI|3.46|Diabetic on diet only|C0421246|[topp]|["Diet controlled diabetes mellitus"-tx-1-"diet controlled diabetes mellitus"-noun-0]|TX|231/33|
00000000|MMI|3.46|Late|C0205087|[tmco]|["Later"-tx-4-"later"-adv-0]|TX|620/5|
00000000|MMI|3.46|ABD tumor staging notation|C0449202|[inpr]|["ABD"-tx-1-"ABD"-noun-0]|TX|63/3|
00000000|MMI|3.46|Absence of Biallelic TCRgamma Deletion|C3811055|[comd]|["ABD"-tx-1-"ABD"-noun-0]|TX|63/3|
00000000|MMI|3.46|Diagnostic interview schedule|C0451119|[inpr]|["DIS"-tx-1-"DIS"-noun-0]|TX|83/3|
00000000|MMI|3.45|Cardiology service (procedure)|C0587571|[hlca]|["Cardiology service"-tx-32-"Cardiology Service"-noun-0]|TX|2578/18|
00000000|MMI|3.45|Hour|C0439227|[tmco]|["HOURS"-tx-49-"hours"-noun-0]|TX|4244/5|
00000000|MMI|3.45|Tablet Dosing Unit|C1705223|[qnco]|["Tab"-tx-49-"tabs"-noun-0]|TX|4228/4|
00000000|MMI|3.45|Day 5|C3842674|[fndg]|["Day 5"-tx-45-"5-day"-noun-0]|TX|3867/5|
00000000|MMI|3.44|Fever symptoms (finding)|C0424755|[fndg]|["Fever"-tx-4-"fever"-noun-1]|TX|651/5|
00000000|MMI|3.44|Operation Activity|C3241922|[acty]|["Operation"-tx-24-"operation"-noun-0]|TX|1917/9|
00000000|MMI|3.44|Operation, Not Otherwise Specified|C3828701|[acty]|["Operation, Not Otherwise Specified"-tx-24-"operation"-noun-0]|TX|1917/9|
00000000|MMI|3.43|week|C0439230|[tmco]|["WEEKS"-tx-51-"weeks"-noun-0]|TX|4375/5|
00000000|MMI|3.43|Oral|C0442027|[spco]|["Oral"-tx-46-"oral"-adj-0]|TX|4012/4|
00000000|MMI|3.43|Right|C0205090|[spco]|["RIGHT"-tx-26-"right"-noun-0]|TX|2022/5|
00000000|MMI|3.43|Right sided|C0444532|