00000000|MMI|239.79|Patients|C0030705|[podg]|["*^patient"-tx-45-"patient"-noun-0,"*^patient"-tx-43-"patient"-noun-0,"*^patient"-tx-42-"patient"-noun-0,"*^patient"-tx-35-"patient"-noun-0,"*^patient"-tx-34-"patient"-noun-0,"*^patient"-tx-32-"patient"-noun-0,"*^patient"-tx-31-"patient"-noun-0,"*^patient"-tx-28-"patient"-noun-0,"*^patient"-tx-27-"patient"-noun-0,"*^patient"-tx-25-"patient"-noun-0,"*^patient"-tx-24-"patient"-noun-0,"*^patient"-tx-14-"patient"-noun-0,"*^patient"-tx-9-"patient"-noun-0,"*^patient"-tx-5-"patient"-noun-0,"*^patient"-tx-4-"patient"-noun-0]|TX|4175/7;4104/7;3953/7;3488/7;3449/7;3134/7;3106/7;2927/7;2730/7;2403/7;2264/7;1615/7;1090/7;711/7;508/7|M01.643
00000000|MMI|136.09|Abortion consent:Finding:Point in time:^Patient:Document|C2360836|[clna]|["Patient"-tx-45-"patient"-noun-0,"Patient"-tx-43-"patient"-noun-0,"Patient"-tx-42-"patient"-noun-0,"Patient"-tx-35-"patient"-noun-0,"Patient"-tx-34-"patient"-noun-0,"Patient"-tx-32-"patient"-noun-0,"Patient"-tx-31-"patient"-noun-0,"Patient"-tx-28-"patient"-noun-0,"Patient"-tx-27-"patient"-noun-0,"Patient"-tx-25-"patient"-noun-0,"Patient"-tx-24-"patient"-noun-0,"Patient"-tx-14-"patient"-noun-0,"Patient"-tx-9-"patient"-noun-0,"Patient"-tx-5-"patient"-noun-0,"Patient"-tx-4-"patient"-noun-0]|TX|4175/7;4104/7;3953/7;3488/7;3449/7;3134/7;3106/7;2927/7;2730/7;2403/7;2264/7;1615/7;1090/7;711/7;508/7|
00000000|MMI|136.09|Hysterectomy consent:Finding:Point in time:^Patient:Document|C2360838|[clna]|["Patient"-tx-45-"patient"-noun-0,"Patient"-tx-43-"patient"-noun-0,"Patient"-tx-42-"patient"-noun-0,"Patient"-tx-35-"patient"-noun-0,"Patient"-tx-34-"patient"-noun-0,"Patient"-tx-32-"patient"-noun-0,"Patient"-tx-31-"patient"-noun-0,"Patient"-tx-28-"patient"-noun-0,"Patient"-tx-27-"patient"-noun-0,"Patient"-tx-25-"patient"-noun-0,"Patient"-tx-24-"patient"-noun-0,"Patient"-tx-14-"patient"-noun-0,"Patient"-tx-9-"patient"-noun-0,"Patient"-tx-5-"patient"-noun-0,"Patient"-tx-4-"patient"-noun-0]|TX|4175/7;4104/7;3953/7;3488/7;3449/7;3134/7;3106/7;2927/7;2730/7;2403/7;2264/7;1615/7;1090/7;711/7;508/7|
00000000|MMI|136.09|Sterilization consent:Finding:Point in time:^Patient:Document|C2360840|[clna]|["Patient"-tx-45-"patient"-noun-0,"Patient"-tx-43-"patient"-noun-0,"Patient"-tx-42-"patient"-noun-0,"Patient"-tx-35-"patient"-noun-0,"Patient"-tx-34-"patient"-noun-0,"Patient"-tx-32-"patient"-noun-0,"Patient"-tx-31-"patient"-noun-0,"Patient"-tx-28-"patient"-noun-0,"Patient"-tx-27-"patient"-noun-0,"Patient"-tx-25-"patient"-noun-0,"Patient"-tx-24-"patient"-noun-0,"Patient"-tx-14-"patient"-noun-0,"Patient"-tx-9-"patient"-noun-0,"Patient"-tx-5-"patient"-noun-0,"Patient"-tx-4-"patient"-noun-0]|TX|4175/7;4104/7;3953/7;3488/7;3449/7;3134/7;3106/7;2927/7;2730/7;2403/7;2264/7;1615/7;1090/7;711/7;508/7|
00000000|MMI|57.98|Togo|C0040363|[geoa]|["TO"-tx-45-"to"-adv-0,"TO"-tx-35-"to"-adv-0,"TO"-tx-33-"to"-adv-0,"TO"-tx-27-"to"-adv-0]|TX|4187/2;3553/2;3323/2;2893/2|Z01.058.290.190.800
00000000|MMI|57.98|Tryptophanase|C0041260|[aapp,enzy]|["TO"-tx-45-"to"-adv-0,"TO"-tx-35-"to"-adv-0,"TO"-tx-33-"to"-adv-0,"TO"-tx-27-"to"-adv-0]|TX|4187/2;3553/2;3323/2;2893/2|D08.811.520.224.800
00000000|MMI|54.86|Stent, device|C0038257|[medd]|["Stent"-tx-42-"stent"-noun-0,"Stent"-tx-40-"stent"-noun-0,"Stent"-tx-8-"stent"-noun-0,"Stent"-tx-7-"stent"-noun-0,"Stent"-tx-3-"STENT"-noun-0]|TX|[4002/5],[4055/5];3844/5;1048/5;1019/5;422/5|E07.695.750
00000000|MMI|49.89|Obesity|C0028754|[dsyn]|["OBESE"-tx-20-"obese"-adj-0,"OBESE"-tx-14-"obese"-adj-1]|TX|1876/5;1630/5|C18.654.726.500;C23.888.144.699.500;E01.370.600.115.100.160.120.699.500;G07.100.100.160.120.699.500
00000000|MMI|42.87|Dominican Republic|C0013014|[geoa]|["DR"-tx-45-"Dr"-noun-0,"DR"-tx-3-"DR"-noun-0,"DR"-tx-2-"DR"-noun-0]|TX|4205/2;431/2;353/2|Z01.107.084.900.300;Z01.639.880.300
00000000|MMI|42.46|Postoperative Period|C0032790|[tmco]|["Postoperative"-tx-37-"postoperative"-noun-0,"Postoperative"-tx-35-"postoperative"-noun-0,"Postoperative Period"-tx-29-"postoperative period"-noun-0]|TX|3667/13;3461/13;2992/20|E04.614.750;N02.421.585.753.750
00000000|MMI|42.27|Left|C0205091|[spco]|["LEFT"-tx-40-"left"-verb-0,"LEFT"-tx-27-"left"-verb-0,"LEFT"-tx-26-"left"-adj-0,"LEFT"-tx-7-"left"-verb-0,"LEFT"-tx-5-"left"-adj-0,"LEFT"-tx-3-"LEFT"-adj-0,"LEFT"-tx-2-"LEFT"-adj-0,"LEFT"-tx-2-"LEFT"-verb-0,"LEFT"-tx-1-"LEFT"-adj-0]|TX|3854/4;2738/4;2637/4;1029/4;[618/4],[795/4],[856/4];417/4;[253/4],[304/4];[253/4],[304/4];183/4|
00000000|MMI|42.27|Left sided|C0443246|[spco]|["Left"-tx-40-"left"-verb-0,"Left"-tx-27-"left"-verb-0,"Left"-tx-26-"left"-adj-0,"Left"-tx-7-"left"-verb-0,"Left"-tx-5-"left"-adj-0,"Left"-tx-3-"LEFT"-adj-0,"Left"-tx-2-"LEFT"-adj-0,"Left"-tx-2-"LEFT"-verb-0,"Left"-tx-1-"LEFT"-adj-0]|TX|3854/4;2738/4;2637/4;1029/4;[618/4],[795/4],[856/4];417/4;[253/4],[304/4];[253/4],[304/4];183/4|
00000000|MMI|42.27|Table Cell Horizontal Align - left|C1552822|[ftcn]|["left"-tx-40-"left"-verb-0,"left"-tx-27-"left"-verb-0,"left"-tx-26-"left"-adj-0,"left"-tx-7-"left"-verb-0,"left"-tx-5-"left"-adj-0,"left"-tx-3-"LEFT"-adj-0,"left"-tx-2-"LEFT"-adj-0,"left"-tx-2-"LEFT"-verb-0,"left"-tx-1-"LEFT"-adj-0]|TX|3854/4;2738/4;2637/4;1029/4;[618/4],[795/4],[856/4];417/4;[253/4],[304/4];[253/4],[304/4];183/4|
00000000|MMI|39.16|Antibiotics, Antitubercular|C0003237|[antb]|["Antibiotics"-tx-36-"antibiotics"-noun-0,"Antibiotics"-tx-33-"antibiotics"-noun-0]|TX|3631/11;3236/11|D27.505.954.122.085.255.135
00000000|MMI|34.57|Physicians|C0031831|[prog]|["DR"-tx-45-"Dr"-noun-0,"DR"-tx-3-"DR"-noun-0,"DR"-tx-2-"DR"-noun-0]|TX|4205/2;431/2;353/2|M01.526.485.810;N02.360.810
00000000|MMI|33.53|Patient Discharge|C0030685|[hlca]|["Discharge"-tx-44-"DISCHARGE"-noun-0,"Discharged"-tx-42-"discharged"-verb-0]|TX|4149/9;3965/10|E02.204.125;E02.760.400.610;N02.421.192.125;N02.421.585.400.610;N04.590.233.727.210.125
00000000|MMI|28.18|Antibiotics|C0003232|[antb]|["Antibiotics"-tx-36-"antibiotics"-noun-0,"Antibiotics"-tx-33-"antibiotics"-noun-0]|TX|3631/11;3236/11|D27.505.954.122.085
00000000|MMI|23.62|Penicillin G|C0030827|[antb,orch]|["penicillin"-tx-13-"penicillin"-noun-0]|TX|1557/10|D02.065.589.099.750.750;D02.886.108.750.750;D03.438.260.825.750;D03.605.084.737.750;D04.075.080.875.099.221.750.750
00000000|MMI|22.98|Operating Room|C0029064|[hcro,mnob]|["OPERATING ROOM"-tx-27-"operating room"-noun-0,"OPERATING ROOM"-tx-26-"operating room"-noun-0]|TX|2747/14;2605/14|N02.278.388.700
00000000|MMI|20.88|Penicillin|C0220892|[antb,orch]|["PENICILLIN"-tx-13-"penicillin"-noun-0]|TX|1557/10|D02.065.589.099.750;D02.886.108.750;D03.438.260.825;D03.605.084.737;D04.075.080.875.099.221.750
00000000|MMI|20.88|Penicillins|C0030842|[antb,orch]|["Penicillin"-tx-13-"penicillin"-noun-0]|TX|1557/10|D02.065.589.099.750;D02.886.108.750;D03.438.260.825;D03.605.084.737;D04.075.080.875.099.221.750
00000000|MMI|20.24|Stent Device Component|C1705817|[medd]|["Stent"-tx-42-"stent"-noun-0,"Stent"-tx-40-"stent"-noun-0,"Stent"-tx-8-"stent"-noun-0,"Stent"-tx-7-"stent"-noun-0,"Stent"-tx-3-"STENT"-noun-0]|TX|[4002/5],[4055/5];3844/5;1048/5;1019/5;422/5|
00000000|MMI|19.99|Back|C0004600|[blor]|["BACK"-tx-41-"back"-adj-0,"BACK"-tx-17-"Back"-adj-0]|TX|3912/4;1766/4|A01.923.176
00000000|MMI|19.52|diagnosis aspect|C1704338|[qlco]|["diagnosis"-tx-1-"DIAGNOSIS"-noun-0]|TX|172/9|x.x.x.x.x.x.x
00000000|MMI|19.39|Unmarried|C0087136|[fndg]|["single"-tx-27-"single"-adj-0]|TX|2819/6|F01.829.263.315.500.725;I01.240.361.500.725;I01.880.853.150.423.500.725;M01.785;N01.224.361.500.725;N01.824.308.500.725
00000000|MMI|19.39|Unmarried person|C0037179|[popg]|["Single"-tx-27-"single"-adj-0]|TX|2819/6|F01.829.263.315.500.725;I01.240.361.500.725;I01.880.853.150.423.500.725;M01.785;N01.224.361.500.725;N01.824.308.500.725
00000000|MMI|19.36|Surgical aspects|C0038895|[ftcn]|["surgery"-tx-34-"surgery"-noun-0]|TX|3370/7|x.x.x.x.x.x.x
00000000|MMI|17.45|Ureter|C0041951|[bpoc]|["URETER"-tx-38-"ureter"-noun-0,"URETER"-tx-8-"ureter"-noun-0]|TX|3741/6;1078/6|A05.810.776
00000000|MMI|17.20|Female|C0015780|[orga]|["FEMALE"-tx-14-"female"-noun-0,"FEMALE"-tx-4-"female"-noun-0]|TX|1636/6;533/6|x.x.x
00000000|MMI|17.20|Females|C0086287|[popg]|["female"-tx-14-"female"-noun-0,"female"-tx-4-"female"-noun-0]|TX|1636/6;533/6|x.x.x
00000000|MMI|16.88|Activated Partial Thromboplastin Time measurement|C0030605|[lbpr]|["Partial Thromboplastin Time"-tx-23-"partial thromboplastin time"-noun-0]|TX|2209/27|E01.370.225.625.115.600;E05.200.625.115.600;G09.188.660
00000000|MMI|16.85|Prothrombin time assay|C0033707|[lbpr]|["Time, Prothrombin"-tx-23-"prothrombin time"-noun-0]|TX|2185/16|E01.370.225.625.115.610;E05.200.625.115.610;G09.188.680
00000000|MMI|16.79|Accident and Emergency department|C0562508|[hcro]|["EMERGENCY ROOM"-tx-47-"emergency room"-noun-0]|TX|4285/14|N02.278.216.500.968.336;N02.421.297.195;N04.452.442.422.336
00000000|MMI|16.65|Abdomen, Acute|C0000727|[sosy]|["Surgical abdomen"-tx-20-"surgical abdomen"-noun-0]|TX|1947/8,1972/7|C10.597.617.044.200;C23.888.592.612.054.200;C23.888.821.030.249
00000000|MMI|15.42|Muscle Hypertonia|C0026826|[fndg]|["Increased tone"-tx-21-"increased tone"-noun-0]|TX|2030/14|C10.597.613.550;C23.888.592.608.550
00000000|MMI|14.12|Left Flank Pain|C0423641|[sosy]|["Flank Pain, Left"-tx-5-"left flank pain"-noun-0]|TX|775/15|C10.597.617.204;C23.888.592.612.386
00000000|MMI|14.11|Fever of Unknown Origin|C0015970|[sosy]|["FEVER OF UNKNOWN ORIGIN"-tx-35-"fever of unknown origin"-noun-0]|TX|3513/23|C23.888.119.344.345
00000000|MMI|14.08|Hematocrit procedure|C0018935|[lbpr]|["Hematocrit"-tx-23-"hematocrit"-noun-0]|TX|2163/10|E01.370.225.625.400;E05.200.625.400;G09.188.370.374
00000000|MMI|14.01|Cicatrix|C2004491|[patf]|["Scars"-tx-20-"scars"-noun-0]|TX|1956/5|A10.165.450.300;C23.550.355.274;G16.100.856.891.249
00000000|MMI|14.01|Hydronephrosis|C0020295|[dsyn]|["HYDRONEPHROSIS"-tx-5-"hydronephrosis"-noun-0]|TX|800/14|C12.777.419.307;C13.351.968.419.307
00000000|MMI|13.92|Motrin|C0699203|[orch,phsu]|["Motrin"-tx-12-"Motrin"-noun-0]|TX|1479/6|D02.241.223.701.430
00000000|MMI|13.92|Tylenol|C0699142|[orch,phsu]|["Tylenol"-tx-12-"Tylenol"-noun-0]|TX|1498/7|D02.065.199.092.040
00000000|MMI|13.92|Hemorrhoids|C0019112|[dsyn]|["Haemorrhoid"-tx-21-"hemorrhoid"-noun-0]|TX|2067/10|C06.405.469.860.401;C14.907.449
00000000|MMI|13.92|percutaneous nephrostomy procedure|C0564457|[topp]|["Percutaneous Nephrostomy"-tx-5-"percutaneous nephrostomy"-noun-0]|TX|861/24|E01.370.390.550;E04.579.642;E04.950.774.852.642
00000000|MMI|13.91|Postoperative Care|C0032786|[hlca]|["Postoperative Care"-tx-32-"postoperative care"-noun-0]|TX|3189/18|E02.760.731.700;E04.604.500;N02.421.585.722.700
00000000|MMI|13.91|Hespan|C0699405|[orch,phsu]|["Hespan"-tx-25-"Hespan"-noun-0]|TX|2568/6|D09.698.365.855.500
00000000|MMI|13.91|In Blood|C0005768|[bdsu]|["BLOOD"-tx-25-"blood"-noun-0]|TX|2431/5|x.x.x.x.x
00000000|MMI|13.89|Thyroxine|C0040165|[aapp,horm,phsu]|["LEVOTHYROXINE"-tx-12-"Levothyroxine"-noun-0]|TX|1428/13|D06.472.931.812;D12.125.072.050.767
00000000|MMI|13.70|Taken|C1883727|[cnce]|["Taken"-tx-41-"taken"-verb-0,"Taken"-tx-40-"taken"-verb-0,"Taken"-tx-36-"taken"-verb-0,"Taken"-tx-32-"taken"-verb-0]|TX|3906/5;3826/5;3605/5;3146/5|
00000000|MMI|13.63|Well|C3146287|[mnob]|["Well"-tx-31-"well"-adv-0,"Well"-tx-28-"well"-adv-0,"Well"-tx-20-"well"-adv-0]|TX|3124/4;2939/4;1991/4|
00000000|MMI|13.35|Good|C0205170|[qlco]|["Well"-tx-31-"well"-adv-0,"Well"-tx-28-"well"-adv-0,"Good"-tx-20-"good"-adj-0,"Well"-tx-20-"well"-adv-0]|TX|3124/4;2939/4;1918/4;1991/4|
00000000|MMI|13.28|To|C1883351|[qlco]|["To"-tx-45-"to"-adv-0,"To"-tx-35-"to"-adv-0,"To"-tx-33-"to"-adv-0,"To"-tx-27-"to"-adv-0]|TX|4187/2;3553/2;3323/2;2893/2|
00000000|MMI|12.71|Stricture of ureter|C3887590|[anab]|["Ureteral Stricture"-tx-26-"ureteral stricture"-noun-0,"Ureteral Stricture"-tx-5-"ureteral stricture"-noun-0,"Stricture of ureter"-tx-2-"OF URETERAL STRICTURE"-noun-0,"Ureteral Stricture"-tx-1-"URETERAL STRICTURE"-noun-0]|TX|2649/18;623/18;301/2,316/18;188/18|
00000000|MMI|12.69|Abdominal Cavity|C0230168|[blor]|["Abdomen"-tx-20-"Abdomen"-noun-0]|TX|1864/7|A01.923.047.025
00000000|MMI|12.69|Ability|C0085732|[orga]|["Able"-tx-33-"able"-adj-0]|TX|3318/4|F02.784.629.131
00000000|MMI|12.69|Anthropological Culture|C0010453|[idcn]|["Cultures"-tx-36-"Cultures"-noun-0]|TX|3591/8|I01.076.201.450;I01.880.853.100
00000000|MMI|12.69|Cholecystectomy procedure|C0008320|[topp]|["CHOLECYSTECTOMY"-tx-11-"cholecystectomy"-noun-0]|TX|1292/15|E04.210.120.172
00000000|MMI|12.69|Diet|C0012155|[food]|["Diet"-tx-33-"diet"-noun-0]|TX|3337/4|G07.203.650.240
00000000|MMI|12.69|Eye|C0015392|[bpoc]|["Eyes"-tx-15-"eyes"-noun-0]|TX|1672/4|A01.456.505.420;A09.371
00000000|MMI|12.69|Fever|C0015967|[fndg]|["Fevers"-tx-47-"fevers"-noun-0]|TX|4304/6|C23.888.119.344
00000000|MMI|12.69|Flatulence|C0016204|[sosy]|["FLATUS"-tx-33-"flatus"-noun-0]|TX|3286/6|C23.888.821.360
00000000|MMI|12.69|Nausea|C0027497|[sosy]|["NAUSEA"-tx-47-"nausea"-noun-0]|TX|4322/6|C23.888.821.712
00000000|MMI|12.69|Neurologic Examination|C0027853|[diap]|["Examination, Neurologic"-tx-22-"Neurologic examination"-noun-0]|TX|2079/22|E01.370.376.550;E01.370.600.550
00000000|MMI|12.69|Nose|C0028429|[bpoc]|["NOSE"-tx-15-"nose"-noun-0]|TX|1686/4|A01.456.505.733;A04.531;A09.531
00000000|MMI|12.69|Tubal Ligation|C0520483|[topp]|["TUBAL LIGATION"-tx-11-"tubal ligation"-noun-0]|TX|1382/14|E04.950.300.766;E04.950.599.683
00000000|MMI|12.69|Vomiting|C0042963|[sosy]|["VOMITING"-tx-47-"vomiting"-verb-0]|TX|4331/8|C23.888.821.937
00000000|MMI|12.44|+2|C0740116|[qnco]|["+2"-tx-29-"2"-integer-0,"+2"-tx-25-"2"-integer-0,"+2"-tx-1-"2"-fraction-0]|TX|3023/1;[2462/1],[2554/1];115/1|
00000000|MMI|12.44|2+|C3833492|[fndg]|["2+"-tx-29-"2"-integer-0,"2+"-tx-25-"2"-integer-0,"2+"-tx-1-"2"-fraction-0]|TX|3023/1;[2462/1],[2554/1];115/1|
00000000|MMI|12.44|2+ Score|C2827735|[qnco]|["2+"-tx-29-"2"-integer-0,"2+"-tx-25-"2"-integer-0,"2+"-tx-1-"2"-fraction-0]|TX|3023/1;[2462/1],[2554/1];115/1|
00000000|MMI|12.44|2+ Score, WHO|C2981700|[clas]|["2+"-tx-29-"2"-integer-0,"2+"-tx-25-"2"-integer-0,"2+"-tx-1-"2"-fraction-0]|TX|3023/1;[2462/1],[2554/1];115/1|
00000000|MMI|11.71|Woman|C0043210|[popg]|["female"-tx-14-"female"-noun-0,"female"-tx-4-"female"-noun-0]|TX|1636/6;533/6|M01.975
00000000|MMI|11.27|Wound Healing|C0043240|[orgf]|["Repair, NOS"-tx-2-"REPAIR"-noun-0]|TX|294/6|G16.100.856.891
00000000|MMI|11.20|Lactated Ringer's Solution|C0073385|[orch,phsu]|["LACTATED RINGER'S"-tx-25-"lactated Ringer's"-noun-0]|TX|2532/17|x.x.x.x
00000000|MMI|11.19|Needs|C0027552|[qlco]|["Needed"-tx-12-"needed"-adj-0]|TX|1489/6|N03.349.380.420;N05.300.450
00000000|MMI|11.17|General surgery specialty|C1274039|[bmod]|["Surgery"-tx-34-"surgery"-noun-0]|TX|3370/7|H02.403.810.300
00000000|MMI|10.46|Show|C1547282|[anim]|["Show"-tx-39-"showed"-verb-0,"Show"-tx-38-"showed"-verb-0,"Show"-tx-21-"showed"-verb-0]|TX|3759/6;3695/6;2023/6|
00000000|MMI|9.95|Abdomen|C0000726|[blor]|["ABDOMEN"-tx-20-"Abdomen"-noun-0]|TX|1864/7|A01.923.047
00000000|MMI|9.95|Appendectomy|C0003611|[topp]|["APPENDECTOMY"-tx-11-"appendectomy"-noun-0]|TX|1310/12|E04.210.078
00000000|MMI|9.95|Chills|C0085593|[sosy]|["CHILLS"-tx-47-"chills"-noun-0]|TX|4313/6|C23.888.208
00000000|MMI|9.95|Diet therapy|C0012159|[hlca]|["Diet"-tx-33-"diet"-noun-0]|TX|3337/4|E02.642.249
00000000|MMI|9.95|Ear structure|C0013443|[bpoc]|["Ears"-tx-15-"ears"-noun-0]|TX|1679/4|A01.456.313;A09.246
00000000|MMI|9.95|Exanthema|C0015230|[sosy]|["RASH"-tx-13-"rash"-noun-0]|TX|1583/4|C17.800.257
00000000|MMI|9.95|Physical Examination|C0031809|[hlca]|["PHYSICAL EXAMINATION"-tx-14-"PHYSICAL EXAMINATION"-noun-0]|TX|1589/20|E01.370.600
00000000|MMI|9.95|Suction drainage|C0038638|[topp]|["Suction"-tx-27-"suction"-verb-0]|TX|2896/7|E04.237.890
00000000|MMI|9.95|Thinking, function|C0039869|[menp]|["Thought"-tx-35-"thought"-verb-0]|TX|3545/7|F02.463.785
00000000|MMI|9.69|Delayed Release Dosage Form|C1707664|[bodm]|["DR"-tx-45-"Dr"-noun-0,"DR"-tx-3-"DR"-noun-0,"DR"-tx-2-"DR"-noun-0]|TX|4205/2;431/2;353/2|
00000000|MMI|9.69|Device to Subject Relationship Domain|C3540849|[inpr]|["DR"-tx-45-"Dr"-noun-0,"DR"-tx-3-"DR"-noun-0,"DR"-tx-2-"DR"-noun-0]|TX|4205/2;431/2;353/2|
00000000|MMI|9.69|Doctor - Title|C2348314|[cnce]|["Dr."-tx-45-"Dr"-noun-0,"Dr."-tx-3-"DR"-noun-0,"Dr."-tx-2-"DR"-noun-0]|TX|4205/2;431/2;353/2|
00000000|MMI|9.37|C-Circle|C3538933|[celc]|["CC"-tx-25-"cc"-noun-0]|TX|[2526/2],[2562/2],[2583/2]|
00000000|MMI|9.13|Extrinsic|C0205101|[spco]|["External"-tx-42-"external"-adj-0,"External"-tx-27-"external"-adj-0,"External"-tx-2-"EXTERNAL"-adj-0]|TX|3993/8;2834/8;258/8|
00000000|MMI|9.02|Back structure, excluding neck|C1995000|[blor]|["Back, NOS"-tx-41-"back"-adj-0,"Back, NOS"-tx-17-"Back"-adj-0]|TX|3912/4;1766/4|
00000000|MMI|9.02|Back structure, including back of neck|C0460009|[blor]|["Back"-tx-41-"back"-adj-0,"Back"-tx-17-"Back"-adj-0]|TX|3912/4;1766/4|
00000000|MMI|9.02|Clear|C2963144|[qlco]|["Clear"-tx-18-"clear"-adj-0,"Clear"-tx-15-"clear"-adj-0]|TX|1822/5;1718/5|
00000000|MMI|9.02|Doctor of Medicine|C1512018|[inpr]|["M.D."-tx-51-"M.D"-noun-0,"M.D."-tx-50-"M.D"-noun-0]|TX|4550/3;4457/3|
00000000|MMI|9.02|Dorsal|C0205095|[spco]|["BACK"-tx-41-"back"-adj-0,"BACK"-tx-17-"Back"-adj-0]|TX|3912/4;1766/4|
00000000|MMI|9.02|Negative Surgical Margin|C1709157|[fndg]|["Clear"-tx-18-"clear"-adj-0,"Clear"-tx-15-"clear"-adj-0]|TX|1822/5;1718/5|
00000000|MMI|9.02|Patient Condition Code - Stable|C1547311|[inpr]|["Stable"-tx-44-"stable"-adj-0,"Stable"-tx-31-"stable"-adj-0]|TX|4163/6;3091/6|
00000000|MMI|9.02|Receive|C1514756|[qlco]|["RECEIVED"-tx-25-"received"-verb-0,"RECEIVED"-tx-5-"received"-verb-0]|TX|2453/8;719/8|
00000000|MMI|9.02|Stable status|C0205360|[qlco]|["STABLE"-tx-44-"stable"-adj-0,"STABLE"-tx-31-"stable"-adj-0]|TX|4163/6;3091/6|
00000000|MMI|9.00|September|C3828193|[tmco]|["September"-tx-24-"September"-noun-0,"September"-tx-5-"September"-noun-0,"September"-tx-3-"September"-noun-0]|TX|2325/9;824/9;388/9|
00000000|MMI|8.91|Etiology aspects|C0015127|[ftcn]|["cause"-tx-13-"caused"-verb-0]|TX|1574/6|x.x.x
00000000|MMI|8.65|Surgical Flaps|C0038925|[bpoc]|["Flap"-tx-2-"FLAP"-noun-0]|TX|343/4|A10.850.710;E07.862.710
00000000|MMI|8.57|Disease|C0012634|[dsyn]|["condition"-tx-44-"CONDITION"-noun-0]|TX|4136/9|C23.550.288
00000000|MMI|8.53|Tablet Dosage Form|C0039225|[bodm]|["Tablets"-tx-12-"tablets"-noun-0]|TX|1461/7|D26.255.830
00000000|MMI|8.50|Pharyngeal structure|C0031354|[bpoc]|["Throat"-tx-15-"throat"-noun-0]|TX|1695/6|A03.556.750;A04.623;A14.724
00000000|MMI|8.50|Throat|C3665375|[bpoc]|["THROAT"-tx-15-"throat"-noun-0]|TX|1695/6|A03.556.750;A04.623;A14.724
00000000|MMI|8.50|Urinary Bladder|C0005682|[bpoc]|["BLADDER"-tx-39-"bladder"-noun-0]|TX|3769/7|A05.810.890
00000000|MMI|8.46|Thyroid Gland|C0040132|[bpoc]|["Thyroid, NOS"-tx-11-"thyroid"-noun-0]|TX|1223/7|A06.407.900
00000000|MMI|8.44|Albumins|C0001924|[aapp,bacs]|["ALBUMIN"-tx-25-"albumin"-noun-0]|TX|2589/7|D12.776.034
00000000|MMI|8.44|Blood|C0005767|[tisu]|["Blood"-tx-25-"blood"-noun-0]|TX|2431/5|A12.207.152;A15.145
00000000|MMI|8.43|Stenosis|C1261287|[patf]|["Stricture"-tx-2-"STRICTURE"-noun-0]|TX|325/9|C23.300.287
00000000|MMI|8.43|Calculi|C0006736|[bdsu]|["Stone"-tx-26-"stone"-noun-0]|TX|2711/5|C23.300.175
00000000|MMI|7.22|Electrolytes|C0013832|[inch,phsu]|["ELECTROLYTES"-tx-31-"electrolytes"-noun-0]|TX|3073/12|D01.248
00000000|MMI|7.22|Head|C0018670|[blor]|["HEAD"-tx-15-"Head"-noun-0]|TX|1665/4|A01.456
00000000|MMI|7.22|Heart|C0018787|[bpoc]|["HEART"-tx-19-"Heart"-noun-0]|TX|1829/5|A07.541
00000000|MMI|7.22|Hypersensitivity|C0020517|[patf]|["Allergies"-tx-13-"ALLERGIES"-noun-0]|TX|1538/9|C20.543
00000000|MMI|7.22|Lung|C0024109|[bpoc]|["LUNGS"-tx-18-"Lungs"-noun-0]|TX|1811/5|A04.411
00000000|MMI|7.22|Neck|C0027530|[blor]|["NECK"-tx-16-"Neck"-noun-0]|TX|1725/4|A01.598
00000000|MMI|6.52|Percocet|C0086787|[orch,phsu]|["Percocet"-tx-48-"Percocet"-noun-0,"Percocet"-tx-12-"Percocet"-noun-0]|TX|4402/8;1518/8|
00000000|MMI|6.51|Patient location type - Operating Room|C1578465|[spco]|["Operating Room"-tx-27-"operating room"-noun-0,"Operating Room"-tx-26-"operating room"-noun-0]|TX|2747/14;2605/14|
00000000|MMI|6.48|Balloon Dilatation|C0004704|[topp]|["Balloon Dilatation"-tx-6-"balloon dilatation"-noun-0,"Balloon Dilatation"-tx-5-"balloon dilatation"-noun-0]|TX|942/18;906/18|
00000000|MMI|6.48|Entire ureter|C1281572|[bpoc]|["Ureter"-tx-38-"ureter"-noun-0,"Ureter"-tx-8-"ureter"-noun-0]|TX|3741/6;1078/6|
00000000|MMI|6.48|Ureteral Route of Drug Administration|C1522613|[ftcn]|["URETER"-tx-38-"ureter"-noun-0,"URETER"-tx-8-"ureter"-noun-0]|TX|3741/6;1078/6|
00000000|MMI|6.45|4+ Answer to question|C3838679|[fndg]|["4+"-tx-25-"4"-integer-0,"4+"-tx-6-"4"-integer-0]|TX|2518/1;995/1|
00000000|MMI|6.42|On admission|C0457453|[tmco]|["On admission"-tx-23-"On admission"-adj-0,"On admission"-tx-12-"ON ADMISSION"-adj-0]|TX|2148/12;1410/12|
00000000|MMI|6.38|Units of blood|C0439184|[qnco]|["Units of blood"-tx-29-"units of blood"-noun-0,"Units of blood"-tx-25-"units of blood"-noun-0]|TX|3025/14;2464/8,2495/5|
00000000|MMI|6.34|M NOS ANTIBODY|C0369637|[aapp,imft]|["M NOS"-tx-49-"M"-noun-0,"M NOS"-tx-46-"M"-noun-0]|TX|4442/1;4217/1|
00000000|MMI|6.34|M+ (tumor staging)|C0441923|[inpr]|["M+"-tx-49-"M"-noun-0,"M+"-tx-46-"M"-noun-0]|TX|4442/1;4217/1|
00000000|MMI|6.32|29+|C3843708|[fndg]|["29+"-tx-23-"29"-real_number-0,"29+"-tx-1-"29"-fraction-0]|TX|2178/2;42/2|
00000000|MMI|6.30|Table Frame - above|C1552828|[idcn]|["above"-tx-11-"above"-adj-0,"above"-tx-10-"above"-adj-0]|TX|1210/5;1174/5|
00000000|MMI|6.30|Upper|C1282910|[spco]|["Above"-tx-11-"above"-adj-0,"Above"-tx-10-"above"-adj-0]|TX|1210/5;1174/5|
00000000|MMI|6.30|Extravasation|C0015376|[patf]|["Extravasation"-tx-39-"extravasation"-noun-1,"Extravasation"-tx-38-"extravasation"-noun-0]|TX|3777/13;3702/13|
00000000|MMI|6.24|Place|C0442504|[spco]|["Place"-tx-40-"place"-noun-0,"Place"-tx-7-"place"-noun-0]|TX|3862/5;1037/5|
00000000|MMI|6.24|Place - dosing instruction imperative|C1704765|[ftcn]|["Place"-tx-40-"place"-noun-0,"Place"-tx-7-"place"-noun-0]|TX|3862/5;1037/5|
00000000|MMI|6.24|put - instruction imperative|C1882509|[acty]|["Place"-tx-40-"place"-noun-0,"Place"-tx-7-"place"-noun-0]|TX|3862/5;1037/5|
00000000|MMI|6.23|Operative Surgical Procedures|C0543467|[hlca]|["Surgery"-tx-34-"surgery"-noun-0,"operations procedure"-tx-2-"OPERATIONS/PROCEDURES"-noun-0]|TX|3370/7;208/21|E04
00000000|MMI|6.23|Antibiotic throat preparations|C3540706|[antb]|["Antibiotics"-tx-36-"antibiotics"-noun-0,"Antibiotics"-tx-33-"antibiotics"-noun-0]|TX|3631/11;3236/11|
00000000|MMI|6.23|Antibiotics FOR TREATMENT OF HEMORRHOIDS AND ANAL FISSURES FOR TOPICAL USE|C3540707|[antb]|["Antibiotics"-tx-36-"antibiotics"-noun-0,"Antibiotics"-tx-33-"antibiotics"-noun-0]|TX|3631/11;3236/11|
00000000|MMI|6.23|Antibiotics for systemic use|C3540704|[antb]|["Antibiotics"-tx-36-"antibiotics"-noun-0,"Antibiotics"-tx-33-"antibiotics"-noun-0]|TX|3631/11;3236/11|
00000000|MMI|6.23|Antibiotics, Gynecological|C3540708|[antb]|["Antibiotics"-tx-36-"antibiotics"-noun-0,"Antibiotics"-tx-33-"antibiotics"-noun-0]|TX|3631/11;3236/11|
00000000|MMI|6.23|Antibiotics, ophthalmologic|C3540710|[antb]|["Antibiotics"-tx-36-"antibiotics"-noun-0,"Antibiotics"-tx-33-"antibiotics"-noun-0]|TX|3631/11;3236/11|
00000000|MMI|6.23|Antifungal Antibiotics, Topical|C3540705|[antb]|["Antibiotics"-tx-36-"antibiotics"-noun-0,"Antibiotics"-tx-33-"antibiotics"-noun-0]|TX|3631/11;3236/11|
00000000|MMI|6.23|Female Phenotype|C1705498|[qlco]|["Female"-tx-14-"female"-noun-0,"Female"-tx-4-"female"-noun-0]|TX|1636/6;533/6|
00000000|MMI|6.23|Female, Self-Report|C1705497|[qlco]|["Female"-tx-14-"female"-noun-0,"Female"-tx-4-"female"-noun-0]|TX|1636/6;533/6|
00000000|MMI|6.23|antibiotics, intestinal|C3540709|[antb]|["Antibiotics"-tx-36-"antibiotics"-noun-0,"Antibiotics"-tx-33-"antibiotics"-noun-0]|TX|3631/11;3236/11|
00000000|MMI|6.18|CDISC SDTM Procedure Terminology|C3539779|[inpr]|["Procedure"-tx-24-"procedure"-noun-0]|TX|[2307/9],[2369/9]|
00000000|MMI|6.18|Interventional procedure|C0184661|[topp]|["Procedure"-tx-24-"procedure"-noun-0]|TX|[2307/9],[2369/9]|
00000000|MMI|6.18|Physical Medical Procedure|C3274430|[hlca]|["PROCEDURE"-tx-24-"procedure"-noun-0]|TX|[2307/9],[2369/9]|
00000000|MMI|6.18|Procedure (set of actions)|C2700391|[acty]|["Procedure"-tx-24-"procedure"-noun-0]|TX|[2307/9],[2369/9]|
00000000|MMI|6.18|Procedure Domain|C3538935|[inpr]|["Procedure"-tx-24-"procedure"-noun-0]|TX|[2307/9],[2369/9]|
00000000|MMI|6.18|Surgical and medical procedures|C1948041|[topp]|["Procedure"-tx-24-"procedure"-noun-0]|TX|[2307/9],[2369/9]|
00000000|MMI|6.17|centimeter|C0475210|[qnco]|["centimeters"-tx-26-"centimeters"-noun-0,"centimetre"-tx-6-"centimeter"-noun-0]|TX|2686/11;997/10|
00000000|MMI|6.06|Feeling relief|C0564405|[fndg]|["Relief"-tx-5-"relief"-noun-0]|TX|[743/6],[842/6]|
00000000|MMI|6.06|November|C3828767|[tmco]|["November"-tx-5-"November"-noun-0,"November"-tx-4-"November"-noun-0]|TX|698/8;467/8|
00000000|MMI|6.03|Signature|C1519316|[inpr]|["Signed"-tx-1-"Signed"-noun-0]|TX|[84/6],[139/6]|
00000000|MMI|6.03|signed - ParticipationSignature|C1561610|[inpr]|["signed"-tx-1-"Signed"-noun-0]|TX|[84/6],[139/6]|
00000000|MMI|6.00|+5|C0728893|[qnco]|["+5"-tx-51-"5"-fraction-0]|TX|[4470/1],[4509/1]|
00000000|MMI|6.00|>5|C0439084|[qnco]|[">5"-tx-51-"5"-fraction-0]|TX|[4470/1],[4509/1]|
00000000|MMI|6.00|Distal|C0205108|[spco]|["DISTAL"-tx-26-"distal"-adj-0,"DISTAL"-tx-2-"DISTAL"-adj-0]|TX|2642/6;309/6|
00000000|MMI|5.81|Time|C0040223|[tmco]|["TIME"-tx-41-"time"-noun-0]|TX|3925/4|G01.910
00000000|MMI|5.72|Lymphadenopathy|C0497156|[fndg]|["LYMPHADENOPATHY"-tx-16-"lymphadenopathy"-noun-1]|TX|1749/15|C15.604
00000000|MMI|5.71|Body Fluids|C0005889|[bdsu]|["FLUID"-tx-38-"fluid"-noun-0]|TX|3719/5|A12.207
00000000|MMI|4.49|Able (finding)|C1299581|[fndg]|["Able"-tx-33-"able"-adj-0]|TX|3318/4|
00000000|MMI|4.49|Anticipated|C3840775|[fndg]|["Anticipated"-tx-41-"anticipated"-verb-0]|TX|3876/11|
00000000|MMI|4.49|As Needed|C1883728|[qlco]|["As Needed"-tx-12-"as needed"-adj-0]|TX|1527/9|
00000000|MMI|4.49|Balloon Aircraft|C0336867|[mnob]|["Balloon"-tx-5-"balloon"-noun-0]|TX|673/7|
00000000|MMI|4.49|Basal Diet|C2983588|[food]|["DIET"-tx-33-"diet"-noun-0]|TX|3337/4|
00000000|MMI|4.49|Call (Instruction)|C1947967|[ftcn]|["Call"-tx-47-"call"-verb-0]|TX|4241/4|
00000000|MMI|4.49|Concern|C2699424|[idcn]|["Concerns"-tx-47-"concerns"-noun-0]|TX|4362/8|
00000000|MMI|4.49|Cystography|C0203126|[diap]|["Cystogram"-tx-39-"Cystogram"-noun-0]|TX|3749/9|
00000000|MMI|4.49|Decision|C0679006|[menp]|["Call"-tx-47-"call"-verb-0]|TX|4241/4|
00000000|MMI|4.49|Diet (animal life circumstance)|C3668949|[food]|["Diet"-tx-33-"diet"-noun-0]|TX|3337/4|
00000000|MMI|4.49|Disease classification level|C0456079|[clas]|["Level"-tx-30-"level"-noun-0]|TX|3045/5|
00000000|MMI|4.49|Disposition|C0743223|[idcn]|["Disposition"-tx-43-"DISPOSITION"-noun-0]|TX|4087/11|
00000000|MMI|4.49|Disposition Domain|C1705555|[inpr]|["Disposition"-tx-43-"DISPOSITION"-noun-0]|TX|4087/11|
00000000|MMI|4.49|Electrolyte [EPC]|C3536863|[phsu]|["Electrolytes"-tx-31-"electrolytes"-noun-0]|TX|3073/12|
00000000|MMI|4.49|Entire abdomen|C1281594|[bpoc]|["Abdomen"-tx-20-"Abdomen"-noun-0]|TX|1864/7|
00000000|MMI|4.49|Entire ear|C0521421|[bpoc]|["EARS"-tx-15-"ears"-noun-0]|TX|1679/4|
00000000|MMI|4.49|Entire head|C1281590|[bpoc]|["Head"-tx-15-"Head"-noun-0]|TX|1665/4|
00000000|MMI|4.49|Entire heart|C1281570|[bpoc]|["Heart"-tx-19-"Heart"-noun-0]|TX|1829/5|
00000000|MMI|4.49|Entire neck|C1281592|[bpoc]|["Neck"-tx-16-"Neck"-noun-0]|TX|1725/4|
00000000|MMI|4.49|Entire nose|C1278896|[bpoc]|["Nose"-tx-15-"nose"-noun-0]|TX|1686/4|
00000000|MMI|4.49|Flexible cystoscopy|C0577992|[diap]|["Flexible cystoscopy"-tx-2-"FLEXIBLE CYSTOSCOPY"-noun-0]|TX|231/19|
00000000|MMI|4.49|Floor - story of building|C1547707|[geoa]|["Level"-tx-30-"level"-noun-0]|TX|3045/5|
00000000|MMI|4.49|H/O: surgery|C0455610|[fndg]|["Past surgical history"-tx-11-"PAST SURGICAL HISTORY"-noun-0]|TX|1181/21|
00000000|MMI|4.49|Head - Component of Device|C1706305|[mnob]|["Head"-tx-15-"Head"-noun-0]|TX|1665/4|
00000000|MMI|4.49|Healed|C0205249|[ftcn]|["Healed"-tx-20-"healed"-verb-0]|TX|1996/6|
00000000|MMI|4.49|Hospital course|C0489547|[fndg]|["Hospital course"-tx-24-"HOSPITAL COURSE"-noun-0]|TX|2243/15|
00000000|MMI|4.49|Hospital course:Finding:Point in time:^Patient:Narrative|C0488549|[clna]|["Hospital course"-tx-24-"HOSPITAL COURSE"-noun-0]|TX|2243/15|
00000000|MMI|4.49|Including (qualifier)|C0332257|[ftcn]|["included"-tx-13-"included"-verb-0]|TX|1548/8|
00000000|MMI|4.49|Jackson - Pratt drain|C1272738|[medd]|["Jackson - Pratt drain"-tx-27-"Jackson-Pratt drain"-noun-0]|TX|2873/19|
00000000|MMI|4.49|Keflex|C0700517|[antb,orch]|["Keflex"-tx-48-"Keflex"-noun-0]|TX|4415/6|
00000000|MMI|4.49|Late|C0205087|[tmco]|["Later"-tx-5-"later"-adv-0]|TX|892/5|
00000000|MMI|4.49|Level|C2946261|[phsu]|["Level"-tx-30-"level"-noun-0]|TX|3045/5|
00000000|MMI|4.49|Levels (qualifier value)|C0441889|[qlco]|["Level"-tx-30-"level"-noun-0]|TX|3045/5|
00000000|MMI|4.49|Location Equipment - Suction|C1547126|[spco]|["Suction"-tx-27-"suction"-verb-0]|TX|2896/7|
00000000|MMI|4.49|Medical Balloon Device|C0441144|[medd]|["balloon"-tx-5-"balloon"-noun-0]|TX|673/7|
00000000|MMI|4.49|Medical History|C0262926|[fndg]|["Past Medical History"-tx-10-"PAST MEDICAL HISTORY"-noun-0]|TX|1146/20|
00000000|MMI|4.49|Medications:-:Point in time:^Patient:-|C2598133|[clna]|["Medications"-tx-12-"MEDICATIONS"-noun-0]|TX|1398/11|
00000000|MMI|4.49|Medications:Presence or Identity:Duration of the study:^Patient:Nominal|C0802604|[clna]|["Medications"-tx-12-"MEDICATIONS"-noun-0]|TX|1398/11|
00000000|MMI|4.49|Nausea Adverse Event|C1963179|[patf]|["Nausea"-tx-47-"nausea"-noun-0]|TX|4322/6|
00000000|MMI|4.49|Now (temporal qualifier)|C1948052|[tmco]|["Now"-tx-9-"now"-adv-0]|TX|1098/3|
00000000|MMI|4.49|Oral Route of Drug administration|C1527415|[ftcn]|["per oral"-tx-33-"per-oral"-adj-0]|TX|3260/8|
00000000|MMI|4.49|Out (direction)|C0439787|[spco]|["Out"-tx-40-"out"-adv-0]|TX|3832/3|
00000000|MMI|4.49|PMH - past medical history|C0455458|[fndg]|["Past medical history"-tx-10-"PAST MEDICAL HISTORY"-noun-0]|TX|1146/20|
00000000|MMI|4.49|PRN (schedule frequency)|C1879745|[tmco]|["As needed"-tx-12-"as needed"-adj-0]|TX|1527/9|
00000000|MMI|4.49|Pass (indicator)|C2828386|[fndg]|["Passed"-tx-33-"passed"-verb-0]|TX|3279/6|
00000000|MMI|4.49|Pharmaceutical Preparations|C0013227|[phsu]|["Medications"-tx-12-"MEDICATIONS"-noun-0]|TX|1398/11|D26
00000000|MMI|4.49|Point|C3714763|[spco]|["Point"-tx-33-"point"-verb-0]|TX|3304/5|
00000000|MMI|4.49|Point Name|C2347617|[qnco]|["point"-tx-33-"point"-verb-0]|TX|3304/5|
00000000|MMI|4.49|Present|C0150312|[qnco]|["Found"-tx-26-"found"-verb-0]|TX|2627/5|
00000000|MMI|4.49|Pulmonary Hygiene|C3828439|[topp]|["Pulmonary Toilet"-tx-34-"pulmonary toilet"-noun-0]|TX|3408/16|
00000000|MMI|4.49|Rectal examination|C0199900|[diap]|["Rectal examination"-tx-21-"Rectal examination"-noun-0]|TX|2004/18|
00000000|MMI|4.49|Removed|C0849355|[qlco]|["Out"-tx-40-"out"-adv-0]|TX|3832/3|
00000000|MMI|4.49|Renal angle tenderness|C0235634|[sosy]|["COSTOVERTEBRAL ANGLE TENDERNESS"-tx-17-"costovertebral angle tenderness"-noun-1]|TX|1778/31|
00000000|MMI|4.49|Rhythm|C0871269|[fndg]|["Rhythm"-tx-19-"rhythm"-noun-0]|TX|1856/6|
00000000|MMI|4.49|Rhythm Not Otherwise Specified ECG Assessment|C3828331|[inpr]|["Rhythm Not Otherwise Specified"-tx-19-"rhythm"-noun-0]|TX|1856/6|
00000000|MMI|4.49|Special Diet Therapy|C1519433|[topp]|["DIET"-tx-33-"diet"-noun-0]|TX|3337/4|
00000000|MMI|4.49|Tender|C0234234|[qlco]|["Tender"-tx-21-"tender"-noun-0]|TX|2047/6|
00000000|MMI|4.49|Vomiting Adverse Event|C1963281|[patf]|["Vomiting"-tx-47-"vomiting"-verb-0]|TX|4331/8|
00000000|MMI|4.49|dendritic spine neck|C3159206|[celc]|["neck"-tx-16-"Neck"-noun-0]|TX|1725/4|
00000000|MMI|4.49|laboratory examination|C0260877|[fndg]|["Laboratory examination"-tx-23-"LABORATORY EXAMINATION"-noun-0]|TX|2124/22|
00000000|MMI|4.49|point - UnitsOfMeasure|C1552961|[qnco]|["POINT"-tx-33-"point"-verb-0]|TX|3304/5|
00000000|MMI|4.49|presently|C0750528|[idcn]|["presently"-tx-8-"presently"-adv-0]|TX|1054/9|
00000000|MMI|4.49|rhythmic process (biological)|C1523018|[phsf]|["rhythm"-tx-19-"rhythm"-noun-0]|TX|1856/6|
00000000|MMI|3.63|Discharge to home|C0184713|[topp]|["Discharge to home"-tx-43-"discharged to home"-noun-0]|TX|4116/18|
00000000|MMI|3.57|Surgery procedure:Type:Point in time:^Patient:Nominal|C0944781|[clna]|["operations procedure"-tx-2-"OPERATIONS/PROCEDURES"-noun-0]|TX|208/21|
00000000|MMI|3.44|Question (inquiry)|C1522634|[inpr]|["Question"-tx-47-"questions"-noun-0]|TX|4349/9|
00000000|MMI|3.44|Retained|C0333118|[ftcn]|["Keep"-tx-33-"kept"-verb-0]|TX|3212/4|
00000000|MMI|3.44|Science of Etiology|C1524003|[cnce]|["Cause"-tx-13-"caused"-verb-0]|TX|1574/6|
00000000|MMI|3.44|Switch Device Component|C1707719|[mnob]|["Switch"-tx-42-"switched"-verb-0]|TX|4026/8|
00000000|MMI|3.43|Stripping of vein|C0149807|[topp]|["venous stripping"-tx-11-"vein stripping"-noun-0]|TX|1325/14|
00000000|MMI|3.30|Decompression of median nerve|C0196576|[topp]|["Carpal tunnel release"-tx-11-"carpal tunnel release"-noun-0]|TX|1342/21|
00000000|MMI|3.30|Insertion of ureteral stent|C0864052|[topp]|["Ureteral stent Placement"-tx-2-"URETERAL STENT PLACEMENT"-noun-0]|TX|267/24|
00000000|MMI|3.25|Day 3|C3842675|[fndg]|["Day 3"-tx-35-"day 3"-noun-0]|TX|3475/3,3480/1|
00000000|MMI|3.25|Discharge date|C2361123|[tmco]|["Discharge date"-tx-1-"Discharge Date"-noun-0]|TX|146/14|
00000000|MMI|3.25|Discharge date:Time Stamp -- Date and Time:Point in time:^Patient:Quantitative|C2361122|[clna]|["Discharge date"-tx-1-"Discharge Date"-noun-0]|TX|146/14|
00000000|MMI|3.22|Secondary to|C0175668|[tmco]|["Secondary to"-tx-21-"secondary to"-adj-0]|TX|2054/12|
00000000|MMI|3.21|Suction assisted lipectomy of lower extremity|C0191758|[topp]|["Liposuction of lower extremity"-tx-11-"liposuction of lower extremities"-noun-0]|TX|1247/14,1272/17|
00000000|MMI|3.19|ALOX5AP gene|C1412362|[gngm]|["FLAP"-tx-2-"FLAP"-noun-0]|TX|343/4|
00000000|MMI|3.19|Coagulation tissue factor induced:Time:Pt:PPP:Qn:Coag|C0482694|[clna]|["Prothrombin time"-tx-23-"prothrombin time"-noun-0]|TX|2185/16|
00000000|MMI|3.19|On Staff|C1947908|[prog]|["Staff"-tx-47-"staff"-noun-0]|TX|4264/5|
00000000|MMI|3.19|Rate|C1521828|[qnco]|["Rate"-tx-19-"rate"-noun-0]|TX|1847/4|
00000000|MMI|3.19|Rating (action)|C0871208|[acty]|["Rate"-tx-19-"rate"-noun-0]|TX|1847/4|
00000000|MMI|3.19|Regulatory Report|C3273238|[inpr]|["Report"-tx-51-"Report"-noun-0]|TX|4490/6|
00000000|MMI|3.19|Report (document)|C0684224|[inpr]|["Report"-tx-51-"Report"-noun-0]|TX|4490/6|
00000000|MMI|3.19|Reporting|C0700287|[hlca]|["Report"-tx-51-"Report"-noun-0]|TX|4490/6|
00000000|MMI|3.19|Staff|C0851286|[prog]|["Staff"-tx-47-"staff"-noun-0]|TX|4264/5|
00000000|MMI|3.19|size|C0456389|[spco]|["Size"-tx-34-"size"-noun-0]|TX|3401/4|
00000000|MMI|3.18|Medication.discharge|C0806915|[fndg]|["Discharge medications"-tx-48-"MEDICATIONS DISCHARGE"-noun-0]|TX|4372/11,4387/9|
00000000|MMI|3.16|Report status|C0586177|[fndg]|["Report status"-tx-1-"Report Status"-noun-0]|TX|124/13|
00000000|MMI|3.16|cyst removal|C0742962|[topp]|["Cyst excision"-tx-11-"cyst excision"-noun-0]|TX|1231/13|
00000000|MMI|3.15|Admission date:Time Stamp -- Date and Time:Point in time:^Patient:Quantitative|C2598112|[clna]|["Admission date"-tx-1-"Admission Date"-noun-0]|TX|99/14|
00000000|MMI|3.15|Date of admission|C1302393|[tmco]|["Admission date"-tx-1-"Admission Date"-noun-0]|TX|99/14|
00000000|MMI|3.15|Hematocrit level|C0518014|[fndg]|["Hematocrit"-tx-23-"hematocrit"-noun-0]|TX|2163/10|
00000000|MMI|3.14|Bowel sounds|C0232693|[fndg]|["Bowel sounds"-tx-20-"bowel sounds"-noun-0]|TX|1923/12|
00000000|MMI|3.14|Ureteric stent|C0183518|[medd]|["ureteral stent"-tx-27-"ureteral stent"-noun-0]|TX|2843/14|
00000000|MMI|3.13|Batch (Response Modality)|C1550176|[inpr]|["Batch"-tx-51-"Batch"-noun-0]|TX|4478/5|
00000000|MMI|3.13|Batch (group)|C1948031|[qnco]|["Batch"-tx-51-"Batch"-noun-0]|TX|4478/5|
00000000|MMI|3.13|Batch Number|C3641829|[inpr]|["BATCH"-tx-51-"Batch"-noun-0]|TX|4478/5|
00000000|MMI|3.13|Diagnosis|C0011900|[fndg]|["DIAGNOSIS"-tx-1-"DIAGNOSIS"-noun-0]|TX|172/9|E01
00000000|MMI|3.13|Diagnosis Study|C1704656|[resa]|["DIAGNOSIS"-tx-1-"DIAGNOSIS"-noun-0]|TX|172/9|
00000000|MMI|3.12|Clinical Study Follow-up|C3274571|[hlca]|["FOLLOW-UP"-tx-45-"FOLLOW-UP"-adj-0]|TX|4190/9|
00000000|MMI|3.12|Follow-Up Report|C1704685|[inpr]|["Follow-Up"-tx-45-"FOLLOW-UP"-adj-0]|TX|4190/9|
00000000|MMI|3.12|Follow-up status|C0589120|[fndg]|["Follow-up"-tx-45-"FOLLOW-UP"-adj-0]|TX|4190/9|
00000000|MMI|3.12|follow-up|C1522577|[hlca]|["Follow Up"-tx-45-"FOLLOW-UP"-adj-0]|TX|4190/9|
00000000|MMI|3.12|Excision|C0728940|[topp]|["EXCISION"-tx-11-"excision"-noun-0]|TX|1236/8|
00000000|MMI|3.12|removal technique|C0015252|[topp]|["excision"-tx-11-"excision"-noun-0]|TX|1236/8|
00000000|MMI|3.12|Discharge time|C3864299|[tmco]|["Discharge time"-tx-42-"time discharge"-noun-0]|TX|4068/4,4076/9|
00000000|MMI|3.12|Discharge time:ClockTime:Pt:^Patient:Qn|C3864300|[clna]|["Discharge time"-tx-42-"time discharge"-noun-0]|TX|4068/4,4076/9|
00000000|MMI|3.12|Ureteroplasty|C1533665|[topp]|["Repair of ureter"-tx-2-"REPAIR OF URETERAL"-noun-0]|TX|294/9,316/8|
00000000|MMI|3.11|Pyrexia of unknown origin (excl puerperal)|C0856281|[sosy]|["puo"-tx-1-"PUO"-noun-0]|TX|12/3|
00000000|MMI|3.11|Condition|C0348080|[qlco]|["Condition"-tx-44-"CONDITION"-noun-0]|TX|4136/9|
00000000|MMI|3.11|Condition:Find:Pt:^Patient:Nom|C3864998|[clna]|["Condition"-tx-44-"CONDITION"-noun-0]|TX|4136/9|
00000000|MMI|3.11|Logical Condition|C1705253|[cnce]|["Condition"-tx-44-"CONDITION"-noun-0]|TX|4136/9|
00000000|MMI|3.11|Supple|C0332254|[ftcn]|["Supple"-tx-16-"supple"-adj-0]|TX|1734/6|
00000000|MMI|3.10|> 2 years|C3843647|[fndg]|["> 2 years"-tx-5-"2 years"-noun-0]|TX|728/1,734/5|
00000000|MMI|3.10|Present procedure|C0450011|[topp]|["Present procedure"-tx-9-"presents procedure"-noun-0]|TX|1102/8,1135/9|
00000000|MMI|3.09|Hematocrit decreased|C0744727|[fndg]|["low hematocrit"-tx-29-"low hematocrit"-noun-0]|TX|2960/14|
00000000|MMI|3.09|Intravenous|C0348016|[spco]|["Intravenous"-tx-33-"intravenous"-adj-0]|TX|3224/11|
00000000|MMI|3.09|Psyche structure|C0229992|[menp]|["Mind"-tx-40-"mind"-noun-0]|TX|3805/4|
00000000|MMI|3.09|Specimen Source Codes - Respiratory|C1546767|[inpr]|["Respiratory"-tx-35-"respiratory"-adj-0]|TX|3559/11|
00000000|MMI|3.09|Ward (environment)|C1305702|[hcro,mnob]|["Ward"-tx-32-"ward"-noun-0]|TX|3159/4|
00000000|MMI|3.09|Ward (person)|C2355574|[popg]|["Ward"-tx-32-"ward"-noun-0]|TX|3159/4|
00000000|MMI|3.09|liter|C0475211|[qnco]|["litre"-tx-25-"liter"-noun-0]|TX|2422/5|
00000000|MMI|3.09|respiratory|C0521346|[ftcn]|["RESPIRATORY"-tx-35-"respiratory"-adj-0]|TX|3559/11|
00000000|MMI|3.08|10%|C3842590|[fndg]|["10%"-tx-37-"10"-integer-0]|TX|3686/2|
00000000|MMI|3.08|Admission activity|C0809949|[hlca]|["Admitted"-tx-24-"admitted"-verb-0]|TX|2276/8|
00000000|MMI|3.08|Code System Type - Internal|C1553872|[qlco]|["Internal"-tx-42-"internal"-adj-0]|TX|4046/8|
00000000|MMI|3.08|Daily|C0332173|[tmco]|["/day"-tx-37-"day"-noun-0]|TX|3681/3|
00000000|MMI|3.08|Dilated|C0700124|[fndg]|["Dilated"-tx-5-"dilated"-verb-0]|TX|681/7|
00000000|MMI|3.08|Done (qualifier value)|C1272695|[qlco]|["Done"-tx-37-"done"-aux-0]|TX|3659/4|
00000000|MMI|3.08|During|C0347984|[tmco]|["Over"-tx-42-"over"-adv-0]|TX|4035/4|
00000000|MMI|3.08|Hospital admission|C0184666|[hlca]|["admitted"-tx-24-"admitted"-verb-0]|TX|2276/8|
00000000|MMI|3.08|Internal|C0205102|[spco]|["Internal"-tx-42-"internal"-adj-0]|TX|4046/8|
00000000|MMI|3.08|June|C3829443|[tmco]|["June"-tx-24-"June"-noun-0]|TX|2294/4|
00000000|MMI|3.08|Month of May|C3812381|[tmco]|["May"-tx-42-"May"-noun-0]|TX|3985/3|
00000000|MMI|3.08|Over (spatial)|C0205136|[spco]|["Over"-tx-42-"over"-adv-0]|TX|4035/4|
00000000|MMI|3.08|Presentation|C0449450|[idcn]|["Presented"-tx-5-"presented"-verb-0]|TX|760/9|
00000000|MMI|3.08|Time (foundation metadata concept)|C3541383|[tmco]|["Time"-tx-41-"time"-noun-0]|TX|3925/4|
00000000|MMI|3.08|day|C0439228|[tmco]|["DAY"-tx-37-"day"-noun-0]|TX|3681/3|
00000000|MMI|3.08|dictated - DocumentCompletion|C1609990|[idcn]|["Dictated"-tx-51-"Dictated"-noun-0]|TX|4517/8|
00000000|MMI|3.08|dictated - ParticipationMode|C1548384|[ftcn]|["dictated"-tx-51-"Dictated"-noun-0]|TX|4517/8|
00000000|MMI|3.08|per day|C0439505|[tmco]|["/day"-tx-37-"day"-noun-0]|TX|3681/3|
00000000|MMI|3.08|Anatomical segmentation|C0441635|[spco]|["SEGMENT"-tx-6-"segment"-noun-0]|TX|1008/7|
00000000|MMI|3.08|Duration|C2926735|[phsu]|["Duration"-tx-34-"duration"-noun-0]|TX|3358/8|
00000000|MMI|3.08|Duration (temporal concept)|C0449238|[tmco]|["Duration"-tx-34-"duration"-noun-0]|TX|3358/8|
00000000|MMI|3.08|Lithotomy - procedure|C1293108|[topp]|["Lithotomy"-tx-4-"lithotomy"-noun-0]|TX|570/9|
00000000|MMI|3.08|Scar Tissue|C0241158|[fndg]|["Scars"-tx-20-"scars"-noun-0]|TX|1956/5|
00000000|MMI|3.08|Surgical repair|C0374711|[topp]|["Repair, NOS"-tx-2-"REPAIR"-noun-0]|TX|294/6|
00000000|MMI|3.03|Anterior portion of neck|C0230069|[blor]|["Throat"-tx-15-"throat"-noun-0]|TX|1695/6|
00000000|MMI|3.03|Bladder Tissue|C1511200|[tisu]|["Bladder"-tx-39-"bladder"-noun-0]|TX|3769/7|
00000000|MMI|3.03|Entire bladder|C1281573|[bpoc]|["Bladder"-tx-39-"bladder"-noun-0]|TX|3769/7|
00000000|MMI|3.03|Entire throat (surface region of neck)|C1280698|[bpoc]|["Throat"-tx-15-"throat"-noun-0]|TX|1695/6|
00000000|MMI|3.03|Genitourinary|C3887515|[blor]|["GENITOURINARY"-tx-47-"genitourinary"-adj-0]|TX|4250/13|
00000000|MMI|3.03|Genitourinary system|C0042066|[bdsy]|["Genitourinary"-tx-47-"genitourinary"-adj-0]|TX|4250/13|A05
00000000|MMI|3.03|Large|C0549177|[qnco]|["LARGE"-tx-34-"large"-adj-0]|TX|3395/5|
00000000|MMI|3.03|Regular|C0205272|[qlco]|["Regular"-tx-19-"regular"-adj-0]|TX|1839/7|
00000000|MMI|3.02|Cyst of thyroid|C0162299|[dsyn]|["THYROID CYST"-tx-11-"thyroid cyst"-noun-0]|TX|1223/12|
00000000|MMI|3.01|Discharge summarization note:Finding:Point in time:{Setting}:Document:{Provider}|C0801840|[clna]|["Discharge summary"-tx-1-"Discharge Summary"-noun-0]|TX|64/17|
00000000|MMI|3.01|Discharge summary|C0743221|[inpr]|["Discharge summary"-tx-1-"Discharge Summary"-noun-0]|TX|64/17|
00000000|MMI|3.01|7 French gauge (gauge size)|C1302716|[qnco]|["7 French"-tx-27-"7-French"-adj-0]|TX|2810/8|
00000000|MMI|3.00|3+ Answer to Question|C3838680|[fndg]|["3+"-tx-1-"3"-fraction-0]|TX|162/1|
00000000|MMI|3.00|3+ Score|C2827736|[qnco]|["3+"-tx-1-"3"-fraction-0]|TX|162/1|
00000000|MMI|3.00|3+ Score, WHO|C2981702|[clas]|["3+"-tx-1-"3"-fraction-0]|TX|162/1|
00000000|MMI|3.00|<3 (qualifier value)|C0439086|[qnco]|["<3"-tx-1-"3"-fraction-0]|TX|162/1|
00000000|MMI|3.00|Old|C0580836|[tmco]|["Old"-tx-4-"old"-noun-0]|TX|529/3|
00000000|MMI|3.00|per year|C0439508|[tmco]|["/Year"-tx-4-"year"-noun-0]|TX|524/4|
00000000|MMI|3.00|year|C0439234|[tmco]|["YEAR"-tx-4-"year"-noun-0]|TX|524/4|
00000000|MMI|3.00|Removal of stent|C0522778|[topp]|["Stent removal"-tx-41-"stent removal"-noun-0]|TX|3934/13|
00000000|MMI|3.00|In addition to|C0332287|[ftcn]|["Plus"-tx-11-"plus"-adj-0]|TX|1218/4|
00000000|MMI|3.00|THYROID DIAGNOSTIC RADIOPHARMACEUTICALS|C3540038|[irda]|["THYROID"-tx-11-"thyroid"-noun-0]|TX|1223/7|
00000000|MMI|2.99|Diagnostic interview schedule|C0451119|[inpr]|["DIS"-tx-1-"DIS"-noun-0]|TX|93/3|
00000000|MMI|2.99|Discontinued|C1444662|[fndg]|["DIS"-tx-1-"DIS"-noun-0]|TX|93/3|
00000000|MMI|2.99|Non-tender|C0520960|[qlco]|["Nontender"-tx-20-"nontender"-adj-0]|TX|1906/9|
00000000|MMI|2.99|Patient need for (contextual qualifier)|C0686904|[ftcn]|["needed"-tx-12-"needed"-adj-0]|TX|1489/6|
00000000|MMI|2.99|SHORT STATURE, ONYCHODYSPLASIA, FACIAL DYSMORPHISM, AND HYPOTRICHOSIS SYNDROME|C3542022|[dsyn]|["SOFT"-tx-20-"soft"-adj-0]|TX|1884/4|
00000000|MMI|2.99|Singular|C0205171|[qnco]|["SINGLE"-tx-27-"single"-adj-0]|TX|2819/6|
00000000|MMI|2.99|Soft|C0205358|[qlco]|["Soft"-tx-20-"soft"-adj-0]|TX|1884/4|
00000000|MMI|2.99|History of present illness|C0262512|[orga]|["HISTORY OF PRESENT ILLNESS"-tx-4-"of HISTORY PRESENT ILLNESS"-noun-0]|TX|464/2,476/7,487/15|
00000000|MMI|2.99|History of present illness:Finding:Point in time:^Patient:Nominal:Reported|C0488508|[clna]|["History of present illness"-tx-4-"of HISTORY PRESENT ILLNESS"-noun-0]|TX|464/2,476/7,487/15|
00000000|MMI|2.99|Body Fluid Discharge|C0012621|[bdsu]|["Discharge"-tx-44-"DISCHARGE"-noun-0]|TX|4149/9|
00000000|MMI|2.99|Consent Type - Percutaneous Nephrostomy|C1548897|[hlca]|["Percutaneous Nephrostomy"-tx-5-"percutaneous nephrostomy"-noun-0]|TX|861/24|
00000000|MMI|2.99|Discharge, body substance|C2926602|[bdsu]|["Discharge"-tx-44-"DISCHARGE"-noun-0]|TX|4149/9|
00000000|MMI|2.99|Percutaneous insertion of nephrostomy tube|C0027724|[topp]|["percutaneous nephrostomy"-tx-5-"percutaneous nephrostomy"-noun-0]|TX|861/24|
00000000|MMI|2.99|Stable Disease|C0677946|[fndg]|["Stable condition"-tx-27-"stable condition"-noun-0]|TX|2765/16|
00000000|MMI|2.99|Stable chronic Graft vs Host Disease|C3538874|[fndg]|["Stable condition"-tx-27-"stable condition"-noun-0]|TX|2765/16|
00000000|MMI|2.98|milligram/day|C0439422|[qnco]|["Milligram per Day"-tx-12-"milligrams per day"-noun-0]|TX|1448/10,1469/7|
00000000|MMI|2.98|1+|C3816745|[fndg]|["1+"-tx-25-"1"-integer-0]|TX|2420/1|
00000000|MMI|2.98|1+ Score|C2827734|[qnco]|["1+"-tx-25-"1"-integer-0]|TX|2420/1|
00000000|MMI|2.98|1+ Score, WHO|C2981698|[clas]|["1+"-tx-25-"1"-integer-0]|TX|2420/1|
00000000|MMI|2.98|Fluid behavior|C0444611|[qlco]|["Fluid"-tx-38-"fluid"-noun-0]|TX|3719/5|
00000000|MMI|2.98|Liquid substance|C0302908|[sbst]|["fluid"-tx-38-"fluid"-noun-0]|TX|3719/5|
00000000|MMI|2.98|Pelvic brim|C2330508|[bpoc]|["Pelvic brim"-tx-5-"pelvic brim"-noun-0]|TX|649/11|
00000000|MMI|2.98|fluid - substance|C1704353|[sbst]|["Fluid"-tx-38-"fluid"-noun-0]|TX|3719/5|
00000000|MMI|2.98|peripheral blood|C0229664|[bdsu]|["BLOOD"-tx-25-"blood"-noun-0]|TX|2431/5|
00000000|MMI|2.97|Bilateral|C0238767|[spco]|["BILATERAL"-tx-11-"bilateral"-adj-0]|TX|1262/9|
00000000|MMI|2.97|Force of Gravity|C0282189|[npop]|["Gravity"-tx-27-"gravity"-noun-0]|TX|2798/7|
00000000|MMI|2.97|Gravity - Unit of Force|C2700494|[qnco]|["Gravity"-tx-27-"gravity"-noun-0]|TX|2798/7|
00000000|MMI|2.97|Entire left ureter|C1280905|[bpoc]|["Left ureter"-tx-4-"left ureteral"-adj-0]|TX|556/13|
00000000|MMI|2.97|Structure of left ureter|C0227683|[bpoc]|["Left Ureter"-tx-4-"left ureteral"-adj-0]|TX|556/13|
00000000|MMI|2.97|23|C0450348|[qnco]|["23"-tx-5-"23"-integer-0]|TX|818/2|
00000000|MMI|2.97|Allopathic & Osteopathic Physicians - Surgery|C3853799|[prog]|["Surgery"-tx-34-"surgery"-noun-0]|TX|3370/7|
00000000|MMI|2.97|Has difficulty doing (qualifier value)|C1299586|[fndg]|["Difficulty"-tx-24-"difficulty"-noun-0]|TX|2387/10|
00000000|MMI|2.97|Numerous|C0439064|[qnco]|["MULTIPLE"-tx-20-"multiple"-adj-0]|TX|1938/8|
00000000|MMI|2.97|Surgery specialty|C0038894|[bmod]|["Surgery"-tx-34-"surgery"-noun-0]|TX|3370/7|
00000000|MMI|2.97|Distress|C0231303|[menp]|["Distress"-tx-14-"distress"-noun-1]|TX|1655/8|
00000000|MMI|2.97|acute|C0205178|[tmco]|["ACUTE"-tx-14-"acute"-adj-0]|TX|1649/5|
00000000|MMI|2.96|0%|C3842591|[fndg]|["0%"-tx-12-"0"-real_number-0]|TX|1442/1|
00000000|MMI|2.96|Approximate|C0332232|[qlco]|["Approximately"-tx-26-"approximately"-adv-0]|TX|2670/13|
00000000|MMI|2.96|Autologous|C0439859|[qlco]|["Autologous"-tx-25-"autologous"-adj-0]|TX|2473/10|
00000000|MMI|2.96|Cells|C0007634|[cell]|["Cells"-tx-25-"cells"-noun-0]|TX|2501/5|A11
00000000|MMI|2.96|Cells [Chemical/Ingredient]|C3282337|[cell]|["Cells"-tx-25-"cells"-noun-0]|TX|2501/5|
00000000|MMI|2.96|Cluster|C1704332|[qnco]|["Cluster"-tx-26-"cluster"-noun-0]|TX|2717/7|
00000000|MMI|2.96|Immediate|C0205253|[tmco]|["Immediate"-tx-29-"immediate"-adj-0]|TX|2982/9|
00000000|MMI|2.96|Insertion of pack (procedure)|C0184967|[topp]|["Packed"-tx-25-"packed"-noun-0]|TX|2484/6|
00000000|MMI|2.96|March|C3829202|[qlco]|["March"-tx-6-"March"-noun-0]|TX|969/5|
00000000|MMI|2.96|Pack unit|C2825051|[drdd]|["Packed"-tx-25-"packed"-noun-0]|TX|2484/6|
00000000|MMI|2.96|Radiological Exposure Device|C4049926|[mnob]|["RED"-tx-25-"red"-noun-0]|TX|2491/3|
00000000|MMI|2.96|Red color|C1260956|[qlco]|["RED"-tx-25-"red"-noun-0]|TX|2491/3|
00000000|MMI|2.96|Redness|C0332575|[fndg]|["Red"-tx-25-"red"-noun-0]|TX|2491/3|
00000000|MMI|2.96|Small|C0700321|[qnco]|["SMALL"-tx-26-"small"-adj-0]|TX|2705/5|
00000000|MMI|2.96|Stat (do immediately)|C0205548|[tmco]|["Immediate"-tx-29-"immediate"-adj-0]|TX|2982/9|
00000000|MMI|2.96|Synthetic Levothyroxine|C1881373|[orch,phsu]|["LEVOTHYROXINE"-tx-12-"Levothyroxine"-noun-0]|TX|