00000000|MMI|223.96|Mongolia|C0026410|[geoa]|["MG"-tx-26-"mg"-noun-0,"MG"-tx-8-"mg"-noun-0,"MG"-tx-7-"mg"-noun-0]|TX|[2599/2],[2632/2],[2698/2],[2725/2],[2732/2],[2739/2],[2822/2];[1236/2],[1292/2];[1044/2],[1077/2],[1168/2],[1175/2],[1182/2]|Z01.252.474.651
00000000|MMI|124.83|Daily|C0332173|[tmco]|["/day"-tx-27-"day"-noun-0,"/day"-tx-26-"day"-noun-0,"/day"-tx-24-"day"-noun-0,"/day"-tx-8-"day"-noun-0,"/day"-tx-7-"day"-noun-0]|TX|[2865/3],[2896/3];[2648/3],[2677/3],[2708/3],[2762/3],[2831/3];2456/3;[1245/3],[1272/3],[1302/3],[1335/3],[1388/3];[1093/3],[1119/3],[1151/3]|
00000000|MMI|124.83|day|C0439228|[tmco]|["DAY"-tx-27-"day"-noun-0,"DAY"-tx-26-"day"-noun-0,"DAY"-tx-24-"day"-noun-0,"DAY"-tx-8-"day"-noun-0,"DAY"-tx-7-"day"-noun-0]|TX|[2865/3],[2896/3];[2648/3],[2677/3],[2708/3],[2762/3],[2831/3];2456/3;[1245/3],[1272/3],[1302/3],[1335/3],[1388/3];[1093/3],[1119/3],[1151/3]|
00000000|MMI|124.83|per day|C0439505|[tmco]|["/day"-tx-27-"day"-noun-0,"/day"-tx-26-"day"-noun-0,"/day"-tx-24-"day"-noun-0,"/day"-tx-8-"day"-noun-0,"/day"-tx-7-"day"-noun-0]|TX|[2865/3],[2896/3];[2648/3],[2677/3],[2708/3],[2762/3],[2831/3];2456/3;[1245/3],[1272/3],[1302/3],[1335/3],[1388/3];[1093/3],[1119/3],[1151/3]|
00000000|MMI|61.42|Magnesium Cation|C2346927|[elii,phsu]|["Mg++"-tx-26-"mg"-noun-0,"Mg++"-tx-8-"mg"-noun-0,"Mg++"-tx-7-"mg"-noun-0]|TX|[2599/2],[2632/2],[2698/2],[2725/2],[2732/2],[2739/2],[2822/2];[1236/2],[1292/2];[1044/2],[1077/2],[1168/2],[1175/2],[1182/2]|
00000000|MMI|61.42|Milligram percent|C1960952|[qnco]|["mg %"-tx-26-"mg"-noun-0,"mg %"-tx-8-"mg"-noun-0,"mg %"-tx-7-"mg"-noun-0]|TX|[2599/2],[2632/2],[2698/2],[2725/2],[2732/2],[2739/2],[2822/2];[1236/2],[1292/2];[1044/2],[1077/2],[1168/2],[1175/2],[1182/2]|
00000000|MMI|61.42|mg/dL|C0439269|[qnco]|["mg%"-tx-26-"mg"-noun-0,"mg%"-tx-8-"mg"-noun-0,"mg%"-tx-7-"mg"-noun-0]|TX|[2599/2],[2632/2],[2698/2],[2725/2],[2732/2],[2739/2],[2822/2];[1236/2],[1292/2];[1044/2],[1077/2],[1168/2],[1175/2],[1182/2]|
00000000|MMI|55.21|Coumadin|C0699129|[orch,phsu]|["Coumadin"-tx-29-"Coumadin"-noun-0,"Coumadin"-tx-26-"Coumadin"-noun-0,"Coumadin"-tx-7-"Coumadin"-noun-0]|TX|3106/8;2714/8;1157/8|D03.383.663.283.446.520.914;D03.438.150.446.520.914
00000000|MMI|50.58|Tablet Dosage Form|C0039225|[bodm]|["Tablets"-tx-27-"tablets"-noun-0,"TABLET"-tx-8-"tablet"-noun-0,"Tablets"-tx-8-"tablets"-noun-0]|TX|[2924/7],[2936/7],[2950/7];1375/6;[1349/7],[1361/7]|D26.255.830
00000000|MMI|44.12|Needs|C0027552|[qlco]|["Needs"-tx-33-"needs"-verb-0,"Needs"-tx-32-"needs"-verb-0,"Need"-tx-29-"need"-verb-0,"Need"-tx-22-"need"-noun-0]|TX|3241/5;3205/5;3092/4;2266/4|N03.349.380.420;N05.300.450
00000000|MMI|43.81|Togo|C0040363|[geoa]|["TO"-tx-33-"to"-adv-0,"TO"-tx-32-"to"-adv-0,"TO"-tx-29-"to"-adv-0]|TX|3247/2;3211/2;3097/2|Z01.058.290.190.800
00000000|MMI|43.81|Tryptophanase|C0041260|[aapp,enzy]|["TO"-tx-33-"to"-adv-0,"TO"-tx-32-"to"-adv-0,"TO"-tx-29-"to"-adv-0]|TX|3247/2;3211/2;3097/2|D08.811.520.224.800
00000000|MMI|34.94|Patients|C0030705|[podg]|["*^patient"-tx-29-"patient"-noun-0,"*^patient"-tx-25-"patient"-noun-0,"*^patient"-tx-20-"patient"-noun-0,"*^patient"-tx-19-"patient"-noun-0,"*^patient"-tx-3-"patient"-noun-0]|TX|3079/7;2491/7;2132/7;1968/7;400/7|M01.643
00000000|MMI|31.77|Degenerative polyarthritis|C0029408|[dsyn]|["OSTEOARTHRITIS"-tx-4-"osteoarthritis"-noun-0,"OSTEOARTHRITIS"-tx-2-"osteoarthritis"-noun-0,"OSTEOARTHRITIS"-tx-1-"OSTEOARTHRITIS"-noun-0]|TX|594/14;380/14;193/14|C05.550.114.606;C05.799.613
00000000|MMI|31.67|International Normalized Ratio|C0525032|[lbpr]|["INR"-tx-31-"INR"-noun-0,"INR"-tx-23-"INR"-noun-0]|TX|3174/3;2318/3|E01.370.225.625.115.320;E05.200.625.115.320
00000000|MMI|29.02|Nitrostat|C0699241|[orch,phsu]|["Nitrostat"-tx-26-"Nitrostat"-noun-0,"Nitrostat"-tx-7-"Nitrostat"-noun-0]|TX|2774/9;1203/9|D02.033.800.421.560;D02.640.636
00000000|MMI|26.68|Pain|C0030193|[sosy]|["PAIN"-tx-28-"pain"-noun-0]|TX|[2985/4],[3045/4]|C10.597.617;C23.888.592.612;F02.830.816.444;G11.561.600.810.444
00000000|MMI|26.53|Pulse Rate|C0232117|[clna]|["PULSE"-tx-18-"pulse"-noun-0,"PULSE"-tx-10-"pulse"-noun-0]|TX|1931/5;1485/5|E01.370.600.875.500;G09.330.380.500
00000000|MMI|26.33|Osteoarthritis of hip|C0029410|[dsyn]|["OSTEOARTHRITIS OF HIP"-tx-19-"osteoarthritis of hip"-noun-0,"Hip Osteoarthritis"-tx-1-"HIP OSTEOARTHRITIS"-noun-0]|TX|2023/17,2051/3;189/18|C05.550.114.606.400;C05.799.613.400
00000000|MMI|26.21|Verapamil|C0042523|[orch,phsu]|["VERAPAMIL"-tx-26-"Verapamil"-noun-0,"VERAPAMIL"-tx-7-"Verapamil"-noun-0]|TX|2619/9;1064/9|D02.092.471.683.953
00000000|MMI|23.42|Homo sapiens|C0086418|[humn]|["MAN"-tx-2-"man"-noun-0]|TX|310/3|B01.050.150.900.649.801.400.112.400.400
00000000|MMI|23.28|Aspirin|C0004057|[orch,phsu]|["ASPIRIN"-tx-32-"aspirin"-noun-0]|TX|3229/7|D02.455.426.559.389.657.410.595.176
00000000|MMI|21.72|Abortion consent:Finding:Point in time:^Patient:Document|C2360836|[clna]|["Patient"-tx-29-"patient"-noun-0,"Patient"-tx-25-"patient"-noun-0,"Patient"-tx-20-"patient"-noun-0,"Patient"-tx-19-"patient"-noun-0,"Patient"-tx-3-"patient"-noun-0]|TX|3079/7;2491/7;2132/7;1968/7;400/7|
00000000|MMI|21.72|Hysterectomy consent:Finding:Point in time:^Patient:Document|C2360838|[clna]|["Patient"-tx-29-"patient"-noun-0,"Patient"-tx-25-"patient"-noun-0,"Patient"-tx-20-"patient"-noun-0,"Patient"-tx-19-"patient"-noun-0,"Patient"-tx-3-"patient"-noun-0]|TX|3079/7;2491/7;2132/7;1968/7;400/7|
00000000|MMI|21.72|Sterilization consent:Finding:Point in time:^Patient:Document|C2360840|[clna]|["Patient"-tx-29-"patient"-noun-0,"Patient"-tx-25-"patient"-noun-0,"Patient"-tx-20-"patient"-noun-0,"Patient"-tx-19-"patient"-noun-0,"Patient"-tx-3-"patient"-noun-0]|TX|3079/7;2491/7;2132/7;1968/7;400/7|
00000000|MMI|21.32|Wound Healing|C0043240|[orgf]|["Repair, NOS"-tx-5-"repair"-noun-0]|TX|[903/6],[933/6]|G16.100.856.891
00000000|MMI|21.23|Artificial cardiac pacemaker|C0030163|[medd]|["PACEMAKER"-tx-14-"Pacemaker"-noun-0,"PACEMAKER"-tx-5-"pacemaker"-noun-0]|TX|1638/9;954/9|E07.305.250.750
00000000|MMI|21.17|Triamterene|C0040869|[orch,phsu]|["TRIAMTERENE"-tx-27-"Triamterene"-noun-0,"TRIAMTERENE"-tx-8-"triamterene"-noun-0]|TX|2902/11;1308/11|D03.438.733.900
00000000|MMI|21.01|CANE, INCLUDES CANES OF ALL MATERIALS, ADJUSTABLE OR FIXED, WITH TIP|C0006856|[medd]|["CANE"-tx-9-"cane"-noun-0,"CANE"-tx-3-"cane"-noun-0]|TX|1456/4;554/4|E07.858.442.250
00000000|MMI|18.30|Surgical aspects|C0038895|[ftcn]|["surgery"-tx-1-"SURGERY"-noun-0]|TX|208/7|x.x.x.x.x.x.x
00000000|MMI|15.99|Males|C0086582|[orga]|["MALE"-tx-9-"male"-noun-0,"MAN"-tx-2-"man"-noun-0]|TX|1433/4;310/3|x.x.x
00000000|MMI|15.62|Bone structure of ischium|C0022122|[bpoc]|["Hip"-tx-33-"hip"-noun-0]|TX|3277/3|A02.835.232.043.825.548
00000000|MMI|15.61|Patient Discharge|C0030685|[hlca]|["Discharge"-tx-36-"DISCHARGE"-noun-0]|TX|3398/9|E02.204.125;E02.760.400.610;N02.421.192.125;N02.421.585.400.610;N04.590.233.727.210.125
00000000|MMI|15.60|Hypesthesia|C0020580|[fndg]|["DECREASED SENSATION"-tx-17-"decreased sensation"-noun-0]|TX|1859/19|C10.597.751.791.500;C23.888.592.763.770.500
00000000|MMI|14.67|+2|C0740116|[qnco]|["+2"-tx-27-"2"-integer-0,"+2"-tx-26-"2"-integer-0,"+2"-tx-8-"2"-integer-0,"+2"-tx-7-"2"-integer-0]|TX|2934/1;2730/1;[1347/1],[1359/1];1173/1|
00000000|MMI|14.67|2+|C3833492|[fndg]|["2+"-tx-27-"2"-integer-0,"2+"-tx-26-"2"-integer-0,"2+"-tx-8-"2"-integer-0,"2+"-tx-7-"2"-integer-0]|TX|2934/1;2730/1;[1347/1],[1359/1];1173/1|
00000000|MMI|14.67|2+ Score|C2827735|[qnco]|["2+"-tx-27-"2"-integer-0,"2+"-tx-26-"2"-integer-0,"2+"-tx-8-"2"-integer-0,"2+"-tx-7-"2"-integer-0]|TX|2934/1;2730/1;[1347/1],[1359/1];1173/1|
00000000|MMI|14.67|2+ Score, WHO|C2981700|[clas]|["2+"-tx-27-"2"-integer-0,"2+"-tx-26-"2"-integer-0,"2+"-tx-8-"2"-integer-0,"2+"-tx-7-"2"-integer-0]|TX|2934/1;2730/1;[1347/1],[1359/1];1173/1|
00000000|MMI|14.64|Right|C0205090|[spco]|["RIGHT"-tx-20-"right"-adj-0,"RIGHT"-tx-19-"right"-adj-0,"RIGHT"-tx-5-"right"-noun-0,"RIGHT"-tx-2-"right"-noun-0,"RIGHT"-tx-1-"RIGHT"-adj-0]|TX|2065/5;2045/5;881/5;360/5;183/5|
00000000|MMI|14.64|Right sided|C0444532|[spco]|["Right"-tx-20-"right"-adj-0,"Right"-tx-19-"right"-adj-0,"Right"-tx-5-"right"-noun-0,"Right"-tx-2-"right"-noun-0,"Right"-tx-1-"RIGHT"-adj-0]|TX|2065/5;2045/5;881/5;360/5;183/5|
00000000|MMI|14.56|30%|C3842588|[fndg]|["30%"-tx-40-"30"-fraction-0,"30%"-tx-26-"30"-integer-0,"30%"-tx-7-"30"-integer-0]|TX|[3544/2],[3555/2];[2596/2],[2695/2];1041/2|
00000000|MMI|14.45|Chest Pain|C0008031|[sosy]|["CHEST PAIN"-tx-26-"chest pain"-noun-0]|TX|2795/10|C10.597.617.192;C23.888.592.612.233
00000000|MMI|14.45|Diabetes Mellitus, Non-Insulin-Dependent|C0011860|[dsyn]|["Noninsulin dependent diabetes mellitus"-tx-4-"non-insulin dependent diabetes mellitus"-noun-0]|TX|756/39|C18.452.394.750.149;C19.246.300
00000000|MMI|14.45|Sleep Apnea Syndromes|C0037315|[dsyn]|["Sleep apnoea"-tx-4-"sleep apnea"-noun-1]|TX|798/11|C08.618.085.852;C10.886.425.800.750
00000000|MMI|13.23|Blood Pressure|C0005823|[orgf]|["BLOOD PRESSURE"-tx-10-"Blood pressure"-noun-0]|TX|1462/14|E01.370.600.875.249;G09.330.380.076
00000000|MMI|13.23|Systemic arterial pressure|C1272641|[fndg]|["Blood pressure"-tx-10-"Blood pressure"-noun-0]|TX|1462/14|G09.330.380.076.347
00000000|MMI|13.19|Postoperative Period|C0032790|[tmco]|["Postoperative"-tx-24-"postoperative"-noun-0]|TX|2442/13|E04.614.750;N02.421.585.753.750
00000000|MMI|13.09|Ki-67 Antigen|C0208804|[aapp,imft,irda]|["KIA"-tx-37-"KIA"-noun-0]|TX|3430/3|D12.776.660.625.500;D23.050.290.500;D23.101.140.400
00000000|MMI|13.06|Glyburide|C0017628|[orch,phsu]|["GLYBURIDE"-tx-8-"glyburide"-noun-0]|TX|1278/9|D02.886.590.795.575;D02.948.828.575
00000000|MMI|13.03|Dominican Republic|C0013014|[geoa]|["DR"-tx-34-"Dr"-noun-0]|TX|3333/2|Z01.107.084.900.300;Z01.639.880.300
00000000|MMI|12.78|Patient need for (contextual qualifier)|C0686904|[ftcn]|["needs"-tx-33-"needs"-verb-0,"needs"-tx-32-"needs"-verb-0,"need"-tx-29-"need"-verb-0,"need"-tx-22-"need"-noun-0]|TX|3241/5;3205/5;3092/4;2266/4|
00000000|MMI|12.75|To|C1883351|[qlco]|["To"-tx-33-"to"-adv-0,"To"-tx-32-"to"-adv-0,"To"-tx-29-"to"-adv-0]|TX|3247/2;3211/2;3097/2|
00000000|MMI|12.09|Registered nurse|C0687673|[prog]|["R.N."-tx-28-"r.n"-adj-0,"R.N."-tx-26-"r.n"-adj-0,"R.N."-tx-7-"r.n"-adj-0]|TX|3040/3;[2786/3],[2837/3];1215/3|
00000000|MMI|11.89|BaseLine dental cement|C0168634|[bodm]|["baseline"-tx-17-"baseline"-noun-0]|TX|1906/8|x.x.x.x
00000000|MMI|11.89|Diabetes Mellitus|C0011849|[dsyn]|["non insulin dependent diabetes Mellitus"-tx-4-"non-insulin dependent diabetes mellitus"-noun-0]|TX|756/39|C18.452.394.750;C19.246
00000000|MMI|11.89|Oral cavity|C0226896|[bsoj]|["MOUTH"-tx-28-"mouth"-noun-0]|TX|3021/5|A01.456.505.631;A03.556.500;A14.549
00000000|MMI|11.89|Range of Motion, Articular|C0080078|[clna]|["Range of Motion"-tx-16-"range of motion"-adj-0]|TX|1715/15|E01.370.600.700;G11.427.760
00000000|MMI|11.77|event cycle|C1511572|[tmco]|["Cycle"-tx-27-"cycle"-noun-0,"Cycle"-tx-26-"cycle"-noun-0,"Cycle"-tx-8-"cycle"-noun-0,"Cycle"-tx-7-"cycle"-noun-0]|TX|2974/5;2766/5;1392/5;1195/5|
00000000|MMI|11.64|0%|C3842591|[fndg]|["0%"-tx-31-"0"-real_number-0,"0%"-tx-23-"0"-real_number-0,"0%"-tx-16-"0"-integer-0,"0%"-tx-8-"0"-integer-0]|TX|3195/1;2334/1;1750/1;1373/1|
00000000|MMI|11.44|Three|C0205449|[qnco]|["Three"-tx-27-"three"-word_numeral-0,"Three"-tx-26-"three"-word_numeral-0,"Three"-tx-8-"three"-word_numeral-0,"Three"-tx-7-"three"-word_numeral-0]|TX|2963/5;2756/5;1382/5;1185/5|
00000000|MMI|11.02|Time|C0040223|[tmco]|["times"-tx-26-"times"-noun-0,"times"-tx-7-"times"-noun-0]|TX|2640/5;1085/5|G01.910
00000000|MMI|11.01|Lung|C0024109|[bpoc]|["LUNGS"-tx-13-"LUNGS"-noun-0,"pulmonary"-tx-4-"pulmonary"-noun-0]|TX|1601/5;720/9|A04.411
00000000|MMI|10.68|CORONARY ARTERY DISEASE, AUTOSOMAL DOMINANT, 1|C1842247|[dsyn]|["CORONARY ARTERY DISEASE/MYOCARDIAL INFARCTION"-tx-4-"coronary artery disease myocardial infarction"-noun-0]|TX|611/23,647/21|x.x.x.x
00000000|MMI|10.63|Consultation|C0009818|[hlca]|["Consultation"-tx-21-"consultation"-noun-0]|TX|2195/12|N04.452.758.849
00000000|MMI|10.62|General surgery specialty|C1274039|[bmod]|["Surgery"-tx-1-"SURGERY"-noun-0]|TX|208/7|H02.403.810.300
00000000|MMI|10.61|Operating Room|C0029064|[hcro,mnob]|["OPERATING ROOM"-tx-19-"operating room"-noun-0]|TX|1993/14|N02.278.388.700
00000000|MMI|10.60|Rehabilitation therapy|C0034991|[topp]|["Rehabilitation"-tx-24-"rehabilitation"-noun-0]|TX|2413/14|E02.831;H02.403.680.600;N02.421.784
00000000|MMI|10.51|Cardiology discipline|C0007189|[bmod]|["Cardiology"-tx-21-"cardiology"-noun-0]|TX|2184/10|H02.403.429.163
00000000|MMI|10.50|Allopurinol|C0002144|[orch,phsu]|["ALLOPURINOL"-tx-26-"Allopurinol"-noun-0]|TX|2683/11|D03.438.759.160
00000000|MMI|10.50|Hip structure|C0019552|[bpoc]|["HIP"-tx-33-"hip"-noun-0]|TX|3277/3|A01.378.610.400
00000000|MMI|10.49|Chest wall structure|C0205076|[bpoc]|["Chest Wall"-tx-14-"chest wall"-noun-0]|TX|1655/10|A01.923.761.850
00000000|MMI|10.48|Auscultation|C0004339|[diap]|["AUSCULTATION"-tx-13-"auscultation"-noun-0]|TX|1617/12|E01.370.600.060
00000000|MMI|10.47|Physicians|C0031831|[prog]|["DR"-tx-34-"Dr"-noun-0]|TX|3333/2|M01.526.485.810;N02.360.810
00000000|MMI|10.46|Elderly (population group)|C0001792|[popg]|["ELDERLY"-tx-9-"elderly"-adj-0]|TX|1425/7|M01.060.116.100
00000000|MMI|9.33|Oropharyngeal|C0521367|[blor]|["OROPHARYNX"-tx-12-"Oropharynx"-noun-0]|TX|1580/10|A04.623.603;A14.724.603
00000000|MMI|9.33|Physical Examination|C0031809|[hlca]|["PHYSICAL EXAM"-tx-9-"PHYSICAL EXAM"-noun-0]|TX|1399/13|E01.370.600
00000000|MMI|9.33|Visual Accommodation|C0000936|[clna]|["Accommodation"-tx-11-"accommodation"-noun-0]|TX|1565/13|G14.640.079
00000000|MMI|8.94|P Blood group antibodies|C0369773|[aapp,imft]|["P NOS"-tx-26-"p"-adj-0,"P NOS"-tx-7-"p"-adj-0]|TX|[2784/1],[2835/1];1213/1|
00000000|MMI|8.94|P prime|C2603361|[clna]|["P'"-tx-26-"p"-adj-0,"P'"-tx-7-"p"-adj-0]|TX|[2784/1],[2835/1];1213/1|
00000000|MMI|8.80|Academic degree|C0542560|[inpr]|["degrees"-tx-16-"degrees"-noun-0]|TX|[1740/7],[1755/7],[1790/7]|
00000000|MMI|8.80|Degree or extent|C0449286|[qnco]|["degrees"-tx-16-"degrees"-noun-0]|TX|[1740/7],[1755/7],[1790/7]|
00000000|MMI|8.45|Doctor of Medicine|C1512018|[inpr]|["M.D."-tx-38-"M.D"-noun-0,"M.D."-tx-37-"M.D"-noun-0]|TX|3486/3;3446/3|
00000000|MMI|8.45|Patient Condition Code - Stable|C1547311|[inpr]|["Stable"-tx-36-"Stable"-adj-0,"Stable"-tx-22-"stable"-adj-0]|TX|3409/6;2242/6|
00000000|MMI|8.45|Stable status|C0205360|[qlco]|["STABLE"-tx-36-"Stable"-adj-0,"STABLE"-tx-22-"stable"-adj-0]|TX|3409/6;2242/6|
00000000|MMI|8.17|Drug Allergy|C0013182|[dsyn]|["Drug Allergies"-tx-6-"drug allergies"-noun-1]|TX|993/14|C20.543.206;C25.100.468
00000000|MMI|8.11|objective (goal)|C0018017|[inpr]|["Goal"-tx-31-"goal"-noun-0]|TX|3178/4|F01.658.500
00000000|MMI|8.04|Disease|C0012634|[dsyn]|["condition"-tx-36-"CONDITION"-noun-0]|TX|3385/9|C23.550.288
00000000|MMI|8.04|Rehabilitation aspects|C0034992|[ftcn]|["Rehabilitation"-tx-24-"rehabilitation"-noun-0]|TX|2413/14|x.x.x
00000000|MMI|8.03|Appointments and Schedules|C0003630|[tmco]|["appointment schedule"-tx-34-"schedule appointment"-noun-0]|TX|3298/8,3317/11|N04.452.095
00000000|MMI|8.02|Back|C0004600|[blor]|["BACK"-tx-32-"back"-adj-0]|TX|3217/4|A01.923.176
00000000|MMI|8.00|Historical aspects qualifier|C0019665|[ftcn]|["history"-tx-3-"history"-noun-0]|TX|419/7|x.x.x
00000000|MMI|6.77|Heart|C0018787|[bpoc]|["HEART"-tx-14-"HEART"-noun-0]|TX|1631/5|A07.541
00000000|MMI|6.77|Hypersensitivity|C0020517|[patf]|["Allergies"-tx-6-"ALLERGIES"-noun-0]|TX|973/9|C20.543
00000000|MMI|6.77|Limb structure|C0015385|[bpoc]|["Extremities"-tx-16-"EXTREMITIES"-noun-0]|TX|1692/11|A01.378
00000000|MMI|6.77|Lymphadenopathy|C0497156|[fndg]|["ADENOPATHY"-tx-10-"adenopathy"-noun-1]|TX|1499/10|C15.604
00000000|MMI|6.21|Aspirin 81 MG|C0983882|[clnd]|["Aspirin 81 MG"-tx-27-"aspirin 81 mg"-noun-0,"Aspirin 81 MG"-tx-8-"aspirin 81 mg"-noun-0]|TX|2844/13;1251/13|
00000000|MMI|6.21|Repair of inguinal hernia|C0021446|[topp]|["INGUINAL HERNIA REPAIR"-tx-5-"inguinal hernia repair"-noun-0]|TX|[887/22],[917/22]|
00000000|MMI|6.15|Digoxin 0.25 MG|C0985544|[clnd]|["Digoxin 0.25 MG"-tx-26-"digoxin 0.25 mg"-noun-0,"Digoxin 0.25 MG"-tx-7-"digoxin 0.25 mg"-noun-0]|TX|2654/15;1099/15|
00000000|MMI|6.11|Pain NOS Adverse Event|C1962977|[fndg]|["Pain NOS"-tx-28-"pain"-noun-0]|TX|[2985/4],[3045/4]|
00000000|MMI|6.10|Clear|C2963144|[qlco]|["Clear"-tx-13-"Clear"-adj-0,"Clear"-tx-12-"clear"-adj-0]|TX|1608/5;1594/5|
00000000|MMI|6.10|Negative Surgical Margin|C1709157|[fndg]|["Clear"-tx-13-"Clear"-adj-0,"Clear"-tx-12-"clear"-adj-0]|TX|1608/5;1594/5|
00000000|MMI|6.09|Total Hip Replacement (procedure)|C0040508|[topp]|["Total Hip Replacement"-tx-20-"total hip replacement"-noun-0,"Total Hip Replacement"-tx-2-"total hip replacement"-noun-0]|TX|2071/21;331/21|
00000000|MMI|6.04|Phase II/III Trial|C1519042|[resa]|["2-3"-tx-31-"2 3"-real_number-0,"2-3"-tx-23-"2 3"-real_number-0]|TX|3193/1,3197/1;2332/1,2336/1|
00000000|MMI|6.03|Medical History|C0262926|[fndg]|["Past Medical History"-tx-4-"PAST MEDICAL HISTORY"-noun-0,"History"-tx-3-"history"-noun-0]|TX|560/20;419/7|
00000000|MMI|5.97|Entire right hip region|C1268233|[blor]|["Right hip"-tx-16-"Right hip"-noun-0,"Right hip"-tx-1-"RIGHT HIP"-noun-0]|TX|1705/9;183/9|
00000000|MMI|5.97|Integrated Neuromusculoskeletal Release|C1704538|[topp]|["INR"-tx-31-"INR"-noun-0,"INR"-tx-23-"INR"-noun-0]|TX|3174/3;2318/3|
00000000|MMI|5.97|Right hip region structure|C0524470|[blor]|["Right hip"-tx-16-"Right hip"-noun-0,"Right hip"-tx-1-"RIGHT HIP"-noun-0]|TX|1705/9;183/9|
00000000|MMI|5.96|Physiologic pulse|C0391850|[phsf]|["Pulse"-tx-18-"pulse"-noun-0,"Pulse"-tx-10-"pulse"-noun-0]|TX|1931/5;1485/5|
00000000|MMI|5.96|Pulse phenomenon|C1947910|[phpr]|["Pulse"-tx-18-"pulse"-noun-0,"Pulse"-tx-10-"pulse"-noun-0]|TX|1931/5;1485/5|
00000000|MMI|5.89|Surgical repair|C0374711|[topp]|["Repair, NOS"-tx-5-"repair"-noun-0]|TX|[903/6],[933/6]|
00000000|MMI|5.88|Neurontin|C0678176|[orch,phsu]|["Neurontin"-tx-26-"Neurontin"-noun-0,"Neurontin"-tx-8-"Neurontin"-noun-0]|TX|2808/9;1222/9|
00000000|MMI|5.88|Times|C1632851|[qnco]|["Times"-tx-26-"times"-noun-0,"Times"-tx-7-"times"-noun-0]|TX|2640/5;1085/5|
00000000|MMI|5.83|Surgical transfer - action|C0348011|[ftcn]|["transferred"-tx-24-"transferred"-verb-0,"transferred"-tx-20-"transferred"-verb-0]|TX|2398/11;2144/11|
00000000|MMI|5.83|Transfer Technique|C1705822|[ftcn]|["Transferred"-tx-24-"transferred"-verb-0,"Transferred"-tx-20-"transferred"-verb-0]|TX|2398/11;2144/11|
00000000|MMI|5.80|Pacemaker ECG Assessment|C3853703|[diap]|["Pacemaker"-tx-14-"Pacemaker"-noun-0,"Pacemaker"-tx-5-"pacemaker"-noun-0]|TX|1638/9;954/9|
00000000|MMI|5.80|Pacemaker Procedure|C3275122|[topp]|["PACEMAKER"-tx-14-"Pacemaker"-noun-0,"PACEMAKER"-tx-5-"pacemaker"-noun-0]|TX|1638/9;954/9|
00000000|MMI|5.80|Specimen Source Codes - Pacemaker|C1546728|[inpr]|["Pacemaker"-tx-14-"Pacemaker"-noun-0,"Pacemaker"-tx-5-"pacemaker"-noun-0]|TX|1638/9;954/9|
00000000|MMI|5.79|Emotions|C0013987|[menp]|["feel"-tx-22-"felt"-verb-0]|TX|2230/4|F01.470
00000000|MMI|5.76|4+ Answer to question|C3838679|[fndg]|["4+"-tx-40-"4"-fraction-0]|TX|[3542/1],[3553/1]|
00000000|MMI|5.70|% of total|C0439175|[qnco]|["% total"-tx-33-"total"-noun-0,"% total"-tx-1-"TOTAL"-noun-0]|TX|3271/5;223/5|
00000000|MMI|5.70|Total|C0439810|[qlco]|["Total"-tx-33-"total"-noun-0,"Total"-tx-1-"TOTAL"-noun-0]|TX|3271/5;223/5|
00000000|MMI|5.67|1+|C3816745|[fndg]|["1+"-tx-26-"1"-integer-0,"1+"-tx-7-"1"-integer-0]|TX|2737/1;1180/1|
00000000|MMI|5.67|1+ Score|C2827734|[qnco]|["1+"-tx-26-"1"-integer-0,"1+"-tx-7-"1"-integer-0]|TX|2737/1;1180/1|
00000000|MMI|5.67|1+ Score, WHO|C2981698|[clas]|["1+"-tx-26-"1"-integer-0,"1+"-tx-7-"1"-integer-0]|TX|2737/1;1180/1|
00000000|MMI|5.67|Present|C0150312|[qnco]|["Present"-tx-2-"presents"-verb-0,"Present"-tx-1-"PRESENT"-adj-0]|TX|318/8;267/7|
00000000|MMI|5.67|Presentation|C0449450|[idcn]|["Present"-tx-2-"presents"-verb-0,"Present"-tx-1-"PRESENT"-adj-0]|TX|318/8;267/7|
00000000|MMI|5.65|Signature|C1519316|[inpr]|["Signed"-tx-1-"Signed"-noun-0]|TX|[83/6],[129/6]|
00000000|MMI|5.65|signed - ParticipationSignature|C1561610|[inpr]|["signed"-tx-1-"Signed"-noun-0]|TX|[83/6],[129/6]|
00000000|MMI|5.64|/40|C0439509|[tmco]|["/40"-tx-26-"40"-integer-0,"/40"-tx-7-"40"-integer-0]|TX|2629/2;1074/2|
00000000|MMI|5.64|40%|C3842587|[qnco]|["40%"-tx-26-"40"-integer-0,"40%"-tx-7-"40"-integer-0]|TX|2629/2;1074/2|
00000000|MMI|5.64|Four|C0205450|[qnco]|["Four"-tx-26-"four"-word_numeral-0,"Four"-tx-7-"four"-word_numeral-0]|TX|2635/4;1080/4|
00000000|MMI|5.63|Post|C0687676|[tmco]|["Status Post"-tx-5-"status post"-prep-0,"Status Post"-tx-4-"status post"-prep-0]|TX|942/11;635/11|
00000000|MMI|5.63|Status post|C0231290|[tmco]|["Status post"-tx-5-"status post"-prep-0,"Status post"-tx-4-"status post"-prep-0]|TX|942/11;635/11|
00000000|MMI|5.59|Cane - plant part|C2700631|[plnt]|["Cane"-tx-9-"cane"-noun-0,"Cane"-tx-3-"cane"-noun-0]|TX|1456/4;554/4|
00000000|MMI|5.59|Imdur|C0590690|[orch,phsu]|["Imdur"-tx-26-"Imdur"-noun-0,"Imdur"-tx-7-"Imdur"-noun-0]|TX|2590/5;1035/5|
00000000|MMI|5.59|Morning|C0332170|[tmco]|["Morning"-tx-26-"morning"-noun-0,"Morning"-tx-7-"morning"-noun-0]|TX|2609/7;1054/7|
00000000|MMI|5.50|Male population group|C0025266|[popg]|["Man"-tx-2-"man"-noun-0]|TX|310/3|M01.390
00000000|MMI|5.44|History|C0019664|[ocdi]|["History"-tx-3-"history"-noun-0]|TX|419/7|K01.400
00000000|MMI|4.21|Accommodation|C1832072|[fndg]|["Accommodation"-tx-11-"accommodation"-noun-0]|TX|1565/13|
00000000|MMI|4.21|All extremities|C0278454|[bpoc]|["extremities"-tx-16-"EXTREMITIES"-noun-0]|TX|1692/11|
00000000|MMI|4.21|Alternating|C0332270|[ftcn]|["Alternating"-tx-26-"alternating"-verb-0]|TX|2742/11|
00000000|MMI|4.21|Baseline|C1442488|[qnco]|["Baseline"-tx-17-"baseline"-noun-0]|TX|1906/8|
00000000|MMI|4.21|Chest pain:Finding:Point in time:^Patient:Ordinal|C2926613|[clna]|["Chest pain"-tx-26-"chest pain"-noun-0]|TX|2795/10|
00000000|MMI|4.21|Chronic atrial fibrillation|C0694539|[dsyn]|["Chronic Atrial Fibrillation"-tx-4-"chronic atrial fibrillation"-noun-0]|TX|679/27|
00000000|MMI|4.21|Communication Contact|C1705415|[idcn]|["Contact"-tx-30-"contact"-verb-0]|TX|3133/7|
00000000|MMI|4.21|Contact with|C0332158|[ftcn]|["contact"-tx-30-"contact"-verb-0]|TX|3133/7|
00000000|MMI|4.21|Discharge instructions:Find:Pt:{Setting}:Doc:{Provider}|C3669312|[clna]|["Discharge instructions"-tx-29-"DISCHARGE INSTRUCTIONS"-noun-0]|TX|3051/22|
00000000|MMI|4.21|Entire heart|C1281570|[bpoc]|["Heart"-tx-14-"HEART"-noun-0]|TX|1631/5|
00000000|MMI|4.21|Entire mouth region|C1267547|[blor]|["Mouth, NOS"-tx-28-"mouth"-noun-0]|TX|3021/5|
00000000|MMI|4.21|Entire oral cavity|C1278910|[blor]|["Mouth"-tx-28-"mouth"-noun-0]|TX|3021/5|
00000000|MMI|4.21|Entire oropharynx|C1280659|[bpoc]|["Oropharynx"-tx-12-"Oropharynx"-noun-0]|TX|1580/10|
00000000|MMI|4.21|Entire right foot|C1279998|[bpoc]|["Right foot"-tx-17-"right foot"-noun-0]|TX|1886/10|
00000000|MMI|4.21|GORAB gene|C1822658|[gngm]|["GO"-tx-32-"go"-verb-0]|TX|3214/2|
00000000|MMI|4.21|H/O: surgery|C0455610|[fndg]|["Past surgical history"-tx-5-"PAST SURGICAL HISTORY"-noun-0]|TX|811/21|
00000000|MMI|4.21|HEENT|C1512338|[blor]|["HEENT"-tx-11-"HEENT"-noun-0]|TX|1511/5|
00000000|MMI|4.21|Hospital course|C0489547|[fndg]|["Hospital course"-tx-19-"HOSPITAL COURSE"-noun-0]|TX|1947/15|
00000000|MMI|4.21|Hospital course:Finding:Point in time:^Patient:Narrative|C0488549|[clna]|["Hospital course"-tx-19-"HOSPITAL COURSE"-noun-0]|TX|1947/15|
00000000|MMI|4.21|Long-term|C0443252|[tmco]|["Long Term"-tx-29-"long term"-adj-0]|TX|3115/9|
00000000|MMI|4.21|MRC1 gene|C1417249|[gngm]|["MR"-tx-1-"Mr"-noun-0]|TX|284/2|
00000000|MMI|4.21|Medications:-:Point in time:^Patient:-|C2598133|[clna]|["Medications"-tx-7-"MEDICATIONS"-noun-0]|TX|1009/11|
00000000|MMI|4.21|Medications:Presence or Identity:Duration of the study:^Patient:Nominal|C0802604|[clna]|["Medications"-tx-7-"MEDICATIONS"-noun-0]|TX|1009/11|
00000000|MMI|4.21|Minor Response|C4050513|[fndg]|["MR"-tx-1-"Mr"-noun-0]|TX|284/2|
00000000|MMI|4.21|Mr. - Title|C2347167|[cnce]|["Mr."-tx-1-"Mr"-noun-0]|TX|284/2|
00000000|MMI|4.21|On admission|C0457453|[tmco]|["On admission"-tx-7-"ON ADMISSION"-adj-0]|TX|1021/12|
00000000|MMI|4.21|Oral region|C0230028|[blor]|["Mouth"-tx-28-"mouth"-noun-0]|TX|3021/5|
00000000|MMI|4.21|Oropharyngeal Tissue|C2985207|[tisu]|["OROPHARYNX"-tx-12-"Oropharynx"-noun-0]|TX|1580/10|
00000000|MMI|4.21|PMH - past medical history|C0455458|[fndg]|["Past medical history"-tx-4-"PAST MEDICAL HISTORY"-noun-0]|TX|560/20|
00000000|MMI|4.21|Personal Contact|C3812666|[acty]|["Contact"-tx-30-"contact"-verb-0]|TX|3133/7|
00000000|MMI|4.21|Pharmaceutical Preparations|C0013227|[phsu]|["Medications"-tx-7-"MEDICATIONS"-noun-0]|TX|1009/11|D26
00000000|MMI|4.21|Physical Exam Domain|C1744699|[inpr]|["Physical Exam"-tx-9-"PHYSICAL EXAM"-noun-0]|TX|1399/13|
00000000|MMI|4.21|Range of motion|C2607871|[clna]|["Range of motion"-tx-16-"range of motion"-adj-0]|TX|1715/15|
00000000|MMI|4.21|Range of motion exercise|C0150220|[topp]|["range of motion"-tx-16-"range of motion"-adj-0]|TX|1715/15|
00000000|MMI|4.21|Reactive to light|C4068744|[fndg]|["Reactive to light"-tx-11-"reactive to light"-noun-0]|TX|1543/17|
00000000|MMI|4.21|Receive|C1514756|[qlco]|["RECEIVED"-tx-24-"received"-verb-0]|TX|2344/8|
00000000|MMI|4.21|Reminding|C0557033|[topp]|["reminded"-tx-23-"reminded"-verb-0]|TX|2297/8|
00000000|MMI|4.21|Report status|C0586177|[fndg]|["Report status"-tx-1-"Report Status"-noun-0]|TX|114/13|
00000000|MMI|4.21|Requirement|C1514873|[ftcn]|["Required"-tx-21-"required"-verb-0]|TX|2173/8|
00000000|MMI|4.21|Rhythm|C0871269|[fndg]|["Rhythm"-tx-15-"rhythm"-noun-0]|TX|1684/6|
00000000|MMI|4.21|Rhythm Not Otherwise Specified ECG Assessment|C3828331|[inpr]|["Rhythm Not Otherwise Specified"-tx-15-"rhythm"-noun-0]|TX|1684/6|
00000000|MMI|4.21|SLEEP APNEA (device)|C3496180|[medd]|["SLEEP APNEA"-tx-4-"sleep apnea"-noun-0]|TX|798/11|
00000000|MMI|4.21|Stable Disease|C0677946|[fndg]|["Stable condition"-tx-25-"stable condition"-noun-0]|TX|2546/16|
00000000|MMI|4.21|Stable chronic Graft vs Host Disease|C3538874|[fndg]|["Stable condition"-tx-25-"stable condition"-noun-0]|TX|2546/16|
00000000|MMI|4.21|Structure of right foot|C0230460|[bpoc]|["Right Foot"-tx-17-"right foot"-noun-0]|TX|1886/10|
00000000|MMI|4.21|Type II Diabetes Mellitus Pathway|C2984301|[ftcn]|["non insulin dependent diabetes mellitus"-tx-4-"non-insulin dependent diabetes mellitus"-noun-0]|TX|756/39|
00000000|MMI|4.21|contact person|C0337611|[popg]|["Contact"-tx-30-"contact"-verb-0]|TX|3133/7|
00000000|MMI|4.21|hospital discharge instructions (treatment)|C2266673|[hlca]|["Discharge instructions"-tx-29-"DISCHARGE INSTRUCTIONS"-noun-0]|TX|3051/22|
00000000|MMI|4.21|rhythmic process (biological)|C1523018|[phsf]|["rhythm"-tx-15-"rhythm"-noun-0]|TX|1684/6|
00000000|MMI|3.12|Glyburide 1.25 MG|C0986274|[clnd]|["Glyburide 1.25 MG"-tx-27-"Glyburide 1.25 mg"-noun-0]|TX|2871/17|
00000000|MMI|3.09|Allopurinol 300 MG|C0983479|[clnd]|["Allopurinol 300 MG"-tx-7-"allopurinol 300 mg"-noun-0]|TX|1125/18|
00000000|MMI|3.05|Discharge date|C2361123|[tmco]|["Discharge date"-tx-1-"Discharge Date"-noun-0]|TX|136/14|
00000000|MMI|3.05|Discharge date:Time Stamp -- Date and Time:Point in time:^Patient:Quantitative|C2361122|[clna]|["Discharge date"-tx-1-"Discharge Date"-noun-0]|TX|136/14|
00000000|MMI|3.02|H/O: thromboembolism|C0455533|[fndg]|["History of - thromboembolism"-tx-4-"history of thromboembolism"-noun-0]|TX|709/10,730/15|
00000000|MMI|3.01|hip surgery|C0596706|[topp]|["hip surgery"-tx-1-"HIP SURGERY"-noun-0]|TX|189/3,208/7|
00000000|MMI|2.99|% index|C1637833|[qnco]|["% index"-tx-39-"Index"-noun-0]|TX|3518/5|
00000000|MMI|2.99|60%|C3842585|[fndg]|["60%"-tx-10-"60"-integer-0]|TX|1491/2|
00000000|MMI|2.99|Act Mood - Goal|C1571704|[idcn]|["Goal"-tx-31-"goal"-noun-0]|TX|3178/4|
00000000|MMI|2.99|Attending (action)|C1999232|[ftcn]|["attending"-tx-38-"Attending"-noun-0]|TX|3456/9|
00000000|MMI|2.99|Attending (provider role)|C1547429|[prog]|["Attending"-tx-38-"Attending"-noun-0]|TX|3456/9|
00000000|MMI|2.99|Blood pressure finding|C1271104|[fndg]|["Blood Pressure"-tx-10-"Blood pressure"-noun-0]|TX|1462/14|
00000000|MMI|2.99|Html Link Type - index|C1552854|[idcn]|["index"-tx-39-"Index"-noun-0]|TX|3518/5|
00000000|MMI|2.99|Index|C0918012|[inpr]|["Index"-tx-39-"Index"-noun-0]|TX|3518/5|
00000000|MMI|2.99|Rate|C1521828|[qnco]|["Rate"-tx-15-"rate"-noun-0]|TX|1675/4|
00000000|MMI|2.99|Rating (action)|C0871208|[acty]|["Rate"-tx-15-"rate"-noun-0]|TX|1675/4|
00000000|MMI|2.98|CDISC SDTM Discharge Disposition Terminology|C3541348|[inpr]|["Discharge Disposition"-tx-25-"DISPOSITION DISCHARGE"-noun-0]|TX|2461/11,2476/9|
00000000|MMI|2.98|Difficulty walking|C0311394|[fndg]|["Impaired Ambulation"-tx-3-"impaired ambulation"-noun-0]|TX|490/8,504/10|
00000000|MMI|2.98|Discharge disposition:Type:Pt:^Patient:Nom|C4019243|[clna]|["Discharge disposition"-tx-25-"DISPOSITION DISCHARGE"-noun-0]|TX|2461/11,2476/9|
00000000|MMI|2.98|Medication.discharge|C0806915|[fndg]|["Discharge medications"-tx-26-"MEDICATIONS DISCHARGE"-noun-0]|TX|2564/11,2579/9|
00000000|MMI|2.98|disposition of patient discharged to|C1550390|[fndg]|["Discharge Disposition"-tx-25-"DISPOSITION DISCHARGE"-noun-0]|TX|2461/11,2476/9|
00000000|MMI|2.96|Principal Diagnosis:-:Point in time:^Patient:-|C2598194|[clna]|["Principal Diagnosis"-tx-1-"PRINCIPAL DIAGNOSIS"-noun-0]|TX|162/19|
00000000|MMI|2.96|Principal diagnosis|C0332137|[qlco]|["Principal Diagnosis"-tx-1-"PRINCIPAL DIAGNOSIS"-noun-0]|TX|162/19|
00000000|MMI|2.96|dictated - DocumentCompletion|C1609990|[idcn]|["Dictated"-tx-37-"Dictated"-verb-0]|TX|3417/8|
00000000|MMI|2.96|dictated - ParticipationMode|C1548384|[ftcn]|["dictated"-tx-37-"Dictated"-verb-0]|TX|3417/8|
00000000|MMI|2.95|Admission date:Time Stamp -- Date and Time:Point in time:^Patient:Quantitative|C2598112|[clna]|["Admission date"-tx-1-"Admission Date"-noun-0]|TX|98/14|
00000000|MMI|2.95|Date of admission|C1302393|[tmco]|["Admission date"-tx-1-"Admission Date"-noun-0]|TX|98/14|
00000000|MMI|2.95|Round shape|C0332490|[spco]|["ROUND"-tx-11-"round"-adj-0]|TX|1533/5|
00000000|MMI|2.94|Darvocet-N 100|C0305805|[orch,phsu]|["Darvocet-N 100"-tx-28-"Darvocet N/100"-noun-0]|TX|2999/14|
00000000|MMI|2.93|70%|C3842584|[fndg]|["70%"-tx-10-"70"-fraction-0]|TX|1480/2|
00000000|MMI|2.93|90%|C3842582|[fndg]|["90%"-tx-10-"90"-fraction-0]|TX|1477/2|
00000000|MMI|2.93|<90|C0439087|[qnco]|["<90"-tx-10-"90"-fraction-0]|TX|1477/2|
00000000|MMI|2.93|>90|C0439083|[qnco]|[">90"-tx-10-"90"-fraction-0]|TX|1477/2|
00000000|MMI|2.93|Allopathic & Osteopathic Physicians - Surgery|C3853799|[prog]|["Surgery"-tx-1-"SURGERY"-noun-0]|TX|208/7|
00000000|MMI|2.93|Batch (Response Modality)|C1550176|[inpr]|["Batch"-tx-39-"Batch"-noun-0]|TX|3506/5|
00000000|MMI|2.93|Batch (group)|C1948031|[qnco]|["Batch"-tx-39-"Batch"-noun-0]|TX|3506/5|
00000000|MMI|2.93|Batch Number|C3641829|[inpr]|["BATCH"-tx-39-"Batch"-noun-0]|TX|3506/5|
00000000|MMI|2.93|Clinical trial protocol document|C1507394|[inpr]|["Protocol"-tx-33-"protocol"-noun-0]|TX|3281/8|
00000000|MMI|2.93|Library Protocol|C1522729|[inpr]|["Protocol"-tx-33-"protocol"-noun-0]|TX|3281/8|
00000000|MMI|2.93|Operative Surgical Procedures|C0543467|[hlca]|["Surgery"-tx-1-"SURGERY"-noun-0]|TX|208/7|E04
00000000|MMI|2.93|Protocol - answer to question|C3715209|[fndg]|["Protocol"-tx-33-"protocol"-noun-0]|TX|3281/8|
00000000|MMI|2.93|Protocols documentation|C0442711|[inpr]|["Protocol"-tx-33-"protocol"-noun-0]|TX|3281/8|
00000000|MMI|2.93|Study Protocol|C2348563|[inpr]|["Protocol"-tx-33-"protocol"-noun-0]|TX|3281/8|
00000000|MMI|2.93|Surgery specialty|C0038894|[bmod]|["Surgery"-tx-1-"SURGERY"-noun-0]|TX|208/7|
00000000|MMI|2.93|Patient location type - Operating Room|C1578465|[spco]|["Operating Room"-tx-19-"operating room"-noun-0]|TX|1993/14|
00000000|MMI|2.93|Rehabilitation facility|C3845566|[fndg]|["Rehabilitation facility"-tx-25-"rehabilitation facility"-noun-0]|TX|2519/23|
00000000|MMI|2.92|Units of blood|C0439184|[qnco]|["Units of blood"-tx-24-"of units blood"-noun-0]|TX|2357/2,2375/5,2384/5|
00000000|MMI|2.92|History of right hip replacement|C4047655|[fndg]|["History of right hip replacement"-tx-1-"RIGHT HIP REPLACEMENT HISTORY OF"-noun-0]|TX|217/5,229/15,256/10|
00000000|MMI|2.92|Pyrexia of unknown origin (excl puerperal)|C0856281|[sosy]|["puo"-tx-1-"PUO"-noun-0]|TX|12/3|
00000000|MMI|2.91|Complication|C0009566|[patf]|["Complication"-tx-20-"complication"-noun-1]|TX|2111/12|
00000000|MMI|2.91|Complication (attribute)|C2362589|[idcn]|["Complication"-tx-20-"complication"-noun-0]|TX|2111/12|
00000000|MMI|2.91|Condition|C0348080|[qlco]|["Condition"-tx-36-"CONDITION"-noun-0]|TX|3385/9|
00000000|MMI|2.91|Condition:Find:Pt:^Patient:Nom|C3864998|[clna]|["Condition"-tx-36-"CONDITION"-noun-0]|TX|3385/9|
00000000|MMI|2.91|Logical Condition|C1705253|[cnce]|["Condition"-tx-36-"CONDITION"-noun-0]|TX|3385/9|
00000000|MMI|2.91|Performed|C0884358|[ftcn]|["Performed"-tx-20-"performed"-verb-0]|TX|2093/9|
00000000|MMI|2.91|Rehabilitation - specialty|C1306847|[bmod]|["Rehabilitation"-tx-24-"rehabilitation"-noun-0]|TX|2413/14|
00000000|MMI|2.90|Intact sensation|C1834704|[fndg]|["Intact sensation"-tx-17-"intact sensation"-noun-0]|TX|1836/6,1869/9|
00000000|MMI|2.90|Back structure, excluding neck|C1995000|[blor]|["Back, NOS"-tx-32-"back"-adj-0]|TX|3217/4|
00000000|MMI|2.90|Back structure, including back of neck|C0460009|[blor]|["Back"-tx-32-"back"-adj-0]|TX|3217/4|
00000000|MMI|2.90|Cardiologist|C0175906|[prog]|["Cardiologist"-tx-30-"cardiologist"-noun-0]|TX|3145/12|
00000000|MMI|2.90|Dorsal|C0205095|[spco]|["BACK"-tx-32-"back"-adj-0]|TX|3217/4|
00000000|MMI|2.90|Floor (anatomic)|C3714591|[anst]|["Floor"-tx-20-"floor"-noun-0]|TX|2163/5|
00000000|MMI|2.90|Floor - story of building|C1547707|[geoa]|["Floor"-tx-20-"floor"-noun-0]|TX|2163/5|
00000000|MMI|2.90|floor (object)|C0016249|[mnob]|["Floor"-tx-20-"floor"-noun-0]|TX|2163/5|
00000000|MMI|2.89|Send (transmission)|C1519246|[ftcn]|["Sent"-tx-25-"sent"-verb-0]|TX|2507/4|
00000000|MMI|2.89|Support, device|C0183683|[medd]|["Support, NOS"-tx-3-"support"-noun-0]|TX|541/7|
00000000|MMI|2.89|Supportive assistance|C1521721|[cnce]|["Support"-tx-3-"support"-noun-0]|TX|541/7|
00000000|MMI|2.89|Taken|C1883727|[cnce]|["Taken"-tx-19-"taken"-verb-0]|TX|1980/5|
00000000|MMI|2.89|Left inguinal hernia|C0262537|[acab]|["LEFT INGUINAL HERNIA"-tx-5-"left inguinal hernia"-noun-0]|TX|912/20|
00000000|MMI|2.89|Right inguinal hernia|C0262617|[acab]|["RIGHT INGUINAL HERNIA"-tx-5-"right inguinal hernia"-noun-0]|TX|881/21|
00000000|MMI|2.88|Autologous|C0439859|[qlco]|["Autologous"-tx-24-"autologous"-adj-0]|TX|2364/10|
00000000|MMI|2.88|Gender Status - Intact|C1554187|[fndg]|["Intact"-tx-17-"intact"-adj-0]|TX|1836/6|
00000000|MMI|2.88|Intact|C0205266|[qlco]|["Intact"-tx-17-"intact"-adj-0]|TX|1836/6|
00000000|MMI|2.88|Concept History|C1705255|[cnce]|["History"-tx-3-"history"-noun-0]|TX|419/7|
00000000|MMI|2.88|History of present illness|C0262512|[orga]|["History, NOS"-tx-3-"history"-noun-0]|TX|419/7|
00000000|MMI|2.88|History of previous events|C2004062|[fndg]|["History"-tx-3-"history"-noun-0]|TX|419/7|
00000000|MMI|2.87|Pupils equal|C0578617|[fndg]|["Pupils equal"-tx-11-"Pupils equal"-noun-0]|TX|1518/12|
00000000|MMI|2.86|Repair of aneurysm of abdominal aorta|C0741152|[topp]|["ABDOMINAL AORTIC ANEURYSM REPAIR"-tx-5-"abdominal aortic aneurysm repair"-noun-0]|TX|846/32|
00000000|MMI|2.86|Ambulate|C4036205|[fndg]|["Ambulate"-tx-9-"ambulating"-noun-0]|TX|1438/10|
00000000|MMI|2.85|1 Day|C1442449|[tmco]|["1 Day"-tx-7-"1 day"-noun-0]|TX|1180/1,1191/3|
00000000|MMI|2.84|MKI67 gene|C1334508|[gngm]|["KIA"-tx-37-"KIA"-noun-0]|TX|3430/3|
00000000|MMI|2.84|Regular|C0205272|[qlco]|["Regular"-tx-15-"Regular"-adj-0]|TX|1667/7|
00000000|MMI|2.84|milligram/day|C0439422|[qnco]|["mg day"-tx-7-"mg day"-noun-0]|TX|1182/2,1191/3|
00000000|MMI|2.82|10%|C3842590|[fndg]|["10%"-tx-16-"10"-integer-0]|TX|1734/2|
00000000|MMI|2.82|Cardiology service|C3887620|[hcro]|["Cardiology"-tx-21-"cardiology"-noun-0]|TX|2184/10|
00000000|MMI|2.82|Discharge summarization note:Finding:Point in time:{Setting}:Document:{Provider}|C0801840|[clna]|["Discharge summary"-tx-1-"Discharge Summary"-noun-0]|TX|63/17|
00000000|MMI|2.82|Discharge summary|C0743221|[inpr]|["Discharge summary"-tx-1-"Discharge Summary"-noun-0]|TX|63/17|
00000000|MMI|2.82|Fourth|C0205438|[qnco]|["Fourth"-tx-24-"fourth"-noun-0]|TX|2435/6|
00000000|MMI|2.82|Fourth (suffix)|C1706303|[qlco]|["Fourth"-tx-24-"fourth"-noun-0]|TX|2435/6|
00000000|MMI|2.82|Known|C0205309|[qlco]|["Known"-tx-6-"known"-adj-0]|TX|987/5|
00000000|MMI|2.82|Minimum|C1524031|[qlco]|["Trace"-tx-18-"trace"-noun-0]|TX|1925/5|
00000000|MMI|2.82|Sequence Chromatogram|C1883002|[ftcn]|["Trace"-tx-18-"trace"-noun-0]|TX|1925/5|
00000000|MMI|2.82|trace amount|C0442822|[qnco]|["Trace"-tx-18-"trace"-noun-0]|TX|1925/5|
00000000|MMI|2.81|68|C0450387|[inpr]|["68"-tx-2-"68"-integer-0]|TX|298/2|
00000000|MMI|2.81|Left|C0205091|[spco]|["LEFT"-tx-5-"left"-noun-0]|TX|912/4|
00000000|MMI|2.81|Left sided|C0443246|[spco]|["Left"-tx-5-"left"-noun-0]|TX|912/4|
00000000|MMI|2.81|Old|C0580836|[tmco]|["Old"-tx-2-"old"-noun-0]|TX|306/3|
00000000|MMI|2.81|REG3A wt Allele|C3538851|[gngm]|["HIP"-tx-33-"hip"-noun-0]|TX|3277/3|
00000000|MMI|2.81|Standard (document)|C2828392|[inpr]|["Standard"-tx-33-"standard"-adj-0]|TX|3262/8|
00000000|MMI|2.81|Standard (qualifier)|C1442989|[qlco]|["Standard"-tx-33-"standard"-adj-0]|TX|3262/8|
00000000|MMI|2.81|Table Cell Horizontal Align - left|C1552822|[ftcn]|["left"-tx-5-"left"-noun-0]|TX|912/4|
00000000|MMI|2.81|per year|C0439508|[tmco]|["/Year"-tx-2-"year"-noun-0]|TX|301/4|
00000000|MMI|2.81|year|C0439234|[tmco]|["YEAR"-tx-2-"year"-noun-0]|TX|301/4|
00000000|MMI|2.81|Cardiac monitoring|C0150496|[diap]|["cardiac monitor"-tx-22-"cardiac monitor"-noun-0]|TX|2275/15|
00000000|MMI|2.81|Cardiac monitors|C0179608|[medd]|["cardiac monitor"-tx-22-"cardiac monitor"-noun-0]|TX|2275/15|
00000000|MMI|2.81|Entire chest wall|C1279035|[bpoc]|["Chest wall"-tx-14-"chest wall"-noun-0]|TX|1655/10|
00000000|MMI|2.81|20%|C3842589|[fndg]|["20%"-tx-1-"20"-fraction-0]|TX|154/2|
00000000|MMI|2.81|Tablet Dosing Unit|C1705223|[qnco]|["TABLET"-tx-8-"tablet"-noun-0]|TX|1375/6|
00000000|MMI|2.81|Pain in right hip joint|C2202100|[sosy]|["Right hip pain"-tx-3-"right hip pain"-noun-0]|TX|442/14|
00000000|MMI|2.81|3+ Answer to Question|C3838680|[fndg]|["3+"-tx-28-"3"-integer-0]|TX|3033/1|
00000000|MMI|2.81|3+ Score|C2827736|[qnco]|["3+"-tx-28-"3"-integer-0]|TX|3033/1|
00000000|MMI|2.81|3+ Score, WHO|C2981702|[clas]|["3+"-tx-28-"3"-integer-0]|TX|3033/1|
00000000|MMI|2.81|4 Hours|C1292426|[tmco]|["4H"-tx-28-"4h"-noun-0]|TX|3035/2|
00000000|MMI|2.81|<3 (qualifier value)|C0439086|[qnco]|["<3"-tx-28-"3"-integer-0]|TX|3033/1|
00000000|MMI|2.81|Diagnostic interview schedule|C0451119|[inpr]|["DIS"-tx-1-"DIS"-noun-0]|TX|92/3|
00000000|MMI|2.81|Discontinued|C1444662|[fndg]|["DIS"-tx-1-"DIS"-noun-0]|TX|92/3|
00000000|MMI|2.80|0/5|C0444499|[qnco]|["0/5"-tx-16-"0-5"-integer-0]|TX|1786/3|
00000000|MMI|2.80|Body Fluid Discharge|C0012621|[bdsu]|["Discharge"-tx-36-"DISCHARGE"-noun-0]|TX|3398/9|
00000000|MMI|2.80|Clinical Study Follow-up|C3274571|[hlca]|["FOLLOW-UP"-tx-34-"follow up"-adj-0]|TX|3307/9|
00000000|MMI|2.80|Discharge, body substance|C2926602|[bdsu]|["Discharge"-tx-36-"DISCHARGE"-noun-0]|TX|3398/9|
00000000|MMI|2.80|External rotation|C0231462|[ftcn]|["External rotation"-tx-16-"external rotation"-noun-0]|TX|1766/17|
00000000|MMI|2.80|Follow-Up Report|C1704685|[inpr]|["Follow-Up"-tx-34-"follow up"-adj-0]|TX|3307/9|
00000000|MMI|2.80|Follow-up status|C0589120|[fndg]|["Follow-up"-tx-34-"follow up"-adj-0]|TX|3307/9|
00000000|MMI|2.80|Internal rotation|C0231459|[ftcn]|["Internal rotation"-tx-16-"internal rotation"-noun-0]|TX|1801/17|
00000000|MMI|2.80|follow-up|C1522577|[hlca]|["Follow Up"-tx-34-"follow up"-adj-0]|TX|3307/9|
00000000|MMI|2.80|End-stage|C0205088|[qlco]|["End stage"-tx-2-"end-stage"-noun-0]|TX|370/9|
00000000|MMI|2.79|0 days|C3842337|[fndg]|["0 days"-tx-27-"0 days"-noun-0]|TX|2948/1,2969/4|
00000000|MMI|2.79|Pulmonary (qualifier value)|C2709248|[qlco]|["Pulmonary"-tx-4-"pulmonary"-noun-0]|TX|720/9|
00000000|MMI|2.79|Pulmonary:-:Point in time:^Patient:-|C2707265|[clna]|["Pulmonary"-tx-4-"pulmonary"-noun-0]|TX|720/9|
00000000|MMI|2.78|Delayed Release Dosage Form|C1707664|[bodm]|["DR"-tx-34-"Dr"-noun-0]|TX|3333/2|
00000000|MMI|2.78|Device to Subject Relationship Domain|C3540849|[inpr]|["DR"-tx-34-"Dr"-noun-0]|TX|3333/2|
00000000|MMI|2.78|Doctor - Title|C2348314|[cnce]|["Dr."-tx-34-"Dr"-noun-0]|TX|3333/2|
00000000|MMI|2.78|Approximate|C0332232|[qlco]|["Approximately"-tx-35-"approximately"-adv-0]|TX|3357/13|
00000000|MMI|2.78|Decreased|C0205216|[qnco]|["Decreased"-tx-17-"decreased"-adj-0]|TX|1859/9|
00000000|MMI|2.78|Decreasing|C0442797|[qlco]|["decreased"-tx-17-"decreased"-adj-0]|TX|1859/9|
00000000|MMI|2.78|Male Gender, Self Report|C1706180|[qlco]|["Male"-tx-9-"male"-noun-0]|TX|1433/4|
00000000|MMI|2.78|Male Phenotype|C1706428|[qlco]|["Male"-tx-9-"male"-noun-0]|TX|1433/4|
00000000|MMI|2.78|Male, Self-Reported|C1706429|[orga]|["Male"-tx-9-"male"-noun-0]|TX|1433/4|
00000000|MMI|2.78|Old age|C1999167|[popg]|["elderly"-tx-9-"elderly"-adj-0]|TX|1425/7|
00000000|MMI|2.78|Reduced|C0392756|[qlco]|["Decreased"-tx-17-"decreased"-adj-0]|TX|1859/9|
00000000|MMI|2.78|Long|C0205166|[qlco]|["Long"-tx-3-"long"-adj-0]|TX|414/4|