00000000|MMI|154.65|Portugal|C0032729|[geoa]|["PO"-tx-4-"PO"-noun-0,"PO"-tx-3-"PO"-noun-0]|TX|[1133/2],[1166/2],[1242/2],[1316/2];[500/2],[540/2],[579/2],[612/2],[713/2],[779/2],[845/2]|Z01.542.727
00000000|MMI|141.80|Mongolia|C0026410|[geoa]|["MG"-tx-4-"MG"-noun-0,"MG"-tx-3-"MG"-noun-0]|TX|[1130/2],[1163/2],[1239/2];[497/2],[537/2],[576/2],[609/2],[776/2],[842/2]|Z01.252.474.651
00000000|MMI|125.02|Gastroesophageal reflux disease|C0017168|[dsyn]|["ESOPHAGEAL REFLUX"-tx-5-"esophageal reflux"-noun-0,"GERD"-tx-5-"GERD"-noun-0,"GERD"-tx-1-"GERD"-noun-0]|TX|2000/17;[1681/4],[1765/4],[1993/4],[2156/4];65/4|C06.405.117.119.500.484
00000000|MMI|124.90|Patient Discharge|C0030685|[hlca]|["Discharge"-tx-24-"DISCHARGE"-noun-0,"Discharge"-tx-22-"DISCHARGE"-noun-0,"Discharged"-tx-15-"discharged"-adj-0,"Discharge"-tx-5-"DISCHARGE"-noun-0,"Patient Discharge"-tx-2-"DISCHARGE PATIENT"-noun-0,"Discharge"-tx-1-"DISCHARGE"-noun-0]|TX|3826/9;3693/9;3254/10;1696/9;237/17;155/9|E02.204.125;E02.760.400.610;N02.421.192.125;N02.421.585.400.610;N04.590.233.727.210.125
00000000|MMI|88.11|Reglan|C0034977|[orch,phsu]|["Reglan"-tx-21-"Reglan"-noun-0,"Reglan"-tx-12-"reglan"-noun-0,"Reglan"-tx-3-"REGLAN"-noun-0]|TX|3661/6;2977/6;743/6|D02.065.277.573;D02.241.223.100.050.500.647;D02.241.223.100.100.510;D02.241.223.100.200.750;D02.241.223.100.300.350.625;D02.241.511.390.350.625;D02.455.426.559.389.127.020.937.647;D02.455.426.559.389.127.085.510;D02.455.426.559.389.127.250.750;D02.455.426.559.389.127.281.350.625;D02.455.426.559.389.657.654.638.625
00000000|MMI|68.54|Insulin|C0021641|[aapp,horm,phsu]|["INSULIN"-tx-11-"insulin"-noun-0,"INSULIN"-tx-4-"INSULIN"-noun-0]|TX|2714/7;[934/7],[1018/7]|D06.472.699.587.200.500.625;D12.644.548.586.200.500.625
00000000|MMI|61.19|Aspirin|C0004057|[orch,phsu]|["ASA"-tx-11-"asa"-noun-0,"ASPIRIN"-tx-3-"ASPIRIN"-noun-0]|TX|2594/3;468/7|D02.455.426.559.389.657.410.595.176
00000000|MMI|61.19|Homo sapiens|C0086418|[humn]|["Human"-tx-4-"HUMAN"-noun-0]|TX|[950/5],[1034/5]|B01.050.150.900.649.801.400.112.400.400
00000000|MMI|58.92|Nexium|C0939400|[orch,phsu]|["Nexium"-tx-21-"nexium"-noun-0,"Nexium"-tx-12-"nexium"-noun-0,"Nexium"-tx-11-"nexium"-noun-0]|TX|3636/6;2926/6;2653/6|D02.886.640.074.500.500;D03.383.725.024.500.500;D03.438.103.034.500.500
00000000|MMI|54.78|Oral|C0442027|[spco]|["PO"-tx-4-"PO"-noun-0,"PO"-tx-3-"PO"-noun-0]|TX|[1133/2],[1166/2],[1242/2],[1316/2];[500/2],[540/2],[579/2],[612/2],[713/2],[779/2],[845/2]|
00000000|MMI|54.24|Togo|C0040363|[geoa]|["TO"-tx-21-"to"-adv-0,"TO"-tx-20-"to"-adv-0,"TO"-tx-15-"to"-adv-0]|TX|3668/2;3571/2;3248/2|Z01.058.290.190.800
00000000|MMI|54.24|Tryptophanase|C0041260|[aapp,enzy]|["TO"-tx-21-"to"-adv-0,"TO"-tx-20-"to"-adv-0,"TO"-tx-15-"to"-adv-0]|TX|3668/2;3571/2;3248/2|D08.811.520.224.800
00000000|MMI|51.70|Atrovent|C0591130|[orch,phsu]|["Atrovent"-tx-11-"atrovent"-noun-0,"Atrovent"-tx-3-"ATROVENT"-noun-0]|TX|2695/8;618/8|D02.145.074.722.229.400;D03.132.760.180.572.400;D03.132.889.180.648.400;D03.605.869.229.400;D04.075.080.875.099.722.229.400
00000000|MMI|49.55|Chest Pain|C0008031|[sosy]|["CHEST PAIN"-tx-16-"chest pain"-noun-0,"CHEST PAIN"-tx-8-"chest pain"-noun-0,"CHEST PAIN"-tx-6-"Chest pain"-noun-0]|TX|3329/10;2435/10;2304/10|C10.597.617.192;C23.888.592.612.233
00000000|MMI|48.50|diagnosis aspect|C1704338|[qlco]|["diagnosis"-tx-5-"DIAGNOSIS"-noun-0]|TX|[1661/9],[1776/9]|x.x.x.x.x.x.x
00000000|MMI|45.63|Cozaar|C0591301|[orch,phsu]|["Cozaar"-tx-11-"cozaar"-noun-0,"Cozaar"-tx-4-"COZAAR"-noun-0]|TX|2600/6;1140/6|D02.455.426.559.389.185.475;D03.383.129.308.507;D03.383.129.617.467
00000000|MMI|45.09|Coding|C0009219|[ocac]|["code"-tx-3-"CODE"-noun-0,"code"-tx-3-"code"-noun-0]|TX|396/4;414/4|N04.452.758.708.200.400.500;N04.452.859.564.274;N05.715.360.300.715.500.249;N06.850.520.308.940.968.249
00000000|MMI|42.15|Angina Pectoris|C0002962|[fndg]|["ANGINA"-tx-5-"angina"-noun-0,"ANGINAL PAIN"-tx-5-"anginal pain"-noun-0]|TX|1672/6;2164/12|C10.597.617.192.500;C14.280.647.187;C14.907.585.187;C23.888.592.612.233.500
00000000|MMI|39.76|Physicians|C0031831|[prog]|["Doctor"-tx-19-"doctor"-noun-0,"DR"-tx-15-"Dr"-noun-0,"DR"-tx-4-"Dr"-noun-0]|TX|3532/6;3277/2;1449/2|M01.526.485.810;N02.360.810
00000000|MMI|39.28|Isordil|C0590720|[orch,phsu]|["Isordil"-tx-11-"isordil"-noun-0,"Isordil"-tx-3-"ISORDIL"-noun-0]|TX|2635/7;674/7|D02.033.800.813.480.500;D09.853.813.480.500
00000000|MMI|39.28|Lasix|C0699992|[orch,phsu]|["Lasix"-tx-11-"lasix"-noun-0,"Lasix"-tx-3-"LASIX"-noun-0]|TX|2645/5;585/5|D02.065.884.725.300;D02.092.146.807.300;D02.886.590.700.725.300
00000000|MMI|37.91|Magnesium Cation|C2346927|[elii,phsu]|["Mg++"-tx-4-"MG"-noun-0,"Mg++"-tx-3-"MG"-noun-0]|TX|[1130/2],[1163/2],[1239/2];[497/2],[537/2],[576/2],[609/2],[776/2],[842/2]|
00000000|MMI|37.91|Milligram percent|C1960952|[qnco]|["mg %"-tx-4-"MG"-noun-0,"mg %"-tx-3-"MG"-noun-0]|TX|[1130/2],[1163/2],[1239/2];[497/2],[537/2],[576/2],[609/2],[776/2],[842/2]|
00000000|MMI|37.91|mg/dL|C0439269|[qnco]|["mg%"-tx-4-"MG"-noun-0,"mg%"-tx-3-"MG"-noun-0]|TX|[1130/2],[1163/2],[1239/2];[497/2],[537/2],[576/2],[609/2],[776/2],[842/2]|
00000000|MMI|33.08|Electrocardiogram|C0013798|[fndg]|["EKG"-tx-11-"EKG"-noun-1,"EKG"-tx-7-"EKG"-noun-1]|TX|2784/3;2384/3|E01.370.370.380.240;E01.370.405.240
00000000|MMI|33.08|Electrocardiography|C1623258|[diap]|["EKG"-tx-11-"EKG"-noun-0,"EKG"-tx-7-"EKG"-noun-0]|TX|2784/3;2384/3|E01.370.370.380.240;E01.370.405.240
00000000|MMI|33.08|Verapamil|C0042523|[orch,phsu]|["VERAPAMIL"-tx-11-"verapamil"-noun-0,"VERAPAMIL"-tx-3-"VERAPAMIL"-noun-0]|TX|2683/9;811/9|D02.092.471.683.953
00000000|MMI|32.91|Nitroglycerin|C0017887|[orch,phsu]|["nitroglycerine"-tx-16-"nitroglycerin"-noun-0,"nitroglycerine"-tx-5-"nitroglycerin"-noun-0]|TX|3354/13;2289/13|D02.033.800.421.560;D02.640.636
00000000|MMI|32.74|Albuterol|C0001927|[orch,phsu]|["ALBUTEROL"-tx-5-"Albuterol"-noun-0,"ALBUTEROL"-tx-5-"albuterol"-noun-0]|TX|1597/9;1621/9|D02.033.100.291.057;D02.092.063.291.057;D02.092.471.683.061
00000000|MMI|32.70|Dobutamine|C0012963|[orch,phsu]|["DOBUTAMINE"-tx-13-"dobutamine"-noun-0,"DOBUTAMINE"-tx-9-"dobutamine"-noun-0]|TX|3040/10;2501/10|D02.092.311.220;D02.092.471.683.410
00000000|MMI|32.65|Lisinopril|C0065374|[aapp,phsu]|["Lysinopril"-tx-11-"lisinopril"-noun-0,"Lysinopril"-tx-3-"LISINOPRIL"-noun-0]|TX|2609/10;720/10|D12.644.456.345.600
00000000|MMI|32.61|Dominican Republic|C0013014|[geoa]|["DR"-tx-15-"Dr"-noun-0,"DR"-tx-4-"Dr"-noun-0]|TX|3277/2;1449/2|Z01.107.084.900.300;Z01.639.880.300
00000000|MMI|32.38|Food-Drug Interactions|C0242785|[dsyn]|["Interaction, Food-Drug"-tx-4-"Food/Drug Interaction"-noun-0,"Interaction, Food-Drug"-tx-3-"Food/Drug Interaction"-noun-0]|TX|1248/21;852/21|G07.690.773.968.511
00000000|MMI|32.27|Saint Kitts and Nevis|C0282380|[geoa]|["SC"-tx-4-"SC"-noun-0]|TX|[967/2],[1050/2]|Z01.107.084.900.787;Z01.639.880.787
00000000|MMI|30.42|Citrus paradisi|C0947567|[plnt]|["grapefruit"-tx-3-"grapefruit"-noun-0]|TX|892/10|B01.650.940.800.575.100.875.177.538
00000000|MMI|30.42|Metoclopramide Hydrochloride|C0887128|[orch,phsu]|["metoclopramide hcl"-tx-3-"METOCLOPRAMIDE HCL"-noun-0]|TX|752/18|D02.065.277.573;D02.241.223.100.050.500.647;D02.241.223.100.100.510;D02.241.223.100.200.750;D02.241.223.100.300.350.625;D02.241.511.390.350.625;D02.455.426.559.389.127.020.937.647;D02.455.426.559.389.127.085.510;D02.455.426.559.389.127.250.750;D02.455.426.559.389.127.281.350.625;D02.455.426.559.389.657.654.638.625
00000000|MMI|28.31|Inhaler|C0021461|[medd]|["INHALER"-tx-5-"inhaler"-noun-0,"INHALER"-tx-3-"INHALER"-noun-0]|TX|[1609/7],[1631/7];[627/7],[649/7]|E07.605
00000000|MMI|27.26|Nortriptyline|C0028420|[orch,phsu]|["Nortryptyline"-tx-5-"Nortriptyline"-noun-0]|TX|1502/13|D02.455.426.559.847.181.384.535;D04.615.181.384.535
00000000|MMI|27.26|Nortriptyline Hydrochloride|C0700459|[orch,phsu]|["nortriptyline hcl"-tx-5-"nortriptyline hcl"-noun-0]|TX|1518/17|D02.455.426.559.847.181.384.535;D04.615.181.384.535
00000000|MMI|26.95|Daily|C0332173|[tmco]|["/day"-tx-13-"day"-noun-0,"QD"-tx-4-"QD"-noun-0,"QD"-tx-3-"QD"-noun-0]|TX|3113/3;[1169/2],[1245/2];[503/2],[582/2],[615/2],[740/2]|
00000000|MMI|26.59|Prozac|C0162373|[orch,phsu]|["PROzac"-tx-11-"prozac"-noun-0,"PROzac"-tx-3-"PROZAC"-noun-0]|TX|2674/6;547/6|D02.092.831.280
00000000|MMI|26.29|Degenerative polyarthritis|C0029408|[dsyn]|["DJD"-tx-5-"DJD"-noun-0]|TX|[1887/3],[2199/3]|C05.550.114.606;C05.799.613
00000000|MMI|26.10|ECHO protocol|C0058928|[topp]|["ECHO"-tx-9-"echo"-noun-0,"ECHO"-tx-5-"echo"-noun-0]|TX|2512/4;1868/4|x.x.x.x
00000000|MMI|25.65|Nicotiana|C0086707|[plnt]|["Tobacco"-tx-11-"tobacco"-noun-0]|TX|2756/7|B01.650.940.800.575.100.905.900
00000000|MMI|25.65|Nicotiana tabacum|C0740009|[plnt]|["Tobacco"-tx-11-"tobacco"-noun-0]|TX|2756/7|B01.650.940.800.575.100.905.900
00000000|MMI|25.58|Ipratropium|C0027235|[orch,phsu]|["IPRATROPIUM"-tx-3-"IPRATROPIUM"-noun-0]|TX|637/11|D02.145.074.722.229.400;D03.132.760.180.572.400;D03.132.889.180.648.400;D03.605.869.229.400;D04.075.080.875.099.722.229.400
00000000|MMI|24.11|Cerebroside-Sulfatase|C0007804|[aapp,enzy]|["ASA"-tx-11-"asa"-noun-0]|TX|2594/3|D08.811.277.352.827.070.250
00000000|MMI|24.11|Losartan|C0126174|[orch,phsu]|["LOSARTAN"-tx-4-"LOSARTAN"-noun-0]|TX|1149/8|D02.455.426.559.389.185.475;D03.383.129.308.507;D03.383.129.617.467
00000000|MMI|24.11|Lovastatin|C0024027|[orch,phsu]|["LOVASTATIN"-tx-11-"lovastatin"-noun-0]|TX|2622/10|D02.455.426.559.847.638.400;D04.615.638.400
00000000|MMI|24.11|Penicillins|C0030842|[antb,orch]|["PENICILLINS"-tx-5-"Penicillins"-noun-0]|TX|1643/11|D02.065.589.099.750;D02.886.108.750;D03.438.260.825;D03.605.084.737;D04.075.080.875.099.221.750
00000000|MMI|24.11|Surgical aspects|C0038895|[ftcn]|["operations"-tx-5-"OPERATIONS"-noun-0]|TX|2020/10|x.x.x.x.x.x.x
00000000|MMI|24.11|Walking (activity)|C0080331|[dora]|["Walking"-tx-4-"Walking"-noun-0]|TX|1400/7|G11.427.590.530.568.900;G11.427.590.530.698.277.937;I03.350.937;I03.450.642.845.940
00000000|MMI|22.37|therapeutic aspects|C0039798|[ftcn]|["treatment"-tx-5-"Treatment"-noun-0]|TX|1838/9|x.x.x.x.x.x.x
00000000|MMI|20.95|Docusate Sodium|C0243237|[orch,phsu]|["DOCUSATE SODIUM"-tx-3-"DOCUSATE SODIUM"-noun-0]|TX|515/15|D02.241.081.337.759.249
00000000|MMI|20.95|Furosemide|C0016860|[orch,phsu]|["FUROSEMIDE"-tx-3-"FUROSEMIDE"-noun-0]|TX|593/10|D02.065.884.725.300;D02.092.146.807.300;D02.886.590.700.725.300
00000000|MMI|20.95|Isosorbide Dinitrate|C0022252|[orch,phsu]|["ISOSORBIDE DINITRATE"-tx-3-"ISOSORBIDE DINITRATE"-noun-0]|TX|684/20|D02.033.800.813.480.500;D09.853.813.480.500
00000000|MMI|20.30|Disease|C0012634|[dsyn]|["condition"-tx-22-"CONDITION"-noun-0,"condition"-tx-5-"Conditions"-noun-0]|TX|3703/9;1786/10|C23.550.288
00000000|MMI|19.95|Hypertensive disease|C0020538|[dsyn]|["HTN"-tx-5-"HTN"-noun-0]|TX|[1899/3],[2184/3]|C14.907.489
00000000|MMI|19.38|Colace|C0282139|[orch,phsu]|["Colace"-tx-3-"COLACE"-noun-0]|TX|506/6|D02.241.081.337.759.249
00000000|MMI|19.31|District of Columbia|C0012764|[geoa]|["D.C."-tx-2-"D/C"-noun-0]|TX|315/3|Z01.107.567.875.500.210;Z01.433.429
00000000|MMI|19.27|Meal (occasion for eating)|C1998602|[dora]|["Meals"-tx-3-"meals"-noun-0]|TX|805/5|F01.145.407.432.500;F01.145.466.349.500;G07.203.300.590;G07.203.650.353.432.500;J02.500.590
00000000|MMI|19.22|Vision|C0042789|[orgf]|["Ocular"-tx-5-"ocular"-adj-0]|TX|1925/6|F02.830.816.964;G02.111.087.800.480.900;G02.149.115.800.480.900;G04.299.880.480.900;G11.561.600.810.964;G14.640.816
00000000|MMI|19.07|Hospital admission|C0184666|[hlca]|["Admission"-tx-14-"admission"-noun-0,"admissions"-tx-8-"admissions"-noun-0,"Admission"-tx-5-"Admission"-noun-0,"Admit"-tx-5-"ADMIT"-verb-0,"admitted"-tx-5-"admitted"-verb-0]|TX|3230/9;2420/10;1753/9;1655/5;2219/8|
00000000|MMI|17.80|Ambulances|C0002422|[medd]|["Ambulance"-tx-17-"ambulance"-noun-0]|TX|3406/9|J01.937.500.050;N02.421.297.879.100
00000000|MMI|17.80|Asthma|C0004096|[dsyn]|["-- Asthma"-tx-5-"asthma"-noun-0]|TX|2190/6|C08.127.108;C08.381.495.108;C08.674.095;C20.543.480.680.095
00000000|MMI|17.80|Gastroparesis|C0152020|[dsyn]|["GASTROPARESIS"-tx-5-"gastroparesis"-noun-0]|TX|2205/13|C06.405.748.543;C23.888.592.636.263
00000000|MMI|17.80|Glucophage|C0591573|[orch,phsu]|["Glucophage"-tx-5-"Glucophage"-noun-0]|TX|1540/10|D02.078.370.141.450
00000000|MMI|17.80|Labetalol|C0022860|[orch,phsu]|["LABETALOL"-tx-5-"Labetalol"-noun-0]|TX|1567/9|D02.033.100.291.460;D02.065.793.324;D02.092.063.291.460
00000000|MMI|17.80|Metformin|C0025598|[orch,phsu]|["METFORMIN"-tx-5-"metformin"-noun-0]|TX|1553/9|D02.078.370.141.450
00000000|MMI|17.80|Pain|C0030193|[sosy]|["PAIN"-tx-17-"pain"-noun-0]|TX|3376/4|C10.597.617;C23.888.592.612;F02.830.816.444;G11.561.600.810.444
00000000|MMI|17.80|Somalia|C0037640|[geoa]|["SO"-tx-18-"so"-adv-0]|TX|3467/2|Z01.058.290.120.730
00000000|MMI|16.34|Fat-Restricted Diet|C0242970|[topp]|["Low fat diet, NOS"-tx-4-"Low fat DIET"-noun-0]|TX|1337/3,1355/8|E02.642.249.260;G07.203.650.240.260
00000000|MMI|16.22|Exercise stress test|C0015260|[diap]|["stress test"-tx-18-"stress test"-noun-0]|TX|3494/11|E01.370.370.380.250;E01.370.386.700.250;E05.333.250
00000000|MMI|16.22|Stress Test|C3494508|[diap]|["Stress Test"-tx-18-"stress test"-noun-0]|TX|3494/11|E01.370.370.380.250;E01.370.386.700.250;E05.333.250
00000000|MMI|16.19|Mastodynia|C0024902|[sosy]|["Pain of breast"-tx-5-"of chest pain"-noun-0]|TX|2246/13|C10.597.617.229;C23.888.592.612.530;F02.830.816.308;G11.561.600.810.308
00000000|MMI|16.06|Confusion|C0009676|[mobd]|["CONFUSION"-tx-5-"confusion"-noun-0]|TX|1965/9|C10.597.606.337;C23.888.592.604.339;F01.700.250
00000000|MMI|16.06|Diabetes Mellitus, Non-Insulin-Dependent|C0011860|[dsyn]|["NIDDM"-tx-5-"NIDDM"-noun-0]|TX|1903/5|C18.452.394.750.149;C19.246.300
00000000|MMI|16.06|Motrin|C0699203|[orch,phsu]|["Motrin"-tx-5-"motrin"-noun-0]|TX|1892/6|D02.241.223.701.430
00000000|MMI|16.04|Adenosine|C0001443|[bacs,nnon,phsu]|["ADENOSINE"-tx-13-"adenosine"-noun-0]|TX|3062/9|D03.438.759.590.138;D13.570.583.138;D13.570.800.096;x.x.x.x
00000000|MMI|16.04|Fluorides|C0016327|[inch,phsu]|["F-"-tx-15-"f"-noun-0]|TX|3268/1|D01.248.497.158.380;D01.303.350.300
00000000|MMI|16.04|isoniazid|C0022209|[orch,phsu]|["ISONIAZID"-tx-3-"INH"-noun-0]|TX|666/3|D02.442.436;D03.066.349.410;D03.383.725.394.582
00000000|MMI|15.79|Approximate|C0332232|[qlco]|["Approximate"-tx-4-"approximate"-adj-0]|TX|[1001/11],[1084/11],[1199/11]|
00000000|MMI|15.79|Requirement|C1514873|[ftcn]|["Required"-tx-4-"Required"-verb-0]|TX|[990/8],[1073/8],[1188/8]|
00000000|MMI|15.79|To|C1883351|[qlco]|["To"-tx-21-"to"-adv-0,"To"-tx-20-"to"-adv-0,"To"-tx-15-"to"-adv-0]|TX|3668/2;3571/2;3248/2|
00000000|MMI|15.30|Inhaler Dosing Unit|C1881212|[qnco]|["INHALER"-tx-5-"inhaler"-noun-0,"INHALER"-tx-3-"INHALER"-noun-0]|TX|[1609/7],[1631/7];[627/7],[649/7]|
00000000|MMI|14.96|Take|C1515187|[hlca]|["Take"-tx-20-"take"-verb-0,"Take"-tx-16-"take"-verb-0,"Take"-tx-6-"taking"-adj-0,"Take"-tx-4-"Take"-verb-0]|TX|3574/4;3347/4;2369/6;1282/4|
00000000|MMI|14.76|Body Fluid Discharge|C0012621|[bdsu]|["Discharge"-tx-24-"DISCHARGE"-noun-0,"Discharge"-tx-22-"DISCHARGE"-noun-0,"Discharge"-tx-5-"DISCHARGE"-noun-0,"Discharge"-tx-1-"DISCHARGE"-noun-0]|TX|3826/9;3693/9;1696/9;155/9|
00000000|MMI|14.76|Discharge, body substance|C2926602|[bdsu]|["Discharge"-tx-24-"DISCHARGE"-noun-0,"Discharge"-tx-22-"DISCHARGE"-noun-0,"Discharge"-tx-5-"DISCHARGE"-noun-0,"Discharge"-tx-1-"DISCHARGE"-noun-0]|TX|3826/9;3693/9;1696/9;155/9|
00000000|MMI|14.64|Fluoxetine Hydrochloride|C0733380|[orch,phsu]|["fluoxetine hcl"-tx-3-"FLUOXETINE HCL"-noun-0]|TX|556/14|D02.092.831.280
00000000|MMI|14.64|gabapentin|C0060926|[orch,phsu]|["GABAPENTIN"-tx-4-"GABAPENTIN"-noun-0]|TX|1113/10|x.x.x.x
00000000|MMI|14.64|rofecoxib|C0762662|[orch,phsu]|["ROFECOXIB"-tx-4-"ROFECOXIB"-noun-0]|TX|1224/9|x.x.x.x
00000000|MMI|13.57|Educational process of instructing|C0039401|[edac]|["Instruction"-tx-4-"Instruction"-noun-0,"Instruction"-tx-3-"Instruction"-noun-0]|TX|1270/11;874/11|I02.903
00000000|MMI|13.45|Heart|C0018787|[bpoc]|["HEART"-tx-13-"heart"-noun-0,"Cardiac"-tx-8-"cardiac"-adj-0]|TX|3185/5;2476/7|A07.541
00000000|MMI|13.10|Myocardial Infarction|C0027051|[dsyn]|["Infarction, Myocardial"-tx-11-"myocardial infarction"-noun-1]|TX|2880/21|C14.280.647.500;C14.907.585.500
00000000|MMI|13.08|Infantile Neuroaxonal Dystrophy|C0270724|[dsyn]|["PLAN"-tx-22-"PLAN"-noun-0]|TX|3727/4|C10.228.140.744
00000000|MMI|13.03|Rabbi|C0684010|[prog]|["R."-tx-5-"R"-noun-0]|TX|2091/1|M01.526.799.500
00000000|MMI|13.01|Persantine|C0700020|[orch,phsu]|["Persantine"-tx-13-"persantine"-noun-0]|TX|3072/10|D03.383.742.175
00000000|MMI|13.00|Dilatation and Curettage|C0012358|[topp]|["D & C"-tx-2-"D/C"-noun-0]|TX|315/3|E04.157.310;E04.950.300.299
00000000|MMI|12.96|Ethanol|C0001962|[orch,phsu]|["ALCOHOL"-tx-11-"alcohol"-noun-0]|TX|2776/7|D02.033.375;x.x.x.x
00000000|MMI|12.94|Etiology|C1314792|[ftcn]|["disease cause"-tx-18-"disease causing"-noun-0]|TX|3436/15|N05.715.350.200;N06.850.490.625
00000000|MMI|12.91|Silicon Dioxide|C0037098|[bodm,inch]|["Sand"-tx-2-"Sand"-noun-0]|TX|219/4|D01.578.750;D01.650.550.825;D01.837.725
00000000|MMI|12.91|Embolus|C1704212|[fndg]|["EMBOLI"-tx-5-"emboli"-noun-0]|TX|1937/6|C14.907.355.350
00000000|MMI|12.91|Eye|C0015392|[bpoc]|["Ocular"-tx-5-"ocular"-adj-0]|TX|1925/6|A01.456.505.420;A09.371
00000000|MMI|12.90|Panama|C0030266|[geoa]|["PM"-tx-2-"PM"-adj-0]|TX|276/2|Z01.107.169.772
00000000|MMI|11.79|Order (action)|C1705178|[acty]|["Order"-tx-24-"ORDERS"-verb-0,"Order"-tx-2-"ORDER"-noun-0,"Order"-tx-1-"ORDERS"-verb-0]|TX|3836/6;319/5;165/6|
00000000|MMI|11.79|Order (arrangement)|C1705176|[qlco]|["Order"-tx-24-"ORDERS"-verb-0,"Order"-tx-2-"ORDER"-noun-0,"Order"-tx-1-"ORDERS"-verb-0]|TX|3836/6;319/5;165/6|
00000000|MMI|11.79|Order (document)|C1705175|[inpr]|["Order"-tx-24-"ORDERS"-verb-0,"Order"-tx-2-"ORDER"-noun-0,"Order"-tx-1-"ORDERS"-verb-0]|TX|3836/6;319/5;165/6|
00000000|MMI|11.79|Order (taxonomic)|C1705177|[clas]|["Order"-tx-24-"ORDERS"-verb-0,"Order"-tx-2-"ORDER"-noun-0,"Order"-tx-1-"ORDERS"-verb-0]|TX|3836/6;319/5;165/6|
00000000|MMI|11.79|Permutation|C1882348|[qlco]|["Order"-tx-24-"ORDERS"-verb-0,"Order"-tx-2-"ORDER"-noun-0,"Order"-tx-1-"ORDERS"-verb-0]|TX|3836/6;319/5;165/6|
00000000|MMI|11.79|Sequence of Planned Assessment Schedule|C3889825|[inpr]|["ORDER"-tx-24-"ORDERS"-verb-0,"ORDER"-tx-2-"ORDER"-noun-0,"ORDER"-tx-1-"ORDERS"-verb-0]|TX|3836/6;319/5;165/6|
00000000|MMI|11.49|Allergy Specialty|C0002111|[bmod]|["Allergy"-tx-5-"ALLERGY"-noun-0]|TX|1493/7|H02.403.044
00000000|MMI|11.49|Complication Aspects|C1171258|[patf]|["complications"-tx-5-"Complications"-noun-0]|TX|1812/13|x.x.x
00000000|MMI|11.49|Methods aspects|C0025664|[inpr]|["procedures"-tx-5-"PROCEDURES"-noun-0]|TX|2035/10|x.x.x
00000000|MMI|11.10|Chest pain:Finding:Point in time:^Patient:Ordinal|C2926613|[clna]|["Chest pain"-tx-16-"chest pain"-noun-0,"Chest pain"-tx-8-"chest pain"-noun-0,"Chest pain"-tx-6-"Chest pain"-noun-0]|TX|3329/10;2435/10;2304/10|
00000000|MMI|10.96|Instruction [Publication Type]|C0302828|[inpr]|["Instruction"-tx-4-"Instruction"-noun-0,"Instruction"-tx-3-"Instruction"-noun-0,"instructions"-tx-3-"Instructions"-noun-0]|TX|1270/11;874/11;786/12|
00000000|MMI|10.96|Instructions|C1442085|[idcn]|["instruction"-tx-4-"Instruction"-noun-0,"Instructions"-tx-3-"Instructions"-noun-0,"instruction"-tx-3-"Instruction"-noun-0]|TX|1270/11;786/12;874/11|
00000000|MMI|10.94|Admission activity|C0809949|[hlca]|["Admission"-tx-14-"admission"-noun-0,"Admission"-tx-5-"Admission"-noun-0,"Admitted"-tx-5-"admitted"-verb-0]|TX|3230/9;1753/9;2219/8|
00000000|MMI|10.92|Doctor - Title|C2348314|[cnce]|["Doctor"-tx-19-"doctor"-noun-0,"Dr."-tx-15-"Dr"-noun-0,"Dr."-tx-4-"Dr"-noun-0]|TX|3532/6;3277/2;1449/2|
00000000|MMI|10.86|Insulin Drug Class|C3714501|[horm,phsu]|["INSULIN"-tx-11-"insulin"-noun-0,"INSULIN"-tx-4-"INSULIN"-noun-0]|TX|2714/7;[934/7],[1018/7]|
00000000|MMI|10.86|Insulin [EPC]|C1579433|[phsu]|["Insulin"-tx-11-"insulin"-noun-0,"Insulin"-tx-4-"INSULIN"-noun-0]|TX|2714/7;[934/7],[1018/7]|
00000000|MMI|10.86|Recombinant Insulin|C1533581|[aapp,horm,phsu]|["INSULIN"-tx-11-"insulin"-noun-0,"INSULIN"-tx-4-"INSULIN"-noun-0]|TX|2714/7;[934/7],[1018/7]|
00000000|MMI|10.77|4+ Answer to question|C3838679|[fndg]|["4+"-tx-4-"4"-integer-0]|TX|[1016/1],[1099/1],[1214/1]|
00000000|MMI|10.62|Dosage|C0178602|[qnco]|["DOSE"-tx-12-"dose"-noun-0,"Doses"-tx-4-"Doses"-noun-0]|TX|2933/4;[984/5],[1067/5]|
00000000|MMI|10.59|Home environment|C0442519|[cnce]|["HOME"-tx-20-"home"-noun-0,"house"-tx-4-"House"-noun-0,"HOME"-tx-3-"Home"-noun-0]|TX|3584/4;1329/5;432/4|
00000000|MMI|10.42|Diagnosis|C0011900|[fndg]|["DIAGNOSIS"-tx-5-"DIAGNOSIS"-noun-0]|TX|[1661/9],[1776/9]|E01
00000000|MMI|10.42|Diagnosis Study|C1704656|[resa]|["DIAGNOSIS"-tx-5-"DIAGNOSIS"-noun-0]|TX|[1661/9],[1776/9]|
00000000|MMI|10.42|Doctor of Medicine|C1512018|[inpr]|["M.D."-tx-23-"M.D"-noun-0,"M.D."-tx-2-"M.D"-noun-0]|TX|3785/3;391/3|
00000000|MMI|10.42|orders - HL7PublishingDomain|C3244315|[inpr]|["orders"-tx-24-"ORDERS"-verb-0,"orders"-tx-1-"ORDERS"-verb-0]|TX|3836/6;165/6|
00000000|MMI|9.94|Appointments|C0003629|[idcn]|["Appointment"-tx-4-"APPOINTMENT"-noun-0]|TX|1431/11|N04.452.095
00000000|MMI|9.90|Food|C0016452|[food]|["Food"-tx-21-"food"-noun-0]|TX|3681/4|G07.203.300;J02.500
00000000|MMI|9.88|Tobacco|C0040329|[hops,orch,phsu]|["TOBACCO"-tx-11-"tobacco"-noun-0]|TX|2756/7|J01.637.836
00000000|MMI|9.78|Atrophic|C0333641|[patf]|["Atrophic"-tx-10-"atrophic"-adj-0]|TX|2566/8|C23.300.070
00000000|MMI|9.76|Tobacco Use Disorder|C0040336|[fndg]|["TOBACCO ABUSE"-tx-5-"tobacco abuse"-noun-0]|TX|1909/13|C25.775.912;F03.900.912
00000000|MMI|9.75|Netherlands|C0027778|[geoa]|["NL"-tx-5-"nl"-noun-0]|TX|1865/2|Z01.542.651
00000000|MMI|8.34|Allergic Reaction|C1527304|[patf]|["Allergy"-tx-5-"ALLERGY"-noun-0]|TX|1493/7|C20.543
00000000|MMI|8.34|Hypersensitivity|C0020517|[patf]|["ALLERGY"-tx-5-"ALLERGY"-noun-0]|TX|1493/7|C20.543
00000000|MMI|8.34|Infection|C3714514|[patf]|["Infections"-tx-5-"Infections"-noun-0]|TX|1799/10|C01.539
00000000|MMI|8.34|Patients|C0030705|[podg]|["*^patient"-tx-11-"patient"-noun-0]|TX|2854/7|M01.643
00000000|MMI|7.70|Neurontin|C0678176|[orch,phsu]|["Neurontin"-tx-11-"neurontin"-noun-0,"Neurontin"-tx-4-"NEURONTIN"-noun-0]|TX|2662/9;1101/9|
00000000|MMI|7.70|Vioxx|C0876768|[orch,phsu]|["Vioxx"-tx-11-"vioxx"-noun-0,"Vioxx"-tx-4-"VIOXX"-noun-0]|TX|2706/5;1216/5|
00000000|MMI|7.61|Condition|C0348080|[qlco]|["Condition"-tx-22-"CONDITION"-noun-0,"Condition"-tx-5-"Conditions"-noun-0]|TX|3703/9;1786/10|
00000000|MMI|7.61|Condition:Find:Pt:^Patient:Nom|C3864998|[clna]|["Condition"-tx-22-"CONDITION"-noun-0,"Condition"-tx-5-"Conditions"-noun-0]|TX|3703/9;1786/10|
00000000|MMI|7.61|Logical Condition|C1705253|[cnce]|["Condition"-tx-22-"CONDITION"-noun-0,"Condition"-tx-5-"Conditions"-noun-0]|TX|3703/9;1786/10|
00000000|MMI|7.53|Glonoine, nitroglycerine, Homeopathic preparation|C0885378|[orch,phsu]|["nitroglycerine"-tx-16-"nitroglycerin"-noun-0,"nitroglycerine"-tx-5-"nitroglycerin"-noun-0]|TX|3354/13;2289/13|
00000000|MMI|7.49|Changed status|C0443172|[qnco]|["Changed"-tx-21-"changed"-verb-0,"changes"-tx-7-"changes"-verb-0]|TX|3610/7;2388/7|
00000000|MMI|7.49|Changing|C0392747|[ftcn]|["Changed"-tx-21-"changed"-verb-0,"changes"-tx-7-"changes"-verb-0]|TX|3610/7;2388/7|
00000000|MMI|7.49|Negation|C1518422|[ftcn]|["Not"-tx-17-"not"-adv-0,"Not"-tx-5-"NOT"-adv-0]|TX|3386/3;2082/3|
00000000|MMI|7.36|Refused|C1705116|[acty]|["Refused"-tx-13-"refused"-adj-0,"Refused"-tx-13-"refused"-verb-0]|TX|[3032/7],[3138/7];[3032/7],[3138/7]|
00000000|MMI|7.36|Refused - Completion Status for valid values|C1548564|[idcn]|["Refused"-tx-13-"refused"-adj-0,"Refused"-tx-13-"refused"-verb-0]|TX|[3032/7],[3138/7];[3032/7],[3138/7]|
00000000|MMI|7.29|30%|C3842588|[fndg]|["30%"-tx-4-"30"-fraction-0]|TX|[945/2],[1029/2]|
00000000|MMI|7.29|70%|C3842584|[fndg]|["70%"-tx-4-"70"-fraction-0]|TX|[942/2],[1026/2]|
00000000|MMI|7.26|Dose number:Number:Point in time:^Patient:Quantitative|C1114758|[clna]|["Dose #"-tx-12-"dose"-noun-0,"Dose number"-tx-4-"Number Doses"-noun-0]|TX|2933/4;1172/6,1182/5|
00000000|MMI|7.26|Summary (document)|C1706244|[inpr]|["Summary"-tx-22-"summary"-noun-0,"Summary"-tx-2-"SUMMARY"-noun-0]|TX|3745/7;344/7|
00000000|MMI|7.26|summary - ActRelationshipSubset|C1552616|[inpr]|["summary"-tx-22-"summary"-noun-0,"summary"-tx-2-"SUMMARY"-noun-0]|TX|3745/7;344/7|
00000000|MMI|7.25|Number of units|C0449961|[qnco]|["Number of units"-tx-4-"UNITS Number of"-noun-0]|TX|[961/5,974/9],[1044/5,1057/9]|
00000000|MMI|7.23|Delayed Release Dosage Form|C1707664|[bodm]|["DR"-tx-15-"Dr"-noun-0,"DR"-tx-4-"Dr"-noun-0]|TX|3277/2;1449/2|
00000000|MMI|7.23|Device to Subject Relationship Domain|C3540849|[inpr]|["DR"-tx-15-"Dr"-noun-0,"DR"-tx-4-"Dr"-noun-0]|TX|3277/2;1449/2|
00000000|MMI|7.23|Interventional procedure|C0184661|[topp]|["Procedure"-tx-13-"procedure"-noun-0,"PROCEDURES"-tx-5-"PROCEDURES"-noun-0]|TX|3124/9;2035/10|
00000000|MMI|7.23|Procedure (set of actions)|C2700391|[acty]|["Procedure"-tx-13-"procedure"-noun-0,"Procedures"-tx-5-"PROCEDURES"-noun-0]|TX|3124/9;2035/10|
00000000|MMI|7.21|HPX wt Allele|C3814444|[gngm]|["HX"-tx-11-"Hx"-noun-0,"HX"-tx-5-"hx"-noun-0]|TX|2726/2;2150/2|
00000000|MMI|7.21|Medical History|C0262926|[fndg]|["Hx"-tx-11-"Hx"-noun-1,"Hx"-tx-5-"hx"-noun-0]|TX|2726/2;2150/2|
00000000|MMI|7.11|10%|C3842590|[fndg]|["10%"-tx-3-"10"-integer-0,"10%"-tx-1-"10"-fraction-0]|TX|773/2;137/2|
00000000|MMI|7.07|Echo (insect)|C1655045|[euka]|["Echo"-tx-9-"echo"-noun-0,"Echo"-tx-5-"echo"-noun-0]|TX|2512/4;1868/4|
00000000|MMI|7.07|Negative - answer|C3853545|[qlco]|["Negative"-tx-9-"Negative"-adj-0,"NEG"-tx-5-"neg"-noun-0]|TX|2492/8;1975/3|
00000000|MMI|7.04|Discontinued|C1444662|[fndg]|["D/C"-tx-2-"D/C"-noun-1,"DIS"-tx-1-"DIS"-noun-0]|TX|315/3;74/3|
00000000|MMI|7.02|Code|C0805701|[inpr]|["CODE"-tx-3-"CODE"-noun-0,"CODE"-tx-3-"code"-noun-0]|TX|396/4;414/4|
00000000|MMI|7.02|eTMF Content Model Code|C3889831|[inpr]|["Code"-tx-3-"CODE"-noun-0,"Code"-tx-3-"code"-noun-0]|TX|396/4;414/4|
00000000|MMI|7.02|Past|C1444637|[tmco]|["Past"-tx-14-"past"-adj-0,"Past"-tx-8-"past"-adj-0]|TX|3225/4;2415/4|
00000000|MMI|6.98|asthma with copd|C0865800|[dsyn]|["copd asthma"-tx-13-"COPD/asthma"-noun-0,"asthma copd"-tx-5-"asthma COPD"-noun-0]|TX|3090/11;1853/6,1944/4|
00000000|MMI|6.95|20%|C3842589|[fndg]|["20%"-tx-3-"20"-integer-0]|TX|[573/2],[731/2]|
00000000|MMI|6.95|Three times daily|C0556984|[tmco]|["TID"-tx-3-"TID"-noun-0]|TX|[716/3],[782/3]|
00000000|MMI|6.95|three times a day at institution-specified times|C1610169|[tmco]|["TID"-tx-3-"TID"-noun-0]|TX|[716/3],[782/3]|
00000000|MMI|6.95|/40|C0439509|[tmco]|["/40"-tx-3-"40"-integer-0]|TX|[606/2],[707/2]|
00000000|MMI|6.95|40%|C3842587|[qnco]|["40%"-tx-3-"40"-integer-0]|TX|[606/2],[707/2]|
00000000|MMI|6.94|Cholesterol measurement test|C0201950|[lbpr]|["CHOL"-tx-5-"chol"-noun-0,"CHOL"-tx-4-"chol"-noun-0]|TX|1932/4;1341/4|
00000000|MMI|6.66|Alcohols|C0001975|[orch,phsu]|["Alcohol"-tx-11-"alcohol"-noun-0]|TX|2776/7|D02.033
00000000|MMI|6.60|Steroids|C0038317|[orch]|["Steroid"-tx-5-"steroid"-adj-0]|TX|1949/7|D04.808
00000000|MMI|6.58|Catheterization|C0007430|[topp]|["Catheterization"-tx-9-"catheterization"-noun-0]|TX|2542/15|E02.148;E05.157
00000000|MMI|6.58|Woman|C0043210|[popg]|["WOMAN"-tx-5-"woman"-noun-0]|TX|2141/5|M01.975
00000000|MMI|5.18|Abortion consent:Finding:Point in time:^Patient:Document|C2360836|[clna]|["Patient"-tx-11-"patient"-noun-0]|TX|2854/7|
00000000|MMI|5.18|Accident caused by unspecified fire|C0000912|[phpr]|["Burning NOS"-tx-6-"burning"-noun-0]|TX|2319/7|
00000000|MMI|5.18|ActInformationPrivacyReason <operations>|C3244305|[ftcn]|["operations"-tx-5-"OPERATIONS"-noun-0]|TX|2020/10|
00000000|MMI|5.18|Additional|C1524062|[ftcn]|["Added"-tx-21-"added"-verb-0]|TX|3655/5|
00000000|MMI|5.18|Affecting|C0392760|[ftcn]|["Affecting"-tx-5-"affecting"-verb-0]|TX|1828/9|
00000000|MMI|5.18|Allergic disposition|C3539909|[dsyn]|["Allergy"-tx-5-"ALLERGY"-noun-0]|TX|1493/7|
00000000|MMI|5.18|Allergy - Physicians|C1554743|[prog]|["Allergy"-tx-5-"ALLERGY"-noun-0]|TX|1493/7|
00000000|MMI|5.18|Ambulance, not otherwise specified|C3846685|[fndg]|["Ambulance, not otherwise specified"-tx-17-"ambulance"-noun-1]|TX|3406/9|
00000000|MMI|5.18|Arylsulfatase A, human|C3853627|[aapp,enzy]|["ASA"-tx-11-"asa"-noun-0]|TX|2594/3|
00000000|MMI|5.18|Assisted (qualifier value)|C1269765|[qlco]|["Help"-tx-21-"help"-verb-0]|TX|3671/4|
00000000|MMI|5.18|Asthma Pathway|C2984299|[ftcn]|["Asthma"-tx-5-"asthma"-noun-0]|TX|2190/6|
00000000|MMI|5.18|Burning sensation|C0085624|[sosy]|["Burning"-tx-6-"burning"-noun-0]|TX|2319/7|
00000000|MMI|5.18|Burning sensation quality|C0175627|[qlco]|["Burning"-tx-6-"burning"-noun-0]|TX|2319/7|
00000000|MMI|5.18|Call (Instruction)|C1947967|[ftcn]|["Call"-tx-17-"call"-verb-0]|TX|3398/4|
00000000|MMI|5.18|Cardiac enzymes|C0443763|[aapp,enzy]|["Cardiac enzymes"-tx-11-"cardiac enzymes"-noun-0]|TX|2905/15|
00000000|MMI|5.18|Complication|C0009566|[patf]|["Complications"-tx-5-"Complications"-noun-0]|TX|1812/13|
00000000|MMI|5.18|Continuous|C0549178|[idcn]|["Continue"-tx-20-"Continue"-verb-0]|TX|3562/8|
00000000|MMI|5.18|Decision|C0679006|[menp]|["Call"-tx-17-"call"-verb-1]|TX|3398/4|
00000000|MMI|5.18|Digestive System Findings Domain|C3539617|[inpr]|["GI"-tx-8-"GI"-noun-0]|TX|2469/2|
00000000|MMI|5.18|Discharge date|C2361123|[tmco]|["Discharge date"-tx-1-"Discharge Date"-noun-0]|TX|121/14|
00000000|MMI|5.18|Discharge date:Time Stamp -- Date and Time:Point in time:^Patient:Quantitative|C2361122|[clna]|["Discharge date"-tx-1-"Discharge Date"-noun-0]|TX|121/14|
00000000|MMI|5.18|Esophageal reflux observation|C0559234|[fndg]|["Esophageal reflux"-tx-5-"esophageal reflux"-noun-0]|TX|2000/17|
00000000|MMI|5.18|GNAI1 wt Allele|C1708130|[gngm]|["Gi"-tx-8-"GI"-noun-0]|TX|2469/2|
00000000|MMI|5.18|GORAB gene|C1822658|[gngm]|["GO"-tx-17-"go"-verb-0]|TX|3390/2|
00000000|MMI|5.18|GRAPEFRUIT EXTRACT|C0440280|[orch,phsu]|["GRAPEFRUIT"-tx-3-"grapefruit"-noun-0]|TX|892/10|
00000000|MMI|5.18|Gastrointestinal studies and measurements|C4050121|[inpr]|["GI"-tx-8-"GI"-noun-0]|TX|2469/2|
00000000|MMI|5.18|Grapefruit (food)|C0995150|[food]|["GRAPEFRUIT"-tx-3-"grapefruit"-noun-0]|TX|892/10|
00000000|MMI|5.18|Grapefruit Flavor|C1365950|[food]|["GRAPEFRUIT"-tx-3-"grapefruit"-noun-0]|TX|892/10|
00000000|MMI|5.18|HL7PublishingSubSection <operations>|C3244306|[inpr]|["operations"-tx-5-"OPERATIONS"-noun-0]|TX|2020/10|
00000000|MMI|5.18|Help document|C1552861|[inpr]|["help"-tx-21-"help"-verb-0]|TX|3671/4|
00000000|MMI|5.18|Hysterectomy consent:Finding:Point in time:^Patient:Document|C2360838|[clna]|["Patient"-tx-11-"patient"-noun-0]|TX|2854/7|
00000000|MMI|5.18|Increase|C0442805|[ftcn]|["Increased"-tx-12-"increased"-verb-0]|TX|2942/9|
00000000|MMI|5.18|Increased|C0205217|[qnco]|["Increased"-tx-12-"increased"-verb-0]|TX|2942/9|
00000000|MMI|5.18|Initially|C0205265|[tmco]|["Initially"-tx-13-"initially"-adv-0]|TX|2998/9|
00000000|MMI|5.18|Involvement with|C1314939|[ftcn]|["Affecting"-tx-5-"affecting"-verb-0]|TX|1828/9|
00000000|MMI|5.18|Labetalol hydrochloride|C0699440|[orch,phsu]|["labetalol hcl"-tx-5-"labetalol hcl"-noun-0]|TX|1579/13|
00000000|MMI|5.18|Left atrial hypertrophy|C0238705|[anab]|["LAE"-tx-11-"LAE"-noun-1]|TX|2806/3|
00000000|MMI|5.18|MICROCEPHALY, EPILEPSY, AND DIABETES SYNDROME|C3280240|[dsyn]|["MEDS"-tx-11-"Meds"-noun-1]|TX|2588/4|
00000000|MMI|5.18|MYOTONIC DYSTROPHY 1|C3250443|[dsyn]|["DM"-tx-5-"DM"-noun-0]|TX|2179/2|
00000000|MMI|5.18|NADPH:sulfur oxidoreductase activity|C2700623|[moft]|["NSR"-tx-11-"NSR"-noun-0]|TX|2789/3|
00000000|MMI|5.18|Neutral Sidebent Rotated|C1704493|[patf]|["NSR"-tx-11-"NSR"-noun-1]|TX|2789/3|
00000000|MMI|5.18|Not Applicable|C1272460|[qlco]|["NOT APPLICABLE"-tx-2-"Not Applicable"-adj-0]|TX|295/14|
00000000|MMI|5.18|Package Type Not Applicable|C4049872|[ftcn]|["Not Applicable"-tx-2-"Not Applicable"-adj-0]|TX|295/14|
00000000|MMI|5.18|Pain NOS Adverse Event|C1962977|[fndg]|["Pain NOS"-tx-17-"pain"-noun-0]|TX|3376/4|
00000000|MMI|5.18|Positive|C1446409|[qlco]|["ruled"-tx-11-"ruled"-verb-0]|TX|2866/5|
00000000|MMI|5.18|Resolution|C2699488|[cnce]|["Resolved"-tx-6-"resolved"-verb-0]|TX|2344/8|
00000000|MMI|5.18|Resolved|C3714811|[fndg]|["Resolved"-tx-6-"resolved"-verb-0]|TX|2344/8|
00000000|MMI|5.18|Resolved License|C3897700|[ftcn]|["Resolved"-tx-6-"resolved"-verb-0]|TX|2344/8|
00000000|MMI|5.18|Response to antigens|C1314973|[phsf]|["ALLERGY"-tx-5-"ALLERGY"-noun-0]|TX|1493/7|
00000000|MMI|5.18|S prime|C2603362|[clna]|["S'"-tx-4-"("-noun-0]|TX|1442/1|
00000000|MMI|5.18|Scheduled - procedure status|C0205539|[qlco]|["scheduling"-tx-19-"scheduling"-noun-0]|TX|3545/10|
00000000|MMI|5.18|Scheduling (procedure)|C1446911|[hlca]|["Scheduling"-tx-19-"scheduling"-noun-0]|TX|3545/10|
00000000|MMI|5.18|Sterilization consent:Finding:Point in time:^Patient:Document|C2360840|[clna]|["Patient"-tx-11-"patient"-noun-0]|TX|2854/7|
00000000|MMI|5.18|Sustained|C0443318|[ftcn]|["Sustained"-tx-3-"SUSTAINED"-verb-0]|TX|821/9|
00000000|MMI|5.18|per second|C0565930|[qnco]|["/s"-tx-4-"("-noun-0]|TX|1442/1|
00000000|MMI|5.18|physiologic resolution|C1514893|[patf]|["Resolved"-tx-6-"resolved"-verb-0]|TX|2344/8|
00000000|MMI|5.18|treatments and procedures|C0237403|[topp]|["treatments procedures"-tx-5-"TREATMENTS/PROCEDURES"-noun-0]|TX|2058/21|
00000000|MMI|3.78|Atrophy of kidney|C0341698|[dsyn]|["atrophic kidney"-tx-10-"atrophic kidney"-noun-0]|TX|2566/8,2580/6|
00000000|MMI|3.78|Cardiac pain|C0423636|[sosy]|["Heart chest pain"-tx-18-"heart chest pain"-noun-0]|TX|3430/5,3452/10|
00000000|MMI|3.76|9-10|C3843713|[fndg]|["9-10"-tx-24-"9 10"-fraction-0]|TX|3799/1,3809/2|
00000000|MMI|3.75|Additional comments|C1830770|[fndg]|["Additional comments"-tx-16-"ADDITIONAL COMMENTS"-noun-0]|TX|3287/19|
00000000|MMI|3.75|Left kidney|C0227614|[bpoc]|["Left Kidney"-tx-10-"left kidney"-noun-0]|TX|2575/11|
00000000|MMI|3.75|Medication.discharge|C0806915|[fndg]|["Discharge medications"-tx-3-"DISCHARGE MEDICATIONS"-noun-0]|TX|437/21|
00000000|MMI|3.74|Domestic activities|C0441660|[dora]|["house activity"-tx-4-"House ACTIVITY"-noun-0]|TX|1365/5,1390/8|
00000000|MMI|3.72|Relieved by|C0332303|[ftcn]|["Relieved by"-tx-5-"relieved by"-verb-0]|TX|2277/11|
00000000|MMI|3.70|Principal Diagnosis:-:Point in time:^Patient:-|C2598194|[clna]|["Principal Diagnosis"-tx-5-"PRINCIPAL DIAGNOSIS"-noun-0]|TX|1686/9,1706/9|
00000000|MMI|3.70|Principal diagnosis|C0332137|[qlco]|["Principal Diagnosis"-tx-5-"PRINCIPAL DIAGNOSIS"-noun-0]|TX|1686/9,1706/9|
00000000|MMI|3.68|Admission date:Time Stamp -- Date and Time:Point in time:^Patient:Quantitative|C2598112|[clna]|["Admission date"-tx-1-"Admission Date"-noun-0]|TX|80/14|
00000000|MMI|3.68|Attending (action)|C1999232|[ftcn]|["attending"-tx-2-"Attending"-noun-0]|TX|357/9|
00000000|MMI|3.68|Attending (provider role)|C1547429|[prog]|["Attending"-tx-2-"Attending"-noun-0]|TX|357/9|
00000000|MMI|3.68|Beginning|C0439659|[tmco]|["Origin"-tx-8-"origin"-noun-0]|TX|2484/6|
00000000|MMI|3.68|Coating (film)|C1522408|[qlco]|["Coated"-tx-3-"COATED"-adj-0]|TX|484/6|
00000000|MMI|3.68|Date of admission|C1302393|[tmco]|["Admission date"-tx-1-"Admission Date"-noun-0]|TX|80/14|
00000000|MMI|3.68|Enteral|C1304890|[spco]|["Enteric"-tx-3-"ENTERIC"-adj-0]|TX|476/7|
00000000|MMI|3.68|M NOS ANTIBODY|C0369637|[aapp,imft]|["M NOS"-tx-22-"M"-noun-0]|TX|3780/1|
00000000|MMI|3.68|M+ (tumor staging)|C0441923|[inpr]|["M+"-tx-22-"M"-noun-0]|TX|3780/1|
00000000|MMI|3.68|Medications:-:Point in time:^Patient:-|C2598133|[clna]|["Medications"-tx-20-"medications"-noun-0]|TX|3589/11|
00000000|MMI|3.68|Medications:Presence or Identity:Duration of the study:^Patient:Nominal|C0802604|[clna]|["Medications"-tx-20-"medications"-noun-0]|TX|3589/11|
00000000|MMI|3.68|National origin|C0079946|[clas]|["origin"-tx-8-"origin"-noun-0]|TX|2484/6|
00000000|MMI|3.68|Participation Type - origin|C1550512|[inpr]|["origin"-tx-8-"origin"-noun-0]|TX|2484/6|
00000000|MMI|3.68|Pharmaceutical Preparations|C0013227|[phsu]|["Medications"-tx-20-"medications"-noun-0]|TX|3589/11|D26
00000000|MMI|3.68|Prothrombin Activity Measurement|C3274435|[lbpr]|["PTA"-tx-5-"PTA"-noun-0]|TX|2273/3|
00000000|MMI|3.68|Status|C0449438|[qlco]|["Status"-tx-3-"STATUS"-noun-0]|TX|401/6|
00000000|MMI|3.68|Unit dose|C0869039|[qnco]|["Dose"-tx-12-"dose"-noun-0]|TX|2933/4|
00000000|MMI|3.68|discharge diagnosis|C1555319|[fndg]|["Discharge diagnosis"-tx-5-"DISCHARGE DIAGNOSIS"-noun-0]|TX|1696/19|
00000000|MMI|3.65|Report status|C0586177|[fndg]|["Report status"-tx-1-"Report Status"-noun-0]|TX|106/13|
00000000|MMI|3.64|Electrocardiogram: myocardial infarction (finding)|C0428953|[lbtr]|["MYOCARDIAL INFARCTION"-tx-11-"myocardial infarction"-noun-1]|TX|2880/21|
00000000|MMI|3.64|Entered|C1521975|[qlco]|["Entered"-tx-22-"ENTERED"-verb-0]|TX|3753/7|
00000000|MMI|3.64|Myocardial Infarction ECG Assessment|C3810814|[diap]|["Myocardial Infarction"-tx-11-"myocardial infarction"-noun-0]|TX|2880/21|
00000000|MMI|3.64|Myocardial infarction:Finding:Point in time:^Patient:Ordinal|C2926063|[clna]|["Myocardial infarction"-tx-11-"myocardial infarction"-noun-0]|TX|2880/21|
00000000|MMI|3.64|Unable|C1299582|[fndg]|["Unable"-tx-8-"unable"-adj-0]|TX|2450/6|
00000000|MMI|3.63|Disposition|C0743223|[idcn]|["Disposition"-tx-3-"DISPOSITION"-noun-0]|TX|419/11|
00000000|MMI|3.63|Disposition Domain|C1705555|[inpr]|["Disposition"-tx-3-"DISPOSITION"-noun-0]|TX|419/11|
00000000|MMI|3.63|Superior segmental vein|C0507239|[bpoc]|["V6"-tx-11-"V6"-noun-0]|TX|2802/2|
00000000|MMI|3.61|Planned|C1301732|[ftcn]|["Plan"-tx-22-"PLAN"-noun-0]|TX|3727/4|
00000000|MMI|3.61|Treatment Plan|C0599880|[inpr]|["Plan"-tx-22-"PLAN"-noun-0]|TX|3727/4|
00000000|MMI|3.61|5 minutes Office visit|C0886384|[topp]|["5 minutes"-tx-6-"5 minutes"-noun-0]|TX|2353/9|
00000000|MMI|3.60|Instructions:Text:Point in time:^Patient:Narrative|C3263700|[clna]|["Instructions"-tx-3-"Instructions"-noun-0]|TX|786/12|
00000000|MMI|3.60|Negative|C0205160|[qlco]|["Negative"-tx-9-"Negative"-adj-0]|TX|2492/8|
00000000|MMI|3.60|Negative Charge|C2825491|[qlco]|["Negative"-tx-9-"Negative"-adj-0]|TX|2492/8|
00000000|MMI|3.60|Negative Finding|C1513916|[fndg]|["NEGATIVE"-tx-9-"Negative"-adj-0]|TX|2492/8|
00000000|MMI|3.60|Negative Number|C2825415|[cnce]|["Negative"-tx-9-"Negative"-adj-0]|TX|2492/8|
00000000|MMI|3.59|ActInformationPrivacyReason <service>|C3245478|[idcn]|["service"-tx-2-"Service"-noun-0]|TX|224/7|
00000000|MMI|3.59|Pyrexia of unknown origin (excl puerperal)|C0856281|[sosy]|["puo"-tx-1-"PUO"-noun-0]|TX|12/3|
00000000|MMI|3.59|Services|C0557854|[ocac]|["Service"-tx-2-"Service"-noun-0]|TX|224/7|
00000000|MMI|3.59|Software Service|C2825316|[mnob]|["Service"-tx-2-"Service"-noun-0]|TX|224/7|
00000000|MMI|3.59|End|C0444930|[spco]|["End"-tx-24-"END"-noun-0]|TX|3819/3|
00000000|MMI|3.59|Esomeprazole 40 MG|C1127610|[clnd]|["Esomeprazole 40 MG"-tx-4-"ESOMEPRAZOLE 40 MG"-noun-0]|TX|1297/18|
00000000|MMI|3.59|Food allergenic extracts|C3540798|[imft,phsu]|["food"-tx-21-"food"-noun-0]|TX|3681/4|
00000000|MMI|3.59|Household composition|C0595998|[fndg]|["lives"-tx-11-"lives"-noun-1]|TX|2730/5|
00000000|MMI|3.59|Responsible to|C1273518|[fndg]|["Responsible"-tx-5-"Responsible"-adj-0]|TX|1717/11|
00000000|MMI|3.59|Stop (qualifier value)|C2746065|[tmco]|["End"-tx-24-"END"-noun-0]|TX|3819/3|
00000000|MMI|3.57|Conditional|C1701901|[qlco]|["Contingent"-tx-2-"CONTINGENT"-noun-0]|TX|279/10|
00000000|MMI|3.57|Delta (difference)|C1705241|[qnco]|["Change"-tx-7-"changes"-verb-0]|TX|2388/7|
00000000|MMI|3.57|Discussion (communication)|C2584313|[socb]|["Discuss"-tx-19-"discuss"-verb-0]|TX|3514/7|
00000000|MMI|3.57|Endocrine System Findings Domain|C3538926|[idcn]|["ED"-tx-7-"ED"-noun-0]|TX|2403/2|
00000000|MMI|3.57|Entire heart|C1281570|[bpoc]|["Heart"-tx-13-"heart"-noun-0]|TX|3185/5|
00000000|MMI|3.57|Out (direction)|C0439787|[spco]|["Out"-tx-11-"out"-adv-0]|TX|2872/3|
00000000|MMI|3.57|R prime|C2603358|[clna]|["R'"-tx-5-"R"-noun-0]|TX|2091/1|
00000000|MMI|3.57|Removed|C0849355|[qlco]|["Out"-tx-11-"out"-adv-0]|TX|2872/3|
00000000|MMI|3.57|Right|C0205090|[spco]|["R-"-tx-5-"R"-noun-0]|TX|2091/1|
00000000|MMI|3.57|Wrong|C3827420|[qlco]|["Wrong"-tx-13-"wrong"-verb-0]|TX|3171/5|
00000000|MMI|3.56|Foods and Diets - category|C0311118|[clas]|["food diet"-tx-4-"food DIET"-noun-0]|TX|1292/4,1323/4|
00000000|MMI|3.56|Occur (action)|C1709305|[acty]|["Occurred"-tx-14-"occurred"-verb-0]|TX|3211/8|
00000000|MMI|3.56|Schedule (document type)|C0086960|[inpr]|["Schedule"-tx-5-"schedule"-noun-0]|TX|1468/8|
00000000|MMI|3.56|benefit|C0814225|[qnco]|["Benefit"-tx-18-"benefit"-verb-0]|TX|3479/7|
00000000|MMI|3.56|Dose number|C1115464|[qnco]|["Dose number"-tx-4-"Number Doses"-noun-0]|TX|1172/6,1182/5|
00000000|MMI|3.55|Initiate (source type)|C1548602|[idcn]|["Initiate"-tx-12-"initiated"-verb-0]|TX|2964/9|
00000000|MMI|3.55|Initiation|C1704686|[ftcn]|["Initiate"-tx-12-"initiated"-verb-0]|TX|2964/9|
00000000|MMI|3.55|CALD1 wt Allele|C3813548|[gngm]|["CAD"-tx-9-"CAD"-noun-0]|TX|2528/3|
00000000|MMI|3.55|Curriculum Vitae|C1880201|[inpr]|["Resume"-tx-5-"RESUME"-noun-0]|TX|2107/6|
00000000|MMI|3.55|Resume - Remote control command|C1550028|[idcn]|["Resume"-tx-5-"RESUME"-noun-0]|TX|2107/6|
00000000|MMI|3.55|Used by|C1273517|[fndg]|["used"-tx-2-"USED"-verb-1]|TX|328/4|
00000000|MMI|3.55|day|C0439228|[tmco]|["DAY"-tx-13-"day"-noun-0]|TX|3113/3|
00000000|MMI|3.55|per day|C0439505|[tmco]|["/day"-tx-13-"day"-noun-0]|TX|3113/3|
00000000|MMI|3.55|resume - DataOperation|C3242342|[ftcn]|["resume"-tx-5-"RESUME"-noun-0]|TX|2107/6|
00000000|MMI|3.55|Episode of|C0332189|[tmco]|["Episodes"-tx-5-"episodes"-noun-0]|TX|2237/8|
00000000|MMI|3.55|Two|C0205448|[qnco]|["Two"-tx-5-"two"-adj-0]|TX|2233/3|
00000000|MMI|3.53|Clinical Study Follow-up|C3274571|[hlca]|["FOLLOW-UP"-tx-4-"FOLLOW UP"-adj-0]|TX|1421/9|
00000000|MMI|3.53|Doctor of Chiropractic|C1512015|[inpr]|["D.C."-tx-2-"D/C"-noun-0]|TX|315/3|
00000000|MMI|3.53|Follow-Up Report|C1704685|[inpr]|["Follow-Up"-tx-4-"FOLLOW UP"-adj-0]|TX|1421/9|
00000000|MMI|3.53|Follow-up status|C0589120|[fndg]|["Follow-up"-tx-4-"FOLLOW UP"-adj-0]|TX|1421/9|
00000000|MMI|3.53|follow-up|C1522577|[hlca]|["Follow Up"-tx-4-"FOLLOW UP"-adj-0]|TX|1421/9|
00000000|MMI|3.53|Agree|C3641827|[inpr]|["Agree"-tx-13-"agreed"-verb-0]|TX|3008/6|
00000000|MMI|3.50|Cardiac - anatomy qualifier|C1522601|[spco]|["Cardiac"-tx-8-"cardiac"-adj-0]|TX|2476/7|
00000000|MMI|3.50|Causing|C0678227|[ftcn]|["Causing"-tx-5-"Causing"-adj-0]|TX|1745/7|
00000000|MMI|3.50|Night time|C0240526|[tmco]|["Night"-tx-5-"night"-noun-0]|TX|2267/5|
00000000|MMI|3.50|Similarity|C2348205|[qlco]|["Similar"-tx-14-"similar"-adj-0]|TX|3195/7|
00000000|MMI|3.50|Yes (indicator)|C1705108|[cnce]|["YES"-tx-2-"YES"-noun-0]|TX|353/3|
00000000|MMI|3.50|Yes - Yes/no indicator|C1549445|[idcn]|["Yes"-tx-2-"YES"-noun-0]|TX|353/3|
00000000|MMI|3.50|dictated - DocumentCompletion|C1609990|[idcn]|["Dictated"-tx-22-"dictated"-adj-0]|TX|3736/8|
00000000|MMI|3.50|dictated - ParticipationMode|C1548384|[ftcn]|["dictated"-tx-22-"dictated"-adj-0]|TX|3736/8|
00000000|MMI|3.49|mg/mg|C1319635|[qnco]|["mg/mg"-tx-3-"MG MG"-noun-0]|TX|710/2,734/2|
00000000|MMI|3.48|Atrophic condition of skin|C0151514|[dsyn]|["Atrophic"-tx-10-"atrophic"-adj-0]|TX|2566/8|
00000000|MMI|3.48|Full|C0443225|[qlco]|["Full"-tx-3-"Full"-adj-0]|TX|409/4|
00000000|MMI|3.48|Left|C0205091|[spco]|["LEFT"-tx-10-"left"-adj-0]|TX|2575/4|
00000000|MMI|3.48|Left sided|C0443246|[spco]|["Left"-tx-10-"left"-adj-0]|TX|2575/4|
00000000|MMI|3.48|Table Cell Horizontal Align - left|C1552822|[ftcn]|["left"-tx-10-"left"-adj-0]|TX|2575/4|
00000000|MMI|3.48|V4+|C2349104|[elii]|["V4+"-tx-11-"V4"-noun-0]|TX|2799/2|
00000000|MMI|3.47|Diagnostic interview schedule|C0451119|[inpr]|["DIS"-tx-1-"DIS"-noun-0]|TX|74/3|
00000000|MMI|3.47|Patient Condition Code - Stable|C1547311|[inpr]|["Stable"-tx-22-"Stable"-adj-0]|TX|3714/6|
00000000|MMI|3.47|Primary|C0205225|[qlco]|["Principal"-tx-5-"PRINCIPAL"-adj-0]|TX|1686/9|
00000000|MMI|3.47|Stable status|C0205360|[qlco]|["STABLE"-tx-22-"Stable"-adj-0]|TX|3714/6|
00000000|MMI|3.47|Teaching principal|C0401925|[prog]|["Principal"-tx-5-"PRINCIPAL"-adj-0]|TX|1686/9|
00000000|MMI|3.46|+2|C0740116|[qnco]|["+2"-tx-3-"2"-integer-0]|TX|659/1|
00000000|MMI|3.46|100%|C3817553|[qnco]|["100%"-tx-3-"100"-integer-0]|TX|533/3|
00000000|MMI|3.46|2+|C3833492|[fndg]|["2+"-tx-3-"2"-integer-0]|TX|659/1|
00000000|MMI|3.46|2+ Score|C2827735|[qnco]|["2+"-tx-3-"2"-integer-0]|TX|659/1|
00000000|MMI|3.46|2+ Score, WHO|C2981700|[clas]|["2+"-tx-3-"2"-integer-0]|TX|659/1|
00000000|MMI|3.46|Four times daily|C0585291|[tmco]|["QID"-tx-3-"QID"-adv-0]|TX|670/3|
00000000|MMI|3.46|Once a day, at bedtime|C1275563|[tmco]|["qHS"-tx-4-"QHS"-noun-0]|TX|1136/3|
00000000|MMI|3.46|Picofarad (unit of measure)|C1882376|[qnco]|["Puff"-tx-3-"PUFF"-noun-0]|TX|661/4|
00000000|MMI|3.46|Puff unit dose|C1533107|[qnco]|["PUFF"-tx-3-"PUFF"-noun-0]|TX|661/4|
00000000|MMI|3.46|Anti-Drug Antibody|C3811629|[aapp,imft]|["ADA"-tx-4-"ADA"-noun-0]|TX|1373/3|
00000000|MMI|3.46|CA8 gene|C1413051|[gngm]|["CALS"-tx-4-"cals"-noun-0]|TX|1382/4|
00000000|MMI|3.46|Genus Ada|C1060325|[plnt]|["Ada"-tx-4-"ADA"-noun-0]|TX|1373/3|
00000000|MMI|3.46|Nutrition, Calories|C1556156|[qnco]|["cals"-tx-4-"cals"-noun-0]|TX|1382/4|
00000000|MMI|3.46|Study Day|C2826182|[tmco]|["DY"-tx-4-"dy"-noun-0]|TX|1387/2|
00000000|MMI|3.46|kilocalorie|C0439259|[qnco]|["Cal"-tx-4-"cals"-noun-0]|TX|1382/4|
00000000|MMI|3.45|House (environment)|C2003847|[mnob]|["House"-tx-4-"House"-noun-0]|TX|1329/5|
00000000|MMI|3.45|SAT1 protein, human|C2744672|[aapp,enzy]|["SAT"-tx-4-"sat"-noun-0]|TX|1350/3|
00000000|MMI|3.45|SAT1 wt Allele|C1705827|[gngm]|["SAT"-tx-4-"sat"-noun-0]|TX|1350/3|
00000000|MMI|3.45|69|C0450388|[qnco]|["69"-tx-2-"69"-integer-0]|TX|207/2|
00000000|MMI|3.45|Landing|C0557668|[mnob]|["land"-tx-2-"Land"-noun-0]|TX|214/4|
00000000|MMI|3.45|Does move|C0578671|[fndg]|["move"-tx-21-"move"-noun-0]|TX|3676/4|
00000000|MMI|3.45|Due to|C0678226|[ftcn]|["Due To"-tx-13-"due to"-prep-0]|TX|3083/6|
00000000|MMI|3.45|Grandson|C0337573|[famg]|["Grandson"-tx-11-"grandson"-noun-0]|TX|2741/8|
00000000|MMI|3.45|Hospital course|C0489547|[fndg]|["Hospital course"-tx-5-"HOSPITAL COURSE"-noun-1]|TX|2117/15|
00000000|MMI|3.45|Hospital course:Finding:Point in time:^Patient:Narrative|C0488549|[clna]|["Hospital course"-tx-5-"HOSPITAL COURSE"-noun-0]|TX|2117/15|
00000000|MMI|3.45|Moved from|C1269909|[ftcn]|["move"-tx-21-"move"-noun-0]|TX|3676/4|
00000000|MMI|3.45|Moved to|C1299988|[ftcn]|["move"-tx-21-"move"-noun-0]|TX|3676/4|
00000000|MMI|3.45|Moving|C0560560|[orgf]|["move"-tx-21-"move"-noun-0]|TX|3676/4|
00000000|MMI|3.45|Relocation of home or business|C2699029|[acty]|["Move"-tx-21-"move"-noun-0]|TX|3676/4|
00000000|MMI|3.45|Room of building - Study|C0557651|[mnob]|["Study"-tx-5-"Study"-noun-0]|TX|1735/5|
00000000|MMI|3.45|Study|C2603343|[resa]|["Study"-tx-5-"Study"-noun-0]|TX|1735/5|
00000000|MMI|3.44|Administration procedure|C1533734|[topp]|["Treatment"-tx-5-"Treatment"-noun-0]|TX|1838/9|
00000000|MMI|3.44|Biomaterial Treatment|C1705169|[cnce]|["Treatment"-tx-5-"Treatment"-noun-0]|TX|1838/9|
00000000|MMI|3.44|Clipperton Island|C4050020|[geoa]|["CP"-tx-5-"CP"-noun-0]|TX|1860/2|
00000000|MMI|3.44|Clouded consciousness|C0683369|[sosy]|["Confusion"-tx-5-"confusion"-noun-0]|TX|1965/9|
00000000|MMI|3.44|Confusion Adverse Event|C1963086|[fndg]|["Confusion"-tx-5-"confusion"-noun-0]|TX|1965/9|
00000000|MMI|3.44|Induce (action)|C0205263|[ftcn]|["Induced"-tx-5-"induced"-adj-0]|TX|1957/7|
00000000|MMI|3.44|NEUROD1 wt Allele|C3273872|[gngm]|["NIDDM"-tx-5-"NIDDM"-noun-0]|TX|1903/5|
00000000|MMI|3.44|Ocular (qualifier)|C1299003|[ftcn]|["Ocular"-tx-5-"ocular"-adj-0]|TX|1925/6|
00000000|MMI|3.44|Orbital region|C0700042|[blor]|["Ocular"-tx-5-"ocular"-adj-0]|TX|1925/6|
00000000|MMI|3.44|Per Nanoliter|C3892223|[qnco]|["/nL"-tx-5-"nl"-noun-0]|TX|1865/2|
00000000|MMI|3.44|Therapeutic procedure|C0087111|[topp]|["Treatment"-tx-5-"Treatment"-noun-0]|TX|1838/9|E02
00000000|MMI|3.44|Treating|C1522326|[ftcn]|["Treatment"-tx-5-"Treatment"-noun-0]|TX|1838/9|
00000000|MMI|3.44|Treatment Epoch|C3538994|[resa]|["TREATMENT"-tx-5-"Treatment"-noun-0]|TX|1838/9|
00000000|MMI|3.44|nanolitre|C0560008|[qnco]|["nL"-tx-5-"nl"-noun-0]|TX|1865/2|
00000000|MMI|3.44|treatment - ActInformationManagementReason|C3887704|[hlca]|["treatment"-tx-5-"Treatment"-noun-0]|TX|1838/9|
00000000|MMI|3.44|Infusion pump Alert priority PM|C4049155|[fndg]|["PM"-tx-2-"PM"-adj-0]|TX|276/2|
00000000|MMI|3.44|QUIT|C0748223|[idcn]|["QUIT"-tx-11-"quit"-noun-0]|TX|2751/4|
00000000|MMI|3.44|Stop (Instruction Imperative)|C1947925|[acty]|["Quit"-tx-11-"quit"-noun-0]|TX|2751/4|
00000000|MMI|3.43|GLAUCOMA, NORMAL TENSION, SUSCEPTIBILITY TO (finding)|C1847730|[fndg]|["NTG"-tx-6-"NTG"-noun-1]|TX|2376/3|
00000000|MMI|3.43|OPA1 gene|C1417953|[gngm]|["NTG"-tx-6-"NTG"-noun-0]|TX|2376/3|
00000000|MMI|3.43|week|C0439230|[tmco]|["WEEKS"-tx-5-"weeks"-noun-0]|TX|1485/5|
00000000|MMI|3.43|Behavior Rating Inventory of Executive Function|C4050216|[inpr]|["BRIEF"-tx-5-"BRIEF"-adj-0]|TX|2101/5|
00000000|MMI|3.43|Brief|C1879313|[tmco]|["Brief"-tx-5-"BRIEF"-adj-0]|TX|2101/5|
00000000|MMI|3.43|CDISC SDTM Procedure Terminology|C3539779|[inpr]|["Procedure"-tx-13-"procedure"-noun-0]|TX|3124/9|
00000000|MMI|3.43|Physical Medical Procedure|C3274430|[hlca]|["PROCEDURE"-tx-13-"procedure"-noun-0]|TX|3124/9|
00000000|MMI|3.43|Procedure Domain|C3538935|[inpr]|["Procedure"-tx-13-"procedure"-noun-0]|TX|3124/9|
00000000|MMI|