00000000|MMI|108.94|Patients|C0030705|[podg]|["*^patient"-tx-33-"patient"-noun-0,"*^patient"-tx-30-"patient"-noun-0,"*^patient"-tx-29-"patient"-noun-0,"*^patient"-tx-28-"patient"-noun-0,"*^patient"-tx-27-"patient"-noun-0,"*^patient"-tx-18-"patient"-noun-0,"*^patient"-tx-14-"patient"-noun-0,"*^patient"-tx-11-"patient"-noun-0,"*^patient"-tx-8-"patient"-noun-0]|TX|3648/7;[3356/7],[3433/7];3136/7;3075/7;2930/7;2388/7;1952/7;1425/7;976/7|M01.643
00000000|MMI|67.72|Abortion consent:Finding:Point in time:^Patient:Document|C2360836|[clna]|["Patient"-tx-33-"patient"-noun-0,"Patient"-tx-30-"patient"-noun-0,"Patient"-tx-29-"patient"-noun-0,"Patient"-tx-28-"patient"-noun-0,"Patient"-tx-27-"patient"-noun-0,"Patient"-tx-18-"patient"-noun-0,"Patient"-tx-14-"patient"-noun-0,"Patient"-tx-11-"patient"-noun-0,"Patient"-tx-8-"patient"-noun-0]|TX|3648/7;[3356/7],[3433/7];3136/7;3075/7;2930/7;2388/7;1952/7;1425/7;976/7|
00000000|MMI|67.72|Hysterectomy consent:Finding:Point in time:^Patient:Document|C2360838|[clna]|["Patient"-tx-33-"patient"-noun-0,"Patient"-tx-30-"patient"-noun-0,"Patient"-tx-29-"patient"-noun-0,"Patient"-tx-28-"patient"-noun-0,"Patient"-tx-27-"patient"-noun-0,"Patient"-tx-18-"patient"-noun-0,"Patient"-tx-14-"patient"-noun-0,"Patient"-tx-11-"patient"-noun-0,"Patient"-tx-8-"patient"-noun-0]|TX|3648/7;[3356/7],[3433/7];3136/7;3075/7;2930/7;2388/7;1952/7;1425/7;976/7|
00000000|MMI|67.72|Sterilization consent:Finding:Point in time:^Patient:Document|C2360840|[clna]|["Patient"-tx-33-"patient"-noun-0,"Patient"-tx-30-"patient"-noun-0,"Patient"-tx-29-"patient"-noun-0,"Patient"-tx-28-"patient"-noun-0,"Patient"-tx-27-"patient"-noun-0,"Patient"-tx-18-"patient"-noun-0,"Patient"-tx-14-"patient"-noun-0,"Patient"-tx-11-"patient"-noun-0,"Patient"-tx-8-"patient"-noun-0]|TX|3648/7;[3356/7],[3433/7];3136/7;3075/7;2930/7;2388/7;1952/7;1425/7;976/7|
00000000|MMI|67.54|Coronary Artery Bypass Surgery|C0010055|[topp]|["Coronary Artery Bypass Grafting"-tx-27-"coronary artery bypass grafting"-noun-0,"Coronary Artery Bypass Grafting"-tx-14-"coronary artery bypass grafting"-noun-0,"Coronary Artery Bypass Graft"-tx-6-"coronary artery bypass graft"-noun-0,"Coronary Artery Bypass Graft"-tx-3-"coronary artery bypass graft"-noun-0]|TX|2948/31;2019/31;683/28;304/28|E04.100.376.719.332;E04.100.814.868.750;E04.928.220.520.220
00000000|MMI|54.24|Togo|C0040363|[geoa]|["TO"-tx-30-"to"-adv-0,"TO"-tx-29-"to"-adv-0]|TX|3496/2;[3267/2],[3292/2]|Z01.058.290.190.800
00000000|MMI|54.24|Tryptophanase|C0041260|[aapp,enzy]|["TO"-tx-30-"to"-adv-0,"TO"-tx-29-"to"-adv-0]|TX|3496/2;[3267/2],[3292/2]|D08.811.520.224.800
00000000|MMI|39.00|Patient Discharge|C0030685|[hlca]|["Discharged"-tx-33-"discharged"-verb-0,"Discharge"-tx-32-"DISCHARGE"-noun-0]|TX|3659/10;3627/9|E02.204.125;E02.760.400.610;N02.421.192.125;N02.421.585.400.610;N04.590.233.727.210.125
00000000|MMI|35.81|Pepcid|C0678119|[orch,phsu]|["Pepcid"-tx-34-"Pepcid"-noun-0,"Pepcid"-tx-16-"Pepcid"-noun-0]|TX|3805/6;2274/6|D02.886.675.215;D03.383.129.708.215
00000000|MMI|32.88|Cardiac Catheterization Procedures|C0018795|[hlca]|["Cardiac catheterisation"-tx-11-"cardiac catheterization"-noun-0,"Cardiac catheterisation"-tx-4-"cardiac catheterization"-noun-0]|TX|1456/23;453/23|E01.370.370.380.140;E02.148.442;E05.157.250
00000000|MMI|30.42|Aspirin|C0004057|[orch,phsu]|["ASPIRIN"-tx-16-"Aspirin"-noun-0]|TX|2256/7|D02.455.426.559.389.657.410.595.176
00000000|MMI|30.42|Ceftriaxone|C0007561|[antb,orch]|["Ceftriaxon"-tx-30-"Ceftriaxone"-noun-0]|TX|3542/11|D02.065.589.099.249.190.190.155;D02.886.665.074.190.190.155;D04.075.080.875.099.221.249.190.190.155
00000000|MMI|28.85|Homo sapiens|C0086418|[humn]|["MAN"-tx-3-"man"-noun-0]|TX|279/3|B01.050.150.900.649.801.400.112.400.400
00000000|MMI|28.65|Obesity|C0028754|[dsyn]|["OBESE"-tx-20-"obese"-adj-1]|TX|2552/5|C18.654.726.500;C23.888.144.699.500;E01.370.600.115.100.160.120.699.500;G07.100.100.160.120.699.500
00000000|MMI|27.26|Cattle|C0007452|[mamm]|["bulls"-tx-38-"BULLS"-noun-0]|TX|3961/5|B01.050.150.900.649.077.380.271
00000000|MMI|27.22|Revealed|C0443289|[qlco]|["Revealed"-tx-26-"revealed"-verb-0,"Revealed"-tx-13-"revealed"-verb-0,"Revealed"-tx-11-"revealed"-verb-0,"Revealed"-tx-10-"revealed"-verb-0,"Revealed"-tx-8-"revealed"-verb-0]|TX|2818/8;1886/8;1510/8;1347/8;937/8|
00000000|MMI|26.74|Dyspnea|C0013404|[sosy]|["SHORTNESS OF BREATH"-tx-10-"shortness of breath"-noun-0,"SHORTNESS OF BREATH"-tx-5-"shortness of breath"-noun-0]|TX|1309/19;553/19|C08.618.326;C23.888.852.371
00000000|MMI|26.49|Evaluation|C0220825|[hlca]|["Investigation"-tx-29-"investigation"-noun-0,"Evaluation"-tx-14-"evaluation"-noun-0]|TX|3311/13;2004/10|E05.337;N05.715.360.335
00000000|MMI|24.11|Coumadin|C0699129|[orch,phsu]|["Coumadin"-tx-34-"Coumadin"-noun-0]|TX|3778/8|D03.383.663.283.446.520.914;D03.438.150.446.520.914
00000000|MMI|24.11|Inderal|C0591636|[orch,phsu]|["Inderal"-tx-16-"Inderal"-noun-0]|TX|2234/7|D02.033.100.624.698.711;D02.033.755.624.698.711;D02.092.063.624.698.711;D02.455.426.559.847.638.945;D04.615.638.945
00000000|MMI|23.28|Good|C0205170|[qlco]|["Good"-tx-32-"Good"-adj-0,"Well"-tx-31-"well"-adj-0,"Well"-tx-28-"well"-adv-0,"Good"-tx-25-"good"-adj-0,"Well"-tx-9-"well"-adv-0,"Well"-tx-7-"well"-adv-0]|TX|3638/4;3564/4;3107/4;2752/4;1027/4;757/4|
00000000|MMI|22.53|Angina, Unstable|C0002965|[dsyn]|["Angina, Unstable"-tx-3-"unstable angina"-noun-0]|TX|390/15|C10.597.617.192.500.150;C14.280.647.187.150;C14.907.585.187.150;C23.888.592.612.233.500.150
00000000|MMI|20.95|Lasix|C0699992|[orch,phsu]|["Lasix"-tx-16-"Lasix"-noun-0]|TX|2266/5|D02.065.884.725.300;D02.092.146.807.300;D02.886.590.700.725.300
00000000|MMI|20.95|Lopressor|C0700776|[orch,phsu]|["Lopressor"-tx-34-"Lopressor"-noun-0]|TX|3789/9|D02.033.100.624.698.573;D02.033.755.624.698.573;D02.092.063.624.698.573
00000000|MMI|20.42|Transplanted tissue|C0332835|[tisu]|["GRAFT"-tx-11-"graft"-noun-0]|TX|[1566/5],[1610/5],[1624/5]|A01.941
00000000|MMI|19.91|Abdomen|C0000726|[blor]|["ABDOMEN"-tx-24-"ABDOMEN"-noun-0,"Abdominal"-tx-15-"abdominal"-noun-0]|TX|2678/7;2164/9|A01.923.047
00000000|MMI|19.88|Males|C0086582|[orga]|["MALE"-tx-20-"male"-noun-0,"MAN"-tx-3-"man"-noun-0]|TX|2558/4;279/3|x.x.x
00000000|MMI|19.74|Disease|C0012634|[dsyn]|["condition"-tx-32-"CONDITION"-noun-0,"Disease"-tx-12-"disease"-noun-0]|TX|3614/9;1682/7|C23.550.288
00000000|MMI|19.40|Exercise|C0015259|[dora]|["Exercise"-tx-10-"exercise"-noun-0]|TX|1260/8|G11.427.590.530.698.277;I03.350
00000000|MMI|17.80|Anterior myocardial infarction|C0340293|[dsyn]|["Anterior myocardial infarction"-tx-6-"anterior myocardial infarction"-noun-0]|TX|602/30|C14.280.647.500.093;C14.907.585.500.093
00000000|MMI|17.80|Chest Pain|C0008031|[sosy]|["CHEST PAIN"-tx-9-"chest pain"-noun-0]|TX|1092/10|C10.597.617.192;C23.888.592.612.233
00000000|MMI|17.80|Coronary Arteriosclerosis|C0010054|[dsyn]|["coronary artery disease"-tx-1-"CORONARY ARTERY DISEASE"-noun-0]|TX|198/23|C14.280.647.250.260;C14.907.137.126.339;C14.907.585.250.260
00000000|MMI|17.80|Coronary Artery Disease|C1956346|[dsyn]|["CORONARY ARTERY DISEASE"-tx-1-"CORONARY ARTERY DISEASE"-noun-0]|TX|198/23|C14.280.647.250.260;C14.907.137.126.339;C14.907.585.250.260
00000000|MMI|17.80|Electrocardiogram|C0013798|[fndg]|["Electrocardiogram"-tx-26-"Electrocardiogram"-noun-0]|TX|2800/17|E01.370.370.380.240;E01.370.405.240
00000000|MMI|17.80|Electrocardiography|C1623258|[diap]|["Electrocardiogram"-tx-26-"Electrocardiogram"-noun-0]|TX|2800/17|E01.370.370.380.240;E01.370.405.240
00000000|MMI|17.80|Hiatal Hernia|C3489393|[anab]|["HIATAL HERNIA"-tx-15-"hiatal hernia"-noun-0]|TX|2198/13|C23.300.707.500.467
00000000|MMI|17.80|Procardia|C0700861|[orch,phsu]|["Procardia"-tx-16-"Procardia"-noun-0]|TX|2244/9|D03.383.725.203.540
00000000|MMI|16.40|Exercise stress test|C0015260|[diap]|["Exercise test"-tx-10-"exercise test"-noun-0]|TX|1260/8,1279/4|E01.370.370.380.250;E01.370.386.700.250;E05.333.250
00000000|MMI|16.37|Treadmill Test|C0087110|[diap]|["Treadmill Test"-tx-10-"treadmill test"-noun-0]|TX|1269/14|E01.370.370.380.250;E01.370.386.700.250;E05.333.250
00000000|MMI|16.30|Cicatrix|C2004491|[patf]|["Scarring"-tx-10-"scarring"-noun-0]|TX|1369/8|A10.165.450.300;C23.550.355.274;G16.100.856.891.249
00000000|MMI|16.30|Cicatrization|C0008767|[patf]|["Scarring"-tx-10-"scarring"-noun-0]|TX|1369/8|A10.165.450.300;C23.550.355.274;G16.100.856.891.249
00000000|MMI|16.30|Hypokinesia|C0086439|[sosy]|["Hypokinesis"-tx-13-"hypokinesis"-noun-0]|TX|1935/11|C10.597.350.400;C23.888.592.350.400
00000000|MMI|16.21|Nitroglycerin|C0017887|[orch,phsu]|["nitroglycerine"-tx-9-"Nitroglycerin"-noun-0]|TX|1206/13|D02.033.800.421.560;D02.640.636
00000000|MMI|16.12|Nitrol|C0699237|[orch,phsu]|["Nitrol"-tx-16-"Nitrol"-noun-0]|TX|2292/6|D02.033.800.421.560;D02.640.636
00000000|MMI|16.07|Enterobacter|C0014344|[bact]|["ENTEROBACTER"-tx-30-"enterobacter"-noun-0]|TX|3412/12|B03.440.450.425.275;B03.660.250.150.170
00000000|MMI|16.05|Pulse taking|C0034107|[hlca]|["Pulses"-tx-25-"pulses"-noun-0]|TX|2768/6|E01.370.370.380.650;E01.370.600.650;G09.330.380.750
00000000|MMI|15.79|To|C1883351|[qlco]|["To"-tx-30-"to"-adv-0,"To"-tx-29-"to"-adv-0]|TX|3496/2;[3267/2],[3292/2]|
00000000|MMI|14.86|Well|C3146287|[mnob]|["Well"-tx-31-"well"-adj-0,"Well"-tx-28-"well"-adv-0,"Well"-tx-9-"well"-adv-0,"Well"-tx-7-"well"-adv-0]|TX|3564/4;3107/4;1027/4;757/4|
00000000|MMI|14.64|Abdominal Cavity|C0230168|[blor]|["Abdomen"-tx-24-"ABDOMEN"-noun-0]|TX|2678/7|A01.923.047.025
00000000|MMI|14.64|Bradycardia|C0428977|[patf]|["BRADYCARDIA"-tx-29-"bradycardia"-noun-0]|TX|3235/11|C14.280.067.319;C23.550.073.300
00000000|MMI|14.64|Chest|C0817096|[blor]|["CHEST"-tx-22-"CHEST"-noun-0]|TX|2618/5|A01.923.761;A02.835.232.904
00000000|MMI|14.64|Coronary heart disease|C0010068|[dsyn]|["Coronary (artery) disease"-tx-1-"CORONARY ARTERY DISEASE"-noun-0]|TX|198/23|C14.280.647.250;C14.907.585.250
00000000|MMI|13.42|Blood Vessel|C0005847|[bpoc]|["Vessels"-tx-12-"vessels"-noun-0,"Vessel"-tx-6-"vessel"-noun-0]|TX|1642/7;676/6|A07.231
00000000|MMI|13.10|Myocardial Infarction|C0027051|[dsyn]|["Infarction, Myocardial"-tx-7-"myocardial infarction"-noun-1]|TX|879/21|C14.280.647.500;C14.907.585.500
00000000|MMI|13.03|Class III malocclusion|C0399526|[cgab]|["Anterior occlusion"-tx-11-"occlusion anterior"-noun-0]|TX|1524/9,1546/8|C07.793.494.650
00000000|MMI|13.01|Dental Occlusion|C0011382|[ortf]|["Occlusion"-tx-11-"occlusion"-noun-0]|TX|1524/9|E06.276;G10.549.235.202
00000000|MMI|12.89|Cardiology discipline|C0007189|[bmod]|["Cardiology"-tx-29-"Cardiology"-noun-0]|TX|3332/10|H02.403.429.163
00000000|MMI|11.49|Clubbed Fingers|C0009080|[anab]|["Clubbing"-tx-25-"clubbing"-verb-1]|TX|2727/8|C05.116.758;C05.550.684
00000000|MMI|11.49|Cyanosis|C0010520|[sosy]|["CYANOSIS"-tx-25-"cyanosis"-noun-1]|TX|2716/8|C23.888.248
00000000|MMI|11.49|Historical aspects qualifier|C0019665|[ftcn]|["history"-tx-5-"history"-noun-0]|TX|482/7|x.x.x
00000000|MMI|11.49|Physical Examination|C0031809|[hlca]|["PHYSICAL EXAMINATION"-tx-20-"PHYSICAL EXAMINATION"-noun-0]|TX|2501/20|E01.370.600
00000000|MMI|10.84|Presentation|C0449450|[idcn]|["Presented"-tx-7-"presented"-verb-0,"Presented"-tx-5-"presented"-verb-0,"Present"-tx-3-"presents"-verb-0]|TX|821/9;512/9;366/8|
00000000|MMI|10.81|Graft material|C0181074|[bodm]|["{Graft}"-tx-11-"graft"-noun-0]|TX|[1566/5],[1610/5],[1624/5]|
00000000|MMI|10.81|Grafting procedure|C1961139|[topp]|["Graft, NOS"-tx-11-"graft"-noun-0]|TX|[1566/5],[1610/5],[1624/5]|
00000000|MMI|10.64|Descending|C0205386|[qlco]|["Descending"-tx-12-"descending"-noun-0,"Descending"-tx-11-"descending"-adj-0]|TX|1719/10;[1555/10],[1593/10]|
00000000|MMI|10.64|Sequencing - Descending|C1547177|[ftcn]|["Descending"-tx-12-"descending"-noun-0,"Descending"-tx-11-"descending"-adj-0]|TX|1719/10;[1555/10],[1593/10]|
00000000|MMI|10.62|Cardiology service|C3887620|[hcro]|["Cardiology"-tx-29-"Cardiology"-noun-0,"Cardiology service"-tx-29-"Cardiology Service"-noun-0,"Cardiology service"-tx-4-"Cardiology Service"-noun-0]|TX|3332/10;3332/18;430/18|
00000000|MMI|10.42|Doctor of Medicine|C1512018|[inpr]|["M.D."-tx-38-"M.D"-noun-0,"M.D."-tx-36-"M.D"-noun-0]|TX|3969/3;3880/3|
00000000|MMI|10.42|History of present illness|C0262512|[orga]|["History, NOS"-tx-5-"history"-noun-0,"HISTORY OF PRESENT ILLNESS"-tx-2-"HISTORY OF PRESENT ILLNESS"-noun-0]|TX|482/7;223/26|
00000000|MMI|10.42|Medical History|C0262926|[fndg]|["Past Medical History"-tx-15-"PAST MEDICAL HISTORY"-noun-0,"History"-tx-5-"history"-noun-0]|TX|2064/20;482/7|
00000000|MMI|10.42|Receive|C1514756|[qlco]|["Receive"-tx-33-"receive"-verb-0,"Receive"-tx-30-"receive"-verb-0]|TX|3684/7;3499/7|
00000000|MMI|10.06|Drug Allergy|C0013182|[dsyn]|["Drug Allergies"-tx-17-"drug allergies"-noun-1]|TX|2352/14|C20.543.206;C25.100.468
00000000|MMI|9.99|Ischemia|C0022116|[patf]|["Ischaemia, NOS"-tx-8-"ischemia"-noun-0]|TX|959/8|C23.550.513
00000000|MMI|9.92|Cardiac Surgery procedures|C0018821|[topp]|["Cardiac surgery"-tx-14-"Cardiac Surgery"-noun-0]|TX|1976/15|E04.100.376;E04.928.220
00000000|MMI|9.87|Edema|C0013604|[fndg]|["OEDEMA"-tx-25-"edema"-noun-1]|TX|2741/5|C23.888.277
00000000|MMI|9.77|Reperfusion Therapy|C0035124|[topp]|["Reperfusion"-tx-10-"reperfusion"-noun-0]|TX|1396/11|E04.100.700;E05.680.730
00000000|MMI|9.73|Universities|C0041740|[mnob,orgt]|["University"-tx-11-"University"-noun-0]|TX|1490/10|I02.783.830
00000000|MMI|8.34|Heart|C0018787|[bpoc]|["Cardiac"-tx-23-"CARDIAC"-adj-0]|TX|2644/7|A07.541
00000000|MMI|8.34|History|C0019664|[ocdi]|["History"-tx-5-"history"-noun-0]|TX|482/7|K01.400
00000000|MMI|8.34|Hypersensitivity|C0020517|[patf]|["Allergies"-tx-17-"ALLERGIES"-noun-0]|TX|2332/9|C20.543
00000000|MMI|8.34|Limb structure|C0015385|[bpoc]|["Extremities"-tx-25-"EXTREMITIES"-noun-0]|TX|2695/11|A01.378
00000000|MMI|8.34|Time|C0040223|[tmco]|["TIME"-tx-9-"time"-noun-0]|TX|1181/4|G01.910
00000000|MMI|7.70|Shortness of breath:-:Point in time:^Patient:-|C2707305|[clna]|["Shortness of breath"-tx-10-"shortness of breath"-noun-0,"Shortness of breath"-tx-5-"shortness of breath"-noun-0]|TX|1309/19;553/19|
00000000|MMI|7.53|Positive|C1446409|[qlco]|["Positive"-tx-30-"positive"-adj-0,"ruled"-tx-7-"ruled"-verb-0]|TX|3399/8;865/5|
00000000|MMI|7.53|To be stopped|C1272691|[qlco]|["stopped"-tx-18-"stopped"-verb-0,"stopped"-tx-10-"stopped"-verb-0]|TX|2451/7;1288/7|
00000000|MMI|7.47|Admission activity|C0809949|[hlca]|["Admission"-tx-9-"admission"-noun-0,"Admitted"-tx-4-"admitted"-verb-0]|TX|1064/9;414/8|
00000000|MMI|7.47|Hospital admission|C0184666|[hlca]|["Admission"-tx-9-"admission"-noun-0,"admitted"-tx-4-"admitted"-verb-0]|TX|1064/9;414/8|
00000000|MMI|7.46|Evaluation procedure|C1261322|[hlca]|["Investigation"-tx-29-"investigation"-noun-0,"Evaluation"-tx-14-"evaluation"-noun-0]|TX|3311/13;2004/10|
00000000|MMI|7.29|Treadmill (physical activity)|C2712999|[dora]|["Treadmill"-tx-10-"treadmill"-noun-0,"Treadmill"-tx-8-"treadmill"-noun-0]|TX|1269/9;922/9|
00000000|MMI|7.29|Treadmill, device|C0184069|[mnob]|["Treadmill"-tx-10-"treadmill"-noun-0,"Treadmill"-tx-8-"treadmill"-noun-0]|TX|1269/9;922/9|
00000000|MMI|7.28|Post|C0687676|[tmco]|["Post"-tx-29-"Post"-adv-0,"Status Post"-tx-3-"status post"-prep-0]|TX|3113/4;290/11|
00000000|MMI|7.28|coronary artery graft device|C1260596|[medd]|["coronary artery bypass graft"-tx-6-"coronary artery bypass graft"-noun-0,"coronary artery bypass graft"-tx-3-"coronary artery bypass graft"-noun-0]|TX|683/28;304/28|
00000000|MMI|7.25|Replacement of mitral valve (procedure)|C0026268|[topp]|["MITRAL VALVE REPLACEMENT"-tx-6-"mitral valve replacement"-noun-0,"MITRAL VALVE REPLACEMENT"-tx-3-"mitral valve replacement"-noun-0]|TX|717/24;337/24|
00000000|MMI|7.18|Lesion|C0221198|[fndg]|["Lesion"-tx-12-"lesion"-noun-0]|TX|[1751/6],[1815/6]|
00000000|MMI|7.18|Specimen Source Codes - Lesion|C1546698|[inpr]|["Lesion"-tx-12-"lesion"-noun-0]|TX|[1751/6],[1815/6]|
00000000|MMI|7.15|Recurrent|C2945760|[tmco]|["RECURRENT"-tx-7-"recurrent"-adj-0,"RECURRENT"-tx-3-"recurrent"-adj-0]|TX|770/9;380/9|
00000000|MMI|7.13|Emotions|C0013987|[menp]|["feel"-tx-29-"felt"-verb-1]|TX|3262/4|F01.470
00000000|MMI|7.11|Event Seriousness - Significant|C1546944|[qlco]|["Significant"-tx-29-"significant"-adj-0,"Significant"-tx-12-"significant"-adj-0]|TX|3273/11;1670/11|
00000000|MMI|7.11|Significant|C0750502|[idcn]|["Significant"-tx-29-"significant"-adj-0,"Significant"-tx-12-"significant"-adj-0]|TX|3273/11;1670/11|
00000000|MMI|7.11|Statistical Significance|C0237881|[qnco]|["significant"-tx-29-"significant"-adj-0,"significant"-tx-12-"significant"-adj-0]|TX|3273/11;1670/11|
00000000|MMI|7.08|Cardiology service (procedure)|C0587571|[hlca]|["Cardiology service"-tx-29-"Cardiology Service"-noun-0,"Cardiology service"-tx-4-"Cardiology Service"-noun-0]|TX|3332/18;430/18|
00000000|MMI|7.02|1990s|C0681758|[tmco]|["1990s"-tx-1-"1990"-integer-0]|TX|[45/4],[122/4]|
00000000|MMI|7.01|Apical|C0205111|[spco]|["APICAL"-tx-13-"apical"-adj-0,"APICAL"-tx-10-"apical"-adj-0]|TX|1928/6;1389/6|
00000000|MMI|7.01|Left anterior|C0441998|[spco]|["Left anterior"-tx-12-"left anterior"-adj-0,"Left anterior"-tx-11-"left anterior"-adj-0]|TX|1705/13;1541/13|
00000000|MMI|6.91|Entire left margin of heart|C1305142|[blor]|["Obtuse margin"-tx-12-"obtuse marginal"-adj-0]|TX|[1765/15],[1799/15]|
00000000|MMI|6.90|Three|C0205449|[qnco]|["Three"-tx-9-"three"-word_numeral-0,"Three"-tx-6-"three"-word_numeral-0]|TX|1157/5;670/5|
00000000|MMI|6.89|Four|C0205450|[qnco]|["Four"-tx-33-"four"-word_numeral-0,"Four"-tx-30-"four"-word_numeral-0]|TX|3709/4;3509/4|
00000000|MMI|6.89|week|C0439230|[tmco]|["WEEKS"-tx-33-"weeks"-noun-0,"WEEK"-tx-30-"week"-noun-0]|TX|3714/5;3514/4|
00000000|MMI|6.77|Male population group|C0025266|[popg]|["Man"-tx-3-"man"-noun-0]|TX|279/3|M01.390
00000000|MMI|6.61|Legal patent|C0030650|[inpr]|["patent"-tx-11-"patent"-adj-0]|TX|1576/6|V02.675
00000000|MMI|5.18|All extremities|C0278454|[bpoc]|["extremities"-tx-25-"EXTREMITIES"-noun-0]|TX|2695/11|
00000000|MMI|5.18|Anterior thoracic region|C1527391|[blor]|["Chest"-tx-22-"CHEST"-noun-0]|TX|2618/5|
00000000|MMI|5.18|Benign|C0205183|[qlco]|["BENIGN"-tx-24-"Benign"-adj-0]|TX|2687/6|
00000000|MMI|5.18|Blood culture|C0200949|[lbpr]|["Blood culture"-tx-30-"blood culture"-noun-0]|TX|3376/13|
00000000|MMI|5.18|Bradycardia by ECG Finding|C3812171|[fndg]|["BRADYCARDIA"-tx-29-"bradycardia"-noun-0]|TX|3235/11|
00000000|MMI|5.18|Cardiac - anatomy qualifier|C1522601|[spco]|["Cardiac"-tx-23-"CARDIAC"-adj-0]|TX|2644/7|
00000000|MMI|5.18|Chest pain:Finding:Point in time:^Patient:Ordinal|C2926613|[clna]|["Chest pain"-tx-9-"chest pain"-noun-0]|TX|1092/10|
00000000|MMI|5.18|Choose (action)|C1707391|[acty]|["Elected"-tx-14-"elected"-verb-0]|TX|2055/7|
00000000|MMI|5.18|Clear|C2963144|[qlco]|["Clear"-tx-22-"Clear"-verb-0]|TX|2625/5|
00000000|MMI|5.18|Clubbing|C0149651|[sosy]|["CLUBBING"-tx-25-"clubbing"-verb-1]|TX|2727/8|
00000000|MMI|5.18|Concept History|C1705255|[cnce]|["History"-tx-5-"history"-noun-0]|TX|482/7|
00000000|MMI|5.18|Disposition|C0743223|[idcn]|["Disposition"-tx-32-"DISPOSITION"-noun-0]|TX|3601/11|
00000000|MMI|5.18|Disposition Domain|C1705555|[inpr]|["Disposition"-tx-32-"DISPOSITION"-noun-0]|TX|3601/11|
00000000|MMI|5.18|Electro-Cardiogram|C1547122|[spco]|["Electro-Cardiogram"-tx-26-"Electrocardiogram"-noun-0]|TX|2800/17|
00000000|MMI|5.18|Electrocardiogram Domain|C1705651|[inpr]|["Electrocardiogram"-tx-26-"Electrocardiogram"-noun-0]|TX|2800/17|
00000000|MMI|5.18|Electrocardiogram: right bundle branch block|C0344421|[fndg]|["Right Bundle Branch Block"-tx-26-"right bundle-branch block"-noun-0]|TX|2876/25|
00000000|MMI|5.18|Entire abdomen|C1281594|[bpoc]|["Abdomen"-tx-24-"ABDOMEN"-noun-0]|TX|2678/7|
00000000|MMI|5.18|H/O: surgery|C0455610|[fndg]|["Past surgical history"-tx-19-"PAST SURGICAL HISTORY"-noun-0]|TX|2468/21|
00000000|MMI|5.18|Head and neck structure|C0460004|[blor]|["Head+Neck"-tx-21-"HEAD/NECK"-adj-0]|TX|2585/9|
00000000|MMI|5.18|History of present illness:Finding:Point in time:^Patient:Nominal:Reported|C0488508|[clna]|["History of present illness"-tx-2-"HISTORY OF PRESENT ILLNESS"-noun-0]|TX|223/26|
00000000|MMI|5.18|History of previous events|C2004062|[fndg]|["History"-tx-5-"history"-noun-0]|TX|482/7|
00000000|MMI|5.18|Home environment|C0442519|[cnce]|["HOME"-tx-33-"home"-noun-0]|TX|3670/4|
00000000|MMI|5.18|Hospital course|C0489547|[fndg]|["Hospital course"-tx-27-"HOSPITAL COURSE"-noun-0]|TX|2903/15|
00000000|MMI|5.18|Hospital course:Finding:Point in time:^Patient:Narrative|C0488549|[clna]|["Hospital course"-tx-27-"HOSPITAL COURSE"-noun-0]|TX|2903/15|
00000000|MMI|5.18|Intravenous heparin|C0354566|[orch,phsu]|["Intravenous heparin"-tx-16-"intravenous Heparin"-noun-0]|TX|2311/19|
00000000|MMI|5.18|July|C3829447|[qlco]|["July"-tx-27-"July"-noun-0]|TX|2923/4|
00000000|MMI|5.18|Left internal mammary artery|C0447054|[bpoc]|["Left internal mammary artery"-tx-27-"left internal mammary artery"-noun-0]|TX|2986/28|
00000000|MMI|5.18|Left ventriculogram|C0412219|[diap]|["Left ventriculogram"-tx-13-"Left ventriculogram"-noun-0]|TX|1866/19|
00000000|MMI|5.18|MRC1 gene|C1417249|[gngm]|["MR"-tx-2-"Mr"-noun-0]|TX|251/2|
00000000|MMI|5.18|Maalox|C0065461|[inch,phsu]|["Maalox"-tx-16-"Maalox"-noun-0]|TX|2283/6|
00000000|MMI|5.18|Medication.discharge|C0806915|[fndg]|["Discharge medications"-tx-34-"DISCHARGE MEDICATIONS"-noun-0]|TX|3755/21|
00000000|MMI|5.18|Minor Response|C4050513|[fndg]|["MR"-tx-2-"Mr"-noun-0]|TX|251/2|
00000000|MMI|5.18|Mr. - Title|C2347167|[cnce]|["Mr."-tx-2-"Mr"-noun-0]|TX|251/2|
00000000|MMI|5.18|Negation|C1518422|[ftcn]|["Not"-tx-29-"not"-adv-0]|TX|3258/3|
00000000|MMI|5.18|Negative Surgical Margin|C1709157|[fndg]|["Clear"-tx-22-"Clear"-verb-0]|TX|2625/5|
00000000|MMI|5.18|Normal limits|C0442816|[qnco]|["Normal limits"-tx-21-"normal limits"-noun-0]|TX|2603/13|
00000000|MMI|5.18|PMH - past medical history|C0455458|[fndg]|["Past medical history"-tx-15-"PAST MEDICAL HISTORY"-noun-0]|TX|2064/20|
00000000|MMI|5.18|Resolution|C2699488|[cnce]|["Resolved"-tx-9-"resolved"-verb-0]|TX|1247/8|
00000000|MMI|5.18|Resolved|C3714811|[fndg]|["Resolved"-tx-9-"resolved"-verb-0]|TX|1247/8|
00000000|MMI|5.18|Resolved License|C3897700|[ftcn]|["Resolved"-tx-9-"resolved"-verb-0]|TX|1247/8|
00000000|MMI|5.18|Rhythm|C0871269|[fndg]|["Rhythm"-tx-23-"rhythm"-noun-0]|TX|2670/6|
00000000|MMI|5.18|Rhythm Not Otherwise Specified ECG Assessment|C3828331|[inpr]|["Rhythm Not Otherwise Specified"-tx-23-"rhythm"-noun-0]|TX|2670/6|
00000000|MMI|5.18|Right bundle branch block|C0085615|[dsyn]|["BUNDLE BRANCH BLOCK, RIGHT"-tx-26-"right bundle-branch block"-noun-0]|TX|2876/25|
00000000|MMI|5.18|Social History|C3714536|[fndg]|["Social History"-tx-18-"SOCIAL HISTORY"-noun-0]|TX|2368/14|
00000000|MMI|5.18|Social and personal history|C0424945|[fndg]|["Social history"-tx-18-"SOCIAL HISTORY"-noun-0]|TX|2368/14|
00000000|MMI|5.18|Table Frame - above|C1552828|[idcn]|["above"-tx-19-"above"-adj-0]|TX|2494/5|
00000000|MMI|5.18|Thallium scan|C0524317|[diap]|["Thallium scan"-tx-10-"thallium scan"-noun-0]|TX|1333/13|
00000000|MMI|5.18|Time (foundation metadata concept)|C3541383|[tmco]|["Time"-tx-9-"time"-noun-0]|TX|1181/4|
00000000|MMI|5.18|Upper|C1282910|[spco]|["Above"-tx-19-"above"-adj-0]|TX|2494/5|
00000000|MMI|5.18|laboratory examination|C0260877|[fndg]|["Laboratory examination"-tx-26-"LABORATORY EXAMINATION"-noun-0]|TX|2776/22|
00000000|MMI|5.18|physiologic resolution|C1514893|[patf]|["Resolved"-tx-9-"resolved"-verb-0]|TX|1247/8|
00000000|MMI|5.18|rhythmic process (biological)|C1523018|[phsf]|["rhythm"-tx-23-"rhythm"-noun-0]|TX|2670/6|
00000000|MMI|4.12|medication current|C0746467|[fndg]|["current medication"-tx-16-"CURRENT MEDICATIONS"-noun-0]|TX|2213/19|
00000000|MMI|3.98|Experience|C0596545|[menp]|["Experience"-tx-6-"experienced"-verb-0]|TX|587/11|
00000000|MMI|3.98|Practice Experience|C0237607|[menp]|["experience"-tx-6-"experienced"-verb-0]|TX|587/11|
00000000|MMI|3.85|Right coronary artery occlusion|C1290385|[dsyn]|["Right coronary artery occlusion"-tx-12-"right coronary artery occlusion"-noun-0]|TX|1833/31|
00000000|MMI|3.81|Cigarette smoke (substance)|C0239059|[hops]|["cigarette Smoking History"-tx-18-"cigarette smoking history"-noun-0]|TX|2415/25|
00000000|MMI|3.81|Cigarette smoking behavior|C0700219|[inbe]|["Cigarette Smoking History"-tx-18-"cigarette smoking history"-noun-0]|TX|2415/25|
00000000|MMI|3.81|thallium stress test|C1455714|[diap]|["Thallium Exercise Test"-tx-8-"thallium exercise test"-noun-0]|TX|904/17,932/4|
00000000|MMI|3.75|Discharge date|C2361123|[tmco]|["Discharge date"-tx-1-"Discharge Date"-noun-0]|TX|151/14|
00000000|MMI|3.75|Discharge date:Time Stamp -- Date and Time:Point in time:^Patient:Quantitative|C2361122|[clna]|["Discharge date"-tx-1-"Discharge Date"-noun-0]|TX|151/14|
00000000|MMI|3.75|Medical center|C0565990|[hcro,mnob]|["Medical centre"-tx-9-"Medical Center"-noun-0]|TX|1228/14|
00000000|MMI|3.75|Military Hospital - Medical Center|C1552471|[hcro,mnob]|["Medical Center"-tx-9-"Medical Center"-noun-0]|TX|1228/14|
00000000|MMI|3.72|Treated with|C0332293|[topp]|["Treated with"-tx-9-"treated with"-verb-0]|TX|1193/12|
00000000|MMI|3.68|Congestive heart failure|C0018802|[dsyn]|["CONGESTIVE HEART FAILURE"-tx-7-"congestive heart failure"-noun-1]|TX|836/24|
00000000|MMI|3.68|Retrosternal pain|C0151826|[sosy]|["Chest pain, substernal"-tx-5-"substernal chest pain"-noun-0]|TX|527/21|
00000000|MMI|3.68|CDISC SDTM Procedure Terminology|C3539779|[inpr]|["Procedure"-tx-28-"procedure"-noun-0]|TX|3097/9|
00000000|MMI|3.68|Gram per Deciliter|C0439267|[qnco]|["g%"-tx-37-"G"-noun-0]|TX|3958/1|
00000000|MMI|3.68|Interventional procedure|C0184661|[topp]|["Procedure"-tx-28-"procedure"-noun-0]|TX|3097/9|
00000000|MMI|3.68|Paste|C1321899|[bodm]|["PASTE"-tx-16-"Paste"-noun-0]|TX|2299/5|
00000000|MMI|3.68|Paste substance|C0030634|[sbst]|["paste"-tx-16-"Paste"-noun-0]|TX|2299/5|
00000000|MMI|3.68|Physical Medical Procedure|C3274430|[hlca]|["PROCEDURE"-tx-28-"procedure"-noun-0]|TX|3097/9|
00000000|MMI|3.68|Post Device Component|C1704687|[mnob]|["Post"-tx-29-"Post"-adv-0]|TX|3113/4|
00000000|MMI|3.68|Procedure (set of actions)|C2700391|[acty]|["Procedure"-tx-28-"procedure"-noun-0]|TX|3097/9|
00000000|MMI|3.68|Procedure Domain|C3538935|[inpr]|["Procedure"-tx-28-"procedure"-noun-0]|TX|3097/9|
00000000|MMI|3.68|Rate|C1521828|[qnco]|["Rate"-tx-23-"rate"-noun-0]|TX|2661/4|
00000000|MMI|3.68|Rating (action)|C0871208|[acty]|["Rate"-tx-23-"rate"-noun-0]|TX|2661/4|
00000000|MMI|3.68|Regulatory Report|C3273238|[inpr]|["Report"-tx-37-"Report"-noun-0]|TX|3911/6|
00000000|MMI|3.68|Report (document)|C0684224|[inpr]|["Report"-tx-37-"Report"-noun-0]|TX|3911/6|
00000000|MMI|3.68|Reporting|C0700287|[hlca]|["Report"-tx-37-"Report"-noun-0]|TX|3911/6|
00000000|MMI|3.68|Surgical and medical procedures|C1948041|[topp]|["Procedure"-tx-28-"procedure"-noun-0]|TX|3097/9|
00000000|MMI|3.67|Anterior descending branch of left coronary artery|C0226032|[bpoc]|["Left anterior descending artery"-tx-27-"left anterior descending artery"-noun-0]|TX|3038/31|
00000000|MMI|3.65|Referred to service|C0586495|[fndg]|["Referred to service"-tx-14-"referred to Service"-noun-0]|TX|1964/11,1992/7|
00000000|MMI|3.65|catheter placement|C0883301|[topp]|["Placement of catheter"-tx-30-"placement of catheter"-noun-0]|TX|3464/12,3487/8|
00000000|MMI|3.65|Report status|C0586177|[fndg]|["Report status"-tx-1-"Report Status"-noun-0]|TX|127/13|
00000000|MMI|3.65|discharge diagnosis|C1555319|[fndg]|["Discharge diagnosis"-tx-1-"DISCHARGE DIAGNOSIS"-noun-0]|TX|177/19|
00000000|MMI|3.64|H/O: aortic aneurysm|C0459854|[fndg]|["History of - aortic aneurysm"-tx-15-"history of aortic aneurysm"-noun-0]|TX|2137/10,2174/15|
00000000|MMI|3.64|Electrocardiogram: myocardial infarction (finding)|C0428953|[lbtr]|["MYOCARDIAL INFARCTION"-tx-7-"myocardial infarction"-noun-1]|TX|879/21|
00000000|MMI|3.64|Medical therapy|C0418981|[topp]|["Medical therapy"-tx-8-"medical therapy"-noun-0]|TX|1003/15|
00000000|MMI|3.64|Myocardial Infarction ECG Assessment|C3810814|[diap]|["Myocardial Infarction"-tx-7-"myocardial infarction"-noun-0]|TX|879/21|
00000000|MMI|3.64|Myocardial infarction:Finding:Point in time:^Patient:Ordinal|C2926063|[clna]|["Myocardial infarction"-tx-7-"myocardial infarction"-noun-0]|TX|879/21|
00000000|MMI|3.63|Admission date:Time Stamp -- Date and Time:Point in time:^Patient:Quantitative|C2598112|[clna]|["Admission date"-tx-1-"Admission Date"-noun-0]|TX|101/14|
00000000|MMI|3.63|Date of admission|C1302393|[tmco]|["Admission date"-tx-1-"Admission Date"-noun-0]|TX|101/14|
00000000|MMI|3.63|Exercise Pain Management|C1522704|[topp]|["Exercise"-tx-10-"exercise"-noun-0]|TX|1260/8|
00000000|MMI|3.61|Abnormality|C1704258|[fndg]|["Abnormality"-tx-10-"abnormality"-noun-0]|TX|1408/11|
00000000|MMI|3.61|Batch (Response Modality)|C1550176|[inpr]|["Batch"-tx-37-"Batch"-noun-0]|TX|3899/5|
00000000|MMI|3.61|Batch (group)|C1948031|[qnco]|["Batch"-tx-37-"Batch"-noun-0]|TX|3899/5|
00000000|MMI|3.61|Batch Number|C3641829|[inpr]|["BATCH"-tx-37-"Batch"-noun-0]|TX|3899/5|
00000000|MMI|3.61|Discipline of Heart Surgery|C0524727|[bmod]|["Cardiac surgery"-tx-14-"Cardiac Surgery"-noun-0]|TX|1976/15|
00000000|MMI|3.61|Entire left upper arm|C1268256|[bpoc]|["Left arm"-tx-9-"left arm"-noun-0]|TX|1125/8|
00000000|MMI|3.61|Left upper arm structure|C0230347|[bpoc]|["Left Arm"-tx-9-"left arm"-noun-0]|TX|1125/8|
00000000|MMI|3.60|Peripheral edema|C0085649|[fndg]|["Peripheral oedema"-tx-25-"edema peripheral"-noun-1]|TX|2741/5,2757/10|
00000000|MMI|3.59|Pyrexia of unknown origin (excl puerperal)|C0856281|[sosy]|["puo"-tx-1-"PUO"-noun-0]|TX|12/3|
00000000|MMI|3.59|Condition|C0348080|[qlco]|["Condition"-tx-32-"CONDITION"-noun-0]|TX|3614/9|
00000000|MMI|3.59|Condition:Find:Pt:^Patient:Nom|C3864998|[clna]|["Condition"-tx-32-"CONDITION"-noun-0]|TX|3614/9|
00000000|MMI|3.59|Fraction of|C1264633|[qnco]|["Fraction of"-tx-13-"fraction of"-noun-0]|TX|1907/11|
00000000|MMI|3.59|Glonoine, nitroglycerine, Homeopathic preparation|C0885378|[orch,phsu]|["nitroglycerine"-tx-9-"Nitroglycerin"-noun-0]|TX|1206/13|
00000000|MMI|3.59|Logical Condition|C1705253|[cnce]|["Condition"-tx-32-"CONDITION"-noun-0]|TX|3614/9|
00000000|MMI|3.59|Positive Charge|C2825490|[qlco]|["Positive"-tx-30-"positive"-adj-0]|TX|3399/8|
00000000|MMI|3.59|Positive Finding|C1514241|[fndg]|["POSITIVE"-tx-30-"positive"-adj-0]|TX|3399/8|
00000000|MMI|3.59|Positive Number|C3812269|[cnce]|["Positive"-tx-30-"positive"-adj-0]|TX|3399/8|
00000000|MMI|3.59|percent positive cells|C0439178|[qnco]|["% Positive"-tx-30-"positive"-adj-0]|TX|3399/8|
00000000|MMI|3.58|Assessment service|C0587538|[hcro]|["Investigation service"-tx-29-"investigation Service"-noun-0]|TX|3311/13,3343/7|
00000000|MMI|3.58|gentamicin:mass:point in time:dose med or substance:quantitative|C0366494|[clna]|["dose gentamicin"-tx-30-"dose Gentamicin"-noun-0]|TX|3519/4,3527/10|
00000000|MMI|3.58|Sinus Bradycardia Adverse Event|C1963175|[fndg]|["Sinus bradycardia"-tx-26-"sinus bradycardia"-noun-0]|TX|2827/17|
00000000|MMI|3.58|Sinus bradycardia|C0085610|[patf]|["SINUS BRADYCARDIA"-tx-26-"sinus bradycardia"-noun-0]|TX|2827/17|
00000000|MMI|3.58|continuous electrocardiogram sinus bradycardia (finding)|C2108107|[fndg]|["SINUS BRADYCARDIA"-tx-26-"sinus bradycardia"-noun-0]|TX|2827/17|
00000000|MMI|3.57|Continuous|C0549178|[idcn]|["Continued"-tx-8-"continued"-verb-0]|TX|988/9|
00000000|MMI|3.57|One|C0205447|[qnco]|["ONE"-tx-9-"one"-noun-0]|TX|1038/3|
00000000|MMI|3.57|Out (direction)|C0439787|[spco]|["Out"-tx-7-"out"-adv-0]|TX|871/3|
00000000|MMI|3.57|Removed|C0849355|[qlco]|["Out"-tx-7-"out"-adv-0]|TX|871/3|
00000000|MMI|3.57|September|C3828193|[tmco]|["September"-tx-7-"September"-noun-0]|TX|795/9|
00000000|MMI|3.57|Status post|C0231290|[tmco]|["Status post"-tx-3-"status post"-prep-0]|TX|290/11|
00000000|MMI|3.57|persistent|C0205322|[tmco]|["Persistent"-tx-9-"persistent"-adj-0]|TX|1142/10|
00000000|MMI|3.56|Edema:Finding:Point in time:^Patient:Ordinal|C1717255|[clna]|["Edema"-tx-25-"edema"-noun-0]|TX|2741/5|
00000000|MMI|3.56|October|C3828732|[qlco]|["October"-tx-6-"October"-noun-0]|TX|640/7|
00000000|MMI|3.56|Present|C0150312|[qnco]|["Present"-tx-3-"presents"-verb-0]|TX|366/8|
00000000|MMI|3.56|Radiating to|C0332301|[ftcn]|["radiated"-tx-9-"radiated"-verb-0]|TX|1109/8|
00000000|MMI|3.56|dictated - DocumentCompletion|C1609990|[idcn]|["Dictated"-tx-37-"Dictated"-noun-0]|TX|3938/8|
00000000|MMI|3.56|dictated - ParticipationMode|C1548384|[ftcn]|["dictated"-tx-37-"Dictated"-noun-0]|TX|3938/8|
00000000|MMI|3.55|Beginning|C0439659|[tmco]|["Begin"-tx-5-"began"-verb-0]|TX|490/5|
00000000|MMI|3.55|Act Class - investigation|C1552578|[inpr]|["investigation"-tx-29-"investigation"-noun-0]|TX|3311/13|
00000000|MMI|3.55|Ejection as a Circumstance of Injury|C0302131|[phpr]|["Ejection"-tx-13-"ejection"-noun-0]|TX|1898/8|
00000000|MMI|3.55|Ejection as a Sports activity|C0336969|[dora]|["Ejection"-tx-13-"ejection"-noun-0]|TX|1898/8|
00000000|MMI|3.55|Ejection time|C0812388|[orga]|["ejection"-tx-13-"ejection"-noun-0]|TX|1898/8|
00000000|MMI|3.55|Symptoms|C1457887|[sosy]|["SYMPTOMS"-tx-7-"symptoms"-noun-1]|TX|780/8|
00000000|MMI|3.55|Symptoms aspect|C0683368|[ftcn]|["symptoms"-tx-7-"symptoms"-noun-0]|TX|780/8|
00000000|MMI|3.54|Cardiovascular occlusion|C1110554|[patf]|["OCCLUSION"-tx-11-"occlusion"-noun-0]|TX|1524/9|
00000000|MMI|3.54|Obstruction|C0028778|[patf]|["Occlusion"-tx-11-"occlusion"-noun-0]|TX|1524/9|
00000000|MMI|3.54|Occluded|C1947917|[ftcn]|["Occlusion"-tx-11-"occlusion"-noun-0]|TX|1524/9|
00000000|MMI|3.54|Occlusion - action|C0441597|[ftcn]|["Occlusion"-tx-11-"occlusion"-noun-0]|TX|1524/9|
00000000|MMI|3.54|Occlusion within Medical Device|C1882137|[phpr]|["Occlusion"-tx-11-"occlusion"-noun-0]|TX|1524/9|
00000000|MMI|3.54|Male Gender, Self Report|C1706180|[qlco]|["Male"-tx-20-"male"-noun-0]|TX|2558/4|
00000000|MMI|3.54|Male Phenotype|C1706428|[qlco]|["Male"-tx-20-"male"-noun-0]|TX|2558/4|
00000000|MMI|3.54|Male, Self-Reported|C1706429|[orga]|["Male"-tx-20-"male"-noun-0]|TX|2558/4|
00000000|MMI|3.54|Course|C0750729|[tmco]|["Course"-tx-33-"course"-noun-0]|TX|3699/6|
00000000|MMI|3.52|Diabetic on diet only|C0421246|[topp]|["Diet controlled diabetes mellitus"-tx-15-"diet controlled diabetes mellitus"-noun-0]|TX|2101/33|
00000000|MMI|3.52|Anastomosis|C0332853|[acab]|["anastomose"-tx-27-"anastomosed"-verb-0]|TX|3019/11|
00000000|MMI|3.51|Disturbance|C2699787|[qlco]|["Disturbance"-tx-29-"disturbances"-noun-0]|TX|3174/12|
00000000|MMI|3.50|Native (qualifier value)|C0302891|[ftcn]|["Native"-tx-12-"native"-adj-0]|TX|1635/6|
00000000|MMI|3.50|Regular|C0205272|[qlco]|["Regular"-tx-23-"Regular"-adj-0]|TX|2653/7|
00000000|MMI|3.50|AV Block First Degree by ECG Finding|C3715208|[fndg]|["First Degree AV Block"-tx-26-"first degree AV block"-noun-0]|TX|2850/21|
00000000|MMI|3.50|First degree atrioventricular block|C0085614|[dsyn]|["First Degree AV Block"-tx-26-"first degree AV block"-noun-0]|TX|2850/21|
00000000|MMI|3.48|Two weeks|C4082118|[tmco]|["Two weeks"-tx-9-"two weeks"-noun-0]|TX|1045/9|
00000000|MMI|3.48|Discharge summarization note:Finding:Point in time:{Setting}:Document:{Provider}|C0801840|[clna]|["Discharge summary"-tx-1-"Discharge Summary"-noun-0]|TX|64/17|
00000000|MMI|3.48|Discharge summary|C0743221|[inpr]|["Discharge summary"-tx-1-"Discharge Summary"-noun-0]|TX|64/17|
00000000|MMI|3.48|Known|C0205309|[qlco]|["Known"-tx-17-"known"-adj-0]|TX|2346/5|
00000000|MMI|3.47|Old|C0580836|[tmco]|["Old"-tx-3-"old"-noun-0]|TX|275/3|
00000000|MMI|3.47|Physiological reperfusion|C0684253|[biof]|["reperfusion"-tx-10-"reperfusion"-noun-0]|TX|1396/11|
00000000|MMI|3.47|Septal|C0442004|[spco]|["Septal"-tx-10-"septal"-adj-0]|TX|1382/6|
00000000|MMI|3.47|per year|C0439508|[tmco]|["/Year"-tx-3-"year"-noun-0]|TX|270/4|
00000000|MMI|3.47|year|C0439234|[tmco]|["YEAR"-tx-3-"year"-noun-0]|TX|270/4|
00000000|MMI|3.46|Peripheral pulse|C0232139|[ortf]|["peripheral pulses"-tx-25-"peripheral pulses"-noun-0]|TX|2757/17|
00000000|MMI|3.46|Secondary to|C0175668|[tmco]|["Secondary to"-tx-10-"secondary to"-adj-0]|TX|1296/12|
00000000|MMI|3.46|4+ Answer to question|C3838679|[fndg]|["4+"-tx-1-"4"-fraction-0]|TX|117/1|
00000000|MMI|3.46|Dorsal|C0205095|[spco]|["POSTERIOR"-tx-11-"posterior"-adj-0]|TX|1583/9|
00000000|MMI|3.46|Open|C0175566|[spco]|["Patent"-tx-11-"patent"-adj-0]|TX|1576/6|
00000000|MMI|3.46|Proximal|C0205107|[spco]|["PROXIMAL"-tx-12-"proximal"-adj-0]|TX|1790/8|
00000000|MMI|3.46|Diagnostic interview schedule|C0451119|[inpr]|["DIS"-tx-1-"DIS"-noun-0]|TX|95/3|
00000000|MMI|3.46|Discontinued|C1444662|[fndg]|["DIS"-tx-1-"DIS"-noun-0]|TX|95/3|
00000000|MMI|3.45|Body Fluid Discharge|C0012621|[bdsu]|["Discharge"-tx-32-"DISCHARGE"-noun-0]|TX|3627/9|
00000000|MMI|3.45|Discharge, body substance|C2926602|[bdsu]|["Discharge"-tx-32-"DISCHARGE"-noun-0]|TX|3627/9|
00000000|MMI|3.44|Intravenous antibiotic therapy|C0559680|[topp]|["Intravenous antibiotic therapy"-tx-33-"intravenous antibiotic therapy"-noun-0]|TX|3723/30|
00000000|MMI|3.44|Complication|C0009566|[patf]|["Complication"-tx-31-"complication"-noun-1]|TX|3587/12|
00000000|MMI|3.44|Complication (attribute)|C2362589|[idcn]|["Complication"-tx-31-"complication"-noun-0]|TX|3587/12|
00000000|MMI|3.44|Hour|C0439227|[tmco]|["HOURS"-tx-9-"hours"-noun-0]|TX|1163/5|
00000000|MMI|3.43|Physiologic pulse|C0391850|[phsf]|["PULSES"-tx-25-"pulses"-noun-1]|TX|2768/6|
00000000|MMI|3.43|Ectopic Ventricular Rhythm by ECG Finding|C2348377|[dsyn]|["Ectopic Ventricular Rhythm"-tx-29-"rhythm ventricular ectopy"-noun-0]|TX|3167/6,3212/18|
00000000|MMI|3.43|0%|C3842591|[fndg]|["0%"-tx-13-"0"-real_number-0]|TX|1919/1|
00000000|MMI|3.43|Further|C1517331|[spco]|["Further"-tx-29-"further"-adj-0]|TX|3303/7|
00000000|MMI|3.43|Weekly|C0332174|[tmco]|["/week"-tx-30-"week"-noun-0]|TX|3514/4|
00000000|MMI|3.42|Asymptomatic|C0231221|[fndg]|["Asymptomatic"-tx-15-"asymptomatic"-adj-0]|TX|2151/12|
00000000|MMI|3.42|Episode of|C0332189|[tmco]|["Episode of"-tx-29-"episodes of"-noun-0]|TX|3200/11|
00000000|MMI|3.42|Left|C0205091|[spco]|["LEFT"-tx-11-"left"-adj-0]|TX|1541/4|
00000000|MMI|3.42|Left sided|C0443246|[spco]|["Left"-tx-11-"left"-adj-0]|TX|1541/4|
00000000|MMI|3.42|Table Cell Horizontal Align - left|C1552822|[ftcn]|["left"-tx-11-"left"-adj-0]|TX|1541/4|
00000000|MMI|3.42|Circumflex|C1880089|[spco]|["Circumflex"-tx-12-"circumflex"-noun-0]|TX|