00000000|MMI|84.90|Postoperative Period|C0032790|[tmco]|["Postoperative"-tx-30-"postoperative"-adj-0,"Postoperative"-tx-30-"postoperative"-noun-0,"Postoperative"-tx-29-"POSTOPERATIVE"-adj-0,"Postoperative"-tx-29-"postoperative"-noun-0]|TX|[2462/13],[2541/13],[2586/13];[2462/13],[2541/13],[2586/13];2346/13;2407/13|E04.614.750;N02.421.585.753.750
00000000|MMI|58.00|Obesity|C0028754|[dsyn]|["OBESE"-tx-18-"obese"-adj-0,"OBESITY"-tx-1-"OBESITY"-noun-0]|TX|1393/5;292/7|C18.654.726.500;C23.888.144.699.500;E01.370.600.115.100.160.120.699.500;G07.100.100.160.120.699.500
00000000|MMI|57.95|Homo sapiens|C0086418|[humn]|["MAN"-tx-9-"man"-noun-0,"MAN"-tx-2-"man"-noun-0]|TX|1137/3;366/3|B01.050.150.900.649.801.400.112.400.400
00000000|MMI|50.24|Dominican Republic|C0013014|[geoa]|["DR"-tx-32-"Dr"-noun-0,"DR"-tx-31-"Dr"-noun-0,"DR"-tx-28-"Dr"-noun-0]|TX|2716/2;2696/2;2337/2|Z01.107.084.900.300;Z01.639.880.300
00000000|MMI|48.88|Iodides|C0021966|[inch]|["I-"-tx-8-"I"-noun-0,"I-"-tx-4-"I"-noun-0,"I-"-tx-2-"I"-noun-0]|TX|1007/1;642/1;442/1|D01.248.497.158.490;D01.475.410
00000000|MMI|40.62|Physicians|C0031831|[prog]|["DR"-tx-32-"Dr"-noun-0,"DR"-tx-31-"Dr"-noun-0,"DR"-tx-28-"Dr"-noun-0]|TX|2716/2;2696/2;2337/2|M01.526.485.810;N02.360.810
00000000|MMI|32.54|Cardiac Catheterization Procedures|C0018795|[hlca]|["Cardiac catheterisation"-tx-25-"Cardiac catheterization"-noun-0,"coronary catheterisation"-tx-8-"coronary catheterization"-noun-0]|TX|1721/23;1028/8,1044/15|E01.370.370.380.140;E02.148.442;E05.157.250
00000000|MMI|32.41|Coronary Arteriosclerosis|C0010054|[dsyn]|["coronary artery disease"-tx-7-"coronary artery disease"-noun-0,"coronary artery disease"-tx-1-"CORONARY ARTERY DISEASE"-noun-0]|TX|933/23;196/23|C14.280.647.250.260;C14.907.137.126.339;C14.907.585.250.260
00000000|MMI|32.41|Coronary Artery Disease|C1956346|[dsyn]|["CORONARY ARTERY DISEASE"-tx-7-"coronary artery disease"-noun-0,"CORONARY ARTERY DISEASE"-tx-1-"CORONARY ARTERY DISEASE"-noun-0]|TX|933/23;196/23|C14.280.647.250.260;C14.907.137.126.339;C14.907.585.250.260
00000000|MMI|30.42|Aspirin|C0004057|[orch,phsu]|["ASPIRIN"-tx-31-"Aspirin"-noun-0]|TX|2632/7|D02.455.426.559.389.657.410.595.176
00000000|MMI|27.26|Overweight|C0497406|[sosy]|["OVERWEIGHT"-tx-9-"overweight"-noun-0]|TX|1143/10|C23.888.144.699;E01.370.600.115.100.160.120.699;G07.100.100.160.120.699
00000000|MMI|26.06|Coronary heart disease|C0010068|[dsyn]|["Coronary (artery) disease"-tx-7-"coronary artery disease"-noun-0,"Coronary (artery) disease"-tx-1-"CORONARY ARTERY DISEASE"-noun-0]|TX|933/23;196/23|C14.280.647.250;C14.907.585.250
00000000|MMI|24.11|Syncopal Episode|C0751534|[sosy]|["Syncopal Episode"-tx-4-"syncopal episode"-noun-0]|TX|674/16|C10.597.606.358.800.600;C23.888.592.604.359.800.600
00000000|MMI|22.61|Body Weight|C0005910|[orga]|["Weight"-tx-11-"Weight"-noun-0]|TX|1204/6|C23.888.144;E01.370.600.115.100.160.120;E05.041.124.160.750;G07.100.100.160.120;G07.700.320.249.314.120
00000000|MMI|20.95|Tenormin|C0592168|[orch,phsu]|["Tenormin"-tx-31-"Tenormin"-noun-0]|TX|2667/8|D02.033.100.624.698.070;D02.033.755.624.698.070;D02.092.063.624.698.070
00000000|MMI|19.87|Males|C0086582|[orga]|["MAN"-tx-9-"man"-noun-0,"MAN"-tx-2-"man"-noun-0]|TX|1137/3;366/3|x.x.x
00000000|MMI|19.82|Disease|C0012634|[dsyn]|["condition"-tx-30-"condition"-noun-0,"Disease"-tx-25-"disease"-noun-0]|TX|2555/9;1807/7|C23.550.288
00000000|MMI|19.40|Activated Partial Thromboplastin Time measurement|C0030605|[lbpr]|["PTT"-tx-23-"PTT"-noun-0]|TX|1641/3|E01.370.225.625.115.600;E05.200.625.115.600;G09.188.660
00000000|MMI|19.40|International Normalized Ratio|C0525032|[lbpr]|["INR"-tx-23-"INR"-noun-0]|TX|1652/3|E01.370.225.625.115.320;E05.200.625.115.320
00000000|MMI|19.33|Coronary angiography|C0085532|[diap]|["CORONARY ANGIOGRAPHY"-tx-3-"Coronary angiography"-noun-0]|TX|508/20|E01.370.350.130.625;E01.370.350.700.060.200;E01.370.370.050.200;E01.370.370.380.200
00000000|MMI|19.33|Patient Discharge|C0030685|[hlca]|["Discharged"-tx-30-"discharged"-verb-0]|TX|2522/10|E02.204.125;E02.760.400.610;N02.421.192.125;N02.421.585.400.610;N04.590.233.727.210.125
00000000|MMI|17.80|Inferior Wall Myocardial Infarction|C0340305|[dsyn]|["Inferior Myocardial Infarction"-tx-24-"inferior myocardial infarction"-noun-0]|TX|1689/30|C14.280.647.500.187;C14.907.585.500.187
00000000|MMI|17.80|Surgeon|C0582175|[prog]|["Surgeon"-tx-28-"surgeon"-noun-0]|TX|2325/7|M01.526.485.810.910;N02.360.810.910
00000000|MMI|16.77|Patients|C0030705|[podg]|["*^patient"-tx-30-"patient"-noun-0,"*^patient"-tx-29-"patient"-noun-0]|TX|2505/7;2372/7|M01.643
00000000|MMI|16.37|heart rate|C0018810|[clna]|["Heart Rate"-tx-10-"heart rate"-noun-0]|TX|1179/10|E01.370.600.875.500;G09.330.380.500
00000000|MMI|16.30|Blood Pressure|C0005823|[orgf]|["BLOOD PRESSURE"-tx-10-"Blood pressure"-noun-0]|TX|1155/14|E01.370.600.875.249;G09.330.380.076
00000000|MMI|16.30|Hematocrit procedure|C0018935|[lbpr]|["Hematocrit"-tx-21-"hematocrit"-noun-0]|TX|1523/10|E01.370.225.625.400;E05.200.625.400;G09.188.370.374
00000000|MMI|16.30|Hyperactive behavior|C0424295|[mobd]|["HYPER"-tx-1-"HYPER"-noun-0]|TX|264/5|C10.597.350.350;C23.888.592.350.350
00000000|MMI|16.30|Reflex action|C0034929|[ortf]|["Reflex"-tx-14-"reflex"-noun-0]|TX|1295/6|E01.370.376.550.650;E01.370.600.550.650;F02.830.702;G11.561.600.765
00000000|MMI|16.30|Systemic arterial pressure|C1272641|[fndg]|["Blood pressure"-tx-10-"Blood pressure"-noun-0]|TX|1155/14|G09.330.380.076.347
00000000|MMI|16.25|Creatinine|C0010294|[bacs,orch]|["CREATININE"-tx-22-"creatinine"-noun-0]|TX|1564/10|D03.383.129.308.207
00000000|MMI|16.22|Coronary Artery Bypass Surgery|C0010055|[topp]|["CORONARY BYPASS"-tx-28-"Coronary bypass"-noun-0]|TX|2221/15|E04.100.376.719.332;E04.100.814.868.750;E04.928.220.520.220
00000000|MMI|16.09|Electrocardiogram|C0013798|[fndg]|["EKG"-tx-24-"EKG"-noun-0]|TX|1661/3|E01.370.370.380.240;E01.370.405.240
00000000|MMI|16.09|Electrocardiography|C1623258|[diap]|["EKG"-tx-24-"EKG"-noun-0]|TX|1661/3|E01.370.370.380.240;E01.370.405.240
00000000|MMI|16.09|Latvia|C0023128|[geoa]|["LV"-tx-7-"LV"-noun-0]|TX|971/2|Z01.542.248.136.560;Z01.586.950.140.560
00000000|MMI|16.04|Hypokinesia|C0086439|[sosy]|["Hypokinesis"-tx-26-"hypokinesis"-noun-0]|TX|2123/11|C10.597.350.400;C23.888.592.350.400
00000000|MMI|14.64|Abdominal Cavity|C0230168|[blor]|["Abdomen"-tx-18-"Abdomen"-noun-0]|TX|1385/7|A01.923.047.025
00000000|MMI|14.64|Myocardial Infarction|C0027051|[dsyn]|["Infarction, Myocardial"-tx-2-"myocardial infarction"-noun-0]|TX|466/21|C14.280.647.500;C14.907.585.500
00000000|MMI|13.53|Male population group|C0025266|[popg]|["Man"-tx-9-"man"-noun-0,"Man"-tx-2-"man"-noun-0]|TX|1137/3;366/3|M01.390
00000000|MMI|13.24|PT-9|C0701437|[orch,phsu]|["PT 9"-tx-23-"PT 9"-noun-0]|TX|1631/2,1637/1|D03.383.725.086
00000000|MMI|13.22|Myocardial Revascularization|C0027056|[topp]|["Myocardial revascularisation"-tx-8-"myocardial revascularization"-noun-0]|TX|1073/28|E04.100.376.719;E04.928.220.520
00000000|MMI|13.14|Blood Platelets|C0005821|[cell]|["Platelets"-tx-21-"platelets"-noun-0]|TX|1544/9|A11.118.188;A15.145.229.188
00000000|MMI|13.14|Glucose|C0017725|[bacs,orch,phsu]|["GLUCOSE"-tx-22-"glucose"-noun-0]|TX|1587/7|D09.546.359.448
00000000|MMI|13.14|Sodium|C0037473|[bacs,elii]|["SODIUM"-tx-22-"sodium"-noun-0]|TX|1603/6|D01.268.549.750;D01.268.557.650;D01.552.528.850;D01.552.547.725;x.x.x.x
00000000|MMI|13.09|Caucasoid Race|C0007457|[popg]|["WHITE"-tx-21-"White"-adj-0]|TX|1501/5|M01.686.508.400
00000000|MMI|13.09|Potassium|C0032821|[elii]|["POTASSIUM"-tx-22-"potassium"-noun-0]|TX|1616/9|D01.268.549.550;D01.268.557.575;D01.552.528.652;D01.552.547.650;x.x.x.x
00000000|MMI|12.96|Thallium|C0039738|[elii]|["THALLIUM"-tx-7-"Thallium"-noun-0]|TX|884/8|D01.268.556.847;D01.552.544.847;x.x.x.x
00000000|MMI|12.88|Hospitalization|C0019993|[hlca]|["hospitalisation"-tx-4-"hospitalization"-noun-0]|TX|623/15|E02.760.400;N02.421.585.400
00000000|MMI|11.92|1+|C3816745|[fndg]|["1+"-tx-31-"1"-integer-0,"1+"-tx-22-"1"-real_number-0,"1+"-tx-1-"1"-integer-0]|TX|2628/1;1581/1;242/1|
00000000|MMI|11.92|1+ Score|C2827734|[qnco]|["1+"-tx-31-"1"-integer-0,"1+"-tx-22-"1"-real_number-0,"1+"-tx-1-"1"-integer-0]|TX|2628/1;1581/1;242/1|
00000000|MMI|11.92|1+ Score, WHO|C2981698|[clas]|["1+"-tx-31-"1"-integer-0,"1+"-tx-22-"1"-real_number-0,"1+"-tx-1-"1"-integer-0]|TX|2628/1;1581/1;242/1|
00000000|MMI|11.79|Delayed Release Dosage Form|C1707664|[bodm]|["DR"-tx-32-"Dr"-noun-0,"DR"-tx-31-"Dr"-noun-0,"DR"-tx-28-"Dr"-noun-0]|TX|2716/2;2696/2;2337/2|
00000000|MMI|11.79|Device to Subject Relationship Domain|C3540849|[inpr]|["DR"-tx-32-"Dr"-noun-0,"DR"-tx-31-"Dr"-noun-0,"DR"-tx-28-"Dr"-noun-0]|TX|2716/2;2696/2;2337/2|
00000000|MMI|11.79|Doctor - Title|C2348314|[cnce]|["Dr."-tx-32-"Dr"-noun-0,"Dr."-tx-31-"Dr"-noun-0,"Dr."-tx-28-"Dr"-noun-0]|TX|2716/2;2696/2;2337/2|
00000000|MMI|11.49|Abdomen|C0000726|[blor]|["ABDOMEN"-tx-18-"Abdomen"-noun-0]|TX|1385/7|A01.923.047
00000000|MMI|11.49|Heart murmur|C0018808|[fndg]|["murmurs"-tx-17-"murmurs"-noun-1]|TX|1376/7|C23.888.447
00000000|MMI|11.49|Hypertensive disease|C0020538|[dsyn]|["HYPERTENSION"-tx-1-"HYPERTENSION"-noun-0]|TX|246/12|C14.907.489
00000000|MMI|11.49|Physical Examination|C0031809|[hlca]|["PHYSICAL EXAMINATION"-tx-9-"PHYSICAL EXAMINATION"-noun-0]|TX|1103/20|E01.370.600
00000000|MMI|11.07|Hospital admission|C0184666|[hlca]|["Admission to hospital"-tx-8-"admission to Hospital"-noun-0,"Admission"-tx-5-"admission"-noun-0,"Admission to hospital"-tx-2-"admission to Hospital"-noun-0]|TX|994/12,1015/8;707/9;429/12,450/8|
00000000|MMI|10.72|Revealed|C0443289|[qlco]|["Revealed"-tx-26-"revealed"-verb-0,"Revealed"-tx-25-"revealed"-adj-0,"Revealed"-tx-3-"revealed"-adj-0]|TX|2072/8;1782/8;537/8|
00000000|MMI|10.43|Blood group antibody I|C0221138|[aapp,imft]|["I NOS"-tx-8-"I"-noun-0,"I NOS"-tx-4-"I"-noun-0,"I NOS"-tx-2-"I"-noun-0]|TX|1007/1;642/1;442/1|
00000000|MMI|10.42|+2|C0740116|[qnco]|["+2"-tx-31-"2"-integer-0,"+2"-tx-1-"2"-integer-0]|TX|2663/1;260/1|
00000000|MMI|10.42|2+|C3833492|[fndg]|["2+"-tx-31-"2"-integer-0,"2+"-tx-1-"2"-integer-0]|TX|2663/1;260/1|
00000000|MMI|10.42|2+ Score|C2827735|[qnco]|["2+"-tx-31-"2"-integer-0,"2+"-tx-1-"2"-integer-0]|TX|2663/1;260/1|
00000000|MMI|10.42|2+ Score, WHO|C2981700|[clas]|["2+"-tx-31-"2"-integer-0,"2+"-tx-1-"2"-integer-0]|TX|2663/1;260/1|
00000000|MMI|10.42|Abortion consent:Finding:Point in time:^Patient:Document|C2360836|[clna]|["Patient"-tx-30-"patient"-noun-0,"Patient"-tx-29-"patient"-noun-0]|TX|2505/7;2372/7|
00000000|MMI|10.42|Fifth|C0205439|[qnco]|["5th"-tx-30-"5th"-numeric_ordinal-0,"Fifth"-tx-30-"fifth"-noun-0]|TX|2580/3;2572/5|
00000000|MMI|10.42|Hysterectomy consent:Finding:Point in time:^Patient:Document|C2360838|[clna]|["Patient"-tx-30-"patient"-noun-0,"Patient"-tx-29-"patient"-noun-0]|TX|2505/7;2372/7|
00000000|MMI|10.42|MRC1 gene|C1417249|[gngm]|["MR"-tx-5-"Mr"-noun-0,"MR"-tx-1-"Mr"-noun-0]|TX|719/2;328/2|
00000000|MMI|10.42|Minor Response|C4050513|[fndg]|["MR"-tx-5-"Mr"-noun-0,"MR"-tx-1-"Mr"-noun-0]|TX|719/2;328/2|
00000000|MMI|10.42|Mr. - Title|C2347167|[cnce]|["Mr."-tx-5-"Mr"-noun-0,"Mr."-tx-1-"Mr"-noun-0]|TX|719/2;328/2|
00000000|MMI|10.42|Sterilization consent:Finding:Point in time:^Patient:Document|C2360840|[clna]|["Patient"-tx-30-"patient"-noun-0,"Patient"-tx-29-"patient"-noun-0]|TX|2505/7;2372/7|
00000000|MMI|9.94|physiopathological|C0031847|[ftcn]|["dysfunction"-tx-7-"dysfunction"-noun-0]|TX|974/11|x.x.x
00000000|MMI|9.86|Heart Ventricle|C0018827|[bpoc]|["Ventricle"-tx-26-"ventricle"-noun-0]|TX|2099/9|A07.541.560
00000000|MMI|9.85|Hospitals|C0019994|[hcro,mnob]|["HOSPITAL"-tx-4-"Hospital"-noun-0]|TX|650/8|N02.278.421
00000000|MMI|9.83|Tracheal Extubation|C0553891|[topp]|["Extubate"-tx-29-"extubated"-verb-0]|TX|2384/9|E02.041.249;E05.008
00000000|MMI|9.81|Laboratory|C0022877|[mnob,orgt]|["LABORATORY"-tx-21-"LABORATORY"-noun-0]|TX|1482/10|N02.278.487
00000000|MMI|9.78|Arteries|C0003842|[bpoc]|["ARTERY"-tx-8-"artery"-noun-0]|TX|1037/6|A07.231.114
00000000|MMI|8.34|Lung|C0024109|[bpoc]|["LUNGS"-tx-12-"Lungs"-noun-0]|TX|1216/5|A04.411
00000000|MMI|7.61|Negation|C1518422|[ftcn]|["Non"-tx-25-"non"-adj-0,"Not"-tx-13-"not"-adv-0]|TX|1935/3;1253/3|
00000000|MMI|7.47|Good|C0205170|[qlco]|["Good"-tx-30-"good"-adj-0,"Well"-tx-6-"well"-adv-0]|TX|2536/4;742/4|
00000000|MMI|7.35|Course|C0750729|[tmco]|["Course"-tx-30-"course"-noun-0,"Course"-tx-29-"COURSE"-noun-0]|TX|2476/6;2360/6|
00000000|MMI|7.27|Part|C0449719|[spco]|["Portion"-tx-25-"portion"-noun-0]|TX|[1891/7],[2039/7]|
00000000|MMI|7.26|Daily|C0332173|[tmco]|["/day"-tx-30-"day"-noun-0,"/day"-tx-29-"day"-noun-0]|TX|2600/3;2421/3|
00000000|MMI|7.26|day|C0439228|[tmco]|["DAY"-tx-30-"day"-noun-0,"DAY"-tx-29-"day"-noun-0]|TX|2600/3;2421/3|
00000000|MMI|7.26|per day|C0439505|[tmco]|["/day"-tx-30-"day"-noun-0,"/day"-tx-29-"day"-noun-0]|TX|2600/3;2421/3|
00000000|MMI|7.22|October|C3828732|[qlco]|["October"-tx-25-"October"-noun-0,"October"-tx-2-"October"-noun-0]|TX|1767/7;492/7|
00000000|MMI|7.21|milligram/day|C0439422|[qnco]|["mg day"-tx-31-"mg day"-noun-0,"mg/d"-tx-31-"mg d"-noun-0]|TX|2646/2,2655/3;2681/2,2690/1|
00000000|MMI|7.12|Gait normal|C0231683|[fndg]|["Normal"-tx-16-"Normal"-adj-0,"Normal"-tx-15-"normal"-adj-1]|TX|1355/6;1332/6|
00000000|MMI|7.12|Mean Percent of Normal|C2347086|[qnco]|["% Normal"-tx-16-"Normal"-adj-0,"% Normal"-tx-15-"normal"-adj-0]|TX|1355/6;1332/6|
00000000|MMI|7.12|Normal|C0205307|[qlco]|["NORMAL"-tx-16-"Normal"-adj-0,"NORMAL"-tx-15-"normal"-adj-0]|TX|1355/6;1332/6|
00000000|MMI|7.12|Percent normal|C0439166|[qnco]|["% normal"-tx-16-"Normal"-adj-0,"% normal"-tx-15-"normal"-adj-0]|TX|1355/6;1332/6|
00000000|MMI|7.11|10%|C3842590|[fndg]|["10%"-tx-36-"10"-fraction-0]|TX|[2850/2],[2862/2]|
00000000|MMI|7.00|First (number)|C0205435|[qnco]|["First"-tx-29-"first"-adj-0,"First"-tx-2-"first"-adj-0]|TX|2401/5;423/5|
00000000|MMI|7.00|Firstly|C1279901|[qlco]|["First"-tx-29-"first"-adj-0,"First"-tx-2-"first"-adj-0]|TX|2401/5;423/5|
00000000|MMI|6.92|Old|C0580836|[tmco]|["Old"-tx-9-"old"-noun-0,"Old"-tx-2-"old"-noun-0]|TX|1133/3;354/3|
00000000|MMI|6.92|per year|C0439508|[tmco]|["/Year"-tx-9-"year"-noun-0,"/Year"-tx-2-"year"-noun-0]|TX|1128/4;349/4|
00000000|MMI|6.92|year|C0439234|[tmco]|["YEAR"-tx-9-"year"-noun-0,"YEAR"-tx-2-"year"-noun-0]|TX|1128/4;349/4|
00000000|MMI|6.79|Catheterization|C0007430|[topp]|["Catheterization"-tx-8-"catheterization"-noun-0]|TX|1044/15|E02.148;E05.157
00000000|MMI|6.63|Heart|C0018787|[bpoc]|["coronary"-tx-8-"coronary"-noun-0]|TX|1028/8|A07.541
00000000|MMI|5.18|3+ Answer to Question|C3838680|[fndg]|["3+"-tx-1-"3"-integer-0]|TX|288/1|
00000000|MMI|5.18|3+ Score|C2827736|[qnco]|["3+"-tx-1-"3"-integer-0]|TX|288/1|
00000000|MMI|5.18|3+ Score, WHO|C2981702|[clas]|["3+"-tx-1-"3"-integer-0]|TX|288/1|
00000000|MMI|5.18|<3 (qualifier value)|C0439086|[qnco]|["<3"-tx-1-"3"-integer-0]|TX|288/1|
00000000|MMI|5.18|Calculated (origins)|C0444686|[ftcn]|["Calculated"-tx-27-"Calculated"-verb-0]|TX|2156/10|
00000000|MMI|5.18|Calculated (procedure)|C1443182|[lbpr]|["Calculated"-tx-27-"Calculated"-verb-0]|TX|2156/10|
00000000|MMI|5.18|Calculation|C1441506|[acty]|["Calculated"-tx-27-"Calculated"-verb-0]|TX|2156/10|
00000000|MMI|5.18|Clear|C2963144|[qlco]|["Clear"-tx-12-"clear"-verb-0]|TX|1222/5|
00000000|MMI|5.18|Doctor of Medicine|C1512018|[inpr]|["M.D."-tx-34-"M.D"-noun-0]|TX|2794/3|
00000000|MMI|5.18|Electrocardiogram: myocardial infarction (finding)|C0428953|[lbtr]|["MYOCARDIAL INFARCTION"-tx-2-"myocardial infarction"-noun-0]|TX|466/21|
00000000|MMI|5.18|Entire abdomen|C1281594|[bpoc]|["Abdomen"-tx-18-"Abdomen"-noun-0]|TX|1385/7|
00000000|MMI|5.18|Hypertension Adverse Event|C1963138|[fndg]|["Hypertension"-tx-1-"HYPERTENSION"-noun-0]|TX|246/12|
00000000|MMI|5.18|Jugular venous pressure|C0428897|[fndg]|["Jugular venous pressure"-tx-13-"Jugular venous pressure"-noun-0]|TX|1229/23|
00000000|MMI|5.18|Left ventriculogram|C0412219|[diap]|["Left ventriculogram"-tx-26-"left ventriculogram"-noun-0]|TX|2052/19|
00000000|MMI|5.18|Medication.discharge|C0806915|[fndg]|["Discharge medications"-tx-31-"DISCHARGE MEDICATIONS"-noun-0]|TX|2605/21|
00000000|MMI|5.18|Myocardial Infarction ECG Assessment|C3810814|[diap]|["Myocardial Infarction"-tx-2-"myocardial infarction"-noun-0]|TX|466/21|
00000000|MMI|5.18|Myocardial infarction:Finding:Point in time:^Patient:Ordinal|C2926063|[clna]|["Myocardial infarction"-tx-2-"myocardial infarction"-noun-0]|TX|466/21|
00000000|MMI|5.18|Negative|C0205160|[qlco]|["Negative"-tx-14-"negative"-adj-0]|TX|1305/8|
00000000|MMI|5.18|Negative - answer|C3853545|[qlco]|["Negative"-tx-14-"negative"-adj-0]|TX|1305/8|
00000000|MMI|5.18|Negative Charge|C2825491|[qlco]|["Negative"-tx-14-"negative"-adj-0]|TX|1305/8|
00000000|MMI|5.18|Negative Finding|C1513916|[fndg]|["NEGATIVE"-tx-14-"negative"-adj-0]|TX|1305/8|
00000000|MMI|5.18|Negative Number|C2825415|[cnce]|["Negative"-tx-14-"negative"-adj-0]|TX|1305/8|
00000000|MMI|5.18|Negative Surgical Margin|C1709157|[fndg]|["Clear"-tx-12-"clear"-verb-0]|TX|1222/5|
00000000|MMI|5.18|Operation Activity|C3241922|[acty]|["Operation"-tx-28-"OPERATION"-noun-0]|TX|2210/9|
00000000|MMI|5.18|Operation, Not Otherwise Specified|C3828701|[acty]|["Operation, Not Otherwise Specified"-tx-28-"OPERATION"-noun-0]|TX|2210/9|
00000000|MMI|5.18|Operative Surgical Procedures|C0543467|[hlca]|["Operation"-tx-28-"OPERATION"-noun-0]|TX|2210/9|E04
00000000|MMI|5.18|PSMD2 gene|C1419032|[gngm]|["S2"-tx-16-"S2"-noun-0]|TX|1369/2|
00000000|MMI|5.18|Peripheral pulse|C0232139|[ortf]|["peripheral pulses"-tx-19-"Peripheral pulses"-noun-0]|TX|1423/17|
00000000|MMI|5.18|Pitting edema|C0333243|[sosy]|["Pitting oedema"-tx-20-"pitting edema"-noun-1]|TX|1467/13|
00000000|MMI|5.18|RPS2 gene|C1419718|[gngm]|["S2"-tx-16-"S2"-noun-0]|TX|1369/2|
00000000|MMI|5.18|Regular|C0205272|[qlco]|["Regular"-tx-10-"regular"-adj-0]|TX|1195/7|
00000000|MMI|5.18|Right coronary artery structure|C1261316|[bpoc]|["Right Coronary Artery"-tx-25-"right coronary artery"-noun-0]|TX|1989/21|
00000000|MMI|5.18|S2|C3812876|[fndg]|["S2"-tx-16-"S2"-noun-0]|TX|1369/2|
00000000|MMI|5.18|S2 innervation|C1179705|[blor]|["S2"-tx-16-"S2"-noun-0]|TX|1369/2|
00000000|MMI|5.18|Structure of circumflex branch of left coronary artery|C0226037|[bpoc]|["Left circumflex artery"-tx-25-"left circumflex artery"-noun-0]|TX|1901/22|
00000000|MMI|5.18|Testicular Cancer Serum Markers Test Result S2|C3812875|[lbtr]|["S2"-tx-16-"S2"-noun-0]|TX|1369/2|
00000000|MMI|5.18|Warmer, device|C0184348|[medd]|["Warm"-tx-29-"Warm"-verb-0]|TX|2341/4|
00000000|MMI|5.18|Well|C3146287|[mnob]|["Well"-tx-6-"well"-adv-0]|TX|742/4|
00000000|MMI|5.18|warming process|C0687712|[npop]|["warm"-tx-29-"Warm"-verb-0]|TX|2341/4|
00000000|MMI|3.81|History of present illness|C0262512|[orga]|["HISTORY OF PRESENT ILLNESS"-tx-1-"HISTORY OF PRESENT ILLNESS"-noun-0]|TX|300/26|
00000000|MMI|3.81|History of present illness:Finding:Point in time:^Patient:Nominal:Reported|C0488508|[clna]|["History of present illness"-tx-1-"HISTORY OF PRESENT ILLNESS"-noun-0]|TX|300/26|
00000000|MMI|3.75|Arterial catheterization|C0007431|[topp]|["artery catheterization"-tx-8-"artery catheterization"-noun-0]|TX|1037/22|
00000000|MMI|3.75|Discharge date|C2361123|[tmco]|["Discharge date"-tx-1-"Discharge Date"-noun-0]|TX|150/14|
00000000|MMI|3.75|Discharge date:Time Stamp -- Date and Time:Point in time:^Patient:Quantitative|C2361122|[clna]|["Discharge date"-tx-1-"Discharge Date"-noun-0]|TX|150/14|
00000000|MMI|3.75|Sinus Bradycardia Adverse Event|C1963175|[fndg]|["Sinus bradycardia"-tx-24-"sinus bradycardia"-noun-0]|TX|1667/17|
00000000|MMI|3.75|Sinus bradycardia|C0085610|[patf]|["SINUS BRADYCARDIA"-tx-24-"sinus bradycardia"-noun-0]|TX|1667/17|
00000000|MMI|3.75|continuous electrocardiogram sinus bradycardia (finding)|C2108107|[fndg]|["SINUS BRADYCARDIA"-tx-24-"sinus bradycardia"-noun-0]|TX|1667/17|
00000000|MMI|3.72|Ejection fraction:Volume Fraction:Point in time:Heart.ventricle.left:Quantitative|C0488728|[clna]|["Left ventricular Ejection fraction"-tx-27-"left ventricular ejection fraction"-noun-0]|TX|2167/34|
00000000|MMI|3.72|Left ventricular ejection fraction|C0428772|[clna]|["Left Ventricular Ejection Fraction"-tx-27-"left ventricular ejection fraction"-noun-0]|TX|2167/34|
00000000|MMI|3.68|% index|C1637833|[qnco]|["% index"-tx-35-"Index"-noun-0]|TX|2826/5|
00000000|MMI|3.68|0%|C3842591|[fndg]|["0%"-tx-22-"0"-real_number-0]|TX|1583/1|
00000000|MMI|3.68|Admission activity|C0809949|[hlca]|["Admission"-tx-5-"admission"-noun-0]|TX|707/9|
00000000|MMI|3.68|Benign|C0205183|[qlco]|["BENIGN"-tx-18-"benign"-adj-0]|TX|1415/6|
00000000|MMI|3.68|Blood pressure finding|C1271104|[fndg]|["Blood Pressure"-tx-10-"Blood pressure"-noun-0]|TX|1155/14|
00000000|MMI|3.68|Gender Status - Intact|C1554187|[fndg]|["Intact"-tx-19-"intact"-adj-0]|TX|1445/6|
00000000|MMI|3.68|Gram per Deciliter|C0439267|[qnco]|["g%"-tx-33-"G"-noun-0]|TX|2782/1|
00000000|MMI|3.68|Hematocrit level|C0518014|[fndg]|["Hematocrit"-tx-21-"hematocrit"-noun-0]|TX|1523/10|
00000000|MMI|3.68|Html Link Type - index|C1552854|[idcn]|["index"-tx-35-"Index"-noun-0]|TX|2826/5|
00000000|MMI|3.68|Importance Weight|C1705104|[idcn]|["Weight"-tx-11-"Weight"-noun-0]|TX|1204/6|
00000000|MMI|3.68|Index|C0918012|[inpr]|["Index"-tx-35-"Index"-noun-0]|TX|2826/5|
00000000|MMI|3.68|Intact|C0205266|[qlco]|["Intact"-tx-19-"intact"-adj-0]|TX|1445/6|
00000000|MMI|3.68|Observation of reflex|C0596002|[fndg]|["Reflex"-tx-14-"reflex"-noun-1]|TX|1295/6|
00000000|MMI|3.68|Platelets Adverse Event|C1963076|[fndg]|["Platelets"-tx-21-"platelets"-noun-0]|TX|1544/9|
00000000|MMI|3.68|Reflex motion descriptor|C0439840|[ortf]|["reflex"-tx-14-"reflex"-noun-0]|TX|1295/6|
00000000|MMI|3.68|S1|C3715215|[fndg]|["S1"-tx-16-"S1"-noun-0]|TX|1362/2|
00000000|MMI|3.68|Sodium Cation|C0597484|[elii]|["Sodium+"-tx-22-"sodium"-noun-0]|TX|1603/6|
00000000|MMI|3.68|Sodium Drug Class|C3714642|[phsu]|["SODIUM"-tx-22-"sodium"-noun-0]|TX|1603/6|
00000000|MMI|3.68|Sodium supplements|C3541959|[phsu]|["Sodium"-tx-22-"sodium"-noun-0]|TX|1603/6|
00000000|MMI|3.68|Testicular Cancer Serum Markers Test Result S1|C3814877|[lbtr]|["S1"-tx-16-"S1"-noun-0]|TX|1362/2|
00000000|MMI|3.68|Values|C0042295|[qlco]|["Values"-tx-21-"VALUES"-noun-0]|TX|1493/6|
00000000|MMI|3.68|Weighing patient|C1305866|[diap]|["weight"-tx-11-"Weight"-noun-0]|TX|1204/6|
00000000|MMI|3.68|Weight|C0043100|[qnco]|["WEIGHT"-tx-11-"Weight"-noun-0]|TX|1204/6|
00000000|MMI|3.65|Additional diagnoses|C2707270|[fndg]|["Additional diagnoses"-tx-1-"ADDITIONAL DIAGNOSES"-noun-0]|TX|220/20|
00000000|MMI|3.65|Additional diagnoses:-:Point in time:^Patient:-|C2707269|[clna]|["Additional diagnoses"-tx-1-"ADDITIONAL DIAGNOSES"-noun-0]|TX|220/20|
00000000|MMI|3.65|Principal Diagnosis:-:Point in time:^Patient:-|C2598194|[clna]|["Principal Diagnosis"-tx-1-"PRINCIPAL DIAGNOSIS"-noun-0]|TX|175/19|
00000000|MMI|3.65|Principal diagnosis|C0332137|[qlco]|["Principal Diagnosis"-tx-1-"PRINCIPAL DIAGNOSIS"-noun-0]|TX|175/19|
00000000|MMI|3.65|Report status|C0586177|[fndg]|["Report status"-tx-1-"Report Status"-noun-0]|TX|126/13|
00000000|MMI|3.63|Admission date:Time Stamp -- Date and Time:Point in time:^Patient:Quantitative|C2598112|[clna]|["Admission date"-tx-1-"Admission Date"-noun-0]|TX|100/14|
00000000|MMI|3.63|Attending (action)|C1999232|[ftcn]|["attending"-tx-33-"Attending"-noun-0]|TX|2763/9|
00000000|MMI|3.63|Attending (provider role)|C1547429|[prog]|["Attending"-tx-33-"Attending"-noun-0]|TX|2763/9|
00000000|MMI|3.63|Caucasians|C0043157|[popg]|["WHITE"-tx-21-"White"-adj-0]|TX|1501/5|
00000000|MMI|3.63|Count|C0750480|[qnco]|["Count"-tx-21-"count"-noun-0]|TX|1507/5|
00000000|MMI|3.63|Count Dosing Unit|C1705566|[qnco]|["COUNT"-tx-21-"count"-noun-0]|TX|1507/5|
00000000|MMI|3.63|Creatinine finding|C1561535|[fndg]|["Creatinine"-tx-22-"creatinine"-noun-0]|TX|1564/10|
00000000|MMI|3.63|DYSFUNCTION - SKIN DISORDERS|C3887505|[dsyn]|["DYSFUNCTION"-tx-7-"dysfunction"-noun-0]|TX|974/11|
00000000|MMI|3.63|Date of admission|C1302393|[tmco]|["Admission date"-tx-1-"Admission Date"-noun-0]|TX|100/14|
00000000|MMI|3.63|Dominant|C1527180|[ftcn]|["Dominant"-tx-25-"dominant"-adj-0]|TX|1939/8|
00000000|MMI|3.63|Dysfunction|C3887504|[cnce]|["Dysfunction"-tx-7-"dysfunction"-noun-0]|TX|974/11|
00000000|MMI|3.63|Functional disorder|C0277785|[patf]|["Dysfunction"-tx-7-"dysfunction"-noun-0]|TX|974/11|
00000000|MMI|3.63|Image|C1704922|[enty]|["Image"-tx-7-"images"-noun-0]|TX|893/6|
00000000|MMI|3.63|Image (foundation metadata concept)|C3542466|[inpr]|["Image"-tx-7-"images"-noun-0]|TX|893/6|
00000000|MMI|3.63|Integrated Neuromusculoskeletal Release|C1704538|[topp]|["INR"-tx-23-"INR"-noun-0]|TX|1652/3|
00000000|MMI|3.63|Medical Image|C1704254|[inpr]|["Image"-tx-7-"images"-noun-0]|TX|893/6|
00000000|MMI|3.63|Potassium Drug Class|C3714637|[phsu]|["POTASSIUM"-tx-22-"potassium"-noun-0]|TX|1616/9|
00000000|MMI|3.63|Potassium Ion|C0597277|[elii,phsu]|["Potassium"-tx-22-"potassium"-noun-0]|TX|1616/9|
00000000|MMI|3.63|Potassium measurement|C0202194|[lbpr]|["Potassium+"-tx-22-"potassium"-noun-0]|TX|1616/9|
00000000|MMI|3.63|Potassium supplement|C0304475|[inch,phsu]|["POTASSIUM"-tx-22-"potassium"-noun-0]|TX|1616/9|
00000000|MMI|3.63|White color|C0220938|[qlco]|["WHITE"-tx-21-"White"-adj-0]|TX|1501/5|
00000000|MMI|3.61|80%|C3842583|[fndg]|["80%"-tx-10-"80"-fraction-0]|TX|1174/2|
00000000|MMI|3.61|Batch (Response Modality)|C1550176|[inpr]|["Batch"-tx-35-"Batch"-noun-0]|TX|2814/5|
00000000|MMI|3.61|Batch (group)|C1948031|[qnco]|["Batch"-tx-35-"Batch"-noun-0]|TX|2814/5|
00000000|MMI|3.61|Batch Number|C3641829|[inpr]|["BATCH"-tx-35-"Batch"-noun-0]|TX|2814/5|
00000000|MMI|3.61|Branch of|C1253959|[bpoc]|["Branch"-tx-25-"branch"-noun-0]|TX|1974/6|
00000000|MMI|3.61|Branch of plant|C2700383|[plnt]|["Branch"-tx-25-"branch"-noun-0]|TX|1974/6|
00000000|MMI|3.61|Clinical Trial Branch|C2826234|[inpr]|["BRANCH"-tx-25-"branch"-noun-0]|TX|1974/6|
00000000|MMI|3.61|Macromolecular Branch|C1881507|[chvs]|["Branch"-tx-25-"branch"-noun-0]|TX|1974/6|
00000000|MMI|3.61|Ejection fraction (finding)|C2700378|[fndg]|["Ejection fraction"-tx-3-"ejection fraction"-noun-0]|TX|588/17|
00000000|MMI|3.61|Ejection fraction (procedure)|C0489482|[diap]|["ejection fraction"-tx-3-"ejection fraction"-noun-0]|TX|588/17|
00000000|MMI|3.59|C-Circle|C3538933|[celc]|["CC"-tx-31-"CC"-noun-0]|TX|2692/2|
00000000|MMI|3.59|Pyrexia of unknown origin (excl puerperal)|C0856281|[sosy]|["puo"-tx-1-"PUO"-noun-0]|TX|12/3|
00000000|MMI|3.59|Akinetic|C0233568|[ftcn]|["Akinetic"-tx-26-"akinesis"-noun-0]|TX|2146/8|
00000000|MMI|3.59|Complete occlusion of coronary artery|C1955780|[dsyn]|["Total occlusion of coronary artery"-tx-25-"coronary artery total occlusion of"-noun-0]|TX|1791/15,1820/18|
00000000|MMI|3.58|Suggestive of|C0332299|[ftcn]|["Suggestive of"-tx-7-"suggestive of"-adj-0]|TX|900/13|
00000000|MMI|3.57|30%|C3842588|[fndg]|["30%"-tx-13-"30"-integer-1]|TX|1269/2|
00000000|MMI|3.57|Academic degree|C0542560|[inpr]|["degrees"-tx-13-"degrees"-noun-0]|TX|1272/7|
00000000|MMI|3.57|Degree or extent|C0449286|[qnco]|["degrees"-tx-13-"degrees"-noun-0]|TX|1272/7|
00000000|MMI|3.57|Elevated|C3163633|[qlco]|["Elevated"-tx-13-"elevated"-verb-0]|TX|1257/8|
00000000|MMI|3.57|High|C0205250|[qlco]|["Elevated"-tx-13-"elevated"-verb-0]|TX|1257/8|
00000000|MMI|3.57|Surgical transfer - action|C0348011|[ftcn]|["transferred"-tx-29-"transferred"-verb-0]|TX|2429/11|
00000000|MMI|3.57|Transfer Technique|C1705822|[ftcn]|["Transferred"-tx-29-"transferred"-verb-0]|TX|2429/11|
00000000|MMI|3.57|Ward (environment)|C1305702|[hcro,mnob]|["Ward"-tx-29-"ward"-noun-0]|TX|2448/4|
00000000|MMI|3.57|Ward (person)|C2355574|[popg]|["Ward"-tx-29-"ward"-noun-0]|TX|2448/4|
00000000|MMI|3.57|dictated - DocumentCompletion|C1609990|[idcn]|["Dictated"-tx-33-"Dictated"-noun-0]|TX|2737/8|
00000000|MMI|3.57|dictated - ParticipationMode|C1548384|[ftcn]|["dictated"-tx-33-"Dictated"-noun-0]|TX|2737/8|
00000000|MMI|3.56|Entire posterior descending branch of right coronary artery|C0500492|[bpoc]|["Posterior descending artery"-tx-28-"posterior descending arteries"-noun-0]|TX|2264/29|
00000000|MMI|3.56|Posterior interventricular branch of right coronary artery|C0226047|[bpoc]|["Posterior descending artery"-tx-28-"posterior descending arteries"-noun-0]|TX|2264/29|
00000000|MMI|3.56|Condition|C0348080|[qlco]|["Condition"-tx-30-"condition"-noun-0]|TX|2555/9|
00000000|MMI|3.56|Condition:Find:Pt:^Patient:Nom|C3864998|[clna]|["Condition"-tx-30-"condition"-noun-0]|TX|2555/9|
00000000|MMI|3.56|Consent Type - Coronary Angiography|C1548829|[hlca]|["Coronary Angiography"-tx-3-"Coronary angiography"-noun-0]|TX|508/20|
00000000|MMI|3.56|Disease classification level|C0456079|[clas]|["Level"-tx-6-"level"-noun-0]|TX|770/5|
00000000|MMI|3.56|Floor - story of building|C1547707|[geoa]|["Level"-tx-6-"level"-noun-0]|TX|770/5|
00000000|MMI|3.56|Level|C2946261|[phsu]|["Level"-tx-6-"level"-noun-0]|TX|770/5|
00000000|MMI|3.56|Levels (qualifier value)|C0441889|[qlco]|["Level"-tx-6-"level"-noun-0]|TX|770/5|
00000000|MMI|3.56|Logical Condition|C1705253|[cnce]|["Condition"-tx-30-"condition"-noun-0]|TX|2555/9|
00000000|MMI|3.56|Obstruction|C0028778|[patf]|["occluded"-tx-25-"occluded"-verb-1]|TX|2019/8|
00000000|MMI|3.56|Occluded|C1947917|[ftcn]|["Occluded"-tx-25-"occluded"-verb-0]|TX|2019/8|
00000000|MMI|3.55|Ventricle|C2355627|[bpoc]|["Ventricle"-tx-26-"ventricle"-noun-0]|TX|2099/9|
00000000|MMI|3.55|Evidence|C3887511|[idcn]|["Evidence"-tx-7-"evidence"-noun-0]|TX|823/8|
00000000|MMI|3.54|Regulatory Report|C3273238|[inpr]|["Report"-tx-25-"report"-noun-0]|TX|1745/6|
00000000|MMI|3.54|Report (document)|C0684224|[inpr]|["Report"-tx-25-"report"-noun-0]|TX|1745/6|
00000000|MMI|3.54|Reporting|C0700287|[hlca]|["Report"-tx-25-"report"-noun-0]|TX|1745/6|
00000000|MMI|3.54|Hospital environment|C1510665|[qlco]|["Hospital"-tx-4-"Hospital"-noun-0]|TX|650/8|
00000000|MMI|3.53|Coronary artery|C0205042|[bpoc]|["Artery, Coronary"-tx-8-"coronary artery"-noun-0]|TX|1028/15|
00000000|MMI|3.53|Entire coronary artery|C1269008|[bpoc]|["Coronary artery"-tx-8-"coronary artery"-noun-0]|TX|1028/15|
00000000|MMI|3.50|Apical|C0205111|[spco]|["APICAL"-tx-26-"apical"-adj-0]|TX|2139/6|
00000000|MMI|3.50|Hepatojugular|C3829708|[spco]|["Hepatojugular"-tx-14-"Hepatojugular"-adj-0]|TX|1281/13|
00000000|MMI|3.50|Laboratory domain|C3244292|[ftcn]|["laboratory"-tx-21-"LABORATORY"-noun-0]|TX|1482/10|
00000000|MMI|3.50|Last|C1517741|[qlco]|["Last"-tx-5-"last"-adj-0]|TX|702/4|
00000000|MMI|3.50|Proximal|C0205107|[spco]|["PROXIMAL"-tx-25-"proximal"-adj-0]|TX|1882/8|
00000000|MMI|3.50|carotid|C0741968|[bpoc]|["Carotid"-tx-15-"Carotid"-adj-0]|TX|1315/7|
00000000|MMI|3.49|Distance vision 6/6|C0442750|[fndg]|["6/6"-tx-1-"6/6"-fraction-0]|TX|166/3|
00000000|MMI|3.49|One Thousand|C1883310|[qnco]|["10^3"-tx-1-"10/3"-fraction-0]|TX|116/4|
00000000|MMI|3.49|Per Thousand|C4050554|[qnco]|["/10^3"-tx-1-"10/3"-fraction-0]|TX|116/4|
00000000|MMI|3.48|Three Vessel Coronary Disease|C3272265|[dsyn]|["Three Vessel Coronary Artery Disease"-tx-3-"Coronary three vessel artery disease"-noun-0]|TX|508/8,546/12,568/14|
00000000|MMI|3.48|Arterial system|C0226004|[bdsy]|["artery"-tx-8-"artery"-noun-0]|TX|1037/6|
00000000|MMI|3.48|Discharge summarization note:Finding:Point in time:{Setting}:Document:{Provider}|C0801840|[clna]|["Discharge summary"-tx-1-"Discharge Summary"-noun-0]|TX|63/17|
00000000|MMI|3.48|Discharge summary|C0743221|[inpr]|["Discharge summary"-tx-1-"Discharge Summary"-noun-0]|TX|63/17|
00000000|MMI|3.48|Further|C1517331|[spco]|["Further"-tx-30-"Further"-adj-0]|TX|2454/7|
00000000|MMI|3.48|Leucovorin Calcium|C0731033|[orch,phsu,vita]|["LV"-tx-7-"LV"-noun-0]|TX|971/2|
00000000|MMI|3.48|Liposome Vesicle|C1881413|[chvs]|["LV"-tx-7-"LV"-noun-0]|TX|971/2|
00000000|MMI|3.48|Small|C0700321|[qnco]|["SMALL"-tx-25-"small"-adj-0]|TX|1927/5|
00000000|MMI|3.47|Entire left margin of heart|C1305142|[blor]|["Obtuse margin"-tx-25-"obtuse marginal"-adj-0]|TX|1958/15|
00000000|MMI|3.47|55|C0450382|[inpr]|["55"-tx-9-"55"-integer-0]|TX|1125/2|
00000000|MMI|3.47|Large|C0549177|[qnco]|["LARGE"-tx-25-"large"-adj-0]|TX|1952/5|
00000000|MMI|3.46|Coronary artery atherosclerosis progression|C1735363|[dsyn]|["Coronary Disease progression"-tx-7-"progression coronary disease"-noun-0]|TX|847/11,862/16|
00000000|MMI|3.46|Diagnostic interview schedule|C0451119|[inpr]|["DIS"-tx-1-"DIS"-noun-0]|TX|94/3|
00000000|MMI|3.46|Discontinued|C1444662|[fndg]|["DIS"-tx-1-"DIS"-noun-0]|TX|94/3|
00000000|MMI|3.45|50%|C3842586|[fndg]|["50%"-tx-31-"50"-integer-0]|TX|2678/2|
00000000|MMI|3.45|<50|C3843766|[fndg]|["<50"-tx-31-"50"-integer-0]|TX|2678/2|
00000000|MMI|3.45|Personal History of Coronary Artery Disease|C1881055|[clna]|["History of Coronary Artery Disease"-tx-2-"history of coronary artery disease"-noun-0]|TX|382/34|
00000000|MMI|3.45|Bruit|C0006318|[fndg]|["bruits"-tx-15-"bruits"-noun-1]|TX|1347/6|
00000000|MMI|3.44|Anterior descending branch of left coronary artery|C0226032|[bpoc]|["Left anterior descending artery"-tx-25-"artery left anterior descending"-noun-0]|TX|1800/6,1843/24|
00000000|MMI|3.43|Anterior|C0205094|[ftcn]|["ANTERIOR"-tx-28-"anterior"-adj-0]|TX|2240/8|
00000000|MMI|3.43|Descending|C0205386|[qlco]|["Descending"-tx-28-"descending"-noun-0]|TX|2249/10|
00000000|MMI|3.43|Obesity Adverse Event|C1963185|[fndg]|["Obesity"-tx-1-"OBESITY"-noun-0]|TX|292/7|
00000000|MMI|3.43|Same|C0445247|[qlco]|["SAME"-tx-6-"same"-adj-0]|TX|765/4|
00000000|MMI|3.43|Sequencing - Descending|C1547177|[ftcn]|["Descending"-tx-28-"descending"-noun-0]|TX|2249/10|
00000000|MMI|3.43|Symptoms|C1457887|[sosy]|["SYMPTOMS"-tx-6-"symptoms"-noun-0]|TX|779/8|
00000000|MMI|3.43|Symptoms aspect|C0683368|[ftcn]|["symptoms"-tx-6-"symptoms"-noun-0]|TX|779/8|
00000000|MMI|3.43|Enlarged|C0442800|[qlco]|["Enlarged"-tx-26-"enlarged"-adj-0]|TX|2090/8|
00000000|MMI|3.43|Enlargement procedure|C1293134|[topp]|["Enlarged"-tx-26-"enlarged"-adj-0]|TX|2090/8|
00000000|MMI|3.43|Inferior|C0542339|[spco]|["INFERIOR"-tx-26-"inferior"-adj-0]|TX|2114/8|
00000000|MMI|3.43|Massive|C0522501|[qlco]|["Markedly"-tx-26-"markedly"-adv-0]|TX|2081/8|
00000000|MMI|3.43|Recent|C0332185|[tmco]|["Recent"-tx-8-"Recent"-adj-0]|TX|987/6|
00000000|MMI|3.43|inferiority|C0678975|[socb]|["inferior"-tx-26-"inferior"-adj-0]|TX|2114/8|
00000000|MMI|3.42|Borg Category-Ratio 10 Perceived Exertion Score 5|C4050466|[inpr]|["Severe"-tx-7-"severe"-adj-0]|TX|914/6|
00000000|MMI|3.42|Event Seriousness - Significant|C1546944|[qlco]|["Significant"-tx-7-"significant"-adj-0]|TX|835/11|
00000000|MMI|3.42|Severe (severity modifier)|C0205082|[qlco]|["SEVERE"-tx-7-"severe"-adj-0]|TX|914/6|
00000000|MMI|3.42|Severe Extremity Pain|C4050465|[inpr]|["Severe"-tx-7-"severe"-adj-0]|TX|914/6|
00000000|MMI|3.42|Significant|C0750502|[idcn]|["Significant"-tx-7-"significant"-adj-0]|TX|835/11|
00000000|MMI|3.42|Statistical Significance|C0237881|[qnco]|["significant"-tx-7-"significant"-adj-0]|TX|835/11|
00000000|MMI|3.42|February|C3830166|[qlco]|["February"-tx-28-"February"-noun-0]|TX|2307/8|
00000000|MMI|3.42|Adjacent|C0205117|[spco]|["next"-tx-4-"next"-adj-0]|TX|