00000000|MMI|66.42|Postoperative Period|C0032790|[tmco]|["Postoperative"-tx-45-"postoperative"-adj-0,"Postoperative"-tx-44-"postoperative"-noun-0,"Postoperative"-tx-40-"postoperative"-noun-0,"Postoperative"-tx-39-"postoperative"-adj-0]|TX|3171/13;3097/13;2755/13;2679/13|E04.614.750;N02.421.585.753.750
00000000|MMI|64.89|Patients|C0030705|[podg]|["*^patient"-tx-45-"patient"-noun-0,"*^patient"-tx-43-"patient"-noun-0,"*^patient"-tx-40-"patient"-noun-0,"*^patient"-tx-37-"patient"-noun-0,"*^patient"-tx-36-"patient"-noun-0,"*^patient"-tx-8-"patient"-noun-0,"*^patient"-tx-6-"patient"-noun-0]|TX|3120/7;2967/7;2720/7;2557/7;2435/7;875/7;423/7|M01.643
00000000|MMI|49.70|Coronary Artery Bypass Surgery|C0010055|[topp]|["Coronary Artery Bypass Grafting"-tx-36-"coronary artery bypass grafting"-noun-0,"Coronary Artery Bypass Grafting"-tx-6-"coronary artery bypass grafting"-noun-0,"Coronary Artery Bypass Surgery"-tx-2-"CORONARY ARTERY BYPASS SURGERY"-noun-0]|TX|2520/31;515/31;285/30|E04.100.376.719.332;E04.100.814.868.750;E04.928.220.520.220
00000000|MMI|45.34|Coumadin|C0699129|[orch,phsu]|["Coumadin"-tx-50-"Coumadin"-noun-0,"Coumadin"-tx-44-"Coumadin"-noun-0]|TX|3406/8;3063/8|D03.383.663.283.446.520.914;D03.438.150.446.520.914
00000000|MMI|40.34|Abortion consent:Finding:Point in time:^Patient:Document|C2360836|[clna]|["Patient"-tx-45-"patient"-noun-0,"Patient"-tx-43-"patient"-noun-0,"Patient"-tx-40-"patient"-noun-0,"Patient"-tx-37-"patient"-noun-0,"Patient"-tx-36-"patient"-noun-0,"Patient"-tx-8-"patient"-noun-0,"Patient"-tx-6-"patient"-noun-0]|TX|3120/7;2967/7;2720/7;2557/7;2435/7;875/7;423/7|
00000000|MMI|40.34|Hysterectomy consent:Finding:Point in time:^Patient:Document|C2360838|[clna]|["Patient"-tx-45-"patient"-noun-0,"Patient"-tx-43-"patient"-noun-0,"Patient"-tx-40-"patient"-noun-0,"Patient"-tx-37-"patient"-noun-0,"Patient"-tx-36-"patient"-noun-0,"Patient"-tx-8-"patient"-noun-0,"Patient"-tx-6-"patient"-noun-0]|TX|3120/7;2967/7;2720/7;2557/7;2435/7;875/7;423/7|
00000000|MMI|40.34|Sterilization consent:Finding:Point in time:^Patient:Document|C2360840|[clna]|["Patient"-tx-45-"patient"-noun-0,"Patient"-tx-43-"patient"-noun-0,"Patient"-tx-40-"patient"-noun-0,"Patient"-tx-37-"patient"-noun-0,"Patient"-tx-36-"patient"-noun-0,"Patient"-tx-8-"patient"-noun-0,"Patient"-tx-6-"patient"-noun-0]|TX|3120/7;2967/7;2720/7;2557/7;2435/7;875/7;423/7|
00000000|MMI|38.68|Lasix|C0699992|[orch,phsu]|["Lasix"-tx-46-"Lasix"-noun-0,"Lasix"-tx-16-"Lasix"-noun-0]|TX|3297/5;1741/5|D02.065.884.725.300;D02.092.146.807.300;D02.886.590.700.725.300
00000000|MMI|33.33|Coronary Arteriosclerosis|C0010054|[dsyn]|["coronary artery disease"-tx-11-"coronary artery disease"-noun-0,"coronary artery disease"-tx-2-"CORONARY ARTERY DISEASE"-noun-0]|TX|1355/23;247/23|C14.280.647.250.260;C14.907.137.126.339;C14.907.585.250.260
00000000|MMI|33.33|Coronary Artery Disease|C1956346|[dsyn]|["CORONARY ARTERY DISEASE"-tx-11-"coronary artery disease"-noun-0,"CORONARY ARTERY DISEASE"-tx-2-"CORONARY ARTERY DISEASE"-noun-0]|TX|1355/23;247/23|C14.280.647.250.260;C14.907.137.126.339;C14.907.585.250.260
00000000|MMI|32.91|Micronase|C0700712|[orch,phsu]|["Micronase"-tx-47-"Micronase"-noun-0,"Micronase"-tx-15-"Micronase"-noun-0]|TX|3320/9;1730/9|D02.886.590.795.575;D02.948.828.575
00000000|MMI|28.69|Aspirin|C0004057|[orch,phsu]|["ASPIRIN"-tx-14-"Aspirin"-noun-0]|TX|1705/7|D02.455.426.559.389.657.410.595.176
00000000|MMI|26.98|Coronary heart disease|C0010068|[dsyn]|["Coronary (artery) disease"-tx-11-"coronary artery disease"-noun-0,"Coronary (artery) disease"-tx-2-"CORONARY ARTERY DISEASE"-noun-0]|TX|1355/23;247/23|C14.280.647.250;C14.907.585.250
00000000|MMI|26.18|Aortic Valve Stenosis|C0003507|[dsyn]|["AORTIC STENOSIS"-tx-36-"aortic stenosis"-noun-0,"AORTIC STENOSIS"-tx-8-"aortic stenosis"-noun-0]|TX|2384/15;1012/15|C14.280.484.150;C14.280.955.249
00000000|MMI|23.77|milligram/day|C0439422|[qnco]|["mg/d"-tx-49-"mg d"-noun-0,"mg/d"-tx-48-"mg d"-noun-0,"mg/d"-tx-47-"mg d"-noun-0,"mg/d"-tx-46-"mg d"-noun-0,"mg/d"-tx-16-"mg d"-noun-0,"mg/d"-tx-14-"mg d"-noun-0]|TX|3391/2,3403/1;3360/2,3372/1;3332/2,3344/1;3306/2,3317/1;1750/2,1756/1;1717/2,1727/1|
00000000|MMI|20.95|Colace|C0282139|[orch,phsu]|["Colace"-tx-19-"Colace"-noun-0]|TX|1800/6|D02.241.081.337.759.249
00000000|MMI|19.91|Physical Examination|C0031809|[hlca]|["Physical"-tx-43-"physical"-adj-0,"PHYSICAL EXAMINATION"-tx-20-"PHYSICAL EXAMINATION"-noun-0]|TX|3024/8;1808/20|E01.370.600
00000000|MMI|19.84|Stenosis|C1261287|[patf]|["Stenosis"-tx-11-"stenosis"-noun-0]|TX|[1390/8],[1458/8]|C23.300.287
00000000|MMI|19.36|Lopressor|C0700776|[orch,phsu]|["Lopressor"-tx-48-"Lopressor"-noun-0]|TX|3347/9|D02.033.100.624.698.573;D02.033.755.624.698.573;D02.092.063.624.698.573
00000000|MMI|19.21|Ofloxacin|C0028902|[antb,orch]|["Ofloxacine"-tx-42-"Ofloxacin"-noun-0]|TX|2908/9|D03.438.810.835.322.500
00000000|MMI|19.19|International Normalized Ratio|C0525032|[lbpr]|["INR"-tx-50-"INR"-noun-0]|TX|3434/3|E01.370.225.625.115.320;E05.200.625.115.320
00000000|MMI|17.80|Cardiac Catheterization Procedures|C0018795|[hlca]|["Cardiac catheterisation"-tx-10-"Cardiac catheterization"-noun-0]|TX|1119/23|E01.370.370.380.140;E02.148.442;E05.157.250
00000000|MMI|17.80|Diabetes Mellitus, Non-Insulin-Dependent|C0011860|[dsyn]|["Noninsulin dependent diabetes mellitus"-tx-3-"NON-INSULIN-DEPENDENT DIABETES MELLITUS"-noun-0]|TX|325/39|C18.452.394.750.149;C19.246.300
00000000|MMI|17.80|Dominican Republic|C0013014|[geoa]|["DR"-tx-38-"Dr"-noun-0]|TX|2656/2|Z01.107.084.900.300;Z01.639.880.300
00000000|MMI|17.80|Echocardiography|C0013516|[diap]|["ECHOCARDIOGRAM"-tx-8-"echocardiogram"-noun-0]|TX|947/14|E01.370.350.130.750;E01.370.350.850.220;E01.370.370.380.220
00000000|MMI|17.80|Procardia|C0700861|[orch,phsu]|["Procardia"-tx-18-"Procardia"-noun-0]|TX|1789/9|D03.383.725.203.540
00000000|MMI|17.80|Pulse Pressure|C0949236|[orgf]|["pressure pulse"-tx-33-"Pressure pulse"-noun-0]|TX|2176/14|E01.370.600.875.249;G09.330.380.076
00000000|MMI|17.80|Surgeon|C0582175|[prog]|["Surgeon"-tx-38-"surgeon"-noun-0]|TX|2644/7|M01.526.485.810.910;N02.360.810.910
00000000|MMI|16.30|Blood Pressure|C0005823|[orgf]|["BLOOD PRESSURE"-tx-23-"Blood pressure"-noun-0]|TX|1911/14|E01.370.600.875.249;G09.330.380.076
00000000|MMI|16.30|Hematocrit procedure|C0018935|[lbpr]|["Hematocrit"-tx-35-"hematocrit"-noun-0]|TX|2329/10|E01.370.225.625.400;E05.200.625.400;G09.188.370.374
00000000|MMI|16.30|Hospitals, University|C0020028|[hcro,mnob]|["university hospital"-tx-8-"University Hospital"-noun-0]|TX|918/19|N02.278.020.300.310;N02.278.421.639.725
00000000|MMI|16.30|Pulse Rate|C0232117|[clna]|["PULSE"-tx-22-"Pulse"-noun-0]|TX|1889/5|E01.370.600.875.500;G09.330.380.500
00000000|MMI|16.30|Systemic arterial pressure|C1272641|[fndg]|["Blood pressure"-tx-23-"Blood pressure"-noun-0]|TX|1911/14|G09.330.380.076.347
00000000|MMI|16.25|Creatinine|C0010294|[bacs,orch]|["CREATININE"-tx-35-"creatinine"-noun-0]|TX|2280/10|D03.383.129.308.207
00000000|MMI|16.22|Procardia XL|C0524665|[orch,phsu]|["Procardia XL"-tx-49-"Procardia XL"-noun-0]|TX|3375/12|D03.383.725.203.540
00000000|MMI|16.21|Iodides|C0021966|[inch]|["I-"-tx-49-"i"-adv-0]|TX|3401/1|D01.248.497.158.490;D01.475.410
00000000|MMI|16.18|Togo|C0040363|[geoa]|["TO"-tx-12-"to"-adv-0]|TX|1587/2|Z01.058.290.190.800
00000000|MMI|16.18|Tryptophanase|C0041260|[aapp,enzy]|["TO"-tx-12-"to"-adv-0]|TX|1587/2|D08.811.520.224.800
00000000|MMI|16.15|Cicatrix|C2004491|[patf]|["Scar NOS"-tx-32-"scar"-noun-0]|TX|2131/4|A10.165.450.300;C23.550.355.274;G16.100.856.891.249
00000000|MMI|16.04|Saint Lucia|C0036056|[geoa]|["ST"-tx-37-"St"-noun-0]|TX|2607/2|Z01.107.084.900.825;Z01.639.880.825
00000000|MMI|14.64|Abdominal Cavity|C0230168|[blor]|["Abdomen"-tx-29-"ABDOMEN"-noun-0]|TX|2052/7|A01.923.047.025
00000000|MMI|14.64|Aortic valve calcification|C0428791|[dsyn]|["Calcified aortic stenosis"-tx-1-"CALCIFIED AORTIC STENOSIS"-noun-0]|TX|198/25|x.x.x.x
00000000|MMI|14.64|Diabetes Mellitus|C0011849|[dsyn]|["non insulin dependent diabetes Mellitus"-tx-3-"NON-INSULIN-DEPENDENT DIABETES MELLITUS"-noun-0]|TX|325/39|C18.452.394.750;C19.246
00000000|MMI|14.64|Physicians|C0031831|[prog]|["DR"-tx-38-"Dr"-noun-0]|TX|2656/2|M01.526.485.810;N02.360.810
00000000|MMI|14.64|Psoriasis|C0033860|[dsyn]|["PSORIASIS"-tx-5-"PSORIASIS"-noun-0]|TX|380/9|C17.800.859.675
00000000|MMI|14.64|Sodium|C0037473|[bacs,elii]|["SODIUM"-tx-35-"Sodium"-noun-0]|TX|2238/6|D01.268.549.750;D01.268.557.650;D01.552.528.850;D01.552.547.725;x.x.x.x
00000000|MMI|14.64|Vital signs|C0518766|[clna]|["Signs, Vital"-tx-22-"VITAL SIGNS"-noun-0]|TX|1876/11|E01.370.600.875
00000000|MMI|14.63|Saphenous vein graft|C0729538|[bpoc]|["SAPHENOUS VEIN GRAFT"-tx-32-"Saphenous vein graft"-noun-0,"SAPHENOUS VEIN GRAFT"-tx-13-"saphenous vein graft"-noun-0,"SAPHENOUS VEIN GRAFT"-tx-6-"saphenous vein graft"-noun-0]|TX|2099/20;1618/20;[633/20],[683/20]|
00000000|MMI|13.22|Aortic Valve Insufficiency|C0003504|[dsyn]|["AORTIC INSUFFICIENCY"-tx-8-"aortic insufficiency"-noun-0]|TX|1037/20|C14.280.484.095
00000000|MMI|13.14|Glucose|C0017725|[bacs,orch,phsu]|["GLUCOSE"-tx-35-"glucose"-noun-0]|TX|2297/7|D09.546.359.448
00000000|MMI|13.10|Urinary tract infection|C0042029|[dsyn]|["URINARY TRACT INFECTION"-tx-42-"urinary tract infection"-noun-0]|TX|2938/23|C01.539.895;C12.777.892;C13.351.968.892
00000000|MMI|13.09|Potassium|C0032821|[elii]|["POTASSIUM"-tx-35-"potassium"-noun-0]|TX|2255/9|D01.268.549.550;D01.268.557.575;D01.552.528.652;D01.552.547.650;x.x.x.x
00000000|MMI|13.05|Mongolia|C0026410|[geoa]|["MG"-tx-49-"mg"-noun-0]|TX|3391/2|Z01.252.474.651
00000000|MMI|13.02|Systolic Murmurs|C0232257|[fndg]|["Systolic Murmur"-tx-28-"systolic murmur"-noun-0]|TX|2003/15|C23.888.447.500
00000000|MMI|12.96|Caucasoid Race|C0007457|[popg]|["WHITE"-tx-35-"white"-adj-0]|TX|2311/5|M01.686.508.400
00000000|MMI|12.88|Ability|C0085732|[orga]|["Ability"-tx-43-"ability"-noun-0]|TX|3033/7|F02.784.629.131
00000000|MMI|12.88|Mercury|C0025424|[elii,hops]|["Hg"-tx-10-"Hg"-noun-0]|TX|1344/2|D01.268.556.504;D01.268.956.437;D01.552.544.504;x.x.x.x
00000000|MMI|11.49|Abdomen|C0000726|[blor]|["ABDOMEN"-tx-29-"ABDOMEN"-noun-0]|TX|2052/7|A01.923.047
00000000|MMI|11.49|Fatigue|C0015672|[sosy]|["FATIGUE"-tx-7-"fatigue"-noun-0]|TX|850/7|C23.888.369
00000000|MMI|11.49|Hypertensive disease|C0020538|[dsyn]|["HYPERTENSION"-tx-4-"HYPERTENSION"-noun-0]|TX|366/12|C14.907.489
00000000|MMI|10.93|day|C0439228|[tmco]|["DAYS"-tx-51-"days"-noun-0,"DAY"-tx-44-"day"-noun-0,"DAY"-tx-40-"day"-noun-0]|TX|3513/4;3111/3;2769/3|
00000000|MMI|10.73|0%|C3842591|[fndg]|["0%"-tx-35-"0"-real_number-0,"0%"-tx-10-"0"-real_number-0,"0%"-tx-9-"0"-real_number-0]|TX|2291/1;1277/1;1095/1|
00000000|MMI|10.71|/40|C0439509|[tmco]|["/40"-tx-46-"40"-integer-0,"/40"-tx-35-"40"-integer-0,"/40"-tx-16-"40"-integer-0]|TX|3303/2;2340/2;1747/2|
00000000|MMI|10.71|40%|C3842587|[qnco]|["40%"-tx-46-"40"-integer-0,"40%"-tx-35-"40"-integer-0,"40%"-tx-16-"40"-integer-0]|TX|3303/2;2340/2;1747/2|
00000000|MMI|10.66|30%|C3842588|[fndg]|["30%"-tx-49-"30"-integer-0,"30%"-tx-1-"30"-fraction-0]|TX|3388/2;[119/2],[169/2]|
00000000|MMI|10.64|Four|C0205450|[qnco]|["Four"-tx-51-"four"-word_numeral-0,"Four"-tx-45-"four"-word_numeral-0,"Four"-tx-7-"four"-word_numeral-0]|TX|3508/4;3285/4;746/4|
00000000|MMI|10.59|Descending|C0205386|[qlco]|["Descending"-tx-12-"descending"-noun-0,"Descending"-tx-11-"descending"-noun-0,"Descending"-tx-6-"descending"-noun-0]|TX|1572/10;1441/10;620/10|
00000000|MMI|10.59|Sequencing - Descending|C1547177|[ftcn]|["Descending"-tx-12-"descending"-noun-0,"Descending"-tx-11-"descending"-noun-0,"Descending"-tx-6-"descending"-noun-0]|TX|1572/10;1441/10;620/10|
00000000|MMI|10.42|Clear|C2963144|[qlco]|["Clear"-tx-27-"clear"-adj-0,"Clear"-tx-26-"Clear"-adj-0]|TX|1990/5;1966/5|
00000000|MMI|10.42|Doctor of Medicine|C1512018|[inpr]|["M.D."-tx-54-"M.D"-noun-0,"M.D."-tx-52-"M.D"-noun-0]|TX|3590/3;3549/3|
00000000|MMI|10.42|Negative Surgical Margin|C1709157|[fndg]|["Clear"-tx-27-"clear"-adj-0,"Clear"-tx-26-"Clear"-adj-0]|TX|1990/5;1966/5|
00000000|MMI|10.42|Obstruction|C0028778|[patf]|["occluded"-tx-13-"occluded"-verb-0,"occluded"-tx-11-"occluded"-verb-0]|TX|1672/8;1418/8|
00000000|MMI|10.42|Occluded|C1947917|[ftcn]|["Occluded"-tx-13-"occluded"-verb-0,"Occluded"-tx-11-"occluded"-verb-0]|TX|1672/8;1418/8|
00000000|MMI|10.42|Revealed|C0443289|[qlco]|["Revealed"-tx-10-"revealed"-verb-0,"Revealed"-tx-8-"revealed"-verb-0]|TX|1178/8;962/8|
00000000|MMI|9.95|Cardiac Surgery procedures|C0018821|[topp]|["Cardiac surgery"-tx-36-"Cardiac Surgery"-noun-0]|TX|2459/15|E04.100.376;E04.928.220
00000000|MMI|9.88|Complication Aspects|C1171258|[patf]|["complications"-tx-41-"complications"-noun-1]|TX|2869/13|x.x.x
00000000|MMI|9.87|Hospitals|C0019994|[hcro,mnob]|["HOSPITAL"-tx-10-"hospital"-noun-0]|TX|1167/8|N02.278.421
00000000|MMI|9.85|Mammary gland|C0929301|[bpoc]|["Mammary"-tx-6-"mammary"-noun-0]|TX|584/7|A01.236.249;A10.336.532
00000000|MMI|9.83|Tracheal Extubation|C0553891|[topp]|["Extubate"-tx-40-"extubated"-verb-0]|TX|2732/9|E02.041.249;E05.008
00000000|MMI|9.73|objective (goal)|C0018017|[inpr]|["Goal"-tx-50-"goal"-noun-0]|TX|3450/4|F01.658.500
00000000|MMI|8.34|Heart|C0018787|[bpoc]|["HEART"-tx-27-"HEART"-noun-0]|TX|1973/5|A07.541
00000000|MMI|8.34|Legal patent|C0030650|[inpr]|["patent"-tx-12-"patent"-adj-0]|TX|1606/6|V02.675
00000000|MMI|8.34|Limb structure|C0015385|[bpoc]|["Extremities"-tx-32-"EXTREMITIES"-noun-0]|TX|2086/11|A01.378
00000000|MMI|8.34|Lung|C0024109|[bpoc]|["LUNGS"-tx-26-"LUNGS"-noun-0]|TX|1959/5|A04.411
00000000|MMI|8.34|Neck|C0027530|[blor]|["NECK"-tx-24-"NECK"-noun-0]|TX|1934/4|A01.598
00000000|MMI|7.62|Replacement of aortic valve (procedure)|C0003506|[topp]|["AORTIC VALVE REPLACEMENT"-tx-37-"aortic valve replacement"-noun-0,"AORTIC VALVE REPLACEMENT"-tx-36-"aortic valve replacement"-noun-0]|TX|2575/24;2482/24|
00000000|MMI|7.55|Aortic valve area|C0428817|[orga]|["Aortic valve area"-tx-10-"aortic valve area"-noun-0,"Aortic valve area"-tx-9-"Aortic valve area"-noun-0]|TX|1256/17;1059/17|
00000000|MMI|7.23|month|C0439231|[tmco]|["MONTH"-tx-7-"month"-noun-0,"MONTHS"-tx-7-"months"-noun-0]|TX|838/5;751/6|
00000000|MMI|7.14|Daily|C0332173|[tmco]|["/day"-tx-44-"day"-noun-0,"/day"-tx-40-"day"-noun-0]|TX|3111/3;2769/3|
00000000|MMI|7.14|First (number)|C0205435|[qnco]|["First"-tx-44-"first"-adj-0,"First"-tx-40-"first"-adj-0]|TX|3091/5;2749/5|
00000000|MMI|7.14|Firstly|C1279901|[qlco]|["First"-tx-44-"first"-adj-0,"First"-tx-40-"first"-adj-0]|TX|3091/5;2749/5|
00000000|MMI|7.14|Started|C1272689|[qlco]|["Started"-tx-44-"started"-verb-0,"Started"-tx-42-"started"-verb-0]|TX|3076/7;2922/7|
00000000|MMI|7.14|Stenosis (invertebrate)|C2632116|[euka]|["Stenosis"-tx-11-"stenosis"-noun-0]|TX|[1390/8],[1458/8]|
00000000|MMI|7.14|Stenosis Morphology|C0678234|[qlco]|["Stenosis"-tx-11-"stenosis"-noun-0]|TX|[1390/8],[1458/8]|
00000000|MMI|7.14|per day|C0439505|[tmco]|["/day"-tx-44-"day"-noun-0,"/day"-tx-40-"day"-noun-0]|TX|3111/3;2769/3|
00000000|MMI|7.10|Admission activity|C0809949|[hlca]|["Admission"-tx-14-"ADMISSION"-noun-0,"Admitted"-tx-8-"admitted"-verb-0]|TX|1682/9;887/8|
00000000|MMI|7.10|Hospital admission|C0184666|[hlca]|["Admission"-tx-14-"ADMISSION"-noun-0,"admitted"-tx-8-"admitted"-verb-0]|TX|1682/9;887/8|
00000000|MMI|7.08|Event Seriousness - Significant|C1546944|[qlco]|["Significant"-tx-41-"significant"-adj-0,"Significant"-tx-36-"significant"-adj-0]|TX|2857/11;2372/11|
00000000|MMI|7.08|Significant|C0750502|[idcn]|["Significant"-tx-41-"significant"-adj-0,"Significant"-tx-36-"significant"-adj-0]|TX|2857/11;2372/11|
00000000|MMI|7.08|Statistical Significance|C0237881|[qnco]|["significant"-tx-41-"significant"-adj-0,"significant"-tx-36-"significant"-adj-0]|TX|2857/11;2372/11|
00000000|MMI|7.07|Last|C1517741|[qlco]|["Last"-tx-7-"last"-adj-0]|TX|[741/4],[833/4]|
00000000|MMI|7.05|sq. cm|C0439479|[qnco]|["square centimeters"-tx-10-"square centimeters"-noun-0,"square centimeters"-tx-9-"square centimeters"-noun-0]|TX|1281/18;1099/18|
00000000|MMI|7.04|50%|C3842586|[fndg]|["50%"-tx-48-"50"-integer-0,"50%"-tx-11-"50"-percentage-0]|TX|3357/2;1454/2|
00000000|MMI|7.04|<50|C3843766|[fndg]|["<50"-tx-48-"50"-integer-0,"<50"-tx-11-"50"-percentage-0]|TX|3357/2;1454/2|
00000000|MMI|7.02|Floor (anatomic)|C3714591|[anst]|["Floor"-tx-41-"floor"-noun-0,"Floor"-tx-40-"floor"-noun-0]|TX|2827/5;2796/5|
00000000|MMI|7.02|Floor - story of building|C1547707|[geoa]|["Floor"-tx-41-"floor"-noun-0,"Floor"-tx-40-"floor"-noun-0]|TX|2827/5;2796/5|
00000000|MMI|7.02|floor (object)|C0016249|[mnob]|["Floor"-tx-41-"floor"-noun-0,"Floor"-tx-40-"floor"-noun-0]|TX|2827/5;2796/5|
00000000|MMI|7.01|Left anterior|C0441998|[spco]|["Left anterior"-tx-12-"left anterior"-adj-0,"Left anterior"-tx-11-"left anterior"-adj-0]|TX|1558/13;1427/13|
00000000|MMI|7.01|Medical Valves|C0184252|[medd]|["VALVE"-tx-38-"valve"-noun-0,"VALVE"-tx-10-"valve"-noun-0]|TX|2616/5;1326/5|
00000000|MMI|7.01|Valve (physical object)|C3888056|[mnob]|["Valve"-tx-38-"valve"-noun-0,"Valve"-tx-10-"valve"-noun-0]|TX|2616/5;1326/5|
00000000|MMI|7.01|Valve Device Component|C1704414|[medd]|["Valve"-tx-38-"valve"-noun-0,"Valve"-tx-10-"valve"-noun-0]|TX|2616/5;1326/5|
00000000|MMI|7.01|anatomic valve|C1186983|[bpoc]|["Valve"-tx-38-"valve"-noun-0,"Valve"-tx-10-"valve"-noun-0]|TX|2616/5;1326/5|
00000000|MMI|7.00|Three|C0205449|[qnco]|["Three"-tx-45-"three"-word_numeral-0,"Three"-tx-6-"three"-word_numeral-0]|TX|3276/5;549/5|
00000000|MMI|6.95|Right coronary artery structure|C1261316|[bpoc]|["Right Coronary Artery"-tx-13-"right coronary artery"-noun-0,"Right Coronary Artery"-tx-6-"right coronary artery"-noun-0]|TX|1646/21;711/21|
00000000|MMI|6.92|Old|C0580836|[tmco]|["Old"-tx-20-"old"-noun-0,"Old"-tx-6-"old"-noun-0]|TX|1856/3;444/3|
00000000|MMI|6.92|per year|C0439508|[tmco]|["/Year"-tx-20-"year"-noun-0,"/Year"-tx-6-"year"-noun-0]|TX|1851/4;439/4|
00000000|MMI|6.92|year|C0439234|[tmco]|["YEAR"-tx-20-"year"-noun-0,"YEAR"-tx-6-"year"-noun-0]|TX|1851/4;439/4|
00000000|MMI|6.89|70%|C3842584|[fndg]|["70%"-tx-11-"70"-percentage-0]|TX|[1386/2],[1496/2]|
00000000|MMI|6.88|Left|C0205091|[spco]|["LEFT"-tx-32-"left"-noun-0,"LEFT"-tx-11-"left"-adj-0]|TX|2164/4;1406/4|
00000000|MMI|6.88|Left sided|C0443246|[spco]|["Left"-tx-32-"left"-noun-0,"Left"-tx-11-"left"-adj-0]|TX|2164/4;1406/4|
00000000|MMI|6.88|Table Cell Horizontal Align - left|C1552822|[ftcn]|["left"-tx-32-"left"-noun-0,"left"-tx-11-"left"-adj-0]|TX|2164/4;1406/4|
00000000|MMI|6.70|Transplanted tissue|C0332835|[tisu]|["GRAFT"-tx-12-"graft"-noun-0]|TX|1545/5|A01.941
00000000|MMI|6.69|Breast|C0006141|[bpoc]|["Mammary"-tx-6-"mammary"-noun-0]|TX|584/7|A01.236
00000000|MMI|5.18|2/5|C0450346|[qnco]|["2 5"-tx-50-"2.5"-real_number-0]|TX|3470/3|
00000000|MMI|5.18|Additional diagnoses|C2707270|[fndg]|["Additional diagnoses"-tx-2-"ADDITIONAL DIAGNOSES"-noun-0]|TX|225/20|
00000000|MMI|5.18|Additional diagnoses:-:Point in time:^Patient:-|C2707269|[clna]|["Additional diagnoses"-tx-2-"ADDITIONAL DIAGNOSES"-noun-0]|TX|225/20|
00000000|MMI|5.18|All extremities|C0278454|[bpoc]|["extremities"-tx-32-"EXTREMITIES"-noun-0]|TX|2086/11|
00000000|MMI|5.18|Apyrexial|C0277797|[fndg]|["Afebrile"-tx-21-"Afebrile"-adj-0]|TX|1866/8|
00000000|MMI|5.18|Benign|C0205183|[qlco]|["BENIGN"-tx-30-"Benign"-adj-0]|TX|2067/6|
00000000|MMI|5.18|Bruit|C0006318|[fndg]|["bruits"-tx-25-"bruits"-noun-1]|TX|1951/6|
00000000|MMI|5.18|Chest tightness|C0232292|[sosy]|["Chest tightness"-tx-7-"chest tightness"-noun-0]|TX|776/15|
00000000|MMI|5.18|Delayed Release Dosage Form|C1707664|[bodm]|["DR"-tx-38-"Dr"-noun-0]|TX|2656/2|
00000000|MMI|5.18|Device to Subject Relationship Domain|C3540849|[inpr]|["DR"-tx-38-"Dr"-noun-0]|TX|2656/2|
00000000|MMI|5.18|Doctor - Title|C2348314|[cnce]|["Dr."-tx-38-"Dr"-noun-0]|TX|2656/2|
00000000|MMI|5.18|Dyspnea on exertion|C0231807|[sosy]|["Dyspnoea on exertion"-tx-7-"dyspnea on exertion"-noun-0]|TX|796/19|
00000000|MMI|5.18|Echocardiogram (image)|C2243117|[inpr]|["Echocardiogram"-tx-8-"echocardiogram"-noun-0]|TX|947/14|
00000000|MMI|5.18|Entire abdomen|C1281594|[bpoc]|["Abdomen"-tx-29-"ABDOMEN"-noun-0]|TX|2052/7|
00000000|MMI|5.18|Entire heart|C1281570|[bpoc]|["Heart"-tx-27-"HEART"-noun-0]|TX|1973/5|
00000000|MMI|5.18|Entire neck|C1281592|[bpoc]|["Neck"-tx-24-"NECK"-noun-0]|TX|1934/4|
00000000|MMI|5.18|Extreme|C0205403|[qlco]|["Extreme"-tx-7-"extreme"-adj-0]|TX|862/7|
00000000|MMI|5.18|Fatigue Subordinate Domain|C4050243|[inpr]|["Fatigue"-tx-7-"fatigue"-noun-0]|TX|850/7|
00000000|MMI|5.18|Gender Status - Intact|C1554187|[fndg]|["Intact"-tx-34-"Intact"-adj-0]|TX|2213/6|
00000000|MMI|5.18|General medical service|C3812897|[hlca]|["General"-tx-20-"GENERAL"-adj-0]|TX|1830/7|
00000000|MMI|5.18|Generalized|C0205246|[spco]|["General"-tx-20-"GENERAL"-adj-0]|TX|1830/7|
00000000|MMI|5.18|History of present illness|C0262512|[orga]|["HISTORY OF PRESENT ILLNESS"-tx-6-"HISTORY OF PRESENT ILLNESS"-noun-0]|TX|391/26|
00000000|MMI|5.18|History of present illness:Finding:Point in time:^Patient:Nominal:Reported|C0488508|[clna]|["History of present illness"-tx-6-"HISTORY OF PRESENT ILLNESS"-noun-0]|TX|391/26|
00000000|MMI|5.18|Hospital course|C0489547|[fndg]|["Hospital course"-tx-36-"HOSPITAL COURSE"-noun-0]|TX|2344/15|
00000000|MMI|5.18|Hospital course:Finding:Point in time:^Patient:Narrative|C0488549|[clna]|["Hospital course"-tx-36-"HOSPITAL COURSE"-noun-0]|TX|2344/15|
00000000|MMI|5.18|Hypertension Adverse Event|C1963138|[fndg]|["Hypertension"-tx-4-"HYPERTENSION"-noun-0]|TX|366/12|
00000000|MMI|5.18|Intact|C0205266|[qlco]|["Intact"-tx-34-"Intact"-adj-0]|TX|2213/6|
00000000|MMI|5.18|Laboratory Data Domain|C1705214|[idcn]|["Laboratory Data"-tx-35-"LABORATORY DATA"-noun-0]|TX|2221/15|
00000000|MMI|5.18|Medication.discharge|C0806915|[fndg]|["Discharge medications"-tx-45-"DISCHARGE MEDICATIONS"-noun-0]|TX|3223/21|
00000000|MMI|5.18|Negation|C1518422|[ftcn]|["Not"-tx-41-"not"-adv-0]|TX|2837/3|
00000000|MMI|5.18|Neurologic (qualifier value)|C0205494|[qlco]|["NEUROLOGIC"-tx-34-"NEUROLOGIC"-adj-0]|TX|2201/10|
00000000|MMI|5.18|Non-tender|C0520960|[qlco]|["Nontender"-tx-31-"Nontender"-adj-0]|TX|2075/9|
00000000|MMI|5.18|Open|C0175566|[spco]|["Patent"-tx-12-"patent"-adj-0]|TX|1606/6|
00000000|MMI|5.18|PSMD2 gene|C1419032|[gngm]|["S2"-tx-27-"S2"-noun-0]|TX|1987/2|
00000000|MMI|5.18|Palpable|C0522499|[qlco]|["Palpable"-tx-33-"palpable"-adj-0]|TX|2191/8|
00000000|MMI|5.18|RPS2 gene|C1419718|[gngm]|["S2"-tx-27-"S2"-noun-0]|TX|1987/2|
00000000|MMI|5.18|Regular|C0205272|[qlco]|["Regular"-tx-22-"regular"-adj-0]|TX|1902/7|
00000000|MMI|5.18|S1|C3715215|[fndg]|["S1"-tx-27-"S1"-noun-0]|TX|1980/2|
00000000|MMI|5.18|S2|C3812876|[fndg]|["S2"-tx-27-"S2"-noun-0]|TX|1987/2|
00000000|MMI|5.18|S2 innervation|C1179705|[blor]|["S2"-tx-27-"S2"-noun-0]|TX|1987/2|
00000000|MMI|5.18|SHORT STATURE, ONYCHODYSPLASIA, FACIAL DYSMORPHISM, AND HYPOTRICHOSIS SYNDROME|C3542022|[dsyn]|["SOFT"-tx-29-"Soft"-adj-0]|TX|2061/4|
00000000|MMI|5.18|Safety Reporting Documentation|C3891294|[inpr]|["General"-tx-20-"GENERAL"-adj-0]|TX|1830/7|
00000000|MMI|5.18|Sodium Cation|C0597484|[elii]|["Sodium+"-tx-35-"Sodium"-noun-0]|TX|2238/6|
00000000|MMI|5.18|Sodium Drug Class|C3714642|[phsu]|["SODIUM"-tx-35-"Sodium"-noun-0]|TX|2238/6|
00000000|MMI|5.18|Sodium supplements|C3541959|[phsu]|["Sodium"-tx-35-"Sodium"-noun-0]|TX|2238/6|
00000000|MMI|5.18|Soft|C0205358|[qlco]|["Soft"-tx-29-"Soft"-adj-0]|TX|2061/4|
00000000|MMI|5.18|Supple|C0332254|[ftcn]|["Supple"-tx-24-"Supple"-adj-0]|TX|1940/6|
00000000|MMI|5.18|Taking vital signs|C0150404|[hlca]|["Vital signs"-tx-22-"VITAL SIGNS"-noun-0]|TX|1876/11|
00000000|MMI|5.18|Testicular Cancer Serum Markers Test Result S1|C3814877|[lbtr]|["S1"-tx-27-"S1"-noun-0]|TX|1980/2|
00000000|MMI|5.18|Testicular Cancer Serum Markers Test Result S2|C3812875|[lbtr]|["S2"-tx-27-"S2"-noun-0]|TX|1987/2|
00000000|MMI|5.18|Type II Diabetes Mellitus Pathway|C2984301|[ftcn]|["non insulin dependent diabetes mellitus"-tx-3-"NON-INSULIN-DEPENDENT DIABETES MELLITUS"-noun-0]|TX|325/39|
00000000|MMI|5.18|Very severe|C3641272|[qlco]|["Extreme"-tx-7-"extreme"-adj-0]|TX|862/7|
00000000|MMI|5.18|Warmer, device|C0184348|[medd]|["Warm"-tx-39-"Warm"-verb-0]|TX|2660/4|
00000000|MMI|5.18|dendritic spine neck|C3159206|[celc]|["neck"-tx-24-"NECK"-noun-0]|TX|1934/4|
00000000|MMI|5.18|warming process|C0687712|[npop]|["warm"-tx-39-"Warm"-verb-0]|TX|2660/4|
00000000|MMI|3.98|Experience|C0596545|[menp]|["Experience"-tx-7-"experienced"-verb-0]|TX|764/11|
00000000|MMI|3.98|Practice Experience|C0237607|[menp]|["experience"-tx-7-"experienced"-verb-0]|TX|764/11|
00000000|MMI|3.98|REGAIN|C1875723|[food]|["REGAIN"-tx-43-"regained"-verb-0]|TX|2975/8|
00000000|MMI|3.98|Show|C1547282|[anim]|["Show"-tx-11-"showed"-verb-0]|TX|1379/6|
00000000|MMI|3.75|Discharge date|C2361123|[tmco]|["Discharge date"-tx-1-"Discharge Date"-noun-0]|TX|151/14|
00000000|MMI|3.75|Discharge date:Time Stamp -- Date and Time:Point in time:^Patient:Quantitative|C2361122|[clna]|["Discharge date"-tx-1-"Discharge Date"-noun-0]|TX|151/14|
00000000|MMI|3.73|Pulmonary artery pressure|C0428642|[lbtr]|["Pulmonary artery pressure"-tx-10-"pulmonary artery pressures"-noun-0]|TX|1227/26|
00000000|MMI|3.71|Discharged from hospital|C0438953|[fndg]|["Discharged from hospital"-tx-45-"discharged from hospital"-noun-0]|TX|3132/15,3152/8|
00000000|MMI|3.71|Symptom severity level|C1319166|[fndg]|["Severity of symptoms"-tx-36-"severity of symptoms"-noun-0]|TX|2404/11,2420/8|
00000000|MMI|3.68|% index|C1637833|[qnco]|["% index"-tx-55-"Index"-noun-0]|TX|3623/5|
00000000|MMI|3.68|Attending (action)|C1999232|[ftcn]|["attending"-tx-53-"Attending"-noun-0]|TX|3559/9|
00000000|MMI|3.68|Attending (provider role)|C1547429|[prog]|["Attending"-tx-53-"Attending"-noun-0]|TX|3559/9|
00000000|MMI|3.68|Blood pressure finding|C1271104|[fndg]|["Blood Pressure"-tx-23-"Blood pressure"-noun-0]|TX|1911/14|
00000000|MMI|3.68|Count|C0750480|[qnco]|["Count"-tx-35-"count"-noun-0]|TX|2317/5|
00000000|MMI|3.68|Count Dosing Unit|C1705566|[qnco]|["COUNT"-tx-35-"count"-noun-0]|TX|2317/5|
00000000|MMI|3.68|Gram per Deciliter|C0439267|[qnco]|["g%"-tx-53-"G"-noun-0]|TX|3578/1|
00000000|MMI|3.68|Hematocrit level|C0518014|[fndg]|["Hematocrit"-tx-35-"hematocrit"-noun-0]|TX|2329/10|
00000000|MMI|3.68|Hour|C0439227|[tmco]|["HOURS"-tx-45-"hours"-noun-0]|TX|3290/5|
00000000|MMI|3.68|Html Link Type - index|C1552854|[idcn]|["index"-tx-55-"Index"-noun-0]|TX|3623/5|
00000000|MMI|3.68|Index|C0918012|[inpr]|["Index"-tx-55-"Index"-noun-0]|TX|3623/5|
00000000|MMI|3.68|Medications:-:Point in time:^Patient:-|C2598133|[clna]|["Medications"-tx-14-"MEDICATIONS"-noun-0]|TX|1692/11|
00000000|MMI|3.68|Medications:Presence or Identity:Duration of the study:^Patient:Nominal|C0802604|[clna]|["Medications"-tx-14-"MEDICATIONS"-noun-0]|TX|1692/11|
00000000|MMI|3.68|Pharmaceutical Preparations|C0013227|[phsu]|["Medications"-tx-14-"MEDICATIONS"-noun-0]|TX|1692/11|D26
00000000|MMI|3.68|Physiologic pulse|C0391850|[phsf]|["Pulse"-tx-22-"Pulse"-noun-0]|TX|1889/5|
00000000|MMI|3.68|Pulse phenomenon|C1947910|[phpr]|["Pulse"-tx-22-"Pulse"-noun-0]|TX|1889/5|
00000000|MMI|3.66|Captopril 12.5 MG|C0984501|[clnd]|["Captopril 12.5 MG"-tx-17-"Captopril 12.5 mg"-noun-0]|TX|1759/17|
00000000|MMI|3.65|Principal Diagnosis:-:Point in time:^Patient:-|C2598194|[clna]|["Principal Diagnosis"-tx-1-"PRINCIPAL DIAGNOSIS"-noun-0]|TX|177/19|
00000000|MMI|3.65|Principal diagnosis|C0332137|[qlco]|["Principal Diagnosis"-tx-1-"PRINCIPAL DIAGNOSIS"-noun-0]|TX|177/19|
00000000|MMI|3.65|Report status|C0586177|[fndg]|["Report status"-tx-1-"Report Status"-noun-0]|TX|127/13|
00000000|MMI|3.64|Ofloxacin 200 MG|C0988255|[clnd]|["Ofloxacin 200 MG"-tx-51-"Ofloxacin 200 mg"-noun-0]|TX|3475/16|
00000000|MMI|3.64|Antibiotic therapy|C0338237|[topp]|["Antibiotic Therapy"-tx-42-"Antibiotic therapy"-noun-0]|TX|2884/18|
00000000|MMI|3.64|Associated with|C0332281|[qlco]|["Associated with"-tx-41-"associated with"-verb-0]|TX|2841/15|
00000000|MMI|3.64|Discipline of Heart Surgery|C0524727|[bmod]|["Cardiac surgery"-tx-36-"Cardiac Surgery"-noun-0]|TX|2459/15|
00000000|MMI|3.64|Recurrent urinary tract infection|C0262655|[dsyn]|["Urinary tract infection"-tx-42-"urinary tract infection"-noun-0]|TX|2938/23|
00000000|MMI|3.64|dictated - DocumentCompletion|C1609990|[idcn]|["Dictated"-tx-52-"Dictated"-verb-0]|TX|3519/8|
00000000|MMI|3.64|dictated - ParticipationMode|C1548384|[ftcn]|["dictated"-tx-52-"Dictated"-verb-0]|TX|3519/8|
00000000|MMI|3.63|1+|C3816745|[fndg]|["1+"-tx-56-"1"-fraction-0]|TX|3658/1|
00000000|MMI|3.63|1+ Score|C2827734|[qnco]|["1+"-tx-56-"1"-fraction-0]|TX|3658/1|
00000000|MMI|3.63|1+ Score, WHO|C2981698|[clas]|["1+"-tx-56-"1"-fraction-0]|TX|3658/1|
00000000|MMI|3.63|Admission date:Time Stamp -- Date and Time:Point in time:^Patient:Quantitative|C2598112|[clna]|["Admission date"-tx-1-"Admission Date"-noun-0]|TX|101/14|
00000000|MMI|3.63|Course|C0750729|[tmco]|["Course"-tx-39-"course"-noun-0]|TX|2693/6|
00000000|MMI|3.63|Creatinine finding|C1561535|[fndg]|["Creatinine"-tx-35-"creatinine"-noun-0]|TX|2280/10|
00000000|MMI|3.63|Date of admission|C1302393|[tmco]|["Admission date"-tx-1-"Admission Date"-noun-0]|TX|101/14|
00000000|MMI|3.63|Potassium Drug Class|C3714637|[phsu]|["POTASSIUM"-tx-35-"potassium"-noun-0]|TX|2255/9|
00000000|MMI|3.63|Potassium Ion|C0597277|[elii,phsu]|["Potassium"-tx-35-"potassium"-noun-0]|TX|2255/9|
00000000|MMI|3.63|Potassium measurement|C0202194|[lbpr]|["Potassium+"-tx-35-"potassium"-noun-0]|TX|2255/9|
00000000|MMI|3.63|Potassium supplement|C0304475|[inch,phsu]|["POTASSIUM"-tx-35-"potassium"-noun-0]|TX|2255/9|
00000000|MMI|3.61|80%|C3842583|[fndg]|["80%"-tx-23-"80"-fraction-0]|TX|1930/2|
00000000|MMI|3.61|Batch (Response Modality)|C1550176|[inpr]|["Batch"-tx-55-"Batch"-noun-0]|TX|3610/5|
00000000|MMI|3.61|Batch (group)|C1948031|[qnco]|["Batch"-tx-55-"Batch"-noun-0]|TX|3610/5|
00000000|MMI|3.61|Batch Number|C3641829|[inpr]|["BATCH"-tx-55-"Batch"-noun-0]|TX|3610/5|
00000000|MMI|3.61|Incision and drainage|C0152277|[topp]|["i d"-tx-49-"i.d"-adv-0]|TX|3401/3|
00000000|MMI|3.61|Ejection fraction (finding)|C2700378|[fndg]|["Ejection fraction"-tx-10-"ejection fraction"-noun-0]|TX|1190/17|
00000000|MMI|3.61|Ejection fraction (procedure)|C0489482|[diap]|["ejection fraction"-tx-10-"ejection fraction"-noun-0]|TX|1190/17|
00000000|MMI|3.61|Left internal mammary artery|C0447054|[bpoc]|["Left internal mammary artery"-tx-6-"left internal mammary artery"-noun-0]|TX|570/28|
00000000|MMI|3.60|Normal Ventricular Ejection Fraction|C1535947|[fndg]|["NORMAL EJECTION FRACTION"-tx-8-"normal ejection fraction"-noun-0]|TX|975/24|
00000000|MMI|3.59|Anterior descending branch of left coronary artery|C0226032|[bpoc]|["Left anterior descending artery"-tx-6-"left artery anterior descending"-noun-0]|TX|570/4,592/6,611/19|
00000000|MMI|3.59|Pyrexia of unknown origin (excl puerperal)|C0856281|[sosy]|["puo"-tx-1-"PUO"-noun-0]|TX|12/3|
00000000|MMI|3.59|Stricture of artery|C0038449|[patf]|["Stenosis of artery"-tx-11-"stenosis of arteries"-noun-0]|TX|1500/11,1531/8|
00000000|MMI|3.59|Blood group antibody I|C0221138|[aapp,imft]|["I NOS"-tx-49-"i"-adv-0]|TX|3401/1|
00000000|MMI|3.59|Magnesium Cation|C2346927|[elii,phsu]|["Mg++"-tx-49-"mg"-noun-0]|TX|3391/2|
00000000|MMI|3.59|Milligram percent|C1960952|[qnco]|["mg %"-tx-49-"mg"-noun-0]|TX|3391/2|
00000000|MMI|3.59|mg/dL|C0439269|[qnco]|["mg%"-tx-49-"mg"-noun-0]|TX|3391/2|
00000000|MMI|3.59|ANTICOAGULATION (finding)|C2919015|[fndg]|["ANTICOAGULATION"-tx-44-"Anticoagulation"-noun-0]|TX|3042/15|
00000000|MMI|3.59|Anticoagulation Therapy|C0003281|[topp]|["anticoagulation"-tx-44-"Anticoagulation"-noun-0]|TX|3042/15|
00000000|MMI|3.59|Decreased Coagulation Activity [PE]|C3537050|[phsf]|["Anticoagulation"-tx-44-"Anticoagulation"-noun-0]|TX|3042/15|
00000000|MMI|3.59|Negative Regulation of Coagulation|C2917212|[phsf]|["Anticoagulation"-tx-44-"Anticoagulation"-noun-0]|TX|3042/15|
00000000|MMI|3.58|Stable Disease|C0677946|[fndg]|["Stable condition"-tx-45-"stable condition"-noun-0]|TX|3164/6,3185/9|
00000000|MMI|3.58|Stable chronic Graft vs Host Disease|C3538874|[fndg]|["Stable condition"-tx-45-"stable condition"-noun-0]|TX|3164/6,3185/9|
00000000|MMI|3.57|Complication|C0009566|[patf]|["Complications"-tx-41-"complications"-noun-1]|TX|2869/13|
00000000|MMI|3.57|Referral placed|C1691010|[ftcn]|["Referred"-tx-36-"referred"-verb-0]|TX|2447/8|
00000000|MMI|3.57|Referring|C0205543|[ftcn]|["referred"-tx-36-"referred"-verb-0]|TX|2447/8|
00000000|MMI|3.57|Surgical transfer - action|C0348011|[ftcn]|["transferred"-tx-40-"transferred"-verb-0]|TX|2777/11|
00000000|MMI|3.57|To|C1883351|[qlco]|["To"-tx-12-"to"-adv-0]|TX|1587/2|
00000000|MMI|3.57|Transfer Technique|C1705822|[ftcn]|["Transferred"-tx-40-"transferred"-verb-0]|TX|2777/11|
00000000|MMI|3.56|Hospital environment|C1510665|[qlco]|["Hospital"-tx-10-"hospital"-noun-0]|TX|1167/8|
00000000|MMI|3.56|Monthly (qualifier value)|C0332177|[tmco]|["/month"-tx-7-"month"-noun-0]|TX|838/5|
00000000|MMI|3.56|Performed|C0884358|[ftcn]|["Performed"-tx-10-"performed"-verb-0]|TX|1145/9|
00000000|MMI|3.56|Recovery - action|C0237820|[acty]|["RECOVERY"-tx-41-"recovery"-noun-0]|TX|2811/8|
00000000|MMI|3.56|Recovery - healing process|C2004454|[orgf]|["RECOVERY"-tx-41-"recovery"-noun-0]|TX|2811/8|
00000000|MMI|3.56|Same|C0445247|[qlco]|["SAME"-tx-10-"same"-adj-0]|TX|1162/4|
00000000|MMI|3.56|per month (qualifier value)|C0439507|[tmco]|["/month"-tx-7-"month"-noun-0]|TX|838/5|
00000000|MMI|3.56|recovery - adjustment|C1555688|[qnco]|["recovery"-tx-41-"recovery"-noun-0]|TX|2811/8|
00000000|MMI|3.55|Calculated (origins)|C0444686|[ftcn]|["Calculated"-tx-9-"calculated"-verb-0]|TX|1081/10|
00000000|MMI|3.55|Calculated (procedure)|C1443182|[lbpr]|["Calculated"-tx-9-"calculated"-verb-0]|TX|1081/10|
00000000|MMI|3.55|Calculation|C1441506|[acty]|["Calculated"-tx-9-"calculated"-verb-0]|TX|1081/10|
00000000|MMI|3.55|Graft material|C0181074|[bodm]|["{Graft}"-tx-12-"graft"-noun-0]|TX|1545/5|
00000000|MMI|3.55|Grafting procedure|C1961139|[topp]|["Graft, NOS"-tx-12-"graft"-noun-0]|TX|1545/5|
00000000|MMI|3.55|One|C0205447|[qnco]|["ONE"-tx-45-"one"-noun-0]|TX|3254/3|
00000000|MMI|3.54|Gradient|C0812409|[qnco]|["Gradient"-tx-10-"gradient"-noun-0]|TX|1306/8|
00000000|MMI|3.54|percent gradient|C0439182|[qnco]|["% gradient"-tx-10-"gradient"-noun-0]|TX|1306/8|
00000000|MMI|3.54|Code System Type - Internal|C1553872|[qlco]|["Internal"-tx-6-"internal"-noun-0]|TX|575/8|
00000000|MMI|3.54|Internal|C0205102|[spco]|["Internal"-tx-6-"internal"-noun-0]|TX|575/8|
00000000|MMI|3.54|Scar Tissue|C0241158|[fndg]|["scar"-tx-32-"scar"-noun-0]|TX|2131/4|
00000000|MMI|3.54|significance level|C0814896|[resa]|["Significance Level"-tx-43-"significant level"-noun-0]|TX|2986/17|
00000000|MMI|3.50|3/24|C0442763|[fndg]|["3/24"-tx-56-"3/24"-fraction-0]|TX|3647/4|
00000000|MMI|3.50|Caucasians|C0043157|[popg]|["WHITE"-tx-35-"white"-adj-0]|TX|2311/5|
00000000|MMI|3.50|White color|C0220938|[qlco]|["WHITE"-tx-35-"white"-adj-0]|TX|2311/5|
00000000|MMI|3.48|Discharge summarization note:Finding:Point in time:{Setting}:Document:{Provider}|C0801840|[clna]|["Discharge summary"-tx-1-"Discharge Summary"-noun-0]|TX|64/17|
00000000|MMI|3.48|Discharge summary|C0743221|[inpr]|["Discharge summary"-tx-1-"Discharge Summary"-noun-0]|TX|64/17|
00000000|MMI|3.48|Immediate|C0205253|[tmco]|["Immediate"-tx-39-"immediate"-adj-0]|TX|2669/9|
00000000|MMI|3.48|Mild (qualifier value)|C2945599|[qlco]|["MILD"-tx-8-"mild"-adj-0]|TX|1032/4|
00000000|MMI|3.48|Stat (do immediately)|C0205548|[tmco]|["Immediate"-tx-39-"immediate"-adj-0]|TX|2669/9|
00000000|MMI|3.47|Gait normal|C0231683|[fndg]|["Normal"-tx-10-"normal"-adj-0]|TX|1220/6|
00000000|MMI|3.47|Mean Percent of Normal|C2347086|[qnco]|["% Normal"-tx-10-"normal"-adj-0]|TX|1220/6|
00000000|MMI|3.47|Native (qualifier value)|C0302891|[ftcn]|["Native"-tx-11-"Native"-adj-0]|TX|1348/6|
00000000|MMI|3.47|Normal|C0205307|[qlco]|["NORMAL"-tx-10-"normal"-adj-0]|TX|1220/6|
00000000|MMI|3.47|Percent normal|C0439166|[qnco]|["% normal"-tx-10-"normal"-adj-0]|TX|1220/6|
00000000|MMI|3.46|Personal History of Coronary Artery Disease|C1881055|[clna]|["History of Coronary Artery Disease"-tx-6-"history of coronary artery disease"-noun-0]|TX|464/34|
00000000|MMI|3.46|4+ Answer to question|C3838679|[fndg]|["4+"-tx-1-"4"-fraction-0]|TX|167/1|
00000000|MMI|3.46|Pleasant|C2987187|[menp]|["Pleasant"-tx-20-"Pleasant"-adj-0]|TX|1839/8|
00000000|MMI|3.46|Possible|C0332149|[qlco]|["Possible"-tx-36-"possible"-adj-0]|TX|2511/8|
00000000|MMI|3.46|Possible diagnosis|C2362652|[qlco]|["Possible"-tx-36-"possible"-adj-0]|TX|2511/8|
00000000|MMI|3.46|Possibly Related to Intervention|C1705910|[qlco]|["Possible"-tx-36-"possible"-adj-0]|TX|2511/8|
00000000|MMI|3.46|Diagnostic interview schedule|C0451119|[inpr]|["DIS"-tx-1-"DIS"-noun-0]|TX|95/3|
00000000|MMI|3.46|Discontinued|C1444662|[fndg]|["DIS"-tx-1-"DIS"-noun-0]|TX|95/3|
00000000|MMI|3.44|Medial aspect of thigh|C0446561|[blor]|["Medial aspect of thigh"-tx-32-"medial aspect of thigh"-noun-0]|TX|2143/16,2169/5|
00000000|MMI|3.44|Right side of heart|C0225808|[blor]|["Right coronary"-tx-11-"right coronary"-noun-0]|TX|1516/14|
00000000|MMI|3.44|Right sternal border|C4068812|[bsoj]|["Right sternal border"-tx-28-"right sternal border"-noun-0]|TX|2024/5,2036/14|
00000000|MMI|3.44|Acetaminophen Oral Tablet [Tylenol]|C1243075|[clnd]|["Tylenol Tablets"-tx-45-"Tylenol tablets"-noun-0]|TX|3246/7,3265/7|
00000000|MMI|3.44|August|C3831448|[qlco]|["August"-tx-38-"August"-noun-0]|TX|2625/6|
00000000|MMI|3.44|Post|C0687676|[tmco]|["Status Post"-tx-2-"STATUS POST"-prep-0]|TX|273/11|
00000000|MMI|3.44|Status post|C0231290|[tmco]|["Status post"-tx-2-"STATUS POST"-prep-0]|TX|273/11|
00000000|MMI|3.43|3/6|C0442759|[fndg]|["3 6"-tx-28-"3/6"-fraction-0]|TX|1999/3|
00000000|MMI|3.43|Further|C1517331|[spco]|["Further"-tx-41-"Further"-adj-0]|TX|2803/7|
00000000|MMI|3.43|Entire left margin of heart|C1305142|[blor]|["Obtuse margin"-tx-11-"obtuse marginal"-adj-0]|TX|1474/15|
00000000|MMI|3.43|Character String Data Type|C3272372|[inpr]|["ST"-tx-37-"St"-noun-0]|TX|2607/2|
00000000|MMI|3.43|Main|C1542147|[qlco]|["Main"-tx-11-"main"-adj-0]|TX|1411/4|
00000000|MMI|3.43|Primary|C0205225|[qlco]|["Main"-tx-11-"main"-adj-0]|TX|1411/4|
00000000|MMI|3.43|September|C3828193|[tmco]|["September"-tx-45-"September"-noun-0]|TX|3198/9|
00000000|MMI|3.42|Marginal|C0205284|[spco]|["Marginal"-tx-6-"marginal"-adj-0]|TX|668/8|
00000000|MMI|3.42|Marginal (quality)|C1947914|[qlco]|["Marginal"-tx-6-"marginal"-adj-0]|TX|668/8|
00000000|MMI|3.42|Obtuse|C0443269|[qlco]|["Obtuse"-tx-6-"obtuse"-adj-0]|TX|661/6|
00000000|MMI|3.42|Target Awareness - marginal|C1550517|[fndg]|["marginal"-tx-6-"marginal"-adj-0]|TX|668/8|
00000000|MMI|3.42|Two|C0205448|[qnco]|["Two"-tx-45-"two"-adj-0]|TX|3261/3|
00000000|MMI|3.42|Borg Category-Ratio 10 Perceived Exertion Score 5|C4050466|[inpr]|["Severe"-tx-8-"severe"-adj-0]|TX|1005/6|
00000000|MMI|3.42|Low Mitosis-Karyorrhexis Index|C3890211|[qnco]|["Low"-tx-8-"low"-adj-0]|TX|971/3|
00000000|MMI|3.42|Physical|C0205485|[ftcn]|["Physical"-tx-43-"physical"-adj-0]|TX|3024/8|
00000000|MMI|3.42|Physical assessment findings|C1509143|[fndg]|["Physical"-tx-43-"physical"-adj-0]|TX|3024/8|
00000000|MMI|3.42|Preoperative|C0445204|[tmco]|["Preoperative"-tx-43-"preoperative"-adj-0]|TX|3011/12|
00000000|MMI|3.42|Severe (severity modifier)|C0205082|[qlco]|["SEVERE"-tx-8-"severe"-adj-0]|TX|1005/6|
00000000|MMI|3.42|Severe Extremity Pain|C4050465|[inpr]|["Severe"-tx-8-"severe"-adj-0]|TX|1005/6|
00000000|MMI|3.42|low|C0205251|[qlco]|["Low"-tx-8-"low"-adj-0]|TX|971/3|
00000000|MMI|3.42|low confidentiality|C1550472|[inpr]|["low"-tx-8-"low"-adj-0]|TX|971/3|
00000000|MMI|3.42|low exposure|C4048187|[qlco]|["low"-tx-8-"low"-adj-0]|TX|971/3|
00000000|MMI|3.42|Dietary Mercury|C2348272|[elii]|["Hg"-tx-10-"Hg"-noun-0]|TX|1344/2|
00000000|MMI|3.42|Mercury 2+|C2347109|[elii]|["Hg++"-tx-