00000000|MMI|155.62|Chest Pain|C0008031|[sosy]|["CHEST PAIN"-tx-32-"chest pain"-noun-0,"CHEST PAIN"-tx-26-"chest pain"-noun-1,"CHEST PAIN"-tx-16-"chest pain"-noun-0,"CHEST PAIN"-tx-14-"chest pain"-noun-0,"CHEST PAIN"-tx-11-"chest pain"-noun-0,"CHEST PAIN"-tx-8-"chest pain"-noun-0,"CHEST PAIN"-tx-7-"chest pain"-noun-0]|TX|[3160/10],[3197/10];2440/10;1817/10;1664/10;1365/10;1169/10;1021/10|C10.597.617.192;C23.888.592.612.233
00000000|MMI|144.22|Patients|C0030705|[podg]|["*^patient"-tx-46-"patient"-noun-0,"*^patient"-tx-38-"patient"-noun-0,"*^patient"-tx-37-"patient"-noun-0,"*^patient"-tx-36-"patient"-noun-0,"*^patient"-tx-34-"patient"-noun-0,"*^patient"-tx-32-"patient"-noun-0,"*^patient"-tx-31-"patient"-noun-0,"*^patient"-tx-29-"patient"-noun-0,"*^patient"-tx-27-"patient"-noun-0,"*^patient"-tx-26-"patient"-noun-0,"*^patient"-tx-2-"patient's"-noun-0,"*^patient"-tx-1-"patient"-noun-0]|TX|4415/7;3972/7;3854/7;3616/7;3387/7;3175/7;3039/7;2729/7;2557/7;2381/7;418/9;306/7|M01.643
00000000|MMI|107.75|Togo|C0040363|[geoa]|["TO"-tx-36-"to"-adv-0,"TO"-tx-36-"to"-noun-0,"TO"-tx-32-"to"-adv-0,"TO"-tx-30-"to"-adv-0,"TO"-tx-13-"to"-adv-0]|TX|[3631/2],[3762/2],[3770/2];[3631/2],[3762/2],[3770/2];3223/2;3005/2;1519/2|Z01.058.290.190.800
00000000|MMI|107.75|Tryptophanase|C0041260|[aapp,enzy]|["TO"-tx-36-"to"-adv-0,"TO"-tx-36-"to"-noun-0,"TO"-tx-32-"to"-adv-0,"TO"-tx-30-"to"-adv-0,"TO"-tx-13-"to"-adv-0]|TX|[3631/2],[3762/2],[3770/2];[3631/2],[3762/2],[3770/2];3223/2;3005/2;1519/2|D08.811.520.224.800
00000000|MMI|101.99|Accident and Emergency department|C0562508|[hcro]|["EMERGENCY ROOM"-tx-27-"emergency room"-noun-0,"EMERGENCY ROOM"-tx-26-"emergency room"-noun-0,"Emergency Department"-tx-26-"emergency department"-noun-0,"EMERGENCY ROOM"-tx-19-"emergency room"-noun-0,"EMERGENCY ROOM"-tx-18-"emergency room"-noun-0]|TX|2534/14;2409/14;2409/9,2424/10;2079/14;2056/14|N02.278.216.500.968.336;N02.421.297.195;N04.452.442.422.336
00000000|MMI|87.73|Aspirin|C0004057|[orch,phsu]|["ASPIRIN"-tx-40-"Aspirin"-noun-0,"ASPIRIN"-tx-27-"aspirin"-noun-0,"ASPIRIN"-tx-23-"aspirin"-noun-0]|TX|4109/7;2575/7;2259/7|D02.455.426.559.389.657.410.595.176
00000000|MMI|84.55|Nitroglycerin|C0017887|[orch,phsu]|["nitroglycerine"-tx-33-"nitroglycerin"-noun-0,"nitroglycerine"-tx-26-"nitroglycerin"-noun-0,"nitroglycerine"-tx-19-"nitroglycerin"-noun-0,"nitroglycerine"-tx-18-"nitroglycerin"-noun-0,"nitroglycerine"-tx-16-"nitroglycerin"-noun-0]|TX|3311/13;2488/13;2125/13;2007/13;1861/13|D02.033.800.421.560;D02.640.636
00000000|MMI|80.68|Abortion consent:Finding:Point in time:^Patient:Document|C2360836|[clna]|["Patient"-tx-46-"patient"-noun-0,"Patient"-tx-38-"patient"-noun-0,"Patient"-tx-37-"patient"-noun-0,"Patient"-tx-36-"patient"-noun-0,"Patient"-tx-34-"patient"-noun-0,"Patient"-tx-32-"patient"-noun-0,"Patient"-tx-31-"patient"-noun-0,"Patient"-tx-29-"patient"-noun-0,"Patient"-tx-27-"patient"-noun-0,"Patient"-tx-26-"patient"-noun-0,"Patient"-tx-2-"patient's"-noun-0,"Patient"-tx-1-"patient"-noun-0]|TX|4415/7;3972/7;3854/7;3616/7;3387/7;3175/7;3039/7;2729/7;2557/7;2381/7;418/9;306/7|
00000000|MMI|80.68|Hysterectomy consent:Finding:Point in time:^Patient:Document|C2360838|[clna]|["Patient"-tx-46-"patient"-noun-0,"Patient"-tx-38-"patient"-noun-0,"Patient"-tx-37-"patient"-noun-0,"Patient"-tx-36-"patient"-noun-0,"Patient"-tx-34-"patient"-noun-0,"Patient"-tx-32-"patient"-noun-0,"Patient"-tx-31-"patient"-noun-0,"Patient"-tx-29-"patient"-noun-0,"Patient"-tx-27-"patient"-noun-0,"Patient"-tx-26-"patient"-noun-0,"Patient"-tx-2-"patient's"-noun-0,"Patient"-tx-1-"patient"-noun-0]|TX|4415/7;3972/7;3854/7;3616/7;3387/7;3175/7;3039/7;2729/7;2557/7;2381/7;418/9;306/7|
00000000|MMI|80.68|Sterilization consent:Finding:Point in time:^Patient:Document|C2360840|[clna]|["Patient"-tx-46-"patient"-noun-0,"Patient"-tx-38-"patient"-noun-0,"Patient"-tx-37-"patient"-noun-0,"Patient"-tx-36-"patient"-noun-0,"Patient"-tx-34-"patient"-noun-0,"Patient"-tx-32-"patient"-noun-0,"Patient"-tx-31-"patient"-noun-0,"Patient"-tx-29-"patient"-noun-0,"Patient"-tx-27-"patient"-noun-0,"Patient"-tx-26-"patient"-noun-0,"Patient"-tx-2-"patient's"-noun-0,"Patient"-tx-1-"patient"-noun-0]|TX|4415/7;3972/7;3854/7;3616/7;3387/7;3175/7;3039/7;2729/7;2557/7;2381/7;418/9;306/7|
00000000|MMI|66.41|Sublingual Route of Drug Administration|C0001565|[ftcn]|["SUBLINGUAL"-tx-43-"sublingual"-adj-0,"SUBLINGUAL"-tx-26-"sublingual"-adj-0,"SUBLINGUAL"-tx-18-"sublingual"-adj-0,"SUBLINGUAL"-tx-16-"sublingual"-adj-0]|TX|4230/10;2477/10;1996/10;1850/10|E02.319.267.100.878
00000000|MMI|59.29|Lopressor|C0700776|[orch,phsu]|["Lopressor"-tx-42-"Lopressor"-noun-0,"Lopressor"-tx-33-"Lopressor"-noun-0,"Lopressor"-tx-22-"Lopressor"-noun-0]|TX|4178/9;3345/9;2228/9|D02.033.100.624.698.573;D02.033.755.624.698.573;D02.092.063.624.698.573
00000000|MMI|51.37|Zocor|C0678181|[orch,phsu]|["Zocor"-tx-45-"Zocor"-noun-0,"Zocor"-tx-24-"Zocor"-noun-0]|TX|4333/5;2286/5|D02.455.426.559.847.638.400.900;D04.615.638.400.900
00000000|MMI|49.81|Coronary Arteriosclerosis|C0010054|[dsyn]|["coronary artery disease"-tx-20-"Coronary artery disease"-noun-0,"coronary artery disease"-tx-4-"coronary artery disease"-noun-0,"coronary artery disease"-tx-1-"CORONARY ARTERY DISEASE"-noun-0]|TX|2162/23;651/15,680/7;226/23|C14.280.647.250.260;C14.907.137.126.339;C14.907.585.250.260
00000000|MMI|49.81|Coronary Artery Disease|C1956346|[dsyn]|["CORONARY ARTERY DISEASE"-tx-20-"Coronary artery disease"-noun-0,"DISEASE CORONARY ARTERY"-tx-4-"coronary artery disease"-noun-0,"CORONARY ARTERY DISEASE"-tx-1-"CORONARY ARTERY DISEASE"-noun-0]|TX|2162/23;651/15,680/7;226/23|C14.280.647.250.260;C14.907.137.126.339;C14.907.585.250.260
00000000|MMI|49.64|Coronary Artery Bypass Surgery|C0010055|[topp]|["Coronary Artery Bypass Graft"-tx-37-"coronary artery bypass graft"-noun-0,"Coronary Artery Bypass Graft"-tx-36-"coronary artery bypass graft"-noun-0]|TX|3902/28;[3641/28],[3780/28]|E04.100.376.719.332;E04.100.814.868.750;E04.928.220.520.220
00000000|MMI|49.41|Pain|C0030193|[sosy]|["PAIN"-tx-45-"pain"-noun-0,"PAIN"-tx-31-"pain"-noun-0,"PAIN"-tx-29-"pain"-noun-0]|TX|4326/4;3108/4;2814/4|C10.597.617;C23.888.592.612;F02.830.816.444;G11.561.600.810.444
00000000|MMI|45.70|Angina, Unstable|C0002965|[dsyn]|["Angina, Unstable"-tx-1-"UNSTABLE ANGINA"-noun-0,"Angina, Unstable"-tx-1-"unstable angina"-noun-0]|TX|204/15;397/15|C10.597.617.192.500.150;C14.280.647.187.150;C14.907.585.187.150;C23.888.592.612.233.500.150
00000000|MMI|40.20|Coronary heart disease|C0010068|[dsyn]|["Coronary (artery) disease"-tx-20-"Coronary artery disease"-noun-0,"Coronary (artery) disease"-tx-4-"coronary artery disease"-noun-0,"Coronary (artery) disease"-tx-1-"CORONARY ARTERY DISEASE"-noun-0]|TX|2162/23;651/15,680/7;226/23|C14.280.647.250;C14.907.585.250
00000000|MMI|40.12|Diabetes Mellitus|C0011849|[dsyn]|["DIABETES MELLITUS"-tx-21-"Diabetes mellitus"-noun-0,"DIABETES MELLITUS"-tx-2-"diabetes mellitus"-noun-0,"DIABETES MELLITUS"-tx-1-"DIABETES MELLITUS"-noun-0]|TX|2196/17;457/17;256/17|C18.452.394.750;C19.246
00000000|MMI|39.43|Herpes zoster disease|C0019360|[dsyn]|["HERPES ZOSTER"-tx-36-"herpes zoster"-noun-0,"Zoster"-tx-36-"zoster"-noun-0,"Zoster"-tx-30-"zoster"-noun-0]|TX|3709/13;3819/6;3027/6|C02.256.466.423
00000000|MMI|38.75|Chest pain:Finding:Point in time:^Patient:Ordinal|C2926613|[clna]|["Chest pain"-tx-32-"chest pain"-noun-0,"Chest pain"-tx-26-"chest pain"-noun-0,"Chest pain"-tx-16-"chest pain"-noun-0,"Chest pain"-tx-14-"chest pain"-noun-0,"Chest pain"-tx-11-"chest pain"-noun-0,"Chest pain"-tx-8-"chest pain"-noun-0,"Chest pain"-tx-7-"chest pain"-noun-0]|TX|[3160/10],[3197/10];2440/10;1817/10;1664/10;1365/10;1169/10;1021/10|
00000000|MMI|32.73|Electrocardiography|C1623258|[diap]|["ECG NOS"-tx-28-"ECG"-noun-0]|TX|[2608/3],[2677/3]|E01.370.370.380.240;E01.370.405.240
00000000|MMI|32.73|Exercise stress test|C0015260|[diap]|["Exercise test"-tx-13-"exercise test"-noun-0,"Exercise test"-tx-9-"exercise test"-noun-0]|TX|1469/13;1226/8,1244/4|E01.370.370.380.250;E01.370.386.700.250;E05.333.250
00000000|MMI|32.64|Cardiac Catheterization Procedures|C0018795|[hlca]|["Cardiac catheterisation"-tx-34-"cardiac catheterization"-noun-0,"Cardiac catheterisation"-tx-4-"cardiac catheterization"-noun-0]|TX|3407/23;596/23|E01.370.370.380.140;E02.148.442;E05.157.250
00000000|MMI|29.46|Heparin|C0019134|[bacs,orch,phsu]|["HEPARIN"-tx-33-"heparin"-noun-0,"HEPARIN"-tx-27-"heparin"-noun-0]|TX|3329/7;2507/7|D09.698.373.400
00000000|MMI|26.29|Pain-Free|C0908489|[orch]|["Pain-Free"-tx-26-"pain-free"-adj-0,"Pain-Free"-tx-19-"pain-free"-adj-0]|TX|2462/9;2107/9|x.x.x.x
00000000|MMI|26.21|To|C1883351|[qlco]|["To"-tx-36-"to"-adv-0,"To"-tx-36-"to"-noun-0,"To"-tx-32-"to"-adv-0,"To"-tx-30-"to"-adv-0,"To"-tx-13-"to"-adv-0]|TX|[3631/2],[3762/2],[3770/2];[3631/2],[3762/2],[3770/2];3223/2;3005/2;1519/2|
00000000|MMI|26.13|Myocardial Infarction|C0027051|[dsyn]|["Infarction, Myocardial"-tx-8-"myocardial infarction"-noun-1,"Infarction, Myocardial"-tx-1-"MYOCARDIAL INFARCTION"-noun-0]|TX|1200/21;68/21|C14.280.647.500;C14.907.585.500
00000000|MMI|25.99|Mongolia|C0026410|[geoa]|["MG"-tx-45-"mg"-noun-0,"MG"-tx-24-"mg"-noun-0]|TX|4342/2;2295/2|Z01.252.474.651
00000000|MMI|22.61|risk factors|C0035648|[qnco]|["Risk Factors"-tx-2-"risk factors"-noun-0]|TX|436/12|E05.318.740.600.800.725;N05.715.350.200.700;N05.715.360.750.625.700.700;N06.850.490.625.750;N06.850.520.830.600.800.725
00000000|MMI|22.53|97|C0439073|[inpr]|["97"-tx-52-"97"-integer-0,"97"-tx-47-"97"-integer-0,"97"-tx-34-"97"-integer-0,"97"-tx-14-"97"-integer-0,"97"-tx-13-"97"-integer-0]|TX|[4645/2],[4656/2];4469/2;3439/2;1653/2;1492/2|
00000000|MMI|22.53|>97|C0439082|[qnco]|[">97"-tx-52-"97"-integer-0,">97"-tx-47-"97"-integer-0,">97"-tx-34-"97"-integer-0,">97"-tx-14-"97"-integer-0,">97"-tx-13-"97"-integer-0]|TX|[4645/2],[4656/2];4469/2;3439/2;1653/2;1492/2|
00000000|MMI|22.51|Surgical aspects|C0038895|[ftcn]|["surgery"-tx-38-"surgery"-noun-0]|TX|3992/7|x.x.x.x.x.x.x
00000000|MMI|22.47|Percutaneous Transluminal Coronary Angioplasty|C2936173|[topp]|["PTCA"-tx-5-"PTCA"-noun-0]|TX|873/4|E02.148.050.060.100;E04.100.376.719.100;E04.100.814.529.124.060.100;E04.100.814.529.968.050;E04.502.382.124.060.100;E04.502.382.968.050;E04.928.220.520.100;E05.157.016.060.100
00000000|MMI|22.45|20%|C3842589|[fndg]|["20%"-tx-47-"20"-fraction-0,"20%"-tx-45-"20"-integer-0,"20%"-tx-43-"20"-integer-0,"20%"-tx-41-"20"-integer-0,"20%"-tx-24-"20"-integer-0,"20%"-tx-14-"20"-fraction-0]|TX|4466/2;4339/2;4268/2;4160/2;2292/2;1650/2|
00000000|MMI|21.73|Emotions|C0013987|[menp]|["feel"-tx-36-"felt"-verb-0,"feel"-tx-32-"felt"-verb-0,"feel"-tx-30-"felt"-verb-0]|TX|3602/4;3218/4;3000/4|F01.470
00000000|MMI|20.95|Hypercholesterolemia|C0020443|[dsyn]|["HYPERCHOLESTEROLEMIA"-tx-2-"hypercholesterolemia"-noun-0]|TX|477/20|C18.452.584.500.500.396
00000000|MMI|20.95|Patient Discharge|C0030685|[hlca]|["Discharge"-tx-38-"discharge"-verb-0]|TX|3958/9|E02.204.125;E02.760.400.610;N02.421.192.125;N02.421.585.400.610;N04.590.233.727.210.125
00000000|MMI|20.61|Catheterization|C0007430|[topp]|["Catheterization"-tx-35-"catheterization"-noun-0,"Catheterization"-tx-14-"catheterization"-noun-0]|TX|[3462/15],[3512/15];1629/15|E02.148;E05.157
00000000|MMI|20.24|Heart|C0018787|[bpoc]|["Cardiac"-tx-47-"cardiac"-noun-0,"Cardiac"-tx-32-"cardiac"-adj-0,"Cardiac"-tx-2-"cardiac"-adj-0]|TX|4496/7;3229/7;428/7|A07.541
00000000|MMI|19.35|Human herpesvirus 3|C0042338|[virs]|["Herpes zoster"-tx-36-"herpes zoster"-noun-0]|TX|3709/13|B04.280.382.100.900.460
00000000|MMI|19.34|milligram/day|C0439422|[qnco]|["mg/d"-tx-43-"mg d"-noun-0,"mg/d"-tx-42-"mg d"-noun-0,"mg/d"-tx-40-"mg d"-noun-0,"mg/d"-tx-23-"mg d"-noun-0,"mg/d"-tx-22-"mg d"-noun-0]|TX|4271/2,4281/1;4192/2,4204/1;4121/2,4131/1;2271/2,2281/1;2242/2,2254/1|
00000000|MMI|19.34|Exercise|C0015259|[dora]|["Exercise"-tx-13-"exercise"-verb-0]|TX|1522/8|G11.427.590.530.698.277;I03.350
00000000|MMI|18.27|Glonoine, nitroglycerine, Homeopathic preparation|C0885378|[orch,phsu]|["nitroglycerine"-tx-33-"nitroglycerin"-noun-0,"nitroglycerine"-tx-26-"nitroglycerin"-noun-0,"nitroglycerine"-tx-19-"nitroglycerin"-noun-0,"nitroglycerine"-tx-18-"nitroglycerin"-noun-0,"nitroglycerine"-tx-16-"nitroglycerin"-noun-0]|TX|3311/13;2488/13;2125/13;2007/13;1861/13|
00000000|MMI|17.80|Metformin|C0025598|[orch,phsu]|["METFORMIN"-tx-24-"Metformin"-noun-0]|TX|2313/9|D02.078.370.141.450
00000000|MMI|16.15|Patient Admission|C0030673|[hlca]|["Patient Admission"-tx-28-"patient's admission"-noun-0]|TX|2588/19|E02.760.400.600;N02.421.585.400.600
00000000|MMI|16.07|Left Ventricular Function|C0080310|[ortf]|["Left Ventricular Function"-tx-35-"left ventricular function"-noun-0]|TX|3568/25|G09.330.190.962.800
00000000|MMI|16.07|Hydrocephalus, Normal Pressure|C0020258|[dsyn]|["NPH"-tx-41-"NPH"-noun-0]|TX|4136/3|C10.228.140.602.750
00000000|MMI|16.07|Prilosec|C0700777|[orch,phsu]|["PriLOSEC"-tx-43-"Prilosec"-noun-0]|TX|4259/8|D02.886.640.074.500;D03.383.725.024.500;D03.438.103.034.500
00000000|MMI|16.07|Iodides|C0021966|[inch]|["I-"-tx-45-"i"-adv-0]|TX|4382/1|D01.248.497.158.490;D01.475.410
00000000|MMI|16.07|Mastodynia|C0024902|[sosy]|["Pain of breast"-tx-15-"of chest pain"-noun-0]|TX|1755/2,1769/10|C10.597.617.229;C23.888.592.612.530;F02.830.816.308;G11.561.600.810.308
00000000|MMI|16.05|Dominican Republic|C0013014|[geoa]|["DR"-tx-46-"Dr"-noun-0]|TX|4443/2|Z01.107.084.900.300;Z01.639.880.300
00000000|MMI|16.05|Ivory Coast|C0022326|[geoa]|["IV"-tx-19-"IV"-noun-0]|TX|2122/2|Z01.058.290.190.272
00000000|MMI|14.76|3+ Answer to Question|C3838680|[fndg]|["3+"-tx-52-"3"-fraction-0,"3+"-tx-17-"3"-integer-0,"3+"-tx-1-"3"-integer-0]|TX|[4640/1],[4651/1];1925/1;252/1|
00000000|MMI|14.76|3+ Score|C2827736|[qnco]|["3+"-tx-52-"3"-fraction-0,"3+"-tx-17-"3"-integer-0,"3+"-tx-1-"3"-integer-0]|TX|[4640/1],[4651/1];1925/1;252/1|
00000000|MMI|14.76|3+ Score, WHO|C2981702|[clas]|["3+"-tx-52-"3"-fraction-0,"3+"-tx-17-"3"-integer-0,"3+"-tx-1-"3"-integer-0]|TX|[4640/1],[4651/1];1925/1;252/1|
00000000|MMI|14.76|<3 (qualifier value)|C0439086|[qnco]|["<3"-tx-52-"3"-fraction-0,"<3"-tx-17-"3"-integer-0,"<3"-tx-1-"3"-integer-0]|TX|[4640/1],[4651/1];1925/1;252/1|
00000000|MMI|14.64|Electromagnetic Radiation|C0034519|[npop]|["Radiation"-tx-12-"radiation"-noun-0]|TX|1402/9|G01.358.500.505;G01.750.250
00000000|MMI|14.64|Nausea|C0027497|[sosy]|["NAUSEA"-tx-12-"nausea"-noun-1]|TX|1419/6|C23.888.821.712
00000000|MMI|14.64|Needs|C0027552|[qlco]|["Needed"-tx-36-"needed"-verb-0]|TX|3624/6|N03.349.380.420;N05.300.450
00000000|MMI|14.64|Vomiting|C0042963|[sosy]|["VOMITING"-tx-12-"vomiting"-noun-1]|TX|1429/8|C23.888.821.937
00000000|MMI|14.55|Three|C0205449|[qnco]|["Three"-tx-43-"three"-word_numeral-0,"Three"-tx-30-"three"-word_numeral-0,"Three"-tx-18-"three"-word_numeral-0,"Three"-tx-13-"three"-word_numeral-0]|TX|4251/5;2953/5;1990/5;1535/5|
00000000|MMI|14.40|Sublingual location|C0558302|[blor]|["Sublingual"-tx-43-"sublingual"-adj-0,"Sublingual"-tx-26-"sublingual"-adj-0,"Sublingual"-tx-18-"sublingual"-adj-0,"Sublingual"-tx-16-"sublingual"-adj-0]|TX|4230/10;2477/10;1996/10;1850/10|
00000000|MMI|14.36|Admission activity|C0809949|[hlca]|["Admission"-tx-29-"admission"-noun-0,"Admitted"-tx-26-"admitted"-verb-0,"Admission"-tx-17-"admission"-noun-0,"Admitted"-tx-8-"admitted"-verb-0]|TX|2715/9;2393/8;1900/9;1140/8|
00000000|MMI|14.36|Hospital admission|C0184666|[hlca]|["Admission"-tx-29-"admission"-noun-0,"admitted"-tx-26-"admitted"-verb-0,"Admission"-tx-17-"admission"-noun-0,"admitted"-tx-8-"admitted"-verb-0]|TX|2715/9;2393/8;1900/9;1140/8|
00000000|MMI|13.88|Time|C0040223|[tmco]|["times"-tx-43-"times"-noun-0,"TIME"-tx-4-"time"-noun-0]|TX|4245/5;628/4|G01.910
00000000|MMI|13.14|Ability|C0085732|[orga]|["Able"-tx-13-"able"-adj-0]|TX|1514/4|F02.784.629.131
00000000|MMI|13.10|Dyspnea|C0013404|[sosy]|["SHORTNESS OF BREATH"-tx-13-"shortness of breath"-noun-0]|TX|1574/19|C08.618.326;C23.888.852.371
00000000|MMI|13.09|Chest|C0817096|[blor]|["CHEST"-tx-32-"chest"-noun-0]|TX|3160/5|A01.923.761;A02.835.232.904
00000000|MMI|13.05|General surgery specialty|C1274039|[bmod]|["Surgery"-tx-38-"surgery"-noun-0]|TX|3992/7|H02.403.810.300
00000000|MMI|13.05|Palpation|C0030247|[diap]|["PALPATION"-tx-29-"palpation"-noun-0]|TX|2899/9|E01.370.600.600
00000000|MMI|12.96|Madagascar|C0024443|[geoa]|["MA"-tx-48-"MA"-noun-0]|TX|4526/2|Z01.639.520.500
00000000|MMI|12.94|Thallium|C0039738|[elii]|["THALLIUM"-tx-9-"Thallium"-noun-0]|TX|1235/8|D01.268.556.847;D01.552.544.847;x.x.x.x
00000000|MMI|12.91|Rabbi|C0684010|[prog]|["R."-tx-1-"R"-adj-0]|TX|64/1|M01.526.799.500
00000000|MMI|12.90|Physicians|C0031831|[prog]|["DR"-tx-46-"Dr"-noun-0]|TX|4443/2|M01.526.485.810;N02.360.810
00000000|MMI|11.49|Back|C0004600|[blor]|["BACK"-tx-29-"back"-adj-0]|TX|2872/4|A01.923.176
00000000|MMI|11.49|Complication Aspects|C1171258|[patf]|["complications"-tx-39-"complications"-noun-1]|TX|4058/13|x.x.x
00000000|MMI|11.19|coronary artery graft device|C1260596|[medd]|["coronary artery bypass graft"-tx-37-"coronary artery bypass graft"-noun-0,"coronary artery bypass graft"-tx-36-"coronary artery bypass graft"-noun-0]|TX|3902/28;[3641/28],[3780/28]|
00000000|MMI|11.17|Beginning|C0439659|[tmco]|["Origin"-tx-32-"origin"-noun-0,"Begin"-tx-29-"began"-verb-0,"Begin"-tx-6-"began"-verb-0]|TX|3240/6;2737/5;981/5|
00000000|MMI|11.15|Lesion|C0221198|[fndg]|["Lesion"-tx-31-"lesion"-noun-0,"Lesion"-tx-4-"lesion"-noun-0]|TX|3121/6;[750/6],[819/6]|
00000000|MMI|11.15|Specimen Source Codes - Lesion|C1546698|[inpr]|["Lesion"-tx-31-"lesion"-noun-0,"Lesion"-tx-4-"lesion"-noun-0]|TX|3121/6;[750/6],[819/6]|
00000000|MMI|10.96|Pain NOS Adverse Event|C1962977|[fndg]|["Pain NOS"-tx-45-"pain"-noun-0,"Pain NOS"-tx-31-"pain"-noun-0,"Pain NOS"-tx-29-"pain"-noun-0]|TX|4326/4;3108/4;2814/4|
00000000|MMI|10.85|Presentation|C0449450|[idcn]|["Presented"-tx-18-"presented"-verb-0,"Presented"-tx-3-"presented"-verb-0,"Presented"-tx-1-"presented"-verb-0]|TX|2039/9;525/9;382/9|
00000000|MMI|10.68|M NOS ANTIBODY|C0369637|[aapp,imft]|["M NOS"-tx-41-"m"-adv-0,"M NOS"-tx-17-"m"-noun-0]|TX|[4153/1],[4173/1];1929/1|
00000000|MMI|10.68|M+ (tumor staging)|C0441923|[inpr]|["M+"-tx-41-"m"-adv-0,"M+"-tx-17-"m"-noun-0]|TX|[4153/1],[4173/1];1929/1|
00000000|MMI|10.63|Cardiac - anatomy qualifier|C1522601|[spco]|["Cardiac"-tx-47-"cardiac"-noun-0,"Cardiac"-tx-32-"cardiac"-adj-0,"Cardiac"-tx-2-"cardiac"-adj-0]|TX|4496/7;3229/7;428/7|
00000000|MMI|10.59|Right|C0205090|[spco]|["RIGHT"-tx-29-"right"-noun-0,"RIGHT"-tx-4-"right"-noun-0,"R-"-tx-1-"R"-adj-0]|TX|2866/5;645/5;64/1|
00000000|MMI|10.42|Chest pain on exertion|C0232288|[sosy]|["Chest pain, exertional"-tx-10-"exertional chest pain"-noun-0,"Chest pain, exertional"-tx-6-"exertional chest pain"-noun-0]|TX|1324/21;994/21|
00000000|MMI|10.42|Doctor of Medicine|C1512018|[inpr]|["M.D."-tx-50-"M.D"-noun-0,"M.D."-tx-48-"M.D"-noun-0]|TX|4583/3;4539/3|
00000000|MMI|10.42|Good|C0205170|[qlco]|["Well"-tx-10-"well"-adv-0,"Well"-tx-6-"well"-adv-0]|TX|1271/4;934/4|
00000000|MMI|10.42|Revealed|C0443289|[qlco]|["Revealed"-tx-30-"revealed"-verb-0,"Revealed"-tx-4-"revealed"-verb-0]|TX|2944/8;633/8|
00000000|MMI|10.42|Well|C3146287|[mnob]|["Well"-tx-10-"well"-adv-0,"Well"-tx-6-"well"-adv-0]|TX|1271/4;934/4|
00000000|MMI|10.42|heparin, porcine|C0770546|[bacs,orch,phsu]|["HEPARIN"-tx-33-"heparin"-noun-0,"HEPARIN"-tx-27-"heparin"-noun-0]|TX|3329/7;2507/7|
00000000|MMI|10.06|Drug Allergy|C0013182|[dsyn]|["Drug Allergies"-tx-25-"drug allergies"-noun-1]|TX|2344/14|C20.543.206;C25.100.468
00000000|MMI|9.87|Anesthesiology|C0002930|[bmod]|["Anaesthesia"-tx-38-"anesthesia"-noun-0]|TX|4004/10|H02.403.066
00000000|MMI|9.87|Hospitals|C0019994|[hcro,mnob]|["HOSPITAL"-tx-3-"hospital"-noun-0]|TX|549/8|N02.278.421
00000000|MMI|9.86|Historical aspects qualifier|C0019665|[ftcn]|["history"-tx-15-"history"-noun-0]|TX|1747/7|x.x.x
00000000|MMI|9.85|Female|C0015780|[orga]|["FEMALE"-tx-1-"female"-noun-0]|TX|331/6|x.x.x
00000000|MMI|9.85|Females|C0086287|[popg]|["female"-tx-1-"female"-noun-0]|TX|331/6|x.x.x
00000000|MMI|9.73|Disease|C0012634|[dsyn]|["Disease"-tx-4-"disease"-noun-0]|TX|680/7|C23.550.288
00000000|MMI|8.34|Hypersensitivity|C0020517|[patf]|["Allergies"-tx-25-"ALLERGIES"-noun-0]|TX|2324/9|C20.543
00000000|MMI|8.34|Radiation|C0851346|[npop]|["Radiation"-tx-12-"radiation"-noun-0]|TX|1402/9|G01.750
00000000|MMI|8.34|Therapeutic radiology procedure|C1522449|[topp]|["RADIATION"-tx-12-"radiation"-noun-0]|TX|1402/9|E02.815
00000000|MMI|7.62|Clinical Study Follow-up|C3274571|[hlca]|["FOLLOW-UP"-tx-46-"FOLLOWUP"-noun-0,"FOLLOW-UP"-tx-46-"follow-up"-adj-0]|TX|4401/8;4428/9|
00000000|MMI|7.62|Follow-Up Report|C1704685|[inpr]|["Follow-Up"-tx-46-"FOLLOWUP"-noun-0,"Follow-Up"-tx-46-"follow-up"-adj-0]|TX|4401/8;4428/9|
00000000|MMI|7.62|Follow-up status|C0589120|[fndg]|["Follow-up"-tx-46-"FOLLOWUP"-noun-0,"Follow-up"-tx-46-"follow-up"-adj-0]|TX|4401/8;4428/9|
00000000|MMI|7.62|follow-up|C1522577|[hlca]|["Follow Up"-tx-46-"follow-up"-adj-0,"Followup"-tx-46-"FOLLOWUP"-noun-0]|TX|4428/9;4401/8|
00000000|MMI|7.46|Retrosternal pain|C0151826|[sosy]|["Chest pain, substernal"-tx-17-"substernal chest pain"-noun-0,"Chest pain, substernal"-tx-3-"substernal chest pain"-noun-0]|TX|1944/21;571/21|
00000000|MMI|7.46|Improvement|C2986411|[cnce]|["Improvement"-tx-31-"improvement"-noun-0,"Improvement"-tx-5-"improvement"-noun-0]|TX|3089/11;913/11|
00000000|MMI|7.46|Medical History|C0262926|[fndg]|["Past Medical History"-tx-20-"PAST MEDICAL HISTORY"-noun-0,"History"-tx-15-"history"-noun-0]|TX|2140/20;1747/7|
00000000|MMI|7.29|+2|C0740116|[qnco]|["+2"-tx-1-"2"-fraction-0,"+2"-tx-1-"2"-integer-0]|TX|[123/1],[222/1];[123/1],[222/1]|
00000000|MMI|7.29|2+|C3833492|[fndg]|["2+"-tx-1-"2"-fraction-0,"2+"-tx-1-"2"-integer-0]|TX|[123/1],[222/1];[123/1],[222/1]|
00000000|MMI|7.29|2+ Score|C2827735|[qnco]|["2+"-tx-1-"2"-fraction-0,"2+"-tx-1-"2"-integer-0]|TX|[123/1],[222/1];[123/1],[222/1]|
00000000|MMI|7.29|2+ Score, WHO|C2981700|[clas]|["2+"-tx-1-"2"-fraction-0,"2+"-tx-1-"2"-integer-0]|TX|[123/1],[222/1];[123/1],[222/1]|
00000000|MMI|7.28|History of present illness|C0262512|[orga]|["History, NOS"-tx-15-"history"-noun-0,"HISTORY OF PRESENT ILLNESS"-tx-1-"HISTORY OF PRESENT ILLNESS"-noun-0]|TX|1747/7;274/26|
00000000|MMI|7.24|Unit|C0439148|[qnco]|["UNITS"-tx-41-"units"-noun-0]|TX|[4143/5],[4163/5]|
00000000|MMI|7.24|Unit - NCI Thesaurus Property|C3853603|[ftcn]|["Units"-tx-41-"units"-noun-0]|TX|[4143/5],[4163/5]|
00000000|MMI|7.24|Unit of Measure|C1519795|[qnco]|["Units"-tx-41-"units"-noun-0]|TX|[4143/5],[4163/5]|
00000000|MMI|7.24|Once a day, at bedtime|C1275563|[tmco]|["qHS"-tx-45-"qhs"-noun-0,"qHS"-tx-24-"qhs"-noun-0]|TX|4350/3;2303/3|
00000000|MMI|7.23|100%|C3817553|[qnco]|["100%"-tx-42-"100"-integer-0,"100%"-tx-22-"100"-integer-0]|TX|4188/3;2238/3|
00000000|MMI|7.19|Started|C1272689|[qlco]|["Started"-tx-31-"started"-verb-0,"Started"-tx-27-"started"-verb-0]|TX|3061/7;2519/7|
00000000|MMI|7.14|Past|C1444637|[tmco]|["Past"-tx-14-"past"-adj-0,"Past"-tx-7-"past"-adj-0]|TX|1710/4;1060/4|
00000000|MMI|7.14|Patient Outcome - Worsening|C1546960|[idcn]|["Worsening"-tx-14-"worsening"-verb-0,"Worsening"-tx-7-"worsening"-verb-0]|TX|1691/9;1041/9|
00000000|MMI|7.14|Worse|C1457868|[fndg]|["Worsening"-tx-14-"worsening"-verb-0,"Worsening"-tx-7-"worsening"-verb-0]|TX|1691/9;1041/9|
00000000|MMI|7.14|Worsening pattern|C0332271|[qlco]|["Worsening"-tx-14-"worsening"-verb-0,"Worsening"-tx-7-"worsening"-verb-0]|TX|1691/9;1041/9|
00000000|MMI|7.14|month|C0439231|[tmco]|["MONTHS"-tx-14-"months"-noun-0,"MONTHS"-tx-7-"months"-noun-0]|TX|1725/6;1073/6|
00000000|MMI|7.11|30%|C3842588|[fndg]|["30%"-tx-52-"30"-fraction-0]|TX|[4642/2],[4653/2]|
00000000|MMI|7.10|Electrocardiogram: myocardial infarction (finding)|C0428953|[lbtr]|["MYOCARDIAL INFARCTION"-tx-8-"myocardial infarction"-noun-1,"MYOCARDIAL INFARCTION"-tx-1-"MYOCARDIAL INFARCTION"-noun-0]|TX|1200/21;68/21|
00000000|MMI|7.10|Myocardial Infarction ECG Assessment|C3810814|[diap]|["Myocardial Infarction"-tx-8-"myocardial infarction"-noun-0,"Myocardial Infarction"-tx-1-"MYOCARDIAL INFARCTION"-noun-0]|TX|1200/21;68/21|
00000000|MMI|7.10|Myocardial infarction:Finding:Point in time:^Patient:Ordinal|C2926063|[clna]|["Myocardial infarction"-tx-8-"myocardial infarction"-noun-0,"Myocardial infarction"-tx-1-"MYOCARDIAL INFARCTION"-noun-0]|TX|1200/21;68/21|
00000000|MMI|7.08|29+|C3843708|[fndg]|["29+"-tx-1-"29"-fraction-0]|TX|[42/2],[125/2]|
00000000|MMI|7.07|Left breast|C0222601|[bpoc]|["Left Breast"-tx-36-"left breast"-noun-0,"Left Breast"-tx-29-"left breast"-noun-0]|TX|3733/11;2833/11|
00000000|MMI|7.06|One|C0205447|[qnco]|["ONE"-tx-16-"one"-noun-0,"ONE"-tx-15-"one"-noun-0]|TX|1846/3;1788/3|
00000000|MMI|7.02|Right sided|C0444532|[spco]|["Right"-tx-29-"right"-noun-0,"Right"-tx-4-"right"-noun-0]|TX|2866/5;645/5|
00000000|MMI|7.01|Only - dosing instruction fragment|C1720467|[inpr]|["Only"-tx-15-"only"-adv-0,"Only"-tx-13-"only"-adv-0]|TX|1783/4;1509/4|
00000000|MMI|7.01|Singular|C0205171|[qnco]|["Only"-tx-15-"only"-adv-0,"Only"-tx-13-"only"-adv-0]|TX|1783/4;1509/4|
00000000|MMI|6.97|Signature|C1519316|[inpr]|["Signed"-tx-1-"Signed"-noun-0]|TX|[92/6],[148/6]|
00000000|MMI|6.97|signed - ParticipationSignature|C1561610|[inpr]|["signed"-tx-1-"Signed"-noun-0]|TX|[92/6],[148/6]|
00000000|MMI|6.95|Magnesium Cation|C2346927|[elii,phsu]|["Mg++"-tx-45-"mg"-noun-0,"Mg++"-tx-24-"mg"-noun-0]|TX|4342/2;2295/2|
00000000|MMI|6.95|Milligram percent|C1960952|[qnco]|["mg %"-tx-45-"mg"-noun-0,"mg %"-tx-24-"mg"-noun-0]|TX|4342/2;2295/2|
00000000|MMI|6.95|mg/dL|C0439269|[qnco]|["mg%"-tx-45-"mg"-noun-0,"mg%"-tx-24-"mg"-noun-0]|TX|4342/2;2295/2|
00000000|MMI|6.95|Left|C0205091|[spco]|["LEFT"-tx-30-"left"-noun-0,"LEFT"-tx-4-"left"-adj-0]|TX|2932/4;840/4|
00000000|MMI|6.95|Left sided|C0443246|[spco]|["Left"-tx-30-"left"-noun-0,"Left"-tx-4-"left"-adj-0]|TX|2932/4;840/4|
00000000|MMI|6.95|Table Cell Horizontal Align - left|C1552822|[ftcn]|["left"-tx-30-"left"-noun-0,"left"-tx-4-"left"-adj-0]|TX|2932/4;840/4|
00000000|MMI|6.83|Alkalies|C0002055|[inch]|["base"-tx-30-"base"-noun-0]|TX|2995/4|D01.045
00000000|MMI|6.71|Anesthesia|C4049933|[phsu]|["Anesthesia"-tx-38-"anesthesia"-noun-0]|TX|4004/10|E03.155
00000000|MMI|6.71|Anesthesia procedures|C0002903|[topp]|["anaesthesia"-tx-38-"anesthesia"-noun-0]|TX|4004/10|E03.155
00000000|MMI|6.71|Elective Surgical Procedures|C0206058|[topp]|["ELECTIVE"-tx-14-"elective"-adj-0]|TX|1620/8|E04.249
00000000|MMI|6.71|History|C0019664|[ocdi]|["History"-tx-15-"history"-noun-0]|TX|1747/7|K01.400
00000000|MMI|6.69|Woman|C0043210|[popg]|["female"-tx-1-"female"-noun-0]|TX|331/6|M01.975
00000000|MMI|5.18|1+|C3816745|[fndg]|["1+"-tx-1-"1"-integer-0]|TX|200/1|
00000000|MMI|5.18|1+ Score|C2827734|[qnco]|["1+"-tx-1-"1"-integer-0]|TX|200/1|
00000000|MMI|5.18|1+ Score, WHO|C2981698|[clas]|["1+"-tx-1-"1"-integer-0]|TX|200/1|
00000000|MMI|5.18|Admission Level of Care Code - Improved|C1561611|[inpr]|["Improved"-tx-36-"improved"-verb-0]|TX|3830/8|
00000000|MMI|5.18|Back structure, excluding neck|C1995000|[blor]|["Back, NOS"-tx-29-"back"-adj-0]|TX|2872/4|
00000000|MMI|5.18|Back structure, including back of neck|C0460009|[blor]|["Back"-tx-29-"back"-adj-0]|TX|2872/4|
00000000|MMI|5.18|Better|C0332272|[qlco]|["Improved"-tx-36-"improved"-verb-0]|TX|3830/8|
00000000|MMI|5.18|Body Fluid Discharge|C0012621|[bdsu]|["Discharge"-tx-38-"discharge"-verb-0]|TX|3958/9|
00000000|MMI|5.18|Clinical Trial Final Report|C3889645|[inpr]|["Reports"-tx-15-"reports"-verb-0]|TX|1737/7|
00000000|MMI|5.18|Complication|C0009566|[patf]|["Complications"-tx-39-"complications"-noun-1]|TX|4058/13|
00000000|MMI|5.18|Discharge, body substance|C2926602|[bdsu]|["Discharge"-tx-38-"discharge"-verb-0]|TX|3958/9|
00000000|MMI|5.18|Disposition|C0743223|[idcn]|["Disposition"-tx-40-"DISPOSITION"-noun-0]|TX|4073/11|
00000000|MMI|5.18|Disposition Domain|C1705555|[inpr]|["Disposition"-tx-40-"DISPOSITION"-noun-0]|TX|4073/11|
00000000|MMI|5.18|Dorsal|C0205095|[spco]|["BACK"-tx-29-"back"-adj-0]|TX|2872/4|
00000000|MMI|5.18|Entity Name Part Type - given|C1550718|[idcn]|["given"-tx-27-"given"-verb-0]|TX|2569/5|
00000000|MMI|5.18|GIVEN|C1442162|[cnce]|["GIVEN"-tx-27-"given"-verb-0]|TX|2569/5|
00000000|MMI|5.18|Give - dosing instruction imperative|C1947971|[ftcn]|["Given"-tx-27-"given"-verb-0]|TX|2569/5|
00000000|MMI|5.18|Given name|C3244317|[inpr]|["given"-tx-27-"given"-verb-0]|TX|2569/5|
00000000|MMI|5.18|Hospital course|C0489547|[fndg]|["Hospital course"-tx-26-"HOSPITAL COURSE"-noun-1]|TX|2360/15|
00000000|MMI|5.18|Hospital course:Finding:Point in time:^Patient:Narrative|C0488549|[clna]|["Hospital course"-tx-26-"HOSPITAL COURSE"-noun-0]|TX|2360/15|
00000000|MMI|5.18|Hypercholesterolemia result|C1522133|[fndg]|["Hypercholesterolemia"-tx-2-"hypercholesterolemia"-noun-0]|TX|477/20|
00000000|MMI|5.18|Improved|C0184511|[qlco]|["Improved"-tx-36-"improved"-verb-0]|TX|3830/8|
00000000|MMI|5.18|Include (action)|C2700399|[acty]|["Include"-tx-2-"include"-verb-0]|TX|449/7|
00000000|MMI|5.18|Including (qualifier)|C0332257|[ftcn]|["include"-tx-2-"include"-verb-0]|TX|449/7|
00000000|MMI|5.18|Increase|C0442805|[ftcn]|["Increased"-tx-33-"increased"-verb-0]|TX|3359/9|
00000000|MMI|5.18|Increased|C0205217|[qnco]|["Increased"-tx-33-"increased"-verb-0]|TX|3359/9|
00000000|MMI|5.18|Increased sweating|C0700590|[sosy]|["DIAPHORESIS"-tx-12-"diaphoresis"-noun-1]|TX|1445/11|
00000000|MMI|5.18|Medication.discharge|C0806915|[fndg]|["Discharge medications"-tx-40-"DISCHARGE MEDICATIONS"-noun-0]|TX|4086/21|
00000000|MMI|5.18|Medications:-:Point in time:^Patient:-|C2598133|[clna]|["Medications"-tx-22-"MEDICATIONS"-noun-0]|TX|2215/11|
00000000|MMI|5.18|Medications:Presence or Identity:Duration of the study:^Patient:Nominal|C0802604|[clna]|["Medications"-tx-22-"MEDICATIONS"-noun-0]|TX|2215/11|
00000000|MMI|5.18|Nausea Adverse Event|C1963179|[patf]|["Nausea"-tx-12-"nausea"-noun-1]|TX|1419/6|
00000000|MMI|5.18|Negation|C1518422|[ftcn]|["Not"-tx-32-"not"-adv-0]|TX|3264/3|
00000000|MMI|5.18|Negative|C0205160|[qlco]|["Negative"-tx-9-"negative"-adj-0]|TX|1253/8|
00000000|MMI|5.18|Negative - answer|C3853545|[qlco]|["Negative"-tx-9-"negative"-adj-0]|TX|1253/8|
00000000|MMI|5.18|Negative Charge|C2825491|[qlco]|["Negative"-tx-9-"negative"-adj-0]|TX|1253/8|
00000000|MMI|5.18|Negative Finding|C1513916|[fndg]|["NEGATIVE"-tx-9-"negative"-adj-0]|TX|1253/8|
00000000|MMI|5.18|Negative Number|C2825415|[cnce]|["Negative"-tx-9-"negative"-adj-0]|TX|1253/8|
00000000|MMI|5.18|PMH - past medical history|C0455458|[fndg]|["Past medical history"-tx-20-"PAST MEDICAL HISTORY"-noun-0]|TX|2140/20|
00000000|MMI|5.18|Patient need for (contextual qualifier)|C0686904|[ftcn]|["needed"-tx-36-"needed"-verb-0]|TX|3624/6|
00000000|MMI|5.18|Pharmaceutical Preparations|C0013227|[phsu]|["Medications"-tx-22-"MEDICATIONS"-noun-0]|TX|2215/11|D26
00000000|MMI|5.18|Positive|C1446409|[qlco]|["ruled"-tx-8-"ruled"-verb-0]|TX|1184/5|
00000000|MMI|5.18|Postmenopausal state|C0232970|[tmco]|["post Menopausal"-tx-2-"post-menopausal"-adj-0]|TX|504/15|
00000000|MMI|5.18|Radiation Ionizing Radiotherapy|C1524020|[topp]|["Radiation"-tx-12-"radiation"-noun-0]|TX|1402/9|
00000000|MMI|5.18|Radiotherapy Research|C1524021|[resa]|["Radiation"-tx-12-"radiation"-noun-0]|TX|1402/9|
00000000|MMI|5.18|Regulatory Report|C3273238|[inpr]|["Report"-tx-15-"reports"-verb-0]|TX|1737/7|
00000000|MMI|5.18|Report (document)|C0684224|[inpr]|["Reports"-tx-15-"reports"-verb-0]|TX|1737/7|
00000000|MMI|5.18|Reporting|C0700287|[hlca]|["reports"-tx-15-"reports"-verb-0]|TX|1737/7|
00000000|MMI|5.18|Slow|C0439834|[qlco]|["Slowly"-tx-14-"slowly"-adv-0]|TX|1684/6|
00000000|MMI|5.18|Time (foundation metadata concept)|C3541383|[tmco]|["Time"-tx-4-"time"-noun-0]|TX|628/4|
00000000|MMI|5.18|Unit of radiation dose|C0560559|[qnco]|["Radiation"-tx-12-"radiation"-noun-0]|TX|1402/9|
00000000|MMI|5.18|Vomiting Adverse Event|C1963281|[patf]|["Vomiting"-tx-12-"vomiting"-noun-1]|TX|1429/8|
00000000|MMI|5.18|include - SetOperator|C1552866|[idcn]|["include"-tx-2-"include"-verb-0]|TX|449/7|
00000000|MMI|5.18|wait|C1610166|[ftcn]|["wait"-tx-36-"wait"-verb-0]|TX|3765/4|
00000000|MMI|4.19|Discharge to home|C0184713|[topp]|["Discharge to home"-tx-37-"discharged to home"-noun-0]|TX|3866/18|
00000000|MMI|4.12|Electrocardiographic changes|C0855329|[fndg]|["ecg change"-tx-32-"ECG changes"-noun-1]|TX|3277/11|
00000000|MMI|4.12|wake ups|C1170730|[orch,phsu]|["wake up"-tx-17-"woke up"-verb-0]|TX|1914/7|
00000000|MMI|3.98|Make - Instruction Imperative|C1881534|[ftcn]|["Make"-tx-19-"made"-verb-0]|TX|2102/4|
00000000|MMI|3.98|Show|C1547282|[anim]|["Show"-tx-35-"showed"-verb-0]|TX|3528/6|
00000000|MMI|3.81|One Year Ago|C3898100|[qlco]|["One Year Ago"-tx-6-"one year ago"-noun-0]|TX|959/12|
00000000|MMI|3.78|Final report|C0460114|[inpr]|["Final report"-tx-35-"final report"-noun-0]|TX|3456/5,3478/6|
00000000|MMI|3.78|Superficial pain|C0234228|[sosy]|["Pain, superficial"-tx-32-"superficial pain"-noun-0]|TX|3148/11,3166/4|
00000000|MMI|3.75|Discharge date|C2361123|[tmco]|["Discharge date"-tx-1-"Discharge Date"-noun-0]|TX|155/14|
00000000|MMI|3.75|Discharge date:Time Stamp -- Date and Time:Point in time:^Patient:Quantitative|C2361122|[clna]|["Discharge date"-tx-1-"Discharge Date"-noun-0]|TX|155/14|
00000000|MMI|3.75|Not available|C1548671|[idcn]|["Not available"-tx-35-"not available"-adj-0]|TX|3488/13|
00000000|MMI|3.72|Consistent with|C0332290|[idcn]|["Consistent with"-tx-30-"consistent with"-adj-0]|TX|3011/15|
00000000|MMI|3.72|History of present illness:Finding:Point in time:^Patient:Nominal:Reported|C0488508|[clna]|["History of present illness"-tx-1-"HISTORY OF PRESENT ILLNESS"-noun-0]|TX|274/26|
00000000|MMI|3.68|% index|C1637833|[qnco]|["% index"-tx-51-"Index"-noun-0]|TX|4616/5|
00000000|MMI|3.68|Able (finding)|C1299581|[fndg]|["Able"-tx-13-"able"-adj-0]|TX|1514/4|
00000000|MMI|3.68|Attending (action)|C1999232|[ftcn]|["attending"-tx-49-"Attending"-noun-0]|TX|4549/9|
00000000|MMI|3.68|Attending (provider role)|C1547429|[prog]|["Attending"-tx-49-"Attending"-noun-0]|TX|4549/9|
00000000|MMI|3.68|Base|C0178499|[chvf]|["Base"-tx-30-"base"-noun-0]|TX|2995/4|
00000000|MMI|3.68|Dental Base|C1880279|[bodm]|["Base"-tx-30-"base"-noun-0]|TX|2995/4|
00000000|MMI|3.68|Diagonal|C0443198|[spco]|["Diagonal"-tx-4-"diagonal"-adj-0]|TX|760/8|
00000000|MMI|3.68|Exertion|C0015264|[orgf]|["Exertion"-tx-7-"exertion"-noun-0]|TX|1122/8|
00000000|MMI|3.68|Html Link Type - index|C1552854|[idcn]|["index"-tx-51-"Index"-noun-0]|TX|4616/5|
00000000|MMI|3.68|Index|C0918012|[inpr]|["Index"-tx-51-"Index"-noun-0]|TX|4616/5|
00000000|MMI|3.68|Nitroglycerin 0.4 MG|C0988172|[clnd]|["Nitroglycerin 0.4 MG"-tx-43-"nitroglycerin 0.4 mg"-noun-0]|TX|4209/20|
00000000|MMI|3.68|Structure of base of heart|C0225810|[blor]|["Base"-tx-30-"base"-noun-0]|TX|2995/4|
00000000|MMI|3.68|questioning|C0876928|[menp]|["questioning"-tx-29-"questioning"-noun-0]|TX|2796/11|
00000000|MMI|3.68|risk factors - observation list|C1553898|[inpr]|["risk factors"-tx-2-"risk factors"-noun-0]|TX|436/12|
00000000|MMI|3.66|Proximal Left Anterior Descending Artery|C3640705|[bpoc]|["Proximal Left Anterior Descending Artery"-tx-4-"proximal left anterior descending artery"-noun-0]|TX|709/40|
00000000|MMI|3.65|Final diagnosis (discharge)|C0332144|[qlco]|["final diagnosis"-tx-1-"FINAL DIAGNOSIS"-noun-0]|TX|181/15|
00000000|MMI|3.65|Report status|C0586177|[fndg]|["Report status"-tx-1-"Report Status"-noun-0]|TX|133/13|
00000000|MMI|3.64|Radiating to|C0332301|[ftcn]|["Radiating to"-tx-29-"radiating to"-noun-0]|TX|2849/12|
00000000|MMI|3.64|Shortness of breath:-:Point in time:^Patient:-|C2707305|[clna]|["Shortness of breath"-tx-13-"shortness of breath"-noun-0]|TX|1574/19|
00000000|MMI|3.64|dictated - DocumentCompletion|C1609990|[idcn]|["Dictated"-tx-48-"Dictated"-verb-0]|TX|4513/8|
00000000|MMI|3.64|dictated - ParticipationMode|C1548384|[ftcn]|["dictated"-tx-48-"Dictated"-verb-0]|TX|4513/8|
00000000|MMI|3.63|Anterior thoracic region|C1527391|[blor]|["Chest"-tx-32-"chest"-noun-0]|TX|3160/5|
00000000|MMI|3.63|Circumflex|C1880089|[spco]|["Circumflex"-tx-4-"circumflex"-noun-0]|TX|845/10|
00000000|MMI|3.63|Laboratory Procedures|C0022885|[lbpr]|["Test"-tx-9-"test"-noun-0]|TX|1244/4|
00000000|MMI|3.63|Test Result|C0456984|[fndg]|["Test"-tx-9-"test"-noun-1]|TX|1244/4|
00000000|MMI|3.63|Testing|C0039593|[ftcn]|["Test"-tx-9-"test"-noun-0]|TX|1244/4|
00000000|MMI|3.63|Tests (qualifier value)|C0392366|[inpr]|["test"-tx-9-"test"-noun-0]|TX|1244/4|
00000000|MMI|3.62|Surgical follow-up|C0481523|[hlca]|["Surgical follow-up"-tx-47-"follow-up surgery"-noun-0]|TX|4481/9,4504/7|
00000000|MMI|3.62|Right coronary artery structure|C1261316|[bpoc]|["Right Coronary Artery"-tx-4-"right coronary artery"-noun-0]|TX|645/21|
00000000|MMI|3.61|(City) Block|C1706084|[geoa]|["Block"-tx-15-"block"-noun-0]|TX|1797/5|
00000000|MMI|3.61|Admission date:Time Stamp -- Date and Time:Point in time:^Patient:Quantitative|C2598112|[clna]|["Admission date"-tx-1-"Admission Date"-noun-0]|TX|107/14|
00000000|MMI|3.61|Batch (Response Modality)|C1550176|[inpr]|["Batch"-tx-51-"Batch"-noun-0]|TX|4604/5|
00000000|MMI|3.61|Batch (group)|C1948031|[qnco]|["Batch"-tx-51-"Batch"-noun-0]|TX|4604/5|
00000000|MMI|3.61|Batch Number|C3641829|[inpr]|["BATCH"-tx-51-"Batch"-noun-0]|TX|4604/5|
00000000|MMI|3.61|Block (unit of measure)|C2828370|[qnco]|["Block"-tx-15-"block"-noun-0]|TX|1797/5|
00000000|MMI|3.61|Block Specimens|C1533157|[sbst]|["Block"-tx-15-"block"-noun-0]|TX|1797/5|
00000000|MMI|3.61|Blocking|C0332206|[ftcn]|["Block"-tx-15-"block"-noun-0]|TX|1797/5|
00000000|MMI|3.61|Date of admission|C1302393|[tmco]|["Admission date"-tx-1-"Admission Date"-noun-0]|TX|107/14|
00000000|MMI|3.61|Obstruction|C0028778|[patf]|["Block"-tx-15-"block"-noun-0]|TX|1797/5|
00000000|MMI|3.61|Sinus Bradycardia Adverse Event|C1963175|[fndg]|["Sinus bradycardia"-tx-28-"sinus bradycardia"-noun-1]|TX|2625/17|
00000000|MMI|3.61|Sinus bradycardia|C0085610|[patf]|["SINUS BRADYCARDIA"-tx-28-"sinus bradycardia"-noun-1]|TX|2625/17|
00000000|MMI|3.61|continuous electrocardiogram sinus bradycardia (finding)|C2108107|[fndg]|["SINUS BRADYCARDIA"-tx-28-"sinus bradycardia"-noun-1]|TX|2625/17|
00000000|MMI|3.60|Three Vessel Coronary Disease|C3272265|[dsyn]|["THREE VESSEL DISEASE"-tx-35-"three vessel disease"-noun-0]|TX|3535/20|
00000000|MMI|3.60|Examination of breast|C0199850|[diap]|["Breast examination"-tx-30-"Examination breast"-noun-0]|TX|2910/11,2937/6|
00000000|MMI|3.59|Pyrexia of unknown origin (excl puerperal)|C0856281|[sosy]|["puo"-tx-1-"PUO"-noun-0]|TX|12/3|
00000000|MMI|3.59|Times|C1632851|[qnco]|["Times"-tx-43-"times"-noun-0]|TX|4245/5|
00000000|MMI|3.59|times/day|C0439511|[qnco]|["times day"-tx-45-"times days"-noun-0]|TX|4387/5,4395/4|
00000000|MMI|3.59|Allopathic & Osteopathic Physicians - Surgery|C3853799|[prog]|["Surgery"-tx-38-"surgery"-noun-0]|TX|3992/7|
00000000|MMI|3.59|Continuous|C0549178|[idcn]|["Continued"-tx-33-"continued"-verb-0]|TX|3298/9|
00000000|MMI|3.59|Famvir|C0591478|[orch,phsu]|["Famvir"-tx-31-"Famvir"-noun-0]|TX|3072/6|
00000000|MMI|3.59|February|C3830166|[qlco]|["February"-tx-10-"February"-noun-0]|TX|1282/8|
00000000|MMI|3.59|Moderate to severe|C1299393|[qlco]|["Moderate to severe"-tx-4-"moderate to severe"-adj-0]|TX|690/18|
00000000|MMI|3.59|Operative Surgical Procedures|C0543467|[hlca]|["Surgery"-tx-38-"surgery"-noun-0]|TX|3992/7|E04
00000000|MMI|3.59|Surgery specialty|C0038894|[bmod]|["Surgery"-tx-38-"surgery"-noun-0]|TX|3992/7|
00000000|MMI|3.59|Tender|C0234234|[qlco]|["Tender"-tx-29-"tender"-verb-0]|TX|2889/6|
00000000|MMI|3.59|seen|C0205397|[qlco]|["Seen"-tx-38-"seen"-verb-0]|TX|3984/4|
00000000|MMI|3.57|Percocet Tablets|C0307251|[clnd]|["Percocet Tablets"-tx-44-"Percocet tablets"-noun-0]|TX|4286/8,4302/7|
00000000|MMI|3.57|Exercise Pain Management|C1522704|[topp]|["Exercise"-tx-13-"exercise"-verb-0]|TX|1522/8|
00000000|MMI|3.57|Four|C0205450|[qnco]|["Four"-tx-30-"four"-word_numeral-0]|TX|2962/4|
00000000|MMI|3.57|Minute (diminutive)|C1282918|[qnco]|["minutes"-tx-13-"minutes"-noun-0]|TX|1541/7|
00000000|MMI|3.57|Minute Unit of Plane Angle|C2347166|[qnco]|["Minute"-tx-13-"minutes"-noun-0]|TX|1541/7|
00000000|MMI|3.57|Minute of time|C0439232|[tmco]|["minutes"-tx-13-"minutes"-noun-0]|TX|1541/7|
00000000|MMI|3.57|Per Minute|C0702093|[tmco]|["/minute"-tx-13-"minutes"-noun-0]|TX|1541/7|
00000000|MMI|3.57|Small|C0700321|[qnco]|["minutes"-tx-13-"minutes"-noun-0]|TX|1541/7|
00000000|MMI|3.57|Vesicle (morphologic abnormality)|C0333262|[dsyn]|["VESICLES"-tx-30-"vesicles"-noun-0]|TX|2967/8|
00000000|MMI|3.56|Extrinsic|C0205101|[spco]|["Outside"-tx-3-"outside"-adj-0]|TX|541/7|
00000000|MMI|3.56|Hospital environment|C1510665|[qlco]|["Hospital"-tx-3-"hospital"-noun-0]|TX|549/8|
00000000|MMI|3.56|July|C3829447|[qlco]|["July"-tx-8-"July"-noun-0]|TX|1152/4|
00000000|MMI|3.56|Out (direction)|C0439787|[spco]|["Out"-tx-8-"out"-adv-0]|TX|1190/3|
00000000|MMI|3.56|Relieved (qualifier value)|C1301771|[qlco]|["Relieved"-tx-16-"relieved"-verb-0]|TX|1832/8|
00000000|MMI|3.56|Removed|C0849355|[qlco]|["Out"-tx-8-"out"-adv-0]|TX|1190/3|
00000000|MMI|3.56|Schedule (document type)|C0086960|[inpr]|["Scheduled"-tx-14-"scheduled"-verb-0]|TX|1603/9|
00000000|MMI|3.56|Scheduled - priority|C1571999|[qlco]|["Scheduled"-tx-14-"scheduled"-verb-0]|TX|1603/9|
00000000|MMI|3.56|Scheduled - procedure status|C0205539|[qlco]|["Scheduled"-tx-14-"scheduled"-verb-0]|TX|1603/9|
00000000|MMI|3.56|elective|C0439608|[tmco]|["Elective"-tx-14-"elective"-adj-0]|TX|1620/8|
00000000|MMI|3.55|Occur (action)|C1709305|[acty]|["Occur"-tx-7-"occurring"-verb-0]|TX|1093/9|
00000000|MMI|3.55|Occurrence|C2745955|[tmco]|["OCCUR"-tx-7-"occurring"-verb-0]|TX|1093/9|
00000000|MMI|3.55|Concept History|C1705255|[cnce]|["History"-tx-15-"history"-noun-0]|TX|1747/7|
00000000|MMI|3.55|Department|C1704729|[orgt]|["Department"-tx-26-"department"-noun-0]|TX|2424/10|
00000000|MMI|3.55|Evening|C0587117|[tmco]|["Evening"-tx-17-"evening"-noun-0]|TX|1883/7|
00000000|MMI|3.55|Feeling relief|C0564405|[fndg]|["Relief"-tx-18-"relief"-noun-1]|TX|1978/6|
00000000|MMI|3.55|GORAB gene|C1822658|[gngm]|["GO"-tx-36-"go"-verb-0]|TX|3634/2|
00000000|MMI|3.55|History of previous events|C2004062|[fndg]|["History"-tx-15-"history"-noun-0]|TX|1747/7|
00000000|MMI|3.55|Room|C1547703|[spco]|["Room"-tx-26-"room"-noun-0]|TX|2419/4|
00000000|MMI|3.55|Couple (action)|C1948027|[ftcn]|["Couple"-tx-14-"couple"-noun-0]|TX|1715/6|
00000000|MMI|3.55|Couples (persons)|C0010222|[famg]|["couple"-tx-14-"couple"-noun-0]|TX|1715/6|
00000000|MMI|3.55|day|C0439228|[tmco]|["DAYS"-tx-29-"days"-noun-0]|TX|2707/4|
00000000|MMI|3.55|Mid-Left Anterior Descending Artery|C3640698|[bpoc]|["Mid left anterior descending artery"-tx-4-"mid left anterior descending artery"-noun-0]|TX|782/3,787/31|
00000000|MMI|3.54|Female Phenotype|C1705498|[qlco]|["Female"-tx-1-"female"-noun-0]|TX|331/6|
00000000|MMI|3.54|Female, Self-Report|C1705497|[qlco]|["Female"-tx-1-"female"-noun-0]|TX|331/6|
00000000|MMI|3.53|thallium stress test|C1455714|[diap]|["Exercise Thallium"-tx-9-"exercise Thallium"-noun-0]|TX|1226/17|
00000000|MMI|3.50|Act Relationship Subset - previous|C1552607|[tmco]|["previous"-tx-28-"previous"-adj-0]|TX|2668/8|
00000000|MMI|3.50|Further|C1517331|[spco]|["Further"-tx-29-"further"-adj-0]|TX|2788/7|
00000000|MMI|3.50|Less Than|C0439092|[qnco]|["Less"-tx-7-"less"-adv-0]|TX|1117/4|
00000000|MMI|3.50|MIGRAINE WITH OR WITHOUT AURA, SUSCEPTIBILITY TO, 1|C3887485|[fndg]|["MA"-tx-48-"MA"-noun-0]|TX|4526/2|
00000000|MMI|3.50|Previous|C0205156|[tmco]|["Previous"-tx-28-"previous"-adj-0]|TX|2668/8|
00000000|MMI|3.50|Smaller|C0547044|[qlco]|["Less"-tx-7-"less"-adv-0]|TX|1117/4|
00000000|MMI|3.50|erythematous|C0332476|[ftcn]|["Erythematous"-tx-30-"erythematous"-adj-0]|TX|2982/12|
00000000|MMI|3.49|Registered nurse|C0687673|[prog]|["R.N."-tx-45-"r.n"-adj-0]|TX|4321/3|
00000000|MMI|3.48|Mastodynia of left breast|C2228803|[sosy]|["Pain of left breast"-tx-29-"of left chest pain"-noun-0]|TX|2755/2,2763/15|
00000000|MMI|3.48|Known|C0205309|[qlco]|["Known"-tx-25-"known"-adj-0]|TX|2338/5|
00000000|MMI|3.48|Superficial|C0205124|[spco]|["SUPERFICIAL"-tx-32-"superficial"-adj-0]|TX|3148/11|
00000000|MMI|3.48|Tightness sensation quality|C0439816|[qlco]|["Tight"-tx-4-"tight"-adj-0]|TX|834/5|
00000000|MMI|3.48|Tights|C0453911|[mnob]|["tight"-tx-4-"tight"-adj-0]|TX|834/5|
00000000|MMI|3.47|Personal History of Coronary Artery Disease|C1881055|[clna]|["History of Coronary Artery Disease"-tx-1-"history of coronary artery disease"-noun-0]|TX|343/34|
00000000|MMI|3.47|famciclovir 500 MG|C0992318|[clnd]|["famciclovir 500 MG"-tx-45-"Famciclovir 500 mg"-noun-0]|TX|4356/18|
00000000|MMI|3.47|Structure of circumflex branch of left coronary artery|C0226037|[bpoc]|["Left circumflex artery"-tx-5-"left circumflex artery"-noun-0]|TX|885/22|
00000000|MMI|3.47|Approximate|C0332232|[qlco]|["Approximately"-tx-6-"approximately"-adv-0]|TX|945/13|
00000000|MMI|3.47|Borg Category-Ratio 10 Perceived Exertion Score 5|C4050466|[inpr]|["Severe"-tx-17-"severe"-adj-0]|TX|1937/6|
00000000|MMI|3.47|Half|C2825407|[qnco]|["Half"-tx-15-"half"-adv-0]|TX|1792/4|
00000000|MMI|3.47|Severe (severity modifier)|C0205082|[qlco]|["SEVERE"-tx-17-"severe"-adj-0]|TX|1937/6|
00000000|MMI|3.47|Severe Extremity Pain|C4050465|[inpr]|["Severe"-tx-17-"severe"-adj-0]|TX|1937/6|
00000000|MMI|3.46|4+ Answer to question|C3838679|[fndg]|["4+"-tx-1-"4"-fraction-0]|TX|171/1|
00000000|MMI|3.46|Every four hours|C0585324|[tmco]|["Q4H"-tx-45-"q4h"-noun-0]|TX|4315/3|
00000000|MMI|3.45|Borg Category-Ratio 10 Perceived Exertion Score 3|C4049706|[inpr]|["Moderate"-tx-4-"moderate"-adj-0]|TX|773/8|
00000000|MMI|3.45|Moderate (severity modifier)|C0205081|[qlco]|["Moderate"-tx-4-"moderate"-adj-0]|TX|773/8|
00000000|MMI|3.45|Moderate Extremity Pain|C4049705|[inpr]|["Moderate"-tx-4-"moderate"-adj-0]|TX|773/8|
00000000|MMI|3.45|Moderation|C1881878|[qlco]|["MODERATE"-tx-4-"moderate"-adj-0]|TX|773/8|
00000000|MMI|3.45|Diagnostic interview schedule|C0451119|[inpr]|["DIS"-tx-1-"DIS"-noun-0]|TX|101/3|
00000000|MMI|3.45|Discontinued|C1444662|[fndg]|["DIS"-tx-1-"DIS"-noun-0]|TX|101/3|
00000000|MMI|3.45|R prime|C2603358|[clna]|["R'"-tx-1-"R"-adj-0]|TX|64/1|
00000000|MMI|3.45|Before|C0332152|[tmco]|["Prior to"-tx-17-"prior to"-prep-0]|TX|1891/8|
00000000|MMI|3.45|National origin|C0079946|[clas]|["origin"-tx-32-"origin"-noun-0]|TX|3240/6|
00000000|MMI|3.45|Participation Type - origin|C1550512|[inpr]|["origin"-tx-32-"origin"-noun-0]|TX|3240/6|
00000000|MMI|3.45|Secondary to|C0175668|[tmco]|["Secondary to"-tx-13-"secondary to"-adj-0]|TX|1561/12|
00000000|MMI|3.45|Blood group antibody I|C0221138|[aapp,imft]|["I NOS"-tx-45-"i"-adv-0]|TX|4382/1|
00000000|MMI|3.44|Delayed Release Dosage Form|C1707664|[bodm]|["DR"-tx-46-"Dr"-noun-0]|TX|4443/2|
00000000|MMI|3.44|Device to Subject Relationship Domain|C3540849|[inpr]|["DR"-tx-46-"Dr"-noun-0]|TX|4443/2|
00000000|MMI|3.44|Doctor - Title|C2348314|[cnce]|["Dr."-tx-46-"Dr"-noun-0]|TX|4443/2|
00000000|MMI|3.43|Changed status|C0443172|[qnco]|["changes"-tx-28-"changes"-noun-0]|TX|2651/7|
00000000|MMI|3.43|Changing|C0392747|[ftcn]|["changes"-tx-28-"changes"-noun-0]|TX|2651/7|
00000000|MMI|3.43|Preoperative|C0445204|[tmco]|["Preoperative"-tx-38-"preoperative"-adj-0]|TX|4023/12|
00000000|MMI|3.43|work up|C0750430|[diap]|["Work-up"-tx-38-"workup"-noun-0]|TX|4036/6|
00000000|MMI|3.43|To be stopped|C1272691|[qlco]|["stopped"-tx-13-"stopped"-adj-0]|TX|1553/7|
00000000|MMI|3.43|exercise induced|C0239313|[sosy]|["EXERTIONAL"-tx-15-"exertional"-adj-0]|TX|1758/10|
00000000|MMI|3.42|Diffuse|C0205219|[qlco]|["DIFFUSE"-tx-4-"diffuse"-adj-0]|TX|672/7|
00000000|MMI|3.42|First (number)|C0205435|[qnco]|["First"-tx-29-"first"-adj-0]|TX|2693/5|
00000000|MMI|3.42|Firstly|C1279901|[qlco]|["First"-tx-29-"first"-adj-0]|TX|2693/5|
00000000|MMI|3.42|week|C0439230|[tmco]|["WEEKS"-tx-37-"weeks"-noun-0]|TX|3942/5|
00000000|MMI|3.42|10%|