00000000|MMI|14.64|Aortic Valve Stenosis|C0003507|[dsyn]|["AORTIC STENOSIS"-tx-1-"AORTIC STENOSIS"-noun-0]|TX|64/15|C14.280.484.150;C14.280.955.249
00000000|MMI|12.93|Myocardial Infarction|C0027051|[dsyn]|["Infarction, Myocardial"-tx-1-"MYOCARDIAL INFARCTION"-noun-1]|TX|91/21|C14.280.647.500;C14.907.585.500
00000000|MMI|7.28|Signature|C1519316|[inpr]|["Signed"-tx-1-"Signed"-noun-0]|TX|[115/6],[172/6]|
00000000|MMI|7.28|signed - ParticipationSignature|C1561610|[inpr]|["signed"-tx-1-"Signed"-noun-0]|TX|[115/6],[172/6]|
00000000|MMI|5.18|Positive|C1446409|[qlco]|["rule"-tx-1-"RULE"-verb-0]|TX|82/4|
00000000|MMI|5.18|Rule (guideline)|C0870077|[inpr]|["Rule"-tx-1-"RULE"-verb-0]|TX|82/4|
00000000|MMI|5.18|derivation calculation|C0805874|[idcn]|["Rule"-tx-1-"RULE"-verb-0]|TX|82/4|
00000000|MMI|3.65|Report status|C0586177|[fndg]|["Report status"-tx-1-"Report Status"-noun-1]|TX|157/13|
00000000|MMI|3.62|Admission date:Time Stamp -- Date and Time:Point in time:^Patient:Quantitative|C2598112|[clna]|["Admission date"-tx-1-"Admission Date"-noun-0]|TX|130/14|
00000000|MMI|3.62|Date of admission|C1302393|[tmco]|["Admission date"-tx-1-"Admission Date"-noun-0]|TX|130/14|
00000000|MMI|3.59|20%|C3842589|[fndg]|["20%"-tx-1-"20"-fraction-0]|TX|42/2|
00000000|MMI|3.59|Pyrexia of unknown origin (excl puerperal)|C0856281|[sosy]|["puo"-tx-1-"PUO"-noun-0]|TX|12/3|
00000000|MMI|3.49|10-14|C3840694|[fndg]|["10-14"-tx-1-"10/14"-fraction-1]|TX|146/5|
00000000|MMI|3.47|Electrocardiogram: myocardial infarction (finding)|C0428953|[lbtr]|["MYOCARDIAL INFARCTION"-tx-1-"MYOCARDIAL INFARCTION"-noun-1]|TX|91/21|
00000000|MMI|3.47|Myocardial Infarction ECG Assessment|C3810814|[diap]|["Myocardial Infarction"-tx-1-"MYOCARDIAL INFARCTION"-noun-0]|TX|91/21|
00000000|MMI|3.47|Myocardial infarction:Finding:Point in time:^Patient:Ordinal|C2926063|[clna]|["Myocardial infarction"-tx-1-"MYOCARDIAL INFARCTION"-noun-0]|TX|91/21|
00000000|MMI|3.45|Diagnostic interview schedule|C0451119|[inpr]|["DIS"-tx-1-"DIS"-noun-0]|TX|124/3|
00000000|MMI|3.45|Discontinued|C1444662|[fndg]|["DIS"-tx-1-"DIS"-noun-1]|TX|124/3|
00000000|MMI|3.45|Out (direction)|C0439787|[spco]|["Out"-tx-1-"OUT"-adv-0]|TX|87/3|
00000000|MMI|3.45|Removed|C0849355|[qlco]|["Out"-tx-1-"OUT"-adv-0]|TX|87/3|
00000000|MMI|115.03|Togo|C0040363|[geoa]|["TO"-tx-48-"to"-adv-0,"TO"-tx-43-"to"-adv-0,"TO"-tx-39-"to"-adv-0,"TO"-tx-36-"to"-adv-0,"TO"-tx-11-"to"-adv-0,"TO"-tx-7-"to"-adv-0]|TX|4982/2;4494/2;4388/2;4195/2;1304/2;795/2|Z01.058.290.190.800
00000000|MMI|115.03|Tryptophanase|C0041260|[aapp,enzy]|["TO"-tx-48-"to"-adv-0,"TO"-tx-43-"to"-adv-0,"TO"-tx-39-"to"-adv-0,"TO"-tx-36-"to"-adv-0,"TO"-tx-11-"to"-adv-0,"TO"-tx-7-"to"-adv-0]|TX|4982/2;4494/2;4388/2;4195/2;1304/2;795/2|D08.811.520.224.800
00000000|MMI|82.04|Daily|C0332173|[tmco]|["/day"-tx-47-"day"-noun-0,"/day"-tx-46-"day"-noun-0,"/day"-tx-44-"day"-noun-0,"/day"-tx-14-"day"-noun-0]|TX|4877/3;[4703/3],[4739/3],[4764/3],[4807/3];4613/3;[1605/3],[1639/3],[1682/3],[1707/3],[1733/3]|
00000000|MMI|82.04|day|C0439228|[tmco]|["DAY"-tx-47-"day"-noun-0,"DAY"-tx-46-"day"-noun-0,"DAY"-tx-44-"day"-noun-0,"DAY"-tx-14-"day"-noun-0]|TX|4877/3;[4703/3],[4739/3],[4764/3],[4807/3];4613/3;[1605/3],[1639/3],[1682/3],[1707/3],[1733/3]|
00000000|MMI|82.04|per day|C0439505|[tmco]|["/day"-tx-47-"day"-noun-0,"/day"-tx-46-"day"-noun-0,"/day"-tx-44-"day"-noun-0,"/day"-tx-14-"day"-noun-0]|TX|4877/3;[4703/3],[4739/3],[4764/3],[4807/3];4613/3;[1605/3],[1639/3],[1682/3],[1707/3],[1733/3]|
00000000|MMI|79.42|Patient Discharge|C0030685|[hlca]|["Discharged"-tx-48-"discharged"-verb-0,"Discharged"-tx-43-"discharged"-verb-0,"Discharge"-tx-38-"discharge"-noun-0,"Discharge"-tx-37-"discharge"-noun-0]|TX|4988/10;4500/10;4328/9;4252/9|E02.204.125;E02.760.400.610;N02.421.192.125;N02.421.585.400.610;N04.590.233.727.210.125
00000000|MMI|68.48|Mongolia|C0026410|[geoa]|["MG"-tx-46-"mg"-noun-0,"MG"-tx-14-"mg"-noun-0]|TX|[4692/2],[4722/2];[1595/2],[1697/2],[1723/2]|Z01.252.474.651
00000000|MMI|64.89|Patients|C0030705|[podg]|["*^patient"-tx-48-"patient"-noun-0,"*^patient"-tx-39-"patient"-noun-0,"*^patient"-tx-31-"patient"-noun-0,"*^patient"-tx-28-"patient"-noun-0,"*^patient"-tx-13-"patient"-noun-0,"*^patient"-tx-8-"patient"-noun-0,"*^patient"-tx-1-"patient"-noun-0]|TX|4971/7;4405/7;3297/7;2702/7;1515/7;858/7;58/7|M01.643
00000000|MMI|49.86|Echocardiography|C0013516|[diap]|["ECHOCARDIOGRAM"-tx-25-"echocardiogram"-noun-0,"ECHOCARDIOGRAM"-tx-7-"echocardiogram"-noun-0,"echocardiograms"-tx-6-"echocardiograms"-noun-0]|TX|2340/14;716/14;603/15|E01.370.350.130.750;E01.370.350.850.220;E01.370.370.380.220
00000000|MMI|49.37|Knee Replacement Arthroplasty (procedure)|C0086511|[topp]|["Total Knee Replacement"-tx-22-"total knee replacement"-noun-0,"Total Knee Replacement"-tx-12-"total knee replacement"-noun-0,"Total Knee Replacement"-tx-11-"total knee replacement"-noun-0]|TX|2132/22;1440/22;1248/22|E04.555.110.110.115;E04.650.110.115;E04.680.101.110.115
00000000|MMI|40.34|Abortion consent:Finding:Point in time:^Patient:Document|C2360836|[clna]|["Patient"-tx-48-"patient"-noun-0,"Patient"-tx-39-"patient"-noun-0,"Patient"-tx-31-"patient"-noun-0,"Patient"-tx-28-"patient"-noun-0,"Patient"-tx-13-"patient"-noun-0,"Patient"-tx-8-"patient"-noun-0,"Patient"-tx-1-"patient"-noun-0]|TX|4971/7;4405/7;3297/7;2702/7;1515/7;858/7;58/7|
00000000|MMI|40.34|Hysterectomy consent:Finding:Point in time:^Patient:Document|C2360838|[clna]|["Patient"-tx-48-"patient"-noun-0,"Patient"-tx-39-"patient"-noun-0,"Patient"-tx-31-"patient"-noun-0,"Patient"-tx-28-"patient"-noun-0,"Patient"-tx-13-"patient"-noun-0,"Patient"-tx-8-"patient"-noun-0,"Patient"-tx-1-"patient"-noun-0]|TX|4971/7;4405/7;3297/7;2702/7;1515/7;858/7;58/7|
00000000|MMI|40.34|Sterilization consent:Finding:Point in time:^Patient:Document|C2360840|[clna]|["Patient"-tx-48-"patient"-noun-0,"Patient"-tx-39-"patient"-noun-0,"Patient"-tx-31-"patient"-noun-0,"Patient"-tx-28-"patient"-noun-0,"Patient"-tx-13-"patient"-noun-0,"Patient"-tx-8-"patient"-noun-0,"Patient"-tx-1-"patient"-noun-0]|TX|4971/7;4405/7;3297/7;2702/7;1515/7;858/7;58/7|
00000000|MMI|39.70|Aortic Valve Stenosis|C0003507|[dsyn]|["AORTIC STENOSIS"-tx-25-"aortic stenosis"-noun-0,"AORTIC STENOSIS"-tx-7-"aortic stenosis"-noun-0,"AORTIC STENOSIS"-tx-2-"aortic stenosis"-noun-0]|TX|2414/15;756/15;180/15|C14.280.484.150;C14.280.955.249
00000000|MMI|38.66|Lopressor|C0700776|[orch,phsu]|["Lopressor"-tx-46-"Lopressor"-noun-0,"Lopressor"-tx-34-"Lopressor"-noun-0]|TX|4709/9;4035/9|D02.033.100.624.698.573;D02.033.755.624.698.573;D02.092.063.624.698.573
00000000|MMI|33.67|Hearing|C0018767|[phsf]|["hear"-tx-17-"heard"-verb-1,"Hearing"-tx-11-"hearing"-noun-0]|TX|1944/5;1380/7|F02.830.816.263;G11.561.600.810.263
00000000|MMI|33.49|To|C1883351|[qlco]|["To"-tx-48-"to"-adv-0,"To"-tx-43-"to"-adv-0,"To"-tx-39-"to"-adv-0,"To"-tx-36-"to"-adv-0,"To"-tx-11-"to"-adv-0,"To"-tx-7-"to"-adv-0]|TX|4982/2;4494/2;4388/2;4195/2;1304/2;795/2|
00000000|MMI|33.22|heart rate|C0018810|[clna]|["Heart Rate"-tx-41-"Heart rate"-noun-0,"Heart Rate"-tx-15-"Heart rate"-noun-0]|TX|4428/10;1837/10|E01.370.600.875.500;G09.330.380.500
00000000|MMI|33.06|Lesion|C0221198|[fndg]|["Lesion"-tx-30-"lesion"-noun-0,"Lesion"-tx-29-"lesion"-noun-0,"Lesion"-tx-4-"lesion"-noun-0]|TX|[3060/6],[3155/6],[3201/6],[3248/6];[2964/6],[3033/6];[399/6],[431/6]|
00000000|MMI|33.06|Specimen Source Codes - Lesion|C1546698|[inpr]|["Lesion"-tx-30-"lesion"-noun-0,"Lesion"-tx-29-"lesion"-noun-0,"Lesion"-tx-4-"lesion"-noun-0]|TX|[3060/6],[3155/6],[3201/6],[3248/6];[2964/6],[3033/6];[399/6],[431/6]|
00000000|MMI|32.62|Hematocrit procedure|C0018935|[lbpr]|["Hematocrit"-tx-38-"hematocrit"-noun-0,"Hematocrit"-tx-24-"hematocrit"-noun-0]|TX|4314/10;2319/10|E01.370.225.625.400;E05.200.625.400;G09.188.370.374
00000000|MMI|32.42|Postoperative Period|C0032790|[tmco]|["Postoperative"-tx-35-"postoperative"-adj-0,"Postoperative"-tx-34-"postoperative"-adj-0]|TX|4145/13;3882/13|E04.614.750;N02.421.585.753.750
00000000|MMI|28.68|Humulin N|C0306370|[aapp,horm,phsu]|["HumuLIN N"-tx-14-"Humulin N"-noun-0]|TX|1739/9|D06.472.699.587.200.300.200.500;D06.472.699.587.200.500.625.500.500;D12.644.548.586.200.300.200.500;D12.644.548.586.200.500.625.500.500
00000000|MMI|28.12|Time|C0040223|[tmco]|["times"-tx-46-"times"-noun-0,"times"-tx-44-"times"-noun-0,"times"-tx-14-"times"-noun-0,"TIME"-tx-4-"time"-noun-0]|TX|4731/5;4605/5;1631/5;349/4|G01.910
00000000|MMI|26.23|Diuresis|C0012797|[ortf]|["Diuresis"-tx-36-"diuresis"-noun-0,"Diuresis"-tx-34-"diuresis"-noun-0]|TX|4206/8;4112/8|G08.852.796.241
00000000|MMI|25.54|Zocor|C0678181|[orch,phsu]|["Zocor"-tx-14-"Zocor"-noun-0]|TX|1688/5|D02.455.426.559.847.638.400.900;D04.615.638.400.900
00000000|MMI|25.53|Atrovent|C0591130|[orch,phsu]|["Atrovent"-tx-45-"Atrovent"-noun-0]|TX|4655/8|D02.145.074.722.229.400;D03.132.760.180.572.400;D03.132.889.180.648.400;D03.605.869.229.400;D04.075.080.875.099.722.229.400
00000000|MMI|23.12|Laboratory|C0022877|[mnob,orgt]|["LABORATORY"-tx-24-"LABORATORY"-noun-0,"LABORATORY"-tx-24-"Laboratory"-noun-0]|TX|2207/10;2219/10|N02.278.487
00000000|MMI|22.95|Left|C0205091|[spco]|["LEFT"-tx-31-"left"-noun-0,"LEFT"-tx-29-"left"-adj-0,"LEFT"-tx-22-"Left"-adj-0,"LEFT"-tx-11-"left"-adj-0,"LEFT"-tx-11-"left"-verb-0]|TX|3493/4;2867/4;2127/4;[1205/4],[1243/4],[1390/4];[1205/4],[1243/4],[1390/4]|
00000000|MMI|22.95|Left sided|C0443246|[spco]|["Left"-tx-31-"left"-noun-0,"Left"-tx-29-"left"-adj-0,"Left"-tx-22-"Left"-adj-0,"Left"-tx-11-"left"-adj-0,"Left"-tx-11-"left"-verb-0]|TX|3493/4;2867/4;2127/4;[1205/4],[1243/4],[1390/4];[1205/4],[1243/4],[1390/4]|
00000000|MMI|22.95|Table Cell Horizontal Align - left|C1552822|[ftcn]|["left"-tx-31-"left"-noun-0,"left"-tx-29-"left"-adj-0,"left"-tx-22-"Left"-adj-0,"left"-tx-11-"left"-adj-0,"left"-tx-11-"left"-verb-0]|TX|3493/4;2867/4;2127/4;[1205/4],[1243/4],[1390/4];[1205/4],[1243/4],[1390/4]|
00000000|MMI|22.68|White Blood Cell Count procedure|C0023508|[lbpr]|["Blood Cell Count, White"-tx-24-"white blood cell count"-noun-0]|TX|2290/22|E01.370.225.500.195.107.595;E01.370.225.625.107.595;E05.200.500.195.107.595;E05.200.625.107.595;E05.242.195.107.595;G04.170.107.595;G09.188.105.595
00000000|MMI|22.61|Insulin|C0021641|[aapp,horm,phsu]|["INSULIN"-tx-33-"insulin"-noun-0]|TX|3869/7|D06.472.699.587.200.500.625;D12.644.548.586.200.500.625
00000000|MMI|22.39|Cozaar|C0591301|[orch,phsu]|["Cozaar"-tx-14-"Cozaar"-noun-0]|TX|1713/6|D02.455.426.559.389.185.475;D03.383.129.308.507;D03.383.129.617.467
00000000|MMI|22.37|insulin, isophane|C0021658|[aapp,horm,phsu]|["Insulin, NPH"-tx-47-"NPH insulin"-noun-0]|TX|4895/11|D06.472.699.587.200.300.200;D12.644.548.586.200.300.200
00000000|MMI|22.36|therapeutic aspects|C0039798|[ftcn]|["therapy"-tx-34-"therapy"-noun-0]|TX|4045/7|x.x.x.x.x.x.x
00000000|MMI|20.95|Hypercholesterolemia|C0020443|[dsyn]|["HYPERCHOLESTEROLEMIA"-tx-11-"hypercholesterolemia"-noun-0]|TX|1130/20|C18.452.584.500.500.396
00000000|MMI|19.92|Physical Examination|C0031809|[hlca]|["PHYSICAL EXAMINATION"-tx-15-"PHYSICAL EXAMINATION"-noun-0,"Physical"-tx-9-"physical"-noun-0]|TX|1802/20;1006/8|E01.370.600
00000000|MMI|19.70|Universities|C0041740|[mnob,orgt]|["University"-tx-49-"University"-noun-0,"University"-tx-28-"University"-noun-0]|TX|5054/10;2770/10|I02.783.830
00000000|MMI|19.45|Dinner|C4048877|[dora]|["Dinner"-tx-47-"dinner"-adj-0]|TX|4948/6|F01.145.407.432.500;F01.145.466.349.500;G07.203.300.590;G07.203.650.353.432.500;J02.500.590
00000000|MMI|19.45|Supper|C2699739|[dora]|["Dinner"-tx-47-"dinner"-adj-0]|TX|4948/6|F01.145.407.432.500;F01.145.466.349.500;G07.203.300.590;G07.203.650.353.432.500;J02.500.590
00000000|MMI|19.41|Coronary angiography|C0085532|[diap]|["Coronary arteriography"-tx-28-"coronary arteriography"-noun-0]|TX|2720/22|E01.370.350.130.625;E01.370.350.700.060.200;E01.370.370.050.200;E01.370.370.380.200
00000000|MMI|19.27|Thiamine Pyrophosphate|C0039848|[orch,phsu,vita]|["TPP"-tx-25-"TPP"-noun-0]|TX|2396/3|D02.886.675.900.702;D03.383.129.708.900.702;D03.383.742.795.702;D08.211.878
00000000|MMI|19.20|Protons|C0033727|[elii]|["H+"-tx-46-"h"-adv-0]|TX|4834/1|D01.248.497.300.459.700;D01.268.406.750;D01.362.340.750;G01.249.765
00000000|MMI|18.77|Magnesium Cation|C2346927|[elii,phsu]|["Mg++"-tx-46-"mg"-noun-0,"Mg++"-tx-14-"mg"-noun-0]|TX|[4692/2],[4722/2];[1595/2],[1697/2],[1723/2]|
00000000|MMI|18.77|Milligram percent|C1960952|[qnco]|["mg %"-tx-46-"mg"-noun-0,"mg %"-tx-14-"mg"-noun-0]|TX|[4692/2],[4722/2];[1595/2],[1697/2],[1723/2]|
00000000|MMI|18.77|mg/dL|C0439269|[qnco]|["mg%"-tx-46-"mg"-noun-0,"mg%"-tx-14-"mg"-noun-0]|TX|[4692/2],[4722/2];[1595/2],[1697/2],[1723/2]|
00000000|MMI|17.80|Diabetes Mellitus, Insulin-Dependent|C0011854|[dsyn]|["DIABETES MELLITUS, INSULIN DEPENDENT"-tx-11-"insulin dependent diabetes mellitus"-noun-0]|TX|1092/35|C18.452.394.750.124;C19.246.267;C20.111.327
00000000|MMI|17.80|Electrocardiogram|C0013798|[fndg]|["EKG"-tx-26-"EKG"-noun-0]|TX|2622/3|E01.370.370.380.240;E01.370.405.240
00000000|MMI|17.80|Electrocardiography|C1623258|[diap]|["EKG"-tx-26-"EKG"-noun-0]|TX|2622/3|E01.370.370.380.240;E01.370.405.240
00000000|MMI|16.98|Show|C1547282|[anim]|["Show"-tx-29-"showed"-verb-0,"Show"-tx-26-"shows"-verb-0,"Show"-tx-7-"shows"-verb-0,"Show"-tx-6-"showing"-verb-0]|TX|2803/6;2626/5;731/5;634/7|
00000000|MMI|16.25|Creatinine|C0010294|[bacs,orch]|["CREATININE"-tx-24-"creatinine"-noun-0]|TX|2273/10|D03.383.129.308.207
00000000|MMI|16.17|Dominican Republic|C0013014|[geoa]|["DR"-tx-48-"Dr"-noun-0]|TX|5014/2|Z01.107.084.900.300;Z01.639.880.300
00000000|MMI|16.16|Angioplasty|C0162577|[topp]|["Angioplasty"-tx-3-"angioplasty"-noun-0]|TX|256/11|E02.148.050;E04.100.814.529.124;E04.502.382.124;E05.157.016
00000000|MMI|16.08|Physical activity|C0026606|[dora]|["Physical Activity"-tx-9-"physical activity"-noun-0]|TX|1006/17|F01.145.632;G11.427.590.530.698
00000000|MMI|15.79|Doctor of Medicine|C1512018|[inpr]|["M.D."-tx-56-"M.D"-noun-0,"M.D."-tx-54-"M.D"-noun-0,"M.D."-tx-51-"M.D"-noun-0]|TX|5290/3;5257/3;5154/3|
00000000|MMI|15.15|Operative procedure on knee|C0187769|[topp]|["surgery knee"-tx-11-"surgery knee"-noun-0,"knee surgery"-tx-8-"knee surgery"-noun-0,"knee surgery"-tx-7-"knee surgery"-noun-0,"knee surgery"-tx-6-"knee surgery"-noun-0]|TX|1315/7,1331/4;926/12;840/12;581/12|
00000000|MMI|14.75|Unit|C0439148|[qnco]|["UNITS"-tx-47-"units"-noun-0,"UNITS"-tx-14-"units"-noun-0]|TX|[4910/5],[4938/5];[1752/5],[1780/5]|
00000000|MMI|14.75|Unit - NCI Thesaurus Property|C3853603|[ftcn]|["Units"-tx-47-"units"-noun-0,"Units"-tx-14-"units"-noun-0]|TX|[4910/5],[4938/5];[1752/5],[1780/5]|
00000000|MMI|14.75|Unit of Measure|C1519795|[qnco]|["Units"-tx-47-"units"-noun-0,"Units"-tx-14-"units"-noun-0]|TX|[4910/5],[4938/5];[1752/5],[1780/5]|
00000000|MMI|14.64|Abdominal Cavity|C0230168|[blor]|["Abdomen"-tx-21-"ABDOMEN"-noun-0]|TX|2084/7|A01.923.047.025
00000000|MMI|14.64|Chest|C0817096|[blor]|["CHEST"-tx-18-"CHEST"-noun-0]|TX|1951/5|A01.923.761;A02.835.232.904
00000000|MMI|14.64|Dentition|C0011443|[bpoc]|["Dentition"-tx-16-"Dentition"-noun-0]|TX|1871/9|A03.556.500.379;A14.549.167
00000000|MMI|14.64|Needs|C0027552|[qlco]|["Need"-tx-39-"need"-noun-0]|TX|4383/4|N03.349.380.420;N05.300.450
00000000|MMI|14.64|Tooth structure|C0040426|[bpoc]|["Dentition"-tx-16-"Dentition"-noun-0]|TX|1871/9|A14.549.167.860
00000000|MMI|14.64|Vital signs|C0518766|[clna]|["Signs, Vital"-tx-15-"VITAL SIGNS"-noun-0]|TX|1824/11|E01.370.600.875
00000000|MMI|14.38|80%|C3842583|[fndg]|["80%"-tx-30-"80"-percentage-0,"80%"-tx-29-"80"-percentage-0,"80%"-tx-15-"80"-integer-0,"80%"-tx-4-"80"-percentage-0]|TX|3056/2;3022/2;1848/2;370/2|
00000000|MMI|14.35|Right|C0205090|[spco]|["R-"-tx-53-"R"-noun-0,"RIGHT"-tx-29-"right"-adj-0,"RIGHT"-tx-11-"right"-noun-0]|TX|5244/1;2812/5;[1223/5],[1408/5]|
00000000|MMI|13.14|Rabbi|C0684010|[prog]|["R."-tx-53-"R"-noun-0]|TX|5244/1|M01.526.799.500
00000000|MMI|13.07|Mitral Valve Insufficiency|C0026266|[patf]|["Insufficiency, Mitral"-tx-25-"mitral insufficiency"-noun-0]|TX|2543/20|C14.280.484.461
00000000|MMI|13.07|Operating Room|C0029064|[hcro,mnob]|["OPERATING ROOM"-tx-31-"operating room"-noun-0]|TX|3317/14|N02.278.388.700
00000000|MMI|13.05|Consultation|C0009818|[hlca]|["Consultation"-tx-33-"consultation"-noun-0]|TX|3739/12|N04.452.758.849
00000000|MMI|13.05|Rehabilitation therapy|C0034991|[topp]|["Rehabilitation"-tx-43-"rehabilitation"-noun-0]|TX|4514/14|E02.831;H02.403.680.600;N02.421.784
00000000|MMI|13.01|Physicians|C0031831|[prog]|["DR"-tx-48-"Dr"-noun-0]|TX|5014/2|M01.526.485.810;N02.360.810
00000000|MMI|12.92|Diltiazem|C0012373|[orch,phsu]|["DILTIAZEM"-tx-14-"Diltiazem"-noun-0]|TX|1578/9|D03.438.079.150
00000000|MMI|12.91|Dyspnea|C0013404|[sosy]|["SHORTNESS OF BREATH"-tx-5-"of shortness breath"-noun-0]|TX|469/12,485/6|C08.618.326;C23.888.852.371
00000000|MMI|11.49|Abdomen|C0000726|[blor]|["ABDOMEN"-tx-21-"ABDOMEN"-noun-0]|TX|2084/7|A01.923.047
00000000|MMI|11.49|Hypertensive disease|C0020538|[dsyn]|["HYPERTENSION"-tx-11-"Hypertension"-noun-0]|TX|1077/12|C14.907.489
00000000|MMI|11.49|Varicosity|C0042345|[dsyn]|["VARICOSE VEINS"-tx-22-"varicose veins"-noun-1]|TX|2169/14|C14.907.927
00000000|MMI|11.25|August|C3831448|[qlco]|["August"-tx-31-"August"-noun-0,"August"-tx-28-"August"-noun-0,"August"-tx-1-"August"-noun-0]|TX|3335/6;2746/6;141/6|
00000000|MMI|11.22|Course|C0750729|[tmco]|["Course"-tx-35-"course"-noun-0,"Course"-tx-34-"course"-noun-0,"Course"-tx-32-"course"-noun-0]|TX|4159/6;3896/6;3701/6|
00000000|MMI|10.98|Times|C1632851|[qnco]|["Times"-tx-46-"times"-noun-0,"Times"-tx-44-"times"-noun-0,"Times"-tx-14-"times"-noun-0]|TX|4731/5;4605/5;1631/5|
00000000|MMI|10.92|Mild (qualifier value)|C2945599|[qlco]|["MILD"-tx-25-"mild"-adj-0,"Mildly"-tx-25-"mildly"-adv-0,"Slight"-tx-9-"slight"-adj-0]|TX|2538/4;2594/6;985/6|
00000000|MMI|10.87|Decreasing|C0442797|[qlco]|["Decreasing"-tx-11-"decreasing"-verb-0,"Decreasing"-tx-6-"decreasing"-adj-0,"decreased"-tx-6-"decreased"-adj-0]|TX|1369/10;674/10;642/9|
00000000|MMI|10.54|Three|C0205449|[qnco]|["Three"-tx-46-"three"-word_numeral-0,"Three"-tx-44-"three"-word_numeral-0,"Three"-tx-14-"three"-word_numeral-0]|TX|4725/5;4599/5;1625/5|
00000000|MMI|10.48|Right sided|C0444532|[spco]|["Right"-tx-29-"right"-adj-0,"Right"-tx-11-"right"-noun-0]|TX|2812/5;[1223/5],[1408/5]|
00000000|MMI|10.47|First (number)|C0205435|[qnco]|["First"-tx-31-"first"-adj-0,"First"-tx-30-"first"-adj-0,"First"-tx-4-"first"-adj-0]|TX|3600/5;3074/5;416/5|
00000000|MMI|10.47|Firstly|C1279901|[qlco]|["First"-tx-31-"first"-adj-0,"First"-tx-30-"first"-adj-0,"First"-tx-4-"first"-adj-0]|TX|3600/5;3074/5;416/5|
00000000|MMI|10.46|50%|C3842586|[fndg]|["50%"-tx-46-"50"-integer-0,"50%"-tx-30-"50"-percentage-0,"50%"-tx-29-"50"-percentage-0]|TX|4719/2;3103/2;2888/2|
00000000|MMI|10.46|<50|C3843766|[fndg]|["<50"-tx-46-"50"-integer-0,"<50"-tx-30-"50"-percentage-0,"<50"-tx-29-"50"-percentage-0]|TX|4719/2;3103/2;2888/2|
00000000|MMI|10.43|70%|C3842584|[fndg]|["70%"-tx-30-"70"-percentage-0,"70%"-tx-29-"70"-percentage-0]|TX|[3144/2],[3244/2];2960/2|
00000000|MMI|10.42|Clear|C2963144|[qlco]|["Clear"-tx-27-"clear"-adj-0,"Clear"-tx-18-"Clear"-adj-0]|TX|2674/5;1958/5|
00000000|MMI|10.42|Laboratory domain|C3244292|[ftcn]|["laboratory"-tx-24-"LABORATORY"-noun-0,"laboratory"-tx-24-"Laboratory"-noun-0]|TX|2207/10;2219/10|
00000000|MMI|10.42|Negative Surgical Margin|C1709157|[fndg]|["Clear"-tx-27-"clear"-adj-0,"Clear"-tx-18-"Clear"-adj-0]|TX|2674/5;1958/5|
00000000|MMI|10.42|On admission|C0457453|[tmco]|["On admission"-tx-24-"on admission"-adj-0,"On admission"-tx-14-"ON ADMISSION"-adj-0]|TX|2238/12;1564/12|
00000000|MMI|10.42|Patient Condition Code - Stable|C1547311|[inpr]|["Stable"-tx-41-"stable"-adj-0,"Stable"-tx-40-"stable"-adj-0]|TX|4442/6;4420/6|
00000000|MMI|10.42|Stable status|C0205360|[qlco]|["STABLE"-tx-41-"stable"-adj-0,"STABLE"-tx-40-"stable"-adj-0]|TX|4442/6;4420/6|
00000000|MMI|10.28|Patient Monitoring|C0030695|[hlca]|["monitor"-tx-34-"monitored"-verb-0]|TX|4083/9|E01.370.520
00000000|MMI|10.06|Drug Allergy|C0013182|[dsyn]|["Drug Allergies"-tx-13-"drug allergies"-noun-1]|TX|1536/14|C20.543.206;C25.100.468
00000000|MMI|9.90|Rehabilitation aspects|C0034992|[ftcn]|["Rehabilitation"-tx-43-"rehabilitation"-noun-0]|TX|4514/14|x.x.x
00000000|MMI|9.88|Appendectomy|C0003611|[topp]|["APPENDECTOMY"-tx-12-"appendectomy"-noun-0]|TX|1473/12|E04.210.078
00000000|MMI|9.87|Communicable Diseases|C0009450|[dsyn]|["Infection, NOS"-tx-16-"infection"-noun-1]|TX|1904/9|C01.539.221
00000000|MMI|9.85|Historical aspects qualifier|C0019665|[ftcn]|["history"-tx-5-"history"-noun-0]|TX|461/7|x.x.x
00000000|MMI|9.79|Pleural effusion disorder|C0032227|[dsyn]|["PLEURAL EFFUSION"-tx-36-"pleural effusion"-noun-0]|TX|4219/16|C08.528.652
00000000|MMI|9.73|Disease Management|C0376636|[hlca]|["management"-tx-33-"Management"-noun-0]|TX|3768/10|N04.590.607
00000000|MMI|8.34|Body Fluids|C0005889|[bdsu]|["FLUID"-tx-34-"fluid"-noun-0]|TX|4125/5|A12.207
00000000|MMI|8.34|Heart|C0018787|[bpoc]|["HEART"-tx-19-"HEART"-noun-0]|TX|1965/5|A07.541
00000000|MMI|8.34|Hypersensitivity|C0020517|[patf]|["Allergies"-tx-13-"ALLERGIES"-noun-0]|TX|1500/9|C20.543
00000000|MMI|8.34|Limb structure|C0015385|[bpoc]|["Extremities"-tx-22-"EXTREMITIES"-noun-0]|TX|2114/11|A01.378
00000000|MMI|8.34|Neck|C0027530|[blor]|["NECK"-tx-17-"NECK"-noun-0]|TX|1915/4|A01.598
00000000|MMI|7.70|Plain chest X-ray|C0039985|[diap]|["Chest X-ray"-tx-37-"Chest x-ray"-noun-0,"Chest X-ray"-tx-27-"Chest x-ray"-noun-0]|TX|4237/11;2659/11|
00000000|MMI|7.70|Views:Finding:Point in time:Chest:Narrative:XR|C1114557|[clna]|["Chest X-ray"-tx-37-"Chest x-ray"-noun-0,"Chest X-ray"-tx-27-"Chest x-ray"-noun-0]|TX|4237/11;2659/11|
00000000|MMI|7.70|Before|C0332152|[tmco]|["Pre"-tx-47-"pre"-adj-0,"BEFORE"-tx-7-"before"-adv-0]|TX|4944/3;822/6|
00000000|MMI|7.70|Medications:-:Point in time:^Patient:-|C2598133|[clna]|["Medications"-tx-43-"medications"-noun-0,"Medications"-tx-14-"MEDICATIONS"-noun-0]|TX|4546/11;1552/11|
00000000|MMI|7.70|Medications:Presence or Identity:Duration of the study:^Patient:Nominal|C0802604|[clna]|["Medications"-tx-43-"medications"-noun-0,"Medications"-tx-14-"MEDICATIONS"-noun-0]|TX|4546/11;1552/11|
00000000|MMI|7.70|Pharmaceutical Preparations|C0013227|[phsu]|["Medications"-tx-43-"medications"-noun-0,"Medications"-tx-14-"MEDICATIONS"-noun-0]|TX|4546/11;1552/11|D26
00000000|MMI|7.61|Echocardiogram (image)|C2243117|[inpr]|["Echocardiogram"-tx-25-"echocardiogram"-noun-0,"Echocardiogram"-tx-7-"echocardiogram"-noun-0]|TX|2340/14;716/14|
00000000|MMI|7.53|Performed|C0884358|[ftcn]|["Performed"-tx-25-"performed"-verb-0,"Performed"-tx-6-"performed"-verb-0]|TX|2355/9;624/9|
00000000|MMI|7.47|Greater Than|C0439093|[qnco]|["Greater Than"-tx-11-"greater than"-adj-0]|TX|[1210/12],[1395/12]|
00000000|MMI|7.44|Medical History|C0262926|[fndg]|["Past Medical History"-tx-11-"PAST MEDICAL HISTORY"-noun-0,"History"-tx-5-"history"-noun-0]|TX|1055/20;461/7|
00000000|MMI|7.41|Normal sinus rhythm|C0232202|[fndg]|["NORMAL SINUS RHYTHM"-tx-26-"normal sinus rhythm"-noun-0,"NORMAL SINUS RHYTHM"-tx-10-"normal sinus rhythm"-noun-0]|TX|2632/19;1034/19|
00000000|MMI|7.40|Aspirin 325 MG|C0992015|[clnd]|["Aspirin 325 MG"-tx-46-"aspirin 325 mg"-noun-0,"Aspirin 325 MG"-tx-14-"aspirin 325 mg"-noun-0]|TX|4785/14;1660/14|
00000000|MMI|7.36|Replacement of aortic valve (procedure)|C0003506|[topp]|["AORTIC VALVE REPLACEMENT"-tx-8-"aortic valve replacement"-noun-0,"AORTIC VALVE REPLACEMENT"-tx-1-"aortic valve replacement"-noun-0]|TX|892/24;113/24|
00000000|MMI|7.36|Regular|C0205272|[qlco]|["Regular"-tx-19-"Regular"-adj-0,"Regular"-tx-15-"regular"-adj-0]|TX|1972/7;1855/7|
00000000|MMI|7.34|Anterior descending branch of left coronary artery|C0226032|[bpoc]|["Left Anterior Descending Coronary Artery"-tx-31-"left anterior descending coronary artery"-noun-0,"Left Anterior Descending Coronary Artery"-tx-3-"left anterior descending coronary artery"-noun-0]|TX|3529/40;275/40|
00000000|MMI|7.25|Saphenous vein graft|C0729538|[bpoc]|["SAPHENOUS VEIN GRAFT"-tx-31-"saphenous vein graft"-noun-0]|TX|[3572/20],[3619/20]|
00000000|MMI|7.24|Hematocrit level|C0518014|[fndg]|["Hematocrit"-tx-38-"hematocrit"-noun-0,"Hematocrit"-tx-24-"hematocrit"-noun-0]|TX|4314/10;2319/10|
00000000|MMI|7.24|History of present illness|C0262512|[orga]|["History, NOS"-tx-5-"history"-noun-0,"HISTORY OF PRESENT ILLNESS"-tx-1-"HISTORY OF PRESENT ILLNESS"-noun-0]|TX|461/7;26/26|
00000000|MMI|7.22|Medical Valves|C0184252|[medd]|["VALVE"-tx-25-"valve"-noun-0,"VALVE"-tx-7-"valve"-noun-0]|TX|2504/5;807/5|
00000000|MMI|7.22|Valve (physical object)|C3888056|[mnob]|["Valve"-tx-25-"valve"-noun-0,"Valve"-tx-7-"valve"-noun-0]|TX|2504/5;807/5|
00000000|MMI|7.22|Valve Device Component|C1704414|[medd]|["Valve"-tx-25-"valve"-noun-0,"Valve"-tx-7-"valve"-noun-0]|TX|2504/5;807/5|
00000000|MMI|7.22|anatomic valve|C1186983|[bpoc]|["Valve"-tx-25-"valve"-noun-0,"Valve"-tx-7-"valve"-noun-0]|TX|2504/5;807/5|
00000000|MMI|7.17|Cognitive function: initiation|C0589507|[menp]|["Initiation"-tx-34-"initiation"-noun-0,"Initiation"-tx-33-"initiation"-noun-0]|TX|4021/10;3815/10|
00000000|MMI|7.17|Initiation|C1704686|[ftcn]|["Initiation"-tx-34-"initiation"-noun-0,"Initiation"-tx-33-"initiation"-noun-0]|TX|4021/10;3815/10|
00000000|MMI|7.17|Transcription Initiation|C1158830|[genf]|["Initiation"-tx-34-"initiation"-noun-0,"Initiation"-tx-33-"initiation"-noun-0]|TX|4021/10;3815/10|
00000000|MMI|7.15|Admission activity|C0809949|[hlca]|["Admitted"-tx-8-"admitted"-verb-0,"Admitted"-tx-1-"admitted"-verb-0]|TX|870/8;100/8|
00000000|MMI|7.15|Hospital admission|C0184666|[hlca]|["admitted"-tx-8-"admitted"-verb-0,"admitted"-tx-1-"admitted"-verb-0]|TX|870/8;100/8|
00000000|MMI|7.05|/40|C0439509|[tmco]|["/40"-tx-29-"40"-percentage-0,"/40"-tx-24-"40"-real_number-0]|TX|2849/2;2330/2|
00000000|MMI|7.05|40%|C3842587|[qnco]|["40%"-tx-29-"40"-percentage-0,"40%"-tx-24-"40"-real_number-0]|TX|2849/2;2330/2|
00000000|MMI|7.04|0%|C3842591|[fndg]|["0%"-tx-25-"0"-real_number-0,"0%"-tx-24-"0"-real_number-0]|TX|2518/1;2315/1|
00000000|MMI|7.01|10%|C3842590|[fndg]|["10%"-tx-47-"10"-integer-0,"10%"-tx-14-"10"-integer-0]|TX|4935/2;1694/2|
00000000|MMI|7.01|Diffuse Lesion|C1707743|[fndg]|["Diffuse Lesion"-tx-30-"diffuse lesion"-noun-0,"Diffuse Lesion"-tx-29-"diffuse lesion"-noun-0]|TX|3095/7,3116/6;2841/7,2853/6|
00000000|MMI|6.98|Status post|C0231290|[tmco]|["Following"-tx-43-"following"-adj-0,"Status post"-tx-11-"status post"-prep-0]|TX|4536/9;1231/11|
00000000|MMI|6.97|4+ Answer to question|C3838679|[fndg]|["4+"-tx-53-"4"-fraction-0]|TX|[5213/1],[5224/1]|
00000000|MMI|6.95|Coating (film)|C1522408|[qlco]|["Coated"-tx-46-"coated"-adj-0,"Coated"-tx-14-"coated"-adj-0]|TX|4778/6;1653/6|
00000000|MMI|6.95|Enteral|C1304890|[spco]|["Enteric"-tx-46-"enteric"-adj-0,"Enteric"-tx-14-"enteric"-adj-0]|TX|4770/7;1645/7|
00000000|MMI|6.93|Diagonal|C0443198|[spco]|["Diagonal"-tx-30-"diagonal"-adj-0,"Diagonal"-tx-4-"diagonal"-adj-0]|TX|3080/8;422/8|
00000000|MMI|6.92|per year|C0439508|[tmco]|["/Year"-tx-5-"year"-noun-0,"/Year"-tx-1-"year"-noun-0]|TX|456/4;74/4|
00000000|MMI|6.92|year|C0439234|[tmco]|["YEAR"-tx-5-"year"-noun-0,"YEAR"-tx-1-"year"-noun-0]|TX|456/4;74/4|
00000000|MMI|6.92|20%|C3842589|[fndg]|["20%"-tx-47-"20"-integer-0]|TX|[4863/2],[4907/2]|
00000000|MMI|6.92|mmHg|C0439475|[qnco]|["mmHG"-tx-25-"mm Hg"-noun-0]|TX|[2457/5],[2485/5]|
00000000|MMI|6.91|Body Fluid Discharge|C0012621|[bdsu]|["Discharge"-tx-38-"discharge"-noun-0,"Discharge"-tx-37-"discharge"-noun-0]|TX|4328/9;4252/9|
00000000|MMI|6.91|Discharge, body substance|C2926602|[bdsu]|["Discharge"-tx-38-"discharge"-noun-0,"Discharge"-tx-37-"discharge"-noun-0]|TX|4328/9;4252/9|
00000000|MMI|6.91|Left ventricular structure|C0225897|[bpoc]|["Left Ventricular"-tx-31-"left ventricular"-adj-0,"Left Ventricular"-tx-30-"left ventricular"-adj-0]|TX|3657/16;3268/16|
00000000|MMI|6.89|Morning|C0332170|[tmco]|["Morning"-tx-47-"morning"-noun-0,"Morning"-tx-14-"morning"-noun-0]|TX|4923/7;1765/7|
00000000|MMI|6.79|Catheterization|C0007430|[topp]|["Catheterization"-tx-4-"Catheterization"-noun-0]|TX|325/15|E02.148;E05.157
00000000|MMI|6.75|Arthropathy|C0022408|[dsyn]|["DISEASES OF THE JOINTS"-tx-11-"joint disease of the"-noun-0]|TX|1166/20|C05.550
00000000|MMI|6.71|Infection|C3714514|[patf]|["INFECTION"-tx-16-"infection"-noun-1]|TX|1904/9|C01.539
00000000|MMI|6.71|Addresses (publication format)|C0376649|[inpr]|["Address"-tx-34-"addressed"-verb-0]|TX|4097/9|V02.070
00000000|MMI|6.71|Elective Surgical Procedures|C0206058|[topp]|["ELECTIVE"-tx-8-"elective"-adj-0]|TX|883/8|E04.249
00000000|MMI|6.70|History|C0019664|[ocdi]|["History"-tx-5-"history"-noun-0]|TX|461/7|K01.400
00000000|MMI|6.66|Periodicals|C0031082|[inpr]|["serial"-tx-6-"serial"-adj-0]|TX|596/6|V02.690
00000000|MMI|6.61|Nebulizers|C0027524|[medd]|["Nebulizers"-tx-44-"nebulizers"-noun-0]|TX|4629/10|E07.605
00000000|MMI|6.57|Blood Vessel|C0005847|[bpoc]|["Vessel"-tx-30-"vessel"-noun-0]|TX|3135/6|A07.231
00000000|MMI|5.18|97|C0439073|[inpr]|["97"-tx-42-"97"-percentage-0]|TX|4483/2|
00000000|MMI|5.18|>97|C0439082|[qnco]|[">97"-tx-42-"97"-percentage-0]|TX|4483/2|
00000000|MMI|5.18|All extremities|C0278454|[bpoc]|["extremities"-tx-22-"EXTREMITIES"-noun-0]|TX|2114/11|
00000000|MMI|5.18|Anterior thoracic region|C1527391|[blor]|["Chest"-tx-18-"CHEST"-noun-0]|TX|1951/5|
00000000|MMI|5.18|Attending (action)|C1999232|[ftcn]|["attending"-tx-50-"Attending"-noun-0]|TX|5119/9|
00000000|MMI|5.18|Attending (provider role)|C1547429|[prog]|["Attending"-tx-50-"Attending"-noun-0]|TX|5119/9|
00000000|MMI|5.18|Before - dosing instruction fragment|C1705850|[inpr]|["Before"-tx-7-"before"-adv-0]|TX|822/6|
00000000|MMI|5.18|Benign prostatic hypertrophy|C0005001|[patf]|["Benign Prostatic Hypertrophy"-tx-11-"benign prostatic hypertrophy"-noun-0]|TX|1338/28|
00000000|MMI|5.18|Carotid bruit|C0007280|[fndg]|["carotid bruits"-tx-17-"carotid bruits"-noun-1]|TX|1924/14|
00000000|MMI|5.18|Clinical Study Follow-up|C3274571|[hlca]|["FOLLOW-UP"-tx-48-"FOLLOW UP"-adj-0]|TX|4956/9|
00000000|MMI|5.18|Continuous|C0549178|[idcn]|["Continued"-tx-36-"continued"-verb-0]|TX|4185/9|
00000000|MMI|5.18|Data Type - Point In Time|C1552684|[qnco]|["Point In Time"-tx-39-"point in time"-adj-0]|TX|4355/13|
00000000|MMI|5.18|Dilated|C0700124|[fndg]|["Dilated"-tx-25-"dilated"-verb-0]|TX|2601/7|
00000000|MMI|5.18|Discharge date|C2361123|[tmco]|["Discharge date"-tx-1-"Discharge Date"-noun-0]|TX|0/14|
00000000|MMI|5.18|Discharge date:Time Stamp -- Date and Time:Point in time:^Patient:Quantitative|C2361122|[clna]|["Discharge date"-tx-1-"Discharge Date"-noun-0]|TX|0/14|
00000000|MMI|5.18|Entire abdomen|C1281594|[bpoc]|["Abdomen"-tx-21-"ABDOMEN"-noun-0]|TX|2084/7|
00000000|MMI|5.18|Entire heart|C1281570|[bpoc]|["Heart"-tx-19-"HEART"-noun-0]|TX|1965/5|
00000000|MMI|5.18|Entire left atrium|C1269894|[bpoc]|["Left atrium"-tx-25-"left atrium"-noun-0]|TX|2609/11|
00000000|MMI|5.18|Entire neck|C1281592|[bpoc]|["Neck"-tx-17-"NECK"-noun-0]|TX|1915/4|
00000000|MMI|5.18|Fluid behavior|C0444611|[qlco]|["Fluid"-tx-34-"fluid"-noun-0]|TX|4125/5|
00000000|MMI|5.18|Follow-Up Report|C1704685|[inpr]|["Follow-Up"-tx-48-"FOLLOW UP"-adj-0]|TX|4956/9|
00000000|MMI|5.18|Follow-up status|C0589120|[fndg]|["Follow-up"-tx-48-"FOLLOW UP"-adj-0]|TX|4956/9|
00000000|MMI|5.18|Followed by|C0332283|[tmco]|["followed"-tx-5-"followed"-verb-0]|TX|532/8|
00000000|MMI|5.18|Gender Status - Intact|C1554187|[fndg]|["Intact"-tx-23-"Intact"-adj-0]|TX|2199/6|
00000000|MMI|5.18|H/O: surgery|C0455610|[fndg]|["Past surgical history"-tx-12-"PAST SURGICAL HISTORY"-noun-0]|TX|1415/21|
00000000|MMI|5.18|HEENT|C1512338|[blor]|["HEENT"-tx-16-"HEENT"-noun-0]|TX|1864/5|
00000000|MMI|5.18|Hearing examination finding|C1455844|[fndg]|["hearing"-tx-11-"hearing"-noun-0]|TX|1380/7|
00000000|MMI|5.18|Hospital course|C0489547|[fndg]|["Hospital course"-tx-28-"HOSPITAL COURSE"-noun-0]|TX|2681/15|
00000000|MMI|5.18|Hospital course:Finding:Point in time:^Patient:Narrative|C0488549|[clna]|["Hospital course"-tx-28-"HOSPITAL COURSE"-noun-0]|TX|2681/15|
00000000|MMI|5.18|Hypercholesterolemia result|C1522133|[fndg]|["Hypercholesterolemia"-tx-11-"hypercholesterolemia"-noun-0]|TX|1130/20|
00000000|MMI|5.18|Hypertension Adverse Event|C1963138|[fndg]|["Hypertension"-tx-11-"Hypertension"-noun-0]|TX|1077/12|
00000000|MMI|5.18|Include (action)|C2700399|[acty]|["Include"-tx-24-"include"-verb-0]|TX|2251/7|
00000000|MMI|5.18|Including (qualifier)|C0332257|[ftcn]|["include"-tx-24-"include"-verb-0]|TX|2251/7|
00000000|MMI|5.18|Intact|C0205266|[qlco]|["Intact"-tx-23-"Intact"-adj-0]|TX|2199/6|
00000000|MMI|5.18|Known Coronary Artery Disease|C3275096|[qnco]|["Known Coronary Artery Disease"-tx-3-"known coronary artery disease"-noun-0]|TX|209/29|
00000000|MMI|5.18|Left atrial structure|C0225860|[bpoc]|["Atrium, Left"-tx-25-"left atrium"-noun-0]|TX|2609/11|
00000000|MMI|5.18|Liquid substance|C0302908|[sbst]|["fluid"-tx-34-"fluid"-noun-0]|TX|4125/5|
00000000|MMI|5.18|MILDLY|C0750532|[idcn]|["MILDLY"-tx-25-"mildly"-adv-0]|TX|2594/6|
00000000|MMI|5.18|Neurologic (qualifier value)|C0205494|[qlco]|["NEUROLOGICAL"-tx-23-"NEUROLOGICAL"-adj-0]|TX|2185/12|
00000000|MMI|5.18|Neurological:-:Point in time:^Patient:-|C2707261|[clna]|["Neurological"-tx-23-"NEUROLOGICAL"-adj-0]|TX|2185/12|
00000000|MMI|5.18|Non-tender|C0520960|[qlco]|["Non-tender"-tx-21-"non-tender"-adj-0]|TX|2102/10|
00000000|MMI|5.18|PMH - past medical history|C0455458|[fndg]|["Past medical history"-tx-11-"PAST MEDICAL HISTORY"-noun-0]|TX|1055/20|
00000000|MMI|5.18|Patient need for (contextual qualifier)|C0686904|[ftcn]|["need"-tx-39-"need"-noun-0]|TX|4383/4|
00000000|MMI|5.18|Point in time|C1442880|[tmco]|["Point in time"-tx-39-"point in time"-adj-0]|TX|4355/13|
00000000|MMI|5.18|Proximal Left Anterior Descending Artery|C3640705|[bpoc]|["Proximal Left anterior descending coronary artery"-tx-29-"proximal left anterior descending coronary artery"-noun-0]|TX|2906/49|
00000000|MMI|5.18|Replaced by|C1299987|[ftcn]|["replaced"-tx-7-"replaced"-verb-0]|TX|813/8|
00000000|MMI|5.18|Replacement|C0559956|[ftcn]|["Replaced"-tx-7-"replaced"-verb-0]|TX|813/8|
00000000|MMI|5.18|Rhythm|C0871269|[fndg]|["Rhythm"-tx-19-"rhythm"-noun-0]|TX|1989/6|
00000000|MMI|5.18|Rhythm Not Otherwise Specified ECG Assessment|C3828331|[inpr]|["Rhythm Not Otherwise Specified"-tx-19-"rhythm"-noun-0]|TX|1989/6|
00000000|MMI|5.18|Room of building - Study|C0557651|[mnob]|["Study"-tx-24-"studies"-verb-0]|TX|2230/7|
00000000|MMI|5.18|SHORT STATURE, ONYCHODYSPLASIA, FACIAL DYSMORPHISM, AND HYPOTRICHOSIS SYNDROME|C3542022|[dsyn]|["SOFT"-tx-21-"Soft"-adj-0]|TX|2093/4|
00000000|MMI|5.18|Scientific Study|C0947630|[lbpr]|["studies"-tx-24-"studies"-verb-0]|TX|2230/7|
00000000|MMI|5.18|Soft|C0205358|[qlco]|["Soft"-tx-21-"Soft"-adj-0]|TX|2093/4|
00000000|MMI|5.18|Study|C2603343|[resa]|["Study"-tx-24-"studies"-verb-0]|TX|2230/7|
00000000|MMI|5.18|Taking vital signs|C0150404|[hlca]|["Vital signs"-tx-15-"VITAL SIGNS"-noun-0]|TX|1824/11|
00000000|MMI|5.18|Time (foundation metadata concept)|C3541383|[tmco]|["Time"-tx-4-"time"-noun-0]|TX|349/4|
00000000|MMI|5.18|Timepoint|C2348792|[tmco]|["Point in Time"-tx-39-"point in time"-adj-0]|TX|4355/13|
00000000|MMI|5.18|dendritic spine neck|C3159206|[celc]|["neck"-tx-17-"NECK"-noun-0]|TX|1915/4|
00000000|MMI|5.18|fluid - substance|C1704353|[sbst]|["Fluid"-tx-34-"fluid"-noun-0]|TX|4125/5|
00000000|MMI|5.18|follow-up|C1522577|[hlca]|["Follow Up"-tx-48-"FOLLOW UP"-adj-0]|TX|4956/9|
00000000|MMI|5.18|include - SetOperator|C1552866|[idcn]|["include"-tx-24-"include"-verb-0]|TX|2251/7|
00000000|MMI|5.18|rhythmic process (biological)|C1523018|[phsf]|["rhythm"-tx-19-"rhythm"-noun-0]|TX|1989/6|
00000000|MMI|3.98|Biomedical Monitors|C0181904|[medd]|["Monitor"-tx-34-"monitored"-verb-0]|TX|4083/9|
00000000|MMI|3.98|HEAR - answer to question|C3833465|[fndg]|["HEAR"-tx-17-"heard"-verb-1]|TX|1944/5|
00000000|MMI|3.98|Monitor Device Component|C1704646|[mnob]|["Monitor"-tx-34-"monitored"-verb-0]|TX|4083/9|
00000000|MMI|3.98|Monitor, occupation|C1521743|[prog]|["Monitor"-tx-34-"monitored"-verb-0]|TX|4083/9|
00000000|MMI|3.98|Monitoring Device|C0596972|[medd]|["Monitor"-tx-34-"monitored"-verb-0]|TX|4083/9|
00000000|MMI|3.98|Preventive monitoring|C0150369|[hlca]|["monitor"-tx-34-"monitored"-verb-0]|TX|4083/9|
00000000|MMI|3.98|suggestion|C1705535|[idcn]|["Suggest"-tx-7-"suggested"-verb-0]|TX|785/9|
00000000|MMI|3.81|Aortic valve area|C0428817|[orga]|["Aortic valve area"-tx-6-"aortic valve area"-noun-0]|TX|652/17|
00000000|MMI|3.76|Bilateral pleural effusion|C0747635|[dsyn]|["Bilateral pleural effusion"-tx-37-"bilateral pleural effusions"-noun-0]|TX|4281/27|
00000000|MMI|3.76|Furosemide 40 MG|C0986199|[clnd]|["Furosemide 40 MG"-tx-46-"Lasix 40 mg"-noun-0]|TX|4745/11|
00000000|MMI|3.75|Ejection fraction (finding)|C2700378|[fndg]|["Ejection fraction"-tx-6-"ejection fraction"-noun-0]|TX|685/17|
00000000|MMI|3.75|Ejection fraction (procedure)|C0489482|[diap]|["ejection fraction"-tx-6-"ejection fraction"-noun-0]|TX|685/17|
00000000|MMI|3.75|Mild anemia|C1858586|[fndg]|["Anemia, mild"-tx-34-"mild anemia"-noun-0]|TX|4062/11|
00000000|MMI|3.75|White blood cell count laboratory result|C0427512|[lbtr]|["white blood cell count"-tx-24-"white blood cell count"-noun-0]|TX|2290/22|
00000000|MMI|3.68|Aortic stenosis, mild|C3806271|[fndg]|["Aortic stenosis, mild"-tx-5-"mild aortic stenosis"-noun-0]|TX|507/20|
00000000|MMI|3.68|Moderate to severe|C1299393|[qlco]|["Moderate to severe"-tx-7-"moderate to severe"-adj-0]|TX|737/18|
00000000|MMI|3.68|% index|C1637833|[qnco]|["% index"-tx-52-"Index"-noun-0]|TX|5189/5|
00000000|MMI|3.68|Before values|C0740175|[qlco]|["Pre"-tx-47-"pre"-adj-0]|TX|4944/3|
00000000|MMI|3.68|Html Link Type - index|C1552854|[idcn]|["index"-tx-52-"Index"-noun-0]|TX|5189/5|
00000000|MMI|3.68|Index|C0918012|[inpr]|["Index"-tx-52-"Index"-noun-0]|TX|5189/5|
00000000|MMI|3.68|Insufficiency|C0231179|[ftcn]|["Insufficiency"-tx-25-"insufficiency"-noun-0]|TX|2574/13|
00000000|MMI|3.68|Insulin Drug Class|C3714501|[horm,phsu]|["INSULIN"-tx-33-"insulin"-noun-0]|TX|3869/7|
00000000|MMI|3.68|Insulin [EPC]|C1579433|[phsu]|["Insulin"-tx-33-"insulin"-noun-0]|TX|3869/7|
00000000|MMI|3.68|Intellectual scale|C0349674|[inpr]|["Scale"-tx-47-"scale"-noun-0]|TX|4887/5|
00000000|MMI|3.68|P Blood group antibodies|C0369773|[aapp,imft]|["P NOS"-tx-49-"P"-adv-0]|TX|5114/1|
00000000|MMI|3.68|P prime|C2603361|[clna]|["P'"-tx-49-"P"-adv-0]|TX|5114/1|
00000000|MMI|3.68|Pure Spanish horse breed (organism)|C3669034|[mamm]|["PRE"-tx-47-"pre"-adj-0]|TX|4944/3|
00000000|MMI|3.68|R prime|C2603358|[clna]|["R'"-tx-53-"R"-noun-0]|TX|5244/1|
00000000|MMI|3.68|Rate|C1521828|[qnco]|["Rate"-tx-19-"rate"-noun-0]|TX|1980/4|
00000000|MMI|3.68|Rating (action)|C0871208|[acty]|["Rate"-tx-19-"rate"-noun-0]|TX|1980/4|
00000000|MMI|3.68|Recombinant Insulin|C1533581|[aapp,horm,phsu]|["INSULIN"-tx-33-"insulin"-noun-0]|TX|3869/7|
00000000|MMI|3.68|Scale Device Component|C3536777|[mnob]|["Scale"-tx-47-"scale"-noun-0]|TX|4887/5|
00000000|MMI|3.68|Scaling|C1947916|[acty]|["Scale"-tx-47-"scale"-noun-0]|TX|4887/5|
00000000|MMI|3.68|Symptoms|C1457887|[sosy]|["SYMPTOMS"-tx-11-"symptoms"-noun-0]|TX|1295/8|
00000000|MMI|3.68|Symptoms aspect|C0683368|[ftcn]|["symptoms"-tx-11-"symptoms"-noun-0]|TX|1295/8|
00000000|MMI|3.68|Weight measurement scales|C0175659|[medd]|["Scale, NOS"-tx-47-"scale"-noun-0]|TX|4887/5|
00000000|MMI|3.68|photoreactivating enzyme activity|C2257086|[genf]|["PRE"-tx-47-"pre"-adj-0]|TX|4944/3|
00000000|MMI|3.68|Medication.discharge|C0806915|[fndg]|["Discharge medications"-tx-44-"MEDICATIONS DISCHARGE"-noun-0]|TX|4559/11,4574/9|
00000000|MMI|3.67|History of present illness:Finding:Point in time:^Patient:Nominal:Reported|C0488508|[clna]|["History of present illness"-tx-1-"HISTORY OF PRESENT ILLNESS"-noun-0]|TX|26/26|
00000000|MMI|3.66|milligram/day|C0439422|[qnco]|["mg/d"-tx-45-"mg d"-noun-0]|TX|4668/2,4675/1|
00000000|MMI|3.64|H/O: heart failure|C0455531|[fndg]|["History of - heart failure"-tx-9-"history of heart failure"-noun-0]|TX|949/10,969/13|
00000000|MMI|3.64|Simvastatin 20 MG|C0989915|[clnd]|["Simvastatin 20 MG"-tx-46-"simvastatin 20 mg"-noun-0]|TX|4813/17|
00000000|MMI|3.63|Creatinine finding|C1561535|[fndg]|["Creatinine"-tx-24-"creatinine"-noun-0]|TX|2273/10|
00000000|MMI|3.62|SYSTOLIC EJECTION MURMUR|C0694547|[fndg]|["SYSTOLIC EJECTION MURMUR"-tx-20-"systolic ejection murmur"-noun-0]|TX|2006/24|
00000000|MMI|3.61|Batch (Response Modality)|C1550176|[inpr]|["Batch"-tx-52-"Batch"-noun-0]|TX|5177/5|
00000000|MMI|3.61|Batch (group)|C1948031|[qnco]|["Batch"-tx-52-"Batch"-noun-0]|TX|5177/5|
00000000|MMI|3.61|Batch Number|C3641829|[inpr]|["BATCH"-tx-52-"Batch"-noun-0]|TX|5177/5|
00000000|MMI|3.61|C-Circle|C3538933|[celc]|["CC"-tx-53-"CC"-noun-0]|TX|5232/2|
00000000|MMI|3.61|Patient location type - Operating Room|C1578465|[spco]|["Operating Room"-tx-31-"operating room"-noun-0]|TX|3317/14|
00000000|MMI|3.61|Room air|C3846005|[fndg]|["Room air"-tx-42-"room air"-noun-0]|TX|4459/8|
00000000|MMI|3.60|Cranial incision point|C2338258|[blor]|["Incision"-tx-22-"incision"-noun-0]|TX|2155/8|
00000000|MMI|3.60|Surgical incisions|C0184898|[topp]|["Incision"-tx-22-"incision"-noun-0]|TX|2155/8|
00000000|MMI|3.60|Surgical wound|C0332803|[inpo]|["Incision"-tx-22-"incision"-noun-0]|TX|2155/8|
00000000|MMI|3.60|mEq|C0439152|[qnco]|["mEq"-tx-47-"mEq"-noun-0]|TX|4866/3|
00000000|MMI|3.60|Internal mammary-coronary artery bypass graft|C1293394|[topp]|["Internal mammary-coronary artery bypass graft"-tx-31-"coronary artery bypass grafting internal mammary"-noun-0]|TX|3450/31,3498/16|
00000000|MMI|3.60|Rapid atrial fibrillation|C1281999|[dsyn]|["Rapid atrial fibrillation"-tx-34-"rapid atrial fibrillation"-noun-0]|TX|3936/25|
00000000|MMI|3.59|4 Hours|C1292426|[tmco]|["4H"-tx-44-"4h"-noun-0]|TX|4649/2|
00000000|MMI|3.59|Xenograft aortic valve replacement|C0396980|[topp]|["Pericardial aortic valve replacement"-tx-31-"aortic valve replacement pericardial"-noun-0]|TX|3371/24,3426/11|
00000000|MMI|3.59|June|C3829443|[tmco]|["June"-tx-25-"June"-noun-0]|TX|2368/4|
00000000|MMI|3.59|Rehabilitation - specialty|C1306847|[bmod]|["Rehabilitation"-tx-43-"rehabilitation"-noun-0]|TX|4514/14|
00000000|MMI|3.59|Treated with|C0332293|[topp]|["Treated with"-tx-34-"treated with"-verb-0]|TX|3972/12|
00000000|MMI|3.59|seen|C0205397|[qlco]|["Seen"-tx-33-"seen"-verb-0]|TX|3731/4|
00000000|MMI|3.58|electrolyte replacement|C0854632|[topp]|["electrolytes replacement"-tx-34-"replacement electrolytes"-noun-0]|TX|3985/11,4004/12|
00000000|MMI|3.57|Episode of|C0332189|[tmco]|["Episode of"-tx-34-"episode of"-noun-0]|TX|3925/10|
00000000|MMI|3.57|Radiating to|C0332301|[ftcn]|["Radiating to"-tx-20-"radiating to"-noun-0]|TX|2057/12|
00000000|MMI|3.57|dictated - DocumentCompletion|C1609990|[idcn]|["Dictated"-tx-49-"Dictated"-noun-0]|TX|5084/8|
00000000|MMI|3.57|dictated - ParticipationMode|C1548384|[ftcn]|["dictated"-tx-49-"Dictated"-noun-0]|TX|5084/8|
00000000|MMI|3.56|Diagnosis|C0011900|[fndg]|["Diagnosed"-tx-5-"diagnosed"-verb-0]|TX|492/9|E01
00000000|MMI|3.56|Evidence|C3887511|[idcn]|["Evidence"-tx-16-"evidence"-noun-0]|TX|1892/8|
00000000|MMI|3.56|Limitation|C0449295|[ftcn]|["Limitation"-tx-9-"limitation"-noun-0]|TX|992/10|
00000000|MMI|3.55|Address|C1442065|[spco]|["Address"-tx-34-"addressed"-verb-0]|TX|4097/9|
00000000|MMI|3.55|Delayed Release Dosage Form|C1707664|[bodm]|["DR"-tx-48-"Dr"-noun-0]|TX|5014/2|
00000000|MMI|3.55|Device to Subject Relationship Domain|C3540849|[inpr]|["DR"-tx-48-"Dr"-noun-0]|TX|5014/2|
00000000|MMI|3.55|Doctor - Title|C2348314|[cnce]|["Dr."-tx-48-"Dr"-noun-0]|TX|5014/2|
00000000|MMI|3.55|Gradient|C0812409|[qnco]|["Gradient"-tx-25-"gradient"-noun-0]|TX|2470/8|
00000000|MMI|3.55|care activity|C1947933|[acty]|["Care"-tx-48-"care"-noun-0]|TX|5006/4|
00000000|MMI|3.55|elective|C0439608|[tmco]|["Elective"-tx-8-"elective"-adj-0]|TX|883/8|
00000000|MMI|3.55|percent gradient|C0439182|[qnco]|["% gradient"-tx-25-"gradient"-noun-0]|TX|2470/8|
00000000|MMI|3.55|Abnormal degeneration|C0011164|[patf]|["Degenerative"-tx-11-"degenerative"-noun-0]|TX|1153/12|
00000000|MMI|3.55|Area|C0205146|[spco]|["AREA"-tx-25-"area"-noun-0]|TX|2510/4|
00000000|MMI|3.55|Geographic Locations|C0017446|[geoa]|["Area"-tx-25-"area"-noun-0]|TX|2510/4|Z01
00000000|MMI|3.55|Process|C1522240|[phpr]|["Process"-tx-6-"process"-noun-0]|TX|569/7|
00000000|MMI|3.55|biologic degeneration|C1880269|[ftcn]|["Degenerative"-tx-11-"degenerative"-noun-0]|TX|1153/12|
00000000|MMI|3.55|bony process|C1184743|[bpoc]|["Process"-tx-6-"process"-noun-0]|TX|569/7|
00000000|MMI|3.54|Complicated|C0231242|[ftcn]|["Complicated"-tx-34-"complicated"-verb-0]|TX|3907/11|
00000000|MMI|3.54|ActInformationPrivacyReason <service>|C3245478|[idcn]|["service"-tx-33-"Service"-noun-0]|TX|3779/7|
00000000|MMI|3.54|Angioplasty - Consent Type|C1548817|[hlca]|["Angioplasty"-tx-3-"angioplasty"-noun-0]|TX|256/11|
00000000|MMI|3.54|Concept History|C1705255|[cnce]|["History"-tx-5-"history"-noun-0]|TX|461/7|
00000000|MMI|3.54|History of previous events|C2004062|[fndg]|["History"-tx-5-"history"-noun-0]|TX|461/7|
00000000|MMI|3.54|Services|C0557854|[ocac]|["Service"-tx-33-"Service"-noun-0]|TX|3779/7|
00000000|MMI|3.54|Software Service|C2825316|[mnob]|["Service"-tx-33-"Service"-noun-0]|TX|3779/7|
00000000|MMI|3.53|Most Recent|C1513491|[tmco]|["Most Recent"-tx-7-"Most recent"-adj-0]|TX|704/11|
00000000|MMI|3.53|Device Component System|C1704459|[mnob]|["System"-tx-29-"system"-noun-0]|TX|2827/6|
00000000|MMI|3.53|System|C0449913|[ftcn]|["System"-tx-29-"system"-noun-0]|TX|2827/6|
00000000|MMI|3.53|System - kit|C1553451|[mnob]|["System"-tx-29-"system"-noun-0]|TX|2827/6|
00000000|MMI|3.53|Square shape|C0205120|[spco]|["SQUARE"-tx-25-"squared"-verb-0]|TX|2525/7|
00000000|MMI|3.53|Style Type - Square|C1552595|[inpr]|["Square"-tx-25-"squared"-verb-0]|TX|2525/7|
00000000|MMI|3.51|Docusate Sodium 100 MG|C3153447|[clnd]|["Docusate Sodium 100 MG"-tx-44-"Colace 100 mg"-noun-0]|TX|4585/13|
00000000|MMI|3.51|Isosorbide Dinitrate 30 MG|C1256506|[clnd]|["Isosorbide Dinitrate 30 MG"-tx-14-"Isordil 30 mg"-noun-0]|TX|1611/13|
00000000|MMI|3.50|Albuterol 2 MG|C1124741|[clnd]|["Albuterol 2 MG"-tx-44-"albuterol 2 mg"-noun-0]|TX|4619/9,4640/1,4644/2|
00000000|MMI|3.50|Following|C0332282|[tmco]|["Following"-tx-43-"following"-adj-0]|TX|4536/9|
00000000|MMI|3.50|Intraoperative|C0456904|[tmco]|["Intraoperative"-tx-32-"intraoperative"-adj-0]|TX|3686/14|
00000000|MMI|3.50|Intravenous|C0348016|[spco]|["Intravenous"-tx-33-"intravenous"-adj-0]|TX|3857/11|
00000000|MMI|3.50|Niferex-150|C0212018|[orch,phsu]|["Niferex-150"-tx-46-"Niferex 150"-noun-0]|TX|4680/11|
00000000|MMI|3.50|Serial Number|C2348188|[inpr]|["SERIAL"-tx-6-"serial"-adj-0]|TX|596/6|
00000000|MMI|3.50|persistent|C0205322|[tmco]|["Persistent"-tx-11-"persistent"-adj-0]|TX|1284/10|
00000000|MMI|3.49|Left anterior|C0441998|[spco]|["Left anterior"-tx-4-"left anterior"-adj-0]|TX|374/13|
00000000|MMI|3.49|potassium replacement|C0920228|[topp]|["potassium replacement"-tx-47-"potassium replacement"-noun-0]|TX|4841/21|
00000000|MMI|3.48|Mid-Left Anterior Descending Artery|C3640698|[bpoc]|["Mid left anterior descending artery"-tx-29-"mid left anterior descending artery"-noun-0]|TX|2978/35|
00000000|MMI|3.48|Pleural effusion fluid|C1253943|[bdsu]|["Pleural effusion"-tx-36-"pleural effusion"-noun-0]|TX|4219/16|
00000000|MMI|3.48|Asymptomatic|C0231221|[fndg]|["Asymptomatic"-tx-2-"asymptomatic"-adj-0]|TX|167/12|
00000000|MMI|3.48|Distal|C0205108|[spco]|["DISTAL"-tx-29-"distal"-adj-0]|TX|3026/6|
00000000|MMI|3.48|Known|C0205309|[qlco]|["Known"-tx-13-"known"-adj-0]|TX|1530/5|
00000000|MMI|3.47|60%|C3842585|[fndg]|["60%"-tx-4-"60"-percentage-0]|TX|412/2|
00000000|MMI|3.47|Decreased|C0205216|[qnco]|["Decreased"-tx-6-"decreased"-adj-0]|TX|642/9|
00000000|MMI|3.47|Old|C0580836|[tmco]|["Old"-tx-1-"old"-noun-0]|TX|79/3|
00000000|MMI|3.47|Reduced|C0392756|[qlco]|["Decreased"-tx-6-"decreased"-adj-0]|TX|642/9|
00000000|MMI|3.47|Small|C0700321|[qnco]|["SMALL"-tx-37-"small"-adj-0]|TX|4275/5|
00000000|MMI|3.47|Twice (Numerical Qualifier)|C1948050|[qnco]|["Twice"-tx-46-"twice"-adv-0]|TX|4695/5|
00000000|MMI|3.47|Twice - dosing instruction fragment|C1720725|[inpr]|["Twice"-tx-46-"twice"-adv-0]|TX|4695/5|
00000000|MMI|3.46|Adverse Event Emergency Room Visit|C3810541|[inbe]|["ER"-tx-14-"ER"-noun-0]|TX|1588/2|
00000000|MMI|3.46|Descending|C0205386|[qlco]|["Descending"-tx-4-"descending"-adj-0]|TX|388/10|
00000000|MMI|3.46|Estrogen Receptor Measurement|C3811131|[lbpr]|["ER"-tx-14-"ER"-noun-0]|TX|1588/2|
00000000|MMI|3.46|Sequencing - Descending|C1547177|[ftcn]|["Descending"-tx-4-"descending"-adj-0]|TX|388/10|
00000000|MMI|3.46|Minimal activity|C3845260|[fndg]|["Slight activity"-tx-9-"slight activity"-noun-0]|TX|985/6,1015/8|
00000000|MMI|3.45|Blood Glucose control|C3267174|[topp]|["Blood Sugar control"-tx-33-"blood sugar control"-noun-0]|TX|3791/19|
00000000|MMI|3.45|Right coronary artery structure|C1261316|[bpoc]|["Right Coronary Artery"-tx-30-"right coronary artery"-noun-0]|TX|3215/21|
00000000|MMI|3.45|Blood glucose management|C1638311|[topp]|["Blood sugar management"-tx-33-"Management blood sugar"-noun-0]|TX|3768/10,3791/11|
00000000|MMI|3.44|Shortness of breath:-:Point in time:^Patient:-|C2707305|[clna]|["Shortness of breath"-tx-5-"of shortness breath"-noun-0]|TX|469/12,485/6|
00000000|MMI|3.44|Canadian Cardiovascular Society Grading Scale Class II|C2698968|[fndg]|["Class II"-tx-9-"class II"-noun-0]|TX|960/8|
00000000|MMI|3.44|Class 2|C0441886|[inpr]|["Class II"-tx-9-"class II"-noun-0]|TX|960/8|
00000000|MMI|3.44|1960s|C0681755|[tmco]|["1960s"-tx-12-"1960s"-noun-0]|TX|1493/5|
00000000|MMI|3.44|Entire aortic area|C1279493|[bpoc]|["Aortic area"-tx-20-"aortic area"-noun-0]|TX|2045/11|
00000000|MMI|3.44|Post|C0687676|[tmco]|["Status Post"-tx-11-"status post"-prep-0]|TX|1231/11|
00000000|MMI|3.44|Structure of aortic area|C0278458|[bpoc]|["Aortic area"-tx-20-"aortic area"-noun-0]|TX|2045/11|
00000000|MMI|3.44|Therapeutic procedure|C0087111|[topp]|["Therapy"-tx-34-"therapy"-noun-0]|TX|4045/7|E02
00000000|MMI|3.44|Therapy Object (animal model)|C1363945|[fndg]|["Therapy"-tx-34-"therapy"-noun-0]|TX|4045/7|
00000000|MMI|3.43|4/5|C0450367|[qnco]|["4 5"-tx-5-"4-5"-integer-0]|TX|452/3|
00000000|MMI|3.43|Dorsal vein|C1185737|[bpoc]|["Posterior branch"-tx-31-"posterior branch"-noun-0]|TX|3647/9,3674/6|
00000000|MMI|3.43|Borg Category-Ratio 10 Perceived Exertion Score 2|C4050469|[inpr]|["Slight"-tx-9-"slight"-adj-0]|TX|985/6|
00000000|MMI|3.43|Clinical trial protocol document|C1507394|[inpr]|["Protocol"-tx-33-"Protocol"-noun-0]|TX|3844/8|
00000000|MMI|3.43|Evening|C0587117|[tmco]|["Evening"-tx-14-"evening"-noun-0]|TX|1793/7|
00000000|MMI|3.43|Library Protocol|C1522729|[inpr]|["Protocol"-tx-33-"Protocol"-noun-0]|TX|3844/8|
00000000|MMI|3.43|Physical|C0205485|[ftcn]|["Physical"-tx-9-"physical"-noun-0]|TX|1006/8|
00000000|MMI|3.43|Physical assessment findings|C1509143|[fndg]|["Physical"-tx-9-"physical"-noun-0]|TX|1006/8|
00000000|MMI|3.43|Protocol - answer to question|C3715209|[fndg]|["Protocol"-tx-33-"Protocol"-noun-0]|TX|3844/8|
00000000|MMI|3.43|Protocols documentation|C0442711|[inpr]|["Protocol"-tx-33-"Protocol"-noun-0]|TX|3844/8|
00000000|MMI|3.43|Slight (qualifier value)|C2937276|[qlco]|["Slight"-tx-9-"slight"-adj-0]|TX|985/6|
00000000|MMI|3.43|Study Protocol|C2348563|[inpr]|["Protocol"-tx-33-"Protocol"-noun-0]|TX|3844/8|
00000000|MMI|3.43|Both knees|C0230434|[bpoc]|["Knee.bilateral"-tx-11-"bilateral knees"-noun-0]|TX|1187/15|
00000000|MMI|3.43|Gradient.mean|C0806249|[qnco]|["Gradient.mean"-tx-25-"mean gradient"-noun-0]|TX|2437/13|
00000000|MMI|3.43|/hour|C0564385|[qnco]|["/h"-tx-46-"h"-adv-0]|TX|4834/1|
00000000|MMI|3.43|Circumflex|C1880089|[spco]|["Circumflex"-tx-30-"circumflex"-noun-0]|TX|3169/10|
00000000|MMI|3.43|H NOS Antibodies|C0369286|[aapp,imft]|["H NOS"-tx-46-"h"-adv-0]|TX|4834/1|
00000000|MMI|3.43|Hepatic Involvement|C0441932|[clas]|["H+"-tx-46-"h"-adv-0]|TX|4834/1|
00000000|MMI|3.43|Peak level|C0444505|[qnco]|["Peak"-tx-25-"peak"-adj-0]|TX|2465/4|
00000000|MMI|3.42|+5|C0728893|[qnco]|["+5"-tx-1-"5"-fraction-0]|TX|16/1|
00000000|MMI|3.42|30%|C3842588|[fndg]|["30%"-tx-14-"30"-integer-0]|TX|1749/2|
00000000|MMI|3.42|>5|C0439084|[qnco]|[">5"-tx-1-"5"-fraction-0]|TX|16/1|
00000000|MMI|3.42|Calculated (origins)|C0444686|[ftcn]|["Calculated"-tx-25-"calculated"-adj-0]|TX|2493/10|
00000000|MMI|3.42|Calculated (procedure)|C1443182|[lbpr]|["Calculated"-tx-25-"calculated"-adj-0]|TX|2493/10|
00000000|MMI|3.42|Calculation|C1441506|[acty]|["Calculated"-tx-25-"calculated"-adj-0]|TX|2493/10|
00000000|MMI|3.42|Cognitive function: planning|C0032074|[menp]|["Planning"-tx-6-"planning"-adj-0]|TX|560/8|
00000000|MMI|3.42|Marginal|C0205284|[spco]|["Marginal"-tx-31-"marginal"-adj-0]|TX|3606/8|
00000000|MMI|3.42|Marginal (quality)|C1947914|[qlco]|["Marginal"-tx-31-"marginal"-adj-0]|TX|3606/8|
00000000|MMI|3.42|Planned|C1301732|[ftcn]|["Planning"-tx-6-"planning"-adj-0]|TX|560/8|
00000000|MMI|3.42|Target Awareness - marginal|C1550517|[fndg]|["marginal"-tx-31-"marginal"-adj-0]|TX|3606/8|
00000000|MMI|3.42|Coronary Artery Right Dominance|C3275073|[fndg]|["RIGHT DOMINANT"-tx-29-"right dominant"-adj-0]|TX|2812/14|
00000000|MMI|3.42|carotid|C0741968|[bpoc]|["carotids"-tx-20-"carotids"-noun-0]|TX|2074/8|
00000000|MMI|3.42|Left Cardiac Artery Dominance|C3275098|[fndg]|["LEFT DOMINANT"-tx-29-"dominant left"-adj-0]|TX|2818/8,2867/4|
00000000|MMI|3.42|Administration occupational activities|C0001554|[ocac]|["Management"-tx-33-"Management"-noun-0]|TX|3768/10|
00000000|MMI|3.42|Blood Vessel Tissue|C1511228|[tisu]|["Vessel"-tx-30-"vessel"-noun-0]|TX|3135/6|
00000000|MMI|3.42|Control function|C2587213|[ftcn]|["Control"-tx-33-"control"-noun-0]|TX|3803/7|
00000000|MMI|3.42|Eccentric|C0439740|[qlco]|["Eccentric"-tx-30-"eccentric"-adj-0]|TX|3187/9|
00000000|MMI|3.42|Management Occupations|C3273539|[ocdi]|["Management"-tx-33-"Management"-noun-0]|TX|3768/10|
00000000|MMI|3.42|Management procedure|C1273870|[ocac]|["Management"-tx-33-"Management"-noun-0]|TX|3768/10|
00000000|MMI|3.42|Proximal|C0205107|[spco]|["PROXIMAL"-tx-30-"proximal"-adj-0]|TX|3107/8|
00000000|MMI|3.42|Same|C0445247|[qlco]|["SAME"-tx-30-"same"-adj-0]|TX|3130/4|
00000000|MMI|3.42|Scientific Control|C1882979|[cnce]|["Control"-tx-33-"control"-noun-0]|TX|3803/7|
00000000|MMI|3.42|True Control Status|C3274648|[qlco]|["Control"-tx-33-"control"-noun-0]|TX|3803/7|
00000000|MMI|3.42|control aspects|C0243148|[qlco]|["control"-tx-33-"control"-noun-0]|TX|3803/7|
00000000|MMI|3.42|control substance|C1550141|[sbst]|["Control"-tx-33-"control"-noun-0]|TX|3803/7|
00000000|MMI|3.42|diabetic|C0241863|[fndg]|["DIABETIC"-tx-33-"Diabetic"-adj-0]|TX|3759/8|
00000000|MMI|3.42|Branch of|C1253959|[bpoc]|["Branch"-tx-30-"branch"-noun-0]|TX|3285/6|
00000000|MMI|3.42|Branch of plant|C2700383|[plnt]|["Branch"-tx-30-"branch"-noun-0]|TX|3285/6|
00000000|MMI|3.42|Clinical