00000000|MMI|16.11|Coronary Arteriosclerosis|C0010054|[dsyn]|["coronary artery disease"-tx-1-"CORONARY ARTERY DISEASE"-noun-0]|TX|109/23|C14.280.647.250.260;C14.907.137.126.339;C14.907.585.250.260
00000000|MMI|16.11|Coronary Artery Disease|C1956346|[dsyn]|["CORONARY ARTERY DISEASE"-tx-1-"CORONARY ARTERY DISEASE"-noun-0]|TX|109/23|C14.280.647.250.260;C14.907.137.126.339;C14.907.585.250.260
00000000|MMI|14.64|Aortic valve disorder|C1260873|[dsyn]|["AORTIC VALVE DISEASE"-tx-1-"AORTIC VALVE DISEASE"-noun-0]|TX|63/20|x.x.x.x
00000000|MMI|12.95|Coronary heart disease|C0010068|[dsyn]|["Coronary (artery) disease"-tx-1-"CORONARY ARTERY DISEASE"-noun-0]|TX|109/23|C14.280.647.250;C14.907.585.250
00000000|MMI|7.28|Signature|C1519316|[inpr]|["Signed"-tx-1-"Signed"-noun-0]|TX|[135/6],[190/6]|
00000000|MMI|7.28|signed - ParticipationSignature|C1561610|[inpr]|["signed"-tx-1-"Signed"-noun-0]|TX|[135/6],[190/6]|
00000000|MMI|5.18|Diseases of mitral valve|C0026265|[dsyn]|["MITRAL VALVE DISEASE"-tx-1-"MITRAL VALVE DISEASE"-noun-0]|TX|86/20|
00000000|MMI|3.65|Report status|C0586177|[fndg]|["Report status"-tx-1-"Report Status"-noun-0]|TX|175/13|
00000000|MMI|3.62|Admission date:Time Stamp -- Date and Time:Point in time:^Patient:Quantitative|C2598112|[clna]|["Admission date"-tx-1-"Admission Date"-noun-0]|TX|150/14|
00000000|MMI|3.62|Date of admission|C1302393|[tmco]|["Admission date"-tx-1-"Admission Date"-noun-0]|TX|150/14|
00000000|MMI|3.59|Pyrexia of unknown origin (excl puerperal)|C0856281|[sosy]|["puo"-tx-1-"PUO"-noun-0]|TX|12/3|
00000000|MMI|3.49|Phase II/III Trial|C1519042|[resa]|["2-3"-tx-1-"2/3"-fraction-0]|TX|166/3|
00000000|MMI|3.45|Diagnostic interview schedule|C0451119|[inpr]|["DIS"-tx-1-"DIS"-noun-0]|TX|144/3|
00000000|MMI|3.45|Discontinued|C1444662|[fndg]|["DIS"-tx-1-"DIS"-noun-0]|TX|144/3|
00000000|MMI|58.90|Patient Discharge|C0030685|[hlca]|["Discharged"-tx-21-"discharged"-verb-0,"Discharged"-tx-18-"discharged"-verb-0,"Discharged"-tx-17-"discharged"-verb-0]|TX|2063/10;1656/10;1592/10|E02.204.125;E02.760.400.610;N02.421.192.125;N02.421.585.400.610;N04.590.233.727.210.125
00000000|MMI|47.81|day|C0439228|[tmco]|["DAY"-tx-18-"day"-noun-0,"DAYS"-tx-18-"days"-noun-0,"DAY"-tx-17-"day"-noun-0,"DAY"-tx-9-"day"-noun-0]|TX|[1694/3],[1719/3],[1778/3],[1837/3];[1731/4],[1790/4];1613/3;[956/3],[977/3],[1028/3]|
00000000|MMI|45.35|Coumadin|C0699129|[orch,phsu]|["Coumadin"-tx-19-"Coumadin"-noun-0,"Coumadin"-tx-18-"Coumadin"-noun-0]|TX|1861/8;1808/8|D03.383.663.283.446.520.914;D03.438.150.446.520.914
00000000|MMI|38.96|Rheumatic Heart Disease|C0035439|[dsyn]|["RHEUMATIC HEART DISEASE"-tx-6-"rheumatic heart disease"-noun-0,"RHEUMATIC HEART DISEASE"-tx-4-"rheumatic heart disease"-noun-0]|TX|775/23;590/23|C01.252.410.890.731.649;C14.280.874
00000000|MMI|34.96|Daily|C0332173|[tmco]|["/day"-tx-18-"day"-noun-0,"/day"-tx-17-"day"-noun-0,"/day"-tx-9-"day"-noun-0]|TX|[1694/3],[1719/3],[1778/3],[1837/3];1613/3;[956/3],[977/3],[1028/3]|
00000000|MMI|34.96|per day|C0439505|[tmco]|["/day"-tx-18-"day"-noun-0,"/day"-tx-17-"day"-noun-0,"/day"-tx-9-"day"-noun-0]|TX|[1694/3],[1719/3],[1778/3],[1837/3];1613/3;[956/3],[977/3],[1028/3]|
00000000|MMI|32.72|Cardiac Catheterization Procedures|C0018795|[hlca]|["Cardiac catheterisation"-tx-19-"cardiac catheterization"-noun-0,"Cardiac catheterisation"-tx-5-"cardiac catheterization"-noun-0]|TX|1932/23;619/23|E01.370.370.380.140;E02.148.442;E05.157.250
00000000|MMI|32.26|Saint Lucia|C0036056|[geoa]|["ST"-tx-14-"St"-noun-0,"ST"-tx-13-"St"-noun-0]|TX|1442/2;1368/2|Z01.107.084.900.825;Z01.639.880.825
00000000|MMI|29.89|Tablet Dosage Form|C0039225|[bodm]|["TAB"-tx-20-"tab"-noun-0,"TAB"-tx-18-"tab"-noun-0,"TAB"-tx-18-"tabs"-noun-0]|TX|2024/3;1826/3;1759/4|D26.255.830
00000000|MMI|28.91|Aspirin|C0004057|[orch,phsu]|["ASPIRIN"-tx-9-"aspirin"-noun-0]|TX|962/7|D02.455.426.559.389.657.410.595.176
00000000|MMI|28.85|Homo sapiens|C0086418|[humn]|["MAN"-tx-2-"man"-noun-0]|TX|84/3|B01.050.150.900.649.801.400.112.400.400
00000000|MMI|26.08|Mongolia|C0026410|[geoa]|["MG"-tx-18-"mg"-noun-0]|TX|[1683/2],[1819/2]|Z01.252.474.651
00000000|MMI|25.71|Zocor|C0678181|[orch,phsu]|["Zocor"-tx-9-"Zocor"-noun-0]|TX|1012/5|D02.455.426.559.847.638.400.900;D04.615.638.400.900
00000000|MMI|23.12|Complication Aspects|C1171258|[patf]|["complications"-tx-17-"complications"-noun-1,"complications"-tx-16-"complications"-noun-1]|TX|1630/13;1565/13|x.x.x
00000000|MMI|20.95|Lasix|C0699992|[orch,phsu]|["Lasix"-tx-18-"Lasix"-noun-0]|TX|1800/5|D02.065.884.725.300;D02.092.146.807.300;D02.886.590.700.725.300
00000000|MMI|19.89|Historical aspects qualifier|C0019665|[ftcn]|["history"-tx-8-"history"-noun-0,"history"-tx-4-"history"-noun-0]|TX|897/7;579/7|x.x.x
00000000|MMI|19.45|Toprol-XL|C0723783|[orch,phsu]|["Toprol XL"-tx-9-"Toprol XL"-noun-0]|TX|936/9|D02.033.100.624.698.573;D02.033.755.624.698.573;D02.092.063.624.698.573
00000000|MMI|19.32|Lopressor|C0700776|[orch,phsu]|["Lopressor"-tx-18-"Lopressor"-noun-0]|TX|1670/9|D02.033.100.624.698.573;D02.033.755.624.698.573;D02.092.063.624.698.573
00000000|MMI|18.51|97|C0439073|[inpr]|["97"-tx-27-"97"-integer-0,"97"-tx-13-"97"-integer-0,"97"-tx-5-"97"-integer-0,"97"-tx-2-"97"-integer-0]|TX|[2241/2],[2252/2];1314/2;651/2;145/2|
00000000|MMI|18.51|>97|C0439082|[qnco]|[">97"-tx-27-"97"-integer-0,">97"-tx-13-"97"-integer-0,">97"-tx-5-"97"-integer-0,">97"-tx-2-"97"-integer-0]|TX|[2241/2],[2252/2];1314/2;651/2;145/2|
00000000|MMI|17.80|Togo|C0040363|[geoa]|["TO"-tx-19-"to"-adv-0]|TX|1963/2|Z01.058.290.190.800
00000000|MMI|17.80|Tryptophanase|C0041260|[aapp,enzy]|["TO"-tx-19-"to"-adv-0]|TX|1963/2|D08.811.520.224.800
00000000|MMI|16.30|Nitroglycerin|C0017887|[orch,phsu]|["nitroglycerine"-tx-9-"nitroglycerin"-noun-0]|TX|994/13|D02.033.800.421.560;D02.640.636
00000000|MMI|16.21|Heart Bypass, Right|C0242838|[topp]|["Right Coronary Artery Bypass Grafting"-tx-15-"right artery bypass grafting coronary"-noun-0]|TX|1479/5,1502/22,1538/8|E04.035.410;E04.100.376.410;E04.100.814.868.875;E04.928.220.370
00000000|MMI|16.18|Postoperative Period|C0032790|[tmco]|["Postop"-tx-17-"postop"-adj-0]|TX|1606/6|E04.614.750;N02.421.585.753.750
00000000|MMI|16.17|Dominican Republic|C0013014|[geoa]|["DR"-tx-21-"Dr"-noun-0]|TX|2089/2|Z01.107.084.900.300;Z01.639.880.300
00000000|MMI|16.17|Echocardiography|C0013516|[diap]|["ECHOCARDIOGRAM"-tx-3-"echocardiogram"-noun-0]|TX|215/14|E01.370.350.130.750;E01.370.350.850.220;E01.370.370.380.220
00000000|MMI|16.12|Sublingual Route of Drug Administration|C0001565|[ftcn]|["SUBLINGUAL"-tx-9-"sublingual"-adj-0]|TX|983/10|E02.319.267.100.878
00000000|MMI|16.07|Drug Utilization Review|C0206176|[hlca]|["DUR"-tx-18-"Dur"-noun-0]|TX|1755/3|N04.452.706.477.400;N04.761.879.300;N05.700.900.300
00000000|MMI|16.07|Pain|C0030193|[sosy]|["PAIN"-tx-21-"pain"-noun-0]|TX|2042/4|C10.597.617;C23.888.592.612;F02.830.816.444;G11.561.600.810.444
00000000|MMI|14.64|Potassium|C0032821|[elii]|["POTASSIUM"-tx-18-"potassium"-noun-0]|TX|1741/9|D01.268.549.550;D01.268.557.575;D01.552.528.652;D01.552.547.650;x.x.x.x
00000000|MMI|14.61|50%|C3842586|[fndg]|["50%"-tx-18-"50"-integer-0,"50%"-tx-9-"50"-integer-0,"50%"-tx-5-"50"-percentage-0]|TX|1680/2;[946/2],[1018/2];739/2|
00000000|MMI|14.61|<50|C3843766|[fndg]|["<50"-tx-18-"50"-integer-0,"<50"-tx-9-"50"-integer-0,"<50"-tx-5-"50"-percentage-0]|TX|1680/2;[946/2],[1018/2];739/2|
00000000|MMI|13.65|Prosthesis|C0175649|[medd]|["Prosthesis"-tx-15-"prosthesis"-noun-0,"Prosthesis"-tx-14-"prosthesis"-noun-0]|TX|1462/10;1388/10|E07.695
00000000|MMI|13.65|Prosthesis Implantation|C0525024|[topp]|["Prosthesis"-tx-15-"prosthesis"-noun-0,"Prosthesis"-tx-14-"prosthesis"-noun-0]|TX|1462/10;1388/10|E04.650
00000000|MMI|13.55|History|C0019664|[ocdi]|["History"-tx-8-"history"-noun-0,"History"-tx-4-"history"-noun-0]|TX|897/7;579/7|K01.400
00000000|MMI|13.14|Rabbi|C0684010|[prog]|["R."-tx-24-"R"-noun-0]|TX|2165/1|M01.526.799.500
00000000|MMI|13.11|Mitral Valve Stenosis|C0026269|[dsyn]|["MITRAL STENOSIS"-tx-3-"mitral stenosis"-noun-0]|TX|472/15|C14.280.484.517
00000000|MMI|13.07|Operating Room|C0029064|[hcro,mnob]|["OPERATING ROOM"-tx-13-"operating room"-noun-0]|TX|1292/14|N02.278.388.700
00000000|MMI|13.05|Aortic Valve Stenosis|C0003507|[dsyn]|["AORTIC STENOSIS"-tx-3-"aortic stenosis"-noun-0]|TX|342/15|C14.280.484.150;C14.280.955.249
00000000|MMI|13.04|Systolic Murmurs|C0232257|[fndg]|["Systolic Murmur"-tx-11-"systolic murmur"-noun-0]|TX|1158/15|C23.888.447.500
00000000|MMI|13.03|Mitral Valve Insufficiency|C0026266|[patf]|["Insufficiency, Mitral Valve"-tx-3-"mitral insufficiency valve"-noun-0]|TX|501/20,536/5|C14.280.484.461
00000000|MMI|13.01|Physicians|C0031831|[prog]|["DR"-tx-21-"Dr"-noun-0]|TX|2089/2|M01.526.485.810;N02.360.810
00000000|MMI|13.01|Aortic Valve Insufficiency|C0003504|[dsyn]|["AORTIC INSUFFICIENCY"-tx-3-"aortic insufficiency"-noun-0]|TX|382/20|C14.280.484.095
00000000|MMI|11.49|Hypertensive disease|C0020538|[dsyn]|["HYPERTENSION"-tx-6-"hypertension"-noun-0]|TX|803/12|C14.907.489
00000000|MMI|11.49|Laboratory|C0022877|[mnob,orgt]|["LABORATORY"-tx-12-"LABORATORY"-noun-0]|TX|1208/10|N02.278.487
00000000|MMI|11.49|Physical Examination|C0031809|[hlca]|["PHYSICAL EXAM"-tx-11-"PHYSICAL EXAM"-noun-0]|TX|1069/13|E01.370.600
00000000|MMI|11.19|Medical History|C0262926|[fndg]|["History"-tx-8-"history"-noun-0,"Past Medical History"-tx-6-"PAST MEDICAL HISTORY"-noun-0,"History"-tx-4-"history"-noun-0]|TX|897/7;744/20;579/7|
00000000|MMI|10.99|History of present illness|C0262512|[orga]|["History, NOS"-tx-8-"history"-noun-0,"History, NOS"-tx-4-"history"-noun-0,"HISTORY OF PRESENT ILLNESS"-tx-1-"HISTORY OF PRESENT ILLNESS"-noun-0]|TX|897/7;579/7;26/26|
00000000|MMI|10.67|Tablet Dosing Unit|C1705223|[qnco]|["Tab"-tx-20-"tab"-noun-0,"Tab"-tx-18-"tab"-noun-0,"Tab"-tx-18-"tabs"-noun-0]|TX|2024/3;1826/3;1759/4|
00000000|MMI|10.42|Complication|C0009566|[patf]|["Complications"-tx-17-"complications"-noun-1,"Complications"-tx-16-"complications"-noun-1]|TX|1630/13;1565/13|
00000000|MMI|10.06|Drug Allergy|C0013182|[dsyn]|["Drug Allergies"-tx-10-"drug allergies"-noun-1]|TX|1053/14|C20.543.206;C25.100.468
00000000|MMI|9.92|Males|C0086582|[orga]|["MAN"-tx-2-"man"-noun-0]|TX|84/3|x.x.x
00000000|MMI|9.90|Cardiac Surgery procedures|C0018821|[topp]|["Cardiac Surgical"-tx-2-"cardiac surgical"-adj-0]|TX|112/16|E04.100.376;E04.928.220
00000000|MMI|9.75|Diastolic Murmurs|C0232262|[sosy]|["Diastolic murmur"-tx-11-"diastolic murmur"-noun-0]|TX|1114/16|C23.888.447
00000000|MMI|9.74|Hospitals|C0019994|[hcro,mnob]|["HOSPITAL"-tx-3-"hospital"-noun-0]|TX|244/8|N02.278.421
00000000|MMI|8.34|Hypersensitivity|C0020517|[patf]|["Allergies"-tx-10-"ALLERGIES"-noun-0]|TX|1033/9|C20.543
00000000|MMI|7.55|Replacement of mitral valve (procedure)|C0026268|[topp]|["MITRAL VALVE REPLACEMENT"-tx-13-"mitral valve replacement"-noun-0,"MITRAL VALVE REPLACEMENT"-tx-2-"mitral valve replacement"-noun-0]|TX|1332/24;179/24|
00000000|MMI|7.44|Normal|C0205307|[qlco]|["NORMAL"-tx-12-"normal"-adj-0,"Unremarkable"-tx-11-"Unremarkable"-adj-0]|TX|1229/6;1084/12|
00000000|MMI|7.27|Right|C0205090|[spco]|["R-"-tx-24-"R"-noun-0,"RIGHT"-tx-19-"right"-noun-0]|TX|2165/1;1893/5|
00000000|MMI|7.26|Fraction of|C1264633|[qnco]|["Fraction of"-tx-5-"fraction of"-noun-0,"Fraction of"-tx-3-"fraction of"-noun-0]|TX|727/11;312/11|
00000000|MMI|7.24|Replacement of aortic valve (procedure)|C0003506|[topp]|["AORTIC VALVE REPLACEMENT"-tx-14-"aortic valve replacement"-noun-0,"AORTIC VALVE REPLACEMENT"-tx-2-"aortic valve replacement"-noun-0]|TX|1406/24;152/24|
00000000|MMI|7.20|Concept History|C1705255|[cnce]|["History"-tx-8-"history"-noun-0,"History"-tx-4-"history"-noun-0]|TX|897/7;579/7|
00000000|MMI|7.20|History of previous events|C2004062|[fndg]|["History"-tx-8-"history"-noun-0,"History"-tx-4-"history"-noun-0]|TX|897/7;579/7|
00000000|MMI|7.18|Surgical service|C0587668|[hlca]|["Surgical"-tx-2-"surgical"-adj-0,"Surgical Service"-tx-2-"surgical service"-noun-0]|TX|120/8;120/16|
00000000|MMI|7.16|Ejection as a Circumstance of Injury|C0302131|[phpr]|["Ejection"-tx-5-"ejection"-noun-0,"Ejection"-tx-3-"ejection"-noun-0]|TX|718/8;303/8|
00000000|MMI|7.16|Ejection as a Sports activity|C0336969|[dora]|["Ejection"-tx-5-"ejection"-noun-0,"Ejection"-tx-3-"ejection"-noun-0]|TX|718/8;303/8|
00000000|MMI|7.16|Ejection time|C0812388|[orga]|["ejection"-tx-5-"ejection"-noun-0,"ejection"-tx-3-"ejection"-noun-0]|TX|718/8;303/8|
00000000|MMI|7.04|Magnesium Cation|C2346927|[elii,phsu]|["Mg++"-tx-18-"mg"-noun-0]|TX|[1683/2],[1819/2]|
00000000|MMI|7.04|Milligram percent|C1960952|[qnco]|["mg %"-tx-18-"mg"-noun-0]|TX|[1683/2],[1819/2]|
00000000|MMI|7.04|mg/dL|C0439269|[qnco]|["mg%"-tx-18-"mg"-noun-0]|TX|[1683/2],[1819/2]|
00000000|MMI|6.99|Mechanical Methods|C0443254|[ftcn]|["Mechanical"-tx-15-"mechanical"-adj-0,"Mechanical"-tx-14-"mechanical"-adj-0]|TX|1451/10;1377/10|
00000000|MMI|6.97|per year|C0439508|[tmco]|["/Year"-tx-8-"year"-noun-0,"/Year"-tx-2-"year"-noun-0]|TX|892/4;75/4|
00000000|MMI|6.97|year|C0439234|[tmco]|["YEAR"-tx-8-"year"-noun-0,"YEAR"-tx-2-"year"-noun-0]|TX|892/4;75/4|
00000000|MMI|6.96|10%|C3842590|[fndg]|["10%"-tx-27-"10"-fraction-0,"10%"-tx-18-"10"-integer-0]|TX|2238/2;1764/2|
00000000|MMI|6.96|One|C0205447|[qnco]|["ONE"-tx-20-"one"-adj-0,"ONE"-tx-18-"one"-noun-0]|TX|2020/3;1822/3|
00000000|MMI|6.90|Two|C0205448|[qnco]|["Two"-tx-18-"two"-adj-0]|TX|[1727/3],[1786/3]|
00000000|MMI|6.88|Borg Category-Ratio 10 Perceived Exertion Score 3|C4049706|[inpr]|["Moderate"-tx-3-"moderate"-adj-0]|TX|[333/8],[492/8]|
00000000|MMI|6.88|Character String Data Type|C3272372|[inpr]|["ST"-tx-14-"St"-noun-0,"ST"-tx-13-"St"-noun-0]|TX|1442/2;1368/2|
00000000|MMI|6.88|Moderate (severity modifier)|C0205081|[qlco]|["Moderate"-tx-3-"moderate"-adj-0]|TX|[333/8],[492/8]|
00000000|MMI|6.88|Moderate Extremity Pain|C4049705|[inpr]|["Moderate"-tx-3-"moderate"-adj-0]|TX|[333/8],[492/8]|
00000000|MMI|6.88|Moderation|C1881878|[qlco]|["MODERATE"-tx-3-"moderate"-adj-0]|TX|[333/8],[492/8]|
00000000|MMI|6.77|Male population group|C0025266|[popg]|["Man"-tx-2-"man"-noun-0]|TX|84/3|M01.390
00000000|MMI|6.71|Heart|C0018787|[bpoc]|["Cardiac"-tx-2-"cardiac"-adj-0]|TX|112/7|A07.541
00000000|MMI|5.18|Attending (action)|C1999232|[ftcn]|["attending"-tx-24-"Attending"-noun-0]|TX|2146/9|
00000000|MMI|5.18|Attending (provider role)|C1547429|[prog]|["Attending"-tx-24-"Attending"-noun-0]|TX|2146/9|
00000000|MMI|5.18|Discharge date|C2361123|[tmco]|["Discharge date"-tx-1-"Discharge Date"-noun-0]|TX|0/14|
00000000|MMI|5.18|Discharge date:Time Stamp -- Date and Time:Point in time:^Patient:Quantitative|C2361122|[clna]|["Discharge date"-tx-1-"Discharge Date"-noun-0]|TX|0/14|
00000000|MMI|5.18|Doctor of Medicine|C1512018|[inpr]|["M.D."-tx-25-"M.D"-noun-0]|TX|2178/3|
00000000|MMI|5.18|Former smoker|C0337671|[fndg]|["Former Smoker"-tx-8-"Former smoker"-noun-0]|TX|865/13|
00000000|MMI|5.18|Gait normal|C0231683|[fndg]|["Normal"-tx-12-"normal"-adj-0]|TX|1229/6|
00000000|MMI|5.18|H/O: surgery|C0455610|[fndg]|["Past surgical history"-tx-7-"PAST SURGICAL HISTORY"-noun-0]|TX|817/21|
00000000|MMI|5.18|Highest|C1522410|[qlco]|["Apex"-tx-11-"apex"-noun-0]|TX|1138/4|
00000000|MMI|5.18|Hospital course|C0489547|[fndg]|["Hospital course"-tx-13-"HOSPITAL COURSE"-noun-0]|TX|1260/15|
00000000|MMI|5.18|Hospital course:Finding:Point in time:^Patient:Narrative|C0488549|[clna]|["Hospital course"-tx-13-"HOSPITAL COURSE"-noun-0]|TX|1260/15|
00000000|MMI|5.18|Hypertension Adverse Event|C1963138|[fndg]|["Hypertension"-tx-6-"hypertension"-noun-0]|TX|803/12|
00000000|MMI|5.18|Laboratory domain|C3244292|[ftcn]|["laboratory"-tx-12-"LABORATORY"-noun-0]|TX|1208/10|
00000000|MMI|5.18|MRC1 gene|C1417249|[gngm]|["MR"-tx-1-"Mr"-noun-0]|TX|54/2|
00000000|MMI|5.18|Mean Percent of Normal|C2347086|[qnco]|["% Normal"-tx-12-"normal"-adj-0]|TX|1229/6|
00000000|MMI|5.18|Medications:-:Point in time:^Patient:-|C2598133|[clna]|["Medications"-tx-9-"MEDICATIONS"-noun-0]|TX|906/11|
00000000|MMI|5.18|Medications:Presence or Identity:Duration of the study:^Patient:Nominal|C0802604|[clna]|["Medications"-tx-9-"MEDICATIONS"-noun-0]|TX|906/11|
00000000|MMI|5.18|Minor Response|C4050513|[fndg]|["MR"-tx-1-"Mr"-noun-0]|TX|54/2|
00000000|MMI|5.18|Mr. - Title|C2347167|[cnce]|["Mr."-tx-1-"Mr"-noun-0]|TX|54/2|
00000000|MMI|5.18|Normal limits|C0442816|[qnco]|["Normal limits"-tx-12-"normal limits"-noun-0]|TX|1245/13|
00000000|MMI|5.18|On admission|C0457453|[tmco]|["On admission"-tx-9-"On admission"-adj-0]|TX|919/12|
00000000|MMI|5.18|PMH - past medical history|C0455458|[fndg]|["Past medical history"-tx-6-"PAST MEDICAL HISTORY"-noun-0]|TX|744/20|
00000000|MMI|5.18|Percent normal|C0439166|[qnco]|["% normal"-tx-12-"normal"-adj-0]|TX|1229/6|
00000000|MMI|5.18|Percocet|C0086787|[orch,phsu]|["Percocet"-tx-20-"Percocet"-noun-0]|TX|2008/8|
00000000|MMI|5.18|Pharmaceutical Preparations|C0013227|[phsu]|["Medications"-tx-9-"MEDICATIONS"-noun-0]|TX|906/11|D26
00000000|MMI|5.18|Physical Exam Domain|C1744699|[inpr]|["Physical Exam"-tx-11-"PHYSICAL EXAM"-noun-0]|TX|1069/13|
00000000|MMI|5.18|Potassium Drug Class|C3714637|[phsu]|["POTASSIUM"-tx-18-"potassium"-noun-0]|TX|1741/9|
00000000|MMI|5.18|Potassium Ion|C0597277|[elii,phsu]|["Potassium"-tx-18-"potassium"-noun-0]|TX|1741/9|
00000000|MMI|5.18|Potassium measurement|C0202194|[lbpr]|["Potassium+"-tx-18-"potassium"-noun-0]|TX|1741/9|
00000000|MMI|5.18|Potassium supplement|C0304475|[inch,phsu]|["POTASSIUM"-tx-18-"potassium"-noun-0]|TX|1741/9|
00000000|MMI|5.18|Social History|C3714536|[fndg]|["Social History"-tx-8-"SOCIAL HISTORY"-noun-0]|TX|849/14|
00000000|MMI|5.18|Social and personal history|C0424945|[fndg]|["Social history"-tx-8-"SOCIAL HISTORY"-noun-0]|TX|849/14|
00000000|MMI|5.18|To|C1883351|[qlco]|["To"-tx-19-"to"-adv-0]|TX|1963/2|
00000000|MMI|5.18|dinoflagellate apex|C3890171|[celc]|["apex"-tx-11-"apex"-noun-0]|TX|1138/4|
00000000|MMI|3.98|Direct (qualifier)|C1947931|[qlco]|["Direct"-tx-18-"directed"-verb-0]|TX|1847/8|
00000000|MMI|3.98|Direct type of relationship|C0439851|[qlco]|["Direct"-tx-18-"directed"-verb-0]|TX|1847/8|
00000000|MMI|3.98|Discover|C1880355|[acty]|["Discover"-tx-19-"discovered"-verb-0]|TX|1916/10|
00000000|MMI|3.98|Square shape|C0205120|[spco]|["SQUARE"-tx-3-"squared"-verb-0]|TX|557/7|
00000000|MMI|3.98|Style Type - Square|C1552595|[inpr]|["Square"-tx-3-"squared"-verb-0]|TX|557/7|
00000000|MMI|3.81|Left sternal border|C4068813|[bsoj]|["Left sternal border"-tx-11-"left sternal border"-noun-0]|TX|1187/19|
00000000|MMI|3.78|Ventricular dilatation (disorder)|C0264733|[dsyn]|["Dilated ventricle"-tx-3-"dilated ventricle"-noun-0]|TX|273/7,286/9|
00000000|MMI|3.76|Furosemide 40 MG|C0986199|[clnd]|["Furosemide 40 MG"-tx-18-"Lasix 40 mg"-noun-0]|TX|1700/11|
00000000|MMI|3.75|Entire left ventricle|C1269892|[bpoc]|["Left ventricle"-tx-3-"left ventricle"-noun-0]|TX|281/14|
00000000|MMI|3.75|Left ventricular structure|C0225897|[bpoc]|["LEFT VENTRICLE"-tx-3-"left ventricle"-noun-0]|TX|281/14|
00000000|MMI|3.68|% index|C1637833|[qnco]|["% index"-tx-26-"Index"-noun-0]|TX|2212/5|
00000000|MMI|3.68|3-4|C3840617|[fndg]|["3-4"-tx-13-"3/4"-fraction-0]|TX|1310/3|
00000000|MMI|3.68|3/4|C0442757|[fndg]|["3 4"-tx-13-"3/4"-fraction-0]|TX|1310/3|
00000000|MMI|3.68|Glonoine, nitroglycerine, Homeopathic preparation|C0885378|[orch,phsu]|["nitroglycerine"-tx-9-"nitroglycerin"-noun-0]|TX|994/13|
00000000|MMI|3.68|Html Link Type - index|C1552854|[idcn]|["index"-tx-26-"Index"-noun-0]|TX|2212/5|
00000000|MMI|3.68|Index|C0918012|[inpr]|["Index"-tx-26-"Index"-noun-0]|TX|2212/5|
00000000|MMI|3.68|P Blood group antibodies|C0369773|[aapp,imft]|["P NOS"-tx-23-"P"-adv-0]|TX|2141/1|
00000000|MMI|3.68|P prime|C2603361|[clna]|["P'"-tx-23-"P"-adv-0]|TX|2141/1|
00000000|MMI|3.68|R prime|C2603358|[clna]|["R'"-tx-24-"R"-noun-0]|TX|2165/1|
00000000|MMI|3.67|History of present illness:Finding:Point in time:^Patient:Nominal:Reported|C0488508|[clna]|["History of present illness"-tx-1-"HISTORY OF PRESENT ILLNESS"-noun-0]|TX|26/26|
00000000|MMI|3.65|Rheumatic mitral stenosis|C0264766|[dsyn]|["Mitral stenosis"-tx-3-"mitral stenosis"-noun-0]|TX|472/15|
00000000|MMI|3.64|dictated - DocumentCompletion|C1609990|[idcn]|["Dictated"-tx-23-"Dictated"-verb-0]|TX|2111/8|
00000000|MMI|3.64|dictated - ParticipationMode|C1548384|[ftcn]|["dictated"-tx-23-"Dictated"-verb-0]|TX|2111/8|
00000000|MMI|3.63|Left|C0205091|[spco]|["LEFT"-tx-3-"left"-noun-0]|TX|281/4|
00000000|MMI|3.63|Left sided|C0443246|[spco]|["Left"-tx-3-"left"-noun-0]|TX|281/4|
00000000|MMI|3.63|Table Cell Horizontal Align - left|C1552822|[ftcn]|["left"-tx-3-"left"-noun-0]|TX|281/4|
00000000|MMI|3.61|4 Hours|C1292426|[tmco]|["4H"-tx-20-"4h"-noun-0]|TX|2030/2|
00000000|MMI|3.61|Batch (Response Modality)|C1550176|[inpr]|["Batch"-tx-26-"Batch"-noun-0]|TX|2199/5|
00000000|MMI|3.61|Batch (group)|C1948031|[qnco]|["Batch"-tx-26-"Batch"-noun-0]|TX|2199/5|
00000000|MMI|3.61|Batch Number|C3641829|[inpr]|["BATCH"-tx-26-"Batch"-noun-0]|TX|2199/5|
00000000|MMI|3.61|Deep vein thrombosis of lower limb|C0340708|[dsyn]|["leg dvt"-tx-19-"leg DVT"-noun-0]|TX|1899/7|
00000000|MMI|3.61|Patient location type - Operating Room|C1578465|[spco]|["Operating Room"-tx-13-"operating room"-noun-0]|TX|1292/14|
00000000|MMI|3.60|Lesion|C0221198|[fndg]|["Lesion"-tx-5-"lesion"-noun-0]|TX|704/6|
00000000|MMI|3.60|Specimen Source Codes - Lesion|C1546698|[inpr]|["Lesion"-tx-5-"lesion"-noun-0]|TX|704/6|
00000000|MMI|3.60|mEq|C0439152|[qnco]|["mEq"-tx-18-"mEq"-noun-0]|TX|1767/3|
00000000|MMI|3.58|Cardiac Service|C1546530|[hcro]|["Cardiac Service"-tx-2-"cardiac service"-noun-0]|TX|112/7,129/7|
00000000|MMI|3.58|Three months|C4082119|[tmco]|["Three months"-tx-19-"three months"-noun-0]|TX|1994/12|
00000000|MMI|3.57|3/6|C0442759|[fndg]|["3 6"-tx-11-"3 6"-fraction-0]|TX|1149/1,1156/1|
00000000|MMI|3.57|1-10|C3843645|[fndg]|["1-10"-tx-2-"1/10"-fraction-0]|TX|140/4|
00000000|MMI|3.56|Four|C0205450|[qnco]|["Four"-tx-17-"four"-word_numeral-0]|TX|1617/4|
00000000|MMI|3.56|Right sided|C0444532|[spco]|["Right"-tx-19-"right"-noun-0]|TX|1893/5|
00000000|MMI|3.55|ActInformationPrivacyReason <service>|C3245478|[idcn]|["service"-tx-2-"service"-noun-0]|TX|129/7|
00000000|MMI|3.55|Admission activity|C0809949|[hlca]|["Admitted"-tx-2-"admitted"-verb-0]|TX|96/8|
00000000|MMI|3.55|Cardiac - anatomy qualifier|C1522601|[spco]|["Cardiac"-tx-2-"cardiac"-adj-0]|TX|112/7|
00000000|MMI|3.55|Delayed Release Dosage Form|C1707664|[bodm]|["DR"-tx-21-"Dr"-noun-0]|TX|2089/2|
00000000|MMI|3.55|Device to Subject Relationship Domain|C3540849|[inpr]|["DR"-tx-21-"Dr"-noun-0]|TX|2089/2|
00000000|MMI|3.55|Doctor - Title|C2348314|[cnce]|["Dr."-tx-21-"Dr"-noun-0]|TX|2089/2|
00000000|MMI|3.55|Echocardiogram (image)|C2243117|[inpr]|["Echocardiogram"-tx-3-"echocardiogram"-noun-0]|TX|215/14|
00000000|MMI|3.55|Hospital admission|C0184666|[hlca]|["admitted"-tx-2-"admitted"-verb-0]|TX|96/8|
00000000|MMI|3.55|Operative Surgical Procedures|C0543467|[hlca]|["Surgical"-tx-2-"surgical"-adj-0]|TX|120/8|E04
00000000|MMI|3.55|Services|C0557854|[ocac]|["Service"-tx-2-"service"-noun-0]|TX|129/7|
00000000|MMI|3.55|Software Service|C2825316|[mnob]|["Service"-tx-2-"service"-noun-0]|TX|129/7|
00000000|MMI|3.55|Twice (Numerical Qualifier)|C1948050|[qnco]|["Twice"-tx-18-"twice"-adv-0]|TX|1686/5|
00000000|MMI|3.55|Twice - dosing instruction fragment|C1720725|[inpr]|["Twice"-tx-18-"twice"-adv-0]|TX|1686/5|
00000000|MMI|3.55|care activity|C1947933|[acty]|["Care"-tx-21-"care"-noun-0]|TX|2081/4|
00000000|MMI|3.55|% of total|C0439175|[qnco]|["% total"-tx-19-"total"-noun-0]|TX|1985/5|
00000000|MMI|3.55|Continuous|C0549178|[idcn]|["Continued"-tx-19-"continued"-verb-0]|TX|1969/9|
00000000|MMI|3.55|Total|C0439810|[qlco]|["Total"-tx-19-"total"-noun-0]|TX|1985/5|
00000000|MMI|3.53|Proximal right coronary artery|C4071850|[bpoc]|["Proximal right coronary artery"-tx-5-"proximal right coronary artery"-noun-0]|TX|673/30|
00000000|MMI|3.53|Restart|C1514902|[qlco]|["Restart"-tx-19-"restarted"-verb-0]|TX|1879/9|
00000000|MMI|3.52|Mild to moderate|C1299392|[qlco]|["Mild to moderate"-tx-3-"mild to moderate"-adj-0]|TX|455/16|
00000000|MMI|3.50|Pack years|C1277691|[inpr]|["Pack Year"-tx-8-"pack year"-noun-0]|TX|887/9|
00000000|MMI|3.50|Sublingual location|C0558302|[blor]|["Sublingual"-tx-9-"sublingual"-adj-0]|TX|983/10|
00000000|MMI|3.50|Twenty Pack|C2700095|[qnco]|["Twenty Pack"-tx-8-"twenty pack"-noun-0]|TX|880/11|
00000000|MMI|3.48|K-Tab|C0306522|[inch,phsu]|["k tabs"-tx-18-"K tabs"-noun-0]|TX|1753/1,1759/4|
00000000|MMI|3.48|Dilated|C0700124|[fndg]|["Dilated"-tx-3-"dilated"-adj-0]|TX|273/7|
00000000|MMI|3.48|K-Dur|C0306511|[inch,phsu]|["K-Dur"-tx-18-"K-Dur"-noun-0]|TX|1753/5|
00000000|MMI|3.48|Known|C0205309|[qlco]|["Known"-tx-10-"known"-adj-0]|TX|1047/5|
00000000|MMI|3.48|Post|C0687676|[tmco]|["Post"-tx-19-"post"-adj-0]|TX|1927/4|
00000000|MMI|3.48|Post Device Component|C1704687|[mnob]|["Post"-tx-19-"post"-adj-0]|TX|1927/4|
00000000|MMI|3.47|Body Site Modifier - Lower|C1548802|[blor]|["Lower"-tx-11-"lower"-adj-0]|TX|1181/5|
00000000|MMI|3.47|Including (qualifier)|C0332257|[ftcn]|["included"-tx-6-"Included"-adj-0]|TX|766/8|
00000000|MMI|3.47|Lower (action)|C2003888|[acty]|["Lower"-tx-11-"lower"-adj-0]|TX|1181/5|
00000000|MMI|3.47|Lower - spatial qualifier|C0441994|[spco]|["LOWER"-tx-11-"lower"-adj-0]|TX|1181/5|
00000000|MMI|3.47|Old|C0580836|[tmco]|["Old"-tx-2-"old"-noun-0]|TX|80/3|
00000000|MMI|3.47|Twenties|C0724000|[aggp]|["twenty"-tx-8-"twenty"-word_numeral-0]|TX|880/6|
00000000|MMI|3.47|Twenty|C3715212|[qnco]|["Twenty"-tx-8-"twenty"-word_numeral-0]|TX|880/6|
00000000|MMI|3.46|Duration (temporal concept)|C0449238|[tmco]|["DUR"-tx-18-"Dur"-noun-0]|TX|1755/3|
00000000|MMI|3.45|Pain NOS Adverse Event|C1962977|[fndg]|["Pain NOS"-tx-21-"pain"-noun-0]|TX|2042/4|
00000000|MMI|3.44|9-10|C3843713|[fndg]|["9-10"-tx-5-"9/10"-fraction-0]|TX|646/4|
00000000|MMI|3.44|Structure of internal thoracic artery|C0226276|[bpoc]|["INTERNAL MAMMARY ARTERY"-tx-15-"internal mammary artery"-noun-0]|TX|1485/23|
00000000|MMI|3.43|mmHg|C0439475|[qnco]|["Millimeter of Mercury"-tx-3-"of millimeters mercury"-noun-0]|TX|424/2,430/11,445/7|
00000000|MMI|3.43|55|C0450382|[inpr]|["55"-tx-3-"55"-percentage-0]|TX|324/2|
00000000|MMI|3.43|Extrinsic|C0205101|[spco]|["Outside"-tx-3-"outside"-adj-0]|TX|236/7|
00000000|MMI|3.43|Hospital environment|C1510665|[qlco]|["Hospital"-tx-3-"hospital"-noun-0]|TX|244/8|
00000000|MMI|3.43|Area 1|C3842398|[fndg]|["Area 1"-tx-3-"area 1"-noun-0]|TX|542/4,550/1|
00000000|MMI|3.42|31|C0450355|[inpr]|["31"-tx-13-"31"-integer-0]|TX|1365/2|
00000000|MMI|3.42|Borg Category-Ratio 10 Perc