00000000|MMI|12.94|Myocardial Infarction|C0027051|[dsyn]|["Infarction, Myocardial"-tx-1-"MYOCARDIAL INFARCTION"-noun-0]|TX|64/21|C14.280.647.500;C14.907.585.500
00000000|MMI|7.28|Signature|C1519316|[inpr]|["Signed"-tx-1-"Signed"-noun-0]|TX|[88/6],[143/6]|
00000000|MMI|7.28|signed - ParticipationSignature|C1561610|[inpr]|["signed"-tx-1-"Signed"-noun-0]|TX|[88/6],[143/6]|
00000000|MMI|3.65|Report status|C0586177|[fndg]|["Report status"-tx-1-"Report Status"-noun-0]|TX|128/13|
00000000|MMI|3.63|Admission date:Time Stamp -- Date and Time:Point in time:^Patient:Quantitative|C2598112|[clna]|["Admission date"-tx-1-"Admission Date"-noun-0]|TX|103/14|
00000000|MMI|3.63|Date of admission|C1302393|[tmco]|["Admission date"-tx-1-"Admission Date"-noun-0]|TX|103/14|
00000000|MMI|3.59|Pyrexia of unknown origin (excl puerperal)|C0856281|[sosy]|["puo"-tx-1-"PUO"-noun-0]|TX|12/3|
00000000|MMI|3.48|Electrocardiogram: myocardial infarction (finding)|C0428953|[lbtr]|["MYOCARDIAL INFARCTION"-tx-1-"MYOCARDIAL INFARCTION"-noun-0]|TX|64/21|
00000000|MMI|3.48|Myocardial Infarction ECG Assessment|C3810814|[diap]|["Myocardial Infarction"-tx-1-"MYOCARDIAL INFARCTION"-noun-0]|TX|64/21|
00000000|MMI|3.48|Myocardial infarction:Finding:Point in time:^Patient:Ordinal|C2926063|[clna]|["Myocardial infarction"-tx-1-"MYOCARDIAL INFARCTION"-noun-0]|TX|64/21|
00000000|MMI|3.46|3+ Answer to Question|C3838680|[fndg]|["3+"-tx-1-"3"-fraction-0]|TX|119/1|
00000000|MMI|3.46|3+ Score|C2827736|[qnco]|["3+"-tx-1-"3"-fraction-0]|TX|119/1|
00000000|MMI|3.46|3+ Score, WHO|C2981702|[clas]|["3+"-tx-1-"3"-fraction-0]|TX|119/1|
00000000|MMI|3.46|<3 (qualifier value)|C0439086|[qnco]|["<3"-tx-1-"3"-fraction-0]|TX|119/1|
00000000|MMI|3.46|Diagnostic interview schedule|C0451119|[inpr]|["DIS"-tx-1-"DIS"-noun-0]|TX|97/3|
00000000|MMI|3.46|Discontinued|C1444662|[fndg]|["DIS"-tx-1-"DIS"-noun-0]|TX|97/3|
00000000|MMI|84.14|Mongolia|C0026410|[geoa]|["MG"-tx-34-"mg"-noun-0,"MG"-tx-17-"mg"-noun-0]|TX|[4181/2],[4251/2],[4285/2],[4363/2];[2350/2],[2517/2]|Z01.252.474.651
00000000|MMI|75.92|Stenosis|C1261287|[patf]|["Stenosis"-tx-8-"stenosis"-noun-0]|TX|[1049/8],[1101/8],[1120/8],[1187/8],[1248/8],[1311/8],[1383/8]|C23.300.287
00000000|MMI|67.72|Daily|C0332173|[tmco]|["/day"-tx-34-"day"-noun-0,"/day"-tx-17-"day"-noun-0]|TX|[4102/3],[4131/3],[4161/3],[4189/3],[4261/3],[4296/3];[2358/3],[2429/3],[2497/3],[2527/3]|
00000000|MMI|67.72|day|C0439228|[tmco]|["DAY"-tx-34-"day"-noun-0,"DAY"-tx-17-"day"-noun-0]|TX|[4102/3],[4131/3],[4161/3],[4189/3],[4261/3],[4296/3];[2358/3],[2429/3],[2497/3],[2527/3]|
00000000|MMI|67.72|per day|C0439505|[tmco]|["/day"-tx-34-"day"-noun-0,"/day"-tx-17-"day"-noun-0]|TX|[4102/3],[4131/3],[4161/3],[4189/3],[4261/3],[4296/3];[2358/3],[2429/3],[2497/3],[2527/3]|
00000000|MMI|58.88|Patient Discharge|C0030685|[hlca]|["Discharged"-tx-41-"discharged"-verb-0,"Discharge"-tx-32-"DISCHARGE"-noun-0,"Discharge"-tx-31-"discharge"-noun-0]|TX|4847/10;3872/9;3809/9|E02.204.125;E02.760.400.610;N02.421.192.125;N02.421.585.400.610;N04.590.233.727.210.125
00000000|MMI|55.56|Patients|C0030705|[podg]|["*^patient"-tx-30-"patient"-noun-0,"*^patient"-tx-28-"patient"-noun-0,"*^patient"-tx-26-"patient"-noun-0,"*^patient"-tx-25-"patient"-noun-0,"*^patient"-tx-16-"patient"-noun-0,"*^patient"-tx-6-"patient"-noun-0,"*^patient"-tx-3-"patient"-noun-0]|TX|3640/7;3538/7;3330/7;3237/7;2275/7;533/7;381/7|M01.643
00000000|MMI|50.14|Pain|C0030193|[sosy]|["PAIN"-tx-34-"pain"-noun-0,"PAIN"-tx-5-"pain"-noun-0,"PAIN"-tx-3-"pain"-noun-0]|TX|4234/4;500/4;405/4|C10.597.617;C23.888.592.612;F02.830.816.444;G11.561.600.810.444
00000000|MMI|49.28|Visiting Nurses|C0042799|[prog]|["Visiting Nurse"-tx-41-"visiting nurse"-noun-0,"Visiting Nurse"-tx-37-"visiting nurse"-noun-0,"Visiting Nurse"-tx-31-"visiting nurse"-noun-0]|TX|4883/14;4706/14;3832/14|M01.526.485.650.655;N02.360.650.655
00000000|MMI|48.50|Percutaneous Transluminal Coronary Angioplasty|C2936173|[topp]|["PTCA"-tx-13-"PTCA"-noun-0,"PTCA"-tx-7-"PTCA"-noun-0]|TX|2089/4;817/4|E02.148.050.060.100;E04.100.376.719.100;E04.100.814.529.124.060.100;E04.100.814.529.968.050;E04.502.382.124.060.100;E04.502.382.968.050;E04.928.220.520.100;E05.157.016.060.100
00000000|MMI|38.70|Lopressor|C0700776|[orch,phsu]|["Lopressor"-tx-34-"Lopressor"-noun-0,"Lopressor"-tx-17-"Lopressor"-noun-0]|TX|4167/9;2337/9|D02.033.100.624.698.573;D02.033.755.624.698.573;D02.092.063.624.698.573
00000000|MMI|35.81|Togo|C0040363|[geoa]|["TO"-tx-26-"to"-adv-0,"TO"-tx-6-"to"-adv-0]|TX|3348/2;667/2|Z01.058.290.190.800
00000000|MMI|35.81|Tryptophanase|C0041260|[aapp,enzy]|["TO"-tx-26-"to"-adv-0,"TO"-tx-6-"to"-adv-0]|TX|3348/2;667/2|D08.811.520.224.800
00000000|MMI|32.69|Postoperative Period|C0032790|[tmco]|["Postoperative"-tx-31-"postoperative"-noun-0,"Postoperative"-tx-29-"postoperative"-noun-0]|TX|3850/13;3614/13|E04.614.750;N02.421.585.753.750
00000000|MMI|32.49|Dominican Republic|C0013014|[geoa]|["DR"-tx-39-"Dr"-noun-0,"DR"-tx-38-"Dr"-noun-0]|TX|4810/2;4755/2|Z01.107.084.900.300;Z01.639.880.300
00000000|MMI|31.01|Abortion consent:Finding:Point in time:^Patient:Document|C2360836|[clna]|["Patient"-tx-30-"patient"-noun-0,"Patient"-tx-28-"patient"-noun-0,"Patient"-tx-26-"patient"-noun-0,"Patient"-tx-25-"patient"-noun-0,"Patient"-tx-16-"patient"-noun-0,"Patient"-tx-6-"patient"-noun-0,"Patient"-tx-3-"patient"-noun-0]|TX|3640/7;3538/7;3330/7;3237/7;2275/7;533/7;381/7|
00000000|MMI|31.01|Hysterectomy consent:Finding:Point in time:^Patient:Document|C2360838|[clna]|["Patient"-tx-30-"patient"-noun-0,"Patient"-tx-28-"patient"-noun-0,"Patient"-tx-26-"patient"-noun-0,"Patient"-tx-25-"patient"-noun-0,"Patient"-tx-16-"patient"-noun-0,"Patient"-tx-6-"patient"-noun-0,"Patient"-tx-3-"patient"-noun-0]|TX|3640/7;3538/7;3330/7;3237/7;2275/7;533/7;381/7|
00000000|MMI|31.01|Sterilization consent:Finding:Point in time:^Patient:Document|C2360840|[clna]|["Patient"-tx-30-"patient"-noun-0,"Patient"-tx-28-"patient"-noun-0,"Patient"-tx-26-"patient"-noun-0,"Patient"-tx-25-"patient"-noun-0,"Patient"-tx-16-"patient"-noun-0,"Patient"-tx-6-"patient"-noun-0,"Patient"-tx-3-"patient"-noun-0]|TX|3640/7;3538/7;3330/7;3237/7;2275/7;533/7;381/7|
00000000|MMI|27.84|Magnesium Cation|C2346927|[elii,phsu]|["Magnesium 2+"-tx-35-"magnesium 2"-noun-0,"Mg++"-tx-34-"mg"-noun-0,"Mg++"-tx-17-"mg"-noun-0]|TX|4521/11;[4181/2],[4251/2],[4285/2],[4363/2];[2350/2],[2517/2]|
00000000|MMI|27.83|Time|C0040223|[tmco]|["TIME"-tx-33-"time"-noun-0,"TIME"-tx-24-"time"-noun-0,"TIME"-tx-23-"time"-noun-0]|TX|[3953/4],[4036/4];3211/4;3172/4|G01.910
00000000|MMI|26.82|Stenosis (invertebrate)|C2632116|[euka]|["Stenosis"-tx-8-"stenosis"-noun-0]|TX|[1049/8],[1101/8],[1120/8],[1187/8],[1248/8],[1311/8],[1383/8]|
00000000|MMI|26.82|Stenosis Morphology|C0678234|[qlco]|["Stenosis"-tx-8-"stenosis"-noun-0]|TX|[1049/8],[1101/8],[1120/8],[1187/8],[1248/8],[1311/8],[1383/8]|
00000000|MMI|26.26|Potassium|C0032821|[elii]|["POTASSIUM"-tx-35-"potassium"-noun-0,"POTASSIUM"-tx-33-"potassium"-noun-0]|TX|4478/9;3969/9|D01.268.549.550;D01.268.557.575;D01.552.528.652;D01.552.547.650;x.x.x.x
00000000|MMI|26.17|Myocardial Infarction|C0027051|[dsyn]|["Infarction, Myocardial"-tx-11-"myocardial infarction"-noun-0,"Infarction, Myocardial"-tx-10-"myocardial infarction"-noun-0]|TX|1689/21;1645/21|C14.280.647.500;C14.907.585.500
00000000|MMI|26.14|Physicians|C0031831|[prog]|["DR"-tx-39-"Dr"-noun-0,"DR"-tx-38-"Dr"-noun-0]|TX|4810/2;4755/2|M01.526.485.810;N02.360.810
00000000|MMI|22.98|Milligram percent|C1960952|[qnco]|["mg %"-tx-34-"mg"-noun-0,"mg %"-tx-17-"mg"-noun-0]|TX|[4181/2],[4251/2],[4285/2],[4363/2];[2350/2],[2517/2]|
00000000|MMI|22.98|mg/dL|C0439269|[qnco]|["mg%"-tx-34-"mg"-noun-0,"mg%"-tx-17-"mg"-noun-0]|TX|[4181/2],[4251/2],[4285/2],[4363/2];[2350/2],[2517/2]|
00000000|MMI|22.41|Angina, Unstable|C0002965|[dsyn]|["Angina, Unstable"-tx-11-"unstable angina"-noun-0]|TX|1823/15|C10.597.617.192.500.150;C14.280.647.187.150;C14.907.585.187.150;C23.888.592.612.233.500.150
00000000|MMI|22.39|Insulin|C0021641|[aapp,horm,phsu]|["INSULIN"-tx-34-"insulin"-noun-0]|TX|4309/7|D06.472.699.587.200.500.625;D12.644.548.586.200.500.625
00000000|MMI|22.39|Lantus|C0876064|[aapp,phsu]|["Lantus"-tx-34-"Lantus"-noun-0]|TX|4302/6|D06.472.699.587.200.300.100;D12.644.548.586.200.300.100
00000000|MMI|21.36|MRC1 gene|C1417249|[gngm]|["MR"-tx-36-"Mr"-noun-0,"MR"-tx-32-"Mr"-noun-0,"MR"-tx-21-"Mr"-noun-0,"MR"-tx-1-"Mr"-noun-0]|TX|4641/2;3892/2;2783/2;174/2|
00000000|MMI|21.36|Minor Response|C4050513|[fndg]|["MR"-tx-36-"Mr"-noun-0,"MR"-tx-32-"Mr"-noun-0,"MR"-tx-21-"Mr"-noun-0,"MR"-tx-1-"Mr"-noun-0]|TX|4641/2;3892/2;2783/2;174/2|
00000000|MMI|21.36|Mr. - Title|C2347167|[cnce]|["Mr."-tx-36-"Mr"-noun-0,"Mr."-tx-32-"Mr"-noun-0,"Mr."-tx-21-"Mr"-noun-0,"Mr."-tx-1-"Mr"-noun-0]|TX|4641/2;3892/2;2783/2;174/2|
00000000|MMI|20.95|Complete Blood Count|C0009555|[lbpr]|["Counts, Complete Blood"-tx-33-"complete blood counts"-noun-0]|TX|3988/21|E01.370.225.500.195.107;E01.370.225.625.107;E05.200.500.195.107;E05.200.625.107;E05.242.195.107;G04.170.107;G09.188.105
00000000|MMI|20.95|Theophylline|C0039771|[bacs,orch,phsu]|["THEOPHYLLINE"-tx-17-"theophylline"-noun-0]|TX|2457/12|D03.132.960.751;D03.438.759.758.824.751
00000000|MMI|20.50|Heart|C0018787|[bpoc]|["coronary"-tx-26-"coronaries"-noun-0,"coronary"-tx-22-"coronary"-noun-0,"coronary"-tx-8-"coronary"-noun-0]|TX|3379/10;2994/8;1156/8|A07.541
00000000|MMI|19.92|Physical Examination|C0031809|[hlca]|["PHYSICAL EXAMINATION"-tx-18-"PHYSICAL EXAMINATION"-noun-0,"Physical"-tx-11-"physical"-noun-0]|TX|2532/20;1901/8|E01.370.600
00000000|MMI|19.38|International Normalized Ratio|C0525032|[lbpr]|["INR"-tx-35-"INR"-noun-0]|TX|4619/3|E01.370.225.625.115.320;E05.200.625.115.320
00000000|MMI|19.24|Nexium|C0939400|[orch,phsu]|["Nexium"-tx-17-"Nexium"-noun-0]|TX|2507/6|D02.886.640.074.500.500;D03.383.725.024.500.500;D03.438.103.034.500.500
00000000|MMI|17.80|Martinique|C0024853|[geoa]|["MB"-tx-6-"MB"-noun-0]|TX|718/2|Z01.107.084.900.600;Z01.639.880.600
00000000|MMI|16.30|Chlorides|C0008203|[inch]|["Chloride, NOS"-tx-35-"chloride"-noun-0]|TX|4494/8|D01.210.450.150;D01.248.497.158.215
00000000|MMI|16.30|Nitroglycerin|C0017887|[orch,phsu]|["nitroglycerine"-tx-17-"nitroglycerin"-noun-0]|TX|2376/13|D02.033.800.421.560;D02.640.636
00000000|MMI|16.25|Creatinine|C0010294|[bacs,orch]|["CREATININE"-tx-35-"creatinine"-noun-0]|TX|4448/10|D03.383.129.308.207
00000000|MMI|16.25|Hematocrit procedure|C0018935|[lbpr]|["Hematocrit"-tx-35-"hematocrit"-noun-0]|TX|4569/10|E01.370.225.625.400;E05.200.625.400;G09.188.370.374
00000000|MMI|16.25|Hemoglobin|C0019046|[aapp,bacs]|["Hemoglobin"-tx-35-"hemoglobin"-noun-0]|TX|4551/10|D12.776.124.400;D12.776.422.316.762
00000000|MMI|16.23|Pulse taking|C0034107|[hlca]|["Pulses"-tx-19-"pulses"-noun-0]|TX|2652/6|E01.370.370.380.650;E01.370.600.650;G09.330.380.750
00000000|MMI|16.22|Hypokinesia|C0086439|[sosy]|["Hypokinesis"-tx-9-"hypokinesis"-noun-0]|TX|1572/11|C10.597.350.400;C23.888.592.350.400
00000000|MMI|16.21|Cardiac Catheterization Procedures|C0018795|[hlca]|["Cardiac catheterisation"-tx-8-"cardiac catheterization"-noun-0]|TX|889/23|E01.370.370.380.140;E02.148.442;E05.157.250
00000000|MMI|16.20|Hospitals, County|C0020005|[hcro]|["Hospital, County"-tx-7-"County Hospital"-noun-0]|TX|745/6,760/8|N02.278.421.510.100
00000000|MMI|16.18|Echocardiography|C0013516|[diap]|["ECHOCARDIOGRAM"-tx-9-"Echocardiogram"-noun-0]|TX|1417/14|E01.370.350.130.750;E01.370.350.850.220;E01.370.370.380.220
00000000|MMI|16.12|Poverty|C0032854|[grpa]|["Poor"-tx-26-"poor"-adj-0]|TX|3416/4|I01.880.735.634;I01.880.853.996.535;N01.824.600
00000000|MMI|16.09|Lipitor|C0593906|[orch,phsu]|["Lipitor"-tx-34-"Lipitor"-noun-0]|TX|4352/7|D03.383.129.578.075;D10.251.450.200
00000000|MMI|16.07|Physical activity|C0026606|[dora]|["Physical Activity"-tx-11-"physical activity"-noun-0]|TX|1901/17|F01.145.632;G11.427.590.530.698
00000000|MMI|16.06|Coronary Artery Bypass Surgery|C0010055|[topp]|["Coronary Artery Bypass Graft"-tx-22-"coronary artery bypass graft"-noun-0]|TX|2864/28|E04.100.376.719.332;E04.100.814.868.750;E04.928.220.520.220
00000000|MMI|16.04|Troponin|C0041199|[aapp,bacs]|["Troponin"-tx-6-"troponin"-noun-0]|TX|677/8|D05.750.078.730.825;D12.776.210.500.910;D12.776.220.525.825
00000000|MMI|14.97|Anterior descending branch of left coronary artery|C0226032|[bpoc]|["Left Anterior Descending Coronary Artery"-tx-22-"left artery anterior descending coronary"-noun-0,"Left Anterior Descending Coronary Artery"-tx-13-"left anterior descending coronary artery"-noun-0,"Left Anterior Descending Coronary Artery"-tx-8-"left anterior descending coronary artery"-noun-0,"Left Anterior Descending Coronary Artery"-tx-7-"left anterior descending coronary artery"-noun-0]|TX|3085/4,3107/6,3122/28;2043/40;1131/40;834/40|
00000000|MMI|14.83|Time (foundation metadata concept)|C3541383|[tmco]|["Time"-tx-33-"time"-noun-0,"Time"-tx-24-"time"-noun-0,"Time"-tx-23-"time"-noun-0]|TX|[3953/4],[4036/4];3211/4;3172/4|
00000000|MMI|14.64|Chronic Obstructive Airway Disease|C0024117|[dsyn]|["CHRONIC OBSTRUCTIVE PULMONARY DISEASE"-tx-14-"chronic obstructive pulmonary disease"-noun-0]|TX|2164/37|C08.381.495.389
00000000|MMI|14.64|Dyslipidemias|C0242339|[dsyn]|["Dyslipidemia"-tx-14-"dyslipidemia"-noun-0]|TX|2145/12|C18.452.584.500
00000000|MMI|14.64|Leukocytes|C0023516|[cell]|["WBC"-tx-35-"WBC"-noun-0]|TX|4537/3|A11.118.637;A15.145.229.637;A15.382.490
00000000|MMI|14.64|Respiratory Sounds|C0035234|[clna]|["Breath sounds"-tx-20-"Breath sounds"-noun-0]|TX|2696/13|C23.888.852.779;E01.370.386.720;G09.772.775
00000000|MMI|14.48|10%|C3842590|[fndg]|["10%"-tx-35-"10"-real_number-0,"10%"-tx-34-"10"-integer-0,"10%"-tx-9-"10"-fraction-0,"10%"-tx-4-"10"-fraction-0]|TX|4562/2;4317/2;1435/2;479/2|
00000000|MMI|13.22|Mitral Valve Insufficiency|C0026266|[patf]|["Insufficiency, Mitral"-tx-9-"mitral insufficiency"-noun-0]|TX|1488/20|C14.280.484.461
00000000|MMI|13.22|Tricuspid Valve Insufficiency|C0040961|[dsyn]|["TRICUSPID INSUFFICIENCY"-tx-9-"tricuspid insufficiency"-noun-0]|TX|1519/23|C14.280.484.856
00000000|MMI|13.14|Sodium|C0037473|[bacs,elii]|["SODIUM"-tx-35-"sodium"-noun-0]|TX|4465/6|D01.268.549.750;D01.268.557.650;D01.552.528.850;D01.552.547.725;x.x.x.x
00000000|MMI|13.10|intensive care unit|C0021708|[hcro,mnob]|["INTENSIVE CARE UNIT"-tx-27-"Intensive Care Unit"-noun-0]|TX|3451/19|N02.278.388.493
00000000|MMI|13.09|Blood Circulation|C0005775|[phsf]|["Circulation"-tx-8-"circulation"-noun-0]|TX|1337/11|G09.330.190.163
00000000|MMI|13.07|Hypoglycemic Agents|C0020616|[phsu]|["Hypoglycemic Medications"-tx-30-"hypoglycemic medications"-noun-0]|TX|3707/24|D27.505.696.422
00000000|MMI|13.07|Operating Room|C0029064|[hcro,mnob]|["OPERATING ROOM"-tx-22-"Operating Room"-noun-0]|TX|2815/14|N02.278.388.700
00000000|MMI|13.06|Home visit (procedure)|C0020043|[hlca]|["home visiting"-tx-31-"home visiting"-noun-0]|TX|3822/4,3832/8|N04.452.758.307
00000000|MMI|13.05|Blood Platelets|C0005821|[cell]|["Platelets"-tx-35-"platelets"-noun-0]|TX|4587/9|A11.118.188;A15.145.229.188
00000000|MMI|13.05|Glucose|C0017725|[bacs,orch,phsu]|["GLUCOSE"-tx-35-"Glucose"-noun-0]|TX|4422/7|D09.546.359.448
00000000|MMI|13.05|Hospitals, General|C0020008|[hcro,mnob]|["Hospital, General"-tx-7-"General Hospital"-noun-0]|TX|752/16|N02.278.421.389
00000000|MMI|13.01|Electromagnetic Radiation|C0034519|[npop]|["Radiation"-tx-3-"radiation"-noun-0]|TX|440/9|G01.358.500.505;G01.750.250
00000000|MMI|12.91|Psychological Transfer|C0040671|[menp]|["TRANSFER"-tx-17-"TRANSFER"-noun-0]|TX|2327/8|F02.463.425.910
00000000|MMI|12.89|Nurses|C0028661|[prog]|["NURSE"-tx-31-"nurse"-noun-0]|TX|3841/5|M01.526.485.650;N02.360.650
00000000|MMI|12.89|Chest|C0817096|[blor]|["CHEST"-tx-6-"chest"-noun-0]|TX|598/5|A01.923.761;A02.835.232.904
00000000|MMI|11.71|Followed by|C0332283|[tmco]|["follows"-tx-35-"follows"-verb-0,"follows"-tx-33-"follows"-verb-0,"Followed by"-tx-30-"followed by"-verb-0]|TX|4413/7;3912/7;3652/11|
00000000|MMI|11.69|Pain NOS Adverse Event|C1962977|[fndg]|["Pain NOS"-tx-34-"pain"-noun-0,"Pain NOS"-tx-5-"pain"-noun-0,"Pain NOS"-tx-3-"pain"-noun-0]|TX|4234/4;500/4;405/4|
00000000|MMI|11.49|Pressure- physical agent|C0033095|[phpr]|["Pressure"-tx-6-"pressure"-verb-0]|TX|604/8|G01.374.715
00000000|MMI|11.28|Stable Disease|C0677946|[fndg]|["Stable condition"-tx-41-"stable condition"-noun-0,"Stable condition"-tx-37-"stable condition"-noun-0,"Stable condition"-tx-27-"stable condition"-noun-0]|TX|4861/16;4684/16;3498/16|
00000000|MMI|11.28|Stable chronic Graft vs Host Disease|C3538874|[fndg]|["Stable condition"-tx-41-"stable condition"-noun-0,"Stable condition"-tx-37-"stable condition"-noun-0,"Stable condition"-tx-27-"stable condition"-noun-0]|TX|4861/16;4684/16;3498/16|
00000000|MMI|10.93|Small|C0700321|[qnco]|["SMALL"-tx-26-"small"-adj-0,"minutes"-tx-24-"minutes"-noun-0,"minutes"-tx-23-"minutes"-noun-0]|TX|3356/5;3224/7;3185/7|
00000000|MMI|10.79|0%|C3842591|[fndg]|["0%"-tx-35-"0"-real_number-0,"0%"-tx-6-"0"-real_number-0]|TX|[4533/1],[4625/1];695/1|
00000000|MMI|10.64|+2|C0740116|[qnco]|["+2"-tx-19-"2"-integer-0,"+2"-tx-1-"2"-fraction-0]|TX|2649/1;[82/1],[111/1]|
00000000|MMI|10.64|2+|C3833492|[fndg]|["2+"-tx-19-"2"-integer-0,"2+"-tx-1-"2"-fraction-0]|TX|2649/1;[82/1],[111/1]|
00000000|MMI|10.64|2+ Score|C2827735|[qnco]|["2+"-tx-19-"2"-integer-0,"2+"-tx-1-"2"-fraction-0]|TX|2649/1;[82/1],[111/1]|
00000000|MMI|10.64|2+ Score, WHO|C2981700|[clas]|["2+"-tx-19-"2"-integer-0,"2+"-tx-1-"2"-fraction-0]|TX|2649/1;[82/1],[111/1]|
00000000|MMI|10.48|50%|C3842586|[fndg]|["50%"-tx-17-"50"-integer-0,"50%"-tx-9-"50"-percentage-0,"50%"-tx-8-"50"-percentage-0]|TX|2347/2;1474/2;1379/2|
00000000|MMI|10.48|<50|C3843766|[fndg]|["<50"-tx-17-"50"-integer-0,"<50"-tx-9-"50"-percentage-0,"<50"-tx-8-"50"-percentage-0]|TX|2347/2;1474/2;1379/2|
00000000|MMI|10.42|Follow|C1719822|[inpr]|["Follow"-tx-35-"follows"-verb-0,"Follow"-tx-33-"follows"-verb-0]|TX|4413/7;3912/7|
00000000|MMI|10.42|Present|C0150312|[qnco]|["Found"-tx-26-"found"-verb-0,"Found"-tx-6-"found"-verb-0]|TX|3342/5;661/5|
00000000|MMI|10.42|Revealed|C0443289|[qlco]|["Revealed"-tx-9-"revealed"-verb-0,"Revealed"-tx-8-"revealed"-verb-0]|TX|1441/8;934/8|
00000000|MMI|10.42|To|C1883351|[qlco]|["To"-tx-26-"to"-adv-0,"To"-tx-6-"to"-adv-0]|TX|3348/2;667/2|
00000000|MMI|10.28|Tracheal Extubation|C0553891|[topp]|["Extubate"-tx-29-"extubated"-verb-0]|TX|3563/9|E02.041.249;E05.008
00000000|MMI|10.28|chemical aspects|C0079107|[ftcn]|["chemistry"-tx-33-"Chemistries"-noun-0]|TX|3921/11|x.x.x
00000000|MMI|10.06|Drug Allergy|C0013182|[dsyn]|["Drug Allergies"-tx-16-"drug allergies"-noun-1]|TX|2296/14|C20.543.206;C25.100.468
00000000|MMI|9.87|Historical aspects qualifier|C0019665|[ftcn]|["history"-tx-11-"history"-noun-0]|TX|1721/7|x.x.x
00000000|MMI|9.87|Hospitals|C0019994|[hcro,mnob]|["HOSPITAL"-tx-6-"hospital"-noun-0]|TX|639/8|N02.278.421
00000000|MMI|9.85|Arteries|C0003842|[bpoc]|["ARTERY"-tx-8-"artery"-noun-0]|TX|1165/6|A07.231.114
00000000|MMI|9.84|Patient Monitoring|C0030695|[hlca]|["monitor"-tx-30-"monitored"-verb-0]|TX|3689/9|E01.370.520
00000000|MMI|9.76|Cardiac Surgery procedures|C0018821|[topp]|["Cardiac surgery"-tx-1-"Cardiac Surgery"-noun-0]|TX|130/15|E04.100.376;E04.928.220
00000000|MMI|9.75|Heart murmur|C0018808|[fndg]|["murmurs"-tx-18-"murmurs"-noun-1]|TX|2600/7|C23.888.447
00000000|MMI|8.34|Hypersensitivity|C0020517|[patf]|["Allergies"-tx-16-"ALLERGIES"-noun-0]|TX|2260/9|C20.543
00000000|MMI|7.70|Normal sinus rhythm|C0232202|[fndg]|["NORMAL SINUS RHYTHM"-tx-31-"normal sinus rhythm"-noun-0,"NORMAL SINUS RHYTHM"-tx-27-"normal sinus rhythm"-noun-0]|TX|3748/19;3474/19|
00000000|MMI|7.70|Aspects of signs|C0220912|[ftcn]|["signs"-tx-12-"Signs"-noun-0,"signs"-tx-11-"signs"-noun-0]|TX|1920/5;1801/5|
00000000|MMI|7.70|Good|C0205170|[qlco]|["Well"-tx-28-"well"-adv-0,"Well"-tx-25-"well"-adv-0]|TX|3550/4;3249/4|
00000000|MMI|7.70|Manufactured sign|C0220913|[mnob]|["signs"-tx-12-"Signs"-noun-0,"signs"-tx-11-"signs"-noun-0]|TX|1920/5;1801/5|
00000000|MMI|7.70|Physical findings|C0311392|[fndg]|["SIGNS"-tx-12-"Signs"-noun-0,"SIGNS"-tx-11-"signs"-noun-0]|TX|1920/5;1801/5|
00000000|MMI|7.70|Well|C3146287|[mnob]|["Well"-tx-28-"well"-adv-0,"Well"-tx-25-"well"-adv-0]|TX|3550/4;3249/4|
00000000|MMI|7.62|Clinical Study Follow-up|C3274571|[hlca]|["FOLLOW-UP"-tx-38-"FOLLOWUP"-noun-0,"FOLLOW-UP"-tx-38-"follow up"-adj-0]|TX|4722/8;4740/9|
00000000|MMI|7.62|Discharge date|C2361123|[tmco]|["Date of discharge"-tx-1-"DATE OF DISCHARGE"-noun-0,"Discharge date"-tx-1-"Discharge Date"-noun-0]|TX|92/17;0/14|
00000000|MMI|7.62|Follow-Up Report|C1704685|[inpr]|["Follow-Up"-tx-38-"FOLLOWUP"-noun-0,"Follow-Up"-tx-38-"follow up"-adj-0]|TX|4722/8;4740/9|
00000000|MMI|7.62|Follow-up status|C0589120|[fndg]|["Follow-up"-tx-38-"FOLLOWUP"-noun-0,"Follow-up"-tx-38-"follow up"-adj-0]|TX|4722/8;4740/9|
00000000|MMI|7.62|follow-up|C1522577|[hlca]|["Follow Up"-tx-38-"follow up"-adj-0,"Followup"-tx-38-"FOLLOWUP"-noun-0]|TX|4740/9;4722/8|
00000000|MMI|7.40|Aspirin 325 MG|C0992015|[clnd]|["Aspirin 325 MG"-tx-34-"aspirin 325 mg"-noun-0,"Aspirin 325 MG"-tx-17-"aspirin 325 mg"-noun-0]|TX|4080/14;2407/14|
00000000|MMI|7.40|Minute (diminutive)|C1282918|[qnco]|["minutes"-tx-24-"minutes"-noun-0,"minutes"-tx-23-"minutes"-noun-0]|TX|3224/7;3185/7|
00000000|MMI|7.40|Minute Unit of Plane Angle|C2347166|[qnco]|["Minute"-tx-24-"minutes"-noun-0,"Minute"-tx-23-"minutes"-noun-0]|TX|3224/7;3185/7|
00000000|MMI|7.40|Minute of time|C0439232|[tmco]|["minutes"-tx-24-"minutes"-noun-0,"minutes"-tx-23-"minutes"-noun-0]|TX|3224/7;3185/7|
00000000|MMI|7.40|Per Minute|C0702093|[tmco]|["/minute"-tx-24-"minutes"-noun-0,"/minute"-tx-23-"minutes"-noun-0]|TX|3224/7;3185/7|
00000000|MMI|7.40|Rate|C1521828|[qnco]|["Rate"-tx-31-"rate"-adj-0,"Rate"-tx-18-"rate"-noun-0]|TX|3784/4;2576/4|
00000000|MMI|7.40|Rating (action)|C0871208|[acty]|["Rate"-tx-31-"rate"-adj-0,"Rate"-tx-18-"rate"-noun-0]|TX|3784/4;2576/4|
00000000|MMI|7.33|Attending (action)|C1999232|[ftcn]|["attending"-tx-42-"Attending"-noun-0,"attending"-tx-1-"ATTENDING"-noun-0]|TX|4972/9;25/9|
00000000|MMI|7.33|Attending (provider role)|C1547429|[prog]|["Attending"-tx-42-"Attending"-noun-0,"Attending"-tx-1-"ATTENDING"-noun-0]|TX|4972/9;25/9|
00000000|MMI|7.29|History of present illness|C0262512|[orga]|["History, NOS"-tx-11-"history"-noun-0,"HISTORY OF PRESENT ILLNESS"-tx-1-"HISTORY OF PRESENT ILLNESS"-noun-0]|TX|1721/7;146/26|
00000000|MMI|7.29|Left anterior descending artery stenosis|C3267165|[dsyn]|["Left anterior descending Coronary Stenosis"-tx-8-"left anterior descending coronary stenosis"-noun-0,"Left anterior descending artery stenosis"-tx-8-"left anterior descending artery stenosis"-noun-0]|TX|1131/33,1187/8;1131/24,1165/6,1187/8|
00000000|MMI|7.29|+5|C0728893|[qnco]|["+5"-tx-42-"5"-fraction-0,"+5"-tx-22-"5"-fraction-0]|TX|5045/1;2833/1|
00000000|MMI|7.29|>5|C0439084|[qnco]|[">5"-tx-42-"5"-fraction-0,">5"-tx-22-"5"-fraction-0]|TX|5045/1;2833/1|
00000000|MMI|7.27|Laboratory test finding|C0587081|[fndg]|["Labs"-tx-35-"Labs"-noun-0,"Labs"-tx-32-"LABS"-noun-0]|TX|4387/4;3882/4|
00000000|MMI|7.26|Bypass|C0741847|[topp]|["Bypass"-tx-25-"bypass"-noun-0,"Bypass"-tx-23-"bypass"-noun-0]|TX|3282/6;3165/6|
00000000|MMI|7.22|Potassium Drug Class|C3714637|[phsu]|["POTASSIUM"-tx-35-"potassium"-noun-0,"POTASSIUM"-tx-33-"potassium"-noun-0]|TX|4478/9;3969/9|
00000000|MMI|7.22|Potassium Ion|C0597277|[elii,phsu]|["Potassium"-tx-35-"potassium"-noun-0,"Potassium"-tx-33-"potassium"-noun-0]|TX|4478/9;3969/9|
00000000|MMI|7.22|Potassium measurement|C0202194|[lbpr]|["Potassium+"-tx-35-"potassium"-noun-0,"Potassium+"-tx-33-"potassium"-noun-0]|TX|4478/9;3969/9|
00000000|MMI|7.22|Potassium supplement|C0304475|[inch,phsu]|["POTASSIUM"-tx-35-"potassium"-noun-0,"POTASSIUM"-tx-33-"potassium"-noun-0]|TX|4478/9;3969/9|
00000000|MMI|7.17|Hospital admission|C0184666|[hlca]|["admitted"-tx-7-"admitted"-verb-0,"admitted hospital"-tx-7-"admitted Hospital"-noun-0]|TX|729/8;729/8,760/8|
00000000|MMI|7.15|Brought on by|C0332302|[ftcn]|["brought"-tx-27-"brought"-verb-0,"brought"-tx-22-"brought"-verb-0]|TX|3437/7;2800/7|
00000000|MMI|7.14|Limitation|C0449295|[ftcn]|["Limitation"-tx-11-"limitation"-noun-0]|TX|[1760/10],[1887/10]|
00000000|MMI|7.14|Electrocardiogram: myocardial infarction (finding)|C0428953|[lbtr]|["MYOCARDIAL INFARCTION"-tx-11-"myocardial infarction"-noun-0,"MYOCARDIAL INFARCTION"-tx-10-"myocardial infarction"-noun-0]|TX|1689/21;1645/21|
00000000|MMI|7.14|Myocardial Infarction ECG Assessment|C3810814|[diap]|["Myocardial Infarction"-tx-11-"myocardial infarction"-noun-0,"Myocardial Infarction"-tx-10-"myocardial infarction"-noun-0]|TX|1689/21;1645/21|
00000000|MMI|7.14|Myocardial infarction:Finding:Point in time:^Patient:Ordinal|C2926063|[clna]|["Myocardial infarction"-tx-11-"myocardial infarction"-noun-0,"Myocardial infarction"-tx-10-"myocardial infarction"-noun-0]|TX|1689/21;1645/21|
00000000|MMI|7.13|Science of Chemistry|C0007996|[ocdi]|["Chemistry"-tx-33-"Chemistries"-noun-0]|TX|3921/11|H01.181
00000000|MMI|7.12|Body Fluid Discharge|C0012621|[bdsu]|["Discharge"-tx-32-"DISCHARGE"-noun-0,"Discharge"-tx-31-"discharge"-noun-0]|TX|3872/9;3809/9|
00000000|MMI|7.12|Discharge, body substance|C2926602|[bdsu]|["Discharge"-tx-32-"DISCHARGE"-noun-0,"Discharge"-tx-31-"discharge"-noun-0]|TX|3872/9;3809/9|
00000000|MMI|7.11|Delayed Release Dosage Form|C1707664|[bodm]|["DR"-tx-39-"Dr"-noun-0,"DR"-tx-38-"Dr"-noun-0]|TX|4810/2;4755/2|
00000000|MMI|7.11|Device to Subject Relationship Domain|C3540849|[inpr]|["DR"-tx-39-"Dr"-noun-0,"DR"-tx-38-"Dr"-noun-0]|TX|4810/2;4755/2|
00000000|MMI|7.11|Doctor - Title|C2348314|[cnce]|["Dr."-tx-39-"Dr"-noun-0,"Dr."-tx-38-"Dr"-noun-0]|TX|4810/2;4755/2|
00000000|MMI|7.10|Medical History|C0262926|[fndg]|["History"-tx-11-"history"-noun-0,"Past Medical History"-tx-10-"PAST MEDICAL HISTORY"-noun-0]|TX|1721/7;1585/20|
00000000|MMI|7.08|Plavix|C0633084|[orch,phsu]|["Plavix"-tx-34-"Plavix"-noun-0,"Plavix"-tx-26-"Plavix"-noun-0]|TX|4241/6;3405/6|
00000000|MMI|7.08|Recent|C0332185|[tmco]|["Recent"-tx-13-"recent"-adj-0,"Recent"-tx-11-"recent"-adj-0]|TX|2013/6;1794/6|
00000000|MMI|7.04|Saphenous vein graft|C0729538|[bpoc]|["SAPHENOUS VEIN GRAFT"-tx-22-"graft saphenous vein"-noun-0,"SAPHENOUS VEIN GRAFT"-tx-22-"saphenous vein graft"-noun-0]|TX|2887/5,2914/14;3014/20|
00000000|MMI|7.03|Evening|C0587117|[tmco]|["Evening"-tx-34-"evening"-noun-0]|TX|[4338/7],[4378/7]|
00000000|MMI|7.01|Event Seriousness - Significant|C1546944|[qlco]|["Significant"-tx-10-"Significant"-adj-0,"Significant"-tx-2-"significant"-adj-0]|TX|1629/11;219/11|
00000000|MMI|7.01|Significant|C0750502|[idcn]|["Significant"-tx-10-"Significant"-adj-0,"Significant"-tx-2-"significant"-adj-0]|TX|1629/11;219/11|
00000000|MMI|7.01|Statistical Significance|C0237881|[qnco]|["significant"-tx-10-"Significant"-adj-0,"significant"-tx-2-"significant"-adj-0]|TX|1629/11;219/11|
00000000|MMI|6.99|% of total|C0439175|[qnco]|["% total"-tx-24-"Total"-adj-0,"% total"-tx-23-"Total"-adj-0]|TX|3194/5;3159/5|
00000000|MMI|6.99|Total|C0439810|[qlco]|["Total"-tx-24-"Total"-adj-0,"Total"-tx-23-"Total"-adj-0]|TX|3194/5;3159/5|
00000000|MMI|6.99|Canadian Cardiovascular Society Grading Scale Class II|C2698968|[fndg]|["Class II"-tx-11-"class II"-noun-0,"Class II Angina"-tx-11-"class II angina"-noun-0]|TX|1852/8;1732/15|
00000000|MMI|6.97|Twice (Numerical Qualifier)|C1948050|[qnco]|["Twice"-tx-34-"twice"-adv-0]|TX|[4153/5],[4288/5]|
00000000|MMI|6.97|Twice - dosing instruction fragment|C1720725|[inpr]|["Twice"-tx-34-"twice"-adv-0]|TX|[4153/5],[4288/5]|
00000000|MMI|6.95|Posterior interventricular branch of right coronary artery|C0226047|[bpoc]|["Posterior descending coronary artery"-tx-22-"posterior descending coronary artery"-noun-0,"Posterior descending artery"-tx-8-"posterior descending artery"-noun-0]|TX|3042/36;1351/27|
00000000|MMI|6.95|Coating (film)|C1522408|[qlco]|["Coated"-tx-34-"coated"-adj-0,"Coated"-tx-17-"coated"-adj-0]|TX|4073/6;2400/6|
00000000|MMI|6.95|Enteral|C1304890|[spco]|["Enteric"-tx-34-"Enteric"-adj-0,"Enteric"-tx-17-"enteric"-adj-0]|TX|4065/7;2392/7|
00000000|MMI|6.93|Minimal activity|C3845260|[fndg]|["Slight activity"-tx-11-"slight activity"-noun-0]|TX|[1753/6,1783/8],[1880/6,1910/8]|
00000000|MMI|6.90|week|C0439230|[tmco]|["WEEK"-tx-40-"week"-noun-0,"WEEKS"-tx-39-"weeks"-noun-0]|TX|4835/4;4783/5|
00000000|MMI|6.88|90%|C3842582|[fndg]|["90%"-tx-8-"90"-percentage-0]|TX|[1097/2],[1403/2]|
00000000|MMI|6.88|<90|C0439087|[qnco]|["<90"-tx-8-"90"-percentage-0]|TX|[1097/2],[1403/2]|
00000000|MMI|6.88|>90|C0439083|[qnco]|[">90"-tx-8-"90"-percentage-0]|TX|[1097/2],[1403/2]|
00000000|MMI|6.80|Ostium|C0444567|[bsoj]|["Ostium"-tx-8-"ostial"-adj-0]|TX|[1090/6],[1237/6]|
00000000|MMI|6.71|History|C0019664|[ocdi]|["History"-tx-11-"history"-noun-0]|TX|1721/7|K01.400
00000000|MMI|6.71|Radiation|C0851346|[npop]|["Radiation"-tx-3-"radiation"-noun-0]|TX|440/9|G01.750
00000000|MMI|6.71|Therapeutic radiology procedure|C1522449|[topp]|["RADIATION"-tx-3-"radiation"-noun-0]|TX|440/9|E02.815
00000000|MMI|6.60|Nature|C0349590|[idcn]|["Nature"-tx-3-"nature"-noun-0]|TX|428/6|K01.637
00000000|MMI|5.18|Breath sounds:Finding:Point in time:^Patient:Ordinal|C3484186|[clna]|["Breath sounds"-tx-20-"Breath sounds"-noun-0]|TX|2696/13|
00000000|MMI|5.18|Chronic obstructive pulmonary disease of horses|C3714496|[dsyn]|["Heaves"-tx-18-"heaves"-noun-1]|TX|2620/6|
00000000|MMI|5.18|Clear|C2963144|[qlco]|["Clear"-tx-20-"clear"-verb-0]|TX|2714/5|
00000000|MMI|5.18|Discharge date:Time Stamp -- Date and Time:Point in time:^Patient:Quantitative|C2361122|[clna]|["Discharge date"-tx-1-"Discharge Date"-noun-0]|TX|0/14|
00000000|MMI|5.18|Disposition|C0743223|[idcn]|["Disposition"-tx-36-"DISPOSITION"-noun-0]|TX|4628/11|
00000000|MMI|5.18|Disposition Domain|C1705555|[inpr]|["Disposition"-tx-36-"DISPOSITION"-noun-0]|TX|4628/11|
00000000|MMI|5.18|Examination of heart|C0562319|[hlca]|["Cardiac exam"-tx-18-"Cardiac exam"-noun-0]|TX|2554/12|
00000000|MMI|5.18|Geographic state|C1301808|[geoa]|["stated"-tx-3-"stated"-verb-0]|TX|389/6|
00000000|MMI|5.18|H/O: hypertension|C0455527|[fndg]|["History of - hypertension"-tx-14-"History of hypertension"-noun-0]|TX|2119/23|
00000000|MMI|5.18|Hospital course|C0489547|[fndg]|["Hospital course"-tx-21-"HOSPITAL COURSE"-noun-0]|TX|2766/15|
00000000|MMI|5.18|Hospital course:Finding:Point in time:^Patient:Narrative|C0488549|[clna]|["Hospital course"-tx-21-"HOSPITAL COURSE"-noun-0]|TX|2766/15|
00000000|MMI|5.18|Incident|C1551358|[idcn]|["Incident"-tx-25-"incident"-noun-0]|TX|3297/8|
00000000|MMI|5.18|Intravenous heparin|C0354566|[orch,phsu]|["Intravenous heparin"-tx-17-"intravenous heparin"-noun-0]|TX|2435/19|
00000000|MMI|5.18|Medication.discharge|C0806915|[fndg]|["Discharge medications"-tx-34-"DISCHARGE MEDICATIONS"-noun-0]|TX|4042/21|
00000000|MMI|5.18|Negative Surgical Margin|C1709157|[fndg]|["Clear"-tx-20-"clear"-verb-0]|TX|2714/5|
00000000|MMI|5.18|Percent in White Blood Count Differential|C1882326|[qnco]|["% WBC"-tx-35-"WBC"-noun-0]|TX|4537/3|
00000000|MMI|5.18|Peripheral Blood Vessel|C0150936|[bpoc]|["Peripheral Vascular"-tx-19-"Peripheral vascular"-adj-0]|TX|2628/19|
00000000|MMI|5.18|Peripheral vessels|C0947487|[bpoc]|["Peripheral Vascular"-tx-19-"Peripheral vascular"-adj-0]|TX|2628/19|
00000000|MMI|5.18|Pressure (finding)|C0460139|[fndg]|["Pressure"-tx-6-"pressure"-verb-0]|TX|604/8|
00000000|MMI|5.18|Pressure - action|C1306345|[ftcn]|["Pressure"-tx-6-"pressure"-verb-0]|TX|604/8|
00000000|MMI|5.18|Ramus Intermedius Artery|C3538818|[bpoc]|["RAMUS"-tx-22-"ramus"-noun-0]|TX|2953/5|
00000000|MMI|5.18|Resolution|C2699488|[cnce]|["Resolved"-tx-5-"resolved"-verb-0]|TX|505/8|
00000000|MMI|5.18|Resolved|C3714811|[fndg]|["Resolved"-tx-5-"resolved"-verb-0]|TX|505/8|
00000000|MMI|5.18|Resolved License|C3897700|[ftcn]|["Resolved"-tx-5-"resolved"-verb-0]|TX|505/8|
00000000|MMI|5.18|Rubs|C3842105|[fndg]|["Rubs"-tx-18-"rubs"-verb-1]|TX|2610/4|
00000000|MMI|5.18|Specimen Source Codes - Respiratory|C1546767|[inpr]|["Respiratory"-tx-20-"Respiratory"-adj-0]|TX|2683/11|
00000000|MMI|5.18|State|C1442792|[ftcn]|["Stated"-tx-3-"stated"-verb-0]|TX|389/6|
00000000|MMI|5.18|Then|C1883708|[tmco]|["Then"-tx-22-"then"-adv-0]|TX|2963/4|
00000000|MMI|5.18|physiologic resolution|C1514893|[patf]|["Resolved"-tx-5-"resolved"-verb-0]|TX|505/8|
00000000|MMI|5.18|respiratory|C0521346|[ftcn]|["RESPIRATORY"-tx-20-"Respiratory"-adj-0]|TX|2683/11|
00000000|MMI|4.19|Discharge to home|C0184713|[topp]|["Discharge to home"-tx-37-"discharged to home"-noun-0]|TX|4662/18|
00000000|MMI|3.98|Chemical procedure|C0201682|[lbpr]|["Chemistry"-tx-33-"Chemistries"-noun-0]|TX|3921/11|
00000000|MMI|3.98|Make - Instruction Imperative|C1881534|[ftcn]|["Make"-tx-6-"made"-adj-0]|TX|618/4|
00000000|MMI|3.84|First Obtuse Marginal Branch Artery|C3640679|[bpoc]|["First Obtuse marginal artery"-tx-22-"first obtuse marginal artery"-noun-0]|TX|2972/21,3003/6|
00000000|MMI|3.81|Glipizide 10 MG|C0992363|[clnd]|["Glipizide 10 MG"-tx-34-"glipizide 10 mg"-noun-0]|TX|4137/15|
00000000|MMI|3.81|Old myocardial infarction|C0155668|[dsyn]|["previous Heart attack"-tx-7-"previous heart attack"-noun-0]|TX|780/21|
00000000|MMI|3.81|Oxycodone 10 MG|C1126285|[clnd]|["Oxycodone 10 MG"-tx-34-"oxycodone 10 mg"-noun-0]|TX|4195/9,4207/5|
00000000|MMI|3.81|Simvastatin 40 MG|C0989916|[clnd]|["Simvastatin 40 MG"-tx-17-"simvastatin 40 mg"-noun-0]|TX|2472/17|
00000000|MMI|3.75|Day 2|C3842676|[fndg]|["Day 2"-tx-29-"day 2"-noun-0]|TX|3628/3,3633/1|
00000000|MMI|3.75|Day 6|C3842673|[fndg]|["Day 6"-tx-31-"day 6"-noun-0]|TX|3864/3,3869/1|
00000000|MMI|3.75|Symptomatic congestive heart failure|C0742758|[dsyn]|["congestive Heart failure symptoms"-tx-12-"symptoms congestive heart failure"-noun-0]|TX|1930/8,1942/24|
00000000|MMI|3.73|Transfer to stepdown unit|C3165163|[hlca]|["Transfer to stepdown unit"-tx-29-"transferred to Step-Down Unit"-noun-0]|TX|3577/14,3596/14|
00000000|MMI|3.72|History of present illness:Finding:Point in time:^Patient:Nominal:Reported|C0488508|[clna]|["History of present illness"-tx-1-"HISTORY OF PRESENT ILLNESS"-noun-0]|TX|146/26|
00000000|MMI|3.68|Chloride Ion|C0596019|[elii]|["CHLORIDE"-tx-35-"chloride"-noun-0]|TX|4494/8|
00000000|MMI|3.68|Control function|C2587213|[ftcn]|["Controlled"-tx-31-"controlled"-adj-0]|TX|3773/10|
00000000|MMI|3.68|Disease Controlled|C2911690|[fndg]|["Controlled"-tx-31-"controlled"-adj-0]|TX|3773/10|
00000000|MMI|3.68|Document type|C1547673|[inpr]|["Document"-tx-42-"document"-noun-0]|TX|4910/8|
00000000|MMI|3.68|Documents|C1301746|[inpr]|["document"-tx-42-"document"-noun-0]|TX|4910/8|
00000000|MMI|3.68|Glonoine, nitroglycerine, Homeopathic preparation|C0885378|[orch,phsu]|["nitroglycerine"-tx-17-"nitroglycerin"-noun-0]|TX|2376/13|
00000000|MMI|3.68|Sodium Cation|C0597484|[elii]|["Sodium+"-tx-35-"sodium"-noun-0]|TX|4465/6|
00000000|MMI|3.68|Sodium Drug Class|C3714642|[phsu]|["SODIUM"-tx-35-"sodium"-noun-0]|TX|4465/6|
00000000|MMI|3.68|Sodium supplements|C3541959|[phsu]|["Sodium"-tx-35-"sodium"-noun-0]|TX|4465/6|
00000000|MMI|3.68|H/O: heart failure|C0455531|[fndg]|["History of - heart failure"-tx-11-"history of heart failure"-noun-0]|TX|1841/10,1861/13|
00000000|MMI|3.65|Proximal Circumflex Artery|C3640701|[bpoc]|["Proximal Left circumflex coronary artery"-tx-8-"left circumflex coronary artery proximal"-noun-0]|TX|997/31,1036/8|
00000000|MMI|3.64|Room type - Intensive care unit|C1549475|[idcn]|["Intensive care unit"-tx-27-"Intensive Care Unit"-noun-0]|TX|3451/19|
00000000|MMI|3.64|dictated - DocumentCompletion|C1609990|[idcn]|["Dictated"-tx-42-"Dictated"-verb-0]|TX|4938/8|
00000000|MMI|3.64|dictated - ParticipationMode|C1548384|[ftcn]|["dictated"-tx-42-"Dictated"-verb-0]|TX|4938/8|
00000000|MMI|3.63|1+|C3816745|[fndg]|["1+"-tx-10-"1"-fraction-0]|TX|1670/1|
00000000|MMI|3.63|1+ Score|C2827734|[qnco]|["1+"-tx-10-"1"-fraction-0]|TX|1670/1|
00000000|MMI|3.63|1+ Score, WHO|C2981698|[clas]|["1+"-tx-10-"1"-fraction-0]|TX|1670/1|
00000000|MMI|3.63|Circulatory Process|C1516559|[orgf]|["Circulation"-tx-8-"circulation"-noun-0]|TX|1337/11|
00000000|MMI|3.63|Creatinine finding|C1561535|[fndg]|["Creatinine"-tx-35-"creatinine"-noun-0]|TX|4448/10|
00000000|MMI|3.63|Hematocrit level|C0518014|[fndg]|["Hematocrit"-tx-35-"hematocrit"-noun-0]|TX|4569/10|
00000000|MMI|3.63|Target|C1521840|[ftcn]|["Target"-tx-26-"targets"-noun-0]|TX|3421/7|
00000000|MMI|3.63|Target Lesion Identification|C2986546|[diap]|["TARGET"-tx-26-"targets"-noun-0]|TX|3421/7|
00000000|MMI|3.63|Left Main Coronary Artery Stenosis|C2062905|[dsyn]|["Left Main Coronary Artery Stenosis"-tx-8-"left main coronary artery stenosis"-noun-0]|TX|945/25,986/8|
00000000|MMI|3.62|post operative (finding)|C0241311|[fndg]|["Status post Surgery"-tx-15-"status post surgery"-noun-0]|TX|2209/11,2232/7|
00000000|MMI|3.62|angina symptom|C0858277|[sosy]|["angina symptoms"-tx-11-"symptoms angina"-noun-0]|TX|1811/8,1832/6|
00000000|MMI|3.62|Structure of first diagonal branch of anterior descending branch of left coronary artery|C0524430|[bpoc]|["First diagonal coronary artery"-tx-8-"first diagonal coronary artery"-noun-0]|TX|1198/30|
00000000|MMI|3.62|Structure of second diagonal branch of anterior descending branch of left coronary artery|C0524431|[bpoc]|["Second diagonal coronary artery"-tx-8-"second diagonal coronary artery"-noun-0]|TX|1259/31|
00000000|MMI|3.62|Date of admission|C1302393|[tmco]|["Date of admission"-tx-1-"DATE OF ADMISSION"-noun-0]|TX|63/17|
00000000|MMI|3.61|ActInformationPrivacyReason <service>|C3245478|[idcn]|["service"-tx-1-"SERVICE"-noun-0]|TX|121/7|
00000000|MMI|3.61|Integrated Neuromusculoskeletal Release|C1704538|[topp]|["INR"-tx-35-"INR"-noun-0]|TX|4619/3|
00000000|MMI|3.61|Pharmacogenomics Trial Characteristics Domain|C3714755|[inpr]|["PT"-tx-35-"PT"-noun-0]|TX|4616/2|
00000000|MMI|3.61|Physical therapy (field)|C0699718|[bmod]|["PT"-tx-35-"PT"-noun-0]|TX|4616/2|
00000000|MMI|3.61|Physiologic pulse|C0391850|[phsf]|["PULSES"-tx-19-"pulses"-noun-0]|TX|2652/6|
00000000|MMI|3.61|Services|C0557854|[ocac]|["Service"-tx-1-"SERVICE"-noun-0]|TX|121/7|
00000000|MMI|3.61|Software Service|C2825316|[mnob]|["Service"-tx-1-"SERVICE"-noun-0]|TX|121/7|
00000000|MMI|3.61|Unit|C0439148|[qnco]|["UNITS"-tx-34-"units"-noun-0]|TX|4320/5|
00000000|MMI|3.61|Unit - NCI Thesaurus Property|C3853603|[ftcn]|["Units"-tx-34-"units"-noun-0]|TX|4320/5|
00000000|MMI|3.61|Unit of Measure|C1519795|[qnco]|["Units"-tx-34-"units"-noun-0]|TX|4320/5|
00000000|MMI|3.61|3-4|C3840617|[fndg]|["3-4"-tx-4-"3-4"-fraction-0]|TX|475/3|
00000000|MMI|3.61|3/4|C0442757|[fndg]|["3 4"-tx-4-"3-4"-fraction-0]|TX|475/3|
00000000|MMI|3.61|Diabetes mellitus service|C2919778|[hcro]|["Diabetes service"-tx-30-"Diabetes Service"-noun-0]|TX|3668/16|
00000000|MMI|3.61|Fraction of|C1264633|[qnco]|["Fraction of"-tx-9-"fraction of"-noun-0]|TX|1462/11|
00000000|MMI|3.61|Patient location type - Operating Room|C1578465|[spco]|["Operating Room"-tx-22-"Operating Room"-noun-0]|TX|2815/14|
00000000|MMI|3.60|Evaluation and management of patient at home|C0199358|[hlca]|["home visiting"-tx-31-"home visiting"-noun-0]|TX|3822/4,3832/8|
00000000|MMI|3.60|Postpartum home visit|C0695714|[topp]|["home visiting"-tx-31-"home visiting"-noun-0]|TX|3822/4,3832/8|
00000000|MMI|3.59|Cleared by|C0521097|[ftcn]|["cleared"-tx-31-"cleared"-verb-0]|TX|3797/7|
00000000|MMI|3.59|Entire right knee|C1279571|[bpoc]|["Right knee"-tx-15-"right knee"-noun-0]|TX|2221/10|
00000000|MMI|3.59|Excision of joint|C0185244|[topp]|["Arthrectomy"-tx-13-"arthrectomy"-noun-0]|TX|2098/11|
00000000|MMI|3.59|Medications:-:Point in time:^Patient:-|C2598133|[clna]|["Medications"-tx-17-"MEDICATIONS"-noun-0]|TX|2312/11|
00000000|MMI|3.59|Medications:Presence or Identity:Duration of the study:^Patient:Nominal|C0802604|[clna]|["Medications"-tx-17-"MEDICATIONS"-noun-0]|TX|2312/11|
00000000|MMI|3.59|Pharmaceutical Preparations|C0013227|[phsu]|["Medications"-tx-17-"MEDICATIONS"-noun-0]|TX|2312/11|D26
00000000|MMI|3.59|Platelets Adverse Event|C1963076|[fndg]|["Platelets"-tx-35-"platelets"-noun-0]|TX|4587/9|
00000000|MMI|3.59|Structure of right knee|C0230431|[bpoc]|["Right knee"-tx-15-"right knee"-noun-0]|TX|2221/10|
00000000|MMI|3.59|cobaltous cation|C2347816|[elii,phsu]|["Co2+"-tx-35-"CO2"-noun-0]|TX|4509/3|
00000000|MMI|3.59|put - instruction imperative|C1882509|[acty]|["Put"-tx-26-"put"-verb-0]|TX|3398/3|
00000000|MMI|3.58|2 Days|C1442455|[tmco]|["2 Days"-tx-2-"2 days"-noun-0]|TX|354/6|
00000000|MMI|3.58|Chest pressure|C0438716|[sosy]|["Chest pressure"-tx-2-"chest pressure"-noun-0]|TX|335/14|
00000000|MMI|3.58|Episode of|C0332189|[tmco]|["Episode of"-tx-6-"episode of"-noun-0]|TX|576/10|
00000000|MMI|3.57|Structure of internal thoracic artery|C0226276|[bpoc]|["INTERNAL MAMMARY ARTERY"-tx-22-"internal mammary artery"-noun-0]|TX|3090/23|
00000000|MMI|3.57|Captopril 6.25 MG|C1127135|[clnd]|["Captopril 6.25 MG"-tx-34-"captopril 6.25 mg"-noun-0]|TX|4108/17|
00000000|MMI|3.57|Echocardiogram (image)|C2243117|[inpr]|["Echocardiogram"-tx-9-"Echocardiogram"-noun-0]|TX|1417/14|
00000000|MMI|3.57|Rhythm|C0871269|[fndg]|["Rhythm"-tx-18-"rhythm"-noun-1]|TX|2585/6|
00000000|MMI|3.57|Rhythm Not Otherwise Specified ECG Assessment|C3828331|[inpr]|["Rhythm Not Otherwise Specified"-tx-18-"rhythm"-noun-0]|TX|2585/6|
00000000|MMI|3.57|Symptoms|C1457887|[sosy]|["SYMPTOMS"-tx-11-"symptoms"-noun-0]|TX|1811/8|
00000000|MMI|3.57|Symptoms aspect|C0683368|[ftcn]|["symptoms"-tx-11-"symptoms"-noun-0]|TX|1811/8|
00000000|MMI|3.57|rhythmic process (biological)|C1523018|[phsf]|["rhythm"-tx-18-"rhythm"-noun-1]|TX|2585/6|
00000000|MMI|3.56|Concept History|C1705255|[cnce]|["History"-tx-11-"history"-noun-0]|TX|1721/7|
00000000|MMI|3.56|Ejection as a Circumstance of Injury|C0302131|[phpr]|["Ejection"-tx-9-"ejection"-noun-0]|TX|1453/8|
00000000|MMI|3.56|Ejection as a Sports activity|C0336969|[dora]|["Ejection"-tx-9-"ejection"-noun-0]|TX|1453/8|
00000000|MMI|3.56|Ejection time|C0812388|[orga]|["ejection"-tx-9-"ejection"-noun-0]|TX|1453/8|
00000000|MMI|3.56|History of previous events|C2004062|[fndg]|["History"-tx-11-"history"-noun-0]|TX|1721/7|
00000000|MMI|3.56|Home environment|C0442519|[cnce]|["HOME"-tx-31-"home"-noun-0]|TX|3822/4|
00000000|MMI|3.56|Hospital environment|C1510665|[qlco]|["Hospital"-tx-6-"hospital"-noun-0]|TX|639/8|
00000000|MMI|3.56|Placement of stent|C0522776|[topp]|["Placement of stent"-tx-13-"stent placement of"-noun-0]|TX|2020/18|
00000000|MMI|3.56|With intensity|C0522510|[qlco]|["Intensity"-tx-4-"intensity"-noun-0]|TX|485/9|
00000000|MMI|3.55|Admission activity|C0809949|[hlca]|["Admitted"-tx-7-"admitted"-verb-0]|TX|729/8|
00000000|MMI|3.55|Disease classification level|C0456079|[clas]|["Level"-tx-6-"level"-noun-0]|TX|686/5|
00000000|MMI|3.55|Floor - story of building|C1547707|[geoa]|["Level"-tx-6-"level"-noun-0]|TX|686/5|
00000000|MMI|3.55|General medical service|C3812897|[hlca]|["General"-tx-7-"General"-noun-0]|TX|752/7|
00000000|MMI|3.55|Generalized|C0205246|[spco]|["General"-tx-7-"General"-noun-0]|TX|752/7|
00000000|MMI|3.55|Level|C2946261|[phsu]|["Level"-tx-6-"level"-noun-0]|TX|686/5|
00000000|MMI|3.55|Levels (qualifier value)|C0441889|[qlco]|["Level"-tx-6-"level"-noun-0]|TX|686/5|
00000000|MMI|3.55|Radiation Ionizing Radiotherapy|C1524020|[topp]|["Radiation"-tx-3-"radiation"-noun-0]|TX|440/9|
00000000|MMI|3.55|Radiotherapy Research|C1524021|[resa]|["Radiation"-tx-3-"radiation"-noun-0]|TX|440/9|
00000000|MMI|3.55|Safety Reporting Documentation|C3891294|[inpr]|["General"-tx-7-"General"-noun-0]|TX|752/7|
00000000|MMI|3.55|Unit of radiation dose|C0560559|[qnco]|["Radiation"-tx-3-"radiation"-noun-0]|TX|440/9|
00000000|MMI|3.55|county|C0079170|[geoa]|["County"-tx-7-"County"-noun-0]|TX|745/6|
00000000|MMI|3.55|Chief complaint (finding)|C0277786|[fndg]|["complaints"-tx-2-"complaints"-noun-0]|TX|310/10|
00000000|MMI|3.55|Post|C0687676|[tmco]|["Status Post"-tx-13-"status post"-prep-0]|TX|1999/11|
00000000|MMI|3.55|Presentation|C0449450|[idcn]|["Presented"-tx-2-"presented"-verb-0]|TX|295/9|
00000000|MMI|3.55|Status post|C0231290|[tmco]|["Status post"-tx-13-"status post"-prep-0]|TX|1999/11|
00000000|MMI|3.54|Done (qualifier value)|C1272695|[qlco]|["Done"-tx-7-"done"-aux-0]|TX|822/4|
00000000|MMI|3.54|Marginal|C0205284|[spco]|["Marginal"-tx-8-"marginal"-adj-0]|TX|1073/8|
00000000|MMI|3.54|Marginal (quality)|C1947914|[qlco]|["Marginal"-tx-8-"marginal"-adj-0]|TX|1073/8|
00000000|MMI|3.54|Target Awareness - marginal|C1550517|[fndg]|["marginal"-tx-8-"marginal"-adj-0]|TX|1073/8|
00000000|MMI|3.54|Arterial system|C0226004|[bdsy]|["artery"-tx-8-"artery"-noun-0]|TX|1165/6|
00000000|MMI|3.54|Entire left margin of heart|C1305142|[blor]|["Obtuse margin"-tx-8-"obtuse marginal"-adj-0]|TX|1066/15|
00000000|MMI|3.53|Coronary Artery Right Dominance|C3275073|[fndg]|["RIGHT DOMINANT"-tx-8-"right dominant"-adj-0]|TX|1322/14|
00000000|MMI|3.53|Biomedical Monitors|C0181904|[medd]|["Monitor"-tx-30-"monitored"-verb-0]|TX|3689/9|
00000000|MMI|3.53|Monitor Device Component|C1704646|[mnob]|["Monitor"-tx-30-"monitored"-verb-0]|TX|3689/9|
00000000|MMI|3.53|Monitor, occupation|C1521743|[prog]|["Monitor"-tx-30-"monitored"-verb-0]|TX|3689/9|
00000000|MMI|3.53|Monitoring Device|C0596972|[medd]|["Monitor"-tx-30-"monitored"-verb-0]|TX|3689/9|
00000000|MMI|3.53|Preventive monitoring|C0150369|[hlca]|["monitor"-tx-30-"monitored"-verb-0]|TX|3689/9|
00000000|MMI|3.50|Angina, class II|C0264676|[dsyn]|["Angina, class II"-tx-11-"class II angina"-noun-0]|TX|1732/15|
00000000|MMI|3.50|Cardiologist|C0175906|[prog]|["Cardiologist"-tx-39-"cardiologist"-noun-0]|TX|4797/12|
00000000|MMI|3.50|Flat shape|C0205324|[spco]|["Flat"-tx-6-"flat"-adj-0]|TX|705/4|
00000000|MMI|3.50|Intravenous|C0348016|[spco]|["Intravenous"-tx-17-"intravenous"-adj-0]|TX|2364/11|
00000000|MMI|3.50|PMH - past medical history|C0455458|[fndg]|["Past medical history"-tx-10-"PAST MEDICAL HISTORY"-noun-0]|TX|1585/20|
00000000|MMI|3.50|Poor - grade value|C0542537|[qlco]|["Poor"-tx-26-"poor"-adj-0]|TX|3416/4|
00000000|MMI|3.50|Poor - qualifier|C2700379|[qlco]|["Poor"-tx-26-"poor"-adj-0]|TX|3416/4|
00000000|MMI|3.50|Regular|C0205272|[qlco]|["Regular"-tx-18-"Regular"-adj-0]|TX|2568/7|
00000000|MMI|3.50|Residential flat|C0457933|[mnob]|["Flat"-tx-6-"flat"-adj-0]|TX|705/4|
00000000|MMI|3.49|Glucophage XR|C0939699|[orch,phsu]|["Glucophage XR"-tx-34-"Glucophage XR"-noun-0]|TX|4267/13|
00000000|MMI|3.49|Very mild|C4036115|[fndg]|["Very mild"-tx-9-"very mild"-adj-0]|TX|1549/9|
00000000|MMI|3.48|20%|C3842589|[fndg]|["20%"-tx-34-"20"-integer-0]|TX|4360/2|
00000000|MMI|3.48|4 Hours|C1292426|[tmco]|["4 Hours"-tx-34-"4 hours"-noun-0]|TX|4219/7|
00000000|MMI|3.48|Known|C0205309|[qlco]|["Known"-tx-16-"known"-adj-0]|TX|2290/5|
00000000|MMI|3.48|Registered nurse|C0687673|[prog]|["R.N."-tx-34-"r.n"-adj-0]|TX|4229/3|
00000000|MMI|3.47|/40|C0439509|[tmco]|["/40"-tx-17-"40"-integer-0]|TX|2514/2|
00000000|MMI|3.47|100%|C3817553|[qnco]|["100%"-tx-34-"100"-integer-0]|TX|4177/3|
00000000|MMI|3.47|40%|C3842587|[qnco]|["40%"-tx-17-"40"-integer-0]|TX|2514/2|
00000000|MMI|3.47|Diffuse|C0205219|[qlco]|["DIFFUSE"-tx-26-"diffuse"-adj-0]|TX|3362/7|
00000000|MMI|3.47|Insulin Drug Class|C3714501|[horm,phsu]|["INSULIN"-tx-34-"insulin"-noun-0]|TX|4309/7|
00000000|MMI|3.47|Insulin [EPC]|C1579433|[phsu]|["Insulin"-tx-34-"insulin"-noun-0]|TX|4309/7|
00000000|MMI|3.47|Recombinant Insulin|C1533581|[aapp,horm,phsu]|["INSULIN"-tx-34-"insulin"-noun-0]|TX|4309/7|
00000000|MMI|3.46|Basal|C0205112|[spco]|["BASAL"-tx-9-"basal"-adj-0]|TX|1559/5|
00000000|MMI|3.46|Septal|C0442004|[spco]|["Septal"-tx-9-"septal"-adj-0]|TX|1565/6|
00000000|MMI|3.46|Identifier|C0600091|[inpr]|["ID"-tx-42-"ID"-noun-0]|TX|5019/2|
00000000|MMI|3.46|Immune diffusion|C1441613|[lbpr]|["ID"-tx-42-"ID"-noun-0]|TX|5019/2|
00000000|MMI|3.46|Operative Surgical Procedures|C0543467|[hlca]|["Surgical"-tx-10-"SURGICAL"-adj-0]|TX|1611/8|E04
00000000|MMI|3.46|Surgical service|C0587668|[hlca]|["Surgical"-tx-10-"SURGICAL"-adj-0]|TX|1611/8|
00000000|MMI|3.45|Class 2|C0441886|[inpr]|["Class II"-tx-11-"class II"-noun-0]|TX|1852/8|
00000000|MMI|3.45|Discipline of Heart Surgery|C0524727|[bmod]|["Cardiac surgery"-tx-1-"Cardiac Surgery"-noun-0]|TX|130/15|
00000000|MMI|3.45|Except for|C0332300|[ftcn]|["Except for"-tx-33-"except for"-prep-0]|TX|3958/10|
00000000|MMI|3.45|Exertion|C0015264|[orgf]|["Exertion"-tx-12-"exertion"-noun-0]|TX|1983/8|
00000000|MMI|3.45|Left|C0205091|[spco]|["Left side"-tx-3-"left side"-noun-0]|TX|457/9|
00000000|MMI|3.45|Natures|C1262865|[ftcn]|["Nature"-tx-3-"nature"-noun-0]|TX|428/6|
00000000|MMI|3.45|Transfer Technique|C1705822|[ftcn]|["Transfer"-tx-17-"TRANSFER"-noun-0]|TX|2327/8|
00000000|MMI|3.45|History of myocardial infarction|C1275835|[fndg]|["Past history of myocardial infarction"-tx-2-"history of past myocardial infarction"-noun-0]|TX|239/15,261/21|
00000000|MMI|3.45|coronary artery graft device|C1260596|[medd]|["coronary artery bypass graft"-tx-22-"coronary artery bypass graft"-noun-0]|TX|2864/28|
00000000|MMI|3.44|Entire posterior descending branch of right coronary artery|C0500492|[bpoc]|["Posterior descending artery"-tx-8-"posterior descending artery"-noun-0]|TX|1351/27|
00000000|MMI|3.44|Unstable Medical Device Problem|C1883468|[evnt]|["Unstable"-tx-11-"unstable"-noun-0]|TX|1823/8|
00000000|MMI|3.44|Unstable status|C0443343|[fndg]|["Unstable"-tx-11-"unstable"-noun-0]|TX|1823/8|
00000000|MMI|3.43|Weekly|C0332174|[tmco]|["/week"-tx-40-"week"-noun-0]|TX|4835/4|
00000000|MMI|3.43|23|C0450348|[qnco]|["23"-tx-1-"23"-fraction-0]|TX|84/2|
00000000|MMI|3.43|29+|C3843708|[fndg]|["29+"-tx-6-"29"-real_number-0]|TX|697/2|
00000000|MMI|3.43|Borg Category-Ratio 10 Perceived Exertion Score 2|C4050469|[inpr]|["Slight"-tx-11-"slight"-adj-0]|TX|1880/6|
00000000|MMI|3.43|Mild (qualifier value)|C2945599|[qlco]|["Slight"-tx-11-"slight"-adj-0]|TX|1880/6|
00000000|MMI|3.43|Physical|C0205485|[ftcn]|["Physical"-tx-11-"physical"-noun-0]|TX|1901/8|
00000000|MMI|3.43|Physical assessment findings|C1509143|[fndg]|["Physical"-tx-11-"physical"-noun-0]|TX|1901/8|
00000000|MMI|3.43|Slight (qualifier value)|C2937276|[qlco]|["Slight"-tx-11-"slight"-adj-0]|TX|1880/6|
00000000|MMI|3.42|Anterior thoracic region|C1527391|[blor]|["Chest"-tx-6-"chest"-noun-0]|TX|598/5|
00000000|MMI|3.42|Behavior Rating Inventory of Executive Function|C4050216|[inpr]|["BRIEF"-tx-6-"brief"-adj-0]|TX|570/5|
00000000|MMI|3.42|Brief|C1879313|[tmco]|["Brief"-tx-6-"brief"-adj-0]|TX|570/5|
00000000|MMI|3.42|Shortened|C1282927|[qlco]|["brief"-tx-6-"brief"-adj-0]|TX|570/5|
00000000|MMI|3.42|Similarity|C2348205|[qlco]|["Similar"-tx-6-"similar"-adj-0]|TX|562/7|
00000000|MMI|3.42|First (number)|C0205435|[qnco]|["First"-tx-8-"first"-adj-0]|TX|1060/5|
00000000|MMI|3.42|Firstly|C1279901|[qlco]|["First"-tx-8-"first"-adj-0]|TX|1060/5|
00000000|MMI|3.42|Obtuse|C0443269|[qlco]|["Obtuse"-tx-8-"obtuse"-adj-0]|TX|1066/6|
00000000|MMI|3.42|Proximal|C0205107|[spco]|["PROXIMAL"-tx-8-"proximal"-adj-0]|TX|1298/8|
00000000|MMI|3.42|Sequential|C1705294|[qlco]|["Sequential"-tx-22-"sequential"-adj-0]|TX|2903/10|
00000000|MMI|3.42|Sequential - Sequence/Results Flag|C1548958|[idcn]|["Sequential"-tx-22-"sequential"-adj-0]|TX|2903/10|
00000000|MMI|3.42|Medical|C0205476|[ftcn]|["Medical"-tx-2-"medical"-noun-0]|TX|231/7|
00000000|MMI|3.42|Medical service|C0199168|[hlca]|["Medical"-tx-2-"medical"-noun-0]|TX|231/7|
00000000|MMI|3.42|Old|C0580836|[tmco]|["Old"-tx-2-"old"-noun-0]|TX|200/3|
