00000000|MMI|16.23|Lesotho|C0023376|[geoa]|["LT"-tx-1-"LT"-noun-0]|TX|90/2|Z01.058.290.175.400
00000000|MMI|13.02|Degenerative polyarthritis|C0029408|[dsyn]|["Degenerative Joint Disease"-tx-1-"DEGENERATIVE JOINT DISEASE"-noun-0]|TX|63/26|C05.550.114.606;C05.799.613
00000000|MMI|12.92|Knee|C0022742|[bpoc]|["Knee"-tx-2-"KNEE"-noun-0]|TX|94/4|A01.378.610.450
00000000|MMI|12.92|Knee joint|C0022745|[bsoj]|["Knee"-tx-2-"KNEE"-noun-0]|TX|94/4|A02.835.583.475
00000000|MMI|7.29|Signature|C1519316|[inpr]|["Signed"-tx-2-"Signed"-noun-0]|TX|[101/6],[156/6]|
00000000|MMI|7.29|signed - ParticipationSignature|C1561610|[inpr]|["signed"-tx-2-"Signed"-noun-0]|TX|[101/6],[156/6]|
00000000|MMI|3.65|Admission date:Time Stamp -- Date and Time:Point in time:^Patient:Quantitative|C2598112|[clna]|["Admission date"-tx-2-"Admission Date"-noun-0]|TX|116/14|
00000000|MMI|3.65|Date of admission|C1302393|[tmco]|["Admission date"-tx-2-"Admission Date"-noun-0]|TX|116/14|
00000000|MMI|3.65|Report status|C0586177|[fndg]|["Report status"-tx-2-"Report Status"-noun-0]|TX|141/13|
00000000|MMI|3.61|Lymphotoxin-Alpha, human|C3887647|[aapp,imft]|["LT"-tx-1-"LT"-noun-0]|TX|90/2|
00000000|MMI|3.61|Structure of left thigh|C0230426|[bpoc]|["LT"-tx-1-"LT"-noun-0]|TX|90/2|
00000000|MMI|3.59|Pyrexia of unknown origin (excl puerperal)|C0856281|[sosy]|["puo"-tx-1-"PUO"-noun-0]|TX|12/3|
00000000|MMI|3.46|Diagnostic interview schedule|C0451119|[inpr]|["DIS"-tx-2-"DIS"-noun-0]|TX|110/3|
00000000|MMI|3.46|Discontinued|C1444662|[fndg]|["DIS"-tx-2-"DIS"-noun-0]|TX|110/3|
00000000|MMI|3.46|Entire knee region|C1283838|[blor]|["Knee"-tx-2-"KNEE"-noun-0]|TX|94/4|
00000000|MMI|3.46|Knee region structure|C1963703|[blor]|["Knee, NOS"-tx-2-"KNEE"-noun-0]|TX|94/4|
00000000|MMI|93.50|Togo|C0040363|[geoa]|["TO"-tx-34-"to"-adv-0,"TO"-tx-32-"to"-adv-0,"TO"-tx-31-"to"-adv-0,"TO"-tx-29-"to"-adv-0,"TO"-tx-3-"to"-adv-0]|TX|2267/2;2108/2;2056/2;1920/2;314/2|Z01.058.290.190.800
00000000|MMI|93.50|Tryptophanase|C0041260|[aapp,enzy]|["TO"-tx-34-"to"-adv-0,"TO"-tx-32-"to"-adv-0,"TO"-tx-31-"to"-adv-0,"TO"-tx-29-"to"-adv-0,"TO"-tx-3-"to"-adv-0]|TX|2267/2;2108/2;2056/2;1920/2;314/2|D08.811.520.224.800
00000000|MMI|78.93|Patients|C0030705|[podg]|["*^patient"-tx-34-"patient"-noun-0,"*^patient"-tx-31-"patient"-noun-0,"*^patient"-tx-28-"patient"-noun-0,"*^patient"-tx-26-"patient"-noun-0,"*^patient"-tx-25-"patient"-noun-0,"*^patient"-tx-21-"patient"-noun-0,"*^patient"-tx-17-"patient"-noun-0,"*^patient"-tx-3-"patient"-noun-0,"*^patient"-tx-2-"patient"-noun-0]|TX|2168/7;2073/7;1828/7;1680/7;1608/7;1351/7;1175/7;234/7;146/7|M01.643
00000000|MMI|49.74|Knee Replacement Arthroplasty (procedure)|C0086511|[topp]|["Total Knee Replacement"-tx-17-"total knee replacement"-noun-0,"Total Knee Replacement"-tx-3-"total knee replacement"-noun-0,"Total Knee Replacement"-tx-1-"total knee replacement"-noun-0]|TX|1207/22;324/22;94/22|E04.555.110.110.115;E04.650.110.115;E04.680.101.110.115
00000000|MMI|49.52|Postoperative Period|C0032790|[tmco]|["Postoperative Period"-tx-28-"postoperative period"-noun-0,"Postoperative"-tx-23-"postoperative"-noun-0,"Postoperative"-tx-22-"postoperative"-noun-0]|TX|1857/20;1489/13;1441/13|E04.614.750;N02.421.585.753.750
00000000|MMI|44.30|Abortion consent:Finding:Point in time:^Patient:Document|C2360836|[clna]|["Patient"-tx-34-"patient"-noun-0,"Patient"-tx-31-"patient"-noun-0,"Patient"-tx-28-"patient"-noun-0,"Patient"-tx-26-"patient"-noun-0,"Patient"-tx-25-"patient"-noun-0,"Patient"-tx-21-"patient"-noun-0,"Patient"-tx-17-"patient"-noun-0,"Patient"-tx-3-"patient"-noun-0,"Patient"-tx-2-"patient"-noun-0]|TX|2168/7;2073/7;1828/7;1680/7;1608/7;1351/7;1175/7;234/7;146/7|
00000000|MMI|44.30|Hysterectomy consent:Finding:Point in time:^Patient:Document|C2360838|[clna]|["Patient"-tx-34-"patient"-noun-0,"Patient"-tx-31-"patient"-noun-0,"Patient"-tx-28-"patient"-noun-0,"Patient"-tx-26-"patient"-noun-0,"Patient"-tx-25-"patient"-noun-0,"Patient"-tx-21-"patient"-noun-0,"Patient"-tx-17-"patient"-noun-0,"Patient"-tx-3-"patient"-noun-0,"Patient"-tx-2-"patient"-noun-0]|TX|2168/7;2073/7;1828/7;1680/7;1608/7;1351/7;1175/7;234/7;146/7|
00000000|MMI|44.30|Sterilization consent:Finding:Point in time:^Patient:Document|C2360840|[clna]|["Patient"-tx-34-"patient"-noun-0,"Patient"-tx-31-"patient"-noun-0,"Patient"-tx-28-"patient"-noun-0,"Patient"-tx-26-"patient"-noun-0,"Patient"-tx-25-"patient"-noun-0,"Patient"-tx-21-"patient"-noun-0,"Patient"-tx-17-"patient"-noun-0,"Patient"-tx-3-"patient"-noun-0,"Patient"-tx-2-"patient"-noun-0]|TX|2168/7;2073/7;1828/7;1680/7;1608/7;1351/7;1175/7;234/7;146/7|
00000000|MMI|38.96|Patient Discharge|C0030685|[hlca]|["Discharge"-tx-33-"discharge"-noun-0,"Discharge"-tx-31-"discharge"-verb-0]|TX|2153/9;2059/9|E02.204.125;E02.760.400.610;N02.421.192.125;N02.421.585.400.610;N04.590.233.727.210.125
00000000|MMI|32.91|Dominican Republic|C0013014|[geoa]|["DR"-tx-32-"Dr"-noun-0,"DR"-tx-19-"Dr"-noun-0]|TX|2126/2;1323/2|Z01.107.084.900.300;Z01.639.880.300
00000000|MMI|30.48|Physical Examination|C0031809|[hlca]|["Physical"-tx-30-"physical"-noun-0,"PHYSICAL EXAMINATION"-tx-14-"PHYSICAL EXAMINATION"-noun-0,"PHYSICAL EXAMINATION"-tx-14-"physical examination"-noun-0]|TX|1994/8;826/20;869/20|E01.370.600
00000000|MMI|30.11|Historical aspects qualifier|C0019665|[ftcn]|["history"-tx-4-"history"-noun-0,"history"-tx-2-"history"-noun-0,"history"-tx-1-"HISTORY"-noun-0]|TX|458/7;165/7;32/7|x.x.x
00000000|MMI|27.22|To|C1883351|[qlco]|["To"-tx-34-"to"-adv-0,"To"-tx-32-"to"-adv-0,"To"-tx-31-"to"-adv-0,"To"-tx-29-"to"-adv-0,"To"-tx-3-"to"-adv-0]|TX|2267/2;2108/2;2056/2;1920/2;314/2|
00000000|MMI|26.56|Physicians|C0031831|[prog]|["DR"-tx-32-"Dr"-noun-0,"DR"-tx-19-"Dr"-noun-0]|TX|2126/2;1323/2|M01.526.485.810;N02.360.810
00000000|MMI|22.51|Coumadin|C0699129|[orch,phsu]|["Coumadin"-tx-34-"Coumadin"-noun-0]|TX|2242/8|D03.383.663.283.446.520.914;D03.438.150.446.520.914
00000000|MMI|22.49|Walking (activity)|C0080331|[dora]|["Walking"-tx-30-"walking"-noun-0]|TX|1981/7|G11.427.590.530.568.900;G11.427.590.530.698.277.937;I03.350.937;I03.450.642.845.940
00000000|MMI|22.38|Hydrochlorothiazide|C0020261|[orch,phsu]|["HYDROCHLOROTHIAZIDE"-tx-10-"hydrochlorothiazide"-noun-0]|TX|718/19|D02.886.590.700.135.261.476;D02.886.655.500.261.476;D03.438.174.261.476
00000000|MMI|20.95|Hypercholesterolemia|C0020443|[dsyn]|["HYPERCHOLESTEROLEMIA"-tx-4-"hypercholesterolemia"-noun-0]|TX|394/20|C18.452.584.500.500.396
00000000|MMI|20.50|History|C0019664|[ocdi]|["History"-tx-4-"history"-noun-0,"History"-tx-2-"history"-noun-0,"History"-tx-1-"HISTORY"-noun-0]|TX|458/7;165/7;32/7|K01.400
00000000|MMI|19.92|Complication Aspects|C1171258|[patf]|["complications"-tx-28-"complications"-noun-1,"complications"-tx-21-"complications"-noun-1]|TX|1892/13;1423/13|x.x.x
00000000|MMI|19.34|International Normalized Ratio|C0525032|[lbpr]|["INR"-tx-34-"INR"-noun-0]|TX|2279/3|E01.370.225.625.115.320;E05.200.625.115.320
00000000|MMI|19.25|milligram/day|C0439422|[qnco]|["mg/d"-tx-13-"mg d"-noun-0,"mg/d"-tx-12-"mg d"-noun-0,"mg/d"-tx-10-"mg d"-noun-0,"mg/d"-tx-9-"mg d"-noun-0,"mg/d"-tx-8-"mg d"-noun-0]|TX|813/2,823/1;789/2,794/1;741/2,751/1;708/2,713/1;686/2,691/1|
00000000|MMI|19.23|Atenolol|C0004147|[orch,phsu]|["ATENOLOL"-tx-9-"atenolol"-noun-0]|TX|696/8|D02.033.100.624.698.070;D02.033.755.624.698.070;D02.092.063.624.698.070
00000000|MMI|19.22|Vitamins|C0042890|[orch,phsu,vita]|["Vitamin"-tx-13-"vitamin"-noun-0]|TX|799/7|D27.505.696.377.605.600;G07.203.300.631.600;J02.500.631.600
00000000|MMI|17.80|Hematocrit procedure|C0018935|[lbpr]|["Hematocrit"-tx-27-"hematocrit"-noun-0]|TX|1743/10|E01.370.225.625.400;E05.200.625.400;G09.188.370.374
00000000|MMI|16.35|Ergocalciferol|C0014695|[orch,phsu,vita]|["Vitamin D"-tx-13-"vitamin d"-noun-0]|TX|799/7,823/1|D04.808.247.222.474;D04.808.247.808.412;D04.808.812.768.462;D10.570.938.439
00000000|MMI|16.25|Arthroscopy|C0003904|[diap]|["Arthroscopy"-tx-5-"arthroscopy"-noun-0]|TX|511/11|E01.370.388.250.070;E04.502.250.070;E04.555.113
00000000|MMI|16.25|Cicatrix|C2004491|[patf]|["Scar NOS"-tx-16-"scar"-noun-0]|TX|1093/4|A10.165.450.300;C23.550.355.274;G16.100.856.891.249
00000000|MMI|16.22|Postoperative anesthesia care unit (PACU)|C0034871|[hcro,mnob]|["Recovery room"-tx-21-"Recovery Room"-noun-0]|TX|1384/13|N02.278.388.493.592
00000000|MMI|16.16|Tylenol|C0699142|[orch,phsu]|["Tylenol"-tx-35-"Tylenol"-noun-0]|TX|2318/7|D02.065.199.092.040
00000000|MMI|16.07|Synthroid|C0728762|[aapp,phsu]|["Synthroid"-tx-8-"Synthroid"-noun-0]|TX|671/9|D06.472.931.812;D12.125.072.050.767
00000000|MMI|16.05|In Blood|C0005768|[bdsu]|["BLOOD"-tx-27-"blood"-noun-0]|TX|1817/5|x.x.x.x.x
00000000|MMI|14.64|Abdominal Cavity|C0230168|[blor]|["Abdomen"-tx-14-"abdomen"-noun-0]|TX|976/7|A01.923.047.025
00000000|MMI|14.64|Ability|C0085732|[orga]|["Able"-tx-29-"able"-adj-0]|TX|1915/4|F02.784.629.131
00000000|MMI|14.64|Cranial Nerves|C0010268|[bpoc]|["CRANIAL NERVES"-tx-15-"cranial nerves"-noun-0]|TX|1017/14|A08.800.800.120
00000000|MMI|14.64|Degenerative polyarthritis|C0029408|[dsyn]|["OSTEOARTHRITIS"-tx-4-"Osteoarthritis"-noun-0]|TX|362/14|C05.550.114.606;C05.799.613
00000000|MMI|14.64|Hematoma|C0018944|[patf]|["HEMATOMA"-tx-24-"hematoma"-noun-1]|TX|1594/8|C23.550.414.838
00000000|MMI|14.64|Infantile Neuroaxonal Dystrophy|C0270724|[dsyn]|["PLAN"-tx-3-"plan"-noun-0]|TX|309/4|C10.228.140.744
00000000|MMI|14.64|Neurologic Examination|C0027853|[diap]|["Examination, Neurologic"-tx-15-"neurologic examination"-noun-0]|TX|988/22|E01.370.376.550;E01.370.600.550
00000000|MMI|14.64|Spinal Stenosis|C0037944|[acab]|["SPINAL STENOSIS"-tx-4-"spinal stenosis"-noun-0]|TX|434/15|C05.116.900.825
00000000|MMI|13.48|Physical therapy|C0949766|[topp]|["Physical Therapy"-tx-30-"physical therapy"-noun-0,"Physical Therapy"-tx-26-"physical therapy"-noun-0]|TX|1994/16;1703/16|E02.779
00000000|MMI|13.20|Vitamin D|C0042866|[orch,phsu,vita]|["VITAMIN D"-tx-13-"vitamin d"-noun-0]|TX|799/7,823/1|D04.808.812.768
00000000|MMI|13.13|Activities of Daily Living (activity)|C0001288|[dora]|["Activities of Daily Living"-tx-3-"activities of daily living"-noun-0]|TX|266/26|E02.831.067;I03.050;N02.421.784.110
00000000|MMI|13.07|Caucasoid Race|C0007457|[popg]|["WHITE"-tx-1-"white"-noun-0]|TX|58/5|M01.686.508.400
00000000|MMI|13.04|Pain management|C0002766|[topp]|["Pain Control"-tx-35-"pain control"-noun-0]|TX|2333/12|E02.745;N04.590.607.500
00000000|MMI|13.01|Wound Healing|C0043240|[orgf]|["Repair, NOS"-tx-6-"repair"-noun-0]|TX|601/6|G16.100.856.891
00000000|MMI|12.96|Desiccation|C0011682|[npop]|["Dry"-tx-24-"dry"-adj-0]|TX|1555/3|E05.196.335;G02.149.767.530;G02.842.750.530
00000000|MMI|12.92|Calcium|C0006675|[bacs,elii,phsu]|["CALCIUM"-tx-12-"calcium"-noun-0]|TX|776/7|D01.268.552.100;D01.552.539.288;D23.119.100;x.x.x.x
00000000|MMI|12.92|Prempro|C0722753|[orch,phsu]|["Prempro"-tx-11-"PremPro"-noun-0]|TX|756/7|x.x.x.x
00000000|MMI|12.91|Mongolia|C0026410|[geoa]|["MG"-tx-13-"mg"-noun-0]|TX|813/2|Z01.252.474.651
00000000|MMI|12.90|Polymyalgia Rheumatica|C0032533|[dsyn]|["pmr"-tx-4-"PMR"-noun-0]|TX|469/3|C05.651.742;C05.799.720;C17.300.775.720
00000000|MMI|12.90|Rehabilitation therapy|C0034991|[topp]|["Rehabilitation"-tx-31-"rehabilitation"-noun-0]|TX|2084/14|E02.831;H02.403.680.600;N02.421.784
00000000|MMI|11.49|Abdomen|C0000726|[blor]|["ABDOMEN"-tx-14-"abdomen"-noun-0]|TX|976/7|A01.923.047
00000000|MMI|11.49|Hypertensive disease|C0020538|[dsyn]|["HYPERTENSION"-tx-4-"hypertension"-noun-0]|TX|379/12|C14.907.489
00000000|MMI|11.49|Hypothyroidism|C0020676|[dsyn]|["HYPOTHYROIDISM"-tx-4-"hypothyroidism"-noun-0]|TX|417/14|C19.874.482
00000000|MMI|10.92|Gender Status - Intact|C1554187|[fndg]|["Intact"-tx-25-"intact"-adj-0,"Intact"-tx-24-"intact"-adj-0,"Intact"-tx-15-"intact"-adj-0]|TX|1635/6;1573/6;1037/6|
00000000|MMI|10.92|Intact|C0205266|[qlco]|["Intact"-tx-25-"intact"-adj-0,"Intact"-tx-24-"intact"-adj-0,"Intact"-tx-15-"intact"-adj-0]|TX|1635/6;1573/6;1037/6|
00000000|MMI|10.89|Concept History|C1705255|[cnce]|["History"-tx-4-"history"-noun-0,"History"-tx-2-"history"-noun-0,"History"-tx-1-"HISTORY"-noun-0]|TX|458/7;165/7;32/7|
00000000|MMI|10.89|History of present illness|C0262512|[orga]|["History, NOS"-tx-4-"history"-noun-0,"History, NOS"-tx-2-"history"-noun-0,"History, NOS"-tx-1-"HISTORY"-noun-0]|TX|458/7;165/7;32/7|
00000000|MMI|10.89|History of previous events|C2004062|[fndg]|["History"-tx-4-"history"-noun-0,"History"-tx-2-"history"-noun-0,"History"-tx-1-"HISTORY"-noun-0]|TX|458/7;165/7;32/7|
00000000|MMI|10.89|Medical History|C0262926|[fndg]|["History"-tx-4-"history"-noun-0,"History"-tx-2-"history"-noun-0,"History"-tx-1-"HISTORY"-noun-0]|TX|458/7;165/7;32/7|
00000000|MMI|10.83|Left|C0205091|[spco]|["LEFT"-tx-17-"left"-adj-0,"LEFT"-tx-2-"left"-adj-0,"LEFT"-tx-1-"left"-adj-0]|TX|1202/4;209/4;89/4|
00000000|MMI|10.83|Left sided|C0443246|[spco]|["Left"-tx-17-"left"-adj-0,"Left"-tx-2-"left"-adj-0,"Left"-tx-1-"left"-adj-0]|TX|1202/4;209/4;89/4|
00000000|MMI|10.83|Table Cell Horizontal Align - left|C1552822|[ftcn]|["left"-tx-17-"left"-adj-0,"left"-tx-2-"left"-adj-0,"left"-tx-1-"left"-adj-0]|TX|1202/4;209/4;89/4|
00000000|MMI|10.42|Doctor of Medicine|C1512018|[inpr]|["M.D."-tx-37-"M.D"-noun-0,"M.D."-tx-36-"M.D"-noun-0]|TX|2415/3;2376/3|
00000000|MMI|10.42|Including (qualifier)|C0332257|[ftcn]|["Including"-tx-14-"including"-verb-0,"include"-tx-5-"include"-verb-0]|TX|917/9;492/7|
00000000|MMI|10.42|Planned|C1301732|[ftcn]|["Planned"-tx-31-"planned"-verb-0,"Plan"-tx-3-"plan"-noun-0]|TX|2048/7;309/4|
00000000|MMI|10.06|Drug Allergy|C0013182|[dsyn]|["Drug Allergies"-tx-7-"drug allergies"-noun-1]|TX|629/14|C20.543.206;C25.100.468
00000000|MMI|10.06|Herniorrhaphy|C0019328|[topp]|["Hernia repair"-tx-5-"hernia repair"-noun-0]|TX|538/13|E04.680.325
00000000|MMI|9.94|Arthritis|C0003864|[dsyn]|["ARTHRITIS"-tx-1-"arthritis"-noun-0]|TX|131/9|C05.550.114
00000000|MMI|9.91|Female|C0015780|[orga]|["FEMALE"-tx-1-"female"-noun-0]|TX|64/6|x.x.x
00000000|MMI|9.91|Females|C0086287|[popg]|["female"-tx-1-"female"-noun-0]|TX|64/6|x.x.x
00000000|MMI|9.90|Hammer Toe|C1136179|[anab]|["Hammertoe"-tx-6-"hammer toe"-noun-0]|TX|590/10|C05.330.615
00000000|MMI|9.77|Calcium, Dietary|C0006726|[inch]|["Calcium"-tx-12-"calcium"-noun-0]|TX|776/7|D01.146.315
00000000|MMI|9.76|Lower Extremity|C0023216|[blor]|["Extremities, Lower"-tx-25-"lower extremities"-noun-0]|TX|1657/17|A01.378.610
00000000|MMI|9.75|Rehabilitation aspects|C0034992|[ftcn]|["Rehabilitation"-tx-31-"rehabilitation"-noun-0]|TX|2084/14|x.x.x
00000000|MMI|9.74|Blood|C0005767|[tisu]|["Blood"-tx-27-"blood"-noun-0]|TX|1817/5|A12.207.152;A15.145
00000000|MMI|8.34|Breast|C0006141|[bpoc]|["BREASTS"-tx-14-"breasts"-noun-0]|TX|946/7|A01.236
00000000|MMI|8.34|Drainage procedure|C0013103|[topp]|["drain"-tx-22-"drain"-noun-0]|TX|1467/5|E02.309;E04.237
00000000|MMI|8.34|Heart|C0018787|[bpoc]|["HEART"-tx-14-"heart"-noun-0]|TX|964/5|A07.541
00000000|MMI|8.34|Hypersensitivity|C0020517|[patf]|["Allergies"-tx-7-"ALLERGIES"-noun-0]|TX|609/9|C20.543
00000000|MMI|8.34|Lung|C0024109|[bpoc]|["LUNGS"-tx-14-"lungs"-noun-0]|TX|956/5|A04.411
00000000|MMI|8.34|Skin|C1123023|[bdsy]|["SKIN"-tx-14-"skin"-noun-0]|TX|931/4|A17.815
00000000|MMI|7.53|Delayed Release Dosage Form|C1707664|[bodm]|["DR"-tx-32-"Dr"-noun-0,"DR"-tx-19-"Dr"-noun-0]|TX|2126/2;1323/2|
00000000|MMI|7.53|Device to Subject Relationship Domain|C3540849|[inpr]|["DR"-tx-32-"Dr"-noun-0,"DR"-tx-19-"Dr"-noun-0]|TX|2126/2;1323/2|
00000000|MMI|7.53|Doctor - Title|C2348314|[cnce]|["Dr."-tx-32-"Dr"-noun-0,"Dr."-tx-19-"Dr"-noun-0]|TX|2126/2;1323/2|
00000000|MMI|7.31|Right|C0205090|[spco]|["RIGHT"-tx-5-"right"-noun-0,"RIGHT"-tx-2-"right"-noun-0]|TX|500/5;223/5|
00000000|MMI|7.31|Right sided|C0444532|[spco]|["Right"-tx-5-"right"-noun-0,"Right"-tx-2-"right"-noun-0]|TX|500/5;223/5|
00000000|MMI|7.23|Body Fluid Discharge|C0012621|[bdsu]|["Discharge"-tx-33-"discharge"-noun-0,"Discharge"-tx-31-"discharge"-verb-0]|TX|2153/9;2059/9|
00000000|MMI|7.23|Discharge, body substance|C2926602|[bdsu]|["Discharge"-tx-33-"discharge"-noun-0,"Discharge"-tx-31-"discharge"-verb-0]|TX|2153/9;2059/9|
00000000|MMI|7.23|One|C0205447|[qnco]|["ONE"-tx-27-"one"-noun-0,"ONE"-tx-22-"one"-adj-0]|TX|1794/3;1459/3|
00000000|MMI|7.23|Complication|C0009566|[patf]|["Complications"-tx-28-"complications"-noun-1,"Complications"-tx-21-"complications"-noun-1]|TX|1892/13;1423/13|
00000000|MMI|7.14|Physical therapy (field)|C0699718|[bmod]|["physical therapy"-tx-30-"physical therapy"-noun-0,"physical therapy"-tx-26-"physical therapy"-noun-0]|TX|1994/16;1703/16|
00000000|MMI|7.14|Admission activity|C0809949|[hlca]|["Admitted"-tx-17-"admitted"-verb-0,"Admitted"-tx-1-"admitted"-verb-0]|TX|1187/8;74/8|
00000000|MMI|7.14|Hospital admission|C0184666|[hlca]|["admitted"-tx-17-"admitted"-verb-0,"admitted"-tx-1-"admitted"-verb-0]|TX|1187/8;74/8|
00000000|MMI|7.11|1+|C3816745|[fndg]|["1+"-tx-40-"1"-fraction-0]|TX|[2479/1],[2490/1]|
00000000|MMI|7.11|1+ Score|C2827734|[qnco]|["1+"-tx-40-"1"-fraction-0]|TX|[2479/1],[2490/1]|
00000000|MMI|7.11|1+ Score, WHO|C2981698|[clas]|["1+"-tx-40-"1"-fraction-0]|TX|[2479/1],[2490/1]|
00000000|MMI|7.11|23|C0450348|[qnco]|["23"-tx-40-"23"-fraction-0]|TX|[2481/2],[2492/2]|
00000000|MMI|7.11|97|C0439073|[inpr]|["97"-tx-40-"97"-integer-0]|TX|[2484/2],[2495/2]|
00000000|MMI|7.11|>97|C0439082|[qnco]|[">97"-tx-40-"97"-integer-0]|TX|[2484/2],[2495/2]|
00000000|MMI|7.10|CDISC SDTM Procedure Terminology|C3539779|[inpr]|["Procedure"-tx-19-"procedure"-noun-0,"Procedure"-tx-18-"procedure"-noun-0]|TX|1284/9;1249/9|
00000000|MMI|7.10|Interventional procedure|C0184661|[topp]|["Procedure"-tx-19-"procedure"-noun-0,"Procedure"-tx-18-"procedure"-noun-0]|TX|1284/9;1249/9|
00000000|MMI|7.10|Physical Medical Procedure|C3274430|[hlca]|["PROCEDURE"-tx-19-"procedure"-noun-0,"PROCEDURE"-tx-18-"procedure"-noun-0]|TX|1284/9;1249/9|
00000000|MMI|7.10|Procedure (set of actions)|C2700391|[acty]|["Procedure"-tx-19-"procedure"-noun-0,"Procedure"-tx-18-"procedure"-noun-0]|TX|1284/9;1249/9|
00000000|MMI|7.10|Procedure Domain|C3538935|[inpr]|["Procedure"-tx-19-"procedure"-noun-0,"Procedure"-tx-18-"procedure"-noun-0]|TX|1284/9;1249/9|
00000000|MMI|7.10|Surgical and medical procedures|C1948041|[topp]|["Procedure"-tx-19-"procedure"-noun-0,"Procedure"-tx-18-"procedure"-noun-0]|TX|1284/9;1249/9|
00000000|MMI|7.05|0%|C3842591|[fndg]|["0%"-tx-16-"0"-integer-0,"0%"-tx-8-"0"-real_number-0]|TX|1136/1;681/1|
00000000|MMI|6.95|20%|C3842589|[fndg]|["20%"-tx-10-"20"-integer-0,"20%"-tx-1-"20"-fraction-0]|TX|738/2;18/2|
00000000|MMI|6.76|Woman|C0043210|[popg]|["female"-tx-1-"female"-noun-0]|TX|64/6|M01.975
00000000|MMI|5.18|3+ Answer to Question|C3838680|[fndg]|["3+"-tx-34-"3"-integer-0]|TX|2297/1|
00000000|MMI|5.18|3+ Score|C2827736|[qnco]|["3+"-tx-34-"3"-integer-0]|TX|2297/1|
00000000|MMI|5.18|3+ Score, WHO|C2981702|[clas]|["3+"-tx-34-"3"-integer-0]|TX|2297/1|
00000000|MMI|5.18|<3 (qualifier value)|C0439086|[qnco]|["<3"-tx-34-"3"-integer-0]|TX|2297/1|
00000000|MMI|5.18|Able (finding)|C1299581|[fndg]|["Able"-tx-29-"able"-adj-0]|TX|1915/4|
00000000|MMI|5.18|Anatomic Node|C0746922|[bpoc]|["nodes"-tx-14-"nodes"-noun-0]|TX|938/5|
00000000|MMI|5.18|Changed status|C0443172|[qnco]|["Changed"-tx-23-"changed"-verb-0]|TX|1532/7|
00000000|MMI|5.18|Changing|C0392747|[ftcn]|["Changed"-tx-23-"changed"-verb-0]|TX|1532/7|
00000000|MMI|5.18|Discharge date|C2361123|[tmco]|["Discharge date"-tx-1-"Discharge Date"-noun-0]|TX|0/14|
00000000|MMI|5.18|Discharge date:Time Stamp -- Date and Time:Point in time:^Patient:Quantitative|C2361122|[clna]|["Discharge date"-tx-1-"Discharge Date"-noun-0]|TX|0/14|
00000000|MMI|5.18|Drain device|C0180499|[medd]|["DRAIN"-tx-22-"drain"-noun-0]|TX|1467/5|
00000000|MMI|5.18|Entire abdomen|C1281594|[bpoc]|["Abdomen"-tx-14-"abdomen"-noun-0]|TX|976/7|
00000000|MMI|5.18|Entire heart|C1281570|[bpoc]|["Heart"-tx-14-"heart"-noun-0]|TX|964/5|
00000000|MMI|5.18|Entire left knee|C1279572|[bpoc]|["Left knee"-tx-16-"left knee"-noun-0]|TX|1059/9|
00000000|MMI|5.18|Entire skin|C1278993|[bdsy]|["Skin"-tx-14-"skin"-noun-0]|TX|931/4|
00000000|MMI|5.18|Event|C0441471|[evnt]|["Event"-tx-26-"event"-noun-0]|TX|1732/5|
00000000|MMI|5.18|Hematocrit level|C0518014|[fndg]|["Hematocrit"-tx-27-"hematocrit"-noun-0]|TX|1743/10|
00000000|MMI|5.18|Hematoma Adverse Event|C1962958|[fndg]|["Hematoma"-tx-24-"hematoma"-noun-1]|TX|1594/8|
00000000|MMI|5.18|Hospital course|C0489547|[fndg]|["Hospital course"-tx-17-"HOSPITAL COURSE"-noun-0]|TX|1154/15|
00000000|MMI|5.18|Hospital course:Finding:Point in time:^Patient:Narrative|C0488549|[clna]|["Hospital course"-tx-17-"HOSPITAL COURSE"-noun-0]|TX|1154/15|
00000000|MMI|5.18|Hypercholesterolemia result|C1522133|[fndg]|["Hypercholesterolemia"-tx-4-"hypercholesterolemia"-noun-0]|TX|394/20|
00000000|MMI|5.18|Hypertension Adverse Event|C1963138|[fndg]|["Hypertension"-tx-4-"hypertension"-noun-0]|TX|379/12|
00000000|MMI|5.18|Improvement|C2986411|[cnce]|["Improvement"-tx-31-"improvement"-noun-0]|TX|2027/11|
00000000|MMI|5.18|Include (action)|C2700399|[acty]|["Include"-tx-5-"include"-verb-0]|TX|492/7|
00000000|MMI|5.18|Injury wounds|C0043250|[inpo]|["WOUND"-tx-24-"wound"-noun-0]|TX|1545/5|
00000000|MMI|5.18|Medications:-:Point in time:^Patient:-|C2598133|[clna]|["Medications"-tx-8-"MEDICATIONS"-noun-0]|TX|645/11|
00000000|MMI|5.18|Medications:Presence or Identity:Duration of the study:^Patient:Nominal|C0802604|[clna]|["Medications"-tx-8-"MEDICATIONS"-noun-0]|TX|645/11|
00000000|MMI|5.18|National reporting jurisdiction:Loc:Pt:^Event:Nom|C4019010|[clna]|["Event"-tx-26-"event"-noun-0]|TX|1732/5|
00000000|MMI|5.18|On admission|C0457453|[tmco]|["On admission"-tx-8-"ON ADMISSION"-adj-0]|TX|657/12|
00000000|MMI|5.18|Operative Surgical Procedures|C0543467|[hlca]|["surgeries"-tx-5-"Surgeries"-noun-0]|TX|482/9|E04
00000000|MMI|5.18|Past history of|C0332119|[qlco]|["past history"-tx-4-"PAST HISTORY"-noun-0]|TX|348/12|
00000000|MMI|5.18|Pharmaceutical Preparations|C0013227|[phsu]|["Medications"-tx-8-"MEDICATIONS"-noun-0]|TX|645/11|D26
00000000|MMI|5.18|Removed|C0849355|[qlco]|["Removed"-tx-22-"removed"-verb-0]|TX|1477/7|
00000000|MMI|5.18|Retained|C0333118|[ftcn]|["Keep"-tx-34-"keep"-verb-0]|TX|2270/4|
00000000|MMI|5.18|Skin Specimen|C0444099|[bdsu]|["Skin"-tx-14-"skin"-noun-0]|TX|931/4|
00000000|MMI|5.18|Spinal canal stenosis|C1861329|[anab]|["Spinal stenosis"-tx-4-"spinal stenosis"-noun-0]|TX|434/15|
00000000|MMI|5.18|Structure of left knee|C0230432|[bpoc]|["Left knee"-tx-16-"left knee"-noun-0]|TX|1059/9|
00000000|MMI|5.18|Taken|C1883727|[cnce]|["Taken"-tx-34-"taken"-verb-0]|TX|2221/5|
00000000|MMI|5.18|Traumatic injury|C3263723|[inpo]|["Wound"-tx-24-"wound"-noun-0]|TX|1545/5|
00000000|MMI|5.18|Treatment Plan|C0599880|[inpr]|["Plan"-tx-3-"plan"-noun-0]|TX|309/4|
00000000|MMI|5.18|Wound Dressings (device)|C0460765|[medd]|["wound dressings"-tx-23-"wound dressings"-noun-0]|TX|1511/15|
00000000|MMI|5.18|include - SetOperator|C1552866|[idcn]|["include"-tx-5-"include"-verb-0]|TX|492/7|
00000000|MMI|3.98|1980s|C0681757|[tmco]|["1980s"-tx-4-"1980"-integer-0]|TX|476/4|
00000000|MMI|3.75|Arthroscopy of knee|C1304878|[diap]|["Knee arthroscopy"-tx-5-"knee arthroscopy"-noun-0]|TX|506/16|
00000000|MMI|3.75|Day 2|C3842676|[fndg]|["Day 2"-tx-23-"day 2"-noun-0]|TX|1503/5|
00000000|MMI|3.75|Diagnostic arthroscopy of knee|C0187970|[diap]|["knee arthroscopy"-tx-5-"knee arthroscopy"-noun-0]|TX|506/16|
00000000|MMI|3.73|D Vitamin|C3537249|[phsu]|["Vitamin D"-tx-13-"vitamin d"-noun-0]|TX|799/7,823/1|
00000000|MMI|3.73|Vitamin D Drug Class|C3714503|[phsu,vita]|["VITAMIN D"-tx-13-"vitamin d"-noun-0]|TX|799/7,823/1|
00000000|MMI|3.73|Vitamin D [EPC]|C2936842|[vita]|["Vitamin D"-tx-13-"vitamin d"-noun-0]|TX|799/7,823/1|
00000000|MMI|3.72|Active Range of Motion|C1879548|[orga]|["Active Range of Motion"-tx-16-"active range of motion"-noun-0]|TX|1108/22|
00000000|MMI|3.72|Followed by|C0332283|[tmco]|["Followed by"-tx-32-"followed by"-verb-0]|TX|2114/11|
00000000|MMI|3.68|% index|C1637833|[qnco]|["% index"-tx-39-"Index"-noun-0]|TX|2455/5|
00000000|MMI|3.68|At|C1516077|[spco]|["At"-tx-34-"at"-adj-0]|TX|2227/2|
00000000|MMI|3.68|Attending (action)|C1999232|[ftcn]|["attending"-tx-37-"Attending"-noun-0]|TX|2386/9|
00000000|MMI|3.68|Attending (provider role)|C1547429|[prog]|["Attending"-tx-37-"Attending"-noun-0]|TX|2386/9|
00000000|MMI|3.68|Cleaning (activity)|C1947930|[acty]|["Clean"-tx-24-"clean"-adj-0]|TX|1561/5|
00000000|MMI|3.68|Daily|C0332173|[tmco]|["/day"-tx-22-"day"-noun-0]|TX|1455/3|
00000000|MMI|3.68|GATM wt Allele|C4049625|[gngm]|["AT"-tx-34-"at"-adj-0]|TX|2227/2|
00000000|MMI|3.68|Home environment|C0442519|[cnce]|["HOME"-tx-34-"home"-adj-0]|TX|2230/4|
00000000|MMI|3.68|Html Link Type - index|C1552854|[idcn]|["index"-tx-39-"Index"-noun-0]|TX|2455/5|
00000000|MMI|3.68|Index|C0918012|[inpr]|["Index"-tx-39-"Index"-noun-0]|TX|2455/5|
00000000|MMI|3.68|P Blood group antibodies|C0369773|[aapp,imft]|["P NOS"-tx-29-"p"-noun-0]|TX|1932/1|
00000000|MMI|3.68|P prime|C2603361|[clna]|["P'"-tx-29-"p"-noun-0]|TX|1932/1|
00000000|MMI|3.68|day|C0439228|[tmco]|["DAY"-tx-22-"day"-noun-0]|TX|1455/3|
00000000|MMI|3.68|per day|C0439505|[tmco]|["/day"-tx-22-"day"-noun-0]|TX|1455/3|
00000000|MMI|3.68|Difficulty passing urine|C0241705|[sosy]|["difficulty voiding"-tx-29-"voiding difficulty"-noun-0]|TX|1945/7,1961/10|
00000000|MMI|3.67|Activities of Daily Living Scale (BASC-2)|C4050548|[inpr]|["Activities of Daily Living"-tx-3-"activities of daily living"-noun-0]|TX|266/26|
00000000|MMI|3.64|Normal limits|C0442816|[qnco]|["Normal limits"-tx-14-"normal limits"-noun-0]|TX|901/13|
00000000|MMI|3.64|dictated - DocumentCompletion|C1609990|[idcn]|["Dictated"-tx-36-"Dictated"-verb-0]|TX|2347/8|
00000000|MMI|3.64|dictated - ParticipationMode|C1548384|[ftcn]|["dictated"-tx-36-"Dictated"-verb-0]|TX|2347/8|
00000000|MMI|3.63|Basis|C1874451|[phsu]|["BASIS"-tx-34-"basis"-noun-0]|TX|2261/5|
00000000|MMI|3.63|Basis - conceptual entity|C1527178|[ftcn]|["Basis"-tx-34-"basis"-noun-0]|TX|2261/5|
00000000|MMI|3.63|Scar Tissue|C0241158|[fndg]|["scar"-tx-16-"scar"-noun-0]|TX|1093/4|
00000000|MMI|3.62|Ambulation therapy|C0150218|[hlca]|["Walking therapy"-tx-30-"walking therapy"-noun-0]|TX|1981/7,2003/7|
00000000|MMI|3.61|Batch (Response Modality)|C1550176|[inpr]|["Batch"-tx-39-"Batch"-noun-0]|TX|2443/5|
00000000|MMI|3.61|Batch (group)|C1948031|[qnco]|["Batch"-tx-39-"Batch"-noun-0]|TX|2443/5|
00000000|MMI|3.61|Batch Number|C3641829|[inpr]|["BATCH"-tx-39-"Batch"-noun-0]|TX|2443/5|
00000000|MMI|3.61|Surgical operation note:Find:Pt:{Setting}:Doc:{Role}|C0551628|[clna]|["Operative note"-tx-19-"Operative Note"-noun-0]|TX|1305/14|
00000000|MMI|3.60|Caucasians|C0043157|[popg]|["WHITE"-tx-1-"white"-noun-0]|TX|58/5|
00000000|MMI|3.60|Female Phenotype|C1705498|[qlco]|["Female"-tx-1-"female"-noun-0]|TX|64/6|
00000000|MMI|3.60|Female, Self-Report|C1705497|[qlco]|["Female"-tx-1-"female"-noun-0]|TX|64/6|
00000000|MMI|3.60|White color|C0220938|[qlco]|["WHITE"-tx-1-"white"-noun-0]|TX|58/5|
00000000|MMI|3.60|Autologous Unit|C1548972|[idcn]|["Autologous Unit"-tx-27-"unit autologous"-noun-0]|TX|1798/4,1806/10|
00000000|MMI|3.60|Units of blood|C0439184|[qnco]|["blood unit"-tx-27-"unit blood"-noun-0]|TX|1798/4,1817/5|
00000000|MMI|3.59|30%|C3842588|[fndg]|["30%"-tx-27-"30"-integer-0]|TX|1764/2|
00000000|MMI|3.59|Post|C0687676|[tmco]|["Status Post"-tx-6-"status post"-prep-0]|TX|578/11|
00000000|MMI|3.59|Status post|C0231290|[tmco]|["Status post"-tx-6-"status post"-prep-0]|TX|578/11|
00000000|MMI|3.59|Very good|C3641222|[qlco]|["Very well"-tx-28-"very well"-adv-0]|TX|1840/9|
00000000|MMI|3.58|Medication.discharge|C0806915|[fndg]|["Discharge medications"-tx-34-"discharged medications"-noun-0]|TX|2179/10,2206/11|
00000000|MMI|3.58|Pain control|C1304888|[topp]|["Pain control"-tx-35-"pain control"-noun-0]|TX|2333/12|
00000000|MMI|3.57|Integrated Neuromusculoskeletal Release|C1704538|[topp]|["INR"-tx-34-"INR"-noun-0]|TX|2279/3|
00000000|MMI|3.57|More|C0205172|[ftcn]|["More"-tx-2-"more"-adv-0]|TX|197/4|
00000000|MMI|3.57|Started|C1272689|[qlco]|["Started"-tx-26-"started"-verb-0]|TX|1692/7|
00000000|MMI|3.56|Academic degree|C0542560|[inpr]|["degrees"-tx-16-"degrees"-noun-0]|TX|1145/7|
00000000|MMI|3.56|Act Relationship Subset - previous|C1552607|[tmco]|["previous"-tx-34-"previous"-adj-0]|TX|2197/8|
00000000|MMI|3.56|Degree or extent|C0449286|[qnco]|["degrees"-tx-16-"degrees"-noun-0]|TX|1145/7|
00000000|MMI|3.56|Details|C1522508|[qlco]|["Details"-tx-19-"details"-noun-0]|TX|1269/7|
00000000|MMI|3.56|Previous|C0205156|[tmco]|["Previous"-tx-34-"previous"-adj-0]|TX|2197/8|
00000000|MMI|3.56|Surgical transfer - action|C0348011|[ftcn]|["transferred"-tx-21-"transferred"-verb-0]|TX|1363/11|
00000000|MMI|3.56|Transfer Technique|C1705822|[ftcn]|["Transferred"-tx-21-"transferred"-verb-0]|TX|1363/11|
00000000|MMI|3.56|week|C0439230|[tmco]|["WEEKS"-tx-33-"weeks"-noun-0]|TX|2142/5|
00000000|MMI|3.55|Floor (anatomic)|C3714591|[anst]|["Floor"-tx-21-"floor"-noun-0]|TX|1405/5|
00000000|MMI|3.55|Floor - story of building|C1547707|[geoa]|["Floor"-tx-21-"floor"-noun-0]|TX|1405/5|
00000000|MMI|3.55|Surgical repair|C0374711|[topp]|["Repair, NOS"-tx-6-"repair"-noun-0]|TX|601/6|
00000000|MMI|3.55|floor (object)|C0016249|[mnob]|["Floor"-tx-21-"floor"-noun-0]|TX|1405/5|
00000000|MMI|3.55|Limited (extensiveness)|C0439801|[ftcn]|["Limited"-tx-3-"limited"-verb-0]|TX|251/7|
00000000|MMI|3.55|Limited Lifting Ability|C4050251|[inpr]|["Limited"-tx-3-"limited"-verb-0]|TX|251/7|
00000000|MMI|3.55|Limited Walking Ability|C2674459|[fndg]|["Limited"-tx-3-"limited"-verb-0]|TX|251/7|
00000000|MMI|3.55|Limited component (foundation metadata concept)|C3542948|[inpr]|["Limited"-tx-3-"limited"-verb-0]|TX|251/7|
00000000|MMI|3.53|End-stage|C0205088|[qlco]|["End stage"-tx-1-"end-stage"-noun-0]|TX|121/9|
00000000|MMI|3.53|Entire right knee|C1279571|[bpoc]|["Right knee"-tx-5-"right knee"-noun-0]|TX|500/10|
00000000|MMI|3.53|Structure of right knee|C0230431|[bpoc]|["Right knee"-tx-5-"right knee"-noun-0]|TX|500/10|
00000000|MMI|3.50|Dry|C0205222|[qlco]|["Dry"-tx-24-"dry"-adj-0]|TX|1555/3|
00000000|MMI|3.50|Dryness (characteristic)|C1512080|[qlco]|["Dry"-tx-24-"dry"-adj-0]|TX|1555/3|
00000000|MMI|3.50|Good|C0205170|[qlco]|["Well"-tx-18-"well"-adv-0]|TX|1259/4|
00000000|MMI|3.50|Well|C3146287|[mnob]|["Well"-tx-18-"well"-adv-0]|TX|1259/4|
00000000|MMI|3.48|Healed|C0205249|[ftcn]|["Healed"-tx-16-"healed"-adj-0]|TX|1075/6|
00000000|MMI|3.48|Known|C0205309|[qlco]|["Known"-tx-7-"known"-adj-0]|TX|623/5|
00000000|MMI|3.48|Transverse - anatomical location|C0205106|[spco]|["Transverse"-tx-16-"transverse"-adj-0]|TX|1082/10|
00000000|MMI|3.48|Transverse plane|C0446380|[spco]|["Transverse"-tx-16-"transverse"-adj-0]|TX|1082/10|
00000000|MMI|3.46|+5|C0728893|[qnco]|["+5"-tx-1-"5"-fraction-0]|TX|16/1|
00000000|MMI|3.46|>5|C0439084|[qnco]|[">5"-tx-1-"5"-fraction-0]|TX|16/1|
00000000|MMI|3.46|Behavior Rating Inventory of Executive Function|C4050216|[inpr]|["BRIEF"-tx-1-"BRIEF"-adj-0]|TX|26/5|
00000000|MMI|3.46|Brief|C1879313|[tmco]|["Brief"-tx-1-"BRIEF"-adj-0]|TX|26/5|
00000000|MMI|3.46|CALCIUM SUPPLEMENTS|C3540037|[phsu,vita]|["CALCIUM"-tx-12-"calcium"-noun-0]|TX|776/7|
00000000|MMI|3.46|Calcium Drug Class|C3714611|[phsu]|["CALCIUM"-tx-12-"calcium"-noun-0]|TX|776/7|
00000000|MMI|3.46|Calcium [EPC]|C2936886|[phsu]|["Calcium"-tx-12-"calcium"-noun-0]|TX|776/7|
00000000|MMI|3.46|Old|C0580836|[tmco]|["Old"-tx-1-"old"-adj-0]|TX|54/3|
00000000|MMI|3.46|Shortened|C1282927|[qlco]|["brief"-tx-1-"BRIEF"-adj-0]|TX|26/5|
00000000|MMI|3.46|per year|C0439508|[tmco]|["/Year"-tx-1-"year"-noun-0]|TX|49/4|
00000000|MMI|3.46|year|C0439234|[tmco]|["YEAR"-tx-1-"year"-noun-0]|TX|49/4|
00000000|MMI|3.46|50%|C3842586|[fndg]|["50%"-tx-8-"50"-real_number-0]|TX|683/2|
00000000|MMI|3.46|<50|C3843766|[fndg]|["<50"-tx-8-"50"-real_number-0]|TX|683/2|
00000000|MMI|3.45|Magnesium Cation|C2346927|[elii,phsu]|["Mg++"-tx-13-"mg"-noun-0]|TX|813/2|
00000000|MMI|3.45|Milligram percent|C1960952|[qnco]|["mg %"-tx-13-"mg"-noun-0]|TX|813/2|
00000000|MMI|3.45|mg/dL|C0439269|[qnco]|["mg%"-tx-13-"mg"-noun-0]|TX|813/2|
00000000|MMI|3.44|Knee pain|C0231749|[sosy]|["knee pains"-tx-2-"knee pains"-noun-0]|TX|184/10|
00000000|MMI|3.44|Partial Metabolic Response|C4050178|[fndg]|["PMR"-tx-4-"PMR"-noun-0]|TX|469/3|
00000000|MMI|3.44|Physical|C0205485|[ftcn]|["Physical"-tx-30-"physical"-noun-0]|TX|1994/8|
00000000|MMI|3.44|Physical assessment findings|C1509143|[fndg]|["Physical"-tx-30-"physical"-noun-0]|TX|1994/8|
00000000|MMI|3.44|Rehabilitation - specialty|C1306847|[bmod]|["Rehabilitation"-tx-31-"rehabilitation"-noun-0]|TX|2084/14|
00000000|MMI|3.43|Autologous|C0439859|[qlco]|["Autologous"-tx-27-"autologous"-noun-0]|TX|1806/10|
00000000|MMI|3.43|Six|C0205452|[qnco]|["Six"-tx-33-"six"-word_numeral-0]|TX|2138/3|
00000000|MMI|3.43|peripheral blood|C0229664|[bdsu]|["BLOOD"-tx-27-"blood"-noun-0]|TX|1817/5|
00000000|MMI|3.43|1990s