00000000|MMI|7.28|Signature|C1519316|[inpr]|["Signed"-tx-1-"Signed"-noun-0]|TX|[85/6],[140/6]|
00000000|MMI|7.28|signed - ParticipationSignature|C1561610|[inpr]|["signed"-tx-1-"Signed"-noun-0]|TX|[85/6],[140/6]|
00000000|MMI|3.65|Report status|C0586177|[fndg]|["Report status"-tx-1-"Report Status"-noun-0]|TX|125/13|
00000000|MMI|3.64|10 - 12|C3843787|[fndg]|["10 - 12"-tx-1-"10 12"-fraction-0]|TX|40/2,51/2|
00000000|MMI|3.63|Admission date:Time Stamp -- Date and Time:Point in time:^Patient:Quantitative|C2598112|[clna]|["Admission date"-tx-1-"Admission Date"-noun-0]|TX|100/14|
00000000|MMI|3.63|Date of admission|C1302393|[tmco]|["Admission date"-tx-1-"Admission Date"-noun-0]|TX|100/14|
00000000|MMI|3.59|Pyrexia of unknown origin (excl puerperal)|C0856281|[sosy]|["puo"-tx-1-"PUO"-noun-0]|TX|12/3|
00000000|MMI|3.48|Discharge summarization note:Finding:Point in time:{Setting}:Document:{Provider}|C0801840|[clna]|["Discharge summary"-tx-1-"Discharge Summary"-noun-0]|TX|65/17|
00000000|MMI|3.48|Discharge summary|C0743221|[inpr]|["Discharge summary"-tx-1-"Discharge Summary"-noun-0]|TX|65/17|
00000000|MMI|3.46|Diagnostic interview schedule|C0451119|[inpr]|["DIS"-tx-1-"DIS"-noun-0]|TX|94/3|
00000000|MMI|3.46|Discontinued|C1444662|[fndg]|["DIS"-tx-1-"DIS"-noun-0]|TX|94/3|
00000000|MMI|141.33|Patients|C0030705|[podg]|["*^patient"-tx-40-"patient"-noun-0,"*^patient"-tx-38-"patient"-noun-0,"*^patient"-tx-34-"patient"-noun-0,"*^patient"-tx-30-"patient"-noun-0,"*^patient"-tx-29-"patient's"-noun-0,"*^patient"-tx-26-"patient"-noun-0,"*^patient"-tx-25-"patient"-noun-0,"*^patient"-tx-24-"patient"-noun-0,"*^patient"-tx-23-"patient"-noun-0,"*^patient"-tx-9-"patient"-noun-0,"*^patient"-tx-3-"patient"-noun-0,"*^patient"-tx-1-"patient"-noun-0]|TX|3565/7;3280/7;2866/7;2550/7;2491/9;2341/7;2243/7;2166/7;2029/7;786/7;372/7;58/7|M01.643
00000000|MMI|77.79|Abortion consent:Finding:Point in time:^Patient:Document|C2360836|[clna]|["Patient"-tx-40-"patient"-noun-0,"Patient"-tx-38-"patient"-noun-0,"Patient"-tx-34-"patient"-noun-0,"Patient"-tx-30-"patient"-noun-0,"Patient"-tx-29-"patient's"-noun-0,"Patient"-tx-26-"patient"-noun-0,"Patient"-tx-25-"patient"-noun-0,"Patient"-tx-24-"patient"-noun-0,"Patient"-tx-23-"patient"-noun-0,"Patient"-tx-9-"patient"-noun-0,"Patient"-tx-3-"patient"-noun-0,"Patient"-tx-1-"patient"-noun-0]|TX|3565/7;3280/7;2866/7;2550/7;2491/9;2341/7;2243/7;2166/7;2029/7;786/7;372/7;58/7|
00000000|MMI|77.79|Hysterectomy consent:Finding:Point in time:^Patient:Document|C2360838|[clna]|["Patient"-tx-40-"patient"-noun-0,"Patient"-tx-38-"patient"-noun-0,"Patient"-tx-34-"patient"-noun-0,"Patient"-tx-30-"patient"-noun-0,"Patient"-tx-29-"patient's"-noun-0,"Patient"-tx-26-"patient"-noun-0,"Patient"-tx-25-"patient"-noun-0,"Patient"-tx-24-"patient"-noun-0,"Patient"-tx-23-"patient"-noun-0,"Patient"-tx-9-"patient"-noun-0,"Patient"-tx-3-"patient"-noun-0,"Patient"-tx-1-"patient"-noun-0]|TX|3565/7;3280/7;2866/7;2550/7;2491/9;2341/7;2243/7;2166/7;2029/7;786/7;372/7;58/7|
00000000|MMI|77.79|Sterilization consent:Finding:Point in time:^Patient:Document|C2360840|[clna]|["Patient"-tx-40-"patient"-noun-0,"Patient"-tx-38-"patient"-noun-0,"Patient"-tx-34-"patient"-noun-0,"Patient"-tx-30-"patient"-noun-0,"Patient"-tx-29-"patient's"-noun-0,"Patient"-tx-26-"patient"-noun-0,"Patient"-tx-25-"patient"-noun-0,"Patient"-tx-24-"patient"-noun-0,"Patient"-tx-23-"patient"-noun-0,"Patient"-tx-9-"patient"-noun-0,"Patient"-tx-3-"patient"-noun-0,"Patient"-tx-1-"patient"-noun-0]|TX|3565/7;3280/7;2866/7;2550/7;2491/9;2341/7;2243/7;2166/7;2029/7;786/7;372/7;58/7|
00000000|MMI|67.54|Electrocardiogram|C0013798|[fndg]|["EKG"-tx-35-"EKG"-noun-0,"EKG"-tx-22-"EKG"-noun-0,"EKG"-tx-19-"EKG"-noun-0,"EKG"-tx-17-"EKG"-noun-0]|TX|2999/3;2020/3;1797/3;1598/3|E01.370.370.380.240;E01.370.405.240
00000000|MMI|67.54|Electrocardiography|C1623258|[diap]|["EKG"-tx-35-"EKG"-noun-0,"EKG"-tx-22-"EKG"-noun-0,"EKG"-tx-19-"EKG"-noun-0,"EKG"-tx-17-"EKG"-noun-0]|TX|2999/3;2020/3;1797/3;1598/3|E01.370.370.380.240;E01.370.405.240
00000000|MMI|58.37|Aspirin|C0004057|[orch,phsu]|["ASPIRIN"-tx-39-"aspirin"-noun-0,"ASPIRIN"-tx-26-"aspirin"-noun-0]|TX|3367/7;2394/7|D02.455.426.559.389.657.410.595.176
00000000|MMI|54.95|Dyspnea|C0013404|[sosy]|["DYSPNOEA"-tx-34-"dyspnea"-noun-1,"SHORTNESS OF BREATH"-tx-12-"shortness of breath"-noun-0,"SHORTNESS OF BREATH"-tx-9-"shortness of breath"-noun-0,"SHORTNESS OF BREATH"-tx-7-"shortness of breath"-noun-1]|TX|2978/7;1182/19;826/19;691/19|C08.618.326;C23.888.852.371
00000000|MMI|51.30|Portugal|C0032729|[geoa]|["PO"-tx-39-"po"-noun-0]|TX|[3381/2],[3410/2],[3438/2],[3465/2],[3535/2]|Z01.542.727
00000000|MMI|49.79|Blood Pressure|C0005823|[orgf]|["BLOOD PRESSURE"-tx-35-"blood pressure"-noun-0,"BLOOD PRESSURE"-tx-18-"Blood pressure"-noun-0,"BLOOD PRESSURE"-tx-14-"blood pressure"-noun-0]|TX|3092/14;1679/14;1418/14|E01.370.600.875.249;G09.330.380.076
00000000|MMI|49.79|Systemic arterial pressure|C1272641|[fndg]|["Blood pressure"-tx-35-"blood pressure"-noun-0,"Blood pressure"-tx-18-"Blood pressure"-noun-0,"Blood pressure"-tx-14-"blood pressure"-noun-0]|TX|3092/14;1679/14;1418/14|G09.330.380.076.347
00000000|MMI|49.76|Exercise stress test|C0015260|[diap]|["Exercise tolerance test NOS"-tx-34-"exercise tolerance test"-noun-0,"Exercise tolerance test NOS"-tx-7-"exercise tolerance test"-noun-0,"Exercise test"-tx-5-"exercise test"-noun-0]|TX|2884/23;631/23;487/13|E01.370.370.380.250;E01.370.386.700.250;E05.333.250
00000000|MMI|49.66|Nitroglycerin|C0017887|[orch,phsu]|["nitroglycerine"-tx-39-"nitroglycerin"-noun-0,"nitroglycerine"-tx-26-"nitroglycerin"-noun-0,"nitroglycerine"-tx-15-"nitroglycerin"-noun-0]|TX|3493/13;2366/13;1512/13|D02.033.800.421.560;D02.640.636
00000000|MMI|49.32|Chest Pain|C0008031|[sosy]|["CHEST PAIN"-tx-11-"chest pain"-noun-1,"CHEST PAIN"-tx-7-"chest pain"-noun-1,"CHEST PAIN"-tx-5-"chest pain"-noun-1]|TX|943/10;677/10;537/10|C10.597.617.192;C23.888.592.612.233
00000000|MMI|39.25|Atenolol|C0004147|[orch,phsu]|["ATENOLOL"-tx-39-"atenolol"-noun-0,"ATENOLOL"-tx-33-"atenolol"-noun-0]|TX|3420/8;2837/8|D02.033.100.624.698.070;D02.033.755.624.698.070;D02.092.063.624.698.070
00000000|MMI|39.21|Lasix|C0699992|[orch,phsu]|["Lasix"-tx-28-"Lasix"-noun-0,"Lasix"-tx-15-"Lasix"-noun-0]|TX|2453/5;1539/5|D02.065.884.725.300;D02.092.146.807.300;D02.886.590.700.725.300
00000000|MMI|38.99|Lopressor|C0700776|[orch,phsu]|["Lopressor"-tx-27-"Lopressor"-noun-0,"Lopressor"-tx-16-"Lopressor"-noun-0]|TX|2426/9;1579/9|D02.033.100.624.698.573;D02.033.755.624.698.573;D02.092.063.624.698.573
00000000|MMI|35.81|Lisinopril|C0065374|[aapp,phsu]|["Lysinopril"-tx-39-"lisinopril"-noun-0,"Lysinopril"-tx-33-"lisinopril"-noun-0]|TX|3391/10;2850/10|D12.644.456.345.600
00000000|MMI|32.94|Cardiac Catheterization Procedures|C0018795|[hlca]|["Cardiac catheterisation"-tx-23-"cardiac catheterization"-noun-0,"Cardiac catheterisation"-tx-18-"cardiac catheterization"-noun-0]|TX|2047/23;1755/23|E01.370.370.380.140;E02.148.442;E05.157.250
00000000|MMI|32.88|heart rate|C0018810|[clna]|["Heart Rate"-tx-35-"heart rate"-noun-0,"Heart Rate"-tx-25-"heart rate"-noun-0]|TX|3072/10;2284/10|E01.370.600.875.500;G09.330.380.500
00000000|MMI|32.85|Lightheadedness|C0220870|[sosy]|["LIGHTHEADEDNESS"-tx-11-"lightheadedness"-noun-0,"Lightheaded"-tx-5-"lightheaded"-adj-1]|TX|1019/15;513/11|C10.597.751.237;C23.888.592.763.237
00000000|MMI|32.43|Dominican Republic|C0013014|[geoa]|["DR"-tx-40-"Dr"-noun-0,"DR"-tx-3-"Dr"-noun-0]|TX|3593/2;395/2|Z01.107.084.900.300;Z01.639.880.300
00000000|MMI|32.30|Iodides|C0021966|[inch]|["I-"-tx-39-"i"-adv-0,"I-"-tx-21-"I"-noun-0]|TX|3540/1;1955/1|D01.248.497.158.490;D01.475.410
00000000|MMI|30.05|Hypertensive disease|C0020538|[dsyn]|["HYPERTENSIVE DISEASE"-tx-32-"hypertensive disease"-noun-0,"HYPERTENSION"-tx-4-"hypertension"-noun-0,"HYPERTENSION"-tx-2-"hypertension"-noun-0]|TX|2742/20;407/12;263/12|C14.907.489
00000000|MMI|29.46|Heparin|C0019134|[bacs,orch,phsu]|["HEPARIN"-tx-33-"heparin"-noun-0,"HEPARIN"-tx-26-"heparin"-noun-0]|TX|2789/7;2382/7|D09.698.373.400
00000000|MMI|29.46|Vomiting|C0042963|[sosy]|["VOMITING"-tx-12-"vomiting"-verb-0,"VOMITING"-tx-11-"vomiting"-noun-0]|TX|1289/8;999/8|C23.888.821.937
00000000|MMI|27.26|Atropine|C0004259|[orch,phsu]|["ATROPINE"-tx-25-"atropine"-noun-0]|TX|2327/8|D02.145.074.722.229.199;D03.132.760.180.572.199;D03.132.889.180.648.199;D03.605.869.229.199;D04.075.080.875.099.722.229.199
00000000|MMI|27.26|Jogging|C0022400|[dora]|["Jogging"-tx-8-"jogging"-noun-0]|TX|742/7|G11.427.590.530.568.610.320;G11.427.590.530.698.277.750.320;I03.350.750.320;I03.450.642.845.610.320
00000000|MMI|26.74|Nausea|C0027497|[sosy]|["NAUSEA"-tx-12-"nausea"-noun-0,"NAUSEA"-tx-11-"nausea"-noun-0]|TX|1280/6;988/6|C23.888.821.712
00000000|MMI|26.24|Common Cold|C0009443|[dsyn]|["Cold"-tx-10-"cold"-noun-0,"Head cold"-tx-10-"head cold"-noun-0]|TX|888/4;883/9|C02.782.687.207;C08.730.162
00000000|MMI|26.16|Mongolia|C0026410|[geoa]|["MG"-tx-39-"mg"-noun-0,"MG"-tx-16-"mg"-noun-0]|TX|3532/2;1594/2|Z01.252.474.651
00000000|MMI|26.13|Rest|C0035253|[dora]|["Resting"-tx-35-"resting"-adj-0,"Rest"-tx-12-"rest"-noun-0]|TX|2991/7;1215/4|I03.450.769.647
00000000|MMI|26.08|Physicians|C0031831|[prog]|["DR"-tx-40-"Dr"-noun-0,"DR"-tx-3-"Dr"-noun-0]|TX|3593/2;395/2|M01.526.485.810;N02.360.810
00000000|MMI|25.71|Residual volume|C0035190|[clna]|["RV"-tx-23-"RV"-noun-0]|TX|2120/2|E01.370.386.700.485.750.275.650;G09.772.850.390.820
00000000|MMI|24.11|therapeutic aspects|C0039798|[ftcn]|["treatment"-tx-18-"treatment"-noun-0]|TX|1716/9|x.x.x.x.x.x.x
00000000|MMI|22.68|risk factors|C0035648|[qnco]|["Risk Factors"-tx-2-"risk factors"-noun-0]|TX|209/12|E05.318.740.600.800.725;N05.715.350.200.700;N05.715.360.750.625.700.700;N06.850.490.625.750;N06.850.520.830.600.800.725
00000000|MMI|22.48|Cold Temperature|C0009264|[npop]|["Cold"-tx-10-"cold"-noun-0]|TX|888/4|G01.906.595.272;G16.500.275.063.725.710.300;G16.500.750.775.710.300;N06.230.300.100.725.154;N06.230.300.100.725.710.300
00000000|MMI|22.37|Walking (activity)|C0080331|[dora]|["Walk"-tx-9-"walked"-adj-0]|TX|794/6|G11.427.590.530.568.900;G11.427.590.530.698.277.937;I03.350.937;I03.450.642.845.940
00000000|MMI|22.36|Percutaneous Transluminal Coronary Angioplasty|C2936173|[topp]|["PTCA"-tx-24-"PTCA"-noun-0]|TX|2233/4|E02.148.050.060.100;E04.100.376.719.100;E04.100.814.529.124.060.100;E04.100.814.529.968.050;E04.502.382.124.060.100;E04.502.382.968.050;E04.928.220.520.100;E05.157.016.060.100
00000000|MMI|21.73|Emotions|C0013987|[menp]|["feel"-tx-32-"felt"-verb-0,"feel"-tx-5-"felt"-verb-0]|TX|[2627/4],[2695/4];508/4|F01.470
00000000|MMI|20.95|Accident and Emergency department|C0562508|[hcro]|["EMERGENCY ROOM"-tx-14-"emergency room"-noun-0]|TX|1394/14|N02.278.216.500.968.336;N02.421.297.195;N04.452.442.422.336
00000000|MMI|20.95|Exercise|C0015259|[dora]|["Exercises"-tx-8-"exercises"-verb-0]|TX|715/9|G11.427.590.530.698.277;I03.350
00000000|MMI|20.95|Morphine|C0026549|[orch,phsu]|["MORPHINE"-tx-15-"morphine"-noun-0]|TX|1528/8|D03.132.577.249.562.571;D03.549.686.607.587;D03.605.497.607.587;D04.615.723.795.576.571
00000000|MMI|19.82|Back|C0004600|[blor]|["BACK"-tx-31-"back"-adj-0,"BACK"-tx-29-"back"-adj-0]|TX|2605/4;2520/4|A01.923.176
00000000|MMI|19.40|Axis vertebra|C0004457|[bpoc]|["Axis"-tx-19-"axis"-noun-0]|TX|1848/4|A02.835.232.834.151.383
00000000|MMI|19.25|Patient Discharge|C0030685|[hlca]|["Discharge"-tx-39-"discharge"-noun-0]|TX|3348/9|E02.204.125;E02.760.400.610;N02.421.192.125;N02.421.585.400.610;N04.590.233.727.210.125
00000000|MMI|18.16|Oral|C0442027|[spco]|["PO"-tx-39-"po"-noun-0]|TX|[3381/2],[3410/2],[3438/2],[3465/2],[3535/2]|
00000000|MMI|17.80|Dizziness|C0012833|[sosy]|["Lightheadedness"-tx-11-"lightheadedness"-noun-0]|TX|1019/15|C10.597.751.237;C23.888.592.763.237
00000000|MMI|17.80|Pyridium|C0034259|[orch,phsu]|["Pyridium"-tx-39-"Pyridium"-noun-0]|TX|3517/8|D03.383.725.050.610
00000000|MMI|17.80|Togo|C0040363|[geoa]|["TO"-tx-13-"to"-adv-0]|TX|1374/2|Z01.058.290.190.800
00000000|MMI|17.80|Tryptophanase|C0041260|[aapp,enzy]|["TO"-tx-13-"to"-adv-0]|TX|1374/2|D08.811.520.224.800
00000000|MMI|16.33|Acute Anterior Wall Myocardial Infarction|C2349195|[dsyn]|["Acute anterior myocardial infarction"-tx-1-"acute anterior myocardial infarction"-noun-0]|TX|133/36|C14.280.647.500.093;C14.907.585.500.093
00000000|MMI|16.30|Martinique|C0024853|[geoa]|["MB"-tx-29-"MB's"-noun-0]|TX|2540/4|Z01.107.084.900.600;Z01.639.880.600
00000000|MMI|16.21|Narcan|C0684237|[orch,phsu]|["Narcan"-tx-25-"Narcan"-noun-0]|TX|2316/6|D03.132.577.249.706;D03.549.686.750;D03.605.497.750;D04.615.723.795.706
00000000|MMI|16.16|Dysuria|C0013428|[sosy]|["DYSURIA"-tx-37-"dysuria"-noun-0]|TX|3185/7|C23.888.942.343.274
00000000|MMI|16.09|Anterior myocardial infarction|C0340293|[dsyn]|["Anterior myocardial infarction"-tx-35-"anterior myocardial infarction"-noun-0]|TX|3022/8,3038/21|C14.280.647.500.093;C14.907.585.500.093
00000000|MMI|16.05|Bicycling (recreational activity)|C0005377|[dora]|["Bike"-tx-5-"bike"-noun-0]|TX|470/4|I03.450.642.845.140
00000000|MMI|16.05|Ivory Coast|C0022326|[geoa]|["IV"-tx-28-"IV"-noun-0]|TX|2450/2|Z01.058.290.190.272
00000000|MMI|16.04|Saint Lucia|C0036056|[geoa]|["ST"-tx-17-"ST"-noun-0]|TX|1630/2|Z01.107.084.900.825;Z01.639.880.825
00000000|MMI|14.94|milligram/day|C0439422|[qnco]|["mg day"-tx-39-"mg day"-noun-0,"mg day"-tx-39-"mg days"-noun-0,"mg/d"-tx-39-"mg d"-noun-0]|TX|[3407/2,3415/3],[3435/2,3443/3];3532/2,3555/4;3532/2,3542/1|
00000000|MMI|14.64|Electromagnetic Radiation|C0034519|[npop]|["Radiation"-tx-12-"radiation"-noun-0]|TX|1254/9|G01.358.500.505;G01.750.250
00000000|MMI|14.64|Magnesium|C0024467|[elii]|["MAGNESIUM"-tx-28-"magnesium"-noun-0]|TX|2476/9|D01.268.552.437;D01.268.557.500;D01.552.547.500;x.x.x.x
00000000|MMI|14.64|Rales|C0034642|[sosy]|["RALES"-tx-14-"rales"-noun-0]|TX|1469/5|C23.888.852.779;E01.370.386.720;G09.772.775
00000000|MMI|14.40|Admission activity|C0809949|[hlca]|["Admission"-tx-12-"admission"-noun-0,"Admission"-tx-9-"admission"-noun-0,"Admitted"-tx-6-"admitted"-verb-0,"Admitted"-tx-1-"admitted"-verb-0]|TX|1115/9;770/9;556/8;119/8|
00000000|MMI|14.40|Hospital admission|C0184666|[hlca]|["Admission"-tx-12-"admission"-noun-0,"Admission"-tx-9-"admission"-noun-0,"admitted"-tx-6-"admitted"-verb-0,"admitted"-tx-1-"admitted"-verb-0]|TX|1115/9;770/9;556/8;119/8|
00000000|MMI|14.35|Apical segmental vein|C0507238|[bpoc]|["V1"-tx-21-"V1"-noun-0,"V1"-tx-17-"V1"-noun-0]|TX|[1928/2],[1976/2];[1616/2],[1647/2]|
00000000|MMI|14.35|V1 stage|C0457422|[fndg]|["V1"-tx-21-"V1"-noun-0,"V1"-tx-17-"V1"-noun-0]|TX|[1928/2],[1976/2];[1616/2],[1647/2]|
00000000|MMI|13.61|Time|C0040223|[tmco]|["times"-tx-39-"times"-noun-0,"TIME"-tx-10-"time"-noun-0]|TX|3545/5;927/4|G01.910
00000000|MMI|13.10|Coughing|C0010200|[sosy]|["COUGH"-tx-10-"cough"-noun-0]|TX|913/5|C08.618.248;C23.888.852.293
00000000|MMI|13.09|Paraguay|C0030428|[geoa]|["PA"-tx-23-"PA"-noun-0]|TX|2131/2|Z01.107.757.656
00000000|MMI|12.93|Set (Psychology)|C0036849|[menp]|["Set"-tx-29-"set"-adj-0]|TX|2507/3|F02.463.425.838
00000000|MMI|12.91|Myocardial Infarction|C0027051|[dsyn]|["Infarction, Myocardial"-tx-6-"myocardial infarction"-noun-1]|TX|598/21|C14.280.647.500;C14.907.585.500
00000000|MMI|12.90|Diabetes Mellitus|C0011849|[dsyn]|["Diabetes"-tx-2-"diabetes"-noun-1]|TX|358/8|C18.452.394.750;C19.246
00000000|MMI|12.90|Diuresis|C0012797|[ortf]|["Diuresis"-tx-28-"diuresis"-noun-0]|TX|2463/8|G08.852.796.241
00000000|MMI|12.89|Blood capillaries|C0006901|[bpoc]|["Capillary"-tx-23-"capillary"-noun-0]|TX|2096/9|A07.231.461.165
00000000|MMI|12.12|Show|C1547282|[anim]|["Show"-tx-35-"showed"-verb-0,"Show"-tx-19-"showed"-verb-0,"Show"-tx-17-"showed"-verb-0]|TX|3003/6;1801/6;1602/6|
00000000|MMI|11.61|Shortness of breath:-:Point in time:^Patient:-|C2707305|[clna]|["Shortness of breath"-tx-12-"shortness of breath"-noun-0,"Shortness of breath"-tx-9-"shortness of breath"-noun-0,"Shortness of breath"-tx-7-"shortness of breath"-noun-0]|TX|1182/19;826/19;691/19|
00000000|MMI|11.49|Electrophoresis|C0013855|[lbpr]|["ELECTROPHORESIS"-tx-31-"electrophoresis"-noun-0]|TX|2584/15|E05.196.401;E05.301.300
00000000|MMI|11.49|Hypotension|C0020649|[fndg]|["Blood Pressure, Decreased"-tx-25-"decreased blood pressure"-noun-0]|TX|2255/24|C14.907.514
00000000|MMI|11.49|Physical therapy exercises|C0452240|[topp]|["Exercises"-tx-8-"exercises"-verb-0]|TX|715/9|E02.779.483;E02.831.387
00000000|MMI|11.49|Pulmonary Edema|C0034063|[dsyn]|["PULMONARY OEDEMA"-tx-32-"pulmonary edema"-noun-0]|TX|2705/15|C08.381.742
00000000|MMI|11.33|Blood pressure finding|C1271104|[fndg]|["Blood Pressure"-tx-35-"blood pressure"-noun-0,"Blood Pressure"-tx-18-"Blood pressure"-noun-0,"Blood Pressure"-tx-14-"blood pressure"-noun-0]|TX|3092/14;1679/14;1418/14|
00000000|MMI|11.32|Treated with|C0332293|[topp]|["Treated with"-tx-26-"treated with"-verb-0,"Treated with"-tx-25-"treated with"-verb-0,"Treated with"-tx-15-"treated with"-verb-0]|TX|2353/12;2303/12;1499/12|
00000000|MMI|11.21|Glonoine, nitroglycerine, Homeopathic preparation|C0885378|[orch,phsu]|["nitroglycerine"-tx-39-"nitroglycerin"-noun-0,"nitroglycerine"-tx-26-"nitroglycerin"-noun-0,"nitroglycerine"-tx-15-"nitroglycerin"-noun-0]|TX|3493/13;2366/13;1512/13|
00000000|MMI|10.87|Chest pain:Finding:Point in time:^Patient:Ordinal|C2926613|[clna]|["Chest pain"-tx-11-"chest pain"-noun-0,"Chest pain"-tx-7-"chest pain"-noun-0,"Chest pain"-tx-5-"chest pain"-noun-0]|TX|943/10;677/10;537/10|
00000000|MMI|10.42|Doctor of Medicine|C1512018|[inpr]|["M.D."-tx-45-"M.D"-noun-0,"M.D."-tx-43-"M.D"-noun-0]|TX|3682/3;3640/3|
00000000|MMI|10.42|Increased sweating|C0700590|[sosy]|["DIAPHORESIS"-tx-12-"diaphoresis"-noun-0,"DIAPHORESIS"-tx-11-"diaphoresis"-noun-0]|TX|1302/11;967/11|
00000000|MMI|10.42|Vomiting Adverse Event|C1963281|[patf]|["Vomiting"-tx-12-"vomiting"-verb-0,"Vomiting"-tx-11-"vomiting"-noun-0]|TX|1289/8;999/8|
00000000|MMI|10.42|heparin, porcine|C0770546|[bacs,orch,phsu]|["HEPARIN"-tx-33-"heparin"-noun-0,"HEPARIN"-tx-26-"heparin"-noun-0]|TX|2789/7;2382/7|
00000000|MMI|9.88|Historical aspects qualifier|C0019665|[ftcn]|["history"-tx-2-"history"-noun-0]|TX|347/7|x.x.x
00000000|MMI|9.87|Universities|C0041740|[mnob,orgt]|["University"-tx-13-"University"-noun-0]|TX|1337/10|I02.783.830
00000000|MMI|9.87|Upper Respiratory Infections|C0041912|[dsyn]|["Cold"-tx-10-"cold"-noun-0]|TX|888/4|C01.539.739;C08.730
00000000|MMI|9.85|Males|C0086582|[orga]|["MALE"-tx-1-"male"-noun-0]|TX|83/4|x.x.x
00000000|MMI|9.74|Economic Inflation|C0021398|[qnco]|["Inflation"-tx-24-"inflation"-noun-0]|TX|2203/9|N03.219.680
00000000|MMI|8.34|Radiation|C0851346|[npop]|["Radiation"-tx-12-"radiation"-noun-0]|TX|1254/9|G01.750
00000000|MMI|8.34|Therapeutic radiology procedure|C1522449|[topp]|["RADIATION"-tx-12-"radiation"-noun-0]|TX|1254/9|E02.815
00000000|MMI|7.70|Nausea Adverse Event|C1963179|[patf]|["Nausea"-tx-12-"nausea"-noun-0,"Nausea"-tx-11-"nausea"-noun-0]|TX|1280/6;988/6|
00000000|MMI|7.57|Obstruction|C0028778|[patf]|["occluded"-tx-23-"occluded"-verb-0,"Block"-tx-9-"block"-noun-0]|TX|2148/8;805/5|
00000000|MMI|7.47|Daily|C0332173|[tmco]|["/day"-tx-12-"day"-noun-0,"Daily"-tx-8-"daily"-adj-0]|TX|1108/3;725/5|
00000000|MMI|7.45|Inverted T wave|C0520888|[fndg]|["T Wave Inversion"-tx-21-"T wave inversion"-noun-0,"T Wave Inversion"-tx-17-"T wave inversions"-noun-0]|TX|1935/16;1660/17|
00000000|MMI|7.44|One day|C3844320|[fndg]|["One day"-tx-39-"one day"-noun-0,"One day"-tx-7-"one day"-noun-0]|TX|3377/3,3386/3;655/7|
00000000|MMI|7.31|Including (qualifier)|C0332257|[ftcn]|["included"-tx-39-"included"-adj-0,"include"-tx-2-"include"-verb-0]|TX|3358/8;222/7|
00000000|MMI|7.29|Exercise stress ECG test|C1304755|[diap]|["Exercise tolerance test"-tx-34-"exercise tolerance test"-noun-0,"Exercise tolerance test"-tx-7-"exercise tolerance test"-noun-0]|TX|2884/23;631/23|
00000000|MMI|7.29|100%|C3817553|[qnco]|["100%"-tx-39-"100"-integer-0,"100%"-tx-37-"100"-integer-0]|TX|3431/3;3225/3|
00000000|MMI|7.27|History of present illness|C0262512|[orga]|["History, NOS"-tx-2-"history"-noun-0,"HISTORY OF PRESENT ILLNESS"-tx-1-"HISTORY OF PRESENT ILLNESS"-noun-0]|TX|347/7;26/26|
00000000|MMI|7.27|Hypertension Adverse Event|C1963138|[fndg]|["Hypertension"-tx-4-"hypertension"-noun-0,"Hypertension"-tx-2-"hypertension"-noun-0]|TX|407/12;263/12|
00000000|MMI|7.13|Magnesium Cation|C2346927|[elii,phsu]|["Mg++"-tx-39-"mg"-noun-0,"Mg++"-tx-16-"mg"-noun-0]|TX|3532/2;1594/2|
00000000|MMI|7.13|Milligram percent|C1960952|[qnco]|["mg %"-tx-39-"mg"-noun-0,"mg %"-tx-16-"mg"-noun-0]|TX|3532/2;1594/2|
00000000|MMI|7.13|mg/dL|C0439269|[qnco]|["mg%"-tx-39-"mg"-noun-0,"mg%"-tx-16-"mg"-noun-0]|TX|3532/2;1594/2|
00000000|MMI|7.12|Back structure, excluding neck|C1995000|[blor]|["Back, NOS"-tx-31-"back"-adj-0,"Back, NOS"-tx-29-"back"-adj-0]|TX|2605/4;2520/4|
00000000|MMI|7.12|Back structure, including back of neck|C0460009|[blor]|["Back"-tx-31-"back"-adj-0,"Back"-tx-29-"back"-adj-0]|TX|2605/4;2520/4|
00000000|MMI|7.12|Dorsal|C0205095|[spco]|["BACK"-tx-31-"back"-adj-0,"BACK"-tx-29-"back"-adj-0]|TX|2605/4;2520/4|
00000000|MMI|7.07|30%|C3842588|[fndg]|["30%"-tx-23-"30"-fraction-0,"30%"-tx-23-"30"-integer-0]|TX|[2115/2],[2137/2];[2115/2],[2137/2]|
00000000|MMI|7.06|Before|C0332152|[tmco]|["Prior"-tx-22-"prior"-adj-0,"Prior to"-tx-9-"prior to"-prep-0]|TX|2014/5;761/8|
00000000|MMI|7.05|Delayed Release Dosage Form|C1707664|[bodm]|["DR"-tx-40-"Dr"-noun-0,"DR"-tx-3-"Dr"-noun-0]|TX|3593/2;395/2|
00000000|MMI|7.05|Device to Subject Relationship Domain|C3540849|[inpr]|["DR"-tx-40-"Dr"-noun-0,"DR"-tx-3-"Dr"-noun-0]|TX|3593/2;395/2|
00000000|MMI|7.05|Doctor - Title|C2348314|[cnce]|["Dr."-tx-40-"Dr"-noun-0,"Dr."-tx-3-"Dr"-noun-0]|TX|3593/2;395/2|
00000000|MMI|7.01|Out (direction)|C0439787|[spco]|["Out"-tx-32-"out"-prep-0,"Out"-tx-6-"out"-adv-0]|TX|2769/3;594/3|
00000000|MMI|7.01|Removed|C0849355|[qlco]|["Out"-tx-32-"out"-prep-0,"Out"-tx-6-"out"-adv-0]|TX|2769/3;594/3|
00000000|MMI|7.01|Increasing|C0442808|[ftcn]|["Increasing"-tx-17-"increasing"-noun-0,"Increasing"-tx-12-"increasing"-adj-0]|TX|1633/10;1171/10|
00000000|MMI|7.01|Mild (qualifier value)|C2945599|[qlco]|["MILD"-tx-36-"mild"-adj-0,"MILD"-tx-11-"mild"-adj-0]|TX|3131/4;983/4|
00000000|MMI|6.97|Incision and drainage|C0152277|[topp]|["i d"-tx-39-"i.d"-adv-0]|TX|[3470/3],[3540/3]|
00000000|MMI|6.96|Positive|C1446409|[qlco]|["Positive"-tx-14-"positive"-adj-0,"rule"-tx-6-"rule"-noun-0]|TX|1479/8;589/4|
00000000|MMI|6.94|Approximate|C0332232|[qlco]|["Approximately"-tx-11-"approximately"-adv-0,"Approximately"-tx-5-"Approximately"-adv-0]|TX|1065/13;421/13|
00000000|MMI|6.94|One|C0205447|[qnco]|["ONE"-tx-11-"one"-noun-0,"ONE"-tx-9-"one"-noun-0]|TX|1079/3;801/3|
00000000|MMI|6.93|+2|C0740116|[qnco]|["+2"-tx-47-"2"-fraction-0,"+2"-tx-1-"2"-fraction-0]|TX|3739/1;16/1|
00000000|MMI|6.93|2+|C3833492|[fndg]|["2+"-tx-47-"2"-fraction-0,"2+"-tx-1-"2"-fraction-0]|TX|3739/1;16/1|
00000000|MMI|6.93|2+ Score|C2827735|[qnco]|["2+"-tx-47-"2"-fraction-0,"2+"-tx-1-"2"-fraction-0]|TX|3739/1;16/1|
00000000|MMI|6.93|2+ Score, WHO|C2981700|[clas]|["2+"-tx-47-"2"-fraction-0,"2+"-tx-1-"2"-fraction-0]|TX|3739/1;16/1|
00000000|MMI|6.93|PFDN5 gene|C1418486|[gngm]|["MM-1"-tx-21-"1 mm"-noun-0,"MM-1"-tx-17-"1 mm"-noun-0]|TX|1918/1,1922/2;1623/1,1627/2|
00000000|MMI|6.92|Blood group antibody I|C0221138|[aapp,imft]|["I NOS"-tx-39-"i"-adv-0,"I NOS"-tx-21-"I"-noun-0]|TX|3540/1;1955/1|
00000000|MMI|6.72|History|C0019664|[ocdi]|["History"-tx-2-"history"-noun-0]|TX|347/7|K01.400
00000000|MMI|6.63|Heart|C0018787|[bpoc]|["Cardiac"-tx-2-"cardiac"-adj-0]|TX|201/7|A07.541
00000000|MMI|5.18|50%|C3842586|[fndg]|["50%"-tx-23-"50"-percentage-0]|TX|2157/2|
00000000|MMI|5.18|<50|C3843766|[fndg]|["<50"-tx-23-"50"-percentage-0]|TX|2157/2|
00000000|MMI|5.18|Acute Myocardial Infarction by ECG Finding|C3541950|[fndg]|["Acute Myocardial Infarction"-tx-32-"acute myocardial infarction"-noun-0]|TX|2640/27|
00000000|MMI|5.18|Acute myocardial infarction|C0155626|[dsyn]|["Acute Myocardial Infarction"-tx-32-"acute myocardial infarction"-noun-0]|TX|2640/27|
00000000|MMI|5.18|Administration procedure|C1533734|[topp]|["Treatment"-tx-18-"treatment"-noun-0]|TX|1716/9|
00000000|MMI|5.18|Atropinum, atropine|C1161352|[phsu]|["atropine"-tx-25-"atropine"-noun-0]|TX|2327/8|
00000000|MMI|5.18|Bactrim DS|C1154231|[orch,phsu]|["Bactrim DS"-tx-39-"Bactrim DS"-noun-0]|TX|3448/10|
00000000|MMI|5.18|Basilar Rales|C0240859|[fndg]|["Rales"-tx-14-"rales"-noun-0]|TX|1469/5|
00000000|MMI|5.18|Biomaterial Treatment|C1705169|[cnce]|["Treatment"-tx-18-"treatment"-noun-0]|TX|1716/9|
00000000|MMI|5.18|Complete|C0205197|[qlco]|["COMPLETED"-tx-34-"completed"-verb-0]|TX|2917/9|
00000000|MMI|5.18|Decreased Blood Pressure [PE]|C2917141|[ortf]|["Decreased Blood Pressure"-tx-25-"decreased blood pressure"-noun-0]|TX|2255/24|
00000000|MMI|5.18|Dietary Magnesium|C2348270|[elii]|["MAGNESIUM"-tx-28-"magnesium"-noun-0]|TX|2476/9|
00000000|MMI|5.18|Discharge date|C2361123|[tmco]|["Discharge date"-tx-1-"Discharge Date"-noun-0]|TX|0/14|
00000000|MMI|5.18|Discharge date:Time Stamp -- Date and Time:Point in time:^Patient:Quantitative|C2361122|[clna]|["Discharge date"-tx-1-"Discharge Date"-noun-0]|TX|0/14|
00000000|MMI|5.18|Discontinued|C1444662|[fndg]|["Discontinued"-tx-33-"discontinued"-verb-0]|TX|2801/12|
00000000|MMI|5.18|Disposition|C0743223|[idcn]|["Disposition"-tx-38-"DISPOSITION"-noun-0]|TX|3263/11|
00000000|MMI|5.18|Disposition Domain|C1705555|[inpr]|["Disposition"-tx-38-"DISPOSITION"-noun-0]|TX|3263/11|
00000000|MMI|5.18|Entity Name Part Type - given|C1550718|[idcn]|["given"-tx-28-"given"-verb-0]|TX|2444/5|
00000000|MMI|5.18|Exercise Pain Management|C1522704|[topp]|["Exercise"-tx-8-"exercises"-verb-0]|TX|715/9|
00000000|MMI|5.18|Family History Domain|C1705495|[idcn]|["Family History"-tx-2-"family history"-noun-0]|TX|278/14|
00000000|MMI|5.18|Family history|C0241889|[fndg]|["FAMILY HISTORY"-tx-2-"family history"-noun-0]|TX|278/14|
00000000|MMI|5.18|GIVEN|C1442162|[cnce]|["GIVEN"-tx-28-"given"-verb-0]|TX|2444/5|
00000000|MMI|5.18|Give - dosing instruction imperative|C1947971|[ftcn]|["Given"-tx-28-"given"-verb-0]|TX|2444/5|
00000000|MMI|5.18|Given name|C3244317|[inpr]|["given"-tx-28-"given"-verb-0]|TX|2444/5|
00000000|MMI|5.18|Hospital course|C0489547|[fndg]|["Hospital course"-tx-19-"HOSPITAL COURSE"-noun-0]|TX|1780/15|
00000000|MMI|5.18|Hospital course:Finding:Point in time:^Patient:Narrative|C0488549|[clna]|["Hospital course"-tx-19-"HOSPITAL COURSE"-noun-0]|TX|1780/15|
00000000|MMI|5.18|Include (action)|C2700399|[acty]|["Include"-tx-2-"include"-verb-0]|TX|222/7|
00000000|MMI|5.18|Magnesium Drug Class|C3714621|[phsu]|["MAGNESIUM"-tx-28-"magnesium"-noun-0]|TX|2476/9|
00000000|MMI|5.18|Magnesium supplements|C3540792|[inch,phsu]|["Magnesium"-tx-28-"magnesium"-noun-0]|TX|2476/9|
00000000|MMI|5.18|Medications:-:Point in time:^Patient:-|C2598133|[clna]|["Medications"-tx-39-"MEDICATIONS"-noun-0]|TX|3332/11|
00000000|MMI|5.18|Medications:Presence or Identity:Duration of the study:^Patient:Nominal|C0802604|[clna]|["Medications"-tx-39-"MEDICATIONS"-noun-0]|TX|3332/11|
00000000|MMI|5.18|New|C0205314|[qlco]|["NEW"-tx-22-"new"-adj-0]|TX|1996/3|
00000000|MMI|5.18|Occluded|C1947917|[ftcn]|["Occluded"-tx-23-"occluded"-verb-0]|TX|2148/8|
00000000|MMI|5.18|Palpitations|C0030252|[fndg]|["PALPITATIONS"-tx-11-"palpitations"-noun-0]|TX|1044/12|
00000000|MMI|5.18|Palpitations Adverse Event|C3160712|[fndg]|["Palpitations"-tx-11-"palpitations"-noun-0]|TX|1044/12|
00000000|MMI|5.18|Per Liter|C3642217|[qnco]|["/L"-tx-21-"L"-noun-0]|TX|1959/1|
00000000|MMI|5.18|Pharmaceutical Preparations|C0013227|[phsu]|["Medications"-tx-39-"MEDICATIONS"-noun-0]|TX|3332/11|D26
00000000|MMI|5.18|Posterior segmental vein|C0507237|[bpoc]|["V2"-tx-21-"V2"-noun-0]|TX|1983/2|
00000000|MMI|5.18|Radiation Ionizing Radiotherapy|C1524020|[topp]|["Radiation"-tx-12-"radiation"-noun-0]|TX|1254/9|
00000000|MMI|5.18|Radiotherapy Research|C1524021|[resa]|["Radiation"-tx-12-"radiation"-noun-0]|TX|1254/9|
00000000|MMI|5.18|Ramus Intermedius Artery|C3538818|[bpoc]|["RAMUS"-tx-23-"ramus"-noun-0]|TX|2142/5|
00000000|MMI|5.18|Revealed|C0443289|[qlco]|["Revealed"-tx-23-"revealed"-verb-0]|TX|2077/8|
00000000|MMI|5.18|Stable Disease|C0677946|[fndg]|["Stable condition"-tx-38-"stable condition"-noun-0]|TX|3314/16|
00000000|MMI|5.18|Stable chronic Graft vs Host Disease|C3538874|[fndg]|["Stable condition"-tx-38-"stable condition"-noun-0]|TX|3314/16|
00000000|MMI|5.18|TRGV9 gene|C1421140|[gngm]|["V2"-tx-21-"V2"-noun-0]|TX|1983/2|
00000000|MMI|5.18|Therapeutic procedure|C0087111|[topp]|["Treatment"-tx-18-"treatment"-noun-0]|TX|1716/9|E02
00000000|MMI|5.18|Time (foundation metadata concept)|C3541383|[tmco]|["Time"-tx-10-"time"-noun-0]|TX|927/4|
00000000|MMI|5.18|To|C1883351|[qlco]|["To"-tx-13-"to"-adv-0]|TX|1374/2|
00000000|MMI|5.18|Treating|C1522326|[ftcn]|["Treatment"-tx-18-"treatment"-noun-0]|TX|1716/9|
00000000|MMI|5.18|Treatment Epoch|C3538994|[resa]|["TREATMENT"-tx-18-"treatment"-noun-0]|TX|1716/9|
00000000|MMI|5.18|Unable|C1299582|[fndg]|["Unable"-tx-13-"unable"-adj-0]|TX|1367/6|
00000000|MMI|5.18|Unit of radiation dose|C0560559|[qnco]|["Radiation"-tx-12-"radiation"-noun-0]|TX|1254/9|
00000000|MMI|5.18|V2 stage|C0457423|[fndg]|["V2"-tx-21-"V2"-noun-0]|TX|1983/2|
00000000|MMI|5.18|completed - RoleLinkStatus|C3854010|[idcn]|["completed"-tx-34-"completed"-verb-0]|TX|2917/9|
00000000|MMI|5.18|include - SetOperator|C1552866|[idcn]|["include"-tx-2-"include"-verb-0]|TX|222/7|
00000000|MMI|5.18|liter/second|C0439394|[qnco]|["l's"-tx-21-"L"-noun-0]|TX|1959/1|
00000000|MMI|5.18|treatment - ActInformationManagementReason|C3887704|[hlca]|["treatment"-tx-18-"treatment"-noun-0]|TX|1716/9|
00000000|MMI|5.18|upper case letter ell|C1706495|[inpr]|["L-"-tx-21-"L"-noun-0]|TX|1959/1|
00000000|MMI|4.19|Discharge to home|C0184713|[topp]|["Discharge to home"-tx-38-"discharged to home"-noun-0]|TX|3292/18|
00000000|MMI|4.12|Left atrial abnormality|C0344711|[cgab]|["Left atrial abnormality"-tx-20-"left atrial abnormalities"-noun-0]|TX|1865/25|
00000000|MMI|4.12|P mitrale (finding)|C0232310|[fndg]|["LEFT ATRIAL ABNORMALITY"-tx-20-"left atrial abnormalities"-noun-0]|TX|1865/25|
00000000|MMI|3.98|Last|C1517741|[qlco]|["Last"-tx-11-"lasting"-verb-0]|TX|1057/7|
00000000|MMI|3.81|One Year Ago|C3898100|[qlco]|["One Year Ago"-tx-5-"one year ago"-noun-0]|TX|435/12|
00000000|MMI|3.77|History of hypercholesterolemia|C1533076|[fndg]|["History of hypercholesterolemia"-tx-2-"history of hypercholesterolemia"-noun-0]|TX|308/31|
00000000|MMI|3.75|5/5|C0450380|[qnco]|["5/5"-tx-47-"5/5"-fraction-0]|TX|3750/3|
00000000|MMI|3.75|Poor historian|C0439048|[fndg]|["Poor historian"-tx-1-"poor historian"-noun-0]|TX|181/14|
00000000|MMI|3.75|Registered nurse|C0687673|[prog]|["R.N."-tx-39-"r.n"-adj-0]|TX|3511/3|
00000000|MMI|3.75|risk factors - observation list|C1553898|[inpr]|["risk factors"-tx-2-"risk factors"-noun-0]|TX|209/12|
00000000|MMI|3.72|Gram-negative bacillus|C0314752|[bact]|["Gram-negative rods"-tx-37-"gram negative rods"-noun-0]|TX|3243/18|
00000000|MMI|3.72|Followed by|C0332283|[tmco]|["Followed by"-tx-3-"followed by"-verb-0]|TX|383/11|
00000000|MMI|3.68|Normal sinus rhythm|C0232202|[fndg]|["NORMAL SINUS RHYTHM"-tx-19-"normal sinus rhythm"-noun-0]|TX|1808/19|
00000000|MMI|3.68|Pain in left arm|C0564820|[sosy]|["left arm pain"-tx-24-"left arm pain"-noun-0]|TX|2184/13|
00000000|MMI|3.68|% index|C1637833|[qnco]|["% index"-tx-46-"Index"-noun-0]|TX|3715/5|
00000000|MMI|3.68|Attending (action)|C1999232|[ftcn]|["attending"-tx-44-"Attending"-noun-0]|TX|3650/9|
00000000|MMI|3.68|Attending (provider role)|C1547429|[prog]|["Attending"-tx-44-"Attending"-noun-0]|TX|3650/9|
00000000|MMI|3.68|Gram per Deciliter|C0439267|[qnco]|["g%"-tx-42-"G"-noun-0]|TX|3628/1|
00000000|MMI|3.68|Html Link Type - index|C1552854|[idcn]|["index"-tx-46-"Index"-noun-0]|TX|3715/5|
00000000|MMI|3.68|Index|C0918012|[inpr]|["Index"-tx-46-"Index"-noun-0]|TX|3715/5|
00000000|MMI|3.68|Negative|C0205160|[qlco]|["Negative"-tx-31-"negative"-noun-0]|TX|2610/8|
00000000|MMI|3.68|Negative - answer|C3853545|[qlco]|["Negative"-tx-31-"negative"-noun-0]|TX|2610/8|
00000000|MMI|3.68|Negative Charge|C2825491|[qlco]|["Negative"-tx-31-"negative"-noun-0]|TX|2610/8|
00000000|MMI|3.68|Negative Finding|C1513916|[fndg]|["NEGATIVE"-tx-31-"negative"-noun-0]|TX|2610/8|
00000000|MMI|3.68|Negative Number|C2825415|[cnce]|["Negative"-tx-31-"negative"-noun-0]|TX|2610/8|
00000000|MMI|3.68|Overnight|C0439583|[tmco]|["Overnight"-tx-30-"overnight"-adj-0]|TX|2569/9|
00000000|MMI|3.68|Probable diagnosis|C0332148|[qlco]|["Likely"-tx-32-"likely"-adj-0]|TX|2677/6|
00000000|MMI|3.68|Probably|C0750492|[idcn]|["Likely"-tx-32-"likely"-adj-0]|TX|2677/6|
00000000|MMI|3.68|S4 heart sound|C3853525|[fndg]|["S4"-tx-14-"S4"-noun-0]|TX|1488/2|
00000000|MMI|3.68|S4+|C2349970|[elii]|["S4+"-tx-14-"S4"-noun-0]|TX|1488/2|
00000000|MMI|3.68|V4+|C2349104|[elii]|["V4+"-tx-21-"V4"-noun-0]|TX|1963/2|
00000000|MMI|3.67|History of present illness:Finding:Point in time:^Patient:Nominal:Reported|C0488508|[clna]|["History of present illness"-tx-1-"HISTORY OF PRESENT ILLNESS"-noun-0]|TX|26/26|
00000000|MMI|3.65|Cigarette smoke (substance)|C0239059|[hops]|["cigarette Smoking History"-tx-2-"history cigarette smoking"-noun-0]|TX|232/7,243/17|
00000000|MMI|3.65|Cigarette smoking behavior|C0700219|[inbe]|["Cigarette Smoking History"-tx-2-"history cigarette smoking"-noun-0]|TX|232/7,243/17|
00000000|MMI|3.64|Clinical Study Follow-up|C3274571|[hlca]|["FOLLOW-UP"-tx-40-"follow-up"-adj-0]|TX|3578/9|
00000000|MMI|3.64|Cough Adverse Event|C1961131|[fndg]|["Cough"-tx-10-"cough"-noun-0]|TX|913/5|
00000000|MMI|3.64|Follow-Up Report|C1704685|[inpr]|["Follow-Up"-tx-40-"follow-up"-adj-0]|TX|3578/9|
00000000|MMI|3.64|Follow-up status|C0589120|[fndg]|["Follow-up"-tx-40-"follow-up"-adj-0]|TX|3578/9|
00000000|MMI|3.64|dictated - DocumentCompletion|C1609990|[idcn]|["Dictated"-tx-42-"Dictated"-verb-0]|TX|3607/8|
00000000|MMI|3.64|dictated - ParticipationMode|C1548384|[ftcn]|["dictated"-tx-42-"Dictated"-verb-0]|TX|3607/8|
00000000|MMI|3.64|follow-up|C1522577|[hlca]|["Follow Up"-tx-40-"follow-up"-adj-0]|TX|3578/9|
00000000|MMI|3.63|Axis|C1522496|[spco]|["Axis"-tx-19-"axis"-noun-0]|TX|1848/4|
00000000|MMI|3.63|Genus Axis|C0999597|[mamm]|["Axis"-tx-19-"axis"-noun-0]|TX|1848/4|
00000000|MMI|3.63|Historian|C0335115|[prog]|["Historian"-tx-1-"historian"-noun-0]|TX|186/9|
00000000|MMI|3.63|P Blood group antibodies|C0369773|[aapp,imft]|["P NOS"-tx-39-"p"-adj-0]|TX|3509/1|
00000000|MMI|3.63|P prime|C2603361|[clna]|["P'"-tx-39-"p"-adj-0]|TX|3509/1|
00000000|MMI|3.63|Pairing Events Domain|C3541314|[inpr]|["PA"-tx-23-"PA"-noun-0]|TX|2131/2|
00000000|MMI|3.63|Randomization Validation|C3889272|[resa]|["RV"-tx-23-"RV"-noun-0]|TX|2120/2|
00000000|MMI|3.61|(City) Block|C1706084|[geoa]|["Block"-tx-9-"block"-noun-0]|TX|805/5|
00000000|MMI|3.61|90%|C3842582|[fndg]|["90%"-tx-35-"90"-fraction-0]|TX|3111/2|
00000000|MMI|3.61|<90|C0439087|[qnco]|["<90"-tx-35-"90"-fraction-0]|TX|3111/2|
00000000|MMI|3.61|>90|C0439083|[qnco]|[">90"-tx-35-"90"-fraction-0]|TX|3111/2|
00000000|MMI|3.61|Batch (Response Modality)|C1550176|[inpr]|["Batch"-tx-46-"Batch"-noun-0]|TX|3703/5|
00000000|MMI|3.61|Batch (group)|C1948031|[qnco]|["Batch"-tx-46-"Batch"-noun-0]|TX|3703/5|
00000000|MMI|3.61|Batch Number|C3641829|[inpr]|["BATCH"-tx-46-"Batch"-noun-0]|TX|3703/5|
00000000|MMI|3.61|Block (unit of measure)|C2828370|[qnco]|["Block"-tx-9-"block"-noun-0]|TX|805/5|
00000000|MMI|3.61|Block Specimens|C1533157|[sbst]|["Block"-tx-9-"block"-noun-0]|TX|805/5|
00000000|MMI|3.61|Blocking|C0332206|[ftcn]|["Block"-tx-9-"block"-noun-0]|TX|805/5|
00000000|MMI|3.61|defects aspect|C0243067|[ftcn]|["defects"-tx-36-"defects"-noun-0]|TX|3142/7|
00000000|MMI|3.61|Secondary to|C0175668|[tmco]|["Secondary to"-tx-32-"secondary to"-adj-0]|TX|2725/12|
00000000|MMI|3.61|Two weeks|C4082118|[tmco]|["Two weeks"-tx-9-"Two weeks"-noun-0]|TX|751/9|
00000000|MMI|3.60|times/day|C0439511|[qnco]|["times day"-tx-39-"times days"-noun-0]|TX|3545/5,3555/4|
00000000|MMI|3.60|pulmonary wedge|C0489878|[bpoc]|["Pulmonary wedge"-tx-23-"pulmonary wedge"-noun-0]|TX|2086/9,2106/5|
00000000|MMI|3.59|Seven-Day Report|C1710063|[inpr]|["SEVEN-DAY"-tx-39-"seven days"-noun-0]|TX|3481/10|
00000000|MMI|3.59|Gardenia taitensis|C1036118|[plnt]|["bua"-tx-4-"Bua"-noun-0]|TX|399/3|
00000000|MMI|3.59|ST segment elevation (finding)|C0520886|[fndg]|["ST ELEVATION"-tx-21-"ST elevation"-noun-0]|TX|1902/12|
00000000|MMI|3.59|Started|C1272689|[qlco]|["Started"-tx-27-"started"-verb-0]|TX|2415/7|
00000000|MMI|3.58|Pain Protocols|C2964268|[inpr]|["Pain Protocol"-tx-34-"protocol pain"-noun-0]|TX|2953/8,2970/4|
00000000|MMI|3.57|Ability to Sit question|C4050224|[inpr]|["Sitting"-tx-5-"sitting"-noun-0]|TX|457/7|
00000000|MMI|3.57|Comparison|C1707455|[acty]|["Compared"-tx-22-"compared"-verb-0]|TX|2000/8|
00000000|MMI|3.57|Concept History|C1705255|[cnce]|["History"-tx-2-"history"-noun-0]|TX|347/7|
00000000|MMI|3.57|Control function|C2587213|[ftcn]|["Control"-tx-32-"control"-noun-0]|TX|2776/7|
00000000|MMI|3.57|Dropping|C1705648|[acty]|["Dropped"-tx-18-"dropped"-verb-0]|TX|1694/7|
00000000|MMI|3.57|History of previous events|C2004062|[fndg]|["History"-tx-2-"history"-noun-1]|TX|347/7|
00000000|MMI|3.57|Late|C0205087|[tmco]|["Later"-tx-7-"later"-adj-0]|TX|663/5|
00000000|MMI|3.57|Medical History|C0262926|[fndg]|["History"-tx-2-"history"-noun-1]|TX|347/7|
00000000|MMI|3.57|Prior Medication Usage|C2826257|[evnt]|["PRIOR"-tx-22-"prior"-adj-0]|TX|2014/5|
00000000|MMI|3.57|Railway train|C0336809|[mnob]|["Train"-tx-9-"train"-noun-0]|TX|867/5|
00000000|MMI|3.57|Saturated|C0522534|[phpr]|["Saturation"-tx-14-"saturation"-noun-0]|TX|1449/10|
00000000|MMI|3.57|Scientific Control|C1882979|[cnce]|["Control"-tx-32-"control"-noun-0]|TX|2776/7|
00000000|MMI|3.57|Sitting Function|C2584297|[phsf]|["Sitting"-tx-5-"sitting"-noun-0]|TX|457/7|
00000000|MMI|3.57|Sitting position|C0277814|[fndg]|["SITTING"-tx-5-"sitting"-noun-0]|TX|457/7|
00000000|MMI|3.57|Slow|C0439834|[qlco]|["Slow"-tx-24-"slow"-adj-0]|TX|2217/4|
00000000|MMI|3.57|Transportation Services - Train|C1552514|[orgt]|["Train"-tx-9-"train"-noun-0]|TX|867/5|
00000000|MMI|3.57|True Control Status|C3274648|[qlco]|["Control"-tx-32-"control"-noun-0]|TX|2776/7|
00000000|MMI|3.57|control aspects|C0243148|[qlco]|["control"-tx-32-"control"-noun-0]|TX|2776/7|
00000000|MMI|3.57|control substance|C1550141|[sbst]|["Control"-tx-32-"control"-noun-0]|TX|2776/7|
00000000|MMI|3.57|flow|C0806140|[npop]|["Flow"-tx-24-"flow"-adj-0]|TX|2222/4|
00000000|MMI|3.56|/hour|C0564385|[qnco]|["/hour"-tx-11-"hour"-noun-0]|TX|1083/4|
00000000|MMI|3.56|Cold Sensation|C0234192|[phsf]|["Cold"-tx-10-"cold"-noun-0]|TX|888/4|
00000000|MMI|3.56|Hour|C0439227|[tmco]|["HOUR"-tx-11-"hour"-noun-0]|TX|1083/4|
00000000|MMI|3.56|Send (transmission)|C1519246|[ftcn]|["Sent"-tx-18-"sent"-verb-0]|TX|1737/4|
00000000|MMI|3.56|Shower (physical object)|C0541748|[mnob]|["Shower"-tx-12-"shower"-noun-0]|TX|1140/6|
00000000|MMI|3.56|Wedge|C0439639|[spco]|["Wedge"-tx-23-"wedge"-noun-0]|TX|2106/5|
00000000|MMI|3.56|day|C0439228|[tmco]|["DAY"-tx-12-"day"-noun-0]|TX|1108/3|
00000000|MMI|3.56|emergent|C0750573|[idcn]|["emergent"-tx-18-"emergent"-adj-0]|TX|1746/8|
00000000|MMI|3.56|per day|C0439505|[tmco]|["/day"-tx-12-"day"-noun-0]|TX|1108/3|
00000000|MMI|3.56|seen|C0205397|[qlco]|["Seen"-tx-13-"seen"-verb-0]|TX|1322/4|
00000000|MMI|3.56|site-specific telomere resolvase activity|C1622890|[moft]|["ResT"-tx-12-"rest"-noun-0]|TX|1215/4|
00000000|MMI|3.55|Switch Device Component|C1707719|[mnob]|["Switch"-tx-33-"switched"-verb-0]|TX|2825/8|
00000000|MMI|3.55|Evidence|C3887511|[idcn]|["Evidence"-tx-35-"evidence"-noun-0]|TX|3010/8|
00000000|MMI|3.55|Peak level|C0444505|[qnco]|["Peak"-tx-35-"peak"-noun-0]|TX|3067/4|
00000000|MMI|3.55|Question (inquiry)|C1522634|[inpr]|["Question"-tx-6-"question"-noun-0]|TX|577/8|
00000000|MMI|3.54|Male Gender, Self Report|C1706180|[qlco]|["Male"-tx-1-"male"-noun-0]|TX|83/4|
00000000|MMI|3.54|Male Phenotype|C1706428|[qlco]|["Male"-tx-1-"male"-noun-0]|TX|83/4|
00000000|MMI|3.54|Male, Self-Reported|C1706429|[orga]|["Male"-tx-1-"male"-noun-0]|TX|83/4|
00000000|MMI|3.53|Very Poor|C3641766|[inpr]|["Very Poor"-tx-1-"very poor"-adj-0]|TX|176/9|
00000000|MMI|3.50|10%|C3842590|[fndg]|["10%"-tx-29-"10"-integer-0]|TX|2537/2|
00000000|MMI|3.50|Interphase Cell|C1512899|[cell]|["resting"-tx-35-"resting"-adj-0]|TX|2991/7|
00000000|MMI|3.50|Less Than|C0439092|[qnco]|["Less"-tx-32-"less"-adv-0]|TX|2672/4|
00000000|MMI|3.50|Patient Condition Code - Stable|C1547311|[inpr]|["Stable"-tx-30-"stable"-adj-0]|TX|2562/6|
00000000|MMI|3.50|Positive Charge|C2825490|[qlco]|["Positive"-tx-14-"positive"-adj-0]|TX|1479/8|
00000000|MMI|3.50|Positive Finding|C1514241|[fndg]|["POSITIVE"-tx-14-"positive"-adj-0]|TX|1479/8|
00000000|MMI|3.50|Positive Number|C3812269|[cnce]|["Positive"-tx-14-"positive"-adj-0]|TX|1479/8|
00000000|MMI|3.50|Smaller|C0547044|[qlco]|["Less"-tx-32-"less"-adv-0]|TX|2672/4|
00000000|MMI|3.50|Stable status|C0205360|[qlco]|["STABLE"-tx-30-"stable"-adj-0]|TX|2562/6|
00000000|MMI|3.50|percent positive cells|C0439178|[qnco]|["% Positive"-tx-14-"positive"-adj-0]|TX|1479/8|
00000000|MMI|3.49|one time|C3241998|[inpr]|["one time"-tx-39-"one times"-noun-0]|TX|3461/3,3475/5|
00000000|MMI|3.48|Septal Myocardial Infarction-ECG finding|C2348362|[fndg]|["SEPTAL MYOCARDIAL INFARCTION"-tx-35-"septal myocardial infarction"-noun-0]|TX|3031/28|
00000000|MMI|3.48|Septal myocardial infarction|C0746727|[dsyn]|["Septal myocardial infarction"-tx-35-"septal myocardial infarction"-noun-0]|TX|3031/28|
00000000|MMI|3.48|Academic degree|C0542560|[inpr]|["degrees"-tx-19-"degrees"-noun-0]|TX|1840/7|
00000000|MMI|3.48|Body Fluid Discharge|C0012621|[bdsu]|["Discharge"-tx-39-"discharge"-noun-0]|TX|3348/9|
00000000|MMI|3.48|Cardiac - anatomy qualifier|C1522601|[spco]|["Cardiac"-tx-2-"cardiac"-adj-0]|TX|201/7|
00000000|MMI|3.48|Degree or extent|C0449286|[qnco]|["degrees"-tx-19-"degrees"-noun-0]|TX|1840/7|
00000000|MMI|3.48|Discharge, body substance|C2926602|[bdsu]|["Discharge"-tx-39-"discharge"-noun-0]|TX|3348/9|
00000000|MMI|3.48|Very|C0442824|[qlco]|["Very"-tx-1-"very"-adv-0]|TX|176/4|
00000000|MMI|3.48|Very Much|C2984081|[qlco]|["Very"-tx-1-"very"-adv-0]|TX|176/4|
00000000|MMI|3.47|Fix|C3714578|[phpr]|["Fixed"-tx-36-"fixed"-adj-0]|TX|3136/5|
00000000|MMI|3.47|Fixed Specimen|C2827483|[bdsu]|["Fixed"-tx-36-"fixed"-adj-0]|TX|3136/5|
00000000|MMI|3.47|Fixed behavior|C0443218|[qlco]|["Fixed"-tx-36-"fixed"-adj-0]|TX|3136/5|
00000000|MMI|3.47|GH1 gene|C1333673|[gngm]|["GH1"-tx-46-"GH1"-noun-0]|TX|3687/3|
00000000|MMI|3.47|Lateral|C0205093|[spco]|["LATERAL"-tx-17-"lateral"-adj-0]|TX|1652/7|
00000000|MMI|3.47|Set scale|C1442518|[ftcn]|["Set"-tx-29-"set"-adj-0]|TX|2507/3|
00000000|MMI|3.47|Third|C0205437|[qnco]|["Third"-tx-29-"third"-adv-0]|TX|2501/5|
00000000|MMI|3.47|set (group)|C1705195|[cnce]|["Set"-tx-29-"set"-adj-0]|TX|2507/3|
00000000|MMI|3.46|Pulmonary capillary|C0507816|[bpoc]|["Pulmonary capillary"-tx-23-"pulmonary capillary"-noun-0]|TX|2086/19|
00000000|MMI|3.46|20%|C3842589|[fndg]|["20%"-tx-39-"20"-integer-0]|TX|3404/2|
00000000|MMI|3.46|Enteral|C1304890|[spco]|["Enteric"-tx-37-"enteric"-adj-0]|TX|3235/7|
00000000|MMI|3.46|head congestion|C0849795|[sosy]|["head congestion"-tx-10-"head congestion"-noun-0]|TX|883/4,898/10|
00000000|MMI|3.45|Times|C1632851|[qnco]|["Times"-tx-39-"times"-noun-0]|TX|3545/5|
00000000|MMI|3.45|Two|C0205448|[qnco]|["Two"-tx-39-"two"-adj-0]|TX|3551/3|
00000000|MMI|3.44|H/O: hypertension|C0455527|[fndg]|["History of - hypertension"-tx-1-"history of hypertension"-noun-0]|TX|95/23|
00000000|MMI|3.44|Electrocardiogram: myocardial infarction (finding)|C0428953|[lbtr]|["MYOCARDIAL INFARCTION"-tx-6-"myocardial infarction"-noun-1]|TX|598/21|
00000000|MMI|3.44|Myocardial Infarction ECG Assessment|C3810814|[diap]|["Myocardial Infarction"-tx-6-"myocardial infarction"-noun-0]|TX|598/21|
00000000|MMI|3.44|Myocardial infarction:Finding:Point in time:^Patient:Ordinal|C2926063|[clna]|["Myocardial infarction"-tx-6-"myocardial infarction"-noun-0]|TX|598/21|
00000000|MMI|3.44|1 mm|C3842090|[fndg]|["1 mm"-tx-17-"1 mm"-noun-0]|TX|1623/1,1627/2|
00000000|MMI|3.44|BMP2K gene|C1425261|[gngm]|["BIKe"-tx-5-"bike"-noun-0]|TX|470/4|
00000000|MMI|3.44|Bicycle|C0005375|[mnob]|["Bike"-tx-5-"bike"-noun-0]|TX|470/4|
00000000|MMI|3.44|Diabetes|C0011847|[dsyn]|["Diabetes"-tx-2-"diabetes"-noun-1]|TX|358/8|
00000000|MMI|3.44|Equivocal|C0332241|[qlco]|["Questionable"-tx-2-"questionable"-adj-0]|TX|295/12|
00000000|MMI|3.44|acute|C0205178|[tmco]|["ACUTE"-tx-9-"acute"-adj-0]|TX|820/5|
00000000|MMI|3.43|Capillary vessel|C0935624|[bpoc]|["Capillary"-tx-23-"capillary"-noun-0]|TX|2096/9|
00000000|MMI|3.43|Congestion|C0700148|[patf]|["Congestion"-tx-10-"congestion"-noun-0]|TX|898/10|
00000000|MMI|3.43|Duration|C2926735|[phsu]|["Duration"-tx-11-"duration"-noun-0]|TX|1091/8|
00000000|MMI|3.43|Duration (temporal concept)|C0449238|[tmco]|["Duration"-tx-11-"duration"-noun-0]|TX|1091/8|
00000000|MMI|3.43|Entire capillary blood vessel (organ)|C1280521|[bpoc]|["Capillary"-tx-23-"capillary"-noun-0]|TX|2096/9|
00000000|MMI|3.43|Inflation procedure|C1318493|[hlca]|["Inflation"-tx-24-"inflation"-noun-0]|TX|2203/9|
00000000|MMI|3.43|Morning|C0332170|[tmco]|["Morning"-tx-12-"morning"-noun-0]|TX|1154/7|
00000000|MMI|3.43|Tightness sensation quality|C0439816|[qlco]|["Tightness"-tx-12-"tightness"-noun-0]|TX|1236/9|
00000000|MMI|3.43|Tissue Congestion|C2826600|[fndg]|["CONGESTION"-tx-10-"congestion"-noun-0]|TX|898/10|
00000000|MMI|3.43|epigastric|C0521440|[blor]|["Epigastric"-tx-12-"epigastric"-adj-0]|TX|1225/10|
00000000|MMI|3.43|Anterior|C0205094|[ftcn]|["ANTERIOR"-tx-35-"anterior"-adj-0]|TX|3022/8|
00000000|MMI|3.43|Septal|C0442004|[spco]|["Septal"-tx-35-"septal"-noun-0]|TX|3031/6|
00000000|MMI|3.42|29+|C3843708|[fndg]|["29+"-tx-1-"29"-fraction-0]|TX|18/2|
00000000|MMI|3.42|Character String Data Type|C3272372|[inpr]|["ST"-tx-17-"ST"-noun-0]|TX|1630/2|
00000000|MMI|3.42|Excision|C0728940|