00000000|MMI|3.65|Report status|C0586177|[fndg]|["Report status"-tx-1-"Report Status"-noun-0]|TX|127/13|
00000000|MMI|3.63|Admission date:Time Stamp -- Date and Time:Point in time:^Patient:Quantitative|C2598112|[clna]|["Admission date"-tx-1-"Admission Date"-noun-0]|TX|101/14|
00000000|MMI|3.63|Date of admission|C1302393|[tmco]|["Admission date"-tx-1-"Admission Date"-noun-0]|TX|101/14|
00000000|MMI|3.59|Pyrexia of unknown origin (excl puerperal)|C0856281|[sosy]|["puo"-tx-1-"PUO"-noun-0]|TX|12/3|
00000000|MMI|3.48|Discharge summarization note:Finding:Point in time:{Setting}:Document:{Provider}|C0801840|[clna]|["Discharge summary"-tx-1-"Discharge Summary"-noun-0]|TX|64/17|
00000000|MMI|3.48|Discharge summary|C0743221|[inpr]|["Discharge summary"-tx-1-"Discharge Summary"-noun-0]|TX|64/17|
00000000|MMI|3.46|1+|C3816745|[fndg]|["1+"-tx-1-"1"-fraction-0]|TX|117/1|
00000000|MMI|3.46|1+ Score|C2827734|[qnco]|["1+"-tx-1-"1"-fraction-0]|TX|117/1|
00000000|MMI|3.46|1+ Score, WHO|C2981698|[clas]|["1+"-tx-1-"1"-fraction-0]|TX|117/1|
00000000|MMI|3.46|Diagnostic interview schedule|C0451119|[inpr]|["DIS"-tx-1-"DIS"-noun-0]|TX|95/3|
00000000|MMI|3.46|Discontinued|C1444662|[fndg]|["DIS"-tx-1-"DIS"-noun-0]|TX|95/3|
00000000|MMI|87.90|Aspirin|C0004057|[orch,phsu]|["ASPIRIN"-tx-23-"Aspirin"-noun-0,"ASPIRIN"-tx-16-"aspirin"-noun-0,"ASPIRIN"-tx-10-"Aspirin"-noun-0]|TX|1805/7;1412/7;729/7|D02.455.426.559.389.657.410.595.176
00000000|MMI|64.89|Patients|C0030705|[podg]|["*^patient"-tx-24-"patient"-noun-0,"*^patient"-tx-18-"patient"-noun-0,"*^patient"-tx-14-"patient"-noun-0,"*^patient"-tx-13-"patient"-noun-0,"*^patient"-tx-9-"patient"-noun-0,"*^patient"-tx-8-"patient"-noun-0,"*^patient"-tx-6-"patient"-noun-0]|TX|1900/7;1556/7;1251/7;953/7;599/7;490/7;378/7|M01.643
00000000|MMI|59.74|Lopressor|C0700776|[orch,phsu]|["Lopressor"-tx-23-"Lopressor"-noun-0,"Lopressor"-tx-16-"Lopressor"-noun-0,"Lopressor"-tx-10-"Lopressor"-noun-0]|TX|1837/9;1424/9;739/9|D02.033.100.624.698.573;D02.033.755.624.698.573;D02.092.063.624.698.573
00000000|MMI|59.22|Weaning|C0043084|[fndg]|["Weaned"-tx-18-"weaned"-verb-0,"Weaned"-tx-16-"weaned"-verb-0,"Weaned"-tx-15-"weaned"-verb-0]|TX|1609/6;1436/6;1339/6|G07.203.650.220.500.750;G07.203.650.593.762;G07.700.620.762
00000000|MMI|49.26|Postoperative Period|C0032790|[tmco]|["Postoperative"-tx-20-"postoperative"-adj-0,"Postoperative"-tx-17-"postoperative"-noun-0,"Postoperative"-tx-15-"postoperative"-noun-0]|TX|1694/13;1514/13;1373/13|E04.614.750;N02.421.585.753.750
00000000|MMI|49.09|Coronary Artery Bypass Surgery|C0010055|[topp]|["Coronary Artery Bypass Graft"-tx-13-"coronary artery bypass graft"-noun-0,"Coronary Artery Bypass Graft"-tx-7-"coronary artery bypass graft"-noun-0,"Coronary Artery Bypass Graft"-tx-3-"coronary artery bypass graft"-noun-0]|TX|1144/28;434/28;142/28|E04.100.376.719.332;E04.100.814.868.750;E04.928.220.520.220
00000000|MMI|40.34|Abortion consent:Finding:Point in time:^Patient:Document|C2360836|[clna]|["Patient"-tx-24-"patient"-noun-0,"Patient"-tx-18-"patient"-noun-0,"Patient"-tx-14-"patient"-noun-0,"Patient"-tx-13-"patient"-noun-0,"Patient"-tx-9-"patient"-noun-0,"Patient"-tx-8-"patient"-noun-0,"Patient"-tx-6-"patient"-noun-0]|TX|1900/7;1556/7;1251/7;953/7;599/7;490/7;378/7|
00000000|MMI|40.34|Hysterectomy consent:Finding:Point in time:^Patient:Document|C2360838|[clna]|["Patient"-tx-24-"patient"-noun-0,"Patient"-tx-18-"patient"-noun-0,"Patient"-tx-14-"patient"-noun-0,"Patient"-tx-13-"patient"-noun-0,"Patient"-tx-9-"patient"-noun-0,"Patient"-tx-8-"patient"-noun-0,"Patient"-tx-6-"patient"-noun-0]|TX|1900/7;1556/7;1251/7;953/7;599/7;490/7;378/7|
00000000|MMI|40.34|Sterilization consent:Finding:Point in time:^Patient:Document|C2360840|[clna]|["Patient"-tx-24-"patient"-noun-0,"Patient"-tx-18-"patient"-noun-0,"Patient"-tx-14-"patient"-noun-0,"Patient"-tx-13-"patient"-noun-0,"Patient"-tx-9-"patient"-noun-0,"Patient"-tx-8-"patient"-noun-0,"Patient"-tx-6-"patient"-noun-0]|TX|1900/7;1556/7;1251/7;953/7;599/7;490/7;378/7|
00000000|MMI|38.64|Patient Discharge|C0030685|[hlca]|["Discharge"-tx-25-"discharge"-noun-0,"Discharge"-tx-22-"DISCHARGE"-noun-0]|TX|1995/9;1765/9|E02.204.125;E02.760.400.610;N02.421.192.125;N02.421.585.400.610;N04.590.233.727.210.125
00000000|MMI|33.33|Coronary Arteriosclerosis|C0010054|[dsyn]|["coronary artery disease"-tx-5-"coronary artery disease"-noun-0,"coronary artery disease"-tx-1-"CORONARY ARTERY DISEASE"-noun-0]|TX|349/23;47/23|C14.280.647.250.260;C14.907.137.126.339;C14.907.585.250.260
00000000|MMI|33.33|Coronary Artery Disease|C1956346|[dsyn]|["CORONARY ARTERY DISEASE"-tx-5-"coronary artery disease"-noun-0,"CORONARY ARTERY DISEASE"-tx-1-"CORONARY ARTERY DISEASE"-noun-0]|TX|349/23;47/23|C14.280.647.250.260;C14.907.137.126.339;C14.907.585.250.260
00000000|MMI|32.43|Dominican Republic|C0013014|[geoa]|["DR"-tx-24-"Dr"-noun-0,"DR"-tx-6-"Dr"-noun-0]|TX|1928/2;402/2|Z01.107.084.900.300;Z01.639.880.300
00000000|MMI|28.77|Homo sapiens|C0086418|[humn]|["MAN"-tx-3-"man"-noun-0]|TX|126/3|B01.050.150.900.649.801.400.112.400.400
00000000|MMI|26.98|Coronary heart disease|C0010068|[dsyn]|["Coronary (artery) disease"-tx-5-"coronary artery disease"-noun-0,"Coronary (artery) disease"-tx-1-"CORONARY ARTERY DISEASE"-noun-0]|TX|349/23;47/23|C14.280.647.250;C14.907.585.250
00000000|MMI|26.21|Oxygen|C0030054|[elii,phsu]|["O2"-tx-18-"O2"-noun-0,"O2"-tx-16-"O2"-noun-0]|TX|1624/2;1451/2|D01.268.185.550;D01.362.670;x.x.x.x
00000000|MMI|26.08|Physicians|C0031831|[prog]|["DR"-tx-24-"Dr"-noun-0,"DR"-tx-6-"Dr"-noun-0]|TX|1928/2;402/2|M01.526.485.810;N02.360.810
00000000|MMI|25.68|Diurese|C0719972|[orch,phsu]|["Diurese"-tx-19-"diuresed"-verb-0]|TX|1635/8|D02.886.590.700.135.261.476.716;D02.886.655.500.261.476.716;D03.438.174.261.476.716
00000000|MMI|22.61|Body Weight|C0005910|[orga]|["Weight"-tx-19-"weight"-noun-0]|TX|1669/6|C23.888.144;E01.370.600.115.100.160.120;E05.041.124.160.750;G07.100.100.160.120;G07.700.320.249.314.120
00000000|MMI|22.48|Angina, Unstable|C0002965|[dsyn]|["Angina, Unstable"-tx-4-"unstable angina"-noun-0]|TX|282/15|C10.597.617.192.500.150;C14.280.647.187.150;C14.907.585.187.150;C23.888.592.612.233.500.150
00000000|MMI|17.80|Echocardiography|C0013516|[diap]|["ECHOCARDIOGRAM"-tx-5-"echocardiogram"-noun-0]|TX|309/14|E01.370.350.130.750;E01.370.350.850.220;E01.370.370.380.220
00000000|MMI|17.80|Procardia XL|C0524665|[orch,phsu]|["Procardia XL"-tx-10-"Procardia XL"-noun-0]|TX|751/12|D03.383.725.203.540
00000000|MMI|16.30|Fluorides|C0016327|[inch,phsu]|["F-"-tx-28-"F"-noun-0]|TX|2064/1|D01.248.497.158.380;D01.303.350.300
00000000|MMI|16.30|Hematocrit procedure|C0018935|[lbpr]|["Hematocrit"-tx-12-"hematocrit"-noun-0]|TX|917/10|E01.370.225.625.400;E05.200.625.400;G09.188.370.374
00000000|MMI|16.30|Nitroglycerin|C0017887|[orch,phsu]|["nitroglycerine"-tx-10-"nitroglycerin"-noun-0]|TX|802/13|D02.033.800.421.560;D02.640.636
00000000|MMI|16.25|Colon structure (body structure)|C0009368|[bpoc]|["Colonic"-tx-9-"colonic"-noun-0]|TX|691/7|A03.556.124.526.356;A03.556.249.249.356
00000000|MMI|16.23|Creatinine|C0010294|[bacs,orch]|["CREATININE"-tx-12-"creatinine"-noun-0]|TX|878/10|D03.383.129.308.207
00000000|MMI|16.21|Diuretics|C0012798|[phsu]|["DIURETICS"-tx-16-"diuretics"-noun-0]|TX|1469/9|D27.505.696.560.500
00000000|MMI|16.09|Urethra|C0041967|[bpoc]|["Urethral"-tx-9-"urethral"-adj-0]|TX|682/8|A05.360.444.492.726;A05.810.876
00000000|MMI|13.18|Repeat Surgery|C0035110|[topp]|["reoperations"-tx-13-"reoperative"-adj-0,"reoperations"-tx-7-"reoperative"-adj-0]|TX|1132/11;422/11|E04.690
00000000|MMI|13.18|Second Look Surgery|C0949626|[topp]|["Reoperation"-tx-13-"reoperative"-adj-0,"Reoperation"-tx-7-"reoperative"-adj-0]|TX|1132/11;422/11|E04.708
00000000|MMI|13.09|Caucasoid Race|C0007457|[popg]|["WHITE"-tx-12-"white"-adj-0]|TX|898/5|M01.686.508.400
00000000|MMI|13.07|Diet|C0012155|[food]|["regular diet?"-tx-18-"regular diet"-noun-0]|TX|1592/12|G07.203.650.240
00000000|MMI|13.07|Operating Room|C0029064|[hcro,mnob]|["OPERATING ROOM"-tx-13-"Operating Room"-noun-0]|TX|1071/14|N02.278.388.700
00000000|MMI|11.49|Peripheral Vascular Diseases|C0085096|[dsyn]|["PERIPHERAL VASCULAR DISEASE"-tx-8-"peripheral vascular disease"-noun-0]|TX|543/27|C14.907.617
00000000|MMI|10.71|Enzyme Unit|C1880519|[qnco]|["Unit"-tx-18-"unit"-noun-0,"Unit"-tx-17-"unit"-noun-0,"Unit"-tx-14-"unit"-noun-0]|TX|1547/4;1506/4;1326/4|
00000000|MMI|10.71|Storage Unit|C1704753|[mnob]|["Unit"-tx-18-"unit"-noun-0,"Unit"-tx-17-"unit"-noun-0,"Unit"-tx-14-"unit"-noun-0]|TX|1547/4;1506/4;1326/4|
00000000|MMI|10.71|Unit|C0439148|[qnco]|["Unit"-tx-18-"unit"-noun-0,"Unit"-tx-17-"unit"-noun-0,"Unit"-tx-14-"unit"-noun-0]|TX|1547/4;1506/4;1326/4|
00000000|MMI|10.71|Unit - NCI Thesaurus Property|C3853603|[ftcn]|["Unit"-tx-18-"unit"-noun-0,"Unit"-tx-17-"unit"-noun-0,"Unit"-tx-14-"unit"-noun-0]|TX|1547/4;1506/4;1326/4|
00000000|MMI|10.71|Unit of Measure|C1519795|[qnco]|["Unit"-tx-18-"unit"-noun-0,"Unit"-tx-17-"unit"-noun-0,"Unit"-tx-14-"unit"-noun-0]|TX|1547/4;1506/4;1326/4|
00000000|MMI|10.64|coronary artery graft device|C1260596|[medd]|["coronary artery bypass graft"-tx-13-"coronary artery bypass graft"-noun-0,"coronary artery bypass graft"-tx-7-"coronary artery bypass graft"-noun-0,"coronary artery bypass graft"-tx-3-"coronary artery bypass graft"-noun-0]|TX|1144/28;434/28;142/28|
00000000|MMI|10.42|Doctor of Medicine|C1512018|[inpr]|["M.D."-tx-29-"M.D"-noun-0,"M.D."-tx-27-"M.D"-noun-0]|TX|2081/3;2038/3|
00000000|MMI|10.06|Drug Allergy|C0013182|[dsyn]|["Drug Allergies"-tx-11-"drug allergies"-noun-1]|TX|837/14|C20.543.206;C25.100.468
00000000|MMI|9.90|Disease|C0012634|[dsyn]|["condition"-tx-22-"CONDITION"-noun-0]|TX|1752/9|C23.550.288
00000000|MMI|9.85|Historical aspects qualifier|C0019665|[ftcn]|["history"-tx-4-"history"-noun-0]|TX|271/7|x.x.x
00000000|MMI|9.85|Mammary gland|C0929301|[bpoc]|["Mammary"-tx-13-"mammary"-noun-0]|TX|1199/7|A01.236.249;A10.336.532
00000000|MMI|9.84|Males|C0086582|[orga]|["MAN"-tx-3-"man"-noun-0]|TX|126/3|x.x.x
00000000|MMI|9.84|Tracheal Extubation|C0553891|[topp]|["Extubate"-tx-15-"extubated"-verb-0]|TX|1360/9|E02.041.249;E05.008
00000000|MMI|9.76|Tablet Dosage Form|C0039225|[bodm]|["TABLET"-tx-23-"tablet"-noun-0]|TX|1817/6|D26.255.830
00000000|MMI|9.73|Appointments|C0003629|[idcn]|["Appointment"-tx-25-"appointment"-noun-0]|TX|1977/11|N04.452.095
00000000|MMI|8.34|Hypersensitivity|C0020517|[patf]|["Allergies"-tx-11-"ALLERGIES"-noun-0]|TX|817/9|C20.543
00000000|MMI|8.34|Time|C0040223|[tmco]|["TIME"-tx-13-"time"-noun-0]|TX|1112/4|G01.910
00000000|MMI|7.62|Clinical Study Follow-up|C3274571|[hlca]|["FOLLOW-UP"-tx-24-"FOLLOWUP"-noun-0,"FOLLOW-UP"-tx-24-"follow up"-adj-0]|TX|1886/8;1913/9|
00000000|MMI|7.62|Follow-Up Report|C1704685|[inpr]|["Follow-Up"-tx-24-"FOLLOWUP"-noun-0,"Follow-Up"-tx-24-"follow up"-adj-0]|TX|1886/8;1913/9|
00000000|MMI|7.62|Follow-up status|C0589120|[fndg]|["Follow-up"-tx-24-"FOLLOWUP"-noun-0,"Follow-up"-tx-24-"follow up"-adj-0]|TX|1886/8;1913/9|
00000000|MMI|7.62|follow-up|C1522577|[hlca]|["Follow Up"-tx-24-"follow up"-adj-0,"Followup"-tx-24-"FOLLOWUP"-noun-0]|TX|1913/9;1886/8|
00000000|MMI|7.43|History of present illness|C0262512|[orga]|["History, NOS"-tx-4-"history"-noun-0,"HISTORY OF PRESENT ILLNESS"-tx-2-"HISTORY OF PRESENT ILLNESS"-noun-0]|TX|271/7;72/26|
00000000|MMI|7.43|Medical History|C0262926|[fndg]|["Past Medical History"-tx-8-"PAST MEDICAL HISTORY"-noun-0,"History"-tx-4-"history"-noun-0]|TX|464/20;271/7|
00000000|MMI|7.38|1 Day|C1442449|[tmco]|["Day 1"-tx-17-"day 1"-noun-0,"Day 1"-tx-15-"day 1"-noun-0]|TX|1528/5;1387/5|
00000000|MMI|7.36|Good|C0205170|[qlco]|["Good"-tx-22-"Good"-adj-0,"Well"-tx-14-"well"-adv-0]|TX|1776/4;1283/4|
00000000|MMI|7.22|Started|C1272689|[qlco]|["Started"-tx-16-"started"-verb-0]|TX|[1401/7],[1458/7]|
00000000|MMI|7.05|Delayed Release Dosage Form|C1707664|[bodm]|["DR"-tx-24-"Dr"-noun-0,"DR"-tx-6-"Dr"-noun-0]|TX|1928/2;402/2|
00000000|MMI|7.05|Device to Subject Relationship Domain|C3540849|[inpr]|["DR"-tx-24-"Dr"-noun-0,"DR"-tx-6-"Dr"-noun-0]|TX|1928/2;402/2|
00000000|MMI|7.05|Doctor - Title|C2348314|[cnce]|["Dr."-tx-24-"Dr"-noun-0,"Dr."-tx-6-"Dr"-noun-0]|TX|1928/2;402/2|
00000000|MMI|7.03|Post|C0687676|[tmco]|["Status Post"-tx-9-"status post"-prep-0,"Status Post"-tx-3-"status post"-prep-0]|TX|610/11;130/11|
00000000|MMI|7.03|Status post|C0231290|[tmco]|["Status post"-tx-9-"status post"-prep-0,"Status post"-tx-3-"status post"-prep-0]|TX|610/11;130/11|
00000000|MMI|6.91|Body Fluid Discharge|C0012621|[bdsu]|["Discharge"-tx-25-"discharge"-noun-0,"Discharge"-tx-22-"DISCHARGE"-noun-0]|TX|1995/9;1765/9|
00000000|MMI|6.91|Discharge, body substance|C2926602|[bdsu]|["Discharge"-tx-25-"discharge"-noun-0,"Discharge"-tx-22-"DISCHARGE"-noun-0]|TX|1995/9;1765/9|
00000000|MMI|6.69|History|C0019664|[ocdi]|["History"-tx-4-"history"-noun-0]|TX|271/7|K01.400
00000000|MMI|6.69|Breast|C0006141|[bpoc]|["Mammary"-tx-13-"mammary"-noun-0]|TX|1199/7|A01.236
00000000|MMI|6.69|Male population group|C0025266|[popg]|["Man"-tx-3-"man"-noun-0]|TX|126/3|M01.390
00000000|MMI|5.18|Communication Contact|C1705415|[idcn]|["Contact"-tx-25-"contact"-verb-0]|TX|1951/7|
00000000|MMI|5.18|Contact with|C0332158|[ftcn]|["contact"-tx-25-"contact"-verb-0]|TX|1951/7|
00000000|MMI|5.18|Discharge date|C2361123|[tmco]|["Discharge date"-tx-1-"Discharge Date"-noun-0]|TX|0/14|
00000000|MMI|5.18|Discharge date:Time Stamp -- Date and Time:Point in time:^Patient:Quantitative|C2361122|[clna]|["Discharge date"-tx-1-"Discharge Date"-noun-0]|TX|0/14|
00000000|MMI|5.18|Disposition|C0743223|[idcn]|["Disposition"-tx-21-"DISPOSITION"-noun-0]|TX|1716/11|
00000000|MMI|5.18|Disposition Domain|C1705555|[inpr]|["Disposition"-tx-21-"DISPOSITION"-noun-0]|TX|1716/11|
00000000|MMI|5.18|Echocardiogram (image)|C2243117|[inpr]|["Echocardiogram"-tx-5-"echocardiogram"-noun-0]|TX|309/14|
00000000|MMI|5.18|H/O: surgery|C0455610|[fndg]|["Past surgical history"-tx-9-"PAST SURGICAL HISTORY"-noun-0]|TX|572/21|
00000000|MMI|5.18|History of present illness:Finding:Point in time:^Patient:Nominal:Reported|C0488508|[clna]|["History of present illness"-tx-2-"HISTORY OF PRESENT ILLNESS"-noun-0]|TX|72/26|
00000000|MMI|5.18|Hospital course|C0489547|[fndg]|["Hospital course"-tx-13-"HOSPITAL COURSE"-noun-0]|TX|932/15|
00000000|MMI|5.18|Hospital course:Finding:Point in time:^Patient:Narrative|C0488549|[clna]|["Hospital course"-tx-13-"HOSPITAL COURSE"-noun-0]|TX|932/15|
00000000|MMI|5.18|Intravenous heparin|C0354566|[orch,phsu]|["Intravenous heparin"-tx-10-"intravenous heparin"-noun-0]|TX|766/19|
00000000|MMI|5.18|July|C3829447|[qlco]|["July"-tx-13-"July"-noun-0]|TX|1089/4|
00000000|MMI|5.18|Laboratory Data Domain|C1705214|[idcn]|["Laboratory Data"-tx-12-"LABORATORY DATA"-noun-0]|TX|853/15|
00000000|MMI|5.18|MRC1 gene|C1417249|[gngm]|["MR"-tx-2-"Mr"-noun-0]|TX|100/2|
00000000|MMI|5.18|Medication.discharge|C0806915|[fndg]|["Discharge medications"-tx-23-"DISCHARGE MEDICATIONS"-noun-0]|TX|1782/21|
00000000|MMI|5.18|Minor Response|C4050513|[fndg]|["MR"-tx-2-"Mr"-noun-0]|TX|100/2|
00000000|MMI|5.18|Mr. - Title|C2347167|[cnce]|["Mr."-tx-2-"Mr"-noun-0]|TX|100/2|
00000000|MMI|5.18|Overnight|C0439583|[tmco]|["Overnight"-tx-15-"overnight"-adv-0]|TX|1346/9|
00000000|MMI|5.18|PMH - past medical history|C0455458|[fndg]|["Past medical history"-tx-8-"PAST MEDICAL HISTORY"-noun-0]|TX|464/20|
00000000|MMI|5.18|Percocet|C0086787|[orch,phsu]|["Percocet"-tx-23-"Percocet"-noun-0]|TX|1870/8|
00000000|MMI|5.18|Personal Contact|C3812666|[acty]|["Contact"-tx-25-"contact"-verb-0]|TX|1951/7|
00000000|MMI|5.18|Revealed|C0443289|[qlco]|["Revealed"-tx-5-"revealed"-verb-0]|TX|330/8|
00000000|MMI|5.18|September|C3828193|[tmco]|["September"-tx-13-"September"-noun-0]|TX|1003/9|
00000000|MMI|5.18|Stabilized (qualifier value)|C0184512|[qlco]|["Stabilized"-tx-13-"stabilized"-verb-0]|TX|1035/10|
00000000|MMI|5.18|Time (foundation metadata concept)|C3541383|[tmco]|["Time"-tx-13-"time"-noun-0]|TX|1112/4|
00000000|MMI|5.18|contact person|C0337611|[popg]|["Contact"-tx-25-"contact"-verb-0]|TX|1951/7|
00000000|MMI|4.12|medication current|C0746467|[fndg]|["current medication"-tx-10-"CURRENT MEDICATIONS"-noun-0]|TX|708/19|
00000000|MMI|3.85|Personal History of Coronary Artery Disease|C1881055|[clna]|["History of Coronary Artery Disease"-tx-8-"history of coronary artery disease"-noun-0]|TX|504/34|
00000000|MMI|3.78|Urethral fistula|C0041970|[anab]|["URETHRAL FISTULA"-tx-9-"urethral fistula"-noun-0]|TX|682/8,699/7|
00000000|MMI|3.75|Colonic fistula|C0341365|[anab]|["Colonic Fistula"-tx-9-"colonic fistula"-noun-0]|TX|691/15|
00000000|MMI|3.75|Registered nurse|C0687673|[prog]|["R.N."-tx-23-"r.n"-adj-0]|TX|1881/3|
00000000|MMI|3.71|One day|C3844320|[fndg]|["One day"-tx-23-"one day"-noun-0]|TX|1813/3,1832/3|
00000000|MMI|3.68|milligram/day|C0439422|[qnco]|["mg/d"-tx-23-"mg d"-noun-0]|TX|1850/2,1862/1|
00000000|MMI|3.68|% index|C1637833|[qnco]|["% index"-tx-30-"Index"-noun-0]|TX|2114/5|
00000000|MMI|3.68|Attending (action)|C1999232|[ftcn]|["attending"-tx-28-"Attending"-noun-0]|TX|2047/9|
00000000|MMI|3.68|Attending (provider role)|C1547429|[prog]|["Attending"-tx-28-"Attending"-noun-0]|TX|2047/9|
00000000|MMI|3.68|CDISC SDTM Procedure Terminology|C3539779|[inpr]|["Procedure"-tx-14-"procedure"-noun-0]|TX|1273/9|
00000000|MMI|3.68|Glonoine, nitroglycerine, Homeopathic preparation|C0885378|[orch,phsu]|["nitroglycerine"-tx-10-"nitroglycerin"-noun-0]|TX|802/13|
00000000|MMI|3.68|Hematocrit level|C0518014|[fndg]|["Hematocrit"-tx-12-"hematocrit"-noun-0]|TX|917/10|
00000000|MMI|3.68|Html Link Type - index|C1552854|[idcn]|["index"-tx-30-"Index"-noun-0]|TX|2114/5|
00000000|MMI|3.68|Importance Weight|C1705104|[idcn]|["Weight"-tx-19-"weight"-noun-0]|TX|1669/6|
00000000|MMI|3.68|Index|C0918012|[inpr]|["Index"-tx-30-"Index"-noun-0]|TX|2114/5|
00000000|MMI|3.68|Interventional procedure|C0184661|[topp]|["Procedure"-tx-14-"procedure"-noun-0]|TX|1273/9|
00000000|MMI|3.68|Physical Medical Procedure|C3274430|[hlca]|["PROCEDURE"-tx-14-"procedure"-noun-0]|TX|1273/9|
00000000|MMI|3.68|Procedure (set of actions)|C2700391|[acty]|["Procedure"-tx-14-"procedure"-noun-0]|TX|1273/9|
00000000|MMI|3.68|Procedure Domain|C3538935|[inpr]|["Procedure"-tx-14-"procedure"-noun-0]|TX|1273/9|
00000000|MMI|3.68|Surgical and medical procedures|C1948041|[topp]|["Procedure"-tx-14-"procedure"-noun-0]|TX|1273/9|
00000000|MMI|3.68|Weighing patient|C1305866|[diap]|["weight"-tx-19-"weight"-noun-0]|TX|1669/6|
00000000|MMI|3.68|Weight|C0043100|[qnco]|["WEIGHT"-tx-19-"weight"-noun-0]|TX|1669/6|
00000000|MMI|3.65|Principal Diagnosis:-:Point in time:^Patient:-|C2598194|[clna]|["Principal Diagnosis"-tx-1-"PRINCIPAL DIAGNOSIS"-noun-0]|TX|26/19|
00000000|MMI|3.65|Principal diagnosis|C0332137|[qlco]|["Principal Diagnosis"-tx-1-"PRINCIPAL DIAGNOSIS"-noun-0]|TX|26/19|
00000000|MMI|3.64|Osteitis of pelvic region|C0221010|[dsyn]|["OSTEITIS PUBIS"-tx-9-"osteitis pubis"-noun-0]|TX|661/14|
00000000|MMI|3.64|dictated - DocumentCompletion|C1609990|[idcn]|["Dictated"-tx-26-"Dictated"-verb-0]|TX|2006/8|
00000000|MMI|3.64|dictated - ParticipationMode|C1548384|[ftcn]|["dictated"-tx-26-"Dictated"-verb-0]|TX|2006/8|
00000000|MMI|3.63|Caucasians|C0043157|[popg]|["WHITE"-tx-12-"white"-adj-0]|TX|898/5|
00000000|MMI|3.63|Count|C0750480|[qnco]|["Count"-tx-12-"count"-noun-0]|TX|904/5|
00000000|MMI|3.63|Count Dosing Unit|C1705566|[qnco]|["COUNT"-tx-12-"count"-noun-0]|TX|904/5|
00000000|MMI|3.63|Course|C0750729|[tmco]|["Course"-tx-20-"course"-noun-0]|TX|1708/6|
00000000|MMI|3.63|P Blood group antibodies|C0369773|[aapp,imft]|["P NOS"-tx-23-"p"-adj-0]|TX|1879/1|
00000000|MMI|3.63|P prime|C2603361|[clna]|["P'"-tx-23-"p"-adj-0]|TX|1879/1|
00000000|MMI|3.63|White color|C0220938|[qlco]|["WHITE"-tx-12-"white"-adj-0]|TX|898/5|
00000000|MMI|3.61|Batch (Response Modality)|C1550176|[inpr]|["Batch"-tx-30-"Batch"-noun-0]|TX|2102/5|
00000000|MMI|3.61|Batch (group)|C1948031|[qnco]|["Batch"-tx-30-"Batch"-noun-0]|TX|2102/5|
00000000|MMI|3.61|Batch Number|C3641829|[inpr]|["BATCH"-tx-30-"Batch"-noun-0]|TX|2102/5|
00000000|MMI|3.61|Creatinine finding|C1561535|[fndg]|["Creatinine"-tx-12-"creatinine"-noun-0]|TX|878/10|
00000000|MMI|3.61|Cardiology service|C3887620|[hcro]|["Cardiology service"-tx-13-"Cardiology Service"-noun-0]|TX|981/18|
00000000|MMI|3.61|Cardiology service (procedure)|C0587571|[hlca]|["Cardiology service"-tx-13-"Cardiology Service"-noun-0]|TX|981/18|
00000000|MMI|3.61|Hemodynamically stable|C0578150|[fndg]|["Hemodynamically stable"-tx-14-"hemodynamically stable"-adj-0]|TX|1296/22|
00000000|MMI|3.61|Normal diet|C0184625|[dora]|["Regular diet"-tx-18-"regular diet"-noun-0]|TX|1592/12|
00000000|MMI|3.61|Patient location type - Operating Room|C1578465|[spco]|["Operating Room"-tx-13-"Operating Room"-noun-0]|TX|1071/14|
00000000|MMI|3.60|XPR1 gene|C1421546|[gngm]|["X3"-tx-13-"x3"-noun-0]|TX|1173/2|
00000000|MMI|3.59|Daily|C0332173|[tmco]|["/day"-tx-23-"day"-noun-0]|TX|1832/3|
00000000|MMI|3.59|day|C0439228|[tmco]|["DAY"-tx-23-"day"-noun-0]|TX|1832/3|
00000000|MMI|3.59|per day|C0439505|[tmco]|["/day"-tx-23-"day"-noun-0]|TX|1832/3|
00000000|MMI|3.59|Condition|C0348080|[qlco]|["Condition"-tx-22-"CONDITION"-noun-0]|TX|1752/9|
00000000|MMI|3.59|Condition:Find:Pt:^Patient:Nom|C3864998|[clna]|["Condition"-tx-22-"CONDITION"-noun-0]|TX|1752/9|
00000000|MMI|3.59|Home environment|C0442519|[cnce]|["HOME"-tx-21-"Home"-noun-0]|TX|1729/4|
00000000|MMI|3.59|Logical Condition|C1705253|[cnce]|["Condition"-tx-22-"CONDITION"-noun-0]|TX|1752/9|
00000000|MMI|3.59|Radical prostatectomy|C0194810|[topp]|["Radical Prostatectomy"-tx-9-"radical prostatectomy"-noun-0]|TX|624/21|
00000000|MMI|3.59|Referral placed|C1691010|[ftcn]|["Referred"-tx-6-"referred"-verb-0]|TX|390/8|
00000000|MMI|3.59|Referring|C0205543|[ftcn]|["referred"-tx-6-"referred"-verb-0]|TX|390/8|
00000000|MMI|3.59|Saphenous vein graft|C0729538|[bpoc]|["SAPHENOUS VEIN GRAFT"-tx-3-"saphenous vein graft"-noun-0]|TX|181/20|
00000000|MMI|3.59|Anterior descending branch of left coronary artery|C0226032|[bpoc]|["Left anterior descending artery"-tx-13-"left artery anterior descending"-noun-0]|TX|1185/4,1207/6,1226/19|
00000000|MMI|3.57|Complicated|C0231242|[ftcn]|["Complicated"-tx-9-"complicated"-verb-0]|TX|646/11|
00000000|MMI|3.57|Surgical transfer - action|C0348011|[ftcn]|["transferred"-tx-17-"transferred"-verb-0]|TX|1487/11|
00000000|MMI|3.57|Transfer Technique|C1705822|[ftcn]|["Transferred"-tx-17-"transferred"-verb-0]|TX|1487/11|
00000000|MMI|3.56|Admission activity|C0809949|[hlca]|["Admitted"-tx-13-"admitted"-verb-0]|TX|965/8|
00000000|MMI|3.56|Advanced phase|C0205179|[qlco]|["Advanced"-tx-18-"advanced"-verb-0]|TX|1578/8|
00000000|MMI|3.56|Hospital admission|C0184666|[hlca]|["admitted"-tx-13-"admitted"-verb-0]|TX|965/8|
00000000|MMI|3.56|Taken|C1883727|[cnce]|["Taken"-tx-13-"taken"-verb-0]|TX|1058/5|
00000000|MMI|3.55|Office|C0442603|[mnob]|["Office"-tx-25-"office"-noun-0]|TX|1963/6|
00000000|MMI|3.54|Concept History|C1705255|[cnce]|["History"-tx-4-"history"-noun-0]|TX|271/7|
00000000|MMI|3.54|History of previous events|C2004062|[fndg]|["History"-tx-4-"history"-noun-0]|TX|271/7|
00000000|MMI|3.54|Present|C0150312|[qnco]|["Present"-tx-4-"presents"-verb-0]|TX|246/8|
00000000|MMI|3.54|Presentation|C0449450|[idcn]|["Present"-tx-4-"presents"-verb-0]|TX|246/8|
00000000|MMI|3.54|Weekly|C0332174|[tmco]|["/week"-tx-4-"week"-noun-0]|TX|266/4|
00000000|MMI|3.54|week|C0439230|[tmco]|["WEEK"-tx-4-"week"-noun-0]|TX|266/4|
00000000|MMI|3.50|Intravenous|C0348016|[spco]|["Intravenous"-tx-10-"intravenous"-adj-0]|TX|790/11|
00000000|MMI|3.50|NLGN4X gene|C1538067|[gngm]|["NL4"-tx-28-"NL4"-noun-0]|TX|2043/3|
00000000|MMI|3.50|Preoperative|C0445204|[tmco]|["Preoperative"-tx-19-"preoperative"-adj-0]|TX|1656/12|
00000000|MMI|3.50|Well|C3146287|[mnob]|["Well"-tx-14-"well"-adv-0]|TX|1283/4|
00000000|MMI|3.48|Aspirin Oral Tablet|C1244632|[clnd]|["aspirin tablet"-tx-23-"Aspirin tablet"-noun-0]|TX|1805/7,1817/6|
00000000|MMI|3.48|Known|C0205309|[qlco]|["Known"-tx-11-"known"-adj-0]|TX|831/5|
00000000|MMI|3.48|Routine|C0205547|[qlco]|["Routine"-tx-20-"routine"-adj-0]|TX|1686/7|
00000000|MMI|3.47|1+|C3816745|[fndg]|["1+"-tx-31-"1"-fraction-0]|TX|2137/1|
00000000|MMI|3.47|1+ Score|C2827734|[qnco]|["1+"-tx-31-"1"-fraction-0]|TX|2137/1|
00000000|MMI|3.47|1+ Score, WHO|C2981698|[clas]|["1+"-tx-31-"1"-fraction-0]|TX|2137/1|
00000000|MMI|3.47|FRRS1L gene|C1413032|[gngm]|["CG6"-tx-30-"CG6"-noun-0]|TX|2086/3|
00000000|MMI|3.47|Peroxisome Biogenesis Disorder, Complementation Group 6|C1832231|[dsyn]|["CG6"-tx-30-"CG6"-noun-0]|TX|2086/3|
00000000|MMI|3.47|Recurrent|C2945760|[tmco]|["RECURRENT"-tx-5-"recurrent"-adj-0]|TX|339/9|
00000000|MMI|3.45|One|C0205447|[qnco]|["ONE"-tx-23-"one"-noun-0]|TX|1813/3|
00000000|MMI|3.45|Tablet Dosing Unit|C1705223|[qnco]|["TABLET"-tx-23-"tablet"-noun-0]|TX|1817/6|
00000000|MMI|3.45|August|C3831448|[qlco]|["August"-tx-21-"August"-noun-0]|TX|1737/6|
00000000|MMI|3.43|Left anterior|C0441998|[spco]|["Left anterior"-tx-3-"left anterior"-adj-0]|TX|209/13|
00000000|MMI|3.42|Descending|C0205386|[qlco]|["Descending"-tx-3-"descending"-noun-0]|TX|223/10|
00000000|MMI|3.42|Sequencing - Descending|C1547177|[ftcn]|["Descending"-tx-3-"descending"-noun-0]|TX|223