00000000|MMI|7.28|Signature|C1519316|[inpr]|["Signed"-tx-1-"Signed"-noun-0]|TX|[92/6],[148/6]|
00000000|MMI|7.28|signed - ParticipationSignature|C1561610|[inpr]|["signed"-tx-1-"Signed"-noun-0]|TX|[92/6],[148/6]|
00000000|MMI|3.65|Report status|C0586177|[fndg]|["Report status"-tx-1-"Report Status"-noun-0]|TX|133/13|
00000000|MMI|3.62|Admission date:Time Stamp -- Date and Time:Point in time:^Patient:Quantitative|C2598112|[clna]|["Admission date"-tx-1-"Admission Date"-noun-0]|TX|107/14|
00000000|MMI|3.62|Date of admission|C1302393|[tmco]|["Admission date"-tx-1-"Admission Date"-noun-0]|TX|107/14|
00000000|MMI|3.59|Pyrexia of unknown origin (excl puerperal)|C0856281|[sosy]|["puo"-tx-1-"PUO"-noun-0]|TX|12/3|
00000000|MMI|3.49|Congestive heart failure|C0018802|[dsyn]|["CONGESTIVE HEART FAILURE"-tx-1-"CONGESTIVE HEART FAILURE"-noun-0]|TX|65/24|
00000000|MMI|3.46|+5|C0728893|[qnco]|["+5"-tx-1-"5"-fraction-0]|TX|123/1|
00000000|MMI|3.46|>5|C0439084|[qnco]|[">5"-tx-1-"5"-fraction-0]|TX|123/1|
00000000|MMI|3.45|Diagnostic interview schedule|C0451119|[inpr]|["DIS"-tx-1-"DIS"-noun-0]|TX|101/3|
00000000|MMI|3.45|Discontinued|C1444662|[fndg]|["DIS"-tx-1-"DIS"-noun-0]|TX|101/3|
00000000|MMI|128.46|Togo|C0040363|[geoa]|["TO"-tx-48-"to"-adv-0,"TO"-tx-44-"to"-adv-0,"TO"-tx-41-"to"-adv-0,"TO"-tx-37-"to"-adv-0,"TO"-tx-23-"to"-adv-0,"TO"-tx-20-"to"-adv-0,"TO"-tx-19-"to"-adv-0]|TX|3163/2;2944/2;2603/2;2290/2;868/2;736/2;656/2|Z01.058.290.190.800
00000000|MMI|128.46|Tryptophanase|C0041260|[aapp,enzy]|["TO"-tx-48-"to"-adv-0,"TO"-tx-44-"to"-adv-0,"TO"-tx-41-"to"-adv-0,"TO"-tx-37-"to"-adv-0,"TO"-tx-23-"to"-adv-0,"TO"-tx-20-"to"-adv-0,"TO"-tx-19-"to"-adv-0]|TX|3163/2;2944/2;2603/2;2290/2;868/2;736/2;656/2|D08.811.520.224.800
00000000|MMI|86.37|Nephrotic Syndrome|C0027726|[dsyn]|["-- Nephrotic Syndrome"-tx-39-"nephrotic syndrome"-noun-0,"-- Nephrotic Syndrome"-tx-37-"nephrotic syndrome"-noun-0,"-- Nephrotic Syndrome"-tx-35-"nephrotic syndrome"-noun-0,"-- Nephrotic Syndrome"-tx-1-"NEPHROTIC SYNDROME"-noun-0]|TX|2496/18;2271/18;2120/18;46/18|C12.777.419.630.643;C13.351.968.419.630.643
00000000|MMI|79.21|Patient Discharge|C0030685|[hlca]|["Discharge"-tx-63-"DISCHARGE"-noun-0,"Release"-tx-62-"release"-adj-0,"Discharge"-tx-47-"discharge"-noun-0,"Discharge"-tx-45-"discharge"-noun-0]|TX|4005/9;3965/7;3140/9;3042/9|E02.204.125;E02.760.400.610;N02.421.192.125;N02.421.585.400.610;N04.590.233.727.210.125
00000000|MMI|64.89|Patients|C0030705|[podg]|["*^patient"-tx-55-"patient"-noun-0,"*^patient"-tx-52-"patient"-noun-0,"*^patient"-tx-50-"patient"-noun-0,"*^patient"-tx-47-"patient"-noun-0,"*^patient"-tx-42-"patient"-noun-0,"*^patient"-tx-29-"patient"-noun-0,"*^patient"-tx-16-"patient"-noun-0]|TX|3494/7;3308/7;3222/7;3090/7;2697/7;1579/7;324/7|M01.643
00000000|MMI|45.56|Body Weight|C0005910|[orga]|["Weight"-tx-65-"weight"-noun-0,"Weight"-tx-45-"weight"-noun-0]|TX|4126/6;3030/6|C23.888.144;E01.370.600.115.100.160.120;E05.041.124.160.750;G07.100.100.160.120;G07.700.320.249.314.120
00000000|MMI|45.12|Lantus|C0876064|[aapp,phsu]|["Lantus"-tx-61-"Lantus"-noun-0,"Lantus"-tx-50-"Lantus"-noun-0]|TX|3869/6;3250/6|D06.472.699.587.200.300.100;D12.644.548.586.200.300.100
00000000|MMI|44.63|Infantile Neuroaxonal Dystrophy|C0270724|[dsyn]|["PLAN"-tx-48-"plan"-noun-0,"PLAN"-tx-44-"plan"-noun-0,"PLAN"-tx-41-"plan"-noun-0]|TX|3155/4;2923/4;2595/4|C10.228.140.744
00000000|MMI|42.15|Inspiration function|C0004048|[orgf]|["Inhaled"-tx-59-"inhaled"-verb-0,"Inhaled"-tx-56-"inhaled"-verb-0]|TX|3822/7;3696/7|G09.772.770.755.700.390
00000000|MMI|40.40|Diabetes Mellitus|C0011849|[dsyn]|["Diabetes"-tx-50-"Diabetes"-noun-0,"Diabetes"-tx-39-"diabetes"-noun-0,"DIABETES MELLITUS"-tx-3-"DIABETES MELLITUS"-noun-0]|TX|3208/8;2546/8;97/17|C18.452.394.750;C19.246
00000000|MMI|40.34|Abortion consent:Finding:Point in time:^Patient:Document|C2360836|[clna]|["Patient"-tx-55-"patient"-noun-0,"Patient"-tx-52-"patient"-noun-0,"Patient"-tx-50-"patient"-noun-0,"Patient"-tx-47-"patient"-noun-0,"Patient"-tx-42-"patient"-noun-0,"Patient"-tx-29-"patient"-noun-0,"Patient"-tx-16-"patient"-noun-0]|TX|3494/7;3308/7;3222/7;3090/7;2697/7;1579/7;324/7|
00000000|MMI|40.34|Hysterectomy consent:Finding:Point in time:^Patient:Document|C2360838|[clna]|["Patient"-tx-55-"patient"-noun-0,"Patient"-tx-52-"patient"-noun-0,"Patient"-tx-50-"patient"-noun-0,"Patient"-tx-47-"patient"-noun-0,"Patient"-tx-42-"patient"-noun-0,"Patient"-tx-29-"patient"-noun-0,"Patient"-tx-16-"patient"-noun-0]|TX|3494/7;3308/7;3222/7;3090/7;2697/7;1579/7;324/7|
00000000|MMI|40.34|Sterilization consent:Finding:Point in time:^Patient:Document|C2360840|[clna]|["Patient"-tx-55-"patient"-noun-0,"Patient"-tx-52-"patient"-noun-0,"Patient"-tx-50-"patient"-noun-0,"Patient"-tx-47-"patient"-noun-0,"Patient"-tx-42-"patient"-noun-0,"Patient"-tx-29-"patient"-noun-0,"Patient"-tx-16-"patient"-noun-0]|TX|3494/7;3308/7;3222/7;3090/7;2697/7;1579/7;324/7|
00000000|MMI|39.79|Dyspnea|C0013404|[sosy]|["DYSPNOEA"-tx-47-"dyspnea"-noun-1,"SHORTNESS OF BREATH"-tx-37-"of shortness breath"-noun-0,"DYSPNOEA"-tx-23-"dyspnea"-noun-0]|TX|3105/7;2312/2,2319/9,2332/6;898/7|C08.618.326;C23.888.852.371
00000000|MMI|39.34|Mongolia|C0026410|[geoa]|["MG"-tx-43-"mg"-noun-0,"MG"-tx-42-"mg"-noun-0,"MG"-tx-20-"mg"-noun-0]|TX|2912/2;2850/2;748/2|Z01.252.474.651
00000000|MMI|38.82|Lasix|C0699992|[orch,phsu]|["Lasix"-tx-21-"Lasix"-noun-0,"Lasix"-tx-19-"Lasix"-noun-0]|TX|756/5;694/5|D02.065.884.725.300;D02.092.146.807.300;D02.886.590.700.725.300
00000000|MMI|32.41|Labetalol|C0022860|[orch,phsu]|["LABETALOL"-tx-57-"labetalol"-noun-0,"LABETALOL"-tx-42-"labetalol"-noun-0]|TX|3713/9;2835/9|D02.033.100.291.460;D02.065.793.324;D02.092.063.291.460
00000000|MMI|30.48|Edema|C0013604|[fndg]|["OEDEMA"-tx-53-"edema"-noun-0,"OEDEMA"-tx-22-"edema"-noun-0,"OEDEMA"-tx-17-"edema"-noun-0]|TX|3410/5;790/5;457/5|C23.888.277
00000000|MMI|30.25|To|C1883351|[qlco]|["To"-tx-48-"to"-adv-0,"To"-tx-44-"to"-adv-0,"To"-tx-41-"to"-adv-0,"To"-tx-37-"to"-adv-0,"To"-tx-23-"to"-adv-0,"To"-tx-20-"to"-adv-0,"To"-tx-19-"to"-adv-0]|TX|3163/2;2944/2;2603/2;2290/2;868/2;736/2;656/2|
00000000|MMI|29.46|Needs|C0027552|[qlco]|["Need"-tx-65-"need"-verb-0,"Need"-tx-43-"need"-verb-0]|TX|4073/4;2868/4|N03.349.380.420;N05.300.450
00000000|MMI|28.78|Homo sapiens|C0086418|[humn]|["MAN"-tx-16-"man"-noun-0]|TX|349/3|B01.050.150.900.649.801.400.112.400.400
00000000|MMI|28.75|Daily|C0332173|[tmco]|["/day"-tx-62-"day"-noun-0,"/day"-tx-59-"day"-noun-0,"Daily"-tx-52-"daily"-adv-0,"Daily"-tx-44-"daily"-noun-0,"QD"-tx-43-"qd"-noun-0,"/day"-tx-34-"day"-noun-0,"/day"-tx-21-"day"-noun-0]|TX|3987/3;3800/3;3399/5;2951/5;2915/2;2010/3;764/3|
00000000|MMI|26.23|Set (Psychology)|C0036849|[menp]|["Set"-tx-23-"set"-verb-0,"Set"-tx-23-"sets"-noun-0]|TX|932/3;960/4|F02.463.425.838
00000000|MMI|26.16|Diuresis|C0012797|[ortf]|["Diuresis"-tx-53-"diuresis"-noun-0,"Diuresis"-tx-43-"diuresis"-noun-0]|TX|3465/8;2887/8|G08.852.796.241
00000000|MMI|26.06|Diurese|C0719972|[orch,phsu]|["Diurese"-tx-42-"diuresed"-verb-0]|TX|2709/8|D02.886.590.700.135.261.476.716;D02.886.655.500.261.476.716;D03.438.174.261.476.716
00000000|MMI|25.54|Atrovent|C0591130|[orch,phsu]|["Atrovent"-tx-56-"Atrovent"-noun-0]|TX|3669/8|D02.145.074.722.229.400;D03.132.760.180.572.400;D03.132.889.180.648.400;D03.605.869.229.400;D04.075.080.875.099.722.229.400
00000000|MMI|23.34|milligram/day|C0439422|[qnco]|["mg day"-tx-62-"mg day"-noun-0,"mg/d"-tx-60-"mg d"-noun-0,"mg/d"-tx-57-"mg d"-noun-0,"mg day"-tx-56-"mg day"-noun-0,"mg/d"-tx-42-"mg d"-noun-0,"mg day"-tx-41-"mg day"-noun-0]|TX|3925/2,3935/3;3852/2,3864/1;3728/2,3740/1;3653/2,3663/3;2850/2,2857/1;2642/2,2652/3|
00000000|MMI|23.20|day|C0439228|[tmco]|["DAY"-tx-62-"day"-noun-0,"DAY"-tx-59-"day"-noun-0,"DAYS"-tx-38-"days"-noun-0,"DAY"-tx-34-"day"-noun-0,"DAYS"-tx-29-"days"-noun-0,"DAY"-tx-21-"day"-noun-0]|TX|3987/3;3800/3;2426/4;2010/3;1636/4;764/3|
00000000|MMI|22.36|Insulin|C0021641|[aapp,horm,phsu]|["INSULIN"-tx-50-"insulin"-noun-0]|TX|3257/7|D06.472.699.587.200.500.625;D12.644.548.586.200.500.625
00000000|MMI|20.95|Bone structure of ischium|C0022122|[bpoc]|["Hip"-tx-33-"hip"-noun-0]|TX|1923/3|A02.835.232.043.825.548
00000000|MMI|20.95|Exercise|C0015259|[dora]|["Exercise"-tx-23-"exercise"-verb-0]|TX|871/8|G11.427.590.530.698.277;I03.350
00000000|MMI|20.18|Hospitals|C0019994|[hcro,mnob]|["HOSPITAL"-tx-42-"hospital"-noun-0,"HOSPITAL"-tx-36-"hospital"-noun-0]|TX|2738/8;2177/8|N02.278.421
00000000|MMI|19.76|Outpatients|C0029921|[podg]|["Outpatient"-tx-55-"outpatient"-noun-0,"Outpatient"-tx-48-"outpatient"-noun-0]|TX|3581/10;3184/10|M01.643.630
00000000|MMI|19.38|Angiotensin-Converting Enzyme Inhibitors|C0003015|[phsu]|["ACE Inhibitor"-tx-41-"Ace inhibitor"-noun-0]|TX|2678/13|D27.505.519.389.745.085
00000000|MMI|19.37|Protons|C0033727|[elii]|["H+"-tx-61-"h"-adv-0]|TX|3902/1|D01.248.497.300.459.700;D01.268.406.750;D01.362.340.750;G01.249.765
00000000|MMI|19.31|Metoprolol|C0025859|[orch,phsu]|["METOPROLOL"-tx-42-"metoprolol"-noun-0]|TX|2816/10|D02.033.100.624.698.573;D02.033.755.624.698.573;D02.092.063.624.698.573
00000000|MMI|19.25|Flovent|C0720466|[orch,phsu]|["Flovent"-tx-59-"Flovent"-noun-0]|TX|3806/7|D04.808.054.079.129.114
00000000|MMI|19.19|Systole|C0039155|[tmco]|["Systolic"-tx-31-"systolic"-adj-0]|TX|1750/8|G09.330.190.541.880;G11.427.590.540.570.880
00000000|MMI|18.11|Approximate|C0332232|[qlco]|["Approximately"-tx-31-"approximately"-adv-0,"Approximately"-tx-28-"approximately"-adv-0,"About"-tx-22-"about"-adv-0,"Approximately"-tx-18-"approximately"-adv-0,"Approximately"-tx-17-"approximately"-adv-0]|TX|1788/13;1472/13;837/5;552/13;471/13|
00000000|MMI|17.80|Blood Glucose|C0005802|[orch]|["blood sugars"-tx-65-"blood sugars"-noun-0]|TX|4150/12|D09.546.359.448.500
00000000|MMI|17.80|Blood Pressure|C0005823|[orgf]|["BLOOD PRESSURE"-tx-65-"blood pressure"-noun-0]|TX|4109/14|E01.370.600.875.249;G09.330.380.076
00000000|MMI|17.80|Kidney Failure|C0035078|[dsyn]|["Renal Insufficiency"-tx-11-"RENAL INSUFFICIENCY"-noun-0]|TX|176/19|C12.777.419.780;C13.351.968.419.780
00000000|MMI|17.80|Renal Insufficiency|C1565489|[dsyn]|["RENAL INSUFFICIENCY"-tx-11-"RENAL INSUFFICIENCY"-noun-0]|TX|176/19|C12.777.419.780;C13.351.968.419.780
00000000|MMI|17.80|Systemic arterial pressure|C1272641|[fndg]|["Blood pressure"-tx-65-"blood pressure"-noun-0]|TX|4109/14|G09.330.380.076.347
00000000|MMI|16.34|Left Ventricular Hypertrophy|C0149721|[dsyn]|["Hypertrophy, Left Ventricular"-tx-28-"left ventricular hypertrophy"-noun-0]|TX|1514/28|C14.280.195.400;C23.300.775.250.400
00000000|MMI|16.25|Diuretics|C0012798|[phsu]|["DIURETICS"-tx-35-"diuretics"-noun-0]|TX|2159/9|D27.505.696.560.500
00000000|MMI|16.18|Seizures|C0036572|[sosy]|["fitted"-tx-52-"fitted"-verb-0]|TX|3320/6|C10.228.140.490.631;C10.597.742;C23.888.592.742
00000000|MMI|16.18|Echocardiography|C0013516|[diap]|["ECHOCARDIOGRAM"-tx-28-"echocardiogram"-noun-0]|TX|1406/14|E01.370.350.130.750;E01.370.350.850.220;E01.370.370.380.220
00000000|MMI|16.13|Congestive heart failure|C0018802|[dsyn]|["CONGESTIVE HEART FAILURE"-tx-44-"congestive heart failure"-noun-0,"CONGESTIVE HEART FAILURE"-tx-37-"congestive heart failure"-noun-0,"CONGESTIVE HEART FAILURE"-tx-35-"congestive heart failure"-noun-0,"CONGESTIVE HEART FAILURE"-tx-13-"CONGESTIVE HEART FAILURE"-noun-0]|TX|2994/24;2349/24;2093/24;200/24|
00000000|MMI|16.09|Mastodynia|C0024902|[sosy]|["Pain of breast"-tx-26-"of chest pain"-noun-1]|TX|1221/13|C10.597.617.229;C23.888.592.612.530;F02.830.816.308;G11.561.600.810.308
00000000|MMI|16.08|Procardia XL|C0524665|[orch,phsu]|["Procardia XL"-tx-62-"Procardia XL"-noun-0]|TX|3909/12|D03.383.725.203.540
00000000|MMI|16.04|Pulse Rate|C0232117|[clna]|["PULSE"-tx-65-"pulse"-noun-0]|TX|4101/5|E01.370.600.875.500;G09.330.380.500
00000000|MMI|16.04|Iodides|C0021966|[inch]|["I-"-tx-42-"i"-adv-0]|TX|2855/1|D01.248.497.158.490;D01.475.410
00000000|MMI|15.79|Planned|C1301732|[ftcn]|["Plan"-tx-48-"plan"-noun-0,"Plan"-tx-44-"plan"-noun-0,"Plan"-tx-41-"plan"-noun-0]|TX|3155/4;2923/4;2595/4|
00000000|MMI|15.79|Treatment Plan|C0599880|[inpr]|["Plan"-tx-48-"plan"-noun-0,"Plan"-tx-44-"plan"-noun-0,"Plan"-tx-41-"plan"-noun-0]|TX|3155/4;2923/4;2595/4|
00000000|MMI|15.30|Continuous|C0549178|[idcn]|["Continue"-tx-50-"continue"-verb-0,"Continue"-tx-48-"continue"-verb-0,"Continue"-tx-41-"continue"-verb-0]|TX|3274/8;3166/8;[2606/8],[2660/8]|
00000000|MMI|15.12|per day|C0439505|[tmco]|["/day"-tx-62-"day"-noun-0,"/day"-tx-59-"day"-noun-0,"/day"-tx-34-"day"-noun-0,"/day"-tx-21-"day"-noun-0]|TX|3987/3;3800/3;2010/3;764/3|
00000000|MMI|14.64|Ability|C0085732|[orga]|["Ability"-tx-23-"ability"-noun-0]|TX|860/7|F02.784.629.131
00000000|MMI|14.64|Anemia, Macrocytic|C0002886|[dsyn]|["Macrocytic anaemia"-tx-55-"macrocytic anemia"-noun-0]|TX|3541/17|C15.378.071.252
00000000|MMI|14.64|Cardiology discipline|C0007189|[bmod]|["Cardiology"-tx-41-"Cardiology"-noun-0]|TX|2579/10|H02.403.429.163
00000000|MMI|14.64|Chronic Obstructive Airway Disease|C0024117|[dsyn]|["CHRONIC OBSTRUCTIVE PULMONARY DISEASE"-tx-15-"CHRONIC OBSTRUCTIVE PULMONARY DISEASE"-noun-0]|TX|253/37|C08.381.495.389
00000000|MMI|14.64|Hematology (discipline)|C0018943|[bmod]|["Haematology NOS"-tx-55-"Hematology"-noun-0]|TX|3478/10|H02.403.429.445
00000000|MMI|14.64|Hip structure|C0019552|[bpoc]|["HIP"-tx-33-"hip"-noun-0]|TX|1923/3|A01.378.610.400
00000000|MMI|14.64|Kidney Diseases|C0022658|[dsyn]|["Nephropathy"-tx-39-"nephropathy"-noun-0]|TX|2563/11|C12.777.419;C13.351.968.419
00000000|MMI|13.40|Inhaler|C0021461|[medd]|["INHALER"-tx-56-"inhaler"-noun-0,"Inhalers"-tx-48-"inhalers"-noun-0]|TX|3678/7;3195/8|E07.605
00000000|MMI|13.22|Mitral Valve Insufficiency|C0026266|[patf]|["MITRAL REGURGITATION"-tx-28-"mitral regurgitation"-noun-0]|TX|1553/20|C14.280.484.461
00000000|MMI|13.14|Unemployment|C0041674|[fndg]|["Unemployed"-tx-29-"unemployed"-adj-0]|TX|1601/10|N01.824.245.850
00000000|MMI|13.05|Diltiazem|C0012373|[orch,phsu]|["DILTIAZEM"-tx-42-"Diltiazem"-noun-0]|TX|2802/9|D03.438.079.150
00000000|MMI|13.05|Myocardial Infarction|C0027051|[dsyn]|["Infarction, Myocardial"-tx-26-"myocardial infarction"-noun-1]|TX|1295/21|C14.280.647.500;C14.907.585.500
00000000|MMI|13.05|torsemide|C0076840|[orch,phsu]|["TORSEMIDE"-tx-43-"Torsemide"-noun-0]|TX|2873/9|x.x.x.x
00000000|MMI|13.03|Knee|C0022742|[bpoc]|["Knee"-tx-52-"knee"-noun-0]|TX|3375/4|A01.378.610.450
00000000|MMI|13.03|Knee joint|C0022745|[bsoj]|["Knee"-tx-52-"knee"-noun-0]|TX|3375/4|A02.835.583.475
00000000|MMI|13.01|Nurses|C0028661|[prog]|["NURSE"-tx-44-"nurse"-noun-0]|TX|3019/5|M01.526.485.650;N02.360.650
00000000|MMI|12.92|physiological aspects|C0031843|[phsf]|["function"-tx-25-"function"-noun-0]|TX|1088/8|x.x.x.x
00000000|MMI|12.90|In Urine|C0042037|[ftcn]|["URINE"-tx-34-"urine"-noun-0]|TX|1972/5|x.x.x.x
00000000|MMI|12.89|Foot|C0016504|[bpoc]|["Feet"-tx-38-"feet"-noun-0]|TX|2416/4|A01.378.610.250
00000000|MMI|11.49|Bipolar Disorder|C0005586|[mobd]|["Bipolar Disorder"-tx-7-"BIPOLAR DISORDER"-noun-0]|TX|136/16|F03.084.500
00000000|MMI|11.49|Hypertensive disease|C0020538|[dsyn]|["HYPERTENSION"-tx-5-"HYPERTENSION"-noun-0]|TX|119/12|C14.907.489
00000000|MMI|11.49|Panic Disorder|C0030319|[mobd]|["-- Panic Disorder"-tx-9-"PANIC DISORDER"-noun-0]|TX|157/14|F03.080.700
00000000|MMI|11.49|Physical Examination|C0031809|[hlca]|["PHYSICAL EXAM"-tx-31-"PHYSICAL EXAM"-noun-0]|TX|1703/13|E01.370.600
00000000|MMI|11.49|Venous Insufficiency|C0042485|[dsyn]|["Insufficiency, Venous"-tx-38-"Venous insufficiency"-noun-0]|TX|2375/20|C14.907.952
00000000|MMI|11.30|Weight|C0043100|[qnco]|["WEIGHT"-tx-65-"weight"-noun-0,"WEIGHT"-tx-45-"weight"-noun-0,"WEIGHTS"-tx-44-"weights"-noun-0]|TX|4126/6;3030/6;2957/7|
00000000|MMI|11.25|Edema:Finding:Point in time:^Patient:Ordinal|C1717255|[clna]|["Edema"-tx-53-"edema"-noun-0,"Edema"-tx-22-"edema"-noun-0,"Edema"-tx-17-"edema"-noun-0]|TX|3410/5;790/5;457/5|
00000000|MMI|11.23|+2|C0740116|[qnco]|["+2"-tx-46-"2"-integer-0,"+2"-tx-26-"2"-integer-0,"+2"-tx-4-"2"-integer-0]|TX|3070/1;1210/1;116/1|
00000000|MMI|11.23|2+|C3833492|[fndg]|["2+"-tx-46-"2"-integer-0,"2+"-tx-26-"2"-integer-1,"2+"-tx-4-"2"-integer-0]|TX|3070/1;1210/1;116/1|
00000000|MMI|11.23|2+ Score|C2827735|[qnco]|["2+"-tx-46-"2"-integer-0,"2+"-tx-26-"2"-integer-0,"2+"-tx-4-"2"-integer-0]|TX|3070/1;1210/1;116/1|
00000000|MMI|11.23|2+ Score, WHO|C2981700|[clas]|["2+"-tx-46-"2"-integer-0,"2+"-tx-26-"2"-integer-0,"2+"-tx-4-"2"-integer-0]|TX|3070/1;1210/1;116/1|
00000000|MMI|11.18|Started|C1272689|[qlco]|["Started"-tx-25-"started"-verb-0,"Started"-tx-19-"started"-verb-0,"Started"-tx-17-"started"-verb-0]|TX|1149/7;683/7;463/7|
00000000|MMI|10.97|Incision and drainage|C0152277|[topp]|["i d"-tx-59-"i.d"-adv-0,"i d"-tx-56-"i.d"-adv-0,"i d"-tx-42-"i.d"-adv-0]|TX|3832/3;3706/3;2855/3|
00000000|MMI|10.55|Admission activity|C0809949|[hlca]|["Admission"-tx-29-"admission"-noun-0,"Admission"-tx-27-"admission"-noun-0,"Admitted"-tx-26-"admitted"-verb-0]|TX|1650/9;1386/9;1273/8|
00000000|MMI|10.55|Hospital admission|C0184666|[hlca]|["Admission"-tx-29-"admission"-noun-0,"Admission"-tx-27-"admission"-noun-0,"admitted"-tx-26-"admitted"-verb-0]|TX|1650/9;1386/9;1273/8|
00000000|MMI|10.50|Magnesium Cation|C2346927|[elii,phsu]|["Mg++"-tx-43-"mg"-noun-0,"Mg++"-tx-42-"mg"-noun-0,"Mg++"-tx-20-"mg"-noun-0]|TX|2912/2;2850/2;748/2|
00000000|MMI|10.50|Milligram percent|C1960952|[qnco]|["mg %"-tx-43-"mg"-noun-0,"mg %"-tx-42-"mg"-noun-0,"mg %"-tx-20-"mg"-noun-0]|TX|2912/2;2850/2;748/2|
00000000|MMI|10.50|mg/dL|C0439269|[qnco]|["mg%"-tx-43-"mg"-noun-0,"mg%"-tx-42-"mg"-noun-0,"mg%"-tx-20-"mg"-noun-0]|TX|2912/2;2850/2;748/2|
00000000|MMI|10.49|Body Fluid Discharge|C0012621|[bdsu]|["Discharge"-tx-63-"DISCHARGE"-noun-0,"Discharge"-tx-47-"discharge"-noun-0,"Discharge"-tx-45-"discharge"-noun-0]|TX|4005/9;3140/9;3042/9|
00000000|MMI|10.49|Discharge, body substance|C2926602|[bdsu]|["Discharge"-tx-63-"DISCHARGE"-noun-0,"Discharge"-tx-47-"discharge"-noun-0,"Discharge"-tx-45-"discharge"-noun-0]|TX|4005/9;3140/9;3042/9|
00000000|MMI|10.42|+5|C0728893|[qnco]|["+5"-tx-54-"5"-integer-0,"+5"-tx-10-"5"-integer-0]|TX|3475/1;173/1|
00000000|MMI|10.42|1+|C3816745|[fndg]|["1+"-tx-40-"1"-integer-0,"1+"-tx-2-"1"-integer-0]|TX|2576/1;94/1|
00000000|MMI|10.42|1+ Score|C2827734|[qnco]|["1+"-tx-40-"1"-integer-0,"1+"-tx-2-"1"-integer-0]|TX|2576/1;94/1|
00000000|MMI|10.42|1+ Score, WHO|C2981698|[clas]|["1+"-tx-40-"1"-integer-0,"1+"-tx-2-"1"-integer-0]|TX|2576/1;94/1|
00000000|MMI|10.42|3+ Answer to Question|C3838680|[fndg]|["3+"-tx-49-"3"-integer-0,"3+"-tx-6-"3"-integer-0]|TX|3205/1;133/1|
00000000|MMI|10.42|3+ Score|C2827736|[qnco]|["3+"-tx-49-"3"-integer-0,"3+"-tx-6-"3"-integer-0]|TX|3205/1;133/1|
00000000|MMI|10.42|3+ Score, WHO|C2981702|[clas]|["3+"-tx-49-"3"-integer-0,"3+"-tx-6-"3"-integer-0]|TX|3205/1;133/1|
00000000|MMI|10.42|4+ Answer to question|C3838679|[fndg]|["4+"-tx-51-"4"-integer-0,"4+"-tx-8-"4"-integer-0]|TX|3289/1;154/1|
00000000|MMI|10.42|<3 (qualifier value)|C0439086|[qnco]|["<3"-tx-49-"3"-integer-0,"<3"-tx-6-"3"-integer-0]|TX|3205/1;133/1|
00000000|MMI|10.42|>5|C0439084|[qnco]|[">5"-tx-54-"5"-integer-0,">5"-tx-10-"5"-integer-0]|TX|3475/1;173/1|
00000000|MMI|10.42|Doctor of Medicine|C1512018|[inpr]|["M.D."-tx-67-"M.D"-noun-0,"M.D."-tx-66-"M.D"-noun-0]|TX|4263/3;4218/3|
00000000|MMI|10.42|Negation|C1518422|[ftcn]|["Not"-tx-24-"not"-adv-0,"Not"-tx-20-"not"-adv-0]|TX|993/3;722/3|
00000000|MMI|10.42|On admission|C0457453|[tmco]|["On admission"-tx-34-"ON ADMISSION"-adj-0,"On admission"-tx-31-"ON ADMISSION"-adj-0]|TX|1944/12;1717/12|
00000000|MMI|10.42|Patient need for (contextual qualifier)|C0686904|[ftcn]|["need"-tx-65-"need"-verb-0,"need"-tx-43-"need"-verb-0]|TX|4073/4;2868/4|
00000000|MMI|9.91|physiopathological|C0031847|[ftcn]|["dysfunction"-tx-25-"dysfunction"-noun-0]|TX|1126/11|x.x.x
00000000|MMI|9.90|Disease|C0012634|[dsyn]|["condition"-tx-63-"CONDITION"-noun-0]|TX|3992/9|C23.550.288
00000000|MMI|9.85|Etiology aspects|C0015127|[ftcn]|["cause"-tx-37-"cause"-noun-0]|TX|2306/5|x.x.x
00000000|MMI|9.85|Males|C0086582|[orga]|["MAN"-tx-16-"man"-noun-0]|TX|349/3|x.x.x
00000000|MMI|9.81|Christianity|C0008532|[idcn]|["Christian"-tx-67-"CHRISTIAN"-noun-0]|TX|4239/9|K01.844.188
00000000|MMI|9.75|Urine|C0042036|[bdsu]|["URINE"-tx-34-"urine"-noun-0]|TX|1972/5|A12.207.927
00000000|MMI|8.34|Body Fluids|C0005889|[bdsu]|["FLUID"-tx-19-"fluid"-noun-0]|TX|662/5|A12.207
00000000|MMI|8.34|Electrolytes|C0013832|[inch,phsu]|["ELECTROLYTES"-tx-65-"electrolytes"-noun-0]|TX|4135/12|D01.248
00000000|MMI|8.00|Show|C1547282|[anim]|["Show"-tx-34-"showing"-verb-0,"Show"-tx-28-"showed"-verb-0]|TX|1978/7;1441/6|
00000000|MMI|7.49|Hospital environment|C1510665|[qlco]|["Hospital"-tx-42-"hospital"-noun-0,"Hospital"-tx-36-"hospital"-noun-0]|TX|2738/8;2177/8|
00000000|MMI|7.49|Importance Weight|C1705104|[idcn]|["Weight"-tx-65-"weight"-noun-0,"Weight"-tx-45-"weight"-noun-0]|TX|4126/6;3030/6|
00000000|MMI|7.49|Weighing patient|C1305866|[diap]|["weight"-tx-65-"weight"-noun-0,"weight"-tx-45-"weight"-noun-0]|TX|4126/6;3030/6|
00000000|MMI|7.46|Diabetes|C0011847|[dsyn]|["Diabetes"-tx-50-"Diabetes"-noun-0,"Diabetes"-tx-39-"diabetes"-noun-0]|TX|3208/8;2546/8|
00000000|MMI|7.36|Negative|C0205160|[qlco]|["Negative"-tx-37-"negative"-adj-0,"Negative"-tx-26-"negative"-adj-0]|TX|2243/8;1341/8|
00000000|MMI|7.36|Negative - answer|C3853545|[qlco]|["Negative"-tx-37-"negative"-adj-0,"Negative"-tx-26-"negative"-adj-0]|TX|2243/8;1341/8|
00000000|MMI|7.36|Negative Charge|C2825491|[qlco]|["Negative"-tx-37-"negative"-adj-0,"Negative"-tx-26-"negative"-adj-0]|TX|2243/8;1341/8|
00000000|MMI|7.36|Negative Finding|C1513916|[fndg]|["NEGATIVE"-tx-37-"negative"-adj-0,"NEGATIVE"-tx-26-"negative"-adj-1]|TX|2243/8;1341/8|
00000000|MMI|7.36|Negative Number|C2825415|[cnce]|["Negative"-tx-37-"negative"-adj-0,"Negative"-tx-26-"negative"-adj-0]|TX|2243/8;1341/8|
00000000|MMI|7.31|Medical Examination|C0582103|[hlca]|["Exam"-tx-32-"exam"-noun-0]|TX|[1834/4],[1867/4]|
00000000|MMI|7.29|month|C0439231|[tmco]|["MONTHS"-tx-23-"months"-noun-0,"MONTHS"-tx-17-"months"-noun-0]|TX|973/6;487/6|
00000000|MMI|7.26|Edema of foot (finding)|C0574002|[sosy]|["Pedal oedema"-tx-38-"pedal edema"-noun-0,"Pedal oedema"-tx-1-"PEDAL EDEMA"-noun-0]|TX|2468/11;67/11|
00000000|MMI|7.25|Diastolic dysfunction|C0520863|[patf]|["Diastolic Dysfunction"-tx-35-"diastolic dysfunction"-noun-0,"Diastolic Dysfunction"-tx-13-"DIASTOLIC DYSFUNCTION"-noun-0]|TX|2069/21;227/21|
00000000|MMI|7.20|Set scale|C1442518|[ftcn]|["Set"-tx-23-"set"-verb-0,"Set"-tx-23-"sets"-noun-0]|TX|932/3;960/4|
00000000|MMI|7.20|Stocking (hosiery)|C0453908|[mnob]|["Stockings"-tx-53-"stockings"-noun-0,"Stockings"-tx-52-"stockings"-noun-0]|TX|3442/9;3337/9|
00000000|MMI|7.20|set (group)|C1705195|[cnce]|["Set"-tx-23-"set"-verb-0,"Set"-tx-23-"sets"-noun-0]|TX|932/3;960/4|
00000000|MMI|7.18|week|C0439230|[tmco]|["WEEKS"-tx-22-"weeks"-noun-0,"WEEKS"-tx-16-"weeks"-noun-0]|TX|849/5;413/5|
00000000|MMI|7.17|Followed by|C0332283|[tmco]|["follow"-tx-65-"follow"-adj-0,"Followed by"-tx-44-"followed by"-verb-0]|TX|4084/6;2980/11|
00000000|MMI|7.16|Evidence|C3887511|[idcn]|["Evidence"-tx-36-"evidence"-noun-0,"Evidence"-tx-33-"evidence"-noun-0]|TX|2193/8;1880/8|
00000000|MMI|7.14|Standing position|C0231472|[phsf]|["STANDING"-tx-39-"standing"-adj-0,"STANDING"-tx-38-"standing"-noun-0]|TX|2537/8;2400/8|
00000000|MMI|7.13|Worse|C1457868|[fndg]|["Worsened"-tx-17-"worsened"-verb-0,"Worsening"-tx-16-"worsening"-noun-0]|TX|506/8;422/9|
00000000|MMI|7.07|Patient Class - Outpatient|C1549405|[clas]|["Outpatient"-tx-55-"outpatient"-noun-0,"Outpatient"-tx-48-"outpatient"-noun-0]|TX|3581/10;3184/10|
00000000|MMI|7.07|Referral category - Outpatient|C1548439|[idcn]|["Outpatient"-tx-55-"outpatient"-noun-0,"Outpatient"-tx-48-"outpatient"-noun-0]|TX|3581/10;3184/10|
00000000|MMI|7.04|11-12|C3843712|[fndg]|["11-12"-tx-69-"11/12"-fraction-0]|TX|[4324/5],[4336/5]|
00000000|MMI|7.02|September|C3828193|[tmco]|["September"-tx-28-"September"-noun-0,"September"-tx-26-"September"-noun-0]|TX|1424/9;1238/9|
00000000|MMI|7.00|Bilateral|C0238767|[spco]|["BILATERAL"-tx-33-"bilateral"-adj-0,"BILATERAL"-tx-16-"bilateral"-adj-0]|TX|1892/9;432/9|
00000000|MMI|7.00|Probable diagnosis|C0332148|[qlco]|["Likely"-tx-39-"likely"-adv-0,"Likely"-tx-38-"likely"-adj-0]|TX|2518/6;2441/6|
00000000|MMI|7.00|Probably|C0750492|[idcn]|["Likely"-tx-39-"likely"-adv-0,"Likely"-tx-38-"likely"-adj-0]|TX|2518/6;2441/6|
00000000|MMI|6.99|Gait normal|C0231683|[fndg]|["Normal"-tx-32-"normal"-adj-0]|TX|[1817/6],[1852/6]|
00000000|MMI|6.99|Mean Percent of Normal|C2347086|[qnco]|["% Normal"-tx-32-"normal"-adj-0]|TX|[1817/6],[1852/6]|
00000000|MMI|6.99|Normal|C0205307|[qlco]|["NORMAL"-tx-32-"normal"-adj-0]|TX|[1817/6],[1852/6]|
00000000|MMI|6.99|Percent normal|C0439166|[qnco]|["% normal"-tx-32-"normal"-adj-0]|TX|[1817/6],[1852/6]|
00000000|MMI|6.99|aspirin enteric coated|C0718690|[orch,phsu]|["enteric coated aspirin"-tx-56-"Enteric coated aspirin"-noun-0,"enteric coated aspirin"-tx-41-"enteric coated aspirin"-noun-0]|TX|3627/22;2615/22|
00000000|MMI|6.97|Good|C0205170|[qlco]|["Good"-tx-50-"good"-adj-0,"Good"-tx-25-"good"-adj-0]|TX|3234/4;1184/4|
00000000|MMI|6.88|Old|C0580836|[tmco]|["Old"-tx-35-"old"-noun-0,"Old"-tx-16-"old"-noun-0]|TX|2050/3;345/3|
00000000|MMI|6.88|per year|C0439508|[tmco]|["/Year"-tx-35-"year"-noun-0,"/Year"-tx-16-"year"-noun-0]|TX|2045/4;340/4|
00000000|MMI|6.88|year|C0439234|[tmco]|["YEAR"-tx-35-"year"-noun-0,"YEAR"-tx-16-"year"-noun-0]|TX|2045/4;340/4|
00000000|MMI|6.70|Male population group|C0025266|[popg]|["Man"-tx-16-"man"-noun-0]|TX|349/3|M01.390
00000000|MMI|6.66|Homelessness|C0237154|[fndg]|["Homeless"-tx-29-"homeless"-adj-0]|TX|1590/8|M01.325
00000000|MMI|6.66|Time|C0040223|[tmco]|["TIME"-tx-26-"time"-noun-0]|TX|1327/4|G01.910
00000000|MMI|6.63|Lung|C0024109|[bpoc]|["pulmonary"-tx-32-"pulmonary"-adj-0]|TX|1824/9|A04.411
00000000|MMI|6.59|Proteins|C0033684|[aapp,bacs]|["PROTEIN"-tx-34-"protein"-noun-0]|TX|1998/7|D12.776
00000000|MMI|5.18|August|C3831448|[qlco]|["August"-tx-19-"August"-noun-0]|TX|597/6|
00000000|MMI|5.18|Blood pressure finding|C1271104|[fndg]|["Blood Pressure"-tx-65-"blood pressure"-noun-0]|TX|4109/14|
00000000|MMI|5.18|Cardiology service|C3887620|[hcro]|["Cardiology"-tx-41-"Cardiology"-noun-0]|TX|2579/10|
00000000|MMI|5.18|Deny (action)|C2700401|[acty]|["Deny"-tx-27-"denies"-verb-0]|TX|1354/6|
00000000|MMI|5.18|Discharge date|C2361123|[tmco]|["Discharge date"-tx-1-"Discharge Date"-noun-0]|TX|0/14|
00000000|MMI|5.18|Discharge date:Time Stamp -- Date and Time:Point in time:^Patient:Quantitative|C2361122|[clna]|["Discharge date"-tx-1-"Discharge Date"-noun-0]|TX|0/14|
00000000|MMI|5.18|Electrolyte [EPC]|C3536863|[phsu]|["Electrolytes"-tx-65-"electrolytes"-noun-0]|TX|4135/12|
00000000|MMI|5.18|Evaluation and management note:Finding:Point in time:{Setting}:Document:{Provider}|C1316572|[clna]|["Note"-tx-39-"note"-noun-0]|TX|2484/4|
00000000|MMI|5.18|Exercise Pain Management|C1522704|[topp]|["Exercise"-tx-23-"exercise"-verb-0]|TX|871/8|
00000000|MMI|5.18|Fluid behavior|C0444611|[qlco]|["Fluid"-tx-19-"fluid"-noun-0]|TX|662/5|
00000000|MMI|5.18|Gain|C1517378|[qnco]|["Gained"-tx-18-"gained"-verb-0]|TX|545/6|
00000000|MMI|5.18|Greatly|C3840786|[fndg]|["Greatly"-tx-53-"greatly"-adv-0]|TX|3420/7|
00000000|MMI|5.18|Hematology procedure|C0200627|[lbpr]|["Hematology"-tx-55-"Hematology"-noun-0]|TX|3478/10|
00000000|MMI|5.18|History of present illness|C0262512|[orga]|["HISTORY OF PRESENT ILLNESS"-tx-16-"HISTORY OF PRESENT ILLNESS"-noun-0]|TX|292/26|
00000000|MMI|5.18|History of present illness:Finding:Point in time:^Patient:Nominal:Reported|C0488508|[clna]|["History of present illness"-tx-16-"HISTORY OF PRESENT ILLNESS"-noun-0]|TX|292/26|
00000000|MMI|5.18|Hospital course|C0489547|[fndg]|["Hospital course"-tx-35-"HOSPITAL COURSE"-noun-0]|TX|2015/15|
00000000|MMI|5.18|Hospital course:Finding:Point in time:^Patient:Narrative|C0488549|[clna]|["Hospital course"-tx-35-"HOSPITAL COURSE"-noun-0]|TX|2015/15|
00000000|MMI|5.18|Hypertension Adverse Event|C1963138|[fndg]|["Hypertension"-tx-5-"HYPERTENSION"-noun-0]|TX|119/12|
00000000|MMI|5.18|Induce (action)|C0205263|[ftcn]|["Induced"-tx-39-"induced"-verb-0]|TX|2555/7|
00000000|MMI|5.18|Laboratory Data Domain|C1705214|[idcn]|["Laboratory Data"-tx-34-"LABORATORY DATA"-noun-0]|TX|1928/15|
00000000|MMI|5.18|Left|C0205091|[spco]|["LEFT"-tx-29-"left"-verb-0]|TX|1616/4|
00000000|MMI|5.18|Left sided|C0443246|[spco]|["Left"-tx-29-"left"-verb-0]|TX|1616/4|
00000000|MMI|5.18|Liquid substance|C0302908|[sbst]|["fluid"-tx-19-"fluid"-noun-0]|TX|662/5|
00000000|MMI|5.18|Lobular Neoplasia|C0861352|[neop]|["LN"-tx-64-"Ln"-noun-0]|TX|4061/2|
00000000|MMI|5.18|MLPH gene|C1428884|[gngm]|["ln"-tx-64-"Ln"-noun-0]|TX|4061/2|
00000000|MMI|5.18|Note (document)|C1317574|[inpr]|["Note"-tx-39-"note"-noun-0]|TX|2484/4|
00000000|MMI|5.18|PANIC DISORDER 1|C1868649|[dsyn]|["PANIC DISORDER"-tx-9-"PANIC DISORDER"-noun-0]|TX|157/14|
00000000|MMI|5.18|PROBLEM LIST|C0552582|[inpr]|["PROBLEM LIST"-tx-2-"PROBLEM LIST"-noun-0]|TX|80/12|
00000000|MMI|5.18|Paroxysmal nocturnal dyspnea|C1956415|[dsyn]|["Paroxysmal nocturnal dyspnoea"-tx-24-"paroxysmal nocturnal dyspnea"-noun-1]|TX|1027/28|
00000000|MMI|5.18|Patient Condition Code - Stable|C1547311|[inpr]|["Stable"-tx-63-"Stable"-adj-0]|TX|4016/6|
00000000|MMI|5.18|Peripheral|C0205100|[spco]|["PERIPHERAL"-tx-52-"Peripheral"-adj-0]|TX|3292/10|
00000000|MMI|5.18|Physical Exam Domain|C1744699|[inpr]|["Physical Exam"-tx-31-"PHYSICAL EXAM"-noun-0]|TX|1703/13|
00000000|MMI|5.18|Present|C0150312|[qnco]|["Found"-tx-19-"found"-verb-0]|TX|650/5|
00000000|MMI|5.18|REG3A wt Allele|C3538851|[gngm]|["HIP"-tx-33-"hip"-noun-0]|TX|1923/3|
00000000|MMI|5.18|Specimen Source Codes - Respiratory|C1546767|[inpr]|["Respiratory"-tx-47-"Respiratory"-adj-0]|TX|3073/11|
00000000|MMI|5.18|Stable status|C0205360|[qlco]|["STABLE"-tx-63-"Stable"-adj-0]|TX|4016/6|
00000000|MMI|5.18|TCN2 gene|C1420653|[gngm]|["macrocytic anemia"-tx-55-"macrocytic anemia"-noun-0]|TX|3541/17|
00000000|MMI|5.18|Table Cell Horizontal Align - left|C1552822|[ftcn]|["left"-tx-29-"left"-verb-0]|TX|1616/4|
00000000|MMI|5.18|Then|C1883708|[tmco]|["Then"-tx-30-"then"-adv-0]|TX|1697/4|
00000000|MMI|5.18|Used by|C1273517|[fndg]|["used"-tx-52-"used"-verb-0]|TX|3394/4|
00000000|MMI|5.18|fluid - substance|C1704353|[sbst]|["Fluid"-tx-19-"fluid"-noun-0]|TX|662/5|
00000000|MMI|5.18|late nucleophagy|C3714709|[celf]|["LN"-tx-64-"Ln"-noun-0]|TX|4061/2|
00000000|MMI|5.18|medical compliance|C0746460|[idcn]|["medical compliance"-tx-65-"medical compliance"-noun-0]|TX|4169/18|
00000000|MMI|5.18|problem list - observation|C1553895|[inpr]|["problem list"-tx-2-"PROBLEM LIST"-noun-0]|TX|80/12|
00000000|MMI|5.18|respiratory|C0521346|[ftcn]|["RESPIRATORY"-tx-47-"Respiratory"-adj-0]|TX|3073/11|
00000000|MMI|5.18|summer|C0241301|[tmco]|["SUMMER"-tx-18-"summer"-noun-0]|TX|586/6|
00000000|MMI|3.98|suggestion|C1705535|[idcn]|["Suggest"-tx-37-"suggesting"-verb-0]|TX|2256/10|
00000000|MMI|3.77|Dyspnea on exertion|C0231807|[sosy]|["Dyspnoea on exertion"-tx-22-"dyspnea on exertion"-noun-0]|TX|813/19|
00000000|MMI|3.75|20 pounds|C3845313|[fndg]|["20 pounds"-tx-18-"20 pounds"-noun-0]|TX|566/9|
00000000|MMI|3.75|Examination of heart|C0562319|[hlca]|["Cardiac exam"-tx-32-"cardiac exam"-noun-0]|TX|1859/12|
00000000|MMI|3.75|Seen by primary care physician|C3887420|[fndg]|["Seen by primary care physician"-tx-19-"seen by primary care physician"-noun-0]|TX|611/7,623/22|
00000000|MMI|3.75|work up|C0750430|[diap]|["Work-up"-tx-55-"work up"-noun-0]|TX|3592/7|
00000000|MMI|3.74|Pulmonary Dysfunction|C1709770|[fndg]|["Pulmonary Dysfunction"-tx-25-"pulmonary dysfunction"-noun-0]|TX|1078/9,1126/11|
00000000|MMI|3.72|Left ventricular hypertrophy:Finding:Point in time:^Patient:Ordinal|C3484363|[clna]|["Left ventricular hypertrophy"-tx-28-"left ventricular hypertrophy"-noun-0]|TX|1514/28|
00000000|MMI|3.69|Lives with friends|C0557128|[fndg]|["Live with friends"-tx-30-"lived with friends"-noun-0]|TX|1668/10,1683/7|
00000000|MMI|3.68|% index|C1637833|[qnco]|["% index"-tx-68-"Index"-noun-0]|TX|4300/5|
00000000|MMI|3.68|Attending (action)|C1999232|[ftcn]|["attending"-tx-67-"Attending"-noun-0]|TX|4228/9|
00000000|MMI|3.68|Attending (provider role)|C1547429|[prog]|["Attending"-tx-67-"Attending"-noun-0]|TX|4228/9|
00000000|MMI|3.68|Brain natriuretic peptide measurement|C1095989|[lbpr]|["BNP"-tx-37-"BNP"-noun-0]|TX|2252/3|
00000000|MMI|3.68|Disease Response|C1704632|[fndg]|["Response"-tx-25-"response"-noun-0]|TX|1189/8|
00000000|MMI|3.68|Html Link Type - index|C1552854|[idcn]|["index"-tx-68-"Index"-noun-0]|TX|4300/5|
00000000|MMI|3.68|Index|C0918012|[inpr]|["Index"-tx-68-"Index"-noun-0]|TX|4300/5|
00000000|MMI|3.68|Kilogram|C0439209|[qnco]|["kilograms"-tx-45-"kilograms"-noun-0]|TX|3059/9|
00000000|MMI|3.68|NPPB gene|C1417808|[gngm]|["BNP"-tx-37-"BNP"-noun-0]|TX|2252/3|
00000000|MMI|3.68|NPPB wt Allele|C2982014|[gngm]|["BNP"-tx-37-"BNP"-noun-0]|TX|2252/3|
00000000|MMI|3.68|Response (communication)|C2911692|[menp]|["Response"-tx-25-"response"-noun-0]|TX|1189/8|
00000000|MMI|3.68|Response (statement)|C1706817|[inpr]|["Response"-tx-25-"response"-noun-0]|TX|1189/8|
00000000|MMI|3.68|Response process|C0871261|[orga]|["Response"-tx-25-"response"-noun-0]|TX|1189/8|
00000000|MMI|3.68|Weights - exercise activity|C3812400|[fndg]|["Weights"-tx-44-"weights"-noun-0]|TX|2957/7|
00000000|MMI|3.68|CDISC SDTM Discharge Disposition Terminology|C3541348|[inpr]|["Discharge Disposition"-tx-64-"DISPOSITION DISCHARGE"-noun-0]|TX|4024/11,4039/9|
00000000|MMI|3.68|Discharge disposition:Type:Pt:^Patient:Nom|C4019243|[clna]|["Discharge disposition"-tx-64-"DISPOSITION DISCHARGE"-noun-0]|TX|4024/11,4039/9|
00000000|MMI|3.68|Medication.discharge|C0806915|[fndg]|["Discharge medications"-tx-56-"MEDICATIONS DISCHARGE"-noun-0]|TX|3601/11,3616/9|
00000000|MMI|3.68|disposition of patient discharged to|C1550390|[fndg]|["Discharge Disposition"-tx-64-"DISPOSITION DISCHARGE"-noun-0]|TX|4024/11,4039/9|
00000000|MMI|3.65|Principal Diagnosis:-:Point in time:^Patient:-|C2598194|[clna]|["Principal Diagnosis"-tx-1-"PRINCIPAL DIAGNOSIS"-noun-0]|TX|25/19|
00000000|MMI|3.65|Principal diagnosis|C0332137|[qlco]|["Principal Diagnosis"-tx-1-"PRINCIPAL DIAGNOSIS"-noun-0]|TX|25/19|
00000000|MMI|3.64|Lisinopril 30 MG|C0987220|[clnd]|["Lisinopril 30 MG"-tx-58-"Lisinopril 30 mg"-noun-0]|TX|3745/16|
00000000|MMI|3.64|Respiratory distress|C0476273|[sosy]|["Distress, Respiratory"-tx-47-"respiratory distress"-noun-1]|TX|3116/20|
00000000|MMI|3.64|combivent inhaler|C0353615|[medd]|["combivent inhalers"-tx-25-"Combivent inhalers"-noun-0]|TX|1160/18|
00000000|MMI|3.64|dictated - DocumentCompletion|C1609990|[idcn]|["Dictated"-tx-66-"Dictated"-verb-0]|TX|4189/8|
00000000|MMI|3.64|dictated - ParticipationMode|C1548384|[ftcn]|["dictated"-tx-66-"Dictated"-verb-0]|TX|4189/8|
00000000|MMI|3.63|QS -Quantity Sufficient (potency unit)|C1699029|[qnco]|["q.s."-tx-61-"q."-adv-0]|TX|3900/1,3901/1|
00000000|MMI|3.63|One|C0205447|[qnco]|["ONE"-tx-23-"one"-noun-0]|TX|928/3|
00000000|MMI|3.63|microgram|C0439211|[qnco]|["mcg"-tx-59-"mcg"-noun-0]|TX|3818/3|
00000000|MMI|3.63|miscellaneous Crenarchaeota group|C3463985|[arch]|["MCG"-tx-59-"mcg"-noun-0]|TX|3818/3|
00000000|MMI|3.61|Batch (Response Modality)|C1550176|[inpr]|["Batch"-tx-68-"Batch"-noun-0]|TX|4288/5|
00000000|MMI|3.61|Batch (group)|C1948031|[qnco]|["Batch"-tx-68-"Batch"-noun-0]|TX|4288/5|
00000000|MMI|3.61|Batch Number|C3641829|[inpr]|["BATCH"-tx-68-"Batch"-noun-0]|TX|4288/5|
00000000|MMI|3.61|C-Circle|C3538933|[celc]|["CC"-tx-69-"CC"-noun-0]|TX|4345/2|
00000000|MMI|3.61|normocytic|C1317572|[qlco]|["Normocytic"-tx-55-"normocytic"-adj-0]|TX|3527/10|
00000000|MMI|3.60|Puff unit dose|C1533107|[qnco]|["Puffs"-tx-56-"puffs"-noun-0]|TX|3690/5|
00000000|MMI|3.60|DYSFUNCTION - SKIN DISORDERS|C3887505|[dsyn]|["DYSFUNCTION"-tx-25-"dysfunction"-noun-0]|TX|1126/11|
00000000|MMI|3.60|Dysfunction|C3887504|[cnce]|["Dysfunction"-tx-25-"dysfunction"-noun-0]|TX|1126/11|
00000000|MMI|3.60|Functional disorder|C0277785|[patf]|["Dysfunction"-tx-25-"dysfunction"-noun-0]|TX|1126/11|
00000000|MMI|3.59|/hour|C0564385|[qnco]|["/h"-tx-61-"h"-adv-0]|TX|3902/1|
00000000|MMI|3.59|H NOS Antibodies|C0369286|[aapp,imft]|["H NOS"-tx-61-"h"-adv-0]|TX|3902/1|
00000000|MMI|3.59|Hepatic Involvement|C0441932|[clas]|["H+"-tx-61-"h"-adv-0]|TX|3902/1|
00000000|MMI|3.59|Unit|C0439148|[qnco]|["UNITS"-tx-61-"units"-noun-0]|TX|3879/5|
00000000|MMI|3.59|Unit - NCI Thesaurus Property|C3853603|[ftcn]|["Units"-tx-61-"units"-noun-0]|TX|3879/5|
00000000|MMI|3.59|Unit of Measure|C1519795|[qnco]|["Units"-tx-61-"units"-noun-0]|TX|3879/5|
00000000|MMI|3.59|Lamictal|C0678180|[orch,phsu]|["Lamiktal"-tx-60-"Lamictal"-noun-0]|TX|3839/8|
00000000|MMI|3.59|Admission Level of Care Code - Improved|C1561611|[inpr]|["Improved"-tx-53-"improved"-verb-0]|TX|3428/8|
00000000|MMI|3.59|Better|C0332272|[qlco]|["Improved"-tx-53-"improved"-verb-0]|TX|3428/8|
00000000|MMI|3.59|Clinical Study Follow-up|C3274571|[hlca]|["FOLLOW-UP"-tx-65-"follow-up"-adj-0]|TX|4084/9|
00000000|MMI|3.59|Condition|C0348080|[qlco]|["Condition"-tx-63-"CONDITION"-noun-0]|TX|3992/9|
00000000|MMI|3.59|Condition:Find:Pt:^Patient:Nom|C3864998|[clna]|["Condition"-tx-63-"CONDITION"-noun-0]|TX|3992/9|
00000000|MMI|3.59|Due to|C0678226|[ftcn]|["Due To"-tx-39-"due to"-prep-0]|TX|2525/6|
00000000|MMI|3.59|Electrocardiogram: myocardial infarction (finding)|C0428953|[lbtr]|["MYOCARDIAL INFARCTION"-tx-26-"myocardial infarction"-noun-1]|TX|1295/21|
00000000|MMI|3.59|Follow-Up Report|C1704685|[inpr]|["Follow-Up"-tx-65-"follow-up"-adj-0]|TX|4084/9|
00000000|MMI|3.59|Follow-up status|C0589120|[fndg]|["Follow-up"-tx-65-"follow-up"-adj-0]|TX|4084/9|
00000000|MMI|3.59|Improved|C0184511|[qlco]|["Improved"-tx-53-"improved"-verb-0]|TX|3428/8|
00000000|MMI|3.59|Jugular venous pressure|C0428897|[fndg]|["Jugular Venous Blood Pressure"-tx-31-"Blood pressure jugular venous"-noun-0]|TX|1731/14,1761/14|
00000000|MMI|3.59|Logical Condition|C1705253|[cnce]|["Condition"-tx-63-"CONDITION"-noun-0]|TX|3992/9|
00000000|MMI|3.59|Myocardial Infarction ECG Assessment|C3810814|[diap]|["Myocardial Infarction"-tx-26-"myocardial infarction"-noun-0]|TX|1295/21|
00000000|MMI|3.59|Myocardial infarction:Finding:Point in time:^Patient:Ordinal|C2926063|[clna]|["Myocardial infarction"-tx-26-"myocardial infarction"-noun-0]|TX|1295/21|
00000000|MMI|3.59|Symptoms|C1457887|[sosy]|["SYMPTOMS"-tx-24-"symptoms"-noun-1]|TX|1002/8|
00000000|MMI|3.59|Symptoms aspect|C0683368|[ftcn]|["symptoms"-tx-24-"symptoms"-noun-0]|TX|1002/8|
00000000|MMI|3.59|follow-up|C1522577|[hlca]|["Follow Up"-tx-65-"follow-up"-adj-0]|TX|4084/9|
00000000|MMI|3.58|Close Up|C2946173|[phsu]|["Close Up"-tx-65-"close up"-adj-0]|TX|4078/5,4091/2|
00000000|MMI|3.58|Discharge time|C3864299|[tmco]|["Discharge time"-tx-42-"time discharge"-noun-0]|TX|2758/4,2766/9|
00000000|MMI|3.58|Discharge time:ClockTime:Pt:^Patient:Qn|C3864300|[clna]|["Discharge time"-tx-42-"time discharge"-noun-0]|TX|2758/4,2766/9|
00000000|MMI|3.58|Leg edema|C0235886|[patf]|["Oedema of leg"-tx-16-"of leg edema"-noun-0]|TX|419/2,442/9|
00000000|MMI|3.58|Fraction of|C1264633|[qnco]|["Fraction of"-tx-28-"fraction of"-noun-0]|TX|1460/11|
00000000|MMI|3.57|A Proliferation-Inducing Ligand Measurement|C3811652|[lbpr]|["APRIL"-tx-25-"April"-noun-0]|TX|1060/5|
00000000|MMI|3.57|April|C3715024|[tmco]|["April"-tx-25-"April"-noun-0]|TX|1060/5|
00000000|MMI|3.57|Comparison|C1707455|[acty]|["Compared"-tx-23-"compared"-verb-0]|TX|946/8|
00000000|MMI|3.57|Entire knee region|C1283838|[blor]|["Knee"-tx-52-"knee"-noun-0]|TX|3375/4|
00000000|MMI|3.57|Fit (action)|C2349186|[acty]|["Fit"-tx-52-"fitted"-verb-0]|TX|3320/6|
00000000|MMI|3.57|Knee region structure|C1963703|[blor]|["Knee, NOS"-tx-52-"knee"-noun-0]|TX|3375/4|
00000000|MMI|3.57|Limited (extensiveness)|C0439801|[ftcn]|["Limited"-tx-23-"limited"-verb-0]|TX|883/7|
00000000|MMI|3.57|Limited Lifting Ability|C4050251|[inpr]|["Limited"-tx-23-"limited"-verb-0]|TX|883/7|
00000000|MMI|3.57|Limited Walking Ability|C2674459|[fndg]|["Limited"-tx-23-"limited"-verb-0]|TX|883/7|
00000000|MMI|3.57|Limited component (foundation metadata concept)|C3542948|[inpr]|["Limited"-tx-23-"limited"-verb-0]|TX|883/7|
00000000|MMI|3.57|Simultaneous|C0521115|[tmco]|["Concomitant"-tx-22-"Concomitant"-adj-0]|TX|769/11|
00000000|MMI|3.57|TNFSF13 wt Allele|C3715025|[gngm]|["APRIL"-tx-25-"April"-noun-0]|TX|1060/5|
00000000|MMI|3.57|gram|C0439208|[qnco]|["grams"-tx-34-"grams"-noun-0]|TX|1989/5|
00000000|MMI|3.56|Past Week|C2987125|[tmco]|["Past Week"-tx-17-"past weeks"-noun-0]|TX|524/4,531/5|
00000000|MMI|3.56|Control function|C2587213|[ftcn]|["Control"-tx-50-"control"-noun-0]|TX|3239/7|
00000000|MMI|3.56|Echocardiogram (image)|C2243117|[inpr]|["Echocardiogram"-tx-28-"echocardiogram"-noun-0]|TX|1406/14|
00000000|MMI|3.56|Episode of|C0332189|[tmco]|["Episodes"-tx-26-"episodes"-noun-0]|TX|1212/8|
00000000|MMI|3.56|Palpitations|C0030252|[fndg]|["PALPITATIONS"-tx-27-"palpitations"-noun-1]|TX|1365/12|
00000000|MMI|3.56|Palpitations Adverse Event|C3160712|[fndg]|["Palpitations"-tx-27-"palpitations"-noun-1]|TX|1365/12|
00000000|MMI|3.56|Scientific Control|C1882979|[cnce]|["Control"-tx-50-"control"-noun-0]|TX|3239/7|
00000000|MMI|3.56|True Control Status|C3274648|[qlco]|["Control"-tx-50-"control"-noun-0]|TX|3239/7|
00000000|MMI|3.56|control aspects|C0243148|[qlco]|["control"-tx-50-"control"-noun-0]|TX|3239/7|
00000000|MMI|3.56|control substance|C1550141|[sbst]|["Control"-tx-50-"control"-noun-0]|TX|3239/7|
00000000|MMI|3.55|List|C0745732|[cnce]|["List"-tx-16-"listed"-verb-0]|TX|379/6|
00000000|MMI|3.55|Sequence Data Type|C3272378|[inpr]|["LIST"-tx-16-"listed"-verb-0]|TX|379/6|
00000000|MMI|3.55|Stair (equipment)|C2825408|[mnob]|["Stair"-tx-23-"stairs"-noun-0]|TX|939/6|
00000000|MMI|3.55|Staircase|C1710179|[geoa]|["Stair"-tx-23-"stairs"-noun-0]|TX|939/6|
00000000|MMI|3.55|Switch Device Component|C1707719|[mnob]|["Switch"-tx-42-"switched"-verb-0]|TX|2788/8|
00000000|MMI|3.55|Follow|C1719822|[inpr]|["Follow"-tx-65-"follow"-adj-0]|TX|4084/6|
00000000|MMI|3.55|Long|C0205166|[qlco]|["Long"-tx-39-"long"-adj-0]|TX|2532/4|
00000000|MMI|3.55|Long Variable|C1706317|[qlco]|["Long"-tx-39-"long"-adj-0]|TX|2532/4|
00000000|MMI|3.55|Out (direction)|C0439787|[spco]|["Out"-tx-26-"out"-adv-0]|TX|1291/3|
00000000|MMI|3.55|Positive|C1446409|[qlco]|["rule"-tx-26-"rule"-noun-0]|TX|1286/4|
00000000|MMI|3.55|Removed|C0849355|[qlco]|["Out"-tx-26-"out"-adv-0]|TX|1291/3|
00000000|MMI|3.55|Rule (guideline)|C0870077|[inpr]|["Rule"-tx-26-"rule"-noun-0]|TX|1286/4|
00000000|MMI|3.55|derivation calculation|C0805874|[idcn]|["Rule"-tx-26-"rule"-noun-0]|TX|1286/4|
00000000|MMI|3.55|Ejection as a Circumstance of Injury|C0302131|[phpr]|["Ejection"-tx-28-"ejection"-noun-0]|TX|1451/8|
00000000|MMI|3.55|Ejection as a Sports activity|C0336969|[dora]|["Ejection"-tx-28-"ejection"-noun-0]|TX|1451/8|
00000000|MMI|3.55|Ejection time|C0812388|[orga]|["ejection"-tx-28-"ejection"-noun-0]|TX|1451/8|
00000000|MMI|3.54|Major|C0205164|[qlco]|["Major"-tx-37-"major"-noun-0]|TX|2300/5|
00000000|MMI|3.54|Patient Outcome - Worsening|C1546960|[idcn]|["Worsening"-tx-16-"worsening"-noun-0]|TX|422/9|
00000000|MMI|3.54|Presentation|C0449450|[idcn]|["Presented"-tx-16-"presented"-verb-0]|TX|396/9|
00000000|MMI|3.54|Science of Etiology|C1524003|[cnce]|["Cause"-tx-37-"cause"-noun-0]|TX|2306/5|
00000000|MMI|3.54|Severe (severity modifier)|C0205082|[qlco]|["Major"-tx-37-"major"-noun-0]|TX|2300/5|
00000000|MMI|3.54|Worsening pattern|C0332271|[qlco]|["Worsening"-tx-16-"worsening"-noun-0]|TX|422/9|
00000000|MMI|3.53|normal Cardiac structure|C2349205|[fndg]|["normal Cardiac"-tx-32-"normal cardiac"-adj-0]|TX|1852/14|
00000000|MMI|3.50|Nephrotic range proteinuria|C0445118|[fndg]|["Nephrotic Range Proteinuria"-tx-36-"nephrotic-range proteinuria"-noun-0]|TX|2205/27|
00000000|MMI|3.50|Adequate|C0205411|[qlco]|["Adequate"-tx-53-"adequate"-adj-0]|TX|3456/8|
00000000|MMI|3.50|Christian|C0344346|[popg]|["Christian"-tx-67-"CHRISTIAN"-noun-0]|TX|4239/9|
00000000|MMI|3.50|Sufficient|C0205410|[qlco]|["Adequate"-tx-53-"adequate"-adj-0]|TX|3456/8|
00000000|MMI|3.50|Time (foundation metadata concept)|C3541383|[tmco]|["Time"-tx-26-"time"-noun-0]|TX|1327/4|
00000000|MMI|3.50|new onset|C0746890|[fndg]|["new onset"-tx-55-"new onset"-adj-0]|TX|3517/9|
00000000|MMI|3.49|Potassium Chloride 10 MEQ|C0989059|[clnd]|["Potassium Chloride 10 MEQ"-tx-62-"potassium chloride 10 mEq"-noun-0]|TX|3941/18,3973/6|
00000000|MMI|3.49|torsemide 100 MG|C0990871|[clnd]|["torsemide 100 MG"-tx-59-"torsemide 100 mg"-noun-0]|TX|3776/16|
00000000|MMI|3.48|pulmonary studies|C0946326|[diap]|["Pulmonary studies"-tx-25-"pulmonary studies"-noun-0]|TX|1078/9,1097/7|
00000000|MMI|3.48|Climbing|C2584300|[dora]|["Climb"-tx-23-"climb"-noun-0]|TX|922/5|
00000000|MMI|3.48|Diagnostic Service Section ID - Pulmonary Function|C1547996|[inpr]|["Pulmonary Function"-tx-25-"pulmonary function"-noun-0]|TX|1078/18|
00000000|MMI|3.48|Does climb|C0561942|[fndg]|["climb"-tx-23-"climb"-noun-0]|TX|922/5|
00000000|MMI|3.48|Minimum|C1524031|[qlco]|["Trace"-tx-28-"trace"-noun-0]|TX|1547/5|
00000000|MMI|3.48|Only - dosing instruction fragment|C1720467|[inpr]|["Only"-tx-23-"only"-adv-0]|TX|917/4|
00000000|MMI|3.48|Oral|C0442027|[spco]|["Oral"-tx-35-"oral"-adj-0]|TX|2154/4|
00000000|MMI|3.48|Pulmonary (qualifier value)|C2709248|[qlco]|["Pulmonary"-tx-32-"pulmonary"-adj-0]|TX|1824/9|
00000000|MMI|3.48|Pulmonary function|C0231921|[ortf]|["Pulmonary function"-tx-25-"pulmonary function"-noun-0]|TX|1078/18|
00000000|MMI|3.48|Pulmonary function (finding)|C3160731|[fndg]|["PULMONARY FUNCTION"-tx-25-"pulmonary function"-noun-0]|TX|1078/18|
00000000|MMI|3.48|Pulmonary:-:Point in time:^Patient:-|C2707265|[clna]|["Pulmonary"-tx-32-"pulmonary"-adj-0]|TX|1824/9|
00000000|MMI|3.48|Sequence Chromatogram|C1883002|[ftcn]|["Trace"-tx-28-"trace"-noun-0]|TX|1547/5|
00000000|MMI|3.48|Singular|C0205171|[qnco]|["Only"-tx-23-"only"-adv-0]|TX|917/4|
00000000|MMI|3.48|failed|C0231175|[ftcn]|["Failed"-tx-35-"failed"-adj-0]|TX|2147/6|
00000000|MMI|3.48|trace amount|C0442822|[qnco]|["Trace"-tx-28-"trace"-noun-0]|TX|1547/5|
00000000|MMI|3.47|100%|C3817553|[qnco]|["100%"-tx-43-"100"-integer-0]|TX|2908/3|
00000000|MMI|3.47|Current (present time)|C0521116|[tmco]|["Currently"-tx-43-"currently"-adv-0]|TX|2898/9|
00000000|MMI|3.46|Pitting edema|C0333243|[sosy]|["Pitting oedema"-tx-33-"pitting edema"-noun-0]|TX|1902/13|
00000000|MMI|3.46|Concentric|C0439744|[spco]|["Concentric"-tx-28-"concentric"-adj-0]|TX|1503/10|
00000000|MMI|3.46|Inhaler Dosing Unit|C1881212|[qnco]|["INHALER"-tx-56-"inhaler"-noun-0]|TX|3678/7|
00000000|MMI|3.46|Mild (qualifier value)|C2945599|[qlco]|["MILD"-tx-28-"mild"-adj-0]|TX|1498/4|
00000000|MMI|3.46|Function|C0542341|[ftcn]|["FUNCTION"-tx-25-"function"-noun-0]|TX|1088/8|
00000000|MMI|3.46|Function Axis|C0700205|[clas]|["FUNCTION"-tx-25-"function"-noun-0]|TX|1088/8|
00000000|MMI|3.46|Mathematical Operator|C1705273|[inpr]|["Function"-tx-25-"function"-noun-0]|TX|1088/8|
00000000|MMI|3.46|Obstructed|C0549186|[ftcn]|["Obstructive"-tx-25-"obstructive"-adj-0]|TX|1114/11|
00000000|MMI|3.46|Revealed|C0443289|[qlco]|["Revealed"-tx-25-"revealed"-adj-0]|TX|1105/8|
00000000|MMI|3.46|Scientific Study|C0947630|[lbpr]|["studies"-tx-25-"studies"-noun-0]|TX|1097/7|
00000000|MMI|3.45|60%|C3842585|[fndg]|["60%"-tx-62-"60"-integer-0]|TX|3922/2|
00000000|MMI|3.45|% release (qualifier value)|C0439180|[qnco]|["% release"-tx-62-"release"-adj-0]|TX|3965/7|
00000000|MMI|3.45|Discharge (release)|C0680255|[hlca]|["release"-tx-62-"release"-adj-0]|TX|3965/7|
00000000|MMI|3.45|Orthopnea|C0085619|[sosy]|["Orthopnoea"-tx-24-"orthopnea"-noun-1]|TX|1014/9|
00000000|MMI|3.45|Release (procedure)|C1963578|[topp]|["Release"-tx-62-"release"-adj-0]|TX|3965/7|
00000000|MMI|3.45|Release - action (qualifier value)|C1283071|[ftcn]|["Release"-tx-62-"release"-adj-0]|TX|3965/7|
00000000|MMI|3.45|Released (action)|C0391871|[ftcn]|["Release"-tx-62-"release"-adj-0]|TX|3965/7|
00000000|MMI|3.45|Slow|C0439834|[qlco]|["Slow"-tx-62-"slow"-adj-0]|TX|3960/4|
00000000|MMI|3.44|Shortness of breath:-:Point in time:^Patient:-|C2707305|[clna]|["Shortness of breath"-tx-37-"of shortness breath"-noun-0]|TX|2312/2,2319/9,2332/6|
00000000|MMI|3.44|Before|C0332152|[tmco]|["Prior to"-tx-29-"prior to"-prep-0]|TX|1641/8|
00000000|MMI|3.44|Increase|C0442805|[ftcn]|["Increased"-tx-22-"increased"-adj-0]|TX|803/9|
00000000|MMI|3.44|Increased|C0205217|[qnco]|["Increased"-tx-22-"increased"-adj-0]|TX|803/9|
00000000|MMI|3.44|Portion of urine|C2963137|[bdsu]|["Urine"-tx-34-"urine"-noun-0]|TX|1972/5|
00000000|MMI|3.43|Medical History|C0262926|[fndg]|["Medical History"-tx-16-"medical history"-noun-0]|TX|360/15|
00000000|MMI|3.43|Medical History Domain|C1704706|[idcn]|["Medical History"-tx-16-"medical history"-noun-0]|TX|360/15|
00000000|MMI|3.43|Insulin Drug Class|C3714501|[horm,phsu]|["INSULIN"-tx-50-"insulin"-noun-0]|TX|3257/7|
00000000|MMI|3.43|Insulin [EPC]|C1579433|[phsu]|["Insulin"-tx-50-"insulin"-noun-0]|TX|3257/7|
00000000|MMI|3.43|Last|C1517741|[qlco]|["Last"-tx-28-"last"-adj-0]|TX|1401/4|
00000000|MMI|3.43|Recombinant Insulin|C1533581|[aapp,horm,phsu]|["INSULIN"-tx-50-"insulin"-noun-0]|TX|3257/7|
00000000|MMI|3.43|Clinical Trial Insurance Documentation|C3890715|[inpr]|["Ins"-tx-69-"Ins"-prep-0]|TX|4379/3|
00000000|MMI|3.43|Close|C3810854|[fndg]|["Close"-tx-65-"close"-adj-0]|TX|4078/5|
00000000|MMI|3.43|Closed|C0587267|[ftcn]|["Close"-tx-65-"close"-adj-0]|TX|4078/5|
00000000|MMI|3.43|Feet, unit of measurement|C0347981|[qnco]|["feet"-tx-38-"feet"-noun-0]|TX|2416/4|
00000000|MMI|3.43|Genitourinary|C3887515|[blor]|["GU"-tx-69-"Gu"-noun-0]|TX|4383/2|
00000000|MMI|3.43|Physiologic pulse|C0391850|[phsf]|["Pulse"-tx-65-"pulse"-noun-0]|TX|4101/5|
00000000|MMI|3.43|Pulse phenomenon|C1947910|[phpr]|["Pulse"-tx-65-"pulse"-noun-0]|TX|4101/5|
