00000000|MMI|7.28|Signature|C1519316|[inpr]|["Signed"-tx-1-"Signed"-noun-0]|TX|[84/6],[140/6]|
00000000|MMI|7.28|signed - ParticipationSignature|C1561610|[inpr]|["signed"-tx-1-"Signed"-noun-0]|TX|[84/6],[140/6]|
00000000|MMI|7.08|29+|C3843708|[fndg]|["29+"-tx-1-"29"-fraction-0]|TX|[42/2],[117/2]|
00000000|MMI|3.65|Report status|C0586177|[fndg]|["Report status"-tx-1-"Report Status"-noun-0]|TX|125/13|
00000000|MMI|3.63|Admission date:Time Stamp -- Date and Time:Point in time:^Patient:Quantitative|C2598112|[clna]|["Admission date"-tx-1-"Admission Date"-noun-0]|TX|99/14|
00000000|MMI|3.63|Date of admission|C1302393|[tmco]|["Admission date"-tx-1-"Admission Date"-noun-0]|TX|99/14|
00000000|MMI|3.59|Pyrexia of unknown origin (excl puerperal)|C0856281|[sosy]|["puo"-tx-1-"PUO"-noun-0]|TX|12/3|
00000000|MMI|3.48|Discharge summarization note:Finding:Point in time:{Setting}:Document:{Provider}|C0801840|[clna]|["Discharge summary"-tx-1-"Discharge Summary"-noun-0]|TX|64/17|
00000000|MMI|3.48|Discharge summary|C0743221|[inpr]|["Discharge summary"-tx-1-"Discharge Summary"-noun-0]|TX|64/17|
00000000|MMI|3.46|3+ Answer to Question|C3838680|[fndg]|["3+"-tx-1-"3"-fraction-0]|TX|115/1|
00000000|MMI|3.46|3+ Score|C2827736|[qnco]|["3+"-tx-1-"3"-fraction-0]|TX|115/1|
00000000|MMI|3.46|3+ Score, WHO|C2981702|[clas]|["3+"-tx-1-"3"-fraction-0]|TX|115/1|
00000000|MMI|3.46|<3 (qualifier value)|C0439086|[qnco]|["<3"-tx-1-"3"-fraction-0]|TX|115/1|
00000000|MMI|3.46|Diagnostic interview schedule|C0451119|[inpr]|["DIS"-tx-1-"DIS"-noun-0]|TX|93/3|
00000000|MMI|3.46|Discontinued|C1444662|[fndg]|["DIS"-tx-1-"DIS"-noun-0]|TX|93/3|
00000000|MMI|66.63|Cardiac Catheterization Procedures|C0018795|[hlca]|["Cardiac catheterisation"-tx-20-"cardiac catheterization"-noun-0,"Cardiac catheterisation"-tx-19-"cardiac catheterization"-noun-0,"Cardiac catheterisation"-tx-17-"cardiac catheterization"-noun-0,"Cardiac catheterisation"-tx-8-"cardiac catheterization"-noun-0]|TX|1541/23;1414/23;1262/23;647/23|E01.370.370.380.140;E02.148.442;E05.157.250
00000000|MMI|58.81|Angina Pectoris|C0002962|[fndg]|["ANGINA"-tx-7-"angina"-noun-0,"ANGINA"-tx-6-"angina"-noun-0,"ANGINA"-tx-4-"angina"-noun-0]|TX|550/6;521/6;282/6|C10.597.617.192.500;C14.280.647.187;C14.907.585.187;C23.888.592.612.233.500
00000000|MMI|39.25|Patient Discharge|C0030685|[hlca]|["Discharged"-tx-32-"discharged"-verb-0,"Discharge"-tx-29-"discharge"-noun-0]|TX|2415/10;2230/9|E02.204.125;E02.760.400.610;N02.421.192.125;N02.421.585.400.610;N04.590.233.727.210.125
00000000|MMI|36.82|Patients|C0030705|[podg]|["*^patient"-tx-26-"patient"-noun-0,"*^patient"-tx-20-"patient"-noun-0,"*^patient"-tx-10-"patient's"-noun-0,"*^patient"-tx-6-"patient"-noun-0,"*^patient"-tx-4-"patient"-noun-0]|TX|1999/7;1569/7;881/9;449/7;202/7|M01.643
00000000|MMI|35.81|Togo|C0040363|[geoa]|["TO"-tx-20-"to"-adv-0,"TO"-tx-7-"to"-adv-0]|TX|1587/2;584/2|Z01.058.290.190.800
00000000|MMI|35.81|Tryptophanase|C0041260|[aapp,enzy]|["TO"-tx-20-"to"-adv-0,"TO"-tx-7-"to"-adv-0]|TX|1587/2;584/2|D08.811.520.224.800
00000000|MMI|35.02|Physical Examination|C0031809|[hlca]|["PHYSICAL EXAM"-tx-17-"physical exam"-noun-0,"PHYSICAL EXAM"-tx-10-"physical exam"-noun-0,"PHYSICAL EXAMINATION"-tx-10-"PHYSICAL EXAMINATION"-noun-0]|TX|1147/13;863/13;838/20|E01.370.600
00000000|MMI|32.81|Coronary Artery Bypass Surgery|C0010055|[topp]|["CORONARY ARTERY BYPASS"-tx-24-"coronary artery bypass"-noun-0,"Coronary Artery Bypass Grafting"-tx-22-"coronary artery bypass grafting"-noun-0]|TX|1895/22;1758/31|E04.100.376.719.332;E04.100.814.868.750;E04.928.220.520.220
00000000|MMI|29.46|Intra-Aortic Balloon Pumping|C0021860|[topp]|["intra-aortic balloon pump"-tx-28-"intra-aortic balloon pump"-noun-0,"intra-aortic balloon pump"-tx-23-"intra-aortic balloon pump"-noun-0]|TX|2103/25;1794/25|E04.050.215.400
00000000|MMI|28.91|Aspirin|C0004057|[orch,phsu]|["ASPIRIN"-tx-33-"aspirin"-noun-0]|TX|2552/7|D02.455.426.559.389.657.410.595.176
00000000|MMI|23.12|Hypertensive disease|C0020538|[dsyn]|["HYPERTENSION"-tx-9-"hypertension"-noun-0,"HYPERTENSION"-tx-2-"HYPERTENSION"-noun-0]|TX|754/12;120/12|C14.907.489
00000000|MMI|22.53|diagnosis aspect|C1704338|[qlco]|["diagnosis"-tx-1-"DIAGNOSIS"-noun-0]|TX|37/9|x.x.x.x.x.x.x
00000000|MMI|22.39|Mevacor|C0728780|[orch,phsu]|["Mevacor"-tx-33-"Mevacor"-noun-0]|TX|2586/7|D02.455.426.559.847.638.400;D04.615.638.400
00000000|MMI|20.95|Colace|C0282139|[orch,phsu]|["Colace"-tx-33-"Colace"-noun-0]|TX|2577/6|D02.241.081.337.759.249
00000000|MMI|20.25|Abortion consent:Finding:Point in time:^Patient:Document|C2360836|[clna]|["Patient"-tx-26-"patient"-noun-0,"Patient"-tx-20-"patient"-noun-0,"Patient"-tx-10-"patient's"-noun-0,"Patient"-tx-6-"patient"-noun-0,"Patient"-tx-4-"patient"-noun-0]|TX|1999/7;1569/7;881/9;449/7;202/7|
00000000|MMI|20.25|Hysterectomy consent:Finding:Point in time:^Patient:Document|C2360838|[clna]|["Patient"-tx-26-"patient"-noun-0,"Patient"-tx-20-"patient"-noun-0,"Patient"-tx-10-"patient's"-noun-0,"Patient"-tx-6-"patient"-noun-0,"Patient"-tx-4-"patient"-noun-0]|TX|1999/7;1569/7;881/9;449/7;202/7|
00000000|MMI|20.25|Sterilization consent:Finding:Point in time:^Patient:Document|C2360840|[clna]|["Patient"-tx-26-"patient"-noun-0,"Patient"-tx-20-"patient"-noun-0,"Patient"-tx-10-"patient's"-noun-0,"Patient"-tx-6-"patient"-noun-0,"Patient"-tx-4-"patient"-noun-0]|TX|1999/7;1569/7;881/9;449/7;202/7|
00000000|MMI|20.23|Elective Surgical Procedures|C0206058|[topp]|["ELECTIVE"-tx-20-"elective"-adj-0,"ELECTIVE"-tx-17-"elective"-adj-0,"ELECTIVE"-tx-8-"elective"-adj-0]|TX|1532/8;1253/8;638/8|E04.249
00000000|MMI|19.45|Temperature|C0039476|[qnco]|["*Temperature"-tx-10-"temperature"-noun-0]|TX|891/11|G01.906.595;G16.500.275.063.725.710;G16.500.750.775.710;N06.230.150.450;N06.230.300.100.725.710
00000000|MMI|19.36|Clinical Trials|C0008976|[resa]|["Trial"-tx-30-"trials"-noun-0]|TX|2289/6|E05.318.760.250.500;N05.715.360.775.088.500;N06.850.520.450.250.250
00000000|MMI|19.34|Iowa|C0022037|[geoa]|["Iowa"-tx-5-"Iowa"-noun-0]|TX|339/4|Z01.107.567.875.510.370
00000000|MMI|19.20|Complete Blood Count|C0009555|[lbpr]|["CBC"-tx-18-"CBC"-noun-0]|TX|1369/3|E01.370.225.500.195.107;E01.370.225.625.107;E05.200.500.195.107;E05.200.625.107;E05.242.195.107;G04.170.107;G09.188.105
00000000|MMI|17.80|Coronary Arteriosclerosis|C0010054|[dsyn]|["coronary artery disease"-tx-1-"CORONARY ARTERY DISEASE"-noun-0]|TX|48/23|C14.280.647.250.260;C14.907.137.126.339;C14.907.585.250.260
00000000|MMI|17.80|Coronary Artery Disease|C1956346|[dsyn]|["CORONARY ARTERY DISEASE"-tx-1-"CORONARY ARTERY DISEASE"-noun-0]|TX|48/23|C14.280.647.250.260;C14.907.137.126.339;C14.907.585.250.260
00000000|MMI|17.80|Coronary Care Units|C0010066|[hcro,mnob]|["Cardiac care unit"-tx-17-"cardiac care unit"-noun-0]|TX|1208/17|N02.278.388.493.211
00000000|MMI|17.80|Fluorides|C0016327|[inch,phsu]|["F-"-tx-19-"F"-noun-0]|TX|1477/1|D01.248.497.158.380;D01.303.350.300
00000000|MMI|17.80|Urinary Retention|C0080274|[fndg]|["URINARY RETENTION"-tx-29-"urinary retention"-noun-0]|TX|2244/17|C12.777.934.880;C13.351.968.934.880
00000000|MMI|16.37|heart rate|C0018810|[clna]|["Heart Rate"-tx-10-"heart rate"-noun-0]|TX|914/10|E01.370.600.875.500;G09.330.380.500
00000000|MMI|16.30|Body Temperature|C0005903|[orga]|["temperature"-tx-10-"temperature"-noun-0]|TX|891/11|E01.370.600.875.374;G07.110
00000000|MMI|16.26|Chest Pain|C0008031|[sosy]|["CHEST PAIN"-tx-21-"chest pain"-noun-0]|TX|1698/10|C10.597.617.192;C23.888.592.612.233
00000000|MMI|16.25|Pulse taking|C0034107|[hlca]|["Pulses"-tx-16-"pulses"-noun-0]|TX|1125/6|E01.370.370.380.650;E01.370.600.650;G09.330.380.750
00000000|MMI|16.18|Electrocardiogram|C0013798|[fndg]|["EKG"-tx-19-"EKG"-noun-0]|TX|1404/3|E01.370.370.380.240;E01.370.405.240
00000000|MMI|16.18|Electrocardiography|C1623258|[diap]|["EKG"-tx-19-"EKG"-noun-0]|TX|1404/3|E01.370.370.380.240;E01.370.405.240
00000000|MMI|16.08|Tylenol|C0699142|[orch,phsu]|["Tylenol"-tx-33-"Tylenol"-noun-0]|TX|2609/7|D02.065.199.092.040
00000000|MMI|16.06|Mastodynia|C0024902|[sosy]|["Pain of breast"-tx-9-"of chest pain"-noun-0]|TX|725/13|C10.597.617.229;C23.888.592.612.530;F02.830.816.308;G11.561.600.810.308
00000000|MMI|14.64|Abdominal Cavity|C0230168|[blor]|["Abdomen"-tx-14-"Abdomen"-noun-0]|TX|1051/7|A01.923.047.025
00000000|MMI|14.64|Consultation|C0009818|[hlca]|["consulted"-tx-31-"consulted"-verb-0]|TX|2317/9|N04.452.758.849
00000000|MMI|14.64|Coronary heart disease|C0010068|[dsyn]|["Coronary (artery) disease"-tx-1-"CORONARY ARTERY DISEASE"-noun-0]|TX|48/23|C14.280.647.250;C14.907.585.250
00000000|MMI|14.64|Dietary Iron|C0376520|[inch]|["Iron"-tx-33-"iron"-noun-0]|TX|2570/4|D01.490.600;D02.691.550.600
00000000|MMI|14.64|Iron|C0302583|[bacs,elii,phsu]|["IRON"-tx-33-"iron"-noun-0]|TX|2570/4|D01.268.556.412;D01.268.956.287;D01.552.544.412;x.x.x.x
00000000|MMI|13.56|Heart|C0018787|[bpoc]|["HEART"-tx-13-"Heart"-noun-0,"coronary"-tx-5-"coronary"-noun-0]|TX|994/5;420/8|A07.541
00000000|MMI|13.14|Rabbi|C0684010|[prog]|["R."-tx-37-"R"-noun-0]|TX|2772/1|M01.526.799.500
00000000|MMI|13.05|Operating Room|C0029064|[hcro,mnob]|["OPERATING ROOM"-tx-24-"Operating Room"-noun-0]|TX|1863/14|N02.278.388.700
00000000|MMI|13.03|Cartilage-hair hypoplasia|C0220748|[cgab,dsyn]|["CHH"-tx-32-"CHH"-noun-0]|TX|2492/3|x.x.x.x
00000000|MMI|13.03|Urology|C0042077|[bmod]|["UROLOGY"-tx-32-"Urology"-noun-0]|TX|2496/7|H02.403.810.860
00000000|MMI|13.01|Hospitalization|C0019993|[hlca]|["hospitalisation"-tx-9-"Hospitalization"-noun-0]|TX|694/15|E02.760.400;N02.421.585.400
00000000|MMI|12.94|Urination|C0042034|[orgf]|["Voiding"-tx-30-"voiding"-adj-0]|TX|2281/7|G08.852.796.877
00000000|MMI|12.93|Serum|C0229671|[bdsu]|["SERUM"-tx-18-"serum"-noun-0]|TX|1377/5|A12.207.152.846;A15.145.846
00000000|MMI|12.88|Madagascar|C0024443|[geoa]|["MA"-tx-4-"Ma"-noun-0]|TX|247/2|Z01.639.520.500
00000000|MMI|12.88|Evaluation|C0220825|[hlca]|["Evaluation"-tx-5-"evaluation"-noun-0]|TX|402/10|E05.337;N05.715.360.335
00000000|MMI|11.49|Abdomen|C0000726|[blor]|["ABDOMEN"-tx-14-"Abdomen"-noun-0]|TX|1051/7|A01.923.047
00000000|MMI|11.49|Edema|C0013604|[fndg]|["OEDEMA"-tx-15-"edema"-noun-1]|TX|1095/5|C23.888.277
00000000|MMI|11.49|Heart murmur|C0018808|[fndg]|["murmurs"-tx-13-"murmurs"-noun-1]|TX|1030/7|C23.888.447
00000000|MMI|11.49|Intraoperative Complications|C0021890|[patf]|["Intraoperative Complications"-tx-25-"intraoperative complications"-noun-1]|TX|1947/28|C23.550.505
00000000|MMI|11.49|Peripheral Vascular Diseases|C0085096|[dsyn]|["PERIPHERAL VASCULAR DISEASE"-tx-2-"PERIPHERAL VASCULAR DISEASE"-noun-0]|TX|90/27|C14.907.617
00000000|MMI|11.09|Medical Examination|C0582103|[hlca]|["Exam"-tx-18-"exam"-noun-0,"Exam"-tx-11-"exam"-noun-0]|TX|[1336/4],[1394/4];950/4|
00000000|MMI|10.62|elective|C0439608|[tmco]|["Elective"-tx-20-"elective"-adj-0,"Elective"-tx-17-"elective"-adj-0,"Elective"-tx-8-"elective"-adj-0]|TX|1532/8;1253/8;638/8|
00000000|MMI|10.42|Collapsible balloon, device|C2939463|[medd]|["Intra-aortic balloon pump"-tx-28-"intra-aortic balloon pump"-noun-0,"Intra-aortic balloon pump"-tx-23-"intra-aortic balloon pump"-noun-0]|TX|2103/25;1794/25|
00000000|MMI|10.42|Doctor of Medicine|C1512018|[inpr]|["M.D."-tx-38-"M.D"-noun-0,"M.D."-tx-36-"M.D"-noun-0]|TX|2785/3;2743/3|
00000000|MMI|10.42|Hypertension Adverse Event|C1963138|[fndg]|["Hypertension"-tx-9-"hypertension"-noun-0,"Hypertension"-tx-2-"HYPERTENSION"-noun-0]|TX|754/12;120/12|
00000000|MMI|10.42|Intra-aortic balloon pump device|C0702122|[medd]|["intraaortic balloon pump"-tx-28-"intra-aortic balloon pump"-noun-0,"intraaortic balloon pump"-tx-23-"intra-aortic balloon pump"-noun-0]|TX|2103/25;1794/25|
00000000|MMI|10.42|Physical Exam Domain|C1744699|[inpr]|["Physical Exam"-tx-17-"physical exam"-noun-0,"Physical Exam"-tx-10-"physical exam"-noun-0]|TX|1147/13;863/13|
00000000|MMI|10.42|To|C1883351|[qlco]|["To"-tx-20-"to"-adv-0,"To"-tx-7-"to"-adv-0]|TX|1587/2;584/2|
00000000|MMI|10.42|Urology service|C0587696|[hcro]|["Urology Service"-tx-34-"urology service"-noun-0,"Urology Service"-tx-31-"Urology Service"-noun-0]|TX|2669/15;2297/15|
00000000|MMI|10.06|Drug Allergy|C0013182|[dsyn]|["Drug Allergies"-tx-3-"drug allergies"-noun-1]|TX|154/14|C20.543.206;C25.100.468
00000000|MMI|9.95|Cardiac Surgery procedures|C0018821|[topp]|["Cardiac surgery"-tx-34-"cardiac surgery"-noun-0]|TX|2694/15|E04.100.376;E04.928.220
00000000|MMI|9.94|Complication Aspects|C1171258|[patf]|["complications"-tx-28-"complications"-noun-1]|TX|2197/13|x.x.x
00000000|MMI|9.86|Historical aspects qualifier|C0019665|[ftcn]|["history"-tx-4-"history"-noun-0]|TX|271/7|x.x.x
00000000|MMI|9.78|Laboratory|C0022877|[mnob,orgt]|["LABORATORY"-tx-18-"laboratory"-noun-0]|TX|1325/10|N02.278.487
00000000|MMI|9.73|Males|C0086582|[orga]|["MALE"-tx-4-"male"-noun-0]|TX|227/4|x.x.x
00000000|MMI|9.72|Intention - mental process|C0162425|[menp]|["intent"-tx-7-"intensive"-adj-0]|TX|600/9|F01.658.650;F02.463.306
00000000|MMI|9.69|Drama|C0013109|[inpr]|["Dramas"-tx-26-"dramatic"-adj-0]|TX|2042/8|K01.517.333
00000000|MMI|8.34|Head|C0018670|[blor]|["HEAD"-tx-11-"Head"-noun-0]|TX|936/4|A01.456
00000000|MMI|8.34|Hypersensitivity|C0020517|[patf]|["Allergies"-tx-3-"ALLERGIES"-noun-0]|TX|134/9|C20.543
00000000|MMI|8.34|Limb structure|C0015385|[bpoc]|["Extremities"-tx-15-"EXTREMITIES"-noun-0]|TX|1079/11|A01.378
00000000|MMI|8.34|Lung|C0024109|[bpoc]|["LUNGS"-tx-12-"Lungs"-noun-0]|TX|969/5|A04.411
00000000|MMI|8.28|Evaluation and management note:Finding:Point in time:{Setting}:Document:{Provider}|C1316572|[clna]|["Note"-tx-20-"noted"-verb-0,"Note"-tx-17-"note"-noun-0]|TX|1581/5;1136/4|
00000000|MMI|8.28|Note (document)|C1317574|[inpr]|["Note"-tx-20-"noted"-verb-0,"Note"-tx-17-"note"-noun-0]|TX|1581/5;1136/4|
00000000|MMI|7.57|Daily|C0332173|[tmco]|["/day"-tx-33-"day"-noun-0]|TX|[2564/3],[2601/3]|
00000000|MMI|7.57|day|C0439228|[tmco]|["DAY"-tx-33-"day"-noun-0]|TX|[2564/3],[2601/3]|
00000000|MMI|7.57|per day|C0439505|[tmco]|["/day"-tx-33-"day"-noun-0]|TX|[2564/3],[2601/3]|
00000000|MMI|7.56|Clinical Study Follow-up|C3274571|[hlca]|["FOLLOW-UP"-tx-34-"follow-up"-adj-0,"FOLLOW-UP"-tx-32-"follow-up"-adj-0]|TX|2635/9;2470/9|
00000000|MMI|7.56|Follow-Up Report|C1704685|[inpr]|["Follow-Up"-tx-34-"follow-up"-adj-0,"Follow-Up"-tx-32-"follow-up"-adj-0]|TX|2635/9;2470/9|
00000000|MMI|7.56|Follow-up status|C0589120|[fndg]|["Follow-up"-tx-34-"follow-up"-adj-0,"Follow-up"-tx-32-"follow-up"-adj-0]|TX|2635/9;2470/9|
00000000|MMI|7.56|follow-up|C1522577|[hlca]|["Follow Up"-tx-34-"follow-up"-adj-0,"Follow Up"-tx-32-"follow-up"-adj-0]|TX|2635/9;2470/9|
00000000|MMI|7.55|Diagnosis|C0011900|[fndg]|["Diagnoses"-tx-2-"DIAGNOSES"-noun-0,"DIAGNOSIS"-tx-1-"DIAGNOSIS"-noun-0]|TX|79/9;37/9|E01
00000000|MMI|7.55|Diagnosis Study|C1704656|[resa]|["Diagnoses"-tx-2-"DIAGNOSES"-noun-0,"DIAGNOSIS"-tx-1-"DIAGNOSIS"-noun-0]|TX|79/9;37/9|
00000000|MMI|7.47|Performed|C0884358|[ftcn]|["Performed"-tx-24-"performed"-verb-0,"Performed"-tx-17-"performed"-verb-0]|TX|1922/9;1165/9|
00000000|MMI|7.46|History of present illness|C0262512|[orga]|["HISTORY OF PRESENT ILLNESS"-tx-4-"HISTORY OF PRESENT ILLNESS"-noun-0,"History, NOS"-tx-4-"history"-noun-0]|TX|170/26;271/7|
00000000|MMI|7.46|Medical History|C0262926|[fndg]|["Past Medical History"-tx-9-"PAST MEDICAL HISTORY"-noun-0,"History"-tx-4-"history"-noun-0]|TX|672/20;271/7|
00000000|MMI|7.23|Normal|C0205307|[qlco]|["NORMAL"-tx-18-"normal"-adj-0,"Unremarkable"-tx-11-"unremarkable"-adj-0]|TX|1362/6;955/12|
00000000|MMI|7.15|Referral placed|C1691010|[ftcn]|["Referred"-tx-22-"referred"-verb-0,"Referred"-tx-8-"referred"-verb-0]|TX|1736/8;625/8|
00000000|MMI|7.15|Referring|C0205543|[ftcn]|["referred"-tx-22-"referred"-verb-0,"referred"-tx-8-"referred"-verb-0]|TX|1736/8;625/8|
00000000|MMI|7.15|emergent|C0750573|[idcn]|["emergent"-tx-22-"emergent"-adj-0,"emergent"-tx-17-"emergent"-adj-0]|TX|1749/8;1182/8|
00000000|MMI|7.13|Emotions|C0013987|[menp]|["feel"-tx-31-"felt"-verb-0]|TX|2331/4|F01.470
00000000|MMI|7.11|+2|C0740116|[qnco]|["+2"-tx-40-"2"-fraction-0]|TX|[2842/1],[2853/1]|
00000000|MMI|7.11|2+|C3833492|[fndg]|["2+"-tx-40-"2"-fraction-0]|TX|[2842/1],[2853/1]|
00000000|MMI|7.11|2+ Score|C2827735|[qnco]|["2+"-tx-40-"2"-fraction-0]|TX|[2842/1],[2853/1]|
00000000|MMI|7.11|2+ Score, WHO|C2981700|[clas]|["2+"-tx-40-"2"-fraction-0]|TX|[2842/1],[2853/1]|
00000000|MMI|7.07|Admission activity|C0809949|[hlca]|["Admission"-tx-18-"admission"-noun-0,"Admission"-tx-17-"admission"-noun-0]|TX|1315/9;1191/9|
00000000|MMI|7.07|Hospital admission|C0184666|[hlca]|["Admission"-tx-18-"admission"-noun-0,"Admission"-tx-17-"admission"-noun-0]|TX|1315/9;1191/9|
00000000|MMI|7.01|year|C0439234|[tmco]|["YEARS"-tx-5-"years"-noun-0,"YEAR"-tx-4-"year"-noun-0]|TX|354/5;218/4|
00000000|MMI|6.71|History|C0019664|[ocdi]|["History"-tx-4-"history"-noun-0]|TX|271/7|K01.400
00000000|MMI|6.66|Neck|C0027530|[blor]|["NECK"-tx-11-"neck"-noun-0]|TX|945/4|A01.598
00000000|MMI|6.61|Blood Vessel|C0005847|[bpoc]|["Vessel"-tx-24-"vessel"-adj-0]|TX|1888/6|A07.231
00000000|MMI|6.59|Catheterization|C0007430|[topp]|["Catheterization"-tx-21-"catheterization"-noun-0]|TX|1712/15|E02.148;E05.157
00000000|MMI|5.18|All extremities|C0278454|[bpoc]|["extremities"-tx-15-"EXTREMITIES"-noun-0]|TX|1079/11|
00000000|MMI|5.18|Clear|C2963144|[qlco]|["Clear"-tx-12-"Clear"-verb-0]|TX|976/5|
00000000|MMI|5.18|Discharge date|C2361123|[tmco]|["Discharge date"-tx-1-"Discharge Date"-noun-0]|TX|0/14|
00000000|MMI|5.18|Discharge date:Time Stamp -- Date and Time:Point in time:^Patient:Quantitative|C2361122|[clna]|["Discharge date"-tx-1-"Discharge Date"-noun-0]|TX|0/14|
00000000|MMI|5.18|Disposition|C0743223|[idcn]|["Disposition"-tx-32-"DISPOSITION"-noun-0]|TX|2395/11|
00000000|MMI|5.18|Disposition Domain|C1705555|[inpr]|["Disposition"-tx-32-"DISPOSITION"-noun-0]|TX|2395/11|
00000000|MMI|5.18|Edema:Finding:Point in time:^Patient:Ordinal|C1717255|[clna]|["Edema"-tx-15-"edema"-noun-0]|TX|1095/5|
00000000|MMI|5.18|Entire abdomen|C1281594|[bpoc]|["Abdomen"-tx-14-"Abdomen"-noun-0]|TX|1051/7|
00000000|MMI|5.18|Entire head|C1281590|[bpoc]|["Head"-tx-11-"Head"-noun-0]|TX|936/4|
00000000|MMI|5.18|Entire heart|C1281570|[bpoc]|["Heart"-tx-13-"Heart"-noun-0]|TX|994/5|
00000000|MMI|5.18|Ferrum metallicum, Homeopathic preparation|C1166521|[phsu]|["iron"-tx-33-"iron"-noun-0]|TX|2570/4|
00000000|MMI|5.18|HEENT|C1512338|[blor]|["HEENT"-tx-11-"HEENT"-noun-0]|TX|929/5|
00000000|MMI|5.18|Head - Component of Device|C1706305|[mnob]|["Head"-tx-11-"Head"-noun-0]|TX|936/4|
00000000|MMI|5.18|History of peripheral vascular disease|C1881056|[fndg]|["History of Peripheral Vascular Disease"-tx-9-"history of peripheral vascular disease"-noun-0]|TX|771/38|
00000000|MMI|5.18|History of present illness:Finding:Point in time:^Patient:Nominal:Reported|C0488508|[clna]|["History of present illness"-tx-4-"HISTORY OF PRESENT ILLNESS"-noun-0]|TX|170/26|
00000000|MMI|5.18|Hospital course|C0489547|[fndg]|["Hospital course"-tx-20-"HOSPITAL COURSE"-noun-0]|TX|1512/15|
00000000|MMI|5.18|Hospital course:Finding:Point in time:^Patient:Narrative|C0488549|[clna]|["Hospital course"-tx-20-"HOSPITAL COURSE"-noun-0]|TX|1512/15|
00000000|MMI|5.18|Include (action)|C2700399|[acty]|["Include"-tx-33-"include"-verb-0]|TX|2544/7|
00000000|MMI|5.18|Including (qualifier)|C0332257|[ftcn]|["include"-tx-33-"include"-verb-0]|TX|2544/7|
00000000|MMI|5.18|Iron Drug Class|C3714701|[phsu]|["IRON"-tx-33-"iron"-noun-0]|TX|2570/4|
00000000|MMI|5.18|Medication.discharge|C0806915|[fndg]|["Discharge medications"-tx-33-"discharge medications"-noun-0]|TX|2522/21|
00000000|MMI|5.18|Medications:-:Point in time:^Patient:-|C2598133|[clna]|["Medications"-tx-33-"MEDICATIONS"-noun-0]|TX|2505/11|
00000000|MMI|5.18|Medications:Presence or Identity:Duration of the study:^Patient:Nominal|C0802604|[clna]|["Medications"-tx-33-"MEDICATIONS"-noun-0]|TX|2505/11|
00000000|MMI|5.18|Negative Surgical Margin|C1709157|[fndg]|["Clear"-tx-12-"Clear"-verb-0]|TX|976/5|
00000000|MMI|5.18|Only - dosing instruction fragment|C1720467|[inpr]|["Only"-tx-29-"only"-adv-0]|TX|2216/4|
00000000|MMI|5.18|PMH - past medical history|C0455458|[fndg]|["Past medical history"-tx-9-"PAST MEDICAL HISTORY"-noun-0]|TX|672/20|
00000000|MMI|5.18|Pharmaceutical Preparations|C0013227|[phsu]|["Medications"-tx-33-"MEDICATIONS"-noun-0]|TX|2505/11|D26
00000000|MMI|5.18|Recent|C0332185|[tmco]|["Recently"-tx-7-"Recently"-adv-0]|TX|537/8|
00000000|MMI|5.18|Refused|C1705116|[acty]|["Refused"-tx-6-"refused"-verb-0]|TX|461/7|
00000000|MMI|5.18|Refused - Completion Status for valid values|C1548564|[idcn]|["Refused"-tx-6-"refused"-verb-0]|TX|461/7|
00000000|MMI|5.18|Rhythm|C0871269|[fndg]|["Rhythm"-tx-13-"rhythm"-noun-0]|TX|1018/6|
00000000|MMI|5.18|Rhythm Not Otherwise Specified ECG Assessment|C3828331|[inpr]|["Rhythm Not Otherwise Specified"-tx-13-"rhythm"-noun-0]|TX|1018/6|
00000000|MMI|5.18|Singular|C0205171|[qnco]|["Only"-tx-29-"only"-adv-0]|TX|2216/4|
00000000|MMI|5.18|Taken|C1883727|[cnce]|["Taken"-tx-24-"taken"-verb-0]|TX|1839/5|
00000000|MMI|5.18|Treating|C1522326|[ftcn]|["Treated"-tx-6-"treated"-verb-0]|TX|488/7|
00000000|MMI|5.18|Worse|C1457868|[fndg]|["Worsened"-tx-7-"worsened"-verb-0]|TX|561/8|
00000000|MMI|5.18|failed|C0231175|[ftcn]|["Failed"-tx-30-"failed"-verb-0]|TX|2266/6|
00000000|MMI|5.18|include - SetOperator|C1552866|[idcn]|["include"-tx-33-"include"-verb-0]|TX|2544/7|
00000000|MMI|5.18|laboratory examination|C0260877|[fndg]|["Laboratory examination"-tx-18-"LABORATORY EXAMINATION"-noun-0]|TX|1287/22|
00000000|MMI|5.18|rhythmic process (biological)|C1523018|[phsf]|["rhythm"-tx-13-"rhythm"-noun-0]|TX|1018/6|
00000000|MMI|4.12|Electrocardiographic changes|C0855329|[fndg]|["ekg change"-tx-21-"EKG changes"-noun-0]|TX|1664/11|
00000000|MMI|4.02|Blood Vessel complications|C1393529|[dsyn]|["Blood Vessel complications"-tx-27-"vascular complications"-noun-1]|TX|2075/22|
00000000|MMI|3.98|Agree|C3641827|[inpr]|["Agree"-tx-7-"agreed"-verb-0]|TX|577/6|
00000000|MMI|3.98|Place|C0442504|[spco]|["Place"-tx-23-"placed"-verb-0]|TX|1824/6|
00000000|MMI|3.98|Place - dosing instruction imperative|C1704765|[ftcn]|["Place"-tx-23-"placed"-verb-0]|TX|1824/6|
00000000|MMI|3.98|put - instruction imperative|C1882509|[acty]|["Place"-tx-23-"placed"-verb-0]|TX|1824/6|
00000000|MMI|3.75|Non-tender|C0520960|[qlco]|["Non-tender"-tx-14-"non-tender"-adj-0]|TX|1067/10|
00000000|MMI|3.68|Inverted T wave|C0520888|[fndg]|["inverted t waves"-tx-19-"inverted T waves"-noun-0]|TX|1451/16|
00000000|MMI|3.68|% index|C1637833|[qnco]|["% index"-tx-39-"Index"-noun-0]|TX|2818/5|
00000000|MMI|3.68|97|C0439073|[inpr]|["97"-tx-10-"97"-real_number-0]|TX|907/2|
00000000|MMI|3.68|>97|C0439082|[qnco]|[">97"-tx-10-"97"-real_number-0]|TX|907/2|
00000000|MMI|3.68|Attending (action)|C1999232|[ftcn]|["attending"-tx-37-"Attending"-noun-0]|TX|2753/9|
00000000|MMI|3.68|Attending (provider role)|C1547429|[prog]|["Attending"-tx-37-"Attending"-noun-0]|TX|2753/9|
00000000|MMI|3.68|Html Link Type - index|C1552854|[idcn]|["index"-tx-39-"Index"-noun-0]|TX|2818/5|
00000000|MMI|3.68|Index|C0918012|[inpr]|["Index"-tx-39-"Index"-noun-0]|TX|2818/5|
00000000|MMI|3.68|R prime|C2603358|[clna]|["R'"-tx-37-"R"-noun-0]|TX|2772/1|
00000000|MMI|3.68|Rate|C1521828|[qnco]|["Rate"-tx-13-"rate"-noun-0]|TX|1009/4|
00000000|MMI|3.68|Rating (action)|C0871208|[acty]|["Rate"-tx-13-"rate"-noun-0]|TX|1009/4|
00000000|MMI|3.68|Right|C0205090|[spco]|["R-"-tx-37-"R"-noun-0]|TX|2772/1|
00000000|MMI|3.68|Symptoms|C1457887|[sosy]|["SYMPTOMS"-tx-9-"symptoms"-noun-0]|TX|828/8|
00000000|MMI|3.68|Symptoms aspect|C0683368|[ftcn]|["symptoms"-tx-9-"symptoms"-noun-0]|TX|828/8|
00000000|MMI|3.65|Registered nurse|C0687673|[prog]|["R.N."-tx-33-"r.n"-adj-0]|TX|2622/3|
00000000|MMI|3.64|Chest pain:Finding:Point in time:^Patient:Ordinal|C2926613|[clna]|["Chest pain"-tx-21-"chest pain"-noun-0]|TX|1698/10|
00000000|MMI|3.64|Discipline of Heart Surgery|C0524727|[bmod]|["Cardiac surgery"-tx-34-"cardiac surgery"-noun-0]|TX|2694/15|
00000000|MMI|3.64|dictated - DocumentCompletion|C1609990|[idcn]|["Dictated"-tx-35-"Dictated"-verb-0]|TX|2711/8|
00000000|MMI|3.64|dictated - ParticipationMode|C1548384|[ftcn]|["dictated"-tx-35-"Dictated"-verb-0]|TX|2711/8|
00000000|MMI|3.63|60%|C3842585|[fndg]|["60%"-tx-10-"60"-integer-0]|TX|925/2|
00000000|MMI|3.63|Complication|C0009566|[patf]|["Complications"-tx-28-"complications"-noun-1]|TX|2197/13|
00000000|MMI|3.63|Physiologic pulse|C0391850|[phsf]|["PULSES"-tx-16-"pulses"-noun-0]|TX|1125/6|
00000000|MMI|3.63|work up|C0750430|[diap]|["Work-up"-tx-7-"workup"-noun-0]|TX|610/6|
00000000|MMI|3.61|Batch (Response Modality)|C1550176|[inpr]|["Batch"-tx-39-"Batch"-noun-0]|TX|2806/5|
00000000|MMI|3.61|Batch (group)|C1948031|[qnco]|["Batch"-tx-39-"Batch"-noun-0]|TX|2806/5|
00000000|MMI|3.61|Batch Number|C3641829|[inpr]|["BATCH"-tx-39-"Batch"-noun-0]|TX|2806/5|
00000000|MMI|3.59|Lesion|C0221198|[fndg]|["Lesion"-tx-20-"lesion"-noun-0]|TX|1649/6|
00000000|MMI|3.59|Specimen Source Codes - Lesion|C1546698|[inpr]|["Lesion"-tx-20-"lesion"-noun-0]|TX|1649/6|
00000000|MMI|3.59|Body Fluid Discharge|C0012621|[bdsu]|["Discharge"-tx-29-"discharge"-noun-0]|TX|2230/9|
00000000|MMI|3.59|Discharge, body substance|C2926602|[bdsu]|["Discharge"-tx-29-"discharge"-noun-0]|TX|2230/9|
00000000|MMI|3.59|Incident|C1551358|[idcn]|["Incident"-tx-28-"incident"-noun-0]|TX|2149/8|
00000000|MMI|3.59|Issue (document)|C1706387|[inpr]|["Issue"-tx-29-"issue"-verb-0]|TX|2221/5|
00000000|MMI|3.59|Patient location type - Operating Room|C1578465|[spco]|["Operating Room"-tx-24-"Operating Room"-noun-0]|TX|1863/14|
00000000|MMI|3.59|Problem|C0033213|[fndg]|["Issue"-tx-29-"issue"-verb-0]|TX|2221/5|
00000000|MMI|3.59|Removed|C0849355|[qlco]|["Removed"-tx-28-"removed"-verb-0]|TX|2133/7|
00000000|MMI|3.59|ST segment depression (finding)|C0520887|[fndg]|["ST DEPRESSION"-tx-19-"ST depression"-noun-0]|TX|1488/13|
00000000|MMI|3.59|Secondary to|C0175668|[tmco]|["Secondary to"-tx-31-"secondary to"-adj-0]|TX|2352/12|
00000000|MMI|3.57|Allopathic & Osteopathic Physicians - Urology|C1555893|[prog]|["Urology"-tx-32-"Urology"-noun-0]|TX|2496/7|
00000000|MMI|3.57|Arranged (transportation)|C1546854|[idcn]|["Arranged"-tx-32-"arranged"-verb-0]|TX|2480/8|
00000000|MMI|3.57|Iowa Indians|C1555231|[popg]|["Iowa"-tx-5-"Iowa"-noun-0]|TX|339/4|
00000000|MMI|3.57|Registered Nurse - Urology|C1556013|[prog]|["Urology"-tx-32-"Urology"-noun-0]|TX|2496/7|
00000000|MMI|3.56|Unstable Medical Device Problem|C1883468|[evnt]|["Unstable"-tx-17-"unstable"-adj-0]|TX|1241/8|
00000000|MMI|3.56|Unstable status|C0443343|[fndg]|["Unstable"-tx-17-"unstable"-adj-0]|TX|1241/8|
00000000|MMI|3.55|Concept History|C1705255|[cnce]|["History"-tx-4-"history"-noun-0]|TX|271/7|
00000000|MMI|3.55|Followed by|C0332283|[tmco]|["followed"-tx-5-"followed"-verb-0]|TX|302/8|
00000000|MMI|3.55|History of previous events|C2004062|[fndg]|["History"-tx-4-"history"-noun-0]|TX|271/7|
00000000|MMI|3.55|Home environment|C0442519|[cnce]|["HOME"-tx-32-"home"-noun-0]|TX|2426/4|
00000000|MMI|3.55|Van (physical object)|C0557775|[mnob]|["Van"-tx-5-"Van"-noun-0]|TX|328/3|
00000000|MMI|3.54|Immigrant (person)|C0282163|[popg]|["Immigrant"-tx-4-"immigrant"-noun-0]|TX|232/9|
00000000|MMI|3.54|Indication|C3146298|[idcn]|["Indication"-tx-5-"indication"-noun-0]|TX|372/10|
00000000|MMI|3.54|Indication of (contextual qualifier)|C0392360|[idcn]|["indication"-tx-5-"indication"-noun-0]|TX|372/10|
00000000|MMI|3.52|Anterior descending branch of left coronary artery|C0226032|[bpoc]|["Left Anterior Descending Coronary Artery"-tx-20-"left anterior descending coronary artery"-noun-0]|TX|1608/40|
00000000|MMI|3.50|Claudication (finding)|C1456822|[dsyn]|["CLAUDICATION"-tx-9-"claudication"-noun-0]|TX|815/12|
00000000|MMI|3.50|Entire neck|C1281592|[bpoc]|["Neck"-tx-11-"neck"-noun-0]|TX|945/4|
00000000|MMI|3.50|Lameness|C0311395|[fndg]|["claudication"-tx-9-"claudication"-noun-0]|TX|815/12|
00000000|MMI|3.50|Regular|C0205272|[qlco]|["Regular"-tx-13-"Regular"-adj-0]|TX|1001/7|
00000000|MMI|3.50|dendritic spine neck|C3159206|[celc]|["neck"-tx-11-"neck"-noun-0]|TX|945/4|
00000000|MMI|3.48|Benign prostatic hypertrophy|C0005001|[patf]|["Benign Prostatic Hypertrophy"-tx-31-"benign prostatic hypertrophy"-noun-0]|TX|2365/28|
00000000|MMI|3.48|CATHETER, FOLEY|C0179804|[medd]|["INDWELLING FOLEY CATHETER"-tx-32-"indwelling Foley catheter"-noun-0]|TX|2439/25|
00000000|MMI|3.48|Cardiopulmonary|C0553534|[blor]|["Cardiopulmonary"-tx-28-"cardiopulmonary"-adj-0]|TX|2181/15|
00000000|MMI|3.48|Entity Determiner - specific|C1552740|[inpr]|["specific"-tx-28-"specific"-adj-0]|TX|2172/8|
00000000|MMI|3.48|Known|C0205309|[qlco]|["Known"-tx-3-"known"-adj-0]|TX|148/5|
00000000|MMI|3.48|Laboratory domain|C3244292|[ftcn]|["laboratory"-tx-18-"laboratory"-noun-0]|TX|1325/10|
00000000|MMI|3.48|More|C0205172|[ftcn]|["More"-tx-7-"more"-adv-0]|TX|595/4|
00000000|MMI|3.48|Numerous|C0439064|[qnco]|["Several"-tx-30-"several"-adj-0]|TX|2273/7|
00000000|MMI|3.48|Physical Therapist - Cardiopulmonary|C1552297|[prog]|["Cardiopulmonary"-tx-28-"cardiopulmonary"-adj-0]|TX|2181/15|
00000000|MMI|3.48|SHORT STATURE, ONYCHODYSPLASIA, FACIAL DYSMORPHISM, AND HYPOTRICHOSIS SYNDROME|C3542022|[dsyn]|["SOFT"-tx-14-"Soft"-adj-1]|TX|1060/4|
00000000|MMI|3.48|Several|C0443302|[qnco]|["Several"-tx-30-"several"-adj-0]|TX|2273/7|
00000000|MMI|3.48|Soft|C0205358|[qlco]|["Soft"-tx-14-"Soft"-adj-0]|TX|1060/4|
00000000|MMI|3.48|Specific qualifier value|C0205369|[qlco]|["Specific"-tx-28-"specific"-adj-0]|TX|2172/8|
00000000|MMI|3.47|20%|C3842589|[fndg]|["20%"-tx-18-"20"-integer-0]|TX|1383/2|
00000000|MMI|3.47|General medical service|C3812897|[hlca]|["General"-tx-18-"general"-adj-0]|TX|1386/7|
00000000|MMI|3.47|Generalized|C0205246|[spco]|["General"-tx-18-"general"-adj-0]|TX|1386/7|
00000000|MMI|3.47|Safety Reporting Documentation|C3891294|[inpr]|["General"-tx-18-"general"-adj-0]|TX|1386/7|
00000000|MMI|3.47|Specimen Source Codes - Serum|C1546774|[inpr]|["Serum"-tx-18-"serum"-noun-0]|TX|1377/5|
00000000|MMI|3.47|Specimen Type - Serum|C1550100|[bdsu]|["Serum"-tx-18-"serum"-noun-0]|TX|1377/5|
00000000|MMI|3.46|10%|C3842590|[fndg]|["10%"-tx-1-"10"-fraction-0]|TX|19/2|
00000000|MMI|3.46|4+ Answer to question|C3838679|[fndg]|["4+"-tx-24-"4"-adj-0]|TX|1886/1|
00000000|MMI|3.46|Blood Vessel Tissue|C1511228|[tisu]|["Vessel"-tx-24-"vessel"-adj-0]|TX|1888/6|
00000000|MMI|3.45|90%|C3842582|[fndg]|["90%"-tx-20-"90"-percentage-0]|TX|1597/2|
00000000|MMI|3.45|<90|C0439087|[qnco]|["<90"-tx-20-"90"-percentage-0]|TX|1597/2|
00000000|MMI|3.45|>90|C0439083|[qnco]|[">90"-tx-20-"90"-percentage-0]|TX|1597/2|
00000000|MMI|3.44|Arteriopathic disease|C0852949|[dsyn]|["Disease of artery"-tx-5-"of artery disease"-noun-0]|TX|413/2,429/14|
00000000|MMI|3.43|Cardiologist|C0175906|[prog]|["Cardiologist"-tx-34-"Cardiologist"-noun-0]|TX|2654/12|
00000000|MMI|3.43|Gait normal|C0231683|[fndg]|["Normal"-tx-18-"normal"-adj-0]|TX|1362/6|
00000000|MMI|3.43|III (suffix)|C1705160|[qlco]|["III"-tx-19-"III"-noun-0]|TX|1471/3|
00000000|MMI|3.43|Mean Percent of Normal|C2347086|[qnco]|["% Normal"-tx-18-"normal"-adj-0]|TX|1362/6|
00000000|MMI|3.43|Nuclear cap binding complex location|C2263086|[celc]|["CBC"-tx-18-"CBC"-noun-0]|TX|1369/3|
00000000|MMI|3.43|Percent normal|C0439166|[qnco]|["% normal"-tx-18-"normal"-adj-0]|TX|1362/6|
00000000|MMI|3.43|Roman Numeral III|C0439070|[inpr]|["III"-tx-19-"III"-noun-0]|TX|1471/3|
00000000|MMI|3.43|Long|C0205166|[qlco]|["Long"-tx-4-"long"-adj-0]|TX|266/4|
00000000|MMI|3.43|Long Variable|C1706317|[qlco]|["Long"-tx-4-"long"-adj-0]|TX|266/4|
00000000|MMI|3.43|Patterns|C0449774|[spco]|["Pattern"-tx-6-"pattern"-noun-0]|TX|528/7|
00000000|MMI|3.43|Probable diagnosis|C0332148|[qlco]|["Likely"-tx-31-"likely"-adv-0]|TX|2345/6|
00000000|MMI|3.43|Probably|C0750492|[idcn]|["Likely"-tx-31-"likely"-adv-0]|TX|2345/6|
00000000|MMI|3.43|Superior segmental vein|C0507239|[bpoc]|["V6"-tx-19-"V6"-noun-0]|TX|1508/2|
00000000|MMI|3.43|V4+|C2349104|[elii]|["V4+"-tx-19-"V4"-noun-0]|TX|1505/2|
00000000|MMI|3.42|Episode of|C0332189|[tmco]|["Episode"-tx-9-"episode"-noun-0]|TX|717/7|
00000000|MMI|3.42|Good|C0205170|[qlco]|["Well"-tx-26-"well"-adv-0]|TX|2022/4|
00000000|MMI|3.42|Presentation|C0449450|[idcn]|["Presentation"-tx-26-"presentation"-noun-0]|TX|2051/12|
00000000|MMI|3.42|Well|C3146287|[mnob]|["Well"-tx-26-"well"-adv-0]|TX|2022/4|
00000000|MMI|3.42|70%|C3842584|[fndg]|["70%"-tx-4-"70"-integer-0]|TX|215/2|
00000000|MMI|3.42|MIGRAINE WITH OR WITHOUT AURA, SUSCEPTIBILITY TO, 1|C3887485|[fndg]|["MA"-tx-4-"Ma"-noun-0]|TX|247/2|
00000000|MMI|3.42|Male Gender, Self Report|C1706180|[qlco]|["Male"-tx-4-"male"-noun-0]|TX|227/4|
00000000|MMI|3.42|Male Phenotype|C1706428|[qlco]|["Male"-tx-4-"male"-noun-0]|TX|227/4|
00000000|MMI|3.42|Male, Self-Reported|C1706429|[orga]|["Male"-tx-4-"male"-noun-0]|TX|227/4|
