00000000|MMI|3.65|Admission date:Time Stamp -- Date and Time:Point in time:^Patient:Quantitative|C2598112|[clna]|["Admission date"-tx-1-"Admission Date"-noun-0]|TX|88/14|
00000000|MMI|3.65|Date of admission|C1302393|[tmco]|["Admission date"-tx-1-"Admission Date"-noun-0]|TX|88/14|
00000000|MMI|3.65|Report status|C0586177|[fndg]|["Report status"-tx-1-"Report Status"-noun-0]|TX|115/13|
00000000|MMI|3.64|10 - 12|C3843787|[fndg]|["10 - 12"-tx-1-"10 12"-fraction-0]|TX|41/2,51/2|
00000000|MMI|3.59|Pyrexia of unknown origin (excl puerperal)|C0856281|[sosy]|["puo"-tx-1-"PUO"-noun-0]|TX|12/3|
00000000|MMI|3.49|10-14|C3840694|[fndg]|["10-14"-tx-1-"10/14"-fraction-0]|TX|104/5|
00000000|MMI|3.46|Diagnostic interview schedule|C0451119|[inpr]|["DIS"-tx-1-"DIS"-noun-0]|TX|82/3|
00000000|MMI|3.46|Discontinued|C1444662|[fndg]|["DIS"-tx-1-"DIS"-noun-0]|TX|82/3|
00000000|MMI|84.66|Postoperative Period|C0032790|[tmco]|["Postoperative"-tx-34-"postoperative"-adj-0,"Postoperative"-tx-34-"postoperative"-noun-0,"Postoperative"-tx-31-"postoperative"-adj-0,"Postoperative"-tx-29-"postoperative"-noun-0]|TX|[3809/13],[3886/13],[3948/13];[3809/13],[3886/13],[3948/13];3658/13;3508/13|E04.614.750;N02.421.585.753.750
00000000|MMI|58.72|Patient Discharge|C0030685|[hlca]|["Release"-tx-45-"release"-adj-0,"Discharge"-tx-35-"DISCHARGE"-noun-0,"Discharge"-tx-34-"discharge"-noun-0]|TX|4574/7;3970/9;3927/9|E02.204.125;E02.760.400.610;N02.421.192.125;N02.421.585.400.610;N04.590.233.727.210.125
00000000|MMI|53.88|Patients|C0030705|[podg]|["*^patient"-tx-46-"patient"-noun-0,"*^patient"-tx-34-"patient"-noun-0,"*^patient"-tx-28-"patient"-noun-0,"*^patient"-tx-26-"patient"-noun-0,"*^patient"-tx-11-"patient"-noun-0,"*^patient"-tx-8-"patient"-noun-0]|TX|4643/7;3844/7;3432/7;3253/7;1762/7;782/7|M01.643
00000000|MMI|48.98|Iodides|C0021966|[inch]|["I-"-tx-39-"i"-adv-0,"I-"-tx-38-"i"-adv-0,"I-"-tx-12-"i"-adv-0]|TX|4340/1;4315/1;1881/1|D01.248.497.158.490;D01.475.410
00000000|MMI|40.27|Stenosis|C1261287|[patf]|["Stenosis"-tx-8-"stenosis"-noun-0]|TX|[889/8],[916/8],[1101/8],[1163/8]|C23.300.287
00000000|MMI|39.82|Mongolia|C0026410|[geoa]|["MG"-tx-39-"mg"-noun-0,"MG"-tx-38-"mg"-noun-0,"MG"-tx-12-"mg"-noun-0]|TX|4335/2;4284/2;1876/2|Z01.252.474.651
00000000|MMI|38.94|International Normalized Ratio|C0525032|[lbpr]|["INR"-tx-37-"INR"-noun-0,"INR"-tx-22-"INR"-noun-0]|TX|4205/3;2676/3|E01.370.225.625.115.320;E05.200.625.115.320
00000000|MMI|35.81|Diabetes Mellitus, Non-Insulin-Dependent|C0011860|[dsyn]|["Noninsulin dependent diabetes mellitus"-tx-10-"non-insulin-dependent diabetes mellitus"-noun-0,"DIABETES MELLITUS, TYPE II"-tx-3-"type II diabetes mellitus"-noun-0]|TX|1550/39;196/25|C18.452.394.750.149;C19.246.300
00000000|MMI|33.49|Abortion consent:Finding:Point in time:^Patient:Document|C2360836|[clna]|["Patient"-tx-46-"patient"-noun-0,"Patient"-tx-34-"patient"-noun-0,"Patient"-tx-28-"patient"-noun-0,"Patient"-tx-26-"patient"-noun-0,"Patient"-tx-11-"patient"-noun-0,"Patient"-tx-8-"patient"-noun-0]|TX|4643/7;3844/7;3432/7;3253/7;1762/7;782/7|
00000000|MMI|33.49|Hysterectomy consent:Finding:Point in time:^Patient:Document|C2360838|[clna]|["Patient"-tx-46-"patient"-noun-0,"Patient"-tx-34-"patient"-noun-0,"Patient"-tx-28-"patient"-noun-0,"Patient"-tx-26-"patient"-noun-0,"Patient"-tx-11-"patient"-noun-0,"Patient"-tx-8-"patient"-noun-0]|TX|4643/7;3844/7;3432/7;3253/7;1762/7;782/7|
00000000|MMI|33.49|Sterilization consent:Finding:Point in time:^Patient:Document|C2360840|[clna]|["Patient"-tx-46-"patient"-noun-0,"Patient"-tx-34-"patient"-noun-0,"Patient"-tx-28-"patient"-noun-0,"Patient"-tx-26-"patient"-noun-0,"Patient"-tx-11-"patient"-noun-0,"Patient"-tx-8-"patient"-noun-0]|TX|4643/7;3844/7;3432/7;3253/7;1762/7;782/7|
00000000|MMI|33.08|Echocardiography|C0013516|[diap]|["ECHOCARDIOGRAM"-tx-31-"echocardiogram"-noun-0,"ECHOCARDIOGRAM"-tx-9-"Echocardiogram"-noun-0]|TX|3672/14;1206/14|E01.370.350.130.750;E01.370.350.850.220;E01.370.370.380.220
00000000|MMI|32.95|Pain|C0030193|[sosy]|["PAIN"-tx-43-"pain"-noun-0,"PAIN"-tx-5-"pain"-noun-0]|TX|4496/4;566/4|C10.597.617;C23.888.592.612;F02.830.816.444;G11.561.600.810.444
00000000|MMI|32.69|Creatinine|C0010294|[bacs,orch]|["CREATININE"-tx-35-"creatinine"-noun-0,"CREATININE"-tx-20-"creatinine"-noun-0]|TX|4071/10;2541/10|D03.383.129.308.207
00000000|MMI|32.69|Hematocrit procedure|C0018935|[lbpr]|["Hematocrit"-tx-36-"hematocrit"-noun-0,"Hematocrit"-tx-21-"hematocrit"-noun-0]|TX|4132/10;2599/10|E01.370.225.625.400;E05.200.625.400;G09.188.370.374
00000000|MMI|32.69|Hemoglobin|C0019046|[aapp,bacs]|["Hemoglobin"-tx-36-"hemoglobin"-noun-0,"Hemoglobin"-tx-21-"hemoglobin"-noun-0]|TX|4150/10;2617/10|D12.776.124.400;D12.776.422.316.762
00000000|MMI|32.60|Chlorides|C0008203|[inch]|["Chloride, NOS"-tx-35-"chloride"-noun-0,"Chloride, NOS"-tx-20-"chloride"-noun-0]|TX|4032/8;2502/8|D01.210.450.150;D01.248.497.158.215
00000000|MMI|32.60|Coronary Stenosis|C0242231|[dsyn]|["Coronary Artery Stenosis"-tx-8-"coronary artery stenosis"-noun-0]|TX|[858/15,889/8],[935/15,971/8]|C14.280.647.250.285;C14.907.585.250.285
00000000|MMI|32.57|Blood Pressure|C0005823|[orgf]|["BLOOD PRESSURE"-tx-15-"blood pressure"-noun-0]|TX|[2130/14],[2173/14]|E01.370.600.875.249;G09.330.380.076
00000000|MMI|32.57|Systemic arterial pressure|C1272641|[fndg]|["Blood pressure"-tx-15-"blood pressure"-noun-0]|TX|[2130/14],[2173/14]|G09.330.380.076.347
00000000|MMI|32.49|Dominican Republic|C0013014|[geoa]|["DR"-tx-50-"Dr"-noun-0,"DR"-tx-49-"Dr"-noun-0]|TX|4932/2;4875/2|Z01.107.084.900.300;Z01.639.880.300
00000000|MMI|29.46|Dyslipidemias|C0242339|[dsyn]|["Dyslipidemia"-tx-10-"dyslipidemia"-noun-1,"Dyslipidemia"-tx-3-"dyslipidemia"-noun-0]|TX|1592/12;226/12|C18.452.584.500
00000000|MMI|26.86|Daily|C0332173|[tmco]|["Daily"-tx-45-"daily"-adv-0,"Daily"-tx-40-"daily"-adv-0,"Daily"-tx-38-"daily"-adv-0,"Daily"-tx-13-"daily"-adv-0]|TX|4589/5;[4377/5],[4397/5];4287/5;[1904/5],[1927/5],[1954/5]|
00000000|MMI|26.44|Glucose|C0017725|[bacs,orch,phsu]|["GLUCOSE"-tx-35-"glucose"-noun-0,"GLUCOSE"-tx-20-"glucose"-noun-0]|TX|4088/7;2558/7|D09.546.359.448
00000000|MMI|26.44|Sodium|C0037473|[bacs,elii]|["SODIUM"-tx-35-"sodium"-noun-0,"SODIUM"-tx-20-"Sodium"-noun-0]|TX|4003/6;2473/6|D01.268.549.750;D01.268.557.650;D01.552.528.850;D01.552.547.725;x.x.x.x
00000000|MMI|26.34|Leukocytes|C0023516|[cell]|["WBC"-tx-36-"WBC"-noun-0,"WBC"-tx-21-"WBC"-noun-0]|TX|4121/3;2587/3|A11.118.637;A15.145.229.637;A15.382.490
00000000|MMI|26.34|Magnesium|C0024467|[elii]|["MAGNESIUM"-tx-35-"magnesium"-noun-0,"MAGNESIUM"-tx-20-"magnesium"-noun-0]|TX|4106/9;2572/9|D01.268.552.437;D01.268.557.500;D01.552.547.500;x.x.x.x
00000000|MMI|26.34|Potassium|C0032821|[elii]|["POTASSIUM"-tx-35-"potassium"-noun-0,"POTASSIUM"-tx-20-"potassium"-noun-0]|TX|4016/9;2486/9|D01.268.549.550;D01.268.557.575;D01.552.528.652;D01.552.547.650;x.x.x.x
00000000|MMI|26.26|Blood Platelets|C0005821|[cell]|["Platelets"-tx-36-"platelets"-noun-0,"Platelets"-tx-21-"platelets"-noun-0]|TX|4168/9;2639/9|A11.118.188;A15.145.229.188
00000000|MMI|26.14|Physicians|C0031831|[prog]|["DR"-tx-50-"Dr"-noun-0,"DR"-tx-49-"Dr"-noun-0]|TX|4932/2;4875/2|M01.526.485.810;N02.360.810
00000000|MMI|24.11|Body Weight|C0005910|[orga]|["Weight"-tx-14-"weight"-noun-0]|TX|2040/6|C23.888.144;E01.370.600.115.100.160.120;E05.041.124.160.750;G07.100.100.160.120;G07.700.320.249.314.120
00000000|MMI|24.11|Oxygen saturation measurement|C0523807|[lbpr]|["O2 Saturation"-tx-16-"O2 saturation"-noun-0]|TX|2215/13|E01.370.225.124.100.100.600;E01.370.370.380.600;E01.370.386.700.100.600;E05.200.124.100.100.600
00000000|MMI|24.11|Walking (activity)|C0080331|[dora]|["Walking"-tx-4-"walking"-verb-0]|TX|512/7|G11.427.590.530.568.900;G11.427.590.530.698.277.937;I03.350.937;I03.450.642.845.940
00000000|MMI|22.55|Follow-Up Studies|C0016441|[resa]|["Follow-Up Study"-tx-47-"follow up study"-noun-0]|TX|4788/9,4807/5|E05.318.760.500.750.249;N05.715.360.775.175.250.350;N06.850.520.450.500.750.350
00000000|MMI|20.95|Sleep Apnea, Obstructive|C0520679|[dsyn]|["Obstructive sleep apnoea"-tx-10-"obstructive sleep apnea"-noun-0]|TX|1657/23|C08.618.085.852.850;C10.886.425.800.750.850
00000000|MMI|20.61|Time|C0040223|[tmco]|["TIME"-tx-30-"time"-noun-0,"TIME"-tx-25-"time"-noun-0]|TX|3615/4;[3185/4],[3227/4]|G01.910
00000000|MMI|19.40|Temperature|C0039476|[qnco]|["*Temperature"-tx-15-"Temperature"-noun-0]|TX|2080/11|G01.906.595;G16.500.275.063.725.710;G16.500.750.775.710;N06.230.150.450;N06.230.300.100.725.710
00000000|MMI|19.38|Accident and Emergency department|C0562508|[hcro]|["Emergency Department"-tx-3-"Emergency Department"-noun-0]|TX|260/20|N02.278.216.500.968.336;N02.421.297.195;N04.452.442.422.336
00000000|MMI|19.36|Activated Partial Thromboplastin Time measurement|C0030605|[lbpr]|["PTT"-tx-37-"PTT"-noun-0]|TX|4222/3|E01.370.225.625.115.600;E05.200.625.115.600;G09.188.660
00000000|MMI|19.36|Atenolol|C0004147|[orch,phsu]|["ATENOLOL"-tx-7-"Atenolol"-noun-0]|TX|744/8|D02.033.100.624.698.070;D02.033.755.624.698.070;D02.092.063.624.698.070
00000000|MMI|19.27|Creatine Kinase|C0010287|[aapp,enzy]|["CK"-tx-30-"CK"-noun-0]|TX|3581/2|D08.811.913.696.640.150
00000000|MMI|19.25|Toprol-XL|C0723783|[orch,phsu]|["Toprol XL"-tx-45-"Toprol-XL"-noun-0]|TX|4614/9|D02.033.100.624.698.573;D02.033.755.624.698.573;D02.092.063.624.698.573
00000000|MMI|19.23|Lopressor|C0700776|[orch,phsu]|["Lopressor"-tx-12-"Lopressor"-noun-0]|TX|1863/9|D02.033.100.624.698.573;D02.033.755.624.698.573;D02.092.063.624.698.573
00000000|MMI|17.80|Exercise stress test|C0015260|[diap]|["stress test"-tx-3-"stress test"-noun-0]|TX|376/11|E01.370.370.380.250;E01.370.386.700.250;E05.333.250
00000000|MMI|17.80|Stress Test|C3494508|[diap]|["Stress Test"-tx-3-"stress test"-noun-0]|TX|376/11|E01.370.370.380.250;E01.370.386.700.250;E05.333.250
00000000|MMI|17.80|Togo|C0040363|[geoa]|["TO"-tx-4-"to"-adv-0]|TX|520/2|Z01.058.290.190.800
00000000|MMI|17.80|Tryptophanase|C0041260|[aapp,enzy]|["TO"-tx-4-"to"-adv-0]|TX|520/2|D08.811.520.224.800
00000000|MMI|16.26|heart rate|C0018810|[clna]|["Heart Rate"-tx-15-"heart rate"-noun-0]|TX|2099/10|E01.370.600.875.500;G09.330.380.500
00000000|MMI|16.25|Body Temperature|C0005903|[orga]|["temperature"-tx-15-"Temperature"-noun-0]|TX|2080/11|E01.370.600.875.374;G07.110
00000000|MMI|16.23|Pulse taking|C0034107|[hlca]|["Pulses"-tx-18-"pulses"-noun-0]|TX|2349/6|E01.370.370.380.650;E01.370.600.650;G09.330.380.750
00000000|MMI|16.21|Cardiac Catheterization Procedures|C0018795|[hlca]|["Cardiac catheterisation"-tx-8-"cardiac catheterization"-noun-0]|TX|800/23|E01.370.370.380.140;E02.148.442;E05.157.250
00000000|MMI|16.18|Motrin|C0699203|[orch,phsu]|["Motrin"-tx-32-"Motrin"-noun-0]|TX|3791/6|D02.241.223.701.430
00000000|MMI|16.14|Thyroid Nodule|C0040137|[neop]|["Nodule of Thyroid"-tx-10-"of thyroid nodule"-noun-1]|TX|1637/17|C04.588.322.894.800;C04.588.443.915.800;C19.344.894.800;C19.874.788.800
00000000|MMI|16.09|Saint Lucia|C0036056|[geoa]|["ST"-tx-30-"ST"-noun-0]|TX|3564/2|Z01.107.084.900.825;Z01.639.880.825
00000000|MMI|16.08|Lipitor|C0593906|[orch,phsu]|["Lipitor"-tx-38-"Lipitor"-noun-0]|TX|4273/7|D03.383.129.578.075;D10.251.450.200
00000000|MMI|16.07|Heart Bypass, Right|C0242838|[topp]|["Right Coronary artery bypass graft"-tx-24-"coronary artery bypass graft right"-noun-0]|TX|2808/28,2864/5|E04.035.410;E04.100.376.410;E04.100.814.868.875;E04.928.220.370
00000000|MMI|16.07|Primary Care Physicians|C0033131|[prog]|["Primary Care Physician"-tx-7-"primary care physician"-noun-0]|TX|674/22|M01.526.485.810.800;N02.360.810.795
00000000|MMI|15.79|MRC1 gene|C1417249|[gngm]|["MR"-tx-48-"Mr"-noun-0,"MR"-tx-23-"Mr"-noun-0,"MR"-tx-2-"Mr"-noun-0]|TX|4844/2;2721/2;127/2|
00000000|MMI|15.79|Minor Response|C4050513|[fndg]|["MR"-tx-48-"Mr"-noun-0,"MR"-tx-23-"Mr"-noun-0,"MR"-tx-2-"Mr"-noun-0]|TX|4844/2;2721/2;127/2|
00000000|MMI|15.79|Mr. - Title|C2347167|[cnce]|["Mr."-tx-48-"Mr"-noun-0,"Mr."-tx-23-"Mr"-noun-0,"Mr."-tx-2-"Mr"-noun-0]|TX|4844/2;2721/2;127/2|
00000000|MMI|15.79|Revealed|C0443289|[qlco]|["Revealed"-tx-31-"revealed"-verb-0,"Revealed"-tx-9-"revealed"-verb-0,"Revealed"-tx-8-"revealed"-verb-0]|TX|3687/8;1242/8;843/8|
00000000|MMI|14.87|Pharmacogenomics Trial Characteristics Domain|C3714755|[inpr]|["PT"-tx-37-"PT"-noun-0,"PT"-tx-22-"PT"-noun-0]|TX|[4192/2],[4202/2];[2663/2],[2673/2]|
00000000|MMI|14.87|Physical therapy (field)|C0699718|[bmod]|["PT"-tx-37-"PT"-noun-0,"PT"-tx-22-"PT"-noun-0]|TX|[4192/2],[4202/2];[2663/2],[2673/2]|
00000000|MMI|14.64|Diabetes Mellitus|C0011849|[dsyn]|["non insulin dependent diabetes Mellitus"-tx-10-"non-insulin-dependent diabetes mellitus"-noun-0]|TX|1550/39|C18.452.394.750;C19.246
00000000|MMI|14.64|Respiratory Sounds|C0035234|[clna]|["Breath sounds"-tx-19-"Breath sounds"-noun-0]|TX|2393/13|C23.888.852.779;E01.370.386.720;G09.772.775
00000000|MMI|14.32|Incision and drainage|C0152277|[topp]|["i d"-tx-46-"i.d"-adv-0,"i d"-tx-40-"i.d"-adv-0,"i d"-tx-39-"i.d"-adv-0,"i d"-tx-12-"i.d"-adv-0]|TX|4709/3;4437/3;4340/3;1881/3|
00000000|MMI|14.27|Stenosis (invertebrate)|C2632116|[euka]|["Stenosis"-tx-8-"stenosis"-noun-0]|TX|[889/8],[916/8],[1101/8],[1163/8]|
00000000|MMI|14.27|Stenosis Morphology|C0678234|[qlco]|["Stenosis"-tx-8-"stenosis"-noun-0]|TX|[889/8],[916/8],[1101/8],[1163/8]|
00000000|MMI|13.22|Mitral Valve Insufficiency|C0026266|[patf]|["Insufficiency, Mitral"-tx-9-"mitral insufficiency"-noun-0]|TX|1286/20|C14.280.484.461
00000000|MMI|13.22|Tricuspid Valve Insufficiency|C0040961|[dsyn]|["TRICUSPID INSUFFICIENCY"-tx-9-"tricuspid insufficiency"-noun-0]|TX|1318/23|C14.280.484.856
00000000|MMI|13.10|intensive care unit|C0021708|[hcro,mnob]|["INTENSIVE CARE UNIT"-tx-27-"Intensive Care Unit"-noun-0]|TX|3345/19|N02.278.388.493
00000000|MMI|13.09|Blood Circulation|C0005775|[phsf]|["Circulation"-tx-8-"circulation"-noun-0]|TX|1193/11|G09.330.190.163
00000000|MMI|13.07|Operating Room|C0029064|[hcro,mnob]|["OPERATING ROOM"-tx-24-"operating room"-noun-0]|TX|2751/14|N02.278.388.700
00000000|MMI|13.05|Rest|C0035253|[dora]|["Rest"-tx-6-"rest"-noun-0]|TX|657/4|I03.450.769.647
00000000|MMI|13.01|Aorta|C0003483|[bpoc]|["AORTA"-tx-24-"aorta"-noun-0]|TX|2893/5|A07.231.114.056
00000000|MMI|12.92|Diltiazem|C0012373|[orch,phsu]|["DILTIAZEM"-tx-39-"diltiazem"-noun-0]|TX|4322/9|D03.438.079.150
00000000|MMI|12.90|Compazine|C0701017|[orch,phsu]|["Compazine"-tx-11-"Compazine"-noun-0]|TX|1785/9|D02.886.369.639;D03.494.741.639
00000000|MMI|12.90|Psychological Transfer|C0040671|[menp]|["TRANSFER"-tx-30-"transfer"-noun-0]|TX|3623/8|F02.463.425.910
00000000|MMI|12.89|Structure of radial artery|C0162857|[bpoc]|["Artery, Radial"-tx-24-"artery radial"-noun-0]|TX|2817/6,2870/6|A07.231.114.740
00000000|MMI|11.60|Started|C1272689|[qlco]|["Started"-tx-32-"started"-verb-0,"Started"-tx-7-"started"-verb-0,"Started"-tx-4-"started"-verb-0]|TX|3780/7;729/7;466/7|
00000000|MMI|11.49|Appendectomy|C0003611|[topp]|["APPENDECTOMY"-tx-10-"appendectomy"-noun-0]|TX|1733/12|E04.210.078
00000000|MMI|11.49|Physical Examination|C0031809|[hlca]|["PHYSICAL EXAMINATION"-tx-14-"PHYSICAL EXAMINATION"-noun-0]|TX|2007/20|E01.370.600
00000000|MMI|11.17|milligram/day|C0439422|[qnco]|["mg day"-tx-45-"mg day"-noun-0,"mg/d"-tx-39-"mg d"-noun-0,"mg/d"-tx-12-"mg d"-noun-0]|TX|4628/2,4634/3;4335/2,4342/1;1876/2,1883/1|
00000000|MMI|11.00|Time (foundation metadata concept)|C3541383|[tmco]|["Time"-tx-30-"time"-noun-0,"Time"-tx-25-"time"-noun-0]|TX|3615/4;[3185/4],[3227/4]|
00000000|MMI|10.98|Magnesium Cation|C2346927|[elii,phsu]|["Mg++"-tx-39-"mg"-noun-0,"Mg++"-tx-38-"mg"-noun-0,"Mg++"-tx-12-"mg"-noun-0]|TX|4335/2;4284/2;1876/2|
00000000|MMI|10.98|Milligram percent|C1960952|[qnco]|["mg %"-tx-39-"mg"-noun-0,"mg %"-tx-38-"mg"-noun-0,"mg %"-tx-12-"mg"-noun-0]|TX|4335/2;4284/2;1876/2|
00000000|MMI|10.98|mg/dL|C0439269|[qnco]|["mg%"-tx-39-"mg"-noun-0,"mg%"-tx-38-"mg"-noun-0,"mg%"-tx-12-"mg"-noun-0]|TX|4335/2;4284/2;1876/2|
00000000|MMI|10.88|30%|C3842588|[fndg]|["30%"-tx-39-"30"-integer-0,"30%"-tx-36-"30"-real_number-0,"30%"-tx-35-"30"-integer-0]|TX|4332/2;4143/2;4054/2|
00000000|MMI|10.86|10%|C3842590|[fndg]|["10%"-tx-52-"10"-fraction-0,"10%"-tx-36-"10"-real_number-0]|TX|[5091/2],[5103/2];4161/2|
00000000|MMI|10.55|Mild (qualifier value)|C2945599|[qlco]|["MILD"-tx-9-"mild"-adj-0,"Minimal"-tx-5-"minimal"-adj-0]|TX|[1281/4],[1313/4];588/7|
00000000|MMI|10.53|day|C0439228|[tmco]|["DAYS"-tx-45-"days"-noun-0,"DAYS"-tx-40-"days"-noun-0,"DAYS"-tx-7-"days"-noun-0]|TX|4605/4;4413/4;701/4|
00000000|MMI|10.53|Blood group antibody I|C0221138|[aapp,imft]|["I NOS"-tx-39-"i"-adv-0,"I NOS"-tx-38-"i"-adv-0,"I NOS"-tx-12-"i"-adv-0]|TX|4340/1;4315/1;1881/1|
00000000|MMI|10.51|Admission activity|C0809949|[hlca]|["Admission"-tx-20-"ADMISSION"-noun-0,"Admission"-tx-7-"admission"-noun-0,"Admission"-tx-4-"admission"-noun-0]|TX|2457/9;715/9;448/9|
00000000|MMI|10.51|Hospital admission|C0184666|[hlca]|["Admission"-tx-20-"ADMISSION"-noun-0,"Admission"-tx-7-"admission"-noun-0,"Admission"-tx-4-"admission"-noun-0]|TX|2457/9;715/9;448/9|
00000000|MMI|10.42|6 Hours|C1292428|[tmco]|["6H"-tx-44-"6h"-noun-0,"6H"-tx-33-"6h"-noun-0]|TX|4520/2;3801/2|
00000000|MMI|10.42|Follow|C1719822|[inpr]|["Follow"-tx-38-"follows"-verb-0,"Follow"-tx-35-"follows"-verb-0]|TX|4263/7;3993/7|
00000000|MMI|10.42|Followed by|C0332283|[tmco]|["follows"-tx-38-"follows"-verb-0,"follows"-tx-35-"follows"-verb-0]|TX|4263/7;3993/7|
00000000|MMI|10.42|Then|C1883708|[tmco]|["Then"-tx-24-"then"-adv-0]|TX|[2932/4],[3056/4]|
00000000|MMI|10.42|Type II Diabetes Mellitus Pathway|C2984301|[ftcn]|["non insulin dependent diabetes mellitus"-tx-10-"non-insulin-dependent diabetes mellitus"-noun-0,"Type II diabetes mellitus"-tx-3-"type II diabetes mellitus"-noun-0]|TX|1550/39;196/25|
00000000|MMI|10.28|Tracheal Extubation|C0553891|[topp]|["Extubate"-tx-29-"extubated"-verb-0]|TX|3457/9|E02.041.249;E05.008
00000000|MMI|9.99|Pericarditis|C0031046|[dsyn]|["PERICARDITIS"-tx-34-"pericarditis"-noun-0]|TX|3823/12|C14.280.720
00000000|MMI|9.94|Appointments|C0003629|[idcn]|["Appointments"-tx-48-"APPOINTMENTS"-noun-0]|TX|4830/12|N04.452.095
00000000|MMI|9.88|Historical aspects qualifier|C0019665|[ftcn]|["history"-tx-10-"history"-noun-0]|TX|1629/7|x.x.x
00000000|MMI|9.85|Arteries|C0003842|[bpoc]|["ARTERY"-tx-8-"artery"-noun-0]|TX|867/6|A07.231.114
00000000|MMI|9.81|Cocos (Keeling) Islands|C0009212|[geoa]|["CK"-tx-30-"CK"-noun-0]|TX|3581/2|Z01.639.520
00000000|MMI|9.76|Hypertensive disease|C0020538|[dsyn]|["HYPERTENSION"-tx-10-"hypertension"-noun-0]|TX|1394/12|C14.907.489
00000000|MMI|9.75|Heart murmur|C0018808|[fndg]|["murmurs"-tx-17-"murmurs"-noun-1]|TX|2299/7|C23.888.447
00000000|MMI|9.74|Population Group|C1257890|[popg]|["Group"-tx-47-"group"-noun-0]|TX|4813/5|M01.686;N01.224.708
00000000|MMI|8.34|Hypersensitivity|C0020517|[patf]|["Allergies"-tx-11-"ALLERGIES"-noun-0]|TX|1747/9|C20.543
00000000|MMI|8.34|Work|C0043227|[ocac]|["Work"-tx-4-"work"-verb-0]|TX|523/4|I03.946
00000000|MMI|7.70|Echocardiogram (image)|C2243117|[inpr]|["Echocardiogram"-tx-31-"echocardiogram"-noun-0,"Echocardiogram"-tx-9-"Echocardiogram"-noun-0]|TX|3672/14;1206/14|
00000000|MMI|7.70|Good|C0205170|[qlco]|["Well"-tx-28-"well"-adv-0,"Well"-tx-26-"well"-adv-0]|TX|3444/4;3265/4|
00000000|MMI|7.70|Well|C3146287|[mnob]|["Well"-tx-28-"well"-adv-0,"Well"-tx-26-"well"-adv-0]|TX|3444/4;3265/4|
00000000|MMI|7.57|Pain NOS Adverse Event|C1962977|[fndg]|["Pain NOS"-tx-43-"pain"-noun-0,"Pain NOS"-tx-5-"pain"-noun-0]|TX|4496/4;566/4|
00000000|MMI|7.51|Aspirin 325 MG|C0992015|[clnd]|["Aspirin 325 MG"-tx-40-"aspirin 325 mg"-noun-0,"Aspirin 325 MG"-tx-13-"aspirin 325 mg"-noun-0]|TX|4362/14;1912/14|
00000000|MMI|7.49|History of present illness|C0262512|[orga]|["History, NOS"-tx-10-"history"-noun-0,"HISTORY OF PRESENT ILLNESS"-tx-2-"HISTORY OF PRESENT ILLNESS"-noun-0]|TX|1629/7;99/26|
00000000|MMI|7.40|Laboratory test finding|C0587081|[fndg]|["Labs"-tx-35-"LABS"-noun-0,"Labs"-tx-20-"LABS"-noun-0]|TX|3980/4;2467/4|
00000000|MMI|7.40|Minute (diminutive)|C1282918|[qnco]|["minutes"-tx-25-"minutes"-noun-0]|TX|[3198/7],[3240/7]|
00000000|MMI|7.40|Minute Unit of Plane Angle|C2347166|[qnco]|["Minute"-tx-25-"minutes"-noun-0]|TX|[3198/7],[3240/7]|
00000000|MMI|7.40|Minute of time|C0439232|[tmco]|["minutes"-tx-25-"minutes"-noun-0]|TX|[3198/7],[3240/7]|
00000000|MMI|7.40|Per Minute|C0702093|[tmco]|["/minute"-tx-25-"minutes"-noun-0]|TX|[3198/7],[3240/7]|
00000000|MMI|7.40|Small|C0700321|[qnco]|["minutes"-tx-25-"minutes"-noun-0]|TX|[3198/7],[3240/7]|
00000000|MMI|7.40|Sodium Cation|C0597484|[elii]|["Sodium+"-tx-35-"sodium"-noun-0,"Sodium+"-tx-20-"Sodium"-noun-0]|TX|4003/6;2473/6|
00000000|MMI|7.40|Sodium Drug Class|C3714642|[phsu]|["SODIUM"-tx-35-"sodium"-noun-0,"SODIUM"-tx-20-"Sodium"-noun-0]|TX|4003/6;2473/6|
00000000|MMI|7.40|Sodium supplements|C3541959|[phsu]|["Sodium"-tx-35-"sodium"-noun-0,"Sodium"-tx-20-"Sodium"-noun-0]|TX|4003/6;2473/6|
00000000|MMI|7.40|cobaltous cation|C2347816|[elii,phsu]|["Co2+"-tx-35-"CO2"-noun-0,"Co2+"-tx-20-"CO2"-noun-0]|TX|4050/3;2520/3|
00000000|MMI|7.33|Attending (action)|C1999232|[ftcn]|["attending"-tx-52-"Attending"-noun-0,"attending"-tx-1-"ATTENDING"-noun-0]|TX|5030/9;25/9|
00000000|MMI|7.33|Attending (provider role)|C1547429|[prog]|["Attending"-tx-52-"Attending"-noun-0,"Attending"-tx-1-"ATTENDING"-noun-0]|TX|5030/9;25/9|
00000000|MMI|7.31|Creatinine finding|C1561535|[fndg]|["Creatinine"-tx-35-"creatinine"-noun-0,"Creatinine"-tx-20-"creatinine"-noun-0]|TX|4071/10;2541/10|
00000000|MMI|7.31|Dietary Magnesium|C2348270|[elii]|["MAGNESIUM"-tx-35-"magnesium"-noun-0,"MAGNESIUM"-tx-20-"magnesium"-noun-0]|TX|4106/9;2572/9|
00000000|MMI|7.31|Hematocrit level|C0518014|[fndg]|["Hematocrit"-tx-36-"hematocrit"-noun-0,"Hematocrit"-tx-21-"hematocrit"-noun-0]|TX|4132/10;2599/10|
00000000|MMI|7.31|M NOS ANTIBODY|C0369637|[aapp,imft]|["M NOS"-tx-40-"m"-noun-0]|TX|[4452/1],[4463/1]|
00000000|MMI|7.31|M+ (tumor staging)|C0441923|[inpr]|["M+"-tx-40-"m"-noun-0]|TX|[4452/1],[4463/1]|
00000000|MMI|7.31|Magnesium Drug Class|C3714621|[phsu]|["MAGNESIUM"-tx-35-"magnesium"-noun-0,"MAGNESIUM"-tx-20-"magnesium"-noun-0]|TX|4106/9;2572/9|
00000000|MMI|7.31|Magnesium supplements|C3540792|[inch,phsu]|["Magnesium"-tx-35-"magnesium"-noun-0,"Magnesium"-tx-20-"magnesium"-noun-0]|TX|4106/9;2572/9|
00000000|MMI|7.31|Percent in White Blood Count Differential|C1882326|[qnco]|["% WBC"-tx-36-"WBC"-noun-0,"% WBC"-tx-21-"WBC"-noun-0]|TX|4121/3;2587/3|
00000000|MMI|7.31|Potassium Drug Class|C3714637|[phsu]|["POTASSIUM"-tx-35-"potassium"-noun-0,"POTASSIUM"-tx-20-"potassium"-noun-0]|TX|4016/9;2486/9|
00000000|MMI|7.31|Potassium Ion|C0597277|[elii,phsu]|["Potassium"-tx-35-"potassium"-noun-0,"Potassium"-tx-20-"potassium"-noun-0]|TX|4016/9;2486/9|
00000000|MMI|7.31|Potassium measurement|C0202194|[lbpr]|["Potassium+"-tx-35-"potassium"-noun-0,"Potassium+"-tx-20-"potassium"-noun-0]|TX|4016/9;2486/9|
00000000|MMI|7.31|Potassium supplement|C0304475|[inch,phsu]|["POTASSIUM"-tx-35-"potassium"-noun-0,"POTASSIUM"-tx-20-"potassium"-noun-0]|TX|4016/9;2486/9|
00000000|MMI|7.26|Bypass|C0741847|[topp]|["Bypass"-tx-26-"bypass"-noun-0,"Bypass"-tx-25-"bypass"-noun-0]|TX|3298/6;3178/6|
00000000|MMI|7.26|Fraction of|C1264633|[qnco]|["Fraction of"-tx-31-"fraction of"-noun-0,"Fraction of"-tx-9-"fraction of"-noun-0]|TX|3708/11;1263/11|
00000000|MMI|7.24|97|C0439073|[inpr]|["97"-tx-16-"97"-percentage-0,"97"-tx-15-"97"-real_number-0]|TX|2232/2;2092/2|
00000000|MMI|7.24|>97|C0439082|[qnco]|[">97"-tx-16-"97"-percentage-0,">97"-tx-15-"97"-real_number-0]|TX|2232/2;2092/2|
00000000|MMI|7.22|Chloride Ion|C0596019|[elii]|["CHLORIDE"-tx-35-"chloride"-noun-0,"CHLORIDE"-tx-20-"chloride"-noun-0]|TX|4032/8;2502/8|
00000000|MMI|7.22|Platelets Adverse Event|C1963076|[fndg]|["Platelets"-tx-36-"platelets"-noun-0,"Platelets"-tx-21-"platelets"-noun-0]|TX|4168/9;2639/9|
00000000|MMI|7.21|Integrated Neuromusculoskeletal Release|C1704538|[topp]|["INR"-tx-37-"INR"-noun-0,"INR"-tx-22-"INR"-noun-0]|TX|4205/3;2676/3|
00000000|MMI|7.21|Clinical Study Follow-up|C3274571|[hlca]|["FOLLOW-UP"-tx-49-"follow up"-adj-0,"FOLLOW-UP"-tx-48-"FOLLOW-UP"-adj-0]|TX|4860/9;4820/9|
00000000|MMI|7.21|Follow-Up Report|C1704685|[inpr]|["Follow-Up"-tx-49-"follow up"-adj-0,"Follow-Up"-tx-48-"FOLLOW-UP"-adj-0]|TX|4860/9;4820/9|
00000000|MMI|7.21|Follow-up status|C0589120|[fndg]|["Follow-up"-tx-49-"follow up"-adj-0,"Follow-up"-tx-48-"FOLLOW-UP"-adj-0]|TX|4860/9;4820/9|
00000000|MMI|7.21|follow-up|C1522577|[hlca]|["Follow Up"-tx-49-"follow up"-adj-0,"Follow Up"-tx-48-"FOLLOW-UP"-adj-0]|TX|4860/9;4820/9|
00000000|MMI|7.19|Blood pressure finding|C1271104|[fndg]|["Blood Pressure"-tx-15-"blood pressure"-noun-0]|TX|[2130/14],[2173/14]|
00000000|MMI|7.17|Presentation|C0449450|[idcn]|["Present"-tx-5-"present"-adj-0,"Presented"-tx-3-"presented"-verb-0]|TX|575/7;243/9|
00000000|MMI|7.16|Ejection as a Circumstance of Injury|C0302131|[phpr]|["Ejection"-tx-31-"ejection"-noun-0,"Ejection"-tx-9-"ejection"-noun-0]|TX|3699/8;1254/8|
00000000|MMI|7.16|Ejection as a Sports activity|C0336969|[dora]|["Ejection"-tx-31-"ejection"-noun-0,"Ejection"-tx-9-"ejection"-noun-0]|TX|3699/8;1254/8|
00000000|MMI|7.16|Ejection time|C0812388|[orga]|["ejection"-tx-31-"ejection"-noun-0,"ejection"-tx-9-"ejection"-noun-0]|TX|3699/8;1254/8|
00000000|MMI|7.15|Brought on by|C0332302|[ftcn]|["brought"-tx-27-"brought"-verb-0,"brought"-tx-24-"brought"-verb-0]|TX|3330/7;2736/7|
00000000|MMI|7.12|Body Fluid Discharge|C0012621|[bdsu]|["Discharge"-tx-35-"DISCHARGE"-noun-0,"Discharge"-tx-34-"discharge"-noun-0]|TX|3970/9;3927/9|
00000000|MMI|7.12|Discharge, body substance|C2926602|[bdsu]|["Discharge"-tx-35-"DISCHARGE"-noun-0,"Discharge"-tx-34-"discharge"-noun-0]|TX|3970/9;3927/9|
00000000|MMI|7.11|Delayed Release Dosage Form|C1707664|[bodm]|["DR"-tx-50-"Dr"-noun-0,"DR"-tx-49-"Dr"-noun-0]|TX|4932/2;4875/2|
00000000|MMI|7.11|Device to Subject Relationship Domain|C3540849|[inpr]|["DR"-tx-50-"Dr"-noun-0,"DR"-tx-49-"Dr"-noun-0]|TX|4932/2;4875/2|
00000000|MMI|7.11|Doctor - Title|C2348314|[cnce]|["Dr."-tx-50-"Dr"-noun-0,"Dr."-tx-49-"Dr"-noun-0]|TX|4932/2;4875/2|
00000000|MMI|7.10|Structure of first diagonal branch of anterior descending branch of left coronary artery|C0524430|[bpoc]|["First diagonal coronary artery"-tx-24-"artery first diagonal coronary"-noun-0,"First diagonal coronary artery"-tx-8-"first diagonal coronary artery"-noun-0]|TX|3005/6,3021/23;1112/30|
00000000|MMI|7.10|+2|C0740116|[qnco]|["+2"-tx-18-"2"-integer-0,"+2"-tx-1-"2"-fraction-0]|TX|2346/1;16/1|
00000000|MMI|7.10|2+|C3833492|[fndg]|["2+"-tx-18-"2"-integer-0,"2+"-tx-1-"2"-fraction-0]|TX|2346/1;16/1|
00000000|MMI|7.10|2+ Score|C2827735|[qnco]|["2+"-tx-18-"2"-integer-0,"2+"-tx-1-"2"-fraction-0]|TX|2346/1;16/1|
00000000|MMI|7.10|2+ Score, WHO|C2981700|[clas]|["2+"-tx-18-"2"-integer-0,"2+"-tx-1-"2"-fraction-0]|TX|2346/1;16/1|
00000000|MMI|7.08|Right coronary artery structure|C1261316|[bpoc]|["Right Coronary Artery"-tx-24-"right coronary artery"-noun-0,"Right Coronary Artery"-tx-8-"right coronary artery"-noun-0]|TX|2906/21;852/21|
00000000|MMI|7.08|Structure of circumflex branch of left coronary artery|C0226037|[bpoc]|["Circumflex coronary artery"-tx-24-"circumflex coronary artery"-noun-0,"LEFT CIRCUMFLEX CORONARY ARTERY"-tx-8-"left circumflex coronary artery"-noun-0]|TX|3144/26;1054/31|
00000000|MMI|6.99|% of total|C0439175|[qnco]|["% total"-tx-25-"Total"-adj-0,"% total"-tx-25-"total"-adj-0]|TX|3172/5;3210/5|
00000000|MMI|6.99|Total|C0439810|[qlco]|["Total"-tx-25-"Total"-adj-0,"Total"-tx-25-"total"-adj-0]|TX|3172/5;3210/5|
00000000|MMI|6.96|Regular|C0205272|[qlco]|["Regular"-tx-17-"Regular"-adj-0,"Regular"-tx-15-"regular"-adj-0]|TX|2267/7;2120/7|
00000000|MMI|6.95|Identifier|C0600091|[inpr]|["ID"-tx-52-"ID"-noun-0,"ID"-tx-46-"ID"-noun-0]|TX|5077/2;4685/2|
00000000|MMI|6.95|Immune diffusion|C1441613|[lbpr]|["ID"-tx-52-"ID"-noun-0,"ID"-tx-46-"ID"-noun-0]|TX|5077/2;4685/2|
00000000|MMI|6.95|60%|C3842585|[fndg]|["60%"-tx-9-"60"-percentage-0,"60%"-tx-8-"60"-percentage-0]|TX|1275/2;912/2|
00000000|MMI|6.93|70%|C3842584|[fndg]|["70%"-tx-14-"70"-real_number-0,"70%"-tx-8-"70"-percentage-0]|TX|2066/2;1039/2|
00000000|MMI|6.92|Before|C0332152|[tmco]|["Prior to"-tx-7-"prior to"-prep-0,"Prior to"-tx-4-"prior to"-prep-0]|TX|706/8;439/8|
00000000|MMI|6.88|Three|C0205449|[qnco]|["Three"-tx-45-"three"-word_numeral-0,"Three"-tx-40-"three"-word_numeral-0]|TX|4599/5;4407/5|
00000000|MMI|6.88|90%|C3842582|[fndg]|["90%"-tx-8-"90"-percentage-0]|TX|[885/2],[967/2]|
00000000|MMI|6.88|<90|C0439087|[qnco]|["<90"-tx-8-"90"-percentage-0]|TX|[885/2],[967/2]|
00000000|MMI|6.88|>90|C0439083|[qnco]|[">90"-tx-8-"90"-percentage-0]|TX|[885/2],[967/2]|
00000000|MMI|6.88|50%|C3842586|[fndg]|["50%"-tx-8-"50"-percentage-0]|TX|[1097/2],[1159/2]|
00000000|MMI|6.88|<50|C3843766|[fndg]|["<50"-tx-8-"50"-percentage-0]|TX|[1097/2],[1159/2]|
00000000|MMI|6.88|Proximal|C0205107|[spco]|["PROXIMAL"-tx-8-"proximal"-adj-0]|TX|[958/8],[1150/8]|
00000000|MMI|6.76|Heart|C0018787|[bpoc]|["coronary"-tx-24-"coronary"-noun-0]|TX|2963/8|A07.541
00000000|MMI|6.72|History|C0019664|[ocdi]|["History"-tx-10-"history"-noun-0]|TX|1629/7|K01.400
00000000|MMI|6.57|Elective Surgical Procedures|C0206058|[topp]|["ELECTIVE"-tx-24-"elective"-adj-0]|TX|2799/8|E04.249
00000000|MMI|5.18|4 Hours|C1292426|[tmco]|["4H"-tx-42-"4h"-noun-0]|TX|4485/2|
00000000|MMI|5.18|Accident caused by unspecified fire|C0000912|[phpr]|["Burning NOS"-tx-6-"burning"-noun-0]|TX|633/7|
00000000|MMI|5.18|Anterior descending branch of left coronary artery|C0226032|[bpoc]|["Left Anterior Descending Coronary Artery"-tx-24-"left anterior descending coronary artery"-noun-0]|TX|3065/40|
00000000|MMI|5.18|Breath sounds:Finding:Point in time:^Patient:Ordinal|C3484186|[clna]|["Breath sounds"-tx-19-"Breath sounds"-noun-0]|TX|2393/13|
00000000|MMI|5.18|Burning sensation|C0085624|[sosy]|["Burning"-tx-6-"burning"-noun-0]|TX|633/7|
00000000|MMI|5.18|Burning sensation quality|C0175627|[qlco]|["Burning"-tx-6-"burning"-noun-0]|TX|633/7|
00000000|MMI|5.18|Cardiac surgery service|C0587672|[hcro]|["Cardiac surgery service"-tx-1-"Cardiac Surgery Service"-noun-0]|TX|74/23|
00000000|MMI|5.18|Chairperson|C1524106|[prog]|["Chair"-tx-5-"chair"-noun-0]|TX|622/5|
00000000|MMI|5.18|Chairs|C0179847|[mnob]|["Chair"-tx-5-"chair"-noun-0]|TX|622/5|
00000000|MMI|5.18|Chronic obstructive pulmonary disease of horses|C3714496|[dsyn]|["Heaves"-tx-17-"heaves"-noun-1]|TX|2317/6|
00000000|MMI|5.18|Clear|C2963144|[qlco]|["Clear"-tx-19-"clear"-verb-0]|TX|2407/5|
00000000|MMI|5.18|Complete|C0205197|[qlco]|["Completely"-tx-10-"completely"-adv-0]|TX|1528/10|
00000000|MMI|5.18|Continuous|C0549178|[idcn]|["Continue"-tx-47-"continue"-verb-0]|TX|4740/8|
00000000|MMI|5.18|Discharge date|C2361123|[tmco]|["Discharge date"-tx-1-"Discharge Date"-noun-0]|TX|0/14|
00000000|MMI|5.18|Discharge date:Time Stamp -- Date and Time:Point in time:^Patient:Quantitative|C2361122|[clna]|["Discharge date"-tx-1-"Discharge Date"-noun-0]|TX|0/14|
00000000|MMI|5.18|Examination of heart|C0562319|[hlca]|["Cardiac exam"-tx-17-"Cardiac exam"-noun-0]|TX|2253/12|
00000000|MMI|5.18|Glyceryl trinitrate spray|C0358692|[clnd]|["nitroglycerine spray"-tx-7-"Nitroglycerin spray"-noun-0]|TX|757/19|
00000000|MMI|5.18|H/O: TIA|C0455536|[fndg]|["History of - transient ischemic attack"-tx-10-"history of transient ischemic attack"-noun-0]|TX|1409/36|
00000000|MMI|5.18|Height|C0489786|[orga]|["Height"-tx-14-"Height"-noun-0]|TX|2029/6|
00000000|MMI|5.18|History of present illness:Finding:Point in time:^Patient:Nominal:Reported|C0488508|[clna]|["History of present illness"-tx-2-"HISTORY OF PRESENT ILLNESS"-noun-0]|TX|99/26|
00000000|MMI|5.18|Hospital course|C0489547|[fndg]|["Hospital course"-tx-23-"HOSPITAL COURSE"-noun-0]|TX|2704/15|
00000000|MMI|5.18|Hospital course:Finding:Point in time:^Patient:Narrative|C0488549|[clna]|["Hospital course"-tx-23-"HOSPITAL COURSE"-noun-0]|TX|2704/15|
00000000|MMI|5.18|Importance Weight|C1705104|[idcn]|["Weight"-tx-14-"weight"-noun-0]|TX|2040/6|
00000000|MMI|5.18|Incident|C1551358|[idcn]|["Incident"-tx-26-"incident"-noun-0]|TX|3313/8|
00000000|MMI|5.18|Initially|C0205265|[tmco]|["Initially"-tx-30-"initially"-adv-0]|TX|3533/9|
00000000|MMI|5.18|Medication.discharge|C0806915|[fndg]|["Discharge medications"-tx-38-"DISCHARGE MEDICATIONS"-noun-0]|TX|4233/21|
00000000|MMI|5.18|Moving|C0560560|[orgf]|["Moving"-tx-5-"moving"-noun-0]|TX|613/6|
00000000|MMI|5.18|Negative Surgical Margin|C1709157|[fndg]|["Clear"-tx-19-"clear"-verb-0]|TX|2407/5|
00000000|MMI|5.18|Normal sinus rhythm|C0232202|[fndg]|["NORMAL SINUS RHYTHM"-tx-27-"normal sinus rhythm"-noun-0]|TX|3368/19|
00000000|MMI|5.18|Now (temporal qualifier)|C1948052|[tmco]|["Now"-tx-10-"now"-adv-0]|TX|1524/3|
00000000|MMI|5.18|Peripheral Blood Vessel|C0150936|[bpoc]|["Peripheral Vascular"-tx-18-"Peripheral vascular"-adj-0]|TX|2325/19|
00000000|MMI|5.18|Peripheral vessels|C0947487|[bpoc]|["Peripheral Vascular"-tx-18-"Peripheral vascular"-adj-0]|TX|2325/19|
00000000|MMI|5.18|Resolution|C2699488|[cnce]|["Resolved"-tx-10-"resolved"-verb-0]|TX|1539/8|
00000000|MMI|5.18|Resolved|C3714811|[fndg]|["Resolved"-tx-10-"resolved"-verb-0]|TX|1539/8|
00000000|MMI|5.18|Resolved License|C3897700|[ftcn]|["Resolved"-tx-10-"resolved"-verb-0]|TX|1539/8|
00000000|MMI|5.18|Rubs|C3842105|[fndg]|["Rubs"-tx-17-"rubs"-verb-1]|TX|2309/4|
00000000|MMI|5.18|Specimen Source Codes - Respiratory|C1546767|[inpr]|["Respiratory"-tx-19-"Respiratory"-adj-0]|TX|2380/11|
00000000|MMI|5.18|Stable Disease|C0677946|[fndg]|["Stable condition"-tx-27-"stable condition"-noun-0]|TX|3392/16|
00000000|MMI|5.18|Stable chronic Graft vs Host Disease|C3538874|[fndg]|["Stable condition"-tx-27-"stable condition"-noun-0]|TX|3392/16|
00000000|MMI|5.18|Stepdown unit|C1627345|[mnob]|["Stepdown unit"-tx-30-"Step-Down Unit"-noun-0]|TX|3639/14|
00000000|MMI|5.18|To|C1883351|[qlco]|["To"-tx-4-"to"-adv-0]|TX|520/2|
00000000|MMI|5.18|Weighing patient|C1305866|[diap]|["weight"-tx-14-"weight"-noun-0]|TX|2040/6|
00000000|MMI|5.18|Weight|C0043100|[qnco]|["WEIGHT"-tx-14-"weight"-noun-0]|TX|2040/6|
00000000|MMI|5.18|dystonic reaction|C0541919|[fndg]|["DYSTONIC REACTION"-tx-11-"dystonic reaction"-noun-0]|TX|1810/17|
00000000|MMI|5.18|physiologic resolution|C1514893|[patf]|["Resolved"-tx-10-"resolved"-verb-0]|TX|1539/8|
00000000|MMI|5.18|respiratory|C0521346|[ftcn]|["RESPIRATORY"-tx-19-"Respiratory"-adj-0]|TX|2380/11|
00000000|MMI|5.18|saw (device)|C0183089|[medd]|["SAW"-tx-7-"saw"-verb-0]|TX|666/3|
00000000|MMI|5.18|surgical history|C0744961|[fndg]|["surgical history"-tx-10-"SURGICAL HISTORY"-noun-0]|TX|1360/16|
00000000|MMI|4.19|Bilateral inguinal hernia repair|C0198737|[topp]|["Bilateral inguinal hernia repair"-tx-10-"bilateral inguinal hernia repairs"-noun-0]|TX|1695/33|
00000000|MMI|3.98|Last|C1517741|[qlco]|["Last"-tx-10-"lasted"-verb-0]|TX|1490/6|
00000000|MMI|3.84|First Obtuse Marginal Branch Artery|C3640679|[bpoc]|["First Obtuse marginal artery"-tx-24-"first obtuse marginal artery"-noun-0]|TX|2941/21,2972/6|
00000000|MMI|3.81|Lisinopril 5 MG|C0987222|[clnd]|["Lisinopril 5 MG"-tx-13-"lisinopril 5 mg"-noun-0]|TX|1888/15|
00000000|MMI|3.81|atorvastatin 80 MG|C1124482|[clnd]|["atorvastatin 80 MG"-tx-13-"atorvastatin 80 mg"-noun-0]|TX|1935/18|
00000000|MMI|3.76|Regional congenital anomaly|C0266641|[cgab]|["Regional Abnormalities"-tx-31-"regional abnormalities"-noun-1]|TX|3732/8,3753/13|
00000000|MMI|3.75|30 Minutes|C1442458|[tmco]|["30 Minutes"-tx-10-"30 minutes"-noun-0]|TX|1511/10|
00000000|MMI|3.75|7+14+7|C0593972|[qnco]|["14 7"-tx-21-"14.7"-real_number-0]|TX|2628/4|
00000000|MMI|3.75|Day 2|C3842676|[fndg]|["Day 2"-tx-29-"day 2"-noun-0]|TX|3522/3,3527/1|
00000000|MMI|3.75|per 30 minutes|C0456693|[tmco]|["30 minute"-tx-10-"30 minutes"-noun-0]|TX|1511/10|
00000000|MMI|3.73|Transfer to stepdown unit|C3165163|[hlca]|["Transfer to stepdown unit"-tx-29-"transferred to Step-Down Unit"-noun-0]|TX|3471/14,3490/14|
00000000|MMI|3.72|Five-Day Report|C1708065|[inpr]|["FIVE-DAY"-tx-45-"five days"-noun-0]|TX|4538/9|
00000000|MMI|3.72|Relieved by|C0332303|[ftcn]|["Relieved by"-tx-6-"relieved by"-verb-0]|TX|645/11|
00000000|MMI|3.71|Captopril 12.5 MG|C0984501|[clnd]|["Captopril 12.5 MG"-tx-38-"captopril 12.5 mg"-noun-0]|TX|4295/17|
00000000|MMI|3.69|Proximal Left Anterior Descending Coronary Artery Stenosis|C2825180|[fndg]|["Proximal Left Anterior Descending Coronary Artery Stenosis"-tx-8-"left anterior descending coronary artery proximal stenosis"-noun-0]|TX|982/40,1030/8,1043/8|
00000000|MMI|3.68|29+|C3843708|[fndg]|["29+"-tx-20-"29"-integer-0]|TX|2524/2|
00000000|MMI|3.68|Document type|C1547673|[inpr]|["Document"-tx-52-"document"-noun-0]|TX|4964/8|
00000000|MMI|3.68|Documents|C1301746|[inpr]|["document"-tx-52-"document"-noun-0]|TX|4964/8|
00000000|MMI|3.68|Glipizide 5 MG|C0986241|[clnd]|["Glipizide 5 MG"-tx-40-"glipizide 5 mg"-noun-0]|TX|4420/14|
00000000|MMI|3.68|Inch Unit of Length|C0439204|[qnco]|["inches"-tx-14-"inches"-noun-0]|TX|2052/6|
00000000|MMI|3.68|Medical|C0205476|[ftcn]|["Medical"-tx-10-"MEDICAL"-adj-0]|TX|1348/7|
00000000|MMI|3.68|Medical service|C0199168|[hlca]|["Medical"-tx-10-"MEDICAL"-adj-0]|TX|1348/7|
00000000|MMI|3.68|Pericarditis Adverse Event|C1963211|[fndg]|["Pericarditis"-tx-34-"pericarditis"-noun-0]|TX|3823/12|
00000000|MMI|3.68|Rate|C1521828|[qnco]|["Rate"-tx-17-"rate"-noun-0]|TX|2275/4|
00000000|MMI|3.68|Rating (action)|C0871208|[acty]|["Rate"-tx-17-"rate"-noun-0]|TX|2275/4|
00000000|MMI|3.68|Wall motion|C1980023|[clna]|["Wall motion"-tx-31-"wall motion"-noun-0]|TX|3741/11|
00000000|MMI|3.68|Childhood asthma|C0264408|[dsyn]|["asthma childhood"-tx-10-"asthma childhood"-noun-1]|TX|1607/6,1617/9|
00000000|MMI|3.66|ranolazine 1000 MG|C1962269|[clnd]|["ranolazine 1000 MG"-tx-46-"ranolazine 1000 mg"-noun-0]|TX|4688/18|
00000000|MMI|3.64|Room air|C3846005|[fndg]|["Room air"-tx-16-"room air"-noun-0]|TX|2239/8|
00000000|MMI|3.64|Room type - Intensive care unit|C1549475|[idcn]|["Intensive care unit"-tx-27-"Intensive Care Unit"-noun-0]|TX|3345/19|
00000000|MMI|3.64|trend|C1521798|[tmco]|["Trend"-tx-30-"trend"-verb-0]|TX|3601/5|
00000000|MMI|3.63|0%|C3842591|[fndg]|["0%"-tx-35-"0"-real_number-0]|TX|4082/1|
00000000|MMI|3.63|Changed status|C0443172|[qnco]|["changes"-tx-30-"changes"-noun-0]|TX|3567/7|
00000000|MMI|3.63|Changing|C0392747|[ftcn]|["changes"-tx-30-"changes"-noun-0]|TX|3567/7|
00000000|MMI|3.63|Circulatory Process|C1516559|[orgf]|["Circulation"-tx-8-"circulation"-noun-0]|TX|1193/11|
00000000|MMI|3.63|Course|C0750729|[tmco]|["Course"-tx-34-"course"-noun-0]|TX|3900/6|
00000000|MMI|3.63|Kilogram|C0439209|[qnco]|["kilograms"-tx-14-"kilograms"-noun-0]|TX|2069/9|
00000000|MMI|3.63|U/hour|C0456685|[qnco]|["Unit per Hour"-tx-13-"units per hour"-noun-0]|TX|1991/14|
00000000|MMI|3.62|PTT 119|C0072586|[orch,phsu]|["PTT 119"-tx-22-"PTT 119"-noun-0]|TX|2690/3,2697/3|
00000000|MMI|3.62|ST segment depression (finding)|C0520887|[fndg]|["depressions st"-tx-3-"ST depressions"-noun-0]|TX|329/14|
00000000|MMI|3.62|personal health|C0683314|[fndg]|["state of health"-tx-4-"state of health"-noun-0]|TX|409/15|
00000000|MMI|3.61|ActInformationPrivacyReason <service>|C3245478|[idcn]|["service"-tx-1-"SERVICE"-noun-0]|TX|65/7|
00000000|MMI|3.61|Physiologic pulse|C0391850|[phsf]|["PULSES"-tx-18-"pulses"-noun-0]|TX|2349/6|
00000000|MMI|3.61|Services|C0557854|[ocac]|["Service"-tx-1-"SERVICE"-noun-0]|TX|65/7|
00000000|MMI|3.61|Software Service|C2825316|[mnob]|["Service"-tx-1-"SERVICE"-noun-0]|TX|65/7|
00000000|MMI|3.61|Left internal mammary artery|C0447054|[bpoc]|["Left internal mammary artery"-tx-24-"left internal mammary artery"-noun-0]|TX|2983/28|
00000000|MMI|3.61|Patient location type - Operating Room|C1578465|[spco]|["Operating Room"-tx-24-"operating room"-noun-0]|TX|2751/14|
00000000|MMI|3.60|Left Main Coronary Artery Stenosis|C2062905|[dsyn]|["Left coronary artery stenosis"-tx-8-"left coronary artery stenosis"-noun-0]|TX|1054/4,1070/15,1101/8|
00000000|MMI|3.60|Point A|C2924612|[blor]|["Point A"-tx-5-"a point"-noun-0]|TX|548/7|
00000000|MMI|3.60|Potassium Chloride 10 MEQ|C0989059|[clnd]|["Potassium Chloride 10 MEQ"-tx-45-"potassium chloride 10 mEq"-noun-0]|TX|4550/18,4582/6|
00000000|MMI|3.60|chest burning|C0740396|[sosy]|["chest burning"-tx-4-"burning chest"-noun-0]|TX|485/7,500/5|
00000000|MMI|3.59|Furosemide 40 MG|C0986199|[clnd]|["Furosemide 40 MG"-tx-40-"Lasix 40 mg"-noun-0]|TX|4385/11|
00000000|MMI|3.59|Creation of shunt left-to-right, systemic to pulmonary circulation|C0190759|[topp]|["Left to right graft"-tx-24-"right graft to left"-noun-0]|TX|3112/5,3125/8,3139/4|
00000000|MMI|3.59|Right coronary artery Constriction|C3267166|[dsyn]|["Right Coronary Stenosis"-tx-8-"right coronary stenosis"-noun-0]|TX|852/14,889/8|
00000000|MMI|3.59|1 Month|C1442451|[tmco]|["1 Month"-tx-4-"1 month"-noun-0]|TX|431/7|
00000000|MMI|3.59|Cleared by|C0521097|[ftcn]|["cleared"-tx-34-"cleared"-verb-0]|TX|3915/7|
00000000|MMI|3.59|Event Seriousness - Significant|C1546944|[qlco]|["Significant"-tx-10-"Significant"-adj-0]|TX|1378/11|
00000000|MMI|3.59|Significant|C0750502|[idcn]|["Significant"-tx-10-"Significant"-adj-0]|TX|1378/11|
00000000|MMI|3.59|Statistical Significance|C0237881|[qnco]|["significant"-tx-10-"Significant"-adj-0]|TX|1378/11|
00000000|MMI|3.59|Superior segmental vein|C0507239|[bpoc]|["V6"-tx-3-"V6"-noun-0]|TX|354/2|
00000000|MMI|3.59|site-specific telomere resolvase activity|C1622890|[moft]|["ResT"-tx-6-"rest"-noun-0]|TX|657/4|
00000000|MMI|3.57|Chest pressure|C0438716|[sosy]|["Chest pressure"-tx-3-"chest pressure"-noun-0]|TX|308/14|
00000000|MMI|3.57|Concept History|C1705255|[cnce]|["History"-tx-10-"history"-noun-0]|TX|1629/7|
00000000|MMI|3.57|History of previous events|C2004062|[fndg]|["History"-tx-10-"history"-noun-1]|TX|1629/7|
00000000|MMI|3.57|Medical History|C0262926|[fndg]|["History"-tx-10-"history"-noun-1]|TX|1629/7|
00000000|MMI|3.57|Present|C0150312|[qnco]|["Present"-tx-5-"present"-adj-0]|TX|575/7|
00000000|MMI|3.57|Rhythm|C0871269|[fndg]|["Rhythm"-tx-17-"rhythm"-noun-1]|TX|2284/6|
00000000|MMI|3.57|Rhythm Not Otherwise Specified ECG Assessment|C3828331|[inpr]|["Rhythm Not Otherwise Specified"-tx-17-"rhythm"-noun-0]|TX|2284/6|
00000000|MMI|3.57|Room of building - Study|C0557651|[mnob]|["Study"-tx-46-"study"-noun-0]|TX|4674/5|
00000000|MMI|3.57|Study|C2603343|[resa]|["Study"-tx-46-"study"-noun-0]|TX|4674/5|
00000000|MMI|3.57|allergic|C0700624|[ftcn]|["Allergic"-tx-11-"allergic"-adj-0]|TX|1773/8|
00000000|MMI|3.57|rhythmic process (biological)|C1523018|[phsf]|["rhythm"-tx-17-"rhythm"-noun-1]|TX|2284/6|
00000000|MMI|3.56|Medications:-:Point in time:^Patient:-|C2598133|[clna]|["Medications"-tx-12-"MEDICATIONS"-noun-0]|TX|1829/11|
00000000|MMI|3.56|Medications:Presence or Identity:Duration of the study:^Patient:Nominal|C0802604|[clna]|["Medications"-tx-12-"MEDICATIONS"-noun-0]|TX|1829/11|
00000000|MMI|3.56|Performed|C0884358|[ftcn]|["Performed"-tx-9-"performed"-verb-0]|TX|1221/9|
00000000|MMI|3.56|Pharmaceutical Preparations|C0013227|[phsu]|["Medications"-tx-12-"MEDICATIONS"-noun-0]|TX|1829/11|D26
00000000|MMI|3.56|status - In progress|C1272688|[ftcn]|["progressed"-tx-5-"progressed"-verb-0]|TX|534/10|
00000000|MMI|3.55|Home environment|C0442519|[cnce]|["HOME"-tx-34-"home"-noun-0]|TX|3940/4|
00000000|MMI|3.55|dictated - DocumentCompletion|C1609990|[idcn]|["Dictated"-tx-52-"Dictated"-noun-0]|TX|4996/8|
00000000|MMI|3.55|dictated - ParticipationMode|C1548384|[ftcn]|["dictated"-tx-52-"Dictated"-noun-0]|TX|4996/8|
00000000|MMI|3.55|Usual|C3538928|[qlco]|["Usual"-tx-4-"usual"-adj-0]|TX|403/5|
00000000|MMI|3.54|4+ Answer to question|C3838679|[fndg]|["4+"-tx-3-"4"-fraction-0]|TX|284/1|
00000000|MMI|3.54|Arterial system|C0226004|[bdsy]|["artery"-tx-8-"artery"-noun-0]|TX|867/6|
00000000|MMI|3.54|Entire aorta|C1278934|[bpoc]|["Aorta"-tx-24-"aorta"-noun-0]|TX|2893/5|
00000000|MMI|3.54|Incised wound|C0000925|[inpo]|["cuts"-tx-10-"cuts"-noun-0]|TX|1464/4|
00000000|MMI|3.54|Right|C0205090|[spco]|["RIGHT"-tx-8-"right"-noun-0]|TX|852/5|
00000000|MMI|3.54|Right sided|C0444532|[spco]|["Right"-tx-8-"right"-noun-0]|TX|852/5|
00000000|MMI|3.54|Circumflex|C1880089|[spco]|["Circumflex"-tx-8-"circumflex"-noun-0]|TX|1059/10|
00000000|MMI|3.54|Hydromorphone Hydrochloride 2 MG|C2740076|[clnd]|["Hydromorphone Hydrochloride 2 MG"-tx-41-"Dilaudid 2 mg"-noun-0]|TX|4468/13|
00000000|MMI|3.54|Ibuprofen 600 MG|C0986667|[clnd]|["Ibuprofen 600 MG"-tx-43-"Motrin 600 mg"-noun-0]|TX|4503/13|
00000000|MMI|3.53|Coronary Artery Right Dominance|C3275073|[fndg]|["RIGHT DOMINANT"-tx-8-"right dominant"-adj-0]|TX|1178/14|
00000000|MMI|3.50|Cardiologist|C0175906|[prog]|["Cardiologist"-tx-50-"cardiologist"-noun-0]|TX|4919/12|
00000000|MMI|3.50|Past|C1444637|[tmco]|["Past"-tx-10-"PAST"-adj-0]|TX|1343/4|
00000000|MMI|3.50|Registered nurse|C0687673|[prog]|["R.N."-tx-43-"r.n"-adj-0]|TX|4491/3|
00000000|MMI|3.48|+5|C0728893|[qnco]|["+5"-tx-40-"5"-integer-0]|TX|4459/1|
00000000|MMI|3.48|>5|C0439084|[qnco]|[">5"-tx-40-"5"-integer-0]|TX|4459/1|
00000000|MMI|3.48|Approximate|C0332232|[qlco]|["Approximately"-tx-10-"approximately"-adv-0]|TX|1497/13|
00000000|MMI|3.48|Character String Data Type|C3272372|[inpr]|["ST"-tx-30-"ST"-noun-0]|TX|3564/2|
00000000|MMI|3.48|Inferolateral|C1179866|[spco]|["Inferolateral"-tx-30-"inferolateral"-adj-0]|TX|3550/13|
00000000|MMI|3.48|Normal|C0205307|[qlco]|["Unremarkable"-tx-34-"unremarkable"-adj-0]|TX|3873/12|
00000000|MMI|3.48|Remaining|C1527428|[qlco]|["Remaining"-tx-45-"remaining"-noun-0]|TX|4528/9|
00000000|MMI|3.47|80%|C3842583|[fndg]|["80%"-tx-38-"80"-integer-0]|TX|4281/2|
00000000|MMI|3.47|P Blood group antibodies|C0369773|[aapp,imft]|["P NOS"-tx-43-"p"-adj-0]|TX|4489/1|
00000000|MMI|3.47|P prime|C2603361|[clna]|["P'"-tx-43-"p"-adj-0]|TX|4489/1|
00000000|MMI|3.46|100%|C3817553|[qnco]|["100%"-tx-45-"100"-integer-0]|TX|4624/3|
00000000|MMI|3.46|Coating (film)|C1522408|[qlco]|["Coated"-tx-40-"coated"-adj-0]|TX|4355/6|
00000000|MMI|3.46|Enteral|C1304890|[spco]|["Enteric"-tx-40-"enteric"-adj-0]|TX|4347/7|
00000000|MMI|3.46|Admission time|C3854259|[tmco]|["Admission time"-tx-12-"TIME ADMISSION"-noun-0]|TX|1844/4,1852/9|
00000000|MMI|3.46|Admission time:ClockTime:Pt:^Patient:Qn|C3854258|[clna]|["Admission time"-tx-12-"TIME ADMISSION"-noun-0]|TX|1844/4,1852/9|
00000000|MMI|3.45|Ophthalmology Visual Field measurements|C1315031|[diap]|["EYE.VISUAL_FIELD"-tx-10-"visual field eye"-noun-0]|TX|1451/12,1481/3|
00000000|MMI|3.45|Day 5|C3842674|[fndg]|["Day 5"-tx-34-"day 5"-noun-0]|TX|3962/3,3967/1|
00000000|MMI|3.45|Entire left upper arm|C1268256|[bpoc]|["Left arm"-tx-15-"left arm"-noun-0]|TX|2195/8|
00000000|MMI|3.45|H/O: hypertension|C0455527|[fndg]|["History of - hypertension"-tx-3-"history of hypertension"-noun-0]|TX|170/23|
00000000|MMI|3.45|Hypertension Adverse Event|C1963138|[fndg]|["Hypertension"-tx-10-"hypertension"-noun-0]|TX|1394/12|
00000000|MMI|3.45|Intravenous heparin|C0354566|[orch,phsu]|["Intravenous heparin"-tx-13-"intravenous heparin"-noun-0]|TX|1966/19|
00000000|MMI|3.45|Left upper arm structure|C0230347|[bpoc]|["Left Arm"-tx-15-"left arm"-noun-0]|TX|2195/8|
00000000|MMI|3.44|69|C0450388|[qnco]|["69"-tx-15-"69"-integer-0]|TX|2113/2|
00000000|MMI|3.44|Exertion|C0015264|[orgf]|["Exertion"-tx-5-"exertion"-noun-0]|TX|596/8|
00000000|MMI|3.44|Minimal|C0547040|[qlco]|["Minimal"-tx-5-"minimal"-adj-0]|TX|588/7|
00000000|MMI|3.44|Minimum|C1524031|[qlco]|["MINIMAL"-tx-5-"minimal"-adj-0]|TX|588/7|
00000000|MMI|3.44|Transfer Technique|C1705822|[ftcn]|["Transfer"-tx-30-"transfer"-noun-0]|TX|3623/8|
00000000|MMI|3.44|V4+|C2349104|[elii]|["V4+"-tx-3-"V4"-noun-0]|TX|347/2|
00000000|MMI|3.43|Entire right upper arm|C1268255|[bpoc]|["Right arm"-tx-15-"right arm"-noun-0]|TX|2152/9|
00000000|MMI|3.43|Right arm|C4048756|[bpoc]|["Right Arm"-tx-15-"right arm"-noun-0]|TX|2152/9|
00000000|MMI|3.43|Right upper arm structure|C0230346|[bpoc]|["Right arm"-tx-15-"right arm"-noun-0]|TX|2152/9|
00000000|MMI|3.43|55|C0450382|[inpr]|["55"-tx-31-"55"-percentage-0]|TX|3720/2|
00000000|MMI|3.43|Monthly (qualifier value)|C0332177|[tmco]|["/month"-tx-47-"month"-noun-0]|TX|4762/5|
00000000|MMI|3.43|Six|C0205452|[qnco]|["Six"-tx-50-"six"-word_numeral-0]|TX|4901/3|
00000000|MMI|3.43|month|C0439231|[tmco]|["MONTH"-tx-47-"month"-noun-0]|TX|4762/5|
00000000|MMI|3.43|per month (qualifier value)|C0439507|[tmco]|["/month"-tx-47-"month"-noun-0]|TX|4762/5|
00000000|MMI|3.43|week|C0439230|[tmco]|["WEEKS"-tx-50-"weeks"-noun-0]|TX|4905/5|
00000000|MMI|3.43|Ostium|C0444567|[bsoj]|["Ostium"-tx-8-"ostial"-adj-0]|TX|905/6|
00000000|MMI|3.43|3+ Answer to Question|C3838680|[fndg]|["3+"-tx-52-"3"-integer-0]|TX|4974/1|
00000000|MMI|3.43|3+ Score|C2827736|[qnco]|["3+"-tx-52-"3"-integer-0]|TX|4974/1|
00000000|MMI|3.43|3+ Score, WHO|C2981702|[clas]|["3+"-tx-52-"3"-integer-0]|TX|4974/1|
00000000|MMI|3.43|<3 (qualifier value)|C0439086|[qnco]|["<3"-tx-52-"3"-integer-0]|TX|4974/1|
00000000|MMI|3.43|ETS Variant Gene 6 Protein|C0254343|[aapp,bacs]|["TEL"-tx-52-"Tel"-noun-0]|TX|4992/3|
00000000|MMI|3.43|ETV6 gene|C0796520|[gngm]|["TEL"-tx-52-"Tel"-noun-0]|TX|4992/3|
00000000|MMI|3.43|Group Object|C1705428|[cnce]|["Group"-tx-47-"group"-noun-0]|TX|4813/5|
00000000|MMI|3.43|Groups|C0441833|[idcn]|["Group"-tx-47-"group"-noun-0]|TX|4813/5|
00000000|MMI|3.43|Social group|C0687744|[popg]|["group"-tx-47-"group"-noun-0]|TX|4813/5|
00000000|MMI|3.43|Specialty Group|C1552516|[hcro]|["Group"-tx-47-"group"-noun-0]|TX|4813/5|
00000000|MMI|3.43|Telecommunication Address Data Type|C3272379|[inpr]|["TEL"-tx-52-"Tel"-noun-0]|TX|4992/3|
00000000|MMI|3.43|User Group|C1705429|[popg]|["Group"-tx-47-"group"-noun-0]|TX|4813/5|
00000000|MMI|3.42|Entire radial artery|C1278948|[bpoc]|["Radial artery"-tx-24-"artery radial"-noun-0]|TX|2817/6,2870/6|
00000000|MMI|3.42|Left|C0205091|[spco]|["LEFT"-tx-10-"left"-noun-0]|TX|1476/4|
00000000|MMI|3.42|Left sided|C0443246|[spco]|["Left"-tx-10-"left"-noun-0]|TX|1476/4|
00000000|MMI|3.42|Table Cell Horizontal Align - left|C1552822|[ftcn]|["left"-tx-10-"left"-noun-0]|TX|1476/4|
00000000|MMI|3.42|Old|C0580836|[tmco]|["Old"-tx-3-"old"-noun-0]|TX|151/3|
00000000|MMI|3.42|Ramus Intermedius Artery|C3538818|[bpoc]|["RAMUS"-tx-8-"ramus"-noun-0]|TX|929/5|
00000000|MMI|3.42|Two|C0205448|[qnco]|["Two"-tx-7-"two"-noun-0]|TX|697/3|
00000000|MMI|3.42|per year|C0439508|[tmco]|["/Year"-tx-3-"year"-noun-0]|TX|146/4|
00000000|MMI|3.42|year|C0439234|[tmco]|["YEAR"-tx-3-"year"-noun-0]|TX|146/4|
00000000|MMI|3.42|% release (qualifier value)|C0439180|[qnco]|["% release"-tx-45-"release"-adj-0]|TX|4574/7|
00000000|MMI|3.42|Circumpennate|C0920847|[cnce]|["Radial"-tx-24-"radial"-adj-0]|TX|3118/6|
00000000|MMI|3.42|Discharge (release)|C0680255|[hlca]|["release"-tx-45-"release"-adj-0]|TX|4574/7|
00000000|MMI|3.42|Radial|C0442038|[cnce]|["Radial"-tx-24-"radial"-adj-0]|TX|3118/6|
00000000|MMI|3.42|Release (procedure)|C1963578|[topp]|["Release"-tx-45-"release"-adj-0]|TX|4574/7|
00000000|MMI|3.42|Release - action (qualifier value)|C1283071|[ftcn]|["Release"-tx-45-"release"-adj-0]|TX|4574/7|
00000000|MMI|3.42|Released (action)|C0391871|[ftcn]|["Release"-tx-45-"release"-adj-0]|TX|4574/7|
00000000|MMI|3.42|Slow|C0439834|[qlco]|["Slow"-tx-45-"slow"-adj-0]|TX|4569/4|
00000000|MMI|3.42|Sequential|C1705294|[qlco]|["Sequential"-tx-24-"sequential"-adj-0]|TX|