00000000|MMI|9.77|Cardiomyopathies|C0878544|[dsyn]|["CARDIOMYOPATHY"-tx-1-"CARDIOMYOPATHY"-noun-0]|TX|93/14|C14.280.238
00000000|MMI|7.29|Signature|C1519316|[inpr]|["Signed"-tx-1-"Signed"-noun-0]|TX|[110/6],[166/6]|
00000000|MMI|7.29|signed - ParticipationSignature|C1561610|[inpr]|["signed"-tx-1-"Signed"-noun-0]|TX|[110/6],[166/6]|
00000000|MMI|5.18|Congestive heart failure|C0018802|[dsyn]|["CONGESTIVE HEART FAILURE"-tx-1-"CONGESTIVE HEART FAILURE"-noun-0]|TX|66/24|
00000000|MMI|3.65|Admission date:Time Stamp -- Date and Time:Point in time:^Patient:Quantitative|C2598112|[clna]|["Admission date"-tx-1-"Admission Date"-noun-0]|TX|125/14|
00000000|MMI|3.65|Date of admission|C1302393|[tmco]|["Admission date"-tx-1-"Admission Date"-noun-0]|TX|125/14|
00000000|MMI|3.65|Report status|C0586177|[fndg]|["Report status"-tx-1-"Report Status"-noun-0]|TX|151/13|
00000000|MMI|3.64|11-12|C3843712|[fndg]|["11-12"-tx-1-"11 12"-fraction-0]|TX|41/2,52/2|
00000000|MMI|3.59|20%|C3842589|[fndg]|["20%"-tx-1-"20"-fraction-0]|TX|44/2|
00000000|MMI|3.59|Pyrexia of unknown origin (excl puerperal)|C0856281|[sosy]|["puo"-tx-1-"PUO"-noun-0]|TX|12/3|
00000000|MMI|3.46|+5|C0728893|[qnco]|["+5"-tx-1-"5"-fraction-0]|TX|141/1|
00000000|MMI|3.46|23|C0450348|[qnco]|["23"-tx-1-"23"-fraction-0]|TX|143/2|
00000000|MMI|3.46|>5|C0439084|[qnco]|[">5"-tx-1-"5"-fraction-0]|TX|141/1|
00000000|MMI|3.46|Diagnostic interview schedule|C0451119|[inpr]|["DIS"-tx-1-"DIS"-noun-0]|TX|119/3|
00000000|MMI|3.46|Discontinued|C1444662|[fndg]|["DIS"-tx-1-"DIS"-noun-0]|TX|119/3|
00000000|MMI|171.75|Togo|C0040363|[geoa]|["TO"-tx-53-"to"-adv-0,"TO"-tx-49-"to"-adv-0,"TO"-tx-47-"to"-adv-0,"TO"-tx-36-"to"-adv-0,"TO"-tx-30-"to"-adv-0,"TO"-tx-27-"to"-adv-0,"TO"-tx-22-"to"-adv-0,"TO"-tx-20-"to"-adv-0]|TX|[6175/2],[6279/2];[5884/2],[5904/2];5799/2;4931/2;4210/2;3896/2;3196/2;2884/2|Z01.058.290.190.800
00000000|MMI|171.75|Tryptophanase|C0041260|[aapp,enzy]|["TO"-tx-53-"to"-adv-0,"TO"-tx-49-"to"-adv-0,"TO"-tx-47-"to"-adv-0,"TO"-tx-36-"to"-adv-0,"TO"-tx-30-"to"-adv-0,"TO"-tx-27-"to"-adv-0,"TO"-tx-22-"to"-adv-0,"TO"-tx-20-"to"-adv-0]|TX|[6175/2],[6279/2];[5884/2],[5904/2];5799/2;4931/2;4210/2;3896/2;3196/2;2884/2|D08.811.520.224.800
00000000|MMI|124.01|Daily|C0332173|[tmco]|["/day"-tx-41-"day"-noun-0,"/day"-tx-37-"day"-noun-0,"/day"-tx-33-"day"-noun-0,"/day"-tx-27-"day"-noun-0,"Daily"-tx-24-"daily"-noun-0,"/day"-tx-23-"day"-noun-0,"/day"-tx-22-"day"-noun-0,"/day"-tx-20-"day"-noun-0,"/day"-tx-12-"day"-noun-0,"/day"-tx-9-"day"-noun-0]|TX|5509/3;5094/3;4535/3;4034/3;3542/5;[3386/3],[3440/3];3273/3;2799/3;2053/3;[1606/3],[1632/3],[1663/3],[1697/3],[1724/3]|
00000000|MMI|88.51|Treatment Protocols|C0040808|[topp]|["Regimen"-tx-49-"regimen"-noun-0,"Regimen"-tx-45-"regimen"-noun-0,"Regimen"-tx-41-"regimen"-noun-0,"Regimen"-tx-40-"regimen"-noun-0,"Regimen"-tx-32-"regimen"-noun-0,"Regimen"-tx-18-"regimen"-noun-0]|TX|5929/7;5640/7;5464/7;5385/7;4436/7;2589/7|E02.183;N05.715.360.775.225
00000000|MMI|86.29|Lasix|C0699992|[orch,phsu]|["Lasix"-tx-31-"Lasix"-noun-0,"Lasix"-tx-30-"Lasix"-noun-0,"Lasix"-tx-22-"Lasix"-noun-0,"Lasix"-tx-21-"Lasix"-noun-0]|TX|4344/5;4290/5;3129/5;[3026/5],[3089/5]|D02.065.884.725.300;D02.092.146.807.300;D02.886.590.700.725.300
00000000|MMI|84.91|Mongolia|C0026410|[geoa]|["MG"-tx-45-"mg"-noun-0,"MG"-tx-41-"mg"-noun-0,"MG"-tx-21-"mg"-noun-0,"MG"-tx-17-"mg"-noun-0,"MG"-tx-9-"mg"-noun-0]|TX|5630/2;5529/2;[3045/2],[3062/2],[3083/2];2530/2;1744/2|Z01.252.474.651
00000000|MMI|79.27|day|C0439228|[tmco]|["DAY"-tx-41-"day"-noun-0,"DAY"-tx-37-"day"-noun-0,"DAY"-tx-33-"day"-noun-0,"DAY"-tx-27-"day"-noun-0,"DAY"-tx-23-"day"-noun-0,"DAY"-tx-22-"day"-noun-0,"DAY"-tx-20-"day"-noun-0,"DAY"-tx-12-"day"-noun-0,"DAY"-tx-9-"day"-noun-0]|TX|5509/3;5094/3;4535/3;4034/3;[3386/3],[3440/3];3273/3;2799/3;2053/3;[1606/3],[1632/3],[1663/3],[1697/3],[1724/3]|
00000000|MMI|79.27|per day|C0439505|[tmco]|["/day"-tx-41-"day"-noun-0,"/day"-tx-37-"day"-noun-0,"/day"-tx-33-"day"-noun-0,"/day"-tx-27-"day"-noun-0,"/day"-tx-23-"day"-noun-0,"/day"-tx-22-"day"-noun-0,"/day"-tx-20-"day"-noun-0,"/day"-tx-12-"day"-noun-0,"/day"-tx-9-"day"-noun-0]|TX|5509/3;5094/3;4535/3;4034/3;[3386/3],[3440/3];3273/3;2799/3;2053/3;[1606/3],[1632/3],[1663/3],[1697/3],[1724/3]|
00000000|MMI|68.55|Patient Discharge|C0030685|[hlca]|["Discharge"-tx-41-"discharge"-noun-0,"Discharge"-tx-33-"discharge"-noun-0,"Discharge"-tx-27-"discharge"-noun-0,"Discharge"-tx-23-"discharge"-noun-0]|TX|5440/9;4542/9;4041/9;3447/9|E02.204.125;E02.760.400.610;N02.421.192.125;N02.421.585.400.610;N04.590.233.727.210.125
00000000|MMI|67.64|Diurese|C0719972|[orch,phsu]|["Diurese"-tx-33-"diurese"-verb-0,"Diurese"-tx-23-"diuresed"-verb-0,"Diurese"-tx-17-"diurese"-verb-0]|TX|4496/7;3395/8;2501/7|D02.886.590.700.135.261.476.716;D02.886.655.500.261.476.716;D03.438.174.261.476.716
00000000|MMI|59.22|Body Weight|C0005910|[orga]|["Weight"-tx-24-"weight"-noun-0,"Weight"-tx-22-"weight"-noun-0]|TX|3548/6;[3318/6],[3354/6]|C23.888.144;E01.370.600.115.100.160.120;E05.041.124.160.750;G07.100.100.160.120;G07.700.320.249.314.120
00000000|MMI|57.39|Iodides|C0021966|[inch]|["I-"-tx-41-"i"-adv-0,"I-"-tx-33-"I's"-noun-0,"I-"-tx-24-"I's"-noun-0,"I-"-tx-17-"i"-adv-0]|TX|5534/1;4558/3;3520/3;2535/1|D01.248.497.158.490;D01.475.410
00000000|MMI|50.58|Dopamine|C0013030|[bacs,orch,phsu]|["DOPAMINE"-tx-30-"dopamine"-noun-0,"DOPAMINE"-tx-22-"dopamine"-noun-0,"DOPAMINE"-tx-20-"dopamine"-noun-0]|TX|4261/8;3158/8;2904/8|D02.092.211.215.311.342;D02.092.311.342
00000000|MMI|45.78|torsemide|C0076840|[orch,phsu]|["TORSEMIDE"-tx-41-"torsemide"-noun-0,"TORSEMIDE"-tx-31-"torsemide"-noun-0,"TORSEMIDE"-tx-17-"torsemide"-noun-0,"TORSEMIDE"-tx-9-"torsemide"-noun-0]|TX|5515/9;4389/9;2516/9;1730/9|x.x.x.x
00000000|MMI|44.18|Heart failure|C0018801|[dsyn]|["Failure, Heart"-tx-40-"heart failure"-noun-0,"Failure, Heart"-tx-8-"heart failure"-noun-0,"Failure, Heart"-tx-7-"heart failure"-noun-0]|TX|[5326/13],[5371/13];[1153/13],[1266/13];746/13|C14.280.434
00000000|MMI|42.85|Creatinine|C0010294|[bacs,orch]|["CREATININE"-tx-34-"creatinine"-noun-0,"CREATININE"-tx-20-"creatinine"-noun-0,"CREATININE"-tx-8-"creatinine"-noun-0]|TX|4702/10;2764/10;1512/10|D03.383.129.308.207
00000000|MMI|42.72|Systemic arterial pressure|C1272641|[fndg]|["blood pressures"-tx-35-"blood pressures"-noun-0,"blood pressures"-tx-29-"blood pressures"-noun-0,"blood pressures"-tx-19-"blood pressures"-noun-0]|TX|4802/15;4100/15;2717/15|G09.330.380.076.347
00000000|MMI|40.87|To|C1883351|[qlco]|["To"-tx-53-"to"-adv-0,"To"-tx-49-"to"-adv-0,"To"-tx-47-"to"-adv-0,"To"-tx-36-"to"-adv-0,"To"-tx-30-"to"-adv-0,"To"-tx-27-"to"-adv-0,"To"-tx-22-"to"-adv-0,"To"-tx-20-"to"-adv-0]|TX|[6175/2],[6279/2];[5884/2],[5904/2];5799/2;4931/2;4210/2;3896/2;3196/2;2884/2|
00000000|MMI|36.46|Drinking function|C0684271|[orgf]|["Drinking"-tx-25-"drinking"-verb-0,"Drinking"-tx-8-"drinking"-verb-0]|TX|3658/8;851/8|G07.203.650.593.260.249;G07.700.620.260.249;G10.261.326.240.249
00000000|MMI|35.35|Alcohol consumption|C0001948|[inbe]|["Drinking"-tx-25-"drinking"-verb-0,"ALCOHOL USE"-tx-10-"alcohol use"-noun-0,"Drinking"-tx-8-"drinking"-verb-0]|TX|3658/8;1887/11;851/8|F01.145.317.269
00000000|MMI|26.66|Incision and drainage|C0152277|[topp]|["i d"-tx-43-"i.d"-adv-0,"i d"-tx-42-"i.d"-adv-0,"i d"-tx-41-"i.d"-adv-0,"i d"-tx-36-"i.d"-adv-0,"i d"-tx-35-"i.d"-adv-0,"i d"-tx-31-"i.d"-adv-0,"i d"-tx-28-"i.d"-adv-0,"i d"-tx-17-"i.d"-adv-0]|TX|5582/3;5559/3;5534/3;4973/3;4767/3;4405/3;4071/3;2535/3|
00000000|MMI|25.48|Smoking|C0037369|[inbe]|["SMOKING"-tx-49-"smoking"-noun-0,"SMOKING"-tx-10-"smoking"-verb-0]|TX|5892/7;1835/7|F01.145.958.500
00000000|MMI|24.92|Homo sapiens|C0086418|[humn]|["MAN"-tx-2-"man"-noun-0]|TX|104/3|B01.050.150.900.649.801.400.112.400.400
00000000|MMI|23.28|Entity Name Part Type - given|C1550718|[idcn]|["given"-tx-49-"given"-adj-0,"given"-tx-40-"given"-verb-0,"given"-tx-37-"given"-verb-0,"given"-tx-36-"Given"-verb-0,"given"-tx-8-"given"-verb-0]|TX|6029/5;5279/5;4984/5;4842/5;1359/5|
00000000|MMI|23.28|GIVEN|C1442162|[cnce]|["GIVEN"-tx-49-"given"-adj-0,"GIVEN"-tx-40-"given"-verb-0,"GIVEN"-tx-37-"given"-verb-0,"GIVEN"-tx-36-"Given"-verb-0,"GIVEN"-tx-8-"given"-verb-0]|TX|6029/5;5279/5;4984/5;4842/5;1359/5|
00000000|MMI|23.28|Give - dosing instruction imperative|C1947971|[ftcn]|["Given"-tx-49-"given"-adj-0,"Given"-tx-40-"given"-verb-0,"Given"-tx-37-"given"-verb-0,"Given"-tx-36-"Given"-verb-0,"Given"-tx-8-"given"-verb-0]|TX|6029/5;5279/5;4984/5;4842/5;1359/5|
00000000|MMI|23.28|Given name|C3244317|[inpr]|["given"-tx-49-"given"-adj-0,"given"-tx-40-"given"-verb-0,"given"-tx-37-"given"-verb-0,"given"-tx-36-"Given"-verb-0,"given"-tx-8-"given"-verb-0]|TX|6029/5;5279/5;4984/5;4842/5;1359/5|
00000000|MMI|22.96|Magnesium Cation|C2346927|[elii,phsu]|["Mg++"-tx-45-"mg"-noun-0,"Mg++"-tx-41-"mg"-noun-0,"Mg++"-tx-21-"mg"-noun-0,"Mg++"-tx-17-"mg"-noun-0,"Mg++"-tx-9-"mg"-noun-0]|TX|5630/2;5529/2;[3045/2],[3062/2],[3083/2];2530/2;1744/2|
00000000|MMI|22.96|Milligram percent|C1960952|[qnco]|["mg %"-tx-45-"mg"-noun-0,"mg %"-tx-41-"mg"-noun-0,"mg %"-tx-21-"mg"-noun-0,"mg %"-tx-17-"mg"-noun-0,"mg %"-tx-9-"mg"-noun-0]|TX|5630/2;5529/2;[3045/2],[3062/2],[3083/2];2530/2;1744/2|
00000000|MMI|22.96|mg/dL|C0439269|[qnco]|["mg%"-tx-45-"mg"-noun-0,"mg%"-tx-41-"mg"-noun-0,"mg%"-tx-21-"mg"-noun-0,"mg%"-tx-17-"mg"-noun-0,"mg%"-tx-9-"mg"-noun-0]|TX|5630/2;5529/2;[3045/2],[3062/2],[3083/2];2530/2;1744/2|
00000000|MMI|22.94|ECHO protocol|C0058928|[topp]|["ECHO"-tx-38-"echo"-noun-0,"ECHO"-tx-2-"echo"-noun-0]|TX|5102/4;354/4|x.x.x.x
00000000|MMI|22.76|Kyrgyzstan|C0022718|[geoa]|["KG"-tx-23-"kg"-noun-0,"KG"-tx-22-"kg"-noun-0]|TX|3496/2;3374/2|Z01.252.100.450;Z01.586.200.450;Z01.586.950.450
00000000|MMI|22.72|Physicians|C0031831|[prog]|["DR"-tx-47-"Dr"-noun-0,"Physicians"-tx-8-"physicians"-noun-0]|TX|5817/2;1173/10|M01.526.485.810;N02.360.810
00000000|MMI|20.88|Mother (person)|C0026591|[famg]|["Mother"-tx-11-"mother"-noun-0]|TX|1937/6|F01.829.263.500.320.200;I01.880.853.150.500.340.270;M01.620.630
00000000|MMI|19.52|Digoxin|C0012265|[orch,phsu]|["DIGOXIN"-tx-9-"digoxin"-noun-0]|TX|1703/7|D04.808.155.580.130.500.436;D04.808.155.580.130.688;D09.408.180.261.436
00000000|MMI|19.49|Hospital admission|C0184666|[hlca]|["Admission"-tx-30-"admission"-adj-0,"Admission"-tx-22-"admission"-noun-0,"Admission"-tx-20-"admission"-noun-0,"Admission"-tx-12-"admission"-noun-0,"admitted hospital"-tx-8-"admitted hospital"-noun-0,"admits"-tx-5-"admits"-verb-0]|TX|4168/9;3344/9;2806/9;2060/9;1205/8,1221/8;512/6|
00000000|MMI|19.37|Drinking Water|C0599638|[sbst]|["WATER"-tx-25-"water"-noun-0]|TX|3681/5|D01.045.250.875.300;D01.248.497.158.459.650.300;D01.650.550.925.199;G07.203.100.418;J02.200.418
00000000|MMI|19.27|Regimen - CHV concept|C2945654|[inpr]|["regimen"-tx-49-"regimen"-noun-0,"regimen"-tx-45-"regimen"-noun-0,"regimen"-tx-41-"regimen"-noun-0,"regimen"-tx-40-"regimen"-noun-0,"regimen"-tx-32-"regimen"-noun-0,"regimen"-tx-18-"regimen"-noun-0]|TX|5929/7;5640/7;5464/7;5385/7;4436/7;2589/7|
00000000|MMI|19.22|20%|C3842589|[fndg]|["20%"-tx-44-"20"-integer-0,"20%"-tx-38-"20"-percentage-0,"20%"-tx-37-"20"-integer-0,"20%"-tx-22-"20"-integer-0,"20%"-tx-21-"20"-integer-0,"20%"-tx-12-"20"-integer-0]|TX|5599/2;5155/2;5085/2;3143/2;3059/2;2111/2|
00000000|MMI|18.36|Point|C3714763|[spco]|["Point"-tx-40-"point"-noun-0,"Point"-tx-27-"point"-noun-0,"Point"-tx-23-"point"-verb-0,"Point"-tx-20-"point"-verb-0]|TX|5407/5;3966/5;3468/5;2865/5|
00000000|MMI|18.36|Point Name|C2347617|[qnco]|["point"-tx-40-"point"-noun-0,"point"-tx-27-"point"-noun-0,"point"-tx-23-"point"-verb-0,"point"-tx-20-"point"-verb-0]|TX|5407/5;3966/5;3468/5;2865/5|
00000000|MMI|18.36|point - UnitsOfMeasure|C1552961|[qnco]|["POINT"-tx-40-"point"-noun-0,"POINT"-tx-27-"point"-noun-0,"POINT"-tx-23-"point"-verb-0,"POINT"-tx-20-"point"-verb-0]|TX|5407/5;3966/5;3468/5;2865/5|
00000000|MMI|18.15|Brothers|C0337527|[famg]|["Brother"-tx-11-"brother"-noun-0]|TX|1950/7|F01.829.263.500.490;I01.880.853.150.500.505;M01.781
00000000|MMI|18.15|Isordil|C0590720|[orch,phsu]|["Isordil"-tx-19-"Isordil"-noun-0]|TX|2671/7|D02.033.800.813.480.500;D09.853.813.480.500
00000000|MMI|18.15|Medication Nonadherence|C0746935|[fndg]|["medications noncompliance"-tx-7-"medications noncompliance"-noun-0]|TX|709/25|F01.145.488.500.500;N05.300.150.600.600.500
00000000|MMI|17.95|Time|C0040223|[tmco]|["TIME"-tx-49-"time"-noun-0,"times"-tx-9-"times"-noun-0,"times"-tx-8-"times"-noun-0]|TX|6005/4;1689/5;1550/5|G01.910
00000000|MMI|17.90|Patient Monitoring|C0030695|[hlca]|["monitor"-tx-28-"monitored"-verb-0,"monitor"-tx-24-"monitored"-verb-0]|TX|4055/9;3503/9|E01.370.520
00000000|MMI|17.47|Physical Examination|C0031809|[hlca]|["PHYSICAL EXAMINATION"-tx-12-"PHYSICAL EXAMINATION"-noun-0,"PHYSICAL EXAMINATION"-tx-12-"physical examination"-noun-0]|TX|2024/20;2127/20|E01.370.600
00000000|MMI|17.23|Abdomen|C0000726|[blor]|["ABDOMEN"-tx-15-"abdomen"-noun-0,"Abdominal"-tx-8-"abdominal"-noun-0]|TX|2302/7;1080/9|A01.923.047
00000000|MMI|16.81|Angiotensin-Converting Enzyme Inhibitors|C0003015|[phsu]|["ACE Inhibitor"-tx-19-"ACE inhibitor"-noun-0]|TX|2683/13|D27.505.519.389.745.085
00000000|MMI|16.79|Chronic Kidney Diseases|C1561643|[dsyn]|["Chronic Renal Insufficiency"-tx-8-"chronic renal insufficiency"-noun-0]|TX|1475/27|C12.777.419.780.750;C13.351.968.419.780.750
00000000|MMI|16.79|Chronic Kidney Insufficiency|C0403447|[dsyn]|["Chronic Renal Insufficiency"-tx-8-"chronic renal insufficiency"-noun-0]|TX|1475/27|C12.777.419.780.750;C13.351.968.419.780.750
00000000|MMI|16.75|Weaning|C0043084|[fndg]|["Weaned"-tx-30-"weaned"-verb-0]|TX|4246/6|G07.203.650.220.500.750;G07.203.650.593.762;G07.700.620.762
00000000|MMI|16.63|Water|C0043047|[inch,phsu]|["WATER"-tx-25-"water"-noun-0]|TX|3681/5|D01.045.250.875;D01.248.497.158.459.650;D01.650.550.925;x.x.x.x
00000000|MMI|15.87|/hour|C0564385|[qnco]|["/hour"-tx-22-"hour"-noun-0,"/hour"-tx-21-"hour"-noun-0,"/hour"-tx-20-"hour"-noun-0]|TX|[3149/4],[3180/4];[3051/4],[3068/4];2932/4|
00000000|MMI|15.87|Hour|C0439227|[tmco]|["HOUR"-tx-22-"hour"-noun-0,"HOUR"-tx-21-"hour"-noun-0,"HOUR"-tx-20-"hour"-noun-0]|TX|[3149/4],[3180/4];[3051/4],[3068/4];2932/4|
00000000|MMI|15.84|Congestive heart failure|C0018802|[dsyn]|["Heart Failure"-tx-40-"heart failure"-noun-0,"Heart Failure"-tx-8-"heart failure"-noun-0,"Heart Failure"-tx-7-"heart failure"-noun-0]|TX|[5326/13],[5371/13];[1153/13],[1266/13];746/13|
00000000|MMI|15.70|+2|C0740116|[qnco]|["+2"-tx-33-"2"-integer-0,"+2"-tx-27-"2"-integer-0,"+2"-tx-20-"2"-real_number-0,"+2"-tx-14-"2"-fraction-0]|TX|4641/1;3935/1;[2779/1],[2825/1];2277/1|
00000000|MMI|15.70|2+|C3833492|[fndg]|["2+"-tx-33-"2"-integer-0,"2+"-tx-27-"2"-integer-0,"2+"-tx-20-"2"-real_number-0,"2+"-tx-14-"2"-fraction-0]|TX|4641/1;3935/1;[2779/1],[2825/1];2277/1|
00000000|MMI|15.70|2+ Score|C2827735|[qnco]|["2+"-tx-33-"2"-integer-0,"2+"-tx-27-"2"-integer-0,"2+"-tx-20-"2"-real_number-0,"2+"-tx-14-"2"-fraction-0]|TX|4641/1;3935/1;[2779/1],[2825/1];2277/1|
00000000|MMI|15.70|2+ Score, WHO|C2981700|[clas]|["2+"-tx-33-"2"-integer-0,"2+"-tx-27-"2"-integer-0,"2+"-tx-20-"2"-real_number-0,"2+"-tx-14-"2"-fraction-0]|TX|4641/1;3935/1;[2779/1],[2825/1];2277/1|
00000000|MMI|15.42|Chest Pain|C0008031|[sosy]|["CHEST PAIN"-tx-6-"chest pain"-noun-1]|TX|610/10|C10.597.617.192;C23.888.592.612.233
00000000|MMI|15.42|Dizziness|C0012833|[sosy]|["Lightheadedness"-tx-53-"lightheadedness"-noun-1]|TX|6245/15|C10.597.751.237;C23.888.592.763.237
00000000|MMI|15.42|Lightheadedness|C0220870|[sosy]|["LIGHTHEADEDNESS"-tx-53-"lightheadedness"-noun-1]|TX|6245/15|C10.597.751.237;C23.888.592.763.237
00000000|MMI|15.42|Metolazone|C0025854|[orch,phsu]|["METOLAZONE"-tx-9-"metolazone"-noun-0]|TX|1759/10|D02.065.884.600;D02.886.590.700.600;D03.438.786.830.688
00000000|MMI|15.42|Patient Non-Compliance|C0376405|[fndg]|["Noncompliance"-tx-8-"noncompliance"-noun-0]|TX|1369/13|F01.145.488.500;N05.300.150.600.600
00000000|MMI|15.42|Sleeplessness|C0917801|[sosy]|["INSOMNIA"-tx-46-"insomnia"-noun-0]|TX|5735/8|C10.886.425.800.800;F03.870.400.800.800
00000000|MMI|14.18|Kidney Failure|C0035078|[dsyn]|["Renal Insufficiency"-tx-37-"renal insufficiency"-noun-0]|TX|5005/19|C12.777.419.780;C13.351.968.419.780
00000000|MMI|14.18|Renal Insufficiency|C1565489|[dsyn]|["RENAL INSUFFICIENCY"-tx-37-"renal insufficiency"-noun-0]|TX|5005/19|C12.777.419.780;C13.351.968.419.780
00000000|MMI|13.94|Eating|C0013470|[orgf]|["Eating"-tx-8-"eating"-noun-0]|TX|814/6|G07.203.650.593.260;G07.700.620.260;G10.261.326.240
00000000|MMI|13.92|Ivory Coast|C0022326|[geoa]|["IV"-tx-17-"IV"-noun-0]|TX|2513/2|Z01.058.290.190.272
00000000|MMI|13.92|Zaroxolyn|C0701383|[orch,phsu]|["Zaroxolyn"-tx-18-"Zaroxolyn"-noun-0]|TX|2634/9|D02.065.884.600;D02.886.590.700.600;D03.438.786.830.688
00000000|MMI|13.90|Dominican Republic|C0013014|[geoa]|["DR"-tx-47-"Dr"-noun-0]|TX|5817/2|Z01.107.084.900.300;Z01.639.880.300
00000000|MMI|13.90|Natriuresis|C0027477|[ortf]|["Natriuresis"-tx-26-"natriuresis"-noun-0]|TX|3743/11|G08.852.796.241.557
00000000|MMI|13.89|Folate|C0178638|[orch,phsu,vita]|["Folate"-tx-45-"folate"-noun-0]|TX|5621/6|D03.438.733.631.400
00000000|MMI|13.28|Negation|C1518422|[ftcn]|["Not"-tx-49-"not"-adv-0,"Not"-tx-39-"not"-adv-0,"Not"-tx-18-"not"-adv-0,"Not"-tx-8-"not"-adv-0]|TX|6018/3;5179/3;2557/3;921/3|
00000000|MMI|12.93|Negative|C0205160|[qlco]|["Negative"-tx-33-"negative"-noun-0,"Negative"-tx-22-"negative"-noun-0,"Negative"-tx-21-"negative"-noun-0]|TX|[4596/8],[4650/8];3279/8;2987/8|
00000000|MMI|12.93|Negative - answer|C3853545|[qlco]|["Negative"-tx-33-"negative"-noun-0,"Negative"-tx-22-"negative"-noun-0,"Negative"-tx-21-"negative"-noun-0]|TX|[4596/8],[4650/8];3279/8;2987/8|
00000000|MMI|12.93|Negative Charge|C2825491|[qlco]|["Negative"-tx-33-"negative"-noun-0,"Negative"-tx-22-"negative"-noun-0,"Negative"-tx-21-"negative"-noun-0]|TX|[4596/8],[4650/8];3279/8;2987/8|
00000000|MMI|12.93|Negative Finding|C1513916|[fndg]|["NEGATIVE"-tx-33-"negative"-noun-0,"NEGATIVE"-tx-22-"negative"-noun-0,"NEGATIVE"-tx-21-"negative"-noun-0]|TX|[4596/8],[4650/8];3279/8;2987/8|
00000000|MMI|12.93|Negative Number|C2825415|[cnce]|["Negative"-tx-33-"negative"-noun-0,"Negative"-tx-22-"negative"-noun-0,"Negative"-tx-21-"negative"-noun-0]|TX|[4596/8],[4650/8];3279/8;2987/8|
00000000|MMI|12.69|Abdominal Cavity|C0230168|[blor]|["Abdomen"-tx-15-"abdomen"-noun-0]|TX|2302/7|A01.923.047.025
00000000|MMI|12.69|Ability|C0085732|[orga]|["Able"-tx-53-"able"-adj-0]|TX|6170/4|F02.784.629.131
00000000|MMI|12.69|BaseLine dental cement|C0168634|[bodm]|["baseline"-tx-4-"baseline"-noun-0]|TX|418/8|x.x.x.x
00000000|MMI|12.69|Desiccation|C0011682|[npop]|["Dry"-tx-8-"dry"-adj-0]|TX|910/3|E05.196.335;G02.149.767.530;G02.842.750.530
00000000|MMI|12.69|Infantile Neuroaxonal Dystrophy|C0270724|[dsyn]|["PLAN"-tx-47-"plan"-noun-0]|TX|5794/4|C10.228.140.744
00000000|MMI|12.69|Needs|C0027552|[qlco]|["Need"-tx-27-"need"-noun-0]|TX|3891/4|N03.349.380.420;N05.300.450
00000000|MMI|12.69|Paraguay|C0030428|[geoa]|["PA"-tx-2-"PA"-noun-0]|TX|305/2|Z01.107.757.656
00000000|MMI|12.69|Potassium|C0032821|[elii]|["POTASSIUM"-tx-36-"potassium"-noun-0]|TX|4852/9|D01.268.549.550;D01.268.557.575;D01.552.528.652;D01.552.547.650;x.x.x.x
00000000|MMI|12.69|Tricuspid Valve Insufficiency|C0040961|[dsyn]|["Regurgitation, Tricuspid"-tx-2-"tricuspid regurgitation"-noun-0]|TX|275/23|C14.280.484.856
00000000|MMI|12.68|Blood group antibody I|C0221138|[aapp,imft]|["I NOS"-tx-41-"i"-adv-0,"I NOS"-tx-33-"I's"-noun-0,"I NOS"-tx-24-"I's"-noun-0,"I NOS"-tx-17-"i"-adv-0]|TX|5534/1;4558/3;3520/3;2535/1|
00000000|MMI|12.66|Body Fluid Discharge|C0012621|[bdsu]|["Discharge"-tx-41-"discharge"-noun-0,"Discharge"-tx-33-"discharge"-noun-0,"Discharge"-tx-27-"discharge"-noun-0,"Discharge"-tx-23-"discharge"-noun-0]|TX|5440/9;4542/9;4041/9;3447/9|
00000000|MMI|12.66|Discharge, body substance|C2926602|[bdsu]|["Discharge"-tx-41-"discharge"-noun-0,"Discharge"-tx-33-"discharge"-noun-0,"Discharge"-tx-27-"discharge"-noun-0,"Discharge"-tx-23-"discharge"-noun-0]|TX|5440/9;4542/9;4041/9;3447/9|
00000000|MMI|12.35|Admission activity|C0809949|[hlca]|["Admission"-tx-30-"admission"-adj-0,"Admission"-tx-22-"admission"-noun-0,"Admission"-tx-20-"admission"-noun-0,"Admission"-tx-12-"admission"-noun-0]|TX|4168/9;3344/9;2806/9;2060/9|
00000000|MMI|11.45|Mitral Valve Insufficiency|C0026266|[patf]|["MITRAL REGURGITATION"-tx-2-"mitral regurgitation"-noun-0]|TX|252/20|C14.280.484.461
00000000|MMI|11.39|Exercise Tolerance|C0162521|[clna]|["Exercise Tolerance"-tx-4-"exercise tolerance"-noun-0]|TX|452/18|G11.427.680.270
00000000|MMI|11.39|Systolic Murmurs|C0232257|[fndg]|["Systolic Murmur"-tx-14-"systolic murmur"-noun-0]|TX|2281/15|C23.888.447.500
00000000|MMI|11.30|Dyspnea|C0013404|[sosy]|["SHORTNESS OF BREATH"-tx-53-"of shortness breath"-noun-1]|TX|6219/12,6235/6|C08.618.326;C23.888.852.371
00000000|MMI|11.27|Sodium|C0037473|[bacs,elii]|["SODIUM"-tx-26-"sodium"-noun-0]|TX|3823/6|D01.268.549.750;D01.268.557.650;D01.552.528.850;D01.552.547.725;x.x.x.x
00000000|MMI|11.27|Hyponatremia|C0020625|[dsyn]|["HYPONATREMIA"-tx-26-"hyponatremia"-noun-0]|TX|3792/12|C18.452.950.620
00000000|MMI|11.23|Heart Transplantation|C0018823|[topp]|["Heart Transplant"-tx-49-"heart transplant"-noun-0]|TX|5958/16|E04.100.376.475;E04.928.220.390;E04.936.450.475
00000000|MMI|11.17|Diuresis|C0012797|[ortf]|["Diuresis"-tx-25-"diuresis"-noun-0]|TX|3581/8|G08.852.796.241
00000000|MMI|11.16|Family|C0015576|[famg]|["Familial"-tx-2-"familial"-adj-0]|TX|128/8|F01.829.263;I01.880.853.150
00000000|MMI|10.29|Orthopnea|C0085619|[sosy]|["Orthopnoea"-tx-52-"orthopnea"-noun-1,"Orthopnoea"-tx-8-"orthopnea"-noun-0,"Orthopnoea"-tx-5-"orthopnea"-noun-0]|TX|6153/9;1036/9;554/9|
00000000|MMI|10.19|Continuous|C0549178|[idcn]|["Continued"-tx-33-"continued"-verb-0,"Continued"-tx-30-"continued"-verb-0]|TX|4483/9;[4200/9],[4276/9]|
00000000|MMI|10.06|Decreasing|C0442797|[qlco]|["decreased"-tx-37-"decreased"-verb-0,"decreased"-tx-30-"decreased"-verb-0,"Decreasing"-tx-25-"decreasing"-verb-0]|TX|5035/9;4141/9;3615/10|
00000000|MMI|9.99|Increase|C0442805|[ftcn]|["Increase"-tx-36-"increase"-verb-0,"Increased"-tx-21-"increased"-verb-0,"Increase"-tx-8-"increase"-noun-0]|TX|4934/8;3012/9;1068/8|
00000000|MMI|9.95|Cardiomyopathies|C0878544|[dsyn]|["CARDIOMYOPATHY"-tx-8-"cardiomyopathy"-noun-0]|TX|1457/14|C14.280.238
00000000|MMI|9.95|Overall|C1561607|[qlco]|["Overall"-tx-50-"Overall"-adv-0]|TX|6063/7|V02.270.500;V02.672
00000000|MMI|9.95|Overall Publication Type|C0282416|[inpr]|["Overall"-tx-50-"Overall"-adv-0]|TX|6063/7|V02.270.500;V02.672
00000000|MMI|9.95|Symptoms|C1457887|[sosy]|["SYMPTOMS"-tx-53-"symptoms"-noun-1,"SYMPTOMS"-tx-51-"symptoms"-noun-0,"SYMPTOMS"-tx-8-"symptoms"-noun-0]|TX|6210/8;6100/8;1114/8|
00000000|MMI|9.95|Symptoms aspect|C0683368|[ftcn]|["symptoms"-tx-53-"symptoms"-noun-0,"symptoms"-tx-51-"symptoms"-noun-0,"symptoms"-tx-8-"symptoms"-noun-0]|TX|6210/8;6100/8;1114/8|
00000000|MMI|9.87|Registered nurse|C0687673|[prog]|["R.N."-tx-46-"r.n"-adj-0,"R.N."-tx-18-"r.n"-adj-0,"R.N."-tx-9-"r.n"-adj-0]|TX|5726/3;2646/3;1772/3|
00000000|MMI|9.81|Urine volume finding|C1287298|[fndg]|["Urine output"-tx-30-"urine output"-noun-0,"Urine output"-tx-22-"urine output"-noun-0,"Urine output"-tx-21-"urine output"-noun-0]|TX|4223/12;3228/12;2952/12|
00000000|MMI|9.81|Urine volume function|C0232856|[clna]|["urine output"-tx-30-"urine output"-noun-0,"urine output"-tx-22-"urine output"-noun-0,"urine output"-tx-21-"urine output"-noun-0]|TX|4223/12;3228/12;2952/12|
00000000|MMI|9.67|Creatinine finding|C1561535|[fndg]|["Creatinine"-tx-34-"creatinine"-noun-0,"Creatinine"-tx-20-"creatinine"-noun-0,"Creatinine"-tx-8-"creatinine"-noun-0]|TX|4702/10;2764/10;1512/10|
00000000|MMI|9.57|Then|C1883708|[tmco]|["Then"-tx-33-"then"-adv-0,"Then"-tx-31-"then"-adv-0,"Next"-tx-20-"next"-adj-0]|TX|4523/4;4322/4;2794/4|
00000000|MMI|9.55|P Blood group antibodies|C0369773|[aapp,imft]|["P NOS"-tx-46-"p"-adj-0,"P NOS"-tx-18-"p"-adj-0,"P NOS"-tx-9-"p"-adj-0]|TX|5724/1;2644/1;1770/1|
00000000|MMI|9.55|P prime|C2603361|[clna]|["P'"-tx-46-"p"-adj-0,"P'"-tx-18-"p"-adj-0,"P'"-tx-9-"p"-adj-0]|TX|5724/1;2644/1;1770/1|
00000000|MMI|9.46|Patient Condition Code - Stable|C1547311|[inpr]|["Stable"-tx-35-"stable"-adj-0,"Stable"-tx-34-"stable"-adj-0,"Stable"-tx-29-"stable"-adj-0]|TX|4823/6;4717/6;4125/6|
00000000|MMI|9.46|Stable status|C0205360|[qlco]|["STABLE"-tx-35-"stable"-adj-0,"STABLE"-tx-34-"stable"-adj-0,"STABLE"-tx-29-"stable"-adj-0]|TX|4823/6;4717/6;4125/6|
00000000|MMI|9.46|Importance Weight|C1705104|[idcn]|["Weight"-tx-24-"weight"-noun-0,"Weight"-tx-22-"weight"-noun-0]|TX|3548/6;[3318/6],[3354/6]|
00000000|MMI|9.46|Weighing patient|C1305866|[diap]|["weight"-tx-24-"weight"-noun-0,"weight"-tx-22-"weight"-noun-0]|TX|3548/6;[3318/6],[3354/6]|
00000000|MMI|9.46|Weight|C0043100|[qnco]|["WEIGHT"-tx-24-"weight"-noun-0,"WEIGHT"-tx-22-"weight"-noun-0]|TX|3548/6;[3318/6],[3354/6]|
00000000|MMI|9.41|Spironolactone 25 MG|C0990353|[clnd]|["Spironolactone 25 MG"-tx-42-"Aldactone 25 mg"-noun-0,"Spironolactone 25 MG"-tx-36-"Aldactone 25 mg"-noun-0,"Spironolactone 25 MG"-tx-9-"Aldactone 25 mg"-noun-0]|TX|5541/15;4947/9,4965/5;1583/15|
00000000|MMI|9.29|mEq|C0439152|[qnco]|["mEq"-tx-44-"mEq"-noun-0,"mEq"-tx-37-"mEq"-noun-0,"mEq"-tx-9-"mEq"-noun-0]|TX|5602/3;5072/3;1621/3|
00000000|MMI|9.29|Most|C0205393|[qnco]|["Much"-tx-53-"much"-adv-0,"Mostly"-tx-25-"mostly"-adv-0,"Most"-tx-8-"most"-adv-0]|TX|6192/4;3626/6;1052/4|
00000000|MMI|9.26|Concept model range (foundation metadata concept)|C3542016|[inpr]|["Range"-tx-36-"range"-noun-0,"Range"-tx-12-"range"-noun-0,"Range"-tx-8-"ranging"-noun-0]|TX|4912/5;2114/5;1523/7|
00000000|MMI|9.26|Range|C1514721|[qnco]|["Range"-tx-36-"range"-noun-0,"Range"-tx-12-"range"-noun-0,"Range"-tx-8-"ranging"-noun-0]|TX|4912/5;2114/5;1523/7|
00000000|MMI|9.26|Sample Range|C2348147|[qnco]|["Range"-tx-36-"range"-noun-0,"Range"-tx-12-"range"-noun-0,"Range"-tx-8-"ranging"-noun-0]|TX|4912/5;2114/5;1523/7|
00000000|MMI|9.25|K-Dur|C0306511|[inch,phsu]|["K-Dur"-tx-44-"K-Dur"-noun-0,"K-Dur"-tx-37-"K-Dur"-noun-0,"K-Dur"-tx-9-"K-Dur"-noun-0]|TX|5593/5;5058/5;1612/5|
00000000|MMI|9.09|Good|C0205170|[qlco]|["Good"-tx-49-"good"-adj-0,"Good"-tx-30-"good"-adj-0,"Well"-tx-18-"well"-adv-0]|TX|5953/4;4218/4;2569/4|
00000000|MMI|9.02|Geographic state|C1301808|[geoa]|["states"-tx-51-"states"-verb-0,"states"-tx-8-"states"-verb-0]|TX|6084/6;790/6|
00000000|MMI|9.02|Medical Device Emits Smoke|C1881674|[phpr]|["Smoking"-tx-49-"smoking"-noun-0,"Smoking"-tx-10-"smoking"-verb-0]|TX|5892/7;1835/7|
00000000|MMI|9.02|O NOS Ab|C0483204|[aapp,imft]|["O NOS"-tx-33-"O's"-noun-0,"O NOS"-tx-24-"O's"-noun-0]|TX|4566/3;3528/3|
00000000|MMI|9.02|On admission|C0457453|[tmco]|["On admission"-tx-20-"On admission"-adj-0,"On admission"-tx-9-"ON ADMISSION"-adj-0]|TX|2745/12;1569/12|
00000000|MMI|9.02|State|C1442792|[ftcn]|["State"-tx-51-"states"-verb-0,"State"-tx-8-"states"-verb-0]|TX|6084/6;790/6|
00000000|MMI|9.02|Tobacco smoking behavior|C0453996|[inbe]|["Smoking"-tx-49-"smoking"-noun-0,"Smoking"-tx-10-"smoking"-verb-0]|TX|5892/7;1835/7|
00000000|MMI|9.02|US State|C3148680|[geoa]|["State"-tx-51-"states"-verb-0,"State"-tx-8-"states"-verb-0]|TX|6084/6;790/6|
00000000|MMI|8.62|Hypotension|C0020649|[fndg]|["low blood pressures"-tx-20-"low blood pressures"-noun-0]|TX|2834/19|C14.907.514
00000000|MMI|8.61|Hypertrophy|C0020564|[patf]|["Enlargement"-tx-2-"enlargement"-noun-0]|TX|231/11|C23.300.775
00000000|MMI|8.57|Ascites|C0003962|[fndg]|["ASCITES"-tx-15-"ascites"-noun-0]|TX|2354/7|C23.550.081
00000000|MMI|8.53|Disease Management|C0376636|[hlca]|["management"-tx-8-"management"-noun-0]|TX|1234/10|N04.590.607
00000000|MMI|8.53|Males|C0086582|[orga]|["MAN"-tx-2-"man"-noun-0]|TX|104/3|x.x.x
00000000|MMI|8.45|Back|C0004600|[blor]|["BACK"-tx-31-"back"-adj-0]|TX|4376/4|A01.923.176
00000000|MMI|8.45|Edema|C0013604|[fndg]|["OEDEMA"-tx-16-"edema"-noun-1]|TX|2421/5|C23.888.277
00000000|MMI|8.44|Ambulatory Care Facilities|C0002424|[hcro,mnob]|["Clinic"-tx-48-"Clinic"-noun-0]|TX|5840/6|N02.278.035
00000000|MMI|8.44|Thyroid Gland|C0040132|[bpoc]|["Thyroid, NOS"-tx-48-"Thyroid"-noun-0]|TX|5832/7|A06.407.900
00000000|MMI|8.43|Cigarette|C0677453|[mnob]|["Cigarettes"-tx-10-"cigarettes"-noun-0]|TX|1863/10|J01.637.836
00000000|MMI|7.22|Emotions|C0013987|[menp]|["feeling"-tx-8-"feeling"-verb-0]|TX|902/7|F01.470
00000000|MMI|7.22|Feelings|C1527305|[menp]|["Feeling"-tx-8-"feeling"-verb-0]|TX|902/7|F01.470
00000000|MMI|7.22|Limb structure|C0015385|[bpoc]|["Extremities"-tx-16-"extremities"-noun-0]|TX|2391/11|A01.378
00000000|MMI|7.17|Beginning|C0439659|[tmco]|["Begin"-tx-22-"began"-verb-0,"Start"-tx-20-"start"-verb-0]|TX|3190/5;2887/5|
00000000|MMI|7.17|Take|C1515187|[hlca]|["Take"-tx-46-"takes"-verb-0,"Take"-tx-8-"taking"-verb-0]|TX|5702/5;932/6|
00000000|MMI|6.92|Biomedical Monitors|C0181904|[medd]|["Monitor"-tx-28-"monitored"-verb-0,"Monitor"-tx-24-"monitored"-verb-0]|TX|4055/9;3503/9|
00000000|MMI|6.92|Monitor Device Component|C1704646|[mnob]|["Monitor"-tx-28-"monitored"-verb-0,"Monitor"-tx-24-"monitored"-verb-0]|TX|4055/9;3503/9|
00000000|MMI|6.92|Monitor, occupation|C1521743|[prog]|["Monitor"-tx-28-"monitored"-verb-0,"Monitor"-tx-24-"monitored"-verb-0]|TX|4055/9;3503/9|
00000000|MMI|6.92|Monitoring Device|C0596972|[medd]|["Monitor"-tx-28-"monitored"-verb-0,"Monitor"-tx-24-"monitored"-verb-0]|TX|4055/9;3503/9|
00000000|MMI|6.92|Preventive monitoring|C0150369|[hlca]|["monitor"-tx-28-"monitored"-verb-0,"monitor"-tx-24-"monitored"-verb-0]|TX|4055/9;3503/9|
00000000|MMI|6.66|MRC1 gene|C1417249|[gngm]|["MR"-tx-50-"Mr"-noun-0,"MR"-tx-38-"MR"-noun-0]|TX|6073/2;5166/2|
00000000|MMI|6.66|Medications:-:Point in time:^Patient:-|C2598133|[clna]|["Medications"-tx-9-"MEDICATIONS"-noun-0,"Medications"-tx-8-"medications"-noun-0]|TX|1557/11;943/11|
00000000|MMI|6.66|Medications:Presence or Identity:Duration of the study:^Patient:Nominal|C0802604|[clna]|["Medications"-tx-9-"MEDICATIONS"-noun-0,"Medications"-tx-8-"medications"-noun-0]|TX|1557/11;943/11|
00000000|MMI|6.66|Minor Response|C4050513|[fndg]|["MR"-tx-50-"Mr"-noun-0,"MR"-tx-38-"MR"-noun-0]|TX|6073/2;5166/2|
00000000|MMI|6.66|Mr. - Title|C2347167|[cnce]|["Mr."-tx-50-"Mr"-noun-0,"Mr."-tx-38-"MR"-noun-0]|TX|6073/2;5166/2|
00000000|MMI|6.66|Pharmaceutical Preparations|C0013227|[phsu]|["Medications"-tx-9-"MEDICATIONS"-noun-0,"Medications"-tx-8-"medications"-noun-0]|TX|1557/11;943/11|D26
00000000|MMI|6.53|Times|C1632851|[qnco]|["Times"-tx-9-"times"-noun-0,"Times"-tx-8-"times"-noun-0]|TX|1689/5;1550/5|
00000000|MMI|6.51|Decreased|C0205216|[qnco]|["Decreased"-tx-37-"decreased"-verb-0,"Decreased"-tx-30-"decreased"-verb-0]|TX|5035/9;4141/9|
00000000|MMI|6.51|Reduced|C0392756|[qlco]|["Decreased"-tx-37-"decreased"-verb-0,"Decreased"-tx-30-"decreased"-verb-0]|TX|5035/9;4141/9|
00000000|MMI|6.50|Finding of sodium level|C0428291|[lbtr]|["levels sodium"-tx-27-"sodium levels"-noun-0,"Sodium level"-tx-25-"sodium levels"-noun-1]|TX|3978/13;3596/13|
00000000|MMI|6.48|Echo (insect)|C1655045|[euka]|["Echo"-tx-38-"echo"-noun-0,"Echo"-tx-2-"echo"-noun-0]|TX|5102/4;354/4|
00000000|MMI|6.48|Very good|C3641222|[qlco]|["Very Good"-tx-40-"very good"-adj-0,"Very Good"-tx-22-"very good"-adj-0]|TX|5361/9;3204/9|
00000000|MMI|6.46|Current (present time)|C0521116|[tmco]|["CURRENT"-tx-49-"current"-adj-0,"Currently"-tx-8-"Currently"-adv-0]|TX|5997/7;775/9|
00000000|MMI|6.44|Further|C1517331|[spco]|["Further"-tx-26-"further"-adj-0,"Further"-tx-21-"further"-adv-0]|TX|3767/7;3004/7|
00000000|MMI|6.44|Patient Outcome - Worsening|C1546960|[idcn]|["Worsening"-tx-26-"worsening"-noun-0,"Worsening"-tx-8-"worsening"-verb-0]|TX|3775/9;1026/9|
00000000|MMI|6.44|Worse|C1457868|[fndg]|["Worsening"-tx-26-"worsening"-noun-0,"Worsening"-tx-8-"worsening"-verb-0]|TX|3775/9;1026/9|
00000000|MMI|6.44|Worsening pattern|C0332271|[qlco]|["Worsening"-tx-26-"worsening"-noun-0,"Worsening"-tx-8-"worsening"-verb-0]|TX|3775/9;1026/9|
00000000|MMI|6.41|List|C0745732|[cnce]|["List"-tx-49-"listed"-verb-0,"List"-tx-8-"list"-noun-0]|TX|6022/6;1330/4|
00000000|MMI|6.41|Sequence Data Type|C3272378|[inpr]|["LIST"-tx-49-"listed"-verb-0,"LIST"-tx-8-"list"-noun-0]|TX|6022/6;1330/4|
00000000|MMI|6.38|24 Hours|C1442770|[tmco]|["24 Hours"-tx-35-"24 hours"-noun-0,"24 Hours"-tx-32-"24 hours"-noun-0]|TX|4785/8;4470/8|
00000000|MMI|6.38|24 hour time frame|C0439584|[tmco]|["24 hours"-tx-35-"24 hours"-noun-0,"24 hours"-tx-32-"24 hours"-noun-0]|TX|4785/8;4470/8|
00000000|MMI|6.38|per 24 hours|C0456696|[tmco]|["/24 hours"-tx-35-"24 hours"-noun-0,"/24 hours"-tx-32-"24 hours"-noun-0]|TX|4785/8;4470/8|
00000000|MMI|6.38|milligram/day|C0439422|[qnco]|["mg/d"-tx-41-"mg d"-noun-0,"mg/d"-tx-17-"mg d"-noun-0]|TX|5529/2,5536/1;2530/2,2537/1|
00000000|MMI|6.34|0%|C3842591|[fndg]|["0%"-tx-20-"0"-real_number-0,"0%"-tx-9-"0"-real_number-0]|TX|2781/1;1711/1|
00000000|MMI|6.34|Attending (action)|C1999232|[ftcn]|["attending"-tx-53-"Attending"-noun-0,"attending"-tx-1-"ATTENDING"-noun-0]|TX|6364/9;27/9|
00000000|MMI|6.34|Attending (provider role)|C1547429|[prog]|["Attending"-tx-53-"Attending"-noun-0,"Attending"-tx-1-"ATTENDING"-noun-0]|TX|6364/9;27/9|
00000000|MMI|6.30|Kilogram|C0439209|[qnco]|["kg"-tx-23-"kg"-noun-0,"kg"-tx-22-"kg"-noun-0]|TX|3496/2;3374/2|
00000000|MMI|6.30|Per Kilogram|C4054209|[qnco]|["/kg"-tx-23-"kg"-noun-0,"/kg"-tx-22-"kg"-noun-0]|TX|3496/2;3374/2|
00000000|MMI|6.28|Isosorbide Dinitrate 10 MG|C1171088|[clnd]|["Isosorbide Dinitrate 10 MG"-tx-43-"Isordil 10 mg"-noun-0,"Isosorbide Dinitrate 10 MG"-tx-35-"Isordil 10 mg"-noun-0]|TX|5566/13;4748/7,4759/5|
00000000|MMI|6.25|All of the Time|C3812891|[inpr]|["Always"-tx-36-"always"-adv-0,"Always"-tx-8-"always"-adv-0]|TX|4874/6;925/6|
00000000|MMI|6.25|Always (frequency)|C2003902|[tmco]|["Always"-tx-36-"always"-adv-0,"Always"-tx-8-"always"-adv-0]|TX|4874/6;925/6|
00000000|MMI|6.19|Half|C2825407|[qnco]|["Half"-tx-23-"half"-noun-0,"Half"-tx-10-"half"-noun-0]|TX|3413/4;1847/4|
00000000|MMI|6.19|Lot (entire collection)|C1518000|[qlco]|["Lot"-tx-25-"lot"-noun-0,"Lot"-tx-8-"lot"-noun-0]|TX|3669/3;862/3|
00000000|MMI|6.19|Lot Number|C1115660|[inpr]|["LOT"-tx-25-"lot"-noun-0,"LOT"-tx-8-"lot"-noun-0]|TX|3669/3;862/3|
00000000|MMI|6.19|Stock (in-store merchandise)|C1710198|[idcn]|["Lot"-tx-25-"lot"-noun-0,"Lot"-tx-8-"lot"-noun-0]|TX|3669/3;862/3|
00000000|MMI|6.18|Dosage|C0178602|[qnco]|["DOSE"-tx-36-"dose"-noun-0,"DOSE"-tx-33-"dose"-noun-0]|TX|4957/4;4512/4|
00000000|MMI|6.18|Dose number:Number:Point in time:^Patient:Quantitative|C1114758|[clna]|["Dose #"-tx-36-"dose"-noun-0,"Dose #"-tx-33-"dose"-noun-0]|TX|4957/4;4512/4|
00000000|MMI|6.18|Unit dose|C0869039|[qnco]|["Dose"-tx-36-"dose"-noun-0,"Dose"-tx-33-"dose"-noun-0]|TX|4957/4;4512/4|
00000000|MMI|6.18|Combined|C0205195|[qlco]|["Combination"-tx-26-"combination"-noun-0,"Combination"-tx-22-"combination"-noun-0]|TX|3692/11;3110/11|
00000000|MMI|6.18|combination - answer to question|C3811910|[fndg]|["Combination"-tx-26-"combination"-noun-0,"Combination"-tx-22-"combination"-noun-0]|TX|3692/11;3110/11|
00000000|MMI|6.18|combination of objects|C1947911|[phob]|["Combination"-tx-26-"combination"-noun-0,"Combination"-tx-22-"combination"-noun-0]|TX|3692/11;3110/11|
00000000|MMI|6.17|Liter Per Day|C0475219|[qnco]|["Liter Per Day"-tx-33-"liters per day"-noun-0,"Liter Per Day"-tx-27-"liters per day"-noun-0]|TX|4643/6,4659/7;3937/14|
00000000|MMI|6.17|microgram|C0439211|[qnco]|["mcg"-tx-22-"mcg"-noun-0,"mcg"-tx-20-"mcg"-noun-0]|TX|3172/3;2924/3|
00000000|MMI|6.17|miscellaneous Crenarchaeota group|C3463985|[arch]|["MCG"-tx-22-"mcg"-noun-0,"MCG"-tx-20-"mcg"-noun-0]|TX|3172/3;2924/3|
00000000|MMI|6.13|Additional|C1524062|[ftcn]|["Added"-tx-45-"added"-adj-0,"Added"-tx-35-"added"-verb-0]|TX|5615/5;4738/5|
00000000|MMI|6.12|Fluid intake|C0429791|[clna]|["Fluid intake"-tx-27-"fluid intake"-noun-0,"Fluid intake"-tx-7-"fluid intake"-noun-0]|TX|3909/12;692/12|
00000000|MMI|6.07|Home environment|C0442519|[cnce]|["HOME"-tx-53-"home"-noun-0,"HOME"-tx-32-"home"-noun-0]|TX|6285/4;4431/4|
00000000|MMI|6.07|Approximate|C0332232|[qlco]|["About"-tx-34-"about"-adv-0,"Approximately"-tx-22-"approximately"-adv-0]|TX|4680/5;3244/13|
00000000|MMI|6.02|Medical|C0205476|[ftcn]|["Medical"-tx-41-"medical"-adj-0,"Medical"-tx-8-"MEDICAL"-noun-0]|TX|5456/7;1421/7|
00000000|MMI|6.02|Medical service|C0199168|[hlca]|["Medical"-tx-41-"medical"-adj-0,"Medical"-tx-8-"MEDICAL"-noun-0]|TX|5456/7;1421/7|
00000000|MMI|6.02|C-Circle|C3538933|[celc]|["CC"-tx-33-"cc"-noun-0,"CC"-tx-21-"cc"-noun-0]|TX|4593/2;2984/2|
00000000|MMI|6.01|90%|C3842582|[fndg]|["90%"-tx-35-"90s"-noun-0,"90%"-tx-22-"90"-integer-0]|TX|4837/3;3371/2|
00000000|MMI|6.01|<90|C0439087|[qnco]|["<90"-tx-35-"90s"-noun-0,"<90"-tx-22-"90"-integer-0]|TX|4837/3;3371/2|
00000000|MMI|6.01|>90|C0439083|[qnco]|[">90"-tx-35-"90s"-noun-0,">90"-tx-22-"90"-integer-0]|TX|4837/3;3371/2|
00000000|MMI|6.00|10%|C3842590|[fndg]|["10%"-tx-21-"10"-integer-0,"10%"-tx-1-"10"-fraction-0]|TX|3042/2;16/2|
00000000|MMI|5.99|/40|C0439509|[tmco]|["/40"-tx-37-"40"-integer-0,"/40"-tx-9-"40"-integer-0]|TX|5069/2;1618/2|
00000000|MMI|5.99|40%|C3842587|[qnco]|["40%"-tx-37-"40"-integer-0,"40%"-tx-9-"40"-integer-0]|TX|5069/2;1618/2|
00000000|MMI|5.97|Empty (qualifier)|C1880497|[qlco]|["Free"-tx-26-"free"-noun-0,"Free"-tx-25-"free"-noun-0]|TX|3707/4;3676/4|
00000000|MMI|5.97|Free (available (qualifier))|C1996904|[qlco]|["Free"-tx-26-"free"-noun-0,"Free"-tx-25-"free"-noun-0]|TX|3707/4;3676/4|
00000000|MMI|5.97|Free of (attribute)|C0332296|[ftcn]|["free"-tx-26-"free"-noun-0,"free"-tx-25-"free"-noun-0]|TX|3707/4;3676/4|
00000000|MMI|5.96|Decompensated|C0205434|[qlco]|["Decompensated"-tx-8-"decompensated"-noun-0]|TX|[1139/13],[1252/13]|
00000000|MMI|5.96|Positive|C1446409|[qlco]|["Positive"-tx-13-"positive"-adj-0,"Positive"-tx-12-"positive"-adj-0]|TX|2190/8;2153/8|
00000000|MMI|5.96|Positive Charge|C2825490|[qlco]|["Positive"-tx-13-"positive"-adj-0,"Positive"-tx-12-"positive"-adj-0]|TX|2190/8;2153/8|
00000000|MMI|5.96|Positive Finding|C1514241|[fndg]|["POSITIVE"-tx-13-"positive"-adj-0,"POSITIVE"-tx-12-"positive"-adj-0]|TX|2190/8;2153/8|
00000000|MMI|5.96|Positive Number|C3812269|[cnce]|["Positive"-tx-13-"positive"-adj-0,"Positive"-tx-12-"positive"-adj-0]|TX|2190/8;2153/8|
00000000|MMI|5.96|percent positive cells|C0439178|[qnco]|["% Positive"-tx-13-"positive"-adj-0,"% Positive"-tx-12-"positive"-adj-0]|TX|2190/8;2153/8|
00000000|MMI|5.81|Comment|C0947611|[inpr]|["Comment"-tx-39-"comment"-noun-0]|TX|5183/7|V01.205;V02.267
00000000|MMI|5.81|Disruptive, Impulse Control, and Conduct Disorders|C0021122|[mobd]|["ICD"-tx-3-"ICD"-noun-0]|TX|392/3|F03.250
00000000|MMI|5.81|Published Comment|C0282411|[inpr]|["Comment"-tx-39-"comment"-noun-0]|TX|5183/7|V01.205;V02.267
00000000|MMI|5.81|Transplant|C3841811|[fndg]|["Transplant"-tx-8-"transplant"-noun-0]|TX|1319/10|A01.941
00000000|MMI|5.81|Transplantation|C0040732|[topp]|["Transplant"-tx-8-"transplant"-noun-0]|TX|1319/10|E04.936
00000000|MMI|5.81|Transplanted tissue|C0332835|[tisu]|["Transplant"-tx-8-"transplant"-noun-0]|TX|1319/10|A01.941
00000000|MMI|5.80|Male population group|C0025266|[popg]|["Man"-tx-2-"man"-noun-0]|TX|104/3|M01.390
00000000|MMI|5.77|Heart|C0018787|[bpoc]|["Cardiac"-tx-17-"cardiac"-adj-0]|TX|2454/7|A07.541
00000000|MMI|5.70|Patients|C0030705|[podg]|["*^patient"-tx-25-"patient"-noun-0]|TX|3650/7|M01.643
00000000|MMI|4.49|Able (finding)|C1299581|[fndg]|["Able"-tx-53-"able"-adj-0]|TX|6170/4|
00000000|MMI|4.49|Admission Level of Care Code - Improved|C1561611|[inpr]|["Improved"-tx-51-"improved"-verb-0]|TX|6126/8|
00000000|MMI|4.49|All extremities|C0278454|[bpoc]|["extremities"-tx-16-"extremities"-noun-0]|TX|2391/11|
00000000|MMI|4.49|Baseline|C1442488|[qnco]|["Baseline"-tx-4-"baseline"-noun-0]|TX|418/8|
00000000|MMI|4.49|Better|C0332272|[qlco]|["Improved"-tx-51-"improved"-verb-0]|TX|6126/8|
00000000|MMI|4.49|Bound (value)|C2349209|[cnce]|["Limit"-tx-27-"limit"-verb-0]|TX|3899/5|
00000000|MMI|4.49|Checking (action)|C1283174|[acty]|["Checked"-tx-24-"checked"-verb-0]|TX|3534/7|
00000000|MMI|4.49|Chest pain:Finding:Point in time:^Patient:Ordinal|C2926613|[clna]|["Chest pain"-tx-6-"chest pain"-noun-0]|TX|610/10|
00000000|MMI|4.49|Cousin|C0337580|[famg]|["Cousin"-tx-11-"cousin"-noun-0]|TX|1968/6|
00000000|MMI|4.49|Deny (action)|C2700401|[acty]|["Deny"-tx-6-"denies"-verb-0]|TX|601/6|
00000000|MMI|4.49|Dilated|C0700124|[fndg]|["Distended"-tx-15-"distended"-verb-0]|TX|2314/9|
00000000|MMI|4.49|Discharge date|C2361123|[tmco]|["Discharge date"-tx-1-"Discharge Date"-noun-0]|TX|0/14|
00000000|MMI|4.49|Discharge date:Time Stamp -- Date and Time:Point in time:^Patient:Quantitative|C2361122|[clna]|["Discharge date"-tx-1-"Discharge Date"-noun-0]|TX|0/14|
00000000|MMI|4.49|Discontinued|C1444662|[fndg]|["Discontinued"-tx-31-"discontinued"-verb-0]|TX|4327/12|
00000000|MMI|4.49|Disposition|C0743223|[idcn]|["Disposition"-tx-47-"DISPOSITION"-noun-0]|TX|5745/11|
00000000|MMI|4.49|Disposition Domain|C1705555|[inpr]|["Disposition"-tx-47-"DISPOSITION"-noun-0]|TX|5745/11|
00000000|MMI|4.49|Dry|C0205222|[qlco]|["Dry"-tx-8-"dry"-adj-0]|TX|910/3|
00000000|MMI|4.49|Dryness (characteristic)|C1512080|[qlco]|["Dry"-tx-8-"dry"-adj-0]|TX|910/3|
00000000|MMI|4.49|Ejection fraction (finding)|C2700378|[fndg]|["Ejection fraction"-tx-2-"ejection fraction"-noun-0]|TX|154/17|
00000000|MMI|4.49|Ejection fraction (procedure)|C0489482|[diap]|["ejection fraction"-tx-2-"ejection fraction"-noun-0]|TX|154/17|
00000000|MMI|4.49|Enthusiastic|C0558083|[menp]|["Eager"-tx-53-"eager"-adj-0]|TX|6273/5|
00000000|MMI|4.49|Entire abdomen|C1281594|[bpoc]|["Abdomen"-tx-15-"abdomen"-noun-0]|TX|2302/7|
00000000|MMI|4.49|Examination of heart|C0562319|[hlca]|["Cardiac exam"-tx-13-"cardiac exam"-noun-0]|TX|2171/12|
00000000|MMI|4.49|Exertion|C0015264|[orgf]|["exert"-tx-53-"exert"-verb-0]|TX|6178/5|
00000000|MMI|4.49|Familial cardiomyopathy|C0264789|[dsyn]|["Cardiomyopathy, familial"-tx-11-"familial cardiomyopathy"-noun-0]|TX|1999/23|
00000000|MMI|4.49|Family History Domain|C1705495|[idcn]|["Family History"-tx-11-"FAMILY HISTORY"-noun-0]|TX|1917/14|
00000000|MMI|4.49|Family history|C0241889|[fndg]|["FAMILY HISTORY"-tx-11-"FAMILY HISTORY"-noun-0]|TX|1917/14|
00000000|MMI|4.49|Fluid overload|C0546817|[dsyn]|["VOLUME OVERLOAD"-tx-9-"volume overload"-noun-0]|TX|1781/15|
00000000|MMI|4.49|GORAB gene|C1822658|[gngm]|["GO"-tx-53-"go"-verb-0]|TX|6282/2|
00000000|MMI|4.49|History of present illness|C0262512|[orga]|["HISTORY OF PRESENT ILLNESS"-tx-2-"HISTORY OF PRESENT ILLNESS"-noun-0]|TX|54/26|
00000000|MMI|4.49|History of present illness:Finding:Point in time:^Patient:Nominal:Reported|C0488508|[clna]|["History of present illness"-tx-2-"HISTORY OF PRESENT ILLNESS"-noun-0]|TX|54/26|
00000000|MMI|4.49|Hospital course|C0489547|[fndg]|["Hospital course"-tx-17-"HOSPITAL COURSE"-noun-0]|TX|2428/15|
00000000|MMI|4.49|Hospital course:Finding:Point in time:^Patient:Narrative|C0488549|[clna]|["Hospital course"-tx-17-"HOSPITAL COURSE"-noun-0]|TX|2428/15|
00000000|MMI|4.49|IV drug use|C3242635|[fndg]|["IV drug use"-tx-10-"IV drug use"-noun-1]|TX|1904/11|
00000000|MMI|4.49|Improved|C0184511|[qlco]|["Improved"-tx-51-"improved"-verb-0]|TX|6126/8|
00000000|MMI|4.49|Increased|C0205217|[qnco]|["Increased"-tx-21-"increased"-verb-0]|TX|3012/9|
00000000|MMI|4.49|Initially|C0205265|[tmco]|["Initially"-tx-17-"initially"-adv-0]|TX|2478/9|
00000000|MMI|4.49|Insomnia Adverse Event|C1963237|[fndg]|["Insomnia"-tx-46-"insomnia"-noun-0]|TX|5735/8|
00000000|MMI|4.49|Limit - Amount class|C1549649|[idcn]|["Limit"-tx-27-"limit"-verb-0]|TX|3899/5|
00000000|MMI|4.49|Limited (extensiveness)|C0439801|[ftcn]|["limit"-tx-27-"limit"-verb-0]|TX|3899/5|
00000000|MMI|4.49|Medication.discharge|C0806915|[fndg]|["Discharge medications"-tx-41-"DISCHARGE MEDICATIONS"-noun-0]|TX|5414/21|
00000000|MMI|4.49|Nephew|C0337579|[famg]|["Nephew"-tx-11-"nephew"-noun-0]|TX|1979/6|
00000000|MMI|4.49|Non-compliance|C0457432|[qlco]|["Non-compliance"-tx-8-"noncompliance"-noun-0]|TX|1369/13|
00000000|MMI|4.49|Non-tender|C0520960|[qlco]|["Nontender"-tx-15-"nontender"-adj-0]|TX|2326/9|
00000000|MMI|4.49|Pairing Events Domain|C3541314|[inpr]|["PA"-tx-2-"PA"-noun-0]|TX|305/2|
00000000|MMI|4.49|Palpitations|C0030252|[fndg]|["PALPITATIONS"-tx-6-"palpitations"-noun-1]|TX|623/12|
00000000|MMI|4.49|Palpitations Adverse Event|C3160712|[fndg]|["Palpitations"-tx-6-"palpitations"-noun-1]|TX|623/12|
00000000|MMI|4.49|Paroxysmal nocturnal dyspnea|C1956415|[dsyn]|["Paroxysmal nocturnal dyspnoea"-tx-5-"paroxysmal nocturnal dyspnea"-noun-0]|TX|568/28|
00000000|MMI|4.49|Patient need for (contextual qualifier)|C0686904|[ftcn]|["need"-tx-27-"need"-noun-0]|TX|3891/4|
00000000|MMI|4.49|Peripheral edema|C0085649|[fndg]|["Peripheral oedema"-tx-6-"peripheral edema"-noun-1]|TX|641/16|
00000000|MMI|4.49|Planned|C1301732|[ftcn]|["Plan"-tx-47-"plan"-noun-0]|TX|5794/4|
00000000|MMI|4.49|Potassium Drug Class|C3714637|[phsu]|["POTASSIUM"-tx-36-"potassium"-noun-0]|TX|4852/9|
00000000|MMI|4.49|Potassium Ion|C0597277|[elii,phsu]|["Potassium"-tx-36-"potassium"-noun-0]|TX|4852/9|
00000000|MMI|4.49|Potassium measurement|C0202194|[lbpr]|["Potassium+"-tx-36-"potassium"-noun-0]|TX|4852/9|
00000000|MMI|4.49|Potassium supplement|C0304475|[inch,phsu]|["POTASSIUM"-tx-36-"potassium"-noun-0]|TX|4852/9|
00000000|MMI|4.49|Social History|C3714536|[fndg]|["Social History"-tx-10-"SOCIAL HISTORY"-noun-0]|TX|1798/14|
00000000|MMI|4.49|Social and personal history|C0424945|[fndg]|["Social history"-tx-10-"SOCIAL HISTORY"-noun-0]|TX|1798/14|
00000000|MMI|4.49|Started|C1272689|[qlco]|["Started"-tx-18-"started"-verb-0]|TX|2616/7|
00000000|MMI|4.49|Stop (Instruction Imperative)|C1947925|[acty]|["Stop"-tx-49-"stop"-verb-0]|TX|5887/4|
00000000|MMI|4.49|Stop (qualifier value)|C2746065|[tmco]|["Stop"-tx-49-"stop"-verb-0]|TX|5887/4|
00000000|MMI|4.49|To be stopped|C1272691|[qlco]|["stopped"-tx-19-"stopped"-verb-0]|TX|2659/7|
00000000|MMI|4.49|Treatment Plan|C0599880|[inpr]|["Plan"-tx-47-"plan"-noun-0]|TX|5794/4|
00000000|MMI|4.49|VENTRICULAR HEAVE, RIGHT|C0241671|[fndg]|["VENTRICULAR HEAVE, RIGHT"-tx-13-"right ventricular heave"-noun-0]|TX|2238/23|
00000000|MMI|3.63|Discharge to home|C0184713|[topp]|["Discharge to home"-tx-47-"discharged to home"-noun-0]|TX|5770/18|
00000000|MMI|3.44|Long|C0205166|[qlco]|["Long"-tx-52-"longer"-adj-0]|TX|6142/6|
00000000|MMI|3.44|Long Variable|C1706317|[qlco]|["Long"-tx-52-"longer"-adj-0]|TX|6142/6|
00000000|MMI|3.44|Show|C1547282|[anim]|["Show"-tx-38-"showed"-verb-0]|TX|5124/6|
00000000|MMI|3.44|Transition (action)|C2700061|[acty]|["Transition"-tx-31-"transitioned"-verb-0]|TX|4359/12|
00000000|MMI|3.44|Transition Mutation|C0599156|[comd]|["Transition"-tx-31-"transitioned"-verb-0]|TX|4359/12|
00000000|MMI|3.44|suggestion|C1705535|[idcn]|["Suggest"-tx-8-"suggested"-verb-0]|TX|1184/9|
00000000|MMI|3.33|Lisinopril 2.5 MG|C0987218|[clnd]|["Lisinopril 2.5 MG"-tx-9-"lisinopril 2.5 mg"-noun-0]|TX|1638/17|
00000000|MMI|3.25|Homocysteine measurement|C2242817|[lbpr]|["homocysteine level"-tx-45-"homocystine level"-noun-0]|TX|5675/17|
00000000|MMI|3.25|Liver edge|C0426689|[fndg]|["Liver edge"-tx-15-"liver edge"-noun-0]|TX|2375/10|
00000000|MMI|3.25|vigilance|C0699864|[menp]|["Watchfulness"-tx-32-"watch"-noun-0]|TX|4448/5|
00000000|MMI|3.22|Salty food|C0453862|[food]|["Salty food"-tx-8-"salty foods"-noun-0]|TX|822/11|
00000000|MMI|3.19|Doctor of Medicine|C1512018|[inpr]|["M.D."-tx-1-"M.D"-noun-0]|TX|49/3|
00000000|MMI|3.19|Indication of (contextual qualifier)|C0392360|[idcn]|["reasons"-tx-49-"reasons"-noun-0]|TX|6054/7|
00000000|MMI|3.19|Regulatory Report|C3273238|[inpr]|["Report"-tx-39-"report"-noun-0]|TX|5227/6|
00000000|MMI|3.19|Report (document)|C0684224|[inpr]|["Report"-tx-39-"report"-noun-0]|TX|5227/6|
00000000|MMI|3.19|Reporting|C0700287|[hlca]|["Report"-tx-39-"report"-noun-0]|TX|5227/6|
00000000|MMI|3.19|Respiratory Domain|C2986904|[idcn]|["RE"-tx-35-"re"-verb-0]|TX|4735/2|
00000000|MMI|3.19|Retinol equivalents|C0556581|[qnco]|["{RE}"-tx-35-"re"-verb-0]|TX|4735/2|
00000000|MMI|3.18|Digoxin 0.125 MG|C0985542|[clnd]|["Digoxin 0.125 MG"-tx-41-"digoxin 0.125 mg"-noun-0]|TX|5485/16|
00000000|MMI|3.15|Attempt|C1516084|[evnt]|["Attempted"-tx-17-"attempted"-verb-0]|TX|2488/9|
00000000|MMI|3.15|Estimated|C0750572|[qnco]|["Estimated"-tx-2-"estimated"-verb-0]|TX|172/9|
00000000|MMI|3.15|Less Than|C0439092|[qnco]|["Less Than"-tx-23-"less than"-adv-0]|TX|3483/9|
00000000|MMI|3.15|3+ Answer to Question|C3838680|[fndg]|["3+"-tx-48-"3"-fraction-0]|TX|5850/1|
00000000|MMI|3.15|3+ Score|C2827736|[qnco]|["3+"-tx-48-"3"-fraction-0]|TX|5850/1|
00000000|MMI|3.15|3+ Score, WHO|C2981702|[clas]|["3+"-tx-48-"3"-fraction-0]|TX|5850/1|
00000000|MMI|3.15|<3 (qualifier value)|C0439086|[qnco]|["<3"-tx-48-"3"-fraction-0]|TX|5850/1|
00000000|MMI|3.15|Along edge (qualifier value)|C0205154|[spco]|["Edge"-tx-15-"edge"-noun-0]|TX|2381/4|
00000000|MMI|3.15|Document type|C1547673|[inpr]|["Document"-tx-53-"document"-noun-0]|TX|6301/8|
00000000|MMI|3.15|Documents|C1301746|[inpr]|["document"-tx-53-"document"-noun-0]|TX|6301/8|
00000000|MMI|3.15|Enlargement (morphologic abnormality)|C2711450|[anab]|["Enlargement"-tx-2-"enlargement"-noun-0]|TX|231/11|
00000000|MMI|3.15|Enlargement procedure|C1293134|[topp]|["Enlargement"-tx-2-"enlargement"-noun-0]|TX|231/11|
00000000|MMI|3.15|Graph Edge|C2697523|[cnce]|["Edge"-tx-15-"edge"-noun-0]|TX|2381/4|
00000000|MMI|3.14|1 - 3|C3843504|[fndg]|["1 to 3"-tx-8-"1 to 3"-prep-0]|TX|1536/1,1540/4|
00000000|MMI|3.14|Worsening exercise tolerance|C4041343|[fndg]|["Worsening exercise tolerance"-tx-8-"worsening exercise tolerance"-noun-1]|TX|988/9,1005/18|
00000000|MMI|3.14|9-10|C3843713|[fndg]|["9-10"-tx-34-"9 10"-integer-0]|TX|4686/1,4691/2|
00000000|MMI|3.12|Clinical Study Follow-up|C3274571|[hlca]|["FOLLOW-UP"-tx-47-"follow up"-adj-0]|TX|5802/9|
00000000|MMI|3.12|Consistent with|C0332290|[idcn]|["Consistent with"-tx-8-"consistent with"-adj-0]|TX|1123/15|
00000000|MMI|3.12|Follow-Up Report|C1704685|[inpr]|["Follow-Up"-tx-47-"follow up"-adj-0]|TX|5802/9|
00000000|MMI|3.12|Follow-up status|C0589120|[fndg]|["Follow-up"-tx-47-"follow up"-adj-0]|TX|5802/9|
00000000|MMI|3.12|Fraction of|C1264633|[qnco]|["Fraction of"-tx-38-"fraction of"-noun-0]|TX|5143/11|
00000000|MMI|3.12|Post|C0687676|[tmco]|["Status Post"-tx-3-"status post"-prep-0]|TX|380/11|
00000000|MMI|3.12|Secondary to|C0175668|[tmco]|["Secondary to"-tx-25-"secondary to"-adj-0]|TX|3633/12|
00000000|MMI|3.12|Status post|C0231290|[tmco]|["Status post"-tx-3-"status post"-prep-0]|TX|380/11|
00000000|MMI|3.12|follow-up|C1522577|[hlca]|["Follow Up"-tx-47-"follow up"-adj-0]|TX|5802/9|
00000000|MMI|3.12|mEq/day|C0439448|[qnco]|["mEq/day"-tx-37-"day mEq"-noun-0]|TX|5078/3,5088/3|
00000000|MMI|3.11|Ambien|C0487782|[orch,phsu]|["Ambien"-tx-46-"Ambien"-noun-0]|TX|5708/6|
00000000|MMI|3.11|Borderline low|C2711040|[qlco]|["Borderline low"-tx-36-"borderline low"-adj-0]|TX|4881/14|
00000000|MMI|3.11|Kilo|C1553029|[qnco]|["Kilo"-tx-23-"kilo"-noun-0]|TX|3421/4|
00000000|MMI|3.11|Probable diagnosis|C0332148|[qlco]|["Likely"-tx-15-"likely"-adv-0]|TX|2342/6|
00000000|MMI|3.11|Probably|C0750492|[idcn]|["Likely"-tx-15-"likely"-adv-0]|TX|2342/6|
00000000|MMI|3.11|Warmer, device|C0184348|[medd]|["Warm"-tx-16-"warm"-adj-0]|TX|2408/4|
00000000|MMI|3.11|warming process|C0687712|[npop]|["warm"-tx-16-"warm"-adj-0]|TX|2408/4|
00000000|MMI|3.10|Intrachamber:Pres:Pt:Heart.atrium.right:Qn|C4050168|[clna]|["Right atrial pressure"-tx-2-"pressures right atrium"-noun-0]|TX|308/9,329/12|
00000000|MMI|3.10|Right atrial pressure|C0456165|[clna]|["Right atrial pressure"-tx-2-"pressures right atrium"-noun-0]|TX|308/9,329/12|
00000000|MMI|3.10|Dietary history|C0425401|[fndg]|["Dietary History"-tx-7-"history dietary"-noun-0]|TX|673/7,684/7|
00000000|MMI|3.10|Shortness of breath:-:Point in time:^Patient:-|C2707305|[clna]|["Shortness of breath"-tx-53-"of shortness breath"-noun-0]|TX|6219/12,6235/6|
00000000|MMI|3.09|Breath|C0225386|[bdsu]|["Breath"-tx-4-"breath"-noun-0]|TX|496/6|
00000000|MMI|3.09|Chief complaint (finding)|C0277786|[fndg]|["Complaint"-tx-49-"complaint"-noun-0]|TX|5910/9|
00000000|MMI|3.09|Complaint:Find:Pt:^Patient:Nom|C3864418|[clna]|["Complaint"-tx-49-"complaint"-noun-0]|TX|5910/9|
00000000|MMI|3.09|Presentation|C0449450|[idcn]|["Presented"-tx-12-"presented"-verb-0]|TX|2075/9|
00000000|MMI|3.09|Short|C1806781|[qnco]|["Short"-tx-4-"short"-prep-0]|TX|487/5|
00000000|MMI|3.09|Short Value|C2350002|[qnco]|["Short"-tx-4-"short"-prep-0]|TX|487/5|
00000000|MMI|3.09|Shortened|C1282927|[qlco]|["short"-tx-4-"short"-prep-0]|TX|487/5|
00000000|MMI|3.08|% of total|C0439175|[qnco]|["% total"-tx-22-"total"-adj-0]|TX|3312/5|
00000000|MMI|3.08|Before|C0332152|[tmco]|["Leading"-tx-7-"leading"-verb-0]|TX|735/7|
00000000|MMI|3.08|Changed status|C0443172|[qnco]|["change"-tx-33-"change"-noun-0]|TX|4618/6|
00000000|MMI|3.08|Changing|C0392747|[ftcn]|["Change"-tx-33-"change"-noun-0]|TX|4618/6|
00000000|MMI|3.08|Clinical act of insertion|C0441587|[hlca]|["Placement"-tx-3-"placement"-noun-0]|TX|396/9|
00000000|MMI|3.08|Delta (difference)|C1705241|[qnco]|["Change"-tx-33-"change"-noun-0]|TX|4618/6|
00000000|MMI|3.08|Ejection as a Circumstance of Injury|C0302131|[phpr]|["Ejection"-tx-38-"ejection"-noun-0]|TX|5134/8|
00000000|MMI|3.08|Ejection as a Sports activity|C0336969|[dora]|["Ejection"-tx-38-"ejection"-noun-0]|TX|5134/8|
00000000|MMI|3.08|Ejection time|C0812388|[orga]|["ejection"-tx-38-"ejection"-noun-0]|TX|5134/8|
00000000|MMI|3.08|Electrical Current|C1705970|[npop]|["Current"-tx-49-"current"-adj-0]|TX|5997/7|
00000000|MMI|3.08|LYN gene|C0812307|[gngm]|["LYN"-tx-48-"Lyn"-noun-0]|TX|5821/3|
00000000|MMI|3.08|LYN protein, human|C1442804|[aapp,enzy]|["LYN"-tx-48-"Lyn"-noun-0]|TX|5821/3|
00000000|MMI|3.08|Leading|C1522538|[ftcn]|["Leading"-tx-7-"leading"-verb-0]|TX|735/7|
00000000|MMI|3.08|Left|C0205091|[spco]|["LEFT"-tx-2-"left"-noun-0]|TX|208/4|
00000000|MMI|3.08|Left sided|C0443246|[spco]|["Left"-tx-2-"left"-noun-0]|TX|208/4|
00000000|MMI|3.08|Marked|C1706089|[qlco]|["MARKED"-tx-2-"marked"-adj-0]|TX|201/6|
00000000|MMI|3.08|Massive|C0522501|[qlco]|["Marked"-tx-2-"marked"-adj-0]|TX|201/6|
00000000|MMI|3.08|Placement|C1524072|[qlco]|["Placement"-tx-3-"placement"-noun-0]|TX|396/9|
00000000|MMI|3.08|Placement action|C1533810|[hlca]|["Placement"-tx-3-"placement"-noun-0]|TX|396/9|
00000000|MMI|3.08|Reflecting|C0558058|[menp]|["reflected"-tx-22-"reflected"-verb-0]|TX|3295/9|
00000000|MMI|3.08|Table Cell Horizontal Align - left|C1552822|[ftcn]|["left"-tx-2-"left"-noun-0]|TX|208/4|
00000000|MMI|3.08|Time (foundation metadata concept)|C3541383|[tmco]|["Time"-tx-49-"time"-noun-0]|TX|6005/4|
00000000|MMI|3.08|Total|C0439810|[qlco]|["Total"-tx-22-"total"-adj-0]|TX|3312/5|
00000000|MMI|3.08|contextual factors|C0542559|[ftcn]|["Setting"-tx-26-"setting"-noun-0]|TX|3732/7|
00000000|MMI|3.08|{Setting}|C1318139|[qnco]|["{Setting}"-tx-26-"setting"-noun-0]|TX|3732/7|
00000000|MMI|3.08|Course|C0750729|[tmco]|["Course"-tx-25-"course"-noun-0]|TX|3567/6|
00000000|MMI|3.08|In addition to|C0332287|[ftcn]|["Plus"-tx-2-"plus"-adj-0]|TX|324/4|
00000000|MMI|3.08|Sodium Cation|C0597484|[elii]|["Sodium+"-tx-26-"sodium"-noun-0]|TX|3823/6|
00000000|MMI|3.08|Sodium Drug Class|C3714642|[phsu]|["SODIUM"-tx-26-"sodium"-noun-0]|TX|3823/6|
00000000|MMI|3.08|Sodium supplements|C3541959|[phsu]|["Sodium"-tx-26-"sodium"-noun-0]|TX|3823/6|
00000000|MMI|3.08|dictated - DocumentCompletion|C1609990|[idcn]|["Dictated"-tx-53-"Dictated"-noun-0]|TX|6333/8|
00000000|MMI|3.08|dictated - ParticipationMode|C1548384|[ftcn]|["dictated"-tx-53-"Dictated"-noun-0]|TX|6333/8|
00000000|MMI|3.07|Adjacent|C0205117|[spco]|["next"-tx-20-"next"-adj-0]|TX|2794/4|
00000000|MMI|3.07|Following|C0332282|[tmco]|["Next"-tx-20-"next"-adj-0]|TX|2794/4|
00000000|MMI|3.07|PSMD3 gene|C1419033|[gngm]|["S3"-tx-13-"S3"-noun-0]|TX|2199/2|
00000000|MMI|3.07|RPS3 gene|C1335643|[gngm]|["S3"-tx-13-"S3"-noun-0]|TX|2199/2|
00000000|MMI|3.07|S3 (sacral segmental innervation)|C1179706|[blor]|["S3"-tx-13-"S3"-noun-0]|TX|2199/2|
00000000|MMI|3.07|Testicular Cancer Serum Markers Test Result S3|C3812877|[lbtr]|["S3"-tx-13-"S3"-noun-0]|TX|2199/2|
00000000|MMI|3.07|Administration occupational activities|C0001554|[ocac]|["Management"-tx-8-"management"-noun-0]|TX|1234/10|
00000000|MMI|3.07|Management Occupations|C3273539|[ocdi]|["Management"-tx-8-"management"-noun-0]|TX|1234/10|
00000000|MMI|3.07|Management procedure|C1273870|[ocac]|["Management"-tx-8-"management"-noun-0]|TX|1234/10|
00000000|MMI|3.06|Liver palpable|C0577045|[fndg]|["Palpable liver"-tx-15-"palpable liver"-noun-0]|TX|2366/14|
00000000|MMI|3.05|Consistency|C0332529|[qlco]|["CONSIST"-tx-41-"consisted"-verb-0]|TX|5472/9|
00000000|MMI|3.05|Experimental Result|C2825142|[fndg]|["Result"-tx-26-"resulted"-verb-0]|TX|3755/8|
00000000|MMI|3.05|Result|C1274040|[ftcn]|["Result"-tx-26-"resulted"-verb-0]|TX|3755/8|
00000000|MMI|3.05|What subject filter - Result|C1546471|[idcn]|["Result"-tx-26-"resulted"-verb-0]|TX|3755/8|
00000000|MMI|3.04|Isosorbide Dinitrate 20 MG|C1256505|[clnd]|["Isosorbide Dinitrate 20 MG"-tx-9-"Isordil 20 mg"-noun-0]|TX|1669/13|
00000000|MMI|3.03|4+ Answer to question|C3838679|[fndg]|["4+"-tx-38-"4"-integer-0]|TX|5163/1|
00000000|MMI|3.03|Cardiac - anatomy qualifier|C1522601|[spco]|["Cardiac"-tx-17-"cardiac"-adj-0]|TX|2454/7|
00000000|MMI|3.03|Increasing|C0442808|[ftcn]|["Increasing"-tx-5-"increasing"-adj-0]|TX|543/10|
00000000|MMI|3.03|Preliminary|C0439611|[tmco]|["Preliminary"-tx-39-"preliminary"-adj-0]|TX|5215/11|
00000000|MMI|3.02|Encounter due to tobacco use|C0040335|[fndg]|["History of tobacco use"-tx-8-"of tobacco use HISTORY"-noun-0]|TX|1400/14,1429/7|
00000000|MMI|3.02|History of tobacco use|C0841002|[fndg]|["History of tobacco use"-tx-8-"of tobacco use HISTORY"-noun-0]|TX|1400/14,1429/7|
00000000|MMI|3.01|Borg Category-Ratio 10 Perceived Exertion Score 5|C4050466|[inpr]|["Severe"-tx-2-"severe"-adj-0]|TX|245/6|
00000000|MMI|3.01|Chamber (anatomical)|C0935616|[bpoc]|["Chamber"-tx-2-"chamber"-noun-0]|TX|223/7|
00000000|MMI|3.01|Chamber (physical object)|C0179874|[mnob]|["Chamber"-tx-2-"chamber"-noun-0]|TX|223/7|
00000000|MMI|3.01|Elevated|C3163633|[qlco]|["Elevated"-tx-45-"elevated"-adj-0]|TX|5666/8|
00000000|MMI|3.01|High|C0205250|[qlco]|["Elevated"-tx-45-"elevated"-adj-0]|TX|5666/8|
00000000|MMI|3.01|Infrequent|C0521114|[tmco]|["Occasional"-tx-10-"occasional"-adj-0]|TX|1876/10|
00000000|MMI|3.01|Last|C1517741|[qlco]|["Last"-tx-35-"last"-adj-0]|TX|4780/4|
00000000|MMI|3.01|Palpable|C0522499|[qlco]|["Palpable"-tx-15-"palpable"-adj-0]|TX|2366/8|
00000000|MMI|3.01|Right|C0205090|[spco]|["RIGHT"-tx-2-"right"-adj-0]|TX|217/5|
00000000|MMI|3.01|Right sided|C0444532|[spco]|["Right"-tx-2-"right"-adj-0]|TX|217/5|
00000000|MMI|3.01|Severe (severity modifier)|C0205082|[qlco]|["SEVERE"-tx-2-"severe"-adj-0]|TX|245/6|
00000000|MMI|3.01|Severe Extremity Pain|C4050465|[inpr]|["Severe"-tx-2-"severe"-adj-0]|TX|245/6|
00000000|MMI|3.01|One Per Day|C1170480|[orch,phsu,vita]|["One Per Day"-tx-10-"one per day"-noun-0]|TX|1843/3,1852/7|
00000000|MMI|3.00|One|C0205447|[qnco]|["ONE"-tx-4-"one"-noun-0]|TX|438/3|
00000000|MMI|3.00|QRS complex feature|C0429097|[fndg]|["QRS Complex"-tx-40-"QRS complex"-noun-0]|TX|5304/11|
00000000|MMI|3.00|Stage level 3|C0441771|[inpr]|["Stage III"-tx-40-"stage III"-noun-0]|TX|5316/9|
00000000|MMI|3.00|Staircase|C1710179|[geoa]|["Staircase"-tx-4-"staircase"-noun-0]|TX|442/9|
00000000|MMI|3.00|Twice (Numerical Qualifier)|C1948050|[qnco]|["Twice"-tx-9-"twice"-adv-0]|TX|1747/5|
00000000|MMI|3.00|Twice - dosing instruction fragment|C1720725|[inpr]|["Twice"-tx-9-"twice"-adv-0]|TX|1747/5|
00000000|MMI|3.00|Identifier|C0600091|[inpr]|["ID"-tx-53-"ID"-noun-0]|TX|6398/2|
00000000|MMI|3.00|Immune diffusion|C1441613|[lbpr]|["ID"-tx-53-"ID"-noun-0]|TX|6398/2|
00000000|MMI|3.00|Only - dosing instruction fragment|C1720467|[inpr]|["Only"-tx-21-"only"-adv-0]|TX|2969/4|
00000000|MMI|3.00|Singular|C0205171|[qnco]|["Only"-tx-21-"only"-adv-0]|TX|2969/4|
00000000|MMI|3.00|Three|C0205449|[qnco]|["Three"-tx-9-"three"-word_numeral-0]|TX|1683/5|
00000000|MMI|2.99|MILDLY|C0750532|[idcn]|["MILDLY"-tx-40-"mildly"-adv-0]|TX|5289/6|
00000000|MMI|2.99|Mild (qualifier value)|C2945599|[qlco]|["Mildly"-tx-40-"mildly"-adv-0]|TX|5289/6|
00000000|MMI|2.99|Widening|C0332464|[spco]|["widened"-tx-40-"widened"-adj-0]|TX|5296/7|
00000000|MMI|2.99|Back structure, excluding neck|C1995000|[blor]|["Back, NOS"-tx-31-"back"-adj-0]|TX|4376/4|
00000000|MMI|2.99|Back structure, including back of neck|C0460009|[blor]|["Back"-tx-31-"back"-adj-0]|TX|4376/4|
00000000|MMI|2.99|Dorsal|C0205095|[spco]|["BACK"-tx-31-"back"-adj-0]|TX|4376/4|
00000000|MMI|2.99|Edema:Finding:Point in time:^Patient:Ordinal|C1717255|[clna]|["Edema"-tx-16-"edema"-noun-0]|TX|2421/5|
00000000|MMI|2.99|Night time|C0240526|[tmco]|["Night"-tx-46-"night"-noun-0]|TX|5718/5|
00000000|MMI|2.99|Water consumption|C0013123|[orgf]|["Water Intake"-tx-26-"water intake"-noun-0]|TX|3712/12|
00000000|MMI|2.99|Admission from|C1959907|[hlca]|["Admission from"-tx-26-"from admission"-noun-0]|TX|3805/4,3813/9|
00000000|MMI|2.99|Alveolar gas volume|C0231966|[clna]|["V A"-tx-40-"a V"-noun-0]|TX|5251/1,5270/1|
00000000|MMI|2.98|6/3|C1630409|[fndg]|["20/10"-tx-30-"20 10"-integer-0]|TX|4162/2,4187/2|
00000000|MMI|2.98|One day|C3844320|[fndg]|["One day"-tx-30-"one day"-noun-0]|TX|4305/3,4314/3|
00000000|MMI|2.98|Early|C1279919|[tmco]|["Early"-tx-19-"early"-adv-0]|TX|2697/5|
00000000|MMI|2.98|History of cardiomyopathy|C4039015|[fndg]|["History of cardiomyopathy"-tx-2-"history of cardiomyopathy"-noun-0]|TX|115/10,137/14|
00000000|MMI|2.98|Intravenous Bolus|C1522229|[ftcn]|["IV BOLUS"-tx-21-"IV bolus"-noun-0]|TX|3086/2,3095/5|
00000000|MMI|2.97|Abortion consent:Finding:Point in time:^Patient:Document|C2360836|[clna]|["Patient"-tx-25-"patient"-noun-0]|TX|3650/7|
00000000|MMI|2.97|Body Fluids and Substances|C1521806|[tisu]|["Fluids"-tx-8-"fluids"-noun-0]|TX|875/6|
00000000|MMI|2.97|Clinic|C0442592|[hcro,mnob]|["Clinic"-tx-48-"Clinic"-noun-0]|TX|5840/6|
00000000|MMI|2.97|Delayed Release Dosage Form|C1707664|[bodm]|["DR"-tx-47-"Dr"-noun-0]|TX|5817/2|
00000000|MMI|2.97|Device to Subject Relationship Domain|C3540849|[inpr]|["DR"-tx-47-"Dr"-noun-0]|TX|5817/2|
00000000|MMI|2.97|Doctor - Title|C2348314|[cnce]|["Dr."-tx-47-"Dr"-noun-0]|TX|5817/2|
00000000|MMI|2.97|Hysterectomy consent:Finding:Point in time:^Patient:Document|C2360838|[clna]|["Patient"-tx-25-"patient"-noun-0]|TX|3650/7|
00000000|MMI|2.97|Liquid substance|C0302908|[sbst]|["fluids"-tx-8-"fluids"-noun-0]|TX|875/6|
00000000|MMI|2.97|Low dose|C0445550|[qnco]|["Low dose"-tx-20-"low-dose"-noun-0]|TX|2895/8|
00000000|MMI|2.97|Low-Dose Treatment|C1708745|[resa]|["Low-Dose"-tx-20-"low-dose"-noun-0]|TX|2895/8|
00000000|MMI|2.97|MOSTLY|C0750554|[idcn]|["MOSTLY"-tx-25-"mostly"-adv-0]|TX|3626/6|
00000000|MMI|2.97|Sterilization consent:Finding:Point in time:^Patient:Document|C2360840|[clna]|["Patient"-tx-25-"patient"-noun-0]|TX|3650/7|
00000000|MMI|2.97|THYROID DIAGNOSTIC RADIOPHARMACEUTICALS|C3540038|[irda]|["THYROID"-tx-48-"Thyroid"-noun-0]|TX|5832/7|
00000000|MMI|2.97|Water Specimen|C1550678|[inch]|["Water"-tx-25-"water"-noun-0]|TX|3681/5|
00000000|MMI|2.97|Well|C3146287|[mnob]|["Well"-tx-18-"well"-adv-0]|TX|2569/4|
00000000|MMI|2.97|1+|C3816745|[fndg]|["1+"-tx-53-"1"-integer-0]|TX|6311/1|
00000000|MMI|2.97|1+ Score|C2827734|[qnco]|["1+"-tx-53-"1"-integer-0]|TX|6311/1|
00000000|MMI|2.97|1+ Score, WHO|C2981698|[clas]|["1+"-tx-53-"1"-integer-0]|TX|6311/1|
00000000|MMI|2.97|ETS Variant Gene 6 Protein|C0254343|[aapp,bacs]|["TEL"-tx-53-"Tel"-noun-0]|TX|6329/3|
00000000|MMI|2.97|ETV6 gene|C0796520|[gngm]|["TEL"-tx-53-"Tel"-noun-0]|TX|6329/3|
00000000|MMI|2.97|Pacing up and down|C0562458|[inbe]|["Pacing"-tx-40-"pacing"-noun-0]|TX|5272/6|
00000000|MMI|2.97|Telecommunication Address Data Type|C3272379|[inpr]|["TEL"-tx-53-"Tel"-noun-0]|TX|6329/3|
00000000|MMI|2.97|Hepatojugular reflux|C0239949|[fndg]|["HJR"-tx-12-"HJR"-noun-0]|TX|2162/3|
00000000|MMI|2.97|MPI gene|C1417244|[gngm]|["PMI"-tx-13-"PMI"-noun-0]|TX|2225/3|
00000000|MMI|2.97|PMM2 gene|C1418674|[gngm]|["PMI"-tx-13-"PMI"-noun-0]|TX|2225/3|
00000000|MMI|2.97|Past|C1444637|[tmco]|["Past"-tx-8-"PAST"-noun-0]|TX|1416/4|
00000000|MMI|2.97|Prostate Mechanical Imager|C4049974|[medd]|["PMI"-tx-13-"PMI"-noun-0]|TX|2225/3|
00000000|MMI|2.97|Spatial Displacement|C0012727|[spco]|["Displaced"-tx-13-"displaced"-adj-0]|TX|2215/9|
00000000|MMI|2.97|Standing position|C0231472|[phsf]|["STANDING"-tx-37-"standing"-adj-0]|TX|5049/8|
00000000|MMI|2.97|TMEM11 gene|C1823304|[gngm]|["PMI"-tx-13-"PMI"-noun-0]|TX|2225/3|
00000000|MMI|2.97|Within|C0332285|[spco]|["Of"-tx-19-"of"-prep-0]|TX|2714/2|
00000000|MMI|2.96|Effective|C1704419|[qlco]|["Effective"-tx-22-"effective"-adj-0]|TX|3218/9|
00000000|MMI|2.96|Effectiveness|C1280519|[qlco]|["effective"-tx-22-"effective"-adj-0]|TX|3218/9|
00000000|MMI|2.96|Evaluation and management note:Finding:Point in time:{Setting}:Document:{Provider}|C1316572|[clna]|["Note"-tx-8-"note"-noun-0]|TX|1284/4|
00000000|MMI|2.96|Note (document)|C1317574|[inpr]|["Note"-tx-8-"note"-noun-0]|TX|1284/4|
00000000|MMI|2.96|Familial|C0241888|[ftcn]|["FAMILIAL"-tx-2-"familial"-adj-0]|TX|128/8|
00000000|MMI|2.96|Old|C0580836|[tmco]|["Old"-tx-2-"old"-noun-0]|TX|100/3|
00000000|MMI|2.96|per year|C0439508|[tmco]|["/Year"-tx-2-"year"-noun-0]|TX|95/4|
00000000|MMI|2.96|year|C0439234|[tmco]|["YEAR"-tx-2-"year