00000000|MMI|7.28|Signature|C1519316|[inpr]|["Signed"-tx-1-"Signed"-noun-0]|TX|[91/6],[147/6]|
00000000|MMI|7.28|signed - ParticipationSignature|C1561610|[inpr]|["signed"-tx-1-"Signed"-noun-0]|TX|[91/6],[147/6]|
00000000|MMI|3.65|Report status|C0586177|[fndg]|["Report status"-tx-1-"Report Status"-noun-0]|TX|132/13|
00000000|MMI|3.62|Admission date:Time Stamp -- Date and Time:Point in time:^Patient:Quantitative|C2598112|[clna]|["Admission date"-tx-1-"Admission Date"-noun-0]|TX|106/14|
00000000|MMI|3.62|Date of admission|C1302393|[tmco]|["Admission date"-tx-1-"Admission Date"-noun-0]|TX|106/14|
00000000|MMI|3.59|29+|C3843708|[fndg]|["29+"-tx-1-"29"-fraction-0]|TX|42/2|
00000000|MMI|3.59|Pyrexia of unknown origin (excl puerperal)|C0856281|[sosy]|["puo"-tx-1-"PUO"-noun-0]|TX|12/3|
00000000|MMI|3.48|Submucous leiomyoma of uterus|C0153993|[neop]|["Submucous Uterine myoma"-tx-1-"SUBMUCOUS UTERINE MYOMAS"-noun-0]|TX|64/24|
00000000|MMI|3.46|1+|C3816745|[fndg]|["1+"-tx-1-"1"-fraction-0]|TX|122/1|
00000000|MMI|3.46|1+ Score|C2827734|[qnco]|["1+"-tx-1-"1"-fraction-0]|TX|122/1|
00000000|MMI|3.46|1+ Score, WHO|C2981698|[clas]|["1+"-tx-1-"1"-fraction-0]|TX|122/1|
00000000|MMI|3.45|Diagnostic interview schedule|C0451119|[inpr]|["DIS"-tx-1-"DIS"-noun-0]|TX|100/3|
00000000|MMI|3.45|Discontinued|C1444662|[fndg]|["DIS"-tx-1-"DIS"-noun-0]|TX|100/3|
00000000|MMI|138.55|Togo|C0040363|[geoa]|["TO"-tx-32-"to"-adv-0,"TO"-tx-27-"to"-adv-0,"TO"-tx-25-"to"-adv-0,"TO"-tx-24-"to"-adv-0,"TO"-tx-10-"to"-adv-0]|TX|2525/2;[2155/2],[2180/2],[2261/2];2016/2;1864/2;850/2|Z01.058.290.190.800
00000000|MMI|138.55|Tryptophanase|C0041260|[aapp,enzy]|["TO"-tx-32-"to"-adv-0,"TO"-tx-27-"to"-adv-0,"TO"-tx-25-"to"-adv-0,"TO"-tx-24-"to"-adv-0,"TO"-tx-10-"to"-adv-0]|TX|2525/2;[2155/2],[2180/2],[2261/2];2016/2;1864/2;850/2|D08.811.520.224.800
00000000|MMI|84.93|Postoperative Period|C0032790|[tmco]|["Postoperative"-tx-27-"postoperative"-noun-0,"Postoperative"-tx-26-"postoperative"-adj-0,"Postoperative"-tx-24-"postoperative"-noun-0,"Postoperative"-tx-22-"postoperative"-noun-0,"Postoperative"-tx-21-"postoperative"-adj-0]|TX|2201/13;2043/13;1911/13;1620/13;1546/13|E04.614.750;N02.421.585.753.750
00000000|MMI|79.57|Patient Discharge|C0030685|[hlca]|["Discharge"-tx-38-"discharge"-noun-0,"Discharge"-tx-37-"discharge"-noun-0,"Discharge"-tx-35-"discharge"-noun-0,"Discharge"-tx-34-"discharge"-noun-0]|TX|3008/9;2921/9;2792/9;2680/9|E02.204.125;E02.760.400.610;N02.421.192.125;N02.421.585.400.610;N04.590.233.727.210.125
00000000|MMI|54.84|Lupron|C0701459|[aapp,horm,phsu]|["Lupron"-tx-19-"Lupron"-noun-0,"Lupron"-tx-8-"Lupron"-noun-0]|TX|1352/6;672/6|D06.472.699.327.740.320.400;D12.644.400.400.740.320.400;D12.644.456.460.480;D12.644.548.365.740.320.400;D12.776.641.650.405.740.320.400
00000000|MMI|54.24|Eating|C0013470|[orgf]|["Eating"-tx-38-"eating"-verb-0,"Eat"-tx-27-"eat"-verb-0]|TX|[2951/6],[2965/6];2158/3|G07.203.650.593.260;G07.700.620.260;G10.261.326.240
00000000|MMI|40.34|To|C1883351|[qlco]|["To"-tx-32-"to"-adv-0,"To"-tx-27-"to"-adv-0,"To"-tx-25-"to"-adv-0,"To"-tx-24-"to"-adv-0,"To"-tx-10-"to"-adv-0]|TX|2525/2;[2155/2],[2180/2],[2261/2];2016/2;1864/2;850/2|
00000000|MMI|38.95|Menorrhagia|C0025323|[patf]|["Hypermenorrhoea"-tx-4-"hypermenorrhea"-noun-0,"MENORRHAGIA"-tx-2-"MENORRHAGIA"-noun-0]|TX|272/14;80/11|C13.351.500.852.691.449;C23.550.568.875
00000000|MMI|38.92|Temperature|C0039476|[qnco]|["Temperatures"-tx-32-"temperatures"-noun-0,"*Temperature"-tx-28-"temperature"-noun-0]|TX|2533/12;2301/11|G01.906.595;G16.500.275.063.725.710;G16.500.750.775.710;N06.230.150.450;N06.230.300.100.725.710
00000000|MMI|38.83|Ultrasonic Shockwave|C0041621|[npop]|["ultrasound"-tx-37-"ultrasound"-noun-0,"ultrasound"-tx-9-"ultrasound"-noun-0]|TX|2886/10;730/10|G01.750.770.776.891.500
00000000|MMI|34.36|Patients|C0030705|[podg]|["*^patient"-tx-34-"patient's"-noun-0,"*^patient"-tx-24-"patient"-noun-0,"*^patient"-tx-20-"patient"-noun-0,"*^patient"-tx-4-"patient"-noun-0]|TX|2620/9;1837/7;1381/7;210/7|M01.643
00000000|MMI|33.08|Hysteroscopy|C0020710|[diap]|["Hysteroscopy"-tx-10-"hysteroscopy"-noun-0,"Hysteroscopy"-tx-9-"hysteroscopy"-noun-0]|TX|814/12;687/12|E01.370.378.330;E01.370.388.250.360;E04.502.250.360;E04.520.360;E04.950.300.539
00000000|MMI|32.78|Hematocrit procedure|C0018935|[lbpr]|["Hematocrit"-tx-26-"hematocrit"-noun-0]|TX|[2057/10],[2112/10]|E01.370.225.625.400;E05.200.625.400;G09.188.370.374
00000000|MMI|32.53|Pain|C0030193|[sosy]|["PAIN"-tx-22-"pain"-noun-0]|TX|[1671/4],[1695/4]|C10.597.617;C23.888.592.612;F02.830.816.444;G11.561.600.810.444
00000000|MMI|30.42|Provera|C0699702|[orch,phsu]|["Provera"-tx-6-"Provera"-noun-0]|TX|466/7|D04.808.745.745.654.829.395.700.500
00000000|MMI|30.09|Beds|C0004916|[mnob]|["Bed"-tx-27-"bed"-noun-0,"Bed"-tx-25-"bed"-noun-0,"Bed"-tx-24-"bed"-noun-0]|TX|2194/3;2034/3;1878/3|E07.325.220
00000000|MMI|27.62|day|C0439228|[tmco]|["DAY"-tx-38-"day"-noun-0,"DAY"-tx-37-"day"-noun-0,"DAYS"-tx-35-"days"-noun-0,"DAY"-tx-27-"day"-noun-0,"DAYS"-tx-24-"days"-noun-0,"DAY"-tx-22-"day"-noun-0,"DAY"-tx-15-"day"-noun-0]|TX|3001/3;2914/3;2780/4;2215/3;1925/4;1634/3;1158/3|
00000000|MMI|26.14|Ultrasonic|C0220934|[ftcn]|["ultrasound"-tx-37-"ultrasound"-noun-0,"ultrasound"-tx-9-"ultrasound"-noun-0]|TX|2886/10;730/10|H01.671.031.849
00000000|MMI|26.14|Ultrasonics (sound)|C1456803|[npop]|["Ultrasound"-tx-37-"ultrasound"-noun-0,"Ultrasound"-tx-9-"ultrasound"-noun-0]|TX|2886/10;730/10|H01.671.031.849
00000000|MMI|26.14|Ultrasonography|C0041618|[diap]|["ULTRASOUND"-tx-37-"ultrasound"-noun-0,"ULTRASOUND"-tx-9-"ultrasound"-noun-0]|TX|2886/10;730/10|E01.370.350.850
00000000|MMI|26.00|Neoplasm Metastasis|C0027627|[neop]|["secondary"-tx-34-"secondary"-adj-0,"secondary"-tx-5-"secondary"-adj-0]|TX|2652/9;424/9|C04.697.650;C23.550.727.650
00000000|MMI|25.71|Combined Oral Contraceptives|C0009906|[phsu]|["oral contraceptive pill"-tx-6-"oral contraceptive pills"-noun-0]|TX|478/24|D26.310.360;D27.505.696.875.360.276.210.100;D27.505.954.705.360.276.210.100
00000000|MMI|24.11|diagnosis aspect|C1704338|[qlco]|["diagnosis"-tx-2-"DIAGNOSIS"-noun-0]|TX|69/9|x.x.x.x.x.x.x
00000000|MMI|22.56|Contraceptives, Oral|C0009905|[phsu]|["Oral contraceptive pill"-tx-6-"oral contraceptive pills"-noun-0]|TX|478/24|D27.505.696.875.360.276.210;D27.505.954.705.360.276.210
00000000|MMI|22.40|Cocaine|C0009170|[hops,orch]|["COCAINE"-tx-17-"cocaine"-noun-0]|TX|1198/7|D02.145.074.722.388;D03.132.889.354;D03.605.869.388;D04.075.080.875.099.722.388
00000000|MMI|22.36|Ambulation|C0945826|[orgf]|["Ambulation"-tx-32-"ambulation"-noun-0]|TX|2559/10|G11.427.590.530.568.900;G11.427.590.530.698.277.937;I03.350.937;I03.450.642.845.940
00000000|MMI|22.36|Walking (activity)|C0080331|[dora]|["Ambulation"-tx-32-"ambulation"-noun-0]|TX|2559/10|G11.427.590.530.568.900;G11.427.590.530.698.277.937;I03.350.937;I03.450.642.845.940
00000000|MMI|21.36|Abortion consent:Finding:Point in time:^Patient:Document|C2360836|[clna]|["Patient"-tx-34-"patient's"-noun-0,"Patient"-tx-24-"patient"-noun-0,"Patient"-tx-20-"patient"-noun-0,"Patient"-tx-4-"patient"-noun-0]|TX|2620/9;1837/7;1381/7;210/7|
00000000|MMI|21.36|Hysterectomy consent:Finding:Point in time:^Patient:Document|C2360838|[clna]|["Patient"-tx-34-"patient's"-noun-0,"Patient"-tx-24-"patient"-noun-0,"Patient"-tx-20-"patient"-noun-0,"Patient"-tx-4-"patient"-noun-0]|TX|2620/9;1837/7;1381/7;210/7|
00000000|MMI|21.36|Sterilization consent:Finding:Point in time:^Patient:Document|C2360840|[clna]|["Patient"-tx-34-"patient's"-noun-0,"Patient"-tx-24-"patient"-noun-0,"Patient"-tx-20-"patient"-noun-0,"Patient"-tx-4-"patient"-noun-0]|TX|2620/9;1837/7;1381/7;210/7|
00000000|MMI|20.95|Complete Blood Count|C0009555|[lbpr]|["CBC"-tx-28-"CBC"-noun-0]|TX|2372/3|E01.370.225.500.195.107;E01.370.225.625.107;E05.200.500.195.107;E05.200.625.107;E05.242.195.107;G04.170.107;G09.188.105
00000000|MMI|20.89|Show|C1547282|[anim]|["Show"-tx-31-"showed"-verb-0,"Show"-tx-9-"showed"-verb-0,"Show"-tx-9-"showing"-verb-0,"Show"-tx-7-"showed"-verb-0,"Show"-tx-5-"showed"-verb-0]|TX|2493/6;700/6;741/7;605/6;417/6|
00000000|MMI|19.84|Universities|C0041740|[mnob,orgt]|["University"-tx-7-"University"-noun-0,"University"-tx-4-"University"-noun-0]|TX|576/10;321/10|I02.783.830
00000000|MMI|19.71|Historical aspects qualifier|C0019665|[ftcn]|["history"-tx-12-"History"-noun-0,"history"-tx-4-"history"-noun-0]|TX|943/7;261/7|x.x.x
00000000|MMI|19.45|Clindamycin|C0008947|[antb,orch]|["CLINDAMYCIN"-tx-35-"clindamycin"-noun-0]|TX|2731/11|D03.383.773.532.500.125;D09.408.471.500.125
00000000|MMI|19.23|Gravidity|C0600457|[fndg]|["Gravida"-tx-4-"gravida"-noun-0]|TX|235/7|G08.686.340;G08.686.785.760.769.213;N06.850.490.812.250
00000000|MMI|19.19|Parity|C0030563|[fndg]|["Para"-tx-4-"para"-noun-0]|TX|247/4|G08.686.677;G08.686.785.760.769.472;N06.850.490.812.600
00000000|MMI|18.72|Daily|C0332173|[tmco]|["/day"-tx-38-"day"-noun-0,"/day"-tx-37-"day"-noun-0,"/day"-tx-27-"day"-noun-0,"/day"-tx-22-"day"-noun-0,"/day"-tx-15-"day"-noun-0]|TX|3001/3;2914/3;2215/3;1634/3;1158/3|
00000000|MMI|18.72|per day|C0439505|[tmco]|["/day"-tx-38-"day"-noun-0,"/day"-tx-37-"day"-noun-0,"/day"-tx-27-"day"-noun-0,"/day"-tx-22-"day"-noun-0,"/day"-tx-15-"day"-noun-0]|TX|3001/3;2914/3;2215/3;1634/3;1158/3|
00000000|MMI|17.80|Uterine Fibroids|C0042133|[neop]|["Fibroid uterus"-tx-1-"FIBROID UTERUS"-noun-0]|TX|47/14|C04.557.450.590.450
00000000|MMI|16.30|Endometrium|C0014180|[bpoc]|["ENDOMETRIUM"-tx-5-"endometrium"-noun-0]|TX|434/11|A05.360.319.679.490
00000000|MMI|16.30|Urinalysis|C0042014|[lbpr]|["Urinalysis"-tx-31-"urinalysis"-noun-0]|TX|2450/10|E01.370.225.124.810;E01.370.390.810;E05.200.124.810
00000000|MMI|16.21|Body Temperature|C0005903|[orga]|["temperature"-tx-28-"temperature"-noun-0]|TX|2301/11|E01.370.600.875.374;G07.110
00000000|MMI|16.21|Light|C0023693|[npop]|["Light"-tx-23-"light"-noun-0]|TX|1809/5|G01.358.500.505.650;G01.590.540;G01.750.250.650;G01.750.770.578
00000000|MMI|16.18|Myoma|C0027086|[neop]|["Myomas"-tx-9-"myomas"-noun-0]|TX|718/6|C04.557.450.590.540
00000000|MMI|16.18|Touch sensation|C0702221|[ortf]|["Touch"-tx-23-"touch"-noun-0]|TX|1818/5|F02.830.816.850;G11.561.600.810.850
00000000|MMI|16.15|isoniazid|C0022209|[orch,phsu]|["ISONIAZID"-tx-18-"INH"-noun-0]|TX|1313/3|D02.442.436;D03.066.349.410;D03.383.725.394.582
00000000|MMI|15.79|Refused|C1705116|[acty]|["Refused"-tx-27-"refused"-verb-0,"Refused"-tx-25-"refused"-verb-0,"Refused"-tx-24-"refused"-verb-0]|TX|2172/7;2008/7;1856/7|
00000000|MMI|15.79|Refused - Completion Status for valid values|C1548564|[idcn]|["Refused"-tx-27-"refused"-verb-0,"Refused"-tx-25-"refused"-verb-0,"Refused"-tx-24-"refused"-verb-0]|TX|2172/7;2008/7;1856/7|
00000000|MMI|14.64|Consultation|C0009818|[hlca]|["consulted"-tx-27-"consulted"-verb-0]|TX|2251/9|N04.452.758.849
00000000|MMI|14.64|Ethanol|C0001962|[orch,phsu]|["ALCOHOL"-tx-16-"alcohol"-noun-0]|TX|1170/7|D02.033.375;x.x.x.x
00000000|MMI|14.64|Growth|C0018270|[orgf]|["GROWTH"-tx-31-"growth"-noun-0]|TX|2503/6|G07.700.320.249
00000000|MMI|14.64|Smoking|C0037369|[inbe]|["SMOKING"-tx-15-"Smoking"-verb-0]|TX|1122/7|F01.145.958.500
00000000|MMI|14.56|Body Fluid Discharge|C0012621|[bdsu]|["Discharge"-tx-38-"discharge"-noun-0,"Discharge"-tx-37-"discharge"-noun-0,"Discharge"-tx-35-"discharge"-noun-0,"Discharge"-tx-34-"discharge"-noun-0]|TX|3008/9;2921/9;2792/9;2680/9|
00000000|MMI|14.56|Discharge, body substance|C2926602|[bdsu]|["Discharge"-tx-38-"discharge"-noun-0,"Discharge"-tx-37-"discharge"-noun-0,"Discharge"-tx-35-"discharge"-noun-0,"Discharge"-tx-34-"discharge"-noun-0]|TX|3008/9;2921/9;2792/9;2680/9|
00000000|MMI|13.36|History|C0019664|[ocdi]|["History"-tx-12-"History"-noun-0,"History"-tx-4-"history"-noun-0]|TX|943/7;261/7|K01.400
00000000|MMI|13.05|Macrophage Activation Syndrome|C1096155|[dsyn]|["MAS"-tx-9-"mass"-noun-0]|TX|778/4|C20.683.515.800
00000000|MMI|13.03|Therapeutic tactile stimulation|C0152054|[topp]|["Touch"-tx-23-"touch"-noun-0]|TX|1818/5|E02.190.525.906;E02.190.901.830
00000000|MMI|13.02|Gentamicin|C3854019|[antb,orch]|["Gentamycin"-tx-35-"gentamicin"-noun-0]|TX|2747/10|D09.408.051.374
00000000|MMI|13.02|Gentamicin Sulfate (USP)|C0546866|[antb,orch]|["Gentamycin"-tx-35-"gentamicin"-noun-0]|TX|2747/10|D09.408.051.374
00000000|MMI|13.01|Egg Food Product|C0013710|[food]|["Eggs"-tx-38-"eggs"-noun-0]|TX|2989/4|G07.203.300.470;J02.500.470
00000000|MMI|12.96|Caucasoid Race|C0007457|[popg]|["WHITE"-tx-29-"white"-adj-0]|TX|2390/5|M01.686.508.400
00000000|MMI|11.49|Affect (mental function)|C0001721|[menp]|["Affect"-tx-34-"affect"-verb-0]|TX|2630/6|F01.470.047
00000000|MMI|11.49|Anemia|C0002871|[dsyn]|["ANEMIA"-tx-4-"anemia"-noun-0]|TX|291/6|C15.378.071
00000000|MMI|11.49|Hemorrhage|C0019080|[patf]|["BLEEDING"-tx-8-"bleeding"-noun-0]|TX|644/8|C23.550.414
00000000|MMI|11.49|Hospitals|C0019994|[hcro,mnob]|["HOSPITAL"-tx-34-"hospital"-noun-0]|TX|2695/8|N02.278.421
00000000|MMI|11.49|Hypertensive disease|C0020538|[dsyn]|["HYPERTENSION"-tx-11-"Hypertension"-noun-0]|TX|907/12|C14.907.489
00000000|MMI|11.49|Pathological Dilatation|C0012359|[patf]|["Dilation"-tx-7-"dilation"-noun-0]|TX|529/8|C23.300.325
00000000|MMI|11.49|Pneumonia|C0032285|[dsyn]|["PNEUMONIA"-tx-25-"pneumonia"-noun-0]|TX|1988/9|C08.381.677;C08.730.610
00000000|MMI|11.10|Performed|C0884358|[ftcn]|["Performed"-tx-37-"performed"-verb-0,"Performed"-tx-33-"performed"-verb-0,"Performed"-tx-7-"performed"-verb-0]|TX|2897/9;2589/9;552/9|
00000000|MMI|11.05|Then|C1883708|[tmco]|["Next"-tx-31-"next"-adj-0,"Then"-tx-21-"then"-adv-0]|TX|2445/4;[1525/4],[1578/4]|
00000000|MMI|10.92|History of present illness|C0262512|[orga]|["History, NOS"-tx-12-"History"-noun-0,"HISTORY OF PRESENT ILLNESS"-tx-4-"HISTORY OF PRESENT ILLNESS"-noun-0,"History, NOS"-tx-4-"history"-noun-0]|TX|943/7;178/26;261/7|
00000000|MMI|10.92|Medical History|C0262926|[fndg]|["History"-tx-12-"History"-noun-0,"Past Medical History"-tx-11-"PAST MEDICAL HISTORY"-noun-0,"History"-tx-4-"history"-noun-0]|TX|943/7;885/20;261/7|
00000000|MMI|10.86|Out (direction)|C0439787|[spco]|["Out"-tx-27-"out"-prep-0,"Out"-tx-25-"out"-prep-0,"Out"-tx-24-"out"-prep-0]|TX|2187/3;2023/3;1871/3|
00000000|MMI|10.86|Removed|C0849355|[qlco]|["Out"-tx-27-"out"-prep-0,"Out"-tx-25-"out"-prep-0,"Out"-tx-24-"out"-prep-0]|TX|2187/3;2023/3;1871/3|
00000000|MMI|10.79|Two|C0205448|[qnco]|["Two"-tx-35-"two"-adj-0,"Two"-tx-24-"two"-noun-0,"Two"-tx-15-"two"-noun-0]|TX|2776/3;1896/3;1130/3|
00000000|MMI|10.78|Admission activity|C0809949|[hlca]|["Admitted"-tx-21-"admitted"-verb-0,"Admitted"-tx-20-"admitted"-verb-0,"Admission"-tx-19-"ADMISSION"-noun-0]|TX|1530/8;1393/8;1329/9|
00000000|MMI|10.78|Hospital admission|C0184666|[hlca]|["admitted"-tx-21-"admitted"-verb-0,"admitted"-tx-20-"admitted"-verb-0,"Admission"-tx-19-"ADMISSION"-noun-0]|TX|1530/8;1393/8;1329/9|
00000000|MMI|10.42|Continuous|C0549178|[idcn]|["Continued"-tx-32-"continued"-verb-0,"Continued"-tx-8-"continued"-verb-0]|TX|2515/9;634/9|
00000000|MMI|10.42|Doctor of Medicine|C1512018|[inpr]|["M.D."-tx-40-"M.D"-noun-0,"M.D."-tx-39-"M.D"-noun-0]|TX|3105/3;3066/3|
00000000|MMI|10.42|Problems - What subject filter|C1546466|[idcn]|["Problems"-tx-38-"problems"-noun-0,"Problems"-tx-4-"problems"-noun-0]|TX|3026/8;349/8|
00000000|MMI|10.42|Total abdominal hysterectomy|C0404079|[topp]|["Total Abdominal Hysterectomy"-tx-20-"total abdominal hysterectomy"-noun-0,"Total Abdominal Hysterectomy"-tx-3-"TOTAL ABDOMINAL HYSTERECTOMY"-noun-0]|TX|1423/28;114/28|
00000000|MMI|10.42|prescribed|C0278329|[hlca]|["Prescribed"-tx-8-"prescribed"-verb-0,"Prescribed"-tx-6-"prescribed"-verb-0]|TX|661/10;455/10|
00000000|MMI|9.99|Pathological aspects|C0205469|[ftcn]|["pathology"-tx-7-"pathology"-noun-0]|TX|619/9|x.x.x
00000000|MMI|9.99|Pathology|C0030664|[bmod]|["Pathology"-tx-7-"pathology"-noun-0]|TX|619/9|H02.403.650
00000000|MMI|9.88|Herniorrhaphy|C0019328|[topp]|["Herniorrhaphy"-tx-13-"herniorrhaphy"-noun-0]|TX|1032/13|E04.680.325
00000000|MMI|9.81|Pelvis|C0030797|[bpoc]|["Pelvic"-tx-37-"pelvic"-adj-0]|TX|2879/6|A01.923.600
00000000|MMI|9.79|Heart murmur|C0018808|[fndg]|["HEART MURMUR"-tx-12-"heart murmur"-noun-0]|TX|954/12|C23.888.447
00000000|MMI|9.75|Cigarette|C0677453|[mnob]|["Cigarettes"-tx-15-"cigarettes"-noun-0]|TX|1143/10|J01.637.836
00000000|MMI|8.34|Alcohols|C0001975|[orch,phsu]|["Alcohol"-tx-16-"alcohol"-noun-0]|TX|1170/7|D02.033
00000000|MMI|8.34|Curettage procedure|C0010468|[topp]|["Curettage"-tx-7-"curettage"-noun-0]|TX|542/9|E04.157
00000000|MMI|8.34|Dilate procedure|C1322279|[topp]|["Dilation"-tx-7-"dilation"-noun-0]|TX|529/8|E05.284
00000000|MMI|8.34|Physical therapy|C0949766|[topp]|["Physical Therapy"-tx-27-"physical therapy"-noun-0]|TX|2230/16|E02.779
00000000|MMI|8.28|Urine for culture|C0430404|[lbpr]|["Urine culture"-tx-30-"Urine cultures"-noun-0,"Urine culture"-tx-28-"urine culture"-noun-0]|TX|2411/14;2352/13|
00000000|MMI|8.00|Blood culture|C0200949|[lbpr]|["Blood culture"-tx-31-"blood cultures"-noun-0,"Blood culture"-tx-28-"blood cultures"-noun-0]|TX|2478/14;2335/14|
00000000|MMI|7.51|Bilateral salpingectomy with oophorectomy|C0195495|[topp]|["Bilateral salpingo-oophorectomy"-tx-20-"bilateral salpingo-oophorectomy"-noun-0,"Bilateral salpingo-oophorectomy"-tx-3-"BILATERAL SALPINGO-OOPHORECTOMY"-noun-0]|TX|1456/31;145/31|
00000000|MMI|7.40|Hematocrit level|C0518014|[fndg]|["Hematocrit"-tx-26-"hematocrit"-noun-0]|TX|[2057/10],[2112/10]|
00000000|MMI|7.36|Gait normal|C0231683|[fndg]|["Normal"-tx-37-"normal"-adj-0,"Normal"-tx-7-"normal"-adj-0]|TX|2935/6;612/6|
00000000|MMI|7.36|Mean Percent of Normal|C2347086|[qnco]|["% Normal"-tx-37-"normal"-adj-0,"% Normal"-tx-7-"normal"-adj-0]|TX|2935/6;612/6|
00000000|MMI|7.36|Normal|C0205307|[qlco]|["NORMAL"-tx-37-"normal"-adj-0,"NORMAL"-tx-7-"normal"-adj-0]|TX|2935/6;612/6|
00000000|MMI|7.36|Percent normal|C0439166|[qnco]|["% normal"-tx-37-"normal"-adj-0,"% normal"-tx-7-"normal"-adj-0]|TX|2935/6;612/6|
00000000|MMI|7.31|Negation|C1518422|[ftcn]|["Not"-tx-17-"not"-adv-0,"Not"-tx-11-"not"-adv-0]|TX|1231/3;922/3|
00000000|MMI|7.29|per year|C0439508|[tmco]|["/Year"-tx-18-"year"-noun-0,"/Year"-tx-4-"year"-noun-0]|TX|1323/4;226/4|
00000000|MMI|7.29|year|C0439234|[tmco]|["YEAR"-tx-18-"year"-noun-0,"YEAR"-tx-4-"year"-noun-0]|TX|1323/4;226/4|
00000000|MMI|7.27|Pharmaceutical Preparations|C0013227|[phsu]|["Medication"-tx-22-"medication"-noun-0,"Medications"-tx-19-"MEDICATIONS"-noun-0]|TX|1700/10;1339/11|D26
00000000|MMI|7.25|Good|C0205170|[qlco]|["Well"-tx-38-"well"-adv-0,"Good"-tx-32-"good"-adj-0]|TX|2958/4;2554/4|
00000000|MMI|7.19|30%|C3842588|[fndg]|["30%"-tx-26-"30"-integer-0,"30%"-tx-20-"30"-fraction-0]|TX|2089/2;1407/2|
00000000|MMI|7.15|Pain NOS Adverse Event|C1962977|[fndg]|["Pain NOS"-tx-22-"pain"-noun-0]|TX|[1671/4],[1695/4]|
00000000|MMI|7.11|ultrasound device|C1875843|[medd]|["ULTRASOUND"-tx-37-"ultrasound"-noun-0,"ULTRASOUND"-tx-9-"ultrasound"-noun-0]|TX|2886/10;730/10|
00000000|MMI|7.08|Three|C0205449|[qnco]|["Three"-tx-27-"three"-word_numeral-0,"Three"-tx-15-"three"-word_numeral-0]|TX|2219/5;1137/5|
00000000|MMI|7.01|Concept History|C1705255|[cnce]|["History"-tx-12-"History"-noun-0,"History"-tx-4-"history"-noun-0]|TX|943/7;261/7|
00000000|MMI|7.01|History of previous events|C2004062|[fndg]|["History"-tx-12-"History"-noun-0,"History"-tx-4-"history"-noun-0]|TX|943/7;261/7|
00000000|MMI|6.96|Secondary to|C0175668|[tmco]|["Secondary"-tx-34-"secondary"-adj-0,"Secondary"-tx-5-"secondary"-adj-0]|TX|2652/9;424/9|
00000000|MMI|6.96|second (number)|C0205436|[qnco]|["Secondary"-tx-34-"secondary"-adj-0,"Secondary"-tx-5-"secondary"-adj-0]|TX|2652/9;424/9|
00000000|MMI|6.59|Skin|C1123023|[bdsy]|["SKIN"-tx-23-"skin"-noun-0]|TX|1827/4|A17.815
00000000|MMI|5.18|10%|C3842590|[fndg]|["10%"-tx-30-"10"-integer-0]|TX|2431/2|
00000000|MMI|5.18|7 - 9|C3841787|[fndg]|["7 - 9"-tx-29-"7.9"-real_number-0]|TX|2406/3|
00000000|MMI|5.18|A Proliferation-Inducing Ligand Measurement|C3811652|[lbpr]|["APRIL"-tx-7-"April"-noun-0]|TX|593/5|
00000000|MMI|5.18|Abdominal hysterectomy|C0404077|[topp]|["ABDOMINAL HYSTERECTOMY"-tx-10-"abdominal hysterectomy"-noun-0]|TX|861/22|
00000000|MMI|5.18|April|C3715024|[tmco]|["April"-tx-7-"April"-noun-0]|TX|593/5|
00000000|MMI|5.18|Clear|C2963144|[qlco]|["Clear"-tx-33-"clear"-adj-0]|TX|2609/5|
00000000|MMI|5.18|Deny (action)|C2700401|[acty]|["Deny"-tx-16-"Denies"-verb-0]|TX|1163/6|
00000000|MMI|5.18|Diagnosis|C0011900|[fndg]|["DIAGNOSIS"-tx-2-"DIAGNOSIS"-noun-0]|TX|69/9|E01
00000000|MMI|5.18|Diagnosis Study|C1704656|[resa]|["DIAGNOSIS"-tx-2-"DIAGNOSIS"-noun-0]|TX|69/9|
00000000|MMI|5.18|Dilated|C0700124|[fndg]|["Dilation"-tx-7-"dilation"-noun-0]|TX|529/8|
00000000|MMI|5.18|Discharge date|C2361123|[tmco]|["Discharge date"-tx-1-"Discharge Date"-noun-0]|TX|0/14|
00000000|MMI|5.18|Discharge date:Time Stamp -- Date and Time:Point in time:^Patient:Quantitative|C2361122|[clna]|["Discharge date"-tx-1-"Discharge Date"-noun-0]|TX|0/14|
00000000|MMI|5.18|Endometrial biopsy|C1510477|[diap]|["Endometrial Biopsy"-tx-5-"endometrial biopsy"-noun-0]|TX|388/18|
00000000|MMI|5.18|Endometrial scraping|C0404066|[diap]|["endometrial biopsy"-tx-5-"endometrial biopsy"-noun-0]|TX|388/18|
00000000|MMI|5.18|Entity Name Part Type - given|C1550718|[idcn]|["given"-tx-22-"given"-verb-0]|TX|1684/5|
00000000|MMI|5.18|GIVEN|C1442162|[cnce]|["GIVEN"-tx-22-"given"-verb-0]|TX|1684/5|
00000000|MMI|5.18|Genus Anemia|C1000483|[plnt]|["Anemia"-tx-4-"anemia"-noun-0]|TX|291/6|
00000000|MMI|5.18|Give - dosing instruction imperative|C1947971|[ftcn]|["Given"-tx-22-"given"-verb-0]|TX|1684/5|
00000000|MMI|5.18|Given name|C3244317|[inpr]|["given"-tx-22-"given"-verb-0]|TX|1684/5|
00000000|MMI|5.18|Growth action|C2911660|[acty]|["Growth"-tx-31-"growth"-noun-0]|TX|2503/6|
00000000|MMI|5.18|H/O: surgery|C0455610|[fndg]|["Past surgical history"-tx-13-"PAST SURGICAL HISTORY"-noun-0]|TX|1003/21|
00000000|MMI|5.18|History of present illness:Finding:Point in time:^Patient:Nominal:Reported|C0488508|[clna]|["History of present illness"-tx-4-"HISTORY OF PRESENT ILLNESS"-noun-0]|TX|178/26|
00000000|MMI|5.18|Hospital course|C0489547|[fndg]|["Hospital course"-tx-20-"HOSPITAL COURSE"-noun-0]|TX|1360/15|
00000000|MMI|5.18|Hospital course:Finding:Point in time:^Patient:Narrative|C0488549|[clna]|["Hospital course"-tx-20-"HOSPITAL COURSE"-noun-0]|TX|1360/15|
00000000|MMI|5.18|Hospital environment|C1510665|[qlco]|["Hospital"-tx-34-"hospital"-noun-0]|TX|2695/8|
00000000|MMI|5.18|Hypertension Adverse Event|C1963138|[fndg]|["Hypertension"-tx-11-"Hypertension"-noun-0]|TX|907/12|
00000000|MMI|5.18|Medical Device Emits Smoke|C1881674|[phpr]|["Smoking"-tx-15-"Smoking"-verb-0]|TX|1122/7|
00000000|MMI|5.18|Negative|C0205160|[qlco]|["Negative"-tx-31-"negative"-adj-0]|TX|2465/8|
00000000|MMI|5.18|Negative - answer|C3853545|[qlco]|["Negative"-tx-31-"negative"-adj-0]|TX|2465/8|
00000000|MMI|5.18|Negative Charge|C2825491|[qlco]|["Negative"-tx-31-"negative"-adj-0]|TX|2465/8|
00000000|MMI|5.18|Negative Finding|C1513916|[fndg]|["NEGATIVE"-tx-31-"negative"-adj-0]|TX|2465/8|
00000000|MMI|5.18|Negative Number|C2825415|[cnce]|["Negative"-tx-31-"negative"-adj-0]|TX|2465/8|
00000000|MMI|5.18|Negative Surgical Margin|C1709157|[fndg]|["Clear"-tx-33-"clear"-adj-0]|TX|2609/5|
00000000|MMI|5.18|Nuclear cap binding complex location|C2263086|[celc]|["CBC"-tx-28-"CBC"-noun-0]|TX|2372/3|
00000000|MMI|5.18|Only - dosing instruction fragment|C1720467|[inpr]|["Only"-tx-23-"only"-adv-0]|TX|1757/4|
00000000|MMI|5.18|PMH - past medical history|C0455458|[fndg]|["Past medical history"-tx-11-"PAST MEDICAL HISTORY"-noun-0]|TX|885/20|
00000000|MMI|5.18|Physical therapy (field)|C0699718|[bmod]|["physical therapy"-tx-27-"physical therapy"-noun-0]|TX|2230/16|
00000000|MMI|5.18|Plain chest X-ray|C0039985|[diap]|["Chest X-ray"-tx-33-"chest x-ray"-noun-0]|TX|2573/11|
00000000|MMI|5.18|Primary procedure|C1302423|[ftcn]|["Principal procedure"-tx-3-"PRINCIPAL PROCEDURE"-noun-0]|TX|93/19|
00000000|MMI|5.18|Send (transmission)|C1519246|[ftcn]|["Sent"-tx-28-"sent"-verb-0]|TX|2380/4|
00000000|MMI|5.18|Singular|C0205171|[qnco]|["Only"-tx-23-"only"-adv-0]|TX|1757/4|
00000000|MMI|5.18|Social History|C3714536|[fndg]|["Social History"-tx-15-"SOCIAL HISTORY"-noun-0]|TX|1106/14|
00000000|MMI|5.18|Social and personal history|C0424945|[fndg]|["Social history"-tx-15-"SOCIAL HISTORY"-noun-0]|TX|1106/14|
00000000|MMI|5.18|Stable Disease|C0677946|[fndg]|["Stable condition"-tx-21-"stable condition"-noun-0]|TX|1599/16|
00000000|MMI|5.18|Stable chronic Graft vs Host Disease|C3538874|[fndg]|["Stable condition"-tx-21-"stable condition"-noun-0]|TX|1599/16|
00000000|MMI|5.18|TNFSF13 wt Allele|C3715025|[gngm]|["APRIL"-tx-7-"April"-noun-0]|TX|593/5|
00000000|MMI|5.18|Tissue Growth|C1621966|[ortf]|["Growth"-tx-31-"growth"-noun-0]|TX|2503/6|
00000000|MMI|5.18|Tobacco smoking behavior|C0453996|[inbe]|["Smoking"-tx-15-"Smoking"-verb-0]|TX|1122/7|
00000000|MMI|5.18|Unable|C1299582|[fndg]|["Unable"-tx-27-"unable"-adj-0]|TX|2148/6|
00000000|MMI|5.18|Views:Finding:Point in time:Chest:Narrative:XR|C1114557|[clna]|["Chest X-ray"-tx-33-"chest x-ray"-noun-0]|TX|2573/11|
00000000|MMI|5.18|Well|C3146287|[mnob]|["Well"-tx-38-"well"-adv-0]|TX|2958/4|
00000000|MMI|5.18|curettage specimen|C0700071|[bdsu]|["Curettage"-tx-7-"curettage"-noun-0]|TX|542/9|
00000000|MMI|5.18|growth aspects|C0220844|[phsf]|["growth"-tx-31-"growth"-noun-1]|TX|2503/6|
00000000|MMI|3.98|Geographic state|C1301808|[geoa]|["State"-tx-17-"stating"-verb-0]|TX|1215/7|
00000000|MMI|3.98|Normal delivery|C1384485|[fndg]|["Normal Spontaneous Vaginal Delivery"-tx-14-"normal spontaneous vaginal deliveries"-noun-0]|TX|1067/37|
00000000|MMI|3.98|Receive|C1514756|[qlco]|["Receive"-tx-35-"receiving"-verb-0]|TX|2713/9|
00000000|MMI|3.98|State|C1442792|[ftcn]|["State"-tx-17-"stating"-verb-0]|TX|1215/7|
00000000|MMI|3.98|US State|C3148680|[geoa]|["State"-tx-17-"stating"-verb-0]|TX|1215/7|
00000000|MMI|3.98|suggestion|C1705535|[idcn]|["Suggest"-tx-34-"suggested"-verb-0]|TX|2637/9|
00000000|MMI|3.75|Not well|C3841798|[fndg]|["Not well"-tx-11-"not well"-adj-0]|TX|922/8|
00000000|MMI|3.75|Well controlled|C3853142|[ftcn]|["Well controlled"-tx-11-"well controlled"-adj-0]|TX|926/15|
00000000|MMI|3.72|Treated with|C0332293|[topp]|["Treated with"-tx-18-"treated with"-verb-0]|TX|1300/12|
00000000|MMI|3.68|% index|C1637833|[qnco]|["% index"-tx-41-"Index"-noun-0]|TX|3140/5|
00000000|MMI|3.68|0%|C3842591|[fndg]|["0%"-tx-26-"0"-real_number-0]|TX|2075/1|
00000000|MMI|3.68|Attending (action)|C1999232|[ftcn]|["attending"-tx-40-"Attending"-noun-0]|TX|3076/9|
00000000|MMI|3.68|Attending (provider role)|C1547429|[prog]|["Attending"-tx-40-"Attending"-noun-0]|TX|3076/9|
00000000|MMI|3.68|Count|C0750480|[qnco]|["Count"-tx-29-"count"-noun-0]|TX|2396/5|
00000000|MMI|3.68|Count Dosing Unit|C1705566|[qnco]|["COUNT"-tx-29-"count"-noun-0]|TX|2396/5|
00000000|MMI|3.68|Entire endometrium|C1269566|[bpoc]|["Endometrium"-tx-5-"endometrium"-noun-0]|TX|434/11|
00000000|MMI|3.68|Html Link Type - index|C1552854|[idcn]|["index"-tx-41-"Index"-noun-0]|TX|3140/5|
00000000|MMI|3.68|Index|C0918012|[inpr]|["Index"-tx-41-"Index"-noun-0]|TX|3140/5|
00000000|MMI|3.68|Medications:-:Point in time:^Patient:-|C2598133|[clna]|["Medications"-tx-19-"MEDICATIONS"-noun-0]|TX|1339/11|
00000000|MMI|3.68|Medications:Presence or Identity:Duration of the study:^Patient:Nominal|C0802604|[clna]|["Medications"-tx-19-"MEDICATIONS"-noun-0]|TX|1339/11|
00000000|MMI|3.68|Pathology processes|C0677042|[patf]|["pathology"-tx-7-"pathology"-noun-0]|TX|619/9|
00000000|MMI|3.68|TOAST Classification|C1710306|[clas]|["TOAST"-tx-38-"toast"-noun-0]|TX|2979/5|
00000000|MMI|3.65|Principal Diagnosis:-:Point in time:^Patient:-|C2598194|[clna]|["Principal Diagnosis"-tx-1-"PRINCIPAL DIAGNOSIS"-noun-0]|TX|26/19|
00000000|MMI|3.65|Principal diagnosis|C0332137|[qlco]|["Principal Diagnosis"-tx-1-"PRINCIPAL DIAGNOSIS"-noun-0]|TX|26/19|
00000000|MMI|3.64|Six months|C4082120|[tmco]|["Six months"-tx-17-"six months"-noun-0]|TX|1243/10|
00000000|MMI|3.64|dictated - DocumentCompletion|C1609990|[idcn]|["Dictated"-tx-39-"Dictated"-verb-0]|TX|3036/8|
00000000|MMI|3.64|dictated - ParticipationMode|C1548384|[ftcn]|["dictated"-tx-39-"Dictated"-verb-0]|TX|3036/8|
00000000|MMI|3.63|Oral contraception|C0029151|[topp]|["Oral contraceptive pill"-tx-6-"oral contraceptive pills"-noun-0]|TX|478/24|
00000000|MMI|3.63|3+ Answer to Question|C3838680|[fndg]|["3+"-tx-42-"3"-fraction-0]|TX|3174/1|
00000000|MMI|3.63|3+ Score|C2827736|[qnco]|["3+"-tx-42-"3"-fraction-0]|TX|3174/1|
00000000|MMI|3.63|3+ Score, WHO|C2981702|[clas]|["3+"-tx-42-"3"-fraction-0]|TX|3174/1|
00000000|MMI|3.63|<3 (qualifier value)|C0439086|[qnco]|["<3"-tx-42-"3"-fraction-0]|TX|3174/1|
00000000|MMI|3.63|Control function|C2587213|[ftcn]|["Controlled"-tx-11-"controlled"-adj-0]|TX|931/10|
00000000|MMI|3.63|Disease Controlled|C2911690|[fndg]|["Controlled"-tx-11-"controlled"-adj-1]|TX|931/10|
00000000|MMI|3.63|One|C0205447|[qnco]|["ONE"-tx-22-"one"-noun-0]|TX|1638/3|
00000000|MMI|3.61|Batch (Response Modality)|C1550176|[inpr]|["Batch"-tx-41-"Batch"-noun-0]|TX|3127/5|
00000000|MMI|3.61|Batch (group)|C1948031|[qnco]|["Batch"-tx-41-"Batch"-noun-0]|TX|3127/5|
00000000|MMI|3.61|Batch Number|C3641829|[inpr]|["BATCH"-tx-41-"Batch"-noun-0]|TX|3127/5|
00000000|MMI|3.61|Echocardiogram normal|C0436484|[fndg]|["normal echocardiogram"-tx-12-"normal echocardiogram"-noun-0]|TX|972/21|
00000000|MMI|3.61|Mantoux: positive|C0032739|[lbtr]|["POSITIVE PPD"-tx-18-"positive PPD"-noun-0]|TX|1263/12|
00000000|MMI|3.60|Medication response|C1319171|[fndg]|["Medication response"-tx-22-"medication response"-noun-0]|TX|1700/10,1714/8|
00000000|MMI|3.60|Response to pain finding|C0424543|[fndg]|["response pain"-tx-22-"pain response"-noun-0]|TX|1695/4,1714/8|
00000000|MMI|3.59|At risk of deep vein thrombosis|C1279805|[fndg]|["deep risk thrombosis vein"-tx-25-"risk deep venous thrombosis"-noun-0]|TX|1953/4,1961/22|
00000000|MMI|3.59|Mass of body region|C0577573|[sosy]|["Mass"-tx-9-"mass"-noun-0]|TX|778/4|
00000000|MMI|3.59|Mass of body structure|C0577559|[fndg]|["MASS"-tx-9-"mass"-noun-0]|TX|778/4|
00000000|MMI|3.59|Mass, a measure of quantity of matter|C1306372|[qnco]|["*Mass"-tx-9-"mass"-noun-0]|TX|778/4|
00000000|MMI|3.59|Milliampere second|C3539882|[qnco]|["mAs"-tx-9-"mass"-noun-0]|TX|778/4|
00000000|MMI|3.59|Molecular Mass|C3152252|[qnco]|["Mass"-tx-9-"mass"-noun-0]|TX|778/4|
00000000|MMI|3.59|Apyrexial|C0277797|[fndg]|["Afebrile"-tx-36-"afebrile"-adj-0]|TX|2816/8|
00000000|MMI|3.59|Assisted (qualifier value)|C1269765|[qlco]|["Help"-tx-27-"help"-verb-0]|TX|2264/4|
00000000|MMI|3.59|Borg Scale Rating of Perceived Exertion Score 11|C4050248|[inpr]|["Light"-tx-23-"light"-noun-0]|TX|1809/5|
00000000|MMI|3.59|Help document|C1552861|[inpr]|["help"-tx-27-"help"-verb-0]|TX|2264/4|
00000000|MMI|3.59|Light (qualifier)|C1881376|[qlco]|["Light"-tx-23-"light"-noun-0]|TX|1809/5|
00000000|MMI|3.59|Light - subjective measurement|C3842678|[fndg]|["Light"-tx-23-"light"-noun-0]|TX|1809/5|
00000000|MMI|3.59|Light color|C1306462|[ftcn]|["Light"-tx-23-"light"-noun-0]|TX|1809/5|
00000000|MMI|3.59|Recovery unit|C4075638|[mnob]|["Recovery unit"-tx-21-"recovery unit"-noun-0]|TX|1560/13|
00000000|MMI|3.59|Therapeutic Mobilization|C0185112|[topp]|["Mobilization"-tx-27-"mobilization"-noun-0]|TX|2274/12|
00000000|MMI|3.59|desire|C0871633|[menp]|["desire"-tx-10-"desire"-noun-0]|TX|843/6|
00000000|MMI|3.59|mobilization|C0300926|[ftcn]|["mobilization"-tx-27-"mobilization"-noun-0]|TX|2274/12|
00000000|MMI|3.57|Alveolar gas volume|C0231966|[clna]|["V A"-tx-4-"V a"-noun-0]|TX|252/1,259/1|
00000000|MMI|3.57|24 Hours|C1442770|[tmco]|["24 Hours"-tx-36-"24 hours"-noun-0]|TX|2842/8|
00000000|MMI|3.57|24 hour time frame|C0439584|[tmco]|["24 hours"-tx-36-"24 hours"-noun-0]|TX|2842/8|
00000000|MMI|3.57|Emotional tenderness|C0684239|[menp]|["tenderness"-tx-23-"tenderness"-noun-0]|TX|1778/10|
00000000|MMI|3.57|Floor (anatomic)|C3714591|[anst]|["Floor"-tx-21-"floor"-noun-0]|TX|1590/5|
00000000|MMI|3.57|Floor - story of building|C1547707|[geoa]|["Floor"-tx-21-"floor"-noun-0]|TX|1590/5|
00000000|MMI|3.57|October|C3828732|[qlco]|["October"-tx-5-"October"-noun-0]|TX|362/7|
00000000|MMI|3.57|Sore to touch|C0234233|[sosy]|["TENDERNESS (NOS)"-tx-23-"tenderness"-noun-0]|TX|1778/10|
00000000|MMI|3.57|Tactile|C0439815|[qlco]|["Touch"-tx-23-"touch"-noun-0]|TX|1818/5|
00000000|MMI|3.57|Used by|C1273517|[fndg]|["used"-tx-17-"used"-verb-1]|TX|1235/4|
00000000|MMI|3.57|floor (object)|C0016249|[mnob]|["Floor"-tx-21-"floor"-noun-0]|TX|1590/5|
00000000|MMI|3.57|per 24 hours|C0456696|[tmco]|["/24 hours"-tx-36-"24 hours"-noun-0]|TX|2842/8|
00000000|MMI|3.56|medication - HL7 publishing domain|C3244316|[ftcn]|["medication"-tx-22-"medication"-noun-0]|TX|1700/10|
00000000|MMI|3.55|Lot (entire collection)|C1518000|[qlco]|["Lot"-tx-22-"lot"-noun-0]|TX|1664/3|
00000000|MMI|3.55|Lot Number|C1115660|[inpr]|["LOT"-tx-22-"lot"-noun-0]|TX|1664/3|
00000000|MMI|3.55|Month of May|C3812381|[tmco]|["May"-tx-4-"May"-noun-0]|TX|335/3|
00000000|MMI|3.55|Stock (in-store merchandise)|C1710198|[idcn]|["Lot"-tx-22-"lot"-noun-0]|TX|1664/3|
00000000|MMI|3.55|game|C0150593|[dora]|["game"-tx-34-"game"-noun-0]|TX|2662/4|
00000000|MMI|3.55|seen|C0205397|[qlco]|["Seen"-tx-4-"seen"-verb-0]|TX|306/4|
00000000|MMI|3.51|Cautionary Warning|C0871599|[gora]|["warn"-tx-25-"warned"-verb-0]|TX|1939/6|
00000000|MMI|3.50|Adjacent|C0205117|[spco]|["next"-tx-31-"next"-adj-0]|TX|2445/4|
00000000|MMI|3.50|Caucasians|C0043157|[popg]|["WHITE"-tx-29-"white"-adj-0]|TX|2390/5|
00000000|MMI|3.50|Empiric|C1880496|[qlco]|["Empiric"-tx-35-"empiric"-adj-0]|TX|2723/7|
00000000|MMI|3.50|First (number)|C0205435|[qnco]|["First"-tx-24-"first"-adj-0]|TX|1890/5|
00000000|MMI|3.50|Firstly|C1279901|[qlco]|["First"-tx-24-"first"-adj-0]|TX|1890/5|
00000000|MMI|3.50|Following|C0332282|[tmco]|["Next"-tx-31-"next"-adj-0]|TX|2445/4|
00000000|MMI|3.50|French Catheter Gauge|C3640168|[qnco]|["French"-tx-38-"French"-adj-0]|TX|2972/6|
00000000|MMI|3.50|French language|C0376246|[lang]|["French"-tx-38-"French"-adj-0]|TX|2972/6|
00000000|MMI|3.50|Office|C0442603|[mnob]|["Office"-tx-9-"Office"-noun-0]|TX|680/6|
00000000|MMI|3.50|Preoperative|C0445204|[tmco]|["Preoperative"-tx-26-"preoperative"-adj-0]|TX|2099/12|
00000000|MMI|3.50|White color|C0220938|[qlco]|["WHITE"-tx-29-"white"-adj-0]|TX|2390/5|
00000000|MMI|3.50|french race|C1556084|[popg]|["French"-tx-38-"French"-adj-0]|TX|2972/6|
00000000|MMI|3.48|Half|C2825407|[qnco]|["Half"-tx-24-"half"-adv-0]|TX|1906/4|
00000000|MMI|3.48|Recovering from|C0521108|[qlco]|["recovered"-tx-17-"recovered"-adj-0]|TX|1188/9|
00000000|MMI|3.47|Superficial palpation|C0278327|[diap]|["Superficial palpation"-tx-23-"superficial palpation"-noun-0]|TX|1766/11,1792/9|
00000000|MMI|3.47|2/5|C0450346|[qnco]|["2 5"-tx-9-"2.5"-real_number-0]|TX|751/3|
00000000|MMI|3.47|4+ Answer to question|C3838679|[fndg]|["4+"-tx-42-"4"-fraction-0]|TX|3163/1|
00000000|MMI|3.46|Old|C0580836|[tmco]|["Old"-tx-4-"old"-noun-0]|TX|231/3|
00000000|MMI|3.45|intracavitary|C1298613|[spco]|["Intracavitary"-tx-9-"intracavitary"-adj-0]|TX|764/13|
00000000|MMI|3.45|Greater|C1704243|[qnco]|["Greater"-tx-36-"greater"-adj-0]|TX|2829/7|
00000000|MMI|3.44|Blood Loss|C3163616|[fndg]|["Loss Of Blood"-tx-20-"blood loss of"-noun-0]|TX|1495/13|
00000000|MMI|3.44|Entire skin|C1278993|[bdsy]|["Skin"-tx-23-"skin"-noun-0]|TX|1827/4|
00000000|MMI|3.44|Right|C0205090|[spco]|["RIGHT"-tx-13-"Right"-adj-0]|TX|1026/5|
00000000|MMI|3.44|Right sided|C0444532|[spco]|["Right"-tx-13-"Right"-adj-0]|TX|1026/5|
00000000|MMI|3.44|Skin Specimen|C0444099|[bdsu]|["Skin"-tx-23-"skin"-noun-0]|TX|1827/4|
00000000|MMI|3.44|Submucosal Route of Drug Administration|