00000000|MMI|7.28|Signature|C1519316|[inpr]|["Signed"-tx-2-"Signed"-noun-0]|TX|[98/6],[153/6]|
00000000|MMI|7.28|signed - ParticipationSignature|C1561610|[inpr]|["signed"-tx-2-"Signed"-noun-0]|TX|[98/6],[153/6]|
00000000|MMI|3.68|Structure of right thigh|C0230425|[bpoc]|["RT"-tx-1-"RT"-noun-0]|TX|70/2|
00000000|MMI|3.65|Report status|C0586177|[fndg]|["Report status"-tx-2-"Report Status"-noun-0]|TX|138/13|
00000000|MMI|3.62|Admission date:Time Stamp -- Date and Time:Point in time:^Patient:Quantitative|C2598112|[clna]|["Admission date"-tx-2-"Admission Date"-noun-0]|TX|113/14|
00000000|MMI|3.62|Date of admission|C1302393|[tmco]|["Admission date"-tx-2-"Admission Date"-noun-0]|TX|113/14|
00000000|MMI|3.59|Pyrexia of unknown origin (excl puerperal)|C0856281|[sosy]|["puo"-tx-1-"PUO"-noun-0]|TX|12/3|
00000000|MMI|3.50|failed|C0231175|[ftcn]|["Failed"-tx-1-"FAILED"-adj-0]|TX|63/6|
00000000|MMI|3.49|Total Hip Replacement (procedure)|C0040508|[topp]|["Total Hip Replacement"-tx-2-"TOTAL HIP REPLACEMENT"-noun-0]|TX|74/21|
00000000|MMI|3.49|6/4|C0442748|[fndg]|["6/4"-tx-2-"6/4"-fraction-0]|TX|129/3|
00000000|MMI|3.45|Diagnostic interview schedule|C0451119|[inpr]|["DIS"-tx-2-"DIS"-noun-0]|TX|107/3|
00000000|MMI|3.45|Discontinued|C1444662|[fndg]|["DIS"-tx-2-"DIS"-noun-0]|TX|107/3|
00000000|MMI|66.63|Hemiarthroplasty|C0744743|[topp]|["Hemiarthroplasty"-tx-9-"hemiarthroplasty"-noun-0,"Hemiarthroplasty"-tx-3-"hemiarthroplasty"-noun-0,"Hemiarthroplasty"-tx-2-"HEMIARTHROPLASTY"-noun-0,"Hemiarthroplasty"-tx-1-"HEMIARTHROPLASTY"-noun-0]|TX|765/16;256/16;119/16;54/16|E04.555.110.110.482;E04.650.110.482;E04.680.101.110.482
00000000|MMI|64.89|Patients|C0030705|[podg]|["*^patient"-tx-26-"patient"-noun-0,"*^patient"-tx-18-"patient"-noun-0,"*^patient"-tx-17-"patient"-noun-0,"*^patient"-tx-7-"patient"-noun-0,"*^patient"-tx-6-"patient"-noun-0,"*^patient"-tx-5-"patient"-noun-0,"*^patient"-tx-4-"patient"-noun-0]|TX|1939/7;1264/7;1119/7;589/7;462/7;343/7;286/7|M01.643
00000000|MMI|58.74|Patient Discharge|C0030685|[hlca]|["Discharged"-tx-25-"discharged"-verb-0,"Discharge"-tx-22-"discharge"-noun-0,"Discharged"-tx-6-"discharged"-verb-0]|TX|1836/10;1744/9;542/10|E02.204.125;E02.760.400.610;N02.421.192.125;N02.421.585.400.610;N04.590.233.727.210.125
00000000|MMI|45.07|Coumadin|C0699129|[orch,phsu]|["Coumadin"-tx-25-"Coumadin"-noun-0]|TX|[1850/8],[1898/8]|D03.383.663.283.446.520.914;D03.438.150.446.520.914
00000000|MMI|40.34|Abortion consent:Finding:Point in time:^Patient:Document|C2360836|[clna]|["Patient"-tx-26-"patient"-noun-0,"Patient"-tx-18-"patient"-noun-0,"Patient"-tx-17-"patient"-noun-0,"Patient"-tx-7-"patient"-noun-0,"Patient"-tx-6-"patient"-noun-0,"Patient"-tx-5-"patient"-noun-0,"Patient"-tx-4-"patient"-noun-0]|TX|1939/7;1264/7;1119/7;589/7;462/7;343/7;286/7|
00000000|MMI|40.34|Hysterectomy consent:Finding:Point in time:^Patient:Document|C2360838|[clna]|["Patient"-tx-26-"patient"-noun-0,"Patient"-tx-18-"patient"-noun-0,"Patient"-tx-17-"patient"-noun-0,"Patient"-tx-7-"patient"-noun-0,"Patient"-tx-6-"patient"-noun-0,"Patient"-tx-5-"patient"-noun-0,"Patient"-tx-4-"patient"-noun-0]|TX|1939/7;1264/7;1119/7;589/7;462/7;343/7;286/7|
00000000|MMI|40.34|Sterilization consent:Finding:Point in time:^Patient:Document|C2360840|[clna]|["Patient"-tx-26-"patient"-noun-0,"Patient"-tx-18-"patient"-noun-0,"Patient"-tx-17-"patient"-noun-0,"Patient"-tx-7-"patient"-noun-0,"Patient"-tx-6-"patient"-noun-0,"Patient"-tx-5-"patient"-noun-0,"Patient"-tx-4-"patient"-noun-0]|TX|1939/7;1264/7;1119/7;589/7;462/7;343/7;286/7|
00000000|MMI|35.81|Togo|C0040363|[geoa]|["TO"-tx-26-"to"-adv-0,"TO"-tx-21-"to"-adv-0]|TX|1995/2;1630/2|Z01.058.290.190.800
00000000|MMI|35.81|Tryptophanase|C0041260|[aapp,enzy]|["TO"-tx-26-"to"-adv-0,"TO"-tx-21-"to"-adv-0]|TX|1995/2;1630/2|D08.811.520.224.800
00000000|MMI|27.26|Nicotiana|C0086707|[plnt]|["Tobacco"-tx-16-"tobacco"-noun-0]|TX|1076/7|B01.650.940.800.575.100.905.900
00000000|MMI|27.26|Nicotiana tabacum|C0740009|[plnt]|["Tobacco"-tx-16-"tobacco"-noun-0]|TX|1076/7|B01.650.940.800.575.100.905.900
00000000|MMI|27.26|Penicillin G|C0030827|[antb,orch]|["penicillin"-tx-14-"penicillin"-noun-0]|TX|1019/10|D02.065.589.099.750.750;D02.886.108.750.750;D03.438.260.825.750;D03.605.084.737.750;D04.075.080.875.099.221.750.750
00000000|MMI|25.41|Maintenance|C0024501|[acty]|["Maintain"-tx-26-"maintain"-verb-0,"Maintain"-tx-25-"maintain"-verb-0,"Maintain"-tx-21-"maintain"-verb-0]|TX|1998/8;1889/8;1633/8|N02.628
00000000|MMI|24.11|Penicillin|C0220892|[antb,orch]|["PENICILLIN"-tx-14-"penicillin"-noun-0]|TX|1019/10|D02.065.589.099.750;D02.886.108.750;D03.438.260.825;D03.605.084.737;D04.075.080.875.099.221.750
00000000|MMI|24.11|Penicillins|C0030842|[antb,orch]|["Penicillin"-tx-14-"penicillin"-noun-0]|TX|1019/10|D02.065.589.099.750;D02.886.108.750;D03.438.260.825;D03.605.084.737;D04.075.080.875.099.221.750
00000000|MMI|22.48|therapeutic aspects|C0039798|[ftcn]|["therapy"-tx-25-"therapy"-noun-0]|TX|1907/7|x.x.x.x.x.x.x
00000000|MMI|22.32|Post|C0687676|[tmco]|["Status Post"-tx-13-"Status post"-prep-0,"Status Post"-tx-12-"Status post"-prep-0,"Post"-tx-11-"post"-prep-0,"Status Post"-tx-11-"Status post"-prep-0,"Status Post"-tx-9-"Status post"-prep-0,"Status Post"-tx-3-"status post"-prep-0]|TX|953/11;901/11;828/4;821/11;745/11;230/11|
00000000|MMI|20.95|Prothrombin time assay|C0033707|[lbpr]|["Time, Prothrombin"-tx-26-"prothrombin time"-noun-0]|TX|1961/16|E01.370.225.625.115.610;E05.200.625.115.610;G09.188.680
00000000|MMI|20.95|Vision|C0042789|[orgf]|["see"-tx-28-"see"-verb-0]|TX|2114/3|F02.830.816.964;G02.111.087.800.480.900;G02.149.115.800.480.900;G04.299.880.480.900;G11.561.600.810.964;G14.640.816
00000000|MMI|19.34|International Normalized Ratio|C0525032|[lbpr]|["INR"-tx-26-"INR"-noun-0]|TX|2010/3|E01.370.225.625.115.320;E05.200.625.115.320
00000000|MMI|19.21|Accident and Emergency department|C0562508|[hcro]|["EMERGENCY ROOM"-tx-6-"emergency room"-noun-0]|TX|506/14|N02.278.216.500.968.336;N02.421.297.195;N04.452.442.422.336
00000000|MMI|18.95|Good|C0205170|[qlco]|["Well"-tx-27-"well"-adv-0,"Well"-tx-22-"well"-adv-0,"Well"-tx-18-"well"-adv-0,"Well"-tx-17-"well"-adv-0,"Well"-tx-5-"well"-adv-0]|TX|2057/4;1704/4;1332/4;1151/4;355/4|
00000000|MMI|18.95|Well|C3146287|[mnob]|["Well"-tx-27-"well"-adv-0,"Well"-tx-22-"well"-adv-0,"Well"-tx-18-"well"-adv-0,"Well"-tx-17-"well"-adv-0,"Well"-tx-5-"well"-adv-0]|TX|2057/4;1704/4;1332/4;1151/4;355/4|
00000000|MMI|18.26|Right|C0205090|[spco]|["RIGHT"-tx-13-"right"-adj-0,"RIGHT"-tx-7-"right"-adj-0,"RIGHT"-tx-3-"right"-adj-0,"RIGHT"-tx-2-"RIGHT"-adj-0]|TX|965/5;[645/5],[664/5];242/5;164/5|
00000000|MMI|18.26|Right sided|C0444532|[spco]|["Right"-tx-13-"right"-adj-0,"Right"-tx-7-"right"-adj-0,"Right"-tx-3-"right"-adj-0,"Right"-tx-2-"RIGHT"-adj-0]|TX|965/5;[645/5],[664/5];242/5;164/5|
00000000|MMI|18.18|Status post|C0231290|[tmco]|["Status post"-tx-13-"Status post"-prep-0,"Status post"-tx-12-"Status post"-prep-0,"Status post"-tx-11-"Status post"-prep-0,"Status post"-tx-9-"Status post"-prep-0,"Status post"-tx-3-"status post"-prep-0]|TX|953/11;901/11;821/11;745/11;230/11|
00000000|MMI|16.59|Hearing|C0018767|[phsf]|["hear"-tx-5-"heard"-verb-0]|TX|385/5|F02.830.816.263;G11.561.600.810.263
00000000|MMI|16.30|In Blood|C0005768|[bdsu]|["BLOOD"-tx-21-"blood"-noun-0]|TX|1646/5|x.x.x.x.x
00000000|MMI|16.22|Knee Replacement Arthroplasty (procedure)|C0086511|[topp]|["Total Knee Replacement"-tx-13-"total knee replacement"-noun-0]|TX|971/22|E04.555.110.110.115;E04.650.110.115;E04.680.101.110.115
00000000|MMI|16.20|Osteoarthritis of hip|C0029410|[dsyn]|["Hip arthrosis"-tx-6-"hip arthrosis"-noun-0]|TX|560/3,574/9|C05.550.114.606.400;C05.799.613.400
00000000|MMI|16.16|Noise|C0028263|[phpr]|["Noise"-tx-5-"noise"-noun-0]|TX|399/5|G01.750.770.776.567;G16.500.275.600;N06.230.400;N06.850.460.610
00000000|MMI|16.08|Congenital arteriovenous malformation|C0003857|[cgab,dsyn]|["Arteriovenous Malformation"-tx-4-"arteriovenous malformation"-noun-0]|TX|311/26|C14.240.850.750;C14.907.150;C16.131.240.850.750
00000000|MMI|16.06|Roentgen Rays|C0043309|[npop]|["X-Rays"-tx-28-"x-rays"-noun-0]|TX|2163/6|G01.358.500.505.970;G01.750.250.970;G01.750.750.918
00000000|MMI|16.04|Pain|C0030193|[sosy]|["PAIN"-tx-5-"pain"-noun-0]|TX|435/4|C10.597.617;C23.888.592.612;F02.830.816.444;G11.561.600.810.444
00000000|MMI|14.64|Cholecystectomy procedure|C0008320|[topp]|["CHOLECYSTECTOMY"-tx-8-"cholecystectomy"-noun-0]|TX|728/15|E04.210.120.172
00000000|MMI|14.64|Ethanol|C0001962|[orch,phsu]|["ALCOHOL"-tx-16-"alcohol"-noun-0]|TX|1089/7|D02.033.375;x.x.x.x
00000000|MMI|14.64|Pain management|C0002766|[topp]|["Pain Control"-tx-17-"pain control"-noun-0]|TX|1221/12|E02.745;N04.590.607.500
00000000|MMI|14.64|Urticaria|C0042109|[dsyn]|["HIVES"-tx-14-"hives"-noun-0]|TX|1039/5|C17.800.862.945;C20.543.480.904
00000000|MMI|13.46|Physical therapy|C0949766|[topp]|["Physical Therapy"-tx-19-"physical therapy"-noun-0,"Physical Therapy"-tx-17-"physical therapy"-noun-0]|TX|1402/16;1242/16|E02.779
00000000|MMI|13.35|Time|C0040223|[tmco]|["TIME"-tx-28-"time"-noun-0,"TIME"-tx-25-"time"-noun-0]|TX|2154/4;1929/4|G01.910
00000000|MMI|13.30|Drainage procedure|C0013103|[topp]|["Drainage"-tx-20-"drainage"-noun-0,"drain"-tx-20-"drain"-noun-0]|TX|1490/8;1512/5|E02.309;E04.237
00000000|MMI|13.14|Desiccation|C0011682|[npop]|["Dry"-tx-20-"dry"-adj-0]|TX|1460/3|E05.196.335;G02.149.767.530;G02.842.750.530
00000000|MMI|13.05|Helping Behavior|C0018896|[socb]|["Assistance"-tx-19-"assistance"-noun-0]|TX|1362/10|F01.145.813.225
00000000|MMI|13.02|Weight Bearing|C0085086|[fndg]|["Weight Bearing"-tx-19-"weightbearing"-noun-0]|TX|1383/13|G01.374.676.965;G01.595.540.965
00000000|MMI|13.02|Weight-Bearing state|C1318107|[orga]|["Weightbearing"-tx-19-"weightbearing"-noun-0]|TX|1383/13|G01.374.676.965;G01.595.540.965
00000000|MMI|13.01|Degenerative polyarthritis|C0029408|[dsyn]|["arthrosis"-tx-6-"arthrosis"-noun-0]|TX|574/9|C05.550.114.606;C05.799.613
00000000|MMI|13.01|Kidnapping|C0086505|[hcpp]|["Abduction"-tx-6-"abduction"-noun-0]|TX|564/9|I01.198.240;I01.880.735.191
00000000|MMI|13.01|Orthopedics|C0029355|[bmod]|["orthopaedic"-tx-17-"Orthopaedic"-adj-0]|TX|1183/11|H02.403.810.494
00000000|MMI|11.49|Behaviorial Habits|C0018464|[inbe]|["Habits"-tx-16-"HABITS"-noun-0]|TX|1065/6|F01.145.466
00000000|MMI|11.49|Tobacco|C0040329|[hops,orch,phsu]|["TOBACCO"-tx-16-"tobacco"-noun-0]|TX|1076/7|J01.637.836
00000000|MMI|11.31|Hospital course|C0489547|[fndg]|["Hospital course"-tx-21-"hospital course"-noun-0,"Hospital course"-tx-17-"HOSPITAL COURSE"-noun-0]|TX|[1556/15],[1614/15];1098/15|
00000000|MMI|11.31|Hospital course:Finding:Point in time:^Patient:Narrative|C0488549|[clna]|["Hospital course"-tx-21-"hospital course"-noun-0,"Hospital course"-tx-17-"HOSPITAL COURSE"-noun-0]|TX|[1556/15],[1614/15];1098/15|
00000000|MMI|10.67|Bipolar|C0443156|[spco]|["Bipolar"-tx-9-"bipolar"-adj-0,"Bipolar"-tx-7-"bipolar"-adj-0,"Bipolar"-tx-3-"bipolar"-adj-0]|TX|757/7;651/7;248/7|
00000000|MMI|10.42|Doctor of Medicine|C1512018|[inpr]|["M.D."-tx-31-"M.D"-noun-0,"M.D."-tx-29-"M.D"-noun-0]|TX|2250/3;2210/3|
00000000|MMI|10.42|Entire right hip region|C1268233|[blor]|["Right hip"-tx-5-"right hip"-noun-0,"Right hip"-tx-1-"RIGHT HIP"-noun-0]|TX|447/9;73/9|
00000000|MMI|10.42|Right hip region structure|C0524470|[blor]|["Right hip"-tx-5-"right hip"-noun-0,"Right hip"-tx-1-"RIGHT HIP"-noun-0]|TX|447/9;73/9|
00000000|MMI|10.42|To|C1883351|[qlco]|["To"-tx-26-"to"-adv-0,"To"-tx-21-"to"-adv-0]|TX|1995/2;1630/2|
00000000|MMI|9.99|Blood|C0005767|[tisu]|["Blood"-tx-21-"blood"-noun-0]|TX|1646/5|A12.207.152;A15.145
00000000|MMI|9.92|Female|C0015780|[orga]|["FEMALE"-tx-3-"female"-noun-0]|TX|220/6|x.x.x
00000000|MMI|9.92|Females|C0086287|[popg]|["female"-tx-3-"female"-noun-0]|TX|220/6|x.x.x
00000000|MMI|9.87|Back|C0004600|[blor]|["BACK"-tx-28-"back"-adj-0]|TX|2122/4|A01.923.176
00000000|MMI|9.87|Historical aspects qualifier|C0019665|[ftcn]|["history"-tx-4-"history"-noun-0]|TX|300/7|x.x.x
00000000|MMI|9.76|Tablet Dosage Form|C0039225|[bodm]|["TAB"-tx-23-"tabs"-noun-0]|TX|1799/4|D26.255.830
00000000|MMI|8.34|Alcohols|C0001975|[orch,phsu]|["Alcohol"-tx-16-"alcohol"-noun-0]|TX|1089/7|D02.033
00000000|MMI|8.34|Hypersensitivity|C0020517|[patf]|["Allergies"-tx-14-"ALLERGIES"-noun-0]|TX|1003/9|C20.543
00000000|MMI|7.47|History of present illness|C0262512|[orga]|["History, NOS"-tx-4-"history"-noun-0,"HISTORY OF PRESENT ILLNESS"-tx-3-"HISTORY OF PRESENT ILLNESS"-noun-0]|TX|300/7;175/26|
00000000|MMI|7.46|Total Hip Replacement (procedure)|C0040508|[topp]|["Total Hip Replacement"-tx-7-"total hip replacement"-noun-0,"Total replacement of hip"-tx-2-"TOTAL HIP REPLACEMENT OF"-noun-0]|TX|670/21;139/24|
00000000|MMI|7.18|Conversions|C0439836|[ftcn]|["Conversion"-tx-7-"conversion"-noun-0,"Conversion"-tx-2-"CONVERSION"-noun-0]|TX|627/10;105/10|
00000000|MMI|7.16|status - In progress|C1272688|[ftcn]|["progress"-tx-27-"progress"-noun-0,"progressed"-tx-18-"progressed"-verb-0]|TX|2096/8;1280/10|
00000000|MMI|7.11|Physical therapy (field)|C0699718|[bmod]|["physical therapy"-tx-19-"physical therapy"-noun-0,"physical therapy"-tx-17-"physical therapy"-noun-0]|TX|1402/16;1242/16|
00000000|MMI|7.11|+5|C0728893|[qnco]|["+5"-tx-33-"5"-fraction-0]|TX|[2308/1],[2319/1]|
00000000|MMI|7.11|29+|C3843708|[fndg]|["29+"-tx-33-"29"-fraction-0]|TX|[2310/2],[2321/2]|
00000000|MMI|7.11|>5|C0439084|[qnco]|[">5"-tx-33-"5"-fraction-0]|TX|[2308/1],[2319/1]|
00000000|MMI|7.00|Time (foundation metadata concept)|C3541383|[tmco]|["Time"-tx-28-"time"-noun-0,"Time"-tx-25-"time"-noun-0]|TX|2154/4;1929/4|
00000000|MMI|6.98|Old|C0580836|[tmco]|["Old"-tx-20-"old"-adj-0,"Old"-tx-3-"old"-noun-0]|TX|1508/3;216/3|
00000000|MMI|6.95|30%|C3842588|[fndg]|["30%"-tx-21-"30"-integer-0,"30%"-tx-1-"30"-fraction-0]|TX|1671/2;18/2|
00000000|MMI|6.91|Body Fluid Discharge|C0012621|[bdsu]|["Discharge"-tx-22-"discharge"-noun-0,"Drainage, NOS"-tx-20-"drainage"-noun-0]|TX|1744/9;1490/8|
00000000|MMI|6.91|Discharge, body substance|C2926602|[bdsu]|["Discharge"-tx-22-"discharge"-noun-0,"Drainage"-tx-20-"drainage"-noun-0]|TX|1744/9;1490/8|
00000000|MMI|6.89|Six|C0205452|[qnco]|["Six"-tx-28-"six"-word_numeral-0,"Six"-tx-25-"six"-word_numeral-0]|TX|2144/3;1919/3|
00000000|MMI|6.89|week|C0439230|[tmco]|["WEEKS"-tx-28-"weeks"-noun-0,"WEEKS"-tx-25-"weeks"-noun-0]|TX|2148/5;1923/5|
00000000|MMI|6.77|Woman|C0043210|[popg]|["female"-tx-3-"female"-noun-0]|TX|220/6|M01.975
00000000|MMI|6.71|History|C0019664|[ocdi]|["History"-tx-4-"history"-noun-0]|TX|300/7|K01.400
00000000|MMI|6.71|Arthropathy|C0022408|[dsyn]|["ARTHROSIS"-tx-6-"arthrosis"-noun-0]|TX|574/9|C05.550
00000000|MMI|6.57|Emotions|C0013987|[menp]|["feeling"-tx-5-"feeling"-noun-0]|TX|414/7|F01.470
00000000|MMI|6.57|Feelings|C1527305|[menp]|["Feeling"-tx-5-"feeling"-noun-0]|TX|414/7|F01.470
00000000|MMI|5.18|Biweekly|C0585332|[tmco]|["Biweekly"-tx-26-"biweekly"-adv-0]|TX|1986/8|
00000000|MMI|5.18|Checking (action)|C1283174|[acty]|["Checked"-tx-26-"checked"-verb-0]|TX|1978/7|
00000000|MMI|5.18|Clinical Study Follow-up|C3274571|[hlca]|["FOLLOW-UP"-tx-28-"follow-up"-adj-0]|TX|2174/9|
00000000|MMI|5.18|Coagulation tissue factor induced:Time:Pt:PPP:Qn:Coag|C0482694|[clna]|["Prothrombin time"-tx-26-"prothrombin time"-noun-0]|TX|1961/16|
00000000|MMI|5.18|Discharge date|C2361123|[tmco]|["Discharge date"-tx-1-"Discharge Date"-noun-0]|TX|0/14|
00000000|MMI|5.18|Discharge date:Time Stamp -- Date and Time:Point in time:^Patient:Quantitative|C2361122|[clna]|["Discharge date"-tx-1-"Discharge Date"-noun-0]|TX|0/14|
00000000|MMI|5.18|Follow-Up Report|C1704685|[inpr]|["Follow-Up"-tx-28-"follow-up"-adj-0]|TX|2174/9|
00000000|MMI|5.18|Follow-up status|C0589120|[fndg]|["Follow-up"-tx-28-"follow-up"-adj-0]|TX|2174/9|
00000000|MMI|5.18|H/O: surgery|C0455610|[fndg]|["Past surgical history"-tx-8-"PAST SURGICAL HISTORY"-noun-0]|TX|693/21|
00000000|MMI|5.18|Has difficulty doing (qualifier value)|C1299586|[fndg]|["Difficulty"-tx-19-"difficulty"-noun-0]|TX|1427/10|
00000000|MMI|5.18|History of present illness:Finding:Point in time:^Patient:Nominal:Reported|C0488508|[clna]|["History of present illness"-tx-3-"HISTORY OF PRESENT ILLNESS"-noun-0]|TX|175/26|
00000000|MMI|5.18|Injury wounds|C0043250|[inpo]|["WOUND"-tx-20-"wound"-noun-0]|TX|1443/5|
00000000|MMI|5.18|Medication.discharge|C0806915|[fndg]|["Discharge medications"-tx-23-"discharge medications"-noun-0]|TX|1759/21|
00000000|MMI|5.18|Medications:-:Point in time:^Patient:-|C2598133|[clna]|["Medications"-tx-15-"MEDICATIONS"-noun-0]|TX|1046/11|
00000000|MMI|5.18|Medications:Presence or Identity:Duration of the study:^Patient:Nominal|C0802604|[clna]|["Medications"-tx-15-"MEDICATIONS"-noun-0]|TX|1046/11|
00000000|MMI|5.18|Pain control|C1304888|[topp]|["Pain control"-tx-17-"pain control"-noun-0]|TX|1221/12|
00000000|MMI|5.18|Pharmaceutical Preparations|C0013227|[phsu]|["Medications"-tx-15-"MEDICATIONS"-noun-0]|TX|1046/11|D26
00000000|MMI|5.18|Present|C0150312|[qnco]|["Present"-tx-7-"presents"-verb-0]|TX|597/8|
00000000|MMI|5.18|Presentation|C0449450|[idcn]|["Present"-tx-7-"presents"-verb-0]|TX|597/8|
00000000|MMI|5.18|Primary procedure|C1302423|[ftcn]|["Principal procedure"-tx-2-"PRINCIPAL PROCEDURE"-noun-0]|TX|84/19|
00000000|MMI|5.18|Rapid|C0456962|[qlco]|["Rapidly"-tx-18-"rapidly"-adv-0]|TX|1272/7|
00000000|MMI|5.18|Reduction mammaplasty|C0191922|[topp]|["Breast Reduction"-tx-10-"breast reduction"-noun-0]|TX|803/16|
00000000|MMI|5.18|See|C1947903|[acty]|["See"-tx-28-"see"-verb-0]|TX|2114/3|
00000000|MMI|5.18|Traumatic injury|C3263723|[inpo]|["Wound"-tx-20-"wound"-noun-0]|TX|1443/5|
00000000|MMI|5.18|follow-up|C1522577|[hlca]|["Follow Up"-tx-28-"follow-up"-adj-0]|TX|2174/9|
00000000|MMI|3.98|HEAR - answer to question|C3833465|[fndg]|["HEAR"-tx-5-"heard"-verb-0]|TX|385/5|
00000000|MMI|3.72|Greater Than|C0439093|[qnco]|["Greater Than"-tx-21-"greater than"-adj-0]|TX|1658/12|
00000000|MMI|3.68|% index|C1637833|[qnco]|["% index"-tx-32-"Index"-noun-0]|TX|2284/5|
00000000|MMI|3.68|Artocarpus hirsutus|C1914121|[plnt]|["aini"-tx-29-"AINI"-noun-0]|TX|2203/4|
00000000|MMI|3.68|Attending (action)|C1999232|[ftcn]|["attending"-tx-30-"Attending"-noun-0]|TX|2220/9|
00000000|MMI|3.68|Attending (provider role)|C1547429|[prog]|["Attending"-tx-30-"Attending"-noun-0]|TX|2220/9|
00000000|MMI|3.68|CDISC SDTM Procedure Terminology|C3539779|[inpr]|["Procedure"-tx-17-"procedure"-noun-0]|TX|1141/9|
00000000|MMI|3.68|Count|C0750480|[qnco]|["Count"-tx-21-"count"-noun-0]|TX|1652/5|
00000000|MMI|3.68|Count Dosing Unit|C1705566|[qnco]|["COUNT"-tx-21-"count"-noun-0]|TX|1652/5|
00000000|MMI|3.68|Dry|C0205222|[qlco]|["Dry"-tx-20-"dry"-adj-0]|TX|1460/3|
00000000|MMI|3.68|Dryness (characteristic)|C1512080|[qlco]|["Dry"-tx-20-"dry"-adj-0]|TX|1460/3|
00000000|MMI|3.68|Html Link Type - index|C1552854|[idcn]|["index"-tx-32-"Index"-noun-0]|TX|2284/5|
00000000|MMI|3.68|Index|C0918012|[inpr]|["Index"-tx-32-"Index"-noun-0]|TX|2284/5|
00000000|MMI|3.68|Interventional procedure|C0184661|[topp]|["Procedure"-tx-17-"procedure"-noun-0]|TX|1141/9|
00000000|MMI|3.68|Physical Medical Procedure|C3274430|[hlca]|["PROCEDURE"-tx-17-"procedure"-noun-0]|TX|1141/9|
00000000|MMI|3.68|Procedure (set of actions)|C2700391|[acty]|["Procedure"-tx-17-"procedure"-noun-0]|TX|1141/9|
00000000|MMI|3.68|Procedure Domain|C3538935|[inpr]|["Procedure"-tx-17-"procedure"-noun-0]|TX|1141/9|
00000000|MMI|3.68|Surgical and medical procedures|C1948041|[topp]|["Procedure"-tx-17-"procedure"-noun-0]|TX|1141/9|
00000000|MMI|3.68|peripheral blood|C0229664|[bdsu]|["BLOOD"-tx-21-"blood"-noun-0]|TX|1646/5|
00000000|MMI|3.65|Principal Diagnosis:-:Point in time:^Patient:-|C2598194|[clna]|["Principal Diagnosis"-tx-1-"PRINCIPAL DIAGNOSIS"-noun-0]|TX|26/19|
00000000|MMI|3.65|Principal diagnosis|C0332137|[qlco]|["Principal Diagnosis"-tx-1-"PRINCIPAL DIAGNOSIS"-noun-0]|TX|26/19|
00000000|MMI|3.65|Registered nurse|C0687673|[prog]|["R.N."-tx-24-"r.n"-adj-0]|TX|1818/3|
00000000|MMI|3.64|dictated - DocumentCompletion|C1609990|[idcn]|["Dictated"-tx-29-"Dictated"-verb-0]|TX|2185/8|
00000000|MMI|3.64|dictated - ParticipationMode|C1548384|[ftcn]|["dictated"-tx-29-"Dictated"-verb-0]|TX|2185/8|
00000000|MMI|3.63|Anatomic Site|C1515974|[blor]|["Site"-tx-20-"site"-noun-0]|TX|1518/4|
00000000|MMI|3.63|Site|C0205145|[spco]|["Site"-tx-20-"site"-noun-0]|TX|1518/4|
00000000|MMI|3.63|Study Site|C2825164|[spco]|["Site"-tx-20-"site"-noun-0]|TX|1518/4|
00000000|MMI|3.61|Batch (Response Modality)|C1550176|[inpr]|["Batch"-tx-32-"Batch"-noun-0]|TX|2272/5|
00000000|MMI|3.61|Batch (group)|C1948031|[qnco]|["Batch"-tx-32-"Batch"-noun-0]|TX|2272/5|
00000000|MMI|3.61|Batch Number|C3641829|[inpr]|["BATCH"-tx-32-"Batch"-noun-0]|TX|2272/5|
00000000|MMI|3.61|Female Phenotype|C1705498|[qlco]|["Female"-tx-3-"female"-noun-0]|TX|220/6|
00000000|MMI|3.61|Female, Self-Report|C1705497|[qlco]|["Female"-tx-3-"female"-noun-0]|TX|220/6|
00000000|MMI|3.60|Units of blood|C0439184|[qnco]|["blood unit"-tx-21-"unit blood"-noun-0]|TX|1589/4,1597/5|
00000000|MMI|3.59|Assisted (qualifier value)|C1269765|[qlco]|["Assistance"-tx-19-"assistance"-noun-0]|TX|1362/10|
00000000|MMI|3.59|Hip abduction|C2030964|[fndg]|["Hip abduction"-tx-6-"hip abduction"-noun-0]|TX|560/13|
00000000|MMI|3.57|Gender Status - Intact|C1554187|[fndg]|["Intact"-tx-20-"intact"-adj-0]|TX|1470/6|
00000000|MMI|3.57|Intact|C0205266|[qlco]|["Intact"-tx-20-"intact"-adj-0]|TX|1470/6|
00000000|MMI|3.57|Integrated Neuromusculoskeletal Release|C1704538|[topp]|["INR"-tx-26-"INR"-noun-0]|TX|2010/3|
00000000|MMI|3.57|Progress|C1280477|[ftcn]|["Progress"-tx-27-"progress"-noun-0]|TX|2096/8|
00000000|MMI|3.56|Apyrexial|C0277797|[fndg]|["Afebrile"-tx-21-"afebrile"-adj-0]|TX|1532/8|
00000000|MMI|3.56|Back structure, excluding neck|C1995000|[blor]|["Back, NOS"-tx-28-"back"-adj-0]|TX|2122/4|
00000000|MMI|3.56|Back structure, including back of neck|C0460009|[blor]|["Back"-tx-28-"back"-adj-0]|TX|2122/4|
00000000|MMI|3.56|Concept History|C1705255|[cnce]|["History"-tx-4-"history"-noun-0]|TX|300/7|
00000000|MMI|3.56|Dorsal|C0205095|[spco]|["BACK"-tx-28-"back"-adj-0]|TX|2122/4|
00000000|MMI|3.56|History of previous events|C2004062|[fndg]|["History"-tx-4-"history"-noun-0]|TX|300/7|
00000000|MMI|3.56|July|C3829447|[qlco]|["July"-tx-5-"July"-noun-0]|TX|371/4|
00000000|MMI|3.56|Medical History|C0262926|[fndg]|["History"-tx-4-"history"-noun-0]|TX|300/7|
00000000|MMI|3.56|Weight-bearing:-:Point in time:^Patient:-|C2598162|[clna]|["Weight-bearing"-tx-19-"weightbearing"-noun-0]|TX|1383/13|
00000000|MMI|3.56|milligram/day|C0439422|[qnco]|["mg day"-tx-25-"mg day"-noun-0]|TX|1863/2,1874/3|
00000000|MMI|3.55|Ambulate|C4036205|[fndg]|["Ambulate"-tx-19-"ambulating"-verb-0]|TX|1346/10|
00000000|MMI|3.55|Abduction, function|C0231456|[ftcn]|["Abduction"-tx-6-"abduction"-noun-0]|TX|564/9|
00000000|MMI|3.55|Adjacent|C0205117|[spco]|["next"-tx-18-"next"-adj-0]|TX|1300/4|
00000000|MMI|3.55|Floor (anatomic)|C3714591|[anst]|["Floor"-tx-17-"Floor"-noun-0]|TX|1195/5|
00000000|MMI|3.55|Floor - story of building|C1547707|[geoa]|["Floor"-tx-17-"Floor"-noun-0]|TX|1195/5|
00000000|MMI|3.55|Following|C0332282|[tmco]|["Next"-tx-18-"next"-adj-0]|TX|1300/4|
00000000|MMI|3.55|Surgical transfer - action|C0348011|[ftcn]|["transferred"-tx-17-"transferred"-verb-0]|TX|1164/11|
00000000|MMI|3.55|Then|C1883708|[tmco]|["Next"-tx-18-"next"-adj-0]|TX|1300/4|
00000000|MMI|3.55|Therapeutic procedure|C0087111|[topp]|["Therapy"-tx-25-"therapy"-noun-0]|TX|1907/7|E02
00000000|MMI|3.55|Therapy Object (animal model)|C1363945|[fndg]|["Therapy"-tx-25-"therapy"-noun-0]|TX|1907/7|
00000000|MMI|3.55|Transfer Technique|C1705822|[ftcn]|["Transferred"-tx-17-"transferred"-verb-0]|TX|1164/11|
00000000|MMI|3.55|day|C0439228|[tmco]|["DAYS"-tx-18-"days"-noun-0]|TX|1313/4|
00000000|MMI|3.55|floor (object)|C0016249|[mnob]|["Floor"-tx-17-"Floor"-noun-0]|TX|1195/5|
00000000|MMI|3.55|Closed|C0587267|[ftcn]|["Closed"-tx-6-"closed"-noun-0]|TX|482/6|
00000000|MMI|3.55|Reduced|C0392756|[qlco]|["Reduction"-tx-6-"reduction"-noun-0]|TX|489/9|
00000000|MMI|3.55|Reduction (chemical)|C0301630|[npop]|["Reduction"-tx-6-"reduction"-noun-0]|TX|489/9|
00000000|MMI|3.55|Reduction - action|C0441610|[topp]|["Reduction"-tx-6-"reduction"-noun-0]|TX|489/9|
00000000|MMI|3.54|Revision status|C0449242|[qlco]|["Revision status"-tx-11-"Status revision"-noun-0]|TX|821/6,842/8|
00000000|MMI|3.54|Exploration procedure|C1280903|[topp]|["Exploration"-tx-12-"exploration"-noun-0]|TX|932/11|
00000000|MMI|3.53|Revision|C0439617|[tmco]|["Revision"-tx-11-"revision"-noun-0]|TX|842/8|
00000000|MMI|3.53|Revision procedure|C1527075|[topp]|["Revision"-tx-11-"revision"-noun-0]|TX|842/8|
00000000|MMI|3.53|Surgical revision|C0558347|[topp]|["Revision"-tx-11-"revision"-noun-0]|TX|842/8|
00000000|MMI|3.50|Cleaning (activity)|C1947930|[acty]|["Clean"-tx-20-"clean"-adj-0]|TX|1452/5|
00000000|MMI|3.50|failed|C0231175|[ftcn]|["Failed"-tx-1-"FAILED"-adj-0]|TX|47/6|
00000000|MMI|3.49|4 - 6|C3843788|[qnco]|["4 - 6"-tx-24-"4-6"-integer-0]|TX|1812/3|
00000000|MMI|3.48|Drain device|C0180499|[medd]|["DRAIN"-tx-20-"drain"-noun-0]|TX|1512/5|
00000000|MMI|3.47|per year|C0439508|[tmco]|["/Year"-tx-3-"year"-noun-0]|TX|211/4|
00000000|MMI|3.47|year|C0439234|[tmco]|["YEAR"-tx-3-"year"-noun-0]|TX|211/4|
00000000|MMI|3.46|Arteriovenous hemangioma|C0334533|[neop]|["Arteriovenous Malformation"-tx-4-"arteriovenous malformation"-noun-0]|TX|311/26|
00000000|MMI|3.46|Before|C0332152|[tmco]|["Prior to"-tx-22-"prior to"-prep-0]|TX|1735/8|
00000000|MMI|3.46|+2|C0740116|[qnco]|["+2"-tx-1-"2"-fraction-0]|TX|16/1|
00000000|MMI|3.46|2+|C3833492|[fndg]|["2+"-tx-1-"2"-fraction-0]|TX|16/1|
00000000|MMI|3.46|2+ Score|C2827735|[qnco]|["2+"-tx-1-"2"-fraction-0]|TX|16/1|
00000000|MMI|3.46|2+ Score, WHO|C2981700|[clas]|["2+"-tx-1-"2"-fraction-0]|TX|16/1|
00000000|MMI|3.46|Left femoral nerve|C0735383|[bpoc]|["Left femoral nerve"-tx-12-"left femoral nerve"-noun-0]|TX|913/18|
00000000|MMI|3.45|Percocet|C0086787|[orch,phsu]|["Percocet"-tx-23-"Percocet"-noun-0]|TX|1786/8|
00000000|MMI|3.45|Tablet Dosing Unit|C1705223|[qnco]|["Tab"-tx-23-"tabs"-noun-0]|TX|1799/4|
00000000|MMI|3.44|Diagnostic radiologic examination|C0043299|[diap]|["X-Rays"-tx-28-"x-rays"-noun-0]|TX|2163/6|
00000000|MMI|3.44|Plain x-ray|C1306645|[diap]|["X-rays"-tx-28-"x-rays"-noun-0]|TX|2163/6|
00000000|MMI|3.44|Mild (qualifier value)|C2945599|[qlco]|["Minimal"-tx-20-"minimal"-adj-0]|TX|1482/7|
00000000|MMI|3.44|Minimal|C0547040|[qlco]|["Minimal"-tx-20-"minimal"-adj-0]|TX|1482/7|
00000000|MMI|3.44|Minimum|C1524031|[qlco]|["MINIMAL"-tx-20-"minimal"-adj-0]|TX|1482/7|
00000000|MMI|3.43|Office|C0442603|[mnob]|["Office"-tx-28-"office"-noun-0]|TX|2134/6|
00000000|MMI|3.43|One|C0205447|[qnco]|["ONE"-tx-21-"one"-noun-0]|TX|1585/3|
00000000|MMI|3.43|Partial|C0728938|[qnco]|["PARTIAL"-tx-19-"partial"-adj-0]|TX|1375/7|
00000000|MMI|3.43|Requirement|C1514873|[ftcn]