00000000|MMI|16.09|Hepatic Encephalopathy|C0019151|[dsyn]|["Encephalopathy, Hepatic"-tx-1-"HEPATIC ENCEPHALOPATHY"-noun-0]|TX|65/22|C06.552.308.500.356;C10.228.140.163.360;C18.452.132.360
00000000|MMI|7.28|Signature|C1519316|[inpr]|["Signed"-tx-1-"Signed"-noun-0]|TX|[90/6],[145/6]|
00000000|MMI|7.28|signed - ParticipationSignature|C1561610|[inpr]|["signed"-tx-1-"Signed"-noun-0]|TX|[90/6],[145/6]|
00000000|MMI|3.65|Report status|C0586177|[fndg]|["Report status"-tx-1-"Report Status"-noun-0]|TX|130/13|
00000000|MMI|3.63|Admission date:Time Stamp -- Date and Time:Point in time:^Patient:Quantitative|C2598112|[clna]|["Admission date"-tx-1-"Admission Date"-noun-0]|TX|105/14|
00000000|MMI|3.63|Date of admission|C1302393|[tmco]|["Admission date"-tx-1-"Admission Date"-noun-0]|TX|105/14|
00000000|MMI|3.63|10 - 12|C3843787|[fndg]|["10 - 12"-tx-1-"10 12"-fraction-0]|TX|43/2,51/2|
00000000|MMI|3.59|Pyrexia of unknown origin (excl puerperal)|C0856281|[sosy]|["puo"-tx-1-"PUO"-noun-0]|TX|12/3|
00000000|MMI|3.46|1+|C3816745|[fndg]|["1+"-tx-1-"1"-fraction-0]|TX|121/1|
00000000|MMI|3.46|1+ Score|C2827734|[qnco]|["1+"-tx-1-"1"-fraction-0]|TX|121/1|
00000000|MMI|3.46|1+ Score, WHO|C2981698|[clas]|["1+"-tx-1-"1"-fraction-0]|TX|121/1|
00000000|MMI|3.46|Diagnostic interview schedule|C0451119|[inpr]|["DIS"-tx-1-"DIS"-noun-0]|TX|99/3|
00000000|MMI|3.46|Discontinued|C1444662|[fndg]|["DIS"-tx-1-"DIS"-noun-0]|TX|99/3|
00000000|MMI|54.24|Togo|C0040363|[geoa]|["TO"-tx-7-"to"-adv-0,"TO"-tx-5-"to"-adv-0,"TO"-tx-2-"to"-adv-0]|TX|498/2;365/2;194/2|Z01.058.290.190.800
00000000|MMI|54.24|Tryptophanase|C0041260|[aapp,enzy]|["TO"-tx-7-"to"-adv-0,"TO"-tx-5-"to"-adv-0,"TO"-tx-2-"to"-adv-0]|TX|498/2;365/2;194/2|D08.811.520.224.800
00000000|MMI|42.15|Brothers|C0337527|[famg]|["Brother"-tx-10-"brother"-noun-0,"Brother"-tx-5-"brother"-noun-0]|TX|710/7;352/7|F01.829.263.500.490;I01.880.853.150.500.505;M01.781
00000000|MMI|42.15|Vision|C0042789|[orgf]|["see"-tx-7-"see"-verb-0,"see"-tx-5-"see"-verb-0]|TX|501/3;368/3|F02.830.816.964;G02.111.087.800.480.900;G02.149.115.800.480.900;G04.299.880.480.900;G11.561.600.810.964;G14.640.816
00000000|MMI|29.46|Family|C0015576|[famg]|["Family"-tx-10-"family"-noun-0,"Family"-tx-4-"family"-noun-0]|TX|678/6;327/6|F01.829.263;I01.880.853.150
00000000|MMI|26.28|Respiration|C0035203|[phsf]|["respirations"-tx-8-"respirations"-noun-1,"respirations"-tx-7-"respirations"-noun-1]|TX|544/12;520/12|G09.772.770.755
00000000|MMI|17.80|Autopsy|C0004398|[diap]|["AUTOPSY"-tx-10-"autopsy"-noun-0]|TX|694/7|E01.370.060;E05.070;I01.198.780.937.120
00000000|MMI|17.80|Iodides|C0021966|[inch]|["I-"-tx-7-"I"-noun-0]|TX|485/1|D01.248.497.158.490;D01.475.410
00000000|MMI|17.80|Pupil|C0034121|[bpoc]|["Pupils"-tx-9-"pupils"-noun-0]|TX|627/6|A09.371.060.450.780;A09.371.894.513.780
00000000|MMI|16.24|Heart Auscultation|C0018793|[diap]|["auscultation heart"-tx-8-"heart auscultation"-noun-0]|TX|577/5,596/12|E01.370.370.380.400;E01.370.600.060.400
00000000|MMI|16.18|Sublingual Route of Drug Administration|C0001565|[ftcn]|["SUBLINGUAL"-tx-2-"sublingual"-adj-0]|TX|250/10|E02.319.267.100.878
00000000|MMI|15.79|To|C1883351|[qlco]|["To"-tx-7-"to"-adv-0,"To"-tx-5-"to"-adv-0,"To"-tx-2-"to"-adv-0]|TX|498/2;365/2;194/2|
00000000|MMI|14.64|Respiratory Sounds|C0035234|[clna]|["Breath sounds"-tx-8-"breath sounds"-noun-0]|TX|560/13|C23.888.852.779;E01.370.386.720;G09.772.775
00000000|MMI|13.83|Patients|C0030705|[podg]|["*^patient"-tx-7-"patient"-noun-0,"*^patient"-tx-1-"patient"-noun-0]|TX|505/7;87/7|M01.643
00000000|MMI|13.10|Heart Sounds|C0018820|[ortf]|["HEART SOUNDS"-tx-8-"heart sounds"-noun-0]|TX|577/12|G09.330.380.510
00000000|MMI|13.03|Sound - physical agent|C0037709|[npop]|["Sounds"-tx-8-"sounds"-noun-0]|TX|583/6|G01.750.770.776
00000000|MMI|12.94|Pain management|C0002766|[topp]|["Pain Control"-tx-2-"pain control"-noun-0]|TX|265/12|E02.745;N04.590.607.500
00000000|MMI|12.90|Auscultation|C0004339|[diap]|["AUSCULTATION"-tx-8-"auscultation"-noun-0]|TX|596/12|E01.370.600.060
00000000|MMI|11.58|Worse|C1457868|[fndg]|["Worsening"-tx-6-"worsening"-verb-0,"worsen"-tx-3-"worsen"-verb-0,"Worsened"-tx-1-"worsened"-verb-0]|TX|438/9;315/6;109/8|
00000000|MMI|11.02|Attending (action)|C1999232|[ftcn]|["attending"-tx-12-"Attending"-noun-0,"attending"-tx-10-"attending"-noun-0,"attending"-tx-1-"ATTENDING"-noun-0]|TX|867/9;751/9;26/9|
00000000|MMI|11.02|Attending (provider role)|C1547429|[prog]|["Attending"-tx-12-"Attending"-noun-0,"Attending"-tx-10-"attending"-noun-0,"Attending"-tx-1-"ATTENDING"-noun-0]|TX|867/9;751/9;26/9|
00000000|MMI|10.86|+5|C0728893|[qnco]|["+5"-tx-12-"5"-fraction-0,"+5"-tx-11-"5"-fraction-0]|TX|[926/1],[937/1];791/1|
00000000|MMI|10.86|30%|C3842588|[fndg]|["30%"-tx-12-"30"-fraction-0,"30%"-tx-11-"30"-fraction-0]|TX|[928/2],[939/2];793/2|
00000000|MMI|10.86|>5|C0439084|[qnco]|[">5"-tx-12-"5"-fraction-0,">5"-tx-11-"5"-fraction-0]|TX|[926/1],[937/1];791/1|
00000000|MMI|10.42|Family (taxonomic)|C1704727|[cnce]|["Family"-tx-10-"family"-noun-0,"Family"-tx-4-"family"-noun-0]|TX|678/6;327/6|
00000000|MMI|10.42|See|C1947903|[acty]|["See"-tx-7-"see"-verb-0,"See"-tx-5-"see"-verb-0]|TX|501/3;368/3|
00000000|MMI|10.42|Slow|C0439834|[qlco]|["Slowly"-tx-6-"slowly"-adv-0]|TX|[420/6],[431/6]|
00000000|MMI|10.42|Worsening pattern|C0332271|[qlco]|["Worsening"-tx-6-"worsening"-verb-0,"worsen"-tx-3-"worsen"-verb-0]|TX|438/9;315/6|
00000000|MMI|7.49|Abortion consent:Finding:Point in time:^Patient:Document|C2360836|[clna]|["Patient"-tx-7-"patient"-noun-0,"Patient"-tx-1-"patient"-noun-0]|TX|505/7;87/7|
00000000|MMI|7.49|Hysterectomy consent:Finding:Point in time:^Patient:Document|C2360838|[clna]|["Patient"-tx-7-"patient"-noun-0,"Patient"-tx-1-"patient"-noun-0]|TX|505/7;87/7|
00000000|MMI|7.49|Sterilization consent:Finding:Point in time:^Patient:Document|C2360840|[clna]|["Patient"-tx-7-"patient"-noun-0,"Patient"-tx-1-"patient"-noun-0]|TX|505/7;87/7|
00000000|MMI|7.37|Notifications|C0422202|[hlca]|["Notify"-tx-10-"notified"-verb-0,"Notify"-tx-4-"notified"-verb-0]|TX|735/8;338/8|
00000000|MMI|7.31|M NOS ANTIBODY|C0369637|[aapp,imft]|["M NOS"-tx-11-"m"-noun-0,"M NOS"-tx-6-"m"-noun-0]|TX|785/1;480/1|
00000000|MMI|7.31|M+ (tumor staging)|C0441923|[inpr]|["M+"-tx-11-"m"-noun-0,"M+"-tx-6-"m"-noun-0]|TX|785/1;480/1|
00000000|MMI|7.27|Continuous|C0549178|[idcn]|["Continued"-tx-3-"continued"-verb-0,"Continued"-tx-2-"continued"-verb-0]|TX|302/9;229/9|
00000000|MMI|6.98|Interim|C2827738|[tmco]|["Interim"-tx-1-"INTERIM"-noun-0,"Interim"-tx-1-"interim"-noun-0]|TX|64/7;161/7|
00000000|MMI|5.18|1 Minute|C0470296|[qnco]|["1 Minute"-tx-8-"1 minute"-noun-0]|TX|613/8|
00000000|MMI|5.18|Agonal respiration|C2315245|[fndg]|["Agonal Breathing"-tx-6-"agonal breathing"-noun-0]|TX|448/16|
00000000|MMI|5.18|Blood group antibody I|C0221138|[aapp,imft]|["I NOS"-tx-7-"I"-noun-0]|TX|485/1|
00000000|MMI|5.18|Breath sounds:Finding:Point in time:^Patient:Ordinal|C3484186|[clna]|["Breath sounds"-tx-8-"breath sounds"-noun-0]|TX|560/13|
00000000|MMI|5.18|Discharge date|C2361123|[tmco]|["Discharge date"-tx-1-"Discharge Date"-noun-0]|TX|0/14|
00000000|MMI|5.18|Discharge date:Time Stamp -- Date and Time:Point in time:^Patient:Quantitative|C2361122|[clna]|["Discharge date"-tx-1-"Discharge Date"-noun-0]|TX|0/14|
00000000|MMI|5.18|Fix|C3714578|[phpr]|["Fixed"-tx-9-"fixed"-verb-0]|TX|655/5|
00000000|MMI|5.18|Fixed Specimen|C2827483|[bdsu]|["Fixed"-tx-9-"fixed"-verb-0]|TX|655/5|
00000000|MMI|5.18|Fixed behavior|C0443218|[qlco]|["Fixed"-tx-9-"fixed"-verb-0]|TX|655/5|
00000000|MMI|5.18|Nonreactive|C3845970|[fndg]|["Nonreactive"-tx-9-"nonreactive"-adj-0]|TX|639/11|
00000000|MMI|5.18|Patient Outcome - Worsening|C1546960|[idcn]|["Worsening"-tx-6-"worsening"-verb-0]|TX|438/9|
00000000|MMI|5.18|Respiratory Status|C1998827|[fndg]|["Respiratory Status"-tx-3-"respiratory status"-noun-0]|TX|283/18|
00000000|MMI|5.18|Respiratory Status:-:Point in time:^Patient:-|C2598168|[clna]|["Respiratory status"-tx-3-"respiratory status"-noun-0]|TX|283/18|
00000000|MMI|5.18|Take|C1515187|[hlca]|["Take"-tx-2-"take"-verb-0]|TX|197/4|
00000000|MMI|5.18|Then|C1883708|[tmco]|["Then"-tx-5-"then"-adv-0]|TX|380/4|
00000000|MMI|5.18|Time of death|C1301931|[tmco]|["Time of Death"-tx-11-"TIME OF DEATH"-noun-0]|TX|762/13|
00000000|MMI|5.18|Time of death:Time Stamp -- Date and Time:Point in time:^Patient:Quantitative|C2706679|[clna]|["Time of death"-tx-11-"TIME OF DEATH"-noun-0]|TX|762/13|
00000000|MMI|5.18|Unable|C1299582|[fndg]|["Unable"-tx-2-"unable"-adj-0]|TX|187/6|
00000000|MMI|3.98|Call (Instruction)|C1947967|[ftcn]|["Call"-tx-7-"called"-verb-0]|TX|491/6|
00000000|MMI|3.98|Decision|C0679006|[menp]|["Call"-tx-7-"called"-verb-0]|TX|491/6|
00000000|MMI|3.68|Document type|C1547673|[inpr]|["Document"-tx-12-"document"-noun-0]|TX|812/8|
00000000|MMI|3.68|Documents|C1301746|[inpr]|["document"-tx-12-"document"-noun-0]|TX|812/8|
00000000|MMI|3.68|Son (person)|C0037683|[famg]|["Sons"-tx-5-"sons"-noun-0]|TX|391/4|
00000000|MMI|3.64|Heart sounds:Find:Pt:Heart:Nom|C4050434|[clna]|["Heart sounds"-tx-8-"heart sounds"-noun-0]|TX|577/12|
00000000|MMI|3.63|Medications:-:Point in time:^Patient:-|C2598133|[clna]|["Medications"-tx-2-"medications"-noun-0]|TX|211/11|
00000000|MMI|3.63|Medications:Presence or Identity:Duration of the study:^Patient:Nominal|C0802604|[clna]|["Medications"-tx-2-"medications"-noun-0]|TX|211/11|
00000000|MMI|3.63|Pharmaceutical Preparations|C0013227|[phsu]|["Medications"-tx-2-"medications"-noun-0]|TX|211/11|D26
00000000|MMI|3.59|10%|C3842590|[fndg]|["10%"-tx-6-"10"-integer-0]|TX|472/2|
00000000|MMI|3.59|Roxanol|C0700788|[orch,phsu]|["Roxanol"-tx-2-"Roxanol"-noun-0]|TX|242/7|
00000000|MMI|3.57|Sublingual location|C0558302|[blor]|["Sublingual"-tx-2-"sublingual"-adj-0]|TX|250/10|
00000000|MMI|3.56|day|C0439228|[tmco]|["DAYS"-tx-1-"days"-noun-0]|TX|137/4|
00000000|MMI|3.56|dictated - DocumentCompletion|C1609990|[idcn]|["Dictated"-tx-12-"Dictated"-noun-0]|TX|835/8|
00000000|MMI|3.56|dictated - ParticipationMode|C1548384|[ftcn]|["dictated"-tx-12-"Dictated"-noun-0]|TX|835/8|
00000000|MMI|3.53|Follow|C1719822|[inpr]|["Follow"-tx-1-"following"-adj-0]|TX|127/9|
00000000|MMI|3.53|Followed by|C0332283|[tmco]|["follow"-tx-1-"following"-adj-0]|TX|127/9|
00000000|MMI|3.50|3+ Answer to Question|C3838680|[fndg]|["3+"-tx-5-"3"-integer-0]|TX|389/1|
00000000|MMI|3.50|3+ Score|C2827736|[qnco]|["3+"-tx-5-"3"-integer-0]|TX|389/1|
00000000|MMI|3.50|3+ Score, WHO|C2981702|[clas]|["3+"-tx-5-"3"-integer-0]|TX|389/1|
00000000|MMI|3.50|<3 (qualifier value)|C0439086|[qnco]|["<3"-tx-5-"3"-integer-0]|TX|389/1|
00000000|MMI|3.50|Distance vision 6/24|C0442754|[fndg]|["6/24"-tx-1-"6/24"-fraction-0]|TX|16/4|
00000000|MMI|3.48|Pain control|C1304888|[topp]|["Pain control"-tx-2-"pain control"-noun-0]|TX|265/12|
00000000|MMI|3.48|Act Relationship Subset - previous|C1552607|[tmco]|["previous"-tx-1-"previous"-adj-0]|TX|152/8|
00000000|MMI|3.48|P Blood group antibodies|C0369773|[aapp,imft]|["P NOS"-tx-2-"p"-noun-0]|TX|206/1|
00000000|MMI|3.48|P prime|C2603361|