00000000|MMI|12.91|Gangrene|C0017086|[dsyn]|["Gangrenous"-tx-1-"GANGRENOUS"-adj-0]|TX|65/10|C23.550.717.427
00000000|MMI|7.27|Signature|C1519316|[inpr]|["Signed"-tx-1-"Signed"-noun-0]|TX|[94/6],[151/6]|
00000000|MMI|7.27|signed - ParticipationSignature|C1561610|[inpr]|["signed"-tx-1-"Signed"-noun-0]|TX|[94/6],[151/6]|
00000000|MMI|3.65|Report status|C0586177|[fndg]|["Report status"-tx-1-"Report Status"-noun-0]|TX|136/13|
00000000|MMI|3.64|11-12|C3843712|[fndg]|["11-12"-tx-1-"11 12"-fraction-0]|TX|40/2,51/2|
00000000|MMI|3.61|Admission date:Time Stamp -- Date and Time:Point in time:^Patient:Quantitative|C2598112|[clna]|["Admission date"-tx-1-"Admission Date"-noun-0]|TX|109/14|
00000000|MMI|3.61|Date of admission|C1302393|[tmco]|["Admission date"-tx-1-"Admission Date"-noun-0]|TX|109/14|
00000000|MMI|3.59|Pyrexia of unknown origin (excl puerperal)|C0856281|[sosy]|["puo"-tx-1-"PUO"-noun-0]|TX|12/3|
00000000|MMI|3.48|Right big toe|C0930961|[bpoc]|["Right First toe"-tx-1-"RIGHT FIRST TOE"-noun-0]|TX|76/15|
00000000|MMI|3.46|10%|C3842590|[fndg]|["10%"-tx-1-"10"-fraction-0]|TX|125/2|
00000000|MMI|3.46|20%|C3842589|[fndg]|["20%"-tx-1-"20"-fraction-0]|TX|128/2|
00000000|MMI|3.45|Diagnostic interview schedule|C0451119|[inpr]|["DIS"-tx-1-"DIS"-noun-0]|TX|103/3|
00000000|MMI|3.45|Discontinued|C1444662|[fndg]|["DIS"-tx-1-"DIS"-noun-0]|TX|103/3|
00000000|MMI|120.95|milligram/day|C0439422|[qnco]|["mg/d"-tx-44-"mg d"-noun-0,"mg/d"-tx-42-"mg d"-noun-0,"mg/d"-tx-41-"mg d"-noun-0,"mg/d"-tx-11-"mg d"-noun-0,"mg/d"-tx-10-"mg d"-noun-0,"mg/d"-tx-9-"mg d"-noun-0,"mg/d"-tx-8-"mg d"-noun-0]|TX|3657/2,3669/1;3559/2,3571/1;[3370/2,3380/1],[3396/2,3406/1],[3448/2,3458/1],[3475/2,3487/1];[859/2,869/1],[932/2,942/1];831/2,843/1;798/2,810/1;[713/2,723/1],[740/2,750/1],[768/2,780/1]|
00000000|MMI|67.46|Togo|C0040363|[geoa]|["TO"-tx-40-"to"-adv-0,"TO"-tx-38-"to"-adv-0,"TO"-tx-35-"to"-adv-0,"TO"-tx-33-"to"-adv-0]|TX|3291/2;3227/2;2971/2;2692/2|Z01.058.290.190.800
00000000|MMI|67.46|Tryptophanase|C0041260|[aapp,enzy]|["TO"-tx-40-"to"-adv-0,"TO"-tx-38-"to"-adv-0,"TO"-tx-35-"to"-adv-0,"TO"-tx-33-"to"-adv-0]|TX|3291/2;3227/2;2971/2;2692/2|D08.811.520.224.800
00000000|MMI|66.62|Pain|C0030193|[sosy]|["PAIN"-tx-42-"pain"-noun-0,"PAIN"-tx-31-"pain"-noun-0,"PAIN"-tx-29-"pain"-noun-0]|TX|3538/4;[2412/4],[2440/4];2317/4|C10.597.617;C23.888.592.612;F02.830.816.444;G11.561.600.810.444
00000000|MMI|57.68|Obesity|C0028754|[dsyn]|["OBESE"-tx-19-"obese"-adj-1,"OBESE"-tx-14-"obese"-adj-1]|TX|1287/5;1086/5|C18.654.726.500;C23.888.144.699.500;E01.370.600.115.100.160.120.699.500;G07.100.100.160.120.699.500
00000000|MMI|45.14|Pravachol|C0700763|[orch,phsu]|["Pravachol"-tx-43-"Pravachol"-noun-0,"Pravachol"-tx-8-"Pravachol"-noun-0]|TX|3611/9;727/9|D02.455.426.559.847.638.930;D04.615.638.930
00000000|MMI|38.69|Bone structure of tibia|C0040184|[bpoc]|["Tibial"-tx-27-"tibial"-adj-0,"Tibial"-tx-1-"TIBIAL"-adj-0]|TX|2148/6;65/6|A02.835.232.043.650.883
00000000|MMI|38.68|Vasotec|C0728763|[aapp,phsu]|["Vasotec"-tx-41-"Vasotec"-noun-0,"Vasotec"-tx-11-"Vasotec"-noun-0]|TX|3437/7;848/7|D12.644.456.345.360.300
00000000|MMI|38.62|Toes|C0040357|[bpoc]|["TOE"-tx-27-"toe"-noun-0,"TOE"-tx-3-"toe"-noun-0]|TX|2178/3;348/3|A01.378.610.250.300.792
00000000|MMI|32.61|Glucophage|C0591573|[orch,phsu]|["Glucophage"-tx-44-"Glucophage"-noun-0,"Glucophage"-tx-10-"Glucophage"-noun-0]|TX|3641/10;815/10|D02.078.370.141.450
00000000|MMI|32.61|Glyburide|C0017628|[orch,phsu]|["GLYBURIDE"-tx-41-"Glyburide"-noun-0,"GLYBURIDE"-tx-9-"Glyburide"-noun-0]|TX|3462/9;785/9|D02.886.590.795.575;D02.948.828.575
00000000|MMI|32.45|Postoperative Period|C0032790|[tmco]|["Postoperative"-tx-34-"postoperative"-noun-0,"Postoperative"-tx-30-"postoperative"-noun-0]|TX|2922/13;2347/13|E04.614.750;N02.421.585.753.750
00000000|MMI|32.39|Dominican Republic|C0013014|[geoa]|["DR"-tx-38-"Dr"-noun-0,"DR"-tx-26-"Dr"-noun-0]|TX|3245/2;2108/2|Z01.107.084.900.300;Z01.639.880.300
00000000|MMI|30.32|Erythema|C0041834|[dsyn]|["ERYTHEMA"-tx-35-"erythema"-noun-0,"ERYTHEMA"-tx-34-"erythema"-noun-0,"ERYTHEMA"-tx-3-"erythema"-noun-1]|TX|2952/8;2823/8;328/8|C17.800.229
00000000|MMI|28.95|Patients|C0030705|[podg]|["*^patient"-tx-36-"patient"-noun-0,"*^patient"-tx-34-"patient"-noun-0,"*^patient"-tx-28-"patient"-noun-0,"*^patient"-tx-25-"patient"-noun-0]|TX|3047/7;2888/7;2234/7;1865/7|M01.643
00000000|MMI|28.69|Aspirin|C0004057|[orch,phsu]|["ASPIRIN"-tx-8-"Aspirin"-noun-0]|TX|701/7|D02.455.426.559.389.657.410.595.176
00000000|MMI|26.66|Diet|C0012155|[food]|["Diet"-tx-37-"diet"-noun-0,"regular diet?"-tx-31-"regular diet"-noun-0]|TX|3172/4;2391/12|G07.203.650.240
00000000|MMI|26.05|Physicians|C0031831|[prog]|["DR"-tx-38-"Dr"-noun-0,"DR"-tx-26-"Dr"-noun-0]|TX|3245/2;2108/2|M01.526.485.810;N02.360.810
00000000|MMI|25.67|Ancef|C0700926|[antb,orch]|["Ancef"-tx-34-"Ancef"-noun-0]|TX|2913/5|D02.065.589.099.249.160;D02.886.665.074.160;D04.075.080.875.099.221.249.160
00000000|MMI|22.43|Right|C0205090|[spco]|["RIGHT"-tx-27-"right"-adj-0,"RIGHT"-tx-27-"right"-noun-0,"RIGHT"-tx-21-"right"-noun-0,"RIGHT"-tx-7-"right"-adj-0,"RIGHT"-tx-2-"right"-adj-0,"RIGHT"-tx-1-"RIGHT"-adj-0]|TX|[2134/5],[2200/5];[2134/5],[2200/5];1596/5;585/5;167/5;59/5|
00000000|MMI|22.43|Right sided|C0444532|[spco]|["Right"-tx-27-"right"-adj-0,"Right"-tx-27-"right"-noun-0,"Right"-tx-21-"right"-noun-0,"Right"-tx-7-"right"-adj-0,"Right"-tx-2-"right"-adj-0,"Right"-tx-1-"RIGHT"-adj-0]|TX|[2134/5],[2200/5];[2134/5],[2200/5];1596/5;585/5;167/5;59/5|
00000000|MMI|22.38|Adrenergic beta-Antagonists|C0001645|[phsu]|["Beta blockers"-tx-32-"beta blockers"-noun-0]|TX|2546/13|D27.505.519.625.050.200.200;D27.505.696.577.050.200.200
00000000|MMI|20.95|Hypercholesterolemia|C0020443|[dsyn]|["High cholesterol"-tx-5-"high cholesterol"-noun-1]|TX|514/16|C18.452.584.500.500.396
00000000|MMI|19.73|Laboratory|C0022877|[mnob,orgt]|["LABORATORY"-tx-24-"Laboratory"-noun-0,"LABORATORY"-tx-22-"LABORATORY"-noun-0]|TX|1800/10;1637/10|N02.278.487
00000000|MMI|19.36|Metoprolol|C0025859|[orch,phsu]|["METOPROLOL"-tx-8-"metoprolol"-noun-0]|TX|754/10|D02.033.100.624.698.573;D02.033.755.624.698.573;D02.092.063.624.698.573
00000000|MMI|19.33|Activated Partial Thromboplastin Time measurement|C0030605|[lbpr]|["PTT"-tx-22-"PTT"-noun-0]|TX|1711/3|E01.370.225.625.115.600;E05.200.625.115.600;G09.188.660
00000000|MMI|19.23|Femur|C0015811|[bpoc]|["Femoral"-tx-27-"femoral"-adj-0]|TX|2140/7|A02.835.232.043.650.247
00000000|MMI|19.23|Atenolol|C0004147|[orch,phsu]|["ATENOLOL"-tx-41-"Atenolol"-noun-0]|TX|3384/8|D02.033.100.624.698.070;D02.033.755.624.698.070;D02.092.063.624.698.070
00000000|MMI|19.21|Patient Discharge|C0030685|[hlca]|["Discharge"-tx-33-"discharge"-noun-0]|TX|2667/9|E02.204.125;E02.760.400.610;N02.421.192.125;N02.421.585.400.610;N04.590.233.727.210.125
00000000|MMI|17.80|Diabetes Mellitus, Non-Insulin-Dependent|C0011860|[dsyn]|["Noninsulin dependent diabetes mellitus"-tx-5-"non insulin dependent diabetes mellitus"-noun-0]|TX|457/39|C18.452.394.750.149;C19.246.300
00000000|MMI|17.80|Electrocardiogram|C0013798|[fndg]|["EKG"-tx-23-"EKG"-noun-0]|TX|1771/3|E01.370.370.380.240;E01.370.405.240
00000000|MMI|17.80|Electrocardiography|C1623258|[diap]|["EKG"-tx-23-"EKG"-noun-0]|TX|1771/3|E01.370.370.380.240;E01.370.405.240
00000000|MMI|16.37|Visiting Nurses|C0042799|[prog]|["Visiting Nurses"-tx-36-"visiting nurses"-noun-0]|TX|3127/15|M01.526.485.650.655;N02.360.650.655
00000000|MMI|16.35|Ergocalciferol|C0014695|[orch,phsu,vita]|["Vitamin D"-tx-11-"vitamin d"-noun-0]|TX|873/7,914/1|D04.808.247.222.474;D04.808.247.808.412;D04.808.812.768.462;D10.570.938.439
00000000|MMI|16.18|Carotid Endarterectomy|C0014099|[topp]|["CAROTID ENDARTERECTOMY"-tx-7-"carotid endarterectomy"-noun-0]|TX|591/22|E04.100.814.456.250
00000000|MMI|16.12|Pulse Rate|C0232117|[clna]|["PULSE"-tx-21-"Pulse"-noun-0]|TX|1427/5|E01.370.600.875.500;G09.330.380.500
00000000|MMI|15.94|Abortion consent:Finding:Point in time:^Patient:Document|C2360836|[clna]|["Patient"-tx-36-"patient"-noun-0,"Patient"-tx-34-"patient"-noun-0,"Patient"-tx-28-"patient"-noun-0,"Patient"-tx-25-"patient"-noun-0]|TX|3047/7;2888/7;2234/7;1865/7|
00000000|MMI|15.94|Hysterectomy consent:Finding:Point in time:^Patient:Document|C2360838|[clna]|["Patient"-tx-36-"patient"-noun-0,"Patient"-tx-34-"patient"-noun-0,"Patient"-tx-28-"patient"-noun-0,"Patient"-tx-25-"patient"-noun-0]|TX|3047/7;2888/7;2234/7;1865/7|
00000000|MMI|15.94|Sterilization consent:Finding:Point in time:^Patient:Document|C2360840|[clna]|["Patient"-tx-36-"patient"-noun-0,"Patient"-tx-34-"patient"-noun-0,"Patient"-tx-28-"patient"-noun-0,"Patient"-tx-25-"patient"-noun-0]|TX|3047/7;2888/7;2234/7;1865/7|
00000000|MMI|15.45|To|C1883351|[qlco]|["To"-tx-40-"to"-adv-0,"To"-tx-38-"to"-adv-0,"To"-tx-35-"to"-adv-0,"To"-tx-33-"to"-adv-0]|TX|3291/2;3227/2;2971/2;2692/2|
00000000|MMI|14.92|Physical therapy (field)|C0699718|[bmod]|["physical therapy"-tx-36-"physical therapy"-noun-0,"physical therapy"-tx-33-"physical therapy"-noun-0,"PT"-tx-22-"PT"-noun-0,"PT"-tx-21-"PT"-noun-0]|TX|3101/16;2577/16;1702/2;1524/2|
00000000|MMI|14.64|Abdominal Cavity|C0230168|[blor]|["Abdomen"-tx-19-"ABDOMEN"-noun-0]|TX|1271/7|A01.923.047.025
00000000|MMI|14.64|Ability|C0085732|[orga]|["Able"-tx-33-"able"-adj-0]|TX|2687/4|F02.784.629.131
00000000|MMI|14.64|Cesarean section|C0007876|[topp]|["C section"-tx-7-"C-section"-noun-0]|TX|623/9|E04.520.252.500
00000000|MMI|14.64|Chest|C0817096|[blor]|["CHEST"-tx-17-"CHEST"-noun-0]|TX|1197/5|A01.923.761;A02.835.232.904
00000000|MMI|14.64|Diabetes Mellitus|C0011849|[dsyn]|["non insulin dependent diabetes Mellitus"-tx-5-"non insulin dependent diabetes mellitus"-noun-0]|TX|457/39|C18.452.394.750;C19.246
00000000|MMI|14.64|Fever|C0015967|[fndg]|["Fevers"-tx-3-"fevers"-noun-1]|TX|304/6|C23.888.119.344
00000000|MMI|14.61|Pain NOS Adverse Event|C1962977|[fndg]|["Pain NOS"-tx-42-"pain"-noun-0,"Pain NOS"-tx-31-"pain"-noun-0,"Pain NOS"-tx-29-"pain"-noun-0]|TX|3538/4;[2412/4],[2440/4];2317/4|
00000000|MMI|14.61|day|C0439228|[tmco]|["DAYS"-tx-44-"days"-noun-0,"DAY"-tx-34-"day"-noun-0,"DAY"-tx-33-"day"-noun-0,"DAY"-tx-30-"day"-noun-0]|TX|3706/4;2936/3;2656/3;2361/3|
00000000|MMI|14.45|60%|C3842585|[fndg]|["60%"-tx-43-"60"-integer-0,"60%"-tx-22-"60"-real_number-0,"60%"-tx-8-"60"-integer-0]|TX|3621/2;1683/2;[737/2],[765/2]|
00000000|MMI|14.21|Mild (qualifier value)|C2945599|[qlco]|["MILD"-tx-34-"mild"-adj-0,"Mildly"-tx-22-"mildly"-adv-0,"Minimal"-tx-20-"minimal"-adj-0,"Mildly"-tx-14-"mildly"-adv-0]|TX|2818/4;1744/6;1397/7;1079/6|
00000000|MMI|13.77|Physical therapy|C0949766|[topp]|["Physical Therapy"-tx-36-"physical therapy"-noun-0,"Physical Therapy"-tx-33-"physical therapy"-noun-0]|TX|3101/16;2577/16|E02.779
00000000|MMI|13.54|Woman|C0043210|[popg]|["WOMAN"-tx-14-"woman"-noun-0,"female"-tx-2-"female"-noun-0]|TX|1092/5;139/6|M01.975
00000000|MMI|13.20|Vitamin D|C0042866|[orch,phsu,vita]|["VITAMIN D"-tx-11-"vitamin d"-noun-0]|TX|873/7,914/1|D04.808.812.768
00000000|MMI|13.14|DSP protein, human|C1531217|[aapp,bacs]|["DP"-tx-21-"DP"-noun-0]|TX|1517/2|x.x.x.x
00000000|MMI|13.09|Nurses|C0028661|[prog]|["Nurses"-tx-36-"nurses"-noun-0]|TX|3136/6|M01.526.485.650;N02.360.650
00000000|MMI|13.07|Operating Room|C0029064|[hcro,mnob]|["OPERATING ROOM"-tx-26-"operating room"-noun-0]|TX|2076/14|N02.278.388.700
00000000|MMI|13.06|Pain management|C0002766|[topp]|["controlled pain"-tx-31-"controlled pain"-noun-0]|TX|2426/10,2440/4|E02.745;N04.590.607.500
00000000|MMI|13.05|Pulmonary Vascular Resistance|C0456261|[fndg]|["PVR"-tx-22-"PVRs"-noun-0]|TX|1761/4|G09.330.380.921
00000000|MMI|13.05|Consultation|C0009818|[hlca]|["Consultation"-tx-32-"consultation"-noun-0]|TX|2474/12|N04.452.758.849
00000000|MMI|13.00|Home visit (procedure)|C0020043|[hlca]|["home visiting"-tx-36-"home visiting"-noun-0]|TX|3122/13|N04.452.758.307
00000000|MMI|12.92|Vital signs|C0518766|[clna]|["Signs, Vital"-tx-13-"vital signs"-noun-0]|TX|1045/11|E01.370.600.875
00000000|MMI|12.90|Auscultation|C0004339|[diap]|["AUSCULTATION"-tx-17-"auscultation"-noun-0]|TX|1213/12|E01.370.600.060
00000000|MMI|11.49|Abdomen|C0000726|[blor]|["ABDOMEN"-tx-19-"ABDOMEN"-noun-0]|TX|1271/7|A01.923.047
00000000|MMI|11.49|Appendectomy|C0003611|[topp]|["APPENDECTOMY"-tx-7-"appendectomy"-noun-0]|TX|637/12|E04.210.078
00000000|MMI|11.49|Chills|C0085593|[sosy]|["CHILLS"-tx-3-"chills"-noun-1]|TX|314/6|C23.888.208
00000000|MMI|11.49|Diet therapy|C0012159|[hlca]|["Diet"-tx-37-"diet"-noun-0]|TX|3172/4|E02.642.249
00000000|MMI|11.49|Hypertensive disease|C0020538|[dsyn]|["HYPERTENSION"-tx-5-"hypertension"-noun-1]|TX|499/12|C14.907.489
00000000|MMI|11.23|Medications:-:Point in time:^Patient:-|C2598133|[clna]|["Medications"-tx-40-"medications"-noun-0,"Medications"-tx-31-"medications"-noun-0,"Medications"-tx-8-"MEDICATIONS"-noun-0]|TX|3307/11;2445/11;675/11|
00000000|MMI|11.23|Medications:Presence or Identity:Duration of the study:^Patient:Nominal|C0802604|[clna]|["Medications"-tx-40-"medications"-noun-0,"Medications"-tx-31-"medications"-noun-0,"Medications"-tx-8-"MEDICATIONS"-noun-0]|TX|3307/11;2445/11;675/11|
00000000|MMI|11.23|Pharmaceutical Preparations|C0013227|[phsu]|["Medications"-tx-40-"medications"-noun-0,"Medications"-tx-31-"medications"-noun-0,"Medications"-tx-8-"MEDICATIONS"-noun-0]|TX|3307/11;2445/11;675/11|D26
00000000|MMI|10.85|Admission Level of Care Code - Improved|C1561611|[inpr]|["Improved"-tx-35-"improved"-verb-0,"Improved"-tx-34-"improved"-verb-0,"Improved"-tx-33-"improved"-verb-0]|TX|2995/8;2869/8;2624/8|
00000000|MMI|10.85|Better|C0332272|[qlco]|["Improved"-tx-35-"improved"-verb-0,"Improved"-tx-34-"improved"-verb-0,"Improved"-tx-33-"improved"-verb-0]|TX|2995/8;2869/8;2624/8|
00000000|MMI|10.85|Improved|C0184511|[qlco]|["Improved"-tx-35-"improved"-verb-0,"Improved"-tx-34-"improved"-verb-0,"Improved"-tx-33-"improved"-verb-0]|TX|2995/8;2869/8;2624/8|
00000000|MMI|10.83|Event Seriousness - Significant|C1546944|[qlco]|["Significant"-tx-22-"significant"-adj-0,"Significant"-tx-21-"significant"-adj-0,"Significant"-tx-5-"Significant"-adj-0]|TX|1658/11;1449/11;411/11|
00000000|MMI|10.83|Significant|C0750502|[idcn]|["Significant"-tx-22-"significant"-adj-0,"Significant"-tx-21-"significant"-adj-0,"Significant"-tx-5-"Significant"-adj-0]|TX|1658/11;1449/11;411/11|
00000000|MMI|10.83|Statistical Significance|C0237881|[qnco]|["significant"-tx-22-"significant"-adj-0,"significant"-tx-21-"significant"-adj-0,"significant"-tx-5-"Significant"-adj-0]|TX|1658/11;1449/11;411/11|
00000000|MMI|10.76|Daily|C0332173|[tmco]|["/day"-tx-34-"day"-noun-0,"/day"-tx-33-"day"-noun-0,"/day"-tx-30-"day"-noun-0]|TX|2936/3;2656/3;2361/3|
00000000|MMI|10.76|per day|C0439505|[tmco]|["/day"-tx-34-"day"-noun-0,"/day"-tx-33-"day"-noun-0,"/day"-tx-30-"day"-noun-0]|TX|2936/3;2656/3;2361/3|
00000000|MMI|10.70|One|C0205447|[qnco]|["ONE"-tx-43-"one"-noun-0,"ONE"-tx-42-"one"-noun-0,"ONE"-tx-11-"one"-noun-0]|TX|3589/3;3501/3;896/3|
00000000|MMI|10.66|Right big toe|C0930961|[bpoc]|["Right Great toe"-tx-34-"right great toe"-noun-0,"Right Great toe"-tx-20-"right great toe"-noun-0,"Right First toe"-tx-2-"right first toe"-noun-0]|TX|2843/15;1376/15;251/15|
00000000|MMI|10.54|Two|C0205448|[qnco]|["Two"-tx-42-"two"-adj-0,"Two"-tx-30-"two"-noun-0,"Two"-tx-2-"two"-adj-0]|TX|3508/3;2365/3;277/3|
00000000|MMI|10.42|Denied (qualifier)|C0332319|[qlco]|["Denied"-tx-4-"denied"-verb-0,"Denied"-tx-3-"denied"-verb-0]|TX|367/6;293/6|
00000000|MMI|10.42|Deny (action)|C2700401|[acty]|["Denied"-tx-4-"denied"-verb-0,"Denied"-tx-3-"denied"-verb-0]|TX|367/6;293/6|
00000000|MMI|10.42|Doctor of Medicine|C1512018|[inpr]|["M.D."-tx-47-"M.D"-noun-0,"M.D."-tx-45-"M.D"-noun-0]|TX|3781/3;3741/3|
00000000|MMI|10.42|On admission|C0457453|[tmco]|["On admission"-tx-13-"ON ADMISSION"-adj-0,"On admission"-tx-8-"ON ADMISSION"-adj-0]|TX|1002/12;687/12|
00000000|MMI|10.06|Drug Allergy|C0013182|[dsyn]|["Drug Allergies"-tx-12-"drug allergies"-noun-1]|TX|965/14|C20.543.206;C25.100.468
00000000|MMI|9.94|Physical Examination|C0031809|[hlca]|["Physical"-tx-36-"physical"-noun-0]|TX|3101/8|E01.370.600
00000000|MMI|9.92|Female|C0015780|[orga]|["FEMALE"-tx-2-"female"-noun-0]|TX|139/6|x.x.x
00000000|MMI|9.92|Females|C0086287|[popg]|["female"-tx-2-"female"-noun-0]|TX|139/6|x.x.x
00000000|MMI|9.90|Proliferative vitreoretinopathy|C0242852|[dsyn]|["PVR"-tx-22-"PVRs"-noun-0]|TX|1761/4|C11.768.890
00000000|MMI|9.90|Vascular Surgical Procedures|C0042381|[topp]|["Vascular Surgical"-tx-25-"vascular surgical"-adj-0]|TX|1893/17|E04.100.814
00000000|MMI|9.86|Hospitals|C0019994|[hcro,mnob]|["HOSPITAL"-tx-28-"hospital"-noun-0]|TX|2273/8|N02.278.421
00000000|MMI|9.81|Peripheral Vascular Diseases|C0085096|[dsyn]|["PERIPHERAL VASCULAR DISEASE"-tx-5-"peripheral vascular disease"-noun-0]|TX|427/27|C14.907.617
00000000|MMI|9.77|Arteries|C0003842|[bpoc]|["Arterial"-tx-1-"ARTERIAL"-adj-0]|TX|72/8|A07.231.114
00000000|MMI|9.76|Tablet Dosage Form|C0039225|[bodm]|["Tablets"-tx-42-"tablets"-noun-0]|TX|3512/7|D26.255.830
00000000|MMI|9.75|Communicable Diseases|C0009450|[dsyn]|["Infection, NOS"-tx-34-"infection"-noun-1]|TX|2768/9|C01.539.221
00000000|MMI|9.73|Ulcer|C0041582|[dsyn]|["ULCER"-tx-26-"ulcer"-noun-1]|TX|2031/5|C23.550.891
00000000|MMI|8.34|Heart|C0018787|[bpoc]|["HEART"-tx-18-"HEART"-noun-0]|TX|1239/5|A07.541
00000000|MMI|8.34|Hypersensitivity|C0020517|[patf]|["Allergies"-tx-12-"ALLERGIES"-noun-0]|TX|945/9|C20.543
00000000|MMI|8.34|Neck|C0027530|[blor]|["NECK"-tx-16-"NECK"-noun-0]|TX|1183/4|A01.598
00000000|MMI|7.46|Services|C0557854|[ocac]|["Services"-tx-36-"services"-noun-0,"Service"-tx-25-"service"-noun-0]|TX|3083/8;1911/7|
00000000|MMI|7.41|Ambulate|C4036205|[fndg]|["Ambulate"-tx-33-"ambulate"-verb-0,"Ambulate"-tx-30-"ambulating"-noun-0]|TX|2695/8;2333/10|
00000000|MMI|7.35|Medical Examination|C0582103|[hlca]|["Exam"-tx-24-"exams"-noun-0,"Exam"-tx-22-"EXAM"-noun-0]|TX|1811/5;1648/4|
00000000|MMI|7.27|Leg Injuries|C0023220|[inpo]|["Leg Wound"-tx-34-"leg wounds"-noun-1]|TX|2785/10|C26.558
00000000|MMI|7.23|10%|C3842590|[fndg]|["10%"-tx-41-"10"-integer-0,"10%"-tx-9-"10"-integer-0]|TX|3472/2;795/2|
00000000|MMI|7.20|seen|C0205397|[qlco]|["Seen"-tx-33-"seen"-verb-0,"Seen"-tx-32-"seen"-verb-0]|TX|2569/4;2466/4|
00000000|MMI|7.17|Pharmacogenomics Trial Characteristics Domain|C3714755|[inpr]|["PT"-tx-22-"PT"-noun-0,"PT"-tx-21-"PT"-noun-0]|TX|1702/2;1524/2|
00000000|MMI|7.17|Post|C0687676|[tmco]|["Status Post"-tx-7-"status post"-prep-0,"Status Post"-tx-2-"status post"-prep-0]|TX|573/11;153/11|
00000000|MMI|7.17|Status post|C0231290|[tmco]|["Status post"-tx-7-"status post"-prep-0,"Status post"-tx-2-"status post"-prep-0]|TX|573/11;153/11|
00000000|MMI|7.12|Surgical service|C0587668|[hlca]|["Surgical Service"-tx-25-"surgical service"-noun-0,"Surgical"-tx-13-"SURGICAL"-adj-0]|TX|1902/16;981/8|
00000000|MMI|7.11|+2|C0740116|[qnco]|["+2"-tx-49-"2"-fraction-0]|TX|[3840/1],[3851/1]|
00000000|MMI|7.11|2+|C3833492|[fndg]|["2+"-tx-49-"2"-fraction-0]|TX|[3840/1],[3851/1]|
00000000|MMI|7.11|2+ Score|C2827735|[qnco]|["2+"-tx-49-"2"-fraction-0]|TX|[3840/1],[3851/1]|
00000000|MMI|7.11|2+ Score, WHO|C2981700|[clas]|["2+"-tx-49-"2"-fraction-0]|TX|[3840/1],[3851/1]|
00000000|MMI|7.09|Regular|C0205272|[qlco]|["Regular"-tx-28-"regular"-adj-0,"Regular"-tx-18-"Regular"-adj-0]|TX|2265/7;1246/7|
00000000|MMI|7.08|Three|C0205449|[qnco]|["Three"-tx-34-"three"-word_numeral-0,"Three"-tx-33-"three"-word_numeral-0]|TX|2940/5;2704/5|
00000000|MMI|7.04|Laboratory domain|C3244292|[ftcn]|["laboratory"-tx-24-"Laboratory"-noun-0,"laboratory"-tx-22-"LABORATORY"-noun-0]|TX|1800/10;1637/10|
00000000|MMI|7.01|0%|C3842591|[fndg]|["0%"-tx-22-"0"-real_number-0]|TX|[1681/1],[1690/1]|
00000000|MMI|7.01|Delayed Release Dosage Form|C1707664|[bodm]|["DR"-tx-38-"Dr"-noun-0,"DR"-tx-26-"Dr"-noun-0]|TX|3245/2;2108/2|
00000000|MMI|7.01|Device to Subject Relationship Domain|C3540849|[inpr]|["DR"-tx-38-"Dr"-noun-0,"DR"-tx-26-"Dr"-noun-0]|TX|3245/2;2108/2|
00000000|MMI|7.01|Doctor - Title|C2348314|[cnce]|["Dr."-tx-38-"Dr"-noun-0,"Dr."-tx-26-"Dr"-noun-0]|TX|3245/2;2108/2|
00000000|MMI|6.99|Home environment|C0442519|[cnce]|["HOME"-tx-36-"home"-noun-0]|TX|[3096/4],[3122/4]|
00000000|MMI|6.99|Multivitamin tablet|C0978787|[phsu]|["Multivitamin tablet"-tx-43-"multivitamin tablet"-noun-0,"Multivitamin tablet"-tx-11-"multivitamin tablet"-noun-0]|TX|3576/12,3593/6;883/12,900/6|
00000000|MMI|6.95|20%|C3842589|[fndg]|["20%"-tx-41-"20"-integer-0,"20%"-tx-11-"20"-integer-0]|TX|3445/2;856/2|
00000000|MMI|6.93|MILDLY|C0750532|[idcn]|["MILDLY"-tx-22-"mildly"-adv-0,"MILDLY"-tx-14-"mildly"-adv-0]|TX|1744/6;1079/6|
00000000|MMI|6.89|Entire toe|C1281589|[bpoc]|["Toe"-tx-27-"toe"-noun-0,"Toe"-tx-3-"toe"-noun-0]|TX|2178/3;348/3|
00000000|MMI|6.76|Transplanted tissue|C0332835|[tisu]|["GRAFT"-tx-27-"graft"-noun-0]|TX|2162/5|A01.941
00000000|MMI|6.71|Blood Vessel|C0005847|[bpoc]|["Vascular"-tx-25-"vascular"-adj-0]|TX|1893/8|A07.231
00000000|MMI|6.59|Infection|C3714514|[patf]|["INFECTION"-tx-34-"infection"-noun-1]|TX|2768/9|C01.539
00000000|MMI|5.18|*Activity (kind of quantity)|C1561536|[idcn]|["*Activity"-tx-37-"activity"-noun-0]|TX|3194/8|
00000000|MMI|5.18|Able (finding)|C1299581|[fndg]|["Able"-tx-33-"able"-adj-0]|TX|2687/4|
00000000|MMI|5.18|Active|C0205177|[ftcn]|["Activity"-tx-37-"activity"-noun-0]|TX|3194/8|
00000000|MMI|5.18|Activities|C0441655|[acty]|["ACTIVITY"-tx-37-"activity"-noun-0]|TX|3194/8|
00000000|MMI|5.18|Activity (animal life circumstance)|C3668946|[fndg]|["Activity"-tx-37-"activity"-noun-0]|TX|3194/8|
00000000|MMI|5.18|Anterior thoracic region|C1527391|[blor]|["Chest"-tx-17-"CHEST"-noun-0]|TX|1197/5|
00000000|MMI|5.18|Basal Diet|C2983588|[food]|["DIET"-tx-37-"diet"-noun-0]|TX|3172/4|
00000000|MMI|5.18|Bilateral cataracts (disorder)|C0521707|[acab]|["Bilateral Cataracts"-tx-7-"bilateral cataracts"-noun-0]|TX|654/19|
00000000|MMI|5.18|Call (Instruction)|C1947967|[ftcn]|["Call"-tx-40-"call"-verb-0]|TX|3286/4|
00000000|MMI|5.18|Cardiology service|C3887620|[hcro]|["Cardiology service"-tx-32-"cardiology service"-noun-0]|TX|2494/18|
00000000|MMI|5.18|Cardiology service (procedure)|C0587571|[hlca]|["Cardiology service"-tx-32-"cardiology service"-noun-0]|TX|2494/18|
00000000|MMI|5.18|Carotid bruit|C0007280|[fndg]|["carotid bruits"-tx-15-"carotid bruits"-noun-1]|TX|1134/14|
00000000|MMI|5.18|Congenital Bilateral Cataracts|C3277059|[dsyn]|["Bilateral cataracts"-tx-7-"bilateral cataracts"-noun-0]|TX|654/19|
00000000|MMI|5.18|Continuous|C0549178|[idcn]|["Continued"-tx-35-"continued"-verb-0]|TX|2961/9|
00000000|MMI|5.18|Decision|C0679006|[menp]|["Call"-tx-40-"call"-verb-0]|TX|3286/4|
00000000|MMI|5.18|Diet (animal life circumstance)|C3668949|[food]|["Diet"-tx-37-"diet"-noun-0]|TX|3172/4|
00000000|MMI|5.18|Discharge date|C2361123|[tmco]|["Discharge date"-tx-1-"Discharge Date"-noun-0]|TX|0/14|
00000000|MMI|5.18|Discharge date:Time Stamp -- Date and Time:Point in time:^Patient:Quantitative|C2361122|[clna]|["Discharge date"-tx-1-"Discharge Date"-noun-0]|TX|0/14|
00000000|MMI|5.18|Discharge instructions:Find:Pt:{Setting}:Doc:{Provider}|C3669312|[clna]|["Discharge instructions"-tx-37-"DISCHARGE INSTRUCTIONS"-noun-0]|TX|3144/22|
00000000|MMI|5.18|Disposition|C0743223|[idcn]|["Disposition"-tx-36-"DISPOSITION"-noun-0]|TX|3030/11|
00000000|MMI|5.18|Disposition Domain|C1705555|[inpr]|["Disposition"-tx-36-"DISPOSITION"-noun-0]|TX|3030/11|
00000000|MMI|5.18|Entire abdomen|C1281594|[bpoc]|["Abdomen"-tx-19-"ABDOMEN"-noun-0]|TX|1271/7|
00000000|MMI|5.18|Entire heart|C1281570|[bpoc]|["Heart"-tx-18-"HEART"-noun-0]|TX|1239/5|
00000000|MMI|5.18|Entire neck|C1281592|[bpoc]|["Neck"-tx-16-"NECK"-noun-0]|TX|1183/4|
00000000|MMI|5.18|FDA Establishment Activity Terminology|C4049939|[inpr]|["ACTIVITY"-tx-37-"activity"-noun-0]|TX|3194/8|
00000000|MMI|5.18|Functional Status|C0598463|[fndg]|["Functional Status"-tx-33-"functional status"-noun-0]|TX|2602/17|
00000000|MMI|5.18|H/O: surgery|C0455610|[fndg]|["Past surgical history"-tx-6-"PAST SURGICAL HISTORY"-noun-0]|TX|532/21|
00000000|MMI|5.18|Has difficulty doing (qualifier value)|C1299586|[fndg]|["Difficulty"-tx-33-"difficulty"-noun-0]|TX|2736/10|
00000000|MMI|5.18|History of present illness|C0262512|[orga]|["HISTORY OF PRESENT ILLNESS"-tx-2-"HISTORY OF PRESENT ILLNESS"-noun-0]|TX|89/26|
00000000|MMI|5.18|History of present illness:Finding:Point in time:^Patient:Nominal:Reported|C0488508|[clna]|["History of present illness"-tx-2-"HISTORY OF PRESENT ILLNESS"-noun-0]|TX|89/26|
00000000|MMI|5.18|Hospital course|C0489547|[fndg]|["Hospital course"-tx-25-"HOSPITAL COURSE"-noun-0]|TX|1844/15|
00000000|MMI|5.18|Hospital course:Finding:Point in time:^Patient:Narrative|C0488549|[clna]|["Hospital course"-tx-25-"HOSPITAL COURSE"-noun-0]|TX|1844/15|
00000000|MMI|5.18|Hypercholesterolemia result|C1522133|[fndg]|["High Cholesterol"-tx-5-"high cholesterol"-noun-1]|TX|514/16|
00000000|MMI|5.18|Hypertension Adverse Event|C1963138|[fndg]|["Hypertension"-tx-5-"hypertension"-noun-1]|TX|499/12|
00000000|MMI|5.18|Initially|C0205265|[tmco]|["Initially"-tx-29-"initially"-adv-0]|TX|2293/9|
00000000|MMI|5.18|Jugular venous engorgement|C0425687|[fndg]|["Jugular venous distension"-tx-15-"jugular venous distention"-noun-1]|TX|1156/25|
00000000|MMI|5.18|Medical History|C0262926|[fndg]|["Past Medical History"-tx-5-"PAST MEDICAL HISTORY"-noun-0]|TX|389/20|
00000000|MMI|5.18|Medication.discharge|C0806915|[fndg]|["Discharge medications"-tx-41-"DISCHARGE MEDICATIONS"-noun-0]|TX|3320/21|
00000000|MMI|5.18|Most|C0205393|[qnco]|["Much"-tx-35-"much"-adv-0]|TX|2990/4|
00000000|MMI|5.18|Normal sinus rhythm|C0232202|[fndg]|["NORMAL SINUS RHYTHM"-tx-23-"normal sinus rhythm"-noun-0]|TX|1779/19|
00000000|MMI|5.18|PMH - past medical history|C0455458|[fndg]|["Past medical history"-tx-5-"PAST MEDICAL HISTORY"-noun-0]|TX|389/20|
00000000|MMI|5.18|Percent Activity|C0439167|[qnco]|["% Activity"-tx-37-"activity"-noun-0]|TX|3194/8|
00000000|MMI|5.18|Physical Activity Measurement|C4049938|[lbpr]|["ACTIVITY"-tx-37-"activity"-noun-0]|TX|3194/8|
00000000|MMI|5.18|Rest pain|C0234253|[sosy]|["Rest pain"-tx-4-"rest pain"-noun-1]|TX|378/9|
00000000|MMI|5.18|Rhythm|C0871269|[fndg]|["Rhythm"-tx-18-"rhythm"-noun-0]|TX|1263/6|
00000000|MMI|5.18|Rhythm Not Otherwise Specified ECG Assessment|C3828331|[inpr]|["Rhythm Not Otherwise Specified"-tx-18-"rhythm"-noun-0]|TX|1263/6|
00000000|MMI|5.18|Right lower extremity|C0230415|[bpoc]|["Right lower extremity"-tx-20-"RIGHT LOWER EXTREMITY"-noun-0]|TX|1322/21|
00000000|MMI|5.18|Schedule (document type)|C0086960|[inpr]|["Schedule"-tx-40-"schedule"-verb-0]|TX|3294/8|
00000000|MMI|5.18|Special Diet Therapy|C1519433|[topp]|["DIET"-tx-37-"diet"-noun-0]|TX|3172/4|
00000000|MMI|5.18|Supple|C0332254|[ftcn]|["Supple"-tx-16-"Supple"-adj-0]|TX|1189/6|
00000000|MMI|5.18|Table Frame - above|C1552828|[idcn]|["above"-tx-6-"above"-adj-0]|TX|558/5|
00000000|MMI|5.18|Type II Diabetes Mellitus Pathway|C2984301|[ftcn]|["non insulin dependent diabetes mellitus"-tx-5-"non insulin dependent diabetes mellitus"-noun-0]|TX|457/39|
00000000|MMI|5.18|Upper|C1282910|[spco]|["Above"-tx-6-"above"-adj-0]|TX|558/5|
00000000|MMI|5.18|dendritic spine neck|C3159206|[celc]|["neck"-tx-16-"NECK"-noun-0]|TX|1183/4|
00000000|MMI|5.18|hospital discharge instructions (treatment)|C2266673|[hlca]|["Discharge instructions"-tx-37-"DISCHARGE INSTRUCTIONS"-noun-0]|TX|3144/22|
00000000|MMI|5.18|rhythmic process (biological)|C1523018|[phsf]|["rhythm"-tx-18-"rhythm"-noun-0]|TX|1263/6|
00000000|MMI|4.19|Discharge to home|C0184713|[topp]|["Discharge to home"-tx-36-"discharged to home"-noun-0]|TX|3059/18|
00000000|MMI|4.12|Injury of lower leg|C0495958|[inpo]|["leg Wound"-tx-34-"leg wounds"-noun-1]|TX|2785/10|
00000000|MMI|3.98|Beginning|C0439659|[tmco]|["Begin"-tx-30-"began"-verb-0]|TX|2327/5|
00000000|MMI|3.98|Dressing change|C0085671|[topp]|["Dressing change"-tx-25-"dressing changes"-noun-0]|TX|1956/16|
00000000|MMI|3.98|Make - Instruction Imperative|C1881534|[ftcn]|["Make"-tx-32-"made"-verb-0]|TX|2517/4|
00000000|MMI|3.78|home therapy|C0868969|[ocac]|["Home therapy"-tx-36-"home therapy"-noun-0]|TX|3096/4,3110/7|
00000000|MMI|3.75|Surrounding Erythema|C1822297|[fndg]|["Surrounding Erythema"-tx-20-"surrounding erythema"-noun-1]|TX|1405/20|
00000000|MMI|3.73|D Vitamin|C3537249|[phsu]|["Vitamin D"-tx-11-"vitamin d"-noun-0]|TX|873/7,914/1|
00000000|MMI|3.73|Vitamin D Drug Class|C3714503|[phsu,vita]|["VITAMIN D"-tx-11-"vitamin d"-noun-0]|TX|873/7,914/1|
00000000|MMI|3.73|Vitamin D [EPC]|C2936842|[vita]|["Vitamin D"-tx-11-"vitamin d"-noun-0]|TX|873/7,914/1|
00000000|MMI|3.68|% index|C1637833|[qnco]|["% index"-tx-48-"Index"-noun-0]|TX|3816/5|
00000000|MMI|3.68|3+ Answer to Question|C3838680|[fndg]|["3+"-tx-39-"3"-fraction-0]|TX|3267/1|
00000000|MMI|3.68|3+ Score|C2827736|[qnco]|["3+"-tx-39-"3"-fraction-0]|TX|3267/1|
00000000|MMI|3.68|3+ Score, WHO|C2981702|[clas]|["3+"-tx-39-"3"-fraction-0]|TX|3267/1|
00000000|MMI|3.68|<3 (qualifier value)|C0439086|[qnco]|["<3"-tx-39-"3"-fraction-0]|TX|3267/1|
00000000|MMI|3.68|Anti-Drug Antibody|C3811629|[aapp,imft]|["ADA"-tx-37-"ADA"-noun-0]|TX|3180/3|
00000000|MMI|3.68|Attending (action)|C1999232|[ftcn]|["attending"-tx-46-"Attending"-noun-0]|TX|3752/9|
00000000|MMI|3.68|Attending (provider role)|C1547429|[prog]|["Attending"-tx-46-"Attending"-noun-0]|TX|3752/9|
00000000|MMI|3.68|Genus Ada|C1060325|[plnt]|["Ada"-tx-37-"ADA"-noun-0]|TX|3180/3|
00000000|MMI|3.68|Html Link Type - index|C1552854|[idcn]|["index"-tx-48-"Index"-noun-0]|TX|3816/5|
00000000|MMI|3.68|Index|C0918012|[inpr]|["Index"-tx-48-"Index"-noun-0]|TX|3816/5|
00000000|MMI|3.68|Rate|C1521828|[qnco]|["Rate"-tx-18-"rate"-noun-0]|TX|1254/4|
00000000|MMI|3.68|Rating (action)|C0871208|[acty]|["Rate"-tx-18-"rate"-noun-0]|TX|1254/4|
00000000|MMI|3.68|month|C0439231|[tmco]|["MONTHS"-tx-2-"months"-noun-0]|TX|281/6|
00000000|MMI|3.67|femoral-femoral bypass|C0743860|[topp]|["femoral bypass"-tx-27-"femoral bypass"-noun-0]|TX|2140/7,2155/6|
00000000|MMI|3.66|mg/h|C0439421|[qnco]|["mg/h"-tx-43-"mg h"-noun-0]|TX|3624/2,3634/1|
00000000|MMI|3.65|Amputation of the foot (procedure)|C0188605|[topp]|["Amputation of the foot"-tx-27-"amputation of the foot"-noun-0]|TX|2182/17,2206/4|
00000000|MMI|3.65|Bypass graft|C0185098|[topp]|["Bypass graft"-tx-27-"bypass graft"-noun-0]|TX|2155/12|
00000000|MMI|3.65|Principal Diagnosis:-:Point in time:^Patient:-|C2598194|[clna]|["Principal Diagnosis"-tx-1-"PRINCIPAL DIAGNOSIS"-noun-0]|TX|26/19|
00000000|MMI|3.65|Principal diagnosis|C0332137|[qlco]|["Principal Diagnosis"-tx-1-"PRINCIPAL DIAGNOSIS"-noun-0]|TX|26/19|
00000000|MMI|3.64|Femoro-posterior tibial artery bypass|C1319108|[topp]|["Femoral posterior tibial artery bypass"-tx-2-"femoral posterior tibial artery bypass"-noun-0]|TX|173/38|
00000000|MMI|3.64|Normal diet|C0184625|[dora]|["Regular diet"-tx-31-"regular diet"-noun-0]|TX|2391/12|
00000000|MMI|3.64|Normal limits|C0442816|[qnco]|["Normal limits"-tx-24-"normal limits"-noun-0]|TX|1829/13|
00000000|MMI|3.64|dictated - DocumentCompletion|C1609990|[idcn]|["Dictated"-tx-45-"Dictated"-verb-0]|TX|3712/8|
00000000|MMI|3.64|dictated - ParticipationMode|C1548384|[ftcn]|["dictated"-tx-45-"Dictated"-verb-0]|TX|3712/8|
00000000|MMI|3.63|Physical|C0205485|[ftcn]|["Physical"-tx-36-"physical"-noun-0]|TX|3101/8|
00000000|MMI|3.63|Physical assessment findings|C1509143|[fndg]|["Physical"-tx-36-"physical"-noun-0]|TX|3101/8|
00000000|MMI|3.63|b complex 100|C0718764|[orch,phsu,vita]|["Vitamin B 100"-tx-42-"vitamin B 100"-noun-0]|TX|3545/13|
00000000|MMI|3.63|vitamin b-100|C0724329|[clnd]|["vitamin b-100"-tx-42-"vitamin B 100"-noun-0]|TX|3545/13|
00000000|MMI|3.61|Batch (Response Modality)|C1550176|[inpr]|["Batch"-tx-48-"Batch"-noun-0]|TX|3803/5|
00000000|MMI|3.61|Batch (group)|C1948031|[qnco]|["Batch"-tx-48-"Batch"-noun-0]|TX|3803/5|
00000000|MMI|3.61|Batch Number|C3641829|[inpr]|["BATCH"-tx-48-"Batch"-noun-0]|TX|3803/5|
00000000|MMI|3.61|Bypass|C0741847|[topp]|["Bypass"-tx-1-"BYPASS"-noun-0]|TX|81/6|
00000000|MMI|3.61|Female Phenotype|C1705498|[qlco]|["Female"-tx-2-"female"-noun-0]|TX|139/6|
00000000|MMI|3.61|Female, Self-Report|C1705497|[qlco]|["Female"-tx-2-"female"-noun-0]|TX|139/6|
00000000|MMI|3.61|Clinical Study Follow-up|C3274571|[hlca]|["FOLLOW-UP"-tx-38-"follow-up"-adj-0]|TX|3230/9|
00000000|MMI|3.61|Follow-Up Report|C1704685|[inpr]|["Follow-Up"-tx-38-"follow-up"-adj-0]|TX|3230/9|
00000000|MMI|3.61|Follow-up status|C0589120|[fndg]|["Follow-up"-tx-38-"follow-up"-adj-0]|TX|3230/9|
00000000|MMI|3.61|Patient location type - Operating Room|C1578465|[spco]|["Operating Room"-tx-26-"operating room"-noun-0]|TX|2076/14|
00000000|MMI|3.61|Well controlled|C3853142|[ftcn]|["Well controlled"-tx-31-"well controlled"-adj-0]|TX|2421/15|
00000000|MMI|3.61|follow-up|C1522577|[hlca]|["Follow Up"-tx-38-"follow-up"-adj-0]|TX|3230/9|
00000000|MMI|3.60|Graft material|C0181074|[bodm]|["{Graft}"-tx-27-"graft"-noun-0]|TX|2162/5|
00000000|MMI|3.60|Grafting procedure|C1961139|[topp]|["Graft, NOS"-tx-27-"graft"-noun-0]|TX|2162/5|
00000000|MMI|3.60|Triple Antibiotic|C0723916|[antb,orch]|["Triple Antibiotic"-tx-25-"triple antibiotics"-noun-0]|TX|1933/18|
00000000|MMI|3.60|controlled with medications|C0742801|[qlco]|["controlled medications"-tx-31-"controlled medications"-noun-0]|TX|2426/10,2445/11|
00000000|MMI|3.59|PVR gene|C1419141|[gngm]|["PVR"-tx-22-"PVRs"-noun-0]|TX|1761/4|
00000000|MMI|3.59|Wound, non-healed|C0750433|[dsyn]|["non healing wound"-tx-20-"non healing wound"-noun-0]|TX|1351/17|
00000000|MMI|3.58|Discharge time|C3864299|[tmco]|["Discharge time"-tx-35-"time discharge"-noun-0]|TX|3011/4,3019/9|
00000000|MMI|3.58|Discharge time:ClockTime:Pt:^Patient:Qn|C3864300|[clna]|["Discharge time"-tx-35-"time discharge"-noun-0]|TX|3011/4,3019/9|
00000000|MMI|3.58|Posterior tibial pulse|C1720310|[ortf]|["Posterior tibial pulse"-tx-21-"posterior tibial pulse"-noun-0]|TX|1566/22|
00000000|MMI|3.57|Aspects of signs|C0220912|[ftcn]|["signs"-tx-34-"signs"-noun-0]|TX|2759/5|
00000000|MMI|3.57|Clear|C2963144|[qlco]|["Clear"-tx-17-"Clear"-adj-0]|TX|1204/5|
00000000|MMI|3.57|Experimental Result|C2825142|[fndg]|["Result"-tx-26-"result"-noun-1]|TX|2046/6|
00000000|MMI|3.57|Manufactured sign|C0220913|[mnob]|["signs"-tx-34-"signs"-noun-0]|TX|2759/5|
00000000|MMI|3.57|Negative Surgical Margin|C1709157|[fndg]|["Clear"-tx-17-"Clear"-adj-0]|TX|1204/5|
00000000|MMI|3.57|Physical findings|C0311392|[fndg]|["SIGNS"-tx-34-"signs"-noun-0]|TX|2759/5|
00000000|MMI|3.57|Result|C1274040|[ftcn]|["Result"-tx-26-"result"-noun-0]|TX|2046/6|
00000000|MMI|3.57|What subject filter - Result|C1546471|[idcn]|["Result"-tx-26-"result"-noun-0]|TX|2046/6|
00000000|MMI|3.56|Apyrexial|C0277797|[fndg]|["Afebrile"-tx-13-"afebrile"-adj-0]|TX|1024/8|
00000000|MMI|3.56|Good|C0205170|[qlco]|["Well"-tx-31-"well"-adj-0]|TX|2421/4|
00000000|MMI|3.56|Point|C3714763|[spco]|["Point"-tx-33-"point"-noun-0]|TX|2640/5|
00000000|MMI|3.56|Point Name|C2347617|[qnco]|["point"-tx-33-"point"-noun-0]|TX|2640/5|
00000000|MMI|3.56|Taken|C1883727|[cnce]|["Taken"-tx-26-"taken"-verb-0]|TX|2063/5|
00000000|MMI|3.56|Well|C3146287|[mnob]|["Well"-tx-31-"well"-adj-0]|TX|2421/4|
00000000|MMI|3.56|point - UnitsOfMeasure|C1552961|[qnco]|["POINT"-tx-33-"point"-noun-0]|TX|2640/5|
00000000|MMI|3.55|Restart|C1514902|[qlco]|["Restart"-tx-34-"restarted"-verb-0]|TX|2900/9|
00000000|MMI|3.55|ActInformationPrivacyReason <service>|C3245478|[idcn]|["service"-tx-25-"service"-noun-0]|TX|1911/7|
00000000|MMI|3.55|Adjustment Action|C0456081|[ftcn]|["Adjustments"-tx-32-"adjustments"-noun-0]|TX|2527/11|
00000000|MMI|3.55|Admission activity|C0809949|[hlca]|["Admitted"-tx-25-"admitted"-verb-0]|TX|1877/8|
00000000|MMI|3.55|Adverse Event Associated with Vascular|C1558950|[fndg]|["VASCULAR"-tx-25-"vascular"-adj-0]|TX|1893/8|
00000000|MMI|3.55|Clinical adjustment|C2945673|[topp]|["adjustments"-tx-32-"adjustments"-noun-0]|TX|2527/11|
00000000|MMI|3.55|Floor (anatomic)|C3714591|[anst]|["Floor"-tx-28-"floor"-noun-0]|TX|2282/5|
00000000|MMI|3.55|Floor - story of building|C1547707|[geoa]|["Floor"-tx-28-"floor"-noun-0]|TX|2282/5|
00000000|MMI|3.55|Hospital admission|C0184666|[hlca]|["admitted"-tx-25-"admitted"-verb-0]|TX|1877/8|
00000000|MMI|3.55|Hospital environment|C1510665|[qlco]|["Hospital"-tx-28-"hospital"-noun-0]|TX|2273/8|
00000000|MMI|3.55|Individual Adjustment|C0376209|[inbe]|["Adjustments"-tx-32-"adjustments"-noun-0]|TX|2527/11|
00000000|MMI|3.55|Software Service|C2825316|[mnob]|["Service"-tx-25-"service"-noun-0]|TX|1911/7|
00000000|MMI|3.55|Surgical transfer - action|C0348011|[ftcn]|["transferred"-tx-28-"transferred"-verb-0]|TX|2246/11|
00000000|MMI|3.55|Transfer Technique|C1705822|[ftcn]|["Transferred"-tx-28-"transferred"-verb-0]|TX|2246/11|
00000000|MMI|3.55|Vascular|C1801960|[qlco]|["Vascular"-tx-25-"vascular"-adj-0]|TX|1893/8|
00000000|MMI|3.55|floor (object)|C0016249|[mnob]|["Floor"-tx-28-"floor"-noun-0]|TX|2282/5|
00000000|MMI|3.55|Injury wounds|C0043250|[inpo]|["WOUND"-tx-2-"wound"-noun-0]|TX|267/5|
00000000|MMI|3.55|Presentation|C0449450|[idcn]|["Presented"-tx-2-"presented"-verb-0]|TX|224/9|
00000000|MMI|3.55|Progressive|C0205329|[ftcn]|["Progressive"-tx-2-"progressive"-adj-0]|TX|239/11|
00000000|MMI|3.55|Traumatic injury|C3263723|[inpo]|["Wound"-tx-2-"wound"-noun-0]|TX|267/5|
00000000|MMI|3.54|Resolution|C2699488|[cnce]|["Resolution"-tx-26-"resolution"-noun-0]|TX|1985/10|
00000000|MMI|3.54|Resolution Property|C1706463|[qnco]|["Resolution"-tx-26-"resolution"-noun-0]|TX|1985/10|
00000000|MMI|3.54|physiologic resolution|C1514893|[patf]|["Resolution"-tx-26-"resolution"-noun-1]|TX|1985/10|
00000000|MMI|3.54|Place|C0442504|[spco]|["Place"-tx-25-"placed"-verb-0]|TX|1923/6|
00000000|MMI|3.54|Place - dosing instruction imperative|C1704765|[ftcn]|["Place"-tx-25-"placed"-verb-0]|TX|1923/6|
00000000|MMI|3.54|Registered Nurse - Flight|C1554559|[prog]|["Flight"-tx-33-"flights"-noun-0]|TX|2710/7|
00000000|MMI|3.54|flight (process)|C2610507|[phpr]|["flight"-tx-33-"flights"-noun-0]|TX|2710/7|
00000000|MMI|3.54|put - instruction imperative|C1882509|[acty]|["Place"-tx-25-"placed"-verb-0]|TX|1923/6|
00000000|MMI|3.53|Evaluation and management of patient at home|C0199358|[hlca]|["home visiting"-tx-36-"home visiting"-noun-0]|TX|3122/13|
00000000|MMI|3.53|Postpartum home visit|C0695714|[topp]|["home visiting"-tx-36-"home visiting"-noun-0]|TX|3122/13|
00000000|MMI|3.50|Atenolol 50 MG|C0983889|[clnd]|["Atenolol 50 MG"-tx-41-"Atenolol 50 mg"-noun-0]|TX|3410/14|
00000000|MMI|3.50|Operative Surgical Procedures|C0543467|[hlca]|["Surgical"-tx-13-"SURGICAL"-adj-0]|TX|981/8|E04
00000000|MMI|3.50|Percocet|C0086787|[orch,phsu]|["Percocet"-tx-42-"Percocet"-noun-0]|TX|3492/8|
00000000|MMI|3.50|Physiologic pulse|C0391850|[phsf]|["Pulse"-tx-21-"Pulse"-noun-0]|TX|1427/5|
00000000|MMI|3.50|Pulse phenomenon|C1947910|[phpr]|["Pulse"-tx-21-"Pulse"-noun-0]|TX|1427/5|
00000000|MMI|3.49|Non-tender|C0520960|[qlco]|["Non-tender"-tx-19-"non-tender"-adj-0]|TX|1295/10|
00000000|MMI|3.48|Decreased|C0205216|[qnco]|["Decreased"-tx-22-"decreased"-adj-0]|TX|1751/9|
00000000|MMI|3.48|Decreasing|C0442797|[qlco]|["decreased"-tx-22-"decreased"-adj-0]|TX|1751/9|
00000000|MMI|3.48|Known|C0205309|[qlco]|["Known"-tx-12-"known"-adj-0]|TX|959/5|
00000000|MMI|3.48|Minimal|C0547040|[qlco]|["Minimal"-tx-20-"minimal"-adj-0]|TX|1397/7|
00000000|MMI|3.48|Minimum|C1524031|[qlco]|["MINIMAL"-tx-20-"minimal"-adj-0]|TX|1397/7|
00000000|MMI|3.48|Reduced|C0392756|[qlco]|["Decreased"-tx-22-"decreased"-adj-0]|TX|1751/9|
00000000|MMI|3.48|aspirin enteric coated|C0718690|[orch,phsu]|["enteric coated aspirin"-tx-41-"Enteric coated aspirin"-noun-0]|TX|3343/22|
00000000|MMI|3.47|Arterial|C0221464|[spco]|["Arterial"-tx-1-"ARTERIAL"-adj-0]|TX|72/8|
00000000|MMI|3.47|Old|C0580836|[tmco]|["Old"-tx-2-"old"-noun-0]|TX|135/3|
00000000|MMI|3.47|per year|C0439508|[tmco]|["/Year"-tx-2-"year"-noun-0]|TX|130/4|
00000000|MMI|3.47|year|C0439234|[tmco]|["YEAR"-tx-2-"year"-noun-0]|TX|130/4|
00000000|MMI|3.46|Taking vital signs|C0150404|[hlca]|["Vital signs"-tx-13-"vital signs"-noun-0]|TX|1045/11|
00000000|MMI|3.46|+5|C0728893|[qnco]|["+5"-tx-1-"5"-fraction-0]|TX|16/1|
00000000|MMI|3.46|>5|C0439084|[qnco]|[">5"-tx-1-"5"-fraction-0]|TX|16/1|
00000000|MMI|3.46|SHORT STATURE, ONYCHODYSPLASIA, FACIAL DYSMORPHISM, AND HYPOTRICHOSIS SYNDROME|C3542022|[dsyn]|["SOFT"-tx-19-"Soft"-adj-1]|TX|1280/4|
00000000|MMI|3.46|Soft|C0205358|[qlco]|["Soft"-tx-19-"Soft"-adj-0]|TX|1280/4|
00000000|MMI|3.46|Cephalexin 500 MG|C0984639|[clnd]|["Cephalexin 500 MG"-tx-44-"Keflex 500 mg"-noun-0]|TX|3676/13|
00000000|MMI|3.45|50%|C3842586|[fndg]|["50%"-tx-41-"50"-integer-0]|TX|3393/2|
00000000|MMI|3.45|<50|C3843766|[fndg]|["<50"-tx-41-"50"-integer-0]|TX|3393/2|
00000000|MMI|3.45|Plavix|C0633084|[orch,phsu]|["Plavix"-tx-11-"Plavix"-noun-0]|TX|922/6|
00000000|MMI|3.45|Femoral pulse|C0232148|[ortf]|["femoral pulses"-tx-21-"femoral pulses"-noun-0]|TX|1474/14|
00000000|MMI|3.45|Friday|C0585029|[tmco]|["Friday"-tx-39-"Friday"-noun-0]|TX|3258/6|
00000000|MMI|3.44|Body Fluid Discharge|C0012621|[bdsu]|["Discharge"-tx-33-"discharge"-noun-0]|TX|2667/9|
00000000|MMI|3.44|Discharge, body substance|C2926602|[bdsu]|["Discharge"-tx-33-"discharge"-noun-0]|TX|2667/9|
00000000|MMI|3.44|Left|C0205091|[spco]|["LEFT"-tx-21-"left"-noun-0]|TX|1534/4|
00000000|MMI|3.44|Left sided|C0443246|[spco]|["Left"-tx-21-"left"-noun-0]|TX|1534/4|
00000000|MMI|3.44|Table Cell Horizontal Align - left|C1552822|[ftcn]|["left"-tx-21-"left"-noun-0]|TX|1534/4|
00000000|MMI|3.43|Healing ulcer|C0333293|[acab]|["Healing ulcer"-tx-26-"healing ulcer"-noun-1]|TX|2023/13|
00000000|MMI|3.43|Non-healed|C0205301|[ftcn]|["Non-healing"-tx-26-"non healing"-adj-0]|TX|2019/11|
00000000|MMI|3.43|Patient Condition Code - Stable|C1547311|[inpr]|["Stable"-tx-13-"stable"-adj-0]|TX|1038/6|
00000000|MMI|3.43|Stable status|C0205360|[qlco]|["STABLE"-tx-13-"stable"-adj-0]|TX|1038/6|
00000000|MMI|3.43|Anatomic Site|C1515974|[blor]|["Site"-tx-3-"site"-noun-0]|TX|352/4|
00000000|MMI|3.43|Palpable|C0522499|[qlco]|["Palpable"-tx-21-"palpable"-adj-0]|TX|1465/8|
00000000|MMI|3.43|Site|C0205145|[spco]|["Site"-tx-3-"site"-noun-0]|TX|352/4|
00000000|MMI|3.43|Study Site|C2825164|[spco]|["Site"-tx-3-"site"-noun-0]|TX|352/4|
00000000|MMI|3.42|First (number)|C0205435|[qnco]|["First"-tx-27-"first"-adj-0]|TX|2172/5|
00000000|MMI|3.42|Firstly|C1279901|[qlco]|["First"-tx-27-"first"-adj-0]|TX|2172/5|
00000000|MMI|3.42|Distress|C0231303|[menp]|["Distress"-tx-14-"distress"-noun-1]|TX|1113/8|
00000000|MMI|3.42|Pleasant|C2987187|[menp]|["Pleasant"-tx-14-"pleasant"-adj-1]|TX|1068/8|
00000000|MMI|3.42|apparent|C0750489|[idcn]|["apparent"-tx-14-"apparent"-adj-0]|TX|1104/8|
00000000|MMI|3.42|Negation|C1518422|[ftcn]|["Non"-tx-26-"non"-adj-0]|TX|2019/3|
00000000|MMI|3.42|Symptoms|C1457887|[sosy]|["SYMPTOMS"-tx-26-"symptoms"-noun-1]|TX|2003/8|
00000000|MMI|3.42|Symptoms aspect|C0683368|[ftcn]|["symptoms"-tx-26-"symptoms"-noun-0]|TX|2003/8|
00000000|MMI|3.42|Ulceration|