00000000|MMI|12.94|Myocardial Infarction|C0027051|[dsyn]|["Infarction, Myocardial"-tx-2-"MYOCARDIAL INFARCTION"-noun-0]|TX|67/21|C14.280.647.500;C14.907.585.500
00000000|MMI|7.28|Signature|C1519316|[inpr]|["Signed"-tx-2-"Signed"-noun-0]|TX|[91/6],[147/6]|
00000000|MMI|7.28|signed - ParticipationSignature|C1561610|[inpr]|["signed"-tx-2-"Signed"-noun-0]|TX|[91/6],[147/6]|
00000000|MMI|3.65|Report status|C0586177|[fndg]|["Report status"-tx-2-"Report Status"-noun-0]|TX|132/13|
00000000|MMI|3.64|11-12|C3843712|[fndg]|["11-12"-tx-1-"11 12"-fraction-0]|TX|40/2,51/2|
00000000|MMI|3.63|Admission date:Time Stamp -- Date and Time:Point in time:^Patient:Quantitative|C2598112|[clna]|["Admission date"-tx-2-"Admission Date"-noun-0]|TX|106/14|
00000000|MMI|3.63|Date of admission|C1302393|[tmco]|["Admission date"-tx-2-"Admission Date"-noun-0]|TX|106/14|
00000000|MMI|3.59|Pyrexia of unknown origin (excl puerperal)|C0856281|[sosy]|["puo"-tx-1-"PUO"-noun-0]|TX|12/3|
00000000|MMI|3.48|Electrocardiogram: myocardial infarction (finding)|C0428953|[lbtr]|["MYOCARDIAL INFARCTION"-tx-2-"MYOCARDIAL INFARCTION"-noun-0]|TX|67/21|
00000000|MMI|3.48|Myocardial Infarction ECG Assessment|C3810814|[diap]|["Myocardial Infarction"-tx-2-"MYOCARDIAL INFARCTION"-noun-0]|TX|67/21|
00000000|MMI|3.48|Myocardial infarction:Finding:Point in time:^Patient:Ordinal|C2926063|[clna]|["Myocardial infarction"-tx-2-"MYOCARDIAL INFARCTION"-noun-0]|TX|67/21|
00000000|MMI|3.46|1+|C3816745|[fndg]|["1+"-tx-2-"1"-fraction-0]|TX|122/1|
00000000|MMI|3.46|1+ Score|C2827734|[qnco]|["1+"-tx-2-"1"-fraction-0]|TX|122/1|
00000000|MMI|3.46|1+ Score, WHO|C2981698|[clas]|["1+"-tx-2-"1"-fraction-0]|TX|122/1|
00000000|MMI|3.46|Diagnostic interview schedule|C0451119|[inpr]|["DIS"-tx-2-"DIS"-noun-0]|TX|100/3|
00000000|MMI|3.46|Discontinued|C1444662|[fndg]|["DIS"-tx-2-"DIS"-noun-0]|TX|100/3|
00000000|MMI|43.79|Patients|C0030705|[podg]|["*^patient"-tx-21-"patient"-noun-0,"*^patient"-tx-17-"patient"-noun-0,"*^patient"-tx-8-"patient"-noun-0,"*^patient"-tx-6-"patient"-noun-0,"*^patient"-tx-2-"patient"-noun-0]|TX|1755/7;1338/7;810/7;554/7;100/7|M01.643
00000000|MMI|32.75|Blood Pressure|C0005823|[orgf]|["BLOOD PRESSURE"-tx-19-"blood pressure"-noun-0,"BLOOD PRESSURE"-tx-10-"blood pressure"-noun-0]|TX|1634/14;969/14|E01.370.600.875.249;G09.330.380.076
00000000|MMI|32.75|Systemic arterial pressure|C1272641|[fndg]|["Blood pressure"-tx-19-"blood pressure"-noun-0,"Blood pressure"-tx-10-"blood pressure"-noun-0]|TX|1634/14;969/14|G09.330.380.076.347
00000000|MMI|32.61|Togo|C0040363|[geoa]|["TO"-tx-23-"to"-adv-0,"TO"-tx-17-"to"-adv-0]|TX|1843/2;1382/2|Z01.058.290.190.800
00000000|MMI|32.61|Tryptophanase|C0041260|[aapp,enzy]|["TO"-tx-23-"to"-adv-0,"TO"-tx-17-"to"-adv-0]|TX|1843/2;1382/2|D08.811.520.224.800
00000000|MMI|30.00|Hypertensive disease|C0020538|[dsyn]|["HYPERTENSION"-tx-9-"hypertension"-noun-0,"HYPERTENSION"-tx-5-"hypertension"-noun-0,"HYPERTENSION"-tx-2-"hypertension"-noun-0]|TX|874/12;536/12;137/12|C14.907.489
00000000|MMI|27.22|Abortion consent:Finding:Point in time:^Patient:Document|C2360836|[clna]|["Patient"-tx-21-"patient"-noun-0,"Patient"-tx-17-"patient"-noun-0,"Patient"-tx-8-"patient"-noun-0,"Patient"-tx-6-"patient"-noun-0,"Patient"-tx-2-"patient"-noun-0]|TX|1755/7;1338/7;810/7;554/7;100/7|
00000000|MMI|27.22|Hysterectomy consent:Finding:Point in time:^Patient:Document|C2360838|[clna]|["Patient"-tx-21-"patient"-noun-0,"Patient"-tx-17-"patient"-noun-0,"Patient"-tx-8-"patient"-noun-0,"Patient"-tx-6-"patient"-noun-0,"Patient"-tx-2-"patient"-noun-0]|TX|1755/7;1338/7;810/7;554/7;100/7|
00000000|MMI|27.22|Sterilization consent:Finding:Point in time:^Patient:Document|C2360840|[clna]|["Patient"-tx-21-"patient"-noun-0,"Patient"-tx-17-"patient"-noun-0,"Patient"-tx-8-"patient"-noun-0,"Patient"-tx-6-"patient"-noun-0,"Patient"-tx-2-"patient"-noun-0]|TX|1755/7;1338/7;810/7;554/7;100/7|
00000000|MMI|26.59|Myocardial Infarction|C0027051|[dsyn]|["Infarction, Myocardial"-tx-17-"myocardial infarction"-noun-1,"Infarction, Myocardial"-tx-1-"MYOCARDIAL INFARCTION"-noun-1]|TX|1394/21;45/21|C14.280.647.500;C14.907.585.500
00000000|MMI|24.11|Hydrochlorothiazide|C0020261|[orch,phsu]|["HYDROCHLOROTHIAZIDE"-tx-7-"hydrochlorothiazide"-noun-0]|TX|657/19|D02.886.590.700.135.261.476;D02.886.655.500.261.476;D03.438.174.261.476
00000000|MMI|22.54|diagnosis aspect|C1704338|[qlco]|["diagnosis"-tx-1-"DIAGNOSIS"-noun-0]|TX|25/9|x.x.x.x.x.x.x
00000000|MMI|20.95|Atenolol|C0004147|[orch,phsu]|["ATENOLOL"-tx-7-"atenolol"-noun-0]|TX|621/8|D02.033.100.624.698.070;D02.033.755.624.698.070;D02.092.063.624.698.070
00000000|MMI|20.95|Patient Discharge|C0030685|[hlca]|["Discharged"-tx-21-"discharged"-verb-0]|TX|1767/10|E02.204.125;E02.760.400.610;N02.421.192.125;N02.421.585.400.610;N04.590.233.727.210.125
00000000|MMI|20.95|Temperature|C0039476|[qnco]|["*Temperature"-tx-10-"Temperature"-noun-0]|TX|910/11|G01.906.595;G16.500.275.063.725.710;G16.500.750.775.710;N06.230.150.450;N06.230.300.100.725.710
00000000|MMI|20.51|Daily|C0332173|[tmco]|["/day"-tx-7-"day"-noun-0,"/day"-tx-3-"day"-noun-0]|TX|[651/3],[698/3],[736/3],[777/3];171/3|
00000000|MMI|20.51|day|C0439228|[tmco]|["DAY"-tx-7-"day"-noun-0,"DAY"-tx-3-"day"-noun-0]|TX|[651/3],[698/3],[736/3],[777/3];171/3|
00000000|MMI|20.51|per day|C0439505|[tmco]|["/day"-tx-7-"day"-noun-0,"/day"-tx-3-"day"-noun-0]|TX|[651/3],[698/3],[736/3],[777/3];171/3|
00000000|MMI|19.40|Hypesthesia|C0020580|[fndg]|["Numbness"-tx-3-"numbness"-noun-0]|TX|297/8|C10.597.751.791.500;C23.888.592.763.770.500
00000000|MMI|19.40|Numbness|C0028643|[sosy]|["NUMBNESS"-tx-3-"numbness"-noun-0]|TX|297/8|C10.597.751.791.500;C23.888.592.763.770.500
00000000|MMI|17.80|Body Temperature|C0005903|[orga]|["temperature"-tx-10-"Temperature"-noun-0]|TX|910/11|E01.370.600.875.374;G07.110
00000000|MMI|17.80|Diabetes Mellitus, Non-Insulin-Dependent|C0011860|[dsyn]|["ADULT ONSET DIABETES MELLITUS"-tx-5-"adult-onset diabetes mellitus"-noun-0]|TX|504/29|C18.452.394.750.149;C19.246.300
00000000|MMI|17.80|Dizziness|C0012833|[sosy]|["Dizzyness"-tx-3-"dizziness"-noun-0]|TX|310/9|C10.597.751.237;C23.888.592.763.237
00000000|MMI|17.80|Emergency Medical Technicians|C0013963|[prog]|["Emergency Medical Technicians"-tx-4-"emergency medical technicians"-noun-0]|TX|336/29|M01.526.373.250;M01.526.485.067.150;N02.360.067.150
00000000|MMI|17.80|Lisinopril|C0065374|[aapp,phsu]|["Lysinopril"-tx-7-"Lisinopril"-noun-0]|TX|704/10|D12.644.456.345.600
00000000|MMI|17.80|Metformin|C0025598|[orch,phsu]|["METFORMIN"-tx-7-"metformin"-noun-0]|TX|742/9|D02.078.370.141.450
00000000|MMI|17.80|Vertigo|C0042571|[sosy]|["dizziness"-tx-3-"dizziness"-noun-0]|TX|310/9|C09.218.568.900.883;C10.597.951;C23.888.592.958
00000000|MMI|16.37|Respiratory rate|C0231832|[clna]|["Respiratory Rate"-tx-10-"respiratory rate"-noun-0]|TX|931/16|E01.370.600.875.875;G09.772.770.755.730
00000000|MMI|16.37|heart rate|C0018810|[clna]|["Heart Rate"-tx-10-"heart rate"-noun-0]|TX|953/10|E01.370.600.875.500;G09.330.380.500
00000000|MMI|16.30|Electrocardiogram|C0013798|[fndg]|["Electrocardiogram"-tx-20-"electrocardiogram"-noun-1]|TX|1683/17|E01.370.370.380.240;E01.370.405.240
00000000|MMI|16.30|Electrocardiography|C1623258|[diap]|["Electrocardiogram"-tx-20-"electrocardiogram"-noun-0]|TX|1683/17|E01.370.370.380.240;E01.370.405.240
00000000|MMI|16.18|Daughter|C0011011|[famg]|["Daughter"-tx-3-"daughter"-noun-0]|TX|221/8|F01.829.263.500;I01.880.853.150.500
00000000|MMI|16.18|Exercise stress test|C0015260|[diap]|["Exercise test"-tx-19-"exercise test"-noun-0]|TX|1528/13|E01.370.370.380.250;E01.370.386.700.250;E05.333.250
00000000|MMI|16.18|Nitroglycerin|C0017887|[orch,phsu]|["nitroglycerine"-tx-4-"nitroglycerin"-noun-0]|TX|413/13|D02.033.800.421.560;D02.640.636
00000000|MMI|16.18|Sublingual Route of Drug Administration|C0001565|[ftcn]|["SUBLINGUAL"-tx-4-"sublingual"-adj-0]|TX|402/10|E02.319.267.100.878
00000000|MMI|15.79|Doctor of Medicine|C1512018|[inpr]|["M.D."-tx-31-"M.D"-noun-0,"M.D."-tx-27-"M.D"-noun-0,"M.D."-tx-25-"M.D"-noun-0]|TX|2051/3;1952/3;1909/3|
00000000|MMI|15.12|milligram|C0439210|[qnco]|["milligrams"-tx-7-"milligrams"-noun-0]|TX|[635/10],[682/10],[720/10],[758/10]|
00000000|MMI|14.64|Abdominal Cavity|C0230168|[blor]|["Abdomen"-tx-15-"Abdomen"-noun-0]|TX|1247/7|A01.923.047.025
00000000|MMI|14.64|Diabetes Mellitus|C0011849|[dsyn]|["Diabetes"-tx-2-"diabetes"-noun-0]|TX|154/8|C18.452.394.750;C19.246
00000000|MMI|14.64|Dyspnea|C0013404|[sosy]|["SHORTNESS OF BREATH"-tx-3-"shortness of breath"-noun-0]|TX|266/19|C08.618.326;C23.888.852.371
00000000|MMI|14.64|Eye|C0015392|[bpoc]|["Eyes"-tx-12-"eyes"-noun-0]|TX|1056/4|A01.456.505.420;A09.371
00000000|MMI|14.64|Nose|C0028429|[bpoc]|["NOSE"-tx-12-"nose"-noun-0]|TX|1070/4|A01.456.505.733;A04.531;A09.531
00000000|MMI|13.14|Rabbi|C0684010|[prog]|["R."-tx-30-"R"-noun-0]|TX|2042/1|M01.526.799.500
00000000|MMI|12.91|Auscultation|C0004339|[diap]|["AUSCULTATION"-tx-13-"auscultation"-noun-0]|TX|1155/12|E01.370.600.060
00000000|MMI|11.49|Abdomen|C0000726|[blor]|["ABDOMEN"-tx-15-"Abdomen"-noun-0]|TX|1247/7|A01.923.047
00000000|MMI|11.49|Clubbed Fingers|C0009080|[anab]|["Clubbing"-tx-16-"clubbing"-noun-1]|TX|1286/8|C05.116.758;C05.550.684
00000000|MMI|11.49|Cyanosis|C0010520|[sosy]|["CYANOSIS"-tx-16-"cyanosis"-noun-1]|TX|1297/8|C23.888.248
00000000|MMI|11.49|Ear structure|C0013443|[bpoc]|["Ears"-tx-12-"ears"-noun-0]|TX|1063/4|A01.456.313;A09.246
00000000|MMI|11.49|Edema|C0013604|[fndg]|["OEDEMA"-tx-16-"edema"-noun-1]|TX|1310/5|C23.888.277
00000000|MMI|11.49|Physical Examination|C0031809|[hlca]|["PHYSICAL EXAMINATION"-tx-10-"PHYSICAL EXAMINATION"-noun-0]|TX|888/20|E01.370.600
00000000|MMI|11.49|Smoke|C0037366|[hops]|["Smoke"-tx-8-"smoke"-verb-0]|TX|827/5|D20.633.937
00000000|MMI|10.77|Hypertension Adverse Event|C1963138|[fndg]|["Hypertension"-tx-9-"hypertension"-noun-0,"Hypertension"-tx-5-"hypertension"-noun-0,"Hypertension"-tx-2-"hypertension"-noun-0]|TX|874/12;536/12;137/12|
00000000|MMI|10.68|Admission activity|C0809949|[hlca]|["Admitted"-tx-17-"admitted"-verb-0,"Admitted"-tx-4-"admitted"-verb-0,"Admission"-tx-3-"admission"-noun-0]|TX|1350/8;441/8;178/9|
00000000|MMI|10.68|Hospital admission|C0184666|[hlca]|["admitted"-tx-17-"admitted"-verb-0,"admitted"-tx-4-"admitted"-verb-0,"Admission"-tx-3-"admission"-noun-0]|TX|1350/8;441/8;178/9|
00000000|MMI|10.60|10%|C3842590|[fndg]|["10%"-tx-29-"10"-fraction-0,"10%"-tx-7-"10"-integer-0]|TX|[2010/2],[2022/2];717/2|
00000000|MMI|10.42|Positive|C1446409|[qlco]|["rule"-tx-17-"rule"-verb-0,"rule"-tx-1-"RULE"-verb-0]|TX|1385/4;36/4|
00000000|MMI|10.42|Rule (guideline)|C0870077|[inpr]|["Rule"-tx-17-"rule"-verb-0,"Rule"-tx-1-"RULE"-verb-0]|TX|1385/4;36/4|
00000000|MMI|10.42|Symptoms|C1457887|[sosy]|["SYMPTOMS"-tx-20-"symptoms"-noun-1,"SYMPTOMS"-tx-4-"symptoms"-noun-0]|TX|1669/8;376/8|
00000000|MMI|10.42|Symptoms aspect|C0683368|[ftcn]|["symptoms"-tx-20-"symptoms"-noun-0,"symptoms"-tx-4-"symptoms"-noun-0]|TX|1669/8;376/8|
00000000|MMI|10.42|derivation calculation|C0805874|[idcn]|["Rule"-tx-17-"rule"-verb-0,"Rule"-tx-1-"RULE"-verb-0]|TX|1385/4;36/4|
00000000|MMI|10.06|Drug Allergy|C0013182|[dsyn]|["Drug Allergies"-tx-6-"drug ALLERGIES"-noun-1]|TX|575/14|C20.543.206;C25.100.468
00000000|MMI|9.94|Hospitals|C0019994|[hcro,mnob]|["HOSPITAL"-tx-19-"hospital"-noun-0]|TX|1493/8|N02.278.421
00000000|MMI|9.91|Pressure- physical agent|C0033095|[phpr]|["Pressure"-tx-19-"pressure"-noun-0]|TX|1640/8|G01.374.715
00000000|MMI|9.86|Female|C0015780|[orga]|["FEMALE"-tx-2-"female"-noun-0]|TX|125/6|x.x.x
00000000|MMI|9.86|Females|C0086287|[popg]|["female"-tx-2-"female"-noun-0]|TX|125/6|x.x.x
00000000|MMI|9.81|Pharyngeal structure|C0031354|[bpoc]|["Throat"-tx-12-"throat"-noun-0]|TX|1079/6|A03.556.750;A04.623;A14.724
00000000|MMI|9.81|Throat|C3665375|[bpoc]|["THROAT"-tx-12-"throat"-noun-0]|TX|1079/6|A03.556.750;A04.623;A14.724
00000000|MMI|9.75|Ischemia|C0022116|[patf]|["Ischaemia, NOS"-tx-20-"ischemia"-noun-1]|TX|1728/8|C23.550.513
00000000|MMI|9.74|Ambulatory Care Facilities|C0002424|[hcro,mnob]|["Clinic"-tx-23-"clinic"-noun-0]|TX|1866/6|N02.278.035
00000000|MMI|8.34|Head|C0018670|[blor]|["HEAD"-tx-12-"Head"-noun-0]|TX|1049/4|A01.456
00000000|MMI|8.34|Limb structure|C0015385|[bpoc]|["Extremities"-tx-16-"Extremities"-noun-0]|TX|1267/11|A01.378
00000000|MMI|8.34|Lung|C0024109|[bpoc]|["LUNGS"-tx-13-"Lungs"-noun-0]|TX|1135/5|A04.411
00000000|MMI|8.00|Show|C1547282|[anim]|["Show"-tx-14-"showed"-verb-0,"Show"-tx-12-"showed"-verb-0]|TX|1196/6;1098/6|
00000000|MMI|7.70|Medications:-:Point in time:^Patient:-|C2598133|[clna]|["Medications"-tx-22-"medications"-noun-0,"Medications"-tx-7-"MEDICATIONS"-noun-0]|TX|1823/11;591/11|
00000000|MMI|7.70|Medications:Presence or Identity:Duration of the study:^Patient:Nominal|C0802604|[clna]|["Medications"-tx-22-"medications"-noun-0,"Medications"-tx-7-"MEDICATIONS"-noun-0]|TX|1823/11;591/11|
00000000|MMI|7.70|Pharmaceutical Preparations|C0013227|[phsu]|["Medications"-tx-22-"medications"-noun-0,"Medications"-tx-7-"MEDICATIONS"-noun-0]|TX|1823/11;591/11|D26
00000000|MMI|7.55|Electrocardiogram: myocardial infarction (finding)|C0428953|[lbtr]|["MYOCARDIAL INFARCTION"-tx-17-"myocardial infarction"-noun-1,"MYOCARDIAL INFARCTION"-tx-1-"MYOCARDIAL INFARCTION"-noun-1]|TX|1394/21;45/21|
00000000|MMI|7.55|Myocardial Infarction ECG Assessment|C3810814|[diap]|["Myocardial Infarction"-tx-17-"myocardial infarction"-noun-0,"Myocardial Infarction"-tx-1-"MYOCARDIAL INFARCTION"-noun-0]|TX|1394/21;45/21|
00000000|MMI|7.55|Myocardial infarction:Finding:Point in time:^Patient:Ordinal|C2926063|[clna]|["Myocardial infarction"-tx-17-"myocardial infarction"-noun-0,"Myocardial infarction"-tx-1-"MYOCARDIAL INFARCTION"-noun-0]|TX|1394/21;45/21|
00000000|MMI|7.40|M NOS ANTIBODY|C0369637|[aapp,imft]|["M NOS"-tx-26-"M"-noun-0,"M NOS"-tx-24-"M"-noun-0]|TX|1937/1;1894/1|
00000000|MMI|7.40|M+ (tumor staging)|C0441923|[inpr]|["M+"-tx-26-"M"-noun-0,"M+"-tx-24-"M"-noun-0]|TX|1937/1;1894/1|
00000000|MMI|7.37|Blood pressure finding|C1271104|[fndg]|["Blood Pressure"-tx-19-"blood pressure"-noun-0,"Blood Pressure"-tx-10-"blood pressure"-noun-0]|TX|1634/14;969/14|
00000000|MMI|7.32|Short Stay Unit|C4035210|[hcro,mnob]|["Short Stay Unit"-tx-17-"Short Stay Unit"-noun-0,"Short Stay Unit"-tx-4-"Short Stay Unit"-noun-0]|TX|1366/15;457/15|
00000000|MMI|7.23|To|C1883351|[qlco]|["To"-tx-23-"to"-adv-0,"To"-tx-17-"to"-adv-0]|TX|1843/2;1382/2|
00000000|MMI|6.99|Out (direction)|C0439787|[spco]|["Out"-tx-17-"out"-adv-0,"Out"-tx-1-"OUT"-adv-0]|TX|1390/3;41/3|
00000000|MMI|6.99|Removed|C0849355|[qlco]|["Out"-tx-17-"out"-adv-0,"Out"-tx-1-"OUT"-adv-0]|TX|1390/3;41/3|
00000000|MMI|6.97|97|C0439073|[inpr]|["97"-tx-29-"97"-integer-0]|TX|[2016/2],[2028/2]|
00000000|MMI|6.97|>97|C0439082|[qnco]|[">97"-tx-29-"97"-integer-0]|TX|[2016/2],[2028/2]|
00000000|MMI|6.70|Woman|C0043210|[popg]|["female"-tx-2-"female"-noun-0]|TX|125/6|M01.975
00000000|MMI|6.66|Periodicals|C0031082|[inpr]|["serial"-tx-18-"serial"-adj-0]|TX|1462/6|V02.690
00000000|MMI|5.18|1+|C3816745|[fndg]|["1+"-tx-29-"1"-integer-0]|TX|2035/1|
00000000|MMI|5.18|1+ Score|C2827734|[qnco]|["1+"-tx-29-"1"-integer-0]|TX|2035/1|
00000000|MMI|5.18|1+ Score, WHO|C2981698|[clas]|["1+"-tx-29-"1"-integer-0]|TX|2035/1|
00000000|MMI|5.18|All extremities|C0278454|[bpoc]|["extremities"-tx-16-"Extremities"-noun-0]|TX|1267/11|
00000000|MMI|5.18|Benign|C0205183|[qlco]|["BENIGN"-tx-15-"benign"-adj-0]|TX|1259/6|
00000000|MMI|5.18|Cardiovascular Examination|C3854344|[hlca]|["Cardiovascular Examination"-tx-14-"Cardiovascular examination"-noun-0]|TX|1169/26|
00000000|MMI|5.18|Clubbing|C0149651|[sosy]|["CLUBBING"-tx-16-"clubbing"-noun-1]|TX|1286/8|
00000000|MMI|5.18|Diabetes|C0011847|[dsyn]|["Diabetes"-tx-2-"diabetes"-noun-0]|TX|154/8|
00000000|MMI|5.18|Discharge date|C2361123|[tmco]|["Discharge date"-tx-1-"Discharge Date"-noun-0]|TX|0/14|
00000000|MMI|5.18|Discharge date:Time Stamp -- Date and Time:Point in time:^Patient:Quantitative|C2361122|[clna]|["Discharge date"-tx-1-"Discharge Date"-noun-0]|TX|0/14|
00000000|MMI|5.18|Disposition|C0743223|[idcn]|["Disposition"-tx-21-"DISPOSITION"-noun-0]|TX|1738/11|
00000000|MMI|5.18|Disposition Domain|C1705555|[inpr]|["Disposition"-tx-21-"DISPOSITION"-noun-0]|TX|1738/11|
00000000|MMI|5.18|Dizziness Adverse Event|C1963093|[fndg]|["Dizziness"-tx-3-"dizziness"-noun-0]|TX|310/9|
00000000|MMI|5.18|Drink (dietary substance)|C0452428|[food]|["Drink"-tx-8-"drink"-noun-0]|TX|837/5|
00000000|MMI|5.18|Edema:Finding:Point in time:^Patient:Ordinal|C1717255|[clna]|["Edema"-tx-16-"edema"-noun-0]|TX|1310/5|
00000000|MMI|5.18|Entire abdomen|C1281594|[bpoc]|["Abdomen"-tx-15-"Abdomen"-noun-0]|TX|1247/7|
00000000|MMI|5.18|Entire ear|C0521421|[bpoc]|["EARS"-tx-12-"ears"-noun-0]|TX|1063/4|
00000000|MMI|5.18|Entire head|C1281590|[bpoc]|["Head"-tx-12-"Head"-noun-0]|TX|1049/4|
00000000|MMI|5.18|Entire nose|C1278896|[bpoc]|["Nose"-tx-12-"nose"-noun-0]|TX|1070/4|
00000000|MMI|5.18|Family History Domain|C1705495|[idcn]|["Family History"-tx-9-"FAMILY HISTORY"-noun-0]|TX|844/14|
00000000|MMI|5.18|Family history|C0241889|[fndg]|["FAMILY HISTORY"-tx-9-"FAMILY HISTORY"-noun-0]|TX|844/14|
00000000|MMI|5.18|Head - Component of Device|C1706305|[mnob]|["Head"-tx-12-"Head"-noun-0]|TX|1049/4|
00000000|MMI|5.18|History of present illness|C0262512|[orga]|["HISTORY OF PRESENT ILLNESS"-tx-2-"HISTORY OF PRESENT ILLNESS"-noun-0]|TX|68/26|
00000000|MMI|5.18|History of present illness:Finding:Point in time:^Patient:Nominal:Reported|C0488508|[clna]|["History of present illness"-tx-2-"HISTORY OF PRESENT ILLNESS"-noun-0]|TX|68/26|
00000000|MMI|5.18|Home environment|C0442519|[cnce]|["HOME"-tx-21-"home"-noun-0]|TX|1778/4|
00000000|MMI|5.18|Hospital course|C0489547|[fndg]|["Hospital course"-tx-17-"HOSPITAL COURSE"-noun-0]|TX|1317/15|
00000000|MMI|5.18|Hospital course:Finding:Point in time:^Patient:Narrative|C0488549|[clna]|["Hospital course"-tx-17-"HOSPITAL COURSE"-noun-0]|TX|1317/15|
00000000|MMI|5.18|Include (action)|C2700399|[acty]|["Include"-tx-5-"includes"-verb-0]|TX|495/8|
00000000|MMI|5.18|Including (qualifier)|C0332257|[ftcn]|["include"-tx-5-"includes"-verb-0]|TX|495/8|
00000000|MMI|5.18|Isa (eukaryote)|C2805416|[euka]|["Isa"-tx-31-"ISA"-noun-0]|TX|2045/3|
00000000|MMI|5.18|Jugular venous engorgement|C0425687|[fndg]|["Jugular venous distension"-tx-12-"jugular venous distension"-noun-1]|TX|1108/25|
00000000|MMI|5.18|Medical Device Emits Smoke|C1881674|[phpr]|["Smoke"-tx-8-"smoke"-verb-0]|TX|827/5|
00000000|MMI|5.18|Medical History|C0262926|[fndg]|["Past Medical History"-tx-5-"PAST MEDICAL HISTORY"-noun-0]|TX|474/20|
00000000|MMI|5.18|Negation|C1518422|[ftcn]|["Not"-tx-8-"not"-adv-0]|TX|823/3|
00000000|MMI|5.18|Negative|C0205160|[qlco]|["Negative"-tx-18-"negative"-adj-0]|TX|1480/8|
00000000|MMI|5.18|Negative - answer|C3853545|[qlco]|["Negative"-tx-18-"negative"-adj-0]|TX|1480/8|
00000000|MMI|5.18|Negative Charge|C2825491|[qlco]|["Negative"-tx-18-"negative"-adj-0]|TX|1480/8|
00000000|MMI|5.18|Negative Finding|C1513916|[fndg]|["NEGATIVE"-tx-18-"negative"-adj-1]|TX|1480/8|
00000000|MMI|5.18|Negative Number|C2825415|[cnce]|["Negative"-tx-18-"negative"-adj-0]|TX|1480/8|
00000000|MMI|5.18|On admission|C0457453|[tmco]|["On admission"-tx-7-"ON ADMISSION"-adj-0]|TX|603/12|
00000000|MMI|5.18|PMH - past medical history|C0455458|[fndg]|["Past medical history"-tx-5-"PAST MEDICAL HISTORY"-noun-0]|TX|474/20|
00000000|MMI|5.18|PSMD2 gene|C1419032|[gngm]|["S2"-tx-14-"S2"-noun-0]|TX|1243/2|
00000000|MMI|5.18|RPS2 gene|C1419718|[gngm]|["S2"-tx-14-"S2"-noun-0]|TX|1243/2|
00000000|MMI|5.18|Revealed|C0443289|[qlco]|["Revealed"-tx-8-"revealed"-verb-0]|TX|797/8|
00000000|MMI|5.18|Rhythm|C0871269|[fndg]|["Rhythm"-tx-14-"rhythm"-noun-0]|TX|1220/6|
00000000|MMI|5.18|Rhythm Not Otherwise Specified ECG Assessment|C3828331|[inpr]|["Rhythm Not Otherwise Specified"-tx-14-"rhythm"-noun-0]|TX|1220/6|
00000000|MMI|5.18|S2|C3812876|[fndg]|["S2"-tx-14-"S2"-noun-0]|TX|1243/2|
00000000|MMI|5.18|S2 innervation|C1179705|[blor]|["S2"-tx-14-"S2"-noun-0]|TX|1243/2|
00000000|MMI|5.18|Shortness of breath:-:Point in time:^Patient:-|C2707305|[clna]|["Shortness of breath"-tx-3-"shortness of breath"-noun-0]|TX|266/19|
00000000|MMI|5.18|Social History|C3714536|[fndg]|["Social History"-tx-8-"SOCIAL HISTORY"-noun-0]|TX|782/14|
00000000|MMI|5.18|Social and personal history|C0424945|[fndg]|["Social history"-tx-8-"SOCIAL HISTORY"-noun-0]|TX|782/14|
00000000|MMI|5.18|Testicular Cancer Serum Markers Test Result S2|C3812875|[lbtr]|["S2"-tx-14-"S2"-noun-0]|TX|1243/2|
00000000|MMI|5.18|Tobacco smoke|C0439994|[hops]|["Smoke"-tx-8-"smoke"-verb-0]|TX|827/5|
00000000|MMI|5.18|Very|C0442824|[qlco]|["Very"-tx-3-"very"-adv-0]|TX|201/4|
00000000|MMI|5.18|Very Much|C2984081|[qlco]|["Very"-tx-3-"very"-adv-0]|TX|201/4|
00000000|MMI|5.18|include - SetOperator|C1552866|[idcn]|["include"-tx-5-"includes"-verb-0]|TX|495/8|
00000000|MMI|5.18|rhythmic process (biological)|C1523018|[phsf]|["rhythm"-tx-14-"rhythm"-noun-0]|TX|1220/6|
00000000|MMI|3.98|Call (Instruction)|C1947967|[ftcn]|["Call"-tx-4-"called"-verb-0]|TX|325/6|
00000000|MMI|3.98|Decision|C0679006|[menp]|["Call"-tx-4-"called"-verb-0]|TX|325/6|
00000000|MMI|3.75|Breaths:Number = Count/Time:Point in time:Respiratory system:Quantitative|C0489258|[clna]|["Respiratory rate"-tx-10-"respiratory rate"-noun-0]|TX|931/16|
00000000|MMI|3.75|Day 2|C3842676|[fndg]|["Day 2"-tx-19-"day 2"-noun-0]|TX|1502/3,1507/1|
00000000|MMI|3.75|Day hospital|C0587438|[hcro,mnob]|["hospital day"-tx-19-"hospital day"-noun-0]|TX|1493/12|
00000000|MMI|3.68|% index|C1637833|[qnco]|["% index"-tx-28-"Index"-noun-0]|TX|1986/5|
00000000|MMI|3.68|Attending (action)|C1999232|[ftcn]|["attending"-tx-26-"Attending"-noun-0]|TX|1919/9|
00000000|MMI|3.68|Attending (provider role)|C1547429|[prog]|["Attending"-tx-26-"Attending"-noun-0]|TX|1919/9|
00000000|MMI|3.68|Changed status|C0443172|[qnco]|["changes"-tx-20-"changes"-noun-0]|TX|1701/7|
00000000|MMI|3.68|Changing|C0392747|[ftcn]|["changes"-tx-20-"changes"-noun-0]|TX|1701/7|
00000000|MMI|3.68|Chest pressure|C0438716|[sosy]|["Chest pressure"-tx-3-"chest pressure"-noun-0]|TX|249/14|
00000000|MMI|3.68|Electro-Cardiogram|C1547122|[spco]|["Electro-Cardiogram"-tx-20-"electrocardiogram"-noun-0]|TX|1683/17|
00000000|MMI|3.68|Electrocardiogram Domain|C1705651|[inpr]|["Electrocardiogram"-tx-20-"electrocardiogram"-noun-0]|TX|1683/17|
00000000|MMI|3.68|Html Link Type - index|C1552854|[idcn]|["index"-tx-28-"Index"-noun-0]|TX|1986/5|
00000000|MMI|3.68|Index|C0918012|[inpr]|["Index"-tx-28-"Index"-noun-0]|TX|1986/5|
00000000|MMI|3.68|R prime|C2603358|[clna]|["R'"-tx-30-"R"-noun-0]|TX|2042/1|
00000000|MMI|3.68|Rate|C1521828|[qnco]|["Rate"-tx-14-"rate"-noun-0]|TX|1211/4|
00000000|MMI|3.68|Rating (action)|C0871208|[acty]|["Rate"-tx-14-"rate"-noun-0]|TX|1211/4|
00000000|MMI|3.68|Right|C0205090|[spco]|["R-"-tx-30-"R"-noun-0]|TX|2042/1|
00000000|MMI|3.68|S1|C3715215|[fndg]|["S1"-tx-14-"S1"-noun-0]|TX|1236/2|
00000000|MMI|3.68|Testicular Cancer Serum Markers Test Result S1|C3814877|[lbtr]|["S1"-tx-14-"S1"-noun-0]|TX|1236/2|
00000000|MMI|3.68|Medication.discharge|C0806915|[fndg]|["Discharge medications"-tx-22-"MEDICATIONS DISCHARGE"-noun-0]|TX|1784/11,1799/9|
00000000|MMI|3.65|Whole portion of blood|C2335526|[tisu]|["Maximum Blood"-tx-19-"maximum blood"-noun-0]|TX|1626/13|
00000000|MMI|3.64|dictated - DocumentCompletion|C1609990|[idcn]|["Dictated"-tx-24-"Dictated"-verb-0]|TX|1874/8|
00000000|MMI|3.64|dictated - ParticipationMode|C1548384|[ftcn]|["dictated"-tx-24-"Dictated"-verb-0]|TX|1874/8|
00000000|MMI|3.63|Hospital environment|C1510665|[qlco]|["Hospital"-tx-19-"hospital"-noun-0]|TX|1493/8|
00000000|MMI|3.61|80%|C3842583|[fndg]|["80%"-tx-10-"80"-fraction-0]|TX|988/2|
00000000|MMI|3.61|Batch (Response Modality)|C1550176|[inpr]|["Batch"-tx-28-"Batch"-noun-0]|TX|1974/5|
00000000|MMI|3.61|Batch (group)|C1948031|[qnco]|["Batch"-tx-28-"Batch"-noun-0]|TX|1974/5|
00000000|MMI|3.61|Batch Number|C3641829|[inpr]|["BATCH"-tx-28-"Batch"-noun-0]|TX|1974/5|
00000000|MMI|3.61|C-Circle|C3538933|[celc]|["CC"-tx-29-"CC"-noun-0]|TX|2031/2|
00000000|MMI|3.61|Diagnosis|C0011900|[fndg]|["DIAGNOSIS"-tx-1-"DIAGNOSIS"-noun-0]|TX|25/9|E01
00000000|MMI|3.61|Diagnosis Study|C1704656|[resa]|["DIAGNOSIS"-tx-1-"DIAGNOSIS"-noun-0]|TX|25/9|
00000000|MMI|3.60|100%|C3817553|[qnco]|["100%"-tx-19-"100"-fraction-0]|TX|1653/3|
00000000|MMI|3.60|Act Relationship Subset - maximum|C1552615|[qnco]|["maximum"-tx-19-"maximum"-noun-0]|TX|1626/7|
00000000|MMI|3.60|Maximum|C0806909|[qnco]|["Maximum"-tx-19-"maximum"-noun-0]|TX|1626/7|
00000000|MMI|3.60|Maximum Value Derivation Technique|C2826546|[qnco]|["MAXIMUM"-tx-19-"maximum"-noun-0]|TX|1626/7|
00000000|MMI|3.60|Pressure (finding)|C0460139|[fndg]|["Pressure"-tx-19-"pressure"-noun-0]|TX|1640/8|
00000000|MMI|3.60|Pressure - action|C1306345|[ftcn]|["Pressure"-tx-19-"pressure"-noun-0]|TX|1640/8|
00000000|MMI|3.60|Cardiac Event Monitor|C2825163|[medd]|["Cardiac Event Monitor"-tx-18-"events cardiac monitor"-noun-0]|TX|1428/6,1442/15|
00000000|MMI|3.59|Clear|C2963144|[qlco]|["Clear"-tx-13-"clear"-adj-0]|TX|1146/5|
00000000|MMI|3.59|Clinical Study Follow-up|C3274571|[hlca]|["FOLLOW-UP"-tx-23-"FOLLOW-UP"-adj-0]|TX|1846/9|
00000000|MMI|3.59|Follow-Up Report|C1704685|[inpr]|["Follow-Up"-tx-23-"FOLLOW-UP"-adj-0]|TX|1846/9|
00000000|MMI|3.59|Follow-up status|C0589120|[fndg]|["Follow-up"-tx-23-"FOLLOW-UP"-adj-0]|TX|1846/9|
00000000|MMI|3.59|Molecular oxygen saturation|C0369768|[moft]|["Oxygen saturation"-tx-10-"oxygen saturation"-noun-0]|TX|993/17|
00000000|MMI|3.59|Negative Surgical Margin|C1709157|[fndg]|["Clear"-tx-13-"clear"-adj-0]|TX|1146/5|
00000000|MMI|3.59|Oxygen saturation test result|C0483415|[orga]|["Oxygen saturation"-tx-10-"oxygen saturation"-noun-0]|TX|993/17|
00000000|MMI|3.59|Room air|C3846005|[fndg]|["Room air"-tx-10-"room air"-noun-0]|TX|1018/8|
00000000|MMI|3.59|follow-up|C1522577|[hlca]|["Follow Up"-tx-23-"FOLLOW-UP"-adj-0]|TX|1846/9|
00000000|MMI|3.57|Evidence|C3887511|[idcn]|["Evidence"-tx-20-"evidence"-noun-0]|TX|1716/8|
00000000|MMI|3.57|Feeling upset|C3887804|[menp]|["Upset"-tx-3-"upset"-verb-0]|TX|206/5|
00000000|MMI|3.56|Glonoine, nitroglycerine, Homeopathic preparation|C0885378|[orch,phsu]|["nitroglycerine"-tx-4-"nitroglycerin"-noun-0]|TX|413/13|
00000000|MMI|3.56|Resolution|C2699488|[cnce]|["Resolved"-tx-4-"resolved"-verb-0]|TX|385/8|
00000000|MMI|3.56|Resolved|C3714811|[fndg]|["Resolved"-tx-4-"resolved"-verb-0]|TX|385/8|
00000000|MMI|3.56|Resolved License|C3897700|[ftcn]|["Resolved"-tx-4-"resolved"-verb-0]|TX|385/8|
00000000|MMI|3.56|Sublingual location|C0558302|[blor]|["Sublingual"-tx-4-"sublingual"-adj-0]|TX|402/10|
00000000|MMI|3.56|physiologic resolution|C1514893|[patf]|["Resolved"-tx-4-"resolved"-verb-0]|TX|385/8|
00000000|MMI|3.55|Female Phenotype|C1705498|[qlco]|["Female"-tx-2-"female"-noun-0]|TX|125/6|
00000000|MMI|3.55|Female, Self-Report|C1705497|[qlco]|["Female"-tx-2-"female"-noun-0]|TX|125/6|
00000000|MMI|3.54|Minute (diminutive)|C1282918|[qnco]|["minutes"-tx-19-"minutes"-noun-0]|TX|1583/7|
00000000|MMI|3.54|Minute Unit of Plane Angle|C2347166|[qnco]|["Minute"-tx-19-"minutes"-noun-0]|TX|1583/7|
00000000|MMI|3.54|Minute of time|C0439232|[tmco]|["minutes"-tx-19-"minutes"-noun-0]|TX|1583/7|
00000000|MMI|3.54|Per Minute|C0702093|[tmco]|["/minute"-tx-19-"minutes"-noun-0]|TX|1583/7|
00000000|MMI|3.54|Small|C0700321|[qnco]|["minutes"-tx-19-"minutes"-noun-0]|TX|1583/7|
00000000|MMI|3.53|Entire left upper arm|C1268256|[bpoc]|["Left arm"-tx-3-"left arm"-noun-0]|TX|288/8|
00000000|MMI|3.53|Left upper arm structure|C0230347|[bpoc]|["Left Arm"-tx-3-"left arm"-noun-0]|TX|288/8|
00000000|MMI|3.50|50%|C3842586|[fndg]|["50%"-tx-7-"50"-integer-0]|TX|632/2|
00000000|MMI|3.50|<50|C3843766|[fndg]|["<50"-tx-7-"50"-integer-0]|TX|632/2|
00000000|MMI|3.50|Anterior portion of neck|C0230069|[blor]|["Throat"-tx-12-"throat"-noun-0]|TX|1079/6|
00000000|MMI|3.50|Entire throat (surface region of neck)|C1280698|[bpoc]|["Throat"-tx-12-"throat"-noun-0]|TX|1079/6|
00000000|MMI|3.50|Gait normal|C0231683|[fndg]|["Normal"-tx-14-"normal"-adj-0]|TX|1229/6|
00000000|MMI|3.50|Mean Percent of Normal|C2347086|[qnco]|["% Normal"-tx-14-"normal"-adj-0]|TX|1229/6|
00000000|MMI|3.50|Normal|C0205307|[qlco]|["NORMAL"-tx-14-"normal"-adj-0]|TX|1229/6|
00000000|MMI|3.50|Percent normal|C0439166|[qnco]|["% normal"-tx-14-"normal"-adj-0]|TX|1229/6|
00000000|MMI|3.50|Regular|C0205272|[qlco]|["Regular"-tx-14-"regular"-adj-0]|TX|1203/7|
00000000|MMI|3.50|Serial Number|C2348188|[inpr]|["SERIAL"-tx-18-"serial"-adj-0]|TX|1462/6|
00000000|MMI|3.50|Usual|C3538928|[qlco]|["Usual"-tx-22-"usual"-adj-0]|TX|1817/5|
00000000|MMI|3.48|Known|C0205309|[qlco]|["Known"-tx-6-"known"-adj-0]|TX|569/5|
00000000|MMI|3.48|Twice (Numerical Qualifier)|C1948050|[qnco]|["Twice"-tx-7-"twice"-adv-0]|TX|769/5|
00000000|MMI|3.48|Twice - dosing instruction fragment|C1720725|[inpr]|["Twice"-tx-7-"twice"-adv-0]|TX|769/5|
00000000|MMI|3.47|4+ Answer to question|C3838679|[fndg]|["4+"-tx-1-"4"-fraction-0]|TX|16/1|
