00000000|MMI|7.28|Signature|C1519316|[inpr]|["Signed"-tx-1-"Signed"-noun-0]|TX|[84/6],[139/6]|
00000000|MMI|7.28|signed - ParticipationSignature|C1561610|[inpr]|["signed"-tx-1-"Signed"-noun-0]|TX|[84/6],[139/6]|
00000000|MMI|3.65|Report status|C0586177|[fndg]|["Report status"-tx-1-"Report Status"-noun-0]|TX|124/13|
00000000|MMI|3.63|Admission date:Time Stamp -- Date and Time:Point in time:^Patient:Quantitative|C2598112|[clna]|["Admission date"-tx-1-"Admission Date"-noun-0]|TX|99/14|
00000000|MMI|3.63|Date of admission|C1302393|[tmco]|["Admission date"-tx-1-"Admission Date"-noun-0]|TX|99/14|
00000000|MMI|3.59|23|C0450348|[qnco]|["23"-tx-1-"23"-fraction-0]|TX|42/2|
00000000|MMI|3.59|Pyrexia of unknown origin (excl puerperal)|C0856281|[sosy]|["puo"-tx-1-"PUO"-noun-0]|TX|12/3|
00000000|MMI|3.48|Discharge summarization note:Finding:Point in time:{Setting}:Document:{Provider}|C0801840|[clna]|["Discharge summary"-tx-1-"Discharge Summary"-noun-0]|TX|64/17|
00000000|MMI|3.48|Discharge summary|C0743221|[inpr]|["Discharge summary"-tx-1-"Discharge Summary"-noun-0]|TX|64/17|
00000000|MMI|3.46|+2|C0740116|[qnco]|["+2"-tx-1-"2"-fraction-0]|TX|115/1|
00000000|MMI|3.46|2+|C3833492|[fndg]|["2+"-tx-1-"2"-fraction-0]|TX|115/1|
00000000|MMI|3.46|2+ Score|C2827735|[qnco]|["2+"-tx-1-"2"-fraction-0]|TX|115/1|
00000000|MMI|3.46|2+ Score, WHO|C2981700|[clas]|["2+"-tx-1-"2"-fraction-0]|TX|115/1|
00000000|MMI|3.46|Diagnostic interview schedule|C0451119|[inpr]|["DIS"-tx-1-"DIS"-noun-0]|TX|93/3|
00000000|MMI|3.46|Discontinued|C1444662|[fndg]|["DIS"-tx-1-"DIS"-noun-0]|TX|93/3|
00000000|MMI|49.87|Togo|C0040363|[geoa]|["TO"-tx-41-"to"-adv-0,"TO"-tx-37-"to"-adv-0,"TO"-tx-8-"to"-adv-0]|TX|2275/2;2000/2;435/2|Z01.058.290.190.800
00000000|MMI|49.87|Tryptophanase|C0041260|[aapp,enzy]|["TO"-tx-41-"to"-adv-0,"TO"-tx-37-"to"-adv-0,"TO"-tx-8-"to"-adv-0]|TX|2275/2;2000/2;435/2|D08.811.520.224.800
00000000|MMI|49.14|Postoperative Period|C0032790|[tmco]|["Postoperative"-tx-33-"postoperative"-noun-0,"Postoperative"-tx-30-"postoperative"-noun-0,"Postoperative"-tx-27-"postoperative"-noun-0]|TX|1855/13;1706/13;1576/13|E04.614.750;N02.421.585.753.750
00000000|MMI|45.60|Coumadin|C0699129|[orch,phsu]|["Coumadin"-tx-42-"Coumadin"-noun-0,"Coumadin"-tx-37-"Coumadin"-noun-0]|TX|2321/8;2026/8|D03.383.663.283.446.520.914;D03.438.150.446.520.914
00000000|MMI|35.81|Hematocrit procedure|C0018935|[lbpr]|["Hematocrit"-tx-36-"hematocrit"-noun-0,"Hematocrit"-tx-31-"hematocrit"-noun-0]|TX|1964/10;1768/10|E01.370.225.625.400;E05.200.625.400;G09.188.370.374
00000000|MMI|32.70|Coronary Artery Bypass Surgery|C0010055|[topp]|["Coronary Artery Bypass Graft"-tx-10-"coronary artery bypass graft"-noun-0,"Coronary Artery Bypass Graft"-tx-4-"CORONARY ARTERY BYPASS GRAFT"-noun-0]|TX|591/28;123/28|E04.100.376.719.332;E04.100.814.868.750;E04.928.220.520.220
00000000|MMI|32.68|Knee Replacement Arthroplasty (procedure)|C0086511|[topp]|["Total Knee Replacement"-tx-23-"total knee replacement"-noun-0,"Total Knee Replacement"-tx-8-"total knee replacement"-noun-0]|TX|1441/22;457/22|E04.555.110.110.115;E04.650.110.115;E04.680.101.110.115
00000000|MMI|32.28|Dominican Republic|C0013014|[geoa]|["DR"-tx-43-"Dr"-noun-0,"DR"-tx-23-"Dr"-noun-0]|TX|2414/2;1467/2|Z01.107.084.900.300;Z01.639.880.300
00000000|MMI|30.42|Aspirin|C0004057|[orch,phsu]|["ASPIRIN"-tx-11-"Aspirin"-noun-0]|TX|711/7|D02.455.426.559.389.657.410.595.176
00000000|MMI|29.46|Desiccation|C0011682|[npop]|["Dry"-tx-35-"dry"-adj-0,"Dry"-tx-28-"dry"-adj-0]|TX|1955/3;1669/3|E05.196.335;G02.149.767.530;G02.842.750.530
00000000|MMI|28.66|Obesity|C0028754|[dsyn]|["OBESE"-tx-14-"obese"-adj-1]|TX|983/5|C18.654.726.500;C23.888.144.699.500;E01.370.600.115.100.160.120.699.500;G07.100.100.160.120.699.500
00000000|MMI|27.26|Atrovent|C0591130|[orch,phsu]|["Atrovent"-tx-11-"Atrovent"-noun-0]|TX|817/8|D02.145.074.722.229.400;D03.132.760.180.572.400;D03.132.889.180.648.400;D03.605.869.229.400;D04.075.080.875.099.722.229.400
00000000|MMI|26.61|Range of Motion, Articular|C0080078|[clna]|["Range of Motion"-tx-38-"range of motion"-adj-0,"Range of Motion"-tx-19-"range of motion"-adj-0]|TX|2089/15;1191/15|E01.370.600.700;G11.427.760
00000000|MMI|26.13|Degenerative polyarthritis|C0029408|[dsyn]|["OSTEOARTHRITIS"-tx-6-"osteoarthritis"-noun-0,"OSTEOARTHRITIS"-tx-2-"OSTEOARTHRITIS"-noun-0]|TX|333/14;71/14|C05.550.114.606;C05.799.613
00000000|MMI|25.94|Physicians|C0031831|[prog]|["DR"-tx-43-"Dr"-noun-0,"DR"-tx-23-"Dr"-noun-0]|TX|2414/2;1467/2|M01.526.485.810;N02.360.810
00000000|MMI|23.12|Physical Examination|C0031809|[hlca]|["PHYSICAL EXAMINATION"-tx-14-"PHYSICAL EXAMINATION"-noun-0,"PHYSICAL EXAMINATION"-tx-6-"Physical examination"-noun-0]|TX|929/20;280/20|E01.370.600
00000000|MMI|22.53|Sulindac|C0038792|[orch,phsu]|["SULINDAC"-tx-11-"Sulindac"-noun-0]|TX|796/8|D02.455.426.559.847.486.875;D04.615.486.875
00000000|MMI|20.95|Activated Partial Thromboplastin Time measurement|C0030605|[lbpr]|["PTT"-tx-42-"PTT"-noun-0]|TX|2373/3|E01.370.225.625.115.600;E05.200.625.115.600;G09.188.660
00000000|MMI|20.95|Temperature|C0039476|[qnco]|["*Temperature"-tx-30-"temperature"-noun-0]|TX|1741/11|G01.906.595;G16.500.275.063.725.710;G16.500.750.775.710;N06.230.150.450;N06.230.300.100.725.710
00000000|MMI|20.80|Physical therapy|C0949766|[topp]|["Physical Therapy"-tx-44-"physical therapy"-noun-0,"Physical Therapy"-tx-38-"physical therapy"-noun-0,"Physical Therapy"-tx-32-"physical therapy"-noun-0]|TX|2454/16;2039/16;1834/16|E02.779
00000000|MMI|19.38|Metoprolol|C0025859|[orch,phsu]|["METOPROLOL"-tx-11-"Metoprolol"-noun-0]|TX|774/10|D02.033.100.624.698.573;D02.033.755.624.698.573;D02.092.063.624.698.573
00000000|MMI|19.37|Patient Discharge|C0030685|[hlca]|["Discharge"-tx-1-"DISCHARGE"-noun-0]|TX|36/9|E02.204.125;E02.760.400.610;N02.421.192.125;N02.421.585.400.610;N04.590.233.727.210.125
00000000|MMI|19.24|Lasix|C0699992|[orch,phsu]|["Lasix"-tx-11-"Lasix"-noun-0]|TX|757/5|D02.065.884.725.300;D02.092.146.807.300;D02.886.590.700.725.300
00000000|MMI|19.23|Vanceril|C0699073|[orch,phsu]|["Vanceril"-tx-11-"Vanceril"-noun-0]|TX|830/8|D04.808.745.432.769.125;D04.808.883.154
00000000|MMI|19.21|Risk|C0035647|[idcn]|["Risks"-tx-8-"risks"-noun-0]|TX|403/5|E05.318.740.600.800;G17.680.750;N05.715.360.750.625.700;N06.850.520.830.600.800
00000000|MMI|18.62|Daily|C0332173|[tmco]|["/day"-tx-33-"day"-noun-0,"/day"-tx-30-"day"-noun-0,"/day"-tx-27-"day"-noun-0,"/day"-tx-11-"day"-noun-0]|TX|1869/3;1720/3;1590/3;[752/3],[769/3]|
00000000|MMI|18.62|day|C0439228|[tmco]|["DAY"-tx-33-"day"-noun-0,"DAY"-tx-30-"day"-noun-0,"DAY"-tx-27-"day"-noun-0,"DAY"-tx-11-"day"-noun-0]|TX|1869/3;1720/3;1590/3;[752/3],[769/3]|
00000000|MMI|18.62|per day|C0439505|[tmco]|["/day"-tx-33-"day"-noun-0,"/day"-tx-30-"day"-noun-0,"/day"-tx-27-"day"-noun-0,"/day"-tx-11-"day"-noun-0]|TX|1869/3;1720/3;1590/3;[752/3],[769/3]|
00000000|MMI|17.80|Body Temperature|C0005903|[orga]|["temperature"-tx-30-"temperature"-noun-0]|TX|1741/11|E01.370.600.875.374;G07.110
00000000|MMI|17.80|Cystoscopy|C0010702|[diap]|["CYSTOSCOPY"-tx-10-"cystoscopy"-noun-0]|TX|686/10|E01.370.388.250.180;E01.370.390.175;E04.502.250.180;E04.950.774.155
00000000|MMI|17.80|Postoperative anesthesia care unit (PACU)|C0034871|[hcro,mnob]|["Recovery room"-tx-26-"Recovery Room"-noun-0]|TX|1522/13|N02.278.388.493.592
00000000|MMI|17.80|Roentgen Rays|C0043309|[npop]|["X-Rays"-tx-6-"x-rays"-noun-0]|TX|305/6|G01.358.500.505.970;G01.750.250.970;G01.750.750.918
00000000|MMI|16.37|Osteoarthritis, Knee|C0409959|[dsyn]|["Knee osteoarthritis"-tx-2-"KNEE OSTEOARTHRITIS"-noun-0]|TX|66/19|C05.550.114.606.500;C05.799.613.500
00000000|MMI|16.18|Pain|C0030193|[sosy]|["PAIN"-tx-5-"pain"-noun-0]|TX|256/4|C10.597.617;C23.888.592.612;F02.830.816.444;G11.561.600.810.444
00000000|MMI|15.79|Normal|C0205307|[qlco]|["NORMAL"-tx-26-"normal"-adj-0,"NORMAL"-tx-21-"normal"-adj-0,"Unremarkable"-tx-15-"unremarkable"-adj-0]|TX|1565/6;1338/6;1037/12|
00000000|MMI|15.17|Medical Examination|C0582103|[hlca]|["Exam"-tx-26-"exam"-noun-0,"Exam"-tx-21-"exam"-noun-0,"Exam"-tx-19-"exam"-noun-0,"Exam"-tx-15-"exam"-noun-0]|TX|1556/4;1330/4;1178/4;1029/4|
00000000|MMI|15.01|Physical therapy (field)|C0699718|[bmod]|["physical therapy"-tx-44-"physical therapy"-noun-0,"PT"-tx-42-"PT"-noun-0,"physical therapy"-tx-38-"physical therapy"-noun-0,"physical therapy"-tx-32-"physical therapy"-noun-0]|TX|2454/16;2368/2;2039/16;1834/16|
00000000|MMI|14.64|Myocardial Infarction|C0027051|[dsyn]|["Infarction, Myocardial"-tx-9-"myocardial infarction"-noun-0]|TX|530/21|C14.280.647.500;C14.907.585.500
00000000|MMI|14.42|Right|C0205090|[spco]|["RIGHT"-tx-23-"right"-adj-0,"RIGHT"-tx-8-"right"-adj-0,"RIGHT"-tx-5-"right"-noun-0,"RIGHT"-tx-2-"RIGHT"-noun-0]|TX|1435/5;451/5;245/5;60/5|
00000000|MMI|14.42|Right sided|C0444532|[spco]|["Right"-tx-23-"right"-adj-0,"Right"-tx-8-"right"-adj-0,"Right"-tx-5-"right"-noun-0,"Right"-tx-2-"RIGHT"-noun-0]|TX|1435/5;451/5;245/5;60/5|
00000000|MMI|13.07|Operating Room|C0029064|[hcro,mnob]|["OPERATING ROOM"-tx-22-"Operating Room"-noun-0]|TX|1395/14|N02.278.388.700
00000000|MMI|12.93|Allopurinol|C0002144|[orch,phsu]|["ALLOPURINOL"-tx-11-"Allopurinol"-noun-0]|TX|733/11|D03.438.759.160
00000000|MMI|11.49|Adenoidectomy|C0001425|[topp]|["Adenoidectomy"-tx-10-"adenoidectomy"-noun-0]|TX|666/13|E04.580.068
00000000|MMI|11.49|Ambulatory Care Facilities|C0002424|[hcro,mnob]|["Clinic"-tx-44-"Clinic"-noun-0]|TX|2533/6|N02.278.035
00000000|MMI|11.49|Appendectomy|C0003611|[topp]|["APPENDECTOMY"-tx-10-"appendectomy"-noun-0]|TX|633/12|E04.210.078
00000000|MMI|11.49|Tonsillectomy|C0040423|[topp]|["TONSILLECTOMY"-tx-10-"tonsillectomy"-noun-0]|TX|648/13|E04.580.848
00000000|MMI|11.42|To|C1883351|[qlco]|["To"-tx-41-"to"-adv-0,"To"-tx-37-"to"-adv-0,"To"-tx-8-"to"-adv-0]|TX|2275/2;2000/2;435/2|
00000000|MMI|11.14|Medication administration: epidural|C0812144|[topp]|["epidural"-tx-38-"epidural"-noun-0,"epidural"-tx-32-"Epidural"-noun-0,"epidural"-tx-29-"epidural"-noun-0]|TX|2116/8;1789/8;1693/8|
00000000|MMI|11.14|Spinal epidural space|C0228134|[bsoj]|["epidural"-tx-38-"epidural"-noun-0,"epidural"-tx-32-"Epidural"-noun-0,"epidural"-tx-29-"epidural"-noun-0]|TX|2116/8;1789/8;1693/8|
00000000|MMI|10.90|Incision and drainage|C0152277|[topp]|["i d"-tx-11-"i.d"-adv-0]|TX|[790/3],[811/3],[852/3]|
00000000|MMI|10.73|Entire right knee|C1279571|[bpoc]|["Right knee"-tx-19-"right knee"-noun-0,"Right knee"-tx-5-"right knee"-noun-0,"Right knee"-tx-2-"RIGHT KNEE"-noun-0]|TX|1214/10;245/10;60/10|
00000000|MMI|10.73|Structure of right knee|C0230431|[bpoc]|["Right knee"-tx-19-"right knee"-noun-0,"Right knee"-tx-5-"right knee"-noun-0,"Right knee"-tx-2-"RIGHT KNEE"-noun-0]|TX|1214/10;245/10;60/10|
00000000|MMI|10.69|Count of entities|C0449788|[qnco]|["Number"-tx-33-"number"-noun-0,"Number"-tx-30-"number"-noun-0,"Number"-tx-27-"number"-noun-0]|TX|1873/6;1724/6;1594/6|
00000000|MMI|10.69|Numbers|C0237753|[qnco]|["*Number"-tx-33-"number"-noun-0,"*Number"-tx-30-"number"-noun-0,"*Number"-tx-27-"number"-noun-0]|TX|1873/6;1724/6;1594/6|
00000000|MMI|10.59|Four|C0205450|[qnco]|["Four"-tx-41-"four"-word_numeral-0,"Four"-tx-11-"four"-word_numeral-0,"Four"-tx-10-"four"-word_numeral-0]|TX|2297/4;839/4;626/4|
00000000|MMI|10.42|1+|C3816745|[fndg]|["1+"-tx-3-"1"-integer-0,"1+"-tx-1-"1"-integer-0]|TX|108/1;57/1|
00000000|MMI|10.42|1+ Score|C2827734|[qnco]|["1+"-tx-3-"1"-integer-0,"1+"-tx-1-"1"-integer-0]|TX|108/1;57/1|
00000000|MMI|10.42|1+ Score, WHO|C2981698|[clas]|["1+"-tx-3-"1"-integer-0,"1+"-tx-1-"1"-integer-0]|TX|108/1;57/1|
00000000|MMI|10.42|Dressing of skin or wound|C0278286|[topp]|["Dressing"-tx-34-"dressing"-noun-0,"Dressing"-tx-28-"dressing"-noun-0]|TX|1909/8;1656/8|
00000000|MMI|10.42|Dressing self-care|C0518459|[fndg]|["dressing"-tx-34-"dressing"-noun-0,"dressing"-tx-28-"dressing"-noun-0]|TX|1909/8;1656/8|
00000000|MMI|10.42|Dressing- activity of daily living|C1305428|[dora]|["Dressing"-tx-34-"dressing"-noun-0,"Dressing"-tx-28-"dressing"-noun-0]|TX|1909/8;1656/8|
00000000|MMI|10.42|Dry|C0205222|[qlco]|["Dry"-tx-35-"dry"-adj-0,"Dry"-tx-28-"dry"-adj-0]|TX|1955/3;1669/3|
00000000|MMI|10.42|Dryness (characteristic)|C1512080|[qlco]|["Dry"-tx-35-"dry"-adj-0,"Dry"-tx-28-"dry"-adj-0]|TX|1955/3;1669/3|
00000000|MMI|10.42|Gait normal|C0231683|[fndg]|["Normal"-tx-26-"normal"-adj-0,"Normal"-tx-21-"normal"-adj-0]|TX|1565/6;1338/6|
00000000|MMI|10.42|Hematocrit level|C0518014|[fndg]|["Hematocrit"-tx-36-"hematocrit"-noun-0,"Hematocrit"-tx-31-"hematocrit"-noun-0]|TX|1964/10;1768/10|
00000000|MMI|10.42|Mean Percent of Normal|C2347086|[qnco]|["% Normal"-tx-26-"normal"-adj-0,"% Normal"-tx-21-"normal"-adj-0]|TX|1565/6;1338/6|
00000000|MMI|10.42|Percent normal|C0439166|[qnco]|["% normal"-tx-26-"normal"-adj-0,"% normal"-tx-21-"normal"-adj-0]|TX|1565/6;1338/6|
00000000|MMI|10.42|Sterile coverings|C0013119|[medd]|["DRESSING"-tx-34-"dressing"-noun-0,"DRESSING"-tx-28-"dressing"-noun-0]|TX|1909/8;1656/8|
00000000|MMI|10.06|Drug Allergy|C0013182|[dsyn]|["Drug Allergies"-tx-12-"drug allergies"-noun-1]|TX|884/14|C20.543.206;C25.100.468
00000000|MMI|9.99|Hospitals|C0019994|[hcro,mnob]|["HOSPITAL"-tx-44-"Hospital"-noun-0]|TX|2520/8|N02.278.421
00000000|MMI|9.75|Heart murmur|C0018808|[fndg]|["murmurs"-tx-17-"murmurs"-noun-1]|TX|1097/7|C23.888.447
00000000|MMI|8.34|Head|C0018670|[blor]|["HEAD"-tx-15-"Head"-noun-0]|TX|1015/4|A01.456
00000000|MMI|8.34|Heart|C0018787|[bpoc]|["HEART"-tx-17-"heart"-noun-0]|TX|1072/5|A07.541
00000000|MMI|8.34|Hypersensitivity|C0020517|[patf]|["Allergies"-tx-12-"ALLERGIES"-noun-0]|TX|857/9|C20.543
00000000|MMI|8.34|Lung|C0024109|[bpoc]|["LUNGS"-tx-16-"Lungs"-noun-0]|TX|1051/5|A04.411
00000000|MMI|8.34|Patients|C0030705|[podg]|["*^patient"-tx-5-"patient"-noun-0]|TX|185/7|M01.643
00000000|MMI|7.62|Clinical Study Follow-up|C3274571|[hlca]|["FOLLOW-UP"-tx-43-"FOLLOW UP"-adj-0,"FOLLOW-UP"-tx-43-"follow up"-adj-0]|TX|2378/9;2399/9|
00000000|MMI|7.62|Follow-Up Report|C1704685|[inpr]|["Follow-Up"-tx-43-"FOLLOW UP"-adj-0,"Follow-Up"-tx-43-"follow up"-adj-0]|TX|2378/9;2399/9|
00000000|MMI|7.62|Follow-up status|C0589120|[fndg]|["Follow-up"-tx-43-"FOLLOW UP"-adj-0,"Follow-up"-tx-43-"follow up"-adj-0]|TX|2378/9;2399/9|
00000000|MMI|7.62|follow-up|C1522577|[hlca]|["Follow Up"-tx-43-"FOLLOW UP"-adj-0,"Follow Up"-tx-43-"follow up"-adj-0]|TX|2378/9;2399/9|
00000000|MMI|7.58|Range of motion|C2607871|[clna]|["Range of motion"-tx-38-"range of motion"-adj-0,"Range of motion"-tx-19-"range of motion"-adj-0]|TX|2089/15;1191/15|
00000000|MMI|7.58|Range of motion exercise|C0150220|[topp]|["range of motion"-tx-38-"range of motion"-adj-0,"range of motion"-tx-19-"range of motion"-adj-0]|TX|2089/15;1191/15|
00000000|MMI|7.57|Admission activity|C0809949|[hlca]|["Admission"-tx-40-"admission"-noun-0,"Admitted"-tx-22-"admitted"-verb-0]|TX|2222/9;1370/8|
00000000|MMI|7.57|Hospital admission|C0184666|[hlca]|["Admission"-tx-40-"admission"-noun-0,"admitted"-tx-22-"admitted"-verb-0]|TX|2222/9;1370/8|
00000000|MMI|7.57|One|C0205447|[qnco]|["ONE"-tx-41-"one"-noun-0,"ONE"-tx-27-"one"-noun-0]|TX|2271/3;1601/3|
00000000|MMI|7.49|Continuous|C0549178|[idcn]|["Continue"-tx-37-"continue"-verb-0,"Continued"-tx-32-"continued"-verb-0]|TX|1991/8;1819/9|
00000000|MMI|7.33|Two|C0205448|[qnco]|["Two"-tx-41-"two"-adj-0,"Two"-tx-30-"two"-noun-0]|TX|2278/3;1731/3|
00000000|MMI|7.32|coronary artery graft device|C1260596|[medd]|["coronary artery bypass graft"-tx-10-"coronary artery bypass graft"-noun-0,"coronary artery bypass graft"-tx-4-"CORONARY ARTERY BYPASS GRAFT"-noun-0]|TX|591/28;123/28|
00000000|MMI|7.21|Three|C0205449|[qnco]|["Three"-tx-41-"three"-word_numeral-0,"Three"-tx-33-"three"-word_numeral-0]|TX|2288/5;1880/5|
00000000|MMI|7.17|0%|C3842591|[fndg]|["0%"-tx-38-"0"-integer-0,"0%"-tx-19-"0"-integer-0]|TX|2073/1;1230/1|
00000000|MMI|7.17|Academic degree|C0542560|[inpr]|["degrees"-tx-38-"degrees"-noun-0,"degrees"-tx-19-"degrees"-noun-0]|TX|2081/7;1239/7|
00000000|MMI|7.17|Degree or extent|C0449286|[qnco]|["degrees"-tx-38-"degrees"-noun-0,"degrees"-tx-19-"degrees"-noun-0]|TX|2081/7;1239/7|
00000000|MMI|7.14|year|C0439234|[tmco]|["YEAR"-tx-5-"year"-noun-0,"YEARS"-tx-5-"years"-noun-0]|TX|201/4;273/5|
00000000|MMI|6.90|Delayed Release Dosage Form|C1707664|[bodm]|["DR"-tx-43-"Dr"-noun-0,"DR"-tx-23-"Dr"-noun-0]|TX|2414/2;1467/2|
00000000|MMI|6.90|Device to Subject Relationship Domain|C3540849|[inpr]|["DR"-tx-43-"Dr"-noun-0,"DR"-tx-23-"Dr"-noun-0]|TX|2414/2;1467/2|
00000000|MMI|6.90|Doctor - Title|C2348314|[cnce]|["Dr."-tx-43-"Dr"-noun-0,"Dr."-tx-23-"Dr"-noun-0]|TX|2414/2;1467/2|
00000000|MMI|6.83|Measures|C0079809|[qnco]|["Measures"-tx-7-"measures"-noun-0]|TX|372/8|E05.978
00000000|MMI|6.66|Limb structure|C0015385|[bpoc]|["Extremity"-tx-19-"Extremity"-noun-0]|TX|1168/9|A01.378
00000000|MMI|6.66|Neck|C0027530|[blor]|["NECK"-tx-15-"neck"-noun-0]|TX|1024/4|A01.598
00000000|MMI|6.58|Time|C0040223|[tmco]|["times"-tx-10-"times"-noun-0]|TX|620/5|G01.910
00000000|MMI|5.18|Abortion consent:Finding:Point in time:^Patient:Document|C2360836|[clna]|["Patient"-tx-5-"patient"-noun-0]|TX|185/7|
00000000|MMI|5.18|Adjustment Action|C0456081|[ftcn]|["Adjusted"-tx-42-"adjusted"-verb-0]|TX|2346/8|
00000000|MMI|5.18|Apyrexial|C0277797|[fndg]|["Afebrile"-tx-33-"afebrile"-adj-0]|TX|1895/8|
00000000|MMI|5.18|Attending (action)|C1999232|[ftcn]|["attending"-tx-45-"Attending"-noun-0]|TX|2555/9|
00000000|MMI|5.18|Attending (provider role)|C1547429|[prog]|["Attending"-tx-45-"Attending"-noun-0]|TX|2555/9|
00000000|MMI|5.18|Changed status|C0443172|[qnco]|["Changed"-tx-34-"changed"-verb-0]|TX|1922/7|
00000000|MMI|5.18|Changing|C0392747|[ftcn]|["Changed"-tx-34-"changed"-verb-0]|TX|1922/7|
00000000|MMI|5.18|Cleaning (activity)|C1947930|[acty]|["Clean"-tx-35-"clean"-adj-0]|TX|1945/5|
00000000|MMI|5.18|Clear|C2963144|[qlco]|["Clear"-tx-16-"clear"-adj-0]|TX|1061/5|
00000000|MMI|5.18|Cleared by|C0521097|[ftcn]|["cleared"-tx-39-"cleared"-verb-0]|TX|2137/7|
00000000|MMI|5.18|Clinic|C0442592|[hcro,mnob]|["Clinic"-tx-44-"Clinic"-noun-0]|TX|2533/6|
00000000|MMI|5.18|Diagnostic radiologic examination|C0043299|[diap]|["X-Rays"-tx-6-"x-rays"-noun-0]|TX|305/6|
00000000|MMI|5.18|Discharge date|C2361123|[tmco]|["Discharge date"-tx-1-"Discharge Date"-noun-0]|TX|0/14|
00000000|MMI|5.18|Discharge date:Time Stamp -- Date and Time:Point in time:^Patient:Quantitative|C2361122|[clna]|["Discharge date"-tx-1-"Discharge Date"-noun-0]|TX|0/14|
00000000|MMI|5.18|Doctor of Medicine|C1512018|[inpr]|["M.D."-tx-46-"M.D"-noun-0]|TX|2583/3|
00000000|MMI|5.18|Electrocardiogram: myocardial infarction (finding)|C0428953|[lbtr]|["MYOCARDIAL INFARCTION"-tx-9-"myocardial infarction"-noun-0]|TX|530/21|
00000000|MMI|5.18|Entire head|C1281590|[bpoc]|["Head"-tx-15-"Head"-noun-0]|TX|1015/4|
00000000|MMI|5.18|Entire heart|C1281570|[bpoc]|["Heart"-tx-17-"heart"-noun-0]|TX|1072/5|
00000000|MMI|5.18|Follow|C1719822|[inpr]|["Follow"-tx-44-"follow"-verb-0]|TX|2443/6|
00000000|MMI|5.18|Followed by|C0332283|[tmco]|["follow"-tx-44-"follow"-verb-0]|TX|2443/6|
00000000|MMI|5.18|H/O: surgery|C0455610|[fndg]|["Past surgical history"-tx-10-"PAST SURGICAL HISTORY"-noun-0]|TX|553/21|
00000000|MMI|5.18|Head - Component of Device|C1706305|[mnob]|["Head"-tx-15-"Head"-noun-0]|TX|1015/4|
00000000|MMI|5.18|History of present illness|C0262512|[orga]|["HISTORY OF PRESENT ILLNESS"-tx-5-"HISTORY OF PRESENT ILLNESS"-noun-0]|TX|153/26|
00000000|MMI|5.18|History of present illness:Finding:Point in time:^Patient:Nominal:Reported|C0488508|[clna]|["History of present illness"-tx-5-"HISTORY OF PRESENT ILLNESS"-noun-0]|TX|153/26|
00000000|MMI|5.18|Hospital course|C0489547|[fndg]|["Hospital course"-tx-22-"HOSPITAL COURSE"-noun-0]|TX|1346/15|
00000000|MMI|5.18|Hospital course:Finding:Point in time:^Patient:Narrative|C0488549|[clna]|["Hospital course"-tx-22-"HOSPITAL COURSE"-noun-0]|TX|1346/15|
00000000|MMI|5.18|Hysterectomy consent:Finding:Point in time:^Patient:Document|C2360838|[clna]|["Patient"-tx-5-"patient"-noun-0]|TX|185/7|
00000000|MMI|5.18|Injury wounds|C0043250|[inpo]|["WOUND"-tx-35-"wound"-noun-0]|TX|1935/5|
00000000|MMI|5.18|Low grade fever|C0239574|[fndg]|["FEVER, LOW GRADE"-tx-27-"low grade fever"-noun-0]|TX|1635/15|
00000000|MMI|5.18|Medical History|C0262926|[fndg]|["Past Medical History"-tx-9-"PAST MEDICAL HISTORY"-noun-0]|TX|481/20|
00000000|MMI|5.18|Medication.discharge|C0806915|[fndg]|["Discharge medications"-tx-40-"DISCHARGE MEDICATIONS"-noun-0]|TX|2188/21|
00000000|MMI|5.18|Medications:-:Point in time:^Patient:-|C2598133|[clna]|["Medications"-tx-11-"MEDICATIONS"-noun-0]|TX|698/11|
00000000|MMI|5.18|Medications:Presence or Identity:Duration of the study:^Patient:Nominal|C0802604|[clna]|["Medications"-tx-11-"MEDICATIONS"-noun-0]|TX|698/11|
00000000|MMI|5.18|Myocardial Infarction ECG Assessment|C3810814|[diap]|["Myocardial Infarction"-tx-9-"myocardial infarction"-noun-0]|TX|530/21|
00000000|MMI|5.18|Myocardial infarction:Finding:Point in time:^Patient:Ordinal|C2926063|[clna]|["Myocardial infarction"-tx-9-"myocardial infarction"-noun-0]|TX|530/21|
00000000|MMI|5.18|Negative|C0205160|[qlco]|["Negative"-tx-13-"Negative"-noun-0]|TX|919/8|
00000000|MMI|5.18|Negative - answer|C3853545|[qlco]|["Negative"-tx-13-"Negative"-noun-0]|TX|919/8|
00000000|MMI|5.18|Negative Charge|C2825491|[qlco]|["Negative"-tx-13-"Negative"-noun-0]|TX|919/8|
00000000|MMI|5.18|Negative Finding|C1513916|[fndg]|["NEGATIVE"-tx-13-"Negative"-noun-0]|TX|919/8|
00000000|MMI|5.18|Negative Number|C2825415|[cnce]|["Negative"-tx-13-"Negative"-noun-0]|TX|919/8|
00000000|MMI|5.18|Negative Surgical Margin|C1709157|[fndg]|["Clear"-tx-16-"clear"-adj-0]|TX|1061/5|
00000000|MMI|5.18|Non-tender|C0520960|[qlco]|["Non-tender"-tx-18-"non-tender"-adj-0]|TX|1124/10|
00000000|MMI|5.18|Operation on abdominal region|C0198482|[topp]|["abdomen surgery"-tx-18-"Abdomen surgery"-noun-0]|TX|1106/15|
00000000|MMI|5.18|PMH - past medical history|C0455458|[fndg]|["Past medical history"-tx-9-"PAST MEDICAL HISTORY"-noun-0]|TX|481/20|
00000000|MMI|5.18|Percocet|C0086787|[orch,phsu]|["Percocet"-tx-41-"Percocet"-noun-0]|TX|2260/8|
00000000|MMI|5.18|Pharmaceutical Preparations|C0013227|[phsu]|["Medications"-tx-11-"MEDICATIONS"-noun-0]|TX|698/11|D26
00000000|MMI|5.18|Plain x-ray|C1306645|[diap]|["X-rays"-tx-6-"x-rays"-noun-0]|TX|305/6|
00000000|MMI|5.18|Revealed|C0443289|[qlco]|["reveals"-tx-19-"reveals"-verb-0]|TX|1183/7|
00000000|MMI|5.18|Review of systems (procedure)|C0489633|[hlca]|["Review of Systems"-tx-13-"REVIEW OF SYSTEMS"-noun-0]|TX|900/17|
00000000|MMI|5.18|Review of systems:Finding:Point in time:^Patient:Narrative:Reported|C0488564|[clna]|["Review of systems"-tx-13-"REVIEW OF SYSTEMS"-noun-0]|TX|900/17|
00000000|MMI|5.18|Review of systems:Finding:Point in time:^Patient:Nominal:Reported|C0488565|[clna]|["Review of systems"-tx-13-"REVIEW OF SYSTEMS"-noun-0]|TX|900/17|
00000000|MMI|5.18|Secondary diagnosis|C0332138|[qlco]|["Secondary diagnosis"-tx-3-"SECONDARY DIAGNOSIS"-noun-0]|TX|87/19|
00000000|MMI|5.18|Sterilization consent:Finding:Point in time:^Patient:Document|C2360840|[clna]|["Patient"-tx-5-"patient"-noun-0]|TX|185/7|
00000000|MMI|5.18|To be stopped|C1272691|[qlco]|["stopped"-tx-32-"stopped"-verb-0]|TX|1802/7|
00000000|MMI|5.18|Traumatic injury|C3263723|[inpo]|["Wound"-tx-35-"wound"-noun-0]|TX|1935/5|
00000000|MMI|5.18|benefit|C0814225|[qnco]|["Benefits"-tx-8-"benefits"-noun-0]|TX|413/8|
00000000|MMI|5.18|failed|C0231175|[ftcn]|["Failed"-tx-7-"failed"-verb-0]|TX|352/6|
00000000|MMI|3.98|desire|C0871633|[menp]|["desire"-tx-8-"desired"-verb-0]|TX|427/7|
00000000|MMI|3.78|Mild dysmorphism|C2675896|[fndg]|["Mild Deformity"-tx-20-"mild deformity"-noun-0]|TX|1294/4,1305/9|
00000000|MMI|3.78|One day|C3844320|[fndg]|["One day"-tx-11-"one day"-noun-0]|TX|721/3,728/3|
00000000|MMI|3.75|Bowel sounds|C0232693|[fndg]|["Bowel sounds"-tx-18-"bowel sounds"-noun-1]|TX|1154/12|
00000000|MMI|3.75|Registered nurse|C0687673|[prog]|["R.N."-tx-41-"r.n"-adj-0]|TX|2310/3|
00000000|MMI|3.75|Varus angulation|C0432593|[anab]|["Varus deformity"-tx-20-"varus deformity"-noun-0]|TX|1299/15|
00000000|MMI|3.72|Consistent with|C0332290|[idcn]|["Consistent with"-tx-6-"consistent with"-adj-0]|TX|317/15|
00000000|MMI|3.68|% index|C1637833|[qnco]|["% index"-tx-47-"Index"-noun-0]|TX|2615/5|
00000000|MMI|3.68|31|C0450355|[inpr]|["31"-tx-31-"31"-real_number-0]|TX|1783/2|
00000000|MMI|3.68|Add - instruction imperative|C1883712|[ftcn]|["Addition"-tx-41-"addition"-adv-0]|TX|2236/8|
00000000|MMI|3.68|CDISC SDTM Procedure Terminology|C3539779|[inpr]|["Procedure"-tx-25-"procedure"-noun-0]|TX|1499/9|
00000000|MMI|3.68|Healthy|C3898900|[qlco]|["Healthy"-tx-14-"healthy"-adj-0]|TX|959/7|
00000000|MMI|3.68|Hospital environment|C1510665|[qlco]|["Hospital"-tx-44-"Hospital"-noun-0]|TX|2520/8|
00000000|MMI|3.68|Html Link Type - index|C1552854|[idcn]|["index"-tx-47-"Index"-noun-0]|TX|2615/5|
00000000|MMI|3.68|In addition to|C0332287|[ftcn]|["Addition"-tx-41-"addition"-adv-0]|TX|2236/8|
00000000|MMI|3.68|Index|C0918012|[inpr]|["Index"-tx-47-"Index"-noun-0]|TX|2615/5|
00000000|MMI|3.68|Interventional procedure|C0184661|[topp]|["Procedure"-tx-25-"procedure"-noun-0]|TX|1499/9|
00000000|MMI|3.68|Measures (attribute)|C1879489|[ftcn]|["Measures"-tx-7-"measures"-noun-0]|TX|372/8|
00000000|MMI|3.68|Physical Medical Procedure|C3274430|[hlca]|["PROCEDURE"-tx-25-"procedure"-noun-0]|TX|1499/9|
00000000|MMI|3.68|Procedure (set of actions)|C2700391|[acty]|["Procedure"-tx-25-"procedure"-noun-0]|TX|1499/9|
00000000|MMI|3.68|Procedure Domain|C3538935|[inpr]|["Procedure"-tx-25-"procedure"-noun-0]|TX|1499/9|
00000000|MMI|3.68|Surgical and medical procedures|C1948041|[topp]|["Procedure"-tx-25-"procedure"-noun-0]|TX|1499/9|
00000000|MMI|3.65|Principal Diagnosis:-:Point in time:^Patient:-|C2598194|[clna]|["Principal Diagnosis"-tx-1-"PRINCIPAL DIAGNOSIS"-noun-0]|TX|26/9,46/9|
00000000|MMI|3.65|Principal diagnosis|C0332137|[qlco]|["Principal Diagnosis"-tx-1-"PRINCIPAL DIAGNOSIS"-noun-0]|TX|26/9,46/9|
00000000|MMI|3.64|dictated - DocumentCompletion|C1609990|[idcn]|["Dictated"-tx-45-"Dictated"-verb-0]|TX|2542/8|
00000000|MMI|3.64|dictated - ParticipationMode|C1548384|[ftcn]|["dictated"-tx-45-"Dictated"-verb-0]|TX|2542/8|
00000000|MMI|3.63|Appearance|C0700364|[qlco]|["APPEAR"-tx-14-"appearing"-adj-0]|TX|967/9|
00000000|MMI|3.63|Instruction [Publication Type]|C0302828|[inpr]|["instructions"-tx-44-"instructions"-noun-0]|TX|2471/12|
00000000|MMI|3.63|Instructions|C1442085|[idcn]|["Instructions"-tx-44-"instructions"-noun-0]|TX|2471/12|
00000000|MMI|3.63|Instructions:Text:Point in time:^Patient:Narrative|C3263700|[clna]|["Instructions"-tx-44-"instructions"-noun-0]|TX|2471/12|
00000000|MMI|3.63|P Blood group antibodies|C0369773|[aapp,imft]|["P NOS"-tx-41-"p"-adj-0]|TX|2308/1|
00000000|MMI|3.63|P prime|C2603361|[clna]|["P'"-tx-41-"p"-adj-0]|TX|2308/1|
00000000|MMI|3.63|discharge diagnosis|C1555319|[fndg]|["Discharge diagnosis"-tx-1-"DISCHARGE DIAGNOSIS"-noun-0]|TX|36/19|
00000000|MMI|3.61|Batch (Response Modality)|C1550176|[inpr]|["Batch"-tx-47-"Batch"-noun-0]|TX|2604/5|
00000000|MMI|3.61|Batch (group)|C1948031|[qnco]|["Batch"-tx-47-"Batch"-noun-0]|TX|2604/5|
00000000|MMI|3.61|Batch Number|C3641829|[inpr]|["BATCH"-tx-47-"Batch"-noun-0]|TX|2604/5|
00000000|MMI|3.61|Knee pain|C0231749|[sosy]|["KNEE PAIN"-tx-5-"knee pain"-noun-0]|TX|251/9|
00000000|MMI|3.61|Patient location type - Operating Room|C1578465|[spco]|["Operating Room"-tx-22-"Operating Room"-noun-0]|TX|1395/14|
00000000|MMI|3.60|Body Fluid Discharge|C0012621|[bdsu]|["Discharge"-tx-1-"DISCHARGE"-noun-0]|TX|36/9|
00000000|MMI|3.60|Discharge, body substance|C2926602|[bdsu]|["Discharge"-tx-1-"DISCHARGE"-noun-0]|TX|36/9|
00000000|MMI|3.60|Puff unit dose|C1533107|[qnco]|["Puffs"-tx-11-"puffs"-noun-0]|TX|844/5|
00000000|MMI|3.60|Joint crepitus|C0231592|[sosy]|["Joint crepitus"-tx-20-"crepitus joint"-noun-0]|TX|1255/8,1286/5|
00000000|MMI|3.57|10%|C3842590|[fndg]|["10%"-tx-22-"10"-integer-0]|TX|1413/2|
00000000|MMI|3.57|60%|C3842585|[fndg]|["60%"-tx-38-"60"-integer-0]|TX|2078/2|
00000000|MMI|3.57|Base - General Qualifier|C1705938|[idcn]|["Based"-tx-42-"based"-verb-0]|TX|2355/5|
00000000|MMI|3.57|Basis - conceptual entity|C1527178|[ftcn]|["Based"-tx-42-"based"-verb-0]|TX|2355/5|
00000000|MMI|3.57|Month of May|C3812381|[tmco]|["May"-tx-22-"May"-noun-0]|TX|1419/3|
00000000|MMI|3.57|Pharmacogenomics Trial Characteristics Domain|C3714755|[inpr]|["PT"-tx-42-"PT"-noun-0]|TX|2368/2|
00000000|MMI|3.57|Regular|C0205272|[qlco]|["Regular"-tx-17-"regular"-adj-0]|TX|1081/7|
00000000|MMI|3.57|explanation|C0681841|[inpr]|["Explanation"-tx-8-"explanation"-noun-0]|TX|388/11|
00000000|MMI|3.56|100%|C3817553|[qnco]|["100%"-tx-19-"100"-integer-0]|TX|1235/3|
00000000|MMI|3.56|August|C3831448|[qlco]|["August"-tx-39-"August"-noun-0]|TX|2179/6|
00000000|MMI|3.56|Hour|C0439227|[tmco]|["HOURS"-tx-41-"hours"-noun-0]|TX|2302/5|
00000000|MMI|3.56|Pain NOS Adverse Event|C1962977|[fndg]|["Pain NOS"-tx-5-"pain"-noun-0]|TX|256/4|
00000000|MMI|3.56|Send (transmission)|C1519246|[ftcn]|["Sent"-tx-44-"sent"-verb-0]|TX|2484/4|
00000000|MMI|3.56|Surgical transfer - action|C0348011|[ftcn]|["transferred"-tx-39-"transferred"-verb-0]|TX|2158/11|
00000000|MMI|3.56|Transfer Technique|C1705822|[ftcn]|["Transferred"-tx-39-"transferred"-verb-0]|TX|2158/11|
00000000|MMI|3.56|therapist|C0871525|[prog]|["therapist"-tx-44-"therapist"-noun-0]|TX|2496/9|
00000000|MMI|3.50|Entire neck|C1281592|[bpoc]|["Neck"-tx-15-"neck"-noun-0]|TX|1024/4|
00000000|MMI|3.50|Good|C0205170|[qlco]|["Well"-tx-25-"well"-adv-0]|TX|1509/4|
00000000|MMI|3.50|Numerous|C0439064|[qnco]|["Several"-tx-5-"several"-adj-0]|TX|265/7|
00000000|MMI|3.50|Several|C0443302|[qnco]|["Several"-tx-5-"several"-adj-0]|TX|265/7|
00000000|MMI|3.50|Well|C3146287|[mnob]|["Well"-tx-25-"well"-adv-0]|TX|1509/4|
00000000|MMI|3.50|dendritic spine neck|C3159206|[celc]|["neck"-tx-15-"neck"-noun-0]|TX|1024/4|
00000000|MMI|3.48|Known|C0205309|[qlco]|["Known"-tx-12-"known"-adj-0]|TX|878/5|
00000000|MMI|3.48|Mild (qualifier value)|C2945599|[qlco]|["MILD"-tx-20-"mild"-adj-0]|TX|1294/4|
00000000|MMI|3.48|Varus|C0443345|[spco]|["Varus"-tx-20-"varus"-adj-0]|TX|1299/5|
00000000|MMI|3.47|/40|C0439509|[tmco]|["/40"-tx-11-"40"-integer-0]|TX|763/2|
00000000|MMI|3.47|40%|C3842587|[qnco]|["40%"-tx-11-"40"-integer-0]|TX|763/2|
00000000|MMI|3.47|Old|C0580836|[tmco]|["Old"-tx-5-"old"-noun-0]|TX|