00000000|MMI|7.28|Signature|C1519316|[inpr]|["Signed"-tx-1-"Signed"-noun-0]|TX|[84/6],[140/6]|
00000000|MMI|7.28|signed - ParticipationSignature|C1561610|[inpr]|["signed"-tx-1-"Signed"-noun-0]|TX|[84/6],[140/6]|
00000000|MMI|3.65|Report status|C0586177|[fndg]|["Report status"-tx-1-"Report Status"-noun-0]|TX|125/13|
00000000|MMI|3.64|10 - 12|C3843787|[fndg]|["10 - 12"-tx-1-"10 12"-fraction-0]|TX|40/2,50/2|
00000000|MMI|3.63|Admission date:Time Stamp -- Date and Time:Point in time:^Patient:Quantitative|C2598112|[clna]|["Admission date"-tx-1-"Admission Date"-noun-0]|TX|99/14|
00000000|MMI|3.63|Date of admission|C1302393|[tmco]|["Admission date"-tx-1-"Admission Date"-noun-0]|TX|99/14|
00000000|MMI|3.59|Pyrexia of unknown origin (excl puerperal)|C0856281|[sosy]|["puo"-tx-1-"PUO"-noun-0]|TX|12/3|
00000000|MMI|3.48|Discharge summarization note:Finding:Point in time:{Setting}:Document:{Provider}|C0801840|[clna]|["Discharge summary"-tx-1-"Discharge Summary"-noun-0]|TX|64/17|
00000000|MMI|3.48|Discharge summary|C0743221|[inpr]|["Discharge summary"-tx-1-"Discharge Summary"-noun-0]|TX|64/17|
00000000|MMI|3.46|Diagnostic interview schedule|C0451119|[inpr]|["DIS"-tx-1-"DIS"-noun-0]|TX|93/3|
00000000|MMI|3.46|Discontinued|C1444662|[fndg]|["DIS"-tx-1-"DIS"-noun-0]|TX|93/3|
00000000|MMI|64.89|Patients|C0030705|[podg]|["*^patient"-tx-20-"Patient"-noun-0,"*^patient"-tx-10-"patient"-noun-0,"*^patient"-tx-9-"patient"-noun-0,"*^patient"-tx-7-"Patient"-noun-0,"*^patient"-tx-5-"patient"-noun-0,"*^patient"-tx-4-"patient"-noun-0,"*^patient"-tx-3-"Patient"-noun-0]|TX|1351/7;1052/7;922/7;780/7;503/7;321/7;163/7|M01.643
00000000|MMI|40.34|Abortion consent:Finding:Point in time:^Patient:Document|C2360836|[clna]|["Patient"-tx-20-"Patient"-noun-0,"Patient"-tx-10-"patient"-noun-0,"Patient"-tx-9-"patient"-noun-0,"Patient"-tx-7-"Patient"-noun-0,"Patient"-tx-5-"patient"-noun-0,"Patient"-tx-4-"patient"-noun-0,"Patient"-tx-3-"Patient"-noun-0]|TX|1351/7;1052/7;922/7;780/7;503/7;321/7;163/7|
00000000|MMI|40.34|Hysterectomy consent:Finding:Point in time:^Patient:Document|C2360838|[clna]|["Patient"-tx-20-"Patient"-noun-0,"Patient"-tx-10-"patient"-noun-0,"Patient"-tx-9-"patient"-noun-0,"Patient"-tx-7-"Patient"-noun-0,"Patient"-tx-5-"patient"-noun-0,"Patient"-tx-4-"patient"-noun-0,"Patient"-tx-3-"Patient"-noun-0]|TX|1351/7;1052/7;922/7;780/7;503/7;321/7;163/7|
00000000|MMI|40.34|Sterilization consent:Finding:Point in time:^Patient:Document|C2360840|[clna]|["Patient"-tx-20-"Patient"-noun-0,"Patient"-tx-10-"patient"-noun-0,"Patient"-tx-9-"patient"-noun-0,"Patient"-tx-7-"Patient"-noun-0,"Patient"-tx-5-"patient"-noun-0,"Patient"-tx-4-"patient"-noun-0,"Patient"-tx-3-"Patient"-noun-0]|TX|1351/7;1052/7;922/7;780/7;503/7;321/7;163/7|
00000000|MMI|35.81|Cardiac Catheterization Procedures|C0018795|[hlca]|["Cardiac catheterisation"-tx-7-"cardiac catheterization"-noun-0,"Cardiac catheterisation"-tx-5-"cardiac catheterization"-noun-0]|TX|798/23;552/23|E01.370.370.380.140;E02.148.442;E05.157.250
00000000|MMI|32.33|Iodides|C0021966|[inch]|["I-"-tx-14-"i"-adv-0,"I-"-tx-13-"i"-adv-0]|TX|1233/1;1211/1|D01.248.497.158.490;D01.475.410
00000000|MMI|30.42|Obesity|C0028754|[dsyn]|["OBESE"-tx-6-"obese"-adj-1]|TX|732/5|C18.654.726.500;C23.888.144.699.500;E01.370.600.115.100.160.120.699.500;G07.100.100.160.120.699.500
00000000|MMI|28.85|Homo sapiens|C0086418|[humn]|["MAN"-tx-3-"man"-noun-0]|TX|188/3|B01.050.150.900.649.801.400.112.400.400
00000000|MMI|28.70|Ecotrin|C0699274|[orch,phsu]|["Ecotrin"-tx-16-"Ecotrin"-noun-0]|TX|1263/7|D02.455.426.559.389.657.410.595.176
00000000|MMI|26.28|Mongolia|C0026410|[geoa]|["MG"-tx-14-"mg"-noun-0,"MG"-tx-13-"mg"-noun-0]|TX|1228/2;1206/2|Z01.252.474.651
00000000|MMI|22.39|Mevacor|C0728780|[orch,phsu]|["Mevacor"-tx-17-"Mevacor"-noun-0]|TX|1282/7|D02.455.426.559.847.638.400;D04.615.638.400
00000000|MMI|19.73|Hospitals|C0019994|[hcro,mnob]|["HOSPITAL"-tx-25-"Hospital"-noun-0,"HOSPITAL"-tx-3-"Hospital"-noun-0]|TX|1551/8;221/8|N02.278.421
00000000|MMI|19.34|Patient Discharge|C0030685|[hlca]|["Discharged"-tx-10-"discharged"-verb-0]|TX|1064/10|E02.204.125;E02.760.400.610;N02.421.192.125;N02.421.585.400.610;N04.590.233.727.210.125
00000000|MMI|19.31|Clonazepam|C0009011|[orch,phsu]|["CLONAZEPAM"-tx-19-"Clonopin"-noun-0]|TX|1330/8|D03.438.079.080.070.150
00000000|MMI|19.31|Atherectomy|C0162513|[topp]|["Atherectomy"-tx-9-"atherectomy"-noun-0]|TX|940/11|E02.148.050.120;E04.100.814.529.124.120;E04.502.382.124.120;E05.157.016.120
00000000|MMI|19.26|milligram/day|C0439422|[qnco]|["mg/d"-tx-18-"mg d"-noun-0,"mg/d"-tx-17-"mg d"-noun-0,"mg/d"-tx-14-"mg d"-noun-0,"mg/d"-tx-13-"mg d"-noun-0,"mg/d"-tx-11-"mg d"-noun-0]|TX|1315/2,1321/1;1293/2,1298/1;1228/2,1235/1;1206/2,1213/1;1152/2,1157/1|
00000000|MMI|19.23|Lopressor|C0700776|[orch,phsu]|["Lopressor"-tx-13-"Lopressor"-noun-0]|TX|1192/9|D02.033.100.624.698.573;D02.033.755.624.698.573;D02.092.063.624.698.573
00000000|MMI|17.80|Colitis|C0009319|[dsyn]|["COLITIS"-tx-2-"COLITIS"-noun-0]|TX|126/7|C06.405.205.265;C06.405.469.158.188
00000000|MMI|17.80|Exercise stress test|C0015260|[diap]|["Exercise tolerance test NOS"-tx-5-"Exercise tolerance test"-noun-0]|TX|383/23|E01.370.370.380.250;E01.370.386.700.250;E05.333.250
00000000|MMI|16.24|heart rate|C0018810|[clna]|["Cardiac rate"-tx-6-"cardiac rate"-noun-0]|TX|635/7,656/4|E01.370.600.875.500;G09.330.380.500
00000000|MMI|16.10|Acute Anterior Wall Myocardial Infarction|C2349195|[dsyn]|["Acute anterior myocardial infarction"-tx-3-"acute anterior myocardial infarction"-noun-0]|TX|239/36|C14.280.647.500.093;C14.907.585.500.093
00000000|MMI|16.07|Azulfidine|C0699547|[orch,phsu]|["Azulfidine"-tx-12-"Azulfidine"-noun-0]|TX|1162/10|D02.065.884.730;D02.886.590.700.730
00000000|MMI|16.07|Nifedipine|C0028066|[orch,phsu]|["NIFEDIPINE"-tx-11-"Nifedipine"-noun-0]|TX|1135/10|D03.383.725.203.540
00000000|MMI|14.64|Abdominal Cavity|C0230168|[blor]|["Abdomen"-tx-6-"abdomen"-noun-0]|TX|720/7|A01.923.047.025
00000000|MMI|14.64|Myocardial Infarction|C0027051|[dsyn]|["Infarction, Myocardial"-tx-1-"MYOCARDIAL INFARCTION"-noun-0]|TX|59/21|C14.280.647.500;C14.907.585.500
00000000|MMI|14.33|Incision and drainage|C0152277|[topp]|["i d"-tx-15-"i.d"-adv-0,"i d"-tx-14-"i.d"-adv-0,"i d"-tx-13-"i.d"-adv-0,"i d"-tx-12-"i.d"-adv-0]|TX|1256/3;1233/3;1211/3;1185/3|
00000000|MMI|13.22|Heart Sounds|C0018820|[ortf]|["HEART SOUNDS"-tx-6-"heart sounds"-noun-0]|TX|682/12|G09.330.380.510
00000000|MMI|13.14|Chest|C0817096|[blor]|["CHEST"-tx-6-"chest"-noun-0]|TX|627/5|A01.923.761;A02.835.232.904
00000000|MMI|13.14|Rabbi|C0684010|[prog]|["R."-tx-23-"R"-noun-0]|TX|1500/1|M01.526.799.500
00000000|MMI|12.92|Stelazine|C0733842|[orch,phsu]|["Stelazine"-tx-18-"Stelazine"-noun-0]|TX|1303/9|D02.886.369.898;D03.494.741.898
00000000|MMI|12.92|Prozac|C0162373|[orch,phsu]|["PROzac"-tx-14-"Prozac"-noun-0]|TX|1218/6|D02.092.831.280
00000000|MMI|11.49|Abdomen|C0000726|[blor]|["ABDOMEN"-tx-6-"abdomen"-noun-0]|TX|720/7|A01.923.047
00000000|MMI|11.49|Complication Aspects|C1171258|[patf]|["complications"-tx-10-"complications"-noun-1]|TX|1034/13|x.x.x
00000000|MMI|11.49|Physical Examination|C0031809|[hlca]|["PHYSICAL EXAMINATION"-tx-6-"PHYSICAL EXAMINATION"-noun-0]|TX|577/20|E01.370.600
00000000|MMI|11.49|Schizoaffective Disorder|C0036337|[mobd]|["schizo affective disorder"-tx-2-"SCHIZO-AFFECTIVE DISORDER"-noun-0]|TX|96/25|F03.700.675
00000000|MMI|10.98|Doctor of Medicine|C1512018|[inpr]|["M.D."-tx-25-"M.D"-noun-0,"M.D."-tx-24-"M.D"-noun-0,"M.D."-tx-22-"M.D"-noun-0]|TX|1539/3;1509/3;1419/3|
00000000|MMI|10.91|Admission activity|C0809949|[hlca]|["Admission"-tx-5-"admission"-noun-0,"Admitted"-tx-5-"admitted"-verb-0,"Admission"-tx-4-"admission"-noun-0]|TX|463/9;515/8;309/9|
00000000|MMI|10.91|Hospital admission|C0184666|[hlca]|["Admission"-tx-5-"admission"-noun-0,"admitted"-tx-5-"admitted"-verb-0,"Admission"-tx-4-"admission"-noun-0]|TX|463/9;515/8;309/9|
00000000|MMI|9.92|Males|C0086582|[orga]|["MAN"-tx-3-"man"-noun-0]|TX|188/3|x.x.x
00000000|MMI|9.88|Disease|C0012634|[dsyn]|["condition"-tx-10-"condition"-noun-1]|TX|1088/9|C23.550.288
00000000|MMI|9.87|Universities|C0041740|[mnob,orgt]|["University"-tx-5-"University"-noun-0]|TX|534/10|I02.783.830
00000000|MMI|9.85|Historical aspects qualifier|C0019665|[ftcn]|["history"-tx-4-"history"-noun-0]|TX|349/7|x.x.x
00000000|MMI|9.76|Ischemia|C0022116|[patf]|["Ischaemia, NOS"-tx-5-"ischemia"-noun-0]|TX|490/8|C23.550.513
00000000|MMI|8.00|Show|C1547282|[anim]|["Show"-tx-7-"showed"-verb-0,"Show"-tx-6-"showed"-verb-0]|TX|828/6;612/6|
00000000|MMI|7.44|History of present illness|C0262512|[orga]|["History, NOS"-tx-4-"history"-noun-0,"HISTORY OF PRESENT ILLNESS"-tx-3-"HISTORY OF PRESENT ILLNESS"-noun-0]|TX|349/7;135/26|
00000000|MMI|7.24|Magnesium Cation|C2346927|[elii,phsu]|["Mg++"-tx-14-"mg"-noun-0,"Mg++"-tx-13-"mg"-noun-0]|TX|1228/2;1206/2|
00000000|MMI|7.24|Milligram percent|C1960952|[qnco]|["mg %"-tx-14-"mg"-noun-0,"mg %"-tx-13-"mg"-noun-0]|TX|1228/2;1206/2|
00000000|MMI|7.24|mg/dL|C0439269|[qnco]|["mg%"-tx-14-"mg"-noun-0,"mg%"-tx-13-"mg"-noun-0]|TX|1228/2;1206/2|
00000000|MMI|7.04|Hospital environment|C1510665|[qlco]|["Hospital"-tx-25-"Hospital"-noun-0,"Hospital"-tx-3-"Hospital"-noun-0]|TX|1551/8;221/8|
00000000|MMI|7.03|Lesion|C0221198|[fndg]|["Lesion"-tx-9-"lesion"-noun-0,"Lesion"-tx-7-"lesion"-noun-0]|TX|1012/6;881/6|
00000000|MMI|7.03|Specimen Source Codes - Lesion|C1546698|[inpr]|["Lesion"-tx-9-"lesion"-noun-0,"Lesion"-tx-7-"lesion"-noun-0]|TX|1012/6;881/6|
00000000|MMI|7.00|Three|C0205449|[qnco]|["Three"-tx-5-"three"-word_numeral-0,"Three"-tx-4-"three"-word_numeral-0]|TX|443/5;337/5|
00000000|MMI|6.95|Blood group antibody I|C0221138|[aapp,imft]|["I NOS"-tx-14-"i"-adv-0,"I NOS"-tx-13-"i"-adv-0]|TX|1233/1;1211/1|
00000000|MMI|6.94|Left anterior|C0441998|[spco]|["Left anterior"-tx-9-"left anterior"-adj-0,"Left anterior"-tx-7-"left anterior"-adj-0]|TX|987/13;856/13|
00000000|MMI|6.91|Descending|C0205386|[qlco]|["Descending"-tx-9-"descending"-adj-0,"Descending"-tx-7-"descending"-adj-0]|TX|1001/10;870/10|
00000000|MMI|6.91|Proximal|C0205107|[spco]|["PROXIMAL"-tx-9-"proximal"-adj-0,"PROXIMAL"-tx-7-"proximal"-adj-0]|TX|978/8;847/8|
00000000|MMI|6.91|Sequencing - Descending|C1547177|[ftcn]|["Descending"-tx-9-"descending"-adj-0,"Descending"-tx-7-"descending"-adj-0]|TX|1001/10;870/10|
00000000|MMI|6.77|Male population group|C0025266|[popg]|["Man"-tx-3-"man"-noun-0]|TX|188/3|M01.390
00000000|MMI|6.70|History|C0019664|[ocdi]|["History"-tx-4-"history"-noun-0]|TX|349/7|K01.400
00000000|MMI|5.18|1+|C3816745|[fndg]|["1+"-tx-24-"1"-integer-0]|TX|1518/1|
00000000|MMI|5.18|1+ Score|C2827734|[qnco]|["1+"-tx-24-"1"-integer-0]|TX|1518/1|
00000000|MMI|5.18|1+ Score, WHO|C2981698|[clas]|["1+"-tx-24-"1"-integer-0]|TX|1518/1|
00000000|MMI|5.18|Colitis Adverse Event|C1963084|[fndg]|["Colitis"-tx-2-"COLITIS"-noun-0]|TX|126/7|
00000000|MMI|5.18|Complication|C0009566|[patf]|["Complications"-tx-10-"complications"-noun-1]|TX|1034/13|
00000000|MMI|5.18|Discharge date|C2361123|[tmco]|["Discharge date"-tx-1-"Discharge Date"-noun-0]|TX|0/14|
00000000|MMI|5.18|Discharge date:Time Stamp -- Date and Time:Point in time:^Patient:Quantitative|C2361122|[clna]|["Discharge date"-tx-1-"Discharge Date"-noun-0]|TX|0/14|
00000000|MMI|5.18|Disposition|C0743223|[idcn]|["Disposition"-tx-11-"DISPOSITION"-noun-0]|TX|1099/11|
00000000|MMI|5.18|Disposition Domain|C1705555|[inpr]|["Disposition"-tx-11-"DISPOSITION"-noun-0]|TX|1099/11|
00000000|MMI|5.18|Electrocardiogram: myocardial infarction (finding)|C0428953|[lbtr]|["MYOCARDIAL INFARCTION"-tx-1-"MYOCARDIAL INFARCTION"-noun-0]|TX|59/21|
00000000|MMI|5.18|Entire abdomen|C1281594|[bpoc]|["Abdomen"-tx-6-"abdomen"-noun-0]|TX|720/7|
00000000|MMI|5.18|Exercise stress ECG test|C1304755|[diap]|["Exercise tolerance test"-tx-5-"Exercise tolerance test"-noun-0]|TX|383/23|
00000000|MMI|5.18|History of present illness:Finding:Point in time:^Patient:Nominal:Reported|C0488508|[clna]|["History of present illness"-tx-3-"HISTORY OF PRESENT ILLNESS"-noun-0]|TX|135/26|
00000000|MMI|5.18|Hospital course|C0489547|[fndg]|["Hospital course"-tx-7-"HOSPITAL COURSE"-noun-0]|TX|763/15|
00000000|MMI|5.18|Hospital course:Finding:Point in time:^Patient:Narrative|C0488549|[clna]|["Hospital course"-tx-7-"HOSPITAL COURSE"-noun-0]|TX|763/15|
00000000|MMI|5.18|Isa (eukaryote)|C2805416|[euka]|["Isa"-tx-24-"ISA"-noun-0]|TX|1503/3|
00000000|MMI|5.18|Medication.discharge|C0806915|[fndg]|["Discharge medications"-tx-11-"DISCHARGE MEDICATIONS"-noun-0]|TX|1112/21|
00000000|MMI|5.18|Myocardial Infarction ECG Assessment|C3810814|[diap]|["Myocardial Infarction"-tx-1-"MYOCARDIAL INFARCTION"-noun-0]|TX|59/21|
00000000|MMI|5.18|Myocardial infarction:Finding:Point in time:^Patient:Ordinal|C2926063|[clna]|["Myocardial infarction"-tx-1-"MYOCARDIAL INFARCTION"-noun-0]|TX|59/21|
00000000|MMI|5.18|On admission|C0457453|[tmco]|["On admission"-tx-6-"On admission"-adj-0]|TX|599/12|
00000000|MMI|5.18|Problems - What subject filter|C1546466|[idcn]|["Problems"-tx-2-"PROBLEMS"-noun-0]|TX|82/8|
00000000|MMI|5.18|Rhythm|C0871269|[fndg]|["Rhythm"-tx-6-"rhythm"-noun-0]|TX|665/6|
00000000|MMI|5.18|Rhythm Not Otherwise Specified ECG Assessment|C3828331|[inpr]|["Rhythm Not Otherwise Specified"-tx-6-"rhythm"-noun-0]|TX|665/6|
00000000|MMI|5.18|put - instruction imperative|C1882509|[acty]|["Put"-tx-3-"Put"-verb-0]|TX|209/3|
00000000|MMI|5.18|rhythmic process (biological)|C1523018|[phsf]|["rhythm"-tx-6-"rhythm"-noun-0]|TX|665/6|
00000000|MMI|4.19|Discharge to home|C0184713|[topp]|["Discharge to home"-tx-20-"discharged to home"-noun-0]|TX|1362/18|
00000000|MMI|3.98|Evaluation and management note:Finding:Point in time:{Setting}:Document:{Provider}|C1316572|[clna]|["Note"-tx-4-"noted"-verb-0]|TX|329/5|
00000000|MMI|3.98|Note (document)|C1317574|[inpr]|["Note"-tx-4-"noted"-verb-0]|TX|329/5|
00000000|MMI|3.75|Edema of foot (finding)|C0574002|[sosy]|["Pedal oedema"-tx-6-"pedal edema"-noun-1]|TX|750/11|
00000000|MMI|3.75|Heart sounds:Find:Pt:Heart:Nom|C4050434|[clna]|["Heart sounds"-tx-6-"heart sounds"-noun-0]|TX|682/12|
00000000|MMI|3.68|Anterior thoracic region|C1527391|[blor]|["Chest"-tx-6-"chest"-noun-0]|TX|627/5|
00000000|MMI|3.68|R prime|C2603358|[clna]|["R'"-tx-23-"R"-noun-0]|TX|1500/1|
00000000|MMI|3.68|Regulatory Report|C3273238|[inpr]|["Report"-tx-23-"Report"-noun-0]|TX|1456/6|
00000000|MMI|3.68|Report (document)|C0684224|[inpr]|["Report"-tx-23-"Report"-noun-0]|TX|1456/6|
00000000|MMI|3.68|Reporting|C0700287|[hlca]|["Report"-tx-23-"Report"-noun-0]|TX|1456/6|
00000000|MMI|3.68|Right|C0205090|[spco]|["R-"-tx-23-"R"-noun-0]|TX|1500/1|
00000000|MMI|3.65|Isosorbide Dinitrate 10 MG|C1171088|[clnd]|["Isosorbide Dinitrate 10 MG"-tx-15-"Isordil 10 mg"-noun-0]|TX|1240/13|
00000000|MMI|3.65|Admission diagnosis|C1628992|[fndg]|["Admission diagnosis"-tx-1-"ADMISSION DIAGNOSIS"-noun-0]|TX|26/19|
00000000|MMI|3.64|Surgical transfer - action|C0348011|[ftcn]|["transferred"-tx-3-"transferred"-verb-0]|TX|192/11|
00000000|MMI|3.64|Transfer Technique|C1705822|[ftcn]|["Transferred"-tx-3-"transferred"-verb-0]|TX|192/11|
00000000|MMI|3.63|C-Circle|C3538933|[celc]|["CC"-tx-24-"cc"-noun-0]|TX|1514/2|
00000000|MMI|3.61|Batch (Response Modality)|C1550176|[inpr]|["Batch"-tx-23-"Batch"-noun-0]|TX|1444/5|
00000000|MMI|3.61|Batch (group)|C1948031|[qnco]|["Batch"-tx-23-"Batch"-noun-0]|TX|1444/5|
00000000|MMI|3.61|Batch Number|C3641829|[inpr]|["BATCH"-tx-23-"Batch"-noun-0]|TX|1444/5|
00000000|MMI|3.61|M NOS ANTIBODY|C0369637|[aapp,imft]|["M NOS"-tx-21-"M"-noun-0]|TX|1404/1|
00000000|MMI|3.61|M+ (tumor staging)|C0441923|[inpr]|["M+"-tx-21-"M"-noun-0]|TX|1404/1|
00000000|MMI|3.60|gram|C0439208|[qnco]|["grams"-tx-12-"grams"-noun-0]|TX|1177/5|
00000000|MMI|3.59|One week|C4082116|[tmco]|["One week"-tx-4-"one week"-noun-0]|TX|291/8|
00000000|MMI|3.59|Positive|C1446409|[qlco]|["Positive"-tx-5-"positive"-adj-0]|TX|477/8|
00000000|MMI|3.59|Positive Charge|C2825490|[qlco]|["Positive"-tx-5-"positive"-adj-0]|TX|477/8|
00000000|MMI|3.59|Positive Finding|C1514241|[fndg]|["POSITIVE"-tx-5-"positive"-adj-0]|TX|477/8|
00000000|MMI|3.59|Positive Number|C3812269|[cnce]|["Positive"-tx-5-"positive"-adj-0]|TX|477/8|
00000000|MMI|3.59|percent positive cells|C0439178|[qnco]|["% Positive"-tx-5-"positive"-adj-0]|TX|477/8|
00000000|MMI|3.57|Condition|C0348080|[qlco]|["Condition"-tx-10-"condition"-noun-0]|TX|1088/9|
00000000|MMI|3.57|Condition:Find:Pt:^Patient:Nom|C3864998|[clna]|["Condition"-tx-10-"condition"-noun-0]|TX|1088/9|
00000000|MMI|3.57|Excellent (qualifier value)|C1961136|[qlco]|["Excellent"-tx-10-"excellent"-adj-0]|TX|1078/9|
00000000|MMI|3.57|Excellent - Specimen Quality|C1548784|[qlco]|["Excellent"-tx-10-"excellent"-adj-0]|TX|1078/9|
00000000|MMI|3.57|Logical Condition|C1705253|[cnce]|["Condition"-tx-10-"condition"-noun-0]|TX|1088/9|
00000000|MMI|3.56|dictated - DocumentCompletion|C1609990|[idcn]|["Dictated"-tx-23-"Dictated"-noun-0]|TX|1483/8|
00000000|MMI|3.56|dictated - ParticipationMode|C1548384|[ftcn]|["dictated"-tx-23-"Dictated"-noun-0]|TX|1483/8|
00000000|MMI|3.56|Day hospital|C0587438|[hcro,mnob]|["hospital day"-tx-5-"Hospital days"-noun-0]|TX|434/8,449/4|
00000000|MMI|3.55|Done (qualifier value)|C1272695|[qlco]|["Done"-tx-5-"done"-aux-0]|TX|407/4|
00000000|MMI|3.54|Concept History|C1705255|[cnce]|["History"-tx-4-"history"-noun-0]|TX|349/7|
00000000|MMI|3.54|History of previous events|C2004062|[fndg]|["History"-tx-4-"history"-noun-0]|TX|349/7|
00000000|MMI|3.54|Medical History|C0262926|[fndg]|["History"-tx-4-"history"-noun-0]|TX|349/7|
00000000|MMI|3.50|Clear|C2963144|[qlco]|["Clear"-tx-6-"clear"-adj-0]|TX|621/5|
00000000|MMI|3.50|Negative Surgical Margin|C1709157|[fndg]|["Clear"-tx-6-"clear"-adj-0]|TX|621/5|
00000000|MMI|3.48|Distant|C0443203|[spco]|["DISTANT"-tx-6-"distant"-adj-0]|TX|674/7|
00000000|MMI|3.48|Minimum|C1524031|[qlco]|["Trace"-tx-6-"trace"-noun-0]|TX|744/5|
00000000|MMI|3.48|Sequence Chromatogram|C1883002|[ftcn]|["Trace"-tx-6-"trace"-noun-0]|TX|744/5|
00000000|MMI|3.48|trace amount|C0442822|[qnco]|["Trace"-tx-6-"trace"-noun-0]|TX|744/5|
00000000|MMI|3.47|Old|C0580836|[tmco]|["Old"-tx-3-"old"-noun-0]|TX|184/3|
00000000|MMI|3.47|One|C0205447|[qnco]|["ONE"-tx-16-"one"-noun-0]|TX|1271/3|
00000000|MMI|3.47|per year|C0439508|[tmco]|["/Year"-tx-3-"year"-noun-0]|TX|179/4|
00000000|MMI|3.47|year|C0439234|[tmco]|["YEAR"-tx-3-"year"-noun-0]|TX|179/4|
00000000|MMI|3.46|10%|C3842590|[fndg]|["10%"-tx-1-"10"-fraction-0]|TX|16/2|
00000000|MMI|3.46|20%|C3842589|[fndg]|["20%"-tx-17-"20"-integer-0]|TX|1290/2|
00000000|MMI|3.46|Retrosternal pain|C0151826|[sosy]|["Chest pain, substernal"-tx-4-"substernal chest pain"-noun-0]|TX|360/21|
00000000|MMI|3.46|/40|C0439509|[tmco]|["/40"-tx-14-"40"-integer-0]|TX|1225/2|
00000000|MMI|3.46|100%|C3817553|[qnco]|["100%"-tx-13-"100"-integer-0]|TX|1202/3|
00000000|MMI|3.46|30%|C3842588|[fndg]|["30%"-tx-11-"30"-integer-0]|TX|1149/2|
00000000|MMI|3.46|40%|C3842587|[qnco]|["40%"-tx-14-"40"-integer-0]|TX|1225/2|
00000000|MMI|3.46|Palmyra Atoll|C4053562|[geoa]|["XL"-tx-11-"XL"-noun-0]|TX|1146/2|
00000000|MMI|3.46|Two|C0205448|[qnco]|["Two"-tx-12-"two"-noun-0]|TX|1173/3|
00000000|MMI|3.45|Tightness sensation quality|C0439816|[qlco]|["Tight"-tx-7-"tight"-adj-0]|TX|841/5|
00000000|MMI|3.45|Tights|C0453911|[mnob]|["tight"-tx-7-"tight"-adj-0]|TX|841/5|
00000000|MMI|3.45|Before|C0332152|[tmco]|["Prior to"-tx-4-"prior to"-prep-0]|TX|300/8|
00000000|MMI|3.44|Regular|C0205272|[qlco]|["Regular"-tx-6-"regular"-adj-0]|TX|648/7|
00000000|MMI|3.43|29+|C3843708|[fndg]|["29+"-tx-23-"29"-fraction-0]|TX|1477/2|
00000000|MMI|3.43|Approximate|C0332232|[qlco]|["Approximately"-tx-4-"Approximately"-adv-0]|TX|277/13|
00000000|MMI|3.42|Monthly (q