00000000|MMI|17.80|Lesotho|C0023376|[geoa]|["LT"-tx-2-"LT"-noun-0]|TX|88/2|Z01.058.290.175.400
00000000|MMI|14.64|Leg|C1140621|[blor]|["LEG"-tx-2-"LEG"-noun-0]|TX|82/3|A01.378.610.500
00000000|MMI|11.49|Lower Extremity|C0023216|[blor]|["Leg"-tx-2-"LEG"-noun-0]|TX|82/3|A01.378.610
00000000|MMI|9.76|Stenosis|C1261287|[patf]|["Stenosis"-tx-3-"STENOSIS"-noun-0]|TX|115/8|C23.300.287
00000000|MMI|7.27|Signature|C1519316|[inpr]|["Signed"-tx-3-"Signed"-noun-0]|TX|[126/6],[182/6]|
00000000|MMI|7.27|signed - ParticipationSignature|C1561610|[inpr]|["signed"-tx-3-"Signed"-noun-0]|TX|[126/6],[182/6]|
00000000|MMI|6.61|Transplanted tissue|C0332835|[tisu]|["GRAFT"-tx-3-"GRAFT"-noun-0]|TX|109/5|A01.941
00000000|MMI|5.18|Entire lower leg, from knee to ankle|C1285009|[blor]|["Leg"-tx-2-"LEG"-noun-0]|TX|82/3|
00000000|MMI|5.18|Lymphotoxin-Alpha, human|C3887647|[aapp,imft]|["LT"-tx-2-"LT"-noun-0]|TX|88/2|
00000000|MMI|5.18|Structure of left thigh|C0230426|[bpoc]|["LT"-tx-2-"LT"-noun-0]|TX|88/2|
00000000|MMI|3.65|Report status|C0586177|[fndg]|["Report status"-tx-3-"Report Status"-noun-0]|TX|167/13|
00000000|MMI|3.63|Structure of right thigh|C0230425|[bpoc]|["RT"-tx-1-"RT"-noun-0]|TX|78/2|
00000000|MMI|3.61|Admission date:Time Stamp -- Date and Time:Point in time:^Patient:Quantitative|C2598112|[clna]|["Admission date"-tx-3-"Admission Date"-noun-0]|TX|141/14|
00000000|MMI|3.61|Date of admission|C1302393|[tmco]|["Admission date"-tx-3-"Admission Date"-noun-0]|TX|141/14|
00000000|MMI|3.59|Pyrexia of unknown origin (excl puerperal)|C0856281|[sosy]|["puo"-tx-1-"PUO"-noun-0]|TX|12/3|
00000000|MMI|3.53|Ulcer of artery|C0265000|[dsyn]|["Ischemic ulcer"-tx-1-"ISCHEMIC ULCER"-noun-0]|TX|63/14|
00000000|MMI|3.47|femoro-popliteal|C0545765|[bpoc]|["Femoro-popliteal"-tx-3-"FEMORO-POPLITEAL"-adj-0]|TX|92/16|
00000000|MMI|3.46|30%|C3842588|[fndg]|["30%"-tx-3-"30"-fraction-0]|TX|159/2|
00000000|MMI|3.45|Diagnostic interview schedule|C0451119|[inpr]|["DIS"-tx-3-"DIS"-noun-0]|TX|135/3|
00000000|MMI|3.45|Discontinued|C1444662|[fndg]|["DIS"-tx-3-"DIS"-noun-0]|TX|135/3|
00000000|MMI|3.45|Graft material|C0181074|[bodm]|["{Graft}"-tx-3-"GRAFT"-noun-0]|TX|109/5|
00000000|MMI|3.45|Grafting procedure|C1961139|[topp]|["Graft, NOS"-tx-3-"GRAFT"-noun-0]|TX|109/5|
00000000|MMI|3.45|Stenosis (invertebrate)|C2632116|[euka]|["Stenosis"-tx-3-"STENOSIS"-noun-0]|TX|115/8|
00000000|MMI|3.45|Stenosis Morphology|C0678234|[qlco]|["Stenosis"-tx-3-"STENOSIS"-noun-0]|TX|115/8|
00000000|MMI|178.61|Bone structure of tibia|C0040184|[bpoc]|["Tibial"-tx-57-"tibial"-adj-0,"Tibial"-tx-56-"tibial"-noun-0,"Tibial"-tx-55-"tibial"-adj-0,"Tibial"-tx-54-"tibial"-adj-0,"Tibial"-tx-53-"tibial"-adj-0,"Tibial"-tx-7-"tibial"-adj-0,"Tibial"-tx-4-"tibial"-adj-0]|TX|[2767/6],[2838/6];2626/6;2513/6;2323/6;2141/6;646/6;118/6|A02.835.232.043.650.883
00000000|MMI|101.10|Femur|C0015811|[bpoc]|["Femoral"-tx-56-"femoral"-adj-0,"Femoral"-tx-24-"femoral"-noun-0,"Femoral"-tx-8-"femoral"-adj-0,"Femoral"-tx-6-"femoral"-adj-0,"Femoral"-tx-4-"femoral"-adj-0]|TX|2618/7;1162/7;692/7;229/7;110/7|A02.835.232.043.650.247
00000000|MMI|91.52|Patients|C0030705|[podg]|["*^patient"-tx-66-"patient"-noun-0,"*^patient"-tx-65-"patient"-noun-0,"*^patient"-tx-64-"patient"-noun-0,"*^patient"-tx-63-"patient"-noun-0,"*^patient"-tx-58-"patient"-noun-0,"*^patient"-tx-55-"patient"-noun-0,"*^patient"-tx-48-"patient"-noun-0,"*^patient"-tx-47-"patient"-noun-0,"*^patient"-tx-10-"patient"-noun-0]|TX|3641/7;3595/7;3469/7;3330/7;2850/7;2406/7;1606/7;1526/7;832/7|M01.643
00000000|MMI|68.51|Digoxin|C0012265|[orch,phsu]|["DIGOXIN"-tx-73-"Digoxin"-noun-0,"DIGOXIN"-tx-59-"digoxin"-noun-0,"DIGOXIN"-tx-32-"Digoxin"-noun-0]|TX|3869/7;2963/7;1323/7|D04.808.155.580.130.500.436;D04.808.155.580.130.688;D09.408.180.261.436
00000000|MMI|56.89|Abortion consent:Finding:Point in time:^Patient:Document|C2360836|[clna]|["Patient"-tx-66-"patient"-noun-0,"Patient"-tx-65-"patient"-noun-0,"Patient"-tx-64-"patient"-noun-0,"Patient"-tx-63-"patient"-noun-0,"Patient"-tx-58-"patient"-noun-0,"Patient"-tx-55-"patient"-noun-0,"Patient"-tx-48-"patient"-noun-0,"Patient"-tx-47-"patient"-noun-0,"Patient"-tx-10-"patient"-noun-0]|TX|3641/7;3595/7;3469/7;3330/7;2850/7;2406/7;1606/7;1526/7;832/7|
00000000|MMI|56.89|Hysterectomy consent:Finding:Point in time:^Patient:Document|C2360838|[clna]|["Patient"-tx-66-"patient"-noun-0,"Patient"-tx-65-"patient"-noun-0,"Patient"-tx-64-"patient"-noun-0,"Patient"-tx-63-"patient"-noun-0,"Patient"-tx-58-"patient"-noun-0,"Patient"-tx-55-"patient"-noun-0,"Patient"-tx-48-"patient"-noun-0,"Patient"-tx-47-"patient"-noun-0,"Patient"-tx-10-"patient"-noun-0]|TX|3641/7;3595/7;3469/7;3330/7;2850/7;2406/7;1606/7;1526/7;832/7|
00000000|MMI|56.89|Sterilization consent:Finding:Point in time:^Patient:Document|C2360840|[clna]|["Patient"-tx-66-"patient"-noun-0,"Patient"-tx-65-"patient"-noun-0,"Patient"-tx-64-"patient"-noun-0,"Patient"-tx-63-"patient"-noun-0,"Patient"-tx-58-"patient"-noun-0,"Patient"-tx-55-"patient"-noun-0,"Patient"-tx-48-"patient"-noun-0,"Patient"-tx-47-"patient"-noun-0,"Patient"-tx-10-"patient"-noun-0]|TX|3641/7;3595/7;3469/7;3330/7;2850/7;2406/7;1606/7;1526/7;832/7|
00000000|MMI|49.67|Verapamil|C0042523|[orch,phsu]|["VERAPAMIL"-tx-89-"Verapamil"-noun-0,"VERAPAMIL"-tx-59-"Verapamil"-noun-0,"VERAPAMIL"-tx-42-"Verapamil"-noun-0]|TX|4205/9;2949/9;1445/9|D02.092.471.683.953
00000000|MMI|49.02|Postoperative Period|C0032790|[tmco]|["Postoperative"-tx-63-"postoperative"-noun-0,"Postoperative"-tx-60-"postoperative"-noun-0,"Postoperative"-tx-57-"postoperative"-adj-0]|TX|3371/13;3019/13;2658/13|E04.614.750;N02.421.585.753.750
00000000|MMI|45.56|Coumadin|C0699129|[orch,phsu]|["Coumadin"-tx-63-"Coumadin"-noun-0,"Coumadin"-tx-44-"Coumadin"-noun-0]|TX|3359/8;1476/8|D03.383.663.283.446.520.914;D03.438.150.446.520.914
00000000|MMI|40.37|milligram/day|C0439422|[qnco]|["mg/d"-tx-89-"mg d"-noun-0,"mg/d"-tx-85-"mg d"-noun-0,"mg/d"-tx-79-"mg d"-noun-0,"mg/d"-tx-73-"mg d"-noun-0,"mg/d"-tx-71-"mg d"-noun-0,"mg/d"-tx-46-"mg d"-noun-0,"mg/d"-tx-42-"mg d"-noun-0,"mg/d"-tx-32-"mg d"-noun-0,"mg/d"-tx-28-"mg d"-noun-0]|TX|4218/2,4230/1;4130/2,4142/1;4003/2,4010/1;3883/2,3888/1;3851/2,3863/1;1501/2,1508/1;1458/2,1470/1;1337/2,1342/1;1264/2,1274/1|
00000000|MMI|39.74|Rehabilitation therapy|C0034991|[topp]|["Rehabilitation"-tx-66-"Rehabilitation"-noun-0,"Rehabilitation"-tx-65-"Rehabilitation"-noun-0,"Rehabilitation"-tx-64-"rehabilitation"-noun-0]|TX|3671/14;3621/14;3496/14|E02.831;H02.403.680.600;N02.421.784
00000000|MMI|38.95|Patient Discharge|C0030685|[hlca]|["Discharged"-tx-66-"discharged"-verb-0,"Discharged"-tx-65-"discharged"-verb-0]|TX|3657/10;3607/10|E02.204.125;E02.760.400.610;N02.421.192.125;N02.421.585.400.610;N04.590.233.727.210.125
00000000|MMI|32.34|Iodides|C0021966|[inch]|["I-"-tx-79-"i"-adv-0,"I-"-tx-46-"i"-adv-0]|TX|4008/1;1506/1|D01.248.497.158.490;D01.475.410
00000000|MMI|32.26|Left|C0205091|[spco]|["LEFT"-tx-57-"left"-adj-0,"LEFT"-tx-56-"left"-adj-0,"LEFT"-tx-54-"left"-noun-0,"LEFT"-tx-24-"left"-adj-0,"LEFT"-tx-9-"left"-adj-0,"LEFT"-tx-8-"left"-adj-0,"LEFT"-tx-6-"left"-adj-0,"LEFT"-tx-4-"left"-adj-0]|TX|2775/4;2613/4;2179/4;1145/4;792/4;687/4;224/4;105/4|
00000000|MMI|32.26|Left sided|C0443246|[spco]|["Left"-tx-57-"left"-adj-0,"Left"-tx-56-"left"-adj-0,"Left"-tx-54-"left"-noun-0,"Left"-tx-24-"left"-adj-0,"Left"-tx-9-"left"-adj-0,"Left"-tx-8-"left"-adj-0,"Left"-tx-6-"left"-adj-0,"Left"-tx-4-"left"-adj-0]|TX|2775/4;2613/4;2179/4;1145/4;792/4;687/4;224/4;105/4|
00000000|MMI|32.26|Table Cell Horizontal Align - left|C1552822|[ftcn]|["left"-tx-57-"left"-adj-0,"left"-tx-56-"left"-adj-0,"left"-tx-54-"left"-noun-0,"left"-tx-24-"left"-adj-0,"left"-tx-9-"left"-adj-0,"left"-tx-8-"left"-adj-0,"left"-tx-6-"left"-adj-0,"left"-tx-4-"left"-adj-0]|TX|2775/4;2613/4;2179/4;1145/4;792/4;687/4;224/4;105/4|
00000000|MMI|30.13|Rehabilitation aspects|C0034992|[ftcn]|["Rehabilitation"-tx-66-"Rehabilitation"-noun-0,"Rehabilitation"-tx-65-"Rehabilitation"-noun-0,"Rehabilitation"-tx-64-"rehabilitation"-noun-0]|TX|3671/14;3621/14;3496/14|x.x.x
00000000|MMI|30.02|Stenosis|C1261287|[patf]|["Stricture"-tx-8-"stricture"-noun-0,"Stenosis"-tx-7-"stenosis"-noun-0,"Stenosis"-tx-4-"Stenosis"-noun-0]|TX|730/9;614/8;89/8|C23.300.287
00000000|MMI|28.60|+2|C0740116|[qnco]|["+2"-tx-72-"2"-integer-0,"+2"-tx-54-"2"-integer-0,"+2"-tx-53-"2"-integer-0,"+2"-tx-29-"2"-integer-0,"+2"-tx-13-"2"-integer-0,"+2"-tx-3-"2"-integer-0]|TX|3866/1;[2208/1],[2236/1];2074/1;1277/1;937/1;86/1|
00000000|MMI|28.60|2+|C3833492|[fndg]|["2+"-tx-72-"2"-integer-0,"2+"-tx-54-"2"-integer-0,"2+"-tx-53-"2"-integer-0,"2+"-tx-29-"2"-integer-0,"2+"-tx-13-"2"-integer-0,"2+"-tx-3-"2"-integer-0]|TX|3866/1;[2208/1],[2236/1];2074/1;1277/1;937/1;86/1|
00000000|MMI|28.60|2+ Score|C2827735|[qnco]|["2+"-tx-72-"2"-integer-0,"2+"-tx-54-"2"-integer-0,"2+"-tx-53-"2"-integer-0,"2+"-tx-29-"2"-integer-0,"2+"-tx-13-"2"-integer-0,"2+"-tx-3-"2"-integer-0]|TX|3866/1;[2208/1],[2236/1];2074/1;1277/1;937/1;86/1|
00000000|MMI|28.60|2+ Score, WHO|C2981700|[clas]|["2+"-tx-72-"2"-integer-0,"2+"-tx-54-"2"-integer-0,"2+"-tx-53-"2"-integer-0,"2+"-tx-29-"2"-integer-0,"2+"-tx-13-"2"-integer-0,"2+"-tx-3-"2"-integer-0]|TX|3866/1;[2208/1],[2236/1];2074/1;1277/1;937/1;86/1|
00000000|MMI|27.21|Right|C0205090|[spco]|["RIGHT"-tx-57-"right"-adj-0,"Right side"-tx-53-"right side"-noun-0,"RIGHT"-tx-52-"right"-adj-0,"RIGHT"-tx-20-"right"-adj-0,"RIGHT"-tx-6-"right"-adj-0,"RIGHT"-tx-6-"right"-noun-0,"RIGHT"-tx-2-"right"-noun-0]|TX|2712/5;2010/10;1944/5;1046/5;[300/5],[345/5];[300/5],[345/5];74/5|
00000000|MMI|26.28|Mongolia|C0026410|[geoa]|["MG"-tx-79-"mg"-noun-0,"MG"-tx-46-"mg"-noun-0]|TX|4003/2;1501/2|Z01.252.474.651
00000000|MMI|25.63|Humulin|C3538423|[aapp,horm,phsu]|["HumuLIN"-tx-30-"Humulin"-noun-0]|TX|1280/7|D06.472.699.587.200.500.625.500;D12.644.548.586.200.500.625.500
00000000|MMI|25.63|Humulin S|C0020172|[aapp,horm,phsu]|["Humulin"-tx-30-"Humulin"-noun-0]|TX|1280/7|D06.472.699.587.200.500.625.500;D12.644.548.586.200.500.625.500
00000000|MMI|24.11|Levofloxacin|C0282386|[antb,orch]|["LEVOFLOXACIN"-tx-47-"Levofloxacin"-noun-0]|TX|1566/12|D03.438.810.835.322.500.500
00000000|MMI|22.54|Surgical aspects|C0038895|[ftcn]|["surgery"-tx-20-"surgery"-noun-0]|TX|1065/7|x.x.x.x.x.x.x
00000000|MMI|22.39|Insulin|C0021641|[aapp,horm,phsu]|["INSULIN"-tx-83-"insulin"-noun-0]|TX|4089/7|D06.472.699.587.200.500.625;D12.644.548.586.200.500.625
00000000|MMI|22.36|insulin, isophane|C0021658|[aapp,horm,phsu]|["Insulin, NPH"-tx-81-"NPH insulin"-noun-0]|TX|4016/11|D06.472.699.587.200.300.200;D12.644.548.586.200.300.200
00000000|MMI|22.35|Right sided|C0444532|[spco]|["Right"-tx-57-"right"-adj-0,"Right"-tx-52-"right"-adj-0,"Right"-tx-20-"right"-adj-0,"Right"-tx-6-"right"-adj-0,"Right"-tx-6-"right"-noun-0,"Right"-tx-2-"right"-noun-0]|TX|2712/5;1944/5;1046/5;[300/5],[345/5];[300/5],[345/5];74/5|
00000000|MMI|20.25|1+|C3816745|[fndg]|["1+"-tx-70-"1"-integer-0,"1+"-tx-53-"1"-integer-0,"1+"-tx-27-"1"-integer-0,"1+"-tx-11-"1"-integer-0,"1+"-tx-1-"1"-integer-0]|TX|3830/1;2110/1;1252/1;897/1;46/1|
00000000|MMI|20.25|1+ Score|C2827734|[qnco]|["1+"-tx-70-"1"-integer-0,"1+"-tx-53-"1"-integer-0,"1+"-tx-27-"1"-integer-0,"1+"-tx-11-"1"-integer-0,"1+"-tx-1-"1"-integer-0]|TX|3830/1;2110/1;1252/1;897/1;46/1|
00000000|MMI|20.25|1+ Score, WHO|C2981698|[clas]|["1+"-tx-70-"1"-integer-0,"1+"-tx-53-"1"-integer-0,"1+"-tx-27-"1"-integer-0,"1+"-tx-11-"1"-integer-0,"1+"-tx-1-"1"-integer-0]|TX|3830/1;2110/1;1252/1;897/1;46/1|
00000000|MMI|20.01|Physical Examination|C0031809|[hlca]|["Clinical examination"-tx-62-"clinical examination"-noun-0,"PHYSICAL EXAMINATION"-tx-48-"PHYSICAL EXAMINATION"-noun-0]|TX|3263/20;1580/20|E01.370.600
00000000|MMI|19.64|Tablet Dosage Form|C0039225|[bodm]|["TABLET"-tx-87-"tablet"-noun-0,"TABLET"-tx-34-"tablet"-noun-0]|TX|4184/6;1356/6|D26.255.830
00000000|MMI|19.36|Lopressor|C0700776|[orch,phsu]|["Lopressor"-tx-85-"Lopressor"-noun-0]|TX|4115/9|D02.033.100.624.698.573;D02.033.755.624.698.573;D02.092.063.624.698.573
00000000|MMI|19.29|hearing impairment|C1384666|[fndg]|["Hard of hearing"-tx-48-"hard of hearing"-adj-0]|TX|1620/15|C09.218.458.341;C10.597.751.418.341;C23.888.592.763.393.341
00000000|MMI|19.23|Lovenox|C0728963|[orch,phsu]|["Lovenox"-tx-46-"Lovenox"-noun-0]|TX|1490/7|D09.698.373.400.300.200
00000000|MMI|19.23|Lasix|C0699992|[orch,phsu]|["Lasix"-tx-28-"Lasix"-noun-0]|TX|1255/5|D02.065.884.725.300;D02.092.146.807.300;D02.886.590.700.725.300
00000000|MMI|17.80|Diabetes Mellitus, Insulin-Dependent|C0011854|[dsyn]|["DIABETES MELLITUS, INSULIN DEPENDENT"-tx-12-"Insulin dependent diabetes mellitus"-noun-0]|TX|900/35|C18.452.394.750.124;C19.246.267;C20.111.327
00000000|MMI|17.80|Togo|C0040363|[geoa]|["TO"-tx-64-"to"-adv-0]|TX|3520/2|Z01.058.290.190.800
00000000|MMI|17.80|Tryptophanase|C0041260|[aapp,enzy]|["TO"-tx-64-"to"-adv-0]|TX|3520/2|D08.811.520.224.800
00000000|MMI|16.37|Metatarsophalangeal joint structure|C0025589|[bsoj]|["Metatarsal joint"-tx-6-"metatarsal joint"-noun-0]|TX|368/16|A02.835.583.378.531
00000000|MMI|16.36|Ergocalciferol|C0014695|[orch,phsu,vita]|["Vitamin D"-tx-38-"Vitamin d"-noun-0]|TX|1409/7,1425/1|D04.808.247.222.474;D04.808.247.808.412;D04.808.812.768.462;D10.570.938.439
00000000|MMI|16.21|Laxatives|C0282090|[phsu]|["Laxative"-tx-77-"Laxative"-adj-0]|TX|3923/8|D27.505.954.483.620
00000000|MMI|16.21|angiogram|C0002978|[diap]|["Angiogram"-tx-7-"angiogram"-noun-0]|TX|400/9|E01.370.350.700.060;E01.370.370.050
00000000|MMI|16.19|4+ Answer to question|C3838679|[fndg]|["4+"-tx-93-"4"-fraction-0,"4+"-tx-76-"4"-integer-0,"4+"-tx-33-"4"-integer-0,"4+"-tx-17-"4"-integer-0]|TX|4371/1;3920/1;1345/1;999/1|
00000000|MMI|16.18|Pain|C0030193|[sosy]|["PAIN"-tx-6-"pain"-noun-0]|TX|311/4|C10.597.617;C23.888.592.612;F02.830.816.444;G11.561.600.810.444
00000000|MMI|16.15|Angioplasty|C0162577|[topp]|["Angioplasty"-tx-56-"angioplasty"-noun-0]|TX|2594/11|E02.148.050;E04.100.814.529.124;E04.502.382.124;E05.157.016
00000000|MMI|16.10|Diabetic Nephropathy|C0011881|[dsyn]|["DIABETIC NEPHROPATHY"-tx-26-"diabetic nephropathy"-noun-0]|TX|1217/20|C12.777.419.192;C13.351.968.419.192;C19.246.099.875
00000000|MMI|16.09|Pulse Rate|C0232117|[clna]|["PULSE"-tx-57-"pulse"-noun-0]|TX|2672/5|E01.370.600.875.500;G09.330.380.500
00000000|MMI|16.07|Choice Behavior|C0008300|[inbe]|["choice"-tx-77-"choice"-noun-0]|TX|3935/6|F02.463.785.373.346
00000000|MMI|16.05|Dominican Republic|C0013014|[geoa]|["DR"-tx-67-"Dr"-noun-0]|TX|3742/2|Z01.107.084.900.300;Z01.639.880.300
00000000|MMI|15.79|+5|C0728893|[qnco]|["+5"-tx-78-"5"-integer-0,"+5"-tx-35-"5"-integer-0,"+5"-tx-19-"5"-integer-0]|TX|3984/1;1373/1;1031/1|
00000000|MMI|15.79|3+ Answer to Question|C3838680|[fndg]|["3+"-tx-74-"3"-integer-0,"3+"-tx-31-"3"-integer-0,"3+"-tx-15-"3"-integer-0]|TX|3891/1;1320/1;961/1|
00000000|MMI|15.79|3+ Score|C2827736|[qnco]|["3+"-tx-74-"3"-integer-0,"3+"-tx-31-"3"-integer-0,"3+"-tx-15-"3"-integer-0]|TX|3891/1;1320/1;961/1|
00000000|MMI|15.79|3+ Score, WHO|C2981702|[clas]|["3+"-tx-74-"3"-integer-0,"3+"-tx-31-"3"-integer-0,"3+"-tx-15-"3"-integer-0]|TX|3891/1;1320/1;961/1|
00000000|MMI|15.79|<3 (qualifier value)|C0439086|[qnco]|["<3"-tx-74-"3"-integer-0,"<3"-tx-31-"3"-integer-0,"<3"-tx-15-"3"-integer-0]|TX|3891/1;1320/1;961/1|
00000000|MMI|15.79|>5|C0439084|[qnco]|[">5"-tx-78-"5"-integer-0,">5"-tx-35-"5"-integer-0,">5"-tx-19-"5"-integer-0]|TX|3984/1;1373/1;1031/1|
00000000|MMI|15.79|Container status - Identified|C1550043|[fndg]|["Identified"-tx-57-"identified"-verb-0,"Identified"-tx-52-"identified"-verb-0,"Identified"-tx-9-"identified"-verb-0]|TX|2690/10;1902/10;816/10|
00000000|MMI|15.79|Identified|C0205396|[qlco]|["Identified"-tx-57-"identified"-verb-0,"Identified"-tx-52-"identified"-verb-0,"Identified"-tx-9-"identified"-verb-0]|TX|2690/10;1902/10;816/10|
00000000|MMI|14.70|One|C0205447|[qnco]|["ONE"-tx-87-"one"-noun-0,"ONE"-tx-77-"one"-adj-0,"ONE"-tx-60-"one"-noun-0,"ONE"-tx-34-"one"-noun-0]|TX|4180/3;3944/3;3044/3;1352/3|
00000000|MMI|14.64|Abdominal Cavity|C0230168|[blor]|["Abdomen"-tx-51-"abdomen"-noun-0]|TX|1789/7|A01.923.047.025
00000000|MMI|14.64|Atrial Fibrillation|C0004238|[dsyn]|["ATRIAL FIBRILLATION"-tx-14-"Atrial fibrillation"-noun-0]|TX|940/19|C14.280.067.198;C23.550.073.198
00000000|MMI|14.64|Supine Position|C0038846|[spco]|["Lying"-tx-48-"lying"-verb-0]|TX|1650/5|G11.427.695.625
00000000|MMI|14.50|Palpable|C0522499|[qlco]|["Palpable"-tx-57-"palpable"-adj-0,"Palpable"-tx-54-"palpable"-adj-0,"Palpable"-tx-53-"palpable"-adj-0]|TX|2703/8;[2211/8],[2239/8];2049/8|
00000000|MMI|14.35|Distal|C0205108|[spco]|["DISTAL"-tx-60-"distal"-adj-0,"DISTAL"-tx-7-"distal"-adj-0]|TX|3158/6;[513/6],[568/6],[630/6]|
00000000|MMI|13.45|Limb structure|C0015385|[bpoc]|["Extremity"-tx-60-"extremity"-noun-0,"Extremities"-tx-52-"Extremities"-noun-0]|TX|3165/9;1871/11|A01.378
00000000|MMI|13.34|Transplanted tissue|C0332835|[tisu]|["GRAFT"-tx-6-"graft"-noun-0,"GRAFT"-tx-4-"graft"-noun-0]|TX|253/5;132/5|A01.941
00000000|MMI|13.21|Vitamin D|C0042866|[orch,phsu,vita]|["VITAMIN D"-tx-38-"Vitamin d"-noun-0]|TX|1409/7,1425/1|D04.808.812.768
00000000|MMI|13.14|Heparin|C0019134|[bacs,orch,phsu]|["HEPARIN"-tx-79-"Heparin"-noun-0]|TX|3987/7|D09.698.373.400
00000000|MMI|13.14|Hip Fractures|C0019557|[inpo]|["HIP FRACTURE"-tx-20-"hip fracture"-noun-0]|TX|1052/12|C26.404.061.425;C26.531.750;C26.558.276.425
00000000|MMI|13.10|Myocardial Infarction|C0027051|[dsyn]|["Infarction, Myocardial"-tx-58-"myocardial infarction"-noun-1]|TX|2876/21|C14.280.647.500;C14.907.585.500
00000000|MMI|13.09|Consultation|C0009818|[hlca]|["Consultation"-tx-64-"consultation"-noun-0]|TX|3418/12|N04.452.758.849
00000000|MMI|13.08|General surgery specialty|C1274039|[bmod]|["Surgery"-tx-20-"surgery"-noun-0]|TX|1065/7|H02.403.810.300
00000000|MMI|13.05|Constipation|C0009806|[sosy]|["CONSTIPATION"-tx-77-"constipation"-noun-0]|TX|3970/12|C23.888.821.150
00000000|MMI|13.05|Operating Room|C0029064|[hcro,mnob]|["OPERATING ROOM"-tx-55-"Operating Room"-noun-0]|TX|2433/14|N02.278.388.700
00000000|MMI|13.01|BaseLine dental cement|C0168634|[bodm]|["baseline"-tx-64-"baseline"-noun-0]|TX|3537/8|x.x.x.x
00000000|MMI|13.01|Cardiology discipline|C0007189|[bmod]|["Cardiology"-tx-58-"Cardiology"-noun-0]|TX|2932/10|H02.403.429.163
00000000|MMI|12.91|Auscultation|C0004339|[diap]|["AUSCULTATION"-tx-49-"auscultation"-noun-0]|TX|1700/12|E01.370.600.060
00000000|MMI|12.90|Physicians|C0031831|[prog]|["DR"-tx-67-"Dr"-noun-0]|TX|3742/2|M01.526.485.810;N02.360.810
00000000|MMI|11.49|Abdomen|C0000726|[blor]|["ABDOMEN"-tx-51-"abdomen"-noun-0]|TX|1789/7|A01.923.047
00000000|MMI|11.49|Edema|C0013604|[fndg]|["Oedematous"-tx-60-"edematous"-adj-0]|TX|3138/9|C23.888.277
00000000|MMI|11.49|Peripheral Vascular Diseases|C0085096|[dsyn]|["PERIPHERAL VASCULAR DISEASE"-tx-18-"Peripheral vascular disease"-noun-0]|TX|1002/27|C14.907.617
00000000|MMI|11.28|Clinical Study Follow-up|C3274571|[hlca]|["FOLLOW-UP"-tx-69-"follow-up"-adj-0,"FOLLOW-UP"-tx-67-"FOLLOW-UP"-adj-0,"FOLLOW-UP"-tx-67-"follow-up"-adj-0]|TX|3769/9;3707/9;3727/9|
00000000|MMI|11.28|Follow-Up Report|C1704685|[inpr]|["Follow-Up"-tx-69-"follow-up"-adj-0,"Follow-Up"-tx-67-"FOLLOW-UP"-adj-0,"Follow-Up"-tx-67-"follow-up"-adj-0]|TX|3769/9;3707/9;3727/9|
00000000|MMI|11.28|Follow-up status|C0589120|[fndg]|["Follow-up"-tx-69-"follow-up"-adj-0,"Follow-up"-tx-67-"FOLLOW-UP"-adj-0,"Follow-up"-tx-67-"follow-up"-adj-0]|TX|3769/9;3707/9;3727/9|
00000000|MMI|11.28|follow-up|C1522577|[hlca]|["Follow Up"-tx-69-"follow-up"-adj-0,"Follow Up"-tx-67-"FOLLOW-UP"-adj-0,"Follow Up"-tx-67-"follow-up"-adj-0]|TX|3769/9;3707/9;3727/9|
00000000|MMI|11.23|10%|C3842590|[fndg]|["10%"-tx-88-"10"-integer-0,"10%"-tx-81-"10"-integer-0,"10%"-tx-45-"10"-integer-0]|TX|4201/2;4057/2;1486/2|
00000000|MMI|11.14|Presentation|C0449450|[idcn]|["Present"-tx-51-"present"-adj-0,"Presented"-tx-10-"presented"-verb-0,"Presented"-tx-6-"presented"-verb-0]|TX|1862/7;840/9;285/9|
00000000|MMI|10.90|Rehabilitation - specialty|C1306847|[bmod]|["Rehabilitation"-tx-66-"Rehabilitation"-noun-0,"Rehabilitation"-tx-65-"Rehabilitation"-noun-0,"Rehabilitation"-tx-64-"rehabilitation"-noun-0]|TX|3671/14;3621/14;3496/14|
00000000|MMI|10.72|Peroneal|C0442035|[spco]|["Peroneal"-tx-24-"peroneal"-adj-0,"Peroneal"-tx-8-"peroneal"-adj-0,"Peroneal"-tx-6-"peroneal"-adj-0]|TX|1180/8;700/8;237/8|
00000000|MMI|10.58|Bypass graft|C0185098|[topp]|["Bypass graft"-tx-24-"bypass graft"-noun-0,"Bypass graft"-tx-6-"bypass graft"-noun-0,"Bypass graft"-tx-4-"bypass graft"-noun-0]|TX|1189/12;246/12;125/12|
00000000|MMI|10.42|Doctor of Medicine|C1512018|[inpr]|["M.D."-tx-91-"M.D"-noun-0,"M.D."-tx-90-"M.D"-noun-0]|TX|4301/3;4262/3|
00000000|MMI|9.94|Joints|C0022417|[bsoj]|["JOINT"-tx-6-"joint"-noun-0]|TX|379/5|A02.835.583
00000000|MMI|9.90|Beds|C0004916|[mnob]|["Bed"-tx-48-"bed"-noun-0]|TX|1671/3|E07.325.220
00000000|MMI|9.88|Historical aspects qualifier|C0019665|[ftcn]|["history"-tx-26-"History"-noun-0]|TX|1206/7|x.x.x
00000000|MMI|9.86|Ulcer|C0041582|[dsyn]|["ULCERS"-tx-6-"ulcers"-noun-0]|TX|331/6|C23.550.891
00000000|MMI|9.74|Heart murmur|C0018808|[fndg]|["murmurs"-tx-50-"murmurs"-noun-1]|TX|1756/7|C23.888.447
00000000|MMI|8.34|Heart|C0018787|[bpoc]|["HEART"-tx-50-"heart"-noun-0]|TX|1718/5|A07.541
00000000|MMI|8.34|Hypersensitivity|C0020517|[patf]|["Allergies"-tx-47-"ALLERGIES"-noun-0]|TX|1511/9|C20.543
00000000|MMI|8.34|Lung|C0024109|[bpoc]|["LUNGS"-tx-49-"lungs"-noun-0]|TX|1680/5|A04.411
00000000|MMI|8.34|Nervous System Physiological Phenomena|C0027767|[ortf]|["neurologic function"-tx-62-"neurologic function"-noun-0]|TX|3294/19|G11.561
00000000|MMI|7.95|Cephalic vein graft|C0729541|[bpoc]|["Cephalic vein graft"-tx-60-"cephalic vein graft"-noun-0,"Cephalic vein graft"-tx-55-"cephalic vein graft"-noun-0]|TX|3095/19;2543/19|
00000000|MMI|7.70|Trilisate|C0878190|[orch,phsu]|["Trilisate"-tx-71-"Trilisate"-noun-0,"Trilisate"-tx-40-"Trilisate"-noun-0]|TX|3833/9;1431/9|
00000000|MMI|7.49|History of present illness|C0262512|[orga]|["History, NOS"-tx-26-"History"-noun-0,"HISTORY OF PRESENT ILLNESS"-tx-5-"HISTORY OF PRESENT ILLNESS"-noun-0]|TX|1206/7;139/26|
00000000|MMI|7.49|Medical History|C0262926|[fndg]|["History"-tx-26-"History"-noun-0,"Past Medical History"-tx-11-"PAST MEDICAL HISTORY"-noun-0]|TX|1206/7;875/20|
00000000|MMI|7.44|Recommendation|C0034866|[idcn]|["Recommended"-tx-64-"recommended"-verb-0,"recommendations"-tx-58-"recommendations"-noun-0]|TX|3448/11;2909/15|
00000000|MMI|7.35|Popliteal|C0442037|[blor]|["Popliteal"-tx-54-"popliteal"-adj-0,"Popliteal"-tx-53-"popliteal"-adj-0]|TX|2222/9;2060/9|
00000000|MMI|7.31|Signal|C1710082|[phpr]|["Signal"-tx-54-"signal"-noun-0]|TX|[2296/6],[2359/6]|
00000000|MMI|7.27|Superficial femoral artery|C0447106|[bpoc]|["SUPERFICIAL FEMORAL ARTERY"-tx-24-"superficial femoral artery"-noun-0,"SUPERFICIAL FEMORAL ARTERY"-tx-7-"superficial femoral artery"-noun-0]|TX|1150/26;471/26|
00000000|MMI|7.24|Magnesium Cation|C2346927|[elii,phsu]|["Mg++"-tx-79-"mg"-noun-0,"Mg++"-tx-46-"mg"-noun-0]|TX|4003/2;1501/2|
00000000|MMI|7.24|Milligram percent|C1960952|[qnco]|["mg %"-tx-79-"mg"-noun-0,"mg %"-tx-46-"mg"-noun-0]|TX|4003/2;1501/2|
00000000|MMI|7.24|mg/dL|C0439269|[qnco]|["mg%"-tx-79-"mg"-noun-0,"mg%"-tx-46-"mg"-noun-0]|TX|4003/2;1501/2|
00000000|MMI|7.23|60%|C3842585|[fndg]|["60%"-tx-89-"60"-integer-0,"60%"-tx-42-"60"-integer-0]|TX|4215/2;1455/2|
00000000|MMI|7.14|Unit|C0439148|[qnco]|["UNITS"-tx-81-"units"-noun-0]|TX|[4032/5],[4060/5]|
00000000|MMI|7.14|Unit - NCI Thesaurus Property|C3853603|[ftcn]|["Units"-tx-81-"units"-noun-0]|TX|[4032/5],[4060/5]|
00000000|MMI|7.14|Unit of Measure|C1519795|[qnco]|["Units"-tx-81-"units"-noun-0]|TX|[4032/5],[4060/5]|
00000000|MMI|7.12|Stenosis (invertebrate)|C2632116|[euka]|["Stenosis"-tx-7-"stenosis"-noun-0,"Stenosis"-tx-4-"Stenosis"-noun-0]|TX|614/8;89/8|
00000000|MMI|7.12|Stenosis Morphology|C0678234|[qlco]|["Stenosis"-tx-7-"stenosis"-noun-0,"Stenosis"-tx-4-"Stenosis"-noun-0]|TX|614/8;89/8|
00000000|MMI|7.09|Two|C0205448|[qnco]|["Two"-tx-63-"two"-noun-0,"Two"-tx-36-"two"-noun-0]|TX|3396/3;1384/3|
00000000|MMI|7.04|Dorsal|C0205095|[spco]|["POSTERIOR"-tx-54-"posterior"-adj-0,"POSTERIOR"-tx-53-"posterior"-adj-0]|TX|2313/9;2131/9|
00000000|MMI|7.04|Entire left femoral artery|C1281581|[bpoc]|["Left femoral artery"-tx-56-"left femoral artery"-noun-0,"Left femoral artery"-tx-24-"left femoral artery"-noun-0]|TX|2613/12,2633/6;1145/4,1162/14|
00000000|MMI|7.04|Structure of left femoral artery|C0226448|[bpoc]|["Left femoral artery"-tx-56-"left femoral artery"-noun-0,"Left femoral artery"-tx-24-"left femoral artery"-noun-0]|TX|2613/12,2633/6;1145/4,1162/14|
00000000|MMI|7.02|femoral-femoral bypass|C0743860|[topp]|["femoral bypass"-tx-6-"femoral bypass"-noun-0,"femoral bypass"-tx-4-"femoral bypass"-noun-0]|TX|229/7,246/6;110/7,125/6|
00000000|MMI|7.02|Post|C0687676|[tmco]|["Status Post"-tx-24-"Status post"-prep-0,"Status Post"-tx-6-"status post"-prep-0]|TX|1133/11;210/11|
00000000|MMI|7.02|Status post|C0231290|[tmco]|["Status post"-tx-24-"Status post"-prep-0,"Status post"-tx-6-"status post"-prep-0]|TX|1133/11;210/11|
00000000|MMI|7.00|Incision and drainage|C0152277|[topp]|["i d"-tx-79-"i.d"-adv-0,"i d"-tx-46-"i.d"-adv-0]|TX|4008/3;1506/3|
00000000|MMI|7.00|Morning|C0332170|[tmco]|["Morning"-tx-81-"morning"-noun-0,"Morning"-tx-30-"morning"-noun-0]|TX|4045/7;1298/7|
00000000|MMI|6.99|Graft material|C0181074|[bodm]|["{Graft}"-tx-6-"graft"-noun-0,"{Graft}"-tx-4-"graft"-noun-0]|TX|253/5;132/5|
00000000|MMI|6.99|Grafting procedure|C1961139|[topp]|["Graft, NOS"-tx-6-"graft"-noun-0,"Graft, NOS"-tx-4-"graft"-noun-0]|TX|253/5;132/5|
00000000|MMI|6.97|Count of entities|C0449788|[qnco]|["Number"-tx-63-"number"-noun-0,"Number"-tx-60-"number"-noun-0]|TX|3389/6;3037/6|
00000000|MMI|6.97|Daily|C0332173|[tmco]|["/day"-tx-63-"day"-noun-0,"/day"-tx-60-"day"-noun-0]|TX|3385/3;3033/3|
00000000|MMI|6.97|Numbers|C0237753|[qnco]|["*Number"-tx-63-"number"-noun-0,"*Number"-tx-60-"number"-noun-0]|TX|3389/6;3037/6|
00000000|MMI|6.97|day|C0439228|[tmco]|["DAY"-tx-63-"day"-noun-0,"DAY"-tx-60-"day"-noun-0]|TX|3385/3;3033/3|
00000000|MMI|6.97|per day|C0439505|[tmco]|["/day"-tx-63-"day"-noun-0,"/day"-tx-60-"day"-noun-0]|TX|3385/3;3033/3|
00000000|MMI|6.96|Blood group antibody I|C0221138|[aapp,imft]|["I NOS"-tx-79-"i"-adv-0,"I NOS"-tx-46-"i"-adv-0]|TX|4008/1;1506/1|
00000000|MMI|6.95|0%|C3842591|[fndg]|["0%"-tx-73-"0"-real_number-0,"0%"-tx-32-"0"-real_number-0]|TX|3877/1;1331/1|
00000000|MMI|6.95|Tablet Dosing Unit|C1705223|[qnco]|["TABLET"-tx-87-"tablet"-noun-0,"TABLET"-tx-34-"tablet"-noun-0]|TX|4184/6;1356/6|
00000000|MMI|6.93|Creation of venovenous bypass|C0398147|[topp]|["Bypass / graft of vein"-tx-56-"vein of bypass graft"-noun-0,"vein bypass graft"-tx-56-"vein bypass graft"-noun-0]|TX|2583/4,2606/2,2640/12;2583/4,2640/12|
00000000|MMI|6.92|Percent (qualifier value)|C0439165|[qnco]|["PERCENT"-tx-7-"percent"-noun-0]|TX|[505/7],[606/7]|
00000000|MMI|6.89|Precision - second|C1561503|[idcn]|["second"-tx-52-"second"-noun-0,"second"-tx-6-"second"-noun-0]|TX|1950/6;351/6|
00000000|MMI|6.89|Second Suffix|C1705190|[qlco]|["Second"-tx-52-"second"-noun-0,"Second"-tx-6-"second"-noun-0]|TX|1950/6;351/6|
00000000|MMI|6.89|per second|C0565930|[qnco]|["/second"-tx-52-"second"-noun-0,"/second"-tx-6-"second"-noun-0]|TX|1950/6;351/6|
00000000|MMI|6.89|second (number)|C0205436|[qnco]|["Second"-tx-52-"second"-noun-0,"Second"-tx-6-"second"-noun-0]|TX|1950/6;351/6|
00000000|MMI|6.89|seconds|C0457385|[tmco]|["SECOND"-tx-52-"second"-noun-0,"SECOND"-tx-6-"second"-noun-0]|TX|1950/6;351/6|
00000000|MMI|6.88|Anterior|C0205094|[ftcn]|["ANTERIOR"-tx-55-"anterior"-adj-0,"ANTERIOR"-tx-7-"anterior"-adj-0]|TX|2504/8;637/8|
00000000|MMI|6.83|Perfusion (procedure)|C0031001|[topp]|["Perfusion"-tx-62-"perfusion"-noun-0]|TX|3236/9|E05.680
00000000|MMI|6.77|Fracture|C0016658|[inpo]|["FRACTURE"-tx-20-"fracture"-noun-0]|TX|1056/8|C26.404
00000000|MMI|6.77|Woman|C0043210|[popg]|["WOMAN"-tx-6-"woman"-noun-0]|TX|197/5|M01.975
00000000|MMI|6.72|History|C0019664|[ocdi]|["History"-tx-26-"History"-noun-0]|TX|1206/7|K01.400
00000000|MMI|6.69|Physical therapy|C0949766|[topp]|["Physical Therapy"-tx-64-"Physical Therapy"-noun-0]|TX|3401/16|E02.779
00000000|MMI|6.61|Legal patent|C0030650|[inpr]|["patent"-tx-7-"patent"-adj-0]|TX|464/6|V02.675
00000000|MMI|6.59|Minerals|C0026162|[inch]|["MINERALS"-tx-87-"minerals"-noun-0]|TX|4169/8|D01.578
00000000|MMI|6.57|Transdermal Patch|C0991556|[medd]|["Patch"-tx-56-"patch"-noun-0]|TX|2588/5|E07.935
00000000|MMI|5.18|Atrial Fibrillation Adverse Event|C1963067|[fndg]|["Atrial fibrillation"-tx-14-"Atrial fibrillation"-noun-0]|TX|940/19|
00000000|MMI|5.18|Atrial Fibrillation by ECG Finding|C0344434|[lbtr]|["Atrial Fibrillation"-tx-14-"Atrial fibrillation"-noun-0]|TX|940/19|
00000000|MMI|5.18|Discharge date|C2361123|[tmco]|["Discharge date"-tx-1-"Discharge Date"-noun-0]|TX|0/14|
00000000|MMI|5.18|Discharge date:Time Stamp -- Date and Time:Point in time:^Patient:Quantitative|C2361122|[clna]|["Discharge date"-tx-1-"Discharge Date"-noun-0]|TX|0/14|
00000000|MMI|5.18|Elevation|C0702240|[spco]|["Elevation"-tx-61-"elevation"-noun-0]|TX|3199/9|
00000000|MMI|5.18|Elevation procedure|C0439775|[topp]|["Elevation"-tx-61-"elevation"-noun-0]|TX|3199/9|
00000000|MMI|5.18|Entire abdomen|C1281594|[bpoc]|["Abdomen"-tx-51-"abdomen"-noun-0]|TX|1789/7|
00000000|MMI|5.18|Entire heart|C1281570|[bpoc]|["Heart"-tx-50-"heart"-noun-0]|TX|1718/5|
00000000|MMI|5.18|Femoral pulse|C0232148|[ortf]|["Femoral pulse"-tx-54-"femoral pulse"-noun-0]|TX|2190/13|
00000000|MMI|5.18|Gender Status - Intact|C1554187|[fndg]|["Intact"-tx-62-"intact"-adj-0]|TX|3318/6|
00000000|MMI|5.18|History of present illness:Finding:Point in time:^Patient:Nominal:Reported|C0488508|[clna]|["History of present illness"-tx-5-"HISTORY OF PRESENT ILLNESS"-noun-0]|TX|139/26|
00000000|MMI|5.18|Hospital course|C0489547|[fndg]|["Hospital course"-tx-55-"HOSPITAL COURSE"-noun-0]|TX|2367/15|
00000000|MMI|5.18|Hospital course:Finding:Point in time:^Patient:Narrative|C0488549|[clna]|["Hospital course"-tx-55-"HOSPITAL COURSE"-noun-0]|TX|2367/15|
00000000|MMI|5.18|Intact|C0205266|[qlco]|["Intact"-tx-62-"intact"-adj-0]|TX|3318/6|
00000000|MMI|5.18|March|C3829202|[qlco]|["March"-tx-55-"March"-noun-0]|TX|2387/5|
00000000|MMI|5.18|Medication.discharge|C0806915|[fndg]|["Discharge medications"-tx-70-"DISCHARGE MEDICATIONS"-noun-0]|TX|3802/21|
00000000|MMI|5.18|Medications:-:Point in time:^Patient:-|C2598133|[clna]|["Medications"-tx-27-"MEDICATIONS"-noun-0]|TX|1239/11|
00000000|MMI|5.18|Medications:Presence or Identity:Duration of the study:^Patient:Nominal|C0802604|[clna]|["Medications"-tx-27-"MEDICATIONS"-noun-0]|TX|1239/11|
00000000|MMI|5.18|Modified Rankin Scale Questionnaire|C3714939|[inpr]|["MRS"-tx-5-"Mrs"-noun-0]|TX|167/3|
00000000|MMI|5.18|Modified rankin scale:Score:Point in time:^Patient:Ordinal|C3854213|[clna]|["mRS"-tx-5-"Mrs"-noun-0]|TX|167/3|
00000000|MMI|5.18|Mrs - title|C2349188|[cnce]|["Mrs."-tx-5-"Mrs"-noun-0]|TX|167/3|
00000000|MMI|5.18|Negation|C1518422|[ftcn]|["Not"-tx-53-"not"-adv-0]|TX|2154/3|
00000000|MMI|5.18|Obtain|C1301820|[ftcn]|["Obtained"-tx-64-"obtained"-verb-0]|TX|3435/8|
00000000|MMI|5.18|PMH - past medical history|C0455458|[fndg]|["Past medical history"-tx-11-"PAST MEDICAL HISTORY"-noun-0]|TX|875/20|
00000000|MMI|5.18|Pharmaceutical Preparations|C0013227|[phsu]|["Medications"-tx-27-"MEDICATIONS"-noun-0]|TX|1239/11|D26
00000000|MMI|5.18|Positive|C1446409|[qlco]|["ruled"-tx-58-"ruled"-verb-0]|TX|2862/5|
00000000|MMI|5.18|Present|C0150312|[qnco]|["Present"-tx-51-"present"-adj-0]|TX|1862/7|
00000000|MMI|5.18|Resolution|C2699488|[cnce]|["Resolved"-tx-61-"resolved"-adj-0]|TX|3214/8|
00000000|MMI|5.18|Resolved|C3714811|[fndg]|["Resolved"-tx-61-"resolved"-adj-0]|TX|3214/8|
00000000|MMI|5.18|Resolved License|C3897700|[ftcn]|["Resolved"-tx-61-"resolved"-adj-0]|TX|3214/8|
00000000|MMI|5.18|Revealed|C0443289|[qlco]|["Revealed"-tx-7-"revealed"-verb-0]|TX|433/8|
00000000|MMI|5.18|Rubs|C3842105|[fndg]|["Rubs"-tx-50-"rubs"-verb-1]|TX|1766/4|
00000000|MMI|5.18|September|C3828193|[tmco]|["September"-tx-65-"September"-noun-0]|TX|3572/9|
00000000|MMI|5.18|Stable Disease|C0677946|[fndg]|["Stable condition"-tx-66-"stable condition"-noun-0]|TX|3689/16|
00000000|MMI|5.18|Stable chronic Graft vs Host Disease|C3538874|[fndg]|["Stable condition"-tx-66-"stable condition"-noun-0]|TX|3689/16|
00000000|MMI|5.18|Telling untruths|C0600261|[inbe]|["Lying"-tx-48-"lying"-verb-0]|TX|1650/5|
00000000|MMI|5.18|Third metatarsal structure|C0459703|[bpoc]|["Third Metatarsals"-tx-52-"third metatarsals"-noun-0]|TX|1961/17|
00000000|MMI|5.18|To|C1883351|[qlco]|["To"-tx-64-"to"-adv-0]|TX|3520/2|
00000000|MMI|5.18|magnetic resonance spectroscopic imaging|C1522706|[diap]|["MRS"-tx-5-"Mrs"-noun-0]|TX|167/3|
00000000|MMI|5.18|physiologic resolution|C1514893|[patf]|["Resolved"-tx-61-"resolved"-adj-0]|TX|3214/8|
00000000|MMI|5.18|right femoral Pulse|C1822242|[fndg]|["right femoral Pulse"-tx-53-"right femoral pulse"-noun-0]|TX|2025/19|
00000000|MMI|4.19|Allergy to penicillin|C0030824|[dsyn]|["Allergy to penicillin"-tx-47-"allergies to penicillin"-noun-0]|TX|1538/23|
00000000|MMI|4.14|H/O: Deep vein thrombosis|C0459853|[fndg]|["History of - deep vein thrombosis"-tx-16-"History of deep venous thrombosis"-noun-0]|TX|964/33|
00000000|MMI|3.98|Doppler studies|C0554756|[diap]|["Doppler"-tx-53-"dopplered"-verb-0]|TX|2161/9|
00000000|MMI|3.98|Evaluation and management note:Finding:Point in time:{Setting}:Document:{Provider}|C1316572|[clna]|["Note"-tx-60-"noted"-verb-0]|TX|3055/5|
00000000|MMI|3.98|Harvest Procedure|C1512335|[hlca]|["Harvest"-tx-60-"harvested"-verb-0]|TX|3124/9|
00000000|MMI|3.98|Note (document)|C1317574|[inpr]|["Note"-tx-60-"noted"-verb-0]|TX|3055/5|
00000000|MMI|3.90|Blood--Examination|C3826648|[lbpr]|["Blood--Examination"-tx-53-"Vascular examination"-noun-0]|TX|1980/20|
00000000|MMI|3.81|Total abdominal hysterectomy|C0404079|[topp]|["Total Abdominal Hysterectomy"-tx-22-"total abdominal hysterectomy"-noun-0]|TX|1100/28|
00000000|MMI|3.75|Entire metatarsal joint|C1279997|[bpoc]|["Metatarsal joint"-tx-6-"metatarsal joint"-noun-0]|TX|368/16|
00000000|MMI|3.75|Structure of metatarsal joint|C1288313|[bsoj]|["Metatarsal joint"-tx-6-"metatarsal joint"-noun-0]|TX|368/16|
00000000|MMI|3.75|vascular occlusion|C1096458|[dsyn]|["Vessel occlusion"-tx-7-"vessel occlusion"-noun-0]|TX|551/16|
00000000|MMI|3.74|D Vitamin|C3537249|[phsu]|["Vitamin D"-tx-38-"Vitamin d"-noun-0]|TX|1409/7,1425/1|
00000000|MMI|3.74|Vitamin D Drug Class|C3714503|[phsu,vita]|["VITAMIN D"-tx-38-"Vitamin d"-noun-0]|TX|1409/7,1425/1|
00000000|MMI|3.74|Vitamin D [EPC]|C2936842|[vita]|["Vitamin D"-tx-38-"Vitamin d"-noun-0]|TX|1409/7,1425/1|
00000000|MMI|3.70|hip surgery|C0596706|[topp]|["hip surgery"-tx-20-"hip surgery"-noun-0]|TX|1052/3,1065/7|
00000000|MMI|3.68|Critical ischemia of foot|C0730198|[patf]|["Critical ischemia of foot"-tx-2-"Critical ischemia of foot"-noun-0]|TX|49/20,80/4|
00000000|MMI|3.68|% index|C1637833|[qnco]|["% index"-tx-92-"Index"-noun-0]|TX|4336/5|
00000000|MMI|3.68|Attending (action)|C1999232|[ftcn]|["attending"-tx-91-"Attending"-noun-0]|TX|4272/9|
00000000|MMI|3.68|Attending (provider role)|C1547429|[prog]|["Attending"-tx-91-"Attending"-noun-0]|TX|4272/9|
00000000|MMI|3.68|Cool|C1548792|[qlco]|["Cool"-tx-60-"cool"-noun-0]|TX|3188/4|
00000000|MMI|3.68|Entire right hip region|C1268233|[blor]|["Right hip"-tx-20-"right hip"-noun-0]|TX|1046/9|
00000000|MMI|3.68|Fracture of pelvis|C0149531|[inpo]|["Hip Fracture"-tx-20-"hip fracture"-noun-0]|TX|1052/12|
00000000|MMI|3.68|Html Link Type - index|C1552854|[idcn]|["index"-tx-92-"Index"-noun-0]|TX|4336/5|
00000000|MMI|3.68|Index|C0918012|[inpr]|["Index"-tx-92-"Index"-noun-0]|TX|4336/5|
00000000|MMI|3.68|M NOS ANTIBODY|C0369637|[aapp,imft]|["M NOS"-tx-30-"m"-noun-0]|TX|1317/1|
00000000|MMI|3.68|M+ (tumor staging)|C0441923|[inpr]|["M+"-tx-30-"m"-noun-0]|TX|1317/1|
00000000|MMI|3.68|P Blood group antibodies|C0369773|[aapp,imft]|["P NOS"-tx-30-"p"-noun-0]|TX|1315/1|
00000000|MMI|3.68|P prime|C2603361|[clna]|["P'"-tx-30-"p"-noun-0]|TX|1315/1|
00000000|MMI|3.68|Right hip region structure|C0524470|[blor]|["Right hip"-tx-20-"right hip"-noun-0]|TX|1046/9|
00000000|MMI|3.68|heparin, porcine|C0770546|[bacs,orch,phsu]|["HEPARIN"-tx-79-"Heparin"-noun-0]|TX|3987/7|
00000000|MMI|3.68|sliding scale|C2937251|[topp]|["sliding scale"-tx-83-"sliding scale"-noun-0]|TX|4097/13|
00000000|MMI|3.65|Elderly woman|C0524338|[aggp]|["Elderly woman"-tx-48-"elderly woman"-noun-0]|TX|1636/13|
00000000|MMI|3.65|popliteal stenosis|C0948363|[dsyn]|["popliteal stenosis"-tx-7-"popliteal stenosis"-noun-0]|TX|520/18|
00000000|MMI|3.64|Discharge to hospital (procedure)|C0584541|[hlca]|["Discharge to hospital"-tx-64-"discharged to hospital"-noun-0]|TX|3480/13,3511/8|
00000000|MMI|3.64|Electrocardiogram: myocardial infarction (finding)|C0428953|[lbtr]|["MYOCARDIAL INFARCTION"-tx-58-"myocardial infarction"-noun-1]|TX|2876/21|
00000000|MMI|3.64|Myocardial Infarction ECG Assessment|C3810814|[diap]|["Myocardial Infarction"-tx-58-"myocardial infarction"-noun-0]|TX|2876/21|
00000000|MMI|3.64|Myocardial infarction:Finding:Point in time:^Patient:Ordinal|C2926063|[clna]|["Myocardial infarction"-tx-58-"myocardial infarction"-noun-0]|TX|2876/21|
00000000|MMI|3.64|Surgical Management|C1515089|[hlca]|["Surgical Management"-tx-10-"surgical management"-noun-0]|TX|854/19|
00000000|MMI|3.64|dictated - DocumentCompletion|C1609990|[idcn]|["Dictated"-tx-90-"Dictated"-verb-0]|TX|4233/8|
00000000|MMI|3.64|dictated - ParticipationMode|C1548384|[ftcn]|["dictated"-tx-90-"Dictated"-verb-0]|TX|4233/8|
00000000|MMI|3.63|Articular system|C0392905|[bdsy]|["Joint, NOS"-tx-6-"joint"-noun-0]|TX|379/5|
00000000|MMI|3.63|Entire joint|C1269611|[bsoj]|["Joint"-tx-6-"joint"-noun-0]|TX|379/5|
00000000|MMI|3.63|Joint Device Component|C1706309|[mnob]|["Joint"-tx-6-"joint"-noun-0]|TX|379/5|
00000000|MMI|3.63|Principal Diagnosis:-:Point in time:^Patient:-|C2598194|[clna]|["Principal Diagnosis"-tx-1-"PRINCIPAL DIAGNOSES"-noun-0]|TX|25/19|
00000000|MMI|3.63|Principal diagnosis|C0332137|[qlco]|["Principal Diagnosis"-tx-1-"PRINCIPAL DIAGNOSES"-noun-0]|TX|25/19|
00000000|MMI|3.62|Bowel sounds|C0232693|[fndg]|["Bowel sounds"-tx-51-"bowel sounds"-noun-1]|TX|1844/12|
00000000|MMI|3.62|Docusate Sodium 100 MG|C3153447|[clnd]|["Docusate Sodium 100 MG"-tx-75-"Colace 100 mg"-noun-0]|TX|3894/13|
00000000|MMI|3.61|Allopathic & Osteopathic Physicians - Surgery|C3853799|[prog]|["Surgery"-tx-20-"surgery"-noun-0]|TX|1065/7|
00000000|MMI|3.61|Batch (Response Modality)|C1550176|[inpr]|["Batch"-tx-92-"Batch"-noun-0]|TX|4323/5|
00000000|MMI|3.61|Batch (group)|C1948031|[qnco]|["Batch"-tx-92-"Batch"-noun-0]|TX|4323/5|
00000000|MMI|3.61|Batch Number|C3641829|[inpr]|["BATCH"-tx-92-"Batch"-noun-0]|TX|4323/5|
00000000|MMI|3.61|Operative Surgical Procedures|C0543467|[hlca]|["Surgery"-tx-20-"surgery"-noun-0]|TX|1065/7|E04
00000000|MMI|3.61|Surgery specialty|C0038894|[bmod]|["Surgery"-tx-20-"surgery"-noun-0]|TX|1065/7|
00000000|MMI|3.61|Entire right foot|C1279998|[bpoc]|["Right foot"-tx-6-"right foot"-noun-0]|TX|300/10|
00000000|MMI|3.61|Entire right upper arm|C1268255|[bpoc]|["Right arm"-tx-60-"right arm"-noun-0]|TX|3070/9|
00000000|MMI|3.61|Foot pain|C0016512|[sosy]|["FOOT PAIN"-tx-6-"foot pain"-noun-0]|TX|306/9|
00000000|MMI|3.61|Right arm|C4048756|[bpoc]|["Right Arm"-tx-60-"right arm"-noun-0]|TX|3070/9|
00000000|MMI|3.61|Right upper arm structure|C0230346|[bpoc]|["Right arm"-tx-60-"right arm"-noun-0]|TX|3070/9|
00000000|MMI|3.61|Structure of right foot|C0230460|[bpoc]|["Right Foot"-tx-6-"right foot"-noun-0]|TX|300/10|
00000000|MMI|3.61|rate control|C0489879|[ftcn]|["Rate control"-tx-59-"rate control"-noun-0]|TX|3002/12|
00000000|MMI|3.59|Constipation Adverse Event|C1963087|[fndg]|["Constipation"-tx-77-"constipation"-noun-0]|TX|3970/12|
00000000|MMI|3.59|Patch repair of aorta|C0398045|[topp]|["Patch angioplasty of artery"-tx-56-"patch angioplasty of artery"-noun-0]|TX|2588/20,2633/6|
00000000|MMI|3.59|Angiogram - Consent Type|C1548816|[hlca]|["Angiogram"-tx-7-"angiogram"-noun-0]|TX|400/9|
00000000|MMI|3.59|Clear|C2963144|[qlco]|["Clear"-tx-49-"clear"-adj-0]|TX|1691/5|
00000000|MMI|3.59|Negative Surgical Margin|C1709157|[fndg]|["Clear"-tx-49-"clear"-adj-0]|TX|1691/5|
00000000|MMI|3.59|Patient location type - Operating Room|C1578465|[spco]|["Operating Room"-tx-55-"Operating Room"-noun-0]|TX|2433/14|
00000000|MMI|3.59|Superficial ulcer|C0333307|[acab]|["superficial ulcers"-tx-52-"superficial ulcers"-noun-0]|TX|1913/18|
00000000|MMI|3.59|X-ray-Based Angiogram|C3891555|[lbtr]|["Angiogram"-tx-7-"angiogram"-noun-0]|TX|400/9|
00000000|MMI|3.59|Angioplasty of femoral artery|C0850456|[topp]|["Angioplasty of femoral artery"-tx-56-"angioplasty of femoral artery"-noun-0]|TX|2594/14,2618/7,2633/6|
00000000|MMI|3.58|Million|C1881839|[qnco]|["10^6"-tx-30-"10 6"-integer-0]|TX|1288/2,1306/1|
00000000|MMI|3.57|Left peroneal artery|C0834671|[bpoc]|["Left peroneal artery"-tx-24-"left artery peroneal"-noun-0]|TX|1145/4,1170/6,1180/8|
00000000|MMI|3.57|Concept History|C1705255|[cnce]|["History"-tx-26-"History"-noun-0]|TX|1206/7|
00000000|MMI|3.57|Excellent (qualifier value)|C1961136|[qlco]|["Excellent"-tx-62-"excellent"-adj-0]|TX|3250/9|
00000000|MMI|3.57|Excellent - Specimen Quality|C1548784|[qlco]|["Excellent"-tx-62-"excellent"-adj-0]|TX|3250/9|
00000000|MMI|3.57|February|C3830166|[qlco]|["February"-tx-6-"February"-noun-0]|TX|262/8|
00000000|MMI|3.57|History of previous events|C2004062|[fndg]|["History"-tx-26-"History"-noun-0]|TX|1206/7|
00000000|MMI|3.57|Out (direction)|C0439787|[spco]|["Out"-tx-58-"out"-adv-0]|TX|2868/3|
00000000|MMI|3.57|Removed|C0849355|[qlco]|["Out"-tx-58-"out"-adv-0]|TX|2868/3|
00000000|MMI|3.56|Appropriate|C1548787|[qlco]|["Appropriate"-tx-59-"appropriate"-adj-0]|TX|2990/11|
00000000|MMI|3.56|Continuous|C0549178|[idcn]|["Continued"-tx-59-"continued"-verb-0]|TX|2976/9|
00000000|MMI|3.56|Pain NOS Adverse Event|C1962977|[fndg]|["Pain NOS"-tx-6-"pain"-noun-0]|TX|311/4|
00000000|MMI|3.56|popliteal bypass|C0863743|[topp]|["Popliteal bypass"-tx-55-"popliteal bypass"-noun-0]|TX|2491/9,2520/6|
00000000|MMI|3.55|Baseline|C1442488|[qnco]|["Baseline"-tx-64-"baseline"-noun-0]|TX|3537/8|
00000000|MMI|3.55|Brought on by|C0332302|[ftcn]|["brought"-tx-55-"brought"-verb-0]|TX|2418/7|
00000000|MMI|3.55|Humulin insulin|C0020171|[aapp,horm,phsu]|["humulin"-tx-30-"Humulin"-noun-0]|TX|1280/7|
00000000|MMI|3.55|Mobility as a finding|C0425245|[fndg]|["Mobility"-tx-64-"mobility"-noun-0]|TX|3559/8|
00000000|MMI|3.55|Qualitative mobility|C0449580|[qlco]|["Mobility"-tx-64-"mobility"-noun-0]|TX|3559/8|
00000000|MMI|3.55|Return to (contextual qualifier) (qualifier value)|C0332156|[qlco]|["Return"-tx-64-"return"-verb-0]|TX|3523/6|
00000000|MMI|3.55|Rhythm|C0871269|[fndg]|["Rhythm"-tx-50-"rhythm"-noun-1]|TX|1741/6|
00000000|MMI|3.55|Rhythm Not Otherwise Specified ECG Assessment|C3828331|[inpr]|["Rhythm Not Otherwise Specified"-tx-50-"rhythm"-noun-0]|TX|1741/6|
00000000|MMI|3.55|rhythmic process (biological)|C1523018|[phsf]|["rhythm"-tx-50-"rhythm"-noun-1]|TX|1741/6|
00000000|MMI|3.55|Retrograde approach|C0589500|[spco]|["Retrograde"-tx-9-"Retrograde"-noun-0]|TX|766/10|
00000000|MMI|3.55|Retrograde direction|C0439784|[spco]|["Retrograde"-tx-9-"Retrograde"-noun-0]|TX|766/10|
00000000|MMI|3.54|Cardiology service|C3887620|[hcro]|["Cardiology"-tx-58-"Cardiology"-noun-0]|TX|2932/10|
00000000|MMI|3.54|teams|C0871489|[grup]|["Team"-tx-58-"team"-noun-0]|TX|2943/4|
00000000|MMI|3.54|Superficial|C0205124|[spco]|["SUPERFICIAL"-tx-24-"superficial"-noun-0]|TX|1150/11|
00000000|MMI|3.54|Angioplasty - Consent Type|C1548817|[hlca]|["Angioplasty"-tx-56-"angioplasty"-noun-0]|TX|2594/11|
00000000|MMI|3.54|Restart|C1514902|[qlco]|["Restart"-tx-63-"restarted"-verb-0]|TX|3342/9|
00000000|MMI|3.53|Entire third metatarsal|C0223993|[bpoc]|["Third metatarsal"-tx-6-"third metatarsal"-adj-0]|TX|362/16|
00000000|MMI|3.53|Physical therapy (field)|C0699718|[bmod]|["physical therapy"-tx-64-"Physical Therapy"-noun-0]|TX|3401/16|
00000000|MMI|3.52|Hearing Loss, Partial|C0018772|[fndg]|["hard of hearing"-tx-48-"hard of hearing"-adj-0]|TX|1620/15|
00000000|MMI|3.52|Fill|C1708059|[acty]|["Fill"-tx-9-"filling"-noun-0]|TX|777/7|
00000000|MMI|3.51|Left posterior|C0456856|[spco]|["Left posterior"-tx-57-"left posterior"-adj-0]|TX|2811/4,2828/9|
00000000|MMI|3.50|Digital|C1883674|[qlco]|["Digital"-tx-62-"digital"-adj-0]|TX|3228/7|
00000000|MMI|3.50|Digital X-ray|C0442015|[inpr]|["Digital"-tx-62-"digital"-adj-0]|TX|3228/7|
00000000|MMI|3.50|Right posterior|C0456855|[spco]|["Right posterior"-tx-57-"right posterior"-adj-0]|TX|2751/15|
00000000|MMI|3.50|Rosalina|C1006793|[euka]|["Rosalina"-tx-91-"ROSALINA"-noun-0]|TX|4283/8|
00000000|MMI|3.50|Somewhat|C2984079|[inpr]|["Somewhat"-tx-60-"somewhat"-adv-0]|TX|3179/8|
00000000|MMI|3.49|Right lower extremity|C0230415|[bpoc]|["Right lower extremity"-tx-7-"right lower extremity"-noun-0]|TX|442/21|
00000000|MMI|3.48|DIANPH gene|C1442864|[gngm]|["diabetic nephropathy"-tx-26-"diabetic nephropathy"-noun-0]|TX|1217/20|
00000000|MMI|3.48|Senokot Tablets|C1616946|[clnd]|["Senokot Tablets"-tx-36-"Senokot tablets"-noun-0]|TX|1376/7,1388/7|
00000000|MMI|3.48|Biphasic|C0205184|[tmco]|["Biphasic"-tx-54-"biphasic"-adj-0]|TX|2275/8|
00000000|MMI|3.48|Monophasic|C0205186|[tmco]|["Monophasic"-tx-54-"monophasic"-adj-0]|TX|2336/10|
00000000|MMI|3.48|Physiologic pulse|C0391850|[phsf]|["Pulse"-tx-57-"pulse"-noun-0]|TX|2672/5|
00000000|MMI|3.48|Pulse phenomenon|C1947910|[phpr]|["Pulse"-tx-57-"pulse"-noun-0]|TX|2672/5|
00000000|MMI|3.48|Third|C0205437|[qnco]|["Third"-tx-6-"third"-adv-0]|TX|362/5|
00000000|MMI|3.48|Three|C0205449|[qnco]|["Three"-tx-7-"three"-word_numeral-0]|TX|545/5|
00000000|MMI|3.47|Non-tender|C0520960|[qlco]|["Non-tender"-tx-51-"non-tender"-adj-0]|TX|1816/10|
00000000|MMI|3.47|Insulin Drug Class|C3714501|[horm,phsu]|["INSULIN"-tx-83-"insulin"-noun-0]|TX|4089/7|
00000000|MMI|3.47|Insulin [EPC]|C1579433|[phsu]|["Insulin"-tx-83-"insulin"-noun-0]|TX|4089/7|
00000000|MMI|3.47|Old|C0580836|[tmco]|["Old"-tx-6-"old"-noun-0]|TX|193/3|
00000000|MMI|3.47|Recombinant Insulin|C1533581|[aapp,horm,phsu]|["INSULIN"-tx-83-"insulin"-noun-0]|TX|4089/7|
00000000|MMI|3.47|Suprapubic|C1550314|[blor]|["Suprapubic"-tx-22-"suprapubic"-adj-0]|TX|1089/10|
00000000|MMI|3.47|per year|C0439508|[tmco]|["/Year"-tx-6-"year"-noun-0]|TX|188/4|
00000000|MMI|3.47|suprapubic approach|C0205498|[spco]|["Suprapubic"-tx-22-"suprapubic"-adj-0]|TX|1089/10|
00000000|MMI|3.47|year|C0439234|[tmco]|["YEAR"-tx-6-"year"-noun-0]|TX|188/4|
00000000|MMI|3.46|90%|C3842582|[fndg]|["90%"-tx-7-"90"-integer-0]|TX|502/2|
00000000|MMI|3.46|<90|C0439087|[qnco]|["<90"-tx-7-"90"-integer-0]|TX|502/2|
00000000|MMI|3.46|>90|C0439083|[qnco]|[">90"-tx-7-"90"-integer-0]|TX|502/2|
00000000|MMI|3.46|30%|C3842588|[fndg]|["30%"-tx-46-"30"-integer-0]|TX|1498/2|
00000000|MMI|3.45|20%|C3842589|[fndg]|["20%"-tx-28-"20"-integer-0]|TX|1261/2|
00000000|MMI|3.45|Open|C0175566|[spco]|["Patent"-tx-7-"patent"-adj-0]|TX|464/6|
00000000|MMI|3.45|Round shape|C0332490|[spco]|["ROUND"-tx-51-"round"-adj-0]|TX|1808/5|
00000000|MMI|3.45|SHORT STATURE, ONYCHODYSPLASIA, FACIAL DYSMORPHISM, AND HYPOTRICHOSIS SYNDROME|C3542022|[dsyn]|["SOFT"-tx-51-"soft"-adj-1]|TX|1801/4|
00000000|MMI|3.45|Soft|C0205358|[qlco]|["Soft"-tx-51-"soft"-adj-0]|TX|1801/4|
00000000|MMI|3.45|August|C3831448|[qlco]|["August"-tx-7-"August"-noun-0]|TX|413/6|
00000000|MMI|3.45|Choose (action)|C1707391|[acty]|["Choice"-tx-77-"choice"-noun-0]|TX|3935/6|
00000000|MMI|3.44|Reverse|C1555029|[ftcn]|["Reverse"-tx-55-"reversed"-adj-0]|TX|2534/8|
00000000|MMI|3.44|Tibial artery.left|C0947202|[bpoc]|["Tibial artery.left"-tx-56-"left tibial artery"-noun-0]|TX|2613/4,2626/13|
00000000|MMI|3.44|All extremities|C0278454|[bpoc]|["extremities"-tx-52-"Extremities"-noun-0]|TX|1871/11|
00000000|MMI|3.44|Delayed Release Dosage Form|C1707664|[bodm]|["DR"-tx-67-"Dr"-noun-0]|TX|3742/2|
00000000|MMI|3.44|Device to Subject Relationship Domain|C3540849|[inpr]|["DR"-tx-67-"Dr"-noun-0]|TX|3742/2|
00000000|MMI|3.44|Doctor - Title|C2348314|[cnce]|["Dr."-tx-67-"Dr"-noun-0]|TX|3742/2|
00000000|MMI|3.44|Therapeutic|C0302350|[ftcn]|["Therapeutic"-tx-87-"therapeutic"-adj-0]|TX|4157/11|E02
00000000|MMI|3.44|Therapeutic procedure|C0087111|[topp]|["Therapeutic"-tx-87-"therapeutic"-adj-0]|TX|4157/11|E02
00000000|MMI|3.43|Knee region structure|C1963703|[blor]|["Segment of knee"-tx-8-"segmented of knee"-noun-0]|TX|720/9,753/2,760/4|
00000000|MMI|3.43|Evening|C0587117|[tmco]|["Evening"-tx-81-"evening"-noun-0]|TX|4073/7|
00000000|MMI|3.43|Assessment of active right knee joint movement|C2945672|[hlca]|["knee right"-tx-55-"right knee"-noun-0]|TX|2470/5,2486/4|
00000000|MMI|3.43|Assessment of passive right knee joint movement|C0517665|[hlca]|["knee right"-tx-55-"right knee"-noun-0]|TX|2470/5,2486/4|
00000000|MMI|3.43|Entire right knee|C1279571|[bpoc]|["Right knee"-tx-55-"right knee"-noun-0]|TX|2470/5,2486/4|
00000000|MMI|3.43|Structure of right knee|C0230431|[bpoc]|["Right knee"-tx-55-"right knee"-noun-0]|TX|2470/5,2486/4|
00000000|MMI|3.43|Cardiologist|C0175906|[prog]|["Cardiologist"-tx-69-"cardiologist"-noun-0]|TX|3788/12|
00000000|MMI|3.43|Irregular|C0205271|[qlco]|["Irregular"-tx-50-"irregular"-adj-0]|TX|1731/9|
00000000|MMI|3.43|Non-healed|C0205301|[ftcn]|["Non-healing"-tx-6-"nonhealing"-adj-0]|TX|320/10|
00000000|MMI|3.42|70%|C3842584|[fndg]|["70%"-tx-7-"70"-integer-0]|TX|603/2|
00000000|MMI|3.42|Disease classification level|C0456079|[clas]|["Level"-tx-8-"level"-noun-0]|TX|747/5|
00000000|MMI|3.42|Floor - story of building|C1547707|[geoa]|["Level"-tx-8-"level"-noun-0]|TX|747/5|
00000000|MMI|3.42|Level|C2946261|[phsu]|["Level"-tx-8-"level"-noun-0]|TX|747/5|
00000000|MMI|3.42|Levels (qualifier value)|C0441889|[qlco]|["Level"-tx-8-"level"-noun-0]|TX|747/5|
00000000|MMI|3.42|Long|C0205166|[qlco]|["Long"-tx-8-"long"-adj-0]|TX|715/4|
00000000|MMI|3.42|Long Variable|C1706317|[qlco]|["Long"-tx-8-"long"-adj-0]|TX|715/4|
00000000|MMI|3.42|Body tissue patch material|C1533128|[bodm]|["Patch"-tx-56-"patch"-noun-0]|TX|2588/5|
00000000|MMI|3.42|Human patch material|C0445403|[bodm]|["Patch"-tx-56-"patch"-noun-0]|TX|2588/5|
00000000|MMI|3.42|Patch - Extended Release Film|C1707974|[bodm]|["PATCH"-tx-56-"patc