00000000|MMI|7.28|Signature|C1519316|[inpr]|["Signed"-tx-1-"Signed"-noun-0]|TX|[85/6],[140/6]|
00000000|MMI|7.28|signed - ParticipationSignature|C1561610|[inpr]|["signed"-tx-1-"Signed"-noun-0]|TX|[85/6],[140/6]|
00000000|MMI|3.65|Report status|C0586177|[fndg]|["Report status"-tx-1-"Report Status"-noun-0]|TX|125/13|
00000000|MMI|3.64|10 - 12|C3843787|[fndg]|["10 - 12"-tx-1-"10 12"-fraction-0]|TX|40/2,51/2|
00000000|MMI|3.63|Admission date:Time Stamp -- Date and Time:Point in time:^Patient:Quantitative|C2598112|[clna]|["Admission date"-tx-1-"Admission Date"-noun-0]|TX|100/14|
00000000|MMI|3.63|Date of admission|C1302393|[tmco]|["Admission date"-tx-1-"Admission Date"-noun-0]|TX|100/14|
00000000|MMI|3.59|Pyrexia of unknown origin (excl puerperal)|C0856281|[sosy]|["puo"-tx-1-"PUO"-noun-0]|TX|12/3|
00000000|MMI|3.48|Discharge summarization note:Finding:Point in time:{Setting}:Document:{Provider}|C0801840|[clna]|["Discharge summary"-tx-1-"Discharge Summary"-noun-0]|TX|65/17|
00000000|MMI|3.48|Discharge summary|C0743221|[inpr]|["Discharge summary"-tx-1-"Discharge Summary"-noun-0]|TX|65/17|
00000000|MMI|3.46|Diagnostic interview schedule|C0451119|[inpr]|["DIS"-tx-1-"DIS"-noun-0]|TX|94/3|
00000000|MMI|3.46|Discontinued|C1444662|[fndg]|["DIS"-tx-1-"DIS"-noun-0]|TX|94/3|
00000000|MMI|117.86|Percutaneous Transluminal Coronary Angioplasty|C2936173|[topp]|["PTCA"-tx-11-"PTCA"-noun-0,"PTCA"-tx-7-"PTCA"-noun-0,"PTCA"-tx-6-"PTCA"-noun-0,"PTCA"-tx-4-"PTCA"-noun-0]|TX|1270/4;[595/4],[618/4];433/4;192/4|E02.148.050.060.100;E04.100.376.719.100;E04.100.814.529.124.060.100;E04.100.814.529.968.050;E04.502.382.124.060.100;E04.502.382.968.050;E04.928.220.520.100;E05.157.016.060.100
00000000|MMI|61.19|Aspirin|C0004057|[orch,phsu]|["ASPIRIN"-tx-31-"aspirin"-noun-0,"ASPIRIN"-tx-15-"aspirin"-noun-0]|TX|3025/7;1623/7|D02.455.426.559.389.657.410.595.176
00000000|MMI|54.24|Togo|C0040363|[geoa]|["TO"-tx-38-"to"-adv-0,"TO"-tx-37-"to"-adv-0,"TO"-tx-11-"to"-adv-0]|TX|3645/2;3509/2;1156/2|Z01.058.290.190.800
00000000|MMI|54.24|Tryptophanase|C0041260|[aapp,enzy]|["TO"-tx-38-"to"-adv-0,"TO"-tx-37-"to"-adv-0,"TO"-tx-11-"to"-adv-0]|TX|3645/2;3509/2;1156/2|D08.811.520.224.800
00000000|MMI|49.71|Chest Pain|C0008031|[sosy]|["CHEST PAIN"-tx-9-"chest pain"-noun-0,"CHEST PAIN"-tx-7-"chest pain"-noun-0]|TX|[783/10],[855/10];472/10|C10.597.617.192;C23.888.592.612.233
00000000|MMI|49.54|Exercise stress test|C0015260|[diap]|["stress test"-tx-8-"stress test"-noun-0,"stress test"-tx-7-"stress test"-noun-0,"Exercise tolerance test NOS"-tx-5-"exercise tolerance test"-noun-0]|TX|682/11;540/11;275/23|E01.370.370.380.250;E01.370.386.700.250;E05.333.250
00000000|MMI|49.25|Postoperative Period|C0032790|[tmco]|["Postoperative"-tx-37-"postoperative"-noun-0,"Postoperative"-tx-34-"postoperative"-noun-0,"Postoperative"-tx-29-"postoperative"-adj-0]|TX|3470/13;3234/13;2846/13|E04.614.750;N02.421.585.753.750
00000000|MMI|44.63|Intra-Aortic Balloon Pumping|C0021860|[topp]|["intra-aortic balloon pump"-tx-30-"intra-aortic balloon pump"-noun-0,"intra-aortic balloon pump"-tx-24-"intra-aortic balloon pump"-noun-0,"intra-aortic balloon pump"-tx-12-"intra-aortic balloon pump"-noun-0]|TX|2909/25;2221/25;1339/25|E04.050.215.400
00000000|MMI|39.57|Physicians|C0031831|[prog]|["PHYSICIAN"-tx-41-"physician"-noun-0,"DR"-tx-40-"Dr"-noun-0,"DR"-tx-26-"Dr"-noun-0]|TX|3972/9;3941/2;2631/2|M01.526.485.810;N02.360.810
00000000|MMI|38.81|Lopressor|C0700776|[orch,phsu]|["Lopressor"-tx-39-"Lopressor"-noun-0,"Lopressor"-tx-31-"Lopressor"-noun-0]|TX|3803/9;3011/9|D02.033.100.624.698.573;D02.033.755.624.698.573;D02.092.063.624.698.573
00000000|MMI|35.81|heart rate|C0018810|[clna]|["Heart Rate"-tx-20-"heart rate"-noun-0,"Heart Rate"-tx-18-"heart rate"-noun-0]|TX|1897/10;1756/10|E01.370.600.875.500;G09.330.380.500
00000000|MMI|34.36|Patients|C0030705|[podg]|["*^patient"-tx-27-"patient"-noun-0,"*^patient"-tx-24-"patient"-noun-0,"*^patient"-tx-12-"patient"-noun-0,"*^patient"-tx-11-"patient"-noun-0]|TX|2683/7;2123/7;1384/7;1103/7|M01.643
00000000|MMI|32.76|Stress Test|C3494508|[diap]|["Stress Test"-tx-8-"stress test"-noun-0,"Stress Test"-tx-7-"stress test"-noun-0]|TX|682/11;540/11|E01.370.370.380.250;E01.370.386.700.250;E05.333.250
00000000|MMI|32.56|Mastodynia|C0024902|[sosy]|["Pain in the breast"-tx-12-"chest pain in the"-noun-0,"of breast pain"-tx-11-"of chest pain"-noun-0]|TX|1307/17;1058/2,1069/10|C10.597.617.229;C23.888.592.612.530;F02.830.816.308;G11.561.600.810.308
00000000|MMI|32.43|Dominican Republic|C0013014|[geoa]|["DR"-tx-40-"Dr"-noun-0,"DR"-tx-26-"Dr"-noun-0]|TX|3941/2;2631/2|Z01.107.084.900.300;Z01.639.880.300
00000000|MMI|27.26|Naprosyn|C0700017|[orch,phsu]|["Naprosyn"-tx-15-"Naprosyn"-noun-0]|TX|1612/8|D02.455.426.559.847.638.472.500;D04.615.638.472.450
00000000|MMI|26.74|Prozac|C0162373|[orch,phsu]|["PROzac"-tx-39-"Prozac"-noun-0,"PROzac"-tx-15-"Prozac"-noun-0]|TX|3782/6;1633/6|D02.092.831.280
00000000|MMI|26.50|Bradycardia|C0428977|[patf]|["BRADYCARDIA"-tx-23-"bradycardia"-noun-0,"BRADYCARDIA"-tx-10-"bradycardia"-noun-0]|TX|2048/11;1037/11|C14.280.067.319;C23.550.073.300
00000000|MMI|25.96|Mongolia|C0026410|[geoa]|["MG"-tx-39-"mg"-noun-0]|TX|[3816/2],[3895/2]|Z01.252.474.651
00000000|MMI|25.65|Ancef|C0700926|[antb,orch]|["Ancef"-tx-31-"Ancef"-noun-0]|TX|3050/5|D02.065.589.099.249.160;D02.886.665.074.160;D04.075.080.875.099.221.249.160
00000000|MMI|24.11|Adrenergic beta-Antagonists|C0001645|[phsu]|["Beta blockers"-tx-10-"beta blockers"-noun-0]|TX|968/13|D27.505.519.625.050.200.200;D27.505.696.577.050.200.200
00000000|MMI|24.11|Angina, Unstable|C0002965|[dsyn]|["Angina, Unstable"-tx-2-"Unstable angina"-noun-0]|TX|50/15|C10.597.617.192.500.150;C14.280.647.187.150;C14.907.585.187.150;C23.888.592.612.233.500.150
00000000|MMI|21.36|Abortion consent:Finding:Point in time:^Patient:Document|C2360836|[clna]|["Patient"-tx-27-"patient"-noun-0,"Patient"-tx-24-"patient"-noun-0,"Patient"-tx-12-"patient"-noun-0,"Patient"-tx-11-"patient"-noun-0]|TX|2683/7;2123/7;1384/7;1103/7|
00000000|MMI|21.36|Hysterectomy consent:Finding:Point in time:^Patient:Document|C2360838|[clna]|["Patient"-tx-27-"patient"-noun-0,"Patient"-tx-24-"patient"-noun-0,"Patient"-tx-12-"patient"-noun-0,"Patient"-tx-11-"patient"-noun-0]|TX|2683/7;2123/7;1384/7;1103/7|
00000000|MMI|21.36|Sterilization consent:Finding:Point in time:^Patient:Document|C2360840|[clna]|["Patient"-tx-27-"patient"-noun-0,"Patient"-tx-24-"patient"-noun-0,"Patient"-tx-12-"patient"-noun-0,"Patient"-tx-11-"patient"-noun-0]|TX|2683/7;2123/7;1384/7;1103/7|
00000000|MMI|20.95|Bone Wires|C0005978|[medd]|["Wires"-tx-35-"wires"-noun-0]|TX|3395/5|E07.695.370.468;E07.858.442.660.460.468;E07.858.690.725.460.468
00000000|MMI|20.95|Patient Discharge|C0030685|[hlca]|["Discharged"-tx-38-"discharged"-verb-0]|TX|3629/10|E02.204.125;E02.760.400.610;N02.421.192.125;N02.421.585.400.610;N04.590.233.727.210.125
00000000|MMI|20.75|Catheterization|C0007430|[topp]|["Catheterization"-tx-24-"catheterization"-noun-0,"Catheterization"-tx-7-"catheterization"-noun-0,"Catheterization"-tx-5-"catheterization"-noun-0]|TX|2183/15;554/15;333/15|E02.148;E05.157
00000000|MMI|19.69|Laboratory|C0022877|[mnob,orgt]|["Lab"-tx-12-"lab"-noun-0,"Lab"-tx-11-"lab"-noun-0]|TX|1330/3;1142/3|N02.278.487
00000000|MMI|19.41|Weaning|C0043084|[fndg]|["Weaned"-tx-30-"weaned"-verb-0]|TX|2939/6|G07.203.650.220.500.750;G07.203.650.593.762;G07.700.620.762
00000000|MMI|19.36|Lasix|C0699992|[orch,phsu]|["Lasix"-tx-32-"Lasix"-noun-0]|TX|3086/5|D02.065.884.725.300;D02.092.146.807.300;D02.886.590.700.725.300
00000000|MMI|19.19|Cipro|C0701042|[orch,phsu]|["Cipro"-tx-39-"Cipro"-noun-0]|TX|3885/5|D03.438.810.835.322.186
00000000|MMI|19.05|Good|C0205170|[qlco]|["Well"-tx-33-"well"-adv-0,"Well"-tx-32-"well"-adv-0,"Well"-tx-27-"well"-adv-0,"Well"-tx-8-"well"-adv-0]|TX|[3139/4],[3225/4];3119/4;2715/4;663/4|
00000000|MMI|19.05|Well|C3146287|[mnob]|["Well"-tx-33-"well"-adv-0,"Well"-tx-32-"well"-adv-0,"Well"-tx-27-"well"-adv-0,"Well"-tx-8-"well"-adv-0]|TX|[3139/4],[3225/4];3119/4;2715/4;663/4|
00000000|MMI|17.80|Electrocardiogram|C0013798|[fndg]|["EKG"-tx-23-"EKG"-noun-0]|TX|2019/3|E01.370.370.380.240;E01.370.405.240
00000000|MMI|17.80|Electrocardiography|C1623258|[diap]|["EKG"-tx-23-"EKG"-noun-0]|TX|2019/3|E01.370.370.380.240;E01.370.405.240
00000000|MMI|17.80|Sternum|C0038293|[bpoc]|["STERNUM"-tx-35-"sternum"-noun-0]|TX|3352/7|A02.835.232.904.766
00000000|MMI|16.37|Coronary Artery Bypass Surgery|C0010055|[topp]|["Coronary Artery Bypass Grafting"-tx-25-"coronary artery bypass grafting"-noun-0]|TX|2355/31|E04.100.376.719.332;E04.100.814.868.750;E04.928.220.520.220
00000000|MMI|16.23|Pain|C0030193|[sosy]|["PAIN"-tx-39-"pain"-noun-0]|TX|3878/4|C10.597.617;C23.888.592.612;F02.830.816.444;G11.561.600.810.444
00000000|MMI|16.22|Blood Pressure|C0005823|[orgf]|["BLOOD PRESSURE"-tx-18-"blood pressure"-noun-0]|TX|1775/14|E01.370.600.875.249;G09.330.380.076
00000000|MMI|16.22|Systemic arterial pressure|C1272641|[fndg]|["Blood pressure"-tx-18-"blood pressure"-noun-0]|TX|1775/14|G09.330.380.076.347
00000000|MMI|16.21|Structure of transverse sinus|C0226864|[bsoj]|["Lateral sinus"-tx-23-"sinus lateral"-noun-0]|TX|2042/5,2065/7|A07.231.908.224.833
00000000|MMI|16.16|Iodides|C0021966|[inch]|["I-"-tx-10-"I"-noun-0]|TX|931/1|D01.248.497.158.490;D01.475.410
00000000|MMI|16.12|Coronary Arteriosclerosis|C0010054|[dsyn]|["coronary artery disease"-tx-13-"coronary artery disease"-noun-0]|TX|1464/23|C14.280.647.250.260;C14.907.137.126.339;C14.907.585.250.260
00000000|MMI|16.12|Coronary Artery Disease|C1956346|[dsyn]|["CORONARY ARTERY DISEASE"-tx-13-"coronary artery disease"-noun-0]|TX|1464/23|C14.280.647.250.260;C14.907.137.126.339;C14.907.585.250.260
00000000|MMI|16.12|Ivory Coast|C0022326|[geoa]|["IV"-tx-10-"IV"-noun-0]|TX|986/2|Z01.058.290.190.272
00000000|MMI|16.05|Saint Lucia|C0036056|[geoa]|["ST"-tx-23-"ST"-noun-0]|TX|2073/2|Z01.107.084.900.825;Z01.639.880.825
00000000|MMI|15.79|Collapsible balloon, device|C2939463|[medd]|["Intra-aortic balloon pump"-tx-30-"intra-aortic balloon pump"-noun-0,"Intra-aortic balloon pump"-tx-24-"intra-aortic balloon pump"-noun-0,"Intra-aortic balloon pump"-tx-12-"intra-aortic balloon pump"-noun-0]|TX|2909/25;2221/25;1339/25|
00000000|MMI|15.79|Intra-aortic balloon pump device|C0702122|[medd]|["intraaortic balloon pump"-tx-30-"intra-aortic balloon pump"-noun-0,"intraaortic balloon pump"-tx-24-"intra-aortic balloon pump"-noun-0,"intraaortic balloon pump"-tx-12-"intra-aortic balloon pump"-noun-0]|TX|2909/25;2221/25;1339/25|
00000000|MMI|15.79|To|C1883351|[qlco]|["To"-tx-38-"to"-adv-0,"To"-tx-37-"to"-adv-0,"To"-tx-11-"to"-adv-0]|TX|3645/2;3509/2;1156/2|
00000000|MMI|15.59|Daily|C0332173|[tmco]|["/day"-tx-39-"day"-noun-0,"/day"-tx-37-"day"-noun-0,"/day"-tx-34-"day"-noun-0]|TX|[3776/3],[3797/3];3484/3;3248/3|
00000000|MMI|15.59|day|C0439228|[tmco]|["DAY"-tx-39-"day"-noun-0,"DAY"-tx-37-"day"-noun-0,"DAY"-tx-34-"day"-noun-0]|TX|[3776/3],[3797/3];3484/3;3248/3|
00000000|MMI|15.59|per day|C0439505|[tmco]|["/day"-tx-39-"day"-noun-0,"/day"-tx-37-"day"-noun-0,"/day"-tx-34-"day"-noun-0]|TX|[3776/3],[3797/3];3484/3;3248/3|
00000000|MMI|14.92|Taken|C1883727|[cnce]|["Taken"-tx-28-"taken"-verb-0,"Taken"-tx-25-"taken"-verb-0,"Taken"-tx-24-"taken"-verb-0,"Taken"-tx-11-"taken"-verb-0]|TX|2728/5;2306/5;2260/5;1115/5|
00000000|MMI|14.64|Abdominal Cavity|C0230168|[blor]|["Abdomen"-tx-21-"abdomen"-noun-0]|TX|1960/7|A01.923.047.025
00000000|MMI|14.64|Chest|C0817096|[blor]|["CHEST"-tx-19-"Chest"-noun-0]|TX|1861/5|A01.923.761;A02.835.232.904
00000000|MMI|14.64|Diltiazem|C0012373|[orch,phsu]|["DILTIAZEM"-tx-15-"Diltiazem"-noun-0]|TX|1600/9|D03.438.079.150
00000000|MMI|14.64|Mental Depression|C0011570|[mobd]|["DEPRESSION"-tx-13-"depression"-noun-0]|TX|1505/10|F01.145.126.350
00000000|MMI|14.64|Vancomycin|C0042313|[aapp,antb]|["VANCOMYCIN"-tx-36-"Vancomycin"-noun-0]|TX|3455/10|D09.400.420.925;D12.644.233.925;x.x.x.x
00000000|MMI|14.56|Continuous|C0549178|[idcn]|["Continued"-tx-37-"continued"-verb-0,"Continued"-tx-31-"continued"-verb-0,"Continuing"-tx-12-"continuing"-adj-0,"ONGOING"-tx-11-"ongoing"-adj-0]|TX|3499/9;3037/9;1296/10;1061/7|
00000000|MMI|13.44|N,N-bis(2-hydroxyethyl)aminoethanesulfonic acid|C0053353|[irda,orch]|["BES"-tx-43-"BESS"-noun-0]|TX|4004/4|x.x.x.x
00000000|MMI|13.22|Diet|C0012155|[food]|["regular diet?"-tx-33-"regular diet"-noun-0]|TX|3212/12|G07.203.650.240
00000000|MMI|13.05|Operating Room|C0029064|[hcro,mnob]|["OPERATING ROOM"-tx-25-"operating room"-noun-0]|TX|2319/14|N02.278.388.700
00000000|MMI|13.02|Recurrence|C0034897|[phpr]|["recurred"-tx-7-"recurred"-verb-0]|TX|483/8|C23.550.291.937
00000000|MMI|12.96|Coronary heart disease|C0010068|[dsyn]|["Coronary (artery) disease"-tx-13-"coronary artery disease"-noun-0]|TX|1464/23|C14.280.647.250;C14.907.585.250
00000000|MMI|12.91|Auscultation|C0004339|[diap]|["AUSCULTATION"-tx-19-"auscultation"-noun-0]|TX|1879/12|E01.370.600.060
00000000|MMI|12.91|Diuresis|C0012797|[ortf]|["Diuresis"-tx-32-"diuresis"-noun-0]|TX|3096/8|G08.852.796.241
00000000|MMI|12.89|Caucasoid Race|C0007457|[popg]|["WHITE"-tx-17-"white"-adj-0]|TX|1714/5|M01.686.508.400
00000000|MMI|12.37|Show|C1547282|[anim]|["Show"-tx-23-"shows"-verb-0,"Show"-tx-7-"showed"-verb-0,"Show"-tx-5-"showed"-verb-0]|TX|2036/5;570/6;355/6|
00000000|MMI|11.49|Abdomen|C0000726|[blor]|["ABDOMEN"-tx-21-"abdomen"-noun-0]|TX|1960/7|A01.923.047
00000000|MMI|11.49|Cardiopulmonary Bypass|C0007202|[topp]|["cardio pulmonary bypass"-tx-25-"cardiopulmonary bypass"-noun-0]|TX|2585/22|E04.292.413
00000000|MMI|11.49|Chest Tubes|C0008034|[medd]|["Chest Tubes"-tx-33-"chest tubes"-noun-0]|TX|3156/11|E07.858.150
00000000|MMI|11.49|Complication Aspects|C1171258|[patf]|["complications"-tx-27-"complications"-noun-1]|TX|2661/13|x.x.x
00000000|MMI|11.49|Depressive disorder|C0011581|[mobd]|["-- Depression"-tx-13-"depression"-noun-0]|TX|1505/10|F03.600.300
00000000|MMI|11.49|Heart murmur|C0018808|[fndg]|["MURMUR"-tx-20-"murmur"-noun-1]|TX|1948/6|C23.888.447
00000000|MMI|11.49|Hypertensive disease|C0020538|[dsyn]|["HYPERTENSION"-tx-13-"hypertension"-noun-0]|TX|1490/12|C14.907.489
00000000|MMI|11.49|Physical Examination|C0031809|[hlca]|["PHYSICAL EXAMINATION"-tx-17-"PHYSICAL EXAMINATION"-noun-0]|TX|1684/20|E01.370.600
00000000|MMI|11.26|Chest pain:Finding:Point in time:^Patient:Ordinal|C2926613|[clna]|["Chest pain"-tx-9-"chest pain"-noun-0,"Chest pain"-tx-7-"chest pain"-noun-0]|TX|[783/10],[855/10];472/10|
00000000|MMI|11.10|Present|C0150312|[qnco]|["Found"-tx-11-"found"-verb-0,"Present"-tx-9-"presents"-verb-0,"Present"-tx-4-"present"-verb-0]|TX|1150/5;830/8;209/7|
00000000|MMI|10.81|60%|C3842585|[fndg]|["60%"-tx-18-"60"-fraction-0,"60%"-tx-11-"60"-percentage-0,"60%"-tx-5-"60"-percentage-0]|TX|1797/2;1203/2;403/2|
00000000|MMI|10.49|1990s|C0681758|[tmco]|["1990s"-tx-7-"1990"-integer-0,"1990s"-tx-5-"1990"-integer-0,"1990s"-tx-4-"1990"-integer-0]|TX|507/4;313/4;200/4|
00000000|MMI|10.42|Doctor of Medicine|C1512018|[inpr]|["M.D."-tx-45-"M.D"-noun-0,"M.D."-tx-43-"M.D"-noun-0]|TX|4053/3;4011/3|
00000000|MMI|10.42|Include (action)|C2700399|[acty]|["Include"-tx-39-"Include"-verb-0,"Include"-tx-15-"include"-verb-0]|TX|3738/7;1592/7|
00000000|MMI|10.42|Including (qualifier)|C0332257|[ftcn]|["include"-tx-39-"Include"-verb-0,"include"-tx-15-"include"-verb-0]|TX|3738/7;1592/7|
00000000|MMI|10.42|Medications:-:Point in time:^Patient:-|C2598133|[clna]|["Medications"-tx-15-"MEDICATIONS"-noun-0,"Medications"-tx-15-"medications"-noun-0]|TX|1550/11;1567/11|
00000000|MMI|10.42|Medications:Presence or Identity:Duration of the study:^Patient:Nominal|C0802604|[clna]|["Medications"-tx-15-"MEDICATIONS"-noun-0,"Medications"-tx-15-"medications"-noun-0]|TX|1550/11;1567/11|
00000000|MMI|10.42|On admission|C0457453|[tmco]|["On admission"-tx-23-"on admission"-adj-0,"On admission"-tx-15-"on admission"-adj-0]|TX|2023/12;1579/12|
00000000|MMI|10.42|Pharmaceutical Preparations|C0013227|[phsu]|["Medications"-tx-15-"MEDICATIONS"-noun-0,"Medications"-tx-15-"medications"-noun-0]|TX|1550/11;1567/11|D26
00000000|MMI|10.42|include - SetOperator|C1552866|[idcn]|["include"-tx-39-"Include"-verb-0,"include"-tx-15-"include"-verb-0]|TX|3738/7;1592/7|
00000000|MMI|10.28|Patient Monitoring|C0030695|[hlca]|["monitor"-tx-38-"monitored"-verb-0]|TX|3696/9|E01.370.520
00000000|MMI|10.09|General Anesthesia|C0002915|[topp]|["General anaesthesia"-tx-25-"general anesthesia"-noun-0]|TX|2549/7,2570/10|E03.155.197
00000000|MMI|10.06|Anesthesia, Endotracheal|C0002919|[topp]|["Endotracheal anaesthesia"-tx-25-"endotracheal anesthesia"-noun-0]|TX|2557/23|E03.155.253
00000000|MMI|10.06|Drug Allergy|C0013182|[dsyn]|["Drug Allergies"-tx-16-"drug allergies"-noun-1]|TX|1668/14|C20.543.206;C25.100.468
00000000|MMI|9.99|Hypotension|C0020649|[fndg]|["Low Blood Pressure"-tx-10-"low blood pressure"-noun-0]|TX|1014/18|C14.907.514
00000000|MMI|9.87|Beds|C0004916|[mnob]|["Bed"-tx-30-"bed"-noun-0]|TX|2983/3|E07.325.220
00000000|MMI|9.85|Tracheal Extubation|C0553891|[topp]|["Extubate"-tx-29-"extubated"-verb-0]|TX|2874/9|E02.041.249;E05.008
00000000|MMI|8.34|Hypersensitivity|C0020517|[patf]|["Allergies"-tx-16-"ALLERGIES"-noun-0]|TX|1641/9|C20.543
00000000|MMI|7.58|Clinical Study Follow-up|C3274571|[hlca]|["FOLLOW-UP"-tx-40-"follow up"-adj-0,"FOLLOW-UP"-tx-38-"followed up"-verb-0]|TX|3926/9;3651/11|
00000000|MMI|7.58|Follow-Up Report|C1704685|[inpr]|["Follow-Up"-tx-40-"follow up"-adj-0,"Follow-Up"-tx-38-"followed up"-verb-0]|TX|3926/9;3651/11|
00000000|MMI|7.58|Follow-up status|C0589120|[fndg]|["Follow-up"-tx-40-"follow up"-adj-0,"Follow-up"-tx-38-"followed up"-verb-0]|TX|3926/9;3651/11|
00000000|MMI|7.58|follow-up|C1522577|[hlca]|["Follow Up"-tx-40-"follow up"-adj-0,"Follow Up"-tx-38-"followed up"-verb-0]|TX|3926/9;3651/11|
00000000|MMI|7.53|Started|C1272689|[qlco]|["Started"-tx-36-"started"-verb-0,"Started"-tx-31-"started"-verb-0]|TX|3444/7;3000/7|
00000000|MMI|7.50|Hemodynamically stable|C0578150|[fndg]|["Hemodynamically stable"-tx-37-"hemodynamically stable"-adj-0,"Hemodynamically stable"-tx-29-"hemodynamically stable"-adj-0]|TX|3528/22;2808/22|
00000000|MMI|7.47|sternal injury|C1112727|[inpo]|["Sternal Wound"-tx-38-"sternal wound"-noun-0,"Sternal Wound"-tx-34-"sternal wound"-noun-0]|TX|3589/13;3333/13|
00000000|MMI|7.47|Bradycardia by ECG Finding|C3812171|[fndg]|["BRADYCARDIA"-tx-23-"bradycardia"-noun-0,"BRADYCARDIA"-tx-10-"bradycardia"-noun-0]|TX|2048/11;1037/11|
00000000|MMI|7.47|Removed|C0849355|[qlco]|["Removed"-tx-33-"removed"-verb-0,"Removed"-tx-30-"removed"-verb-0]|TX|3168/7;2968/7|
00000000|MMI|7.27|Gender Status - Intact|C1554187|[fndg]|["Intact"-tx-35-"intact"-adj-0,"Intact"-tx-22-"intact"-adj-0]|TX|3414/6;2007/6|
00000000|MMI|7.27|Intact|C0205266|[qlco]|["Intact"-tx-35-"intact"-adj-0,"Intact"-tx-22-"intact"-adj-0]|TX|3414/6;2007/6|
00000000|MMI|7.14|Presentation|C0449450|[idcn]|["Present"-tx-9-"presents"-verb-0,"Present"-tx-4-"present"-verb-0]|TX|830/8;209/7|
00000000|MMI|7.06|Five|C0205451|[qnco]|["Five"-tx-39-"five"-word_numeral-0,"Five"-tx-34-"five"-word_numeral-0]|TX|3907/4;3252/4|
00000000|MMI|7.05|Hospital admission|C0184666|[hlca]|["admitted hospital"-tx-24-"admitted hospital"-noun-0,"Admission"-tx-9-"admission"-noun-0]|TX|2135/8,2151/8;898/9|
00000000|MMI|7.05|Delayed Release Dosage Form|C1707664|[bodm]|["DR"-tx-40-"Dr"-noun-0,"DR"-tx-26-"Dr"-noun-0]|TX|3941/2;2631/2|
00000000|MMI|7.05|Device to Subject Relationship Domain|C3540849|[inpr]|["DR"-tx-40-"Dr"-noun-0,"DR"-tx-26-"Dr"-noun-0]|TX|3941/2;2631/2|
00000000|MMI|7.05|Doctor - Title|C2348314|[cnce]|["Dr."-tx-40-"Dr"-noun-0,"Dr."-tx-26-"Dr"-noun-0]|TX|3941/2;2631/2|
00000000|MMI|7.04|Post|C0687676|[tmco]|["Post"-tx-28-"post"-adj-0,"Status Post"-tx-4-"status post"-prep-0]|TX|2741/4;180/11|
00000000|MMI|6.96|Right coronary artery structure|C1261316|[bpoc]|["Right Coronary Artery"-tx-11-"right coronary artery"-noun-0,"Right Coronary Artery"-tx-6-"right coronary artery"-noun-0]|TX|1248/21;445/21|
00000000|MMI|6.93|Positive|C1446409|[qlco]|["Positive"-tx-7-"positive"-adj-0,"Positive"-tx-5-"positive"-adj-0]|TX|531/8;266/8|
00000000|MMI|6.93|Positive Charge|C2825490|[qlco]|["Positive"-tx-7-"positive"-adj-0,"Positive"-tx-5-"positive"-adj-0]|TX|531/8;266/8|
00000000|MMI|6.93|Positive Finding|C1514241|[fndg]|["POSITIVE"-tx-7-"positive"-adj-0,"POSITIVE"-tx-5-"positive"-adj-0]|TX|531/8;266/8|
00000000|MMI|6.93|Positive Number|C3812269|[cnce]|["Positive"-tx-7-"positive"-adj-0,"Positive"-tx-5-"positive"-adj-0]|TX|531/8;266/8|
00000000|MMI|6.93|percent positive cells|C0439178|[qnco]|["% Positive"-tx-7-"positive"-adj-0,"% Positive"-tx-5-"positive"-adj-0]|TX|531/8;266/8|
00000000|MMI|6.93|100%|C3817553|[qnco]|["100%"-tx-18-"100"-fraction-0,"100%"-tx-5-"100"-percentage-0]|TX|1793/3;362/3|
00000000|MMI|6.93|Magnesium Cation|C2346927|[elii,phsu]|["Mg++"-tx-39-"mg"-noun-0]|TX|[3816/2],[3895/2]|
00000000|MMI|6.93|Milligram percent|C1960952|[qnco]|["mg %"-tx-39-"mg"-noun-0]|TX|[3816/2],[3895/2]|
00000000|MMI|6.93|mg/dL|C0439269|[qnco]|["mg%"-tx-39-"mg"-noun-0]|TX|[3816/2],[3895/2]|
00000000|MMI|6.89|Borg Category-Ratio 10 Perceived Exertion Score 3|C4049706|[inpr]|["Moderate"-tx-34-"moderate"-adj-0,"Moderate"-tx-17-"moderate"-adj-0]|TX|3261/8;1733/8|
00000000|MMI|6.89|Moderate (severity modifier)|C0205081|[qlco]|["Moderate"-tx-34-"moderate"-adj-0,"Moderate"-tx-17-"moderate"-adj-0]|TX|3261/8;1733/8|
00000000|MMI|6.89|Moderate Extremity Pain|C4049705|[inpr]|["Moderate"-tx-34-"moderate"-adj-0,"Moderate"-tx-17-"moderate"-adj-0]|TX|3261/8;1733/8|
00000000|MMI|6.89|Moderation|C1881878|[qlco]|["MODERATE"-tx-34-"moderate"-adj-0,"MODERATE"-tx-17-"moderate"-adj-0]|TX|3261/8;1733/8|
00000000|MMI|6.89|Anatomic Site|C1515974|[blor]|["Site"-tx-11-"site"-noun-0,"Site"-tx-7-"site"-noun-0]|TX|1275/4;600/4|
00000000|MMI|6.89|Site|C0205145|[spco]|["Site"-tx-11-"site"-noun-0,"Site"-tx-7-"site"-noun-0]|TX|1275/4;600/4|
00000000|MMI|6.89|Study Site|C2825164|[spco]|["Site"-tx-11-"site"-noun-0,"Site"-tx-7-"site"-noun-0]|TX|1275/4;600/4|
00000000|MMI|6.89|Last|C1517741|[qlco]|["Last"-tx-9-"last"-adj-0]|TX|[728/4],[875/4]|
00000000|MMI|6.58|Drainage procedure|C0013103|[topp]|["Drainage"-tx-34-"drainage"-noun-0]|TX|3284/8|E02.309;E04.237
00000000|MMI|6.57|Minor (person)|C0026193|[popg]|["Minor"-tx-11-"minor"-adj-0]|TX|1220/5|M01.416
00000000|MMI|5.18|1+|C3816745|[fndg]|["1+"-tx-1-"1"-integer-0]|TX|47/1|
00000000|MMI|5.18|1+ Score|C2827734|[qnco]|["1+"-tx-1-"1"-integer-0]|TX|47/1|
00000000|MMI|5.18|1+ Score, WHO|C2981698|[clas]|["1+"-tx-1-"1"-integer-0]|TX|47/1|
00000000|MMI|5.18|Anterior thoracic region|C1527391|[blor]|["Chest"-tx-19-"Chest"-noun-0]|TX|1861/5|
00000000|MMI|5.18|Apyrexial|C0277797|[fndg]|["Afebrile"-tx-37-"afebrile"-adj-0]|TX|3515/8|
00000000|MMI|5.18|Benign|C0205183|[qlco]|["BENIGN"-tx-21-"benign"-adj-0]|TX|1971/6|
00000000|MMI|5.18|Carotid bruit|C0007280|[fndg]|["carotid bruits"-tx-18-"carotid bruits"-noun-1]|TX|1845/14|
00000000|MMI|5.18|Cleaning (activity)|C1947930|[acty]|["Clean"-tx-38-"clean"-adj-0]|TX|3612/5|
00000000|MMI|5.18|Complication|C0009566|[patf]|["Complications"-tx-27-"complications"-noun-1]|TX|2661/13|
00000000|MMI|5.18|Depressed mood|C0344315|[fndg]|["depression"-tx-13-"depression"-noun-0]|TX|1505/10|
00000000|MMI|5.18|Depression Scale (BASC-2)|C4049644|[inpr]|["Depression"-tx-13-"depression"-noun-0]|TX|1505/10|
00000000|MMI|5.18|Depression motion|C0460137|[ftcn]|["Depression"-tx-13-"depression"-noun-0]|TX|1505/10|
00000000|MMI|5.18|Discharge date|C2361123|[tmco]|["Discharge date"-tx-1-"Discharge Date"-noun-0]|TX|0/14|
00000000|MMI|5.18|Discharge date:Time Stamp -- Date and Time:Point in time:^Patient:Quantitative|C2361122|[clna]|["Discharge date"-tx-1-"Discharge Date"-noun-0]|TX|0/14|
00000000|MMI|5.18|Entire abdomen|C1281594|[bpoc]|["Abdomen"-tx-21-"abdomen"-noun-0]|TX|1960/7|
00000000|MMI|5.18|Entire sternum|C1279580|[bpoc]|["Sternum"-tx-35-"sternum"-noun-0]|TX|3352/7|
00000000|MMI|5.18|Entity Name Part Type - given|C1550718|[idcn]|["given"-tx-32-"given"-verb-0]|TX|3080/5|
00000000|MMI|5.18|GIVEN|C1442162|[cnce]|["GIVEN"-tx-32-"given"-verb-0]|TX|3080/5|
00000000|MMI|5.18|Give - dosing instruction imperative|C1947971|[ftcn]|["Given"-tx-32-"given"-verb-0]|TX|3080/5|
00000000|MMI|5.18|Given name|C3244317|[inpr]|["given"-tx-32-"given"-verb-0]|TX|3080/5|
00000000|MMI|5.18|H/O: surgery|C0455610|[fndg]|["Past surgical history"-tx-14-"past surgical history"-noun-1]|TX|1527/21|
00000000|MMI|5.18|History of present illness|C0262512|[orga]|["HISTORY OF PRESENT ILLNESS"-tx-3-"HISTORY OF PRESENT ILLNESS"-noun-0]|TX|67/26|
00000000|MMI|5.18|History of present illness:Finding:Point in time:^Patient:Nominal:Reported|C0488508|[clna]|["History of present illness"-tx-3-"HISTORY OF PRESENT ILLNESS"-noun-0]|TX|67/26|
00000000|MMI|5.18|Home environment|C0442519|[cnce]|["HOME"-tx-38-"home"-noun-0]|TX|3640/4|
00000000|MMI|5.18|Hospital course|C0489547|[fndg]|["Hospital course"-tx-24-"HOSPITAL COURSE"-noun-0]|TX|2102/15|
00000000|MMI|5.18|Hospital course:Finding:Point in time:^Patient:Narrative|C0488549|[clna]|["Hospital course"-tx-24-"HOSPITAL COURSE"-noun-0]|TX|2102/15|
00000000|MMI|5.18|Hypertension Adverse Event|C1963138|[fndg]|["Hypertension"-tx-13-"hypertension"-noun-0]|TX|1490/12|
00000000|MMI|5.18|Increasing|C0442808|[ftcn]|["Increasing"-tx-9-"increasing"-verb-0]|TX|772/10|
00000000|MMI|5.18|MRC1 gene|C1417249|[gngm]|["MR"-tx-3-"Mr"-noun-0]|TX|95/2|
00000000|MMI|5.18|Medical History|C0262926|[fndg]|["Past Medical History"-tx-13-"past medical history"-noun-0]|TX|1424/20|
00000000|MMI|5.18|Medication.discharge|C0806915|[fndg]|["Discharge medications"-tx-39-"DISCHARGE MEDICATIONS"-noun-0]|TX|3715/21|
00000000|MMI|5.18|Minor Response|C4050513|[fndg]|["MR"-tx-3-"Mr"-noun-0]|TX|95/2|
00000000|MMI|5.18|Mr. - Title|C2347167|[cnce]|["Mr."-tx-3-"Mr"-noun-0]|TX|95/2|
00000000|MMI|5.18|Now (temporal qualifier)|C1948052|[tmco]|["Now"-tx-9-"now"-adv-0]|TX|826/3|
00000000|MMI|5.18|PMH - past medical history|C0455458|[fndg]|["Past medical history"-tx-13-"past medical history"-noun-0]|TX|1424/20|
00000000|MMI|5.18|Performed|C0884358|[ftcn]|["Performed"-tx-7-"performed"-verb-0]|TX|627/9|
00000000|MMI|5.18|Room air|C3846005|[fndg]|["Room air"-tx-37-"room air"-noun-0]|TX|3575/8|
00000000|MMI|5.18|Stable Disease|C0677946|[fndg]|["Stable condition"-tx-28-"stable condition"-noun-0]|TX|2778/16|
00000000|MMI|5.18|Stable chronic Graft vs Host Disease|C3538874|[fndg]|["Stable condition"-tx-28-"stable condition"-noun-0]|TX|2778/16|
00000000|MMI|5.18|T-wave abnormalities|C1839341|[fndg]|["T-wave abnormalities"-tx-23-"T wave abnormalities"-noun-0]|TX|2080/20|
00000000|MMI|5.18|Then|C1883708|[tmco]|["Then"-tx-24-"then"-adv-0]|TX|2255/4|
00000000|MMI|5.18|status - In progress|C1272688|[ftcn]|["progressed"-tx-33-"progressed"-verb-0]|TX|3128/10|
00000000|MMI|3.98|Ambulate|C4036205|[fndg]|["Ambulate"-tx-33-"ambulating"-noun-0]|TX|3184/10|
00000000|MMI|3.98|Appearance|C0700364|[qlco]|["APPEAR"-tx-35-"appeared"-verb-0]|TX|3405/8|
00000000|MMI|3.98|Biomedical Monitors|C0181904|[medd]|["Monitor"-tx-38-"monitored"-verb-0]|TX|3696/9|
00000000|MMI|3.98|Bonaire, Sint Eustatius and Saba|C3541236|[geoa]|["BES"-tx-43-"BESS"-noun-0]|TX|4004/4|
00000000|MMI|3.98|Evaluation and management note:Finding:Point in time:{Setting}:Document:{Provider}|C1316572|[clna]|["Note"-tx-9-"noted"-verb-0]|TX|766/5|
00000000|MMI|3.98|Monitor Device Component|C1704646|[mnob]|["Monitor"-tx-38-"monitored"-verb-0]|TX|3696/9|
00000000|MMI|3.98|Monitor, occupation|C1521743|[prog]|["Monitor"-tx-38-"monitored"-verb-0]|TX|3696/9|
00000000|MMI|3.98|Monitoring Device|C0596972|[medd]|["Monitor"-tx-38-"monitored"-verb-0]|TX|3696/9|
00000000|MMI|3.98|Note (document)|C1317574|[inpr]|["Note"-tx-9-"noted"-verb-0]|TX|766/5|
00000000|MMI|3.98|Place|C0442504|[spco]|["Place"-tx-12-"placed"-verb-0]|TX|1369/6|
00000000|MMI|3.98|Place - dosing instruction imperative|C1704765|[ftcn]|["Place"-tx-12-"placed"-verb-0]|TX|1369/6|
00000000|MMI|3.98|Preventive monitoring|C0150369|[hlca]|["monitor"-tx-38-"monitored"-verb-0]|TX|3696/9|
00000000|MMI|3.98|put - instruction imperative|C1882509|[acty]|["Place"-tx-12-"placed"-verb-0]|TX|1369/6|
00000000|MMI|3.85|Proximal right coronary artery|C4071850|[bpoc]|["Proximal right coronary artery"-tx-5-"proximal right coronary artery"-noun-0]|TX|368/30|
00000000|MMI|3.81|aspirin enteric coated|C0718690|[orch,phsu]|["enteric coated aspirin"-tx-39-"enteric coated aspirin"-noun-0]|TX|3746/22|
00000000|MMI|3.78|General Anesthesia [PE]|C2930406|[phsf]|["General Anesthesia"-tx-25-"general anesthesia"-noun-0]|TX|2549/7,2570/10|
00000000|MMI|3.75|Normal diet|C0184625|[dora]|["Regular diet"-tx-33-"regular diet"-noun-0]|TX|3212/12|
00000000|MMI|3.72|Performed By|C1550369|[qlco]|["Performed By"-tx-26-"performed by"-verb-0]|TX|2618/12|
00000000|MMI|3.68|% index|C1637833|[qnco]|["% index"-tx-46-"Index"-noun-0]|TX|4086/5|
00000000|MMI|3.68|Attending (action)|C1999232|[ftcn]|["attending"-tx-44-"Attending"-noun-0]|TX|4021/9|
00000000|MMI|3.68|Attending (provider role)|C1547429|[prog]|["Attending"-tx-44-"Attending"-noun-0]|TX|4021/9|
00000000|MMI|3.68|CDISC SDTM Procedure Terminology|C3539779|[inpr]|["Procedure"-tx-27-"procedure"-noun-0]|TX|2705/9|
00000000|MMI|3.68|Exertion|C0015264|[orgf]|["Exertion"-tx-9-"exertion"-noun-0]|TX|813/8|
00000000|MMI|3.68|Html Link Type - index|C1552854|[idcn]|["index"-tx-46-"Index"-noun-0]|TX|4086/5|
00000000|MMI|3.68|Index|C0918012|[inpr]|["Index"-tx-46-"Index"-noun-0]|TX|4086/5|
00000000|MMI|3.68|Interventional procedure|C0184661|[topp]|["Procedure"-tx-27-"procedure"-noun-0]|TX|2705/9|
00000000|MMI|3.68|Physical Medical Procedure|C3274430|[hlca]|["PROCEDURE"-tx-27-"procedure"-noun-0]|TX|2705/9|
00000000|MMI|3.68|Procedure (set of actions)|C2700391|[acty]|["Procedure"-tx-27-"procedure"-noun-0]|TX|2705/9|
00000000|MMI|3.68|Procedure Domain|C3538935|[inpr]|["Procedure"-tx-27-"procedure"-noun-0]|TX|2705/9|
00000000|MMI|3.68|Surgical and medical procedures|C1948041|[topp]|["Procedure"-tx-27-"procedure"-noun-0]|TX|2705/9|
00000000|MMI|3.65|discharge diagnosis|C1555319|[fndg]|["Discharge diagnosis"-tx-1-"DISCHARGE DIAGNOSIS"-noun-0]|TX|26/19|
00000000|MMI|3.64|Jugular venous engorgement|C0425687|[fndg]|["Jugular venous distension"-tx-18-"jugular venous distention"-noun-0]|TX|1802/25|
00000000|MMI|3.64|Surgical intensive care unit|C1690590|[hcro,mnob]|["Surgical intensive care unit"-tx-28-"surgical intensive care unit"-noun-0]|TX|2746/28|
00000000|MMI|3.64|dictated - DocumentCompletion|C1609990|[idcn]|["Dictated"-tx-42-"Dictated"-verb-0]|TX|3983/8|
00000000|MMI|3.64|dictated - ParticipationMode|C1548384|[ftcn]|["dictated"-tx-42-"Dictated"-verb-0]|TX|3983/8|
00000000|MMI|3.64|urgent Operation|C2188405|[topp]|["urgent Surgery"-tx-24-"urgent surgery"-noun-0]|TX|2270/14|
00000000|MMI|3.63|4+ Answer to question|C3838679|[fndg]|["4+"-tx-47-"4"-fraction-0]|TX|4121/1|
00000000|MMI|3.63|Endotracheal Route of Drug Administration|C1522653|[ftcn]|["ENDOTRACHEAL"-tx-25-"endotracheal"-noun-0]|TX|2557/12|
00000000|MMI|3.63|General medical service|C3812897|[hlca]|["General"-tx-25-"general"-noun-0]|TX|2549/7|
00000000|MMI|3.63|Generalized|C0205246|[spco]|["General"-tx-25-"general"-noun-0]|TX|2549/7|
00000000|MMI|3.63|Safety Reporting Documentation|C3891294|[inpr]|["General"-tx-25-"general"-noun-0]|TX|2549/7|
00000000|MMI|3.63|Seven|C0205453|[qnco]|["Seven"-tx-37-"seven"-word_numeral-0]|TX|3488/5|
00000000|MMI|3.63|Unstable Medical Device Problem|C1883468|[evnt]|["Unstable"-tx-35-"unstable"-adj-0]|TX|3378/8|
00000000|MMI|3.63|Unstable status|C0443343|[fndg]|["Unstable"-tx-35-"unstable"-adj-0]|TX|3378/8|
00000000|MMI|3.63|endotracheal|C0599554|[spco]|["Endotracheal"-tx-25-"endotracheal"-noun-0]|TX|2557/12|
00000000|MMI|3.62|recurrent Chest Pains|C2169796|[sosy]|["recurrent Chest Pain"-tx-4-"recurrent chest pain"-noun-0]|TX|222/9,245/10|
00000000|MMI|3.61|Batch (Response Modality)|C1550176|[inpr]|["Batch"-tx-46-"Batch"-noun-0]|TX|4074/5|
00000000|MMI|3.61|Batch (group)|C1948031|[qnco]|["Batch"-tx-46-"Batch"-noun-0]|TX|4074/5|
00000000|MMI|3.61|Batch Number|C3641829|[inpr]|["BATCH"-tx-46-"Batch"-noun-0]|TX|4074/5|
00000000|MMI|3.61|Pain NOS Adverse Event|C1962977|[fndg]|["Pain NOS"-tx-39-"pain"-noun-0]|TX|3878/4|
00000000|MMI|3.61|Blood pressure finding|C1271104|[fndg]|["Blood Pressure"-tx-18-"blood pressure"-noun-0]|TX|1775/14|
00000000|MMI|3.61|Post percutaneous transluminal coronary angioplasty|C1269832|[fndg]|["Post PTCA"-tx-4-"post PTCA"-noun-0]|TX|187/9|
00000000|MMI|3.61|Sinus Bradycardia Adverse Event|C1963175|[fndg]|["Sinus bradycardia"-tx-23-"sinus bradycardia"-noun-0]|TX|2042/17|
00000000|MMI|3.61|Sinus bradycardia|C0085610|[patf]|["SINUS BRADYCARDIA"-tx-23-"sinus bradycardia"-noun-0]|TX|2042/17|
00000000|MMI|3.61|continuous electrocardiogram sinus bradycardia (finding)|C2108107|[fndg]|["SINUS BRADYCARDIA"-tx-23-"sinus bradycardia"-noun-0]|TX|2042/17|
00000000|MMI|3.60|Anterior descending branch of left coronary artery|C0226032|[bpoc]|["Left Anterior Descending Coronary Artery"-tx-25-"left artery anterior descending coronary"-noun-0]|TX|2405/4,2427/6,2446/28|
00000000|MMI|3.60|Hospital emergency department|C3840745|[fndg]|["Hospital Emergency Room"-tx-10-"Hospital emergency room"-noun-0]|TX|939/23|
00000000|MMI|3.60|Entire transverse sinus|C1269577|[bsoj]|["Lateral sinus"-tx-23-"sinus lateral"-noun-0]|TX|2042/5,2065/7|
00000000|MMI|3.59|Clear|C2963144|[qlco]|["Clear"-tx-19-"clear"-adj-0]|TX|1870/5|
00000000|MMI|3.59|Exercise stress ECG test|C1304755|[diap]|["Exercise tolerance test"-tx-5-"exercise tolerance test"-noun-0]|TX|275/23|
00000000|MMI|3.59|Moderate amount|C3869891|[qnco]|["Moderate amount"-tx-34-"moderate amount"-noun-0]|TX|3261/15|
00000000|MMI|3.59|Negative Surgical Margin|C1709157|[fndg]|["Clear"-tx-19-"clear"-adj-0]|TX|1870/5|
00000000|MMI|3.59|Patient location type - Operating Room|C1578465|[spco]|["Operating Room"-tx-25-"operating room"-noun-0]|TX|2319/14|
00000000|MMI|3.59|Saturated|C0522534|[phpr]|["saturating"-tx-37-"saturating"-verb-0]|TX|3553/10|
00000000|MMI|3.58|Drainage amount|C1545481|[clna]|["Drainage amount"-tx-34-"amount drainage"-noun-0]|TX|3270/6,3284/8|
00000000|MMI|3.57|18 Hours|C1442448|[tmco]|["18 Hours"-tx-9-"18 hours"-noun-0]|TX|880/8|
00000000|MMI|3.57|Light Emitting Diode Device Component|C1708698|[mnob]|["LED"-tx-5-"led"-verb-0]|TX|324/3|
00000000|MMI|3.57|Problem|C0033213|[fndg]|["Problem"-tx-29-"problem"-noun-1]|TX|2896/7|
00000000|MMI|3.57|Problem:Find:Pt:^Patient:Nom|C3854081|[clna]|["Problem"-tx-29-"problem"-noun-0]|TX|2896/7|
00000000|MMI|3.57|Structure of internal thoracic artery|C0226276|[bpoc]|["INTERNAL MAMMARY ARTERY"-tx-25-"internal mammary artery"-noun-0]|TX|2410/23|
00000000|MMI|3.57|Surgical transfer - action|C0348011|[ftcn]|["transferred"-tx-12-"transferred"-verb-0]|TX|1396/11|
00000000|MMI|3.57|Transfer Technique|C1705822|[ftcn]|["Transferred"-tx-12-"transferred"-verb-0]|TX|1396/11|
00000000|MMI|3.56|Saphenous vein graft|C0729538|[bpoc]|["SAPHENOUS VEIN GRAFT"-tx-25-"saphenous vein grafts"-noun-0]|TX|2488/21|
00000000|MMI|3.56|Direct (qualifier)|C1947931|[qlco]|["Directly"-tx-11-"directly"-adv-0]|TX|1121/8|
00000000|MMI|3.56|Event Seriousness - Significant|C1546944|[qlco]|["Significant"-tx-13-"significant"-adj-0]|TX|1448/11|
00000000|MMI|3.56|February|C3830166|[qlco]|["February"-tx-7-"February"-noun-0]|TX|495/8|
00000000|MMI|3.56|Limited (extensiveness)|C0439801|[ftcn]|["Limited"-tx-10-"limited"-verb-0]|TX|1003/7|
00000000|MMI|3.56|Limited Lifting Ability|C4050251|[inpr]|["Limited"-tx-10-"limited"-verb-0]|TX|1003/7|
00000000|MMI|3.56|Limited Walking Ability|C2674459|[fndg]|["Limited"-tx-10-"limited"-verb-0]|TX|1003/7|
00000000|MMI|3.56|Limited component (foundation metadata concept)|C3542948|[inpr]|["Limited"-tx-10-"limited"-verb-0]|TX|1003/7|
00000000|MMI|3.56|Local|C0205276|[spco]|["LOCAL"-tx-41-"local"-adj-0]|TX|3966/5|
00000000|MMI|3.56|Most|C0205393|[qnco]|["Most"-tx-8-"most"-adv-0]|TX|696/4|
00000000|MMI|3.56|Negative|C0205160|[qlco]|["Negative"-tx-8-"negative"-adj-0]|TX|673/8|
00000000|MMI|3.56|Negative - answer|C3853545|[qlco]|["Negative"-tx-8-"negative"-adj-0]|TX|673/8|
00000000|MMI|3.56|Negative Charge|C2825491|[qlco]|["Negative"-tx-8-"negative"-adj-0]|TX|673/8|
00000000|MMI|3.56|Negative Finding|C1513916|[fndg]|["NEGATIVE"-tx-8-"negative"-adj-0]|TX|673/8|
00000000|MMI|3.56|Negative Number|C2825415|[cnce]|["Negative"-tx-8-"negative"-adj-0]|TX|673/8|
00000000|MMI|3.56|Physician:Identifier:Point in time:^Patient:Nominal|C0804815|[clna]|["Physician"-tx-41-"physician"-noun-0]|TX|3972/9|
00000000|MMI|3.56|Recent|C0332185|[tmco]|["Recently"-tx-8-"recently"-adv-0]|TX|701/8|
00000000|MMI|3.56|Restenosis|C0333186|[acab]|["Restenosis"-tx-7-"restenosis"-noun-0]|TX|577/10|
00000000|MMI|3.56|Side|C0441987|[spco]|["Side"-tx-30-"side"-noun-0]|TX|2987/4|
00000000|MMI|3.56|Significant|C0750502|[idcn]|["Significant"-tx-13-"significant"-adj-0]|TX|1448/11|
00000000|MMI|3.56|Statistical Significance|C0237881|[qnco]|["significant"-tx-13-"significant"-adj-0]|TX|1448/11|
00000000|MMI|3.56|weeks/month|C0557839|[tmco]|["weeks Month"-tx-9-"weeks months"-noun-0]|TX|741/5,750/6|
00000000|MMI|3.55|Uncontrolled|C0205318|[qlco]|["Uncontrolled"-tx-4-"uncontrolled"-adj-0]|TX|232/12|
00000000|MMI|3.55|One|C0205447|[qnco]|["ONE"-tx-39-"one"-noun-0]|TX|3832/3|
00000000|MMI|3.54|Blood group antibody I|C0221138|[aapp,imft]|["I NOS"-tx-10-"I"-noun-0]|TX|931/1|
00000000|MMI|3.54|Post Device Component|C1704687|[mnob]|["Post"-tx-28-"post"-adj-0]|TX|2741/4|
00000000|MMI|3.54|Treating|C1522326|[ftcn]|["Treated"-tx-10-"treated"-verb-0]|TX|916/7|
00000000|MMI|3.54|Body Site Modifier - Lower|C1548802|[blor]|["Lower"-tx-34-"lower"-adj-0]|TX|3312/5|
00000000|MMI|3.54|Lower (action)|C2003888|[acty]|["Lower"-tx-34-"lower"-adj-0]|TX|3312/5|
00000000|MMI|3.54|Lower - spatial qualifier|C0441994|[spco]|["LOWER"-tx-34-"lower"-adj-0]|TX|3312/5|
00000000|MMI|3.54|Part|C0449719|[spco]|["Portion"-tx-34-"portion"-noun-0]|TX|3318/7|
00000000|MMI|3.50|Plain chest X-ray|C0039985|[diap]|["Chest X-ray"-tx-35-"chest x-ray"-noun-0]|TX|3424/11|
00000000|MMI|3.50|Views:Finding:Point in time:Chest:Narrative:XR|C1114557|[clna]|["Chest X-ray"-tx-35-"chest x-ray"-noun-0]|TX|3424/11|
00000000|MMI|3.50|Less Than|C0439092|[qnco]|["Less"-tx-9-"less"-adv-0]|TX|808/4|
00000000|MMI|3.50|Precision - second|C1561503|[idcn]|["second"-tx-7-"second"-adj-0]|TX|611/6|
00000000|MMI|3.50|Second Suffix|C1705190|[qlco]|["Second"-tx-7-"second"-adj-0]|TX|611/6|
00000000|MMI|3.50|Smaller|C0547044|[qlco]|["Less"-tx-9-"less"-adv-0]|TX|808/4|
00000000|MMI|3.50|Twice (Numerical Qualifier)|C1948050|[qnco]|["Twice"-tx-39-"twice"-adv-0]|TX|3789/5|
00000000|MMI|3.50|Twice - dosing instruction fragment|C1720725|[inpr]|["Twice"-tx-39-"twice"-adv-0]|TX|3789/5|
00000000|MMI|3.50|per second|C0565930|[qnco]|["/second"-tx-7-"second"-adj-0]|TX|611/6|
00000000|MMI|3.50|second (number)|C0205436|[qnco]|["Second"-tx-7-"second"-adj-0]|TX|611/6|
00000000|MMI|3.50|seconds|C0457385|[tmco]|["SECOND"-tx-7-"second"-adj-0]|TX|611/6|
00000000|MMI|3.48|Known|C0205309|[qlco]|["Known"-tx-16-"known"-adj-0]|TX|1662/5|
00000000|MMI|3.48|Only - dosing instruction fragment|C1720467|[inpr]|["Only"-tx-35-"only"-adv-0]|TX|3364/4|
00000000|MMI|3.48|Singular|C0205171|[qnco]|["Only"-tx-35-"only"-adv-0]|TX|3364/4|
00000000|MMI|3.48|Slight (qualifier value)|C2937276|[qlco]|["Slightly"-tx-35-"slightly"-adv-0]|TX|3369/8|
00000000|MMI|3.48|Slightly (qualifier value)|C0750482|[qlco]|["Slightly"-tx-35-"slightly"-adv-0]|TX|3369/8|
00000000|MMI|3.47|Irregular|C0205271|[qlco]|["Irregular"-tx-11-"irregularities"-noun-0]|TX|1226/14|
00000000|MMI|3.47|+2|C0740116|[qnco]|["+2"-tx-47-"2"-fraction-0]|TX|4110/1|
00000000|MMI|3.47|2+|C3833492|[fndg]|["2+"-tx-47-"2"-fraction-0]|TX|4110/1|
00000000|MMI|3.47|2+ Score|C2827735|[qnco]|["2+"-tx-47-"2"-fraction-0]|TX|4110/1|
00000000|MMI|3.47|2+ Score, WHO|C2981700|[clas]|["2+"-tx-47-"2"-fraction-0]|TX|4110/1|
00000000|MMI|3.47|Four|C0205450|[qnco]|["Four"-tx-39-"four"-word_numeral-0]|TX|3863/4|
00000000|MMI|3.47|Hour|C0439227|[tmco]|["HOURS"-tx-39-"hours"-noun-0]|TX|3868/5|
00000000|MMI|3.46|Personal History of Coronary Artery Disease|C1881055|[clna]|["History of Coronary Artery Disease"-tx-4-"history of coronary artery disease"-noun-0]|TX|143/34|
00000000|MMI|3.46|Status post|C0231290|[tmco]|["Status post"-tx-4-"status post"-prep-0]|TX|180/11|
00000000|MMI|3.46|70%|C3842584|[fndg]|["70%"-tx-11-"70"-percentage-0]|TX|1166/2|
00000000|MMI|3.46|80%|C3842583|[fndg]|["80%"-tx-11-"80"-percentage-0]|TX|1183/2|
00000000|MMI|3.46|Left|C0205091|[spco]|["LEFT"-tx-11-"left"-adj-0]|TX|1171/4|
00000000|MMI|3.46|Left sided|C0443246|[spco]|["Left"-tx-11-"left"-adj-0]|TX|1171/4|
00000000|MMI|3.46|Main|C1542147|[qlco]|["Main"-tx-11-"main"-adj-0]|TX|1176/4|
00000000|MMI|3.46|Primary|C0205225|[qlco]|["Main"-tx-11-"main"-adj-0]|TX|1176/4|
00000000|MMI|3.46|Proximal|C0205107|[spco]|["PROXIMAL"-tx-11-"proximal"-adj-0]|TX|1188/8|
00000000|MMI|3.46|Table Cell Horizontal Align - left|C1552822|[ftcn]|["left"-tx-11-"left"-adj-0]|TX|1171/4|
00000000|MMI|3.44|1810s|C0681739|[tmco]|["1810s"-tx-46-"1810"-integer-0]|TX|4069/4|
00000000|MMI|3.44|Tylox Capsules|C0307985|[clnd]|["Tylox Capsules"-tx-39-"Tylox capsules"-noun-0]|TX|3826/5,3843/8|
00000000|MMI|3.44|Dressing change|C0085671|[topp]|["Dressing change"-tx-38-"dressing changes"-noun-0]|TX|3675/16|
00000000|MMI|3.44|Before|C0332152|[tmco]|["Prior to"-tx-9-"prior to"-prep-0]|TX|889/8|
00000000|MMI|3.43|Five-Day Report|C1708065|[inpr]|["FIVE-DAY"-tx-39-"five days"-noun-0]|TX|3907/9|
00000000|MMI|3.43|Character String Data Type|C3272372|[inpr]|["ST"-tx-23-"ST"-noun-0]|TX|2073/2|
00000000|MMI|3.43|Lateral|C0205093|[spco]|["LATERAL"-tx-23-"lateral"-adj-0]|TX|2065/7|
00000000|MMI|3.43|Regular|C0205272|[qlco]|["Regular"-tx-20-"regular"-adj-0]|TX|1911/7|
00000000|MMI|3.43|Rhythm|C0871269|[fndg]|["Rhythm"-tx-20-"rhythm"-noun-0]|TX|1934/6|
00000000|MMI|3.43|Rhythm Not Otherwise Specified ECG Assessment|C3828331|[inpr]|["Rhythm Not Otherwise Specified"-tx-20-"rhythm"-noun-0]|TX|1934/6|
00000000|MMI|3.43|Status|C0449438|[qlco]|["Status"-tx-4-"status"-prep-0]|TX|180/6|
00000000|MMI|3.43|emergent|C0750573|[idcn]|["emergent"-tx-24-"emergent"-adj-0]|TX|2174/8|
00000000|MMI|3.43|rhythmic process (biological)|C1523018|[phsf]|["rhythm"-tx-20-"rhythm"-noun-0]|TX|1934/6|
00000000|MMI|3.43|milligram/day|C0439422|[qnco]|["mg day"-tx-39-"mg days"-noun-0]|TX|3895/2,3912/4|
00000000|MMI|3.43|Electrocardiographic changes|C0855329|[fndg]|["ekg change"-tx-11-"EKG changes"-noun-0]|TX|1085/11|
00000000|MMI|3.43|Body Fluid Discharge|C0012621|[bdsu]|["Drainage, NOS"-tx-34-"drainage"-noun-0]|TX|3284/8|
00000000|MMI|3.43|Caucasians|C0043157|[popg]|["WHITE"-tx-17-"white"-adj-0]|TX|1714/5|
00000000|MMI|3.43|Discharge, body substance|C2926602|[bdsu]|["Drainage"-tx-34-"drainage"-noun-0]|TX|3284/8|
00000000|MMI|3.43|Distress|C0231303|[menp]|["Distress"-tx-17-"distress"-noun-0]|TX|1742/8|
00000000|MMI|3.43|Skin tanning|C0302595|[inbe]|["tan"-tx-34-"tan"-noun-0]|TX|3280/3|
00000000|MMI|3.43|Skin tanning function|C1537110|[clna]|["Tan"-tx-34-"tan"-noun-0]|TX|3280/3|
00000000|MMI|3.43|Tan Color|C3275241|[qlco]|["Tan"-tx-34-"tan"-noun-0]|TX|3280/3|
00000000|MMI|3.43|White color|C0220938|[qlco]|["WHITE"-tx-17-"white"-adj-0]|TX|1714/5|
00000000|MMI|3.42|First (number)|C0205435|[qnco]|["First"-tx-29-"first"-adj-0]|TX|2840/5|
00000000|MMI|3.42|Firstly|C1279901|[qlco]|["First"-tx-29-"first"-adj-0]|TX|2840/5|
00000000|MMI|3.42|Night time|C0240526|[tmco]|["Night"-tx-29-"night"-noun-0]|TX|2860/5|
00000000|MMI|3.42|Success|C0597535|[socb]|["Successful"-tx-6-"successful"-adj-0]|TX|422/10|
00000000|MMI|3.42|Successful|C1272703|[qlco]|["Successful"-tx-6-"successful"-adj-0]|TX|422/10|
00000000|MMI|3.42|Three|C0205449|[qnco]|["Three"-tx-39-"three"-word_numeral-0]|TX|3854/5|
00000000|MMI|3.42|Two|C0205448|[qnco]|["Two"-tx-39-"two"-adj-0]|TX|3839/3|
00000000|MMI|3.42|Admission activity|C0809949|[hlca]|["Admission"-tx-9-"admission"-noun-0]|TX|898/9|
00000000|MMI|3.42|Marginal|C0205284|[spco]|["Marginal"-tx-25-"marginal"-adj-0]|TX|2524/8|
00000000|MMI|3.42|Marginal (quality)|C1947914|[qlco]|["Marginal"-tx-25-"marginal"-adj-0]|TX|2524/8|
00000000|MMI|3.42|Obtuse|C0443269|[qlco]|["Obtuse"-tx-25-"obtuse"-adj-0]|TX|2517/6|
00000000|MMI|3.42|Ramus Intermedius Artery|C3538818|[bpoc]|["RAMUS"-tx-25-"ramus"-noun-0]|TX|