00000000|MMI|3.65|Report status|C0586177|[fndg]|["Report status"-tx-1-"Report Status"-noun-0]|TX|126/13|
00000000|MMI|3.63|Admission date:Time Stamp -- Date and Time:Point in time:^Patient:Quantitative|C2598112|[clna]|["Admission date"-tx-1-"Admission Date"-noun-0]|TX|100/14|
00000000|MMI|3.63|Date of admission|C1302393|[tmco]|["Admission date"-tx-1-"Admission Date"-noun-0]|TX|100/14|
00000000|MMI|3.59|Pyrexia of unknown origin (excl puerperal)|C0856281|[sosy]|["puo"-tx-1-"PUO"-noun-0]|TX|12/3|
00000000|MMI|3.48|Discharge summarization note:Finding:Point in time:{Setting}:Document:{Provider}|C0801840|[clna]|["Discharge summary"-tx-1-"Discharge Summary"-noun-0]|TX|63/17|
00000000|MMI|3.48|Discharge summary|C0743221|[inpr]|["Discharge summary"-tx-1-"Discharge Summary"-noun-0]|TX|63/17|
00000000|MMI|3.46|10%|C3842590|[fndg]|["10%"-tx-1-"10"-fraction-0]|TX|116/2|
00000000|MMI|3.46|Diagnostic interview schedule|C0451119|[inpr]|["DIS"-tx-1-"DIS"-noun-0]|TX|94/3|
00000000|MMI|3.46|Discontinued|C1444662|[fndg]|["DIS"-tx-1-"DIS"-noun-0]|TX|94/3|
00000000|MMI|143.53|Patients|C0030705|[podg]|["*^patient"-tx-30-"Patient"-noun-0,"*^patient"-tx-25-"Patient"-noun-0,"*^patient"-tx-24-"Patient"-noun-0,"*^patient"-tx-23-"Patient"-noun-0,"*^patient"-tx-22-"Patient's"-noun-0,"*^patient"-tx-21-"Patient"-noun-0,"*^patient"-tx-20-"Patient"-noun-0,"*^patient"-tx-18-"Patient"-noun-0,"*^patient"-tx-5-"Patient"-noun-0,"*^patient"-tx-4-"Patient"-noun-0,"*^patient"-tx-3-"Patient"-noun-0,"*^patient"-tx-2-"Patient"-noun-0]|TX|2460/7;2159/7;2096/7;1938/7;1868/9;1755/7;1589/7;1482/7;390/7;324/7;261/7;98/7|M01.643
00000000|MMI|79.99|Abortion consent:Finding:Point in time:^Patient:Document|C2360836|[clna]|["Patient"-tx-30-"Patient"-noun-0,"Patient"-tx-25-"Patient"-noun-0,"Patient"-tx-24-"Patient"-noun-0,"Patient"-tx-23-"Patient"-noun-0,"Patient"-tx-22-"Patient's"-noun-0,"Patient"-tx-21-"Patient"-noun-0,"Patient"-tx-20-"Patient"-noun-0,"Patient"-tx-18-"Patient"-noun-0,"Patient"-tx-5-"Patient"-noun-0,"Patient"-tx-4-"Patient"-noun-0,"Patient"-tx-3-"Patient"-noun-0,"Patient"-tx-2-"Patient"-noun-0]|TX|2460/7;2159/7;2096/7;1938/7;1868/9;1755/7;1589/7;1482/7;390/7;324/7;261/7;98/7|
00000000|MMI|79.99|Hysterectomy consent:Finding:Point in time:^Patient:Document|C2360838|[clna]|["Patient"-tx-30-"Patient"-noun-0,"Patient"-tx-25-"Patient"-noun-0,"Patient"-tx-24-"Patient"-noun-0,"Patient"-tx-23-"Patient"-noun-0,"Patient"-tx-22-"Patient's"-noun-0,"Patient"-tx-21-"Patient"-noun-0,"Patient"-tx-20-"Patient"-noun-0,"Patient"-tx-18-"Patient"-noun-0,"Patient"-tx-5-"Patient"-noun-0,"Patient"-tx-4-"Patient"-noun-0,"Patient"-tx-3-"Patient"-noun-0,"Patient"-tx-2-"Patient"-noun-0]|TX|2460/7;2159/7;2096/7;1938/7;1868/9;1755/7;1589/7;1482/7;390/7;324/7;261/7;98/7|
00000000|MMI|79.99|Sterilization consent:Finding:Point in time:^Patient:Document|C2360840|[clna]|["Patient"-tx-30-"Patient"-noun-0,"Patient"-tx-25-"Patient"-noun-0,"Patient"-tx-24-"Patient"-noun-0,"Patient"-tx-23-"Patient"-noun-0,"Patient"-tx-22-"Patient's"-noun-0,"Patient"-tx-21-"Patient"-noun-0,"Patient"-tx-20-"Patient"-noun-0,"Patient"-tx-18-"Patient"-noun-0,"Patient"-tx-5-"Patient"-noun-0,"Patient"-tx-4-"Patient"-noun-0,"Patient"-tx-3-"Patient"-noun-0,"Patient"-tx-2-"Patient"-noun-0]|TX|2460/7;2159/7;2096/7;1938/7;1868/9;1755/7;1589/7;1482/7;390/7;324/7;261/7;98/7|
00000000|MMI|66.29|Postoperative Period|C0032790|[tmco]|["Postoperative"-tx-25-"post-operative"-noun-0,"Postoperative"-tx-23-"operative post"-noun-0,"Postoperative"-tx-23-"post-operative"-noun-0,"Postoperative"-tx-22-"post-operative"-adj-0]|TX|2238/14;2035/9,2075/4;1976/14;1878/14|E04.614.750;N02.421.585.753.750
00000000|MMI|50.09|Coronary Artery Bypass Surgery|C0010055|[topp]|["Coronary Artery Bypass Grafting"-tx-25-"coronary artery bypass grafting"-noun-0,"Coronary Artery Bypass Grafting"-tx-20-"coronary artery bypass grafting"-noun-0,"Coronary Artery Bypass Grafting"-tx-2-"coronary artery bypass grafting"-noun-0]|TX|2275/31;1722/31;228/31|E04.100.376.719.332;E04.100.814.868.750;E04.928.220.520.220
00000000|MMI|49.43|Togo|C0040363|[geoa]|["TO"-tx-30-"to"-adv-0,"TO"-tx-25-"to"-adv-0,"TO"-tx-25-"to"-noun-0]|TX|2482/2;[2177/2],[2205/2];[2177/2],[2205/2]|Z01.058.290.190.800
00000000|MMI|49.43|Tryptophanase|C0041260|[aapp,enzy]|["TO"-tx-30-"to"-adv-0,"TO"-tx-25-"to"-adv-0,"TO"-tx-25-"to"-noun-0]|TX|2482/2;[2177/2],[2205/2];[2177/2],[2205/2]|D08.811.520.224.800
00000000|MMI|39.30|Angina Pectoris|C0002962|[fndg]|["ANGINA"-tx-3-"angina"-noun-0,"ANGINA"-tx-2-"angina"-noun-0]|TX|277/6;178/6|C10.597.617.192.500;C14.280.647.187;C14.907.585.187;C23.888.592.612.233.500
00000000|MMI|39.00|Patient Discharge|C0030685|[hlca]|["Discharge"-tx-32-"DISCHARGE"-noun-0,"Discharge"-tx-25-"discharge"-verb-0]|TX|2561/9;2208/9|E02.204.125;E02.760.400.610;N02.421.192.125;N02.421.585.400.610;N04.590.233.727.210.125
00000000|MMI|32.45|Pepcid|C0678119|[orch,phsu]|["Pepcid"-tx-26-"Pepcid"-noun-0,"Pepcid"-tx-16-"Pepcid"-noun-0]|TX|2344/6;1412/6|D02.886.675.215;D03.383.129.708.215
00000000|MMI|32.35|Procardia XL|C0524665|[orch,phsu]|["Procardia XL"-tx-27-"Procardia XL"-noun-0,"Procardia XL"-tx-14-"Procardia XL"-noun-0]|TX|2371/12;1351/12|D03.383.725.203.540
00000000|MMI|27.26|Nicotiana|C0086707|[plnt]|["Tobacco"-tx-10-"tobacco"-noun-0]|TX|1009/7|B01.650.940.800.575.100.905.900
00000000|MMI|27.26|Nicotiana tabacum|C0740009|[plnt]|["Tobacco"-tx-10-"tobacco"-noun-0]|TX|1009/7|B01.650.940.800.575.100.905.900
00000000|MMI|26.06|Diurese|C0719972|[orch,phsu]|["Diurese"-tx-23-"diuresed"-verb-0]|TX|2014/8|D02.886.590.700.135.261.476.716;D02.886.655.500.261.476.716;D03.438.174.261.476.716
00000000|MMI|24.11|Syncope|C0039070|[sosy]|["SYNCOPE"-tx-4-"syncope"-noun-1]|TX|381/7|C10.597.606.358.800.600;C23.888.592.604.359.800.600
00000000|MMI|23.74|milligram/day|C0439422|[qnco]|["mg/d"-tx-28-"mg d"-noun-0,"mg/d"-tx-27-"mg d"-noun-0,"mg/d"-tx-26-"mg d"-noun-0,"mg/d"-tx-15-"mg d"-noun-0,"mg/d"-tx-14-"mg d"-noun-0,"mg/d"-tx-13-"mg d"-noun-0]|TX|2413/2,2423/1;2387/2,2397/1;2354/2,2366/1;1397/2,1407/1;1367/2,1377/1;1336/2,1346/1|
00000000|MMI|22.68|risk factors|C0035648|[qnco]|["Risk Factors"-tx-10-"risk factors"-noun-0]|TX|966/12|E05.318.740.600.800.725;N05.715.350.200.700;N05.715.360.750.625.700.700;N06.850.490.625.750;N06.850.520.830.600.800.725
00000000|MMI|22.46|Body Weight|C0005910|[orga]|["Weight"-tx-23-"weight"-noun-0]|TX|2045/6|C23.888.144;E01.370.600.115.100.160.120;E05.041.124.160.750;G07.100.100.160.120;G07.700.320.249.314.120
00000000|MMI|20.95|Ciprofloxacin|C0008809|[orch,phsu]|["CIPROFLOXACIN"-tx-29-"Ciprofloxacin"-noun-0]|TX|2445/13|D03.438.810.835.322.186
00000000|MMI|20.95|Hypercholesterolemia|C0020443|[dsyn]|["HYPERCHOLESTEROLEMIA"-tx-10-"hypercholesterolemia"-noun-1]|TX|1049/20|C18.452.584.500.500.396
00000000|MMI|20.34|Heart|C0018787|[bpoc]|["Cardiac"-tx-21-"Cardiac"-noun-0,"Cardiac"-tx-20-"Cardiac"-adj-0,"Cardiac"-tx-10-"Cardiac"-adj-0]|TX|1813/7;1617/7;958/7|A07.541
00000000|MMI|19.96|Colchicine|C0009262|[orch,phsu]|["COLCHICINE"-tx-29-"Colchicine"-noun-0,"COLCHICINE"-tx-15-"Colchicine"-noun-0]|TX|2428/10;1382/10|D03.132.225
00000000|MMI|19.75|Cardiac Surgery procedures|C0018821|[topp]|["Cardiac Surgical"-tx-31-"Cardiac Surgical"-adj-0,"Cardiac Surgical"-tx-20-"Cardiac Surgical"-adj-0]|TX|2523/16;1617/16|E04.100.376;E04.928.220
00000000|MMI|17.80|Angioplasty|C0162577|[topp]|["Angioplasty"-tx-8-"Angioplasty"-noun-0]|TX|771/11|E02.148.050;E04.100.814.529.124;E04.502.382.124;E05.157.016
00000000|MMI|17.80|Chest Pain|C0008031|[sosy]|["CHEST PAIN"-tx-9-"chest pain"-noun-1]|TX|946/10|C10.597.617.192;C23.888.592.612.233
00000000|MMI|17.80|Coronary Arteriosclerosis|C0010054|[dsyn]|["coronary artery disease"-tx-1-"coronary artery disease"-noun-0]|TX|73/23|C14.280.647.250.260;C14.907.137.126.339;C14.907.585.250.260
00000000|MMI|17.80|Coronary Artery Disease|C1956346|[dsyn]|["CORONARY ARTERY DISEASE"-tx-1-"coronary artery disease"-noun-0]|TX|73/23|C14.280.647.250.260;C14.907.137.126.339;C14.907.585.250.260
00000000|MMI|17.80|Tissue Dissection|C0012737|[topp]|["Dissection"-tx-9-"dissection"-noun-0]|TX|845/10|E01.370.225.998.221;E04.221;E05.200.998.221
00000000|MMI|16.59|Exercise stress test|C0015260|[diap]|["Exercise tolerance test NOS"-tx-6-"Exercise tolerance tests"-noun-0]|TX|458/24|E01.370.370.380.250;E01.370.386.700.250;E05.333.250
00000000|MMI|16.23|Fluorides|C0016327|[inch,phsu]|["F-"-tx-33-"F"-noun-0]|TX|2595/1|D01.248.497.158.380;D01.303.350.300
00000000|MMI|16.22|Cardiac Catheterization Procedures|C0018795|[hlca]|["Cardiac catheterisation"-tx-7-"Cardiac catheterization"-noun-0]|TX|591/23|E01.370.370.380.140;E02.148.442;E05.157.250
00000000|MMI|16.12|Diabetes Mellitus, Non-Insulin-Dependent|C0011860|[dsyn]|["Adult Onset Diabetes"-tx-11-"adult onset diabetes"-noun-0]|TX|1109/20|C18.452.394.750.149;C19.246.300
00000000|MMI|16.05|Dominican Republic|C0013014|[geoa]|["DR"-tx-30-"Dr"-noun-0]|TX|2500/2|Z01.107.084.900.300;Z01.639.880.300
00000000|MMI|16.05|Gout|C0018099|[dsyn]|["GOUT"-tx-11-"gout"-noun-0]|TX|1170/4|C05.550.114.423;C05.799.414;C16.320.565.798.368;C18.452.648.798.368
00000000|MMI|14.64|Coronary heart disease|C0010068|[dsyn]|["Coronary (artery) disease"-tx-1-"coronary artery disease"-noun-0]|TX|73/23|C14.280.647.250;C14.907.585.250
00000000|MMI|14.64|Diabetes Mellitus|C0011849|[dsyn]|["Diabetes"-tx-10-"diabetes"-noun-1]|TX|1034/8|C18.452.394.750;C19.246
00000000|MMI|14.64|Dyspnea|C0013404|[sosy]|["SHORTNESS OF BREATH"-tx-4-"shortness of breath"-noun-1]|TX|339/19|C08.618.326;C23.888.852.371
00000000|MMI|14.64|Infantile Neuroaxonal Dystrophy|C0270724|[dsyn]|["PLAN"-tx-25-"plan"-noun-0]|TX|2197/4|C10.228.140.744
00000000|MMI|14.28|post operative (finding)|C0241311|[fndg]|["POST OPERATIVE"-tx-25-"post-operative"-noun-0,"POST OPERATIVE"-tx-23-"operative post"-noun-0,"POST OPERATIVE"-tx-23-"post-operative"-noun-0,"POST OPERATIVE"-tx-22-"post-operative"-adj-0]|TX|2238/14;2035/9,2075/4;1976/14;1878/14|
00000000|MMI|14.23|30%|C3842588|[fndg]|["30%"-tx-27-"30"-integer-0,"30%"-tx-14-"30"-integer-0,"30%"-tx-13-"30"-integer-0,"30%"-tx-7-"30"-percentage-0]|TX|2384/2;1364/2;1333/2;634/2|
00000000|MMI|13.07|Operating Room|C0029064|[hcro,mnob]|["OPERATING ROOM"-tx-20-"Operating Room"-noun-0]|TX|1663/14|N02.278.388.700
00000000|MMI|13.05|Myocardial Infarction|C0027051|[dsyn]|["Infarction, Myocardial"-tx-24-"myocardial infarction"-noun-1]|TX|2120/21|C14.280.647.500;C14.907.585.500
00000000|MMI|12.92|Mongolia|C0026410|[geoa]|["MG"-tx-16-"mg"-noun-0]|TX|1422/2|Z01.252.474.651
00000000|MMI|12.89|Physicians|C0031831|[prog]|["DR"-tx-30-"Dr"-noun-0]|TX|2500/2|M01.526.485.810;N02.360.810
00000000|MMI|12.88|Caucasoid Race|C0007457|[popg]|["WHITE"-tx-2-"white"-adj-0]|TX|123/5|M01.686.508.400
00000000|MMI|11.49|Adenoidectomy|C0001425|[topp]|["Adenoidectomy"-tx-12-"adenoidectomy"-noun-0]|TX|1261/13|E04.580.068
00000000|MMI|11.49|Hypertensive disease|C0020538|[dsyn]|["HYPERTENSION"-tx-10-"hypertension"-noun-1]|TX|1019/12|C14.907.489
00000000|MMI|11.49|Physical Examination|C0031809|[hlca]|["PHYSICAL EXAMINATION"-tx-19-"PHYSICAL EXAMINATION"-noun-0]|TX|1520/20|E01.370.600
00000000|MMI|11.49|Tobacco|C0040329|[hops,orch,phsu]|["TOBACCO"-tx-10-"tobacco"-noun-0]|TX|1009/7|J01.637.836
00000000|MMI|10.98|To|C1883351|[qlco]|["To"-tx-30-"to"-adv-0,"To"-tx-25-"to"-adv-0,"To"-tx-25-"to"-noun-0]|TX|2482/2;[2177/2],[2205/2];[2177/2],[2205/2]|
00000000|MMI|10.85|Surgical service|C0587668|[hlca]|["Surgical"-tx-21-"Surgical"-noun-0,"Surgical"-tx-20-"Surgical"-adj-0,"Surgical Service"-tx-20-"Surgical Service"-noun-0]|TX|1821/8;1625/8;1625/16|
00000000|MMI|10.73|Cardiac - anatomy qualifier|C1522601|[spco]|["Cardiac"-tx-21-"Cardiac"-noun-0,"Cardiac"-tx-20-"Cardiac"-adj-0,"Cardiac"-tx-10-"Cardiac"-adj-0]|TX|1813/7;1617/7;958/7|
00000000|MMI|10.42|Doctor of Medicine|C1512018|[inpr]|["M.D."-tx-35-"M.D"-noun-0,"M.D."-tx-34-"M.D"-noun-0]|TX|2701/3;2612/3|
00000000|MMI|10.42|Dyspnea on exertion|C0231807|[sosy]|["Dyspnoea on exertion"-tx-5-"dyspnea on exertion"-noun-0,"Dyspnoea on exertion"-tx-2-"dyspnea on exertion"-noun-0]|TX|404/19;191/19|
00000000|MMI|10.42|Revealed|C0443289|[qlco]|["Revealed"-tx-7-"revealed"-verb-0,"Revealed"-tx-6-"revealed"-verb-0]|TX|623/8;504/8|
00000000|MMI|9.90|Disease|C0012634|[dsyn]|["condition"-tx-32-"CONDITION"-noun-0]|TX|2548/9|C23.550.288
00000000|MMI|9.88|Appendectomy|C0003611|[topp]|["APPENDECTOMY"-tx-12-"appendectomy"-noun-0]|TX|1279/12|E04.210.078
00000000|MMI|9.84|Males|C0086582|[orga]|["MALE"-tx-2-"male"-noun-0]|TX|129/4|x.x.x
00000000|MMI|9.83|Tracheal Extubation|C0553891|[topp]|["Extubate"-tx-23-"extubated"-verb-0]|TX|1963/9|E02.041.249;E05.008
00000000|MMI|9.76|Tonsillectomy|C0040423|[topp]|["TONSILLECTOMY"-tx-12-"tonsillectomy"-noun-0]|TX|1243/13|E04.580.848
00000000|MMI|9.75|Child|C0008059|[aggp]|["CHILD"-tx-12-"child"-noun-0]|TX|1297/5|M01.060.406
00000000|MMI|9.74|Ambulatory Care Facilities|C0002424|[hcro,mnob]|["Clinic"-tx-31-"Clinic"-noun-0]|TX|2540/6|N02.278.035
00000000|MMI|9.73|Back|C0004600|[blor]|["BACK"-tx-23-"back"-adj-0]|TX|2023/4|A01.923.176
00000000|MMI|8.34|Hypersensitivity|C0020517|[patf]|["Allergies"-tx-18-"ALLERGIES"-noun-0]|TX|1471/9|C20.543
00000000|MMI|7.70|Regulatory Report|C3273238|[inpr]|["Report"-tx-35-"Report"-noun-0,"Report"-tx-3-"reports"-verb-0]|TX|2644/6;269/7|
00000000|MMI|7.70|Report (document)|C0684224|[inpr]|["Report"-tx-35-"Report"-noun-0,"Reports"-tx-3-"reports"-verb-0]|TX|2644/6;269/7|
00000000|MMI|7.70|Reporting|C0700287|[hlca]|["Report"-tx-35-"Report"-noun-0,"reports"-tx-3-"reports"-verb-0]|TX|2644/6;269/7|
00000000|MMI|7.36|Good|C0205170|[qlco]|["Good"-tx-32-"Good"-adj-0,"Well"-tx-21-"well"-adv-0]|TX|2572/4;1787/4|
00000000|MMI|7.27|Body Fluid Discharge|C0012621|[bdsu]|["Discharge"-tx-32-"DISCHARGE"-noun-0,"Discharge"-tx-25-"discharge"-verb-0]|TX|2561/9;2208/9|
00000000|MMI|7.27|Discharge, body substance|C2926602|[bdsu]|["Discharge"-tx-32-"DISCHARGE"-noun-0,"Discharge"-tx-25-"discharge"-verb-0]|TX|2561/9;2208/9|
00000000|MMI|7.19|Event Seriousness - Significant|C1546944|[qlco]|["Significant"-tx-12-"Significant"-adj-0,"Significant"-tx-11-"Significant"-adj-0]|TX|1227/11;1093/11|
00000000|MMI|7.19|Significant|C0750502|[idcn]|["Significant"-tx-12-"Significant"-adj-0,"Significant"-tx-11-"Significant"-adj-0]|TX|1227/11;1093/11|
00000000|MMI|7.19|Statistical Significance|C0237881|[qnco]|["significant"-tx-12-"Significant"-adj-0,"significant"-tx-11-"Significant"-adj-0]|TX|1227/11;1093/11|
00000000|MMI|7.19|Lesion|C0221198|[fndg]|["Lesion"-tx-8-"lesion"-noun-0,"Lesion"-tx-7-"lesion"-noun-0]|TX|835/6;763/6|
00000000|MMI|7.19|Specimen Source Codes - Lesion|C1546698|[inpr]|["Lesion"-tx-8-"lesion"-noun-0,"Lesion"-tx-7-"lesion"-noun-0]|TX|835/6;763/6|
00000000|MMI|7.14|Taken|C1883727|[cnce]|["Taken"-tx-21-"taken"-verb-0,"Taken"-tx-20-"taken"-verb-0]|TX|1800/5;1650/5|
00000000|MMI|7.13|Operative Surgical Procedures|C0543467|[hlca]|["Surgical"-tx-21-"Surgical"-noun-0,"Surgical"-tx-20-"Surgical"-adj-0]|TX|1821/8;1625/8|E04
00000000|MMI|7.06|+5|C0728893|[qnco]|["+5"-tx-35-"5"-fraction-0,"+5"-tx-20-"5"-fraction-0]|TX|2663/1;1681/1|
00000000|MMI|7.06|>5|C0439084|[qnco]|[">5"-tx-35-"5"-fraction-0,">5"-tx-20-"5"-fraction-0]|TX|2663/1;1681/1|
00000000|MMI|6.99|Count of entities|C0449788|[qnco]|["Number"-tx-25-"number"-noun-0,"Number"-tx-23-"number"-noun-0]|TX|2257/6;1995/6|
00000000|MMI|6.99|Numbers|C0237753|[qnco]|["*Number"-tx-25-"number"-noun-0,"*Number"-tx-23-"number"-noun-0]|TX|2257/6;1995/6|
00000000|MMI|6.99|day|C0439228|[tmco]|["DAYS"-tx-23-"days"-noun-0,"DAY"-tx-5-"Day"-noun-0]|TX|2090/4;437/3|
00000000|MMI|6.95|/40|C0439509|[tmco]|["/40"-tx-16-"40"-integer-0,"/40"-tx-7-"40"-percentage-0]|TX|1419/2;650/2|
00000000|MMI|6.95|40%|C3842587|[qnco]|["40%"-tx-16-"40"-integer-0,"40%"-tx-7-"40"-percentage-0]|TX|1419/2;650/2|
00000000|MMI|6.95|Levatol|C0306609|[orch,phsu]|["Levatol"-tx-28-"Levatol"-noun-0,"Levatol"-tx-13-"Levatol"-noun-0]|TX|2402/7;1325/7|
00000000|MMI|6.61|Blood Vessel|C0005847|[bpoc]|["Vessel"-tx-20-"vessel"-noun-0]|TX|1715/6|A07.231
00000000|MMI|5.18|Angioplasty - Consent Type|C1548817|[hlca]|["Angioplasty"-tx-8-"Angioplasty"-noun-0]|TX|771/11|
00000000|MMI|5.18|Chest pain:Finding:Point in time:^Patient:Ordinal|C2926613|[clna]|["Chest pain"-tx-9-"chest pain"-noun-0]|TX|946/10|
00000000|MMI|5.18|Chest pressure|C0438716|[sosy]|["Chest pressure"-tx-4-"chest pressure"-noun-1]|TX|361/14|
00000000|MMI|5.18|Chief complaint (finding)|C0277786|[fndg]|["Chief Complaint"-tx-1-"Chief complaint"-noun-0]|TX|54/15|
00000000|MMI|5.18|Clinical Trial Final Report|C3889645|[inpr]|["Reports"-tx-3-"reports"-verb-0]|TX|269/7|
00000000|MMI|5.18|Continuous|C0549178|[idcn]|["Continue"-tx-25-"continues"-verb-0]|TX|2167/9|
00000000|MMI|5.18|Deny (action)|C2700401|[acty]|["Deny"-tx-4-"denies"-verb-0]|TX|332/6|
00000000|MMI|5.18|Diabetes|C0011847|[dsyn]|["Diabetes"-tx-10-"diabetes"-noun-1]|TX|1034/8|
00000000|MMI|5.18|Discharge date|C2361123|[tmco]|["Discharge date"-tx-1-"Discharge Date"-noun-0]|TX|0/14|
00000000|MMI|5.18|Discharge date:Time Stamp -- Date and Time:Point in time:^Patient:Quantitative|C2361122|[clna]|["Discharge date"-tx-1-"Discharge Date"-noun-0]|TX|0/14|
00000000|MMI|5.18|Disposition|C0743223|[idcn]|["Disposition"-tx-26-"DISPOSITION"-noun-0]|TX|2308/11|
00000000|MMI|5.18|Disposition Domain|C1705555|[inpr]|["Disposition"-tx-26-"DISPOSITION"-noun-0]|TX|2308/11|
00000000|MMI|5.18|Dissecting hemorrhage|C0333288|[patf]|["Dissection"-tx-9-"dissection"-noun-0]|TX|845/10|
00000000|MMI|5.18|Evaluation and management note:Finding:Point in time:{Setting}:Document:{Provider}|C1316572|[clna]|["Note"-tx-5-"notes"-verb-0]|TX|398/5|
00000000|MMI|5.18|Family History Domain|C1705495|[idcn]|["Family History"-tx-10-"family history"-noun-0]|TX|989/14|
00000000|MMI|5.18|Family history|C0241889|[fndg]|["FAMILY HISTORY"-tx-10-"family history"-noun-0]|TX|989/14|
00000000|MMI|5.18|H/O: surgery|C0455610|[fndg]|["Past surgical history"-tx-12-"PAST SURGICAL HISTORY"-noun-0]|TX|1204/21|
00000000|MMI|5.18|Hospital course|C0489547|[fndg]|["Hospital course"-tx-20-"HOSPITAL COURSE"-noun-0]|TX|1572/15|
00000000|MMI|5.18|Hospital course:Finding:Point in time:^Patient:Narrative|C0488549|[clna]|["Hospital course"-tx-20-"HOSPITAL COURSE"-noun-0]|TX|1572/15|
00000000|MMI|5.18|Hypercholesterolemia result|C1522133|[fndg]|["Hypercholesterolemia"-tx-10-"hypercholesterolemia"-noun-1]|TX|1049/20|
00000000|MMI|5.18|Hypertension Adverse Event|C1963138|[fndg]|["Hypertension"-tx-10-"hypertension"-noun-1]|TX|1019/12|
00000000|MMI|5.18|Include (action)|C2700399|[acty]|["Include"-tx-10-"include"-verb-0]|TX|979/7|
00000000|MMI|5.18|Including (qualifier)|C0332257|[ftcn]|["include"-tx-10-"include"-verb-0]|TX|979/7|
00000000|MMI|5.18|Medical History|C0262926|[fndg]|["Past Medical History"-tx-11-"PAST MEDICAL HISTORY"-noun-0]|TX|1071/20|
00000000|MMI|5.18|Medication.discharge|C0806915|[fndg]|["Discharge medications"-tx-26-"DISCHARGE MEDICATIONS"-noun-0]|TX|2321/21|
00000000|MMI|5.18|Note (document)|C1317574|[inpr]|["Notes"-tx-5-"notes"-verb-0]|TX|398/5|
00000000|MMI|5.18|PMH - past medical history|C0455458|[fndg]|["Past medical history"-tx-11-"PAST MEDICAL HISTORY"-noun-0]|TX|1071/20|
00000000|MMI|5.18|Performed|C0884358|[ftcn]|["Performed"-tx-6-"performed"-verb-0]|TX|488/9|
00000000|MMI|5.18|Planned|C1301732|[ftcn]|["Plan"-tx-25-"plan"-noun-0]|TX|2197/4|
00000000|MMI|5.18|Positive|C1446409|[qlco]|["ruled"-tx-24-"ruled"-verb-0]|TX|2104/5|
00000000|MMI|5.18|Shortness of breath:-:Point in time:^Patient:-|C2707305|[clna]|["Shortness of breath"-tx-4-"shortness of breath"-noun-0]|TX|339/19|
00000000|MMI|5.18|Syncope (amphibian)|C3541349|[amph]|["Syncope"-tx-4-"syncope"-noun-0]|TX|381/7|
00000000|MMI|5.18|Treatment Plan|C0599880|[inpr]|["Plan"-tx-25-"plan"-noun-0]|TX|2197/4|
00000000|MMI|5.18|Uncomplicated|C0443334|[qlco]|["Uncomplicated"-tx-22-"uncomplicated"-adj-0]|TX|1923/13|
00000000|MMI|5.18|diet controlled|C0743195|[topp]|["diet controlled"-tx-11-"diet controlled"-adj-0]|TX|1132/15|
00000000|MMI|5.18|include - SetOperator|C1552866|[idcn]|["include"-tx-10-"include"-verb-0]|TX|979/7|
00000000|MMI|4.12|Electrocardiographic changes|C0855329|[fndg]|["ekg change"-tx-9-"EKG changes"-noun-1]|TX|931/11|
00000000|MMI|4.12|medication current|C0746467|[fndg]|["current medication"-tx-13-"CURRENT MEDICATIONS"-noun-0]|TX|1304/19|
00000000|MMI|3.98|Exercise stress ECG test|C1304755|[diap]|["Exercise tolerance test"-tx-6-"Exercise tolerance tests"-noun-0]|TX|458/24|
00000000|MMI|3.98|Experimental Result|C2825142|[fndg]|["Result"-tx-9-"resulted"-verb-0]|TX|856/8|
00000000|MMI|3.98|Result|C1274040|[ftcn]|["Result"-tx-9-"resulted"-verb-0]|TX|856/8|
00000000|MMI|3.98|What subject filter - Result|C1546471|[idcn]|["Result"-tx-9-"resulted"-verb-0]|TX|856/8|
00000000|MMI|3.85|Mid-Right Coronary Artery Conduit|C3640699|[bpoc]|["Mid right coronary artery"-tx-7-"mid right coronary artery"-noun-0]|TX|703/25|
00000000|MMI|3.77|Allergy to penicillin|C0030824|[dsyn]|["Allergy to penicillin"-tx-18-"allergy to Penicillin"-noun-0]|TX|1497/21|
00000000|MMI|3.75|risk factors - observation list|C1553898|[inpr]|["risk factors"-tx-10-"risk factors"-noun-0]|TX|966/12|
00000000|MMI|3.68|CDISC SDTM Procedure Terminology|C3539779|[inpr]|["Procedure"-tx-21-"procedure"-noun-0]|TX|1777/9|
00000000|MMI|3.68|Circumflex|C1880089|[spco]|["Circumflex"-tx-7-"circumflex"-noun-0]|TX|685/10|
00000000|MMI|3.68|Interventional procedure|C0184661|[topp]|["Procedure"-tx-21-"procedure"-noun-0]|TX|1777/9|
00000000|MMI|3.68|Physical Medical Procedure|C3274430|[hlca]|["PROCEDURE"-tx-21-"procedure"-noun-0]|TX|1777/9|
00000000|MMI|3.68|Procedure (set of actions)|C2700391|[acty]|["Procedure"-tx-21-"procedure"-noun-0]|TX|1777/9|
00000000|MMI|3.68|Procedure Domain|C3538935|[inpr]|["Procedure"-tx-21-"procedure"-noun-0]|TX|1777/9|
00000000|MMI|3.68|Surgical and medical procedures|C1948041|[topp]|["Procedure"-tx-21-"procedure"-noun-0]|TX|1777/9|
00000000|MMI|3.68|Very good|C3641222|[qlco]|["Very well"-tx-25-"very well"-adv-0]|TX|2183/9|
00000000|MMI|3.67|History of present illness|C0262512|[orga]|["HISTORY OF PRESENT ILLNESS"-tx-1-"HISTORY OF PRESENT ILLNESS"-noun-0]|TX|26/26|
00000000|MMI|3.67|History of present illness:Finding:Point in time:^Patient:Nominal:Reported|C0488508|[clna]|["History of present illness"-tx-1-"HISTORY OF PRESENT ILLNESS"-noun-0]|TX|26/26|
00000000|MMI|3.66|Complete occlusion of coronary artery|C1955780|[dsyn]|["Total occlusion of coronary artery"-tx-9-"total occlusion of coronary artery"-noun-0]|TX|869/18,907/15|
00000000|MMI|3.64|EKG ST segment changes|C0232326|[fndg]|["ST segment changes"-tx-6-"ST segment changes"-noun-0]|TX|571/18|
00000000|MMI|3.64|Normal limits|C0442816|[qnco]|["Normal limits"-tx-19-"normal limits"-noun-0]|TX|1557/13|
00000000|MMI|3.64|Proximal right coronary artery|C4071850|[bpoc]|["Proximal right coronary artery"-tx-8-"proximal right coronary artery"-noun-0]|TX|804/30|
00000000|MMI|3.64|chest fullness|C0235712|[sosy]|["chest fullness"-tx-3-"chest fullness"-noun-0]|TX|308/14|
00000000|MMI|3.61|Batch (Response Modality)|C1550176|[inpr]|["Batch"-tx-35-"Batch"-noun-0]|TX|2632/5|
00000000|MMI|3.61|Batch (group)|C1948031|[qnco]|["Batch"-tx-35-"Batch"-noun-0]|TX|2632/5|
00000000|MMI|3.61|Batch Number|C3641829|[inpr]|["BATCH"-tx-35-"Batch"-noun-0]|TX|2632/5|
00000000|MMI|3.61|Clinical Study Follow-up|C3274571|[hlca]|["FOLLOW-UP"-tx-30-"follow-up"-adj-0]|TX|2485/9|
00000000|MMI|3.61|Follow-Up Report|C1704685|[inpr]|["Follow-Up"-tx-30-"follow-up"-adj-0]|TX|2485/9|
00000000|MMI|3.61|Follow-up status|C0589120|[fndg]|["Follow-up"-tx-30-"follow-up"-adj-0]|TX|2485/9|
00000000|MMI|3.61|Patient location type - Operating Room|C1578465|[spco]|["Operating Room"-tx-20-"Operating Room"-noun-0]|TX|1663/14|
00000000|MMI|3.61|Surgical intensive care unit|C1690590|[hcro,mnob]|["Surgical intensive care unit"-tx-21-"Surgical Intensive Care Unit"-noun-0]|TX|1821/28|
00000000|MMI|3.61|follow-up|C1522577|[hlca]|["Follow Up"-tx-30-"follow-up"-adj-0]|TX|2485/9|
00000000|MMI|3.60|Cardiac intensive care unit|C0587446|[hcro,mnob]|["Cardiac intensive care unit"-tx-21-"Cardiac Intensive Care Unit"-noun-0]|TX|1813/7,1830/19|
00000000|MMI|3.59|6 Hours|C1292428|[tmco]|["6H"-tx-16-"6h"-noun-0]|TX|1432/2|
00000000|MMI|3.59|Descending|C0205386|[qlco]|["Descending"-tx-7-"descending"-noun-0]|TX|668/10|
00000000|MMI|3.59|Sequencing - Descending|C1547177|[ftcn]|["Descending"-tx-7-"descending"-noun-0]|TX|668/10|
00000000|MMI|3.59|20%|C3842589|[fndg]|["20%"-tx-26-"20"-integer-0]|TX|2351/2|
00000000|MMI|3.59|Before|C0332152|[tmco]|["Prior to"-tx-6-"prior to"-prep-0]|TX|562/8|
00000000|MMI|3.59|Condition|C0348080|[qlco]|["Condition"-tx-32-"CONDITION"-noun-0]|TX|2548/9|
00000000|MMI|3.59|Condition:Find:Pt:^Patient:Nom|C3864998|[clna]|["Condition"-tx-32-"CONDITION"-noun-0]|TX|2548/9|
00000000|MMI|3.59|Electrocardiogram: myocardial infarction (finding)|C0428953|[lbtr]|["MYOCARDIAL INFARCTION"-tx-24-"myocardial infarction"-noun-1]|TX|2120/21|
00000000|MMI|3.59|Logical Condition|C1705253|[cnce]|["Condition"-tx-32-"CONDITION"-noun-0]|TX|2548/9|
00000000|MMI|3.59|Myocardial Infarction ECG Assessment|C3810814|[diap]|["Myocardial Infarction"-tx-24-"myocardial infarction"-noun-0]|TX|2120/21|
00000000|MMI|3.59|Myocardial infarction:Finding:Point in time:^Patient:Ordinal|C2926063|[clna]|["Myocardial infarction"-tx-24-"myocardial infarction"-noun-0]|TX|2120/21|
00000000|MMI|3.58|Cardiac Service|C1546530|[hcro]|["Cardiac Service"-tx-20-"Cardiac Service"-noun-0]|TX|1617/7,1634/7|
00000000|MMI|3.58|Past history of|C0332119|[qlco]|["past history"-tx-11-"history past"-noun-0]|TX|1183/7,1198/4|
00000000|MMI|3.57|One day|C3844320|[fndg]|["One day"-tx-23-"day one"-noun-0]|TX|1991/3,2002/3|
00000000|MMI|3.57|Minute (diminutive)|C1282918|[qnco]|["minutes"-tx-6-"minutes"-noun-0]|TX|518/7|
00000000|MMI|3.57|Minute Unit of Plane Angle|C2347166|[qnco]|["Minute"-tx-6-"minutes"-noun-0]|TX|518/7|
00000000|MMI|3.57|Minute of time|C0439232|[tmco]|["minutes"-tx-6-"minutes"-noun-0]|TX|518/7|
00000000|MMI|3.57|Per Minute|C0702093|[tmco]|["/minute"-tx-6-"minutes"-noun-0]|TX|518/7|
00000000|MMI|3.57|Small|C0700321|[qnco]|["minutes"-tx-6-"minutes"-noun-0]|TX|518/7|
00000000|MMI|3.57|described|C1552738|[idcn]|["described"-tx-3-"described"-verb-0]|TX|295/9|
00000000|MMI|3.56|Patient's home|C3698592|[mnob]|["Patient's home"-tx-25-"patient home"-noun-0]|TX|2222/12|
00000000|MMI|3.56|Question (inquiry)|C1522634|[inpr]|["Question"-tx-11-"question"-noun-0]|TX|1156/8|
00000000|MMI|3.56|dictated - DocumentCompletion|C1609990|[idcn]|["Dictated"-tx-35-"Dictated"-noun-0]|TX|2671/8|
00000000|MMI|3.56|dictated - ParticipationMode|C1548384|[ftcn]|["dictated"-tx-35-"Dictated"-noun-0]|TX|2671/8|
00000000|MMI|3.55|ActInformationPrivacyReason <service>|C3245478|[idcn]|["service"-tx-20-"Service"-noun-0]|TX|1634/7|
00000000|MMI|3.55|Admission activity|C0809949|[hlca]|["Admitted"-tx-20-"admitted"-verb-0]|TX|1601/8|
00000000|MMI|3.55|Hospital admission|C0184666|[hlca]|["admitted"-tx-20-"admitted"-verb-0]|TX|1601/8|
00000000|MMI|3.55|Out (direction)|C0439787|[spco]|["Out"-tx-24-"out"-adv-0]|TX|2110/3|
00000000|MMI|3.55|Present|C0150312|[qnco]|["Present"-tx-2-"presents"-verb-0]|TX|215/8|
00000000|MMI|3.55|Presentation|C0449450|[idcn]|["Present"-tx-2-"presents"-verb-0]|TX|215/8|
00000000|MMI|3.55|Removed|C0849355|[qlco]|["Out"-tx-24-"out"-adv-0]|TX|2110/3|
00000000|MMI|3.55|Services|C0557854|[ocac]|["Service"-tx-20-"Service"-noun-0]|TX|1634/7|
00000000|MMI|3.55|Software Service|C2825316|[mnob]|["Service"-tx-20-"Service"-noun-0]|TX|1634/7|
00000000|MMI|3.55|To be stopped|C1272691|[qlco]|["stopped"-tx-6-"stopped"-verb-0]|TX|554/7|
00000000|MMI|3.55|Course|C0750729|[tmco]|["Course"-tx-22-"course"-noun-0]|TX|1893/6|
00000000|MMI|3.55|Daily|C0332173|[tmco]|["/day"-tx-5-"Day"-noun-0]|TX|437/3|
00000000|MMI|3.55|Nine|C0205455|[qnco]|["Nine"-tx-5-"nine"-word_numeral-0]|TX|441/4|
00000000|MMI|3.55|month|C0439231|[tmco]|["MONTHS"-tx-5-"months"-noun-0]|TX|446/6|
00000000|MMI|3.55|per day|C0439505|[tmco]|["/day"-tx-5-"Day"-noun-0]|TX|437/3|
00000000|MMI|3.54|Attempt|C1516084|[evnt]|["Attempted"-tx-8-"attempted"-verb-0]|TX|787/9|
00000000|MMI|3.54|Post|C0687676|[tmco]|["Post"-tx-21-"post"-adv-0]|TX|1850/4|
00000000|MMI|3.54|Post Device Component|C1704687|[mnob]|["Post"-tx-21-"post"-adv-0]|TX|1850/4|
00000000|MMI|3.54|Importance Weight|C1705104|[idcn]|["Weight"-tx-23-"weight"-noun-0]|TX|2045/6|
00000000|MMI|3.54|Weighing patient|C1305866|[diap]|["weight"-tx-23-"weight"-noun-0]|TX|2045/6|
00000000|MMI|3.54|Weight|C0043100|[qnco]|["WEIGHT"-tx-23-"weight"-noun-0]|TX|2045/6|
00000000|MMI|3.54|Male Gender, Self Report|C1706180|[qlco]|["Male"-tx-2-"male"-noun-0]|TX|129/4|
00000000|MMI|3.54|Male Phenotype|C1706428|[qlco]|["Male"-tx-2-"male"-noun-0]|TX|129/4|
00000000|MMI|3.54|Male, Self-Reported|C1706429|[orga]|["Male"-tx-2-"male"-noun-0]|TX|129/4|
00000000|MMI|3.52|Right coronary artery structure|C1261316|[bpoc]|["Right Coronary Artery"-tx-7-"right coronary artery"-noun-0]|TX|741/21|
00000000|MMI|3.50|Left anterior|C0441998|[spco]|["Left anterior"-tx-7-"left anterior"-adj-0]|TX|638/4,659/8|
00000000|MMI|3.50|50%|C3842586|[fndg]|["50%"-tx-7-"50"-percentage-0]|TX|681/2|
00000000|MMI|3.50|<50|C3843766|[fndg]|["<50"-tx-7-"50"-percentage-0]|TX|681/2|
00000000|MMI|3.50|Well|C3146287|[mnob]|["Well"-tx-21-"well"-adv-0]|TX|1787/4|
00000000|MMI|3.48|Aspirin Oral Tablet|C1244632|[clnd]|["aspirin tablet"-tx-17-"Aspirin tablet"-noun-0]|TX|1442/7,1454/6|
00000000|MMI|3.47|29+|C3843708|[fndg]|["29+"-tx-35-"29"-fraction-0]|TX|2626/2|
00000000|MMI|3.47|4+ Answer to question|C3838679|[fndg]|["4+"-tx-35-"4"-fraction-0]|TX|2624/1|
00000000|MMI|3.46|100%|C3817553|[qnco]|["100%"-tx-7-"100"-percentage-0]|TX|698/3|
00000000|MMI|3.46|90%|C3842582|[fndg]|["90%"-tx-7-"90"-percentage-0]|TX|737/2|
00000000|MMI|3.46|<90|C0439087|[qnco]|["<90"-tx-7-"90"-percentage-0]|TX|737/2|
00000000|MMI|3.46|>90|C0439083|[qnco]|[">90"-tx-7-"90"-percentage-0]|TX|737/2|
00000000|MMI|3.46|Personal History of Coronary Artery Disease|C1881055|[clna]|["History of Coronary Artery Disease"-tx-2-"history of coronary artery disease"-noun-0]|TX|141/34|
00000000|MMI|3.46|Blood Vessel Tissue|C1511228|[tisu]|["Vessel"-tx-20-"vessel"-noun-0]|TX|1715/6|
00000000|MMI|3.46|Three|C0205449|[qnco]|["Three"-tx-20-"three"-word_numeral-0]|TX|1709/5|
00000000|MMI|3.45|10%|C3842590|[fndg]|["10%"-tx-28-"10"-integer-0]|TX|2410/2|
00000000|MMI|3.45|Magnesium Cation|C2346927|[elii,phsu]|["Mg++"-tx-16-"mg"-noun-0]|TX|1422/2|
00000000|MMI|3.45|Main|C1542147|[qlco]|["Main"-tx-7-"main"-adj-0]|TX|643/4|
00000000|MMI|3.45|Milligram percent|C1960952|[qnco]|["mg %"-tx-16-"mg"-noun-0]|TX|1422/2|
00000000|MMI|3.45|One|C0205447|[qnco]|["ONE"-tx-17-"one"-noun-0]|TX|1450/3|
00000000|MMI|3.45|Primary|C0205225|[qlco]|["Main"-tx-7-"main"-adj-0]|TX|643/4|
00000000|MMI|3.45|mg/dL|C0439269|[qnco]|["mg%"-tx-16-"mg"-noun-0]|TX|1422/2|
00000000|MMI|3.44|Exertion|C0015264|[orgf]|["Exertion"-tx-6-"exertion"-noun-0]|TX|529/8|
00000000|MMI|3.44|Five|C0205451|[qnco]|["Five"-tx-6-"five"-word_numeral-0]|TX|513/4|
00000000|MMI|3.44|Offspring|C0680063|[famg]|["CHILD"-tx-12-"child"-noun-0]|TX|1297/5|
00000000|MMI|3.43|Seven-Day Report|C1710063|[inpr]|["SEVEN-DAY"-tx-25-"day seven"-noun-0]|TX|2253/3,2264/5|
00000000|MMI|3.43|23|C0450348|[qnco]|["23"-tx-35-"23"-fraction-0]|TX|2665/2|
00000000|MMI|3.43|Delayed Release Dosage Form|C1707664|[bodm]|["DR"-tx-30-"Dr"-noun-0]|TX|2500/2|
00000000|MMI|3.43|Device to Subject Relationship Domain|C3540849|[inpr]|["DR"-tx-30-"Dr"-noun-0]|TX|2500/2|
00000000|MMI|3.43|Doctor - Title|C2348314|[cnce]|["Dr."-tx-30-"Dr"-noun-0]|TX|2500/2|
00000000|MMI|3.43|Preoperative|C0445204|[tmco]|["Pre-operative"-tx-23-"pre-operative"-adj-0]|TX|2031/13|
00000000|MMI|3.43|Clinic|C0442592|[hcro,mnob]|["Clinic"-tx-31-"Clinic"-noun-0]|TX|2540/6|
00000000|MMI|3.42|1+|C3816745|[fndg]|["1+"-tx-1-"1"-fraction-0]|TX|16/1|
00000000|MMI|3.42|1+ Score|C2827734|[qnco]|["1+"-tx-1-"1"-fraction-0]|TX|16/1|
00000000|MMI|3.42|1+ Score, WHO|C2981698|[clas]|["1+"-tx-1-"1"-fraction-0]|TX|16/1|
00000000|MMI|3.42|Point|C3714763|[spco]|["Point"-tx-22-"point"-noun-0]|TX|1910/5|
00000000|MMI|3.42|Point Name|C2347617|[qnco]|["point"-tx-22-"point"-noun-0]|TX|1910/5|
00000000|MMI|3.42|point - UnitsOfMeasure|C1552961|[qnco]|["POINT"-tx-22-"point"-noun-0]|TX|1910/5|
00000000|MMI|3.42|Proximal|C0205107|[spco]|["PROXIMAL"-tx-9-"proximal"-adj-0]|TX|892/8|
00000000|MMI|3.42|Right|C0205090|[spco]|["RIGHT"-tx-9-"right"-noun-0]|TX|901/5|
00000000|MMI|3.42|Right sided|C0444532|[spco]|["Right"-tx-9-"right"-noun-0]|TX|901/5|
00000000|MMI|3.42|Back structure, excluding neck|C1995000|[blor]|["Back, NOS"-tx-23-"back"-adj-0]|TX|2023/4|
00000000|MMI|3.42|Back structure, including back of neck|C0460009|[blor]|["Back"-tx-23-"back"-adj-0]|TX|2023/4|
00000000|MMI|3.42|Dorsal|C0205095|[spco]|["BACK"-tx-23-"back"-adj-0]|TX|2023/4|
00000000|MMI|3.42|Following|C0332282|[tmco]|["Subsequent"-