00000000|MMI|17.80|Supraventricular tachycardia|C0039240|[dsyn]|["SVT"-tx-1-"SVT"-noun-0]|TX|64/3|C14.280.067.845.880;C23.550.073.845.880
00000000|MMI|9.75|Pulmonary Edema|C0034063|[dsyn]|["PULMONARY OEDEMA"-tx-1-"pulmonary edema"-noun-0]|TX|79/15|C08.381.742
00000000|MMI|5.18|Supraventricular Tachycardia by ECG Finding|C3815188|[fndg]|["SVT"-tx-1-"SVT"-noun-0]|TX|64/3|
00000000|MMI|3.65|Report status|C0586177|[fndg]|["Report status"-tx-1-"Report Status"-noun-0]|TX|131/13|
00000000|MMI|3.59|Pyrexia of unknown origin (excl puerperal)|C0856281|[sosy]|["puo"-tx-1-"PUO"-noun-0]|TX|12/3|
00000000|MMI|3.55|Congestive heart failure|C0018802|[dsyn]|["CHF"-tx-1-"CHF"-noun-0]|TX|70/3|
00000000|MMI|3.44|Admission date:Time Stamp -- Date and Time:Point in time:^Patient:Quantitative|C2598112|[clna]|["Admission date"-tx-1-"Admission Date"-noun-0]|TX|105/14|
00000000|MMI|3.44|Date of admission|C1302393|[tmco]|["Admission date"-tx-1-"Admission Date"-noun-0]|TX|105/14|
00000000|MMI|3.42|Diagnostic interview schedule|C0451119|[inpr]|["DIS"-tx-1-"DIS"-noun-0]|TX|99/3|
00000000|MMI|3.42|Discontinued|C1444662|[fndg]|["DIS"-tx-1-"DIS"-noun-0]|TX|99/3|
00000000|MMI|101.69|Patient Discharge|C0030685|[hlca]|["Discharge"-tx-43-"DISCHARGE"-noun-0,"Discharge"-tx-36-"DISCHARGE"-noun-0,"Discharge"-tx-6-"DISCHARGE"-noun-0,"Discharge"-tx-1-"DISCHARGE"-noun-0,"Patient Discharge"-tx-1-"DISCHARGE PATIENT"-noun-0]|TX|4313/9;3878/9;1544/9;34/9;137/17|E02.204.125;E02.760.400.610;N02.421.192.125;N02.421.585.400.610;N04.590.233.727.210.125
00000000|MMI|68.10|Diet|C0012155|[food]|["Dietary"-tx-28-"dietary"-adj-0,"Dietary"-tx-27-"dietary"-adj-0,"Dietary"-tx-15-"dietary"-adj-0,"Diet"-tx-6-"DIET"-noun-0]|TX|3422/7;3353/7;2864/7;[1257/4],[1299/4]|G07.203.650.240
00000000|MMI|58.96|Deficiency of glucose-6-phosphate dehydrogenase|C2939465|[dsyn]|["G6PD DEFICIENCY"-tx-6-"G6pd deficiency"-noun-0,"G6PD DEFICIENCY"-tx-3-"G6PD DEFICIENCY"-noun-0]|TX|1484/15;[513/15],[568/15]|C15.378.071.141.150.480;C16.320.070.480;C16.320.565.202.402;C18.452.648.202.402
00000000|MMI|54.42|Hypersensitivity|C0020517|[patf]|["ALLERGY"-tx-6-"ALLERGY"-noun-0,"ALLERGY"-tx-4-"ALLERGY"-noun-0,"Sensitivity"-tx-4-"SENSITIVITY"-noun-0,"ALLERGY"-tx-3-"ALLERGY"-noun-0,"Sensitivity"-tx-3-"SENSITIVITY"-noun-0]|TX|1437/7;749/7;762/11;[483/7],[538/7];[496/11],[551/11]|C20.543
00000000|MMI|53.21|Mongolia|C0026410|[geoa]|["MG"-tx-5-"MG"-noun-0,"MG"-tx-4-"MG"-noun-0,"MG"-tx-3-"MG"-noun-0,"MG"-tx-2-"MG"-noun-0]|TX|983/2;843/2;641/2;399/2|Z01.252.474.651
00000000|MMI|51.24|Portugal|C0032729|[geoa]|["PO"-tx-5-"PO"-noun-0,"PO"-tx-4-"PO"-noun-0,"PO"-tx-3-"PO"-noun-0,"PO"-tx-2-"PO"-noun-0]|TX|[986/2],[1054/2];846/2;644/2;402/2|Z01.542.727
00000000|MMI|50.03|Supraventricular tachycardia|C0039240|[dsyn]|["SVT"-tx-10-"SVT"-noun-0,"SVT"-tx-6-"SVT"-noun-0]|TX|2547/3;[1517/3],[1613/3]|C14.280.067.845.880;C23.550.073.845.880
00000000|MMI|49.49|Patient Non-Compliance|C0376405|[fndg]|["Noncompliance"-tx-27-"non-compliance"-noun-0,"MEDICAL NONCOMPLIANCE"-tx-15-"medical noncompliance"-noun-0,"Noncompliance"-tx-15-"noncompliance"-noun-0]|TX|3370/14;2892/21;2872/13|F01.145.488.500;N05.300.150.600.600
00000000|MMI|48.50|diagnosis aspect|C1704338|[qlco]|["diagnosis"-tx-6-"DIAGNOSIS"-noun-0]|TX|[1506/9],[1650/9]|x.x.x.x.x.x.x
00000000|MMI|45.23|Body Weight|C0005910|[orga]|["Weight"-tx-36-"weight"-noun-0,"Weight"-tx-6-"weight"-noun-0]|TX|3951/6;1286/6|C23.888.144;E01.370.600.115.100.160.120;E05.041.124.160.750;G07.100.100.160.120;G07.700.320.249.314.120
00000000|MMI|45.09|Coding|C0009219|[ocac]|["code"-tx-2-"CODE"-noun-0,"code"-tx-2-"code"-noun-0]|TX|298/4;316/4|N04.452.758.708.200.400.500;N04.452.859.564.274;N05.715.360.300.715.500.249;N06.850.520.308.940.968.249
00000000|MMI|41.33|Allergy Specialty|C0002111|[bmod]|["Allergy"-tx-6-"ALLERGY"-noun-0,"Allergy"-tx-4-"ALLERGY"-noun-0,"Allergy"-tx-3-"ALLERGY"-noun-0]|TX|1437/7;749/7;[483/7],[538/7]|H02.403.044
00000000|MMI|40.42|Chronic Obstructive Airway Disease|C0024117|[dsyn]|["-- COPD"-tx-10-"COPD"-noun-0,"-- COPD"-tx-6-"copd"-noun-0,"CHRONIC OBSTRUCTIVE PULMONARY DISEASE"-tx-6-"chronic obstructive pulmonary disease"-noun-0]|TX|2471/4;1823/4;1830/37|C08.381.495.389
00000000|MMI|39.19|Prednisone|C0032952|[horm,orch,phsu]|["PREDNISONE"-tx-24-"prednisone"-noun-0,"PREDNISONE"-tx-23-"prednisone"-noun-0]|TX|3236/10;3215/10|D04.808.745.432.719.702
00000000|MMI|39.00|Lasix|C0699992|[orch,phsu]|["Lasix"-tx-19-"lasix"-noun-0,"Lasix"-tx-3-"LASIX"-noun-0]|TX|3072/5;617/5|D02.065.884.725.300;D02.092.146.807.300;D02.886.590.700.725.300
00000000|MMI|38.65|Mitomycin|C0002475|[antb,orch]|["MMC"-tx-38-"MMC"-noun-0,"MMC"-tx-6-"MMC"-noun-0]|TX|4084/3;1417/3|D02.806.400.249.350;D03.383.097.500.350;D03.438.473.412.249.350
00000000|MMI|35.81|Asthma|C0004096|[dsyn]|["-- Asthma"-tx-6-"asthma"-noun-0]|TX|[1907/6],[1916/6]|C08.127.108;C08.381.495.108;C08.674.095;C20.543.480.680.095
00000000|MMI|35.81|Gout|C0018099|[dsyn]|["GOUT"-tx-6-"gout"-noun-0]|TX|[1925/4],[1932/4]|C05.550.114.423;C05.799.414;C16.320.565.798.368;C18.452.648.798.368
00000000|MMI|32.78|Lesotho|C0023376|[geoa]|["LT"-tx-4-"lt"-noun-0]|TX|[866/2],[877/2]|Z01.058.290.175.400
00000000|MMI|32.68|Exercise stress test|C0015260|[diap]|["cardiac stress test"-tx-40-"cardiac stress test"-noun-0,"cardiac stress test"-tx-35-"cardiac stress test"-noun-0]|TX|4171/19;3843/19|E01.370.370.380.250;E01.370.386.700.250;E05.333.250
00000000|MMI|32.41|Food-Drug Interactions|C0242785|[dsyn]|["Interaction, Food-Drug"-tx-5-"Food/Drug Interaction"-noun-0,"Interaction, Food-Drug"-tx-4-"Food/Drug Interaction"-noun-0]|TX|1061/21;883/21|G07.690.773.968.511
00000000|MMI|32.37|Latvia|C0023128|[geoa]|["LV"-tx-17-"LV"-noun-0,"LV"-tx-9-"LV"-noun-0]|TX|3001/2;2332/2|Z01.542.248.136.560;Z01.586.950.140.560
00000000|MMI|30.42|Aspirin|C0004057|[orch,phsu]|["ASPIRIN"-tx-2-"ASPIRIN"-noun-0]|TX|370/7|D02.455.426.559.389.657.410.595.176
00000000|MMI|30.42|Citrus paradisi|C0947567|[plnt]|["grapefruit"-tx-5-"grapefruit"-noun-0]|TX|1101/10|B01.650.940.800.575.100.875.177.538
00000000|MMI|29.72|utilization qualifier|C0042153|[ftcn]|["use"-tx-39-"Use"-noun-0,"use"-tx-33-"Use"-noun-0,"use"-tx-29-"Use"-noun-0]|TX|4120/3;3706/3;3480/3|x.x.x
00000000|MMI|29.69|Outpatients|C0029921|[podg]|["Outpatient"-tx-40-"outpatient"-noun-0,"Outpatient"-tx-35-"outpatient"-noun-0,"Outpatient"-tx-21-"outpatient"-noun-0]|TX|4197/10;3866/10;3166/10|M01.643.630
00000000|MMI|29.46|Cerebrovascular Disorders|C0007820|[dsyn]|["CEREBROVASCULAR DISEASE"-tx-6-"cerebrovascular disease"-noun-0]|TX|[1939/23],[1965/23]|C10.228.140.300;C14.907.253
00000000|MMI|29.46|ECHO protocol|C0058928|[topp]|["ECHO"-tx-17-"ECHO"-noun-0,"ECHO"-tx-9-"Echo"-noun-0]|TX|2951/4;2195/4|x.x.x.x
00000000|MMI|28.84|Combivent|C0591282|[orch,phsu]|["Combivent"-tx-6-"COMBIVENT"-noun-0]|TX|1194/9|D02.033.100.291.057.125;D02.092.063.291.057.125;D02.092.471.683.061.125;D02.145.074.722.229.400.500;D03.132.760.180.572.400.500;D03.132.889.180.648.400.500;D03.605.869.229.400.500;D04.075.080.875.099.722.229.400.500;D26.310.344
00000000|MMI|28.33|Allergic Reaction|C1527304|[patf]|["Allergy"-tx-6-"ALLERGY"-noun-0,"Allergy"-tx-4-"ALLERGY"-noun-0,"Allergy"-tx-3-"ALLERGY"-noun-0]|TX|1437/7;749/7;[483/7],[538/7]|C20.543
00000000|MMI|27.26|Cinchona pubescens|C1015216|[plnt]|["quinine"-tx-6-"Quinine"-noun-0]|TX|1446/7|B01.650.940.800.575.100.850.250
00000000|MMI|27.26|Ipratropium|C0027235|[orch,phsu]|["IPRATROPIUM"-tx-6-"IPRATROPIUM"-noun-0]|TX|1206/11|D02.145.074.722.229.400;D03.132.760.180.572.400;D03.132.889.180.648.400;D03.605.869.229.400;D04.075.080.875.099.722.229.400
00000000|MMI|27.26|Weight Gain|C0043094|[fndg]|["Gain, Weight"-tx-31-"weight gain"-noun-0]|TX|3585/11|C23.888.144.243.926;G07.700.320.249.314.120.200.926
00000000|MMI|27.15|Daily|C0332173|[tmco]|["/day"-tx-36-"day"-adj-0,"Daily"-tx-36-"daily"-adv-0,"Daily"-tx-32-"daily"-adj-0,"Daily"-tx-31-"daily"-adv-0,"Daily"-tx-6-"daily"-adj-0,"QD"-tx-5-"QD"-noun-0,"QD"-tx-2-"QD"-noun-0]|TX|4008/3;3958/5;3637/5;3564/5;1293/5;989/2;405/2|
00000000|MMI|26.74|Atrial Fibrillation|C0004238|[dsyn]|["ATRIAL FIBRILLATION"-tx-6-"atrial fibrillation"-noun-0]|TX|[1727/19],[1749/19]|C14.280.067.198;C23.550.073.198
00000000|MMI|26.37|Infantile Neuroaxonal Dystrophy|C0270724|[dsyn]|["PLAN"-tx-36-"PLAN"-noun-0,"PLAN"-tx-16-"PLAN"-noun-1]|TX|3912/4;2922/4|C10.228.140.744
00000000|MMI|26.13|Panama|C0030266|[geoa]|["PM"-tx-43-"PM"-noun-0,"PM"-tx-1-"PM"-adj-0]|TX|4296/2;176/2|Z01.107.169.772
00000000|MMI|26.11|Oxygen|C0030054|[elii,phsu]|["O2"-tx-39-"O2"-noun-0,"O2"-tx-10-"O2"-noun-0]|TX|4129/2;2484/2|D01.268.185.550;D01.362.670;x.x.x.x
00000000|MMI|26.09|Rabbi|C0684010|[prog]|["R."-tx-17-"R"-noun-0,"R."-tx-6-"R"-noun-0]|TX|2981/1;2057/1|M01.526.799.500
00000000|MMI|26.09|Dyspnea|C0013404|[sosy]|["SHORTNESS OF BREATH"-tx-29-"shortness of breath"-noun-0,"SOB"-tx-11-"SOB"-noun-0]|TX|3500/19;2617/3|C08.618.326;C23.888.852.371
00000000|MMI|25.69|Weight decreased|C1262477|[fndg]|["WEIGHTLOSS"-tx-31-"weight loss"-noun-0]|TX|3600/11|C23.888.144.243.963;G07.700.320.249.314.120.200.963
00000000|MMI|25.51|Diurese|C0719972|[orch,phsu]|["Diurese"-tx-20-"diuresed"-adj-0]|TX|3082/8|D02.886.590.700.135.261.476.716;D02.886.655.500.261.476.716;D03.438.174.261.476.716
00000000|MMI|24.56|Override|C1547671|[acty]|["Override"-tx-4-"override"-verb-0,"Override"-tx-3-"Override"-verb-0,"Override"-tx-3-"overridden"-noun-0,"Override"-tx-3-"override"-verb-0,"Override"-tx-2-"Override"-verb-0,"Override"-tx-2-"overridden"-noun-0]|TX|796/8;692/8;680/10;595/8;426/8;414/10|
00000000|MMI|24.11|Surgical aspects|C0038895|[ftcn]|["operations"-tx-6-"OPERATIONS"-noun-0]|TX|1991/10|x.x.x.x.x.x.x
00000000|MMI|23.12|Glaucoma|C0017601|[dsyn]|["GLAUCOMA"-tx-6-"glaucoma"-noun-0]|TX|[1801/8],[1812/8]|C11.525.381
00000000|MMI|23.12|Hypertensive disease|C0020538|[dsyn]|["HYPERTENSION"-tx-6-"hypertension"-noun-0]|TX|[1771/12],[1786/12]|C14.907.489
00000000|MMI|22.39|therapeutic aspects|C0039798|[ftcn]|["treatment"-tx-6-"Treatment"-noun-0]|TX|1712/9|x.x.x.x.x.x.x
00000000|MMI|21.36|Doctor of Medicine|C1512018|[inpr]|["M.D."-tx-42-"M.D"-noun-0,"M.D."-tx-3-"M.D"-noun-0,"M.D."-tx-2-"M.D"-noun-0,"M.D."-tx-1-"M.D"-noun-0]|TX|4265/3;735/3;469/3;293/3|
00000000|MMI|21.14|Patients|C0030705|[podg]|["*^patient"-tx-35-"Patient"-noun-0,"*^patient"-tx-28-"patient"-noun-0,"*^patient"-tx-6-"Patient"-noun-0]|TX|3817/7;3399/7;1263/7|M01.643
00000000|MMI|20.95|Flovent|C0720466|[orch,phsu]|["Flovent"-tx-6-"FLOVENT"-noun-0]|TX|1143/7|D04.808.054.079.129.114
00000000|MMI|20.95|Furosemide|C0016860|[orch,phsu]|["FUROSEMIDE"-tx-3-"FUROSEMIDE"-noun-0]|TX|625/10|D02.065.884.725.300;D02.092.146.807.300;D02.886.590.700.725.300
00000000|MMI|20.95|Hypercholesterolemia|C0020443|[dsyn]|["Elevated Cholesterol"-tx-6-"elevated cholesterol"-noun-0]|TX|1884/20|C18.452.584.500.500.396
00000000|MMI|20.95|Inspiration function|C0004048|[orgf]|["breathing"-tx-33-"breathing"-noun-0]|TX|3738/9|G09.772.770.755.700.390
00000000|MMI|20.75|Infection|C3714514|[patf]|["INFECTION"-tx-25-"infection"-noun-1,"Infections"-tx-15-"infectious"-adj-0,"Infections"-tx-6-"Infections"-noun-0]|TX|3274/9;2812/10;1673/10|C01.539
00000000|MMI|20.30|Disease|C0012634|[dsyn]|["condition"-tx-36-"CONDITION"-noun-0,"condition"-tx-6-"Conditions"-noun-0]|TX|3888/9;1660/10|C23.550.288
00000000|MMI|20.01|Pulmonary Edema|C0034063|[dsyn]|["PULMONARY OEDEMA"-tx-14-"pulmonary edema"-noun-0,"PULMONARY OEDEMA"-tx-6-"pulmonary edema"-noun-0]|TX|2742/15;1628/15|C08.381.742
00000000|MMI|19.98|Edema|C0013604|[fndg]|["OEDEMA"-tx-8-"edema"-noun-1,"OEDEMA"-tx-6-"edema"-noun-0]|TX|2188/5;1528/5|C23.888.277
00000000|MMI|19.97|Diet therapy|C0012159|[hlca]|["Diet"-tx-6-"DIET"-noun-0]|TX|[1257/4],[1299/4]|E02.642.249
00000000|MMI|19.92|Etiology aspects|C0015127|[ftcn]|["cause"-tx-32-"cause"-verb-0,"etiology"-tx-15-"etiology"-noun-0]|TX|3667/5;2801/8|x.x.x
00000000|MMI|19.86|Communicable Diseases|C0009450|[dsyn]|["Infection, NOS"-tx-25-"infection"-noun-1,"Infection, NOS"-tx-15-"infectious"-adj-0]|TX|3274/9;2812/10|C01.539.221
00000000|MMI|19.36|Meal (occasion for eating)|C1998602|[dora]|["Meals"-tx-4-"meals"-noun-0]|TX|940/5|F01.145.407.432.500;F01.145.466.349.500;G07.203.300.590;G07.203.650.353.432.500;J02.500.590
00000000|MMI|19.31|District of Columbia|C0012764|[geoa]|["D.C."-tx-1-"D/C"-noun-0]|TX|214/3|Z01.107.567.875.500.210;Z01.433.429
00000000|MMI|19.27|Diastole|C0012000|[clna]|["Diastolic"-tx-10-"diastolic"-adj-0]|TX|2489/9|G09.330.190.541.295;G11.427.590.540.554.250;G11.427.590.540.570.295
00000000|MMI|19.25|Nebraska (geographic location)|C0027523|[geoa]|["Nebraska"-tx-1-"Nebraska"-noun-0]|TX|109/8|Z01.107.567.875.510.520
00000000|MMI|19.24|Metoprolol Tartrate|C0700548|[orch,phsu]|["METOPROLOL TARTRATE"-tx-4-"METOPROLOL TARTRATE"-noun-0]|TX|818/19|D02.033.100.624.698.573;D02.033.755.624.698.573;D02.092.063.624.698.573
00000000|MMI|18.10|Oral|C0442027|[spco]|["PO"-tx-5-"PO"-noun-0,"PO"-tx-4-"PO"-noun-0,"PO"-tx-3-"PO"-noun-0,"PO"-tx-2-"PO"-noun-0]|TX|[986/2],[1054/2];846/2;644/2;402/2|
00000000|MMI|18.08|Magnesium Cation|C2346927|[elii,phsu]|["Mg++"-tx-5-"MG"-noun-0,"Mg+2"-tx-5-"2 MG"-noun-0,"Mg++"-tx-4-"MG"-noun-0,"Mg++"-tx-3-"MG"-noun-0,"Mg++"-tx-2-"MG"-noun-0]|TX|983/2;981/4;843/2;641/2;399/2|
00000000|MMI|17.80|Albuterol Sulfate|C0543495|[orch,phsu]|["Albuterol Sulphate"-tx-6-"ALBUTEROL SULFATE"-noun-0]|TX|1222/17|D02.033.100.291.057;D02.092.063.291.057;D02.092.471.683.061
00000000|MMI|17.80|Cholesterol|C0008377|[bacs,orch]|["CHOLESTEROL"-tx-6-"cholesterol"-noun-0]|TX|1870/11|D04.808.247.222.284;D04.808.247.808.197;D10.570.938.208
00000000|MMI|17.80|Right Ventricular Hypertrophy|C0162770|[dsyn]|["RVH"-tx-9-"RVH"-noun-0]|TX|2248/3|C14.280.195.410;C23.300.775.250.401
00000000|MMI|17.80|Togo|C0040363|[geoa]|["TO"-tx-33-"to"-adv-0]|TX|3730/2|Z01.058.290.190.800
00000000|MMI|17.80|Tryptophanase|C0041260|[aapp,enzy]|["TO"-tx-33-"to"-adv-0]|TX|3730/2|D08.811.520.224.800
00000000|MMI|16.34|Fat-Restricted Diet|C0242970|[topp]|["Low fat diet, NOS"-tx-6-"Low fat DIET"-noun-0]|TX|1313/3,1331/8|E02.642.249.260;G07.203.650.240.260
00000000|MMI|16.30|Adenosine|C0001443|[bacs,nnon,phsu]|["ADENOSINE"-tx-13-"adenosine"-noun-0]|TX|2720/9|D03.438.759.590.138;D13.570.583.138;D13.570.800.096;x.x.x.x
00000000|MMI|16.30|Hong Kong|C0019907|[geoa]|["HK"-tx-9-"HK"-noun-0]|TX|2270/2|Z01.252.474.164.450
00000000|MMI|16.23|Diabetes Mellitus, Non-Insulin-Dependent|C0011860|[dsyn]|["MOD"-tx-9-"mod"-noun-0]|TX|2234/3|C18.452.394.750.149;C19.246.300
00000000|MMI|16.17|Left Ventricular Hypertrophy|C0149721|[dsyn]|["LVH"-tx-9-"LVH"-noun-0]|TX|2292/3|C14.280.195.400;C23.300.775.250.400
00000000|MMI|16.08|Lanthanum|C0023031|[elii]|["La"-tx-9-"LA"-noun-0]|TX|2221/2|D01.268.558.362.500;D01.552.550.399.500;x.x.x.x
00000000|MMI|16.04|isoniazid|C0022209|[orch,phsu]|["ISONIAZID"-tx-6-"INH"-noun-0]|TX|1249/3|D02.442.436;D03.066.349.410;D03.383.725.394.582
00000000|MMI|15.79|Antimicrobial susceptibility|C0427965|[fndg]|["Sensitivity"-tx-4-"SENSITIVITY"-noun-0,"Sensitivity"-tx-3-"SENSITIVITY"-noun-0]|TX|762/11;[496/11],[551/11]|
00000000|MMI|15.79|Diagnostic Sensitivity|C1511883|[qnco]|["Sensitivity"-tx-4-"SENSITIVITY"-noun-0,"Sensitivity"-tx-3-"SENSITIVITY"-noun-0]|TX|762/11;[496/11],[551/11]|
00000000|MMI|15.79|Follow|C1719822|[inpr]|["Follow"-tx-26-"follow"-verb-0,"Follow"-tx-4-"follow"-verb-0,"Follow"-tx-3-"follow"-verb-0]|TX|3292/6;811/6;610/6|
00000000|MMI|15.79|Followed by|C0332283|[tmco]|["follow"-tx-26-"follow"-verb-0,"follow"-tx-4-"follow"-verb-0,"follow"-tx-3-"follow"-verb-0]|TX|3292/6;811/6;610/6|
00000000|MMI|15.79|Increased Sensitivy|C2346484|[phpr]|["Sensitivity"-tx-4-"SENSITIVITY"-noun-0,"Sensitivity"-tx-3-"SENSITIVITY"-noun-0]|TX|762/11;[496/11],[551/11]|
00000000|MMI|15.79|Personality Sensitivity|C0312418|[menp]|["Sensitivity"-tx-4-"SENSITIVITY"-noun-0,"Sensitivity"-tx-3-"SENSITIVITY"-noun-0]|TX|762/11;[496/11],[551/11]|
00000000|MMI|15.79|Signal Sensitivity|C2349185|[qlco]|["Sensitivity"-tx-4-"SENSITIVITY"-noun-0,"Sensitivity"-tx-3-"SENSITIVITY"-noun-0]|TX|762/11;[496/11],[551/11]|
00000000|MMI|15.79|Statistical sensitivity|C0036667|[qnco]|["Sensitivity"-tx-4-"SENSITIVITY"-noun-0,"Sensitivity"-tx-3-"SENSITIVITY"-noun-0]|TX|762/11;[496/11],[551/11]|
00000000|MMI|15.79|Take|C1515187|[hlca]|["Take"-tx-37-"Take"-verb-0,"Take"-tx-30-"Take"-verb-0,"Take"-tx-4-"Take"-verb-0]|TX|4020/4;3521/4;917/4|
00000000|MMI|15.79|stimulus sensitivity|C1522640|[qlco]|["Sensitivity"-tx-4-"SENSITIVITY"-noun-0,"Sensitivity"-tx-3-"SENSITIVITY"-noun-0]|TX|762/11;[496/11],[551/11]|
00000000|MMI|15.33|Allergic disposition|C3539909|[dsyn]|["Allergy"-tx-6-"ALLERGY"-noun-0,"Allergy"-tx-4-"ALLERGY"-noun-0,"Allergy"-tx-3-"ALLERGY"-noun-0]|TX|1437/7;749/7;[483/7],[538/7]|
00000000|MMI|15.33|Allergy - Physicians|C1554743|[prog]|["Allergy"-tx-6-"ALLERGY"-noun-0,"Allergy"-tx-4-"ALLERGY"-noun-0,"Allergy"-tx-3-"ALLERGY"-noun-0]|TX|1437/7;749/7;[483/7],[538/7]|
00000000|MMI|15.33|Response to antigens|C1314973|[phsf]|["ALLERGY"-tx-6-"ALLERGY"-noun-0,"ALLERGY"-tx-4-"ALLERGY"-noun-0,"ALLERGY"-tx-3-"ALLERGY"-noun-0]|TX|1437/7;749/7;[483/7],[538/7]|
00000000|MMI|14.75|Body Fluid Discharge|C0012621|[bdsu]|["Discharge"-tx-43-"DISCHARGE"-noun-0,"Discharge"-tx-36-"DISCHARGE"-noun-0,"Discharge"-tx-6-"DISCHARGE"-noun-0,"Discharge"-tx-1-"DISCHARGE"-noun-0]|TX|4313/9;3878/9;1544/9;34/9|
00000000|MMI|14.75|Discharge, body substance|C2926602|[bdsu]|["Discharge"-tx-43-"DISCHARGE"-noun-0,"Discharge"-tx-36-"DISCHARGE"-noun-0,"Discharge"-tx-6-"DISCHARGE"-noun-0,"Discharge"-tx-1-"DISCHARGE"-noun-0]|TX|4313/9;3878/9;1544/9;34/9|
00000000|MMI|14.64|Christmas Island|C0006888|[geoa]|["CXR"-tx-14-"CXR"-noun-0]|TX|2731/3|Z01.639.100;Z01.678.100.373
00000000|MMI|14.64|Needs|C0027552|[qlco]|["Need"-tx-40-"need"-verb-0]|TX|4164/4|N03.349.380.420;N05.300.450
00000000|MMI|14.64|Quinine|C0034417|[orch,phsu]|["QUININE"-tx-6-"Quinine"-noun-0]|TX|1446/7|D03.132.206.719;D03.438.810.762;D03.605.687.762
00000000|MMI|14.64|Quinine Sulfate|C0034422|[orch,phsu]|["Quinine Sulphate"-tx-6-"quinine sulfate"-noun-0]|TX|1456/15|D03.132.206.719;D03.438.810.762;D03.605.687.762
00000000|MMI|14.64|Respiration|C0035203|[phsf]|["Breathing"-tx-33-"breathing"-noun-0]|TX|3738/9|G09.772.770.755
00000000|MMI|14.62|Congestive heart failure|C0018802|[dsyn]|["CHF"-tx-27-"CHF"-noun-1,"CHF"-tx-15-"CHF"-noun-0,"Heart Failure"-tx-10-"heart failure"-noun-0,"CHF"-tx-6-"CHF"-noun-0]|TX|3328/3;2771/3;2567/13;1619/3|
00000000|MMI|14.26|Home environment|C0442519|[cnce]|["HOME"-tx-39-"home"-noun-0,"HOME"-tx-10-"home"-noun-0,"house"-tx-6-"House"-noun-0,"HOME"-tx-2-"Home"-noun-0]|TX|4124/4;2479/4;1305/5;334/4|
00000000|MMI|14.23|Mild (qualifier value)|C2945599|[qlco]|["MILD"-tx-9-"mild"-adj-0,"Slight"-tx-7-"Slight"-adj-0]|TX|[2265/4],[2287/4],[2358/4];2135/6|
00000000|MMI|14.20|Milligram percent|C1960952|[qnco]|["mg %"-tx-5-"MG"-noun-0,"mg %"-tx-4-"MG"-noun-0,"mg %"-tx-3-"MG"-noun-0,"mg %"-tx-2-"MG"-noun-0]|TX|983/2;843/2;641/2;399/2|
00000000|MMI|14.20|mg/dL|C0439269|[qnco]|["mg%"-tx-5-"MG"-noun-0,"mg%"-tx-4-"MG"-noun-0,"mg%"-tx-3-"MG"-noun-0,"mg%"-tx-2-"MG"-noun-0]|TX|983/2;843/2;641/2;399/2|
00000000|MMI|13.58|Educational process of instructing|C0039401|[edac]|["Instruction"-tx-5-"Instruction"-noun-0,"Instruction"-tx-4-"Instruction"-noun-0]|TX|1083/11;905/11|I02.903
00000000|MMI|13.23|Body Fluids|C0005889|[bdsu]|["FLUID"-tx-32-"fluid"-noun-0,"FLUID"-tx-28-"fluid"-noun-0]|TX|3673/5;3444/5|A12.207
00000000|MMI|13.05|Diuresis|C0012797|[ortf]|["Diuresis"-tx-19-"Diuresis"-noun-0]|TX|3058/8|G08.852.796.241
00000000|MMI|13.03|Stomach|C0038351|[bpoc]|["STOMACH"-tx-4-"stomach"-noun-0]|TX|958/7|A03.556.875.875
00000000|MMI|13.00|Dilatation and Curettage|C0012358|[topp]|["D & C"-tx-1-"D/C"-noun-0]|TX|214/3|E04.157.310;E04.950.300.299
00000000|MMI|12.93|Sodium|C0037473|[bacs,elii]|["SODIUM"-tx-6-"Sodium"-noun-0]|TX|1348/6|D01.268.549.750;D01.268.557.650;D01.552.528.850;D01.552.547.725;x.x.x.x
00000000|MMI|12.89|PO-2|C0297199|[orch]|["PO-2"-tx-5-"2 PO"-noun-0]|TX|981/1,986/2|x.x.x.x
00000000|MMI|12.89|Physicians|C0031831|[prog]|["PHYSICIAN"-tx-31-"physician"-noun-0]|TX|3620/9|M01.526.485.810;N02.360.810
00000000|MMI|12.89|Etiology|C1314792|[ftcn]|["Etiology"-tx-15-"etiology"-noun-0]|TX|2801/8|N05.715.350.200;N06.850.490.625
00000000|MMI|12.89|Evaluation|C0220825|[hlca]|["Evaluation"-tx-1-"evaluation"-noun-0]|TX|198/10|E05.337;N05.715.360.335
00000000|MMI|12.89|Honduras|C0019905|[geoa]|["HO"-tx-1-"HO"-noun-0]|TX|195/2|Z01.107.169.534
00000000|MMI|12.89|Pneumocystis jiroveci pneumonia|C1535939|[dsyn]|["PCP"-tx-38-"PCP"-noun-0]|TX|4088/3|C01.703.534.700;C01.703.770.700;C08.381.472.700;C08.381.677.675;C08.730.435.700;C08.730.610.675
00000000|MMI|12.88|Paraguay|C0030428|[geoa]|["PA"-tx-9-"PA"-noun-0]|TX|2389/2|Z01.107.757.656
00000000|MMI|11.79|Order (action)|C1705178|[acty]|["Order"-tx-43-"ORDERS"-verb-0,"Order"-tx-1-"ORDER"-noun-0,"Order"-tx-1-"ORDERS"-verb-0]|TX|4323/6;218/5;44/6|
00000000|MMI|11.79|Order (arrangement)|C1705176|[qlco]|["Order"-tx-43-"ORDERS"-verb-0,"Order"-tx-1-"ORDER"-noun-0,"Order"-tx-1-"ORDERS"-verb-0]|TX|4323/6;218/5;44/6|
00000000|MMI|11.79|Order (document)|C1705175|[inpr]|["Order"-tx-43-"ORDERS"-verb-0,"Order"-tx-1-"ORDER"-noun-0,"Order"-tx-1-"ORDERS"-verb-0]|TX|4323/6;218/5;44/6|
00000000|MMI|11.79|Order (taxonomic)|C1705177|[clas]|["Order"-tx-43-"ORDERS"-verb-0,"Order"-tx-1-"ORDER"-noun-0,"Order"-tx-1-"ORDERS"-verb-0]|TX|4323/6;218/5;44/6|
00000000|MMI|11.79|Permutation|C1882348|[qlco]|["Order"-tx-43-"ORDERS"-verb-0,"Order"-tx-1-"ORDER"-noun-0,"Order"-tx-1-"ORDERS"-verb-0]|TX|4323/6;218/5;44/6|
00000000|MMI|11.79|Sequence of Planned Assessment Schedule|C3889825|[inpr]|["ORDER"-tx-43-"ORDERS"-verb-0,"ORDER"-tx-1-"ORDER"-noun-0,"ORDER"-tx-1-"ORDERS"-verb-0]|TX|4323/6;218/5;44/6|
00000000|MMI|11.58|Supraventricular Tachycardia by ECG Finding|C3815188|[fndg]|["SVT"-tx-10-"SVT"-noun-0,"SVT"-tx-6-"SVT"-noun-0]|TX|2547/3;[1517/3],[1613/3]|
00000000|MMI|11.53|Abortion consent:Finding:Point in time:^Patient:Document|C2360836|[clna]|["Patient"-tx-35-"Patient"-noun-0,"Patient"-tx-28-"patient"-noun-0,"Patient"-tx-6-"Patient"-noun-0]|TX|3817/7;3399/7;1263/7|
00000000|MMI|11.53|Hysterectomy consent:Finding:Point in time:^Patient:Document|C2360838|[clna]|["Patient"-tx-35-"Patient"-noun-0,"Patient"-tx-28-"patient"-noun-0,"Patient"-tx-6-"Patient"-noun-0]|TX|3817/7;3399/7;1263/7|
00000000|MMI|11.53|Sterilization consent:Finding:Point in time:^Patient:Document|C2360840|[clna]|["Patient"-tx-35-"Patient"-noun-0,"Patient"-tx-28-"patient"-noun-0,"Patient"-tx-6-"Patient"-noun-0]|TX|3817/7;3399/7;1263/7|
00000000|MMI|11.49|Complication Aspects|C1171258|[patf]|["complications"-tx-6-"Complications"-noun-0]|TX|1686/13|x.x.x
00000000|MMI|11.49|Kidney|C0022646|[bpoc]|["Renal"-tx-26-"RENAL"-adj-0]|TX|3285/5|A05.810.453
00000000|MMI|11.49|Methods aspects|C0025664|[inpr]|["procedures"-tx-6-"PROCEDURES"-noun-0]|TX|2006/10|x.x.x
00000000|MMI|11.49|Patient Monitoring|C0030695|[hlca]|["monitor"-tx-36-"Monitor"-verb-0]|TX|3918/7|E01.370.520
00000000|MMI|11.28|Hospital admission|C0184666|[hlca]|["admitted"-tx-10-"admitted"-verb-0,"Admission"-tx-6-"Admission"-noun-0,"Admit"-tx-6-"ADMIT"-verb-0]|TX|2518/8;1601/9;1500/5|
00000000|MMI|11.20|Pharmaceutical Preparations|C0013227|[phsu]|["Medicines"-tx-37-"medicines"-noun-0,"Medicines"-tx-30-"medicines"-noun-0,"Medicine"-tx-27-"medicine"-noun-0]|TX|4025/9;3526/9;3361/8|D26
00000000|MMI|11.14|*Activity (kind of quantity)|C1561536|[idcn]|["*Activity"-tx-34-"activity"-noun-0,"*Activity"-tx-6-"ACTIVITY"-noun-0]|TX|[3763/8],[3800/8];1355/8|
00000000|MMI|11.14|Active|C0205177|[ftcn]|["Activity"-tx-34-"activity"-noun-0,"Activity"-tx-6-"ACTIVITY"-noun-0]|TX|[3763/8],[3800/8];1355/8|
00000000|MMI|11.14|Activities|C0441655|[acty]|["ACTIVITY"-tx-34-"activity"-noun-0,"ACTIVITY"-tx-6-"ACTIVITY"-noun-0]|TX|[3763/8],[3800/8];1355/8|
00000000|MMI|11.14|Activity (animal life circumstance)|C3668946|[fndg]|["Activity"-tx-34-"activity"-noun-0,"Activity"-tx-6-"ACTIVITY"-noun-0]|TX|[3763/8],[3800/8];1355/8|
00000000|MMI|11.14|FDA Establishment Activity Terminology|C4049939|[inpr]|["ACTIVITY"-tx-34-"activity"-noun-0,"ACTIVITY"-tx-6-"ACTIVITY"-noun-0]|TX|[3763/8],[3800/8];1355/8|
00000000|MMI|11.14|Percent Activity|C0439167|[qnco]|["% Activity"-tx-34-"activity"-noun-0,"% Activity"-tx-6-"ACTIVITY"-noun-0]|TX|[3763/8],[3800/8];1355/8|
00000000|MMI|11.14|Physical Activity Measurement|C4049938|[lbpr]|["ACTIVITY"-tx-34-"activity"-noun-0,"ACTIVITY"-tx-6-"ACTIVITY"-noun-0]|TX|[3763/8],[3800/8];1355/8|
00000000|MMI|10.96|Curriculum Vitae|C1880201|[inpr]|["Resume"-tx-34-"Resume"-verb-0,"Resume"-tx-10-"RESUME"-noun-0,"Resume"-tx-6-"Resume"-noun-0]|TX|3749/6;2440/6;1365/6|
00000000|MMI|10.96|Resume - Remote control command|C1550028|[idcn]|["Resume"-tx-34-"Resume"-verb-0,"Resume"-tx-10-"RESUME"-noun-0,"Resume"-tx-6-"Resume"-noun-0]|TX|3749/6;2440/6;1365/6|
00000000|MMI|10.96|resume - DataOperation|C3242342|[ftcn]|["resume"-tx-34-"Resume"-verb-0,"resume"-tx-10-"RESUME"-noun-0,"resume"-tx-6-"Resume"-noun-0]|TX|3749/6;2440/6;1365/6|
00000000|MMI|10.77|4+ Answer to question|C3838679|[fndg]|["4+"-tx-43-"4"-fraction-0,"4+"-tx-5-"4"-integer-0,"4+"-tx-1-"4"-fraction-0]|TX|4280/1;1034/1;159/1|
00000000|MMI|10.50|Usage|C0457083|[ftcn]|["Use"-tx-39-"Use"-noun-0,"Use"-tx-33-"Use"-noun-0,"Use"-tx-29-"Use"-noun-0]|TX|4120/3;3706/3;3480/3|
00000000|MMI|10.50|Use - dosing instruction imperative|C1947944|[inpr]|["Use"-tx-39-"Use"-noun-0,"Use"-tx-33-"Use"-noun-0,"Use"-tx-29-"Use"-noun-0]|TX|4120/3;3706/3;3480/3|
00000000|MMI|10.50|Dietary Route of Administration|C2699635|[ftcn]|["DIETARY"-tx-28-"dietary"-adj-0,"DIETARY"-tx-27-"dietary"-adj-0,"DIETARY"-tx-15-"dietary"-adj-0]|TX|3422/7;3353/7;2864/7|
00000000|MMI|10.46|Patient Class - Outpatient|C1549405|[clas]|["Outpatient"-tx-40-"outpatient"-noun-0,"Outpatient"-tx-35-"outpatient"-noun-0,"Outpatient"-tx-21-"outpatient"-noun-0]|TX|4197/10;3866/10;3166/10|
00000000|MMI|10.46|Referral category - Outpatient|C1548439|[idcn]|["Outpatient"-tx-40-"outpatient"-noun-0,"Outpatient"-tx-35-"outpatient"-noun-0,"Outpatient"-tx-21-"outpatient"-noun-0]|TX|4197/10;3866/10;3166/10|
00000000|MMI|10.42|Asthma Pathway|C2984299|[ftcn]|["Asthma"-tx-6-"asthma"-noun-0]|TX|[1907/6],[1916/6]|
00000000|MMI|10.42|Diagnosis|C0011900|[fndg]|["DIAGNOSIS"-tx-6-"DIAGNOSIS"-noun-0]|TX|[1506/9],[1650/9]|E01
00000000|MMI|10.42|Diagnosis Study|C1704656|[resa]|["DIAGNOSIS"-tx-6-"DIAGNOSIS"-noun-0]|TX|[1506/9],[1650/9]|
00000000|MMI|10.42|Echo (insect)|C1655045|[euka]|["Echo"-tx-17-"ECHO"-noun-0,"Echo"-tx-9-"Echo"-noun-0]|TX|2951/4;2195/4|
00000000|MMI|10.42|Enlarged|C0442800|[qlco]|["Enlarged"-tx-9-"enlarged"-verb-0]|TX|[2238/8],[2254/8]|
00000000|MMI|10.42|Enlargement procedure|C1293134|[topp]|["Enlarged"-tx-9-"enlarged"-verb-0]|TX|[2238/8],[2254/8]|
00000000|MMI|10.42|Glaucoma (eukaryote)|C0997768|[euka]|["Glaucoma"-tx-6-"glaucoma"-noun-0]|TX|[1801/8],[1812/8]|
00000000|MMI|10.42|Glaucoma Adverse Event|C1962986|[fndg]|["Glaucoma"-tx-6-"glaucoma"-noun-0]|TX|[1801/8],[1812/8]|
00000000|MMI|10.42|Hypertension Adverse Event|C1963138|[fndg]|["Hypertension"-tx-6-"hypertension"-noun-0]|TX|[1771/12],[1786/12]|
00000000|MMI|10.42|SFTA3 gene|C2680374|[gngm]|["NANCI"-tx-3-"NANCI"-noun-0,"NANCI"-tx-2-"NANCI"-noun-0]|TX|727/5;461/5|
00000000|MMI|10.42|orders - HL7PublishingDomain|C3244315|[inpr]|["orders"-tx-43-"ORDERS"-verb-0,"orders"-tx-1-"ORDERS"-verb-0]|TX|4323/6;44/6|
00000000|MMI|10.06|Heart failure|C0018801|[dsyn]|["Failure, Heart"-tx-10-"heart failure"-noun-0]|TX|2567/13|C14.280.434
00000000|MMI|9.92|Atelectasis|C0004144|[patf]|["ATELECTASIS"-tx-7-"atelectasis"-noun-0]|TX|2160/11|C08.381.730
00000000|MMI|9.91|Appointments|C0003629|[idcn]|["Appointment"-tx-6-"APPOINTMENT"-noun-0]|TX|1399/11|N04.452.095
00000000|MMI|9.88|Appointments and Schedules|C0003630|[tmco]|["appointment schedule"-tx-38-"Schedule appointment"-noun-0]|TX|4048/8,4067/11|N04.452.095
00000000|MMI|9.75|Hospitals|C0019994|[hcro,mnob]|["HOSPITAL"-tx-18-"hospital"-noun-0]|TX|3048/8|N02.278.421
00000000|MMI|8.34|Measures|C0079809|[qnco]|["Measure"-tx-6-"measure"-verb-0]|TX|1278/7|E05.978
00000000|MMI|8.00|Direct (qualifier)|C1947931|[qlco]|["Direct"-tx-37-"directed"-verb-0,"Direct"-tx-30-"directed"-verb-0]|TX|4038/8;3539/8|
00000000|MMI|8.00|Direct type of relationship|C0439851|[qlco]|["Direct"-tx-37-"directed"-verb-0,"Direct"-tx-30-"directed"-verb-0]|TX|4038/8;3539/8|
00000000|MMI|8.00|Show|C1547282|[anim]|["Show"-tx-17-"showed"-verb-0,"Show"-tx-14-"showed"-verb-0]|TX|2956/6;2735/6|
00000000|MMI|7.70|Atrial Fibrillation Adverse Event|C1963067|[fndg]|["Atrial fibrillation"-tx-6-"atrial fibrillation"-noun-0]|TX|[1727/19],[1749/19]|
00000000|MMI|7.70|Atrial Fibrillation by ECG Finding|C0344434|[lbtr]|["Atrial Fibrillation"-tx-6-"atrial fibrillation"-noun-0]|TX|[1727/19],[1749/19]|
00000000|MMI|7.61|Condition|C0348080|[qlco]|["Condition"-tx-36-"CONDITION"-noun-0,"Condition"-tx-6-"Conditions"-noun-0]|TX|3888/9;1660/10|
00000000|MMI|7.61|Condition:Find:Pt:^Patient:Nom|C3864998|[clna]|["Condition"-tx-36-"CONDITION"-noun-0,"Condition"-tx-6-"Conditions"-noun-0]|TX|3888/9;1660/10|
00000000|MMI|7.61|Logical Condition|C1705253|[cnce]|["Condition"-tx-36-"CONDITION"-noun-0,"Condition"-tx-6-"Conditions"-noun-0]|TX|3888/9;1660/10|
00000000|MMI|7.55|Diastolic dysfunction|C0520863|[patf]|["Diastolic Dysfunction"-tx-17-"diastolic dysfunction"-noun-0,"Diastolic Dysfunction"-tx-9-"diastolic dysfunction"-noun-1]|TX|3004/21;2335/21|
00000000|MMI|7.47|Chronic obstructive pulmonary disease of horses|C3714496|[dsyn]|["COPD"-tx-10-"COPD"-noun-0,"COPD"-tx-6-"copd"-noun-0]|TX|2471/4;1823/4|
00000000|MMI|7.40|Lymphotoxin-Alpha, human|C3887647|[aapp,imft]|["LT"-tx-4-"lt"-noun-0]|TX|[866/2],[877/2]|
00000000|MMI|7.40|Structure of left thigh|C0230426|[bpoc]|["LT"-tx-4-"lt"-noun-0]|TX|[866/2],[877/2]|
00000000|MMI|7.33|Planned|C1301732|[ftcn]|["Plan"-tx-36-"PLAN"-noun-0,"Plan"-tx-16-"PLAN"-noun-0]|TX|3912/4;2922/4|
00000000|MMI|7.33|Treatment Plan|C0599880|[inpr]|["Plan"-tx-36-"PLAN"-noun-0,"Plan"-tx-16-"PLAN"-noun-0]|TX|3912/4;2922/4|
00000000|MMI|7.30|Cardiovascular stress testing|C1384495|[diap]|["Cardiac Stress Test"-tx-40-"cardiac stress test"-noun-0,"Cardiac Stress Test"-tx-35-"cardiac stress test"-noun-0]|TX|4171/19;3843/19|
00000000|MMI|7.29|Edema:Finding:Point in time:^Patient:Ordinal|C1717255|[clna]|["Edema"-tx-8-"edema"-noun-0,"Edema"-tx-6-"edema"-noun-0]|TX|2188/5;1528/5|
00000000|MMI|7.29|Pulmonary ventilator management|C1315068|[hlca]|["PULM"-tx-22-"PULM"-adj-0,"PULM"-tx-6-"pulm"-adj-0]|TX|3178/4;1523/4|
00000000|MMI|7.28|Negative|C0205160|[qlco]|["Negative"-tx-20-"negative"-noun-0,"Negative"-tx-16-"negative"-adj-0]|TX|3091/8;2941/8|
00000000|MMI|7.28|Negative - answer|C3853545|[qlco]|["Negative"-tx-20-"negative"-noun-0,"Negative"-tx-16-"negative"-adj-0]|TX|3091/8;2941/8|
00000000|MMI|7.28|Negative Charge|C2825491|[qlco]|["Negative"-tx-20-"negative"-noun-0,"Negative"-tx-16-"negative"-adj-0]|TX|3091/8;2941/8|
00000000|MMI|7.28|Negative Finding|C1513916|[fndg]|["NEGATIVE"-tx-20-"negative"-noun-0,"NEGATIVE"-tx-16-"negative"-adj-0]|TX|3091/8;2941/8|
00000000|MMI|7.28|Negative Number|C2825415|[cnce]|["Negative"-tx-20-"negative"-noun-0,"Negative"-tx-16-"negative"-adj-0]|TX|3091/8;2941/8|
00000000|MMI|7.28|Pharmacogenomics Trial Characteristics Domain|C3714755|[inpr]|["PT"-tx-20-"Pt"-noun-0,"PT"-tx-11-"Pt"-noun-0]|TX|3079/2;2582/2|
00000000|MMI|7.28|Physical therapy (field)|C0699718|[bmod]|["PT"-tx-20-"Pt"-noun-0,"PT"-tx-11-"Pt"-noun-0]|TX|3079/2;2582/2|
00000000|MMI|7.28|Basal Diet|C2983588|[food]|["DIET"-tx-6-"DIET"-noun-0]|TX|[1257/4],[1299/4]|
00000000|MMI|7.28|Diet (animal life circumstance)|C3668949|[food]|["Diet"-tx-6-"DIET"-noun-0]|TX|[1257/4],[1299/4]|
00000000|MMI|7.28|Special Diet Therapy|C1519433|[topp]|["DIET"-tx-6-"DIET"-noun-0]|TX|[1257/4],[1299/4]|
00000000|MMI|7.27|Admission activity|C0809949|[hlca]|["Admitted"-tx-10-"admitted"-verb-0,"Admission"-tx-6-"Admission"-noun-0]|TX|2518/8;1601/9|
00000000|MMI|7.26|Summary (document)|C1706244|[inpr]|["Summary"-tx-41-"summary"-noun-0,"Summary"-tx-1-"SUMMARY"-noun-0]|TX|4221/7;243/7|
00000000|MMI|7.26|summary - ActRelationshipSubset|C1552616|[inpr]|["summary"-tx-41-"summary"-noun-0,"summary"-tx-1-"SUMMARY"-noun-0]|TX|4221/7;243/7|
00000000|MMI|7.25|sulfa|C0749139|[phsu]|["sulfa"-tx-6-"Sulfa"-noun-0,"sulfa"-tx-4-"SULFA"-noun-0]|TX|1476/5;779/5|
00000000|MMI|7.23|Instruction [Publication Type]|C0302828|[inpr]|["Instruction"-tx-5-"Instruction"-noun-0,"Instruction"-tx-4-"Instruction"-noun-0]|TX|1083/11;905/11|
00000000|MMI|7.23|Instructions|C1442085|[idcn]|["instruction"-tx-5-"Instruction"-noun-0,"instruction"-tx-4-"Instruction"-noun-0]|TX|1083/11;905/11|
00000000|MMI|7.23|Science of Etiology|C1524003|[cnce]|["Cause"-tx-32-"cause"-verb-0,"Etiology"-tx-15-"etiology"-noun-0]|TX|3667/5;2801/8|
00000000|MMI|7.17|Indication of (contextual qualifier)|C0392360|[idcn]|["Reason"-tx-4-"Reason"-noun-0,"Reason"-tx-3-"Reason"-noun-0]|TX|785/6;584/6|
00000000|MMI|7.16|Importance Weight|C1705104|[idcn]|["Weight"-tx-36-"weight"-noun-0,"Weight"-tx-6-"weight"-noun-0]|TX|3951/6;1286/6|
00000000|MMI|7.16|Weighing patient|C1305866|[diap]|["weight"-tx-36-"weight"-noun-0,"weight"-tx-6-"weight"-noun-0]|TX|3951/6;1286/6|
00000000|MMI|7.16|Weight|C0043100|[qnco]|["WEIGHT"-tx-36-"weight"-noun-0,"WEIGHT"-tx-6-"weight"-noun-0]|TX|3951/6;1286/6|
00000000|MMI|7.16|Additional|C1524062|[ftcn]|["Added"-tx-3-"added"-verb-0,"Added"-tx-2-"added"-verb-0]|TX|701/5;435/5|
00000000|MMI|7.10|Non-compliance|C0457432|[qlco]|["Non-compliance"-tx-27-"non-compliance"-noun-0,"Non-compliance"-tx-15-"noncompliance"-noun-0]|TX|3370/14;2872/13|
00000000|MMI|7.09|Infusion pump Alert priority PM|C4049155|[fndg]|["PM"-tx-43-"PM"-noun-0,"PM"-tx-1-"PM"-adj-0]|TX|4296/2;176/2|
00000000|MMI|7.06|R prime|C2603358|[clna]|["R'"-tx-17-"R"-noun-0,"R'"-tx-6-"R"-noun-0]|TX|2981/1;2057/1|
00000000|MMI|7.06|Right|C0205090|[spco]|["R-"-tx-17-"R"-noun-0,"R-"-tx-6-"R"-noun-0]|TX|2981/1;2057/1|
00000000|MMI|7.05|Decompensated|C0205434|[qlco]|["Decompensated"-tx-27-"Decompensated"-noun-0,"Decompensated"-tx-10-"decompensated"-noun-0]|TX|3314/13;2553/13|
00000000|MMI|7.02|Code|C0805701|[inpr]|["CODE"-tx-2-"CODE"-noun-0,"CODE"-tx-2-"code"-noun-0]|TX|298/4;316/4|
00000000|MMI|7.02|eTMF Content Model Code|C3889831|[inpr]|["Code"-tx-2-"CODE"-noun-0,"Code"-tx-2-"code"-noun-0]|TX|298/4;316/4|
00000000|MMI|7.01|Definite|C0439544|[qlco]|["Definite"-tx-3-"DEFINITE"-adj-0]|TX|[474/8],[529/8]|
00000000|MMI|7.01|Definitely Related to Intervention|C1704787|[qlco]|["Definite"-tx-3-"DEFINITE"-adj-0]|TX|[474/8],[529/8]|
00000000|MMI|7.01|Gait normal|C0231683|[fndg]|["Normal"-tx-34-"normal"-adj-0,"Normal"-tx-9-"normal"-adj-0]|TX|3756/6;2224/6|
00000000|MMI|7.01|Mean Percent of Normal|C2347086|[qnco]|["% Normal"-tx-34-"normal"-adj-0,"% Normal"-tx-9-"normal"-adj-0]|TX|3756/6;2224/6|
00000000|MMI|7.01|Normal|C0205307|[qlco]|["NORMAL"-tx-34-"normal"-adj-0,"NORMAL"-tx-9-"normal"-adj-0]|TX|3756/6;2224/6|
00000000|MMI|7.01|Percent normal|C0439166|[qnco]|["% normal"-tx-34-"normal"-adj-0,"% normal"-tx-9-"normal"-adj-0]|TX|3756/6;2224/6|
00000000|MMI|7.00|day|C0439228|[tmco]|["DAY"-tx-36-"day"-adj-0,"DAYS"-tx-11-"days"-noun-0]|TX|4008/3;2609/4|
00000000|MMI|6.99|Leucovorin Calcium|C0731033|[orch,phsu,vita]|["LV"-tx-17-"LV"-noun-0,"LV"-tx-9-"LV"-noun-0]|TX|3001/2;2332/2|
00000000|MMI|6.99|Liposome Vesicle|C1881413|[chvs]|["LV"-tx-17-"LV"-noun-0,"LV"-tx-9-"LV"-noun-0]|TX|3001/2;2332/2|
00000000|MMI|6.97|+2|C0740116|[qnco]|["+2"-tx-6-"2"-integer-0]|TX|[1242/1],[1341/1]|
00000000|MMI|6.97|2+|C3833492|[fndg]|["2+"-tx-6-"2"-integer-0]|TX|[1242/1],[1341/1]|
00000000|MMI|6.97|2+ Score|C2827735|[qnco]|["2+"-tx-6-"2"-integer-0]|TX|[1242/1],[1341/1]|
00000000|MMI|6.97|2+ Score, WHO|C2981700|[clas]|["2+"-tx-6-"2"-integer-0]|TX|[1242/1],[1341/1]|
00000000|MMI|6.96|Clinical Study Follow-up|C3274571|[hlca]|["FOLLOW-UP"-tx-38-"follow up"-adj-0,"FOLLOW-UP"-tx-6-"FOLLOW UP"-adj-0]|TX|4057/9;1389/9|
00000000|MMI|6.96|Follow-Up Report|C1704685|[inpr]|["Follow-Up"-tx-38-"follow up"-adj-0,"Follow-Up"-tx-6-"FOLLOW UP"-adj-0]|TX|4057/9;1389/9|
00000000|MMI|6.96|Follow-up status|C0589120|[fndg]|["Follow-up"-tx-38-"follow up"-adj-0,"Follow-up"-tx-6-"FOLLOW UP"-adj-0]|TX|4057/9;1389/9|
00000000|MMI|6.96|follow-up|C1522577|[hlca]|["Follow Up"-tx-38-"follow up"-adj-0,"Follow Up"-tx-6-"FOLLOW UP"-adj-0]|TX|4057/9;1389/9|
00000000|MMI|6.95|Alert|C3665546|[ftcn]|["Alert"-tx-3-"Alert"-noun-0,"Alert"-tx-2-"Alert"-noun-0]|TX|674/5;408/5|
00000000|MMI|6.95|Alert:Type:Point in time:^Patient:Nominal|C3669039|[clna]|["Alert"-tx-3-"Alert"-noun-0,"Alert"-tx-2-"Alert"-noun-0]|TX|674/5;408/5|
00000000|MMI|6.95|Consciousness clear|C0239110|[fndg]|["ALERT"-tx-3-"Alert"-noun-0,"ALERT"-tx-2-"Alert"-noun-0]|TX|674/5;408/5|
00000000|MMI|6.92|Massive|C0522501|[qlco]|["Markedly"-tx-17-"markedly"-adv-0,"Markedly"-tx-9-"markedly"-adv-0]|TX|2963/8;2371/8|
00000000|MMI|6.89|Probable diagnosis|C0332148|[qlco]|["Likely"-tx-27-"likely"-adv-0,"Likely"-tx-15-"Likely"-adj-0]|TX|3332/6;2764/6|
00000000|MMI|6.89|Probably|C0750492|[idcn]|["Likely"-tx-27-"likely"-adv-0,"Likely"-tx-15-"Likely"-adj-0]|TX|3332/6;2764/6|
00000000|MMI|6.88|Fluid behavior|C0444611|[qlco]|["Fluid"-tx-32-"fluid"-noun-0,"Fluid"-tx-28-"fluid"-noun-0]|TX|3673/5;3444/5|
00000000|MMI|6.88|Liquid substance|C0302908|[sbst]|["fluid"-tx-32-"fluid"-noun-0,"fluid"-tx-28-"fluid"-noun-0]|TX|3673/5;3444/5|
00000000|MMI|6.88|fluid - substance|C1704353|[sbst]|["Fluid"-tx-32-"fluid"-noun-0,"Fluid"-tx-28-"fluid"-noun-0]|TX|3673/5;3444/5|
00000000|MMI|6.87|Genus: Lingula|C0677580|[euka]|["Lingula"-tx-7-"lingular"-adj-0,"Lingula"-tx-6-"lingular"-adj-0]|TX|2151/8;2089/8|
00000000|MMI|6.87|Lingula|C1561517|[bpoc]|["Lingula"-tx-7-"lingular"-adj-0,"Lingula"-tx-6-"lingular"-adj-0]|TX|2151/8;2089/8|
00000000|MMI|6.87|Lingula of cerebellum|C0228475|[bpoc]|["Lingula"-tx-7-"lingular"-adj-0,"Lingula"-tx-6-"lingular"-adj-0]|TX|2151/8;2089/8|
00000000|MMI|6.87|Lingula of left lung|C0225740|[bpoc]|["Lingula"-tx-7-"lingular"-adj-0,"Lingula"-tx-6-"lingular"-adj-0]|TX|2151/8;2089/8|
00000000|MMI|6.72|Inhaler|C0021461|[medd]|["INHALER"-tx-33-"inhaler"-noun-0]|TX|3710/7|E07.605
00000000|MMI|6.58|Lung|C0024109|[bpoc]|["LUNGS"-tx-32-"lungs"-noun-0]|TX|3699/5|A04.411
00000000|MMI|6.57|Medicine|C0025118|[bmod]|["Medicine"-tx-27-"medicine"-noun-0]|TX|3361/8|H02.403
00000000|MMI|5.18|90%|C3842582|[fndg]|["90%"-tx-4-"90"-integer-0]|TX|869/2|
00000000|MMI|5.18|<90|C0439087|[qnco]|["<90"-tx-4-"90"-integer-0]|TX|869/2|
00000000|MMI|5.18|>90|C0439083|[qnco]|[">90"-tx-4-"90"-integer-0]|TX|869/2|
00000000|MMI|5.18|ActInformationPrivacyReason <operations>|C3244305|[ftcn]|["operations"-tx-6-"OPERATIONS"-noun-0]|TX|1991/10|
00000000|MMI|5.18|Additional comments|C1830770|[fndg]|["Additional comments"-tx-29-"ADDITIONAL COMMENTS"-noun-0]|TX|3459/19|
00000000|MMI|5.18|Affecting|C0392760|[ftcn]|["Affecting"-tx-6-"affecting"-verb-0]|TX|1702/9|
00000000|MMI|5.18|Androgen Receptor Positive|C2986463|[fndg]|["AR+"-tx-9-"AR"-noun-1]|TX|2320/2|
00000000|MMI|5.18|Approximate|C0332232|[qlco]|["Approximate"-tx-5-"approximate"-adj-0]|TX|1019/11|
00000000|MMI|5.18|Assisted (qualifier value)|C1269765|[qlco]|["Help"-tx-33-"help"-verb-0]|TX|3733/4|
00000000|MMI|5.18|Biomedical Monitors|C0181904|[medd]|["Monitor"-tx-36-"Monitor"-verb-0]|TX|3918/7|
00000000|MMI|5.18|Bound (value)|C2349209|[cnce]|["Limit"-tx-32-"Limit"-verb-0]|TX|3631/5|
00000000|MMI|5.18|Cardiovascular System Findings Domain|C3538987|[idcn]|["CV"-tx-16-"CV"-noun-0]|TX|2928/2|
00000000|MMI|5.18|Certain (qualifier value)|C0205423|[qlco]|["Sure"-tx-36-"sure"-adj-0]|TX|3971/4|
00000000|MMI|5.18|Chest CT|C0202823|[diap]|["CT scan chest"-tx-6-"CT scan chest"-noun-0]|TX|2062/13|
00000000|MMI|5.18|Complication|C0009566|[patf]|["Complications"-tx-6-"Complications"-noun-0]|TX|1686/13|
00000000|MMI|5.18|Counsel - legal|C0341618|[prog]|["Counsel"-tx-28-"counsel"-verb-0]|TX|3391/7|
00000000|MMI|5.18|Deny (action)|C2700401|[acty]|["Deny"-tx-12-"Denies"-verb-0]|TX|2655/6|
00000000|MMI|5.18|Discharge date|C2361123|[tmco]|["Discharge date"-tx-1-"Discharge Date"-noun-0]|TX|0/14|
00000000|MMI|5.18|Discharge date:Time Stamp -- Date and Time:Point in time:^Patient:Quantitative|C2361122|[clna]|["Discharge date"-tx-1-"Discharge Date"-noun-0]|TX|0/14|
00000000|MMI|5.18|Endocrine System Findings Domain|C3538926|[idcn]|["ED"-tx-13-"ED"-noun-0]|TX|2682/2|
00000000|MMI|5.18|Fluticasone propionate|C0117996|[orch,phsu]|["FLUTICASONE PROPIONATE"-tx-6-"FLUTICASONE PROPIONATE"-noun-0]|TX|1153/22|
00000000|MMI|5.18|GRAPEFRUIT EXTRACT|C0440280|[orch,phsu]|["GRAPEFRUIT"-tx-5-"grapefruit"-noun-0]|TX|1101/10|
00000000|MMI|5.18|Grapefruit (food)|C0995150|[food]|["GRAPEFRUIT"-tx-5-"grapefruit"-noun-0]|TX|1101/10|
00000000|MMI|5.18|Grapefruit Flavor|C1365950|[food]|["GRAPEFRUIT"-tx-5-"grapefruit"-noun-0]|TX|1101/10|
00000000|MMI|5.18|HL7PublishingSubSection <operations>|C3244306|[inpr]|["operations"-tx-6-"OPERATIONS"-noun-0]|TX|1991/10|
00000000|MMI|5.18|Help document|C1552861|[inpr]|["help"-tx-33-"help"-verb-0]|TX|3733/4|
00000000|MMI|5.18|Hold (action)|C1948035|[acty]|["Hold"-tx-4-"HOLD"-verb-0]|TX|853/4|
00000000|MMI|5.18|Hold - dosing instruction fragment|C1553387|[idcn]|["Hold"-tx-4-"HOLD"-verb-0]|TX|853/4|
00000000|MMI|5.18|Identifier|C0600091|[inpr]|["ID"-tx-25-"ID"-noun-0]|TX|3255/2|
00000000|MMI|5.18|Immune diffusion|C1441613|[lbpr]|["ID"-tx-25-"ID"-noun-0]|TX|3255/2|
00000000|MMI|5.18|Interventional procedure|C0184661|[topp]|["PROCEDURES"-tx-6-"PROCEDURES"-noun-0]|TX|2006/10|
00000000|MMI|5.18|Involvement with|C1314939|[ftcn]|["Affecting"-tx-6-"affecting"-verb-0]|TX|1702/9|
00000000|MMI|5.18|Ischemic|C0475224|[ftcn]|["Ischemic"-tx-15-"ischemic"-adj-0]|TX|2827/8|
00000000|MMI|5.18|Limit - Amount class|C1549649|[idcn]|["Limit"-tx-32-"Limit"-verb-0]|TX|3631/5|
00000000|MMI|5.18|Limited (extensiveness)|C0439801|[ftcn]|["limit"-tx-32-"Limit"-verb-0]|TX|3631/5|
00000000|MMI|5.18|MRC1 gene|C1417249|[gngm]|["MR"-tx-9-"MR"-noun-0]|TX|2312/2|
00000000|MMI|5.18|Make - Instruction Imperative|C1881534|[ftcn]|["Make"-tx-36-"make"-verb-0]|TX|3966/4|
00000000|MMI|5.18|Measurement|C0242485|[ftcn]|["Measure"-tx-6-"measure"-verb-0]|TX|1278/7|
00000000|MMI|5.18|Minor Response|C4050513|[fndg]|["MR"-tx-9-"MR"-noun-1]|TX|2312/2|
00000000|MMI|5.18|Monitor Device Component|C1704646|[mnob]|["Monitor"-tx-36-"Monitor"-verb-0]|TX|3918/7|
00000000|MMI|5.18|Monitor, occupation|C1521743|[prog]|["Monitor"-tx-36-"Monitor"-verb-0]|TX|3918/7|
00000000|MMI|5.18|Monitoring Device|C0596972|[medd]|["Monitor"-tx-36-"Monitor"-verb-0]|TX|3918/7|
00000000|MMI|5.18|Most|C0205393|[qnco]|["Much"-tx-20-"much"-adv-0]|TX|3135/4|
00000000|MMI|5.18|Mr. - Title|C2347167|[cnce]|["Mr."-tx-9-"MR"-noun-0]|TX|2312/2|
00000000|MMI|5.18|Normal aortic root|C1298818|[fndg]|["Normal aortic root"-tx-9-"normal aortic root"-noun-0]|TX|2201/18|
00000000|MMI|5.18|Orthopnea|C0085619|[sosy]|["Orthopnoea"-tx-11-"orthopnea"-noun-0]|TX|2623/9|
00000000|MMI|5.18|Patient need for (contextual qualifier)|C0686904|[ftcn]|["need"-tx-40-"need"-verb-0]|TX|4164/4|
00000000|MMI|5.18|Plain chest X-ray|C0039985|[diap]|["cxr"-tx-14-"CXR"-noun-0]|TX|2731/3|
00000000|MMI|5.18|Platelet Activating Factor Measurement|C3811388|[lbpr]|["PAF"-tx-10-"PAF"-noun-0]|TX|2512/3|
00000000|MMI|5.18|Preventive monitoring|C0150369|[hlca]|["monitor"-tx-36-"Monitor"-verb-0]|TX|3918/7|
00000000|MMI|5.18|Procedure (set of actions)|C2700391|[acty]|["Procedures"-tx-6-"PROCEDURES"-noun-0]|TX|2006/10|
00000000|MMI|5.18|Regulatory Report|C3273238|[inpr]|["Report"-tx-31-"report"-verb-0]|TX|3574/6|
00000000|MMI|5.18|Report (document)|C0684224|[inpr]|["Report"-tx-31-"report"-verb-0]|TX|3574/6|
00000000|MMI|5.18|Reporting|C0700287|[hlca]|["Report"-tx-31-"report"-verb-0]|TX|3574/6|
00000000|MMI|5.18|Requirement|C1514873|[ftcn]|["Required"-tx-5-"Required"-verb-0]|TX|1008/8|
00000000|MMI|5.18|Resolved|C3714811|[fndg]|["resolving"-tx-6-"resolving"-verb-1]|TX|2077/9|
00000000|MMI|5.18|S prime|C2603362|[clna]|["S'"-tx-6-"("-noun-0]|TX|1410/1|
00000000|MMI|5.18|To|C1883351|[qlco]|["To"-tx-33-"to"-adv-0]|TX|3730/2|
00000000|MMI|5.18|Weight Gain Adverse Event|C2911647|[fndg]|["Weight gain"-tx-31-"weight gain"-noun-0]|TX|3585/11|
00000000|MMI|5.18|hold - Data Operation|C3853841|[ftcn]|["hold"-tx-4-"HOLD"-verb-0]|TX|853/4|
00000000|MMI|5.18|per second|C0565930|[qnco]|["/s"-tx-6-"("-noun-0]|TX|1410/1|
00000000|MMI|5.18|respiratory gaseous exchange in organisms|C1160636|[biof]|["breathing"-tx-33-"breathing"-noun-0]|TX|3738/9|
00000000|MMI|5.18|sodium intake|C0489645|[clna]|["Sodium intake"-tx-36-"sodium intake"-noun-0]|TX|3931/13|
00000000|MMI|5.18|treatments and procedures|C0237403|[topp]|["treatments procedures"-tx-6-"TREATMENTS/PROCEDURES"-noun-0]|TX|2024/21|
00000000|MMI|3.98|Advance|C3854260|[tmco]|["Advance"-tx-34-"advancing"-verb-0]|TX|3790/9|
00000000|MMI|3.98|Advance -- medical device|C0725066|[medd]|["Advance"-tx-34-"advancing"-verb-0]|TX|3790/9|
00000000|MMI|3.75|Fluid overload|C0546817|[dsyn]|["VOLUME OVERLOAD"-tx-15-"volume overload"-noun-0]|TX|2846/15|
00000000|MMI|3.75|Intrachamber:Pres:Pt:Heart.atrium.right:Qn|C4050168|[clna]|["RA pressure"-tx-9-"RA pressure"-noun-0]|TX|2419/11|
00000000|MMI|3.75|Medication.discharge|C0806915|[fndg]|["Discharge medications"-tx-2-"DISCHARGE MEDICATIONS"-noun-0]|TX|339/21|
00000000|MMI|3.68|Attending (action)|C1999232|[ftcn]|["attending"-tx-1-"Attending"-noun-0]|TX|256/9|
00000000|MMI|3.68|Attending (provider role)|C1547429|[prog]|["Attending"-tx-1-"Attending"-noun-0]|TX|256/9|
00000000|MMI|3.68|CR2 wt Allele|C3539604|[gngm]|["CR"-tx-26-"cr"-noun-0]|TX|3303/2|
00000000|MMI|3.68|Coating (film)|C1522408|[qlco]|["Coated"-tx-2-"COATED"-adj-0]|TX|386/6|
00000000|MMI|3.68|Creatinine measurement|C0201975|[lbpr]|["Cr"-tx-26-"cr"-noun-0]|TX|3303/2|
00000000|MMI|3.68|Enteral|C1304890|[spco]|["Enteric"-tx-2-"ENTERIC"-adj-0]|TX|378/7|
00000000|MMI|3.68|Hong Kong Zebrafish|C2987742|[fish]|["HK"-tx-9-"HK"-noun-0]|TX|2270/2|
00000000|MMI|3.68|KNG1 gene|C1537501|[gngm]|["HK"-tx-9-"HK"-noun-0]|TX|2270/2|
00000000|MMI|3.68|KNG1 wt Allele|C1705889|[gngm]|["HK"-tx-9-"HK"-noun-0]|TX|2270/2|
00000000|MMI|3.68|M NOS ANTIBODY|C0369637|[aapp,imft]|["M NOS"-tx-41-"M"-noun-0]|TX|4260/1|
00000000|MMI|3.68|M+ (tumor staging)|C0441923|[inpr]|["M+"-tx-41-"M"-noun-0]|TX|4260/1|
00000000|MMI|3.68|Palpitations|C0030252|[fndg]|["PALPITATIONS"-tx-12-"palpitations"-noun-1]|TX|2665/12|
00000000|MMI|3.68|Palpitations Adverse Event|C3160712|[fndg]|["Palpitations"-tx-12-"palpitations"-noun-1]|TX|2665/12|
00000000|MMI|3.68|Status|C0449438|[qlco]|["Status"-tx-2-"STATUS"-noun-0]|TX|303/6|
00000000|MMI|3.67|Principal Diagnosis:-:Point in time:^Patient:-|C2598194|[clna]|["Principal Diagnosis"-tx-6-"PRINCIPAL DIAGNOSIS"-noun-0]|TX|1534/9,1554/9|
00000000|MMI|3.67|Principal diagnosis|C0332137|[qlco]|["Principal Diagnosis"-tx-6-"PRINCIPAL DIAGNOSIS"-noun-0]|TX|1534/9,1554/9|
00000000|MMI|3.65|discharge diagnosis|C1555319|[fndg]|["Discharge diagnosis"-tx-6-"DISCHARGE DIAGNOSIS"-noun-0]|TX|1544/19|
00000000|MMI|3.64|As Needed|C1883728|[qlco]|["As Needed"-tx-39-"as needed"-adj-0]|TX|4132/9|
00000000|MMI|3.64|Entered|C1521975|[qlco]|["Entered"-tx-41-"ENTERED"-verb-0]|TX|4229/7|
00000000|MMI|3.64|Fluid restriction|C0204700|[topp]|["Fluid restriction"-tx-18-"Fluid restriction"-noun-0]|TX|3027/17|
00000000|MMI|3.64|PRN (schedule frequency)|C1879745|[tmco]|["As needed"-tx-39-"as needed"-adj-0]|TX|4132/9|
00000000|MMI|3.63|10%|C3842590|[fndg]|["10%"-tx-1-"10"-fraction-0]|TX|16/2|
00000000|MMI|3.63|ActInformationPrivacyReason <service>|C3245478|[idcn]|["service"-tx-1-"Service"-noun-0]|TX|124/7|
00000000|MMI|3.63|Disposition|C0743223|[idcn]|["Disposition"-tx-2-"DISPOSITION"-noun-0]|TX|321/11|
00000000|MMI|3.63|Disposition Domain|C1705555|[inpr]|["Disposition"-tx-2-"DISPOSITION"-noun-0]|TX|321/11|
00000000|MMI|3.63|Services|C0557854|[ocac]|["Service"-tx-1-"Service"-noun-0]|TX|124/7|
00000000|MMI|3.63|Software Service|C2825316|[mnob]|["Service"-tx-1-"Service"-noun-0]|TX|124/7|
00000000|MMI|3.63|Intracardiac pressure|C0428876|[lbtr]|["Heart pressure"-tx-17-"heart pressures"-noun-0]|TX|2983/15|
00000000|MMI|3.63|Follow-up 1 week|C0420331|[fndg]|["Follow-up 1 week"-tx-38-"1 weeks follow up"-noun-0]|TX|4095/1,4099/5,4109/9|
00000000|MMI|3.62|Failure to gain weight|C0231246|[fndg]|["Not gaining weight"-tx-36-"not gaining weight"-noun-0]|TX|3984/18|
00000000|MMI|3.61|Atelectasis Adverse Event|C1962948|[fndg]|["Atelectasis"-tx-7-"atelectasis"-noun-0]|TX|2160/11|
00000000|MMI|3.61|Weight Loss Adverse Event|C2911645|[patf]|["Weight loss"-tx-31-"weight loss"-noun-0]|TX|3600/11|
00000000|MMI|3.61|salt intake|C0489767|[orga]|["salt intake"-tx-32-"salt intake"-noun-0]|TX|3643/11|
00000000|MMI|3.60|week|C0439230|[tmco]|["WEEKS"-tx-6-"weeks"-noun-0]|TX|1429/5|
00000000|MMI|3.60|Process|C1522240|[phpr]|["Process"-tx-6-"process"-noun-0]|TX|2126/7|
00000000|MMI|3.60|bony process|C1184743|[bpoc]|["Process"-tx-6-"process"-noun-0]|TX|2126/7|
00000000|MMI|3.59|DuoNeb|C0939692|[orch,phsu]|["DuoNeb"-tx-23-"duonebs"-noun-0]|TX|3205/7|
00000000|MMI|3.59|End|C0444930|[spco]|["End"-tx-43-"END"-noun-0]|TX|4306/3|
00000000|MMI|3.59|Final Statistical Report|C3890900|[inpr]|["SR"-tx-13-"SR"-noun-0]|TX|2710/2|
00000000|MMI|3.59|Responsible to|C1273518|[fndg]|["Responsible"-tx-6-"Responsible"-adj-0]|TX|1565/11|
00000000|MMI|3.59|SR cell line|C3891546|[emod]|["SR"-tx-13-"SR"-noun-0]|TX|2710/2|
00000000|MMI|3.59|Skin Response Domain|C3813610|[inpr]|["SR"-tx-13-"SR"-noun-0]|TX|2710/2|
00000000|MMI|3.59|Stop (qualifier value)|C2746065|[tmco]|["End"-tx-43-"END"-noun-0]|TX|4306/3|
00000000|MMI|3.58|Buildup|C2986569|[sbst]|["Buildup"-tx-32-"build up"-noun-0]|TX|3682/8|
00000000|MMI|3.58|Home oxygen supply|C0421203|[fndg]|["home oxygen"-tx-29-"home oxygen"-noun-0]|TX|3484/11|
00000000|MMI|3.57|Admission Level of Care Code - Improved|C1561611|[inpr]|["Improved"-tx-20-"improved"-verb-0]|TX|3140/8|
00000000|MMI|3.57|Adult female goat|C3668950|[mamm]|["Doe"-tx-11-"DOE"-noun-0]|TX|2635/3|
00000000|MMI|3.57|Better|C0332272|[qlco]|["Improved"-tx-20-"improved"-verb-0]|TX|3140/8|
00000000|MMI|3.57|Department of Energy|C1511776|[prog]|["DOE"-tx-11-"DOE"-noun-0]|TX|2635/3|
00000000|MMI|3.57|Dyspnea on exertion|C0231807|[sosy]|["DOE"-tx-11-"DOE"-noun-0]|TX|2635/3|
00000000|MMI|3.57|Empty (qualifier)|C1880497|[qlco]|["Empty"-tx-4-"empty"-adj-0]|TX|952/5|
00000000|MMI|3.57|Entire stomach|C1278920|[bpoc]|["Stomach"-tx-4-"stomach"-noun-0]|TX|958/7|
00000000|MMI|3.57|Evidence|C3887511|[idcn]|["Evidence"-tx-25-"evidence"-noun-0]|TX|3262/8|
00000000|MMI|3.57|Gastric Tissue|C1517454|[tisu]|["STOMACH"-tx-4-"stomach"-noun-0]|TX|958/7|
00000000|MMI|3.57|Improved|C0184511|[qlco]|["Improved"-tx-20-"improved"-verb-0]|TX|3140/8|
00000000|MMI|3.57|Inhaler Dosing Unit|C1881212|[qnco]|["INHALER"-tx-33-"inhaler"-noun-0]|TX|3710/7|
00000000|MMI|3.57|Negation|C1518422|[ftcn]|["Not"-tx-6-"NOT"-adv-0]|TX|2048/3|
00000000|MMI|3.57|Stomach structure|C3714551|[bpoc]|["Stomach"-tx-4-"stomach"-noun-0]|TX|958/7|
00000000|MMI|3.56|liter|C0475211|[qnco]|["LITER"-tx-20-"liters"-noun-0]|TX|3104/6|
00000000|MMI|3.56|Complex|C0439855|[qlco]|["Complex"-tx-10-"complex"-adj-0]|TX|2539/7|
00000000|MMI|3.56|Narrow|C0333164|[qnco]|["Narrow"-tx-10-"narrow"-adj-0]|TX|2532/6|
00000000|MMI|3.56|Narrow face|C1837463|[fndg]|["Narrow"-tx-10-"narrow"-adj-0]|TX|2532/6|
00000000|MMI|3.56|Narrowed structure|C0332463|[spco]|["Narrow"-tx-10-"narrow"-adj-0]|TX|2532/6|
00000000|MMI|3.56|Thin (qualifier value)|C0205168|[qlco]|["Narrow"-tx-10-"narrow"-adj-0]|TX|2532/6|
00000000|MMI|3.56|complex (molecular entity)|C1704241|[chvs]|["Complex"-tx-10-"complex"-adj-0]|TX|2539/7|
00000000|MMI|3.55|Conditional|C1701901|[qlco]|["Contingent"-tx-1-"CONTINGENT"-noun-0]|TX|179/10|
00000000|MMI|3.55|Presentation|C0449450|[idcn]|["Presented"-tx-11-"presented"-verb-0]|TX|2585/9|
00000000|MMI|3.55|Used by|C1273517|[fndg]|["used"-tx-1-"USED"-verb-0]|TX|227/4|
00000000|MMI|3.54|Dose number|C1115464|[qnco]|["Dose number"-tx-5-"Number Doses"-noun-0]|TX|992/6,1002/5|
00000000|MMI|3.54|Dose number:Number:Point in time:^Patient:Quantitative|C1114758|[clna]|["Dose number"-tx-5-"Number Doses"-noun-0]|TX|992/6,1002/5|
00000000|MMI|3.54|TXNRD1 wt Allele|C3811249|[gngm]|["TR"-tx-9-"TR"-noun-0]|TX|2363/2|
00000000|MMI|3.54|TXNRD2 wt Allele|C3811250|[gngm]|["TR"-tx-9-"TR"-noun-0]|TX|2363/2|
00000000|MMI|3.54|Thioredoxin Reductase 1, Cytoplasmic|C3814410|[aapp,enzy]|["TR"-tx-9-"TR"-noun-0]|TX|2363/2|
00000000|MMI|3.54|Tumor Results Domain|C3814152|[inpr]|["TR"-tx-9-"TR"-noun-0]|TX|2363/2|
00000000|MMI|3.53|Discontinued|C1444662|[fndg]|["D/C"-tx-1-"D/C"-noun-0]|TX|214/3|
00000000|MMI|3.53|Doctor of Chiropractic|C1512015|[inpr]|["D.C."-tx-1-"D/C"-noun-0]|TX|214/3|
00000000|MMI|3.53|copd exacerbation|C0740304|[dsyn]|["copd exacerbation"-tx-23-"COPD exacerbation"-noun-0]|TX|3186/17|
00000000|MMI|3.50|Causing|C0678227|[ftcn]|["Causing"-tx-6-"Causing"-adj-0]|TX|1593/7|
00000000|MMI|3.50|Clipperton Island|C4050020|[geoa]|["CP"-tx-12-"CP"-noun-0]|TX|2662/2|
00000000|MMI|3.50|Course|C0750729|[tmco]|["Course"-tx-16-"COURSE"-noun-0]|TX|2915/6|
00000000|MMI|3.50|Possible|C0332149|[qlco]|["Possible"-tx-4-"POSSIBLE"-adj-0]|TX|740/8|
00000000|MMI|3.50|Possible diagnosis|C2362652|[qlco]|["Possible"-tx-4-"POSSIBLE"-adj-0]|TX|740/8|
00000000|MMI|3.50|Possibly Related to Intervention|C1705910|[qlco]|["Possible"-tx-4-"POSSIBLE"-adj-0]|TX|740/8|
00000000|MMI|3.50|Slow|C0439834|[qlco]|["Slowly"-tx-34-"slowly"-adv-0]|TX|3809/6|
00000000|MMI|3.50|Yes (indicator)|C1705108|[cnce]|["YES"-tx-1-"YES"-noun-0]|TX|252/3|
00000000|MMI|3.50|Yes - Yes/no indicator|C1549445|[idcn]|["Yes"-tx-1-"YES"-noun-0]|TX|252/3|
00000000|MMI|3.50|dictated - DocumentCompletion|C1609990|[idcn]|["Dictated"-tx-41-"dictated"-adj-0]|TX|4212/8|
00000000|MMI|3.50|dictated - ParticipationMode|C1548384|[ftcn]|["dictated"-tx-41-"dictated"-adj-0]|TX|4212/8|
00000000|MMI|3.49|PTPRU gene|C1419125|[gngm]|["PCP-2"-tx-6-"PCP 2"-noun-0]|TX|1421/3,1427/1|
00000000|MMI|3.49|Microgram per Inhalation|C2827876|[qnco]|["mcg/inh"-tx-6-"MCG INH"-noun-0]|TX|1182/7|
00000000|MMI|3.48|Full|C0443225|[qlco]|["Full"-tx-2-"Full"-adj-0]|TX|311/4|
00000000|MMI|3.48|Regular exercise (observable entity)|C0582191|[dora]|["Regular exercise"-tx-6-"regular exercise"-noun-0]|TX|1372/16|
00000000|MMI|3.48|acute|C0205178|[tmco]|["ACUTE"-tx-15-"acute"-adj-0]|TX|2840/5|
00000000|MMI|3.47|Simvastatin 20 MG|C0989915|[clnd]|["Simvastatin 20 MG"-tx-5-"SIMVASTATIN 20 MG"-noun-0]|TX|1036/17|
00000000|MMI|3.47|Shortness of breath:-:Point in time:^Patient:-|C2707305|[clna]|["Shortness of breath"-tx-29-"shortness of breath"-noun-0]|TX|3500/19|
00000000|MMI|3.47|Administration procedure|C1533734|[topp]|["Treatment"-tx-6-"Treatment"-noun-0]|TX|1712/9|
00000000|MMI|3.47|Axial R|C3538806|[spco]|["Ra"-tx-9-"RA"-noun-0]|TX|2231/2|
00000000|MMI|3.47|Biomaterial Treatment|C1705169|[cnce]|["Treatment"-tx-6-"Treatment"-noun-0]|TX|1712/9|
00000000|MMI|3.47|Borg Category-Ratio 10 Perceived Exertion Score 2|C4050469|[inpr]|["Slight"-tx-7-"Slight"-adj-0]|TX|2135/6|
00000000|MMI|3.47|Left upper arm structure|C0230347|[bpoc]|["LA"-tx-9-"LA"-noun-0]|TX|2221/2|
00000000|MMI|3.47|Lupus Anticoagulant Antibody|C2346906|[aapp,imft]|["LA"-tx-9-"LA"-noun-0]|TX|2221/2|
00000000|MMI|3.47|Patient Condition Code - Stable|C1547311|[inpr]|["Stable"-tx-36-"Stable"-adj-0]|TX|3899/6|
00000000|MMI|3.47|Residual|C1609982|[qlco]|["Residual"-tx-7-"residual"-adj-0]|TX|2142/8|
00000000|MMI|3.47|Right arm|C4048756|[bpoc]|["RA"-tx-9-"RA"-noun-0]|TX|2231/2|
00000000|MMI|3.47|Slight (qualifier value)|C2937276|[qlco]|["Slight"-tx-7-"Slight"-adj-0]|TX|2135/6|
00000000|MMI|3.47|Sodium Cation|C0597484|[elii]|["Sodium+"-tx-6-"Sodium"-noun-0]|TX|1348/6|
00000000|MMI|3.47|Sodium Drug Class|C3714642|[phsu]|["SODIUM"-tx-6-"Sodium"-noun-0]|TX|1348/6|
00000000|MMI|3.47|Sodium supplements|C3541959|[phsu]|["Sodium"-tx-6-"Sodium"-noun-0]|TX|1348/6|
00000000|MMI|3.47|Stable status|C0205360|[qlco]|["STABLE"-tx-36-"Stable"-adj-0]|TX|3899/6|
00000000|MMI|3.47|Therapeutic procedure|C0087111|[topp]|["Treatment"-tx-6-"Treatment"-noun-0]|TX|1712/9|E02
00000000|MMI|3.47|Treating|C1522326|[ftcn]|["Treatment"-tx-6-"Treatment"-noun-0]|TX|1712/9|
00000000|MMI|3.47|Treatment Epoch|C3538994|[resa]|["TREATMENT"-tx-6-"Treatment"-noun-0]|TX|1712/9|
00000000|MMI|3.47|gram|C0439208|[qnco]|["GRAM"-tx-6-"gram"-noun-0]|TX|1343/4|
00000000|MMI|3.47|treatment - ActInformationManagementReason|C3887704|[hlca]|["treatment"-tx-6-"Treatment"-noun-0]|TX|1712/9|
00000000|MMI|3.46|Hospital course|C0489547|[fndg]|["Hospital course"-tx-10-"HOSPITAL COURSE"-noun-0]|TX|2450/15|
00000000|MMI|3.46|Hospital course:Finding:Point in time:^Patient:Narrative|C0488549|[clna]|["Hospital course"-tx-10-"HOSPITAL COURSE"-noun-0]|TX|2450/15|
00000000|MMI|3.46|60%|C3842585|[fndg]|["60%"-tx-4-"60"-integer-0]|TX|880/2|
00000000|MMI|3.46|Elevated|C3163633|[qlco]|["Elevated"-tx-17-"elevated"-adj-0]|TX|2972/8|
00000000|MMI|3.46|Four times daily|C0585291|[tmco]|["QID"-tx-6-"QID"-adv-0]|TX|1253/3|
00000000|MMI|3.46|High|C0205250|[qlco]|["Elevated"-tx-17-"elevated"-adj-0]|TX|2972/8|
00000000|MMI|3.46|Picofarad (unit of measure)|C1882376|[qnco]|["Puff"-tx-6-"PUFF"-noun-0]|TX|1244/4|
00000000|MMI|3.46|Primary|C0205225|[qlco]|["Principal"-tx-6-"PRINCIPAL"-adj-0]|TX|1534/9|
00000000|MMI|3.46|Puff unit dose|C1533107|[qnco]|["PUFF"-tx-6-"PUFF"-noun-0]|TX|1244/4|
00000000|MMI|3.46|Teaching principal|C0401925|[prog]|["Principal"-tx-6-"PRINCIPAL"-adj-0]|TX|1534/9|
00000000|MMI|3.46|Abnormally opaque structure (morphologic abnormality)|C1265876|[patf]|["opacities"-tx-6-"opacities"-noun-1]|TX|2102/9|
00000000|MMI|3.46|Decreased translucency|C0029053|[fndg]|["opacities"-tx-6-"opacities"-noun-1]|TX|2102/9|
00000000|MMI|3.46|Per Liter|C3642217|[qnco]|["/L"-tx-6-"L"-noun-0]|TX|2087/1|
00000000|MMI|3.46|Structure of left upper lobe of lung|C1261076|[bpoc]|["LUL"-tx-6-"LUL"-noun-0]|TX|2098/3|
00000000|MMI|3.46|liter/second|C0439394|[qnco]|["l's"-tx-6-"L"-noun-0]|TX|2087/1|
00000000|MMI|3.46|upper case letter ell|C1706495|[inpr]|["L-"-tx-6-"L"-noun-0]|TX|2087/1|
00000000|MMI|3.45|Cholesterol measurement test|C0201950|[lbpr]|["CHOL"-tx-6-"chol"-noun-0]|TX|1317/4|
00000000|MMI|3.45|House (environment)|C2003847|[mnob]|["House"-tx-6-"House"-noun-0]|TX|1305/5|
00000000|MMI|3.45|SAT1 protein, human|C2744672|[aapp,enzy]|["SAT"-tx-6-"sat"-noun-0]|TX|1326/3|
00000000|MMI|3.45|SAT1 wt Allele|C1705827|[gngm]|["SAT"-tx-6-"sat"-noun-0]|TX|1326/3|
00000000|MMI|3.45|Elevated systolic blood pressure|C1840374|[fndg]|["Elevated Systolic Pressure"-tx-9-"elevated systolic pressure"-noun-1]|TX|2380/8,2392/17|
00000000|MMI|3.45|/40|C0439509|[tmco]|["/40"-tx-3-"40"-integer-0]|TX|638/2|
00000000|MMI|3.45|40%|C3842587|[qnco]|["40%"-tx-3-"40"-integer-0]|TX|638/2|
00000000|MMI|3.45|Every morning|C0585329|[tmco]|["QAM"-tx-3-"QAM"-noun-0]|TX|647/3|
00000000|MMI|3.45|K Prime|C1708601|[qnco]|["K'"-tx-1-"K"-noun-0]|TX|72/1|
00000000|MMI|3.45|October|C3828732|[qlco]|["October"-tx-3-"October"-noun-0]|TX|666/7|
00000000|MMI|3.45|Potassium Ion|C0597277|[elii,phsu]|["K+"-tx-1-"K"-noun-0]|TX|72/1|
00000000|MMI|3.45|Today|C0310367|[antb,orch]|["Today"-tx-3-"Today"-noun-0]|TX|660/5|
00000000|MMI|3.45|Today (temporal qualifier)|C0750526|[tmco]|["Today"-tx-3-"Today"-noun-0]|TX|660/5|
00000000|MMI|3.45|Once a day, at bedtime|C1275563|[tmco]|["qHS"-tx-5-"QHS"-noun-0]|TX|1057/3|
00000000|MMI|3.45|Room of building - Study|C0557651|[mnob]|["Study"-tx-6-"Study"-noun-0]|TX|1583/5|
00000000|MMI|3.45|Study|C2603343|[resa]|["Study"-tx-6-"Study"-noun-0]|TX|1583/5|
00000000|MMI|3.45|regulation of balance|C1327519|[orgf]|["regulation of balance"-tx-28-"regulation of balance"-noun-0]|TX|3430/13,3450/7|
00000000|MMI|3.44|Comfort|C1331418|[menp]|["Comfort"-tx-39-"comfort"-noun-0]|TX|4146/7|
00000000|MMI|3.44|Hospital environment|C1510665|[qlco]|["Hospital"-tx-18-"hospital"-noun-0]|TX|3048/8|
00000000|MMI|3.44|Schedule (document type)|C0086960|[inpr]|["Schedule"-tx-33-"schedule"-noun-0]|TX|3721/8|
00000000|MMI|3.44|Step (specific stage)|C1261552|[cnce]|["steps"-tx-11-"steps"-noun-0]|TX|2648/5|
00000000|MMI|3.44|Step Unit of Distance|C3814463|[qnco]|["STEPS"-tx-11-"steps"-noun-0]|TX|2648/5|
00000000|MMI|3.43|terazosin hydrochloride|C0770137|[orch,phsu]|["terazosin hcl"-tx-5-"TERAZOSIN HCL"-noun-0]|TX|967/13|
00000000|MMI|3.43|Behavior Rating Inventory of Executive Function|C4050216|[inpr]|["BRIEF"-tx-10-"BRIEF"-adj-0]|TX|2434/5|
00000000|MMI|3.43|Brief|C1879313|[tmco]|["Brief"-tx-10-"BRIEF"-adj-0]|TX|2434/5|
00000000|MMI|3.43|Physician:Identifier:Point in time:^Patient:Nominal|C0804815|[clna]|["Physician"-tx-31-"physician"-noun-0]|TX|3620/9|
00000000|MMI|3.43|Shortened|C1282927|[qlco]|["brief"-tx-10-"BRIEF"-adj-0]|TX|2434/5|
00000000|MMI|3.43|Stop brand of fluoride|C0723457|[inch,phsu]|["stopping"-tx-24-"Stopping"-adj-0]|TX|3227/8|
00000000|MMI|3.43|Beginning|