00000000|MMI|63.58|Patients|C0030705|[podg]|["*^patient"-tx-25-"patient"-noun-0,"*^patient"-tx-21-"patient"-noun-0,"*^patient"-tx-20-"patient's"-noun-0,"*^patient"-tx-18-"patient"-noun-0,"*^patient"-tx-9-"patient's"-noun-0,"*^patient"-tx-5-"patient"-noun-0,"*^patient"-tx-3-"patient"-noun-0]|TX|2468/7;2186/7;[2074/9],[2155/9];1795/7;932/9;615/7;320/7|M01.643
00000000|MMI|53.52|Fever|C0015967|[fndg]|["FEVER"-tx-20-"fever"-noun-0,"TEMPERATURE ELEVATION"-tx-18-"elevations temperature"-noun-1,"FEVER"-tx-8-"fever"-noun-0,"FEVER"-tx-4-"fever"-noun-0]|TX|2114/5;1874/10,1892/11;863/5;440/5|C23.888.119.344
00000000|MMI|49.40|Postoperative Period|C0032790|[tmco]|["Postoperative"-tx-21-"postoperative"-noun-0,"Postoperative"-tx-14-"postoperative"-noun-0,"Postoperative"-tx-3-"postoperative"-noun-0]|TX|2230/13;1392/13;281/13|E04.614.750;N02.421.585.753.750
00000000|MMI|38.76|Patient Discharge|C0030685|[hlca]|["Discharge"-tx-3-"discharge"-noun-0,"Discharge"-tx-2-"discharge"-noun-0]|TX|351/9;238/9|E02.204.125;E02.760.400.610;N02.421.192.125;N02.421.585.400.610;N04.590.233.727.210.125
00000000|MMI|35.81|Togo|C0040363|[geoa]|["TO"-tx-15-"to"-adv-0,"TO"-tx-13-"to"-adv-0]|TX|1624/2;1328/2|Z01.058.290.190.800
00000000|MMI|35.81|Tryptophanase|C0041260|[aapp,enzy]|["TO"-tx-15-"to"-adv-0,"TO"-tx-13-"to"-adv-0]|TX|1624/2;1328/2|D08.811.520.224.800
00000000|MMI|34.36|Abortion consent:Finding:Point in time:^Patient:Document|C2360836|[clna]|["Patient"-tx-25-"patient"-noun-0,"Patient"-tx-21-"patient"-noun-0,"Patient"-tx-20-"patient's"-noun-0,"Patient"-tx-18-"patient"-noun-0,"Patient"-tx-9-"patient's"-noun-0,"Patient"-tx-5-"patient"-noun-0,"Patient"-tx-3-"patient"-noun-0]|TX|2468/7;2186/7;[2074/9],[2155/9];1795/7;932/9;615/7;320/7|
00000000|MMI|34.36|Hysterectomy consent:Finding:Point in time:^Patient:Document|C2360838|[clna]|["Patient"-tx-25-"patient"-noun-0,"Patient"-tx-21-"patient"-noun-0,"Patient"-tx-20-"patient's"-noun-0,"Patient"-tx-18-"patient"-noun-0,"Patient"-tx-9-"patient's"-noun-0,"Patient"-tx-5-"patient"-noun-0,"Patient"-tx-3-"patient"-noun-0]|TX|2468/7;2186/7;[2074/9],[2155/9];1795/7;932/9;615/7;320/7|
00000000|MMI|34.36|Sterilization consent:Finding:Point in time:^Patient:Document|C2360840|[clna]|["Patient"-tx-25-"patient"-noun-0,"Patient"-tx-21-"patient"-noun-0,"Patient"-tx-20-"patient's"-noun-0,"Patient"-tx-18-"patient"-noun-0,"Patient"-tx-9-"patient's"-noun-0,"Patient"-tx-5-"patient"-noun-0,"Patient"-tx-3-"patient"-noun-0]|TX|2468/7;2186/7;[2074/9],[2155/9];1795/7;932/9;615/7;320/7|
00000000|MMI|33.95|Injury wounds|C0043250|[inpo]|["WOUND"-tx-25-"wound"-noun-0,"WOUND"-tx-18-"wound"-noun-0,"WOUND"-tx-15-"wound"-noun-0,"WOUND"-tx-14-"wound"-noun-0,"WOUND"-tx-11-"wound"-noun-0,"WOUND"-tx-10-"wound"-noun-0,"WOUND"-tx-9-"wound"-noun-0]|TX|2566/5;1841/5;1608/5;1457/5;1174/5;[1058/5],[1088/5];973/5|
00000000|MMI|33.95|Traumatic injury|C3263723|[inpo]|["Wound"-tx-25-"wound"-noun-0,"Wound"-tx-18-"wound"-noun-0,"Wound"-tx-15-"wound"-noun-0,"Wound"-tx-14-"wound"-noun-0,"Wound"-tx-11-"wound"-noun-0,"Wound"-tx-10-"wound"-noun-0,"Wound"-tx-9-"wound"-noun-0]|TX|2566/5;1841/5;1608/5;1457/5;1174/5;[1058/5],[1088/5];973/5|
00000000|MMI|32.57|Enterococcus|C0085494|[bact]|["Enterococcal"-tx-17-"enterococcal"-adj-0,"ENTEROCOCCUS"-tx-4-"Enterococci"-noun-0]|TX|1773/12;541/11|B03.353.750.250.250;B03.510.550.250.250
00000000|MMI|28.80|Ampicillin|C0002680|[antb,orch]|["AMPICILLIN"-tx-17-"Ampicillin"-noun-0]|TX|1758/10|D02.065.589.099.750.750.050;D02.886.108.750.750.050;D03.438.260.825.750.050;D03.605.084.737.750.050;D04.075.080.875.099.221.750.750.050
00000000|MMI|28.80|Mice, Nude|C0025932|[mamm]|["NU"-tx-14-"Nu"-noun-0]|TX|1486/2|B01.050.150.900.649.865.635.505.500.550.500
00000000|MMI|28.78|Rosa|C0035853|[plnt]|["Rose"-tx-20-"rose"-noun-0]|TX|2096/4|B01.650.940.800.575.100.842.500.750
00000000|MMI|28.71|Obesity|C0028754|[dsyn]|["OBESE"-tx-8-"obese"-adj-0]|TX|886/5|C18.654.726.500;C23.888.144.699.500;E01.370.600.115.100.160.120.699.500;G07.100.100.160.120.699.500
00000000|MMI|28.31|Drainage procedure|C0013103|[topp]|["drain"-tx-18-"drained"-verb-0,"drain"-tx-14-"drain"-noun-0,"drain"-tx-13-"drain"-noun-0,"drain"-tx-10-"drained"-verb-0]|TX|1847/7;1429/5;1362/5;1161/7|E02.309;E04.237
00000000|MMI|26.18|Urinary tract infection|C0042029|[dsyn]|["UTI"-tx-17-"UTI"-noun-0,"URINARY TRACT INFECTION"-tx-4-"urinary tract infection"-noun-0]|TX|1786/3;576/23|C01.539.895;C12.777.892;C13.351.968.892
00000000|MMI|23.35|day|C0439228|[tmco]|["DAY"-tx-21-"day"-noun-0,"DAYS"-tx-15-"days"-noun-0,"DAY"-tx-14-"day"-noun-0,"DAY"-tx-10-"day"-noun-0,"DAY"-tx-3-"day"-noun-0]|TX|2244/3;1593/4;[1383/3],[1406/3];1017/3;295/3|
00000000|MMI|22.51|Hydrogen Peroxide|C0020281|[inch,irda,phsu]|["HYDROGEN PEROXIDE"-tx-14-"hydrogen peroxide"-noun-0]|TX|1519/17|D01.248.497.158.685.750.424;D01.339.431.374.424;D01.650.550.750.400;D02.389.338.253
00000000|MMI|22.36|Pyelonephritis|C0034186|[dsyn]|["PYELONEPHRITIS"-tx-5-"pyelonephritis"-noun-1]|TX|642/14|C12.777.419.570.643.790;C12.777.419.570.821.717;C13.351.968.419.570.643.790;C13.351.968.419.570.821.717
00000000|MMI|20.95|Vision|C0042789|[orgf]|["see"-tx-1-"see"-verb-0]|TX|181/3|F02.830.816.964;G02.111.087.800.480.900;G02.149.115.800.480.900;G04.299.880.480.900;G11.561.600.810.964;G14.640.816
00000000|MMI|20.22|Wound Infection|C0043241|[patf]|["Wound Infection"-tx-20-"wound infection"-noun-0,"Wound Infection"-tx-8-"wound infection"-noun-0]|TX|2165/15;904/15|C01.539.947;C26.951
00000000|MMI|20.09|Atelectasis|C0004144|[patf]|["ATELECTASIS"-tx-19-"atelectasis"-noun-0,"ATELECTASIS"-tx-6-"atelectasis"-noun-0]|TX|1930/11;735/11|C08.381.730
00000000|MMI|19.25|Coagulase|C0009118|[aapp,enzy]|["Coagulase"-tx-16-"coagulase"-noun-0]|TX|1709/9|D08.811.277.656.300.174;D12.776.097.181
00000000|MMI|19.25|Genus staphylococcus|C0038170|[bact]|["STAPHYLOCOCCUS"-tx-16-"Staphylococcus"-noun-0]|TX|1694/14|B03.300.390.400.800.750;B03.353.500.750.750;B03.510.100.750.750;B03.510.400.790.750
00000000|MMI|19.03|Daily|C0332173|[tmco]|["/day"-tx-21-"day"-noun-0,"/day"-tx-14-"day"-noun-0,"/day"-tx-10-"day"-noun-0,"/day"-tx-3-"day"-noun-0]|TX|2244/3;[1383/3],[1406/3];1017/3;295/3|
00000000|MMI|19.03|per day|C0439505|[tmco]|["/day"-tx-21-"day"-noun-0,"/day"-tx-14-"day"-noun-0,"/day"-tx-10-"day"-noun-0,"/day"-tx-3-"day"-noun-0]|TX|2244/3;[1383/3],[1406/3];1017/3;295/3|
00000000|MMI|16.30|Films as Topic|C4019020|[inpr]|["Film"-tx-19-"film"-noun-0]|TX|1913/4|J01.897.280.500.598;L01.178.590.500;L01.178.820.090.598
00000000|MMI|16.19|Visiting Nurses|C0042799|[prog]|["Visiting Nurses"-tx-22-"Visiting Nurses"-noun-0]|TX|2313/15|M01.526.485.650.655;N02.360.650.655
00000000|MMI|16.18|Dominican Republic|C0013014|[geoa]|["DR"-tx-23-"Dr"-noun-0]|TX|2430/2|Z01.107.084.900.300;Z01.639.880.300
00000000|MMI|16.07|Venous Thrombosis|C0042487|[patf]|["Thrombosis of vein NOS"-tx-7-"of venous thrombosis"-noun-1]|TX|810/2,818/17|C14.907.355.830.925
00000000|MMI|15.31|Drain device|C0180499|[medd]|["DRAIN"-tx-18-"drained"-verb-0,"DRAIN"-tx-14-"drain"-noun-0,"DRAIN"-tx-13-"drain"-noun-0,"DRAIN"-tx-10-"drained"-verb-0]|TX|1847/7;1429/5;1362/5;1161/7|
00000000|MMI|14.64|Seroma|C0262627|[patf]|["SEROMA"-tx-10-"seroma"-noun-0]|TX|1112/6|C23.550.470.640
00000000|MMI|13.44|N-(4-carboxyphenyl)retinamide|C0067533|[orch,phsu]|["RII"-tx-29-"RIIS"-noun-0]|TX|2693/4|x.x.x.x
00000000|MMI|13.14|Staple, Surgical|C0524724|[medd]|["staples"-tx-9-"staples"-noun-0]|TX|942/7|E07.858.690.820
00000000|MMI|13.14|urinastatin|C0077906|[aapp,phsu]|["UTI"-tx-17-"UTI"-noun-0]|TX|1786/3|x.x.x.x
00000000|MMI|13.03|Nicaragua|C0028002|[geoa]|["NU"-tx-14-"Nu"-noun-0]|TX|1486/2|Z01.107.169.690
00000000|MMI|13.03|Physicians|C0031831|[prog]|["DR"-tx-23-"Dr"-noun-0]|TX|2430/2|M01.526.485.810;N02.360.810
00000000|MMI|13.01|Mental association|C0004083|[menp]|["Association"-tx-22-"Association"-noun-0]|TX|2329/11|F02.463.425.069;F04.754.720.346
00000000|MMI|12.96|Chest|C0817096|[blor]|["CHEST"-tx-19-"chest"-noun-0]|TX|1907/5|A01.923.761;A02.835.232.904
00000000|MMI|12.89|Caucasoid Race|C0007457|[popg]|["WHITE"-tx-20-"white"-noun-0]|TX|2084/5|M01.686.508.400
00000000|MMI|12.12|Show|C1547282|[anim]|["Show"-tx-19-"showed"-verb-0,"Show"-tx-7-"showed"-verb-0,"Show"-tx-6-"showed"-verb-0]|TX|1918/6;791/6;723/6|
00000000|MMI|11.30|Deeply|C3843505|[fndg]|["Deeply"-tx-14-"deeply"-adv-0,"Deeply"-tx-11-"deeply"-adv-0]|TX|1474/6;[1189/6],[1223/6]|
00000000|MMI|10.96|Following|C0332282|[tmco]|["Following"-tx-25-"following"-verb-0,"Following"-tx-14-"following"-adj-0,"Following"-tx-10-"following"-adj-0]|TX|2522/9;1373/9;1007/9|
00000000|MMI|10.96|Status post|C0231290|[tmco]|["Following"-tx-25-"following"-verb-0,"Following"-tx-14-"following"-adj-0,"Following"-tx-10-"following"-adj-0]|TX|2522/9;1373/9;1007/9|
00000000|MMI|10.95|Very|C0442824|[qlco]|["Very"-tx-23-"very"-adv-0,"Very"-tx-22-"very"-adv-0,"Very"-tx-11-"very"-adv-0]|TX|2414/4;2293/4;1218/4|
00000000|MMI|10.95|Very Much|C2984081|[qlco]|["Very"-tx-23-"very"-adv-0,"Very"-tx-22-"very"-adv-0,"Very"-tx-11-"very"-adv-0]|TX|2414/4;2293/4;1218/4|
00000000|MMI|10.69|Fever symptoms (finding)|C0424755|[fndg]|["Fever"-tx-20-"fever"-noun-0,"Fever"-tx-8-"fever"-noun-0,"Fever"-tx-4-"fever"-noun-0]|TX|2114/5;863/5;440/5|
00000000|MMI|10.57|Complete|C0205197|[qlco]|["Completely"-tx-13-"completely"-adv-0,"Completely"-tx-12-"completely"-adv-0,"COMPLETE"-tx-4-"complete"-adj-0]|TX|1351/10;1246/10;431/8|
00000000|MMI|10.42|Evaluation and management note:Finding:Point in time:{Setting}:Document:{Provider}|C1316572|[clna]|["Note"-tx-20-"note"-noun-0,"Note"-tx-5-"note"-noun-0]|TX|2063/4;604/4|
00000000|MMI|10.42|Followed by|C0332283|[tmco]|["followed"-tx-23-"followed"-verb-0,"followed"-tx-22-"followed"-verb-0]|TX|2405/8;2284/8|
00000000|MMI|10.42|Note (document)|C1317574|[inpr]|["Note"-tx-20-"note"-noun-0,"Note"-tx-5-"note"-noun-0]|TX|2063/4;604/4|
00000000|MMI|10.42|Removed|C0849355|[qlco]|["Removed"-tx-14-"removed"-verb-0,"Removed"-tx-9-"removed"-verb-0]|TX|1439/7;955/7|
00000000|MMI|10.42|To|C1883351|[qlco]|["To"-tx-15-"to"-adv-0,"To"-tx-13-"to"-adv-0]|TX|1624/2;1328/2|
00000000|MMI|9.94|Hospitals|C0019994|[hcro,mnob]|["HOSPITAL"-tx-3-"Hospital"-noun-0]|TX|379/8|N02.278.421
00000000|MMI|9.87|Serous Membrane|C0036760|[tisu]|["Serosa"-tx-13-"serosa"-noun-0]|TX|1341/6|A10.615.789
00000000|MMI|9.75|Outpatients|C0029921|[podg]|["Outpatient"-tx-24-"outpatient"-noun-0]|TX|2452/10|M01.643.630
00000000|MMI|8.34|Fascia|C0015641|[tisu]|["FASCIA"-tx-12-"fascia"-noun-0]|TX|1235/6|A02.340
00000000|MMI|7.84|Doctor of Medicine|C1512018|[inpr]|["M.D."-tx-29-"M.D"-noun-0,"M.D."-tx-27-"M.D"-noun-0]|TX|2700/3;2612/3|
00000000|MMI|7.49|Performed|C0884358|[ftcn]|["Performed"-tx-15-"performed"-verb-0,"Performed"-tx-6-"performed"-verb-0]|TX|1571/9;707/9|
00000000|MMI|7.49|Then|C1883708|[tmco]|["Then"-tx-11-"then"-adv-0,"Then"-tx-3-"then"-adv-0]|TX|1184/4;414/4|
00000000|MMI|7.45|Addendum|C1510776|[inpr]|["Addendum"-tx-2-"addendum"-noun-0,"Addendum"-tx-1-"ADDENDUM"-noun-0]|TX|213/8;164/8|
00000000|MMI|7.40|Atelectasis Adverse Event|C1962948|[fndg]|["Atelectasis"-tx-19-"atelectasis"-noun-0,"Atelectasis"-tx-6-"atelectasis"-noun-0]|TX|1930/11;735/11|
00000000|MMI|7.27|Count of entities|C0449788|[qnco]|["Number"-tx-14-"number"-noun-0,"Number"-tx-3-"number"-noun-0]|TX|1410/6;299/6|
00000000|MMI|7.27|Numbers|C0237753|[qnco]|["*Number"-tx-14-"number"-noun-0,"*Number"-tx-3-"number"-noun-0]|TX|1410/6;299/6|
00000000|MMI|7.17|Discharge to home|C0184713|[topp]|["Discharge home"-tx-25-"discharged home"-noun-0,"Discharge home"-tx-21-"discharged home"-noun-0]|TX|2484/15;2202/15|
00000000|MMI|7.16|Evidence|C3887511|[idcn]|["Evidence"-tx-7-"evidence"-noun-0,"Evidence"-tx-5-"evidence"-noun-0]|TX|801/8;630/8|
00000000|MMI|7.16|dictated - DocumentCompletion|C1609990|[idcn]|["Dictated"-tx-28-"Dictated"-noun-0,"Dictated"-tx-2-"dictated"-verb-0]|TX|2672/8;256/8|
00000000|MMI|7.16|dictated - ParticipationMode|C1548384|[ftcn]|["dictated"-tx-28-"Dictated"-noun-0,"dictated"-tx-2-"dictated"-verb-0]|TX|2672/8;256/8|
00000000|MMI|7.08|Due|C3146286|[idcn]|["Due"-tx-27-"DUE"-adj-0,"Due"-tx-24-"Due"-adj-0]|TX|2606/3;2442/3|
00000000|MMI|7.08|Due to|C0678226|[ftcn]|["due"-tx-27-"DUE"-adj-0,"due"-tx-24-"Due"-adj-0]|TX|2606/3;2442/3|
00000000|MMI|7.06|Stable Disease|C0677946|[fndg]|["Stable condition"-tx-25-"stable condition"-noun-0,"Stable condition"-tx-21-"stable condition"-noun-0]|TX|2503/16;2254/16|
00000000|MMI|7.06|Stable chronic Graft vs Host Disease|C3538874|[fndg]|["Stable condition"-tx-25-"stable condition"-noun-0,"Stable condition"-tx-21-"stable condition"-noun-0]|TX|2503/16;2254/16|
00000000|MMI|7.04|Only - dosing instruction fragment|C1720467|[inpr]|["Only"-tx-19-"only"-adv-0,"Only"-tx-6-"only"-adv-0]|TX|1925/4;730/4|
00000000|MMI|7.04|Singular|C0205171|[qnco]|["Only"-tx-19-"only"-adv-0,"Only"-tx-6-"only"-adv-0]|TX|1925/4;730/4|
00000000|MMI|7.03|Body Fluid Discharge|C0012621|[bdsu]|["Discharge"-tx-3-"discharge"-noun-0,"Discharge"-tx-2-"discharge"-noun-0]|TX|351/9;238/9|
00000000|MMI|7.03|Discharge, body substance|C2926602|[bdsu]|["Discharge"-tx-3-"discharge"-noun-0,"Discharge"-tx-2-"discharge"-noun-0]|TX|351/9;238/9|
00000000|MMI|6.97|Signature|C1519316|[inpr]|["Signed"-tx-1-"Signed"-noun-0]|TX|[85/6],[141/6]|
00000000|MMI|6.97|signed - ParticipationSignature|C1561610|[inpr]|["signed"-tx-1-"Signed"-noun-0]|TX|[85/6],[141/6]|
00000000|MMI|6.96|Discharge summarization note:Finding:Point in time:{Setting}:Document:{Provider}|C0801840|[clna]|["Discharge summary"-tx-2-"discharge summary"-noun-0,"Discharge summary"-tx-1-"Discharge Summary"-noun-0]|TX|238/17;65/17|
00000000|MMI|6.96|Discharge summary|C0743221|[inpr]|["Discharge summary"-tx-2-"discharge summary"-noun-0,"Discharge summary"-tx-1-"Discharge Summary"-noun-0]|TX|238/17;65/17|
00000000|MMI|6.90|10%|C3842590|[fndg]|["10%"-tx-28-"10"-fraction-0,"10%"-tx-4-"10"-integer-0]|TX|2663/2;532/2|
00000000|MMI|6.83|Body Fluids|C0005889|[bdsu]|["FLUID"-tx-10-"fluid"-noun-0]|TX|1151/5|A12.207
00000000|MMI|6.79|Woman|C0043210|[popg]|["WOMAN"-tx-8-"woman"-noun-0]|TX|892/5|M01.975
00000000|MMI|5.18|Contain (action)|C2700400|[acty]|["Containing"-tx-10-"containing"-verb-0]|TX|1119/10|
00000000|MMI|5.18|Containing (qualifier)|C0332256|[ftcn]|["Containing"-tx-10-"containing"-verb-0]|TX|1119/10|
00000000|MMI|5.18|Continuous|C0549178|[idcn]|["Continued"-tx-15-"continued"-verb-0]|TX|1614/9|
00000000|MMI|5.18|Cranial incision point|C2338258|[blor]|["Incision"-tx-13-"incision"-noun-0]|TX|1319/8|
00000000|MMI|5.18|Detached|C0687118|[ftcn]|["Separated"-tx-10-"separated"-verb-0]|TX|1094/9|
00000000|MMI|5.18|Entire fascia|C1279051|[bpoc]|["Fascia"-tx-12-"fascia"-noun-0]|TX|1235/6|
00000000|MMI|5.18|Examined|C0332128|[fndg]|["Examined"-tx-9-"examined"-verb-0]|TX|993/8|
00000000|MMI|5.18|Extended|C0231449|[spco]|["Extended"-tx-11-"extended"-verb-0]|TX|1209/8|
00000000|MMI|5.18|Extension|C0231448|[ftcn]|["Extended"-tx-11-"extended"-verb-0]|TX|1209/8|
00000000|MMI|5.18|Extent|C0439792|[spco]|["extended"-tx-11-"extended"-verb-0]|TX|1209/8|
00000000|MMI|5.18|Heat (physical force)|C0018837|[npop]|["Heat"-tx-10-"heat"-noun-0]|TX|1029/4|
00000000|MMI|5.18|Including (qualifier)|C0332257|[ftcn]|["included"-tx-4-"included"-verb-0]|TX|468/8|
00000000|MMI|5.18|Insertion of pack (procedure)|C0184967|[topp]|["Packed"-tx-14-"packed"-verb-0]|TX|1467/6|
00000000|MMI|5.18|Pack unit|C2825051|[drdd]|["Packed"-tx-14-"packed"-verb-0]|TX|1467/6|
00000000|MMI|5.18|Penrose drain|C0182204|[medd]|["Penrose drain"-tx-13-"Penrose drain"-noun-0]|TX|1267/13|
00000000|MMI|5.18|Plain chest X-ray|C0039985|[diap]|["Chest X-ray"-tx-6-"chest x-ray"-noun-0]|TX|695/11|
00000000|MMI|5.18|Probably|C0750492|[idcn]|["Probably"-tx-20-"probably"-adv-0]|TX|2126/8|
00000000|MMI|5.18|Receive|C1514756|[qlco]|["RECEIVED"-tx-19-"received"-verb-0]|TX|1986/8|
00000000|MMI|5.18|Renal angle tenderness|C0235634|[sosy]|["CVA tenderness"-tx-5-"CVA tenderness"-noun-1]|TX|669/14|
00000000|MMI|5.18|Revealed|C0443289|[qlco]|["Revealed"-tx-16-"revealed"-verb-0]|TX|1685/8|
00000000|MMI|5.18|See|C1947903|[acty]|["See"-tx-1-"see"-verb-0]|TX|181/3|
00000000|MMI|5.18|Separate|C0443299|[qlco]|["separated"-tx-10-"separated"-verb-0]|TX|1094/9|
00000000|MMI|5.18|Separated from cohabitee|C0086972|[fndg]|["Separated"-tx-10-"separated"-verb-0]|TX|1094/9|
00000000|MMI|5.18|Seroma Adverse Event|C1963233|[fndg]|["Seroma"-tx-10-"seroma"-noun-0]|TX|1112/6|
00000000|MMI|5.18|Surgical incisions|C0184898|[topp]|["Incision"-tx-13-"incision"-noun-0]|TX|1319/8|
00000000|MMI|5.18|Surgical wound|C0332803|[inpo]|["Incision"-tx-13-"incision"-noun-0]|TX|1319/8|
00000000|MMI|5.18|Views:Finding:Point in time:Chest:Narrative:XR|C1114557|[clna]|["Chest X-ray"-tx-6-"chest x-ray"-noun-0]|TX|695/11|
00000000|MMI|5.18|Vigorously|C1690553|[qlco]|["Vigorously"-tx-19-"vigorously"-adv-0]|TX|1961/10|
00000000|MMI|5.18|Wound care management|C1272654|[topp]|["Wound Care"-tx-22-"wound care"-noun-0]|TX|2376/10|
00000000|MMI|5.18|allowing|C0683607|[socb]|["allow"-tx-13-"allow"-verb-0]|TX|1331/5|
00000000|MMI|5.18|wound care|C0886052|[topp]|["Wound care"-tx-22-"wound care"-noun-0]|TX|2376/10|
00000000|MMI|5.18|wound culture|C0855657|[lbpr]|["wound culture"-tx-16-"Wound culture"-noun-0]|TX|1671/13|
00000000|MMI|4.12|blood culture negative|C0852859|[lbtr]|["negative blood culture"-tx-4-"negative blood cultures"-noun-0]|TX|477/23|
00000000|MMI|3.98|Ambulate|C4036205|[fndg]|["Ambulate"-tx-19-"ambulated"-verb-0]|TX|1972/9|
00000000|MMI|3.98|Chemical Probe|C2347609|[chvf]|["Probe"-tx-11-"probed"-verb-0]|TX|1196/6|
00000000|MMI|3.98|Probe Device Component|C3536729|[mnob]|["Probe"-tx-11-"probed"-verb-0]|TX|1196/6|
00000000|MMI|3.98|Probes|C0182400|[medd]|["PROBE"-tx-11-"probed"-verb-0]|TX|1196/6|
00000000|MMI|3.98|probe gene fragment|C1704681|[gngm]|["Probe"-tx-11-"probed"-verb-0]|TX|1196/6|
00000000|MMI|3.81|Chest Physical Therapy|C2064714|[topp]|["Chest Physical Therapy"-tx-19-"chest physical therapy"-noun-0]|TX|2000/22|
00000000|MMI|3.78|albuterol treatment|C0740857|[topp]|["albuterol treatment"-tx-19-"Albuterol treatment"-noun-0]|TX|2029/9,2049/9|
00000000|MMI|3.75|Discharge date|C2361123|[tmco]|["Discharge date"-tx-1-"Discharge Date"-noun-0]|TX|148/14|
00000000|MMI|3.75|Discharge date:Time Stamp -- Date and Time:Point in time:^Patient:Quantitative|C2361122|[clna]|["Discharge date"-tx-1-"Discharge Date"-noun-0]|TX|148/14|
00000000|MMI|3.69|Dressing change|C0085671|[topp]|["Dressing change"-tx-22-"dressing changes"-noun-0]|TX|2355/16|
00000000|MMI|3.68|AMBP gene|C1412376|[gngm]|["UTI"-tx-17-"UTI"-noun-0]|TX|1786/3|
00000000|MMI|3.68|Closure by staple|C0185012|[topp]|["Staples"-tx-9-"staples"-noun-0]|TX|942/7|
00000000|MMI|3.68|Diastasis|C0036679|[patf]|["Separation"-tx-25-"separation"-noun-0]|TX|2572/10|
00000000|MMI|3.68|Fluid behavior|C0444611|[qlco]|["Fluid"-tx-10-"fluid"-noun-0]|TX|1151/5|
00000000|MMI|3.68|Gender Status - Intact|C1554187|[fndg]|["Intact"-tx-12-"intact"-adj-0]|TX|1257/6|
00000000|MMI|3.68|Intact|C0205266|[qlco]|["Intact"-tx-12-"intact"-adj-0]|TX|1257/6|
00000000|MMI|3.68|Liquid substance|C0302908|[sbst]|["fluid"-tx-10-"fluid"-noun-0]|TX|1151/5|
00000000|MMI|3.68|Marital separation|C0237868|[socb]|["Separation"-tx-25-"separation"-noun-0]|TX|2572/10|
00000000|MMI|3.68|Medical Device Material Separation|C1881713|[phpr]|["Separation"-tx-25-"separation"-noun-0]|TX|2572/10|
00000000|MMI|3.68|Regulatory Report|C3273238|[inpr]|["Report"-tx-28-"Report"-noun-0]|TX|2644/6|
00000000|MMI|3.68|Report (document)|C0684224|[inpr]|["Report"-tx-28-"Report"-noun-0]|TX|2644/6|
00000000|MMI|3.68|Reporting|C0700287|[hlca]|["Report"-tx-28-"Report"-noun-0]|TX|2644/6|
00000000|MMI|3.68|film (photographic)|C0086296|[mnob]|["film"-tx-19-"film"-noun-0]|TX|1913/4|
00000000|MMI|3.68|film - layer|C1561572|[sbst]|["film"-tx-19-"film"-noun-0]|TX|1913/4|
00000000|MMI|3.68|fluid - substance|C1704353|[sbst]|["Fluid"-tx-10-"fluid"-noun-0]|TX|1151/5|
00000000|MMI|3.65|Examination of the extremities (procedure)|C0436150|[diap]|["Examination of the extremities"-tx-7-"examination of the extremity"-noun-0]|TX|756/18,781/9|
00000000|MMI|3.65|Report status|C0586177|[fndg]|["Report status"-tx-1-"Report Status"-noun-0]|TX|126/13|
00000000|MMI|3.64|10 - 12|C3843787|[fndg]|["10 - 12"-tx-1-"10 12"-fraction-0]|TX|40/2,51/2|
00000000|MMI|3.63|Admission date:Time Stamp -- Date and Time:Point in time:^Patient:Quantitative|C2598112|[clna]|["Admission date"-tx-1-"Admission Date"-noun-0]|TX|100/14|
00000000|MMI|3.63|Date of admission|C1302393|[tmco]|["Admission date"-tx-1-"Admission Date"-noun-0]|TX|100/14|
00000000|MMI|3.63|Hospital environment|C1510665|[qlco]|["Hospital"-tx-3-"Hospital"-noun-0]|TX|379/8|
00000000|MMI|3.63|Negative|C0205160|[qlco]|["Negative"-tx-16-"negative"-noun-0]|TX|1719/8|
00000000|MMI|3.63|Negative - answer|C3853545|[qlco]|["Negative"-tx-16-"negative"-noun-0]|TX|1719/8|
00000000|MMI|3.63|Negative Charge|C2825491|[qlco]|["Negative"-tx-16-"negative"-noun-0]|TX|1719/8|
00000000|MMI|3.63|Negative Finding|C1513916|[fndg]|["NEGATIVE"-tx-16-"negative"-noun-0]|TX|1719/8|
00000000|MMI|3.63|Negative Number|C2825415|[cnce]|["Negative"-tx-16-"negative"-noun-0]|TX|1719/8|
00000000|MMI|3.63|work up|C0750430|[diap]|["Work-up"-tx-4-"workup"-noun-0]|TX|446/6|
00000000|MMI|3.61|Batch (Response Modality)|C1550176|[inpr]|["Batch"-tx-28-"Batch"-noun-0]|TX|2632/5|
00000000|MMI|3.61|Batch (group)|C1948031|[qnco]|["Batch"-tx-28-"Batch"-noun-0]|TX|2632/5|
00000000|MMI|3.61|Batch Number|C3641829|[inpr]|["BATCH"-tx-28-"Batch"-noun-0]|TX|2632/5|
00000000|MMI|3.61|Eight|C0205454|[qnco]|["Eight"-tx-14-"eight"-word_numeral-0]|TX|1417/5|
00000000|MMI|3.61|Five|C0205451|[qnco]|["Five"-tx-3-"five"-word_numeral-0]|TX|306/4|
00000000|MMI|3.60|Changed status|C0443172|[qnco]|["changes"-tx-15-"changes"-noun-0]|TX|1558/7|
00000000|MMI|3.60|Changing|C0392747|[ftcn]|["changes"-tx-15-"changes"-noun-0]|TX|1558/7|
00000000|MMI|3.59|Pyrexia of unknown origin (excl puerperal)|C0856281|[sosy]|["puo"-tx-1-"PUO"-noun-0]|TX|12/3|
00000000|MMI|3.59|Associated with|C0332281|[qlco]|["Associated with"-tx-20-"associated with"-verb-0]|TX|2135/15|
00000000|MMI|3.59|Hydrogen Peroxide Sterilization|C3814447|[acty]|["Hydrogen Peroxide"-tx-14-"hydrogen peroxide"-noun-0]|TX|1519/17|
00000000|MMI|3.59|Prepared|C4082130|[fndg]|["Prepared"-tx-3-"prepared"-verb-0]|TX|338/8|
00000000|MMI|3.58|Consistent with|C0332290|[idcn]|["Consistent with"-tx-4-"consistent with"-adj-0]|TX|553/15|
00000000|MMI|3.57|Apply|C4048755|[ftcn]|["Applied"-tx-10-"applied"-verb-0]|TX|1043/7|
00000000|MMI|3.57|Delayed Release Dosage Form|C1707664|[bodm]|["DR"-tx-23-"Dr"-noun-0]|TX|2430/2|
00000000|MMI|3.57|Device to Subject Relationship Domain|C3540849|[inpr]|["DR"-tx-23-"Dr"-noun-0]|TX|2430/2|
00000000|MMI|3.57|Doctor - Title|C2348314|[cnce]|["Dr."-tx-23-"Dr"-noun-0]|TX|2430/2|
00000000|MMI|3.57|Gauzes|C0590323|[medd]|["GAUZE"-tx-14-"Gauze"-noun-0]|TX|1489/5|
00000000|MMI|3.57|Greek letter nu|C0439100|[inpr]|["Nu"-tx-14-"Nu"-noun-0]|TX|1486/2|
00000000|MMI|3.57|Open|C0175566|[spco]|["Opening"-tx-13-"opening"-noun-0]|TX|1304/7|
00000000|MMI|3.57|Opening|C1882151|[spco]|["Opening"-tx-13-"opening"-noun-0]|TX|1304/7|
00000000|MMI|3.57|Oral|C0442027|[spco]|["Oral"-tx-17-"oral"-adj-0]|TX|1753/4|
00000000|MMI|3.57|PSMA1 gene|C1419003|[gngm]|["NU"-tx-14-"Nu"-noun-0]|TX|1486/2|
00000000|MMI|3.57|Started|C1272689|[qlco]|["Started"-tx-17-"started"-verb-0]|TX|1742/7|
00000000|MMI|3.56|adverse effect due to surgery|C0221082|[fndg]|["Surgical complication"-tx-25-"complication surgery"-noun-0]|TX|2534/12,2554/7|
00000000|MMI|3.56|Apyrexial|C0277797|[fndg]|["Afebrile"-tx-18-"afebrile"-adj-0]|TX|1810/8|
00000000|MMI|3.56|Cleaning (activity)|C1947930|[acty]|["Clean"-tx-15-"clean"-adj-0]|TX|1634/5|
00000000|MMI|3.56|Stat (do immediately)|C0205548|[tmco]|["Immediately"-tx-18-"immediately"-adv-0]|TX|1819/11|
00000000|MMI|3.55|Area|C0205146|[spco]|["AREA"-tx-10-"area"-noun-0]|TX|1076/4|
00000000|MMI|3.55|Geographic Locations|C0017446|[geoa]|["Area"-tx-10-"area"-noun-0]|TX|1076/4|Z01
00000000|MMI|3.55|Half|C2825407|[qnco]|["Half"-tx-14-"half"-adv-0]|TX|1505/4|
00000000|MMI|3.55|Pharmaceutical Strength|C1705922|[qnco]|["Strength"-tx-14-"strength"-noun-0]|TX|1510/8|
00000000|MMI|3.55|Physical Strength|C0237897|[qnco]|["Strength"-tx-14-"strength"-noun-0]|TX|1510/8|
00000000|MMI|3.55|Positive|C1446409|[qlco]|["Positive"-tx-4-"positive"-noun-0]|TX|519/8|
00000000|MMI|3.55|Positive Charge|C2825490|[qlco]|["Positive"-tx-4-"positive"-noun-0]|TX|519/8|
00000000|MMI|3.55|Positive Finding|C1514241|[fndg]|["POSITIVE"-tx-4-"positive"-noun-0]|TX|519/8|
00000000|MMI|3.55|Positive Number|C3812269|[cnce]|["Positive"-tx-4-"positive"-noun-0]|TX|519/8|
00000000|MMI|3.55|STRENGTH (attribute)|C0808080|[idcn]|["Strength"-tx-14-"strength"-noun-0]|TX|1510/8|
00000000|MMI|3.55|Soaking Procedure|C0204774|[topp]|["soaked"-tx-14-"soaked"-verb-0]|TX|1495/6|
00000000|MMI|3.55|Source|C0449416|[fndg]|["Source"-tx-8-"source"-noun-0]|TX|853/6|
00000000|MMI|3.55|Term Source|C1705919|[inpr]|["Source"-tx-8-"source"-noun-0]|TX|853/6|
00000000|MMI|3.55|percent positive cells|C0439178|[qnco]|["% Positive"-tx-4-"positive"-noun-0]|TX|519/8|
00000000|MMI|3.55|Chemical Association|C0596306|[phpr]|["Association"-tx-22-"Association"-noun-0]|TX|2329/11|
00000000|MMI|3.55|Recognition of Outliers by Sampling Ends|C4050365|[resa]|["ROSE"-tx-20-"rose"-noun-0]|TX|2096/4|
00000000|MMI|3.55|Relationship by association|C0699792|[socb]|["association"-tx-22-"Association"-noun-0]|TX|2329/11|
00000000|MMI|3.55|Relationships|C0439849|[qlco]|["Association"-tx-22-"Association"-noun-0]|TX|2329/11|
00000000|MMI|3.55|Rose extract|C0995005|[phsu]|["ROSE"-tx-20-"rose"-noun-0]|TX|2096/4|
00000000|MMI|3.54|Place|C0442504|[spco]|["Place"-tx-13-"placed"-verb-0]|TX|1285/6|
00000000|MMI|3.54|Place - dosing instruction imperative|C1704765|[ftcn]|["Place"-tx-13-"placed"-verb-0]|TX|1285/6|
00000000|MMI|3.54|put - instruction imperative|C1882509|[acty]|["Place"-tx-13-"placed"-verb-0]|TX|1285/6|
00000000|MMI|3.50|Anterior thoracic region|C1527391|[blor]|["Chest"-tx-19-"chest"-noun-0]|TX|1907/5|
00000000|MMI|3.50|Before|C0332152|[tmco]|["Prior"-tx-1-"prior"-adj-0]|TX|185/5|
00000000|MMI|3.50|Prior Medication Usage|C2826257|[evnt]|["PRIOR"-tx-1-"prior"-adj-0]|TX|185/5|
00000000|MMI|3.50|Serosanguineous|C0439684|[qlco]|["Serosanguinous"-tx-10-"serosanguineous"-adj-0]|TX|1135/15|
00000000|MMI|3.49|Dry dressing, device|C3494912|[medd]|["Dry dressing"-tx-15-"dry dressing"-noun-0]|TX|1545/12|
00000000|MMI|3.48|Compleat Liquid Nutrition|C0725685|[food]|["COMPLEAT"-tx-4-"complete"-adj-0]|TX|431/8|
00000000|MMI|3.48|Data operation - complete|C3853530|[ftcn]|["complete"-tx-4-"complete"-adj-0]|TX|431/8|
00000000|MMI|3.48|Frequently|C0332183|[tmco]|["Frequent"-tx-22-"frequent"-adj-0]|TX|2346/8|
00000000|MMI|3.48|nebulized - CHV concept|C2979938|[ftcn]|["nebulized"-tx-19-"nebulized"-adj-0]|TX|2039/9|
00000000|MMI|3.48|nebulized Administration Method|C1549541|[ftcn]|["Nebulized"-tx-19-"nebulized"-adj-0]|TX|2039/9|
00000000|MMI|3.48|nebulized body site|C1549531|[blor]|["Nebulized"-tx-19-"nebulized"-adj-0]|TX|2039/9|
00000000|MMI|3.47|Urine for culture|C0430404|[lbpr]|["Urine for culture"-tx-4-"urine culture for"-noun-0]|TX|505/13,528/3|
00000000|MMI|3.47|Recurrent urinary tract infection|C0262655|[dsyn]|["Urinary tract infection"-tx-4-"urinary tract infection"-noun-0]|TX|576/23|
00000000|MMI|3.47|More|C0205172|[ftcn]|["More"-tx-19-"more"-adv-0]|TX|1995/4|
00000000|MMI|3.46|30%|C3842588|[fndg]|["30%"-tx-1-"30"-fraction-0]|TX|118/2|
00000000|MMI|3.46|4+ Answer to question|C3838679|[fndg]|["4+"-tx-1-"4"-fraction-0]|TX|116/1|
00000000|MMI|3.46|Moist|C0205381|[qlco]|["Wet"-tx-15-"Wet"-noun-0]|TX|1538/3|
00000000|MMI|3.46|Diagnostic interview schedule|C0451119|[inpr]|["DIS"-tx-1-"DIS"-noun-0]|TX|94/3|
00000000|MMI|3.46|Discontinued|C1444662|[fndg]|["DIS"-tx-1-"DIS"-noun-0]|TX|94/3|
00000000|MMI|3.45|most likely|C0750501|[idcn]|["most likely"-tx-8-"most likely"-adj-0]|TX|841/11|
00000000|MMI|3.44|previous summary|C1552609|[inpr]|["previous summary"-tx-2-"previous summary"-noun-0]|TX|229/8,248/7|
00000000|MMI|3.44|Patient Class - Outpatient|C1549405|[clas]|["Outpatient"-tx-24-"outpatient"-noun-0]|TX|2452/10|
00000000|MMI|3.44|Referral category - Outpatient|C1548439|[idcn]|["Outpatient"-tx-24-"outpatient"-noun-0]|TX|2452/10|
00000000|MMI|3.43|Body tissue|C0040300|[tisu]|["TISSUE"-tx-15-"tissue"-noun-0]|TX|1663/6|A10
00000000|MMI|3.43|Healthy|C3898900|[qlco]|["Healthy"-tx-15-"healthy"-adj-0]|TX|1645/7|
00000000|MMI|3.43|Tissue Specimen Code|C1547928|[inpr]|["Tissue"-tx-15-"tissue"-noun-0]|TX|1663/6|
00000000|MMI|3.43|Body Site Modifier - Lower|C1548802|[blor]|["Lower"-tx-7-"lower"-noun-0]|TX|775/5|
00000000|MMI|3.43|Depth|C0205125|[spco]|["DEEP"-tx-7-"deep"-noun-0]|TX|813/4|
00000000|MMI|3.43|Further|C1517331|[spco]|["Further"-tx-18-"further"-adj-0]|TX|1866/7|
00000000|MMI|3.43|Lower (action)|C2003888|[acty]|["Lower"-tx-7-"lower"-noun-0]|TX|775/5|
00000000|MMI|3.43|Lower - spatial qualifier|C0441994|[spco]|["LOWER"-tx-7-"lower"-noun-0]|TX|775/5|
00000000|MMI|3.43|One|C0205447|[qnco]|["ONE"-tx-10-"one"-noun-0]|TX|1066/3|
00000000|MMI|3.43|Small|C0700321|[qnco]|["SMALL"-tx-10-"small"-adj-0]|TX|1070/5|
00000000|MMI|3.42|Act Relationship Subset - previous|C1552607|[tmco]|["previous"-tx-2-"previous"-adj-0]|TX|229/8|
00000000|MMI|3.42|Caucasians|C0043157|[popg]|["WHITE"-tx-20-"white"-noun-0]|TX|2084/5|
00000000|MMI|3.42|Count|C0750480|[qnco]|["Count"-tx-20-"count"-noun-0]|TX|2090/5|
