00000000|MMI|126.45|Togo|C0040363|[geoa]|["TO"-tx-40-"to"-adv-0,"TO"-tx-37-"to"-adv-0,"TO"-tx-34-"to"-adv-0,"TO"-tx-30-"to"-adv-0,"TO"-tx-29-"to"-adv-0,"TO"-tx-28-"to"-adv-0,"TO"-tx-26-"to"-adv-0]|TX|3024/2;2821/2;2713/2;2399/2;2253/2;2119/2;1915/2|Z01.058.290.190.800
00000000|MMI|126.45|Tryptophanase|C0041260|[aapp,enzy]|["TO"-tx-40-"to"-adv-0,"TO"-tx-37-"to"-adv-0,"TO"-tx-34-"to"-adv-0,"TO"-tx-30-"to"-adv-0,"TO"-tx-29-"to"-adv-0,"TO"-tx-28-"to"-adv-0,"TO"-tx-26-"to"-adv-0]|TX|3024/2;2821/2;2713/2;2399/2;2253/2;2119/2;1915/2|D08.811.520.224.800
00000000|MMI|78.69|Patients|C0030705|[podg]|["*^patient"-tx-40-"patient"-noun-0,"*^patient"-tx-37-"patient"-noun-0,"*^patient"-tx-34-"patient"-noun-0,"*^patient"-tx-28-"patient"-noun-0,"*^patient"-tx-26-"patient"-noun-0,"*^patient"-tx-25-"patient"-noun-0,"*^patient"-tx-5-"patient's"-noun-0,"*^patient"-tx-4-"patient"-noun-0,"*^patient"-tx-3-"patient"-noun-0]|TX|2954/7;2798/7;2690/7;2038/7;1853/7;1739/7;688/9;485/7;384/7|M01.643
00000000|MMI|49.04|Dominican Republic|C0013014|[geoa]|["DR"-tx-38-"Dr"-noun-0,"DR"-tx-34-"Dr"-noun-0,"DR"-tx-30-"Dr"-noun-0]|TX|2897/2;2731/2;2417/2|Z01.107.084.900.300;Z01.639.880.300
00000000|MMI|44.06|Abortion consent:Finding:Point in time:^Patient:Document|C2360836|[clna]|["Patient"-tx-40-"patient"-noun-0,"Patient"-tx-37-"patient"-noun-0,"Patient"-tx-34-"patient"-noun-0,"Patient"-tx-28-"patient"-noun-0,"Patient"-tx-26-"patient"-noun-0,"Patient"-tx-25-"patient"-noun-0,"Patient"-tx-5-"patient's"-noun-0,"Patient"-tx-4-"patient"-noun-0,"Patient"-tx-3-"patient"-noun-0]|TX|2954/7;2798/7;2690/7;2038/7;1853/7;1739/7;688/9;485/7;384/7|
00000000|MMI|44.06|Hysterectomy consent:Finding:Point in time:^Patient:Document|C2360838|[clna]|["Patient"-tx-40-"patient"-noun-0,"Patient"-tx-37-"patient"-noun-0,"Patient"-tx-34-"patient"-noun-0,"Patient"-tx-28-"patient"-noun-0,"Patient"-tx-26-"patient"-noun-0,"Patient"-tx-25-"patient"-noun-0,"Patient"-tx-5-"patient's"-noun-0,"Patient"-tx-4-"patient"-noun-0,"Patient"-tx-3-"patient"-noun-0]|TX|2954/7;2798/7;2690/7;2038/7;1853/7;1739/7;688/9;485/7;384/7|
00000000|MMI|44.06|Sterilization consent:Finding:Point in time:^Patient:Document|C2360840|[clna]|["Patient"-tx-40-"patient"-noun-0,"Patient"-tx-37-"patient"-noun-0,"Patient"-tx-34-"patient"-noun-0,"Patient"-tx-28-"patient"-noun-0,"Patient"-tx-26-"patient"-noun-0,"Patient"-tx-25-"patient"-noun-0,"Patient"-tx-5-"patient's"-noun-0,"Patient"-tx-4-"patient"-noun-0,"Patient"-tx-3-"patient"-noun-0]|TX|2954/7;2798/7;2690/7;2038/7;1853/7;1739/7;688/9;485/7;384/7|
00000000|MMI|39.43|Physicians|C0031831|[prog]|["DR"-tx-38-"Dr"-noun-0,"DR"-tx-34-"Dr"-noun-0,"DR"-tx-30-"Dr"-noun-0]|TX|2897/2;2731/2;2417/2|M01.526.485.810;N02.360.810
00000000|MMI|38.82|Patient Discharge|C0030685|[hlca]|["Discharge"-tx-33-"DISCHARGE"-noun-0,"Discharged"-tx-29-"discharged"-verb-0]|TX|2643/9;2206/10|E02.204.125;E02.760.400.610;N02.421.192.125;N02.421.585.400.610;N04.590.233.727.210.125
00000000|MMI|35.81|Acute Cholecystitis|C0149520|[dsyn]|["Acute Cholecystitis"-tx-25-"Acute cholecystitis"-noun-0,"Acute Cholecystitis"-tx-2-"acute cholecystitis"-noun-0]|TX|1714/19;359/19|C06.130.564.263.500
00000000|MMI|33.00|Abdominal Pain|C0000737|[sosy]|["ABDOMINAL PAIN"-tx-3-"abdominal pain"-noun-0,"ABDOMINAL PAIN"-tx-1-"Abdominal pain"-noun-0]|TX|407/14;235/14|C10.597.617.044;C23.888.592.612.054;C23.888.821.030
00000000|MMI|29.46|Vomiting|C0042963|[sosy]|["VOMITING"-tx-29-"vomiting"-verb-0,"VOMITING"-tx-3-"vomiting"-verb-0]|TX|2330/8;447/8|C23.888.821.937
00000000|MMI|28.24|To|C1883351|[qlco]|["To"-tx-40-"to"-adv-0,"To"-tx-37-"to"-adv-0,"To"-tx-34-"to"-adv-0,"To"-tx-30-"to"-adv-0,"To"-tx-29-"to"-adv-0,"To"-tx-28-"to"-adv-0,"To"-tx-26-"to"-adv-0]|TX|3024/2;2821/2;2713/2;2399/2;2253/2;2119/2;1915/2|
00000000|MMI|28.01|Daily|C0332173|[tmco]|["Daily"-tx-32-"daily"-adv-0,"Daily"-tx-12-"daily"-adv-0]|TX|[2542/5],[2570/5],[2609/5],[2636/5];[884/5],[923/5],[949/5]|
00000000|MMI|26.28|Mongolia|C0026410|[geoa]|["MG"-tx-32-"mg"-noun-0,"MG"-tx-12-"mg"-noun-0]|TX|2628/2;941/2|Z01.252.474.651
00000000|MMI|24.11|X-Ray Computed Tomography|C0040405|[diap]|["CT SCAN"-tx-5-"CT scan"-noun-0]|TX|591/7|E01.370.350.350.810;E01.370.350.600.350.700.810;E01.370.350.700.700.810;E01.370.350.700.810.810;E01.370.350.825.810.810
00000000|MMI|20.95|Hypercholesterolemia|C0020443|[dsyn]|["HYPERCHOLESTEROLEMIA"-tx-9-"Hypercholesterolemia"-noun-0]|TX|775/20|C18.452.584.500.500.396
00000000|MMI|19.90|Internal medicine specialty|C0021782|[bmod]|["Internal medicine"-tx-4-"Internal Medicine"-noun-0,"Internal medicine"-tx-2-"Internal Medicine"-noun-0]|TX|524/17;329/17|H02.403.429
00000000|MMI|19.37|Nexium|C0939400|[orch,phsu]|["Nexium"-tx-12-"Nexium"-noun-0]|TX|931/6|D02.886.640.074.500.500;D03.383.725.024.500.500;D03.438.103.034.500.500
00000000|MMI|17.80|Diabetes Mellitus, Non-Insulin-Dependent|C0011860|[dsyn]|["Diabetes mellitus type 2"-tx-11-"Diabetes mellitus type 2"-noun-0]|TX|800/24|C18.452.394.750.149;C19.246.300
00000000|MMI|16.37|heart rate|C0018810|[clna]|["Heart Rate"-tx-14-"heart rate"-noun-0]|TX|1029/10|E01.370.600.875.500;G09.330.380.500
00000000|MMI|16.30|Blood Pressure|C0005823|[orgf]|["BLOOD PRESSURE"-tx-14-"blood pressure"-noun-0]|TX|1057/14|E01.370.600.875.249;G09.330.380.076
00000000|MMI|16.30|Pulse Rate|C0232117|[clna]|["PULSE"-tx-14-"pulse"-noun-0]|TX|1046/5|E01.370.600.875.500;G09.330.380.500
00000000|MMI|16.30|Systemic arterial pressure|C1272641|[fndg]|["Blood pressure"-tx-14-"blood pressure"-noun-0]|TX|1057/14|G09.330.380.076.347
00000000|MMI|16.25|Postoperative Period|C0032790|[tmco]|["Postoperative"-tx-27-"postoperative"-noun-0]|TX|1951/13|E04.614.750;N02.421.585.753.750
00000000|MMI|16.22|Lipitor|C0593906|[orch,phsu]|["Lipitor"-tx-32-"Lipitor"-noun-0]|TX|2617/7|D03.383.129.578.075;D10.251.450.200
00000000|MMI|16.12|Guaiac|C0018302|[irda,orch]|["GUAIAC"-tx-22-"Guaiac"-noun-0]|TX|1511/6|D20.215.721.500.490
00000000|MMI|16.12|Peritoneum|C0031153|[bpoc]|["Peritoneal"-tx-20-"peritoneal"-adj-0]|TX|1439/10|A01.923.047.025.600;A10.615.789.596
00000000|MMI|16.08|Hospital Stay|C3489408|[tmco]|["Hospital Stay"-tx-28-"hospital stay"-noun-0]|TX|2183/13|E02.760.400.480;N02.421.585.400.480
00000000|MMI|15.79|1+|C3816745|[fndg]|["1+"-tx-33-"1"-integer-0,"1+"-tx-24-"1"-integer-0,"1+"-tx-6-"1"-integer-0]|TX|2683/1;1711/1;755/1|
00000000|MMI|15.79|1+ Score|C2827734|[qnco]|["1+"-tx-33-"1"-integer-0,"1+"-tx-24-"1"-integer-0,"1+"-tx-6-"1"-integer-0]|TX|2683/1;1711/1;755/1|
00000000|MMI|15.79|1+ Score, WHO|C2981698|[clas]|["1+"-tx-33-"1"-integer-0,"1+"-tx-24-"1"-integer-0,"1+"-tx-6-"1"-integer-0]|TX|2683/1;1711/1;755/1|
00000000|MMI|15.08|Clinical Study Follow-up|C3274571|[hlca]|["FOLLOW-UP"-tx-37-"follow up"-adj-0,"FOLLOW-UP"-tx-34-"follow up"-adj-0,"FOLLOW-UP"-tx-33-"FOLLOWUP"-noun-0,"FOLLOW-UP"-tx-30-"follow up"-adj-0]|TX|2824/9;2716/9;2673/8;2402/9|
00000000|MMI|15.08|Follow-Up Report|C1704685|[inpr]|["Follow-Up"-tx-37-"follow up"-adj-0,"Follow-Up"-tx-34-"follow up"-adj-0,"Follow-Up"-tx-33-"FOLLOWUP"-noun-0,"Follow-Up"-tx-30-"follow up"-adj-0]|TX|2824/9;2716/9;2673/8;2402/9|
00000000|MMI|15.08|Follow-up status|C0589120|[fndg]|["Follow-up"-tx-37-"follow up"-adj-0,"Follow-up"-tx-34-"follow up"-adj-0,"Follow-up"-tx-33-"FOLLOWUP"-noun-0,"Follow-up"-tx-30-"follow up"-adj-0]|TX|2824/9;2716/9;2673/8;2402/9|
00000000|MMI|15.08|follow-up|C1522577|[hlca]|["Follow Up"-tx-37-"follow up"-adj-0,"Follow Up"-tx-34-"follow up"-adj-0,"Followup"-tx-33-"FOLLOWUP"-noun-0,"Follow Up"-tx-30-"follow up"-adj-0]|TX|2824/9;2716/9;2673/8;2402/9|
00000000|MMI|14.82|Positive|C1446409|[qlco]|["Positive"-tx-20-"positive"-adj-0,"rule"-tx-4-"rule"-noun-0,"rule"-tx-1-"RULE"-verb-0]|TX|[1379/8],[1412/8];579/4;65/4|
00000000|MMI|14.64|Abdominal Cavity|C0230168|[blor]|["Abdomen"-tx-20-"Abdomen"-noun-0]|TX|1296/7|A01.923.047.025
00000000|MMI|14.64|Cholecystitis|C0008325|[dsyn]|["Inflamed gallbladder"-tx-5-"inflamed gallbladder"-noun-0]|TX|643/20|C06.130.564.263
00000000|MMI|14.64|Diet|C0012155|[food]|["regular diet?"-tx-27-"regular diet"-noun-0]|TX|1995/12|G07.203.650.240
00000000|MMI|14.64|Dyspnea|C0013404|[sosy]|["SHORTNESS OF BREATH"-tx-3-"shortness of breath"-noun-0]|TX|460/19|C08.618.326;C23.888.852.371
00000000|MMI|14.64|Fever|C0015967|[fndg]|["FEVER"-tx-29-"fever"-noun-0]|TX|2322/5|C23.888.119.344
00000000|MMI|14.64|Nausea|C0027497|[sosy]|["NAUSEA"-tx-3-"nausea"-noun-0]|TX|438/6|C23.888.821.712
00000000|MMI|14.64|Needs|C0027552|[qlco]|["Needs"-tx-40-"needs"-verb-0]|TX|3018/5|N03.349.380.420;N05.300.450
00000000|MMI|14.64|Rales|C0034642|[sosy]|["Crackles"-tx-19-"crackles"-verb-1]|TX|1286/8|C23.888.852.779;E01.370.386.720;G09.772.775
00000000|MMI|14.64|Wheezing|C0043144|[sosy]|["Wheezes"-tx-19-"wheezes"-noun-1]|TX|1275/7|C23.888.852.779;E01.370.386.720;G09.772.775
00000000|MMI|13.14|Coughing|C0010200|[sosy]|["COUGH"-tx-29-"cough"-noun-0]|TX|2314/5|C08.618.248;C23.888.852.293
00000000|MMI|13.14|Diabetes Mellitus|C0011849|[dsyn]|["Diabetes"-tx-40-"diabetes"-noun-0]|TX|3005/8|C18.452.394.750;C19.246
00000000|MMI|13.14|Respiration|C0035203|[phsf]|["respirations"-tx-14-"respirations"-noun-0]|TX|1080/12|G09.772.770.755
00000000|MMI|13.07|Operating Room|C0029064|[hcro,mnob]|["OPERATING ROOM"-tx-25-"operating room"-noun-0]|TX|1764/14|N02.278.388.700
00000000|MMI|12.93|Myocardial Infarction|C0027051|[dsyn]|["Infarction, Myocardial"-tx-1-"MYOCARDIAL INFARCTION"-noun-1]|TX|74/21|C14.280.647.500;C14.907.585.500
00000000|MMI|12.90|Auscultation|C0004339|[diap]|["AUSCULTATION"-tx-18-"auscultation"-noun-0]|TX|1246/12|E01.370.600.060
00000000|MMI|11.49|Abdomen|C0000726|[blor]|["ABDOMEN"-tx-20-"Abdomen"-noun-0]|TX|1296/7|A01.923.047
00000000|MMI|11.49|Appointments|C0003629|[idcn]|["Appointment"-tx-38-"appointment"-noun-0]|TX|2867/11|N04.452.095
00000000|MMI|11.49|Clubbed Fingers|C0009080|[anab]|["Clubbing"-tx-21-"clubbing"-noun-1]|TX|1473/8|C05.116.758;C05.550.684
00000000|MMI|11.49|Complication Aspects|C1171258|[patf]|["complications"-tx-26-"complications"-noun-1]|TX|1831/13|x.x.x
00000000|MMI|11.49|Cyanosis|C0010520|[sosy]|["CYANOSIS"-tx-21-"cyanosis"-noun-1]|TX|1484/8|C23.888.248
00000000|MMI|11.49|Diagnostic Imaging|C0011923|[diap]|["Imaging"-tx-23-"IMAGING"-verb-0]|TX|1540/7|E01.370.350
00000000|MMI|11.49|Edema|C0013604|[fndg]|["OEDEMA"-tx-21-"edema"-noun-1]|TX|1496/5|C23.888.277
00000000|MMI|11.49|Heart murmur|C0018808|[fndg]|["murmurs"-tx-17-"murmurs"-noun-1]|TX|1217/7|C23.888.447
00000000|MMI|11.49|Hypertensive disease|C0020538|[dsyn]|["HYPERTENSION"-tx-7-"Hypertension"-noun-0]|TX|758/12|C14.907.489
00000000|MMI|11.49|Physical Examination|C0031809|[hlca]|["PHYSICAL EXAMINATION"-tx-14-"PHYSICAL EXAMINATION"-noun-0]|TX|992/20|E01.370.600
00000000|MMI|10.59|Delayed Release Dosage Form|C1707664|[bodm]|["DR"-tx-38-"Dr"-noun-0,"DR"-tx-34-"Dr"-noun-0,"DR"-tx-30-"Dr"-noun-0]|TX|2897/2;2731/2;2417/2|
00000000|MMI|10.59|Device to Subject Relationship Domain|C3540849|[inpr]|["DR"-tx-38-"Dr"-noun-0,"DR"-tx-34-"Dr"-noun-0,"DR"-tx-30-"Dr"-noun-0]|TX|2897/2;2731/2;2417/2|
00000000|MMI|10.59|Doctor - Title|C2348314|[cnce]|["Dr."-tx-38-"Dr"-noun-0,"Dr."-tx-34-"Dr"-noun-0,"Dr."-tx-30-"Dr"-noun-0]|TX|2897/2;2731/2;2417/2|
00000000|MMI|10.42|+2|C0740116|[qnco]|["+2"-tx-36-"2"-integer-0,"+2"-tx-8-"2"-integer-0]|TX|2791/1;772/1|
00000000|MMI|10.42|2+|C3833492|[fndg]|["2+"-tx-36-"2"-integer-0,"2+"-tx-8-"2"-integer-0]|TX|2791/1;772/1|
00000000|MMI|10.42|2+ Score|C2827735|[qnco]|["2+"-tx-36-"2"-integer-0,"2+"-tx-8-"2"-integer-0]|TX|2791/1;772/1|
00000000|MMI|10.42|2+ Score, WHO|C2981700|[clas]|["2+"-tx-36-"2"-integer-0,"2+"-tx-8-"2"-integer-0]|TX|2791/1;772/1|
00000000|MMI|10.42|Vomiting Adverse Event|C1963281|[patf]|["Vomiting"-tx-29-"vomiting"-verb-0,"Vomiting"-tx-3-"vomiting"-verb-0]|TX|2330/8;447/8|
00000000|MMI|10.06|Drug Allergy|C0013182|[dsyn]|["Drug Allergies"-tx-13-"drug allergies"-noun-1]|TX|976/14|C20.543.206;C25.100.468
00000000|MMI|9.92|Female|C0015780|[orga]|["FEMALE"-tx-2-"female"-noun-0]|TX|301/6|x.x.x
00000000|MMI|9.92|Females|C0086287|[popg]|["female"-tx-2-"female"-noun-0]|TX|301/6|x.x.x
00000000|MMI|9.92|Bile duct structure|C0005400|[bpoc]|["BILE DUCT"-tx-23-"bile duct"-noun-0]|TX|1650/9|A03.159.183
00000000|MMI|9.81|Outpatients|C0029921|[podg]|["Outpatient"-tx-12-"OUTPATIENT"-noun-0]|TX|840/10|M01.643.630
00000000|MMI|9.75|Hospitals|C0019994|[hcro,mnob]|["HOSPITAL"-tx-29-"hospital"-noun-0]|TX|2278/8|N02.278.421
00000000|MMI|8.34|Educational process of instructing|C0039401|[edac]|["Instruction"-tx-29-"instruction"-noun-0]|TX|2241/11|I02.903
00000000|MMI|8.34|Hypersensitivity|C0020517|[patf]|["Allergies"-tx-13-"ALLERGIES"-noun-0]|TX|956/9|C20.543
00000000|MMI|8.34|Limb structure|C0015385|[bpoc]|["Extremities"-tx-21-"Extremities"-noun-0]|TX|1457/11|A01.378
00000000|MMI|8.34|Lung|C0024109|[bpoc]|["pulmonary"-tx-18-"Pulmonary"-adj-0]|TX|1226/9|A04.411
00000000|MMI|8.28|Show|C1547282|[anim]|["Show"-tx-28-"show"-verb-0,"Show"-tx-5-"showed"-verb-0]|TX|2122/4;633/6|
00000000|MMI|7.61|Rule (guideline)|C0870077|[inpr]|["Rule"-tx-4-"rule"-noun-0,"Rule"-tx-1-"RULE"-verb-0]|TX|579/4;65/4|
00000000|MMI|7.61|derivation calculation|C0805874|[idcn]|["Rule"-tx-4-"rule"-noun-0,"Rule"-tx-1-"RULE"-verb-0]|TX|579/4;65/4|
00000000|MMI|7.53|Complication|C0009566|[patf]|["Complication"-tx-26-"complication"-noun-1,"Complications"-tx-26-"complications"-noun-1]|TX|1934/12;1831/13|
00000000|MMI|7.47|Obtain|C1301820|[ftcn]|["Obtained"-tx-28-"obtained"-verb-0,"Obtained"-tx-5-"obtained"-verb-0]|TX|2095/8;603/8|
00000000|MMI|7.44|Continuous|C0549178|[idcn]|["Continued"-tx-26-"continued"-verb-0,"ONGOING"-tx-5-"ongoing"-adj-0]|TX|1905/9;698/7|
00000000|MMI|7.40|Atenolol 50 MG|C0983889|[clnd]|["Atenolol 50 MG"-tx-32-"atenolol 50 mg"-noun-0,"Atenolol 50 MG"-tx-12-"Atenolol 50 mg"-noun-0]|TX|2550/14;864/14|
00000000|MMI|7.40|Checking (action)|C1283174|[acty]|["Check"-tx-35-"check"-noun-0,"Check"-tx-31-"check"-noun-0]|TX|2765/5;2458/5|
00000000|MMI|7.40|Cheque|C1555524|[mnob]|["Cheque"-tx-35-"check"-noun-0,"Cheque"-tx-31-"check"-noun-0]|TX|2765/5;2458/5|
00000000|MMI|7.40|Hydrochlorothiazide 25 MG|C0986526|[clnd]|["Hydrochlorothiazide 25 MG"-tx-32-"hydrochlorothiazide 25 mg"-noun-0,"Hydrochlorothiazide 25 MG"-tx-12-"hydrochlorothiazide 25 mg"-noun-0]|TX|2578/25;892/25|
00000000|MMI|7.36|Did not receive therapy or drug for|C0332155|[fndg]|["untreated"-tx-40-"untreated"-adj-0,"untreated"-tx-11-"untreated"-adj-0]|TX|2995/9;827/9|
00000000|MMI|7.33|Attending (action)|C1999232|[ftcn]|["attending"-tx-41-"Attending"-noun-0,"attending"-tx-1-"ATTENDING"-noun-0]|TX|3128/9;187/9|
00000000|MMI|7.33|Attending (provider role)|C1547429|[prog]|["Attending"-tx-41-"Attending"-noun-0,"Attending"-tx-1-"ATTENDING"-noun-0]|TX|3128/9;187/9|
00000000|MMI|7.32|Removal of staples|C0204864|[topp]|["staple removal"-tx-35-"staple removal"-noun-0,"staple removal"-tx-31-"staple removal"-noun-0]|TX|2775/14;2433/14|
00000000|MMI|7.31|3+ Answer to Question|C3838680|[fndg]|["3+"-tx-41-"3"-integer-0,"3+"-tx-10-"3"-integer-0]|TX|3079/1;797/1|
00000000|MMI|7.31|3+ Score|C2827736|[qnco]|["3+"-tx-41-"3"-integer-0,"3+"-tx-10-"3"-integer-0]|TX|3079/1;797/1|
00000000|MMI|7.31|3+ Score, WHO|C2981702|[clas]|["3+"-tx-41-"3"-integer-0,"3+"-tx-10-"3"-integer-0]|TX|3079/1;797/1|
00000000|MMI|7.31|<3 (qualifier value)|C0439086|[qnco]|["<3"-tx-41-"3"-integer-0,"<3"-tx-10-"3"-integer-0]|TX|3079/1;797/1|
00000000|MMI|7.28|Primary Care Doctor|C2985417|[prog]|["Primary Care Doctor"-tx-37-"primary care doctor"-noun-0,"Primary Care Doctor"-tx-31-"primary care doctor"-noun-0]|TX|2843/19;2479/19|
00000000|MMI|7.24|/40|C0439509|[tmco]|["/40"-tx-32-"40"-integer-0,"/40"-tx-12-"40"-integer-0]|TX|2625/2;938/2|
00000000|MMI|7.24|40%|C3842587|[qnco]|["40%"-tx-32-"40"-integer-0,"40%"-tx-12-"40"-integer-0]|TX|2625/2;938/2|
00000000|MMI|7.24|Magnesium Cation|C2346927|[elii,phsu]|["Mg++"-tx-32-"mg"-noun-0,"Mg++"-tx-12-"mg"-noun-0]|TX|2628/2;941/2|
00000000|MMI|7.24|Milligram percent|C1960952|[qnco]|["mg %"-tx-32-"mg"-noun-0,"mg %"-tx-12-"mg"-noun-0]|TX|2628/2;941/2|
00000000|MMI|7.24|mg/dL|C0439269|[qnco]|["mg%"-tx-32-"mg"-noun-0,"mg%"-tx-12-"mg"-noun-0]|TX|2628/2;941/2|
00000000|MMI|7.23|Dilated|C0700124|[fndg]|["Distended"-tx-23-"distended"-adj-0,"Distended"-tx-20-"distended"-verb-0]|TX|1569/9;1319/9|
00000000|MMI|7.21|Internal medicine physicians|C1555750|[prog]|["Internal Medicine"-tx-4-"Internal Medicine"-noun-0,"Internal Medicine"-tx-2-"Internal Medicine"-noun-0]|TX|524/17;329/17|
00000000|MMI|7.14|ActInformationPrivacyReason <service>|C3245478|[idcn]|["service"-tx-4-"Service"-noun-0,"service"-tx-2-"Service"-noun-0]|TX|542/7;347/7|
00000000|MMI|7.14|Services|C0557854|[ocac]|["Service"-tx-4-"Service"-noun-0,"Service"-tx-2-"Service"-noun-0]|TX|542/7;347/7|
00000000|MMI|7.14|Software Service|C2825316|[mnob]|["Service"-tx-4-"Service"-noun-0,"Service"-tx-2-"Service"-noun-0]|TX|542/7;347/7|
00000000|MMI|7.11|4+ Answer to question|C3838679|[fndg]|["4+"-tx-41-"4"-fraction-0]|TX|[3180/1],[3190/1]|
00000000|MMI|7.04|Injury wounds|C0043250|[inpo]|["WOUND"-tx-35-"wound"-noun-0,"WOUND"-tx-31-"wound"-noun-0]|TX|2759/5;2452/5|
00000000|MMI|7.04|Traumatic injury|C3263723|[inpo]|["Wound"-tx-35-"wound"-noun-0,"Wound"-tx-31-"wound"-noun-0]|TX|2759/5;2452/5|
00000000|MMI|7.02|Positive Charge|C2825490|[qlco]|["Positive"-tx-20-"positive"-adj-0]|TX|[1379/8],[1412/8]|
00000000|MMI|7.02|Positive Finding|C1514241|[fndg]|["POSITIVE"-tx-20-"positive"-adj-0,"POSITIVE"-tx-20-"positive"-adj-1]|TX|[1379/8],[1412/8];[1379/8],[1412/8]|
00000000|MMI|7.02|Positive Number|C3812269|[cnce]|["Positive"-tx-20-"positive"-adj-0]|TX|[1379/8],[1412/8]|
00000000|MMI|7.02|percent positive cells|C0439178|[qnco]|["% Positive"-tx-20-"positive"-adj-0]|TX|[1379/8],[1412/8]|
00000000|MMI|6.97|Out (direction)|C0439787|[spco]|["Out"-tx-4-"out"-adv-0,"Out"-tx-1-"OUT"-adv-0]|TX|584/3;70/3|
00000000|MMI|6.97|Removed|C0849355|[qlco]|["Out"-tx-4-"out"-adv-0,"Out"-tx-1-"OUT"-adv-0]|TX|584/3;70/3|
00000000|MMI|6.97|Signature|C1519316|[inpr]|["Signed"-tx-1-"Signed"-noun-0]|TX|[98/6],[154/6]|
00000000|MMI|6.97|signed - ParticipationSignature|C1561610|[inpr]|["signed"-tx-1-"Signed"-noun-0]|TX|[98/6],[154/6]|
00000000|MMI|6.83|Body Fluids|C0005889|[bdsu]|["FLUID"-tx-23-"fluid"-noun-0]|TX|1642/5|A12.207
00000000|MMI|6.77|Woman|C0043210|[popg]|["female"-tx-2-"female"-noun-0]|TX|301/6|M01.975
00000000|MMI|6.63|Heart|C0018787|[bpoc]|["Cardiac"-tx-4-"cardiac"-adj-0]|TX|571/7|A07.541
00000000|MMI|5.18|Administration Method - Infiltrate|C1549537|[ftcn]|["Infiltrate"-tx-28-"infiltrate"-noun-0]|TX|2131/10|
00000000|MMI|5.18|All extremities|C0278454|[bpoc]|["extremities"-tx-21-"Extremities"-noun-0]|TX|1457/11|
00000000|MMI|5.18|Ambulatory - qualifier value|C0439841|[ftcn]|["Ambulatory"-tx-27-"ambulatory"-adj-0]|TX|2012/10|
00000000|MMI|5.18|Appearance|C0700364|[qlco]|["Appearance"-tx-15-"Appearance"-noun-0]|TX|1115/10|
00000000|MMI|5.18|Basilar Rales|C0240859|[fndg]|["Crackles"-tx-19-"crackles"-verb-1]|TX|1286/8|
00000000|MMI|5.18|Call (Instruction)|C1947967|[ftcn]|["Call"-tx-29-"call"-verb-0]|TX|2256/4|
00000000|MMI|5.18|Cardiovascular|C3887460|[blor]|["CARDIOVASCULAR"-tx-16-"Cardiovascular"-adj-0]|TX|1163/14|
00000000|MMI|5.18|Cardiovascular system|C0007226|[bdsy]|["Cardiovascular"-tx-16-"Cardiovascular"-adj-0]|TX|1163/14|A07
00000000|MMI|5.18|Cellular infiltrate|C1692321|[patf]|["INFILTRATE"-tx-28-"infiltrate"-noun-0]|TX|2131/10|
00000000|MMI|5.18|Clubbing|C0149651|[sosy]|["CLUBBING"-tx-21-"clubbing"-noun-1]|TX|1473/8|
00000000|MMI|5.18|Concern|C2699424|[idcn]|["Concerns"-tx-29-"concerns"-noun-0]|TX|2356/8|
00000000|MMI|5.18|Decision|C0679006|[menp]|["Call"-tx-29-"call"-verb-0]|TX|2256/4|
00000000|MMI|5.18|Edema:Finding:Point in time:^Patient:Ordinal|C1717255|[clna]|["Edema"-tx-21-"edema"-noun-0]|TX|1496/5|
00000000|MMI|5.18|Entire abdomen|C1281594|[bpoc]|["Abdomen"-tx-20-"Abdomen"-noun-0]|TX|1296/7|
00000000|MMI|5.18|Fever symptoms (finding)|C0424755|[fndg]|["Fever"-tx-29-"fever"-noun-0]|TX|2322/5|
00000000|MMI|5.18|History of present illness|C0262512|[orga]|["HISTORY OF PRESENT ILLNESS"-tx-2-"HISTORY OF PRESENT ILLNESS"-noun-0]|TX|251/26|
00000000|MMI|5.18|History of present illness:Finding:Point in time:^Patient:Nominal:Reported|C0488508|[clna]|["History of present illness"-tx-2-"HISTORY OF PRESENT ILLNESS"-noun-0]|TX|251/26|
00000000|MMI|5.18|Hypercholesterolemia result|C1522133|[fndg]|["Hypercholesterolemia"-tx-9-"Hypercholesterolemia"-noun-0]|TX|775/20|
00000000|MMI|5.18|Hypertension Adverse Event|C1963138|[fndg]|["Hypertension"-tx-7-"Hypertension"-noun-0]|TX|758/12|
00000000|MMI|5.18|Imaging Techniques|C0079595|[diap]|["Imaging"-tx-23-"IMAGING"-verb-0]|TX|1540/7|
00000000|MMI|5.18|Infiltration|C0332448|[patf]|["Infiltrate"-tx-28-"infiltrate"-noun-0]|TX|2131/10|
00000000|MMI|5.18|Instruction [Publication Type]|C0302828|[inpr]|["Instruction"-tx-29-"instruction"-noun-0]|TX|2241/11|
00000000|MMI|5.18|Instructions|C1442085|[idcn]|["instruction"-tx-29-"instruction"-noun-0]|TX|2241/11|
00000000|MMI|5.18|MILDLY|C0750532|[idcn]|["MILDLY"-tx-20-"mildly"-adv-0]|TX|1312/6|
00000000|MMI|5.18|Medical History|C0262926|[fndg]|["Past Medical History"-tx-6-"PAST MEDICAL HISTORY"-noun-0]|TX|733/20|
00000000|MMI|5.18|Medication.discharge|C0806915|[fndg]|["Discharge medications"-tx-32-"DISCHARGE MEDICATIONS"-noun-0]|TX|2500/21|
00000000|MMI|5.18|Mild (qualifier value)|C2945599|[qlco]|["Mildly"-tx-20-"mildly"-adv-0]|TX|1312/6|
00000000|MMI|5.18|Nausea Adverse Event|C1963179|[patf]|["Nausea"-tx-3-"nausea"-noun-0]|TX|438/6|
00000000|MMI|5.18|Normal diet|C0184625|[dora]|["Regular diet"-tx-27-"regular diet"-noun-0]|TX|1995/12|
00000000|MMI|5.18|PMH - past medical history|C0455458|[fndg]|["Past medical history"-tx-6-"PAST MEDICAL HISTORY"-noun-0]|TX|733/20|
00000000|MMI|5.18|PSMD2 gene|C1419032|[gngm]|["S2"-tx-16-"S2"-noun-0]|TX|1192/2|
00000000|MMI|5.18|Patient need for (contextual qualifier)|C0686904|[ftcn]|["needs"-tx-40-"needs"-verb-0]|TX|3018/5|
00000000|MMI|5.18|Personal appearance|C0233426|[orga]|["Appearance"-tx-15-"Appearance"-noun-0]|TX|1115/10|
00000000|MMI|5.18|Plain chest X-ray|C0039985|[diap]|["Chest X-ray"-tx-28-"chest x-ray"-noun-0]|TX|2079/11|
00000000|MMI|5.18|Probable diagnosis|C0332148|[qlco]|["Likely"-tx-40-"likely"-adv-0]|TX|2984/6|
00000000|MMI|5.18|Probably|C0750492|[idcn]|["Likely"-tx-40-"likely"-adv-0]|TX|2984/6|
00000000|MMI|5.18|Productive cough|C0239134|[sosy]|["COUGH, PRODUCTIVE"-tx-28-"productive cough"-noun-0]|TX|2056/16|
00000000|MMI|5.18|Pulmonary (qualifier value)|C2709248|[qlco]|["Pulmonary"-tx-18-"Pulmonary"-adj-0]|TX|1226/9|
00000000|MMI|5.18|Pulmonary:-:Point in time:^Patient:-|C2707265|[clna]|["Pulmonary"-tx-18-"Pulmonary"-adj-0]|TX|1226/9|
00000000|MMI|5.18|RPS2 gene|C1419718|[gngm]|["S2"-tx-16-"S2"-noun-0]|TX|1192/2|
00000000|MMI|5.18|Receive|C1514756|[qlco]|["RECEIVED"-tx-4-"received"-verb-0]|TX|560/8|
00000000|MMI|5.18|Rubs|C3842105|[fndg]|["Rubs"-tx-17-"rubs"-verb-1]|TX|1209/4|
00000000|MMI|5.18|S2|C3812876|[fndg]|["S2"-tx-16-"S2"-noun-0]|TX|1192/2|
00000000|MMI|5.18|S2 innervation|C1179705|[blor]|["S2"-tx-16-"S2"-noun-0]|TX|1192/2|
00000000|MMI|5.18|SHORT STATURE, ONYCHODYSPLASIA, FACIAL DYSMORPHISM, AND HYPOTRICHOSIS SYNDROME|C3542022|[dsyn]|["SOFT"-tx-20-"Soft"-adj-0]|TX|1305/4|
00000000|MMI|5.18|Shortness of breath:-:Point in time:^Patient:-|C2707305|[clna]|["Shortness of breath"-tx-3-"shortness of breath"-noun-0]|TX|460/19|
00000000|MMI|5.18|Soft|C0205358|[qlco]|["Soft"-tx-20-"Soft"-adj-0]|TX|1305/4|
00000000|MMI|5.18|Specimen Source Codes - Infiltrate|C1546677|[inpr]|["Infiltrate"-tx-28-"infiltrate"-noun-0]|TX|2131/10|
00000000|MMI|5.18|Testicular Cancer Serum Markers Test Result S2|C3812875|[lbtr]|["S2"-tx-16-"S2"-noun-0]|TX|1192/2|
00000000|MMI|5.18|Views:Finding:Point in time:Chest:Narrative:XR|C1114557|[clna]|["Chest X-ray"-tx-28-"chest x-ray"-noun-0]|TX|2079/11|
00000000|MMI|5.18|failed|C0231175|[ftcn]|["Failed"-tx-28-"failed"-verb-0]|TX|2112/6|
00000000|MMI|5.18|rectal|C0205052|[spco]|["Rectal"-tx-22-"Rectal"-adj-0]|TX|1503/6|
00000000|MMI|4.12|Five-Day Report|C1708065|[inpr]|["FIVE-DAY"-tx-3-"five days"-noun-0]|TX|426/9|
00000000|MMI|3.98|Mass of body region|C0577573|[sosy]|["Mass"-tx-22-"masses"-noun-1]|TX|1532/6|
00000000|MMI|3.98|Mass of body structure|C0577559|[fndg]|["MASS"-tx-22-"masses"-noun-1]|TX|1532/6|
00000000|MMI|3.98|Mass, a measure of quantity of matter|C1306372|[qnco]|["*Mass"-tx-22-"masses"-noun-0]|TX|1532/6|
00000000|MMI|3.98|Molecular Mass|C3152252|[qnco]|["Mass"-tx-22-"masses"-noun-0]|TX|1532/6|
00000000|MMI|3.98|Notifications|C0422202|[hlca]|["Notify"-tx-40-"notified"-verb-0]|TX|2966/8|
00000000|MMI|3.75|Bowel sounds|C0232693|[fndg]|["Bowel sounds"-tx-20-"bowel sounds"-noun-1]|TX|1421/12|
00000000|MMI|3.75|Day 6|C3842673|[fndg]|["Day 6"-tx-27-"day 6"-noun-0]|TX|1965/3,1970/1|
00000000|MMI|3.75|Discharge date|C2361123|[tmco]|["Discharge date"-tx-1-"Discharge Date"-noun-0]|TX|161/14|
00000000|MMI|3.75|Discharge date:Time Stamp -- Date and Time:Point in time:^Patient:Quantitative|C2361122|[clna]|["Discharge date"-tx-1-"Discharge Date"-noun-0]|TX|161/14|
00000000|MMI|3.71|CT of abdomen|C0412620|[diap]|["CT of abdomen"-tx-23-"CT of abdomen"-noun-0]|TX|1549/5,1559/7|
00000000|MMI|3.68|Robitussin AC|C0723125|[orch,phsu]|["Robitussin A-C"-tx-29-"Robitussin A-C"-noun-0]|TX|2222/14|
00000000|MMI|3.68|20%|C3842589|[fndg]|["20%"-tx-14-"20"-integer-0]|TX|1093/2|
00000000|MMI|3.68|Add - instruction imperative|C1883712|[ftcn]|["Addition"-tx-30-"addition"-adv-0]|TX|2369/8|
00000000|MMI|3.68|Aspects of signs|C0220912|[ftcn]|["signs"-tx-20-"signs"-noun-0]|TX|1450/5|
00000000|MMI|3.68|Aspirin 81 MG|C0983882|[clnd]|["Aspirin 81 MG"-tx-32-"Aspirin 81 mg"-noun-0]|TX|2523/13|
00000000|MMI|3.68|Blood pressure finding|C1271104|[fndg]|["Blood Pressure"-tx-14-"blood pressure"-noun-0]|TX|1057/14|
00000000|MMI|3.68|Chief complaint (finding)|C0277786|[fndg]|["Chief Complaint"-tx-1-"CHIEF COMPLAINT"-noun-0]|TX|218/15|
00000000|MMI|3.68|Cough Adverse Event|C1961131|[fndg]|["Cough"-tx-29-"cough"-noun-0]|TX|2314/5|
00000000|MMI|3.68|Diabetes|C0011847|[dsyn]|["Diabetes"-tx-40-"diabetes"-noun-0]|TX|3005/8|
00000000|MMI|3.68|Distress|C0231303|[menp]|["Distress"-tx-15-"distress"-noun-1]|TX|1153/8|
00000000|MMI|3.68|Document type|C1547673|[inpr]|["Document"-tx-41-"document"-noun-0]|TX|3069/8|
00000000|MMI|3.68|Documents|C1301746|[inpr]|["document"-tx-41-"document"-noun-0]|TX|3069/8|
00000000|MMI|3.68|Fluid behavior|C0444611|[qlco]|["Fluid"-tx-23-"fluid"-noun-0]|TX|1642/5|
00000000|MMI|3.68|In addition to|C0332287|[ftcn]|["Addition"-tx-30-"addition"-adv-0]|TX|2369/8|
00000000|MMI|3.68|Liquid substance|C0302908|[sbst]|["fluid"-tx-23-"fluid"-noun-0]|TX|1642/5|
00000000|MMI|3.68|Manufactured sign|C0220913|[mnob]|["signs"-tx-20-"signs"-noun-0]|TX|1450/5|
00000000|MMI|3.68|Medications:-:Point in time:^Patient:-|C2598133|[clna]|["Medications"-tx-12-"MEDICATIONS"-noun-0]|TX|851/11|
00000000|MMI|3.68|Medications:Presence or Identity:Duration of the study:^Patient:Nominal|C0802604|[clna]|["Medications"-tx-12-"MEDICATIONS"-noun-0]|TX|851/11|
00000000|MMI|3.68|Murphy|C3840556|[fndg]|["Murphy"-tx-20-"Murphy's"-noun-0]|TX|1388/8|
00000000|MMI|3.68|Negative|C0205160|[qlco]|["Negative"-tx-22-"negative"-noun-0]|TX|1518/8|
00000000|MMI|3.68|Negative - answer|C3853545|[qlco]|["Negative"-tx-22-"negative"-noun-0]|TX|1518/8|
00000000|MMI|3.68|Negative Charge|C2825491|[qlco]|["Negative"-tx-22-"negative"-noun-0]|TX|1518/8|
00000000|MMI|3.68|Negative Finding|C1513916|[fndg]|["NEGATIVE"-tx-22-"negative"-noun-0]|TX|1518/8|
00000000|MMI|3.68|Negative Number|C2825415|[cnce]|["Negative"-tx-22-"negative"-noun-0]|TX|1518/8|
00000000|MMI|3.68|Pharmaceutical Preparations|C0013227|[phsu]|["Medications"-tx-12-"MEDICATIONS"-noun-0]|TX|851/11|D26
00000000|MMI|3.68|Physical findings|C0311392|[fndg]|["SIGNS"-tx-20-"signs"-noun-1]|TX|1450/5|
00000000|MMI|3.68|Physiologic pulse|C0391850|[phsf]|["Pulse"-tx-14-"pulse"-noun-0]|TX|1046/5|
00000000|MMI|3.68|Pulse phenomenon|C1947910|[phpr]|["Pulse"-tx-14-"pulse"-noun-0]|TX|1046/5|
00000000|MMI|3.68|Recommendation|C0034866|[idcn]|["recommendations"-tx-33-"RECOMMENDATIONS"-noun-0]|TX|2653/15|
00000000|MMI|3.68|S1|C3715215|[fndg]|["S1"-tx-16-"S1"-noun-0]|TX|1187/2|
00000000|MMI|3.68|Testicular Cancer Serum Markers Test Result S1|C3814877|[lbtr]|["S1"-tx-16-"S1"-noun-0]|TX|1187/2|
00000000|MMI|3.68|fluid - substance|C1704353|[sbst]|["Fluid"-tx-23-"fluid"-noun-0]|TX|1642/5|
00000000|MMI|3.65|Report status|C0586177|[fndg]|["Report status"-tx-1-"Report Status"-noun-1]|TX|139/13|
00000000|MMI|3.64|Hospital course|C0489547|[fndg]|["Hospital course"-tx-24-"HOSPITAL COURSE"-noun-0]|TX|1682/15|
00000000|MMI|3.64|Hospital course:Finding:Point in time:^Patient:Narrative|C0488549|[clna]|["Hospital course"-tx-24-"HOSPITAL COURSE"-noun-0]|TX|1682/15|
00000000|MMI|3.64|New medications|C1718097|[phsu]|["New medications"-tx-40-"new medications"-noun-0]|TX|3041/15|
00000000|MMI|3.64|Right upper quadrant pain|C0235299|[sosy]|["RIGHT UPPER QUADRANT PAIN"-tx-5-"right upper quadrant pain"-noun-0]|TX|706/25|
00000000|MMI|3.64|Room air|C3846005|[fndg]|["Room air"-tx-14-"room air"-noun-0]|TX|1105/8|
00000000|MMI|3.64|dictated - DocumentCompletion|C1609990|[idcn]|["Dictated"-tx-41-"Dictated"-verb-0]|TX|3097/8|
00000000|MMI|3.64|dictated - ParticipationMode|C1548384|[ftcn]|["dictated"-tx-41-"Dictated"-verb-0]|TX|3097/8|
00000000|MMI|3.63|M NOS ANTIBODY|C0369637|[aapp,imft]|["M NOS"-tx-39-"m"-noun-0]|TX|2947/1|
00000000|MMI|3.63|M+ (tumor staging)|C0441923|[inpr]|["M+"-tx-39-"m"-noun-0]|TX|2947/1|
00000000|MMI|3.62|Admission date:Time Stamp -- Date and Time:Point in time:^Patient:Quantitative|C2598112|[clna]|["Admission date"-tx-1-"Admission Date"-noun-0]|TX|113/14|
00000000|MMI|3.62|Date of admission|C1302393|[tmco]|["Admission date"-tx-1-"Admission Date"-noun-0]|TX|113/14|
00000000|MMI|3.61|60%|C3842585|[fndg]|["60%"-tx-14-"60"-fraction-0]|TX|1075/2|
00000000|MMI|3.61|Female Phenotype|C1705498|[qlco]|["Female"-tx-2-"female"-noun-0]|TX|301/6|
00000000|MMI|3.61|Female, Self-Report|C1705497|[qlco]|["Female"-tx-2-"female"-noun-0]|TX|301/6|
00000000|MMI|3.61|Bile Duct Tissue|C1711174|[tisu]|["DUCT, BILE"-tx-23-"bile duct"-noun-0]|TX|1650/9|
00000000|MMI|3.61|Entire bile duct|C1280889|[bpoc]|["Bile duct"-tx-23-"bile duct"-noun-0]|TX|1650/9|
00000000|MMI|3.61|Patient location type - Operating Room|C1578465|[spco]|["Operating Room"-tx-25-"operating room"-noun-0]|TX|1764/14|
00000000|MMI|3.59|Follow-Up Care|C3899107|[hlca]|["Follow-Up Care"-tx-37-"follow up care"-noun-0]|TX|2824/9,2851/4|
00000000|MMI|3.59|Pyrexia of unknown origin (excl puerperal)|C0856281|[sosy]|["puo"-tx-1-"PUO"-noun-0]|TX|12/3|
00000000|MMI|3.59|Complication (attribute)|C2362589|[idcn]|["Complication"-tx-26-"complication"-noun-0]|TX|1934/12|
00000000|MMI|3.59|Moved to|C1299988|[ftcn]|["Moved to"-tx-26-"moved to"-verb-0]|TX|1865/8|
00000000|MMI|3.59|Recovering from|C0521108|[qlco]|["recover"-tx-26-"recover"-verb-0]|TX|1918/7|
00000000|MMI|3.59|Recovery - healing process|C2004454|[orgf]|["recover"-tx-26-"recover"-verb-0]|TX|1918/7|
00000000|MMI|3.59|Schedule (document type)|C0086960|[inpr]|["Scheduled"-tx-38-"scheduled"-verb-0]|TX|2883/9|
00000000|MMI|3.59|Scheduled - priority|C1571999|[qlco]|["Scheduled"-tx-38-"scheduled"-verb-0]|TX|2883/9|
00000000|MMI|3.59|Scheduled - procedure status|C0205539|[qlco]|["Scheduled"-tx-38-"scheduled"-verb-0]|TX|2883/9|
00000000|MMI|3.58|Distance vision 6/9|C0442751|[fndg]|["6 9"-tx-25-"6/9"-fraction-0]|TX|1782/3|
00000000|MMI|3.58|open cholecystectomy|C0742390|[topp]|["Open cholecystectomy"-tx-25-"open cholecystectomy"-noun-0]|TX|1795/20|
00000000|MMI|3.57|Clear|C2963144|[qlco]|["Clear"-tx-18-"Clear"-adj-0]|TX|1237/5|
00000000|MMI|3.57|Negative Surgical Margin|C1709157|[fndg]|["Clear"-tx-18-"Clear"-adj-0]|TX|1237/5|
00000000|MMI|3.57|Presentation|C0449450|[idcn]|["Presented"-tx-3-"presented"-verb-0]|TX|392/9|
00000000|MMI|3.57|Return to (contextual qualifier) (qualifier value)|C0332156|[qlco]|["Return"-tx-29-"return"-noun-0]|TX|2264/6|
00000000|MMI|3.57|Started|C1272689|[qlco]|["Started"-tx-40-"started"-verb-0]|TX|3030/7|
00000000|MMI|3.56|Apyrexial|C0277797|[fndg]|["Afebrile"-tx-28-"afebrile"-adj-0]|TX|2159/8|
00000000|MMI|3.56|Taken|C1883727|[cnce]|["Taken"-tx-25-"taken"-verb-0]|TX|1751/5|
00000000|MMI|3.55|Emotional tenderness|C0684239|[menp]|["tenderness"-tx-20-"tenderness"-noun-0]|TX|1352/10|
00000000|MMI|3.55|Floor (anatomic)|C3714591|[anst]|["Floor"-tx-26-"floor"-noun-0]|TX|1895/5|
00000000|MMI|3.55|Floor - story of building|C1547707|[geoa]|["Floor"-tx-26-"floor"-noun-0]|TX|1895/5|
00000000|MMI|3.55|General medical service|C3812897|[hlca]|["General"-tx-26-"general"-adj-0]|TX|1878/7|
00000000|MMI|3.55|Generalized|C0205246|[spco]|["General"-tx-26-"general"-adj-0]|TX|1878/7|
00000000|MMI|3.55|Operative Surgical Procedures|C0543467|[hlca]|["Surgical"-tx-26-"surgical"-adj-0]|TX|1886/8|E04
00000000|MMI|3.55|Safety Reporting Documentation|C3891294|[inpr]|["General"-tx-26-"general"-adj-0]|TX|1878/7|
00000000|MMI|3.55|Sore to touch|C0234233|[sosy]|["TENDERNESS (NOS)"-tx-20-"tenderness"-noun-0]|TX|1352/10|
00000000|MMI|3.55|Surgical service|C0587668|[hlca]|["Surgical"-tx-26-"surgical"-adj-0]|TX|1886/8|
00000000|MMI|3.55|Surgical transfer - action|C0348011|[ftcn]|["transferred"-tx-2-"transferred"-verb-0]|TX|308/11|
00000000|MMI|3.55|Transfer Technique|C1705822|[ftcn]|["Transferred"-tx-2-"transferred"-verb-0]|TX|308/11|
00000000|MMI|3.55|floor (object)|C0016249|[mnob]|["Floor"-tx-26-"floor"-noun-0]|TX|1895/5|
00000000|MMI|3.55|Admission activity|C0809949|[hlca]|["Admitted"-tx-4-"admitted"-verb-0]|TX|508/8|
00000000|MMI|3.55|Hospital admission|C0184666|[hlca]|["admitted"-tx-4-"admitted"-verb-0]|TX|508/8|
00000000|MMI|3.50|Body Fluid Discharge|C0012621|[bdsu]|["Discharge"-tx-33-"DISCHARGE"-noun-0]|TX|2643/9|
00000000|MMI|3.50|Discharge, body substance|C2926602|[bdsu]|["Discharge"-tx-33-"DISCHARGE"-noun-0]|TX|2643/9|
00000000|MMI|3.50|Patient Class - Outpatient|C1549405|[clas]|["Outpatient"-tx-12-"OUTPATIENT"-noun-0]|TX|840/10|
00000000|MMI|3.50|Patient Outcome - Worsening|C1546960|[idcn]|["Worsening"-tx-29-"worsening"-adj-0]|TX|2304/9|
00000000|MMI|3.50|Referral category - Outpatient|C1548439|[idcn]|["Outpatient"-tx-12-"OUTPATIENT"-noun-0]|TX|840/10|
00000000|MMI|3.50|Regular|C0205272|[qlco]|["Regular"-tx-16-"Regular"-adj-0]|TX|1179/7|
00000000|MMI|3.50|Worse|C1457868|[fndg]|["Worsening"-tx-29-"worsening"-adj-0]|TX|2304/9|
00000000|MMI|3.50|Worsening pattern|C0332271|[qlco]|["Worsening"-tx-29-"worsening"-adj-0]|TX|2304/9|
00000000|MMI|3.50|acute|C0205178|[tmco]|["ACUTE"-tx-15-"acute"-adj-0]|TX|1147/5|
00000000|MMI|3.50|peritoneal|C0442034|[blor]|["Peritoneal"-tx-20-"peritoneal"-adj-0]|TX|1439/10|
00000000|MMI|3.48|One week|C4082116|[tmco]|["One week"-tx-35-"one week"-noun-0]|TX|2746/8|
00000000|MMI|3.48|Right upper quadrant|C0439734|[spco]|["Quadrant, Right Upper"-tx-20-"right upper quadrant"-noun-0]|TX|1331/20|
00000000|MMI|3.48|30%|C3842588|[fndg]|["30%"-tx-39-"30"-integer-0]|TX|2942/2|
00000000|MMI|3.48|Cardiac - anatomy qualifier|C1522601|[spco]|["Cardiac"-tx-4-"cardiac"-adj-0]|TX|571/7|
00000000|MMI|3.48|Known|C0205309|[qlco]|["Known"-tx-13-"known"-adj-0]|TX|970/5|
00000000|MMI|3.47|gallbladder wall thickening|C0744257|[fndg]|["gallbladder wall thickening"-tx-23-"gallbladder wall thickening"-noun-0]|TX|1579/11,1608/15|
00000000|MMI|3.47|Electrocardiogram: myocardial infarction (finding)|C0428953|[lbtr]|["MYOCARDIAL INFARCTION"-tx-1-"MYOCARDIAL INFARCTION"-noun-1]|TX|74/21|
00000000|MMI|3.47|Myocardial Infarction ECG Assessment|C3810814|[diap]|["Myocardial Infarction"-tx-1-"MYOCARDIAL INFARCTION"-noun-0]|TX|74/21|
00000000|MMI|3.47|Myocardial infarction:Finding:Point in time:^Patient:Ordinal|C2926063|[clna]|["Myocardial infarction"-tx-1-"MYOCARDIAL INFARCTION"-noun-0]|TX|74/21|
00000000|MMI|3.47|+5|C0728893|[qnco]|["+5"-tx-1-"5"-fraction-0]|TX|177/1|
00000000|MMI|3.47|>5|C0439084|[qnco]|[">5"-tx-1-"5"-fraction-0]|TX|177/1|
00000000|MMI|3.47|Old|C0580836|[tmco]|["Old"-tx-2-"old"-noun-0]|TX|297/3|
00000000|MMI|3.47|per year|C0439508|[tmco]|["/Year"-tx-2-"year"-noun-0]|TX|292/4|
00000000|MMI|3.47|year|C0439234|[tmco]|["YEAR"-tx-2-"year"-noun-0]|TX|292/4|
00000000|MMI|3.46|Normal limits|C0442816|[qnco]|["Normal limits"-tx-23-"normal limits"-noun-0]|TX|1667/13|
00000000|MMI|3.46|Identifier|C0600091|[inpr]|["ID"-tx-41-"ID"-noun-0]|TX|3166/2|
00000000|MMI|3.46|Immune diffusion|C1441613|[lbpr]|["ID"-tx-41-"ID"-noun-0]|TX|3166/2|
00000000|MMI|3.45|Diagnostic interview schedule|C0451119|[inpr]|["DIS"-tx-1-"DIS"-noun-0]|TX|107/3|
00000000|MMI|3.45|Discontinued|C1444662|[fndg]|["DIS"-tx-1-"DIS"-noun-1]|TX