00000000|MMI|274.07|Patients|C0030705|[podg]|["*^patient"-tx-33-"patient"-noun-0,"*^patient"-tx-31-"patient"-noun-0,"*^patient"-tx-25-"patient"-noun-0,"*^patient"-tx-24-"patient"-noun-0,"*^patient"-tx-23-"patient"-noun-0,"*^patient"-tx-22-"patient"-noun-0,"*^patient"-tx-21-"patient"-noun-0,"*^patient"-tx-20-"patient"-noun-0,"*^patient"-tx-19-"patient"-noun-0,"*^patient"-tx-18-"patient"-noun-0,"*^patient"-tx-17-"patient"-noun-0,"*^patient"-tx-14-"patient"-noun-0,"*^patient"-tx-13-"patient"-noun-0,"*^patient"-tx-6-"patient"-noun-0,"*^patient"-tx-3-"patient"-noun-0]|TX|3663/7;3571/7;2880/7;2829/7;2739/7;2573/7;2528/7;2489/7;2376/7;2240/7;2094/7;1592/7;1506/7;1027/7;620/7|M01.643
00000000|MMI|170.37|Abortion consent:Finding:Point in time:^Patient:Document|C2360836|[clna]|["Patient"-tx-33-"patient"-noun-0,"Patient"-tx-31-"patient"-noun-0,"Patient"-tx-25-"patient"-noun-0,"Patient"-tx-24-"patient"-noun-0,"Patient"-tx-23-"patient"-noun-0,"Patient"-tx-22-"patient"-noun-0,"Patient"-tx-21-"patient"-noun-0,"Patient"-tx-20-"patient"-noun-0,"Patient"-tx-19-"patient"-noun-0,"Patient"-tx-18-"patient"-noun-0,"Patient"-tx-17-"patient"-noun-0,"Patient"-tx-14-"patient"-noun-0,"Patient"-tx-13-"patient"-noun-0,"Patient"-tx-6-"patient"-noun-0,"Patient"-tx-3-"patient"-noun-0]|TX|3663/7;3571/7;2880/7;2829/7;2739/7;2573/7;2528/7;2489/7;2376/7;2240/7;2094/7;1592/7;1506/7;1027/7;620/7|
00000000|MMI|170.37|Hysterectomy consent:Finding:Point in time:^Patient:Document|C2360838|[clna]|["Patient"-tx-33-"patient"-noun-0,"Patient"-tx-31-"patient"-noun-0,"Patient"-tx-25-"patient"-noun-0,"Patient"-tx-24-"patient"-noun-0,"Patient"-tx-23-"patient"-noun-0,"Patient"-tx-22-"patient"-noun-0,"Patient"-tx-21-"patient"-noun-0,"Patient"-tx-20-"patient"-noun-0,"Patient"-tx-19-"patient"-noun-0,"Patient"-tx-18-"patient"-noun-0,"Patient"-tx-17-"patient"-noun-0,"Patient"-tx-14-"patient"-noun-0,"Patient"-tx-13-"patient"-noun-0,"Patient"-tx-6-"patient"-noun-0,"Patient"-tx-3-"patient"-noun-0]|TX|3663/7;3571/7;2880/7;2829/7;2739/7;2573/7;2528/7;2489/7;2376/7;2240/7;2094/7;1592/7;1506/7;1027/7;620/7|
00000000|MMI|170.37|Sterilization consent:Finding:Point in time:^Patient:Document|C2360840|[clna]|["Patient"-tx-33-"patient"-noun-0,"Patient"-tx-31-"patient"-noun-0,"Patient"-tx-25-"patient"-noun-0,"Patient"-tx-24-"patient"-noun-0,"Patient"-tx-23-"patient"-noun-0,"Patient"-tx-22-"patient"-noun-0,"Patient"-tx-21-"patient"-noun-0,"Patient"-tx-20-"patient"-noun-0,"Patient"-tx-19-"patient"-noun-0,"Patient"-tx-18-"patient"-noun-0,"Patient"-tx-17-"patient"-noun-0,"Patient"-tx-14-"patient"-noun-0,"Patient"-tx-13-"patient"-noun-0,"Patient"-tx-6-"patient"-noun-0,"Patient"-tx-3-"patient"-noun-0]|TX|3663/7;3571/7;2880/7;2829/7;2739/7;2573/7;2528/7;2489/7;2376/7;2240/7;2094/7;1592/7;1506/7;1027/7;620/7|
00000000|MMI|58.54|Mitral Valve Insufficiency|C0026266|[patf]|["MITRAL REGURGITATION"-tx-4-"mitral regurgitation"-noun-0,"MITRAL REGURGITATION"-tx-2-"mitral regurgitation"-noun-0,"MITRAL REGURGITATION"-tx-1-"MITRAL REGURGITATION"-noun-0]|TX|879/20;[316/20],[486/20];[65/20],[225/20]|C14.280.484.461
00000000|MMI|42.55|Echocardiography|C0013516|[diap]|["ECHOCARDIOGRAM"-tx-4-"echocardiogram"-noun-0,"ECHOCARDIOGRAM"-tx-2-"echocardiogram"-noun-0,"echocardiograms"-tx-2-"echocardiograms"-noun-0]|TX|803/14;438/14;417/15|E01.370.350.130.750;E01.370.350.850.220;E01.370.370.380.220
00000000|MMI|41.95|Walking (activity)|C0080331|[dora]|["Walk"-tx-3-"walks"-verb-0,"Walking"-tx-3-"walking"-noun-0]|TX|762/5;744/7|G11.427.590.530.568.900;G11.427.590.530.698.277.937;I03.350.937;I03.450.642.845.940
00000000|MMI|39.02|Coumadin|C0699129|[orch,phsu]|["Coumadin"-tx-28-"Coumadin"-noun-0]|TX|[3136/8],[3187/8]|D03.383.663.283.446.520.914;D03.438.150.446.520.914
00000000|MMI|33.96|Lopressor|C0700776|[orch,phsu]|["Lopressor"-tx-29-"Lopressor"-noun-0,"Lopressor"-tx-22-"Lopressor"-noun-0]|TX|3287/9;2664/9|D02.033.100.624.698.573;D02.033.755.624.698.573;D02.092.063.624.698.573
00000000|MMI|33.76|Weaning|C0043084|[fndg]|["Weaned"-tx-18-"weaned"-verb-0,"Weaning"-tx-18-"weaning"-noun-0]|TX|2252/6;2363/7|G07.203.650.220.500.750;G07.203.650.593.762;G07.700.620.762
00000000|MMI|33.62|Diastole|C0012000|[clna]|["Diastolic"-tx-5-"Diastolic"-adj-0,"Diastolic"-tx-2-"diastolic"-adj-0]|TX|972/9;568/9|G09.330.190.541.295;G11.427.590.540.554.250;G11.427.590.540.570.295
00000000|MMI|33.55|Systole|C0039155|[tmco]|["Systolic"-tx-5-"systolic"-adj-0,"Systolic"-tx-2-"systolic"-adj-0]|TX|999/8;593/8|G09.330.190.541.880;G11.427.590.540.570.880
00000000|MMI|33.54|Patient Discharge|C0030685|[hlca]|["Discharged"-tx-33-"discharged"-verb-0,"Discharge"-tx-30-"DISCHARGE"-noun-0]|TX|3675/10;3336/9|E02.204.125;E02.760.400.610;N02.421.192.125;N02.421.585.400.610;N04.590.233.727.210.125
00000000|MMI|28.22|heart rate|C0018810|[clna]|["Heart Rate"-tx-33-"heart rate"-noun-0,"Heart Rate"-tx-23-"heart rate"-noun-0]|TX|3731/10;2766/10|E01.370.600.875.500;G09.330.380.500
00000000|MMI|28.10|Postoperative Period|C0032790|[tmco]|["Postoperative"-tx-22-"postoperative"-noun-0,"Postoperative"-tx-19-"postoperative"-noun-0]|TX|2549/13;2418/13|E04.614.750;N02.421.585.753.750
00000000|MMI|23.06|Dyspnea|C0013404|[sosy]|["SHORTNESS OF BREATH"-tx-3-"of shortness breath"-noun-0,"SHORTNESS OF BREATH"-tx-3-"shortness of breath"-noun-0]|TX|638/12,654/6;719/19|C08.618.326;C23.888.852.371
00000000|MMI|23.00|Aortic Valve Insufficiency|C0003504|[dsyn]|["AORTIC REGURGITATION"-tx-4-"aortic regurgitation"-noun-0,"AORTIC INSUFFICIENCY"-tx-2-"aortic insufficiency"-noun-0]|TX|908/20;545/20|C14.280.484.095
00000000|MMI|22.73|Mongolia|C0026410|[geoa]|["MG"-tx-28-"mg"-noun-0,"MG"-tx-11-"mg"-noun-0]|TX|3153/2;1396/2|Z01.252.474.651
00000000|MMI|22.71|Rehabilitation therapy|C0034991|[topp]|["Rehabilitation"-tx-33-"rehabilitation"-noun-0,"Rehabilitation"-tx-25-"rehabilitation"-noun-0]|TX|3689/14;2915/14|E02.831;H02.403.680.600;N02.421.784
00000000|MMI|22.57|Diurese|C0719972|[orch,phsu]|["Diurese"-tx-20-"diuresed"-verb-0]|TX|2514/8|D02.886.590.700.135.261.476.716;D02.886.655.500.261.476.716;D03.438.174.261.476.716
00000000|MMI|20.88|Digoxin|C0012265|[orch,phsu]|["DIGOXIN"-tx-22-"digoxin"-noun-0]|TX|2692/7|D04.808.155.580.130.500.436;D04.808.155.580.130.688;D09.408.180.261.436
00000000|MMI|19.99|Hypertensive disease|C0020538|[dsyn]|["HYPERTENSION"-tx-7-"Hypertension"-noun-0,"HYPERTENSION"-tx-2-"hypertension"-noun-0]|TX|1114/12;368/12|C14.907.489
00000000|MMI|19.65|White Blood Cell Count procedure|C0023508|[lbpr]|["Blood Cell Count, White"-tx-30-"white blood cell count"-noun-0]|TX|3467/22|E01.370.225.500.195.107.595;E01.370.225.625.107.595;E05.200.500.195.107.595;E05.200.625.107.595;E05.242.195.107.595;G04.170.107.595;G09.188.105.595
00000000|MMI|19.53|Daily|C0332173|[tmco]|["/day"-tx-29-"day"-noun-0,"/day"-tx-26-"day"-noun-0,"/day"-tx-12-"day"-noun-0,"/day"-tx-11-"day"-noun-0,"Daily"-tx-3-"daily"-adv-0]|TX|[3252/3],[3281/3];3038/3;1480/3;1364/3;789/5|
00000000|MMI|19.50|Surgical aspects|C0038895|[ftcn]|["surgery"-tx-13-"surgery"-noun-0]|TX|1563/7|x.x.x.x.x.x.x
00000000|MMI|19.43|Argipressin|C0003779|[aapp,horm,phsu]|["Vasopressin"-tx-18-"vasopressin"-noun-0]|TX|2351/11|D06.472.699.631.692.781.100;D12.644.400.900.100;D12.644.456.925.100;D12.644.548.691.692.781.100;D12.776.641.650.937.100
00000000|MMI|18.15|Bone Wires|C0005978|[medd]|["Wires"-tx-19-"wires"-noun-0]|TX|2458/5|E07.695.370.468;E07.858.442.660.460.468;E07.858.690.725.460.468
00000000|MMI|17.67|Stabilized (qualifier value)|C0184512|[qlco]|["Stabilized"-tx-25-"stabilized"-verb-0,"Stabilized"-tx-23-"stabilized"-verb-0,"Stabilized"-tx-18-"stabilized"-verb-0,"Stabilized"-tx-17-"stabilized"-verb-0,"Stabilized"-tx-13-"stabilized"-verb-0]|TX|2892/10;2751/10;2285/10;2106/10;1548/10|
00000000|MMI|17.22|Rehabilitation aspects|C0034992|[ftcn]|["Rehabilitation"-tx-33-"rehabilitation"-noun-0,"Rehabilitation"-tx-25-"rehabilitation"-noun-0]|TX|3689/14;2915/14|x.x.x
00000000|MMI|16.85|Dopamine|C0013030|[bacs,orch,phsu]|["DOPAMINE"-tx-18-"dopamine"-noun-0]|TX|2338/8|D02.092.211.215.311.342;D02.092.311.342
00000000|MMI|16.81|International Normalized Ratio|C0525032|[lbpr]|["INR"-tx-30-"INR"-noun-0]|TX|3547/3|E01.370.225.625.115.320;E05.200.625.115.320
00000000|MMI|16.69|Vasopressin (USP)|C1705480|[aapp,horm,phsu]|["VASOPRESSIN"-tx-18-"vasopressin"-noun-0]|TX|2351/11|D06.472.699.631.692.781;D12.644.400.900;D12.644.456.925;D12.644.548.691.692.781;D12.776.641.650.937
00000000|MMI|16.69|Vasopressins|C0042413|[aapp,horm,phsu]|["vasopressin"-tx-18-"vasopressin"-noun-0]|TX|2351/11|D06.472.699.631.692.781;D12.644.400.900;D12.644.456.925;D12.644.548.691.692.781;D12.776.641.650.937
00000000|MMI|16.63|Epinephrine|C0014563|[horm,orch,phsu]|["EPINEPHRINE"-tx-17-"epinephrine"-noun-0]|TX|2171/11|D02.033.100.291.310;D02.092.063.291.310;D02.092.211.215.311.461;D02.092.311.461
00000000|MMI|16.52|milligram/day|C0439422|[qnco]|["mg/d"-tx-29-"mg d"-noun-0,"mg/d"-tx-27-"mg d"-noun-0,"mg day"-tx-26-"mg day"-noun-0,"mg/d"-tx-26-"mg d"-noun-0,"mg day"-tx-12-"mg day"-noun-0]|TX|3300/2,3312/1;3119/2,3131/1;3003/2,3013/3;3091/2,3103/1;1434/2,1444/3|
00000000|MMI|16.15|day|C0439228|[tmco]|["DAY"-tx-29-"day"-noun-0,"DAY"-tx-26-"day"-noun-0,"DAY"-tx-12-"day"-noun-0,"DAY"-tx-11-"day"-noun-0]|TX|[3252/3],[3281/3];3038/3;1480/3;1364/3|
00000000|MMI|16.15|per day|C0439505|[tmco]|["/day"-tx-29-"day"-noun-0,"/day"-tx-26-"day"-noun-0,"/day"-tx-12-"day"-noun-0,"/day"-tx-11-"day"-noun-0]|TX|[3252/3],[3281/3];3038/3;1480/3;1364/3|
00000000|MMI|15.42|Coronary Arteriosclerosis|C0010054|[dsyn]|["coronary artery disease"-tx-1-"CORONARY ARTERY DISEASE"-noun-0]|TX|197/23|C14.280.647.250.260;C14.907.137.126.339;C14.907.585.250.260
00000000|MMI|15.42|Coronary Artery Disease|C1956346|[dsyn]|["CORONARY ARTERY DISEASE"-tx-1-"CORONARY ARTERY DISEASE"-noun-0]|TX|197/23|C14.280.647.250.260;C14.907.137.126.339;C14.907.585.250.260
00000000|MMI|14.12|Chlorides|C0008203|[inch]|["Chloride, NOS"-tx-30-"chloride"-noun-0]|TX|3415/8|D01.210.450.150;D01.248.497.158.215
00000000|MMI|14.08|Creatinine|C0010294|[bacs,orch]|["CREATININE"-tx-30-"creatinine"-noun-0]|TX|3369/10|D03.383.129.308.207
00000000|MMI|14.08|Hematocrit procedure|C0018935|[lbpr]|["Hematocrit"-tx-30-"hematocrit"-noun-0]|TX|3497/10|E01.370.225.625.400;E05.200.625.400;G09.188.370.374
00000000|MMI|14.02|Nitroglycerin|C0017887|[orch,phsu]|["nitroglycerine"-tx-17-"nitroglycerin"-noun-0]|TX|2196/13|D02.033.800.421.560;D02.640.636
00000000|MMI|14.01|Hypokinesia|C0086439|[sosy]|["Hypokinesis"-tx-4-"hypokinesis"-noun-0]|TX|936/11|C10.597.350.400;C23.888.592.350.400
00000000|MMI|13.91|Dominican Republic|C0013014|[geoa]|["DR"-tx-31-"Dr"-noun-0]|TX|3599/2|Z01.107.084.900.300;Z01.639.880.300
00000000|MMI|12.83|Saphenous vein graft|C0729538|[bpoc]|["SAPHENOUS VEIN GRAFT"-tx-14-"saphenous vein graft"-noun-0]|TX|[1728/20],[1769/20],[1803/20],[1868/20]|
00000000|MMI|12.81|Diameter (qualifier value)|C1301886|[qnco]|["DIAMETER"-tx-5-"diameter"-noun-0,"DIAMETER"-tx-2-"diameter"-noun-0]|TX|[982/8],[1008/8];[578/8],[602/8]|
00000000|MMI|12.69|Coronary heart disease|C0010068|[dsyn]|["Coronary (artery) disease"-tx-1-"CORONARY ARTERY DISEASE"-noun-0]|TX|197/23|C14.280.647.250;C14.907.585.250
00000000|MMI|12.69|Hand|C0018563|[bpoc]|["HAND"-tx-7-"hand"-noun-0]|TX|1176/4|A01.378.800.667
00000000|MMI|12.69|Hospitalization|C0019993|[hlca]|["hospitalisation"-tx-24-"hospitalization"-noun-0]|TX|2809/15|E02.760.400;N02.421.585.400
00000000|MMI|12.69|Traffic accidents|C0000932|[inpo]|["motor vehicle accident"-tx-8-"motor vehicle accident"-noun-0]|TX|1194/22|N06.850.135.392
00000000|MMI|11.81|Time|C0040223|[tmco]|["TIME"-tx-15-"time"-noun-0]|TX|[1956/4],[1991/4]|G01.910
00000000|MMI|11.42|Atrial Fibrillation|C0004238|[dsyn]|["ATRIAL FIBRILLATION"-tx-22-"atrial fibrillation"-noun-0]|TX|2596/19|C14.280.067.198;C23.550.073.198
00000000|MMI|11.39|intensive care unit|C0021708|[hcro,mnob]|["INTENSIVE CARE UNIT"-tx-17-"intensive care unit"-noun-0]|TX|2136/19|N02.278.388.493
00000000|MMI|11.39|Blood Platelets|C0005821|[cell]|["Platelets"-tx-30-"platelets"-noun-0]|TX|3515/9|A11.118.188;A15.145.229.188
00000000|MMI|11.39|Calcium|C0006675|[bacs,elii,phsu]|["CALCIUM"-tx-30-"calcium"-noun-0]|TX|3455/7|D01.268.552.100;D01.552.539.288;D23.119.100;x.x.x.x
00000000|MMI|11.39|Glucose|C0017725|[bacs,orch,phsu]|["GLUCOSE"-tx-30-"Glucose"-noun-0]|TX|3347/7|D09.546.359.448
00000000|MMI|11.39|Sodium|C0037473|[bacs,elii]|["SODIUM"-tx-30-"sodium"-noun-0]|TX|3386/6|D01.268.549.750;D01.268.557.650;D01.552.528.850;D01.552.547.725;x.x.x.x
00000000|MMI|11.39|Ukraine|C0041580|[geoa]|["UP"-tx-3-"up"-adj-0]|TX|752/2|Z01.542.248.960;Z01.586.200.960;Z01.586.950.960
00000000|MMI|11.34|Potassium|C0032821|[elii]|["POTASSIUM"-tx-30-"potassium"-noun-0]|TX|3399/9|D01.268.549.550;D01.268.557.575;D01.552.528.652;D01.552.547.650;x.x.x.x
00000000|MMI|11.31|Niferex|C0212019|[orch,phsu]|["Niferex"-tx-26-"Niferex"-noun-0]|TX|3079/7|x.x.x.x
00000000|MMI|11.31|Zantac|C0592278|[orch,phsu]|["Zantac"-tx-27-"Zantac"-noun-0]|TX|3108/6|D03.383.312.750
00000000|MMI|11.31|General surgery specialty|C1274039|[bmod]|["Surgery"-tx-13-"surgery"-noun-0]|TX|1563/7|H02.403.810.300
00000000|MMI|11.31|Oxygen|C0030054|[elii,phsu]|["OXYGEN"-tx-18-"oxygen"-noun-0]|TX|2264/6|D01.268.185.550;D01.362.670;x.x.x.x
00000000|MMI|11.28|Wound Healing|C0043240|[orgf]|["Repair, NOS"-tx-9-"repair"-noun-0]|TX|1264/6|G16.100.856.891
00000000|MMI|11.19|Chondroitin|C0008454|[bacs,orch,phsu]|["CHONDROITIN"-tx-12-"chondroitin"-noun-0]|TX|1462/11|D09.698.373.200;x.x.x.x
00000000|MMI|11.18|Physicians|C0031831|[prog]|["DR"-tx-31-"Dr"-noun-0]|TX|3599/2|M01.526.485.810;N02.360.810
00000000|MMI|11.16|Caucasoid Race|C0007457|[popg]|["WHITE"-tx-2-"white"-adj-0]|TX|287/5|M01.686.508.400
00000000|MMI|9.57|Magnesium Cation|C2346927|[elii,phsu]|["Magnesium 2+"-tx-30-"magnesium 2"-noun-0,"Mg++"-tx-28-"mg"-noun-0,"Mg++"-tx-11-"mg"-noun-0]|TX|3439/11;3153/2;1396/2|
00000000|MMI|9.49|Operative Surgical Procedures|C0543467|[hlca]|["Operation"-tx-16-"operation"-noun-0,"Surgery"-tx-13-"surgery"-noun-0,"Surgical"-tx-7-"SURGICAL"-adj-0]|TX|2051/9;1563/7;1096/8|E04
00000000|MMI|9.37|Send (transmission)|C1519246|[ftcn]|["Sent"-tx-25-"sent"-verb-0,"Sent"-tx-19-"sent"-verb-0,"Sent"-tx-18-"sent"-verb-0]|TX|2907/4;2388/4;2300/4|
00000000|MMI|9.37|Cardiologist|C0175906|[prog]|["Cardiologist"-tx-32-"cardiologist"-noun-0,"Cardiologist"-tx-24-"cardiologist"-noun-0,"Cardiologist"-tx-22-"cardiologist"-noun-0]|TX|3632/12;2862/12;2721/12|
00000000|MMI|9.19|1+|C3816745|[fndg]|["1+"-tx-38-"1"-fraction-0,"1+"-tx-3-"1"-integer-0]|TX|[3904/1],[3915/1];768/1|
00000000|MMI|9.19|1+ Score|C2827734|[qnco]|["1+"-tx-38-"1"-fraction-0,"1+"-tx-3-"1"-integer-0]|TX|[3904/1],[3915/1];768/1|
00000000|MMI|9.19|1+ Score, WHO|C2981698|[clas]|["1+"-tx-38-"1"-fraction-0,"1+"-tx-3-"1"-integer-0]|TX|[3904/1],[3915/1];768/1|
00000000|MMI|9.17|30%|C3842588|[fndg]|["30%"-tx-30-"30"-integer-0,"30%"-tx-14-"30"-integer-0,"30%"-tx-3-"30"-integer-0]|TX|3364/2;1930/2;778/2|
00000000|MMI|9.02|Doctor of Medicine|C1512018|[inpr]|["M.D."-tx-36-"M.D"-noun-0,"M.D."-tx-34-"M.D"-noun-0]|TX|3846/3;3801/3|
00000000|MMI|9.02|Hypertension Adverse Event|C1963138|[fndg]|["Hypertension"-tx-7-"Hypertension"-noun-0,"Hypertension"-tx-2-"hypertension"-noun-0]|TX|1114/12;368/12|
00000000|MMI|9.02|Out (direction)|C0439787|[spco]|["Out"-tx-22-"out"-adv-0,"Out"-tx-19-"out"-adv-0]|TX|2623/3;2480/3|
00000000|MMI|9.02|Removed|C0849355|[qlco]|["Out"-tx-22-"out"-adv-0,"Out"-tx-19-"out"-adv-0]|TX|2623/3;2480/3|
00000000|MMI|8.91|Tracheal Extubation|C0553891|[topp]|["Extubate"-tx-18-"extubated"-verb-0]|TX|2273/9|E02.041.249;E05.008
00000000|MMI|8.72|Drug Allergy|C0013182|[dsyn]|["Drug Allergies"-tx-10-"drug allergies"-noun-1]|TX|1300/14|C20.543.206;C25.100.468
00000000|MMI|8.65|Calcium, Dietary|C0006726|[inch]|["Calcium"-tx-30-"calcium"-noun-0]|TX|3455/7|D01.146.315
00000000|MMI|8.61|Chest Tubes|C0008034|[medd]|["Chest Tubes"-tx-19-"chest tubes"-noun-0]|TX|2444/11|E07.858.150
00000000|MMI|8.53|Males|C0086582|[orga]|["MALE"-tx-2-"male"-noun-0]|TX|293/4|x.x.x
00000000|MMI|8.44|Laboratory|C0022877|[mnob,orgt]|["LABORATORY"-tx-30-"LABORATORY"-noun-0]|TX|3315/10|N02.278.487
00000000|MMI|7.22|Hypersensitivity|C0020517|[patf]|["Allergies"-tx-10-"ALLERGIES"-noun-0]|TX|1280/9|C20.543
00000000|MMI|6.92|Show|C1547282|[anim]|["Show"-tx-4-"showed"-verb-0,"Show"-tx-2-"showing"-verb-0]|TX|833/6;471/7|
00000000|MMI|6.60|Shortness of breath:-:Point in time:^Patient:-|C2707305|[clna]|["Shortness of breath"-tx-3-"of shortness breath"-noun-0,"Shortness of breath"-tx-3-"shortness of breath"-noun-0]|TX|638/12,654/6;719/19|
00000000|MMI|6.59|Clinical Study Follow-up|C3274571|[hlca]|["FOLLOW-UP"-tx-31-"FOLLOW UP"-adj-0,"FOLLOW-UP"-tx-31-"follow up"-adj-0]|TX|3556/9;3584/9|
00000000|MMI|6.59|Follow-Up Report|C1704685|[inpr]|["Follow-Up"-tx-31-"FOLLOW UP"-adj-0,"Follow-Up"-tx-31-"follow up"-adj-0]|TX|3556/9;3584/9|
00000000|MMI|6.59|Follow-up status|C0589120|[fndg]|["Follow-up"-tx-31-"FOLLOW UP"-adj-0,"Follow-up"-tx-31-"follow up"-adj-0]|TX|3556/9;3584/9|
00000000|MMI|6.59|follow-up|C1522577|[hlca]|["Follow Up"-tx-31-"FOLLOW UP"-adj-0,"Follow Up"-tx-31-"follow up"-adj-0]|TX|3556/9;3584/9|
00000000|MMI|6.48|Increase|C0442805|[ftcn]|["Increased"-tx-22-"increased"-verb-0]|TX|[2678/9],[2704/9]|
00000000|MMI|6.48|Increased|C0205217|[qnco]|["Increased"-tx-22-"increased"-verb-0]|TX|[2678/9],[2704/9]|
00000000|MMI|6.47|Stable Disease|C0677946|[fndg]|["Stable condition"-tx-33-"stable condition"-noun-0,"Stable condition"-tx-25-"stable condition"-noun-0]|TX|3707/16;2933/16|
00000000|MMI|6.47|Stable chronic Graft vs Host Disease|C3538874|[fndg]|["Stable condition"-tx-33-"stable condition"-noun-0,"Stable condition"-tx-25-"stable condition"-noun-0]|TX|3707/16;2933/16|
00000000|MMI|6.40|Minute (diminutive)|C1282918|[qnco]|["minutes"-tx-15-"minutes"-noun-0]|TX|[1969/7],[2004/7]|
00000000|MMI|6.40|Minute Unit of Plane Angle|C2347166|[qnco]|["Minute"-tx-15-"minutes"-noun-0]|TX|[1969/7],[2004/7]|
00000000|MMI|6.40|Minute of time|C0439232|[tmco]|["minutes"-tx-15-"minutes"-noun-0]|TX|[1969/7],[2004/7]|
00000000|MMI|6.40|Per Minute|C0702093|[tmco]|["/minute"-tx-15-"minutes"-noun-0]|TX|[1969/7],[2004/7]|
00000000|MMI|6.40|Small|C0700321|[qnco]|["minutes"-tx-15-"minutes"-noun-0]|TX|[1969/7],[2004/7]|
00000000|MMI|6.33|Stepdown unit|C1627345|[mnob]|["Stepdown unit"-tx-19-"step down unit"-noun-0,"Stepdown unit"-tx-18-"step down unit"-noun-0]|TX|2400/14;2312/14|
00000000|MMI|6.32|Time (foundation metadata concept)|C3541383|[tmco]|["Time"-tx-15-"time"-noun-0]|TX|[1956/4],[1991/4]|
00000000|MMI|6.27|Followed by|C0332283|[tmco]|["Followed by"-tx-24-"followed by"-verb-0,"followed"-tx-2-"followed"-verb-0]|TX|2846/11;396/8|
00000000|MMI|6.26|Milligram percent|C1960952|[qnco]|["mg %"-tx-28-"mg"-noun-0,"mg %"-tx-11-"mg"-noun-0]|TX|3153/2;1396/2|
00000000|MMI|6.26|mg/dL|C0439269|[qnco]|["mg%"-tx-28-"mg"-noun-0,"mg%"-tx-11-"mg"-noun-0]|TX|3153/2;1396/2|
00000000|MMI|6.24|Rehabilitation - specialty|C1306847|[bmod]|["Rehabilitation"-tx-33-"rehabilitation"-noun-0,"Rehabilitation"-tx-25-"rehabilitation"-noun-0]|TX|3689/14;2915/14|
00000000|MMI|6.22|Referring|C0205543|[ftcn]|["Refer"-tx-28-"refer"-verb-0,"Refer"-tx-16-"refer"-verb-0]|TX|3196/5;2061/5|
00000000|MMI|6.20|Echocardiogram (image)|C2243117|[inpr]|["Echocardiogram"-tx-4-"echocardiogram"-noun-0,"Echocardiogram"-tx-2-"echocardiogram"-noun-0]|TX|803/14;438/14|
00000000|MMI|6.15|microgram|C0439211|[qnco]|["mcg"-tx-17-"mcg"-noun-0]|TX|[2188/3],[2215/3]|
00000000|MMI|6.15|miscellaneous Crenarchaeota group|C3463985|[arch]|["MCG"-tx-17-"mcg"-noun-0]|TX|[2188/3],[2215/3]|
00000000|MMI|6.12|23|C0450348|[qnco]|["23"-tx-1-"23"-fraction-0]|TX|[43/2],[121/2]|
00000000|MMI|6.06|Ejection as a Circumstance of Injury|C0302131|[phpr]|["Ejection"-tx-4-"ejection"-noun-0,"Ejection"-tx-2-"ejection"-noun-0]|TX|840/8;512/8|
00000000|MMI|6.06|Ejection as a Sports activity|C0336969|[dora]|["Ejection"-tx-4-"ejection"-noun-0,"Ejection"-tx-2-"ejection"-noun-0]|TX|840/8;512/8|
00000000|MMI|6.06|Ejection time|C0812388|[orga]|["ejection"-tx-4-"ejection"-noun-0,"ejection"-tx-2-"ejection"-noun-0]|TX|840/8;512/8|
00000000|MMI|6.05|Minimum|C1524031|[qlco]|["Trace"-tx-4-"trace"-noun-0,"Trace"-tx-2-"trace"-noun-0]|TX|902/5;539/5|
00000000|MMI|6.05|Sequence Chromatogram|C1883002|[ftcn]|["Trace"-tx-4-"trace"-noun-0,"Trace"-tx-2-"trace"-noun-0]|TX|902/5;539/5|
00000000|MMI|6.05|trace amount|C0442822|[qnco]|["Trace"-tx-4-"trace"-noun-0,"Trace"-tx-2-"trace"-noun-0]|TX|902/5;539/5|
00000000|MMI|6.03|Signature|C1519316|[inpr]|["Signed"-tx-1-"Signed"-noun-0]|TX|[88/6],[144/6]|
00000000|MMI|6.03|signed - ParticipationSignature|C1561610|[inpr]|["signed"-tx-1-"Signed"-noun-0]|TX|[88/6],[144/6]|
00000000|MMI|6.03|Further|C1517331|[spco]|["Further"-tx-28-"further"-adj-0,"Further"-tx-16-"further"-adj-0]|TX|3171/7;2017/7|
00000000|MMI|6.02|M NOS ANTIBODY|C0369637|[aapp,imft]|["M NOS"-tx-11-"m"-adv-0]|TX|[1386/1],[1403/1]|
00000000|MMI|6.02|M+ (tumor staging)|C0441923|[inpr]|["M+"-tx-11-"m"-adv-0]|TX|[1386/1],[1403/1]|
00000000|MMI|5.99|/40|C0439509|[tmco]|["/40"-tx-11-"40"-integer-0,"/40"-tx-4-"40"-integer-0]|TX|1393/2;861/2|
00000000|MMI|5.99|40%|C3842587|[qnco]|["40%"-tx-11-"40"-integer-0,"40%"-tx-4-"40"-integer-0]|TX|1393/2;861/2|
00000000|MMI|5.98|In addition to|C0332287|[ftcn]|["Plus"-tx-4-"plus"-adj-0,"Plus"-tx-2-"plus"-adj-0]|TX|874/4;481/4|
00000000|MMI|5.97|week|C0439230|[tmco]|["WEEKS"-tx-32-"weeks"-noun-0]|TX|[3618/5],[3652/5]|
00000000|MMI|5.89|Elective Surgical Procedures|C0206058|[topp]|["Elective Surgery"-tx-6-"elective surgery"-noun-0]|TX|1052/16|E04.249
00000000|MMI|5.82|Pedestrians|C0450063|[popg]|["Pedestrian"-tx-8-"pedestrian"-adj-0]|TX|1224/10|M01.665
00000000|MMI|5.82|Periodicals|C0031082|[inpr]|["serial"-tx-2-"serial"-adj-0]|TX|410/6|V02.690
00000000|MMI|4.49|20 pounds|C3845313|[fndg]|["20 pounds"-tx-3-"20 pounds"-noun-0]|TX|701/9|
00000000|MMI|4.49|Anterior descending branch of left coronary artery|C0226032|[bpoc]|["Left Anterior Descending Coronary Artery"-tx-14-"left anterior descending coronary artery"-noun-0]|TX|1685/40|
00000000|MMI|4.49|Carcinoma of bladder|C0699885|[neop]|["BLADDER CARCINOMA"-tx-7-"bladder carcinoma"-noun-0]|TX|1129/17|
00000000|MMI|4.49|Congestive heart failure|C0018802|[dsyn]|["CONGESTIVE HEART FAILURE"-tx-2-"congestive heart failure"-noun-0]|TX|341/24|
00000000|MMI|4.49|Does pull|C0580846|[fndg]|["pulled"-tx-19-"pulled"-verb-0]|TX|2473/6|
00000000|MMI|4.49|Does walk|C0600108|[fndg]|["Walks"-tx-3-"walks"-verb-0]|TX|762/5|
00000000|MMI|4.49|Entire hand|C1281583|[bpoc]|["Hand"-tx-7-"hand"-noun-0]|TX|1176/4|
00000000|MMI|4.49|Evaluation and management note:Finding:Point in time:{Setting}:Document:{Provider}|C1316572|[clna]|["Note"-tx-3-"notes"-verb-0]|TX|713/5|
00000000|MMI|4.49|Good|C0205170|[qlco]|["Well"-tx-21-"well"-adv-0]|TX|2540/4|
00000000|MMI|4.49|History of present illness|C0262512|[orga]|["HISTORY OF PRESENT ILLNESS"-tx-2-"HISTORY OF PRESENT ILLNESS"-noun-0]|TX|247/26|
00000000|MMI|4.49|History of present illness:Finding:Point in time:^Patient:Nominal:Reported|C0488508|[clna]|["History of present illness"-tx-2-"HISTORY OF PRESENT ILLNESS"-noun-0]|TX|247/26|
00000000|MMI|4.49|Hospital course|C0489547|[fndg]|["Hospital course"-tx-13-"HOSPITAL COURSE"-noun-0]|TX|1485/15|
00000000|MMI|4.49|Hospital course:Finding:Point in time:^Patient:Narrative|C0488549|[clna]|["Hospital course"-tx-13-"HOSPITAL COURSE"-noun-0]|TX|1485/15|
00000000|MMI|4.49|Low-Dose Aspirin|C2608320|[orch,phsu]|["Baby Aspirin"-tx-12-"baby aspirin"-noun-0]|TX|1408/12|
00000000|MMI|4.49|March|C3829202|[qlco]|["March"-tx-14-"March"-noun-0]|TX|1575/5|
00000000|MMI|4.49|Medications:-:Point in time:^Patient:-|C2598133|[clna]|["Medications"-tx-11-"MEDICATIONS"-noun-0]|TX|1316/11|
00000000|MMI|4.49|Medications:Presence or Identity:Duration of the study:^Patient:Nominal|C0802604|[clna]|["Medications"-tx-11-"MEDICATIONS"-noun-0]|TX|1316/11|
00000000|MMI|4.49|Motor vehicle accident|C2939181|[phpr]|["MOTOR VEHICLE ACCIDENT"-tx-8-"motor vehicle accident"-noun-0]|TX|1194/22|
00000000|MMI|4.49|Normal sinus rhythm|C0232202|[fndg]|["NORMAL SINUS RHYTHM"-tx-33-"normal sinus rhythm"-noun-0]|TX|3750/19|
00000000|MMI|4.49|Note (document)|C1317574|[inpr]|["Notes"-tx-3-"notes"-verb-0]|TX|713/5|
00000000|MMI|4.49|Occupational Therapist - hand|C1551142|[prog]|["Hand"-tx-7-"hand"-noun-0]|TX|1176/4|
00000000|MMI|4.49|On admission|C0457453|[tmco]|["On admission"-tx-11-"ON ADMISSION"-adj-0]|TX|1328/12|
00000000|MMI|4.49|Operation Activity|C3241922|[acty]|["Operation"-tx-16-"operation"-noun-0]|TX|2051/9|
00000000|MMI|4.49|Operation, Not Otherwise Specified|C3828701|[acty]|["Operation, Not Otherwise Specified"-tx-16-"operation"-noun-0]|TX|2051/9|
00000000|MMI|4.49|Pharmaceutical Preparations|C0013227|[phsu]|["Medications"-tx-11-"MEDICATIONS"-noun-0]|TX|1316/11|D26
00000000|MMI|4.49|Physical Therapist - Hand|C1551156|[prog]|["Hand"-tx-7-"hand"-noun-0]|TX|1176/4|
00000000|MMI|4.49|Started|C1272689|[qlco]|["Started"-tx-22-"started"-verb-0]|TX|2581/7|
00000000|MMI|4.49|Well|C3146287|[mnob]|["Well"-tx-21-"well"-adv-0]|TX|2540/4|
00000000|MMI|4.49|hand - unit of measure|C1552914|[qnco]|["hand"-tx-7-"hand"-noun-0]|TX|1176/4|
00000000|MMI|3.51|painful rt shoulder|C0241040|[sosy]|["pain right shoulder"-tx-7-"painful right shoulder"-noun-0]|TX|1149/22|
00000000|MMI|3.27|Dyspnea on exertion|C0231807|[sosy]|["Dyspnoea on exertion"-tx-3-"dyspnea on exertion"-noun-0]|TX|666/19|
00000000|MMI|3.25|Day 5|C3842674|[fndg]|["Day 5"-tx-22-"day 5"-noun-0]|TX|2563/5|
00000000|MMI|3.25|Discharge date|C2361123|[tmco]|["Discharge date"-tx-1-"Discharge Date"-noun-0]|TX|151/14|
00000000|MMI|3.25|Discharge date:Time Stamp -- Date and Time:Point in time:^Patient:Quantitative|C2361122|[clna]|["Discharge date"-tx-1-"Discharge Date"-noun-0]|TX|151/14|
00000000|MMI|3.25|White blood cell count laboratory result|C0427512|[lbtr]|["white blood cell count"-tx-30-"white blood cell count"-noun-0]|TX|3467/22|
00000000|MMI|3.22|Atrial Fibrillation Adverse Event|C1963067|[fndg]|["Atrial fibrillation"-tx-22-"atrial fibrillation"-noun-0]|TX|2596/19|
00000000|MMI|3.22|Atrial Fibrillation by ECG Finding|C0344434|[lbtr]|["Atrial Fibrillation"-tx-22-"atrial fibrillation"-noun-0]|TX|2596/19|
00000000|MMI|3.19|Room type - Intensive care unit|C1549475|[idcn]|["Intensive care unit"-tx-17-"intensive care unit"-noun-0]|TX|2136/19|
00000000|MMI|3.19|% index|C1637833|[qnco]|["% index"-tx-37-"Index"-noun-0]|TX|3880/5|
00000000|MMI|3.19|Attending (action)|C1999232|[ftcn]|["attending"-tx-35-"Attending"-noun-0]|TX|3811/9|
00000000|MMI|3.19|Attending (provider role)|C1547429|[prog]|["Attending"-tx-35-"Attending"-noun-0]|TX|3811/9|
00000000|MMI|3.19|CALCIUM SUPPLEMENTS|C3540037|[phsu,vita]|["CALCIUM"-tx-30-"calcium"-noun-0]|TX|3455/7|
00000000|MMI|3.19|Calcium Drug Class|C3714611|[phsu]|["CALCIUM"-tx-30-"calcium"-noun-0]|TX|3455/7|
00000000|MMI|3.19|Calcium [EPC]|C2936886|[phsu]|["Calcium"-tx-30-"calcium"-noun-0]|TX|3455/7|
00000000|MMI|3.19|Chloride Ion|C0596019|[elii]|["CHLORIDE"-tx-30-"chloride"-noun-0]|TX|3415/8|
00000000|MMI|3.19|Hill|C0442532|[spco]|["Hill"-tx-3-"hill"-adj-0]|TX|755/4|
00000000|MMI|3.19|Html Link Type - index|C1552854|[idcn]|["index"-tx-37-"Index"-noun-0]|TX|3880/5|
00000000|MMI|3.19|Index|C0918012|[inpr]|["Index"-tx-37-"Index"-noun-0]|TX|3880/5|
00000000|MMI|3.19|Information|C1533716|[idcn]|["INFORMATION"-tx-16-"information"-noun-0]|TX|2025/11|
00000000|MMI|3.19|Platelets Adverse Event|C1963076|[fndg]|["Platelets"-tx-30-"platelets"-noun-0]|TX|3515/9|
00000000|MMI|3.19|Sodium Cation|C0597484|[elii]|["Sodium+"-tx-30-"sodium"-noun-0]|TX|3386/6|
00000000|MMI|3.19|Sodium Drug Class|C3714642|[phsu]|["SODIUM"-tx-30-"sodium"-noun-0]|TX|3386/6|
00000000|MMI|3.19|Sodium supplements|C3541959|[phsu]|["Sodium"-tx-30-"sodium"-noun-0]|TX|3386/6|
00000000|MMI|3.19|Up|C0547043|[spco]|["Up"-tx-3-"up"-adj-0]|TX|752/2|
00000000|MMI|3.19|Upward|C1282911|[spco]|["Up"-tx-3-"up"-adj-0]|TX|752/2|
00000000|MMI|3.19|cobaltous cation|C2347816|[elii,phsu]|["Co2+"-tx-30-"CO2"-noun-0]|TX|3430/3|
00000000|MMI|3.18|Medication.discharge|C0806915|[fndg]|["Discharge medications"-tx-26-"MEDICATIONS DISCHARGE"-noun-0]|TX|2951/11,2966/9|
00000000|MMI|3.16|Furosemide 80 MG|C0992359|[clnd]|["Furosemide 80 MG"-tx-11-"Lasix 80 mg"-noun-0]|TX|1370/11|
00000000|MMI|3.16|Principal Diagnosis:-:Point in time:^Patient:-|C2598194|[clna]|["Principal Diagnosis"-tx-1-"PRINCIPAL DIAGNOSIS"-noun-0]|TX|176/19|
00000000|MMI|3.16|Principal diagnosis|C0332137|[qlco]|["Principal Diagnosis"-tx-1-"PRINCIPAL DIAGNOSIS"-noun-0]|TX|176/19|
00000000|MMI|3.16|Report status|C0586177|[fndg]|["Report status"-tx-1-"Report Status"-noun-0]|TX|129/13|
00000000|MMI|3.15|Sinus rhythm|C0232201|[fndg]|["SINUS RHYTHM"-tx-23-"sinus rhythm"-noun-0]|TX|2784/12|
00000000|MMI|3.15|dictated - DocumentCompletion|C1609990|[idcn]|["Dictated"-tx-34-"Dictated"-verb-0]|TX|3771/8|
00000000|MMI|3.15|dictated - ParticipationMode|C1548384|[ftcn]|["dictated"-tx-34-"Dictated"-verb-0]|TX|3771/8|
00000000|MMI|3.15|0%|C3842591|[fndg]|["0%"-tx-30-"0"-real_number-0]|TX|3411/1|
00000000|MMI|3.15|Admission date:Time Stamp -- Date and Time:Point in time:^Patient:Quantitative|C2598112|[clna]|["Admission date"-tx-1-"Admission Date"-noun-0]|TX|103/14|
00000000|MMI|3.15|Bypass|C0741847|[topp]|["Bypass"-tx-15-"bypass"-noun-0]|TX|1949/6|
00000000|MMI|3.15|Clamp (device)|C0175721|[medd]|["CLAMP"-tx-15-"clamp"-noun-0]|TX|1985/5|
00000000|MMI|3.15|Clamp Device Component|C1705942|[medd]|["Clamp"-tx-15-"clamp"-noun-0]|TX|1985/5|
00000000|MMI|3.15|Clamping Activity|C1883710|[ftcn]|["Clamp"-tx-15-"clamp"-noun-0]|TX|1985/5|
00000000|MMI|3.15|Creatinine finding|C1561535|[fndg]|["Creatinine"-tx-30-"creatinine"-noun-0]|TX|3369/10|
00000000|MMI|3.15|Date of admission|C1302393|[tmco]|["Admission date"-tx-1-"Admission Date"-noun-0]|TX|103/14|
00000000|MMI|3.15|Hematocrit level|C0518014|[fndg]|["Hematocrit"-tx-30-"hematocrit"-noun-0]|TX|3497/10|
00000000|MMI|3.15|Integrated Neuromusculoskeletal Release|C1704538|[topp]|["INR"-tx-30-"INR"-noun-0]|TX|3547/3|
00000000|MMI|3.15|PDZK1 wt Allele|C3810601|[gngm]|["CLAMP"-tx-15-"clamp"-noun-0]|TX|1985/5|
00000000|MMI|3.15|Pharmacogenomics Trial Characteristics Domain|C3714755|[inpr]|["PT"-tx-30-"PT"-noun-0]|TX|3537/2|
00000000|MMI|3.15|Physical therapy (field)|C0699718|[bmod]|["PT"-tx-30-"PT"-noun-0]|TX|3537/2|
00000000|MMI|3.15|Potassium Drug Class|C3714637|[phsu]|["POTASSIUM"-tx-30-"potassium"-noun-0]|TX|3399/9|
00000000|MMI|3.15|Potassium Ion|C0597277|[elii,phsu]|["Potassium"-tx-30-"potassium"-noun-0]|TX|3399/9|
00000000|MMI|3.15|Potassium measurement|C0202194|[lbpr]|["Potassium+"-tx-30-"potassium"-noun-0]|TX|3399/9|
00000000|MMI|3.15|Potassium supplement|C0304475|[inch,phsu]|["POTASSIUM"-tx-30-"potassium"-noun-0]|TX|3399/9|
00000000|MMI|3.15|Traverse|C2828360|[cnce]|["Cross"-tx-15-"cross"-noun-0]|TX|1979/5|
00000000|MMI|3.14|Posterior interventricular branch of right coronary artery|C0226047|[bpoc]|["Posterior descending coronary artery"-tx-14-"posterior descending coronary artery"-noun-0]|TX|1829/36|
00000000|MMI|3.13|Mitral valvuloplasty|C0396849|[topp]|["MITRAL VALVE REPAIR"-tx-14-"mitral valve repair"-noun-0]|TX|1903/19|
00000000|MMI|3.13|Batch (Response Modality)|C1550176|[inpr]|["Batch"-tx-37-"Batch"-noun-0]|TX|3868/5|
00000000|MMI|3.13|Batch (group)|C1948031|[qnco]|["Batch"-tx-37-"Batch"-noun-0]|TX|3868/5|
00000000|MMI|3.13|Batch Number|C3641829|[inpr]|["BATCH"-tx-37-"Batch"-noun-0]|TX|3868/5|
00000000|MMI|3.13|Internal mammary-coronary artery bypass graft|C1293394|[topp]|["Internal mammary-coronary artery bypass graft"-tx-14-"coronary artery bypass grafting internal mammary"-noun-0]|TX|1612/31,1658/16|
00000000|MMI|3.13|Niferex-150|C0212018|[orch,phsu]|["Niferex-150"-tx-26-"Niferex 150"-noun-0]|TX|3079/11|
00000000|MMI|3.13|Zantac 150|C0724451|[orch,phsu]|["Zantac 150"-tx-27-"Zantac 150"-noun-0]|TX|3108/10|
00000000|MMI|3.12|Fraction of|C1264633|[qnco]|["Fraction of"-tx-4-"fraction of"-noun-0]|TX|849/11|
00000000|MMI|3.12|Surgical operation note:Find:Pt:{Setting}:Doc:{Role}|C0551628|[clna]|["Operative note"-tx-16-"operative note"-noun-0]|TX|2074/14|
00000000|MMI|3.11|50%|C3842586|[fndg]|["50%"-tx-29-"50"-integer-0]|TX|3297/2|
00000000|MMI|3.11|<50|C3843766|[fndg]|["<50"-tx-29-"50"-integer-0]|TX|3297/2|
00000000|MMI|3.11|Pyrexia of unknown origin (excl puerperal)|C0856281|[sosy]|["puo"-tx-1-"PUO"-noun-0]|TX|12/3|
00000000|MMI|3.11|Today|C0310367|[antb,orch]|["Today"-tx-28-"today"-noun-0]|TX|3145/5|
00000000|MMI|3.11|Today (temporal qualifier)|C0750526|[tmco]|["Today"-tx-28-"today"-noun-0]|TX|3145/5|
00000000|MMI|3.11|6 Hours|C1292428|[tmco]|["6H"-tx-26-"6h"-noun-0]|TX|3074/2|
00000000|MMI|3.11|Admission activity|C0809949|[hlca]|["Admitted"-tx-13-"admitted"-verb-0]|TX|1518/8|
00000000|MMI|3.11|Allopathic & Osteopathic Physicians - Surgery|C3853799|[prog]|["Surgery"-tx-13-"surgery"-noun-0]|TX|1563/7|
00000000|MMI|3.11|Hospital admission|C0184666|[hlca]|["admitted"-tx-13-"admitted"-verb-0]|TX|1518/8|
00000000|MMI|3.11|Instruction [Publication Type]|C0302828|[inpr]|["instructions"-tx-28-"instructions"-noun-0]|TX|3205/12|
00000000|MMI|3.11|Instructions|C1442085|[idcn]|["Instructions"-tx-28-"instructions"-noun-0]|TX|3205/12|
00000000|MMI|3.11|Instructions:Text:Point in time:^Patient:Narrative|C3263700|[clna]|["Instructions"-tx-28-"instructions"-noun-0]|TX|3205/12|
00000000|MMI|3.11|November|C3828767|[tmco]|["November"-tx-13-"November"-noun-0]|TX|1530/8|
00000000|MMI|3.11|Surgery specialty|C0038894|[bmod]|["Surgery"-tx-13-"surgery"-noun-0]|TX|1563/7|
00000000|MMI|3.09|Choose (action)|C1707391|[acty]|["Selected"-tx-6-"selected"-verb-0]|TX|1039/8|
00000000|MMI|3.09|Glonoine, nitroglycerine, Homeopathic preparation|C0885378|[orch,phsu]|["nitroglycerine"-tx-17-"nitroglycerin"-noun-0]|TX|2196/13|
00000000|MMI|3.09|Serial Number|C2348188|[inpr]|["SERIAL"-tx-2-"serial"-adj-0]|TX|410/6|
00000000|MMI|3.09|Values|C0042295|[qlco]|["Values"-tx-30-"VALUES"-noun-0]|TX|3326/6|
00000000|MMI|3.08|Dosage|C0178602|[qnco]|["DOSE"-tx-28-"dose"-noun-0]|TX|3179/4|
00000000|MMI|3.08|Dose number:Number:Point in time:^Patient:Quantitative|C1114758|[clna]|["Dose #"-tx-28-"dose"-noun-0]|TX|3179/4|
00000000|MMI|3.08|Surgical repair|C0374711|[topp]|["Repair, NOS"-tx-9-"repair"-noun-0]|TX|1264/6|
00000000|MMI|3.08|Surgical transfer - action|C0348011|[ftcn]|["transferred"-tx-17-"transferred"-verb-0]|TX|2121/11|
00000000|MMI|3.08|Transfer Technique|C1705822|[ftcn]|["Transferred"-tx-17-"transferred"-verb-0]|TX|2121/11|
00000000|MMI|3.08|Unit dose|C0869039|[qnco]|["Dose"-tx-28-"dose"-noun-0]|TX|3179/4|
00000000|MMI|3.08|times/morning|C4039275|[qnco]|["times/morning"-tx-22-"morning time"-noun-0]|TX|2649/12|
00000000|MMI|3.08|British Mile|C2347127|[qnco]|["mile"-tx-3-"mile"-noun-0]|TX|770/4|
00000000|MMI|3.08|Miles|C0331865|[qnco]|["Mile"-tx-3-"mile"-noun-0]|TX|770/4|
00000000|MMI|3.08|Ramus Intermedius Artery|C3538818|[bpoc]|["RAMUS"-tx-14-"ramus"-noun-0]|TX|1795/5|
00000000|MMI|3.08|Survey Mile|C2348616|[qnco]|["mile"-tx-3-"mile"-noun-0]|TX|770/4|
00000000|MMI|3.07|Diagonal|C0443198|[spco]|["Diagonal"-tx-14-"diagonal"-adj-0]|TX|1754/8|
00000000|MMI|3.07|One|C0205447|[qnco]|["ONE"-tx-14-"one"-noun-0]|TX|1763/3|
00000000|MMI|3.07|Male Gender, Self Report|C1706180|[qlco]|["Male"-tx-2-"male"-noun-0]|TX|293/4|
00000000|MMI|3.07|Male Phenotype|C1706428|[qlco]|["Male"-tx-2-"male"-noun-0]|TX|293/4|
00000000|MMI|3.07|Male, Self-Reported|C1706429|[orga]|["Male"-tx-2-"male"-noun-0]|TX|293/4|
00000000|MMI|3.06|Left|C0205091|[spco]|["LEFT"-tx-14-"left"-noun-0]|TX|1653/4|
00000000|MMI|3.06|Left sided|C0443246|[spco]|["Left"-tx-14-"left"-noun-0]|TX|1653/4|
00000000|MMI|3.06|Table Cell Horizontal Align - left|C1552822|[ftcn]|["left"-tx-14-"left"-noun-0]|TX|1653/4|
00000000|MMI|3.03|4+ Answer to question|C3838679|[fndg]|["4+"-tx-17-"4"-integer-0]|TX|2186/1|
00000000|MMI|3.03|Digoxin 0.25 MG|C0985544|[clnd]|["Digoxin 0.25 MG"-tx-29-"digoxin 0.25 mg"-noun-0]|TX|3258/15|
00000000|MMI|3.03|Medical History|C0262926|[fndg]|["Past Medical History"-tx-7-"PAST MEDICAL HISTORY"-noun-0]|TX|1070/20|
00000000|MMI|3.03|PMH - past medical history|C0455458|[fndg]|["Past medical history"-tx-7-"PAST MEDICAL HISTORY"-noun-0]|TX|1070/20|
00000000|MMI|3.03|Potassium Chloride 20 MEQ|C0989074|[clnd]|["Potassium Chloride 20 MEQ"-tx-29-"Potassium chloride 20 mEq"-noun-0]|TX|3219/25|
00000000|MMI|3.03|Slow|C0439834|[qlco]|["Slow"-tx-18-"slow"-adj-0]|TX|2333/4|
00000000|MMI|3.02|Atenolol 25 MG|C0983888|[clnd]|["Atenolol 25 MG"-tx-11-"Atenolol 25 mg"-noun-0]|TX|1342/14|
00000000|MMI|3.02|Phase II/III Trial|C1519042|[resa]|["2-3"-tx-4-"2-3"-integer-0]|TX|870/3|
00000000|MMI|3.02|Ibuprofen 400 MG|C0992428|[clnd]|["Ibuprofen 400 MG"-tx-26-"ibuprofen 400 mg"-noun-0]|TX|3044/13,3062/2|
00000000|MMI|3.02|Ibuprofen 600 MG|C0986667|[clnd]|["Ibuprofen 600 MG"-tx-26-"ibuprofen 600 mg"-noun-0]|TX|3044/9,3058/6|
00000000|MMI|3.01|% of total|C0439175|[qnco]|["% total"-tx-15-"Total"-adj-0]|TX|1943/5|
00000000|MMI|3.01|Day 2|C3842676|[fndg]|["Day 2"-tx-19-"day 2"-noun-0]|TX|2432/5|
00000000|MMI|3.01|Furosemide 40 MG|C0986199|[clnd]|["Furosemide 40 MG"-tx-26-"Lasix 40 mg"-noun-0]|TX|3019/11|
00000000|MMI|3.01|Known|C0205309|[qlco]|["Known"-tx-10-"known"-adj-0]|TX|1294/5|
00000000|MMI|3.01|Total|C0439810|[qlco]|["Total"-tx-15-"Total"-adj-0]|TX|1943/5|
00000000|MMI|3.01|aspirin enteric coated|C0718690|[orch,phsu]|["enteric coated aspirin"-tx-26-"Enteric coated aspirin"-noun-0]|TX|2977/22|
00000000|MMI|3.00|+2|C0740116|[qnco]|["+2"-tx-1-"2"-fraction-0]|TX|167/1|
00000000|MMI|3.00|2+|C3833492|[fndg]|["2+"-tx-1-"2"-fraction-0]|TX|167/1|
00000000|MMI|3.00|2+ Score|C2827735|[qnco]|["2+"-tx-1-"2"-fraction-0]|TX|167/1|
00000000|MMI|3.00|2+ Score, WHO|C2981700|[clas]|["2+"-tx-1-"2"-fraction-0]|TX|167/1|
00000000|MMI|2.99|Diagnostic interview schedule|C0451119|[inpr]|["DIS"-tx-1-"DIS"-noun-0]|TX|97/3|
00000000|MMI|2.99|Discontinued|C1444662|[fndg]|["DIS"-tx-1-"DIS"-noun-0]|TX|97/3|
00000000|MMI|2.99|Surgical service|C0587668|[hlca]|["Surgical"-tx-7-"SURGICAL"-adj-0]|TX|1096/8|
00000000|MMI|2.99|Avapro|C0595301|[orch,phsu]|["Avapro"-tx-12-"Avapro"-noun-0]|TX|1423/6|
00000000|MMI|2.99|30 Minutes|C1442458|[tmco]|["30 Minutes"-tx-3-"30 minutes"-noun-0]|TX|778/10|
00000000|MMI|2.99|per 30 minutes|C0456693|[tmco]|["30 minute"-tx-3-"30 minutes"-noun-0]|TX|778/10|
00000000|MMI|2.99|1 Minute|C0470296|[qnco]|["1 Minute"-tx-3-"1 minutes"-noun-0]|TX|768/1,781/7|
00000000|MMI|2.99|Fraction of 1|C3642197|[qnco]|["Fraction of 1"-tx-2-"1 fraction of"-noun-0]|TX|479/1,521/11|
00000000|MMI|2.98|Age|C0001779|[orga]|["AGE"-tx-8-"age"-noun-0]|TX|1238/3|
00000000|MMI|2.98|Body Fluid Discharge|C0012621|[bdsu]|["Discharge"-tx-30-"DISCHARGE"-noun-0]|TX|3336/9|
00000000|MMI|2.98|Delayed Release Dosage Form|C1707664|[bodm]|["DR"-tx-31-"Dr"-noun-0]|TX|3599/2|
00000000|MMI|2.98|Device to Subject Relationship Domain|C3540849|[inpr]|["DR"-tx-31-"Dr"-noun-0]|TX|3599/2|
00000000|MMI|2.98|Discharge, body substance|C2926602|[bdsu]|["Discharge"-tx-30-"DISCHARGE"-noun-0]|TX|3336/9|
00000000|MMI|2.98|Doctor - Title|C2348314|[cnce]|["Dr."-tx-31-"Dr"-noun-0]|TX|3599/2|
00000000|MMI|2.98|July|C3829447|[qlco]|["July"-tx-4-"July"-noun-0]|TX|821/4|
00000000|MMI|2.98|Laboratory domain|C3244292|[ftcn]|["laboratory"-tx-30-"LABORATORY"-noun-0]|TX|3315/10|
00000000|MMI|2.98|Repeat|C0205341|[ftcn]|["Repeat"-tx-4-"Repeat"-noun-0]|TX|796/6|
00000000|MMI|2.98|Repeat Object|C1705914|[cnce]|["Repeat"-tx-4-"Repeat"-noun-0]|TX|796/6|
00000000|MMI|2.98|Repeat Pattern|C1547730|[tmco]|["Repeat"-tx-4-"Repeat"-noun-0]|TX|796/6|
00000000|MMI|2.97|Bilateral cataracts (disorder)|C0521707|[acab]|["Bilateral Cataracts"-tx-9-"Bilateral cataract"-noun-0]|TX|1245/18|
00000000|MMI|2.97|Congenital Bilateral Cataracts|C3277059|[dsyn]|["Bilateral cataracts"-tx-9-"Bilateral cataract"-noun-0]|TX|1245/18|
00000000|MMI|2.97|