00000000|MMI|16.25|Lethargy|C0023380|[sosy]|["LETHARGY"-tx-1-"lethargy"-noun-0]|TX|77/8|C10.597.606.441;C23.888.592.604.444;F01.700.470
00000000|MMI|13.03|Gait, Unsteady|C0231686|[fndg]|["Gait, Unsteady"-tx-1-"unsteady gait"-noun-0]|TX|88/13|C10.597.404;C23.888.592.413
00000000|MMI|12.88|Etiology|C1314792|[ftcn]|["Etiology"-tx-1-"etiology"-noun-0]|TX|113/8|N05.715.350.200;N06.850.490.625
00000000|MMI|9.73|Etiology aspects|C0015127|[ftcn]|["etiology"-tx-1-"etiology"-noun-0]|TX|113/8|x.x.x
00000000|MMI|6.98|+2|C0740116|[qnco]|["+2"-tx-1-"2"-fraction-0,"+2"-tx-1-"2"-integer-0]|TX|[66/1],[148/1];[66/1],[148/1]|
00000000|MMI|6.98|2+|C3833492|[fndg]|["2+"-tx-1-"2"-fraction-0,"2+"-tx-1-"2"-integer-0]|TX|[66/1],[148/1];[66/1],[148/1]|
00000000|MMI|6.98|2+ Score|C2827735|[qnco]|["2+"-tx-1-"2"-fraction-0,"2+"-tx-1-"2"-integer-0]|TX|[66/1],[148/1];[66/1],[148/1]|
00000000|MMI|6.98|2+ Score, WHO|C2981700|[clas]|["2+"-tx-1-"2"-fraction-0,"2+"-tx-1-"2"-integer-0]|TX|[66/1],[148/1];[66/1],[148/1]|
00000000|MMI|3.65|Report status|C0586177|[fndg]|["Report status"-tx-1-"Report Status"-noun-0]|TX|157/13|
00000000|MMI|3.64|10 - 12|C3843787|[fndg]|["10 - 12"-tx-1-"10 12"-fraction-0]|TX|41/2,52/2|
00000000|MMI|3.59|Pyrexia of unknown origin (excl puerperal)|C0856281|[sosy]|["puo"-tx-1-"PUO"-noun-0]|TX|12/3|
00000000|MMI|3.48|Episode of|C0332189|[tmco]|["Episodes"-tx-1-"episodes"-noun-0]|TX|68/8|
00000000|MMI|3.45|Date of admission|C1302393|[tmco]|["Date of admission"-tx-1-"of Admission Date"-noun-0]|TX|102/2,132/14|
00000000|MMI|3.42|Diagnostic interview schedule|C0451119|[inpr]|["DIS"-tx-1-"DIS"-noun-0]|TX|126/3|
00000000|MMI|3.42|Discontinued|C1444662|[fndg]|["DIS"-tx-1-"DIS"-noun-0]|TX|126/3|
00000000|MMI|3.42|Science of Etiology|C1524003|[cnce]|["Etiology"-tx-1-"etiology"-noun-0]|TX|113/8|
00000000|MMI|232.60|Togo|C0040363|[geoa]|["TO"-tx-37-"to"-adv-0,"TO"-tx-33-"to"-adv-0,"TO"-tx-32-"To"-adv-0,"TO"-tx-29-"to"-adv-0,"TO"-tx-24-"to"-adv-0,"TO"-tx-7-"to"-adv-0,"TO"-tx-5-"to"-adv-0,"TO"-tx-2-"TO"-adv-0]|TX|4168/2;3817/2;3684/2;[3436/2],[3487/2];[3093/2],[3146/2];1727/2;1524/2;540/2|Z01.058.290.190.800
00000000|MMI|232.60|Tryptophanase|C0041260|[aapp,enzy]|["TO"-tx-37-"to"-adv-0,"TO"-tx-33-"to"-adv-0,"TO"-tx-32-"To"-adv-0,"TO"-tx-29-"to"-adv-0,"TO"-tx-24-"to"-adv-0,"TO"-tx-7-"to"-adv-0,"TO"-tx-5-"to"-adv-0,"TO"-tx-2-"TO"-adv-0]|TX|4168/2;3817/2;3684/2;[3436/2],[3487/2];[3093/2],[3146/2];1727/2;1524/2;540/2|D08.811.520.224.800
00000000|MMI|101.54|Patient Discharge|C0030685|[hlca]|["Discharge"-tx-39-"DISCHARGE"-noun-0,"Discharge"-tx-36-"DISCHARGE"-noun-0,"Discharge"-tx-3-"DISCHARGE"-noun-0,"Discharge"-tx-1-"DISCHARGE"-noun-0,"Patient Discharge"-tx-1-"DISCHARGE PATIENT"-noun-0]|TX|4330/9;4048/9;713/9;38/9;120/17|E02.204.125;E02.760.400.610;N02.421.192.125;N02.421.585.400.610;N04.590.233.727.210.125
00000000|MMI|67.89|Drowsiness|C0013144|[fndg]|["Sleepiness"-tx-7-"sleepiness"-noun-0,"SOMNOLENT"-tx-5-"somnolent"-adj-0,"Sleepiness"-tx-5-"sleepiness"-noun-0,"Sleepiness"-tx-4-"sleepiness"-noun-0]|TX|1752/10;1504/9;1426/10;1377/10|F02.830.855.796;G11.561.600.815.754
00000000|MMI|67.72|To|C1883351|[qlco]|["To"-tx-37-"to"-adv-0,"To"-tx-33-"to"-adv-0,"To"-tx-32-"To"-adv-0,"To"-tx-29-"to"-adv-0,"To"-tx-24-"to"-adv-0,"To"-tx-7-"to"-adv-0,"To"-tx-5-"to"-adv-0,"To"-tx-2-"TO"-adv-0]|TX|4168/2;3817/2;3684/2;[3436/2],[3487/2];[3093/2],[3146/2];1727/2;1524/2;540/2|
00000000|MMI|66.75|Blood Glucose|C0005802|[orch]|["blood sugars"-tx-33-"blood sugars"-noun-0,"blood sugars"-tx-32-"blood sugars"-noun-0,"blood sugars"-tx-29-"blood sugars"-noun-0,"Blood Sugar"-tx-20-"blood sugar"-noun-0]|TX|3831/12;3706/12;3498/12;2803/11|D09.546.359.448.500
00000000|MMI|53.35|Patients|C0030705|[podg]|["*^patient"-tx-31-"Patient"-noun-0,"*^patient"-tx-24-"patient"-noun-0,"*^patient"-tx-20-"Patient"-noun-0,"*^patient"-tx-19-"patient"-noun-0,"*^patient"-tx-18-"Patient"-noun-0,"*^patient"-tx-7-"Patient"-noun-0,"*^patient"-tx-6-"patient"-noun-0]|TX|3581/7;3044/7;2706/7;2669/7;2531/7;1676/7;1593/7|M01.643
00000000|MMI|49.79|Lethargy|C0023380|[sosy]|["LETHARGY"-tx-3-"lethargy"-noun-0,"LETHARGY"-tx-3-"lethargy"-noun-1]|TX|[678/8],[793/8],[1148/8];[678/8],[793/8],[1148/8]|C10.597.606.441;C23.888.592.604.444;F01.700.470
00000000|MMI|49.25|Dominican Republic|C0013014|[geoa]|["DR"-tx-36-"Dr"-noun-0,"DR"-tx-25-"Dr"-noun-0,"DR"-tx-2-"Dr"-noun-0]|TX|4097/2;3196/2;589/2|Z01.107.084.900.300;Z01.639.880.300
00000000|MMI|49.24|Seizures|C0036572|[sosy]|["SEIZURE"-tx-37-"seizure"-noun-0,"SEIZURE"-tx-28-"seizure"-noun-0,"SEIZURE"-tx-22-"seizure"-noun-0]|TX|4199/7;3371/7;2926/7|C10.228.140.490.631;C10.597.742;C23.888.592.742
00000000|MMI|49.05|Metformin|C0025598|[orch,phsu]|["METFORMIN"-tx-32-"metformin"-noun-0,"METFORMIN"-tx-6-"metformin"-noun-0,"METFORMIN"-tx-2-"METFORMIN"-noun-0]|TX|3785/9;1626/9;473/9|D02.078.370.141.450
00000000|MMI|48.50|diagnosis aspect|C1704338|[qlco]|["diagnosis"-tx-3-"DIAGNOSIS"-noun-0]|TX|[656/9],[844/9]|x.x.x.x.x.x.x
00000000|MMI|45.09|Coding|C0009219|[ocac]|["code"-tx-2-"CODE"-noun-0,"code"-tx-2-"code"-noun-0]|TX|273/4;291/4|N04.452.758.708.200.400.500;N04.452.859.564.274;N05.715.360.300.715.500.249;N06.850.520.308.940.968.249
00000000|MMI|40.57|Neurology speciality|C0027855|[bmod]|["Neurology"-tx-28-"Neurology"-noun-0,"NEURO"-tx-16-"neuro"-adj-0,"NEURO"-tx-10-"neuro"-adj-0,"NEURO"-tx-9-"neuro"-adj-0]|TX|3340/9;2422/5;2050/5;1857/5|H02.403.600
00000000|MMI|39.91|Gait, Unsteady|C0231686|[fndg]|["Gait, Unsteady"-tx-3-"unsteady gait"-noun-0,"Gait, Unsteady"-tx-3-"unsteady gait"-noun-1]|TX|[689/13],[804/13],[1159/13];[689/13],[804/13],[1159/13]|C10.597.404;C23.888.592.413
00000000|MMI|39.63|Physicians|C0031831|[prog]|["DR"-tx-36-"Dr"-noun-0,"DR"-tx-25-"Dr"-noun-0,"DR"-tx-2-"Dr"-noun-0]|TX|4097/2;3196/2;589/2|M01.526.485.810;N02.360.810
00000000|MMI|39.40|Rabbi|C0684010|[prog]|["R."-tx-37-"r"-adj-0,"R."-tx-27-"r"-adj-0,"R."-tx-3-"R"-noun-0]|TX|4195/1;3281/1;1101/1|M01.526.799.500
00000000|MMI|32.86|Fat-Restricted Diet|C0242970|[topp]|["Low fat diet, NOS"-tx-20-"low-fat diet"-noun-0,"low fat"-tx-2-"Low fat"-noun-0]|TX|2778/7,2792/4;511/3,529/3|E02.642.249.260;G07.203.650.240.260
00000000|MMI|32.68|Hyperlipidemia|C0020473|[dsyn]|["Hyperlipidaemia, NOS"-tx-4-"hyperlipidemia"-noun-0,"Hyperlipidaemia, NOS"-tx-3-"hyperlipidemia"-noun-0]|TX|1249/14;961/14|C18.452.584.500.500
00000000|MMI|32.50|Glyburide|C0017628|[orch,phsu]|["GLYBURIDE"-tx-32-"glyburide"-noun-0,"GLYBURIDE"-tx-2-"GLYBURIDE"-noun-0]|TX|3727/9;436/9|D02.886.590.795.575;D02.948.828.575
00000000|MMI|29.46|Evaluation|C0220825|[hlca]|["Evaluate"-tx-37-"evaluate"-verb-0,"Evaluated"-tx-27-"evaluated"-verb-0]|TX|4171/8;3231/9|E05.337;N05.715.360.335
00000000|MMI|28.80|Abortion consent:Finding:Point in time:^Patient:Document|C2360836|[clna]|["Patient"-tx-31-"Patient"-noun-0,"Patient"-tx-24-"patient"-noun-0,"Patient"-tx-20-"Patient"-noun-0,"Patient"-tx-19-"patient"-noun-0,"Patient"-tx-18-"Patient"-noun-0,"Patient"-tx-7-"Patient"-noun-0,"Patient"-tx-6-"patient"-noun-0]|TX|3581/7;3044/7;2706/7;2669/7;2531/7;1676/7;1593/7|
00000000|MMI|28.80|Hysterectomy consent:Finding:Point in time:^Patient:Document|C2360838|[clna]|["Patient"-tx-31-"Patient"-noun-0,"Patient"-tx-24-"patient"-noun-0,"Patient"-tx-20-"Patient"-noun-0,"Patient"-tx-19-"patient"-noun-0,"Patient"-tx-18-"Patient"-noun-0,"Patient"-tx-7-"Patient"-noun-0,"Patient"-tx-6-"patient"-noun-0]|TX|3581/7;3044/7;2706/7;2669/7;2531/7;1676/7;1593/7|
00000000|MMI|28.80|Sterilization consent:Finding:Point in time:^Patient:Document|C2360840|[clna]|["Patient"-tx-31-"Patient"-noun-0,"Patient"-tx-24-"patient"-noun-0,"Patient"-tx-20-"Patient"-noun-0,"Patient"-tx-19-"patient"-noun-0,"Patient"-tx-18-"Patient"-noun-0,"Patient"-tx-7-"Patient"-noun-0,"Patient"-tx-6-"patient"-noun-0]|TX|3581/7;3044/7;2706/7;2669/7;2531/7;1676/7;1593/7|
00000000|MMI|28.70|Aspirin|C0004057|[orch,phsu]|["Acetylsalicylic Acid"-tx-2-"ACETYLSALICYLIC ACID"-noun-0]|TX|337/20|D02.455.426.559.389.657.410.595.176
00000000|MMI|26.50|Electroencephalography|C0013819|[diap]|["EEG, NOS"-tx-37-"EEG"-noun-0,"EEG, NOS"-tx-28-"EEG"-noun-0]|TX|4188/3;3333/3|E01.370.376.300;E01.370.405.245
00000000|MMI|26.40|Erectile dysfunction|C0242350|[dsyn]|["Erectile Dysfunction"-tx-4-"erectile dysfunction"-noun-0,"Erectile Dysfunction"-tx-3-"erectile dysfunction"-noun-0]|TX|1298/20;997/20|C12.294.644.486;F03.835.400
00000000|MMI|26.35|Hyperglycemia|C0020456|[dsyn]|["HYPERGLYCEMIA"-tx-37-"hyperglycemia"-noun-0,"HYPERGLYCEMIA"-tx-29-"hyperglycemia"-noun-0]|TX|4215/13;3446/13|C18.452.394.952
00000000|MMI|26.28|Infantile Neuroaxonal Dystrophy|C0270724|[dsyn]|["PLAN"-tx-36-"PLAN"-noun-0,"PLAN"-tx-6-"plans"-verb-0]|TX|4082/4;1640/5|C10.228.140.744
00000000|MMI|26.26|Solomon Islands|C0037623|[geoa]|["BP"-tx-35-"BP"-noun-0,"BP"-tx-31-"BP"-noun-0]|TX|3980/2;3631/2|Z01.639.760.590
00000000|MMI|26.14|Panama|C0030266|[geoa]|["PM"-tx-39-"PM"-noun-0,"PM"-tx-1-"PM"-adj-0]|TX|4313/2;159/2|Z01.107.169.772
00000000|MMI|26.00|Mongolia|C0026410|[geoa]|["MG"-tx-30-"mg"-noun-0,"MG"-tx-2-"MG"-noun-0]|TX|3574/2;361/2|Z01.252.474.651
00000000|MMI|24.36|Hospital admission|C0184666|[hlca]|["Admit"-tx-22-"admit"-verb-0,"Admission"-tx-17-"admission"-noun-0,"Admit"-tx-11-"Admit"-verb-0,"admitted"-tx-5-"admitted"-verb-0,"Admission"-tx-3-"Admission"-noun-0,"Admit"-tx-3-"ADMIT"-verb-0]|TX|2991/5;2482/9;2070/5;1396/8;770/9;650/5|
00000000|MMI|22.95|Home environment|C0442519|[cnce]|["HOME"-tx-34-"home"-adj-0,"HOME"-tx-31-"home"-adj-0,"HOME"-tx-29-"home"-adj-0,"house"-tx-20-"house"-noun-0,"HOME"-tx-2-"Home"-noun-0,"house"-tx-2-"House"-noun-0]|TX|3922/4;3657/4;3463/4;2786/5;309/4;503/5|
00000000|MMI|22.61|Acyclovir|C0001367|[nnon,phsu]|["Aciclovir"-tx-10-"acyclovir"-noun-0]|TX|2001/9|D03.438.759.758.399.454.250
00000000|MMI|22.61|Common Migraine|C0338480|[dsyn]|["Atypical migraine"-tx-22-"atypical migraine"-noun-0]|TX|2948/17|C10.228.140.546.399.750.450
00000000|MMI|22.54|Surgical aspects|C0038895|[ftcn]|["operations"-tx-3-"OPERATIONS"-noun-0]|TX|1030/10|x.x.x.x.x.x.x
00000000|MMI|22.48|Insulin|C0021641|[aapp,horm,phsu]|["INSULIN"-tx-20-"insulin"-noun-0]|TX|2757/7|D06.472.699.587.200.500.625;D12.644.548.586.200.500.625
00000000|MMI|22.46|Walking (activity)|C0080331|[dora]|["Walk"-tx-19-"walked"-verb-0]|TX|2681/6|G11.427.590.530.568.900;G11.427.590.530.698.277.937;I03.350.937;I03.450.642.845.940
00000000|MMI|22.38|therapeutic aspects|C0039798|[ftcn]|["treatment"-tx-3-"Treatment"-noun-0]|TX|906/9|x.x.x.x.x.x.x
00000000|MMI|20.95|Arthralgia|C0003862|[sosy]|["JOINT PAIN"-tx-9-"joint pain"-noun-1]|TX|1939/10|C05.550.091;C10.597.617.133;C23.888.592.612.094;F02.830.816.444.350;G11.561.600.810.444.350
00000000|MMI|20.95|Complete Blood Count|C0009555|[lbpr]|["CBC"-tx-13-"CBC"-noun-0]|TX|2241/3|E01.370.225.500.195.107;E01.370.225.625.107;E05.200.500.195.107;E05.200.625.107;E05.242.195.107;G04.170.107;G09.188.105
00000000|MMI|20.95|Vision|C0042789|[orgf]|["see"-tx-22-"see"-verb-0]|TX|2987/3|F02.830.816.964;G02.111.087.800.480.900;G02.149.115.800.480.900;G04.299.880.480.900;G11.561.600.810.964;G14.640.816
00000000|MMI|20.34|Emotions|C0013987|[menp]|["feeling"-tx-24-"feeling"-noun-0,"feel"-tx-18-"felt"-adj-0,"feel"-tx-7-"felt"-verb-0]|TX|3067/7;2564/4;1684/4|F01.470
00000000|MMI|20.30|Disease|C0012634|[dsyn]|["condition"-tx-36-"CONDITION"-noun-0,"condition"-tx-3-"Conditions"-noun-0]|TX|4058/9;854/10|C23.550.288
00000000|MMI|19.45|Magnetic Resonance Angiography|C0243032|[diap]|["MRA"-tx-17-"MRA"-noun-0]|TX|2445/3|E01.370.350.825.500.500;E01.370.370.050.500
00000000|MMI|19.34|Transient Cerebral Ischemia|C0917805|[dsyn]|["TIA"-tx-22-"TIA"-noun-0]|TX|2893/3|C10.228.140.300.150.836;C14.907.253.092.836
00000000|MMI|19.34|Transient Ischemic Attack|C0007787|[dsyn]|["TIA"-tx-22-"TIA"-noun-0]|TX|2893/3|C10.228.140.300.150.836;C14.907.253.092.836
00000000|MMI|19.31|District of Columbia|C0012764|[geoa]|["D.C."-tx-1-"D/C"-noun-0]|TX|198/3|Z01.107.567.875.500.210;Z01.433.429
00000000|MMI|19.27|Wisconsin|C0043193|[geoa]|["Wisconsin"-tx-1-"Wisconsin"-noun-0]|TX|97/9|Z01.107.567.875.350.900;Z01.107.567.875.510.900
00000000|MMI|18.77|Daily|C0332173|[tmco]|["/day"-tx-32-"day"-noun-0,"QD"-tx-30-"qd"-noun-0,"/day"-tx-29-"day"-noun-0,"Daily"-tx-2-"DAILY"-adj-0,"Daily"-tx-2-"DAILY"-adv-0]|TX|3803/3;3577/2;3518/3;[367/5],[430/5];[367/5],[430/5]|
00000000|MMI|18.52|Endocrine System Findings Domain|C3538926|[idcn]|["ED"-tx-35-"ED"-noun-0,"ED"-tx-8-"ED"-noun-0,"ED"-tx-6-"ed"-noun-0,"ED"-tx-5-"ED"-noun-0,"ED"-tx-4-"ED"-noun-0]|TX|4024/2;1811/2;1605/2;1501/2;1331/2|
00000000|MMI|17.80|Dysuria|C0013428|[sosy]|["DYSURIA"-tx-9-"dysuria"-noun-1]|TX|1929/7|C23.888.942.343.274
00000000|MMI|17.80|Electrocardiogram|C0013798|[fndg]|["EKG"-tx-15-"EKG"-noun-0]|TX|2333/3|E01.370.370.380.240;E01.370.405.240
00000000|MMI|17.80|Electrocardiography|C1623258|[diap]|["EKG"-tx-15-"EKG"-noun-0]|TX|2333/3|E01.370.370.380.240;E01.370.405.240
00000000|MMI|17.80|Headache|C0018681|[sosy]|["Headaches"-tx-9-"headaches"-noun-1]|TX|1839/9|C10.597.617.470;C23.888.592.612.441
00000000|MMI|17.80|Lipitor|C0593906|[orch,phsu]|["Lipitor"-tx-2-"LIPITOR"-noun-0]|TX|396/7|D03.383.129.578.075;D10.251.450.200
00000000|MMI|17.80|Somalia|C0037640|[geoa]|["SO"-tx-17-"so"-adv-0]|TX|2509/2|Z01.058.290.120.730
00000000|MMI|17.80|Vertigo|C0042571|[sosy]|["VERTIGO"-tx-9-"vertigo"-noun-1]|TX|1874/7|C09.218.568.900.883;C10.597.951;C23.888.592.958
00000000|MMI|16.30|Pain|C0030193|[sosy]|["PAIN"-tx-9-"pain"-noun-1]|TX|1922/4|C10.597.617;C23.888.592.612;F02.830.816.444;G11.561.600.810.444
00000000|MMI|16.21|Lebanon|C0023190|[geoa]|["LE"-tx-1-"Le"-noun-0]|TX|92/2|Z01.252.245.500.450
00000000|MMI|16.17|Records|C0034869|[inpr]|["Record"-tx-19-"recorded"-verb-0]|TX|2627/8|E05.318.308.940;L01.280.900;N04.452.859;N05.715.360.300.715;N06.850.520.308.940
00000000|MMI|16.12|Magnetic Resonance Imaging|C0024485|[diap]|["MRI"-tx-17-"MRI"-noun-0]|TX|2441/3|E01.370.350.825.500
00000000|MMI|16.05|Fluorides|C0016327|[inch,phsu]|["F-"-tx-36-"f"-noun-0]|TX|4088/1|D01.248.497.158.380;D01.303.350.300
00000000|MMI|16.05|Left Ventricular Hypertrophy|C0149721|[dsyn]|["LVH"-tx-15-"LVH"-noun-1]|TX|2397/3|C14.280.195.400;C23.300.775.250.400
00000000|MMI|15.94|Negation|C1518422|[ftcn]|["Not"-tx-35-"not"-adv-0,"Not"-tx-24-"not"-adv-0,"Not"-tx-17-"not"-adv-0,"Not"-tx-3-"NOT"-adv-0]|TX|3951/3;3142/3;2517/3;1092/3|
00000000|MMI|15.88|Somnolence|C2830004|[fndg]|["SLEEPINESS"-tx-7-"sleepiness"-noun-0,"SLEEPINESS"-tx-5-"sleepiness"-noun-0,"Somnolent"-tx-5-"somnolent"-adj-0,"SLEEPINESS"-tx-4-"sleepiness"-noun-0]|TX|1752/10;1426/10;1504/9;1377/10|
00000000|MMI|14.91|Diagnosis|C0011900|[fndg]|["Diagnosed"-tx-4-"diagnosed"-adj-0,"DIAGNOSIS"-tx-3-"DIAGNOSIS"-noun-0,"Diagnosed"-tx-3-"diagnosed"-adj-0]|TX|1234/9;[656/9],[844/9];927/9|E01
00000000|MMI|14.68|Normal|C0205307|[qlco]|["Unremarkable"-tx-17-"unremarkable"-adj-0,"NORMAL"-tx-16-"normal"-adj-0,"NORMAL"-tx-13-"normal"-adj-0,"NORMAL"-tx-11-"normal"-adj-0]|TX|2462/12;2433/6;2299/6;2173/6|
00000000|MMI|14.64|Dyspnea|C0013404|[sosy]|["SOB"-tx-9-"SOB"-noun-1]|TX|1906/3|C08.618.326;C23.888.852.371
00000000|MMI|14.64|Fever|C0015967|[fndg]|["Fevers"-tx-9-"fevers"-noun-1]|TX|1830/6|C23.888.119.344
00000000|MMI|14.64|Recurrence|C0034897|[phpr]|["recurs"-tx-35-"recurs"-verb-0]|TX|3939/6|C23.550.291.937
00000000|MMI|14.64|Sleep Disorders|C0851578|[dsyn]|["SLEEP DISORDER"-tx-22-"sleep disorder"-noun-0]|TX|2969/14|C10.886;C23.888.592.796;F03.870
00000000|MMI|14.61|Body Fluid Discharge|C0012621|[bdsu]|["Discharge"-tx-39-"DISCHARGE"-noun-0,"Discharge"-tx-36-"DISCHARGE"-noun-0,"Discharge"-tx-3-"DISCHARGE"-noun-0,"Discharge"-tx-1-"DISCHARGE"-noun-0]|TX|4330/9;4048/9;713/9;38/9|
00000000|MMI|14.61|Discharge, body substance|C2926602|[bdsu]|["Discharge"-tx-39-"DISCHARGE"-noun-0,"Discharge"-tx-36-"DISCHARGE"-noun-0,"Discharge"-tx-3-"DISCHARGE"-noun-0,"Discharge"-tx-1-"DISCHARGE"-noun-0]|TX|4330/9;4048/9;713/9;38/9|
00000000|MMI|14.58|Episode of|C0332189|[tmco]|["Episode"-tx-35-"episode"-noun-0,"Episodes"-tx-22-"episodes"-noun-0,"Episodes"-tx-3-"episodes"-noun-0]|TX|3931/7;2868/8;[669/8],[784/8]|
00000000|MMI|13.14|tocilizumab|C1609165|[aapp,imft,phsu]|["MRA"-tx-17-"MRA"-noun-0]|TX|2445/3|x.x.x.x
00000000|MMI|13.09|Macrophage Activation Syndrome|C1096155|[dsyn]|["MAS"-tx-13-"mass"-noun-0]|TX|2310/4|C20.683.515.800
00000000|MMI|13.05|Telemetry|C0039451|[diap]|["Telemetry"-tx-19-"telemetry"-noun-0]|TX|2639/9|E01.370.520.750;E05.925;L01.178.847.675
00000000|MMI|13.04|Diet|C0012155|[food]|["Diet"-tx-2-"DIET"-noun-0]|TX|497/4|G07.203.650.240
00000000|MMI|13.02|physiological aspects|C0031843|[phsf]|["function"-tx-24-"function"-noun-0]|TX|3119/8|x.x.x.x
00000000|MMI|13.01|Prescription procedure|C0033080|[hlca]|["Prescription"-tx-31-"prescription"-noun-0]|TX|3604/12|N02.421.668.778
00000000|MMI|13.00|Dilatation and Curettage|C0012358|[topp]|["D & C"-tx-1-"D/C"-noun-0]|TX|198/3|E04.157.310;E04.950.300.299
00000000|MMI|12.94|Erythrocytes|C0014792|[cell]|["RBC"-tx-13-"RBC"-noun-0]|TX|2306/3|A11.118.290;A11.443.240;A15.145.229.334
00000000|MMI|12.94|Hand|C0018563|[bpoc]|["HAND"-tx-5-"hand"-noun-0]|TX|1446/4|A01.378.800.667
00000000|MMI|12.92|PO-2|C0297199|[orch]|["PO-2"-tx-2-"PO 2"-noun-0]|TX|427/2,446/1|x.x.x.x
00000000|MMI|12.90|Blood Circulation|C0005775|[phsf]|["Circulation"-tx-22-"circulation"-noun-0]|TX|2910/11|G09.330.190.163
00000000|MMI|12.90|Glucose|C0017725|[bacs,orch,phsu]|["GLUCOSE"-tx-11-"glucose"-noun-0]|TX|2097/7|D09.546.359.448
00000000|MMI|12.89|Etiology|C1314792|[ftcn]|["Etiology"-tx-3-"etiology"-noun-0]|TX|829/8|N05.715.350.200;N06.850.490.625
00000000|MMI|11.79|Order (action)|C1705178|[acty]|["Order"-tx-39-"ORDERS"-verb-0,"Order"-tx-1-"ORDER"-noun-0,"Order"-tx-1-"ORDERS"-verb-0]|TX|4340/6;202/5;48/6|
00000000|MMI|11.79|Order (arrangement)|C1705176|[qlco]|["Order"-tx-39-"ORDERS"-verb-0,"Order"-tx-1-"ORDER"-noun-0,"Order"-tx-1-"ORDERS"-verb-0]|TX|4340/6;202/5;48/6|
00000000|MMI|11.79|Order (document)|C1705175|[inpr]|["Order"-tx-39-"ORDERS"-verb-0,"Order"-tx-1-"ORDER"-noun-0,"Order"-tx-1-"ORDERS"-verb-0]|TX|4340/6;202/5;48/6|
00000000|MMI|11.79|Order (taxonomic)|C1705177|[clas]|["Order"-tx-39-"ORDERS"-verb-0,"Order"-tx-1-"ORDER"-noun-0,"Order"-tx-1-"ORDERS"-verb-0]|TX|4340/6;202/5;48/6|
00000000|MMI|11.79|Permutation|C1882348|[qlco]|["Order"-tx-39-"ORDERS"-verb-0,"Order"-tx-1-"ORDER"-noun-0,"Order"-tx-1-"ORDERS"-verb-0]|TX|4340/6;202/5;48/6|
00000000|MMI|11.79|Sequence of Planned Assessment Schedule|C3889825|[inpr]|["ORDER"-tx-39-"ORDERS"-verb-0,"ORDER"-tx-1-"ORDER"-noun-0,"ORDER"-tx-1-"ORDERS"-verb-0]|TX|4340/6;202/5;48/6|
00000000|MMI|11.60|Weekly|C0332174|[tmco]|["/week"-tx-37-"week"-noun-0,"/week"-tx-27-"week"-noun-0,"/week"-tx-10-"week"-noun-0]|TX|4129/4;3246/4;2016/4|
00000000|MMI|11.60|week|C0439230|[tmco]|["WEEK"-tx-37-"week"-noun-0,"WEEK"-tx-27-"week"-noun-0,"WEEK"-tx-10-"week"-noun-0]|TX|4129/4;3246/4;2016/4|
00000000|MMI|11.49|Allergy Specialty|C0002111|[bmod]|["Allergy"-tx-3-"ALLERGY"-noun-0]|TX|637/7|H02.403.044
00000000|MMI|11.49|Complication Aspects|C1171258|[patf]|["complications"-tx-3-"Complications"-noun-0]|TX|880/13|x.x.x
00000000|MMI|11.49|Glaucoma|C0017601|[dsyn]|["GLAUCOMA"-tx-4-"glaucoma"-noun-0]|TX|1266/8|C11.525.381
00000000|MMI|11.49|Intrinsic drive|C0013126|[menp]|["Drive"-tx-35-"drive"-verb-1]|TX|3955/5|F01.658.293
00000000|MMI|11.49|Methods aspects|C0025664|[inpr]|["procedures"-tx-3-"PROCEDURES"-noun-0]|TX|1045/10|x.x.x
00000000|MMI|11.49|Patient Monitoring|C0030695|[hlca]|["monitor"-tx-29-"monitor"-verb-0]|TX|3490/7|E01.370.520
00000000|MMI|11.49|Physical Examination|C0031809|[hlca]|["Physical"-tx-16-"Physical"-adj-0]|TX|2409/8|E01.370.600
00000000|MMI|11.31|Negative|C0205160|[qlco]|["Negative"-tx-12-"negative"-adj-0,"Negative"-tx-11-"negative"-adj-0,"Negative"-tx-6-"negative"-adj-0]|TX|2231/8;2182/8;1580/8|
00000000|MMI|11.31|Negative - answer|C3853545|[qlco]|["Negative"-tx-12-"negative"-adj-0,"Negative"-tx-11-"negative"-adj-0,"Negative"-tx-6-"negative"-adj-0]|TX|2231/8;2182/8;1580/8|
00000000|MMI|11.31|Negative Charge|C2825491|[qlco]|["Negative"-tx-12-"negative"-adj-0,"Negative"-tx-11-"negative"-adj-0,"Negative"-tx-6-"negative"-adj-0]|TX|2231/8;2182/8;1580/8|
00000000|MMI|11.31|Negative Finding|C1513916|[fndg]|["NEGATIVE"-tx-12-"negative"-adj-0,"NEGATIVE"-tx-11-"negative"-adj-0,"NEGATIVE"-tx-6-"negative"-adj-0]|TX|2231/8;2182/8;1580/8|
00000000|MMI|11.31|Negative Number|C2825415|[cnce]|["Negative"-tx-12-"negative"-adj-0,"Negative"-tx-11-"negative"-adj-0,"Negative"-tx-6-"negative"-adj-0]|TX|2231/8;2182/8;1580/8|
00000000|MMI|11.22|At|C1516077|[spco]|["At"-tx-34-"at"-adj-0,"At"-tx-31-"at"-adj-0,"At"-tx-29-"at"-adj-0]|TX|3919/2;3654/2;3460/2|
00000000|MMI|11.22|GATM wt Allele|C4049625|[gngm]|["AT"-tx-34-"at"-adj-0,"AT"-tx-31-"at"-adj-0,"AT"-tx-29-"at"-adj-0]|TX|3919/2;3654/2;3460/2|
00000000|MMI|11.21|Return to (contextual qualifier) (qualifier value)|C0332156|[qlco]|["Return"-tx-35-"return"-noun-0,"Returned"-tx-8-"Returned"-verb-0,"Return"-tx-2-"RETURN"-verb-0]|TX|4014/6;1799/8;533/6|
00000000|MMI|11.03|Admission activity|C0809949|[hlca]|["Admission"-tx-17-"admission"-noun-0,"Admitted"-tx-5-"admitted"-verb-0,"Admission"-tx-3-"Admission"-noun-0]|TX|2482/9;1396/8;770/9|
00000000|MMI|10.93|Room of building - Study|C0557651|[mnob]|["Study"-tx-37-"study"-verb-0,"Study"-tx-27-"study"-noun-0,"Study"-tx-3-"Study"-noun-0]|TX|4162/5;3272/5;752/5|
00000000|MMI|10.93|Study|C2603343|[resa]|["Study"-tx-37-"study"-verb-0,"Study"-tx-27-"study"-noun-0,"Study"-tx-3-"Study"-noun-0]|TX|4162/5;3272/5;752/5|
00000000|MMI|10.92|Similarity|C2348205|[qlco]|["Similar"-tx-7-"similar"-adj-0,"Similar"-tx-5-"similar"-adj-0,"Similar"-tx-3-"similar"-adj-0]|TX|1765/7;1418/7;1194/7|
00000000|MMI|10.92|wedding|C0681211|[evnt]|["wed"-tx-10-"Wed"-noun-0,"wed"-tx-7-"Wed"-noun-0,"wed"-tx-3-"Wed"-verb-0]|TX|2033/3;1794/3;1211/3|
00000000|MMI|10.90|Patient Condition Code - Stable|C1547311|[inpr]|["Stable"-tx-36-"Stable"-adj-0,"Stable"-tx-24-"stable"-adj-0,"Stable"-tx-18-"stable"-adj-0]|TX|4069/6;3056/6;2543/6|
00000000|MMI|10.90|Stable status|C0205360|[qlco]|["STABLE"-tx-36-"Stable"-adj-0,"STABLE"-tx-24-"stable"-adj-0,"STABLE"-tx-18-"stable"-adj-0]|TX|4069/6;3056/6;2543/6|
00000000|MMI|10.86|Gait normal|C0231683|[fndg]|["Normal"-tx-16-"normal"-adj-0,"Normal"-tx-13-"normal"-adj-0,"Normal"-tx-11-"normal"-adj-0]|TX|2433/6;2299/6;2173/6|
00000000|MMI|10.86|Mean Percent of Normal|C2347086|[qnco]|["% Normal"-tx-16-"normal"-adj-0,"% Normal"-tx-13-"normal"-adj-0,"% Normal"-tx-11-"normal"-adj-0]|TX|2433/6;2299/6;2173/6|
00000000|MMI|10.86|Percent normal|C0439166|[qnco]|["% normal"-tx-16-"normal"-adj-0,"% normal"-tx-13-"normal"-adj-0,"% normal"-tx-11-"normal"-adj-0]|TX|2433/6;2299/6;2173/6|
00000000|MMI|10.79|Delayed Release Dosage Form|C1707664|[bodm]|["DR"-tx-36-"Dr"-noun-0,"DR"-tx-25-"Dr"-noun-0,"DR"-tx-2-"Dr"-noun-0]|TX|4097/2;3196/2;589/2|
00000000|MMI|10.79|Device to Subject Relationship Domain|C3540849|[inpr]|["DR"-tx-36-"Dr"-noun-0,"DR"-tx-25-"Dr"-noun-0,"DR"-tx-2-"Dr"-noun-0]|TX|4097/2;3196/2;589/2|
00000000|MMI|10.79|Doctor - Title|C2348314|[cnce]|["Dr."-tx-36-"Dr"-noun-0,"Dr."-tx-25-"Dr"-noun-0,"Dr."-tx-2-"Dr"-noun-0]|TX|4097/2;3196/2;589/2|
00000000|MMI|10.78|Seizure Adverse Event|C1959629|[fndg]|["Seizure"-tx-37-"seizure"-noun-0,"Seizure"-tx-28-"seizure"-noun-0,"Seizure"-tx-22-"seizure"-noun-0]|TX|4199/7;3371/7;2926/7|
00000000|MMI|10.66|Possible|C0332149|[qlco]|["Possible"-tx-35-"possible"-adj-0,"Possible"-tx-28-"possibility"-noun-0,"Possible"-tx-10-"possible"-adj-0]|TX|4038/8;3356/11;2041/8|
00000000|MMI|10.66|Possible diagnosis|C2362652|[qlco]|["Possible"-tx-35-"possible"-adj-0,"Possible"-tx-28-"possibility"-noun-0,"Possible"-tx-10-"possible"-adj-0]|TX|4038/8;3356/11;2041/8|
00000000|MMI|10.66|Possibly Related to Intervention|C1705910|[qlco]|["Possible"-tx-35-"possible"-adj-0,"Possible"-tx-28-"possibility"-noun-0,"Possible"-tx-10-"possible"-adj-0]|TX|4038/8;3356/11;2041/8|
00000000|MMI|10.56|R prime|C2603358|[clna]|["R'"-tx-37-"r"-adj-0,"R'"-tx-27-"r"-adj-0,"R'"-tx-3-"R"-noun-0]|TX|4195/1;3281/1;1101/1|
00000000|MMI|10.56|Right|C0205090|[spco]|["R-"-tx-37-"r"-adj-0,"R-"-tx-27-"r"-adj-0,"R-"-tx-3-"R"-noun-0]|TX|4195/1;3281/1;1101/1|
00000000|MMI|10.53|Monday|C0585024|[tmco]|["Monday"-tx-26-"Monday"-noun-0,"Monday"-tx-6-"Monday"-noun-0,"Monday"-tx-3-"Monday"-noun-0]|TX|3212/6;1668/6;609/6|
00000000|MMI|10.46|Morning|C0332170|[tmco]|["Morning"-tx-20-"morning"-noun-0,"Morning"-tx-18-"morning"-noun-0,"Morning"-tx-7-"morning"-noun-0]|TX|2818/7;2594/7;1708/7|
00000000|MMI|10.42|Diagnosis Study|C1704656|[resa]|["DIAGNOSIS"-tx-3-"DIAGNOSIS"-noun-0]|TX|[656/9],[844/9]|
00000000|MMI|10.42|Doctor of Medicine|C1512018|[inpr]|["M.D."-tx-38-"M.D"-noun-0,"M.D."-tx-1-"M.D"-noun-0]|TX|4283/3;268/3|
00000000|MMI|10.42|Preventive monitoring|C0150369|[hlca]|["Monitoring"-tx-31-"monitoring"-noun-0,"monitor"-tx-29-"monitor"-verb-0]|TX|3643/10;3490/7|
00000000|MMI|10.42|consider|C0750591|[idcn]|["consider"-tx-28-"consider"-verb-0,"considered"-tx-22-"considered"-verb-0]|TX|3324/8;2877/10|
00000000|MMI|10.42|orders - HL7PublishingDomain|C3244315|[inpr]|["orders"-tx-39-"ORDERS"-verb-0,"orders"-tx-1-"ORDERS"-verb-0]|TX|4340/6;48/6|
00000000|MMI|9.92|Appointments|C0003629|[idcn]|["Appointment"-tx-2-"APPOINTMENT"-noun-0]|TX|571/11|N04.452.095
00000000|MMI|9.91|enzymology|C0014445|[ftcn]|["enzymes"-tx-11-"enzymes"-noun-0]|TX|2199/7|x.x.x
00000000|MMI|9.89|Diet therapy|C0012159|[hlca]|["Diet"-tx-2-"DIET"-noun-0]|TX|497/4|E02.642.249
00000000|MMI|9.87|Exanthema|C0015230|[sosy]|["RASH"-tx-10-"rash"-noun-0]|TX|1966/4|C17.800.257
00000000|MMI|9.81|Abdomen|C0000726|[blor]|["abd"-tx-9-"abd"-noun-0]|TX|1918/3|A01.923.047
00000000|MMI|9.76|Portugal|C0032729|[geoa]|["PO"-tx-2-"PO"-noun-0]|TX|364/2|Z01.542.727
00000000|MMI|9.75|aspects of adverse effects|C0001688|[ftcn]|["side effects"-tx-10-"side effects"-noun-0]|TX|2056/12|x.x.x
00000000|MMI|9.74|Etiology aspects|C0015127|[ftcn]|["etiology"-tx-3-"etiology"-noun-0]|TX|829/8|x.x.x
00000000|MMI|8.34|Allergic Reaction|C1527304|[patf]|["Allergy"-tx-3-"ALLERGY"-noun-0]|TX|637/7|C20.543
00000000|MMI|8.34|Heart|C0018787|[bpoc]|["HEART"-tx-37-"heart"-noun-0]|TX|4180/5|A07.541
00000000|MMI|8.34|Hypersensitivity|C0020517|[patf]|["ALLERGY"-tx-3-"ALLERGY"-noun-0]|TX|637/7|C20.543
00000000|MMI|8.34|Infection|C3714514|[patf]|["Infections"-tx-3-"Infections"-noun-0]|TX|867/10|C01.539
00000000|MMI|8.34|Work|C0043227|[ocac]|["Work"-tx-2-"WORK"-verb-0]|TX|543/4|I03.946
00000000|MMI|7.70|Cancer/Testis Antigen|C3813556|[aapp]|["CTA"-tx-17-"CTA"-noun-0,"CTA"-tx-6-"CTA"-noun-0]|TX|2453/3;1566/3|
00000000|MMI|7.70|Overnight|C0439583|[tmco]|["Overnight"-tx-19-"overnight"-adj-0,"Overnight"-tx-18-"overnight"-adj-0]|TX|2649/9;2550/9|
00000000|MMI|7.70|PCYT1A wt Allele|C3540513|[gngm]|["CTA"-tx-17-"CTA"-noun-0,"CTA"-tx-6-"CTA"-noun-0]|TX|2453/3;1566/3|
00000000|MMI|7.61|Condition|C0348080|[qlco]|["Condition"-tx-36-"CONDITION"-noun-0,"Condition"-tx-3-"Conditions"-noun-0]|TX|4058/9;854/10|
00000000|MMI|7.61|Condition:Find:Pt:^Patient:Nom|C3864998|[clna]|["Condition"-tx-36-"CONDITION"-noun-0,"Condition"-tx-3-"Conditions"-noun-0]|TX|4058/9;854/10|
00000000|MMI|7.61|Logical Condition|C1705253|[cnce]|["Condition"-tx-36-"CONDITION"-noun-0,"Condition"-tx-3-"Conditions"-noun-0]|TX|4058/9;854/10|
00000000|MMI|7.55|day|C0439228|[tmco]|["DAY"-tx-32-"day"-noun-0,"DAY"-tx-29-"day"-noun-0]|TX|3803/3;3518/3|
00000000|MMI|7.55|per day|C0439505|[tmco]|["/day"-tx-32-"day"-noun-0,"/day"-tx-29-"day"-noun-0]|TX|3803/3;3518/3|
00000000|MMI|7.53|Present|C0150312|[qnco]|["Found"-tx-5-"found"-verb-0,"Present"-tx-4-"presents"-verb-0]|TX|1518/5;1319/8|
00000000|MMI|7.49|work up|C0750430|[diap]|["Work-up"-tx-24-"workup"-noun-0,"Work-up"-tx-6-"Workup"-noun-0]|TX|3166/6;1544/6|
00000000|MMI|7.47|Technician - EEG|C0402022|[prog]|["EEG"-tx-37-"EEG"-noun-0,"EEG"-tx-28-"EEG"-noun-0]|TX|4188/3;3333/3|
00000000|MMI|7.46|Note (document)|C1317574|[inpr]|["Notes"-tx-22-"notes"-noun-0,"Note"-tx-7-"noted"-verb-0]|TX|2997/5;1721/5|
00000000|MMI|7.40|Sugars|C0242209|[orch,phsu]|["Sugars"-tx-35-"sugars"-noun-0,"Sugars"-tx-20-"sugars"-noun-0]|TX|3969/6;2714/6|D09
00000000|MMI|7.36|Additional|C1524062|[ftcn]|["Added"-tx-32-"added"-adj-0,"Added"-tx-29-"added"-verb-0]|TX|3721/5;3398/5|
00000000|MMI|7.36|Checking (action)|C1283174|[acty]|["Check"-tx-35-"check"-noun-0,"Check"-tx-33-"check"-verb-0]|TX|3963/5;3820/5|
00000000|MMI|7.36|Erectile Dysfunction Adverse Event|C1961100|[patf]|["Erectile dysfunction"-tx-4-"erectile dysfunction"-noun-0,"Erectile dysfunction"-tx-3-"erectile dysfunction"-noun-0]|TX|1298/20;997/20|
00000000|MMI|7.35|Biospecimen Domain|C3814390|[inpr]|["BS"-tx-8-"BS"-noun-0,"BS"-tx-5-"BS"-noun-0]|TX|1819/2;1532/2|
00000000|MMI|7.35|Black Swiss Mouse|C4049076|[mamm]|["BS"-tx-8-"BS"-noun-0,"BS"-tx-5-"BS"-noun-0]|TX|1819/2;1532/2|
00000000|MMI|7.35|Bug Search Subtest (WPPSI-IV)|C4050217|[inpr]|["BS"-tx-8-"BS"-noun-0,"BS"-tx-5-"BS"-noun-0]|TX|1819/2;1532/2|
00000000|MMI|7.33|Alcohol abuse|C0085762|[mobd]|["ETOH ABUSE"-tx-4-"EtOH abuse"-noun-0,"ETOH ABUSE"-tx-3-"EtOH abuse"-noun-0]|TX|1281/10;944/10|
00000000|MMI|7.32|Take|C1515187|[hlca]|["Take"-tx-32-"take"-verb-0,"Take"-tx-10-"taking"-adj-0]|TX|3754/4;1994/6|
00000000|MMI|7.30|Serum lipids high (finding)|C0428465|[fndg]|["Hyperlipidemia"-tx-4-"hyperlipidemia"-noun-0,"Hyperlipidemia"-tx-3-"hyperlipidemia"-noun-0]|TX|1249/14;961/14|
00000000|MMI|7.26|Summary (document)|C1706244|[inpr]|["Summary"-tx-37-"summary"-noun-0,"Summary"-tx-1-"SUMMARY"-noun-0]|TX|4246/7;227/7|
00000000|MMI|7.26|summary - ActRelationshipSubset|C1552616|[inpr]|["summary"-tx-37-"summary"-noun-0,"summary"-tx-1-"SUMMARY"-noun-0]|TX|4246/7;227/7|
00000000|MMI|7.24|Planned|C1301732|[ftcn]|["Plan"-tx-36-"PLAN"-noun-0,"Plan"-tx-6-"plans"-verb-0]|TX|4082/4;1640/5|
00000000|MMI|7.24|Treatment Plan|C0599880|[inpr]|["Plan"-tx-36-"PLAN"-noun-0,"Plan"-tx-6-"plans"-verb-0]|TX|4082/4;1640/5|
00000000|MMI|7.22|HP gene|C1415692|[gngm]|["Bp"-tx-35-"BP"-noun-0,"Bp"-tx-31-"BP"-noun-0]|TX|3980/2;3631/2|
00000000|MMI|7.22|HP wt Allele|C1708288|[gngm]|["BP"-tx-35-"BP"-noun-0,"BP"-tx-31-"BP"-noun-0]|TX|3980/2;3631/2|
00000000|MMI|7.22|General unsteadiness|C0427108|[fndg]|["UNSTEADINESS"-tx-7-"unsteadiness"-noun-0,"UNSTEADINESS"-tx-4-"unsteadiness"-noun-0]|TX|1735/12;1360/12|
00000000|MMI|7.15|Greater|C1704243|[qnco]|["Great"-tx-18-"great"-adj-0,"Great"-tx-7-"great"-adj-0]|TX|2569/5;1689/5|
00000000|MMI|7.15|Large|C0549177|[qnco]|["Great"-tx-18-"great"-adj-0,"Great"-tx-7-"great"-adj-0]|TX|2569/5;1689/5|
00000000|MMI|7.13|Cholesterol measurement test|C0201950|[lbpr]|["CHOL"-tx-11-"Chol"-noun-0,"CHOL"-tx-2-"chol"-noun-0]|TX|2129/4;515/4|
00000000|MMI|7.12|Clinical Study Follow-up|C3274571|[hlca]|["FOLLOW-UP"-tx-25-"followup"-noun-0,"FOLLOW-UP"-tx-2-"FOLLOW UP"-adj-0]|TX|3182/8;561/9|
00000000|MMI|7.12|Follow-Up Report|C1704685|[inpr]|["Follow-Up"-tx-25-"followup"-noun-0,"Follow-Up"-tx-2-"FOLLOW UP"-adj-0]|TX|3182/8;561/9|
00000000|MMI|7.12|Follow-up status|C0589120|[fndg]|["Follow-up"-tx-25-"followup"-noun-0,"Follow-up"-tx-2-"FOLLOW UP"-adj-0]|TX|3182/8;561/9|
00000000|MMI|7.12|follow-up|C1522577|[hlca]|["Followup"-tx-25-"followup"-noun-0,"Follow Up"-tx-2-"FOLLOW UP"-adj-0]|TX|3182/8;561/9|
00000000|MMI|7.11|Infusion pump Alert priority PM|C4049155|[fndg]|["PM"-tx-39-"PM"-noun-0,"PM"-tx-1-"PM"-adj-0]|TX|4313/2;159/2|
00000000|MMI|7.08|February|C3830166|[qlco]|["February"-tx-37-"February"-noun-0,"February"-tx-3-"February"-noun-0]|TX|4113/8;616/8|
00000000|MMI|7.08|MYOTONIC DYSTROPHY 1|C3250443|[dsyn]|["DM"-tx-4-"DM"-noun-0,"DM"-tx-3-"DM"-noun-0]|TX|1244/2;937/2|
00000000|MMI|7.03|Dosage|C0178602|[qnco]|["DOSE"-tx-30-"dose"-noun-0,"Doses"-tx-2-"doses"-noun-0]|TX|3551/4;467/5|
00000000|MMI|7.02|Code|C0805701|[inpr]|["CODE"-tx-2-"CODE"-noun-0,"CODE"-tx-2-"code"-noun-0]|TX|273/4;291/4|
00000000|MMI|7.02|eTMF Content Model Code|C3889831|[inpr]|["Code"-tx-2-"CODE"-noun-0,"Code"-tx-2-"code"-noun-0]|TX|273/4;291/4|
00000000|MMI|7.00|history of - * (non-specific)|C0455483|[fndg]|["h o"-tx-4-"h/o"-noun-0,"h o"-tx-3-"h/o"-noun-0]|TX|1277/3;940/3|
00000000|MMI|7.00|Cuff - body part|C1550244|[bpoc]|["Cuff"-tx-34-"cuff"-noun-0,"Cuff"-tx-31-"cuff"-noun-0]|TX|3899/4;3634/4|
00000000|MMI|7.00|Cuff Device Component|C1706501|[medd]|["Cuff"-tx-34-"cuff"-noun-0,"Cuff"-tx-31-"cuff"-noun-0]|TX|3899/4;3634/4|
00000000|MMI|7.00|Cuffing (morphologic abnormality)|C3668885|[patf]|["Cuff"-tx-34-"cuff"-noun-0,"Cuff"-tx-31-"cuff"-noun-0]|TX|3899/4;3634/4|
00000000|MMI|7.00|Cuffs device|C0441107|[medd]|["cuff"-tx-34-"cuff"-noun-0,"cuff"-tx-31-"cuff"-noun-0]|TX|3899/4;3634/4|
00000000|MMI|6.99|+2|C0740116|[qnco]|["+2"-tx-3-"2"-integer-0]|TX|[667/1],[782/1]|
00000000|MMI|6.99|2+|C3833492|[fndg]|["2+"-tx-3-"2"-integer-0]|TX|[667/1],[782/1]|
00000000|MMI|6.99|2+ Score|C2827735|[qnco]|["2+"-tx-3-"2"-integer-0]|TX|[667/1],[782/1]|
00000000|MMI|6.99|2+ Score, WHO|C2981700|[clas]|["2+"-tx-3-"2"-integer-0]|TX|[667/1],[782/1]|
00000000|MMI|6.98|Less Than|C0439092|[qnco]|["Less"-tx-22-"less"-adv-0,"Less Than"-tx-7-"less than"-adv-0]|TX|2936/4;1777/4,1789/4|
00000000|MMI|6.97|Magnesium Cation|C2346927|[elii,phsu]|["Mg++"-tx-30-"mg"-noun-0,"Mg++"-tx-2-"MG"-noun-0]|TX|3574/2;361/2|
00000000|MMI|6.97|Milligram percent|C1960952|[qnco]|["mg %"-tx-30-"mg"-noun-0,"mg %"-tx-2-"MG"-noun-0]|TX|3574/2;361/2|
00000000|MMI|6.97|mg/dL|C0439269|[qnco]|["mg%"-tx-30-"mg"-noun-0,"mg%"-tx-2-"MG"-noun-0]|TX|3574/2;361/2|
00000000|MMI|6.96|House (environment)|C2003847|[mnob]|["House"-tx-20-"house"-noun-0,"House"-tx-2-"House"-noun-0]|TX|2786/5;503/5|
00000000|MMI|6.95|newly|C0750546|[idcn]|["newly"-tx-4-"newly"-adv-0,"newly"-tx-3-"newly"-adv-0]|TX|1228/5;921/5|
00000000|MMI|6.89|Automated (qualifier value)|C0205554|[ftcn]|["Automatic"-tx-34-"automatic"-adj-0,"Automatic"-tx-31-"automatic"-adj-0]|TX|3886/9;3621/9|
00000000|MMI|6.83|Automobile Driving|C0004379|[dora]|["Driving"-tx-5-"driving"-noun-0]|TX|1476/7|I03.125
00000000|MMI|6.76|Enzymes|C0014442|[enzy,orch]|["ENZYMES"-tx-11-"enzymes"-noun-0]|TX|2199/7|D08.811
00000000|MMI|6.70|Time|C0040223|[tmco]|["TIME"-tx-4-"time"-noun-0]|TX|1342/4|G01.910
00000000|MMI|6.66|Head|C0018670|[blor]|["HEAD"-tx-6-"head"-noun-0]|TX|1561/4|A01.456
00000000|MMI|6.63|Toxin|C0040549|[bacs,hops]|["Toxin"-tx-12-"toxin"-noun-0]|TX|2214/5|D23.946
00000000|MMI|6.62|Feelings|C1527305|[menp]|["Feeling"-tx-24-"feeling"-noun-0]|TX|3067/7|F01.470
00000000|MMI|5.18|1/5|C0450316|[qnco]|["1/5"-tx-2-"1/5"-fraction-0]|TX|390/3|
00000000|MMI|5.18|3+ Answer to Question|C3838680|[fndg]|["3+"-tx-3-"3"-integer-0]|TX|993/1|
00000000|MMI|5.18|3+ Score|C2827736|[qnco]|["3+"-tx-3-"3"-integer-0]|TX|993/1|
00000000|MMI|5.18|3+ Score, WHO|C2981702|[clas]|["3+"-tx-3-"3"-integer-0]|TX|993/1|
00000000|MMI|5.18|<3 (qualifier value)|C0439086|[qnco]|["<3"-tx-3-"3"-integer-0]|TX|993/1|
00000000|MMI|5.18|Acquisition (action)|C1706701|[acty]|["Obtain"-tx-34-"obtain"-verb-0]|TX|3876/6|
00000000|MMI|5.18|Additional comments|C1830770|[fndg]|["Additional comments"-tx-32-"ADDITIONAL COMMENTS"-noun-0]|TX|3663/19|
00000000|MMI|5.18|Affecting|C0392760|[ftcn]|["Affecting"-tx-3-"affecting"-verb-0]|TX|896/9|
00000000|MMI|5.18|Allergic disposition|C3539909|[dsyn]|["Allergy"-tx-3-"ALLERGY"-noun-0]|TX|637/7|
00000000|MMI|5.18|Allergy - Physicians|C1554743|[prog]|["Allergy"-tx-3-"ALLERGY"-noun-0]|TX|637/7|
00000000|MMI|5.18|Before|C0332152|[tmco]|["Prior"-tx-17-"prior"-adj-0]|TX|2499/5|
00000000|MMI|5.18|Better|C0332272|[qlco]|["Better"-tx-32-"better"-adv-0]|TX|3687/6|
00000000|MMI|5.18|Biomedical Monitors|C0181904|[medd]|["Monitor"-tx-29-"monitor"-verb-0]|TX|3490/7|
00000000|MMI|5.18|C-Circle|C3538933|[celc]|["CC"-tx-3-"CC"-noun-0]|TX|1144/2|
00000000|MMI|5.18|Clinical Trials, Monitoring|C1516647|[resa]|["monitoring"-tx-31-"monitoring"-noun-0]|TX|3643/10|
00000000|MMI|5.18|Clipperton Island|C4050020|[geoa]|["CP"-tx-9-"CP"-noun-0]|TX|1901/2|
00000000|MMI|5.18|Complication|C0009566|[patf]|["Complications"-tx-3-"Complications"-noun-0]|TX|880/13|
00000000|MMI|5.18|Continuous|C0549178|[idcn]|["Continue"-tx-33-"Continue"-verb-0]|TX|3808/8|
00000000|MMI|5.18|Discharge date|C2361123|[tmco]|["Discharge date"-tx-1-"Discharge Date"-noun-0]|TX|0/14|
00000000|MMI|5.18|Discharge date:Time Stamp -- Date and Time:Point in time:^Patient:Quantitative|C2361122|[clna]|["Discharge date"-tx-1-"Discharge Date"-noun-0]|TX|0/14|
00000000|MMI|5.18|Entire heart|C1281570|[bpoc]|["Heart"-tx-37-"heart"-noun-0]|TX|4180/5|
00000000|MMI|5.18|Glaucoma (eukaryote)|C0997768|[euka]|["Glaucoma"-tx-4-"glaucoma"-noun-0]|TX|1266/8|
00000000|MMI|5.18|Glaucoma Adverse Event|C1962986|[fndg]|["Glaucoma"-tx-4-"glaucoma"-noun-0]|TX|1266/8|
00000000|MMI|5.18|Including (qualifier)|C0332257|[ftcn]|["Including"-tx-6-"including"-verb-0]|TX|1551/9|
00000000|MMI|5.18|Interventional procedure|C0184661|[topp]|["PROCEDURES"-tx-3-"PROCEDURES"-noun-0]|TX|1045/10|
00000000|MMI|5.18|Involvement with|C1314939|[ftcn]|["Affecting"-tx-3-"affecting"-verb-0]|TX|896/9|
00000000|MMI|5.18|Joint Pain Adverse Event|C1963066|[fndg]|["Joint pain"-tx-9-"joint pain"-noun-1]|TX|1939/10|
00000000|MMI|5.18|Laboratory test finding|C0587081|[fndg]|["Labs"-tx-11-"labs"-noun-0]|TX|2076/4|
00000000|MMI|5.18|Left atrial hypertrophy|C0238705|[anab]|["LAE"-tx-15-"LAE"-noun-1]|TX|2404/3|
00000000|MMI|5.18|Linda|C3570325|[euka]|["Linda"-tx-1-"LINDA"-noun-0]|TX|62/5|
00000000|MMI|5.18|MRC1 gene|C1417249|[gngm]|["MR"-tx-6-"MR"-noun-0]|TX|1572/2|
00000000|MMI|5.18|Management procedure|C1273870|[ocac]|["Managed"-tx-20-"managed"-verb-0]|TX|2726/7|
00000000|MMI|5.18|Minor Response|C4050513|[fndg]|["MR"-tx-6-"MR"-noun-1]|TX|1572/2|
00000000|MMI|5.18|Monitor Device Component|C1704646|[mnob]|["Monitor"-tx-29-"monitor"-verb-0]|TX|3490/7|
00000000|MMI|5.18|Monitor, occupation|C1521743|[prog]|["Monitor"-tx-29-"monitor"-verb-0]|TX|3490/7|
00000000|MMI|5.18|Monitoring - action|C1283169|[hlca]|["Monitoring"-tx-31-"monitoring"-noun-0]|TX|3643/10|
00000000|MMI|5.18|Monitoring Device|C0596972|[medd]|["Monitor"-tx-29-"monitor"-verb-0]|TX|3490/7|
00000000|MMI|5.18|More|C0205172|[ftcn]|["More"-tx-29-"more"-adv-0]|TX|3475/4|
00000000|MMI|5.18|Mr. - Title|C2347167|[cnce]|["Mr."-tx-6-"MR"-noun-0]|TX|1572/2|
00000000|MMI|5.18|Not Applicable|C1272460|[qlco]|["NOT APPLICABLE"-tx-1-"Not Applicable"-adj-0]|TX|178/14|
00000000|MMI|5.18|Nuclear cap binding complex location|C2263086|[celc]|["CBC"-tx-13-"CBC"-noun-0]|TX|2241/3|
00000000|MMI|5.18|Obtain|C1301820|[ftcn]|["Obtain"-tx-34-"obtain"-verb-0]|TX|3876/6|
00000000|MMI|5.18|Once (schedule frequency)|C1948045|[tmco]|["ONCE"-tx-32-"once"-adv-0]|TX|3759/4|
00000000|MMI|5.18|Once - dosing instruction fragment|C1720092|[inpr]|["Once"-tx-32-"once"-adv-0]|TX|3759/4|
00000000|MMI|5.18|Package Type Not Applicable|C4049872|[ftcn]|["Not Applicable"-tx-1-"Not Applicable"-adj-0]|TX|178/14|
00000000|MMI|5.18|Physical|C0205485|[ftcn]|["Physical"-tx-16-"Physical"-adj-0]|TX|2409/8|
00000000|MMI|5.18|Physical assessment findings|C1509143|[fndg]|["Physical"-tx-16-"Physical"-adj-0]|TX|2409/8|
00000000|MMI|5.18|Preferred (foundation metadata concept)|C3543840|[qlco]|["Preferred"-tx-24-"preferred"-verb-0]|TX|3132/9|
00000000|MMI|5.18|Preferred - Specimen Appropriateness|C1548789|[qlco]|["Preferred"-tx-24-"preferred"-verb-0]|TX|3132/9|
00000000|MMI|5.18|Prior Medication Usage|C2826257|[evnt]|["PRIOR"-tx-17-"prior"-adj-0]|TX|2499/5|
00000000|MMI|5.18|Procedure (set of actions)|C2700391|[acty]|["Procedures"-tx-3-"PROCEDURES"-noun-0]|TX|1045/10|
00000000|MMI|5.18|Repeat|C0205341|[ftcn]|["Repeated"-tx-17-"repeated"-verb-0]|TX|2521/8|
00000000|MMI|5.18|Response to antigens|C1314973|[phsf]|["ALLERGY"-tx-3-"ALLERGY"-noun-0]|TX|637/7|
00000000|MMI|5.18|S prime|C2603362|[clna]|["S'"-tx-2-"("-noun-0]|TX|582/1|
00000000|MMI|5.18|Schedule (document type)|C0086960|[inpr]|["Scheduled"-tx-3-"scheduled"-verb-0]|TX|625/9|
00000000|MMI|5.18|Scheduled - priority|C1571999|[qlco]|["Scheduled"-tx-3-"scheduled"-verb-0]|TX|625/9|
00000000|MMI|5.18|Scheduled - procedure status|C0205539|[qlco]|["Scheduled"-tx-3-"scheduled"-verb-0]|TX|625/9|
00000000|MMI|5.18|See|C1947903|[acty]|["See"-tx-22-"see"-verb-0]|TX|2987/3|
00000000|MMI|5.18|Single event|C0585347|[tmco]|["Once"-tx-32-"once"-adv-0]|TX|3759/4|
00000000|MMI|5.18|Sleep disturbances|C0037317|[sosy]|["sleep disorder"-tx-22-"sleep disorder"-noun-0]|TX|2969/14|
00000000|MMI|5.18|Strip Dosing Unit|C1705490|[qnco]|["{Strip}"-tx-29-"strips"-verb-0]|TX|3480/6|
00000000|MMI|5.18|TAC1 wt Allele|C1705924|[gngm]|["NKA"-tx-3-"NKA"-noun-0]|TX|646/3|
00000000|MMI|5.18|Vertigo <invertebrate>|C1069915|[euka]|["Vertigo"-tx-9-"vertigo"-noun-0]|TX|1874/7|
00000000|MMI|5.18|Visual changes|C0750280|[fndg]|["Visual changes"-tx-9-"visual changes"-noun-1]|TX|1884/14|
00000000|MMI|5.18|atorvastatin|C0286651|[orch,phsu]|["ATORVASTATIN"-tx-2-"ATORVASTATIN"-noun-0]|TX|406/12|
00000000|MMI|5.18|per second|C0565930|[qnco]|["/s"-tx-2-"("-noun-0]|TX|582/1|
00000000|MMI|5.18|preference|C0558295|[idcn]|["Preferred"-tx-24-"preferred"-verb-0]|TX|3132/9|
00000000|MMI|5.18|strip medical device|C1321564|[medd]|["strips"-tx-29-"strips"-verb-0]|TX|3480/6|
00000000|MMI|5.18|treatments and procedures|C0237403|[topp]|["treatments procedures"-tx-3-"TREATMENTS/PROCEDURES"-noun-0]|TX|1068/21|
00000000|MMI|3.98|Evaluation and management note:Finding:Point in time:{Setting}:Document:{Provider}|C1316572|[clna]|["Note"-tx-7-"noted"-verb-0]|TX|1721/5|
00000000|MMI|3.78|Poor coordination|C0563243|[fndg]|["Poor coordination"-tx-5-"poor coordination"-noun-0]|TX|1441/4,1451/12|
00000000|MMI|3.78|Urine screening (finding)|C0595946|[fndg]|["urine screen"-tx-12-"Urine screen"-noun-1]|TX|2208/5,2220/6|
00000000|MMI|3.78|Urine screening (procedure)|C1533688|[lbpr]|["Urine screen"-tx-12-"Urine screen"-noun-0]|TX|2208/5,2220/6|
00000000|MMI|3.75|1 - 9%|C3842508|[fndg]|["1 - 9%"-tx-1-"1/9"-fraction-0]|TX|16/3|
00000000|MMI|3.75|Medication.discharge|C0806915|[fndg]|["Discharge medications"-tx-2-"DISCHARGE MEDICATIONS"-noun-0]|TX|314/21|
00000000|MMI|3.72|J Point Elevation|C2346597|[fndg]|["J Point Elevation"-tx-15-"j-point elevation"-noun-0]|TX|2345/17|
00000000|MMI|3.70|Bilateral glaucoma|C0857112|[dsyn]|["glaucoma eye"-tx-3-"glaucoma eye"-noun-0]|TX|976/8,987/3|
00000000|MMI|3.68|Ability to Drive|C4050139|[inpr]|["Driving"-tx-5-"driving"-noun-0]|TX|1476/7|
00000000|MMI|3.68|ActInformationPrivacyReason <service>|C3245478|[idcn]|["service"-tx-1-"Service"-noun-0]|TX|107/7|
00000000|MMI|3.68|Attending (action)|C1999232|[ftcn]|["attending"-tx-1-"Attending"-noun-0]|TX|240/9|
00000000|MMI|3.68|Attending (provider role)|C1547429|[prog]|["Attending"-tx-1-"Attending"-noun-0]|TX|240/9|
00000000|MMI|3.68|Body Fluids and Substances|C1521806|[tisu]|["Fluids"-tx-35-"fluids"-noun-0]|TX|3991/6|
00000000|MMI|3.68|CDISC Events Class|C3541888|[clas]|["EVENTS"-tx-19-"events"-noun-0]|TX|2615/6|
00000000|MMI|3.68|Event|C0441471|[evnt]|["Events"-tx-19-"events"-noun-0]|TX|2615/6|
00000000|MMI|3.68|Lipids|C0023779|[orch]|["Lipids"-tx-11-"lipids"-noun-0]|TX|2120/6|D10
00000000|MMI|3.68|Liquid substance|C0302908|[sbst]|["fluids"-tx-35-"fluids"-noun-0]|TX|3991/6|
00000000|MMI|3.68|MRI-Based Angiogram|C3891069|[lbtr]|["MRA"-tx-17-"MRA"-noun-0]|TX|2445/3|
00000000|MMI|3.68|Medical Examination|C0582103|[hlca]|["Exam"-tx-16-"exam"-noun-0]|TX|2428/4|
00000000|MMI|3.68|Pain NOS Adverse Event|C1962977|[fndg]|["Pain NOS"-tx-9-"pain"-noun-1]|TX|1922/4|
00000000|MMI|3.68|Services|C0557854|[ocac]|["Service"-tx-1-"Service"-noun-0]|TX|107/7|
00000000|MMI|3.68|Software Service|C2825316|[mnob]|["Service"-tx-1-"Service"-noun-0]|TX|107/7|
00000000|MMI|3.68|Status|C0449438|[qlco]|["Status"-tx-2-"STATUS"-noun-0]|TX|278/6|
00000000|MMI|3.68|Tobacco Research Implementation Group|C1519533|[prog]|["TRIG"-tx-11-"Trig"-noun-0]|TX|2140/4|
00000000|MMI|3.68|Triglycerides measurement|C0202236|[lbpr]|["TRIG"-tx-11-"Trig"-noun-0]|TX|2140/4|
00000000|MMI|3.67|Principal Diagnosis:-:Point in time:^Patient:-|C2598194|[clna]|["Principal Diagnosis"-tx-3-"PRINCIPAL DIAGNOSIS"-noun-0]|TX|703/9,723/9|
00000000|MMI|3.67|Principal diagnosis|C0332137|[qlco]|["Principal Diagnosis"-tx-3-"PRINCIPAL DIAGNOSIS"-noun-0]|TX|703/9,723/9|
00000000|MMI|3.65|Cardiac enzymes|C0443763|[aapp,enzy]|["Cardiac enzymes"-tx-11-"cardiac enzymes"-noun-0]|TX|2191/15|
00000000|MMI|3.65|discharge diagnosis|C1555319|[fndg]|["Discharge diagnosis"-tx-3-"DISCHARGE DIAGNOSIS"-noun-0]|TX|713/19|
00000000|MMI|3.64|Blood glucose measurement|C0392201|[lbpr]|["Blood Sugar"-tx-20-"blood sugar"-noun-0]|TX|2803/11|
00000000|MMI|3.64|Entered|C1521975|[qlco]|["Entered"-tx-37-"ENTERED"-verb-0]|TX|4254/7|
00000000|MMI|3.63|CDISC Findings Class|C3539655|[inpr]|["FINDINGS"-tx-9-"findings"-noun-0]|TX|1863/8|
00000000|MMI|3.63|Disposition|C0743223|[idcn]|["Disposition"-tx-2-"DISPOSITION"-noun-0]|TX|296/11|
00000000|MMI|3.63|Disposition Domain|C1705555|[inpr]|["Disposition"-tx-2-"DISPOSITION"-noun-0]|TX|296/11|
00000000|MMI|3.63|MICROCEPHALY, EPILEPSY, AND DIABETES SYNDROME|C3280240|[dsyn]|["MEDS"-tx-37-"meds"-noun-0]|TX|4229/4|
00000000|MMI|3.63|Mass of body region|C0577573|[sosy]|["Mass"-tx-13-"mass"-noun-0]|TX|2310/4|
00000000|MMI|3.63|Mass of body structure|C0577559|[fndg]|["MASS"-tx-13-"mass"-noun-0]|TX|2310/4|
00000000|MMI|3.63|Mass, a measure of quantity of matter|C1306372|[qnco]|["*Mass"-tx-13-"mass"-noun-0]|TX|2310/4|
00000000|MMI|3.63|Milliampere second|C3539882|[qnco]|["mAs"-tx-13-"mass"-noun-0]|TX|2310/4|
00000000|MMI|3.63|Molecular Mass|C3152252|[qnco]|["Mass"-tx-13-"mass"-noun-0]|TX|2310/4|
00000000|MMI|3.63|Procedure findings:Finding:Point in time:^Patient:Narrative|C2926606|[clna]|["Findings"-tx-9-"findings"-noun-0]|TX|1863/8|
00000000|MMI|3.63|Scientific Study|C0947630|[lbpr]|["studies"-tx-13-"studies"-noun-0]|TX|2287/7|
00000000|MMI|3.63|findings aspects|C2607943|[ftcn]|["findings"-tx-9-"findings"-noun-0]|TX|1863/8|
00000000|MMI|3.62|Discharge time|C3864299|[tmco]|["Discharge time"-tx-24-"time discharge"-noun-0]|TX|3024/4,3032/9|
00000000|MMI|3.62|Discharge time:ClockTime:Pt:^Patient:Qn|C3864300|[clna]|["Discharge time"-tx-24-"time discharge"-noun-0]|TX|3024/4,3032/9|
00000000|MMI|3.61|ActInformationPrivacyReason <operations>|C3244305|[ftcn]|["operations"-tx-3-"OPERATIONS"-noun-0]|TX|1030/10|
00000000|MMI|3.61|Enthusiastic|C0558083|[menp]|["Eager"-tx-24-"eager"-adj-0]|TX|3087/5|
00000000|MMI|3.61|HL7PublishingSubSection <operations>|C3244306|[inpr]|["operations"-tx-3-"OPERATIONS"-noun-0]|TX|1030/10|
00000000|MMI|3.60|ENZYMES FOR TREATMENT OF WOUNDS AND ULCERS|C3540048|[enzy,phsu]|["ENZYMES"-tx-11-"enzymes"-noun-0]|TX|2199/7|
00000000|MMI|3.60|Enzymes FOR DISORDERS OF THE MUSCULO-SKELETAL SYSTEM|C3540772|[enzy,phsu]|["Enzymes"-tx-11-"enzymes"-noun-0]|TX|2199/7|
00000000|MMI|3.60|Enzymes for ALIMENTARY TRACT AND METABOLISM|C3542456|[enzy,phsu]|["Enzymes"-tx-11-"enzymes"-noun-0]|TX|2199/7|
00000000|MMI|3.60|Enzymes, antithrombotic|C3541394|[enzy,phsu]|["Enzymes"-tx-11-"enzymes"-noun-0]|TX|2199/7|
00000000|MMI|3.60|Enzymes, hematological|C3540017|[enzy,phsu]|["Enzymes"-tx-11-"enzymes"-noun-0]|TX|2199/7|
00000000|MMI|3.60|Enzymes, peripheral vasodilators|C3540790|[enzy,phsu]|["Enzymes"-tx-11-"enzymes"-noun-0]|TX|2199/7|
00000000|MMI|3.60|Twice a day|C0585361|[tmco]|["Twice a day"-tx-32-"a day twice"-noun-0]|TX|3764/5,3795/5|
00000000|MMI|3.60|times/day|C0439511|[qnco]|["times per day"-tx-33-"times per day"-noun-0]|TX|3848/13|
00000000|MMI|3.60|Glyburide / Metformin|C0939773|[phsu]|["metformin glyburide"-tx-29-"glyburide metformin"-noun-0]|TX|3413/9,3426/9|
00000000|MMI|3.60|Mean corpuscular volume normal result|C0860925|[fndg]|["normal mcv"-tx-13-"normal MCV"-noun-0]|TX|2245/6,2263/3|
00000000|MMI|3.59|HPS4 gene|C1423767|[gngm]|["LE"-tx-1-"Le"-noun-0]|TX|92/2|
00000000|MMI|3.59|LE, Rat Strain|C2697858|[mamm]|["LE"-tx-1-"Le"-noun-0]|TX|92/2|
00000000|MMI|3.59|Less Than or Equal to|C0439090|[qnco]|["LE"-tx-1-"Le"-noun-0]|TX|92/2|
00000000|MMI|3.59|Today|C0310367|[antb,orch]|["Today"-tx-2-"Today"-noun-0]|TX|382/5|
00000000|MMI|3.59|Today (temporal qualifier)|C0750526|[tmco]|["Today"-tx-2-"Today"-noun-0]|TX|382/5|
00000000|MMI|3.59|Brought on by|C0332302|[ftcn]|["brought"-tx-5-"brought"-verb-0]|TX|1490/7|
00000000|MMI|3.59|End|C0444930|[spco]|["End"-tx-39-"END"-noun-0]|TX|4323/3|
00000000|MMI|3.59|Presentation|C0449450|[idcn]|["Present"-tx-4-"presents"-verb-0]|TX|1319/8|
00000000|MMI|3.59|Quantity Final Containers Returned|C3714905|[qnco]|["Returned"-tx-8-"Returned"-verb-0]|TX|1799/8|
00000000|MMI|3.59|Responsible to|C1273518|[fndg]|["Responsible"-tx-3-"Responsible"-adj-0]|TX|734/11|
00000000|MMI|3.59|Stop (qualifier value)|C2746065|[tmco]|["End"-tx-39-"END"-noun-0]|TX|4323/3|
00000000|MMI|3.59|explanation|C0681841|[inpr]|["Explanations"-tx-22-"Explanations"-noun-0]|TX|2851/12|
00000000|MMI|3.59|sliding scale|C2937251|[topp]|["sliding scale"-tx-20-"sliding scale"-noun-0]|TX|2743/13|
00000000|MMI|3.58|Basal Diet|C2983588|[food]|["DIET"-tx-2-"DIET"-noun-0]|TX|497/4|
00000000|MMI|3.58|Diet (animal life circumstance)|C3668949|[food]|["Diet"-tx-2-"DIET"-noun-0]|TX|497/4|
00000000|MMI|3.58|Special Diet Therapy|C1519433|[topp]|["DIET"-tx-2-"DIET"-noun-0]|TX|497/4|
00000000|MMI|3.57|Borg Category-Ratio 10 Perceived Exertion Score 5|C4050466|[inpr]|["Severe"-tx-7-"severe"-adj-0]|TX|1782/6|
00000000|MMI|3.57|Conditional|C1701901|[qlco]|["Contingent"-tx-1-"CONTINGENT"-noun-0]|TX|162/10|
00000000|MMI|3.57|Event Seriousness - Significant|C1546944|[qlco]|["Significant"-tx-11-"significant"-adj-0]|TX|2081/11|
00000000|MMI|3.57|Floor (anatomic)|C3714591|[anst]|["Floor"-tx-19-"floor"-noun-0]|TX|2699/5|
00000000|MMI|3.57|Floor - story of building|C1547707|[geoa]|["Floor"-tx-19-"floor"-noun-0]|TX|2699/5|
00000000|MMI|3.57|Further|C1517331|[spco]|["Further"-tx-24-"further"-adj-0]|TX|3158/7|
00000000|MMI|3.57|NADPH:sulfur oxidoreductase activity|C2700623|[moft]|["NSR"-tx-15-"NSR"-noun-0]|TX|2385/3|
00000000|MMI|3.57|Neutral Sidebent Rotated|C1704493|[patf]|["NSR"-tx-15-"NSR"-noun-1]|TX|2385/3|
00000000|MMI|3.57|Re-admission|C1548168|[idcn]|["Re-admission"-tx-3-"readmission"-noun-0]|TX|1176/11|
00000000|MMI|3.57|Severe (severity modifier)|C0205082|[qlco]|["SEVERE"-tx-7-"severe"-adj-0]|TX|1782/6|
00000000|MMI|3.57|Severe Extremity Pain|C4050465|[inpr]|["Severe"-tx-7-"severe"-adj-0]|TX|1782/6|
00000000|MMI|3.57|Significant|C0750502|[idcn]|["Significant"-tx-11-"significant"-adj-0]|TX|2081/11|
00000000|MMI|3.57|Statistical Significance|C0237881|[qnco]|["significant"-tx-11-"significant"-adj-0]|TX|2081/11|
00000000|MMI|3.57|Tacca leontopetaloides|C1054154|[plnt]|["tia"-tx-22-"TIA"-noun-0]|TX|2893/3|
00000000|MMI|3.57|floor (object)|C0016249|[mnob]|["Floor"-tx-19-"floor"-noun-0]|TX|2699/5|
00000000|MMI|3.56|Afternoon|C0439550|[tmco]|["Afternoon"-tx-24-"afternoon"-noun-0]|TX|3109/9|
00000000|MMI|3.56|Function|C0542341|[ftcn]|["FUNCTION"-tx-24-"function"-noun-0]|TX|3119/8|
00000000|MMI|3.56|Function Axis|C0700205|[clas]|["FUNCTION"-tx-24-"function"-noun-0]|TX|3119/8|
00000000|MMI|3.56|Mathematical Operator|C1705273|[inpr]|["Function"-tx-24-"function"-noun-0]|TX|3119/8|
00000000|MMI|3.55|Record - QueryRequestLimit|C3853788|[qnco]|["record"-tx-19-"recorded"-verb-0]|TX|2627/8|
00000000|MMI|3.55|1+|C3816745|[fndg]|["1+"-tx-5-"1"-fraction-0]|TX|1405/1|
00000000|MMI|3.55|1+ Score|C2827734|[qnco]|["1+"-tx-5-"1"-fraction-0]|TX|1405/1|
00000000|MMI|3.55|1+ Score, WHO|C2981698|[clas]|["1+"-tx-5-"1"-fraction-0]|TX|1405/1|
00000000|MMI|3.55|29+|C3843708|[fndg]|["29+"-tx-5-"29"-fraction-0]|TX|1407/2|
00000000|MMI|3.55|Curriculum Vitae|C1880201|[inpr]|["Resume"-tx-3-"RESUME"-noun-0]|TX|1117/6|
00000000|MMI|3.55|Insulin Drug Class|C3714501|[horm,phsu]|["INSULIN"-tx-20-"insulin"-noun-0]|TX|2757/7|
00000000|MMI|3.55|Insulin [EPC]|C1579433|[phsu]|["Insulin"-tx-20-"insulin"-noun-0]|TX|2757/7|
00000000|MMI|3.55|O NOS Ab|C0483204|[aapp,imft]|["O NOS"-tx-20-"o"-adv-0]|TX|2734/1|
00000000|MMI|3.55|Recombinant Insulin|C1533581|[aapp,horm,phsu]|["INSULIN"-tx-20-"insulin"-noun-0]|TX|2757/7|
00000000|MMI|3.55|Resume - Remote control command|C1550028|[idcn]|["Resume"-tx-3-"RESUME"-noun-0]|TX|1117/6|
00000000|MMI|3.55|Used by|C1273517|[fndg]|["used"-tx-1-"USED"-verb-1]|TX|211/4|
00000000|MMI|3.55|resume - DataOperation|C3242342|[ftcn]|["resume"-tx-3-"RESUME"-noun-0]|TX|1117/6|
00000000|MMI|3.55|Dose number:Number:Point in time:^Patient:Quantitative|C1114758|[clna]|["Dose #"-tx-30-"dose"-noun-0]|TX|3551/4|
00000000|MMI|3.55|Unit dose|C0869039|[qnco]|["Dose"-tx-30-"dose"-noun-0]|TX|3551/4|
00000000|MMI|3.55|prescription document|C1521941|[inpr]|["Prescription"-tx-31-"prescription"-noun-0]|TX|3604/12|
00000000|MMI|3.54|Time (foundation metadata concept)|C3541383|[tmco]|["Time"-tx-4-"time"-noun-0]|TX|1342/4|
00000000|MMI|3.53|Discontinued|C1444662|[fndg]|["D/C"-tx-1-"D/C"-noun-1]|TX|198/3|
00000000|MMI|3.53|Doctor of Chiropractic|C1512015|[inpr]|["D.C."-tx-1-"D/C"-noun-0]|TX|198/3|
00000000|MMI|3.53|iron normal|C0860977|[fndg]|["normal iron"-tx-13-"normal iron"-noun-0]|TX|2275/11|
00000000|MMI|3.50|ABD tumor staging notation|C0449202|[inpr]|["ABD"-tx-9-"abd"-noun-0]|TX|1918/3|
00000000|MMI|3.50|Abnormal|C0205161|[qlco]|["ABNORMAL"-tx-19-"abnormal"-adj-0]|TX|2606/8|
00000000|MMI|3.50|Abnormal Reference Range|C2699333|[inpr]|["ABNORMAL"-tx-19-"abnormal"-adj-0]|TX|2606/8|
00000000|MMI|3.50|Absence of Biallelic TCRgamma Deletion|C3811055|[comd]|["ABD"-tx-9-"abd"-noun-1]|TX|1918/3|
00000000|MMI|3.50|C7orf49 gene|C1824234|[gngm]|["MRI"-tx-17-"MRI"-noun-0]|TX|2441/3|
00000000|MMI|3.50|Causing|C0678227|[ftcn]|["Causing"-tx-3-"Causing"-adj-0]|TX|762/7|
00000000|MMI|3.50|Cheque|C1555524|[mnob]|["Cheque"-tx-35-"check"-noun-0]|TX|3963/5|
00000000|MMI|3.50|Communication Contact|C1705415|[idcn]|["Contact"-tx-35-"contact"-noun-0]|TX|4000/7|
00000000|MMI|3.50|Contact with|C0332158|[ftcn]|["contact"-tx-35-"contact"-noun-0]|TX|4000/7|
00000000|MMI|3.50|Diagnosis Type - Final|C1546485|[idcn]|["Final"-tx-1-"FINAL"-adj-0]|TX|32/5|
00000000|MMI|3.50|Drink (dietary substance)|C0452428|[food]|["Drink"-tx-35-"drink"-noun-0]|TX|3985/5|
00000000|MMI|3.50|Elevated|C3163633|[qlco]|["Elevated"-tx-11-"elevated"-adj-0]|TX|2111/8|
00000000|MMI|3.50|End-stage|C0205088|[qlco]|["Final"-tx-1-"FINAL"-adj-0]|TX|32/5|
00000000|MMI|3.50|Entire head|C1281590|[bpoc]|["Head"-tx-6-"head"-noun-0]|TX|1561/4|
00000000|MMI|3.50|Final|C3853528|[tmco]|["Final"-tx-1-"FINAL"-adj-0]|TX|32/5|
00000000|MMI|3.50|Head - Component of Device|C1706305|[mnob]|["Head"-tx-6-"head"-noun-0]|TX|1561/4|
00000000|MMI|3.50|High|C0205250|[qlco]|["Elevated"-tx-11-"elevated"-adj-0]|TX|2111/8|
00000000|MMI|3.50|Magnetic Resonance Imaging Study File|C3890166|[inpr]|["MRI"-tx-17-"MRI"-noun-0]|TX|2441/3|
00000000|MMI|3.50|N not otherwise specified Antibody|C0369718|[aapp,imft]|["N NOS"-tx-9-"n"-noun-0]|TX|1912/1|
00000000|MMI|3.50|N+ (tumor staging)|C0441922|[inpr]|["N+"-tx-9-"n"-noun-0]|TX|1912/1|
00000000|MMI|3.50|Percent of Abnormal Cells|C2347472|[qnco]|["% Abnormal"-tx-19-"abnormal"-adj-0]|TX|2606/8|
00000000|MMI|3.50|Personal Contact|C3812666|[acty]|["Contact"-tx-35-"contact"-noun-0]|TX|4000/7|
00000000|MMI|3.50|Very good|C3641222|[qlco]|["Very Good"-tx-24-"very good"-adj-0]|TX|3075/9|
00000000|MMI|3.50|Yes (indicator)|C1705108|[cnce]|["YES"-tx-1-"YES"-noun-0]|TX|236/3|
00000000|MMI|3.50|Yes - Yes/no indicator|C1549445|[idcn]|["Yes"-tx-1-"YES"-noun-0]|TX|236/3|
00000000|MMI|3.50|contact person|C0337611|[popg]|["Contact"-tx-35-"contact"-noun-0]|TX|4000/7|
00000000|MMI|3.50|dictated - DocumentCompletion|C1609990|[idcn]|["Dictated"-tx-37-"dictated"-adj-0]|TX|4237/8|
00000000|MMI|3.50|dictated - ParticipationMode|C1548384|[ftcn]|["dictated"-tx-37-"dictated"-adj-0]|TX|4237/8|
00000000|MMI|3.49|normal Cardiac structure|C2349205|[fndg]|["normal Cardiac"-tx-11-"normal cardiac"-adj-0]|TX|2173/6,2191/7|
00000000|MMI|3.48|Entire hand|C1281583|[bpoc]|["Hand"-tx-5-"hand"-noun-0]|TX|1446/4|
00000000|MMI|3.48|Focal|C0205234|[spco]|["FOCAL"-tx-9-"focal"-adj-0]|TX|1851/5|
00000000|MMI|3.48|Full|C0443225|[qlco]|["Full"-tx-2-"Full"-adj-0]|TX|286/4|
00000000|MMI|3.48|Occupational Therapist - hand|C1551142|[prog]|["Hand"-tx-5-"hand"-noun-0]|TX|1446/4|
00000000|MMI|3.48|Physical Therapist - Hand|C1551156|[prog]|["Hand"-tx-5-"hand"-noun-0]|TX|1446/4|
00000000|MMI|3.48|Titer|C0475208|[qnco]|["Titre"-tx-37-"titer"-noun-0]|TX|4209/5|
00000000|MMI|3.48|hand - unit of measure|C1552914|[qnco]|["hand"-tx-5-"hand"-noun-0]|TX|1446/4|
00000000|MMI|3.47|mg/mg|C1319635|[qnco]|["mg/mg"-tx-2-"MG MG"-noun-0]|TX|424/2,450/2|
00000000|MMI|3.47|K 582|C0064190|[aapp,phsu]|["K 582"-tx-1-"K 582"-noun-0]|TX|78/5|
00000000|MMI|3.47|In addition to|C0332287|[ftcn]|["In addition to"-tx-32-"in addition to"-prep-0]|TX|3770/14|
00000000|MMI|3.47|Probable diagnosis|C0332148|[qlco]|["Likely"-tx-22-"likely"-adv-0]|TX|2941/6|
00000000|MMI|3.47|Probably|C0750492|[idcn]|["Likely"-tx-22-"likely"-adv-0]|TX|2941/6|
00000000|MMI|3.47|Smaller|C0547044|[qlco]|["Less"-tx-22-"less"-adv-0]|TX|2936/4|
00000000|MMI|3.47|Stat (do immediately)|C0205548|[tmco]|["Immediately"-tx-2-"Immediately"-adv-0]|TX|549/11|
00000000|MMI|3.46|Low dose|C0445550|[qnco]|["Low dose"-tx-29-"low-dose"-noun-0]|TX|3404/8|
00000000|MMI|3.46|Low-Dose Treatment|C1708745|[resa]|["Low-Dose"-tx-29-"low-dose"-noun-0]|TX|3404/8|
00000000|MMI|3.46|Aspirin 81 MG|C0983882|[clnd]|["Aspirin 81 MG"-tx-30-"aspirin 81 mg"-noun-0]|TX|3543/7,3561/5|
00000000|MMI|3.46|Old|C0580836|[tmco]|["Old"-tx-15-"old"-adj-0]|TX|2341/3|
00000000|MMI|3.46|Primary|C0205225|[qlco]|["Principal"-tx-3-"PRINCIPAL"-adj-0]|TX|703/9|
00000000|MMI|3.46|Teaching principal|C0401925|[prog]|["Principal"-tx-3-"PRINCIPAL"-adj-0]|TX|703/9|
00000000|MMI|3.46|diabetic|C0241863|[fndg]|["DIABETIC"-tx-20-"diabetic"-adj-0]|TX|2769/8|
00000000|MMI|3.46|SAT1 protein, human|C2744672|[aapp,enzy]|["SAT"-tx-2-"sat"-noun-0]|TX|524/3|
00000000|MMI|3.46|SAT1 wt Allele|C1705827|[gngm]|["SAT"-tx-2-"sat"-noun-0]|TX|524/3|
00000000|MMI|3.46|Congenital hypoplasia of penis|C0266435|[cgab]|["Small penis"-tx-10-"small penis"-noun-0]|TX|1960/5,1974/5|
00000000|MMI|3.46|Small penis|C0240701|[fndg]|["PENIS, SMALL"-tx-10-"small penis"-noun-0]|TX|1960/5,1974/5|
00000000|MMI|3.45|Night time|C0240526|[tmco]|["Night"-tx-6-"night"-noun-0]|TX|1617/5|
00000000|MMI|3.45|Oral|C0442027|[spco]|["PO"-tx-2-"PO"-noun-0]|TX|364/2|
00000000|MMI|3.45|Thursday|C0585028|[tmco]|["Thursday"-tx-6-"Thursday"-noun-0]|TX|1608/8|
00000000|MMI|3.45|Administration procedure|C1533734|[topp]|["Treatment"-tx-3-"Treatment"-noun-0]|TX|906/9|
00000000|MMI|3.45|Biomaterial Treatment|C1705169|[cnce]|["Treatment"-tx-3-"Treatment"-noun-0]|TX|906/9|
00000000|MMI|3.45|Therapeutic procedure|C0087111|[topp]|["Treatment"-tx-3-"Treatment"-noun-0]|TX|906/9|E02
00000000|MMI|3.45|Treating|C1522326|[ftcn]|["Treatment"-tx-3-"Treatment"-noun-0]|TX|906/9|
00000000|MMI|3.45|Treatment Epoch|C3538994|[resa]|["TREATMENT"-tx-3-"Treatment"-noun-0]|TX|906/9|
00000000|MMI|3.45|treatment - ActInformationManagementReason|C3887704|[hlca]|["treatment"-tx-3-"Treatment"-noun-0]|TX|906/9|
00000000|MMI|3.45|Discussion (communication)|C2584313|[socb]|["Discussion"-tx-22-"discussion"-noun-0]|TX|3007/10|
00000000|MMI|3.45|Discussion (procedure)|C0557061|[topp]|["Discussion"-tx-22-"discussion"-noun-0]|TX|3007/10|
00000000|MMI|3.45|Hospital course|C0489547|[fndg]|["Hospital course"-tx-3-"HOSPITAL COURSE"-noun-1]|TX|1127/15|
00000000|MMI|3.45|Hospital course:Finding:Point in time:^Patient:Narrative|C0488549|[clna]|["Hospital course"-tx-3-"HOSPITAL COURSE"-noun-0]|TX|1127/15|
00000000|MMI|3.45|10%|C3842590|[fndg]|["10%"-tx-2-"10"-integer-0]|TX|421/2|
00000000|MMI|3.45|60%|C3842585|[fndg]|["60%"-tx-2-"60"-integer-0]|TX|464/2|
00000000|MMI|3.45|Blood pressure monitoring|C0026426|[hlca]|["bp monitoring"-tx-34-"BP monitoring"-noun-0]|TX|3896/2,3908/10|
00000000|MMI|3.44|Adverse effects|C0879626|[patf]|["Side effects"-tx-10-"side effects"-noun-0]|TX|2056/12|
00000000|MMI|3.44|Circulatory Process|C1516559|[orgf]|["Circulation"-tx-22-"circulation"-noun-0]|TX|2910/11|
00000000|MMI|3.44|Dorsal|C0205095|[spco]|["POSTERIOR"-tx-22-"posterior"-adj-0]|TX|2900/9|
00000000|MMI|3.44|Friday|C0585029|[tmco]|["Friday"-tx-7-"Friday"-noun-0]|TX|1701/6|
00000000|MMI|3.44|Symptoms|C1457887|[sosy]|["SYMPTOMS"-tx-3-"symptoms"-noun-1]|TX|1202/8|
00000000|MMI|3.44|Symptoms aspect|C0683368|[ftcn]|["symptoms"-tx-3-"symptoms"-noun-0]|TX|1202/8|
00000000|MMI|3.44|Day 2|C3842676|[fndg]|["Day 2"-tx-17-"2 days"-noun-0]|TX|2492/6|
00000000|MMI|3.43|Beginning|C0439659|[tmco]|["Start"-tx-2-"Starting"-adj-0]|TX|373/8|
00000000|MMI|3.43|Report (document)|C0684224|[inpr]|["Reported"-tx-10-"Reported"-adj-0]|TX|1951/8|
00000000|MMI|3.43|Reporting|C0700287|[hlca]|["Reported"-tx-10-"Reported"-adj-0]|TX|1951/8|
00000000|MMI|3.43|Science of Etiology|C1524003|[cnce]|["Etiology"-tx-3-"etiology"-noun-0]|TX|829/8|
00000000|MMI|3.43|Behavior Rating Inventory of Executive Function|C4050216|[inpr]|["BRIEF"-tx-3-"BRIEF"-adj-0]|TX|1111/5|
00000000|MMI|3.43|Brief|C1879313|[tmco]|["Brief"-tx-3-"BRIEF"-adj-0]|TX|1111/5|
00000000|MMI|3.43|First (number)|C0205435|[qnco]|["1st"-tx-17-"1st"-numeric_ordinal-0]|TX|2478/3|
00000000|MMI|3.43|Shortened|C1282927|[qlco]|["brief"-tx-3-"BRIEF"-adj-0]|TX|1111/5|
00000000|MMI|3.43|Day 3|C3842675|[fndg]|["Day 3"-tx-4-"3 days"-noun-0]|TX|1350/6|
00000000|MMI|3.42|Increase|C0442805|[ftcn]|["Increased"-tx-30-"increased"-adj-0]|TX|3533/9|
00000000|MMI|3.42|Increased|C0205217|[qnco]|["Increased"-tx-30-"increased"-adj-0]|TX|3533/9|
00000000|MMI|3.42|To be stopped|C1272691|[qlco]|["stopped"-tx-10-"stopped"-adj-0]|TX|2025/7|
00000000|MMI|3.42|Cardiac chamber structure|C0729936|[bsoj