00000000|MMI|65.83|Patients|C0030705|[podg]|["*^patient"-tx-36-"patient"-noun-0,"*^patient"-tx-31-"patient"-noun-0,"*^patient"-tx-22-"patient"-noun-0,"*^patient"-tx-21-"patient's"-noun-0,"*^patient"-tx-17-"patient"-noun-0,"*^patient"-tx-4-"patient"-noun-0,"*^patient"-tx-3-"patient"-noun-0,"*^patient"-tx-2-"patient"-noun-0]|TX|2667/7;2379/7;1801/7;1678/9;1508/7;650/7;552/7;269/7|M01.643
00000000|MMI|49.09|Cellulitis|C0007642|[patf]|["CELLULITIS"-tx-32-"cellulitis"-noun-0,"CELLULITIS"-tx-1-"CELLULITIS"-noun-0]|TX|2439/10;[82/10],[225/10]|C01.539.800.130;C01.539.830.200;C17.300.185;C23.550.470.756.200
00000000|MMI|44.98|Coumadin|C0699129|[orch,phsu]|["Coumadin"-tx-33-"Coumadin"-noun-0,"Coumadin"-tx-16-"Coumadin"-noun-0]|TX|2471/8;1291/8|D03.383.663.283.446.520.914;D03.438.150.446.520.914
00000000|MMI|42.15|International Normalized Ratio|C0525032|[lbpr]|["INR"-tx-36-"INR"-noun-0,"INR"-tx-29-"INR"-noun-0]|TX|2685/3;2239/3|E01.370.225.625.115.320;E05.200.625.115.320
00000000|MMI|39.70|Mongolia|C0026410|[geoa]|["MG"-tx-33-"mg"-noun-0,"MG"-tx-16-"mg"-noun-0]|TX|2465/2;[1302/2],[1332/2]|Z01.252.474.651
00000000|MMI|36.61|Abortion consent:Finding:Point in time:^Patient:Document|C2360836|[clna]|["Patient"-tx-36-"patient"-noun-0,"Patient"-tx-31-"patient"-noun-0,"Patient"-tx-22-"patient"-noun-0,"Patient"-tx-21-"patient's"-noun-0,"Patient"-tx-17-"patient"-noun-0,"Patient"-tx-4-"patient"-noun-0,"Patient"-tx-3-"patient"-noun-0,"Patient"-tx-2-"patient"-noun-0]|TX|2667/7;2379/7;1801/7;1678/9;1508/7;650/7;552/7;269/7|
00000000|MMI|36.61|Hysterectomy consent:Finding:Point in time:^Patient:Document|C2360838|[clna]|["Patient"-tx-36-"patient"-noun-0,"Patient"-tx-31-"patient"-noun-0,"Patient"-tx-22-"patient"-noun-0,"Patient"-tx-21-"patient's"-noun-0,"Patient"-tx-17-"patient"-noun-0,"Patient"-tx-4-"patient"-noun-0,"Patient"-tx-3-"patient"-noun-0,"Patient"-tx-2-"patient"-noun-0]|TX|2667/7;2379/7;1801/7;1678/9;1508/7;650/7;552/7;269/7|
00000000|MMI|36.61|Sterilization consent:Finding:Point in time:^Patient:Document|C2360840|[clna]|["Patient"-tx-36-"patient"-noun-0,"Patient"-tx-31-"patient"-noun-0,"Patient"-tx-22-"patient"-noun-0,"Patient"-tx-21-"patient's"-noun-0,"Patient"-tx-17-"patient"-noun-0,"Patient"-tx-4-"patient"-noun-0,"Patient"-tx-3-"patient"-noun-0,"Patient"-tx-2-"patient"-noun-0]|TX|2667/7;2379/7;1801/7;1678/9;1508/7;650/7;552/7;269/7|
00000000|MMI|32.60|Coronary Artery Bypass Surgery|C0010055|[topp]|["Coronary Artery Bypass Graft"-tx-6-"coronary artery bypass graft"-noun-0,"Coronary Artery Bypass Graft"-tx-2-"coronary artery bypass graft"-noun-0]|TX|909/28;366/28|E04.100.376.719.332;E04.100.814.868.750;E04.928.220.520.220
00000000|MMI|27.26|Penicillin G|C0030827|[antb,orch]|["penicillin"-tx-13-"Penicillin"-noun-0]|TX|1146/10|D02.065.589.099.750.750;D02.886.108.750.750;D03.438.260.825.750;D03.605.084.737.750;D04.075.080.875.099.221.750.750
00000000|MMI|25.50|Ancef|C0700926|[antb,orch]|["Ancef"-tx-31-"Ancef"-noun-0]|TX|2404/5|D02.065.589.099.249.160;D02.886.665.074.160;D04.075.080.875.099.221.249.160
00000000|MMI|24.11|Penicillin|C0220892|[antb,orch]|["PENICILLIN"-tx-13-"Penicillin"-noun-0]|TX|1146/10|D02.065.589.099.750;D02.886.108.750;D03.438.260.825;D03.605.084.737;D04.075.080.875.099.221.750
00000000|MMI|24.11|Penicillins|C0030842|[antb,orch]|["Penicillin"-tx-13-"Penicillin"-noun-0]|TX|1146/10|D02.065.589.099.750;D02.886.108.750;D03.438.260.825;D03.605.084.737;D04.075.080.875.099.221.750
00000000|MMI|22.68|White Blood Cell Count procedure|C0023508|[lbpr]|["Blood Cell Count, White"-tx-28-"white blood cell count"-noun-0]|TX|2211/22|E01.370.225.500.195.107.595;E01.370.225.625.107.595;E05.200.500.195.107.595;E05.200.625.107.595;E05.242.195.107.595;G04.170.107.595;G09.188.105.595
00000000|MMI|22.52|Cozaar|C0591301|[orch,phsu]|["Cozaar"-tx-15-"Cozaar"-noun-0]|TX|1264/6|D02.455.426.559.389.185.475;D03.383.129.308.507;D03.383.129.617.467
00000000|MMI|22.51|Oxygen saturation measurement|C0523807|[lbpr]|["O2 Saturation"-tx-21-"O2 saturation"-noun-0]|TX|1766/13|E01.370.225.124.100.100.600;E01.370.370.380.600;E01.370.386.700.100.600;E05.200.124.100.100.600
00000000|MMI|22.50|97|C0439073|[inpr]|["97"-tx-42-"97"-integer-0,"97"-tx-36-"97"-integer-0,"97"-tx-21-"97"-percentage-0,"97"-tx-6-"97"-integer-0,"97"-tx-2-"97"-integer-0]|TX|[2860/2],[2871/2];2721/2;1780/2;947/2;403/2|
00000000|MMI|22.50|>97|C0439082|[qnco]|[">97"-tx-42-"97"-integer-0,">97"-tx-36-"97"-integer-0,">97"-tx-21-"97"-percentage-0,">97"-tx-6-"97"-integer-0,">97"-tx-2-"97"-integer-0]|TX|[2860/2],[2871/2];2721/2;1780/2;947/2;403/2|
00000000|MMI|22.50|Ganglioside GM1|C0016895|[bacs,orch,phsu]|["GM-1"-tx-31-"1 gm"-noun-0]|TX|2396/4|D09.400.410.420.025.475.390;D10.390.470.025.475.390;D10.570.877.360.025.475.390
00000000|MMI|22.47|Percutaneous Transluminal Coronary Angioplasty|C2936173|[topp]|["PTCA"-tx-6-"PTCA"-noun-0]|TX|852/4|E02.148.050.060.100;E04.100.376.719.100;E04.100.814.529.124.060.100;E04.100.814.529.968.050;E04.502.382.124.060.100;E04.502.382.968.050;E04.928.220.520.100;E05.157.016.060.100
00000000|MMI|21.36|Doctor of Medicine|C1512018|[inpr]|["M.D."-tx-47-"M.D"-noun-0,"M.D."-tx-44-"M.D"-noun-0,"M.D."-tx-40-"M.D"-noun-0,"M.D."-tx-38-"M.D"-noun-0]|TX|2933/3;2896/3;2798/3;2757/3|
00000000|MMI|20.95|trauma qualifier|C1510467|[qlco]|["trauma"-tx-3-"trauma"-noun-0]|TX|567/6|x.x.x.x.x.x
00000000|MMI|19.82|Males|C0086582|[orga]|["MALE"-tx-22-"male"-noun-0,"MALE"-tx-2-"male"-noun-0]|TX|1822/4;294/4|x.x.x
00000000|MMI|19.73|Erythema|C0041834|[dsyn]|["ERYTHEMA"-tx-26-"erythema"-noun-0,"ERYTHEMA"-tx-2-"erythema"-noun-0]|TX|2062/8;481/8|C17.800.229
00000000|MMI|19.45|Hydrocortisone|C0020268|[horm,orch,phsu]|["HYDROCORTISONE"-tx-16-"hydrocortisone"-noun-0]|TX|1436/14|D04.808.745.745.654.600;D06.472.040.585.353.476;D06.472.040.585.478.392
00000000|MMI|19.45|Temperature|C0039476|[qnco]|["*Temperature"-tx-21-"temperature"-noun-0]|TX|1688/11|G01.906.595;G16.500.275.063.725.710;G16.500.750.775.710;N06.230.150.450;N06.230.300.100.725.710
00000000|MMI|19.27|Onychomycosis|C0040261|[dsyn]|["ONYCHOMYCOSIS"-tx-27-"onychomycosis"-noun-0]|TX|2149/13|C01.539.800.200.720.550;C01.703.295.872.458;C17.800.529.550;C17.800.838.208.883.458
00000000|MMI|19.23|Metoprolol|C0025859|[orch,phsu]|["METOPROLOL"-tx-14-"Metoprolol"-noun-0]|TX|1207/10|D02.033.100.624.698.573;D02.033.755.624.698.573;D02.092.063.624.698.573
00000000|MMI|18.03|Post|C0687676|[tmco]|["Status Post"-tx-8-"Status post"-prep-0,"Status Post"-tx-6-"status post"-prep-0,"Status Post"-tx-2-"status post"-prep-0]|TX|954/11;[796/11],[840/11],[884/11];341/11|
00000000|MMI|18.03|Status post|C0231290|[tmco]|["Status post"-tx-8-"Status post"-prep-0,"Status post"-tx-6-"status post"-prep-0,"Status post"-tx-2-"status post"-prep-0]|TX|954/11;[796/11],[840/11],[884/11];341/11|
00000000|MMI|17.80|Chest Pain|C0008031|[sosy]|["CHEST PAIN"-tx-4-"chest pain"-noun-1]|TX|687/10|C10.597.617.192;C23.888.592.612.233
00000000|MMI|17.80|Daughter|C0011011|[famg]|["Daughter"-tx-17-"daughter"-noun-0]|TX|1540/8|F01.829.263.500;I01.880.853.150.500
00000000|MMI|17.80|Diabetes Mellitus, Non-Insulin-Dependent|C0011860|[dsyn]|["Noninsulin dependent diabetes mellitus"-tx-10-"Non-insulin-dependent diabetes mellitus"-noun-0]|TX|1059/39|C18.452.394.750.149;C19.246.300
00000000|MMI|17.80|Hematocrit procedure|C0018935|[lbpr]|["Hematocrit"-tx-28-"Hematocrit"-noun-0]|TX|2189/10|E01.370.225.625.400;E05.200.625.400;G09.188.370.374
00000000|MMI|17.80|Lotrimin|C0699670|[orch,phsu]|["Lotrimin"-tx-34-"Lotrimin"-noun-0]|TX|2614/8|D03.383.129.308.175
00000000|MMI|17.80|Togo|C0040363|[geoa]|["TO"-tx-16-"to"-adv-0]|TX|1462/2|Z01.058.290.190.800
00000000|MMI|17.80|Tryptophanase|C0041260|[aapp,enzy]|["TO"-tx-16-"to"-adv-0]|TX|1462/2|D08.811.520.224.800
00000000|MMI|16.30|Blood Pressure|C0005823|[orgf]|["BLOOD PRESSURE"-tx-21-"blood pressure"-noun-0]|TX|1709/14|E01.370.600.875.249;G09.330.380.076
00000000|MMI|16.30|Body Temperature|C0005903|[orga]|["temperature"-tx-21-"temperature"-noun-0]|TX|1688/11|E01.370.600.875.374;G07.110
00000000|MMI|16.30|Pain|C0030193|[sosy]|["PAIN"-tx-4-"pain"-noun-1]|TX|741/4|C10.597.617;C23.888.592.612;F02.830.816.444;G11.561.600.810.444
00000000|MMI|16.30|Pulse Rate|C0232117|[clna]|["PULSE"-tx-21-"pulse"-noun-0]|TX|1733/5|E01.370.600.875.500;G09.330.380.500
00000000|MMI|16.30|Systemic arterial pressure|C1272641|[fndg]|["Blood pressure"-tx-21-"blood pressure"-noun-0]|TX|1709/14|G09.330.380.076.347
00000000|MMI|16.21|Norvasc|C0162712|[orch,phsu]|["Norvasc"-tx-14-"Norvasc"-noun-0]|TX|1237/7|D03.383.725.203.065
00000000|MMI|16.21|Cerebrovascular accident|C0038454|[dsyn]|["CEREBROVASCULAR ACCIDENT"-tx-2-"cerebrovascular accident"-noun-0]|TX|436/24|C10.228.140.300.775;C14.907.253.855
00000000|MMI|16.12|Coronary Arteriosclerosis|C0010054|[dsyn]|["coronary artery disease"-tx-20-"coronary artery disease"-noun-0]|TX|1627/23|C14.280.647.250.260;C14.907.137.126.339;C14.907.585.250.260
00000000|MMI|16.12|Coronary Artery Disease|C1956346|[dsyn]|["CORONARY ARTERY DISEASE"-tx-20-"coronary artery disease"-noun-0]|TX|1627/23|C14.280.647.250.260;C14.907.137.126.339;C14.907.585.250.260
00000000|MMI|16.12|Deep Vein Thrombosis|C0149871|[dsyn]|["Deep Venous Thrombosis"-tx-30-"deep venous thrombosis"-noun-1]|TX|2276/22|C14.907.355.830.925
00000000|MMI|16.04|Ivory Coast|C0022326|[geoa]|["IV"-tx-31-"IV"-noun-0]|TX|2410/2|Z01.058.290.190.272
00000000|MMI|14.64|Abdominal Cavity|C0230168|[blor]|["Abdomen"-tx-25-"Abdomen"-noun-0]|TX|1959/7|A01.923.047.025
00000000|MMI|14.64|Chest|C0817096|[blor]|["CHEST"-tx-23-"Chest"-noun-0]|TX|1849/5|A01.923.761;A02.835.232.904
00000000|MMI|14.64|Diabetes Mellitus|C0011849|[dsyn]|["non insulin dependent diabetes Mellitus"-tx-10-"Non-insulin-dependent diabetes mellitus"-noun-0]|TX|1059/39|C18.452.394.750;C19.246
00000000|MMI|14.64|Diarrhea|C0011991|[sosy]|["DIARRHOEA"-tx-4-"diarrhea"-noun-1]|TX|720/8|C23.888.821.214
00000000|MMI|14.64|Dyspnea|C0013404|[sosy]|["SHORTNESS OF BREATH"-tx-4-"shortness of breath"-noun-1]|TX|665/19|C08.618.326;C23.888.852.371
00000000|MMI|14.64|Foot|C0016504|[bpoc]|["Feet"-tx-35-"feet"-noun-0]|TX|2646/4|A01.378.610.250
00000000|MMI|14.64|Nausea|C0027497|[sosy]|["NAUSEA"-tx-4-"nausea"-noun-1]|TX|700/6|C23.888.821.712
00000000|MMI|14.64|Rales|C0034642|[sosy]|["Crackles"-tx-23-"crackles"-verb-0]|TX|1878/8|C23.888.852.779;E01.370.386.720;G09.772.775
00000000|MMI|14.64|Vomiting|C0042963|[sosy]|["VOMITING"-tx-4-"vomiting"-verb-1]|TX|709/8|C23.888.821.937
00000000|MMI|14.63|Left lower extremity|C0230416|[bpoc]|["Left lower extremity"-tx-30-"left lower extremity"-noun-0,"Left lower extremity"-tx-26-"left lower extremity"-noun-0,"Left lower extremity"-tx-1-"LEFT LOWER EXTREMITY"-noun-0]|TX|2305/20;2036/20;[61/20],[204/20]|
00000000|MMI|14.56|3+ Answer to Question|C3838680|[fndg]|["3+"-tx-42-"3"-fraction-0,"3+"-tx-9-"3"-integer-0,"3+"-tx-1-"3"-fraction-0]|TX|[2855/1],[2866/1];1056/1;173/1|
00000000|MMI|14.56|3+ Score|C2827736|[qnco]|["3+"-tx-42-"3"-fraction-0,"3+"-tx-9-"3"-integer-0,"3+"-tx-1-"3"-fraction-0]|TX|[2855/1],[2866/1];1056/1;173/1|
00000000|MMI|14.56|3+ Score, WHO|C2981702|[clas]|["3+"-tx-42-"3"-fraction-0,"3+"-tx-9-"3"-integer-0,"3+"-tx-1-"3"-fraction-0]|TX|[2855/1],[2866/1];1056/1;173/1|
00000000|MMI|14.56|<3 (qualifier value)|C0439086|[qnco]|["<3"-tx-42-"3"-fraction-0,"<3"-tx-9-"3"-integer-0,"<3"-tx-1-"3"-fraction-0]|TX|[2855/1],[2866/1];1056/1;173/1|
00000000|MMI|14.35|Hospital admission|C0184666|[hlca]|["Admission"-tx-34-"admission"-noun-0,"Admission"-tx-14-"ADMISSION"-noun-0,"Admit"-tx-3-"admit"-verb-0,"Admission"-tx-2-"admission"-noun-0]|TX|2527/9;1184/9;594/5;537/9|
00000000|MMI|13.22|Blood Vessel|C0005847|[bpoc]|["Vessel"-tx-6-"vessel"-noun-0,"Vessel"-tx-2-"vessel"-noun-0]|TX|902/6;359/6|A07.231
00000000|MMI|13.16|CORONARY ARTERY DISEASE, AUTOSOMAL DOMINANT, 1|C1842247|[dsyn]|["CORONARY ARTERY DISEASE/MYOCARDIAL INFARCTION"-tx-6-"Coronary artery disease myocardial infarction"-noun-0]|TX|772/23,808/21|x.x.x.x
00000000|MMI|13.14|Ethanol|C0001962|[orch,phsu]|["ALCOHOL"-tx-19-"alcohol"-noun-0]|TX|1577/7|D02.033.375;x.x.x.x
00000000|MMI|13.14|Respiration|C0035203|[phsf]|["respirations"-tx-21-"respirations"-noun-0]|TX|1744/12|G09.772.770.755
00000000|MMI|13.07|Needs|C0027552|[qlco]|["Needed"-tx-16-"needed"-adj-0]|TX|1480/6|N03.349.380.420;N05.300.450
00000000|MMI|13.02|Leg|C1140621|[blor]|["LEG"-tx-3-"leg"-noun-0]|TX|618/3|A01.378.610.500
00000000|MMI|12.96|Coronary heart disease|C0010068|[dsyn]|["Coronary (artery) disease"-tx-20-"coronary artery disease"-noun-0]|TX|1627/23|C14.280.647.250;C14.907.585.250
00000000|MMI|12.96|succinyl-trialanine-4-nitroanilide|C0075451|[aapp,phsu]|["SANA"-tx-43-"SANA"-noun-0]|TX|2881/4|x.x.x.x
00000000|MMI|12.89|Hand|C0018563|[bpoc]|["HAND"-tx-3-"hand"-noun-0]|TX|631/4|A01.378.800.667
00000000|MMI|11.92|1+|C3816745|[fndg]|["1+"-tx-42-"1"-integer-0,"1+"-tx-29-"1"-real_number-0,"1+"-tx-5-"1"-integer-0]|TX|2878/1;2247/1;769/1|
00000000|MMI|11.92|1+ Score|C2827734|[qnco]|["1+"-tx-42-"1"-integer-0,"1+"-tx-29-"1"-real_number-0,"1+"-tx-5-"1"-integer-0]|TX|2878/1;2247/1;769/1|
00000000|MMI|11.92|1+ Score, WHO|C2981698|[clas]|["1+"-tx-42-"1"-integer-0,"1+"-tx-29-"1"-real_number-0,"1+"-tx-5-"1"-integer-0]|TX|2878/1;2247/1;769/1|
00000000|MMI|11.49|Abdomen|C0000726|[blor]|["ABDOMEN"-tx-25-"Abdomen"-noun-0]|TX|1959/7|A01.923.047
00000000|MMI|11.49|Face|C0015450|[blor]|["FACE"-tx-16-"face"-verb-0]|TX|1465/4|A01.456.505
00000000|MMI|11.49|Heart murmur|C0018808|[fndg]|["murmurs"-tx-24-"murmurs"-noun-1]|TX|1937/7|C23.888.447
00000000|MMI|11.49|Hypertensive disease|C0020538|[dsyn]|["HYPERTENSION"-tx-12-"Hypertension"-noun-0]|TX|1121/12|C14.907.489
00000000|MMI|11.49|Physical Examination|C0031809|[hlca]|["PHYSICAL EXAMINATION"-tx-21-"PHYSICAL EXAMINATION"-noun-0]|TX|1652/20|E01.370.600
00000000|MMI|11.49|Smoke|C0037366|[hops]|["Smoke"-tx-18-"smoke"-verb-0]|TX|1562/5|D20.633.937
00000000|MMI|11.49|utilization qualifier|C0042153|[ftcn]|["use"-tx-19-"uses"-verb-0]|TX|1572/4|x.x.x
00000000|MMI|11.23|milligram/day|C0439422|[qnco]|["mg/d"-tx-15-"mg d"-noun-0,"mg day"-tx-14-"mg day"-noun-0,"mg/d"-tx-14-"mg d"-noun-0]|TX|1274/2,1286/1;1221/2,1231/3;1247/2,1259/1|
00000000|MMI|10.86|Magnesium Cation|C2346927|[elii,phsu]|["Mg++"-tx-33-"mg"-noun-0,"Mg++"-tx-16-"mg"-noun-0]|TX|2465/2;[1302/2],[1332/2]|
00000000|MMI|10.86|Milligram percent|C1960952|[qnco]|["mg %"-tx-33-"mg"-noun-0,"mg %"-tx-16-"mg"-noun-0]|TX|2465/2;[1302/2],[1332/2]|
00000000|MMI|10.86|mg/dL|C0439269|[qnco]|["mg%"-tx-33-"mg"-noun-0,"mg%"-tx-16-"mg"-noun-0]|TX|2465/2;[1302/2],[1332/2]|
00000000|MMI|10.80|Present|C0150312|[qnco]|["Present"-tx-27-"present"-noun-0,"Present"-tx-25-"present"-noun-0,"Present"-tx-2-"presents"-verb-0]|TX|2163/7;2006/7;467/8|
00000000|MMI|10.80|Presentation|C0449450|[idcn]|["Present"-tx-27-"present"-noun-0,"Present"-tx-25-"present"-noun-0,"Present"-tx-2-"presents"-verb-0]|TX|2163/7;2006/7;467/8|
00000000|MMI|10.70|Incision and drainage|C0152277|[topp]|["i d"-tx-34-"i.d"-adv-0,"i d"-tx-16-"i.d"-adv-0]|TX|[2591/3],[2636/3];1472/3|
00000000|MMI|10.59|Left|C0205091|[spco]|["LEFT"-tx-30-"left"-noun-0,"LEFT"-tx-26-"left"-noun-0,"LEFT"-tx-6-"left"-adj-0]|TX|2305/4;2036/4;860/4|
00000000|MMI|10.59|Left sided|C0443246|[spco]|["Left"-tx-30-"left"-noun-0,"Left"-tx-26-"left"-noun-0,"Left"-tx-6-"left"-adj-0]|TX|2305/4;2036/4;860/4|
00000000|MMI|10.59|Table Cell Horizontal Align - left|C1552822|[ftcn]|["left"-tx-30-"left"-noun-0,"left"-tx-26-"left"-noun-0,"left"-tx-6-"left"-adj-0]|TX|2305/4;2036/4;860/4|
00000000|MMI|10.53|Admission activity|C0809949|[hlca]|["Admission"-tx-34-"admission"-noun-0,"Admission"-tx-14-"ADMISSION"-noun-0,"Admission"-tx-2-"admission"-noun-0]|TX|2527/9;1184/9;537/9|
00000000|MMI|10.42|Deny (action)|C2700401|[acty]|["Deny"-tx-4-"denies"-verb-0,"Deny"-tx-3-"denies"-verb-0]|TX|658/6;560/6|
00000000|MMI|10.42|Integrated Neuromusculoskeletal Release|C1704538|[topp]|["INR"-tx-36-"INR"-noun-0,"INR"-tx-29-"INR"-noun-0]|TX|2685/3;2239/3|
00000000|MMI|10.42|Negation|C1518422|[ftcn]|["Not"-tx-30-"not"-adv-0,"Not"-tx-18-"not"-adv-0]|TX|2342/3;1558/3|
00000000|MMI|10.42|Receive|C1514756|[qlco]|["RECEIVED"-tx-33-"received"-verb-0,"RECEIVED"-tx-31-"received"-verb-0]|TX|2454/8;2387/8|
00000000|MMI|10.42|Revealed|C0443289|[qlco]|["Revealed"-tx-26-"revealed"-verb-0,"Revealed"-tx-23-"revealed"-verb-0]|TX|2027/8;1855/8|
00000000|MMI|9.91|Veins|C0042449|[bpoc]|["VEINS"-tx-30-"veins"-noun-0]|TX|2331/5|A07.231.908
00000000|MMI|9.87|Lower Extremity|C0023216|[blor]|["Leg"-tx-3-"leg"-noun-0]|TX|618/3|A01.378.610
00000000|MMI|9.76|Tablet Dosage Form|C0039225|[bodm]|["TABLET"-tx-16-"tablet"-noun-0]|TX|1412/6|D26.255.830
00000000|MMI|8.34|Heart|C0018787|[bpoc]|["HEART"-tx-24-"Heart"-noun-0]|TX|1888/5|A07.541
00000000|MMI|8.34|Hypersensitivity|C0020517|[patf]|["Allergies"-tx-13-"ALLERGIES"-noun-0]|TX|1135/9|C20.543
00000000|MMI|8.34|Limb structure|C0015385|[bpoc]|["Extremities"-tx-26-"Extremities"-noun-0]|TX|2015/11|A01.378
00000000|MMI|7.25|4+ Answer to question|C3838679|[fndg]|["4+"-tx-16-"4"-integer-0,"4+"-tx-11-"4"-integer-0]|TX|1330/1;1118/1|
00000000|MMI|7.23|Monday|C0585024|[tmco]|["Monday"-tx-36-"Monday"-noun-0,"Monday"-tx-16-"Monday"-noun-0]|TX|2707/6;1308/6|
00000000|MMI|7.22|coronary artery graft device|C1260596|[medd]|["coronary artery bypass graft"-tx-6-"coronary artery bypass graft"-noun-0,"coronary artery bypass graft"-tx-2-"coronary artery bypass graft"-noun-0]|TX|909/28;366/28|
00000000|MMI|7.19|day|C0439228|[tmco]|["DAY"-tx-16-"day"-noun-0,"DAYS"-tx-2-"days"-noun-0]|TX|1426/3;523/4|
00000000|MMI|7.12|Male Gender, Self Report|C1706180|[qlco]|["Male"-tx-22-"male"-noun-0,"Male"-tx-2-"male"-noun-0]|TX|1822/4;294/4|
00000000|MMI|7.12|Male Phenotype|C1706428|[qlco]|["Male"-tx-22-"male"-noun-0,"Male"-tx-2-"male"-noun-0]|TX|1822/4;294/4|
00000000|MMI|7.12|Male, Self-Reported|C1706429|[orga]|["Male"-tx-22-"male"-noun-0,"Male"-tx-2-"male"-noun-0]|TX|1822/4;294/4|
00000000|MMI|7.11|Medications:-:Point in time:^Patient:-|C2598133|[clna]|["Medications"-tx-34-"medications"-noun-0,"Medications"-tx-14-"MEDICATIONS"-noun-0]|TX|2537/11;1194/11|
00000000|MMI|7.11|Medications:Presence or Identity:Duration of the study:^Patient:Nominal|C0802604|[clna]|["Medications"-tx-34-"medications"-noun-0,"Medications"-tx-14-"MEDICATIONS"-noun-0]|TX|2537/11;1194/11|
00000000|MMI|7.11|Pharmaceutical Preparations|C0013227|[phsu]|["Medications"-tx-34-"medications"-noun-0,"Medications"-tx-14-"MEDICATIONS"-noun-0]|TX|2537/11;1194/11|D26
00000000|MMI|6.99|Parietal|C0442030|[spco]|["Parietal"-tx-8-"parietal"-adj-0,"Parietal"-tx-2-"parietal"-adj-0]|TX|972/8;427/8|
00000000|MMI|6.99|Right|C0205090|[spco]|["RIGHT"-tx-8-"right"-adj-0,"RIGHT"-tx-2-"right"-adj-0]|TX|966/5;421/5|
00000000|MMI|6.99|Right sided|C0444532|[spco]|["Right"-tx-8-"right"-adj-0,"Right"-tx-2-"right"-adj-0]|TX|966/5;421/5|
00000000|MMI|6.97|Signature|C1519316|[inpr]|["Signed"-tx-1-"Signed"-noun-0]|TX|[95/6],[150/6]|
00000000|MMI|6.97|signed - ParticipationSignature|C1561610|[inpr]|["signed"-tx-1-"Signed"-noun-0]|TX|[95/6],[150/6]|
00000000|MMI|6.92|Before|C0332152|[tmco]|["Prior"-tx-26-"prior"-adj-0,"Prior to"-tx-2-"prior to"-prep-0]|TX|2085/5;528/8|
00000000|MMI|6.87|Blood Vessel Tissue|C1511228|[tisu]|["Vessel"-tx-6-"vessel"-noun-0,"Vessel"-tx-2-"vessel"-noun-0]|TX|902/6;359/6|
00000000|MMI|6.87|Three|C0205449|[qnco]|["Three"-tx-6-"three"-word_numeral-0,"Three"-tx-2-"three"-word_numeral-0]|TX|896/5;353/5|
00000000|MMI|6.83|Alcohols|C0001975|[orch,phsu]|["Alcohol"-tx-19-"alcohol"-noun-0]|TX|1577/7|D02.033
00000000|MMI|5.18|+2|C0740116|[qnco]|["+2"-tx-7-"2"-integer-0]|TX|951/1|
00000000|MMI|5.18|2+|C3833492|[fndg]|["2+"-tx-7-"2"-integer-0]|TX|951/1|
00000000|MMI|5.18|2+ Score|C2827735|[qnco]|["2+"-tx-7-"2"-integer-0]|TX|951/1|
00000000|MMI|5.18|2+ Score, WHO|C2981700|[clas]|["2+"-tx-7-"2"-integer-0]|TX|951/1|
00000000|MMI|5.18|All extremities|C0278454|[bpoc]|["extremities"-tx-26-"Extremities"-noun-0]|TX|2015/11|
00000000|MMI|5.18|Anterior thoracic region|C1527391|[blor]|["Chest"-tx-23-"Chest"-noun-0]|TX|1849/5|
00000000|MMI|5.18|Apply|C4048755|[ftcn]|["Applied"-tx-16-"applied"-verb-0]|TX|1454/7|
00000000|MMI|5.18|Basilar Rales|C0240859|[fndg]|["Crackles"-tx-23-"crackles"-verb-0]|TX|1878/8|
00000000|MMI|5.18|Chest pain:Finding:Point in time:^Patient:Ordinal|C2926613|[clna]|["Chest pain"-tx-4-"chest pain"-noun-0]|TX|687/10|
00000000|MMI|5.18|Clinical Study Follow-up|C3274571|[hlca]|["FOLLOW-UP"-tx-36-"FOLLOW-UP"-adj-0]|TX|2652/9|
00000000|MMI|5.18|Diarrhea Adverse Event|C1963091|[fndg]|["Diarrhea"-tx-4-"diarrhea"-noun-1]|TX|720/8|
00000000|MMI|5.18|Entire abdomen|C1281594|[bpoc]|["Abdomen"-tx-25-"Abdomen"-noun-0]|TX|1959/7|
00000000|MMI|5.18|Entire face|C1281591|[bpoc]|["Face"-tx-16-"face"-verb-0]|TX|1465/4|
00000000|MMI|5.18|Entire heart|C1281570|[bpoc]|["Heart"-tx-24-"Heart"-noun-0]|TX|1888/5|
00000000|MMI|5.18|Family History Domain|C1705495|[idcn]|["Family History"-tx-20-"FAMILY HISTORY"-noun-0]|TX|1599/14|
00000000|MMI|5.18|Family history|C0241889|[fndg]|["FAMILY HISTORY"-tx-20-"FAMILY HISTORY"-noun-0]|TX|1599/14|
00000000|MMI|5.18|Feet, unit of measurement|C0347981|[qnco]|["feet"-tx-35-"feet"-noun-0]|TX|2646/4|
00000000|MMI|5.18|Follow-Up Report|C1704685|[inpr]|["Follow-Up"-tx-36-"FOLLOW-UP"-adj-0]|TX|2652/9|
00000000|MMI|5.18|Follow-up status|C0589120|[fndg]|["Follow-up"-tx-36-"FOLLOW-UP"-adj-0]|TX|2652/9|
00000000|MMI|5.18|Friday|C0585029|[tmco]|["Friday"-tx-16-"Friday"-noun-0]|TX|1319/6|
00000000|MMI|5.18|Hematocrit level|C0518014|[fndg]|["Hematocrit"-tx-28-"Hematocrit"-noun-0]|TX|2189/10|
00000000|MMI|5.18|History of present illness|C0262512|[orga]|["HISTORY OF PRESENT ILLNESS"-tx-2-"HISTORY OF PRESENT ILLNESS"-noun-0]|TX|237/26|
00000000|MMI|5.18|History of present illness:Finding:Point in time:^Patient:Nominal:Reported|C0488508|[clna]|["History of present illness"-tx-2-"HISTORY OF PRESENT ILLNESS"-noun-0]|TX|237/26|
00000000|MMI|5.18|Hospital course|C0489547|[fndg]|["Hospital course"-tx-31-"HOSPITAL COURSE"-noun-0]|TX|2358/15|
00000000|MMI|5.18|Hospital course:Finding:Point in time:^Patient:Narrative|C0488549|[clna]|["Hospital course"-tx-31-"HOSPITAL COURSE"-noun-0]|TX|2358/15|
00000000|MMI|5.18|Hypertension Adverse Event|C1963138|[fndg]|["Hypertension"-tx-12-"Hypertension"-noun-0]|TX|1121/12|
00000000|MMI|5.18|Increase|C0442805|[ftcn]|["Increased"-tx-27-"increased"-verb-0]|TX|2119/9|
00000000|MMI|5.18|Increased|C0205217|[qnco]|["Increased"-tx-27-"increased"-verb-0]|TX|2119/9|
00000000|MMI|5.18|Laboratory Data Domain|C1705214|[idcn]|["Laboratory Data"-tx-28-"LABORATORY DATA"-noun-0]|TX|2172/15|
00000000|MMI|5.18|MS gene|C1417325|[gngm]|["MS1"-tx-48-"MS1"-noun-0]|TX|2938/3|
00000000|MMI|5.18|MULTIPLE SCLEROSIS, SUSCEPTIBILITY TO, 1|C3888106|[fndg]|["MS1"-tx-48-"MS1"-noun-0]|TX|2938/3|
00000000|MMI|5.18|Medical Device Emits Smoke|C1881674|[phpr]|["Smoke"-tx-18-"smoke"-verb-0]|TX|1562/5|
00000000|MMI|5.18|Medical History|C0262926|[fndg]|["Past Medical History"-tx-5-"PAST MEDICAL HISTORY"-noun-0]|TX|747/20|
00000000|MMI|5.18|Medication.discharge|C0806915|[fndg]|["Discharge medications"-tx-34-"DISCHARGE MEDICATIONS"-noun-0]|TX|2496/21|
00000000|MMI|5.18|Nausea Adverse Event|C1963179|[patf]|["Nausea"-tx-4-"nausea"-noun-1]|TX|700/6|
00000000|MMI|5.18|Night time|C0240526|[tmco]|["Night"-tx-3-"night"-noun-0]|TX|639/5|
00000000|MMI|5.18|Now (temporal qualifier)|C1948052|[tmco]|["Now"-tx-27-"Now"-adv-0]|TX|2104/3|
00000000|MMI|5.18|PMH - past medical history|C0455458|[fndg]|["Past medical history"-tx-5-"PAST MEDICAL HISTORY"-noun-0]|TX|747/20|
00000000|MMI|5.18|Physiologic warmth|C0392197|[phsf]|["WARMTH"-tx-27-"warmth"-noun-0]|TX|2129/6|
00000000|MMI|5.18|Rubs|C3842105|[fndg]|["Rubs"-tx-24-"rubs"-verb-1]|TX|1930/4|
00000000|MMI|5.18|Saturday|C0585030|[tmco]|["Saturday"-tx-16-"Saturday"-noun-0]|TX|1371/8|
00000000|MMI|5.18|Shortness of breath:-:Point in time:^Patient:-|C2707305|[clna]|["Shortness of breath"-tx-4-"shortness of breath"-noun-0]|TX|665/19|
00000000|MMI|5.18|Social History|C3714536|[fndg]|["Social History"-tx-17-"SOCIAL HISTORY"-noun-0]|TX|1488/14|
00000000|MMI|5.18|Social and personal history|C0424945|[fndg]|["Social history"-tx-17-"SOCIAL HISTORY"-noun-0]|TX|1488/14|
00000000|MMI|5.18|Social warmth|C0518610|[fndg]|["warmth"-tx-27-"warmth"-noun-0]|TX|2129/6|
00000000|MMI|5.18|Sunday|C0585025|[tmco]|["Sunday"-tx-16-"Sunday"-noun-0]|TX|1386/6|
00000000|MMI|5.18|Swelling of left lower limb|C4047558|[fndg]|["Swelling of left leg"-tx-2-"swelling of left leg"-noun-0]|TX|494/20|
00000000|MMI|5.18|Thursday|C0585028|[tmco]|["Thursday"-tx-16-"Thursday"-noun-0]|TX|1360/8|
00000000|MMI|5.18|To|C1883351|[qlco]|["To"-tx-16-"to"-adv-0]|TX|1462/2|
00000000|MMI|5.18|Tobacco smoke|C0439994|[hops]|["Smoke"-tx-18-"smoke"-verb-0]|TX|1562/5|
00000000|MMI|5.18|Trauma|C3714660|[inpo]|["TRAUMA"-tx-3-"trauma"-noun-1]|TX|567/6|C26
00000000|MMI|5.18|Trauma, nursing specialty|C4049136|[ocdi]|["Trauma"-tx-3-"trauma"-noun-0]|TX|567/6|
00000000|MMI|5.18|Traumatic injury|C3263723|[inpo]|["Trauma"-tx-3-"trauma"-noun-1]|TX|567/6|
00000000|MMI|5.18|Two weeks|C4082118|[tmco]|["Two weeks"-tx-34-"two weeks"-noun-0]|TX|2600/9|
00000000|MMI|5.18|Type II Diabetes Mellitus Pathway|C2984301|[ftcn]|["non insulin dependent diabetes mellitus"-tx-10-"Non-insulin-dependent diabetes mellitus"-noun-0]|TX|1059/39|
00000000|MMI|5.18|Usage|C0457083|[ftcn]|["uses"-tx-19-"uses"-verb-0]|TX|1572/4|
00000000|MMI|5.18|Use - dosing instruction imperative|C1947944|[inpr]|["Use"-tx-19-"uses"-verb-0]|TX|1572/4|
00000000|MMI|5.18|Visual|C0234621|[ftcn]|["Visualized"-tx-30-"visualized"-verb-0]|TX|2346/10|
00000000|MMI|5.18|Vomiting Adverse Event|C1963281|[patf]|["Vomiting"-tx-4-"vomiting"-verb-1]|TX|709/8|
00000000|MMI|5.18|Wednesday|C0585027|[tmco]|["Wednesday"-tx-16-"Wednesday"-noun-0]|TX|1348/9|
00000000|MMI|5.18|Wounds and Injuries|C0043251|[inpo]|["Trauma"-tx-3-"trauma"-noun-1]|TX|567/6|C26
00000000|MMI|5.18|diet controlled|C0743195|[topp]|["diet controlled"-tx-10-"diet controlled"-adj-0]|TX|1101/15|
00000000|MMI|5.18|follow-up|C1522577|[hlca]|["Follow Up"-tx-36-"FOLLOW-UP"-adj-0]|TX|2652/9|
00000000|MMI|3.75|Discharge date|C2361123|[tmco]|["Discharge date"-tx-1-"Discharge Date"-noun-0]|TX|157/14|
00000000|MMI|3.75|Discharge date:Time Stamp -- Date and Time:Point in time:^Patient:Quantitative|C2361122|[clna]|["Discharge date"-tx-1-"Discharge Date"-noun-0]|TX|157/14|
00000000|MMI|3.75|White blood cell count laboratory result|C0427512|[lbtr]|["white blood cell count"-tx-28-"white blood cell count"-noun-0]|TX|2211/22|
00000000|MMI|3.73|Structure of vein of lower extremity|C0226813|[bpoc]|["Lower extremity veins"-tx-30-"lower extremity veins"-noun-0]|TX|2310/15,2331/5|
00000000|MMI|3.71|Lives with wife|C2960190|[fndg]|["Lives with wife"-tx-17-"lives with wife"-noun-0]|TX|1516/10,1531/4|
00000000|MMI|3.71|One day|C3844320|[fndg]|["One day"-tx-16-"one day"-noun-0]|TX|1408/3,1426/3|
00000000|MMI|3.68|% index|C1637833|[qnco]|["% index"-tx-41-"Index"-noun-0]|TX|2831/5|
00000000|MMI|3.68|68|C0450387|[inpr]|["68"-tx-21-"68"-integer-0]|TX|1739/2|
00000000|MMI|3.68|Attending (action)|C1999232|[ftcn]|["attending"-tx-39-"Attending"-noun-0]|TX|2767/9|
00000000|MMI|3.68|Attending (provider role)|C1547429|[prog]|["Attending"-tx-39-"Attending"-noun-0]|TX|2767/9|
00000000|MMI|3.68|Blood pressure finding|C1271104|[fndg]|["Blood Pressure"-tx-21-"blood pressure"-noun-0]|TX|1709/14|
00000000|MMI|3.68|Home environment|C0442519|[cnce]|["house"-tx-33-"house"-adj-0]|TX|2489/5|
00000000|MMI|3.68|House (environment)|C2003847|[mnob]|["House"-tx-33-"house"-adj-0]|TX|2489/5|
00000000|MMI|3.68|Html Link Type - index|C1552854|[idcn]|["index"-tx-41-"Index"-noun-0]|TX|2831/5|
00000000|MMI|3.68|Index|C0918012|[inpr]|["Index"-tx-41-"Index"-noun-0]|TX|2831/5|
00000000|MMI|3.68|M NOS ANTIBODY|C0369637|[aapp,imft]|["M NOS"-tx-43-"M"-noun-0]|TX|2886/1|
00000000|MMI|3.68|M+ (tumor staging)|C0441923|[inpr]|["M+"-tx-43-"M"-noun-0]|TX|2886/1|
00000000|MMI|3.68|Pain NOS Adverse Event|C1962977|[fndg]|["Pain NOS"-tx-4-"pain"-noun-1]|TX|741/4|
00000000|MMI|3.68|Physiologic pulse|C0391850|[phsf]|["Pulse"-tx-21-"pulse"-noun-0]|TX|1733/5|
00000000|MMI|3.68|Pulse phenomenon|C1947910|[phpr]|["Pulse"-tx-21-"pulse"-noun-0]|TX|1733/5|
00000000|MMI|3.68|Rate|C1521828|[qnco]|["Rate"-tx-24-"rate"-noun-0]|TX|1906/4|
00000000|MMI|3.68|Rating (action)|C0871208|[acty]|["Rate"-tx-24-"rate"-noun-0]|TX|1906/4|
00000000|MMI|3.65|LOWER EXTREMITY ERYTHEMA|C0745889|[fndg]|["LOWER EXTREMITY ERYTHEMA"-tx-26-"lower extremity erythema"-noun-0]|TX|2041/15,2062/8|
00000000|MMI|3.65|Principal Diagnosis:-:Point in time:^Patient:-|C2598194|[clna]|["Principal Diagnosis"-tx-1-"PRINCIPAL DIAGNOSIS"-noun-0]|TX|183/19|
00000000|MMI|3.65|Principal diagnosis|C0332137|[qlco]|["Principal Diagnosis"-tx-1-"PRINCIPAL DIAGNOSIS"-noun-0]|TX|183/19|
00000000|MMI|3.65|Report status|C0586177|[fndg]|["Report status"-tx-1-"Report Status"-noun-0]|TX|135/13|
00000000|MMI|3.64|Joint swelling|C0152031|[sosy]|["JOINT SWELLING"-tx-13-"joint swelling"-noun-0]|TX|1168/14|
00000000|MMI|3.64|dictated - DocumentCompletion|C1609990|[idcn]|["Dictated"-tx-37-"Dictated"-verb-0]|TX|2725/8|
00000000|MMI|3.64|dictated - ParticipationMode|C1548384|[ftcn]|["dictated"-tx-37-"Dictated"-verb-0]|TX|2725/8|
00000000|MMI|3.63|23|C0450348|[qnco]|["23"-tx-36-"23"-fraction-0]|TX|2718/2|
00000000|MMI|3.61|80%|C3842583|[fndg]|["80%"-tx-21-"80"-fraction-0]|TX|1728/2|
00000000|MMI|3.61|Admission date:Time Stamp -- Date and Time:Point in time:^Patient:Quantitative|C2598112|[clna]|["Admission date"-tx-1-"Admission Date"-noun-0]|TX|110/14|
00000000|MMI|3.61|Batch (Response Modality)|C1550176|[inpr]|["Batch"-tx-41-"Batch"-noun-0]|TX|2819/5|
00000000|MMI|3.61|Batch (group)|C1948031|[qnco]|["Batch"-tx-41-"Batch"-noun-0]|TX|2819/5|
00000000|MMI|3.61|Batch Number|C3641829|[inpr]|["BATCH"-tx-41-"Batch"-noun-0]|TX|2819/5|
00000000|MMI|3.61|C-Circle|C3538933|[celc]|["CC"-tx-42-"CC"-noun-0]|TX|2874/2|
00000000|MMI|3.61|Date of admission|C1302393|[tmco]|["Admission date"-tx-1-"Admission Date"-noun-0]|TX|110/14|
00000000|MMI|3.61|Probably|C0750492|[idcn]|["Probably"-tx-34-"probably"-adv-0]|TX|2625/8|
00000000|MMI|3.60|Patient need for (contextual qualifier)|C0686904|[ftcn]|["needed"-tx-16-"needed"-adj-0]|TX|1480/6|
00000000|MMI|3.59|Daily|C0332173|[tmco]|["/day"-tx-16-"day"-noun-0]|TX|1426/3|
00000000|MMI|3.59|per day|C0439505|[tmco]|["/day"-tx-16-"day"-noun-0]|TX|1426/3|
00000000|MMI|3.59|50%|C3842586|[fndg]|["50%"-tx-15-"50"-integer-0]|TX|1271/2|
00000000|MMI|3.59|<50|C3843766|[fndg]|["<50"-tx-15-"50"-integer-0]|TX|1271/2|
00000000|MMI|3.59|Pyrexia of unknown origin (excl puerperal)|C0856281|[sosy]|["puo"-tx-1-"PUO"-noun-0]|TX|12/3|
00000000|MMI|3.59|Checking (action)|C1283174|[acty]|["Checked"-tx-36-"checked"-verb-0]|TX|2689/7|
00000000|MMI|3.59|Rhythm|C0871269|[fndg]|["Rhythm"-tx-24-"rhythm"-noun-0]|TX|1915/6|
00000000|MMI|3.59|Rhythm Not Otherwise Specified ECG Assessment|C3828331|[inpr]|["Rhythm Not Otherwise Specified"-tx-24-"rhythm"-noun-0]|TX|1915/6|
00000000|MMI|3.59|Room air|C3846005|[fndg]|["Room air"-tx-21-"room air"-noun-0]|TX|1787/8|
00000000|MMI|3.59|Scratch -action|C2987480|[acty]|["SCRATCHING"-tx-3-"scratching"-noun-0]|TX|603/10|
00000000|MMI|3.59|rhythmic process (biological)|C1523018|[phsf]|["rhythm"-tx-24-"rhythm"-noun-0]|TX|1915/6|
00000000|MMI|3.57|postoperative stroke|C0867390|[dsyn]|["postoperative Cerebrovascular accident"-tx-8-"cerebrovascular accident postoperative"-noun-0]|TX|981/24,1032/13|
00000000|MMI|3.57|Experimental Result|C2825142|[fndg]|["Result"-tx-13-"results"-verb-0]|TX|1157/7|
00000000|MMI|3.57|Improvement|C2986411|[cnce]|["Improvement"-tx-32-"improvement"-noun-0]|TX|2424/11|
00000000|MMI|3.57|Post percutaneous transluminal coronary angioplasty|C1269832|[fndg]|["Post PTCA"-tx-6-"post PTCA"-noun-0]|TX|847/9|
00000000|MMI|3.57|Result|C1274040|[ftcn]|["Result"-tx-13-"results"-verb-0]|TX|1157/7|
00000000|MMI|3.57|Same|C0445247|[qlco]|["SAME"-tx-34-"Same"-adj-0]|TX|2519/4|
00000000|MMI|3.57|What subject filter - Result|C1546471|[idcn]|["Result"-tx-13-"results"-verb-0]|TX|1157/7|
00000000|MMI|3.56|Area|C0205146|[spco]|["areas"-tx-26-"areas"-noun-0]|TX|2076/5|
00000000|MMI|3.56|Entire lower leg, from knee to ankle|C1285009|[blor]|["Leg"-tx-3-"leg"-noun-0]|TX|618/3|
00000000|MMI|3.56|Negative|C0205160|[qlco]|["Negative"-tx-30-"negative"-adj-0]|TX|2263/8|
00000000|MMI|3.56|Negative - answer|C3853545|[qlco]|["Negative"-tx-30-"negative"-adj-0]|TX|2263/8|
00000000|MMI|3.56|Negative Charge|C2825491|[qlco]|["Negative"-tx-30-"negative"-adj-0]|TX|2263/8|
00000000|MMI|3.56|Negative Finding|C1513916|[fndg]|["NEGATIVE"-tx-30-"negative"-adj-0]|TX|2263/8|
00000000|MMI|3.56|Negative Number|C2825415|[cnce]|["Negative"-tx-30-"negative"-adj-0]|TX|2263/8|
00000000|MMI|3.55|Complicated|C0231242|[ftcn]|["Complicated"-tx-2-"complicated"-verb-0]|TX|406/11|
00000000|MMI|3.55|Non-tender|C0520960|[qlco]|["Nontender"-tx-25-"nontender"-adj-0]|TX|1978/9|
00000000|MMI|3.54|Add - instruction imperative|C1883712|[ftcn]|["Addition"-tx-34-"addition"-noun-0]|TX|2558/8|
00000000|MMI|3.54|In addition to|C0332287|[ftcn]|["Addition"-tx-34-"addition"-noun-0]|TX|2558/8|
00000000|MMI|3.50|Bellis (plant)|C1009534|[plnt]|["belly"-tx-4-"belly"-noun-0]|TX|735/5|
00000000|MMI|3.50|Belly of skeletal muscle|C0224086|[bpoc]|["Belly"-tx-4-"belly"-noun-0]|TX|735/5|
00000000|MMI|3.50|Few|C0205388|[qnco]|["Few"-tx-23-"few"-adj-0]|TX|1864/3|
00000000|MMI|3.50|Regular|C0205272|[qlco]|["Regular"-tx-24-"regular"-adj-0]|TX|1898/7|
00000000|MMI|3.50|Sometimes|C1998882|[tmco]|["Occasionally"-tx-19-"occasionally"-adv-0]|TX|1585/12|
00000000|MMI|3.48|Multivitamin tablet|C0978787|[phsu]|["Multivitamin tablet"-tx-16-"multivitamin tablet"-noun-0]|TX|1395/12,1412/6|
00000000|MMI|3.46|Personal History of Coronary Artery Disease|C1881055|[clna]|["History of Coronary Artery Disease"-tx-2-"history of coronary artery disease"-noun-0]|TX|306/34|
00000000|MMI|3.46|Cattle calf (organism)|C3668829|[mamm]|["Calf"-tx-30-"calf"-noun-0]|TX|2326/4|
00000000|MMI|3.46|Entire calf of leg (body structure)|C1305418|[bpoc]|["Calf"-tx-30-"calf"-noun-0]|TX|2326/4|
00000000|MMI|3.46|Structure of calf of leg|C0230445|[blor]|["CALF"-tx-30-"calf"-noun-0]|TX|2326/4|
00000000|MMI|3.45|Multivitamin preparation|C0301532|[orch,phsu,vita]|["Multivitamin"-tx-16-"multivitamin"-noun-0]|TX|1395/12|
00000000|MMI|3.45|One|C0205447|[qnco]|["ONE"-tx-16-"one"-noun-0]|TX|1408/3|
00000000|MMI|3.45|Tablet Dosing Unit|C1705223|[qnco]|["TABLET"-tx-16-"tablet"-noun-0]|TX|1412/6|
00000000|MMI|3.45|Diagnostic interview schedule|C0451119|[inpr]|["DIS"-tx-1-"DIS"-noun-0]|TX|104/3|
00000000|MMI|3.45|Discontinued|C1444662|[fndg]|["DIS"-tx-1-"DIS"-noun-0]|TX|104/3|
00000000|MMI|3.45|Bowel sounds|C0232693|[fndg]|["Bowel sounds"-tx-25-"bowel sounds"-noun-0]|TX|1993/12|
00000000|MMI|3.44|+5|C0728893|[qnco]|["+5"-tx-33-"5"-integer-0]|TX|2463/1|
00000000|MMI|3.44|>5|C0439084|[qnco]|[">5"-tx-33-"5"-integer-0]|TX|2463/1|
00000000|MMI|3.44|Tuesday|C0585026|[tmco]|["Tuesday"-tx-16-"Tuesday"-noun-0]|TX|1338/7|
00000000|MMI|3.43|Entire hand|C1281583|[bpoc]|["Hand"-tx-3-"hand"-noun-0]|TX|631/4|
00000000|MMI|3.43|Excoriation|C0015256|[inpo]|["EXCORIATION"-tx-26-"excoriation"-noun-0]|TX|2091/11|
00000000|MMI|3.43|Occupational Therapist - hand|C1551142|[prog]|["Hand"-tx-3-"hand"-noun-0]|TX|631/4|
00000000|MMI|3.43|Physical Therapist - Hand|C1551156|[prog]|["Hand"-tx-3-"hand"-noun-0]|TX|631/4|
00000000|MMI|3.43|Prior Medication Usage|C2826257|[evnt]|["PRIOR"-tx-26-"prior"-adj-0]|TX|2085/5|
00000000|MMI|3.43|hand - unit of measure|C1552914|[qnco]|["hand"-tx-3-"hand"-noun-0]|TX|631/4|
00000000|MMI|3.43|SHORT STATURE, ONYCHODYSPLASIA, FACIAL DYSMORPHISM, AND HYPOTRICHOSIS SYNDROME|C3542022|[dsyn]|["SOFT"-tx-25-"soft"-adj-0]|TX|1971/4|
00000000|MMI|3.43|Soft|C0205358|[qlco]|["Soft"-tx-25-"soft"-adj-0]|TX|1971/4|
00000000|MMI|3.43|Two|C0205448|[qnco]|["Two"-tx-2-"two"-adj-0]|TX|519/3|
00000000|MMI|3.43|Cephalexin 500 MG|C0984639|[clnd]|["Cephalexin 500 MG"-tx-34-"Keflex 500 mg"-noun-0]|TX|2570/13|
00000000|MMI|3.42|8 Hours|C1292429|[tmco]|["8H"-tx-31-"8h"-noun-0]|TX|2415/2|
00000000|MMI|3.42|Alert|C3665546|[ftcn]|["Alert"-tx-22-"alert"-adj-0]|TX|1816/5|
00000000|MMI|3.42|Alert:Type:Point in time:^Patient:Nominal|C3669039|[clna]|["Alert"-tx-22-"alert"-adj-0]|TX|1816/5|
00000000|MMI|3.42|Consciousness clear|C0239110|[fndg]|["ALERT"-tx-22-"alert"-adj-1]|TX|1816/5|
00000000|MMI|3.42|Distress|C0231303|[menp]|["Distress"-tx-22-"distress"-noun-1]|TX|1839/8|
00000000|MMI|3.42|acute|C0205178|[tmco]|["ACUTE"-tx-22-"acute"-adj-0]|TX|1833/5|
00000000|MMI|3.42|10%|C3842590|[fndg]|["10%"-tx-6-"10"-fraction-0]|TX|876/2|
00000000|MMI|3.42|Circumflex|C1880089|[spco]|["Circumfl