00000000|MMI|76.59|Portugal|C0032729|[geoa]|["PO"-tx-28-"po"-noun-0]|TX|[2814/2],[2844/2],[2871/2],[2899/2],[2927/2],[2958/2],[2988/2]|Z01.542.727
00000000|MMI|68.48|Percutaneous Transluminal Coronary Angioplasty|C2936173|[topp]|["PTCA"-tx-13-"PTCA"-noun-0,"PTCA"-tx-9-"PTCA"-noun-0,"PTCA"-tx-8-"PTCA"-noun-0]|TX|1210/4;654/4;451/4|E02.148.050.060.100;E04.100.376.719.100;E04.100.814.529.124.060.100;E04.100.814.529.968.050;E04.502.382.124.060.100;E04.502.382.968.050;E04.928.220.520.100;E05.157.016.060.100
00000000|MMI|66.42|Ivory Coast|C0022326|[geoa]|["IV"-tx-20-"IV"-noun-0,"IV"-tx-17-"IV"-noun-0]|TX|[2090/2],[2111/2];[1779/2],[1820/2]|Z01.058.290.190.272
00000000|MMI|66.26|Iodides|C0021966|[inch]|["I-"-tx-28-"i"-adv-0]|TX|[2819/1],[2849/1],[2876/1],[2963/1]|D01.248.497.158.490;D01.475.410
00000000|MMI|61.19|Aspirin|C0004057|[orch,phsu]|["ASPIRIN"-tx-28-"aspirin"-noun-0,"ASPIRIN"-tx-17-"aspirin"-noun-0]|TX|2882/7;1798/7|D02.455.426.559.389.657.410.595.176
00000000|MMI|55.10|Patients|C0030705|[podg]|["*^patient"-tx-27-"patient"-noun-0,"*^patient"-tx-26-"patient"-noun-0,"*^patient"-tx-21-"patient"-noun-0,"*^patient"-tx-20-"patient"-noun-0,"*^patient"-tx-19-"patient's"-noun-0,"*^patient"-tx-11-"patient"-noun-0,"*^patient"-tx-9-"patient"-noun-0]|TX|2708/7;2651/7;2144/7;2066/7;1981/9;963/7;497/7|M01.643
00000000|MMI|53.25|Mongolia|C0026410|[geoa]|["MG"-tx-28-"mg"-noun-0]|TX|[2811/2],[2841/2],[2868/2],[2955/2]|Z01.252.474.651
00000000|MMI|49.54|Inferior Wall Myocardial Infarction|C0340305|[dsyn]|["Inferior Myocardial Infarction"-tx-23-"inferior myocardial infarction"-noun-0,"Inferior Myocardial Infarction"-tx-16-"inferior myocardial infarction"-noun-0,"Inferior Myocardial Infarction"-tx-1-"INFERIOR MYOCARDIAL INFARCTION"-noun-0]|TX|2427/30;1692/30;193/30|C14.280.647.500.187;C14.907.585.500.187
00000000|MMI|39.04|Patient Discharge|C0030685|[hlca]|["Discharge"-tx-28-"discharge"-noun-0,"Discharged"-tx-26-"discharged"-verb-0]|TX|2776/9;2663/10|E02.204.125;E02.760.400.610;N02.421.192.125;N02.421.585.400.610;N04.590.233.727.210.125
00000000|MMI|33.00|Cardiac Catheterization Procedures|C0018795|[hlca]|["Cardiac catheterisation"-tx-14-"cardiac catheterization"-noun-0,"Cardiac catheterisation"-tx-12-"cardiac catheterization"-noun-0]|TX|1371/23;1064/23|E01.370.370.380.140;E02.148.442;E05.157.250
00000000|MMI|32.66|Nitroglycerin|C0017887|[orch,phsu]|["nitroglycerine"-tx-20-"nitroglycerin"-noun-0,"nitroglycerine"-tx-17-"nitroglycerin"-noun-0]|TX|2093/13;1782/13|D02.033.800.421.560;D02.640.636
00000000|MMI|32.64|Exercise stress test|C0015260|[diap]|["stress test"-tx-24-"stress test"-noun-0,"Exercise tolerance test NOS"-tx-21-"exercise tolerance test"-noun-0]|TX|2513/11;2253/23|E01.370.370.380.250;E01.370.386.700.250;E05.333.250
00000000|MMI|32.57|Oral|C0442027|[spco]|["PO"-tx-28-"po"-noun-0,"Oral"-tx-20-"oral"-adj-0]|TX|[2814/2],[2844/2],[2871/2],[2899/2],[2927/2],[2958/2],[2988/2];2125/4|
00000000|MMI|30.55|Abortion consent:Finding:Point in time:^Patient:Document|C2360836|[clna]|["Patient"-tx-27-"patient"-noun-0,"Patient"-tx-26-"patient"-noun-0,"Patient"-tx-21-"patient"-noun-0,"Patient"-tx-20-"patient"-noun-0,"Patient"-tx-19-"patient's"-noun-0,"Patient"-tx-11-"patient"-noun-0,"Patient"-tx-9-"patient"-noun-0]|TX|2708/7;2651/7;2144/7;2066/7;1981/9;963/7;497/7|
00000000|MMI|30.55|Hysterectomy consent:Finding:Point in time:^Patient:Document|C2360838|[clna]|["Patient"-tx-27-"patient"-noun-0,"Patient"-tx-26-"patient"-noun-0,"Patient"-tx-21-"patient"-noun-0,"Patient"-tx-20-"patient"-noun-0,"Patient"-tx-19-"patient's"-noun-0,"Patient"-tx-11-"patient"-noun-0,"Patient"-tx-9-"patient"-noun-0]|TX|2708/7;2651/7;2144/7;2066/7;1981/9;963/7;497/7|
00000000|MMI|30.55|Sterilization consent:Finding:Point in time:^Patient:Document|C2360840|[clna]|["Patient"-tx-27-"patient"-noun-0,"Patient"-tx-26-"patient"-noun-0,"Patient"-tx-21-"patient"-noun-0,"Patient"-tx-20-"patient"-noun-0,"Patient"-tx-19-"patient's"-noun-0,"Patient"-tx-11-"patient"-noun-0,"Patient"-tx-9-"patient"-noun-0]|TX|2708/7;2651/7;2144/7;2066/7;1981/9;963/7;497/7|
00000000|MMI|27.26|Date Fruit|C2348077|[food]|["Dates"-tx-11-"dates"-verb-0]|TX|935/5|B01.650.940.800.575.100.093.615
00000000|MMI|26.50|Heparin|C0019134|[bacs,orch,phsu]|["HEPARIN"-tx-20-"heparin"-noun-0,"HEPARIN"-tx-17-"heparin"-noun-0]|TX|2114/7;1808/7|D09.698.373.400
00000000|MMI|26.34|Dyspnea|C0013404|[sosy]|["SHORTNESS OF BREATH"-tx-24-"shortness of breath"-noun-1,"SHORTNESS OF BREATH"-tx-22-"of shortness breath"-noun-0]|TX|2584/19;2304/12,2320/6|C08.618.326;C23.888.852.371
00000000|MMI|25.53|Nicotiana|C0086707|[plnt]|["Tobacco"-tx-10-"tobacco"-noun-0]|TX|875/7|B01.650.940.800.575.100.905.900
00000000|MMI|25.53|Nicotiana tabacum|C0740009|[plnt]|["Tobacco"-tx-10-"tobacco"-noun-0]|TX|875/7|B01.650.940.800.575.100.905.900
00000000|MMI|23.56|Chest discomfort|C0235710|[sosy]|["CHEST DISCOMFORT"-tx-24-"chest discomfort"-noun-1,"CHEST DISCOMFORT"-tx-21-"chest discomfort"-noun-1,"CHEST DISCOMFORT"-tx-18-"chest discomfort"-noun-0,"CHEST DISCOMFORT"-tx-15-"chest discomfort"-noun-1,"CHEST DISCOMFORT"-tx-13-"chest discomfort"-noun-0,"CHEST DISCOMFORT"-tx-11-"chest discomfort"-noun-0]|TX|2564/16;2167/16;1855/16;1656/16;1351/16;994/16|
00000000|MMI|23.21|milligram/day|C0439422|[qnco]|["mg day"-tx-28-"mg day"-noun-0,"mg/d"-tx-28-"mg d"-noun-0]|TX|[2896/2,2904/3],[2924/2,2932/3],[2985/2,2993/3];[2811/2,2821/1],[2841/2,2851/1],[2868/2,2878/1]|
00000000|MMI|23.10|Lesion|C0221198|[fndg]|["Lesion"-tx-14-"lesion"-noun-0,"Lesion"-tx-13-"lesion"-noun-0,"Lesion"-tx-12-"lesion"-noun-0]|TX|[1446/6],[1470/6],[1490/6];1247/6;[1124/6],[1153/6]|
00000000|MMI|23.10|Specimen Source Codes - Lesion|C1546698|[inpr]|["Lesion"-tx-14-"lesion"-noun-0,"Lesion"-tx-13-"lesion"-noun-0,"Lesion"-tx-12-"lesion"-noun-0]|TX|[1446/6],[1470/6],[1490/6];1247/6;[1124/6],[1153/6]|
00000000|MMI|22.68|risk factors|C0035648|[qnco]|["Risk Factors"-tx-10-"risk factors"-noun-0]|TX|782/12|E05.318.740.600.800.725;N05.715.350.200.700;N05.715.360.750.625.700.700;N06.850.490.625.750;N06.850.520.830.600.800.725
00000000|MMI|20.95|Angina Pectoris|C0002962|[fndg]|["ANGINA"-tx-15-"angina"-noun-1]|TX|1544/6|C10.597.617.192.500;C14.280.647.187;C14.907.585.187;C23.888.592.612.233.500
00000000|MMI|20.95|Hypercholesterolemia|C0020443|[dsyn]|["HYPERCHOLESTEROLEMIA"-tx-10-"hypercholesterolemia"-noun-0]|TX|841/20|C18.452.584.500.500.396
00000000|MMI|20.95|Isordil|C0590720|[orch,phsu]|["Isordil"-tx-28-"Isordil"-noun-0]|TX|2855/7|D02.033.800.813.480.500;D09.853.813.480.500
00000000|MMI|20.95|Metoprolol|C0025859|[orch,phsu]|["METOPROLOL"-tx-28-"metoprolol"-noun-0]|TX|2825/10|D02.033.100.624.698.573;D02.033.755.624.698.573;D02.092.063.624.698.573
00000000|MMI|19.99|Historical aspects qualifier|C0019665|[ftcn]|["history"-tx-11-"history"-noun-0,"history"-tx-10-"history"-noun-0]|TX|927/7;864/7|x.x.x
00000000|MMI|19.96|Hospitals|C0019994|[hcro,mnob]|["HOSPITAL"-tx-15-"hospital"-noun-0,"HOSPITAL"-tx-9-"hospital"-noun-0]|TX|1631/8;764/8|N02.278.421
00000000|MMI|19.45|Streptokinase|C0038418|[aapp,enzy,phsu]|["STREPTOKINASE"-tx-17-"streptokinase"-noun-0]|TX|1823/13|D08.811.277.656.300.775;D12.776.124.125.662.537
00000000|MMI|19.36|Lasix|C0699992|[orch,phsu]|["Lasix"-tx-22-"Lasix"-noun-0]|TX|2396/5|D02.065.884.725.300;D02.092.146.807.300;D02.886.590.700.725.300
00000000|MMI|19.36|Morphine|C0026549|[orch,phsu]|["MORPHINE"-tx-17-"morphine"-noun-0]|TX|1768/8|D03.132.577.249.562.571;D03.549.686.607.587;D03.605.497.607.587;D04.615.723.795.576.571
00000000|MMI|19.34|Weaning|C0043084|[fndg]|["Weaned"-tx-20-"weaned"-verb-0]|TX|2078/6|G07.203.650.220.500.750;G07.203.650.593.762;G07.700.620.762
00000000|MMI|19.30|D-600|C0795749|[orch,phsu]|["600 d"-tx-28-"600 d"-adv-0]|TX|2951/3,2965/1|D02.092.471.683.953.395
00000000|MMI|19.19|Creatine Kinase|C0010287|[aapp,enzy]|["CK"-tx-16-"CK"-noun-0]|TX|1728/2|D08.811.913.696.640.150
00000000|MMI|18.34|Status post|C0231290|[tmco]|["Following"-tx-9-"following"-verb-0,"Status post"-tx-9-"status post"-prep-0,"Status post"-tx-8-"STATUS POST"-prep-0,"Status post"-tx-7-"STATUS POST"-prep-0]|TX|686/9;[562/11],[617/11];414/11;360/11|
00000000|MMI|18.16|Left anterior|C0441998|[spco]|["Left anterior"-tx-14-"left anterior"-adj-0,"Left anterior"-tx-13-"left anterior"-adj-0,"Left anterior"-tx-12-"left anterior"-adj-0,"Left anterior"-tx-9-"left anterior"-adj-0,"Left anterior"-tx-8-"LEFT ANTERIOR"-adj-0]|TX|1421/13;1222/13;1099/13;629/13;426/13|
00000000|MMI|18.05|Descending|C0205386|[qlco]|["Descending"-tx-14-"descending"-adj-0,"Descending"-tx-13-"descending"-adj-0,"Descending"-tx-12-"descending"-adj-0,"Descending"-tx-9-"descending"-adj-0,"Descending"-tx-8-"DESCENDING"-adj-0]|TX|1435/10;1236/10;1113/10;643/10;440/10|
00000000|MMI|18.05|Sequencing - Descending|C1547177|[ftcn]|["Descending"-tx-14-"descending"-adj-0,"Descending"-tx-13-"descending"-adj-0,"Descending"-tx-12-"descending"-adj-0,"Descending"-tx-9-"descending"-adj-0,"Descending"-tx-8-"DESCENDING"-adj-0]|TX|1435/10;1236/10;1113/10;643/10;440/10|
00000000|MMI|17.80|Diabetes Mellitus, Non-Insulin-Dependent|C0011860|[dsyn]|["Adult Onset Diabetes"-tx-10-"adult onset diabetes"-noun-0]|TX|803/20|C18.452.394.750.149;C19.246.300
00000000|MMI|17.80|Electrocardiogram|C0013798|[fndg]|["EKG"-tx-23-"EKG"-noun-0]|TX|2403/3|E01.370.370.380.240;E01.370.405.240
00000000|MMI|17.80|Electrocardiography|C1623258|[diap]|["EKG"-tx-23-"EKG"-noun-0]|TX|2403/3|E01.370.370.380.240;E01.370.405.240
00000000|MMI|17.80|Glyburide|C0017628|[orch,phsu]|["GLYBURIDE"-tx-28-"Glyburide"-noun-0]|TX|2909/9|D02.886.590.795.575;D02.948.828.575
00000000|MMI|17.80|Omeprazole|C0028978|[orch,phsu]|["OMEPRAZOLE"-tx-28-"omeprazole"-noun-0]|TX|2969/10|D02.886.640.074.500;D03.383.725.024.500;D03.438.103.034.500
00000000|MMI|17.80|Togo|C0040363|[geoa]|["TO"-tx-19-"to"-adv-0]|TX|2018/2|Z01.058.290.190.800
00000000|MMI|17.80|Tryptophanase|C0041260|[aapp,enzy]|["TO"-tx-19-"to"-adv-0]|TX|2018/2|D08.811.520.224.800
00000000|MMI|16.34|Coronary Arteriosclerosis|C0010054|[dsyn]|["coronary artery disease"-tx-12-"coronary artery disease"-noun-0]|TX|1178/23|C14.280.647.250.260;C14.907.137.126.339;C14.907.585.250.260
00000000|MMI|16.34|Coronary Artery Disease|C1956346|[dsyn]|["CORONARY ARTERY DISEASE"-tx-12-"coronary artery disease"-noun-0]|TX|1178/23|C14.280.647.250.260;C14.907.137.126.339;C14.907.585.250.260
00000000|MMI|16.18|Stress Test|C3494508|[diap]|["Stress Test"-tx-24-"stress test"-noun-0]|TX|2513/11|E01.370.370.380.250;E01.370.386.700.250;E05.333.250
00000000|MMI|16.17|Reading (activity)|C0034754|[dora]|["Read"-tx-25-"read"-verb-0]|TX|2614/4|L01.143.506.423.557
00000000|MMI|16.05|Chest Pain|C0008031|[sosy]|["CHEST PAIN"-tx-9-"chest pain"-noun-0]|TX|737/10|C10.597.617.192;C23.888.592.612.233
00000000|MMI|16.05|Nitrates|C0028125|[chvs]|["Nitrates"-tx-20-"nitrates"-noun-0]|TX|2130/8|D01.248.497.158.606;D01.625.525.550;D02.583
00000000|MMI|14.64|Psoriasis|C0033860|[dsyn]|["PSORIASIS"-tx-2-"PSORIASIS"-noun-0]|TX|225/9|C17.800.859.675
00000000|MMI|14.64|Psychological Transfer|C0040671|[menp]|["TRANSFER"-tx-23-"transfer"-noun-0]|TX|2461/8|F02.463.425.910
00000000|MMI|14.25|Blood group antibody I|C0221138|[aapp,imft]|["I NOS"-tx-28-"i"-adv-0]|TX|[2819/1],[2849/1],[2876/1],[2963/1]|
00000000|MMI|14.25|Magnesium Cation|C2346927|[elii,phsu]|["Mg++"-tx-28-"mg"-noun-0]|TX|[2811/2],[2841/2],[2868/2],[2955/2]|
00000000|MMI|14.25|Milligram percent|C1960952|[qnco]|["mg %"-tx-28-"mg"-noun-0]|TX|[2811/2],[2841/2],[2868/2],[2955/2]|
00000000|MMI|14.25|mg/dL|C0439269|[qnco]|["mg%"-tx-28-"mg"-noun-0]|TX|[2811/2],[2841/2],[2868/2],[2955/2]|
00000000|MMI|14.16|Post|C0687676|[tmco]|["Status Post"-tx-9-"status post"-prep-0,"Status Post"-tx-8-"STATUS POST"-prep-0,"Status Post"-tx-7-"STATUS POST"-prep-0]|TX|[562/11],[617/11];414/11;360/11|
00000000|MMI|13.81|Time|C0040223|[tmco]|["TIME"-tx-14-"time"-noun-0,"TIME"-tx-13-"time"-noun-0]|TX|1403/4;1323/4|G01.910
00000000|MMI|13.65|History|C0019664|[ocdi]|["History"-tx-11-"history"-noun-0,"History"-tx-10-"history"-noun-0]|TX|927/7;864/7|K01.400
00000000|MMI|13.36|Heart|C0018787|[bpoc]|["Cardiac"-tx-11-"Cardiac"-adj-0,"Cardiac"-tx-10-"Cardiac"-adj-0]|TX|919/7;774/7|A07.541
00000000|MMI|13.18|Coronary heart disease|C0010068|[dsyn]|["Coronary (artery) disease"-tx-12-"coronary artery disease"-noun-0]|TX|1178/23|C14.280.647.250;C14.907.585.250
00000000|MMI|13.09|Diltiazem|C0012373|[orch,phsu]|["DILTIAZEM"-tx-28-"diltiazem"-noun-0]|TX|2795/9|D03.438.079.150
00000000|MMI|13.09|Wound Healing|C0043240|[orgf]|["Repair, NOS"-tx-5-"REPAIR"-noun-0]|TX|321/6|G16.100.856.891
00000000|MMI|12.88|Caucasoid Race|C0007457|[popg]|["WHITE"-tx-9-"white"-adj-0]|TX|522/5|M01.686.508.400
00000000|MMI|11.49|Colectomy|C0009274|[topp]|["Colectomy"-tx-4-"COLECTOMY"-noun-0]|TX|285/9|E04.210.219
00000000|MMI|11.49|Hypertensive disease|C0020538|[dsyn]|["HYPERTENSION"-tx-10-"hypertension"-noun-0]|TX|826/12|C14.907.489
00000000|MMI|11.43|Non Q Wave Myocardial Infarction by ECG Finding|C3537181|[fndg]|["NON Q WAVE MYOCARDIAL INFARCTION"-tx-11-"non Q wave myocardial infarction"-noun-0,"NON Q WAVE MYOCARDIAL INFARCTION"-tx-9-"non Q wave myocardial infarction"-noun-0,"NON Q WAVE MYOCARDIAL INFARCTION"-tx-7-"NON Q WAVE MYOCARDIAL INFARCTION"-noun-0]|TX|1028/32;574/32;372/32|
00000000|MMI|11.43|Non-Q wave myocardial infarction|C0542269|[dsyn]|["Non-Q wave myocardial infarction"-tx-11-"non Q wave myocardial infarction"-noun-0,"Non-Q wave myocardial infarction"-tx-9-"non Q wave myocardial infarction"-noun-0,"Non-Q wave myocardial infarction"-tx-7-"NON Q WAVE MYOCARDIAL INFARCTION"-noun-0]|TX|1028/32;574/32;372/32|
00000000|MMI|11.33|History of present illness|C0262512|[orga]|["History, NOS"-tx-11-"history"-noun-0,"History, NOS"-tx-10-"history"-noun-0,"HISTORY OF PRESENT ILLNESS"-tx-9-"HISTORY OF PRESENT ILLNESS"-noun-0]|TX|927/7;864/7;465/26|
00000000|MMI|10.74|Admission activity|C0809949|[hlca]|["Admission"-tx-21-"admission"-noun-0,"Admission"-tx-15-"admission"-noun-0,"Admitted"-tx-9-"admitted"-verb-0]|TX|2195/9;1589/9;677/8|
00000000|MMI|10.74|Hospital admission|C0184666|[hlca]|["Admission"-tx-21-"admission"-noun-0,"Admission"-tx-15-"admission"-noun-0,"admitted"-tx-9-"admitted"-verb-0]|TX|2195/9;1589/9;677/8|
00000000|MMI|10.59|Incision and drainage|C0152277|[topp]|["i d"-tx-28-"i.d"-adv-0]|TX|[2819/3],[2849/3],[2876/3]|
00000000|MMI|10.42|Doctor of Medicine|C1512018|[inpr]|["M.D."-tx-32-"M.D"-noun-0,"M.D."-tx-30-"M.D"-noun-0]|TX|3071/3;3030/3|
00000000|MMI|10.06|Herniorrhaphy|C0019328|[topp]|["Hernia repair"-tx-5-"HERNIA REPAIR"-noun-0]|TX|314/13|E04.680.325
00000000|MMI|9.94|Stenosis|C1261287|[patf]|["Stenoses"-tx-14-"stenoses"-noun-0]|TX|1524/8|C23.300.287
00000000|MMI|9.91|Disease|C0012634|[dsyn]|["Disease"-tx-12-"disease"-noun-0]|TX|1194/7|C23.550.288
00000000|MMI|9.88|Back|C0004600|[blor]|["BACK"-tx-11-"back"-adj-0]|TX|941/4|A01.923.176
00000000|MMI|9.87|Universities|C0041740|[mnob,orgt]|["University"-tx-18-"University"-noun-0]|TX|1929/10|I02.783.830
00000000|MMI|9.86|Ischemia|C0022116|[patf]|["Ischaemia, NOS"-tx-25-"ischemia"-noun-1]|TX|2637/8|C23.550.513
00000000|MMI|9.85|Males|C0086582|[orga]|["MALE"-tx-9-"male"-noun-0]|TX|528/4|x.x.x
00000000|MMI|9.76|Tobacco|C0040329|[hops,orch,phsu]|["TOBACCO"-tx-10-"tobacco"-noun-0]|TX|875/7|J01.637.836
00000000|MMI|9.73|Cocos (Keeling) Islands|C0009212|[geoa]|["CK"-tx-16-"CK"-noun-0]|TX|1728/2|Z01.639.520
00000000|MMI|7.70|Medications:-:Point in time:^Patient:-|C2598133|[clna]|["Medications"-tx-28-"MEDICATIONS"-noun-0,"Medications"-tx-19-"medications"-noun-0]|TX|2760/11;1991/11|
00000000|MMI|7.70|Medications:Presence or Identity:Duration of the study:^Patient:Nominal|C0802604|[clna]|["Medications"-tx-28-"MEDICATIONS"-noun-0,"Medications"-tx-19-"medications"-noun-0]|TX|2760/11;1991/11|
00000000|MMI|7.70|Pharmaceutical Preparations|C0013227|[phsu]|["Medications"-tx-28-"MEDICATIONS"-noun-0,"Medications"-tx-19-"medications"-noun-0]|TX|2760/11;1991/11|D26
00000000|MMI|7.47|Time (foundation metadata concept)|C3541383|[tmco]|["Time"-tx-14-"time"-noun-0,"Time"-tx-13-"time"-noun-0]|TX|1403/4;1323/4|
00000000|MMI|7.47|Transfer Technique|C1705822|[ftcn]|["Transfer"-tx-23-"transfer"-noun-0,"Transferred"-tx-18-"transferred"-verb-0]|TX|2461/8;1907/11|
00000000|MMI|7.47|heparin, porcine|C0770546|[bacs,orch,phsu]|["HEPARIN"-tx-20-"heparin"-noun-0,"HEPARIN"-tx-17-"heparin"-noun-0]|TX|2114/7;1808/7|
00000000|MMI|7.32|Positive|C1446409|[qlco]|["rule"-tx-16-"rule"-verb-0,"ruled"-tx-11-"ruled"-verb-0]|TX|1677/4;1015/5|
00000000|MMI|7.31|Including (qualifier)|C0332257|[ftcn]|["included"-tx-28-"included"-adj-0,"include"-tx-10-"include"-verb-0]|TX|2786/8;795/7|
00000000|MMI|7.30|Concept History|C1705255|[cnce]|["History"-tx-11-"history"-noun-0,"History"-tx-10-"history"-noun-0]|TX|927/7;864/7|
00000000|MMI|7.30|History of previous events|C2004062|[fndg]|["History"-tx-11-"history"-noun-0,"History"-tx-10-"history"-noun-0]|TX|927/7;864/7|
00000000|MMI|7.30|Medical History|C0262926|[fndg]|["History"-tx-11-"history"-noun-0,"History"-tx-10-"history"-noun-0]|TX|927/7;864/7|
00000000|MMI|7.30|Shortness of breath:-:Point in time:^Patient:-|C2707305|[clna]|["Shortness of breath"-tx-24-"shortness of breath"-noun-0,"Shortness of breath"-tx-22-"of shortness breath"-noun-0]|TX|2584/19;2304/12,2320/6|
00000000|MMI|7.28|Postmyocardial infarction syndrome|C0152107|[dsyn]|["Post Myocardial Infarction"-tx-18-"post myocardial infarction"-adj-0,"Post Myocardial Infarction"-tx-9-"post myocardial infarction"-adj-0]|TX|1872/26;710/26|
00000000|MMI|7.28|Glonoine, nitroglycerine, Homeopathic preparation|C0885378|[orch,phsu]|["nitroglycerine"-tx-20-"nitroglycerin"-noun-0,"nitroglycerine"-tx-17-"nitroglycerin"-noun-0]|TX|2093/13;1782/13|
00000000|MMI|7.27|Hospital environment|C1510665|[qlco]|["Hospital"-tx-15-"hospital"-noun-0,"Hospital"-tx-9-"hospital"-noun-0]|TX|1631/8;764/8|
00000000|MMI|7.17|Post percutaneous transluminal coronary angioplasty|C1269832|[fndg]|["Post PTCA"-tx-9-"post PTCA"-noun-1,"Post PTCA"-tx-8-"POST PTCA"-noun-0]|TX|624/4,654/4;421/4,451/4|
00000000|MMI|7.16|Episode of|C0332189|[tmco]|["Episodes"-tx-22-"episodes"-noun-0,"Episode of"-tx-9-"episode of"-noun-0]|TX|2295/8;699/10|
00000000|MMI|7.10|Extrinsic|C0205101|[spco]|["Outside"-tx-15-"outside"-adj-0,"Outside"-tx-9-"outside"-adj-0]|TX|1623/7;756/7|
00000000|MMI|7.02|Cardiac - anatomy qualifier|C1522601|[spco]|["Cardiac"-tx-11-"Cardiac"-adj-0,"Cardiac"-tx-10-"Cardiac"-adj-0]|TX|919/7;774/7|
00000000|MMI|7.01|Approximate|C0332232|[qlco]|["Approximately"-tx-15-"approximately"-adv-0,"Approximately"-tx-13-"approximately"-adv-0]|TX|1557/13;1271/13|
00000000|MMI|7.01|Two|C0205448|[qnco]|["Two"-tx-15-"two"-adj-0,"Two"-tx-13-"two"-adj-0]|TX|1571/3;1285/3|
00000000|MMI|6.99|Recurrent|C2945760|[tmco]|["RECURRENT"-tx-18-"recurrent"-adj-0,"RECURRENT"-tx-13-"recurrent"-adj-0]|TX|1845/9;1341/9|
00000000|MMI|6.99|Modified Bruce protocol|C0442714|[topp]|["Modified Bruce protocol"-tx-24-"modified Bruce protocol"-noun-0,"Modified Bruce protocol"-tx-21-"modified Bruce protocol"-noun-0]|TX|2489/23;2229/23|
00000000|MMI|6.98|Circumflex|C1880089|[spco]|["Circumflex"-tx-14-"circumflex"-noun-0,"Circumflex"-tx-12-"circumflex"-noun-0]|TX|1459/10;1138/10|
00000000|MMI|6.98|Right|C0205090|[spco]|["RIGHT"-tx-12-"right"-noun-0,"RIGHT"-tx-5-"RIGHT"-adj-0]|TX|1172/5;308/5|
00000000|MMI|6.98|Right sided|C0444532|[spco]|["Right"-tx-12-"right"-noun-0,"Right"-tx-5-"RIGHT"-adj-0]|TX|1172/5;308/5|
00000000|MMI|6.97|Signature|C1519316|[inpr]|["Signed"-tx-1-"Signed"-noun-0]|TX|[83/6],[139/6]|
00000000|MMI|6.97|signed - ParticipationSignature|C1561610|[inpr]|["signed"-tx-1-"Signed"-noun-0]|TX|[83/6],[139/6]|
00000000|MMI|6.96|20%|C3842589|[fndg]|["20%"-tx-28-"20"-integer-0]|TX|[2865/2],[2982/2]|
00000000|MMI|6.88|Status|C0449438|[qlco]|["Status"-tx-9-"status"-prep-0,"Status"-tx-8-"STATUS"-prep-0]|TX|617/6;414/6|
00000000|MMI|6.59|Heart Diseases|C0018799|[dsyn]|["Disease, Cardiac"-tx-9-"cardiac disease"-noun-0]|TX|544/15|C14.280
00000000|MMI|5.18|Cervical arthritis|C0263854|[dsyn]|["Cervical Degenerative joint disease"-tx-3-"CERVICAL DEGENERATIVE JOINT DISEASE"-noun-0]|TX|236/35|
00000000|MMI|5.18|Date in time|C0011008|[tmco]|["Dates"-tx-11-"dates"-verb-0]|TX|935/5|
00000000|MMI|5.18|Disposition|C0743223|[idcn]|["Disposition"-tx-27-"DISPOSITION"-noun-0]|TX|2691/11|
00000000|MMI|5.18|Disposition Domain|C1705555|[inpr]|["Disposition"-tx-27-"DISPOSITION"-noun-0]|TX|2691/11|
00000000|MMI|5.18|Distance vision 6/9|C0442751|[fndg]|["6 9"-tx-24-"6/9"-fraction-0]|TX|2474/3|
00000000|MMI|5.18|Following|C0332282|[tmco]|["Following"-tx-9-"following"-verb-0]|TX|686/9|
00000000|MMI|5.18|History of myocardial infarction|C1275835|[fndg]|["History of - myocardial infarction"-tx-10-"history of myocardial infarction"-noun-0]|TX|885/32|
00000000|MMI|5.18|History of present illness:Finding:Point in time:^Patient:Nominal:Reported|C0488508|[clna]|["History of present illness"-tx-9-"HISTORY OF PRESENT ILLNESS"-noun-0]|TX|465/26|
00000000|MMI|5.18|Hospital course|C0489547|[fndg]|["Hospital course"-tx-19-"HOSPITAL COURSE"-noun-0]|TX|1945/15|
00000000|MMI|5.18|Hospital course:Finding:Point in time:^Patient:Narrative|C0488549|[clna]|["Hospital course"-tx-19-"HOSPITAL COURSE"-noun-0]|TX|1945/15|
00000000|MMI|5.18|Hypercholesterolemia result|C1522133|[fndg]|["Hypercholesterolemia"-tx-10-"hypercholesterolemia"-noun-0]|TX|841/20|
00000000|MMI|5.18|Hypertension Adverse Event|C1963138|[fndg]|["Hypertension"-tx-10-"hypertension"-noun-0]|TX|826/12|
00000000|MMI|5.18|Include (action)|C2700399|[acty]|["Include"-tx-10-"include"-verb-0]|TX|795/7|
00000000|MMI|5.18|Increase|C0442805|[ftcn]|["Increase"-tx-19-"increase"-verb-0]|TX|2021/8|
00000000|MMI|5.18|Known Coronary Artery Disease|C3275096|[qnco]|["Known Coronary Artery Disease"-tx-6-"KNOWN CORONARY ARTERY DISEASE"-noun-0]|TX|329/29|
00000000|MMI|5.18|Old myocardial infarction|C0155668|[dsyn]|["History of Myocardial Infarction"-tx-10-"history of myocardial infarction"-noun-0]|TX|885/32|
00000000|MMI|5.18|On admission|C0457453|[tmco]|["On admission"-tx-19-"On admission"-adj-0]|TX|1962/12|
00000000|MMI|5.18|Revealed|C0443289|[qlco]|["Revealed"-tx-14-"revealed"-verb-0]|TX|1408/8|
00000000|MMI|5.18|Stable Disease|C0677946|[fndg]|["Stable condition"-tx-27-"stable condition"-noun-0]|TX|2742/16|
00000000|MMI|5.18|Stable chronic Graft vs Host Disease|C3538874|[fndg]|["Stable condition"-tx-27-"stable condition"-noun-0]|TX|2742/16|
00000000|MMI|5.18|To|C1883351|[qlco]|["To"-tx-19-"to"-adv-0]|TX|2018/2|
00000000|MMI|5.18|include - SetOperator|C1552866|[idcn]|["include"-tx-10-"include"-verb-0]|TX|795/7|
00000000|MMI|4.19|Discharge to home|C0184713|[topp]|["Discharge to home"-tx-27-"discharged to home"-noun-0]|TX|2720/18|
00000000|MMI|3.98|Experience|C0596545|[menp]|["Experience"-tx-11-"experienced"-verb-0]|TX|971/11|
00000000|MMI|3.98|Practice Experience|C0237607|[menp]|["experience"-tx-11-"experienced"-verb-0]|TX|971/11|
00000000|MMI|3.98|Show|C1547282|[anim]|["Show"-tx-12-"showed"-verb-0]|TX|1088/6|
00000000|MMI|3.75|Discharge date|C2361123|[tmco]|["Discharge date"-tx-1-"Discharge Date"-noun-0]|TX|146/14|
00000000|MMI|3.75|Discharge date:Time Stamp -- Date and Time:Point in time:^Patient:Quantitative|C2361122|[clna]|["Discharge date"-tx-1-"Discharge Date"-noun-0]|TX|146/14|
00000000|MMI|3.75|risk factors - observation list|C1553898|[inpr]|["risk factors"-tx-10-"risk factors"-noun-0]|TX|782/12|
00000000|MMI|3.72|Treated with|C0332293|[topp]|["Treated with"-tx-17-"treated with"-verb-0]|TX|1755/12|
00000000|MMI|3.68|% index|C1637833|[qnco]|["% index"-tx-33-"Index"-noun-0]|TX|3104/5|
00000000|MMI|3.68|Attending (action)|C1999232|[ftcn]|["attending"-tx-31-"Attending"-noun-0]|TX|3040/9|
00000000|MMI|3.68|Attending (provider role)|C1547429|[prog]|["Attending"-tx-31-"Attending"-noun-0]|TX|3040/9|
00000000|MMI|3.68|Beta (qualifier)|C2004068|[qlco]|["Beta"-tx-19-"beta"-noun-0]|TX|2034/4|
00000000|MMI|3.68|Beta greek letter|C0439096|[inpr]|["Beta"-tx-19-"beta"-noun-0]|TX|2034/4|
00000000|MMI|3.68|Beta plant|C0330390|[plnt]|["Beta"-tx-19-"beta"-noun-0]|TX|2034/4|
00000000|MMI|3.68|Blockade|C3540676|[phsu]|["Blockade"-tx-19-"blockade"-noun-0]|TX|2039/8|
00000000|MMI|3.68|Blocking|C0332206|[ftcn]|["Blockade"-tx-19-"blockade"-noun-0]|TX|2039/8|
00000000|MMI|3.68|Gram per Deciliter|C0439267|[qnco]|["g%"-tx-31-"G"-noun-0]|TX|3059/1|
00000000|MMI|3.68|Html Link Type - index|C1552854|[idcn]|["index"-tx-33-"Index"-noun-0]|TX|3104/5|
00000000|MMI|3.68|Index|C0918012|[inpr]|["Index"-tx-33-"Index"-noun-0]|TX|3104/5|
00000000|MMI|3.66|Exercise stress ECG test|C1304755|[diap]|["Exercise tolerance test"-tx-21-"exercise tolerance test"-noun-0]|TX|2253/23|
00000000|MMI|3.65|Principal Diagnosis:-:Point in time:^Patient:-|C2598194|[clna]|["Principal Diagnosis"-tx-1-"PRINCIPAL DIAGNOSIS"-noun-0]|TX|172/19|
00000000|MMI|3.65|Principal diagnosis|C0332137|[qlco]|["Principal Diagnosis"-tx-1-"PRINCIPAL DIAGNOSIS"-noun-0]|TX|172/19|
00000000|MMI|3.65|Report status|C0586177|[fndg]|["Report status"-tx-1-"Report Status"-noun-0]|TX|124/13|
00000000|MMI|3.64|Rule (guideline)|C0870077|[inpr]|["Rule"-tx-16-"rule"-verb-0]|TX|1677/4|
00000000|MMI|3.64|derivation calculation|C0805874|[idcn]|["Rule"-tx-16-"rule"-verb-0]|TX|1677/4|
00000000|MMI|3.64|dictated - DocumentCompletion|C1609990|[idcn]|["Dictated"-tx-29-"Dictated"-verb-0]|TX|2998/8|
00000000|MMI|3.64|dictated - ParticipationMode|C1548384|[ftcn]|["dictated"-tx-29-"Dictated"-verb-0]|TX|2998/8|
00000000|MMI|3.63|10%|C3842590|[fndg]|["10%"-tx-34-"10"-fraction-0]|TX|3137/2|
00000000|MMI|3.63|Admission date:Time Stamp -- Date and Time:Point in time:^Patient:Quantitative|C2598112|[clna]|["Admission date"-tx-1-"Admission Date"-noun-0]|TX|98/14|
00000000|MMI|3.63|Date of admission|C1302393|[tmco]|["Admission date"-tx-1-"Admission Date"-noun-0]|TX|98/14|
00000000|MMI|3.63|Surgical repair|C0374711|[topp]|["Repair, NOS"-tx-5-"REPAIR"-noun-0]|TX|321/6|
00000000|MMI|3.61|Batch (Response Modality)|C1550176|[inpr]|["Batch"-tx-33-"Batch"-noun-0]|TX|3092/5|
00000000|MMI|3.61|Batch (group)|C1948031|[qnco]|["Batch"-tx-33-"Batch"-noun-0]|TX|3092/5|
00000000|MMI|3.61|Batch Number|C3641829|[inpr]|["BATCH"-tx-33-"Batch"-noun-0]|TX|3092/5|
00000000|MMI|3.61|Consistent with|C0332290|[idcn]|["Consistent with"-tx-23-"consistent with"-adj-0]|TX|2411/15|
00000000|MMI|3.61|Secondary to|C0175668|[tmco]|["Secondary to"-tx-22-"secondary to"-adj-0]|TX|2327/12|
00000000|MMI|3.59|Pyrexia of unknown origin (excl puerperal)|C0856281|[sosy]|["puo"-tx-1-"PUO"-noun-0]|TX|12/3|
00000000|MMI|3.59|Resolution|C2699488|[cnce]|["Resolved"-tx-22-"resolved"-verb-0]|TX|2382/8|
00000000|MMI|3.59|Resolved|C3714811|[fndg]|["Resolved"-tx-22-"resolved"-verb-0]|TX|2382/8|
00000000|MMI|3.59|Resolved License|C3897700|[ftcn]|["Resolved"-tx-22-"resolved"-verb-0]|TX|2382/8|
00000000|MMI|3.59|physiologic resolution|C1514893|[patf]|["Resolved"-tx-22-"resolved"-verb-0]|TX|2382/8|
00000000|MMI|3.57|Back structure, excluding neck|C1995000|[blor]|["Back, NOS"-tx-11-"back"-adj-0]|TX|941/4|
00000000|MMI|3.57|Back structure, including back of neck|C0460009|[blor]|["Back"-tx-11-"back"-adj-0]|TX|941/4|
00000000|MMI|3.57|Dorsal|C0205095|[spco]|["BACK"-tx-11-"back"-adj-0]|TX|941/4|
00000000|MMI|3.56|Good|C0205170|[qlco]|["Well"-tx-13-"well"-adv-0]|TX|1262/4|
00000000|MMI|3.56|Home environment|C0442519|[cnce]|["HOME"-tx-26-"home"-noun-0]|TX|2674/4|
00000000|MMI|3.56|Minute (diminutive)|C1282918|[qnco]|["minutes"-tx-24-"minutes"-noun-0]|TX|2548/7|
00000000|MMI|3.56|Minute Unit of Plane Angle|C2347166|[qnco]|["Minute"-tx-24-"minutes"-noun-0]|TX|2548/7|
00000000|MMI|3.56|Minute of time|C0439232|[tmco]|["minutes"-tx-24-"minutes"-noun-0]|TX|2548/7|
00000000|MMI|3.56|Per Minute|C0702093|[tmco]|["/minute"-tx-24-"minutes"-noun-0]|TX|2548/7|
00000000|MMI|3.56|Presentation|C0449450|[idcn]|["Presented"-tx-15-"presented"-verb-0]|TX|1607/9|
00000000|MMI|3.56|Small|C0700321|[qnco]|["minutes"-tx-24-"minutes"-noun-0]|TX|2548/7|
00000000|MMI|3.56|Surgical transfer - action|C0348011|[ftcn]|["transferred"-tx-18-"transferred"-verb-0]|TX|1907/11|
00000000|MMI|3.56|Well|C3146287|[mnob]|["Well"-tx-13-"well"-adv-0]|TX|1262/4|
00000000|MMI|3.56|month|C0439231|[tmco]|["MONTHS"-tx-13-"months"-noun-0]|TX|1289/6|
00000000|MMI|3.55|Evidence|C3887511|[idcn]|["Evidence"-tx-25-"evidence"-noun-0]|TX|2622/8|
00000000|MMI|3.55|Reading (datum presentation)|C1705179|[fndg]|["read"-tx-25-"read"-verb-1]|TX|2614/4|
00000000|MMI|3.55|day|C0439228|[tmco]|["DAYS"-tx-15-"days"-noun-0]|TX|1575/4|
00000000|MMI|3.54|Male Gender, Self Report|C1706180|[qlco]|["Male"-tx-9-"male"-noun-0]|TX|528/4|
00000000|MMI|3.54|Male Phenotype|C1706428|[qlco]|["Male"-tx-9-"male"-noun-0]|TX|528/4|
00000000|MMI|3.54|Male, Self-Reported|C1706429|[orga]|["Male"-tx-9-"male"-noun-0]|TX|528/4|
00000000|MMI|3.53|Right Hernia|C0281970|[acab]|["Right Hernia"-tx-5-"RIGHT HERNIA"-noun-0]|TX|308/12|
00000000|MMI|3.52|Right coronary artery structure|C1261316|[bpoc]|["Right Coronary Artery"-tx-12-"right coronary artery"-noun-0]|TX|1172/21|
00000000|MMI|3.50|Congestive heart failure|C0018802|[dsyn]|["CONGESTIVE HEART FAILURE"-tx-22-"congestive heart failure"-noun-0]|TX|2340/24|
00000000|MMI|3.50|50%|C3842586|[fndg]|["50%"-tx-14-"50"-percentage-0]|TX|1501/2|
00000000|MMI|3.50|<50|C3843766|[fndg]|["<50"-tx-14-"50"-percentage-0]|TX|1501/2|
00000000|MMI|3.49|3/18|C0442762|[fndg]|["3/18"-tx-1-"3/18"-fraction-0]|TX|114/4|
00000000|MMI|3.48|/40|C0439509|[tmco]|["/40"-tx-14-"40"-percentage-0]|TX|1455/2|
00000000|MMI|3.48|40%|C3842587|[qnco]|["40%"-tx-14-"40"-percentage-0]|TX|1455/2|
00000000|MMI|3.48|80%|C3842583|[fndg]|["80%"-tx-14-"80"-percentage-0]|TX|1481/2|
00000000|MMI|3.48|Body Fluid Discharge|C0012621|[bdsu]|["Discharge"-tx-28-"discharge"-noun-0]|TX|2776/9|
00000000|MMI|3.48|Discharge summarization note:Finding:Point in time:{Setting}:Document:{Provider}|C0801840|[clna]|["Discharge summary"-tx-1-"Discharge Summary"-noun-0]|TX|63/17|
00000000|MMI|3.48|Discharge summary|C0743221|[inpr]|["Discharge summary"-tx-1-"Discharge Summary"-noun-0]|TX|63/17|
00000000|MMI|3.48|Discharge, body substance|C2926602|[bdsu]|["Discharge"-tx-28-"discharge"-noun-0]|TX|2776/9|
00000000|MMI|3.48|Distal|C0205108|[spco]|["DISTAL"-tx-14-"distal"-adj-0]|TX|1513/6|
00000000|MMI|3.47|1+|C3816745|[fndg]|["1+"-tx-34-"1"-fraction-0]|TX|3127/1|
00000000|MMI|3.47|1+ Score|C2827734|[qnco]|["1+"-tx-34-"1"-fraction-0]|TX|3127/1|
00000000|MMI|3.47|1+ Score, WHO|C2981698|[clas]|["1+"-tx-34-"1"-fraction-0]|TX|3127/1|
00000000|MMI|3.47|70%|C3842584|[fndg]|["70%"-tx-12-"70"-percentage-0]|TX|1149/2|
00000000|MMI|3.47|Left|C0205091|[spco]|["LEFT"-tx-12-"left"-adj-0]|TX|1133/4|
00000000|MMI|3.47|Left sided|C0443246|[spco]|["Left"-tx-12-"left"-adj-0]|TX|1133/4|
00000000|MMI|3.47|Table Cell Horizontal Align - left|C1552822|[ftcn]|["left"-tx-12-"left"-adj-0]|TX|1133/4|
00000000|MMI|3.46|30%|C3842588|[fndg]|["30%"-tx-14-"30"-percentage-0]|TX|1417/2|
00000000|MMI|3.46|4+ Answer to question|C3838679|[fndg]|["4+"-tx-1-"4"-fraction-0]|TX|162/1|
00000000|MMI|3.46|Diffuse|C0205219|[qlco]|["DIFFUSE"-tx-12-"diffuse"-adj-0]|TX|1164/7|
00000000|MMI|3.46|Diagnostic interview schedule|C0451119|[inpr]|["DIS"-tx-1-"DIS"-noun-0]|TX|92/3|
00000000|MMI|3.46|Discontinued|C1444662|[fndg]|["DIS"-tx-1-"DIS"-noun-0]|TX|92/3|
00000000|MMI|3.45|Before|C0332152|[tmco]|["Prior to"-tx-15-"prior to"-prep-0]|TX|1580/8|
00000000|MMI|3.44|Chest pain:Finding:Point in time:^Patient:Ordinal|C2926613|[clna]|["Chest pain"-tx-9-"chest pain"-noun-0]|TX|737/10|
00000000|MMI|3.43|Nine|C0205455|[qnco]|["Nine"-tx-24-"nine"-word_numeral-0]|TX|2543/4|
00000000|MMI|3.42|Further|C1517331|[spco]|["Further"-tx-21-"further"-adj-0]|TX|2159/7|
00000000|MMI|3.42|Caucasians|C0043157|[popg]|["WHITE"-tx-9-"white"-adj-0]|TX|522/5|
00000000|MMI|3.42|Known|C0205309|[qlco]|["Known"-tx-9-"known"-adj-0]|TX|538/5|
00000000|MMI|3.42|Old|C0580836|[tmco]|["Old"-tx-9-"old"-adj-0]|TX|518/3|
00000000|MMI|3.42|White