00000000|MMI|7.08|23|C0450348|[qnco]|["23"-tx-1-"23"-fraction-0]|TX|[42/2],[119/2]|
00000000|MMI|3.65|Report status|C0586177|[fndg]|["Report status"-tx-1-"Report Status"-noun-0]|TX|127/13|
00000000|MMI|3.63|Admission date:Time Stamp -- Date and Time:Point in time:^Patient:Quantitative|C2598112|[clna]|["Admission date"-tx-1-"Admission Date"-noun-0]|TX|101/14|
00000000|MMI|3.63|Date of admission|C1302393|[tmco]|["Admission date"-tx-1-"Admission Date"-noun-0]|TX|101/14|
00000000|MMI|3.59|Pyrexia of unknown origin (excl puerperal)|C0856281|[sosy]|["puo"-tx-1-"PUO"-noun-0]|TX|12/3|
00000000|MMI|3.48|Discharge summarization note:Finding:Point in time:{Setting}:Document:{Provider}|C0801840|[clna]|["Discharge summary"-tx-1-"Discharge Summary"-noun-0]|TX|64/17|
00000000|MMI|3.48|Discharge summary|C0743221|[inpr]|["Discharge summary"-tx-1-"Discharge Summary"-noun-0]|TX|64/17|
00000000|MMI|3.46|Diagnostic interview schedule|C0451119|[inpr]|["DIS"-tx-1-"DIS"-noun-0]|TX|95/3|
00000000|MMI|3.46|Discontinued|C1444662|[fndg]|["DIS"-tx-1-"DIS"-noun-0]|TX|95/3|
00000000|MMI|229.23|Patients|C0030705|[podg]|["*^patient"-tx-43-"patient"-noun-0,"*^patient"-tx-40-"patient"-noun-0,"*^patient"-tx-38-"patient"-noun-0,"*^patient"-tx-37-"patient's"-noun-0,"*^patient"-tx-36-"patient"-noun-0,"*^patient"-tx-35-"patient"-noun-0,"*^patient"-tx-32-"patient's"-noun-0,"*^patient"-tx-31-"patient's"-noun-0,"*^patient"-tx-30-"patient"-noun-0,"*^patient"-tx-28-"patient"-noun-0,"*^patient"-tx-27-"patient's"-noun-0,"*^patient"-tx-26-"patient"-noun-0,"*^patient"-tx-25-"patient"-noun-0,"*^patient"-tx-22-"patient"-noun-0,"*^patient"-tx-19-"patient"-noun-0,"*^patient"-tx-18-"patient"-noun-0,"*^patient"-tx-13-"patient"-noun-0,"*^patient"-tx-10-"patient"-noun-0,"*^patient"-tx-8-"patient"-noun-0]|TX|3704/7;3519/7;3306/7;3223/9;3087/7;2981/7;2739/9;2670/9;2514/7;2371/7;2321/9;2206/7;2103/7;1862/7;1510/7;1429/7;909/7;611/7;372/7|M01.643
00000000|MMI|125.52|Abortion consent:Finding:Point in time:^Patient:Document|C2360836|[clna]|["Patient"-tx-43-"patient"-noun-0,"Patient"-tx-40-"patient"-noun-0,"Patient"-tx-38-"patient"-noun-0,"Patient"-tx-37-"patient's"-noun-0,"Patient"-tx-36-"patient"-noun-0,"Patient"-tx-35-"patient"-noun-0,"Patient"-tx-32-"patient's"-noun-0,"Patient"-tx-31-"patient's"-noun-0,"Patient"-tx-30-"patient"-noun-0,"Patient"-tx-28-"patient"-noun-0,"Patient"-tx-27-"patient's"-noun-0,"Patient"-tx-26-"patient"-noun-0,"Patient"-tx-25-"patient"-noun-0,"Patient"-tx-22-"patient"-noun-0,"Patient"-tx-19-"patient"-noun-0,"Patient"-tx-18-"patient"-noun-0,"Patient"-tx-13-"patient"-noun-0,"Patient"-tx-10-"patient"-noun-0,"Patient"-tx-8-"patient"-noun-0]|TX|3704/7;3519/7;3306/7;3223/9;3087/7;2981/7;2739/9;2670/9;2514/7;2371/7;2321/9;2206/7;2103/7;1862/7;1510/7;1429/7;909/7;611/7;372/7|
00000000|MMI|125.52|Hysterectomy consent:Finding:Point in time:^Patient:Document|C2360838|[clna]|["Patient"-tx-43-"patient"-noun-0,"Patient"-tx-40-"patient"-noun-0,"Patient"-tx-38-"patient"-noun-0,"Patient"-tx-37-"patient's"-noun-0,"Patient"-tx-36-"patient"-noun-0,"Patient"-tx-35-"patient"-noun-0,"Patient"-tx-32-"patient's"-noun-0,"Patient"-tx-31-"patient's"-noun-0,"Patient"-tx-30-"patient"-noun-0,"Patient"-tx-28-"patient"-noun-0,"Patient"-tx-27-"patient's"-noun-0,"Patient"-tx-26-"patient"-noun-0,"Patient"-tx-25-"patient"-noun-0,"Patient"-tx-22-"patient"-noun-0,"Patient"-tx-19-"patient"-noun-0,"Patient"-tx-18-"patient"-noun-0,"Patient"-tx-13-"patient"-noun-0,"Patient"-tx-10-"patient"-noun-0,"Patient"-tx-8-"patient"-noun-0]|TX|3704/7;3519/7;3306/7;3223/9;3087/7;2981/7;2739/9;2670/9;2514/7;2371/7;2321/9;2206/7;2103/7;1862/7;1510/7;1429/7;909/7;611/7;372/7|
00000000|MMI|125.52|Sterilization consent:Finding:Point in time:^Patient:Document|C2360840|[clna]|["Patient"-tx-43-"patient"-noun-0,"Patient"-tx-40-"patient"-noun-0,"Patient"-tx-38-"patient"-noun-0,"Patient"-tx-37-"patient's"-noun-0,"Patient"-tx-36-"patient"-noun-0,"Patient"-tx-35-"patient"-noun-0,"Patient"-tx-32-"patient's"-noun-0,"Patient"-tx-31-"patient's"-noun-0,"Patient"-tx-30-"patient"-noun-0,"Patient"-tx-28-"patient"-noun-0,"Patient"-tx-27-"patient's"-noun-0,"Patient"-tx-26-"patient"-noun-0,"Patient"-tx-25-"patient"-noun-0,"Patient"-tx-22-"patient"-noun-0,"Patient"-tx-19-"patient"-noun-0,"Patient"-tx-18-"patient"-noun-0,"Patient"-tx-13-"patient"-noun-0,"Patient"-tx-10-"patient"-noun-0,"Patient"-tx-8-"patient"-noun-0]|TX|3704/7;3519/7;3306/7;3223/9;3087/7;2981/7;2739/9;2670/9;2514/7;2371/7;2321/9;2206/7;2103/7;1862/7;1510/7;1429/7;909/7;611/7;372/7|
00000000|MMI|57.00|Coronary Artery Bypass Surgery|C0010055|[topp]|["Coronary Artery Bypass Grafting"-tx-20-"coronary artery bypass grafting"-noun-0,"Coronary Artery Bypass Grafting"-tx-18-"coronary artery bypass grafting"-noun-0,"Coronary Artery Bypass Grafting"-tx-8-"coronary artery bypass grafting"-noun-0,"Coronary Artery Bypass Grafting"-tx-6-"coronary artery bypass grafting"-noun-0,"Coronary Artery Bypass Grafting"-tx-3-"CORONARY ARTERY BYPASS GRAFTING"-noun-0]|TX|1608/31;1456/31;428/31;268/31;114/31|E04.100.376.719.332;E04.100.814.868.750;E04.928.220.520.220
00000000|MMI|44.72|Postoperative Period|C0032790|[tmco]|["Postoperative Period"-tx-43-"postoperative period"-noun-0,"Postoperative"-tx-32-"postoperative"-adj-0,"Postoperative"-tx-30-"postoperative"-noun-0,"Postoperative Period"-tx-28-"postoperative period"-noun-0]|TX|3783/20;2749/13;2563/13;2426/20|E04.614.750;N02.421.585.753.750
00000000|MMI|33.35|Dominican Republic|C0013014|[geoa]|["DR"-tx-41-"Dr"-noun-0,"DR"-tx-8-"Dr"-noun-0,"DR"-tx-6-"Dr"-noun-0]|TX|3590/2;491/2;303/2|Z01.107.084.900.300;Z01.639.880.300
00000000|MMI|27.33|Stenosis|C1261287|[patf]|["Stenosis"-tx-14-"stenosis"-noun-0,"Stenosis"-tx-13-"stenosis"-noun-0]|TX|[1087/8],[1138/8],[1180/8];979/8|C23.300.287
00000000|MMI|27.07|Portugal|C0032729|[geoa]|["PO"-tx-39-"po"-noun-0]|TX|[3406/2],[3432/2],[3458/2],[3487/2]|Z01.542.727
00000000|MMI|26.84|Physicians|C0031831|[prog]|["DR"-tx-41-"Dr"-noun-0,"DR"-tx-8-"Dr"-noun-0,"DR"-tx-6-"Dr"-noun-0]|TX|3590/2;491/2;303/2|M01.526.485.810;N02.360.810
00000000|MMI|26.71|Patient Discharge|C0030685|[hlca]|["Discharged"-tx-38-"discharged"-verb-0,"Discharge"-tx-37-"discharge"-verb-0]|TX|3329/10;3209/9|E02.204.125;E02.760.400.610;N02.421.192.125;N02.421.585.400.610;N04.590.233.727.210.125
00000000|MMI|24.40|Left Ventricular Function|C0080310|[ortf]|["Left Ventricular Function"-tx-25-"left ventricular function"-noun-0,"Left Ventricular Function"-tx-16-"left ventricular function"-noun-0]|TX|2175/25;1341/25|G09.330.190.962.800
00000000|MMI|24.40|Togo|C0040363|[geoa]|["TO"-tx-36-"to"-adv-0,"TO"-tx-22-"to"-adv-0]|TX|3121/2;1880/2|Z01.058.290.190.800
00000000|MMI|24.40|Tryptophanase|C0041260|[aapp,enzy]|["TO"-tx-36-"to"-adv-0,"TO"-tx-22-"to"-adv-0]|TX|3121/2;1880/2|D08.811.520.224.800
00000000|MMI|18.59|Transplanted tissue|C0332835|[tisu]|["GRAFT"-tx-23-"graft"-noun-0,"GRAFT"-tx-21-"graft"-noun-0,"GRAFT"-tx-13-"graft"-noun-0]|TX|[1943/5],[1990/5];1825/5;1004/5|A01.941
00000000|MMI|15.41|diagnosis aspect|C1704338|[qlco]|["diagnosis"-tx-1-"DIAGNOSIS"-noun-0]|TX|26/9|x.x.x.x.x.x.x
00000000|MMI|15.38|Sodium Nitroprusside|C0037533|[orch,phsu]|["Nitroprusside, Sodium"-tx-28-"sodium Nitroprusside"-noun-0]|TX|2388/20|D01.248.497.158.291.350.550;D01.490.100.300.550;D01.625.400.100.325.550
00000000|MMI|14.32|Colace|C0282139|[orch,phsu]|["Colace"-tx-39-"Colace"-noun-0]|TX|3496/6|D02.241.081.337.759.249
00000000|MMI|13.14|Atenolol|C0004147|[orch,phsu]|["ATENOLOL"-tx-39-"Atenolol"-noun-0]|TX|3391/8|D02.033.100.624.698.070;D02.033.755.624.698.070;D02.092.063.624.698.070
00000000|MMI|12.17|Coronary Arteriosclerosis|C0010054|[dsyn]|["coronary artery disease"-tx-1-"CORONARY ARTERY DISEASE"-noun-0]|TX|40/23|C14.280.647.250.260;C14.907.137.126.339;C14.907.585.250.260
00000000|MMI|12.17|Coronary Artery Disease|C1956346|[dsyn]|["CORONARY ARTERY DISEASE"-tx-1-"CORONARY ARTERY DISEASE"-noun-0]|TX|40/23|C14.280.647.250.260;C14.907.137.126.339;C14.907.585.250.260
00000000|MMI|12.17|Diabetes Mellitus, Non-Insulin-Dependent|C0011860|[dsyn]|["ADULT ONSET DIABETES MELLITUS"-tx-2-"ADULT ONSET DIABETES MELLITUS"-noun-0]|TX|68/29|C18.452.394.750.149;C19.246.300
00000000|MMI|12.17|Mediastinum|C0025066|[blor]|["Mediastinal"-tx-30-"mediastinal"-adj-0]|TX|2589/11|A01.923.761.800.500
00000000|MMI|12.17|Visiting Nurses|C0042799|[prog]|["Visiting Nurse"-tx-43-"visiting nurse"-noun-0]|TX|3727/14|M01.526.485.650.655;N02.360.650.655
00000000|MMI|11.21|Exercise stress test|C0015260|[diap]|["exercise testing"-tx-10-"exercise testing"-noun-0]|TX|629/8,648/7|E01.370.370.380.250;E01.370.386.700.250;E05.333.250
00000000|MMI|11.14|Hypokinesia|C0086439|[sosy]|["Hypokinesis"-tx-15-"hypokinesis"-noun-0]|TX|1259/11|C10.597.350.400;C23.888.592.350.400
00000000|MMI|11.11|Cardiac Catheterization Procedures|C0018795|[hlca]|["Cardiac catheterisation"-tx-13-"cardiac catheterization"-noun-0]|TX|935/23|E01.370.370.380.140;E02.148.442;E05.157.250
00000000|MMI|11.11|Tissue Adhesions|C0001511|[patf]|["Adhesions"-tx-22-"adhesions"-noun-0]|TX|1902/9|C23.550.355.274.840
00000000|MMI|10.99|African American|C0085756|[popg]|["Black"-tx-8-"black"-adj-0]|TX|397/5|M01.686.508.100.100;M01.686.754.100
00000000|MMI|10.99|Diabinese|C0591359|[orch,phsu]|["Diabinese"-tx-39-"Diabinese"-noun-0]|TX|3441/9|D02.886.590.795.283;D02.948.828.283
00000000|MMI|10.01|Coronary heart disease|C0010068|[dsyn]|["Coronary (artery) disease"-tx-1-"CORONARY ARTERY DISEASE"-noun-0]|TX|40/23|C14.280.647.250;C14.907.585.250
00000000|MMI|10.01|Wound Healing|C0043240|[orgf]|["Healing"-tx-34-"healing"-verb-0]|TX|2913/7|G16.100.856.891
00000000|MMI|9.85|Graft material|C0181074|[bodm]|["{Graft}"-tx-23-"graft"-noun-0,"{Graft}"-tx-21-"graft"-noun-0,"{Graft}"-tx-13-"graft"-noun-0]|TX|[1943/5],[1990/5];1825/5;1004/5|
00000000|MMI|9.85|Grafting procedure|C1961139|[topp]|["Graft, NOS"-tx-23-"graft"-noun-0,"Graft, NOS"-tx-21-"graft"-noun-0,"Graft, NOS"-tx-13-"graft"-noun-0]|TX|[1943/5],[1990/5];1825/5;1004/5|
00000000|MMI|9.84|Stenosis (invertebrate)|C2632116|[euka]|["Stenosis"-tx-14-"stenosis"-noun-0,"Stenosis"-tx-13-"stenosis"-noun-0]|TX|[1087/8],[1138/8],[1180/8];979/8|
00000000|MMI|9.84|Stenosis Morphology|C0678234|[qlco]|["Stenosis"-tx-14-"stenosis"-noun-0,"Stenosis"-tx-13-"stenosis"-noun-0]|TX|[1087/8],[1138/8],[1180/8];979/8|
00000000|MMI|9.60|Old|C0580836|[tmco]|["Old"-tx-23-"old"-adj-0,"Old"-tx-21-"old"-adj-0,"Old"-tx-8-"old"-adj-0]|TX|[1917/3],[1970/3];1805/3;393/3|
00000000|MMI|9.58|Oral|C0442027|[spco]|["PO"-tx-39-"po"-noun-0]|TX|[3406/2],[3432/2],[3458/2],[3487/2]|
00000000|MMI|9.22|Time|C0040223|[tmco]|["TIME"-tx-37-"time"-noun-0,"times"-tx-20-"times"-noun-0]|TX|3163/4;1640/5|G01.910
00000000|MMI|8.98|Diuresis|C0012797|[ortf]|["Diuresis"-tx-31-"diuresis"-noun-0]|TX|2680/8|G08.852.796.241
00000000|MMI|8.93|Operating Room|C0029064|[hcro,mnob]|["OPERATING ROOM"-tx-19-"Operating Room"-noun-0]|TX|1535/14|N02.278.388.700
00000000|MMI|8.89|Rest|C0035253|[dora]|["Rest"-tx-32-"rest"-noun-0]|TX|2727/4|I03.450.769.647
00000000|MMI|8.86|Pleura|C0032225|[bpoc]|["Pleural"-tx-30-"pleural"-adj-0]|TX|2605/7|A04.716;A10.615.789.736
00000000|MMI|8.86|Thallium|C0039738|[elii]|["THALLIUM"-tx-11-"thallium"-noun-0]|TX|714/8|D01.268.556.847;D01.552.544.847;x.x.x.x
00000000|MMI|8.84|ferrous sulfate|C0060282|[inch,phsu]|["Iron sulphate"-tx-39-"iron sulfate"-noun-0]|TX|3467/12|x.x.x.x
00000000|MMI|8.83|Mongolia|C0026410|[geoa]|["MG"-tx-39-"mg"-noun-0]|TX|3484/2|Z01.252.474.651
00000000|MMI|8.82|Vital signs|C0518766|[clna]|["Signs, Vital"-tx-26-"vital signs"-noun-0]|TX|2288/11|E01.370.600.875
00000000|MMI|7.85|Hypertensive disease|C0020538|[dsyn]|["HYPERTENSION"-tx-4-"HYPERTENSION"-noun-0]|TX|150/12|C14.907.489
00000000|MMI|7.78|Normal|C0205307|[qlco]|["Unremarkable"-tx-32-"unremarkable"-adj-0,"Unremarkable"-tx-27-"unremarkable"-adj-0,"Unremarkable"-tx-17-"unremarkable"-adj-0]|TX|2774/12;2353/12;1404/12|
00000000|MMI|7.61|Decreased|C0205216|[qnco]|["Decreased"-tx-25-"decreased"-verb-0,"Decreased"-tx-16-"decreased"-verb-0,"Decreased"-tx-11-"decreased"-adj-0]|TX|2165/9;1331/9;740/9|
00000000|MMI|7.61|Decreasing|C0442797|[qlco]|["decreased"-tx-25-"decreased"-verb-0,"decreased"-tx-16-"decreased"-verb-0,"decreased"-tx-11-"decreased"-adj-0]|TX|2165/9;1331/9;740/9|
00000000|MMI|7.61|Good|C0205170|[qlco]|["Good"-tx-36-"good"-adj-0,"Well"-tx-34-"well"-adv-0,"Well"-tx-31-"well"-adv-0]|TX|3054/4;2921/4;2717/4|
00000000|MMI|7.61|Reduced|C0392756|[qlco]|["Decreased"-tx-25-"decreased"-verb-0,"Decreased"-tx-16-"decreased"-verb-0,"Decreased"-tx-11-"decreased"-adj-0]|TX|2165/9;1331/9;740/9|
00000000|MMI|7.30|Diagonal|C0443198|[spco]|["Diagonal"-tx-21-"diagonal"-adj-0,"Diagonal"-tx-14-"diagonal"-adj-0]|TX|[1726/8],[1848/8];1160/8|
00000000|MMI|7.29|Delayed Release Dosage Form|C1707664|[bodm]|["DR"-tx-41-"Dr"-noun-0,"DR"-tx-8-"Dr"-noun-0,"DR"-tx-6-"Dr"-noun-0]|TX|3590/2;491/2;303/2|
00000000|MMI|7.29|Device to Subject Relationship Domain|C3540849|[inpr]|["DR"-tx-41-"Dr"-noun-0,"DR"-tx-8-"Dr"-noun-0,"DR"-tx-6-"Dr"-noun-0]|TX|3590/2;491/2;303/2|
00000000|MMI|7.29|Doctor - Title|C2348314|[cnce]|["Dr."-tx-41-"Dr"-noun-0,"Dr."-tx-8-"Dr"-noun-0,"Dr."-tx-6-"Dr"-noun-0]|TX|3590/2;491/2;303/2|
00000000|MMI|7.29|Entire left margin of heart|C1305142|[blor]|["Obtuse margin"-tx-23-"obtuse marginal"-adj-0,"Obtuse margin"-tx-21-"obtuse marginal"-adj-0,"Obtuse margin"-tx-14-"obtuse marginal"-adj-0]|TX|1974/15;1809/15;1223/15|
00000000|MMI|7.19|First (number)|C0205435|[qnco]|["First"-tx-21-"first"-adj-0,"First"-tx-14-"first"-adj-0]|TX|1720/5;[1154/5],[1217/5]|
00000000|MMI|7.19|Firstly|C1279901|[qlco]|["First"-tx-21-"first"-adj-0,"First"-tx-14-"first"-adj-0]|TX|1720/5;[1154/5],[1217/5]|
00000000|MMI|7.10|Doctor of Medicine|C1512018|[inpr]|["M.D."-tx-46-"M.D"-noun-0,"M.D."-tx-45-"M.D"-noun-0]|TX|3928/3;3835/3|
00000000|MMI|7.10|Obstruction|C0028778|[patf]|["occluded"-tx-24-"occluded"-verb-0,"occluded"-tx-23-"occluded"-verb-0]|TX|2080/8;1953/8|
00000000|MMI|7.10|Occluded|C1947917|[ftcn]|["Occluded"-tx-24-"occluded"-verb-0,"Occluded"-tx-23-"occluded"-verb-0]|TX|2080/8;1953/8|
00000000|MMI|7.10|Revealed|C0443289|[qlco]|["Revealed"-tx-13-"revealed"-verb-0,"Revealed"-tx-11-"revealed"-verb-0]|TX|965/8;731/8|
00000000|MMI|7.10|To|C1883351|[qlco]|["To"-tx-36-"to"-adv-0,"To"-tx-22-"to"-adv-0]|TX|3121/2;1880/2|
00000000|MMI|7.10|Well|C3146287|[mnob]|["Well"-tx-34-"well"-adv-0,"Well"-tx-31-"well"-adv-0]|TX|2921/4;2717/4|
00000000|MMI|7.08|100%|C3817553|[qnco]|["100%"-tx-14-"100"-percentage-0,"100%"-tx-13-"100"-percentage-0]|TX|[1034/3],[1175/3];974/3|
00000000|MMI|6.83|Pressure- physical agent|C0033095|[phpr]|["Pressures"-tx-17-"pressures"-noun-0]|TX|1382/9|G01.374.715
00000000|MMI|6.79|General Anesthesia|C0002915|[topp]|["General anaesthesia"-tx-20-"general anesthesia"-noun-0]|TX|1576/7,1597/10|E03.155.197
00000000|MMI|6.78|Shock|C0036974|[patf]|["collapse"-tx-35-"collapse"-noun-0]|TX|3010/8|C23.550.835
00000000|MMI|6.78|Anesthesia, Endotracheal|C0002919|[topp]|["Endotracheal anaesthesia"-tx-20-"endotracheal anesthesia"-noun-0]|TX|1584/23|E03.155.253
00000000|MMI|6.74|Cell Respiration|C0282636|[celf]|["oxygenation"-tx-36-"oxygenation"-noun-0]|TX|3059/11|G03.495.278;G04.299.305
00000000|MMI|6.74|Reperfusion Therapy|C0035124|[topp]|["Reperfusion"-tx-12-"reperfusion"-noun-0]|TX|850/11|E04.100.700;E05.680.730
00000000|MMI|6.72|Tracheal Extubation|C0553891|[topp]|["Extubate"-tx-30-"extubated"-verb-0]|TX|2539/9|E02.041.249;E05.008
00000000|MMI|6.66|Cardiac Arrhythmia|C0003811|[fndg]|["Arrythmia"-tx-33-"arrhythmia"-noun-1]|TX|2848/10|C14.280.067;C23.550.073
00000000|MMI|5.45|Show|C1547282|[anim]|["Show"-tx-37-"showed"-verb-0,"Show"-tx-10-"showed"-verb-0]|TX|3245/6;662/6|
00000000|MMI|5.42|Plain chest X-ray|C0039985|[diap]|["Chest X-ray"-tx-37-"chest x-ray"-noun-0,"Chest X-ray"-tx-35-"chest x-ray"-noun-0]|TX|3233/11;2940/11|
00000000|MMI|5.42|Views:Finding:Point in time:Chest:Narrative:XR|C1114557|[clna]|["Chest X-ray"-tx-37-"chest x-ray"-noun-0,"Chest X-ray"-tx-35-"chest x-ray"-noun-0]|TX|3233/11;2940/11|
00000000|MMI|5.19|Clinical Study Follow-up|C3274571|[hlca]|["FOLLOW-UP"-tx-41-"FOLLOW-UP"-adj-0,"FOLLOW-UP"-tx-41-"follow-up"-adj-0]|TX|3555/9;3575/9|
00000000|MMI|5.19|Follow-Up Report|C1704685|[inpr]|["Follow-Up"-tx-41-"FOLLOW-UP"-adj-0,"Follow-Up"-tx-41-"follow-up"-adj-0]|TX|3555/9;3575/9|
00000000|MMI|5.19|Follow-up status|C0589120|[fndg]|["Follow-up"-tx-41-"FOLLOW-UP"-adj-0,"Follow-up"-tx-41-"follow-up"-adj-0]|TX|3555/9;3575/9|
00000000|MMI|5.19|follow-up|C1522577|[hlca]|["Follow Up"-tx-41-"FOLLOW-UP"-adj-0,"Follow Up"-tx-41-"follow-up"-adj-0]|TX|3555/9;3575/9|
00000000|MMI|5.08|Structure of right lower lobe of lung|C1261075|[bpoc]|["Right lower lobe"-tx-36-"right lower lobe"-noun-0,"Right lower lobe"-tx-35-"right lower lobe"-noun-0]|TX|3138/16;2993/16|
00000000|MMI|5.04|Walls of a building|C0677535|[mnob]|["Wall"-tx-12-"wall"-noun-0,"Wall"-tx-11-"wall"-noun-0]|TX|899/4;834/4|
00000000|MMI|5.04|milligram/day|C0439422|[qnco]|["mg/d"-tx-39-"mg d"-noun-0]|TX|[3403/2,3411/1],[3455/2,3463/1]|
00000000|MMI|4.90|Apyrexial|C0277797|[fndg]|["Afebrile"-tx-36-"afebrile"-adj-0,"Afebrile"-tx-34-"afebrile"-adj-0]|TX|3035/8;2880/8|
00000000|MMI|4.87|Evidence|C3887511|[idcn]|["Evidence"-tx-33-"evidence"-noun-0,"Evidence"-tx-29-"evidence"-noun-0]|TX|2836/8;2461/8|
00000000|MMI|4.87|Taken|C1883727|[cnce]|["Taken"-tx-26-"taken"-verb-0,"Taken"-tx-19-"taken"-verb-0]|TX|2218/5;1522/5|
00000000|MMI|4.83|Diagnosis|C0011900|[fndg]|["Diagnostic"-tx-10-"diagnostic"-adj-1,"DIAGNOSIS"-tx-1-"DIAGNOSIS"-noun-0]|TX|673/10;26/9|E01
00000000|MMI|4.83|Precision - second|C1561503|[idcn]|["second"-tx-30-"second"-adj-0,"second"-tx-21-"second"-adj-0]|TX|2556/6;1841/6|
00000000|MMI|4.83|Second Suffix|C1705190|[qlco]|["Second"-tx-30-"second"-adj-0,"Second"-tx-21-"second"-adj-0]|TX|2556/6;1841/6|
00000000|MMI|4.83|per second|C0565930|[qnco]|["/second"-tx-30-"second"-adj-0,"/second"-tx-21-"second"-adj-0]|TX|2556/6;1841/6|
00000000|MMI|4.83|second (number)|C0205436|[qnco]|["Second"-tx-30-"second"-adj-0,"Second"-tx-21-"second"-adj-0]|TX|2556/6;1841/6|
00000000|MMI|4.83|seconds|C0457385|[tmco]|["SECOND"-tx-30-"second"-adj-0,"SECOND"-tx-21-"second"-adj-0]|TX|2556/6;1841/6|
00000000|MMI|4.83|Course|C0750729|[tmco]|["Course"-tx-32-"course"-noun-0,"Course"-tx-27-"course"-noun-0]|TX|2763/6;2331/6|
00000000|MMI|4.80|Anterolateral|C0332194|[spco]|["Anterolateral"-tx-12-"anterolateral"-adj-0,"Anterolateral"-tx-11-"anterolateral"-adj-0]|TX|885/13;820/13|
00000000|MMI|4.79|year|C0439234|[tmco]|["YEAR"-tx-8-"year"-noun-0,"YEARS"-tx-8-"years"-noun-0]|TX|388/4;478/5|
00000000|MMI|4.78|October|C3828732|[qlco]|["October"-tx-19-"October"-noun-0,"October"-tx-7-"October"-noun-0]|TX|1559/7;330/7|
00000000|MMI|4.76|Approximate|C0332232|[qlco]|["Approximately"-tx-9-"approximately"-adv-0,"Approximately"-tx-8-"approximately"-adv-0]|TX|555/13;460/13|
00000000|MMI|4.73|One|C0205447|[qnco]|["ONE"-tx-42-"one"-noun-0,"ONE"-tx-39-"one"-noun-0]|TX|3682/3;3428/3|
00000000|MMI|4.73|Immediate|C0205253|[tmco]|["Immediate"-tx-43-"immediate"-adj-0,"Immediate"-tx-28-"immediate"-adj-0]|TX|3773/9;2416/9|
00000000|MMI|4.73|Stat (do immediately)|C0205548|[tmco]|["Immediate"-tx-43-"immediate"-adj-0,"Immediate"-tx-28-"immediate"-adj-0]|TX|3773/9;2416/9|
00000000|MMI|4.72|Negation|C1518422|[ftcn]|["Not"-tx-36-"not"-adv-0,"Non"-tx-10-"non"-adj-0]|TX|3099/3;669/3|
00000000|MMI|4.72|Left anterior|C0441998|[spco]|["Left anterior"-tx-21-"left anterior"-adj-0,"Left anterior"-tx-14-"left anterior"-adj-0]|TX|1774/13;1103/13|
00000000|MMI|4.69|Descending|C0205386|[qlco]|["Descending"-tx-21-"descending"-noun-0,"Descending"-tx-14-"descending"-noun-0]|TX|1788/10;1117/10|
00000000|MMI|4.69|Sequencing - Descending|C1547177|[ftcn]|["Descending"-tx-21-"descending"-noun-0,"Descending"-tx-14-"descending"-noun-0]|TX|1788/10;1117/10|
00000000|MMI|4.69|Four|C0205450|[qnco]|["Four"-tx-42-"four"-word_numeral-0,"Four"-tx-9-"four"-word_numeral-0]|TX|3611/4;569/4|
00000000|MMI|4.62|Woman|C0043210|[popg]|["WOMAN"-tx-8-"woman"-noun-0]|TX|403/5|M01.975
00000000|MMI|4.59|Perfusion (procedure)|C0031001|[topp]|["Perfusion"-tx-11-"perfusion"-noun-0]|TX|750/9|E05.680
00000000|MMI|4.55|Lung|C0024109|[bpoc]|["pulmonary"-tx-17-"pulmonary"-adj-0]|TX|1372/9|A04.411
00000000|MMI|4.53|Heart|C0018787|[bpoc]|["Cardiac"-tx-22-"cardiac"-adj-0]|TX|1894/7|A07.541
00000000|MMI|4.50|Repeat Surgery|C0035110|[topp]|["Reoperation"-tx-6-"Reoperation"-noun-0]|TX|256/11|E04.690
00000000|MMI|4.50|Second Look Surgery|C0949626|[topp]|["Reoperation"-tx-6-"Reoperation"-noun-0]|TX|256/11|E04.708
00000000|MMI|3.54|+2|C0740116|[qnco]|["+2"-tx-2-"2"-integer-0]|TX|65/1|
00000000|MMI|3.54|+5|C0728893|[qnco]|["+5"-tx-5-"5"-integer-0]|TX|164/1|
00000000|MMI|3.54|1+|C3816745|[fndg]|["1+"-tx-1-"1"-integer-0]|TX|37/1|
00000000|MMI|3.54|1+ Score|C2827734|[qnco]|["1+"-tx-1-"1"-integer-0]|TX|37/1|
00000000|MMI|3.54|1+ Score, WHO|C2981698|[clas]|["1+"-tx-1-"1"-integer-0]|TX|37/1|
00000000|MMI|3.54|2+|C3833492|[fndg]|["2+"-tx-2-"2"-integer-0]|TX|65/1|
00000000|MMI|3.54|2+ Score|C2827735|[qnco]|["2+"-tx-2-"2"-integer-0]|TX|65/1|
00000000|MMI|3.54|2+ Score, WHO|C2981700|[clas]|["2+"-tx-2-"2"-integer-0]|TX|65/1|
00000000|MMI|3.54|3+ Answer to Question|C3838680|[fndg]|["3+"-tx-3-"3"-integer-0]|TX|99/1|
00000000|MMI|3.54|3+ Score|C2827736|[qnco]|["3+"-tx-3-"3"-integer-0]|TX|99/1|
00000000|MMI|3.54|3+ Score, WHO|C2981702|[clas]|["3+"-tx-3-"3"-integer-0]|TX|99/1|
00000000|MMI|3.54|<3 (qualifier value)|C0439086|[qnco]|["<3"-tx-3-"3"-integer-0]|TX|99/1|
00000000|MMI|3.54|>5|C0439084|[qnco]|[">5"-tx-5-"5"-integer-0]|TX|164/1|
00000000|MMI|3.54|Apical|C0205111|[spco]|["APICAL"-tx-15-"apical"-adj-0]|TX|1282/6|
00000000|MMI|3.54|Bilateral salpingectomy with oophorectomy|C0195495|[topp]|["Bilateral salpingo-oophorectomy"-tx-5-"BILATERAL SALPINGO OOPHORECTOMY"-noun-0]|TX|212/31|
00000000|MMI|3.54|Body Fluid Discharge|C0012621|[bdsu]|["Discharge"-tx-37-"discharge"-verb-0]|TX|3209/9|
00000000|MMI|3.54|Discharge date|C2361123|[tmco]|["Discharge date"-tx-1-"Discharge Date"-noun-0]|TX|0/14|
00000000|MMI|3.54|Discharge date:Time Stamp -- Date and Time:Point in time:^Patient:Quantitative|C2361122|[clna]|["Discharge date"-tx-1-"Discharge Date"-noun-0]|TX|0/14|
00000000|MMI|3.54|Discharge, body substance|C2926602|[bdsu]|["Discharge"-tx-37-"discharge"-verb-0]|TX|3209/9|
00000000|MMI|3.54|Disposition|C0743223|[idcn]|["Disposition"-tx-39-"DISPOSITION"-noun-0]|TX|3355/11|
00000000|MMI|3.54|Disposition Domain|C1705555|[inpr]|["Disposition"-tx-39-"DISPOSITION"-noun-0]|TX|3355/11|
00000000|MMI|3.54|Healed|C0205249|[ftcn]|["Healing"-tx-34-"healing"-verb-0]|TX|2913/7|
00000000|MMI|3.54|History of present illness|C0262512|[orga]|["HISTORY OF PRESENT ILLNESS"-tx-8-"HISTORY OF PRESENT ILLNESS"-noun-0]|TX|340/26|
00000000|MMI|3.54|History of present illness:Finding:Point in time:^Patient:Nominal:Reported|C0488508|[clna]|["History of present illness"-tx-8-"HISTORY OF PRESENT ILLNESS"-noun-0]|TX|340/26|
00000000|MMI|3.54|Hospital course|C0489547|[fndg]|["Hospital course"-tx-19-"HOSPITAL COURSE"-noun-0]|TX|1489/15|
00000000|MMI|3.54|Hospital course:Finding:Point in time:^Patient:Narrative|C0488549|[clna]|["Hospital course"-tx-19-"HOSPITAL COURSE"-noun-0]|TX|1489/15|
00000000|MMI|3.54|Hypertension Adverse Event|C1963138|[fndg]|["Hypertension"-tx-4-"HYPERTENSION"-noun-0]|TX|150/12|
00000000|MMI|3.54|Injury wounds|C0043250|[inpo]|["WOUNDS"-tx-34-"wounds"-noun-0]|TX|2897/6|
00000000|MMI|3.54|Left internal mammary artery|C0447054|[bpoc]|["Left internal mammary artery"-tx-24-"left internal mammary artery"-noun-0]|TX|2036/28|
00000000|MMI|3.54|Mediastinal|C1522718|[spco]|["Mediastinal"-tx-30-"mediastinal"-adj-0]|TX|2589/11|
00000000|MMI|3.54|Medication.discharge|C0806915|[fndg]|["Discharge medications"-tx-39-"DISCHARGE MEDICATIONS"-noun-0]|TX|3368/21|
00000000|MMI|3.54|Operation Activity|C3241922|[acty]|["Operation"-tx-6-"OPERATION"-noun-0]|TX|245/9|
00000000|MMI|3.54|Operation, Not Otherwise Specified|C3828701|[acty]|["Operation, Not Otherwise Specified"-tx-6-"OPERATION"-noun-0]|TX|245/9|
00000000|MMI|3.54|Operative Surgical Procedures|C0543467|[hlca]|["Operation"-tx-6-"OPERATION"-noun-0]|TX|245/9|E04
00000000|MMI|3.54|Percocet|C0086787|[orch,phsu]|["Percocet"-tx-39-"Percocet"-noun-0]|TX|3505/8|
00000000|MMI|3.54|Performed|C0884358|[ftcn]|["Performed"-tx-20-"performed"-verb-0]|TX|1656/9|
00000000|MMI|3.54|Present|C0150312|[qnco]|["Found"-tx-22-"found"-verb-0]|TX|1874/5|
00000000|MMI|3.54|Probable diagnosis|C0332148|[qlco]|["Likely"-tx-38-"likely"-adv-0]|TX|3319/6|
00000000|MMI|3.54|Probably|C0750492|[idcn]|["Likely"-tx-38-"likely"-adv-0]|TX|3319/6|
00000000|MMI|3.54|Requirement|C1514873|[ftcn]|["Required"-tx-28-"required"-verb-0]|TX|2379/8|
00000000|MMI|3.54|Right internal mammary artery|C0500531|[bpoc]|["Right internal mammary artery"-tx-21-"right internal mammary artery"-noun-0]|TX|1671/29|
00000000|MMI|3.54|Severe (severity modifier)|C0205082|[qlco]|["Severely"-tx-16-"severely"-adv-0]|TX|1322/8|
00000000|MMI|3.54|Then|C1883708|[tmco]|["Then"-tx-13-"then"-adv-0]|TX|917/4|
00000000|MMI|3.54|Total abdominal hysterectomy|C0404079|[topp]|["Total Abdominal Hysterectomy"-tx-5-"TOTAL ABDOMINAL HYSTERECTOMY"-noun-0]|TX|179/28|
00000000|MMI|3.54|Two weeks|C4082118|[tmco]|["Two weeks"-tx-42-"two weeks"-noun-0]|TX|3689/9|
00000000|MMI|3.54|Wounds - qualifier|C0021501|[fndg]|["wounds"-tx-34-"wounds"-noun-0]|TX|2897/6|
00000000|MMI|2.86|Discharge to home|C0184713|[topp]|["Discharge to home"-tx-40-"discharged to home"-noun-0]|TX|3535/18|
00000000|MMI|2.72|Initiate (source type)|C1548602|[idcn]|["Initiate"-tx-31-"initiated"-verb-0]|TX|2693/9|
00000000|MMI|2.72|Initiation|C1704686|[ftcn]|["Initiate"-tx-31-"initiated"-verb-0]|TX|2693/9|
00000000|MMI|2.54|Coronary artery graft (morphologic abnormality)|C0440761|[bpoc]|["Coronary Artery Graft"-tx-23-"coronary artery graft"-noun-0]|TX|1927/21|
00000000|MMI|2.54|EKG ST segment changes|C0232326|[fndg]|["ST segment changes"-tx-10-"ST segment changes"-noun-1]|TX|684/18|
00000000|MMI|2.52|Normal sinus rhythm|C0232202|[fndg]|["NORMAL SINUS RHYTHM"-tx-33-"normal sinus rhythm"-noun-0]|TX|2804/19|
00000000|MMI|2.52|Private doctor|C0587704|[prog]|["Private Medical doctor"-tx-42-"private medical doctor"-noun-0]|TX|3639/22|
00000000|MMI|2.52|Expanding|C0205229|[spco]|["Expand"-tx-36-"expand"-verb-0]|TX|3127/6|
00000000|MMI|2.52|Geographic state|C1301808|[geoa]|["State"-tx-36-"state"-noun-0]|TX|3044/5|
00000000|MMI|2.52|Pressure (finding)|C0460139|[fndg]|["pressures"-tx-17-"pressures"-noun-0]|TX|1382/9|
00000000|MMI|2.52|Regulatory Report|C3273238|[inpr]|["Report"-tx-46-"Report"-noun-0]|TX|3866/6|
00000000|MMI|2.52|Report (document)|C0684224|[inpr]|["Report"-tx-46-"Report"-noun-0]|TX|3866/6|
00000000|MMI|2.52|Reporting|C0700287|[hlca]|["Report"-tx-46-"Report"-noun-0]|TX|3866/6|
00000000|MMI|2.52|Respiratory Domain|C2986904|[idcn]|["RE"-tx-36-"re"-verb-0]|TX|3124/2|
00000000|MMI|2.52|Retinol equivalents|C0556581|[qnco]|["{RE}"-tx-36-"re"-verb-0]|TX|3124/2|
00000000|MMI|2.52|Scientific Study|C0947630|[lbpr]|["studies"-tx-11-"studies"-noun-0]|TX|723/7|
00000000|MMI|2.52|Specimen Source Codes - Tube|C1547937|[inpr]|["Tubes"-tx-30-"tubes"-noun-0]|TX|2613/5|
00000000|MMI|2.52|State|C1442792|[ftcn]|["State"-tx-36-"state"-noun-0]|TX|3044/5|
00000000|MMI|2.52|Tube - unit dose|C1704474|[qnco]|["Tubes"-tx-30-"tubes"-noun-0]|TX|2613/5|
00000000|MMI|2.52|US State|C3148680|[geoa]|["State"-tx-36-"state"-noun-0]|TX|3044/5|
00000000|MMI|2.52|biomedical tube device|C0175730|[medd]|["tubes"-tx-30-"tubes"-noun-0]|TX|2613/5|
00000000|MMI|2.51|Cardiac intensive care unit|C0587446|[hcro,mnob]|["Cardiac intensive care unit"-tx-26-"Cardiac Intensive Care Unit"-noun-0]|TX|2231/27|
00000000|MMI|2.47|General Anesthesia [PE]|C2930406|[phsf]|["General Anesthesia"-tx-20-"general anesthesia"-noun-0]|TX|1576/7,1597/10|
00000000|MMI|2.47|Batch (Response Modality)|C1550176|[inpr]|["Batch"-tx-46-"Batch"-noun-0]|TX|3854/5|
00000000|MMI|2.47|Batch (group)|C1948031|[qnco]|["Batch"-tx-46-"Batch"-noun-0]|TX|3854/5|
00000000|MMI|2.47|Batch Number|C3641829|[inpr]|["BATCH"-tx-46-"Batch"-noun-0]|TX|3854/5|
00000000|MMI|2.47|Collapse (finding)|C0344329|[fndg]|["Collapse"-tx-35-"collapse"-noun-0]|TX|3010/8|
00000000|MMI|2.47|Collapse (morphologic abnormality)|C0332521|[phpr]|["Collapse"-tx-35-"collapse"-noun-0]|TX|3010/8|
00000000|MMI|2.47|Collapse of Medical Device or Device Component|C1880118|[phpr]|["Collapse"-tx-35-"collapse"-noun-0]|TX|3010/8|
00000000|MMI|2.47|Diagnosis Study|C1704656|[resa]|["DIAGNOSIS"-tx-1-"DIAGNOSIS"-noun-0]|TX|26/9|
00000000|MMI|2.47|One day|C3844320|[fndg]|["One day"-tx-37-"one day"-noun-0]|TX|3183/7|
00000000|MMI|2.47|Patient location type - Operating Room|C1578465|[spco]|["Operating Room"-tx-19-"Operating Room"-noun-0]|TX|1535/14|
00000000|MMI|2.46|Saphenous vein graft|C0729538|[bpoc]|["SAPHENOUS VEIN GRAFT"-tx-21-"saphenous vein graft"-noun-0]|TX|1746/20|
00000000|MMI|2.46|Three times daily|C0556984|[tmco]|["TID"-tx-39-"tid"-noun-0]|TX|3490/3|
00000000|MMI|2.46|three times a day at institution-specified times|C1610169|[tmco]|["TID"-tx-39-"tid"-noun-0]|TX|3490/3|
00000000|MMI|2.46|Stricture of artery|C0038449|[patf]|["Stenosis of artery"-tx-14-"stenosis of artery"-noun-0]|TX|1043/11,1074/6|
00000000|MMI|2.45|Endotracheal Route of Drug Administration|C1522653|[ftcn]|["ENDOTRACHEAL"-tx-20-"endotracheal"-noun-0]|TX|1584/12|
00000000|MMI|2.45|General medical service|C3812897|[hlca]|["General"-tx-20-"general"-noun-0]|TX|1576/7|
00000000|MMI|2.45|Generalized|C0205246|[spco]|["General"-tx-20-"general"-noun-0]|TX|1576/7|
00000000|MMI|2.45|Safety Reporting Documentation|C3891294|[inpr]|["General"-tx-20-"general"-noun-0]|TX|1576/7|
00000000|MMI|2.45|Three|C0205449|[qnco]|["Three"-tx-20-"three"-word_numeral-0]|TX|1646/5|
00000000|MMI|2.45|Times|C1632851|[qnco]|["Times"-tx-20-"times"-noun-0]|TX|1640/5|
00000000|MMI|2.45|endotracheal|C0599554|[spco]|["Endotracheal"-tx-20-"endotracheal"-noun-0]|TX|1584/12|
00000000|MMI|2.45|Cardiologist|C0175906|[prog]|["Cardiologist"-tx-42-"cardiologist"-noun-0]|TX|3666/12|
00000000|MMI|2.45|Checking (action)|C1283174|[acty]|["Check"-tx-43-"check"-verb-0]|TX|3753/5|
00000000|MMI|2.45|Akinetic|C0233568|[ftcn]|["Akinetic"-tx-15-"akinesis"-noun-0]|TX|1302/8|
00000000|MMI|2.44|Does pull|C0580846|[fndg]|["pulled"-tx-30-"pulled"-verb-1]|TX|2629/6|
00000000|MMI|2.44|Event Seriousness - Significant|C1546944|[qlco]|["Significant"-tx-30-"significant"-adj-0]|TX|2644/11|
00000000|MMI|2.44|Incident|C1551358|[idcn]|["Incident"-tx-30-"incident"-noun-0]|TX|2656/8|
00000000|MMI|2.44|Significant|C0750502|[idcn]|["Significant"-tx-30-"significant"-adj-0]|TX|2644/11|
00000000|MMI|2.44|Statistical Significance|C0237881|[qnco]|["significant"-tx-30-"significant"-adj-0]|TX|2644/11|
00000000|MMI|2.43|Alveolar ventilation function|C0231940|[ortf]|["oxygenation"-tx-36-"oxygenation"-noun-0]|TX|3059/11|
00000000|MMI|2.43|Month of May|C3812381|[tmco]|["May"-tx-38-"May"-noun-0]|TX|3349/3|
00000000|MMI|2.43|Obstructive Ureterocele|C4049883|[dsyn]|["Stenotic"-tx-23-"stenotic"-adj-0]|TX|2008/8|
00000000|MMI|2.43|Part|C0449719|[spco]|["Portion"-tx-11-"portion"-noun-0]|TX|783/7|
00000000|MMI|2.43|Physiological reperfusion|C0684253|[biof]|["reperfusion"-tx-12-"reperfusion"-noun-0]|TX|850/11|
00000000|MMI|2.43|Stenosed|C0333181|[ftcn]|["Stenotic"-tx-23-"stenotic"-adj-0]|TX|2008/8|
00000000|MMI|2.43|Time (foundation metadata concept)|C3541383|[tmco]|["Time"-tx-37-"time"-noun-0]|TX|3163/4|
00000000|MMI|2.43|Transplanted|C0700106|[ftcn]|["Grafted"-tx-21-"grafted"-verb-0]|TX|1705/7|
00000000|MMI|2.43|dictated - DocumentCompletion|C1609990|[idcn]|["Dictated"-tx-46-"Dictated"-noun-0]|TX|3894/8|
00000000|MMI|2.43|dictated - ParticipationMode|C1548384|[ftcn]|["dictated"-tx-46-"Dictated"-noun-0]|TX|3894/8|
00000000|MMI|2.43|Post|C0687676|[tmco]|["Status Post"-tx-8-"status post"-prep-0]|TX|416/11|
00000000|MMI|2.43|Status post|C0231290|[tmco]|["Status post"-tx-8-"status post"-prep-0]|TX|416/11|
00000000|MMI|2.43|Daily|C0332173|[tmco]|["/day"-tx-30-"day"-noun-0]|TX|2577/3|
00000000|MMI|2.43|day|C0439228|[tmco]|["DAY"-tx-30-"day"-noun-0]|TX|2577/3|
00000000|MMI|2.43|per day|C0439505|[tmco]|["/day"-tx-30-"day"-noun-0]|TX|2577/3|
00000000|MMI|2.42|Presentation|C0449450|[idcn]|["Presented"-tx-18-"presented"-verb-0]|TX|1437/9|
00000000|MMI|2.42|Rhythm|C0871269|[fndg]|["Rhythm"-tx-26-"rhythm"-noun-0]|TX|2269/6|
00000000|MMI|2.42|Rhythm Not Otherwise Specified ECG Assessment|C3828331|[inpr]|["Rhythm Not Otherwise Specified"-tx-26-"rhythm"-noun-0]|TX|2269/6|
00000000|MMI|2.42|rhythmic process (biological)|C1523018|[phsf]|["rhythm"-tx-26-"rhythm"-noun-0]|TX|2269/6|
00000000|MMI|2.42|site-specific telomere resolvase activity|C1622890|[moft]|["ResT"-tx-32-"rest"-noun-0]|TX|2727/4|
00000000|MMI|2.42|Two|C0205448|[qnco]|["Two"-tx-8-"two"-adj-0]|TX|474/3|
00000000|MMI|2.42|month|C0439231|[tmco]|["MONTHS"-tx-9-"months"-noun-0]|TX|574/6|
00000000|MMI|2.41|Right coronary artery structure|C1261316|[bpoc]|["Right Coronary Artery"-tx-23-"right coronary artery"-noun-0]|TX|1921/21|
00000000|MMI|2.39|Anterior|C0205094|[ftcn]|["ANTERIOR"-tx-15-"anterior"-adj-0]|TX|1250/8|
00000000|MMI|2.39|Inferior|C0542339|[spco]|["INFERIOR"-tx-15-"inferior"-adj-0]|TX|1293/8|
00000000|MMI|2.39|Pleural|C1522720|[spco]|["Pleural"-tx-30-"pleural"-adj-0]|TX|2605/7|
00000000|MMI|2.39|Pulmonary (qualifier value)|C2709248|[qlco]|["Pulmonary"-tx-17-"pulmonary"-adj-0]|TX|1372/9|
00000000|MMI|2.39|Pulmonary:-:Point in time:^Patient:-|C2707265|[clna]|["Pulmonary"-tx-17-"pulmonary"-adj-0]|TX|1372/9|
00000000|MMI|2.39|inferiority|C0678975|[socb]|["inferior"-tx-15-"inferior"-adj-0]|TX|1293/8|
00000000|MMI|2.38|Postoperative myocardial infarction|C0589368|[dsyn]|["Postoperative myocardial infarction"-tx-29-"postoperative myocardial infarction"-noun-1]|TX|2473/35|
00000000|MMI|2.38|Cardiac - anatomy qualifier|C1522601|[spco]|["Cardiac"-tx-22-"cardiac"-adj-0]|TX|1894/7|
00000000|MMI|2.38|Dense|C0439794|[qlco]|["Dense"-tx-22-"dense"-adj-0]|TX|1888/5|
00000000|MMI|2.38|Low-Dose Aspirin|C2608320|[orch,phsu]|["Baby Aspirin"-tx-39-"baby aspirin"-noun-0]|TX|3415/12|
00000000|MMI|2.38|Treadmill (physical activity)|C2712999|[dora]|["Treadmill"-tx-10-"treadmill"-noun-0]|TX|638/9|
00000000|MMI|2.38|Treadmill, device|C0184069|[mnob]|["Treadmill"-tx-10-"treadmill"-noun-0]|TX|638/9|
00000000|MMI|2.37|Before|C0332152|[tmco]|["Prior to"-tx-37-"prior to"-prep-0]|TX|3191/8|
00000000|MMI|2.37|Room air|C3846005|[fndg]|["Room air"-tx-36-"room air"-noun-0]|TX|3074/8|
00000000|MMI|2.36|African race|C0027567|[popg]|["Black"-tx-8-"black"-adj-0]|TX|397/5|
00000000|MMI|2.36|Black color|C0439541|[qlco]|["Black"-tx-8-"black"-adj-0]|TX|397/5|
00000000|MMI|2.36|Black race|C0005680|[popg]|["Black"-tx-8-"black"-adj-0]|TX|397/5|
00000000|MMI|2.36|Diagnostic|C0348026|[ftcn]|["Diagnostic"-tx-10-"diagnostic"-adj-0]|TX|673/10|
00000000|MMI|2.36|Right|C0205090|[spco]|["RIGHT"-tx-23-"right"-noun-0]|TX|1921/5|
00000000|MMI|2.36|Right sided|C0444532|[spco]|["Right"-tx-23-"right"-noun-0]|TX|1921/5|
00000000|MMI|2.36|diagnostic procedure|C0430022|[diap]|["Diagnostic"-tx-10-"diagnostic"-adj-0]|TX|673/10|
00000000|MMI|2.36|per year|C0439508|[tmco]|["/Year"-tx-8-"year"-noun-0]|TX|388/4|
00000000|MMI|2.36|50%|C3842586|[fndg]|["50%"-tx-39-"50"-integer-0]|TX|3400/2|
00000000|MMI|2.36|<50|C3843766|[fndg]|["<50"-tx-39-"50"-integer-0]|TX|3400/2|
00000000|MMI|2.36|Magnesium Cation|C2346927|[elii,phsu]|["Mg++"-tx-39-"mg"-noun-0]|TX|3484/2|
00000000|MMI|2.36|Milligram percent|C1960952|[qnco]|["mg %"-tx-39-"mg"-noun-0]|TX|3484/2|
00000000|MMI|2.36|mg/dL|C0439269|[qnco]|["mg%"-tx-39-"mg"-noun-0]|TX|3484/2|
00000000|MMI|2.35|Structure of lower lobe of lung|C0225758|[bpoc]|["Lower Lobe"-tx-37-"lower lobe"-noun-0]|TX|3283/10|
00000000|MMI|2.35|Taking vital signs|C0150404|[hlca]|["Vital signs"-tx-26-"vital signs"-noun-0]|TX|2288/11|
00000000|MMI|2.35|Retrosternal pain|C0151826|[sosy]|["Chest pain, substernal"-tx-9-"substernal chest pain"-noun-0]|TX|533/21|
00000000|MMI|2.35|Right side of heart|C0225808|[blor]|["Right coronary"-tx-14-"right coronary"-noun-0]|TX|1059/14|
00000000|MMI|2.35|4+ Answer to question|C3838679|[fndg]|["4+"-tx-46-"4"-fraction-0]|TX|3886/1|
00000000|MMI|2.35|Abnormally high|C1299351|[qlco]|["High"-tx-12-"high"-adj-0]|TX|869/4|
00000000|MMI|2.35|Beginning|C0439659|[tmco]|["Origin"-tx-23-"origin"-noun-0]|TX|2024/6|
00000000|MMI|2.35|Cell septum|C1327729|[celc]|["septum"-tx-11-"septum"-noun-0]|TX|798/6|
00000000|MMI|2.35|Circumflex|C1880089|[spco]|["Circumflex"-tx-14-"circumflex"-noun-0]|TX|1196/10|
00000000|MMI|2.35|Concept Status - Proposed|C1553874|[qlco]|["Proposed"-tx-37-"proposed"-adj-0]|TX|3200/8|
00000000|MMI|2.35|Edit Status - Proposed|C1578820|[qlco]|["Proposed"-tx-37-"proposed"-adj-0]|TX|3200/8|
00000000|MMI|2.35|High|C0205250|[qlco]|["High"-tx-12-"high"-adj-0]|TX|869/4|
00000000|MMI|2.35|High Mitosis-Karyorrhexis Index|C3889660|[qnco]|["High"-tx-12-"high"-adj-0]|TX|869/4|
00000000|MMI|2.35|Highest|C1522410|[qlco]|["Apex"-tx-11-"apex"-noun-0]|TX|767/4|
00000000|MMI|2.35|National origin|C0079946|[clas]|["origin"-tx-23-"origin"-noun-0]|TX|2024/6|
00000000|MMI|2.35|Order (action)|C1705178|[acty]|["Order"-tx-36-"order"-noun-0]|TX|3115/5|
00000000|MMI|2.35|Order (arrangement)|C1705176|[qlco]|["Order"-tx-36-"order"-noun-0]|TX|3115/5|
00000000|MMI|2.35|Order (document)|C1705175|[inpr]|["Order"-tx-36-"order"-noun-0]|TX|3115/5|
00000000|MMI|2.35|Order (taxonomic)|C1705177|[clas]|["Order"-tx-36-"order"-noun-0]|TX|3115/5|
00000000|MMI|2.35|Participation Type - origin|C1550512|[inpr]|["origin"-tx-23-"origin"-noun-0]|TX|2024/6|
00000000|MMI|2.35|Permutation|C1882348|[qlco]|["Order"-tx-36-"order"-noun-0]|TX|3115/5|
00000000|MMI|2.35|Septal|C0442004|[spco]|["Septal"-tx-12-"septal"-adj-0]|TX|874/6|
00000000|MMI|2.35|Septum - general anatomical term|C2362924|[clas]|["Septum"-tx-11-"septum"-noun-0]|TX|798/6|
00000000|MMI|2.35|Sequence of Planned Assessment Schedule|C3889825|[inpr]|["ORDER"-tx-36-"order"-noun-0]|TX|3115/5|
00000000|MMI|2.35|Upper|C1282910|[spco]|["SUPERIOR"-tx-11-"superior"-adj-0]|TX|774/8|
00000000|MMI|2.35|Value Above Reference Range|C2700149|[inpr]|["HIGH"-tx-12-"high"-adj-0]|TX|869/4|
00000000|MMI|2.35|dinoflagellate apex|C3890171|[celc]|["apex"-tx-11-"apex"-noun-0]|TX|767/4|
00000000|MMI|2.35|high - ActExposureLevelCode|C3887512|[idcn]|["high"-tx-12-"high"-adj-0]|TX|869/4|
00000000|MMI|2.34|Act Relationship Subset - previous|C1552607|[tmco]|["previous"-tx-13-"previous"-adj-0]|TX|995/8|
00000000|MMI|2.34|Bypass Surgery|C1536078|[topp]|["Bypass Surgery"-tx-9-"bypass surgery"-noun-0]|TX|591/14|
00000000|MMI|2.34|Previous|C0205156|[tmco]|["Previous"-tx-13-"previous"-adj-0]|TX|995/8|
00000000|MMI|2.34|80%|C3842583|[fndg]|["80%"-tx-14-"80"-percentage-0]|TX|1083/2|
00000000|MMI|2.34|90%|C3842582|[fndg]|["90%"-tx-14-"90"-percentage-0]|TX|1130/2|
00000000|MMI|2.34|<90|C0439087|[qnco]|["<90"-tx-14-"90"-percentage-0]|TX|1130/2|
00000000|MMI|2.34|>90|C0439083|[qnco]|[">90"-tx-14-"90"-percentage-0]|TX|1130/2|
00000000|MMI|2.34|Admission Level of Care Code - Improved|C1561611|[inpr]|["Improved"-tx-37-"improved"-adj-0]|TX|3257/8|
00000000|MMI|2.34|Better|C0332272|[qlco]|["Improved"-tx-37-"improved"-adj-0]|TX|3257/8|
00000000|MMI|2.34|Five|C0205451|[qnco]|["Five"-tx