00000000|MMI|92.88|Angina, Unstable|C0002965|[dsyn]|["Angina, Unstable"-tx-5-"unstable angina"-noun-0,"Angina, Unstable"-tx-4-"unstable angina"-noun-0,"Angina, Unstable"-tx-1-"UNSTABLE ANGINA"-noun-0]|TX|666/15;526/15;[200/15],[237/15]|C10.597.617.192.500.150;C14.280.647.187.150;C14.907.585.187.150;C23.888.592.612.233.500.150
00000000|MMI|67.52|Dominican Republic|C0013014|[geoa]|["DR"-tx-23-"Dr"-noun-0,"DR"-tx-21-"Dr"-noun-0,"DR"-tx-2-"DR"-noun-0,"DR"-tx-1-"DR"-noun-0]|TX|2271/2;2043/2;371/2;327/2|Z01.107.084.900.300;Z01.639.880.300
00000000|MMI|64.89|Patients|C0030705|[podg]|["*^patient"-tx-25-"patient"-noun-0,"*^patient"-tx-24-"patient"-noun-0,"*^patient"-tx-23-"patient"-noun-0,"*^patient"-tx-20-"patient"-noun-0,"*^patient"-tx-19-"patient"-noun-0,"*^patient"-tx-18-"patient"-noun-0,"*^patient"-tx-16-"patient"-noun-0]|TX|2449/7;2316/7;2244/7;1953/7;1844/7;1727/7;1570/7|M01.643
00000000|MMI|54.52|Physicians|C0031831|[prog]|["DR"-tx-23-"Dr"-noun-0,"DR"-tx-21-"Dr"-noun-0,"DR"-tx-2-"DR"-noun-0,"DR"-tx-1-"DR"-noun-0]|TX|2271/2;2043/2;371/2;327/2|M01.526.485.810;N02.360.810
00000000|MMI|49.21|Sternum|C0038293|[bpoc]|["Sternal"-tx-18-"sternal"-adj-0,"STERNUM"-tx-17-"sternum"-noun-0,"Sternal"-tx-2-"STERNAL"-adj-0]|TX|1822/7;1687/7;349/7|A02.835.232.904.766
00000000|MMI|40.34|Abortion consent:Finding:Point in time:^Patient:Document|C2360836|[clna]|["Patient"-tx-25-"patient"-noun-0,"Patient"-tx-24-"patient"-noun-0,"Patient"-tx-23-"patient"-noun-0,"Patient"-tx-20-"patient"-noun-0,"Patient"-tx-19-"patient"-noun-0,"Patient"-tx-18-"patient"-noun-0,"Patient"-tx-16-"patient"-noun-0]|TX|2449/7;2316/7;2244/7;1953/7;1844/7;1727/7;1570/7|
00000000|MMI|40.34|Hysterectomy consent:Finding:Point in time:^Patient:Document|C2360838|[clna]|["Patient"-tx-25-"patient"-noun-0,"Patient"-tx-24-"patient"-noun-0,"Patient"-tx-23-"patient"-noun-0,"Patient"-tx-20-"patient"-noun-0,"Patient"-tx-19-"patient"-noun-0,"Patient"-tx-18-"patient"-noun-0,"Patient"-tx-16-"patient"-noun-0]|TX|2449/7;2316/7;2244/7;1953/7;1844/7;1727/7;1570/7|
00000000|MMI|40.34|Sterilization consent:Finding:Point in time:^Patient:Document|C2360840|[clna]|["Patient"-tx-25-"patient"-noun-0,"Patient"-tx-24-"patient"-noun-0,"Patient"-tx-23-"patient"-noun-0,"Patient"-tx-20-"patient"-noun-0,"Patient"-tx-19-"patient"-noun-0,"Patient"-tx-18-"patient"-noun-0,"Patient"-tx-16-"patient"-noun-0]|TX|2449/7;2316/7;2244/7;1953/7;1844/7;1727/7;1570/7|
00000000|MMI|39.02|Rectal Route of Drug Administration|C1527425|[ftcn]|["Per Rectum"-tx-32-"per rectum"-adv-0,"Per Rectum"-tx-22-"per rectum"-adv-0]|TX|2745/10;2216/10|E02.319.267.120.655.750
00000000|MMI|38.80|Lopressor|C0700776|[orch,phsu]|["Lopressor"-tx-27-"Lopressor"-noun-0,"Lopressor"-tx-10-"Lopressor"-noun-0]|TX|2574/9;1227/9|D02.033.100.624.698.573;D02.033.755.624.698.573;D02.092.063.624.698.573
00000000|MMI|35.81|Togo|C0040363|[geoa]|["TO"-tx-24-"to"-adv-0,"TO"-tx-20-"to"-adv-0]|TX|2356/2;1975/2|Z01.058.290.190.800
00000000|MMI|35.81|Tryptophanase|C0041260|[aapp,enzy]|["TO"-tx-24-"to"-adv-0,"TO"-tx-20-"to"-adv-0]|TX|2356/2;1975/2|D08.811.520.224.800
00000000|MMI|33.22|Coronary Artery Bypass Surgery|C0010055|[topp]|["Coronary Artery Bypass Grafting"-tx-15-"coronary artery bypass grafting"-noun-0,"Coronary Artery Bypass Grafting"-tx-1-"CORONARY ARTERY BYPASS GRAFTING"-noun-0]|TX|1533/31;276/31|E04.100.376.719.332;E04.100.814.868.750;E04.928.220.520.220
00000000|MMI|32.94|Rectal Prolapse|C0034888|[dsyn]|["RECTAL PROLAPSE"-tx-24-"rectal prolapse"-noun-1,"RECTAL PROLAPSE"-tx-20-"rectal prolapse"-noun-0]|TX|2415/15;1918/15|C06.405.469.860.800;C23.300.842.624.500
00000000|MMI|32.51|Metamucil|C0025559|[orch,phsu]|["Metamucil"-tx-31-"Metamucil"-noun-0,"Metamucil"-tx-22-"Metamucil"-noun-0]|TX|2685/9;2168/9|D20.215.784.500.720
00000000|MMI|32.32|Glyburide|C0017628|[orch,phsu]|["GLYBURIDE"-tx-26-"Glyburide"-noun-0,"GLYBURIDE"-tx-11-"glyburide"-noun-0]|TX|2543/9;1285/9|D02.886.590.795.575;D02.948.828.575
00000000|MMI|28.69|Ecotrin|C0699274|[orch,phsu]|["Ecotrin"-tx-28-"Ecotrin"-noun-0]|TX|2605/7|D02.455.426.559.389.657.410.595.176
00000000|MMI|26.13|Operating Room|C0029064|[hcro,mnob]|["OPERATING ROOM"-tx-18-"operating room"-noun-0,"OPERATING ROOM"-tx-15-"operating room"-noun-0]|TX|1757/14;1457/14|N02.278.388.700
00000000|MMI|23.73|milligram/day|C0439422|[qnco]|["mg/d"-tx-29-"mg d"-noun-0,"mg/d"-tx-28-"mg d"-noun-0,"mg/d"-tx-27-"mg d"-noun-0,"mg/d"-tx-26-"mg d"-noun-0,"mg/d"-tx-11-"mg d"-noun-0,"mg/d"-tx-10-"mg d"-noun-0]|TX|2643/2,2655/1;2617/2,2629/1;2587/2,2600/1;2557/2,2569/1;1299/2,1311/1;1241/2,1253/1|
00000000|MMI|22.49|colonoscopy|C0009378|[diap]|["Colonoscopy"-tx-24-"colonoscopy"-noun-0]|TX|2344/11|E01.370.372.250.250.200;E01.370.388.250.250.250.160;E04.210.240.250.160;E04.502.250.250.250.160
00000000|MMI|20.95|Colace|C0282139|[orch,phsu]|["Colace"-tx-22-"Colace"-noun-0]|TX|2180/6|D02.241.081.337.759.249
00000000|MMI|20.95|Isordil|C0590720|[orch,phsu]|["Isordil"-tx-9-"Isordil"-noun-0]|TX|1170/7|D02.033.800.813.480.500;D09.853.813.480.500
00000000|MMI|19.36|Hydrocortisone|C0020268|[horm,orch,phsu]|["HC"-tx-32-"HC"-noun-0]|TX|2726/2|D04.808.745.745.654.600;D06.472.040.585.353.476;D06.472.040.585.478.392
00000000|MMI|19.23|Lasix|C0699992|[orch,phsu]|["Lasix"-tx-29-"Lasix"-noun-0]|TX|2634/5|D02.065.884.725.300;D02.092.146.807.300;D02.886.590.700.725.300
00000000|MMI|19.22|Hypercholesterolemia|C0020443|[dsyn]|["HYPERCHOLESTEROLEMIA"-tx-7-"hypercholesterolemia"-noun-0]|TX|913/20|C18.452.584.500.500.396
00000000|MMI|19.21|Patient Discharge|C0030685|[hlca]|["Discharge"-tx-22-"discharge"-noun-0]|TX|2106/9|E02.204.125;E02.760.400.610;N02.421.192.125;N02.421.585.400.610;N04.590.233.727.210.125
00000000|MMI|18.28|70%|C3842584|[fndg]|["70%"-tx-7-"70's"-noun-0,"70%"-tx-6-"70"-percentage-0]|TX|998/4;[810/2],[820/2],[830/2],[840/2]|
00000000|MMI|17.80|Cardiac Catheterization Procedures|C0018795|[hlca]|["Cardiac catheterisation"-tx-6-"Cardiac catheterization"-noun-0]|TX|739/23|E01.370.370.380.140;E02.148.442;E05.157.250
00000000|MMI|17.80|Diabetes Mellitus, Non-Insulin-Dependent|C0011860|[dsyn]|["Noninsulin Dependent Diabetes"-tx-7-"non-insulin dependent diabetes"-noun-0]|TX|1005/30|C18.452.394.750.149;C19.246.300
00000000|MMI|17.80|Hemorrhoids|C0019112|[dsyn]|["Haemorrhoid"-tx-20-"hemorrhoid"-noun-0]|TX|1903/10|C06.405.469.860.401;C14.907.449
00000000|MMI|17.80|Inferior Wall Myocardial Infarction|C0340305|[dsyn]|["Inferior Myocardial Infarction"-tx-5-"inferior myocardial infarction"-noun-0]|TX|610/30|C14.280.647.500.187;C14.907.585.500.187
00000000|MMI|16.30|Patent ductus arteriosus|C0013274|[cgab]|["PDA"-tx-6-"PDA"-noun-0]|TX|824/3|C14.240.400.340;C14.280.400.340;C16.131.240.400.340
00000000|MMI|16.26|Pulmonary Embolism|C0034065|[dsyn]|["PULMONARY EMBOLISM"-tx-7-"pulmonary embolism"-noun-0]|TX|936/18|C08.381.746;C14.907.355.350.700
00000000|MMI|16.12|Postoperative Period|C0032790|[tmco]|["Postoperative"-tx-17-"postoperative"-adj-0]|TX|1612/13|E04.614.750;N02.421.585.753.750
00000000|MMI|16.09|Latvia|C0023128|[geoa]|["LV"-tx-5-"LV"-noun-0]|TX|689/2|Z01.542.248.136.560;Z01.586.950.140.560
00000000|MMI|16.07|Echocardiography|C0013516|[diap]|["ECHOCARDIOGRAM"-tx-5-"echocardiogram"-noun-0]|TX|578/14|E01.370.350.130.750;E01.370.350.850.220;E01.370.370.380.220
00000000|MMI|16.07|Nitroglycerin|C0017887|[orch,phsu]|["nitroglycerine"-tx-11-"nitroglycerin"-noun-0]|TX|1258/13|D02.033.800.421.560;D02.640.636
00000000|MMI|16.07|Sublingual Route of Drug Administration|C0001565|[ftcn]|["SUBLINGUAL"-tx-11-"sublingual"-adj-0]|TX|1272/10|E02.319.267.100.878
00000000|MMI|15.51|Delayed Release Dosage Form|C1707664|[bodm]|["DR"-tx-23-"Dr"-noun-0,"DR"-tx-21-"Dr"-noun-0,"DR"-tx-2-"DR"-noun-0,"DR"-tx-1-"DR"-noun-0]|TX|2271/2;2043/2;371/2;327/2|
00000000|MMI|15.51|Device to Subject Relationship Domain|C3540849|[inpr]|["DR"-tx-23-"Dr"-noun-0,"DR"-tx-21-"Dr"-noun-0,"DR"-tx-2-"DR"-noun-0,"DR"-tx-1-"DR"-noun-0]|TX|2271/2;2043/2;371/2;327/2|
00000000|MMI|15.51|Doctor - Title|C2348314|[cnce]|["Dr."-tx-23-"Dr"-noun-0,"Dr."-tx-21-"Dr"-noun-0,"Dr."-tx-2-"DR"-noun-0,"Dr."-tx-1-"DR"-noun-0]|TX|2271/2;2043/2;371/2;327/2|
00000000|MMI|14.64|Consultation|C0009818|[hlca]|["Consult"-tx-21-"consult"-verb-0]|TX|2014/7|N04.452.758.849
00000000|MMI|14.64|Etiology|C1314792|[ftcn]|["Causes"-tx-9-"causes"-verb-0]|TX|1186/6|N05.715.350.200;N06.850.490.625
00000000|MMI|14.64|Family|C0015576|[famg]|["Family"-tx-25-"family"-noun-0]|TX|2490/6|F01.829.263;I01.880.853.150
00000000|MMI|14.64|General surgery specialty|C1274039|[bmod]|["General Surgery"-tx-21-"General Surgery"-noun-0]|TX|1998/15|H02.403.810.300
00000000|MMI|14.64|Nausea|C0027497|[sosy]|["NAUSEA"-tx-9-"nausea"-noun-0]|TX|1193/6|C23.888.821.712
00000000|MMI|13.48|Blood Vessel|C0005847|[bpoc]|["Vessel"-tx-15-"vessel"-adj-0,"Vessel"-tx-1-"VESSEL"-adj-0]|TX|1526/6;315/6|A07.231
00000000|MMI|13.31|Heart|C0018787|[bpoc]|["Cardiac"-tx-19-"cardiac"-adj-0,"Cardiac"-tx-5-"Cardiac"-adj-0]|TX|1875/7;543/7|A07.541
00000000|MMI|11.49|Etiology aspects|C0015127|[ftcn]|["causes"-tx-9-"causes"-verb-0]|TX|1186/6|x.x.x
00000000|MMI|11.49|polyps|C0032584|[anab]|["POLYP"-tx-24-"polyp"-noun-1]|TX|2386/5|C23.300.825
00000000|MMI|11.49|utilization qualifier|C0042153|[ftcn]|["use"-tx-20-"use"-verb-0]|TX|1978/3|x.x.x
00000000|MMI|10.55|Left|C0205091|[spco]|["LEFT"-tx-8-"left"-adj-0,"LEFT"-tx-7-"left"-adj-0,"LEFT"-tx-6-"left"-adj-0]|TX|1134/4;1067/4;858/4|
00000000|MMI|10.55|Left sided|C0443246|[spco]|["Left"-tx-8-"left"-adj-0,"Left"-tx-7-"left"-adj-0,"Left"-tx-6-"left"-adj-0]|TX|1134/4;1067/4;858/4|
00000000|MMI|10.55|Table Cell Horizontal Align - left|C1552822|[ftcn]|["left"-tx-8-"left"-adj-0,"left"-tx-7-"left"-adj-0,"left"-tx-6-"left"-adj-0]|TX|1134/4;1067/4;858/4|
00000000|MMI|10.53|20%|C3842589|[fndg]|["20%"-tx-30-"20"-integer-0,"20%"-tx-29-"20"-integer-0,"20%"-tx-1-"20"-fraction-0]|TX|2664/2;2640/2;120/2|
00000000|MMI|10.42|Doctor of Medicine|C1512018|[inpr]|["M.D."-tx-37-"M.D"-noun-0,"M.D."-tx-35-"M.D"-noun-0]|TX|2888/3;2847/3|
00000000|MMI|10.42|MRC1 gene|C1417249|[gngm]|["MR"-tx-13-"Mr"-noun-0,"MR"-tx-3-"Mr"-noun-0]|TX|1369/2;427/2|
00000000|MMI|10.42|Minor Response|C4050513|[fndg]|["MR"-tx-13-"Mr"-noun-0,"MR"-tx-3-"Mr"-noun-0]|TX|1369/2;427/2|
00000000|MMI|10.42|Mr. - Title|C2347167|[cnce]|["Mr."-tx-13-"Mr"-noun-0,"Mr."-tx-3-"Mr"-noun-0]|TX|1369/2;427/2|
00000000|MMI|10.42|Revealed|C0443289|[qlco]|["reveals"-tx-6-"reveals"-verb-0,"Revealed"-tx-5-"revealed"-verb-0]|TX|763/7;601/8|
00000000|MMI|10.42|To|C1883351|[qlco]|["To"-tx-24-"to"-adv-0,"To"-tx-20-"to"-adv-0]|TX|2356/2;1975/2|
00000000|MMI|10.06|Shoulder Fractures|C0037006|[inpo]|["Shoulder Fracture"-tx-7-"shoulder fracture"-noun-1]|TX|1072/17|C26.088.749;C26.404.625
00000000|MMI|9.99|Historical aspects qualifier|C0019665|[ftcn]|["history"-tx-5-"history"-noun-0]|TX|551/7|x.x.x
00000000|MMI|9.90|Pessaries|C0031246|[medd]|["Suppository"-tx-32-"suppository"-noun-0]|TX|2733/11|E07.858.499
00000000|MMI|9.90|Suppository|C0038854|[bodm]|["SUPPOSITORY"-tx-32-"suppository"-noun-0]|TX|2733/11|D26.255.785
00000000|MMI|9.87|Back|C0004600|[blor]|["BACK"-tx-18-"back"-adj-0]|TX|1745/4|A01.923.176
00000000|MMI|9.87|Disease|C0012634|[dsyn]|["Disease"-tx-7-"disease"-noun-0]|TX|983/7|C23.550.288
00000000|MMI|8.34|Hypersensitivity|C0020517|[patf]|["Allergies"-tx-9-"ALLERGIES"-noun-0]|TX|1159/9|C20.543
00000000|MMI|7.70|Medical History|C0262926|[fndg]|["Past Medical History"-tx-7-"PAST MEDICAL HISTORY"-noun-0,"History"-tx-5-"history"-noun-0]|TX|875/20;551/7|
00000000|MMI|7.64|Sitz Baths|C1145639|[medd]|["Sitz Baths"-tx-33-"sitz baths"-noun-0,"Sitz Baths"-tx-22-"sitz baths"-noun-0]|TX|2765/10;2189/10|
00000000|MMI|7.47|Taken|C1883727|[cnce]|["Taken"-tx-18-"taken"-verb-0,"Taken"-tx-15-"taken"-verb-0]|TX|1739/5;1444/5|
00000000|MMI|7.36|History of present illness|C0262512|[orga]|["History, NOS"-tx-5-"history"-noun-0,"HISTORY OF PRESENT ILLNESS"-tx-3-"HISTORY OF PRESENT ILLNESS"-noun-0]|TX|551/7;399/26|
00000000|MMI|7.30|Anusol HC|C0591101|[orch,phsu]|["Anusol HC"-tx-32-"Anusol HC"-noun-0,"Anusol HC"-tx-22-"Anusol HC"-noun-0]|TX|2719/9;2206/9|
00000000|MMI|7.30|Per rectum|C4048189|[ftcn]|["Per rectum"-tx-32-"per rectum"-adv-0,"Per rectum"-tx-22-"per rectum"-adv-0]|TX|2745/10;2216/10|
00000000|MMI|7.26|Fraction of|C1264633|[qnco]|["Fraction of"-tx-6-"fraction of"-noun-0,"Fraction of"-tx-5-"fraction of"-noun-0]|TX|792/11;722/11|
00000000|MMI|7.24|Circumflex|C1880089|[spco]|["Circumflex"-tx-8-"circumflex"-noun-0,"Circumflex"-tx-6-"circumflex"-noun-0]|TX|1139/10;863/10|
00000000|MMI|7.22|Event Seriousness - Significant|C1546944|[qlco]|["Significant"-tx-7-"Significant"-adj-0,"Significant"-tx-5-"significant"-adj-0]|TX|897/11;562/11|
00000000|MMI|7.22|Significant|C0750502|[idcn]|["Significant"-tx-7-"Significant"-adj-0,"Significant"-tx-5-"significant"-adj-0]|TX|897/11;562/11|
00000000|MMI|7.22|Statistical Significance|C0237881|[qnco]|["significant"-tx-7-"Significant"-adj-0,"significant"-tx-5-"significant"-adj-0]|TX|897/11;562/11|
00000000|MMI|7.17|Patient Condition Code - Stable|C1547311|[inpr]|["Stable"-tx-22-"stable"-adj-0,"Stable"-tx-19-"stable"-adj-0]|TX|2095/6;1861/6|
00000000|MMI|7.17|Stable status|C0205360|[qlco]|["STABLE"-tx-22-"stable"-adj-0,"STABLE"-tx-19-"stable"-adj-0]|TX|2095/6;1861/6|
00000000|MMI|7.16|Ejection as a Circumstance of Injury|C0302131|[phpr]|["Ejection"-tx-6-"ejection"-noun-0,"Ejection"-tx-5-"ejection"-noun-0]|TX|783/8;713/8|
00000000|MMI|7.16|Ejection as a Sports activity|C0336969|[dora]|["Ejection"-tx-6-"ejection"-noun-0,"Ejection"-tx-5-"ejection"-noun-0]|TX|783/8;713/8|
00000000|MMI|7.16|Ejection time|C0812388|[orga]|["ejection"-tx-6-"ejection"-noun-0,"ejection"-tx-5-"ejection"-noun-0]|TX|783/8;713/8|
00000000|MMI|7.13|Blood Vessel Tissue|C1511228|[tisu]|["Vessel"-tx-15-"vessel"-adj-0,"Vessel"-tx-1-"VESSEL"-adj-0]|TX|1526/6;315/6|
00000000|MMI|7.13|Four|C0205450|[qnco]|["Four"-tx-15-"four"-adj-0,"Four"-tx-1-"FOUR"-adj-0]|TX|1521/4;310/4|
00000000|MMI|7.13|Emotions|C0013987|[menp]|["feel"-tx-22-"felt"-verb-0]|TX|2057/4|F01.470
00000000|MMI|7.12|Incision and drainage|C0152277|[topp]|["i d"-tx-33-"i.d"-adv-0,"i d"-tx-32-"i.d"-adv-0]|TX|2778/3;2758/3|
00000000|MMI|7.09|Patient location type - Operating Room|C1578465|[spco]|["Operating Room"-tx-18-"operating room"-noun-0,"Operating Room"-tx-15-"operating room"-noun-0]|TX|1757/14;1457/14|
00000000|MMI|7.07|One|C0205447|[qnco]|["ONE"-tx-32-"one"-noun-0,"ONE"-tx-12-"one"-noun-0]|TX|2729/3;1328/3|
00000000|MMI|6.97|Cardiac - anatomy qualifier|C1522601|[spco]|["Cardiac"-tx-19-"cardiac"-adj-0,"Cardiac"-tx-5-"Cardiac"-adj-0]|TX|1875/7;543/7|
00000000|MMI|6.83|History|C0019664|[ocdi]|["History"-tx-5-"history"-noun-0]|TX|551/7|K01.400
00000000|MMI|6.79|Fracture|C0016658|[inpo]|["FRACTURE"-tx-7-"fracture"-noun-1]|TX|1081/8|C26.404
00000000|MMI|5.18|+2|C0740116|[qnco]|["+2"-tx-20-"2"-integer-0]|TX|1897/1|
00000000|MMI|5.18|1+|C3816745|[fndg]|["1+"-tx-17-"1"-integer-0]|TX|1674/1|
00000000|MMI|5.18|1+ Score|C2827734|[qnco]|["1+"-tx-17-"1"-integer-0]|TX|1674/1|
00000000|MMI|5.18|1+ Score, WHO|C2981698|[clas]|["1+"-tx-17-"1"-integer-0]|TX|1674/1|
00000000|MMI|5.18|2+|C3833492|[fndg]|["2+"-tx-20-"2"-integer-0]|TX|1897/1|
00000000|MMI|5.18|2+ Score|C2827735|[qnco]|["2+"-tx-20-"2"-integer-0]|TX|1897/1|
00000000|MMI|5.18|2+ Score, WHO|C2981700|[clas]|["2+"-tx-20-"2"-integer-0]|TX|1897/1|
00000000|MMI|5.18|Daily|C0332173|[tmco]|["/day"-tx-22-"day"-noun-0]|TX|2235/3|
00000000|MMI|5.18|Disposition|C0743223|[idcn]|["Disposition"-tx-25-"DISPOSITION"-noun-0]|TX|2432/11|
00000000|MMI|5.18|Disposition Domain|C1705555|[inpr]|["Disposition"-tx-25-"DISPOSITION"-noun-0]|TX|2432/11|
00000000|MMI|5.18|Family (taxonomic)|C1704727|[cnce]|["Family"-tx-25-"family"-noun-0]|TX|2490/6|
00000000|MMI|5.18|H/O: surgery|C0455610|[fndg]|["Past surgical history"-tx-8-"PAST SURGICAL HISTORY"-noun-0]|TX|1091/21|
00000000|MMI|5.18|History of hepatitis B|C1997078|[fndg]|["History of hepatitis B"-tx-7-"history of hepatitis B"-noun-1]|TX|1038/22|
00000000|MMI|5.18|Hospital course|C0489547|[fndg]|["Hospital course"-tx-13-"HOSPITAL COURSE"-noun-0]|TX|1352/15|
00000000|MMI|5.18|Hospital course:Finding:Point in time:^Patient:Narrative|C0488549|[clna]|["Hospital course"-tx-13-"HOSPITAL COURSE"-noun-0]|TX|1352/15|
00000000|MMI|5.18|Medication.discharge|C0806915|[fndg]|["Discharge medications"-tx-26-"DISCHARGE MEDICATIONS"-noun-0]|TX|2520/21|
00000000|MMI|5.18|Medications:-:Point in time:^Patient:-|C2598133|[clna]|["Medications"-tx-10-"MEDICATIONS"-noun-0]|TX|1201/11|
00000000|MMI|5.18|Medications:Presence or Identity:Duration of the study:^Patient:Nominal|C0802604|[clna]|["Medications"-tx-10-"MEDICATIONS"-noun-0]|TX|1201/11|
00000000|MMI|5.18|Nausea Adverse Event|C1963179|[patf]|["Nausea"-tx-9-"nausea"-noun-0]|TX|1193/6|
00000000|MMI|5.18|On admission|C0457453|[tmco]|["On admission"-tx-10-"ON ADMISSION"-adj-0]|TX|1213/12|
00000000|MMI|5.18|Out (direction)|C0439787|[spco]|["Out"-tx-24-"out"-adv-0]|TX|2364/3|
00000000|MMI|5.18|PMH - past medical history|C0455458|[fndg]|["Past medical history"-tx-7-"PAST MEDICAL HISTORY"-noun-0]|TX|875/20|
00000000|MMI|5.18|Pack (physical object)|C1968515|[medd]|["packs"-tx-31-"packs"-verb-0]|TX|2699/5|
00000000|MMI|5.18|Pack unit|C2825051|[drdd]|["Packs"-tx-31-"packs"-verb-0]|TX|2699/5|
00000000|MMI|5.18|Packing (action)|C2828395|[acty]|["PACK"-tx-31-"packs"-verb-0]|TX|2699/5|
00000000|MMI|5.18|Pharmaceutical Preparations|C0013227|[phsu]|["Medications"-tx-10-"MEDICATIONS"-noun-0]|TX|1201/11|D26
00000000|MMI|5.18|Positive|C1446409|[qlco]|["rule"-tx-24-"rule"-verb-0]|TX|2359/4|
00000000|MMI|5.18|Removed|C0849355|[qlco]|["Out"-tx-24-"out"-adv-0]|TX|2364/3|
00000000|MMI|5.18|Rule (guideline)|C0870077|[inpr]|["Rule"-tx-24-"rule"-verb-0]|TX|2359/4|
00000000|MMI|5.18|Science of Etiology|C1524003|[cnce]|["Cause"-tx-9-"causes"-verb-0]|TX|1186/6|
00000000|MMI|5.18|Stable Disease|C0677946|[fndg]|["Stable condition"-tx-25-"stable condition"-noun-0]|TX|2502/16|
00000000|MMI|5.18|Stable chronic Graft vs Host Disease|C3538874|[fndg]|["Stable condition"-tx-25-"stable condition"-noun-0]|TX|2502/16|
00000000|MMI|5.18|Straining|C0442694|[phsf]|["Straining"-tx-20-"straining"-verb-0]|TX|1965/9|
00000000|MMI|5.18|Three Vessel Coronary Disease|C3272265|[dsyn]|["THREE VESSEL DISEASE"-tx-5-"three vessel disease"-noun-0]|TX|643/20|
00000000|MMI|5.18|Usage|C0457083|[ftcn]|["Use"-tx-20-"use"-verb-0]|TX|1978/3|
00000000|MMI|5.18|Use - dosing instruction imperative|C1947944|[inpr]|["Use"-tx-20-"use"-verb-0]|TX|1978/3|
00000000|MMI|5.18|chance|C0237506|[qlco]|["Chance"-tx-24-"chance"-noun-0]|TX|2372/6|
00000000|MMI|5.18|day|C0439228|[tmco]|["DAY"-tx-22-"day"-noun-0]|TX|2235/3|
00000000|MMI|5.18|derivation calculation|C0805874|[idcn]|["Rule"-tx-24-"rule"-verb-0]|TX|2359/4|
00000000|MMI|5.18|patient condition|C0683521|[fndg]|["patient condition"-tx-22-"patient's condition"-noun-0]|TX|2071/19|
00000000|MMI|5.18|per day|C0439505|[tmco]|["/day"-tx-22-"day"-noun-0]|TX|2235/3|
00000000|MMI|4.19|Discharge to home|C0184713|[topp]|["Discharge to home"-tx-25-"discharged to home"-noun-0]|TX|2460/18|
00000000|MMI|3.98|Discussion (communication)|C2584313|[socb]|["Discuss"-tx-24-"discussed"-verb-0]|TX|2298/9|
00000000|MMI|3.98|Evaluation and management note:Finding:Point in time:{Setting}:Document:{Provider}|C1316572|[clna]|["Note"-tx-20-"noted"-verb-0]|TX|1938/5|
00000000|MMI|3.98|Initiate (source type)|C1548602|[idcn]|["Initiate"-tx-21-"initiated"-verb-0]|TX|2026/9|
00000000|MMI|3.98|Initiation|C1704686|[ftcn]|["Initiate"-tx-21-"initiated"-verb-0]|TX|2026/9|
00000000|MMI|3.98|Note (document)|C1317574|[inpr]|["Note"-tx-20-"noted"-verb-0]|TX|1938/5|
00000000|MMI|3.78|Mildly Abnormal Ejection Fraction|C3274775|[fndg]|["MILD DYSFUNCTION"-tx-5-"mild dysfunction"-noun-0]|TX|684/4,692/11|
00000000|MMI|3.75|Discharge date|C2361123|[tmco]|["Discharge date"-tx-1-"Discharge Date"-noun-0]|TX|152/14|
00000000|MMI|3.75|Discharge date:Time Stamp -- Date and Time:Point in time:^Patient:Quantitative|C2361122|[clna]|["Discharge date"-tx-1-"Discharge Date"-noun-0]|TX|152/14|
00000000|MMI|3.72|History of myocardial infarction|C1275835|[fndg]|["History of - myocardial infarction"-tx-4-"history of myocardial infarction"-noun-0]|TX|473/32|
00000000|MMI|3.72|Old myocardial infarction|C0155668|[dsyn]|["History of Myocardial Infarction"-tx-4-"history of myocardial infarction"-noun-0]|TX|473/32|
00000000|MMI|3.68|% index|C1637833|[qnco]|["% index"-tx-38-"Index"-noun-0]|TX|2921/5|
00000000|MMI|3.68|Attending (action)|C1999232|[ftcn]|["attending"-tx-36-"Attending"-noun-0]|TX|2856/9|
00000000|MMI|3.68|Attending (provider role)|C1547429|[prog]|["Attending"-tx-36-"Attending"-noun-0]|TX|2856/9|
00000000|MMI|3.68|CDISC SDTM Procedure Terminology|C3539779|[inpr]|["Procedure"-tx-16-"procedure"-noun-0]|TX|1592/9|
00000000|MMI|3.68|Concept History|C1705255|[cnce]|["History"-tx-5-"history"-noun-0]|TX|551/7|
00000000|MMI|3.68|Course|C0750729|[tmco]|["Course"-tx-17-"course"-noun-0]|TX|1626/6|
00000000|MMI|3.68|Entire sternum|C1279580|[bpoc]|["Sternum"-tx-17-"sternum"-noun-0]|TX|1687/7|
00000000|MMI|3.68|History of previous events|C2004062|[fndg]|["History"-tx-5-"history"-noun-0]|TX|551/7|
00000000|MMI|3.68|Html Link Type - index|C1552854|[idcn]|["index"-tx-38-"Index"-noun-0]|TX|2921/5|
00000000|MMI|3.68|Index|C0918012|[inpr]|["Index"-tx-38-"Index"-noun-0]|TX|2921/5|
00000000|MMI|3.68|Interventional procedure|C0184661|[topp]|["Procedure"-tx-16-"procedure"-noun-0]|TX|1592/9|
00000000|MMI|3.68|Physical Medical Procedure|C3274430|[hlca]|["PROCEDURE"-tx-16-"procedure"-noun-0]|TX|1592/9|
00000000|MMI|3.68|Posterior interventricular branch of right coronary artery|C0226047|[bpoc]|["PDA"-tx-6-"PDA"-noun-0]|TX|824/3|
00000000|MMI|3.68|Procedure (set of actions)|C2700391|[acty]|["Procedure"-tx-16-"procedure"-noun-0]|TX|1592/9|
00000000|MMI|3.68|Procedure Domain|C3538935|[inpr]|["Procedure"-tx-16-"procedure"-noun-0]|TX|1592/9|
00000000|MMI|3.68|Surgical and medical procedures|C1948041|[topp]|["Procedure"-tx-16-"procedure"-noun-0]|TX|1592/9|
00000000|MMI|3.68|Two|C0205448|[qnco]|["Two"-tx-31-"two"-noun-0]|TX|2695/3|
00000000|MMI|3.68|discharge diagnosis|C1555319|[fndg]|["Discharge diagnosis"-tx-1-"DISCHARGE DIAGNOSIS"-noun-0]|TX|216/19|
00000000|MMI|3.68|mEq/day|C0439448|[qnco]|["meq/d"-tx-30-"mEq d"-noun-0]|TX|2667/3,2680/1|
00000000|MMI|3.65|Operative Surgical Procedures|C0543467|[hlca]|["operations procedure"-tx-1-"OPERATIONS/PROCEDURES"-noun-0]|TX|253/21|E04
00000000|MMI|3.65|Surgery procedure:Type:Point in time:^Patient:Nominal|C0944781|[clna]|["operations procedure"-tx-1-"OPERATIONS/PROCEDURES"-noun-0]|TX|253/21|
00000000|MMI|3.65|Admitting diagnosis|C0332133|[fndg]|["Admitting diagnosis"-tx-1-"ADMITTING DIAGNOSIS"-noun-0]|TX|179/19|
00000000|MMI|3.65|Report status|C0586177|[fndg]|["Report status"-tx-1-"Report Status"-noun-0]|TX|128/13|
00000000|MMI|3.64|11-12|C3843712|[fndg]|["11-12"-tx-1-"11 12"-fraction-0]|TX|40/2,50/2|
00000000|MMI|3.64|History of present illness:Finding:Point in time:^Patient:Nominal:Reported|C0488508|[clna]|["History of present illness"-tx-3-"HISTORY OF PRESENT ILLNESS"-noun-0]|TX|399/26|
00000000|MMI|3.64|dictated - DocumentCompletion|C1609990|[idcn]|["Dictated"-tx-35-"Dictated"-verb-0]|TX|2816/8|
00000000|MMI|3.64|dictated - ParticipationMode|C1548384|[ftcn]|["dictated"-tx-35-"Dictated"-verb-0]|TX|2816/8|
00000000|MMI|3.63|Anusol Hemorrhoidal Suppositories|C0305287|[orch,phsu]|["anusol suppository"-tx-32-"Anusol suppository"-noun-0]|TX|2719/6,2733/11|
00000000|MMI|3.63|Admission date:Time Stamp -- Date and Time:Point in time:^Patient:Quantitative|C2598112|[clna]|["Admission date"-tx-1-"Admission Date"-noun-0]|TX|101/14|
00000000|MMI|3.63|Date of admission|C1302393|[tmco]|["Admission date"-tx-1-"Admission Date"-noun-0]|TX|101/14|
00000000|MMI|3.62|Hospital admission|C0184666|[hlca]|["admitted hospital"-tx-14-"admitted hospital"-noun-0]|TX|1383/8,1399/8|
00000000|MMI|3.62|ptca lad|C0748087|[topp]|["ptca lad"-tx-8-"PTCA LAD"-noun-0]|TX|1114/4,1126/3|
00000000|MMI|3.62|Ibuprofen 600 MG|C0986667|[clnd]|["Ibuprofen 600 MG"-tx-34-"Motrin 600 mg"-noun-0]|TX|2789/13|
00000000|MMI|3.61|Batch (Response Modality)|C1550176|[inpr]|["Batch"-tx-38-"Batch"-noun-0]|TX|2909/5|
00000000|MMI|3.61|Batch (group)|C1948031|[qnco]|["Batch"-tx-38-"Batch"-noun-0]|TX|2909/5|
00000000|MMI|3.61|Batch Number|C3641829|[inpr]|["BATCH"-tx-38-"Batch"-noun-0]|TX|2909/5|
00000000|MMI|3.61|Associated with|C0332281|[qlco]|["Associated with"-tx-24-"associated with"-verb-0]|TX|2395/15|
00000000|MMI|3.60|Twice (Numerical Qualifier)|C1948050|[qnco]|["Twice"-tx-22-"twice"-adv-0]|TX|2227/5|
00000000|MMI|3.60|Twice - dosing instruction fragment|C1720725|[inpr]|["Twice"-tx-22-"twice"-adv-0]|TX|2227/5|
00000000|MMI|3.59|Pyrexia of unknown origin (excl puerperal)|C0856281|[sosy]|["puo"-tx-1-"PUO"-noun-0]|TX|12/3|
00000000|MMI|3.59|CLTC gene|C1413512|[gngm]|["Hc"-tx-32-"HC"-noun-0]|TX|2726/2|
00000000|MMI|3.59|Suppository Dosing Unit|C1704744|[qnco]|["{Suppository}"-tx-32-"suppository"-noun-0]|TX|2733/11|
00000000|MMI|3.59|Clinical Study Follow-up|C3274571|[hlca]|["FOLLOW-UP"-tx-23-"followup"-noun-0]|TX|2257/8|
00000000|MMI|3.59|Follow-Up Report|C1704685|[inpr]|["Follow-Up"-tx-23-"followup"-noun-0]|TX|2257/8|
00000000|MMI|3.59|Follow-up status|C0589120|[fndg]|["Follow-up"-tx-23-"followup"-noun-0]|TX|2257/8|
00000000|MMI|3.59|Management procedure|C1273870|[ocac]|["Managed"-tx-22-"managed"-verb-0]|TX|2155/7|
00000000|MMI|3.59|follow-up|C1522577|[hlca]|["Followup"-tx-23-"followup"-noun-0]|TX|2257/8|
00000000|MMI|3.57|Complicated|C0231242|[ftcn]|["Complicated"-tx-17-"complicated"-verb-0]|TX|1642/11|
00000000|MMI|3.57|Consent Type - Colonoscopy|C1548837|[hlca]|["Colonoscopy"-tx-24-"colonoscopy"-noun-0]|TX|2344/11|
00000000|MMI|3.57|Diagnosis|C0011900|[fndg]|["Diagnosed"-tx-17-"diagnosed"-verb-0]|TX|1697/9|E01
00000000|MMI|3.57|Present|C0150312|[qnco]|["Present"-tx-4-"presents"-verb-0]|TX|512/8|
00000000|MMI|3.57|Presentation|C0449450|[idcn]|["Present"-tx-4-"presents"-verb-0]|TX|512/8|
00000000|MMI|3.57|benefit|C0814225|[qnco]|["Benefit"-tx-24-"benefit"-verb-0]|TX|2329/7|
00000000|MMI|3.56|30%|C3842588|[fndg]|["30%"-tx-14-"30"-integer-0]|TX|1415/2|
00000000|MMI|3.56|A Proliferation-Inducing Ligand Measurement|C3811652|[lbpr]|["APRIL"-tx-15-"April"-noun-0]|TX|1485/5|
00000000|MMI|3.56|April|C3715024|[tmco]|["April"-tx-15-"April"-noun-0]|TX|1485/5|
00000000|MMI|3.56|Back structure, excluding neck|C1995000|[blor]|["Back, NOS"-tx-18-"back"-adj-0]|TX|1745/4|
00000000|MMI|3.56|Back structure, including back of neck|C0460009|[blor]|["Back"-tx-18-"back"-adj-0]|TX|1745/4|
00000000|MMI|3.56|Dorsal|C0205095|[spco]|["BACK"-tx-18-"back"-adj-0]|TX|1745/4|
00000000|MMI|3.56|October|C3828732|[qlco]|["October"-tx-14-"October"-noun-0]|TX|1421/7|
00000000|MMI|3.56|September|C3828193|[tmco]|["September"-tx-18-"September"-noun-0]|TX|1784/9|
00000000|MMI|3.56|TNFSF13 wt Allele|C3715025|[gngm]|["APRIL"-tx-15-"April"-noun-0]|TX|1485/5|
00000000|MMI|3.54|Follow|C1719822|[inpr]|["Follow"-tx-17-"following"-adj-0]|TX|1661/9|
00000000|MMI|3.54|Followed by|C0332283|[tmco]|["follow"-tx-17-"following"-adj-0]|TX|1661/9|
00000000|MMI|3.53|Entire left shoulder region|C1288640|[blor]|["Left shoulder"-tx-7-"left shoulder"-noun-0]|TX|1067/13|
00000000|MMI|3.53|Structure of left shoulder region|C0524469|[blor]|["Left shoulder"-tx-7-"left shoulder"-noun-0]|TX|1067/13|
00000000|MMI|3.50|Good|C0205170|[qlco]|["Well"-tx-16-"well"-adv-0]|TX|1602/4|
00000000|MMI|3.50|Unstable Medical Device Problem|C1883468|[evnt]|["Unstable"-tx-17-"Unstable"-adj-0]|TX|1678/8|
00000000|MMI|3.50|Unstable status|C0443343|[fndg]|["Unstable"-tx-17-"Unstable"-adj-0]|TX|1678/8|
00000000|MMI|3.50|Well|C3146287|[mnob]|["Well"-tx-16-"well"-adv-0]|TX|1602/4|
00000000|MMI|3.48|Discharge summarization note:Finding:Point in time:{Setting}:Document:{Provider}|C0801840|[clna]|["Discharge summary"-tx-1-"Discharge Summary"-noun-0]|TX|64/17|
00000000|MMI|3.48|Discharge summary|C0743221|[inpr]|["Discharge summary"-tx-1-"Discharge Summary"-noun-0]|TX|64/17|
00000000|MMI|3.48|Leucovorin Calcium|C0731033|[orch,phsu,vita]|["LV"-tx-5-"LV"-noun-0]|TX|689/2|
00000000|MMI|3.48|Liposome Vesicle|C1881413|[chvs]|["LV"-tx-5-"LV"-noun-0]|TX|689/2|
00000000|MMI|3.48|Middle|C0444598|[spco]|["Mid"-tx-6-"mid"-adj-0]|TX|854/3|
00000000|MMI|3.47|Old|C0580836|[tmco]|["Old"-tx-4-"old"-noun-0]|TX|450/3|
00000000|MMI|3.47|per year|C0439508|[tmco]|["/Year"-tx-4-"year"-noun-0]|TX|445/4|
00000000|MMI|3.47|year|C0439234|[tmco]|["YEAR"-tx-4-"year"-noun-0]|TX|445/4|
00000000|MMI|3.46|10%|C3842590|[fndg]|["10%"-tx-1-"10"-fraction-0]|TX|117/2|
00000000|MMI|3.46|Aspirin Oral Tablet|C1244632|[clnd]|["aspirin tablet"-tx-12-"Ecotrin tablet"-noun-0]|TX|1320/7,1332/6|
00000000|MMI|3.46|Diagnostic interview schedule|C0451119|[inpr]|["DIS"-tx-1-"DIS"-noun-0]|TX|95/3|
00000000|MMI|3.46|Discontinued|C1444662|[fndg]|["DIS"-tx-1-"DIS"-noun-0]|TX|95/3|
00000000|MMI|3.45|100%|C3817553|[qnco]|["100%"-tx-10-"100"-integer-0]|TX|1237/3|
00000000|MMI|3.45|Echocardiogram (image)|C2243117|[inpr]|["Echocardiogram"-tx-5-"echocardiogram"-noun-0]|TX|578/14|
00000000|MMI|3.45|Glonoine, nitroglycerine, Homeopathic preparation|C0885378|[orch,phsu]|["nitroglycerine"-tx-11-"nitroglycerin"-noun-0]|TX|1258/13|
00000000|MMI|3.45|Hypercholesterolemia result|C1522133|[fndg]|["Hypercholesterolemia"-tx-7-"hypercholesterolemia"-noun-0]|TX|913/20|
00000000|MMI|3.45|Sublingual location|C0558302|[blor]|["Sublingual"-tx-11-"sublingual"-adj-0]|TX|1272/10|
00000000|MMI|3.44|Body Fl