00000000|MMI|101.71|Patient Discharge|C0030685|[hlca]|["Discharge"-tx-6-"DISCHARGE"-noun-0,"Discharge"-tx-4-"DISCHARGE"-noun-0,"Discharge"-tx-3-"DISCHARGE"-noun-0,"Discharge"-tx-1-"DISCHARGE"-noun-0,"Patient Discharge"-tx-1-"DISCHARGE PATIENT"-noun-0]|TX|1261/9;1127/9;616/9;162/9;238/17|E02.204.125;E02.760.400.610;N02.421.192.125;N02.421.585.400.610;N04.590.233.727.210.125
00000000|MMI|61.19|Obesity|C0028754|[dsyn]|["OBESITY"-tx-3-"obesity"-noun-0]|TX|[897/7],[907/7]|C18.654.726.500;C23.888.144.699.500;E01.370.600.115.100.160.120.699.500;G07.100.100.160.120.699.500
00000000|MMI|48.50|diagnosis aspect|C1704338|[qlco]|["diagnosis"-tx-3-"DIAGNOSIS"-noun-0]|TX|[586/9],[706/9]|x.x.x.x.x.x.x
00000000|MMI|45.09|Coding|C0009219|[ocac]|["code"-tx-3-"CODE"-noun-0,"code"-tx-3-"code"-noun-0]|TX|409/4;427/4|N04.452.758.708.200.400.500;N04.452.859.564.274;N05.715.360.300.715.500.249;N06.850.520.308.940.968.249
00000000|MMI|35.81|Gout|C0018099|[dsyn]|["GOUT"-tx-3-"gout"-noun-0]|TX|[857/4],[864/4]|C05.550.114.423;C05.799.414;C16.320.565.798.368;C18.452.648.798.368
00000000|MMI|35.81|Sleep Apnea Syndromes|C0037315|[dsyn]|["Sleep apnoea"-tx-3-"sleep apnea"-noun-0]|TX|[829/11],[843/11]|C08.618.085.852;C10.886.425.800.750
00000000|MMI|29.46|Mental Depression|C0011570|[mobd]|["DEPRESSION"-tx-3-"depression"-noun-0]|TX|[871/10],[884/10]|F01.145.126.350
00000000|MMI|26.33|Diet|C0012155|[food]|["Diet"-tx-3-"DIET"-noun-0,"Diet"-tx-3-"diet"-noun-0]|TX|473/4;493/4|G07.203.650.240
00000000|MMI|23.12|Depressive disorder|C0011581|[mobd]|["-- Depression"-tx-3-"depression"-noun-0]|TX|[871/10],[884/10]|F03.600.300
00000000|MMI|23.12|Hypertensive disease|C0020538|[dsyn]|["HTN"-tx-3-"htn"-noun-0,"HYPERTENSION"-tx-3-"hypertension"-noun-0]|TX|808/3;814/12|C14.907.489
00000000|MMI|22.40|therapeutic aspects|C0039798|[ftcn]|["treatment"-tx-3-"Treatment"-noun-0]|TX|768/9|x.x.x.x.x.x.x
00000000|MMI|20.30|Disease|C0012634|[dsyn]|["condition"-tx-4-"CONDITION"-noun-0,"condition"-tx-3-"Conditions"-noun-0]|TX|1137/9;716/10|C23.550.288
00000000|MMI|19.99|Diet therapy|C0012159|[hlca]|["Diet"-tx-3-"DIET"-noun-0,"Diet"-tx-3-"diet"-noun-0]|TX|473/4;493/4|E02.642.249
00000000|MMI|19.31|District of Columbia|C0012764|[geoa]|["D.C."-tx-1-"D/C"-noun-0]|TX|329/3|Z01.107.567.875.500.210;Z01.433.429
00000000|MMI|19.22|Harlequin Fetus|C0239849|[cgab,dsyn]|["HI"-tx-1-"Hi"-noun-0]|TX|222/2|C16.131.831.512.400.410;C16.320.850.400.410;C16.614.492.400.410;C17.800.428.333.250.410;C17.800.804.512.400.410;C17.800.827.400.410
00000000|MMI|19.22|Hawaii|C0018619|[geoa]|["HI"-tx-1-"Hi"-noun-0]|TX|222/2|Z01.107.567.875.580.375;Z01.639.760.815.482
00000000|MMI|14.78|Body Fluid Discharge|C0012621|[bdsu]|["Discharge"-tx-6-"DISCHARGE"-noun-0,"Discharge"-tx-4-"DISCHARGE"-noun-0,"Discharge"-tx-3-"DISCHARGE"-noun-0,"Discharge"-tx-1-"DISCHARGE"-noun-0]|TX|1261/9;1127/9;616/9;162/9|
00000000|MMI|14.78|Discharge, body substance|C2926602|[bdsu]|["Discharge"-tx-6-"DISCHARGE"-noun-0,"Discharge"-tx-4-"DISCHARGE"-noun-0,"Discharge"-tx-3-"DISCHARGE"-noun-0,"Discharge"-tx-1-"DISCHARGE"-noun-0]|TX|1261/9;1127/9;616/9;162/9|
00000000|MMI|14.64|Diabetes Mellitus|C0011849|[dsyn]|["DIABETES MELLITUS"-tx-3-"diabetes mellitus"-noun-0]|TX|788/17|C18.452.394.750;C19.246
00000000|MMI|13.08|Infantile Neuroaxonal Dystrophy|C0270724|[dsyn]|["PLAN"-tx-4-"PLAN"-noun-0]|TX|1161/4|C10.228.140.744
00000000|MMI|13.03|Rabbi|C0684010|[prog]|["R."-tx-3-"R"-noun-0]|TX|1014/1|M01.526.799.500
00000000|MMI|13.00|Dilatation and Curettage|C0012358|[topp]|["D & C"-tx-1-"D/C"-noun-0]|TX|329/3|E04.157.310;E04.950.300.299
00000000|MMI|12.91|Sri Lanka|C0038088|[geoa]|["CE"-tx-1-"Ce"-noun-0]|TX|219/2|Z01.252.245.840;Z01.639.520.875
00000000|MMI|11.79|Order (action)|C1705178|[acty]|["Order"-tx-6-"ORDERS"-verb-0,"Order"-tx-1-"ORDER"-noun-0,"Order"-tx-1-"ORDERS"-verb-0]|TX|1271/6;333/5;172/6|
00000000|MMI|11.79|Order (arrangement)|C1705176|[qlco]|["Order"-tx-6-"ORDERS"-verb-0,"Order"-tx-1-"ORDER"-noun-0,"Order"-tx-1-"ORDERS"-verb-0]|TX|1271/6;333/5;172/6|
00000000|MMI|11.79|Order (document)|C1705175|[inpr]|["Order"-tx-6-"ORDERS"-verb-0,"Order"-tx-1-"ORDER"-noun-0,"Order"-tx-1-"ORDERS"-verb-0]|TX|1271/6;333/5;172/6|
00000000|MMI|11.79|Order (taxonomic)|C1705177|[clas]|["Order"-tx-6-"ORDERS"-verb-0,"Order"-tx-1-"ORDER"-noun-0,"Order"-tx-1-"ORDERS"-verb-0]|TX|1271/6;333/5;172/6|
00000000|MMI|11.79|Permutation|C1882348|[qlco]|["Order"-tx-6-"ORDERS"-verb-0,"Order"-tx-1-"ORDER"-noun-0,"Order"-tx-1-"ORDERS"-verb-0]|TX|1271/6;333/5;172/6|
00000000|MMI|11.79|Sequence of Planned Assessment Schedule|C3889825|[inpr]|["ORDER"-tx-6-"ORDERS"-verb-0,"ORDER"-tx-1-"ORDER"-noun-0,"ORDER"-tx-1-"ORDERS"-verb-0]|TX|1271/6;333/5;172/6|
00000000|MMI|11.49|Complication Aspects|C1171258|[patf]|["complications"-tx-3-"Complications"-noun-0]|TX|742/13|x.x.x
00000000|MMI|11.49|Methods aspects|C0025664|[inpr]|["procedures"-tx-3-"PROCEDURES"-noun-0]|TX|959/10|x.x.x
00000000|MMI|11.49|Research Activities|C0242481|[resa]|["Research"-tx-3-"research"-verb-0]|TX|597/8|H01.770.644
00000000|MMI|11.49|research|C0035168|[resa]|["Research"-tx-3-"research"-verb-0]|TX|597/8|H01.770.644
00000000|MMI|11.30|Hospital admission|C0184666|[hlca]|["Admission"-tx-3-"Admission"-noun-0,"Admit"-tx-3-"ADMIT"-verb-0,"admitted"-tx-3-"admitted"-verb-0]|TX|673/9;580/5;1077/8|
00000000|MMI|11.10|Research Study Specialist|C1556037|[prog]|["Research Study"-tx-3-"research study"-noun-0,"Research Study"-tx-1-"research study"-noun-0]|TX|[685/14],[1090/14];65/14|
00000000|MMI|11.10|research study|C0681814|[resa]|["research study"-tx-3-"research study"-noun-0,"research study"-tx-1-"research study"-noun-0]|TX|[685/14],[1090/14];65/14|
00000000|MMI|10.42|Depressed mood|C0344315|[fndg]|["depression"-tx-3-"depression"-noun-0]|TX|[871/10],[884/10]|
00000000|MMI|10.42|Depression Scale (BASC-2)|C4049644|[inpr]|["Depression"-tx-3-"depression"-noun-0]|TX|[871/10],[884/10]|
00000000|MMI|10.42|Depression motion|C0460137|[ftcn]|["Depression"-tx-3-"depression"-noun-0]|TX|[871/10],[884/10]|
00000000|MMI|10.42|Diagnosis|C0011900|[fndg]|["DIAGNOSIS"-tx-3-"DIAGNOSIS"-noun-0,"DIAGNOSIS"-tx-3-"DIAGNOSIS"-noun-1]|TX|[586/9],[706/9];[586/9],[706/9]|E01
00000000|MMI|10.42|Diagnosis Study|C1704656|[resa]|["DIAGNOSIS"-tx-3-"DIAGNOSIS"-noun-0]|TX|[586/9],[706/9]|
00000000|MMI|10.42|Doctor of Medicine|C1512018|[inpr]|["M.D."-tx-5-"M.D"-noun-0,"M.D."-tx-2-"M.D"-noun-0]|TX|1221/3;404/3|
00000000|MMI|10.42|Obesity Adverse Event|C1963185|[fndg]|["Obesity"-tx-3-"obesity"-noun-0]|TX|[897/7],[907/7]|
00000000|MMI|10.42|SLEEP APNEA (device)|C3496180|[medd]|["SLEEP APNEA"-tx-3-"sleep apnea"-noun-0]|TX|[829/11],[843/11]|
00000000|MMI|10.42|orders - HL7PublishingDomain|C3244315|[inpr]|["orders"-tx-6-"ORDERS"-verb-0,"orders"-tx-1-"ORDERS"-verb-0]|TX|1271/6;172/6|
00000000|MMI|8.34|Infection|C3714514|[patf]|["Infections"-tx-3-"Infections"-noun-0]|TX|729/10|C01.539
00000000|MMI|7.61|Condition|C0348080|[qlco]|["Condition"-tx-4-"CONDITION"-noun-0,"Condition"-tx-3-"Conditions"-noun-0]|TX|1137/9;716/10|
00000000|MMI|7.61|Condition:Find:Pt:^Patient:Nom|C3864998|[clna]|["Condition"-tx-4-"CONDITION"-noun-0,"Condition"-tx-3-"Conditions"-noun-0]|TX|1137/9;716/10|
00000000|MMI|7.61|Logical Condition|C1705253|[cnce]|["Condition"-tx-4-"CONDITION"-noun-0,"Condition"-tx-3-"Conditions"-noun-0]|TX|1137/9;716/10|
00000000|MMI|7.30|Basal Diet|C2983588|[food]|["DIET"-tx-3-"DIET"-noun-0,"DIET"-tx-3-"diet"-noun-0]|TX|473/4;493/4|
00000000|MMI|7.30|Diet (animal life circumstance)|C3668949|[food]|["Diet"-tx-3-"DIET"-noun-0,"Diet"-tx-3-"diet"-noun-0]|TX|473/4;493/4|
00000000|MMI|7.30|Special Diet Therapy|C1519433|[topp]|["DIET"-tx-3-"DIET"-noun-0,"DIET"-tx-3-"diet"-noun-0]|TX|473/4;493/4|
00000000|MMI|7.28|Admission activity|C0809949|[hlca]|["Admission"-tx-3-"Admission"-noun-0,"Admitted"-tx-3-"admitted"-verb-0]|TX|673/9;1077/8|
00000000|MMI|7.26|Summary (document)|C1706244|[inpr]|["Summary"-tx-4-"summary"-noun-0,"Summary"-tx-1-"SUMMARY"-noun-0]|TX|1179/7;358/7|
00000000|MMI|7.26|summary - ActRelationshipSubset|C1552616|[inpr]|["summary"-tx-4-"summary"-noun-0,"summary"-tx-1-"SUMMARY"-noun-0]|TX|1179/7;358/7|
00000000|MMI|7.04|Clinical trial protocol document|C1507394|[inpr]|["Study Protocol"-tx-3-"study protocol"-noun-0,"Study Protocol"-tx-1-"study protocol"-noun-0]|TX|1026/14;309/14|
00000000|MMI|7.04|Study Protocol|C2348563|[inpr]|["Study Protocol"-tx-3-"study protocol"-noun-0,"Study Protocol"-tx-1-"study protocol"-noun-0]|TX|1026/14;309/14|
00000000|MMI|7.03|Discontinued|C1444662|[fndg]|["D/C"-tx-1-"D/C"-noun-0,"DIS"-tx-1-"DIS"-noun-0]|TX|329/3;84/3|
00000000|MMI|7.02|Code|C0805701|[inpr]|["CODE"-tx-3-"CODE"-noun-0,"CODE"-tx-3-"code"-noun-0]|TX|409/4;427/4|
00000000|MMI|7.02|eTMF Content Model Code|C3889831|[inpr]|["Code"-tx-3-"CODE"-noun-0,"Code"-tx-3-"code"-noun-0]|TX|409/4;427/4|
00000000|MMI|6.98|Home environment|C0442519|[cnce]|["HOME"-tx-3-"Home"-noun-0,"house"-tx-3-"House"-noun-0]|TX|445/4;479/5|
00000000|MMI|6.96|Room of building - Study|C0557651|[mnob]|["Study"-tx-3-"Study"-noun-0,"Study"-tx-3-"study"-noun-0]|TX|655/5;487/5|
00000000|MMI|6.96|Study|C2603343|[resa]|["Study"-tx-3-"Study"-noun-0,"Study"-tx-3-"study"-noun-0]|TX|655/5;487/5|
00000000|MMI|5.18|Additional comments|C1830770|[fndg]|["Additional comments"-tx-4-"ADDITIONAL COMMENTS"-noun-0]|TX|1106/19|
00000000|MMI|5.18|Affecting|C0392760|[ftcn]|["Affecting"-tx-3-"affecting"-verb-0]|TX|758/9|
00000000|MMI|5.18|Complication|C0009566|[patf]|["Complications"-tx-3-"Complications"-noun-0]|TX|742/13|
00000000|MMI|5.18|Discharge date|C2361123|[tmco]|["Discharge date"-tx-1-"Discharge Date"-noun-0]|TX|130/14|
00000000|MMI|5.18|Discharge date:Time Stamp -- Date and Time:Point in time:^Patient:Quantitative|C2361122|[clna]|["Discharge date"-tx-1-"Discharge Date"-noun-0]|TX|130/14|
00000000|MMI|5.18|Follow|C1719822|[inpr]|["Follow"-tx-3-"FOLLOW"-verb-0]|TX|533/6|
00000000|MMI|5.18|Followed by|C0332283|[tmco]|["follow"-tx-3-"FOLLOW"-verb-0]|TX|533/6|
00000000|MMI|5.18|Hypertension Adverse Event|C1963138|[fndg]|["Hypertension"-tx-3-"hypertension"-noun-0]|TX|814/12|
00000000|MMI|5.18|Interventional procedure|C0184661|[topp]|["PROCEDURES"-tx-3-"PROCEDURES"-noun-0]|TX|959/10|
00000000|MMI|5.18|Involvement with|C1314939|[ftcn]|["Affecting"-tx-3-"affecting"-verb-0]|TX|758/9|
00000000|MMI|5.18|Left|C0205091|[spco]|["LEFT"-tx-3-"left"-verb-0]|TX|917/4|
00000000|MMI|5.18|Left sided|C0443246|[spco]|["Left"-tx-3-"left"-verb-0]|TX|917/4|
00000000|MMI|5.18|N not otherwise specified Antibody|C0369718|[aapp,imft]|["N NOS"-tx-3-"n"-noun-0]|TX|971/1|
00000000|MMI|5.18|N+ (tumor staging)|C0441922|[inpr]|["N+"-tx-3-"n"-noun-0]|TX|971/1|
00000000|MMI|5.18|Pharmacogenomics Trial Characteristics Domain|C3714755|[inpr]|["PT"-tx-3-"pt"-noun-0]|TX|1074/2|
00000000|MMI|5.18|Physical therapy (field)|C0699718|[bmod]|["PT"-tx-3-"pt"-noun-0]|TX|1074/2|
00000000|MMI|5.18|Procedure (set of actions)|C2700391|[acty]|["Procedures"-tx-3-"PROCEDURES"-noun-0]|TX|959/10|
00000000|MMI|5.18|Requirement|C1514873|[ftcn]|["Required"-tx-3-"REQUIRED"-verb-0]|TX|552/8|
00000000|MMI|5.18|Table Cell Horizontal Align - left|C1552822|[ftcn]|["left"-tx-3-"left"-verb-0]|TX|917/4|
00000000|MMI|5.18|Total Hip Replacement (procedure)|C0040508|[topp]|["total hip replacement operations"-tx-3-"total hip replacement OPERATIONS"-noun-0]|TX|922/32|
00000000|MMI|5.18|treatments and procedures|C0237403|[topp]|["treatments procedures"-tx-3-"TREATMENTS/PROCEDURES"-noun-0]|TX|981/21|
00000000|MMI|4.12|Known allergy|C3845888|[fndg]|["Known allergy"-tx-3-"Known Allergies"-noun-1]|TX|564/15|
00000000|MMI|3.78|Principal Diagnosis:-:Point in time:^Patient:-|C2598194|[clna]|["Principal Diagnosis"-tx-3-"PRINCIPAL DIAGNOSIS"-noun-0]|TX|606/9,626/9|
00000000|MMI|3.78|Principal diagnosis|C0332137|[qlco]|["Principal Diagnosis"-tx-3-"PRINCIPAL DIAGNOSIS"-noun-0]|TX|606/9,626/9|
00000000|MMI|3.76|Domestic activities|C0441660|[dora]|["house activity"-tx-3-"House ACTIVITY"-noun-0]|TX|479/5,498/8|
00000000|MMI|3.75|Medication.discharge|C0806915|[fndg]|["Discharge medications"-tx-3-"DISCHARGE MEDICATIONS"-noun-0]|TX|450/21|
00000000|MMI|3.75|discharge diagnosis|C1555319|[fndg]|["Discharge diagnosis"-tx-3-"DISCHARGE DIAGNOSIS"-noun-1]|TX|616/19|
00000000|MMI|3.70|Study Activity|C2348552|[resa]|["Study Activity"-tx-3-"study ACTIVITY"-noun-0]|TX|487/5,498/8|
00000000|MMI|3.68|Attending (action)|C1999232|[ftcn]|["attending"-tx-1-"Attending"-noun-0]|TX|371/9|
00000000|MMI|3.68|Attending (provider role)|C1547429|[prog]|["Attending"-tx-1-"Attending"-noun-0]|TX|371/9|
00000000|MMI|3.68|Status|C0449438|[qlco]|["Status"-tx-3-"STATUS"-noun-0]|TX|414/6|
00000000|MMI|3.65|Admission date:Time Stamp -- Date and Time:Point in time:^Patient:Quantitative|C2598112|[clna]|["Admission date"-tx-1-"Admission Date"-noun-0]|TX|90/14|
00000000|MMI|3.65|Date of admission|C1302393|[tmco]|["Admission date"-tx-1-"Admission Date"-noun-0]|TX|90/14|
00000000|MMI|3.65|Report status|C0586177|[fndg]|["Report status"-tx-1-"Report Status"-noun-0]|TX|115/13|
00000000|MMI|3.64|10 - 12|C3843787|[fndg]|["10 - 12"-tx-1-"10 12"-fraction-0]|TX|41/2,51/2|
00000000|MMI|3.64|Entered|C1521975|[qlco]|["Entered"-tx-4-"ENTERED"-verb-0]|TX|1187/7|
00000000|MMI|3.63|3+ Answer to Question|C3838680|[fndg]|["3+"-tx-1-"3"-fraction-0]|TX|146/1|
00000000|MMI|3.63|3+ Score|C2827736|[qnco]|["3+"-tx-1-"3"-fraction-0]|TX|146/1|
00000000|MMI|3.63|3+ Score, WHO|C2981702|[clas]|["3+"-tx-1-"3"-fraction-0]|TX|146/1|
00000000|MMI|3.63|<3 (qualifier value)|C0439086|[qnco]|["<3"-tx-1-"3"-fraction-0]|TX|146/1|
00000000|MMI|3.63|Disposition|C0743223|[idcn]|["Disposition"-tx-3-"DISPOSITION"-noun-0]|TX|432/11|
00000000|MMI|3.63|Disposition Domain|C1705555|[inpr]|["Disposition"-tx-3-"DISPOSITION"-noun-0]|TX|432/11|
00000000|MMI|3.63|MYOTONIC DYSTROPHY 1|C3250443|[dsyn]|["DM"-tx-3-"dm"-noun-0]|TX|783/2|
00000000|MMI|3.61|Planned|C1301732|[ftcn]|["Plan"-tx-4-"PLAN"-noun-0]|TX|1161/4|
00000000|MMI|3.61|Treatment Plan|C0599880|[inpr]|["Plan"-tx-4-"PLAN"-noun-0]|TX|1161/4|
00000000|MMI|3.59|Pyrexia of unknown origin (excl puerperal)|C0856281|[sosy]|["puo"-tx-1-"PUO"-noun-0]|TX|12/3|
00000000|MMI|3.59|ActInformationPrivacyReason <service>|C3245478|[idcn]|["service"-tx-1-"Service"-noun-0]|TX|225/7|
00000000|MMI|3.59|End|C0444930|[spco]|["End"-tx-6-"END"-noun-0]|TX|1254/3|
00000000|MMI|3.59|Responsible to|C1273518|[fndg]|["Responsible"-tx-3-"Responsible"-adj-1]|TX|637/11|
00000000|MMI|3.59|Services|C0557854|[ocac]|["Service"-tx-1-"Service"-noun-0]|TX|225/7|
00000000|MMI|3.59|Software Service|C2825316|[mnob]|["Service"-tx-1-"Service"-noun-0]|TX|225/7|
00000000|MMI|3.59|Stop (qualifier value)|C2746065|[tmco]|["End"-tx-6-"END"-noun-0]|TX|1254/3|
00000000|MMI|3.57|*Activity (kind of quantity)|C1561536|[idcn]|["*Activity"-tx-3-"activity"-noun-0]|TX|508/8|
00000000|MMI|3.57|Active|C0205177|[ftcn]|["Activity"-tx-3-"activity"-noun-0]|TX|508/8|
00000000|MMI|3.57|Activities|C0441655|[acty]|["ACTIVITY"-tx-3-"activity"-noun-0]|TX|508/8|
00000000|MMI|3.57|Activity (animal life circumstance)|C3668946|[fndg]|["Activity"-tx-3-"activity"-noun-0]|TX|508/8|
00000000|MMI|3.57|FDA Establishment Activity Terminology|C4049939|[inpr]|["ACTIVITY"-tx-3-"activity"-noun-0]|TX|508/8|
00000000|MMI|3.57|Negation|C1518422|[ftcn]|["Not"-tx-3-"NOT"-adv-0]|TX|1005/3|
00000000|MMI|3.57|Percent Activity|C0439167|[qnco]|["% Activity"-tx-3-"activity"-noun-0]|TX|508/8|
00000000|MMI|3.57|Physical Activity Measurement|C4049938|[lbpr]|["ACTIVITY"-tx-3-"activity"-noun-0]|TX|508/8|
00000000|MMI|3.57|R prime|C2603358|[clna]|["R'"-tx-3-"R"-noun-0]|TX|1014/1|
00000000|MMI|3.57|Right|C0205090|[spco]|["R-"-tx-3-"R"-noun-0]|TX|1014/1|
00000000|MMI|3.56|Hospital course|C0489547|[fndg]|["Hospital course"-tx-3-"HOSPITAL COURSE"-noun-1]|TX|1057/15|
00000000|MMI|3.56|Hospital course:Finding:Point in time:^Patient:Narrative|C0488549|[clna]|["Hospital course"-tx-3-"HOSPITAL COURSE"-noun-0]|TX|1057/15|
00000000|MMI|3.55|Conditional|C1701901|[qlco]|["Contingent"-tx-1-"CONTINGENT"-noun-0]|TX|279/10|
00000000|MMI|3.55|Used by|C1273517|[fndg]|["used"-tx-1-"USED"-verb-0]|TX|342/4|
00000000|MMI|3.54|Behavior Rating Inventory of Executive Function|C4050216|[inpr]|["BRIEF"-tx-3-"BRIEF"-adj-0]|TX|1041/5|
00000000|MMI|3.54|Brief|C1879313|[tmco]|["Brief"-tx-3-"BRIEF"-adj-0]|TX|1041/5|
00000000|MMI|3.54|Curriculum Vitae|C1880201|[inpr]|["Resume"-tx-3-"RESUME"-noun-0]|TX|1047/6|
00000000|MMI|3.54|Resume - Remote control command|C1550028|[idcn]|["Resume"-tx-3-"RESUME"-noun-0]|TX|1047/6|
00000000|MMI|3.54|Shortened|C1282927|[qlco]|["brief"-tx-3-"BRIEF"-adj-0]|TX|1041/5|
00000000|MMI|3.54|resume - DataOperation|C3242342|[ftcn]|["resume"-tx-3-"RESUME"-noun-0]|TX|1047/6|
00000000|MMI|3.53|Doctor of Chiropractic|C1512015|[inpr]|["D.C."-tx-1-"D/C"-noun-0]|TX|329/3|
00000000|MMI|3.50|Causing|C0678227|[ftcn]|["Causing"-tx-3-"Causing"-adj-0]|TX|665/7|
00000000|MMI|3.50|Yes (indicator)|C1705108|[cnce]|["YES"-tx-1-"YES"-noun-0]|TX|367/3|
00000000|MMI|3.50|Yes - Yes/no indicator|C1549445|[idcn]|["Yes"-tx-1-"YES"-noun-0]|TX|367/3|
00000000|MMI|3.50|dictated - DocumentCompletion|C1609990|[idcn]|["Dictated"-tx-4-"dictated"-adj-0]|TX|1170/8|
00000000|MMI|3.50|dictated - ParticipationMode|C1548384|[ftcn]|["dictated"-tx-4-"dictated"-adj-0]|TX|1170/8|
00000000|MMI|3.48|Administration procedure|C1533734|[topp]|["Treatment"-tx-3-"Treatment"-noun-0]|TX|768/9|
00000000|MMI|3.48|Biomaterial Treatment|C1705169|[cnce]|["Treatment"-tx-3-"Treatment"-noun-0]|TX|768/9|
00000000|MMI|3.48|Full|C0443225|[qlco]|["Full"-tx-3-"Full"-adj-0]|TX|422/4|
00000000|MMI|3.48|Primary|C0205225|[qlco]|["Principal"-tx-3-"PRINCIPAL"-adj-0]|TX|606/9|
00000000|MMI|3.48|Teaching principal|C0401925|[prog]|["Principal"-tx-3-"PRINCIPAL"-adj-0]|TX|606/9|
00000000|MMI|3.48|Therapeutic procedure|C0087111|[topp]|["Treatment"-tx-3-"Treatment"-noun-0]|TX|768/9|E02
00000000|MMI|3.48|Treating|C1522326|[ftcn]|["Treatment"-tx-3-"Treatment"-noun-0]|TX|768/9|
00000000|MMI|3.48|Treatment Epoch|C3538994|[resa]|["TREATMENT"-tx-3-"Treatment"-noun-0]|TX|768/9|
00000000|MMI|3.48|treatment - ActInformationManagementReason|C3887704|[hlca]|["treatment"-tx-3-"Treatment"-noun-0]|TX|768/9|
00000000|MMI|3.47|House (environment)|C2003847|[mnob]|["House"-tx-3-"House"-noun-0]|TX|479/5|
00000000|MMI|3.47|Patient Condition Code - Stable|C1547311|[inpr]|["Stable"-tx-4-"Stable"-adj-0]|TX|1148/6|
00000000|MMI|3.47|Stable status|C0205360|[qlco]|["STABLE"-tx-4-"Stable"-adj-0]|TX|1148/6|
00000000|MMI|3.46|Diagnostic interview schedule|C0451119|[inpr]|["DIS"-tx-1-"DIS"-noun-0]|TX|84/3|
00000000|MMI|3.45|ABCC8 gene|C1412082|[gngm]|["HI"-tx-1-"Hi"-noun-0]|TX|222/2|
00000000|MMI|3.45|AKAP4 gene|C1412316|[gngm]|["HI"-tx-1-"Hi"-noun-0]|TX|222/2|
00000000|MMI|3.45|Clinical Events Domain|C2827664|[idcn]|["CE"-tx-1-"Ce"-noun-0]|TX|219/2|
00000000|MMI|3.45|No Application Type|C1546968|[idcn]|["NA"-tx-1-"Na"-noun-0]|TX|216/2|
00000000|MMI|3.45|Not Applicable|C1272460|[qlco]|["{NA}"-tx-1-"Na"-noun-0]|TX|216/2|
00000000|MMI|3.45|Package Type Not Applicable|C4049872|[ftcn]|["NA"-tx-1-"Na"-noun-0]|TX|216/2|
00000000|MMI|3.45|Silvan|C0144237|[orch]|["Sylvan"-tx-1-"SILVA"-noun-0]|TX|393/5|
00000000|MMI|3.45|So