00000000|MMI|85.46|Blood Pressure|C0005823|[orgf]|["BLOOD PRESSURE"-tx-49-"blood pressure"-noun-0,"BLOOD PRESSURE"-tx-46-"blood pressure"-noun-0,"BLOOD PRESSURE"-tx-24-"blood pressure"-noun-0,"BLOOD PRESSURE"-tx-18-"blood pressure"-noun-0,"BLOOD PRESSURE"-tx-13-"blood pressure"-noun-0]|TX|3869/14;3556/14;1923/14;1437/14;1110/14|E01.370.600.875.249;G09.330.380.076
00000000|MMI|85.46|Systemic arterial pressure|C1272641|[fndg]|["Blood pressure"-tx-49-"blood pressure"-noun-1,"Blood pressure"-tx-46-"blood pressure"-noun-0,"Blood pressure"-tx-24-"blood pressure"-noun-0,"Blood pressure"-tx-18-"blood pressure"-noun-0,"Blood pressure"-tx-13-"blood pressure"-noun-0]|TX|3869/14;3556/14;1923/14;1437/14;1110/14|G09.330.380.076.347
00000000|MMI|68.36|Myocardial Infarction|C0027051|[dsyn]|["Infarction, Myocardial"-tx-50-"myocardial infarction"-noun-1,"Infarction, Myocardial"-tx-47-"myocardial infarction"-noun-0,"Infarction, Myocardial"-tx-42-"myocardial infarction"-noun-1,"Infarction, Myocardial"-tx-39-"myocardial infarction"-noun-0,"Infarction, Myocardial"-tx-21-"myocardial infarction"-noun-0]|TX|4038/21;3599/21;3133/21;2926/21;1705/21|C14.280.647.500;C14.907.585.500
00000000|MMI|59.67|Captopril|C0006938|[aapp,phsu]|["CAPTOPRIL"-tx-45-"Captopril"-noun-0,"CAPTOPRIL"-tx-20-"Captopril"-noun-0,"CAPTOPRIL"-tx-17-"Captopril"-noun-0]|TX|3508/9;1558/9;1403/9|D12.125.072.401.623.270
00000000|MMI|49.67|Electrocardiogram|C0013798|[fndg]|["EKG"-tx-49-"EKG"-noun-1,"Electrocardiogram"-tx-36-"electrocardiogram"-noun-0,"Electrocardiogram"-tx-9-"electrocardiogram"-noun-0]|TX|3844/3;2607/17;838/17|E01.370.370.380.240;E01.370.405.240
00000000|MMI|49.67|Electrocardiography|C1623258|[diap]|["EKG"-tx-49-"EKG"-noun-0,"Electrocardiogram"-tx-36-"electrocardiogram"-noun-0,"Electrocardiogram"-tx-9-"electrocardiogram"-noun-0]|TX|3844/3;2607/17;838/17|E01.370.370.380.240;E01.370.405.240
00000000|MMI|49.34|Left Ventricular Hypertrophy|C0149721|[dsyn]|["LVH"-tx-43-"LVH"-noun-0,"LVH"-tx-37-"LVH"-noun-0,"LVH"-tx-9-"LVH"-noun-0]|TX|3217/3;2735/3;863/3|C14.280.195.400;C23.300.775.250.400
00000000|MMI|49.27|Nitroglycerin|C0017887|[orch,phsu]|["nitroglycerine"-tx-52-"Nitroglycerin"-noun-0,"nitroglycerine"-tx-12-"Nitroglycerin"-noun-0,"nitroglycerine"-tx-10-"Nitroglycerin"-noun-0]|TX|4241/13;1063/13;915/13|D02.033.800.421.560;D02.640.636
00000000|MMI|40.25|Portugal|C0032729|[geoa]|["PO"-tx-52-"po"-noun-0,"PO"-tx-20-"po"-noun-0]|TX|[4165/2],[4191/2],[4219/2];1613/2|Z01.542.727
00000000|MMI|39.43|Creatine Kinase|C0010287|[aapp,enzy]|["CK"-tx-40-"CK"-noun-0,"CK"-tx-34-"CK"-noun-0]|TX|2958/2;2567/2|D08.811.913.696.640.150
00000000|MMI|39.42|Cartilage-hair hypoplasia|C0220748|[cgab,dsyn]|["CHH"-tx-54-"CHH"-noun-0,"CHH"-tx-13-"CHH"-noun-0,"CHH"-tx-9-"CHH"-noun-0]|TX|4359/3;1128/3;808/3|x.x.x.x
00000000|MMI|38.98|Lopressor|C0700776|[orch,phsu]|["Lopressor"-tx-44-"Lopressor"-noun-0,"Lopressor"-tx-12-"Lopressor"-noun-0]|TX|3436/9;1048/9|D02.033.100.624.698.573;D02.033.755.624.698.573;D02.092.063.624.698.573
00000000|MMI|33.08|Pain|C0030193|[sosy]|["PAIN"-tx-14-"pain"-noun-0,"PAIN"-tx-9-"pain"-noun-0]|TX|1154/4;826/4|C10.597.617;C23.888.592.612;F02.830.816.444;G11.561.600.810.444
00000000|MMI|32.91|Chest Pain|C0008031|[sosy]|["CHEST PAIN"-tx-52-"chest pain"-noun-0,"CHEST PAIN"-tx-49-"chest pain"-noun-1]|TX|4305/10;3779/10|C10.597.617.192;C23.888.592.612.233
00000000|MMI|32.84|Exercise stress test|C0015260|[diap]|["Exercise tolerance test NOS"-tx-48-"exercise tolerance test"-noun-0,"Exercise tolerance test NOS"-tx-47-"exercise tolerance test"-noun-0]|TX|3698/23;3639/23|E01.370.370.380.250;E01.370.386.700.250;E05.333.250
00000000|MMI|32.70|Coronary Care Units|C0010066|[hcro,mnob]|["Coronary care unit"-tx-41-"coronary care unit"-noun-0,"Coronary care unit"-tx-39-"coronary care unit"-noun-0]|TX|3009/18;2888/18|N02.278.388.493.211
00000000|MMI|32.65|Pulse Rate|C0232117|[clna]|["PULSE"-tx-49-"pulse"-noun-0,"PULSE"-tx-24-"pulse"-noun-0]|TX|3905/5;1952/5|E01.370.600.875.500;G09.330.380.500
00000000|MMI|32.63|Dominican Republic|C0013014|[geoa]|["DR"-tx-54-"Dr"-noun-0,"DR"-tx-53-"Dr"-noun-0]|TX|4396/2;4345/2|Z01.107.084.900.300;Z01.639.880.300
00000000|MMI|32.44|Mastodynia|C0024902|[sosy]|["Pain of breast"-tx-4-"of chest pain"-noun-1,"Pain of breast"-tx-2-"of chest pain"-noun-0]|TX|461/13;339/13|C10.597.617.229;C23.888.592.612.530;F02.830.816.308;G11.561.600.810.308
00000000|MMI|32.42|Ivory Coast|C0022326|[geoa]|["IV"-tx-12-"IV"-noun-0]|TX|[1045/2],[1060/2]|Z01.058.290.190.272
00000000|MMI|32.38|Iodides|C0021966|[inch]|["I-"-tx-54-"I"-noun-0,"I-"-tx-11-"I"-noun-0]|TX|4363/1;964/1|D01.248.497.158.490;D01.475.410
00000000|MMI|32.36|Sublingual Route of Drug Administration|C0001565|[ftcn]|["SUBLINGUAL"-tx-12-"sublingual"-adj-0,"SUBLINGUAL"-tx-10-"sublingual"-adj-0]|TX|1083/10;904/10|E02.319.267.100.878
00000000|MMI|30.48|Hypertensive disease|C0020538|[dsyn]|["HYPERTENSION"-tx-44-"hypertension"-noun-0,"HYPERTENSION"-tx-16-"hypertension"-noun-0,"HYPERTENSION"-tx-3-"hypertension"-noun-0]|TX|3393/12;1327/12;402/12|C14.907.489
00000000|MMI|28.77|Homo sapiens|C0086418|[humn]|["MAN"-tx-2-"man"-noun-0]|TX|228/3|B01.050.150.900.649.801.400.112.400.400
00000000|MMI|26.91|Dyspnea|C0013404|[sosy]|["SHORTNESS OF BREATH"-tx-49-"shortness of breath"-noun-1,"SHORTNESS OF BREATH"-tx-8-"shortness of breath"-noun-0]|TX|3793/19;756/19|C08.618.326;C23.888.852.371
00000000|MMI|26.28|Physicians|C0031831|[prog]|["DR"-tx-54-"Dr"-noun-0,"DR"-tx-53-"Dr"-noun-0]|TX|4396/2;4345/2|M01.526.485.810;N02.360.810
00000000|MMI|25.70|Show|C1547282|[anim]|["Show"-tx-50-"showed"-verb-0,"Show"-tx-43-"showed"-verb-0,"Show"-tx-38-"showed"-verb-0,"Show"-tx-36-"showed"-verb-0,"Show"-tx-25-"showed"-verb-0,"Show"-tx-9-"showed"-verb-0]|TX|3934/6;3190/6;2768/6;2625/6;1992/6;856/6|
00000000|MMI|22.48|therapeutic aspects|C0039798|[ftcn]|["treatment"-tx-15-"treatment"-noun-0]|TX|1251/9|x.x.x.x.x.x.x
00000000|MMI|22.44|Running (physical activity)|C0035953|[dora]|["run"-tx-5-"ran"-verb-0]|TX|479/3|G11.427.590.530.568.610;G11.427.590.530.698.277.750;I03.350.750;I03.450.642.845.610
00000000|MMI|22.36|Father (person)|C0015671|[famg]|["Father"-tx-21-"father"-noun-0]|TX|1686/6|F01.829.263.500.320.100;I01.880.853.150.500.340.210;M01.620.390
00000000|MMI|20.95|Axis vertebra|C0004457|[bpoc]|["Axis"-tx-36-"axis"-noun-0]|TX|2709/4|A02.835.232.834.151.383
00000000|MMI|20.39|Cocos (Keeling) Islands|C0009212|[geoa]|["CK"-tx-40-"CK"-noun-0,"CK"-tx-34-"CK"-noun-0]|TX|2958/2;2567/2|Z01.639.520
00000000|MMI|19.95|Historical aspects qualifier|C0019665|[ftcn]|["history"-tx-4-"history"-noun-0]|TX|[434/7],[453/7]|x.x.x
00000000|MMI|19.41|Magnesium Sulfate|C0024480|[inch,phsu]|["Magnesium sulphate"-tx-12-"Magnesium Sulfate"-noun-0]|TX|1025/17|D01.524.550;D01.875.800.800.850.500
00000000|MMI|19.41|Uncertainty|C0087130|[fndg]|["Unsure"-tx-17-"unsure"-adj-0]|TX|1381/6|E05.318.740.600.900;F02.463.785.373.820;G17.680.875;N05.715.360.750.625.850;N06.850.520.830.600.900
00000000|MMI|19.40|Activated Partial Thromboplastin Time measurement|C0030605|[lbpr]|["PTT"-tx-35-"PTT"-noun-0]|TX|2593/3|E01.370.225.625.115.600;E05.200.625.115.600;G09.188.660
00000000|MMI|19.36|Atenolol|C0004147|[orch,phsu]|["ATENOLOL"-tx-45-"Atenolol"-noun-0]|TX|3495/8|D02.033.100.624.698.070;D02.033.755.624.698.070;D02.092.063.624.698.070
00000000|MMI|19.22|Accident and Emergency department|C0562508|[hcro]|["EMERGENCY ROOM"-tx-15-"emergency room"-noun-0]|TX|1268/14|N02.278.216.500.968.336;N02.421.297.195;N04.452.442.422.336
00000000|MMI|19.18|Blood pressure finding|C1271104|[fndg]|["Blood Pressure"-tx-49-"blood pressure"-noun-1,"Blood Pressure"-tx-46-"blood pressure"-noun-0,"Blood Pressure"-tx-24-"blood pressure"-noun-0,"Blood Pressure"-tx-18-"blood pressure"-noun-0,"Blood Pressure"-tx-13-"blood pressure"-noun-0]|TX|3869/14;3556/14;1923/14;1437/14;1110/14|
00000000|MMI|19.10|Daily|C0332173|[tmco]|["/day"-tx-52-"day"-noun-0,"/day"-tx-44-"day"-noun-0,"/day"-tx-6-"day"-noun-0]|TX|[4170/3],[4196/3],[4224/3];3467/3;595/3|
00000000|MMI|19.10|day|C0439228|[tmco]|["DAY"-tx-52-"day"-noun-0,"DAY"-tx-44-"day"-noun-0,"DAY"-tx-6-"day"-noun-0]|TX|[4170/3],[4196/3],[4224/3];3467/3;595/3|
00000000|MMI|19.10|per day|C0439505|[tmco]|["/day"-tx-52-"day"-noun-0,"/day"-tx-44-"day"-noun-0,"/day"-tx-6-"day"-noun-0]|TX|[4170/3],[4196/3],[4224/3];3467/3;595/3|
00000000|MMI|18.65|Electrocardiogram: myocardial infarction (finding)|C0428953|[lbtr]|["MYOCARDIAL INFARCTION"-tx-50-"myocardial infarction"-noun-1,"MYOCARDIAL INFARCTION"-tx-47-"myocardial infarction"-noun-0,"MYOCARDIAL INFARCTION"-tx-42-"myocardial infarction"-noun-1,"MYOCARDIAL INFARCTION"-tx-39-"myocardial infarction"-noun-0,"MYOCARDIAL INFARCTION"-tx-21-"myocardial infarction"-noun-0]|TX|4038/21;3599/21;3133/21;2926/21;1705/21|
00000000|MMI|18.65|Myocardial Infarction ECG Assessment|C3810814|[diap]|["Myocardial Infarction"-tx-50-"myocardial infarction"-noun-0,"Myocardial Infarction"-tx-47-"myocardial infarction"-noun-0,"Myocardial Infarction"-tx-42-"myocardial infarction"-noun-0,"Myocardial Infarction"-tx-39-"myocardial infarction"-noun-0,"Myocardial Infarction"-tx-21-"myocardial infarction"-noun-0]|TX|4038/21;3599/21;3133/21;2926/21;1705/21|
00000000|MMI|18.65|Myocardial infarction:Finding:Point in time:^Patient:Ordinal|C2926063|[clna]|["Myocardial infarction"-tx-50-"myocardial infarction"-noun-0,"Myocardial infarction"-tx-47-"myocardial infarction"-noun-0,"Myocardial infarction"-tx-42-"myocardial infarction"-noun-0,"Myocardial infarction"-tx-39-"myocardial infarction"-noun-0,"Myocardial infarction"-tx-21-"myocardial infarction"-noun-0]|TX|4038/21;3599/21;3133/21;2926/21;1705/21|
00000000|MMI|17.80|Echocardiography|C0013516|[diap]|["ECHOCARDIOGRAM"-tx-43-"Echocardiogram"-noun-0]|TX|3156/14|E01.370.350.130.750;E01.370.350.850.220;E01.370.370.380.220
00000000|MMI|17.80|Togo|C0040363|[geoa]|["TO"-tx-36-"to"-adv-0]|TX|2636/2|Z01.058.290.190.800
00000000|MMI|17.80|Tryptophanase|C0041260|[aapp,enzy]|["TO"-tx-36-"to"-adv-0]|TX|2636/2|D08.811.520.224.800
00000000|MMI|16.30|Hypokinesia|C0086439|[sosy]|["Hypokinesis"-tx-43-"hypokinesis"-noun-0]|TX|3272/11|C10.597.350.400;C23.888.592.350.400
00000000|MMI|16.30|Nifedipine|C0028066|[orch,phsu]|["NIFEDIPINE"-tx-12-"Nifedipine"-noun-0]|TX|1094/10|D03.383.725.203.540
00000000|MMI|16.25|Creatinine|C0010294|[bacs,orch]|["CREATININE"-tx-33-"creatinine"-noun-0]|TX|2476/10|D03.383.129.308.207
00000000|MMI|16.25|Hematocrit procedure|C0018935|[lbpr]|["Hematocrit"-tx-33-"hematocrit"-noun-0]|TX|2507/10|E01.370.225.625.400;E05.200.625.400;G09.188.370.374
00000000|MMI|16.20|Antihypertensive Agents|C0003364|[phsu]|["Blood Pressure Medicines"-tx-5-"blood pressure medicines"-noun-0]|TX|494/24|D27.505.954.411.162
00000000|MMI|16.18|Drug Control|C0013168|[gora]|["control Medication"-tx-18-"control medication"-noun-0]|TX|1452/7,1484/10|I01.880.604.605.250;N03.706.615.402.250;N04.452.706.310
00000000|MMI|16.18|Age of Onset|C0206132|[qnco]|["Onset"-tx-6-"onset"-noun-0]|TX|640/5|N05.715.350.075.100;N06.850.490.250.100
00000000|MMI|16.16|In Blood|C0005768|[bdsu]|["BLOOD"-tx-49-"blood"-noun-0]|TX|3869/5|x.x.x.x.x
00000000|MMI|16.08|African American|C0085756|[popg]|["Black"-tx-23-"black"-adj-0]|TX|1882/5|M01.686.508.100.100;M01.686.754.100
00000000|MMI|15.94|Medications:-:Point in time:^Patient:-|C2598133|[clna]|["Medications"-tx-52-"MEDICATIONS"-noun-0,"Medications"-tx-46-"medications"-noun-0,"Medications"-tx-20-"MEDICATIONS"-noun-0,"Medications"-tx-17-"medications"-noun-0]|TX|4136/11;3530/11;1532/11;1357/11|
00000000|MMI|15.94|Medications:Presence or Identity:Duration of the study:^Patient:Nominal|C0802604|[clna]|["Medications"-tx-52-"MEDICATIONS"-noun-0,"Medications"-tx-46-"medications"-noun-0,"Medications"-tx-20-"MEDICATIONS"-noun-0,"Medications"-tx-17-"medications"-noun-0]|TX|4136/11;3530/11;1532/11;1357/11|
00000000|MMI|15.94|Pharmaceutical Preparations|C0013227|[phsu]|["Medications"-tx-52-"MEDICATIONS"-noun-0,"Medications"-tx-46-"medications"-noun-0,"Medications"-tx-20-"MEDICATIONS"-noun-0,"Medications"-tx-17-"medications"-noun-0]|TX|4136/11;3530/11;1532/11;1357/11|D26
00000000|MMI|14.64|Abdominal Cavity|C0230168|[blor]|["Abdomen"-tx-30-"Abdomen"-noun-0]|TX|2283/7|A01.923.047.025
00000000|MMI|14.64|Nausea|C0027497|[sosy]|["Nauseated"-tx-7-"nauseated"-verb-0]|TX|706/9|C23.888.821.712
00000000|MMI|14.64|Oxygen|C0030054|[elii,phsu]|["OXYGEN"-tx-10-"oxygen"-noun-0]|TX|893/6|D01.268.185.550;D01.362.670;x.x.x.x
00000000|MMI|14.64|Vomiting|C0042963|[sosy]|["VOMITING"-tx-7-"vomiting"-noun-1]|TX|729/8|C23.888.821.937
00000000|MMI|14.32|Good|C0205170|[qlco]|["Good"-tx-46-"good"-adj-0,"Good"-tx-30-"good"-adj-0,"Good"-tx-18-"good"-adj-0,"Well"-tx-6-"well"-adv-0]|TX|3551/4;2292/4;1432/4;580/4|
00000000|MMI|14.25|Oral|C0442027|[spco]|["PO"-tx-52-"po"-noun-0,"PO"-tx-20-"po"-noun-0]|TX|[4165/2],[4191/2],[4219/2];1613/2|
00000000|MMI|13.71|Neck|C0027530|[blor]|["NECK"-tx-26-"Neck"-noun-0,"NECK"-tx-25-"neck"-noun-0]|TX|2030/4;1982/4|A01.598
00000000|MMI|13.60|History|C0019664|[ocdi]|["History"-tx-4-"history"-noun-0]|TX|[434/7],[453/7]|K01.400
00000000|MMI|13.54|Work|C0043227|[ocac]|["works"-tx-22-"works"-verb-0,"Work"-tx-6-"work"-noun-0]|TX|1757/5;621/4|I03.946
00000000|MMI|13.36|Neurologic Examination|C0027853|[diap]|["neurological exam"-tx-32-"Neurologic exam"-noun-0]|TX|2397/15|E01.370.376.550;E01.370.600.550
00000000|MMI|13.22|Pain-Free|C0908489|[orch]|["Pain-Free"-tx-15-"pain-free"-adj-0]|TX|1231/9|x.x.x.x
00000000|MMI|13.14|Evaluation|C0220825|[hlca]|["Evaluation"-tx-33-"EVALUATION"-noun-0]|TX|2439/10|E05.337;N05.715.360.335
00000000|MMI|13.14|Glucose|C0017725|[bacs,orch,phsu]|["GLUCOSE"-tx-33-"glucose"-noun-0]|TX|2493/7|D09.546.359.448
00000000|MMI|13.14|Splenomegaly|C0038002|[fndg]|["SPLENOMEGALY"-tx-30-"splenomegaly"-noun-1]|TX|2323/12|C23.300.775.750
00000000|MMI|13.09|Potassium|C0032821|[elii]|["POTASSIUM"-tx-33-"potassium"-noun-0]|TX|2451/9|D01.268.549.550;D01.268.557.575;D01.552.528.652;D01.552.547.650;x.x.x.x
00000000|MMI|13.05|Blood Platelets|C0005821|[cell]|["Platelets"-tx-33-"platelets"-noun-0]|TX|2549/9|A11.118.188;A15.145.229.188
00000000|MMI|13.05|Cardiology discipline|C0007189|[bmod]|["Cardiology"-tx-54-"Cardiology"-noun-0]|TX|4383/10|H02.403.429.163
00000000|MMI|13.03|MB 5|C0602256|[orch]|["MB 5"-tx-40-"MB 5"-noun-0]|TX|2974/2,2992/1|x.x.x.x
00000000|MMI|13.03|Diltiazem|C0012373|[orch,phsu]|["DILTIAZEM"-tx-20-"Diltiazem"-noun-0]|TX|1623/9|D03.438.079.150
00000000|MMI|13.01|Mongolia|C0026410|[geoa]|["MG"-tx-44-"mg"-noun-0]|TX|3450/2|Z01.252.474.651
00000000|MMI|12.91|Auscultation|C0004339|[diap]|["AUSCULTATION"-tx-27-"auscultation"-noun-0]|TX|2085/12|E01.370.600.060
00000000|MMI|12.90|Caucasoid Race|C0007457|[popg]|["WHITE"-tx-33-"white"-adj-0]|TX|2525/5|M01.686.508.400
00000000|MMI|12.89|Emergencies [Disease/Finding]|C2745965|[patf]|["Emergency"-tx-15-"emergency"-noun-0]|TX|1268/9|C23.550.291.781;N06.230.100.083;N06.850.376
00000000|MMI|11.92|Negation|C1518422|[ftcn]|["Non"-tx-32-"non"-adj-0,"Not"-tx-22-"not"-adv-0]|TX|2417/3;[1808/3],[1827/3]|
00000000|MMI|11.49|Abdomen|C0000726|[blor]|["ABDOMEN"-tx-30-"Abdomen"-noun-0]|TX|2283/7|A01.923.047
00000000|MMI|11.49|Cardiac Arrhythmia|C0003811|[fndg]|["Arrhythmias"-tx-42-"arrhythmias"-noun-1]|TX|3097/11|C14.280.067;C23.550.073
00000000|MMI|11.49|Clubbed Fingers|C0009080|[anab]|["Clubbing"-tx-31-"clubbing"-noun-1]|TX|2365/8|C05.116.758;C05.550.684
00000000|MMI|11.49|Cyanosis|C0010520|[sosy]|["CYANOSIS"-tx-31-"cyanosis"-noun-1]|TX|2376/8|C23.888.248
00000000|MMI|11.49|Edema|C0013604|[fndg]|["OEDEMA"-tx-31-"edema"-noun-1]|TX|2390/5|C23.888.277
00000000|MMI|11.49|Heart murmur|C0018808|[fndg]|["murmurs"-tx-29-"murmurs"-noun-1]|TX|2196/7|C23.888.447
00000000|MMI|11.49|Ischemia|C0022116|[patf]|["Ischaemia, NOS"-tx-50-"ischemia"-noun-1]|TX|4067/8|C23.550.513
00000000|MMI|11.49|Oropharyngeal|C0521367|[blor]|["OROPHARYNX"-tx-25-"oropharynx"-noun-0]|TX|2007/10|A04.623.603;A14.724.603
00000000|MMI|11.49|Physical Examination|C0031809|[hlca]|["PHYSICAL EXAMINATION"-tx-23-"PHYSICAL EXAMINATION"-noun-0]|TX|1838/20|E01.370.600
00000000|MMI|11.49|Smoke|C0037366|[hops]|["Smoke"-tx-22-"smoke"-verb-0]|TX|1831/5|D20.633.937
00000000|MMI|11.27|Medical History|C0262926|[fndg]|["Past Medical History"-tx-16-"PAST MEDICAL HISTORY"-noun-0,"History"-tx-4-"history"-noun-1]|TX|1284/20;[434/7],[453/7]|
00000000|MMI|11.25|Hypertension Adverse Event|C1963138|[fndg]|["Hypertension"-tx-44-"hypertension"-noun-0,"Hypertension"-tx-16-"hypertension"-noun-0,"Hypertension"-tx-3-"hypertension"-noun-0]|TX|3393/12;1327/12;402/12|
00000000|MMI|11.05|History of present illness|C0262512|[orga]|["History, NOS"-tx-4-"history"-noun-0,"HISTORY OF PRESENT ILLNESS"-tx-1-"HISTORY OF PRESENT ILLNESS"-noun-0]|TX|[434/7],[453/7];172/26|
00000000|MMI|10.81|Glonoine, nitroglycerine, Homeopathic preparation|C0885378|[orch,phsu]|["nitroglycerine"-tx-52-"Nitroglycerin"-noun-0,"nitroglycerine"-tx-12-"Nitroglycerin"-noun-0,"nitroglycerine"-tx-10-"Nitroglycerin"-noun-0]|TX|4241/13;1063/13;915/13|
00000000|MMI|10.51|Peak level|C0444505|[qnco]|["Peak"-tx-49-"peak"-adj-0,"Peak"-tx-40-"peak"-adj-0]|TX|[3864/4],[3900/4];2953/4|
00000000|MMI|10.42|Doctor of Medicine|C1512018|[inpr]|["M.D."-tx-57-"M.D"-noun-0,"M.D."-tx-55-"M.D"-noun-0]|TX|4472/3;4438/3|
00000000|MMI|10.42|Electro-Cardiogram|C1547122|[spco]|["Electro-Cardiogram"-tx-36-"electrocardiogram"-noun-0,"Electro-Cardiogram"-tx-9-"electrocardiogram"-noun-0]|TX|2607/17;838/17|
00000000|MMI|10.42|Electrocardiogram Domain|C1705651|[inpr]|["Electrocardiogram"-tx-36-"electrocardiogram"-noun-0,"Electrocardiogram"-tx-9-"electrocardiogram"-noun-0]|TX|2607/17;838/17|
00000000|MMI|10.42|Then|C1883708|[tmco]|["Then"-tx-45-"then"-adv-0,"Then"-tx-14-"then"-adv-0]|TX|3479/4;1159/4|
00000000|MMI|10.06|Drug Allergy|C0013182|[dsyn]|["Drug Allergies"-tx-19-"drug allergies"-noun-1]|TX|1516/14|C20.543.206;C25.100.468
00000000|MMI|9.88|Cessation of life|C0011065|[orgf]|["Died"-tx-21-"died"-verb-0]|TX|1697/4|C23.550.260
00000000|MMI|9.87|Complication Aspects|C1171258|[patf]|["complications"-tx-42-"complications"-noun-1]|TX|3112/13|x.x.x
00000000|MMI|9.86|Blood|C0005767|[tisu]|["Blood"-tx-49-"blood"-noun-0]|TX|3869/5|A12.207.152;A15.145
00000000|MMI|9.85|Males|C0086582|[orga]|["MAN"-tx-2-"man"-noun-0]|TX|228/3|x.x.x
00000000|MMI|9.81|Laboratory|C0022877|[mnob,orgt]|["LABORATORY"-tx-33-"LABORATORY"-noun-0]|TX|2428/10|N02.278.487
00000000|MMI|9.76|Thiazides|C0541746|[orch,phsu]|["thiazide"-tx-20-"thiazide"-noun-0]|TX|1598/8|D02.886.655
00000000|MMI|8.34|Emotions|C0013987|[menp]|["feeling"-tx-6-"feeling"-verb-0]|TX|572/7|F01.470
00000000|MMI|8.34|Feelings|C1527305|[menp]|["Feeling"-tx-6-"feeling"-verb-0]|TX|572/7|F01.470
00000000|MMI|8.34|Head|C0018670|[blor]|["HEAD"-tx-25-"Head"-noun-0]|TX|1973/4|A01.456
00000000|MMI|8.34|Hypersensitivity|C0020517|[patf]|["Allergies"-tx-19-"ALLERGIES"-noun-0]|TX|1496/9|C20.543
00000000|MMI|8.34|Limb structure|C0015385|[bpoc]|["Extremities"-tx-31-"Extremities"-noun-0]|TX|2349/11|A01.378
00000000|MMI|8.34|Lung|C0024109|[bpoc]|["LUNGS"-tx-27-"Lungs"-noun-0]|TX|2065/5|A04.411
00000000|MMI|8.34|Lymphadenopathy|C0497156|[fndg]|["ADENOPATHY"-tx-26-"adenopathy"-noun-1]|TX|2053/10|C15.604
00000000|MMI|8.34|Patients|C0030705|[podg]|["*^patient"-tx-39-"Patient"-noun-0]|TX|2860/7|M01.643
00000000|MMI|7.88|Shortness of breath:-:Point in time:^Patient:-|C2707305|[clna]|["Shortness of breath"-tx-49-"shortness of breath"-noun-0,"Shortness of breath"-tx-8-"shortness of breath"-noun-0]|TX|3793/19;756/19|
00000000|MMI|7.70|Pain NOS Adverse Event|C1962977|[fndg]|["Pain NOS"-tx-14-"pain"-noun-0,"Pain NOS"-tx-9-"pain"-noun-0]|TX|1154/4;826/4|
00000000|MMI|7.53|Chest pain:Finding:Point in time:^Patient:Ordinal|C2926613|[clna]|["Chest pain"-tx-52-"chest pain"-noun-0,"Chest pain"-tx-49-"chest pain"-noun-0]|TX|4305/10;3779/10|
00000000|MMI|7.46|Exercise stress ECG test|C1304755|[diap]|["Exercise tolerance test"-tx-48-"exercise tolerance test"-noun-0,"Exercise tolerance test"-tx-47-"exercise tolerance test"-noun-0]|TX|3698/23;3639/23|
00000000|MMI|7.45|Presentation|C0449450|[idcn]|["Presentation"-tx-5-"presentation"-noun-0,"Present"-tx-2-"presents"-verb-0]|TX|551/12;315/8|
00000000|MMI|7.40|Medical Examination|C0582103|[hlca]|["Exam"-tx-28-"exam"-noun-0,"Exam"-tx-25-"exam"-noun-0]|TX|2118/4;1987/4|
00000000|MMI|7.36|Entire neck|C1281592|[bpoc]|["Neck"-tx-26-"Neck"-noun-0,"Neck"-tx-25-"neck"-noun-0]|TX|2030/4;1982/4|
00000000|MMI|7.36|dendritic spine neck|C3159206|[celc]|["neck"-tx-26-"Neck"-noun-0,"neck"-tx-25-"neck"-noun-0]|TX|2030/4;1982/4|
00000000|MMI|7.30|Changed status|C0443172|[qnco]|["changes"-tx-50-"changes"-noun-0,"Changed"-tx-45-"changed"-verb-0]|TX|4012/7;3484/7|
00000000|MMI|7.30|Changing|C0392747|[ftcn]|["changes"-tx-50-"changes"-noun-0,"Changed"-tx-45-"changed"-verb-0]|TX|4012/7;3484/7|
00000000|MMI|7.27|Physiologic pulse|C0391850|[phsf]|["Pulse"-tx-49-"pulse"-noun-1,"Pulse"-tx-24-"pulse"-noun-0]|TX|3905/5;1952/5|
00000000|MMI|7.27|Pulse phenomenon|C1947910|[phpr]|["Pulse"-tx-49-"pulse"-noun-0,"Pulse"-tx-24-"pulse"-noun-0]|TX|3905/5;1952/5|
00000000|MMI|7.26|Concept History|C1705255|[cnce]|["History"-tx-4-"history"-noun-0]|TX|[434/7],[453/7]|
00000000|MMI|7.26|History of previous events|C2004062|[fndg]|["History"-tx-4-"history"-noun-1]|TX|[434/7],[453/7]|
00000000|MMI|7.25|Delayed Release Dosage Form|C1707664|[bodm]|["DR"-tx-54-"Dr"-noun-0,"DR"-tx-53-"Dr"-noun-0]|TX|4396/2;4345/2|
00000000|MMI|7.25|Device to Subject Relationship Domain|C3540849|[inpr]|["DR"-tx-54-"Dr"-noun-0,"DR"-tx-53-"Dr"-noun-0]|TX|4396/2;4345/2|
00000000|MMI|7.25|Doctor - Title|C2348314|[cnce]|["Dr."-tx-54-"Dr"-noun-0,"Dr."-tx-53-"Dr"-noun-0]|TX|4396/2;4345/2|
00000000|MMI|7.20|Control function|C2587213|[ftcn]|["Control"-tx-46-"control"-noun-0,"Controlled"-tx-44-"controlled"-verb-0]|TX|3571/7;3420/10|
00000000|MMI|7.19|One week|C4082116|[tmco]|["One week"-tx-47-"One week"-noun-0,"One week"-tx-5-"one week"-noun-0]|TX|3580/8;533/8|
00000000|MMI|7.18|Event Seriousness - Significant|C1546944|[qlco]|["Significant"-tx-21-"Significant"-adj-0,"Significant"-tx-16-"Significant"-adj-0]|TX|1666/11;1306/11|
00000000|MMI|7.18|Significant|C0750502|[idcn]|["Significant"-tx-21-"Significant"-adj-0,"Significant"-tx-16-"Significant"-adj-0]|TX|1666/11;1306/11|
00000000|MMI|7.18|Statistical Significance|C0237881|[qnco]|["significant"-tx-21-"Significant"-adj-0,"significant"-tx-16-"Significant"-adj-0]|TX|1666/11;1306/11|
00000000|MMI|7.16|Treating|C1522326|[ftcn]|["Treatment"-tx-15-"treatment"-noun-0,"Treated"-tx-3-"treated"-verb-0]|TX|1251/9;377/7|
00000000|MMI|7.16|Three|C0205449|[qnco]|["Three"-tx-44-"three"-word_numeral-0,"Three"-tx-17-"three"-word_numeral-0]|TX|3453/5;1351/5|
00000000|MMI|7.14|Admission activity|C0809949|[hlca]|["Admitted"-tx-39-"admitted"-verb-0,"Admission"-tx-6-"admission"-noun-0]|TX|2872/8;602/9|
00000000|MMI|7.14|Hospital admission|C0184666|[hlca]|["admitted"-tx-39-"admitted"-verb-0,"Admission"-tx-6-"admission"-noun-0]|TX|2872/8;602/9|
00000000|MMI|7.12|Approximate|C0332232|[qlco]|["Approximately"-tx-14-"approximately"-adv-0,"Approximately"-tx-5-"approximately"-adv-0]|TX|1189/13;519/13|
00000000|MMI|7.09|+2|C0740116|[qnco]|["+2"-tx-29-"2"-integer-0,"+2"-tx-1-"2"-fraction-0]|TX|2267/1;162/1|
00000000|MMI|7.09|2+|C3833492|[fndg]|["2+"-tx-29-"2"-integer-0,"2+"-tx-1-"2"-fraction-0]|TX|2267/1;162/1|
00000000|MMI|7.09|2+ Score|C2827735|[qnco]|["2+"-tx-29-"2"-integer-0,"2+"-tx-1-"2"-fraction-0]|TX|2267/1;162/1|
00000000|MMI|7.09|2+ Score, WHO|C2981700|[clas]|["2+"-tx-29-"2"-integer-0,"2+"-tx-1-"2"-fraction-0]|TX|2267/1;162/1|
00000000|MMI|7.04|Gait normal|C0231683|[fndg]|["Normal"-tx-36-"normal"-adj-0,"Normal"-tx-28-"normal"-adj-0]|TX|2690/6;2160/6|
00000000|MMI|7.04|Mean Percent of Normal|C2347086|[qnco]|["% Normal"-tx-36-"normal"-adj-0,"% Normal"-tx-28-"normal"-adj-0]|TX|2690/6;2160/6|
00000000|MMI|7.04|Minute (diminutive)|C1282918|[qnco]|["minutes"-tx-52-"minutes"-noun-0,"minutes"-tx-48-"minutes"-noun-0]|TX|4290/7;3683/7|
00000000|MMI|7.04|Minute Unit of Plane Angle|C2347166|[qnco]|["Minute"-tx-52-"minutes"-noun-0,"Minute"-tx-48-"minutes"-noun-0]|TX|4290/7;3683/7|
00000000|MMI|7.04|Minute of time|C0439232|[tmco]|["minutes"-tx-52-"minutes"-noun-0,"minutes"-tx-48-"minutes"-noun-0]|TX|4290/7;3683/7|
00000000|MMI|7.04|Normal|C0205307|[qlco]|["NORMAL"-tx-36-"normal"-adj-0,"NORMAL"-tx-28-"normal"-adj-0]|TX|2690/6;2160/6|
00000000|MMI|7.04|Per Minute|C0702093|[tmco]|["/minute"-tx-52-"minutes"-noun-0,"/minute"-tx-48-"minutes"-noun-0]|TX|4290/7;3683/7|
00000000|MMI|7.04|Percent normal|C0439166|[qnco]|["% normal"-tx-36-"normal"-adj-0,"% normal"-tx-28-"normal"-adj-0]|TX|2690/6;2160/6|
00000000|MMI|7.04|Small|C0700321|[qnco]|["minutes"-tx-52-"minutes"-noun-0,"minutes"-tx-48-"minutes"-noun-0]|TX|4290/7;3683/7|
00000000|MMI|7.00|Blood group antibody I|C0221138|[aapp,imft]|["I NOS"-tx-54-"I"-noun-0,"I NOS"-tx-11-"I"-noun-0]|TX|4363/1;964/1|
00000000|MMI|6.98|Sublingual location|C0558302|[blor]|["Sublingual"-tx-12-"sublingual"-adj-0,"Sublingual"-tx-10-"sublingual"-adj-0]|TX|1083/10;904/10|
00000000|MMI|6.97|Signature|C1519316|[inpr]|["Signed"-tx-1-"Signed"-noun-0]|TX|[83/6],[139/6]|
00000000|MMI|6.97|signed - ParticipationSignature|C1561610|[inpr]|["signed"-tx-1-"Signed"-noun-0]|TX|[83/6],[139/6]|
00000000|MMI|6.97|10%|C3842590|[fndg]|["10%"-tx-59-"10"-fraction-0,"10%"-tx-1-"10"-fraction-0]|TX|4529/2;114/2|
00000000|MMI|6.94|Emotional Strain|C2987481|[menp]|["Strain"-tx-37-"strain"-noun-0,"Strain"-tx-9-"strain"-noun-0]|TX|2744/6;872/6|
00000000|MMI|6.94|Microbiology subtype strains|C0456178|[qlco]|["strain"-tx-37-"strain"-noun-0,"strain"-tx-9-"strain"-noun-0]|TX|2744/6;872/6|
00000000|MMI|6.94|Muscle strain|C0080194|[inpo]|["Strain"-tx-37-"strain"-noun-0,"Strain"-tx-9-"strain"-noun-0]|TX|2744/6;872/6|
00000000|MMI|6.94|Organism Strain|C1518614|[orgm]|["STRAIN"-tx-37-"strain"-noun-0,"STRAIN"-tx-9-"strain"-noun-0]|TX|2744/6;872/6|
00000000|MMI|6.92|Dosage|C0178602|[qnco]|["DOSE"-tx-20-"dose"-noun-0]|TX|[1579/4],[1644/4]|
00000000|MMI|6.92|Dose number:Number:Point in time:^Patient:Quantitative|C1114758|[clna]|["Dose #"-tx-20-"dose"-noun-0]|TX|[1579/4],[1644/4]|
00000000|MMI|6.92|Unit dose|C0869039|[qnco]|["Dose"-tx-20-"dose"-noun-0]|TX|[1579/4],[1644/4]|
00000000|MMI|6.92|Unknown|C0439673|[qlco]|["UNKNOWN"-tx-20-"unknown"-adj-0]|TX|[1571/7],[1636/7]|
00000000|MMI|6.89|Borg Category-Ratio 10 Perceived Exertion Score 3|C4049706|[inpr]|["Moderate"-tx-43-"moderate"-adj-0]|TX|[3197/8],[3321/8]|
00000000|MMI|6.89|Moderate (severity modifier)|C0205081|[qlco]|["Moderate"-tx-43-"moderate"-adj-0]|TX|[3197/8],[3321/8]|
00000000|MMI|6.89|Moderate Extremity Pain|C4049705|[inpr]|["Moderate"-tx-43-"moderate"-adj-0]|TX|[3197/8],[3321/8]|
00000000|MMI|6.89|Moderation|C1881878|[qlco]|["MODERATE"-tx-43-"moderate"-adj-0]|TX|[3197/8],[3321/8]|
00000000|MMI|6.74|Emergency treatment|C0013969|[topp]|["Emergency Treatment"-tx-15-"treatment emergency"-noun-0]|TX|1251/9,1268/9|E02.365
00000000|MMI|6.70|Time|C0040223|[tmco]|["times"-tx-44-"times"-noun-0]|TX|3459/5|G01.910
00000000|MMI|6.69|Male population group|C0025266|[popg]|["Man"-tx-2-"man"-noun-0]|TX|228/3|M01.390
00000000|MMI|6.66|Heart|C0018787|[bpoc]|["Cardiac"-tx-4-"cardiac"-adj-0]|TX|426/7|A07.541
00000000|MMI|5.18|29+|C3843708|[fndg]|["29+"-tx-36-"29"-integer-0]|TX|2719/2|
00000000|MMI|5.18|Abortion consent:Finding:Point in time:^Patient:Document|C2360836|[clna]|["Patient"-tx-39-"Patient"-noun-0]|TX|2860/7|
00000000|MMI|5.18|All extremities|C0278454|[bpoc]|["extremities"-tx-31-"Extremities"-noun-0]|TX|2349/11|
00000000|MMI|5.18|Apyrexial|C0277797|[fndg]|["Afebrile"-tx-24-"afebrile"-adj-0]|TX|1963/8|
00000000|MMI|5.18|Attending (action)|C1999232|[ftcn]|["attending"-tx-56-"Attending"-noun-0]|TX|4443/9|
00000000|MMI|5.18|Attending (provider role)|C1547429|[prog]|["Attending"-tx-56-"Attending"-noun-0]|TX|4443/9|
00000000|MMI|5.18|Axis|C1522496|[spco]|["Axis"-tx-36-"axis"-noun-0]|TX|2709/4|
00000000|MMI|5.18|Benign|C0205183|[qlco]|["BENIGN"-tx-25-"benign"-adj-0]|TX|2022/6|
00000000|MMI|5.18|Clubbing|C0149651|[sosy]|["CLUBBING"-tx-31-"clubbing"-noun-1]|TX|2365/8|
00000000|MMI|5.18|Diaphoretic|C1707737|[qlco]|["Diaphoretic"-tx-7-"diaphoretic"-adj-0]|TX|692/11|
00000000|MMI|5.18|Disposition|C0743223|[idcn]|["Disposition"-tx-52-"DISPOSITION"-noun-0]|TX|4123/11|
00000000|MMI|5.18|Disposition Domain|C1705555|[inpr]|["Disposition"-tx-52-"DISPOSITION"-noun-0]|TX|4123/11|
00000000|MMI|5.18|Drink (dietary substance)|C0452428|[food]|["Drink"-tx-22-"drink"-verb-0]|TX|1812/5|
00000000|MMI|5.18|Echocardiogram (image)|C2243117|[inpr]|["Echocardiogram"-tx-43-"Echocardiogram"-noun-0]|TX|3156/14|
00000000|MMI|5.18|Edema:Finding:Point in time:^Patient:Ordinal|C1717255|[clna]|["Edema"-tx-31-"edema"-noun-0]|TX|2390/5|
00000000|MMI|5.18|Entire abdomen|C1281594|[bpoc]|["Abdomen"-tx-30-"Abdomen"-noun-0]|TX|2283/7|
00000000|MMI|5.18|Entire head|C1281590|[bpoc]|["Head"-tx-25-"Head"-noun-0]|TX|1973/4|
00000000|MMI|5.18|Entire oropharynx|C1280659|[bpoc]|["Oropharynx"-tx-25-"oropharynx"-noun-0]|TX|2007/10|
00000000|MMI|5.18|Entity Name Part Type - given|C1550718|[idcn]|["given"-tx-10-"given"-verb-0]|TX|887/5|
00000000|MMI|5.18|Family History Domain|C1705495|[idcn]|["Family History"-tx-21-"FAMILY HISTORY"-noun-0]|TX|1650/14|
00000000|MMI|5.18|Family history|C0241889|[fndg]|["FAMILY HISTORY"-tx-21-"FAMILY HISTORY"-noun-0]|TX|1650/14|
00000000|MMI|5.18|Fourth sound gallop|C0425593|[fndg]|["S4 gallop"-tx-28-"S4 gallop"-noun-0]|TX|2182/9|
00000000|MMI|5.18|GIVEN|C1442162|[cnce]|["GIVEN"-tx-10-"given"-verb-0]|TX|887/5|
00000000|MMI|5.18|Genus Axis|C0999597|[mamm]|["Axis"-tx-36-"axis"-noun-0]|TX|2709/4|
00000000|MMI|5.18|Give - dosing instruction imperative|C1947971|[ftcn]|["Given"-tx-10-"given"-verb-0]|TX|887/5|
00000000|MMI|5.18|Given name|C3244317|[inpr]|["given"-tx-10-"given"-verb-0]|TX|887/5|
00000000|MMI|5.18|Head - Component of Device|C1706305|[mnob]|["Head"-tx-25-"Head"-noun-0]|TX|1973/4|
00000000|MMI|5.18|Hospital course|C0489547|[fndg]|["Hospital course"-tx-39-"HOSPITAL COURSE"-noun-0]|TX|2843/15|
00000000|MMI|5.18|Hospital course:Finding:Point in time:^Patient:Narrative|C0488549|[clna]|["Hospital course"-tx-39-"HOSPITAL COURSE"-noun-0]|TX|2843/15|
00000000|MMI|5.18|Hysterectomy consent:Finding:Point in time:^Patient:Document|C2360838|[clna]|["Patient"-tx-39-"Patient"-noun-0]|TX|2860/7|
00000000|MMI|5.18|Including (qualifier)|C0332257|[ftcn]|["Including"-tx-17-"including"-verb-0]|TX|1393/9|
00000000|MMI|5.18|Infiltration|C0332448|[patf]|["Infiltrates"-tx-38-"infiltrates"-noun-1]|TX|2830/11|
00000000|MMI|5.18|Initially|C0205265|[tmco]|["Initially"-tx-44-"initially"-adv-0]|TX|3410/9|
00000000|MMI|5.18|Jugular venous engorgement|C0425687|[fndg]|["Jugular venous distension"-tx-29-"jugular venous distention"-noun-1]|TX|2217/25|
00000000|MMI|5.18|MRC1 gene|C1417249|[gngm]|["MR"-tx-1-"Mr"-noun-0]|TX|200/2|
00000000|MMI|5.18|Medical Device Emits Smoke|C1881674|[phpr]|["Smoke"-tx-22-"smoke"-verb-0]|TX|1831/5|
00000000|MMI|5.18|Minor Response|C4050513|[fndg]|["MR"-tx-1-"Mr"-noun-0]|TX|200/2|
00000000|MMI|5.18|Mr. - Title|C2347167|[cnce]|["Mr."-tx-1-"Mr"-noun-0]|TX|200/2|
00000000|MMI|5.18|Obtain|C1301820|[ftcn]|["Obtained"-tx-43-"obtained"-verb-0]|TX|3175/8|
00000000|MMI|5.18|On admission|C0457453|[tmco]|["On admission"-tx-20-"ON ADMISSION"-adj-0]|TX|1544/12|
00000000|MMI|5.18|One day|C3844320|[fndg]|["One day"-tx-41-"one day"-noun-0]|TX|3032/7|
00000000|MMI|5.18|Oropharyngeal Tissue|C2985207|[tisu]|["OROPHARYNX"-tx-25-"oropharynx"-noun-0]|TX|2007/10|
00000000|MMI|5.18|PMH - past medical history|C0455458|[fndg]|["Past medical history"-tx-16-"PAST MEDICAL HISTORY"-noun-0]|TX|1284/20|
00000000|MMI|5.18|PSMD2 gene|C1419032|[gngm]|["S2"-tx-28-"S2"-noun-0]|TX|2174/2|
00000000|MMI|5.18|Palpitations|C0030252|[fndg]|["PALPITATIONS"-tx-8-"palpitations"-noun-1]|TX|783/12|
00000000|MMI|5.18|Palpitations Adverse Event|C3160712|[fndg]|["Palpitations"-tx-8-"palpitations"-noun-1]|TX|783/12|
00000000|MMI|5.18|Pharmacogenomics Trial Characteristics Domain|C3714755|[inpr]|["PT"-tx-35-"PT"-noun-0]|TX|2579/2|
00000000|MMI|5.18|Physical therapy (field)|C0699718|[bmod]|["PT"-tx-35-"PT"-noun-0]|TX|2579/2|
00000000|MMI|5.18|Plain chest X-ray|C0039985|[diap]|["Chest X-ray"-tx-38-"chest x-ray"-noun-0]|TX|2756/11|
00000000|MMI|5.18|Pupil equal round and reacting to light|C1642390|[fndg]|["PERRL"-tx-25-"PERRL"-noun-0]|TX|1999/5|
00000000|MMI|5.18|RPS2 gene|C1419718|[gngm]|["S2"-tx-28-"S2"-noun-0]|TX|2174/2|
00000000|MMI|5.18|Revealed|C0443289|[qlco]|["Revealed"-tx-28-"revealed"-verb-0]|TX|2123/8|
00000000|MMI|5.18|Rhythm|C0871269|[fndg]|["Rhythm"-tx-28-"rhythm"-noun-0]|TX|2151/6|
00000000|MMI|5.18|Rhythm Not Otherwise Specified ECG Assessment|C3828331|[inpr]|["Rhythm Not Otherwise Specified"-tx-28-"rhythm"-noun-0]|TX|2151/6|
00000000|MMI|5.18|Rubs|C3842105|[fndg]|["Rubs"-tx-29-"rubs"-verb-1]|TX|2207/4|
00000000|MMI|5.18|S2|C3812876|[fndg]|["S2"-tx-28-"S2"-noun-0]|TX|2174/2|
00000000|MMI|5.18|S2 innervation|C1179705|[blor]|["S2"-tx-28-"S2"-noun-0]|TX|2174/2|
00000000|MMI|5.18|Seating|C1283233|[mnob]|["seated"-tx-6-"seated"-verb-0]|TX|677/6|
00000000|MMI|5.18|Sitting position|C0277814|[fndg]|["Seated"-tx-6-"seated"-verb-0]|TX|677/6|
00000000|MMI|5.18|Social History|C3714536|[fndg]|["Social History"-tx-22-"SOCIAL HISTORY"-noun-0]|TX|1738/14|
00000000|MMI|5.18|Social and personal history|C0424945|[fndg]|["Social history"-tx-22-"SOCIAL HISTORY"-noun-0]|TX|1738/14|
00000000|MMI|5.18|Stable Disease|C0677946|[fndg]|["Stable condition"-tx-51-"stable condition"-noun-0]|TX|4105/16|
00000000|MMI|5.18|Stable chronic Graft vs Host Disease|C3538874|[fndg]|["Stable condition"-tx-51-"stable condition"-noun-0]|TX|4105/16|
00000000|MMI|5.18|Sterilization consent:Finding:Point in time:^Patient:Document|C2360840|[clna]|["Patient"-tx-39-"Patient"-noun-0]|TX|2860/7|
00000000|MMI|5.18|Supple|C0332254|[ftcn]|["Supple"-tx-26-"supple"-adj-0]|TX|2039/6|
00000000|MMI|5.18|Testicular Cancer Serum Markers Test Result S2|C3812875|[lbtr]|["S2"-tx-28-"S2"-noun-0]|TX|2174/2|
00000000|MMI|5.18|To|C1883351|[qlco]|["To"-tx-36-"to"-adv-0]|TX|2636/2|
00000000|MMI|5.18|Tobacco smoke|C0439994|[hops]|["Smoke"-tx-22-"smoke"-verb-0]|TX|1831/5|
00000000|MMI|5.18|Views:Finding:Point in time:Chest:Narrative:XR|C1114557|[clna]|["Chest X-ray"-tx-38-"chest x-ray"-noun-0]|TX|2756/11|
00000000|MMI|5.18|Vomiting Adverse Event|C1963281|[patf]|["Vomiting"-tx-7-"vomiting"-noun-1]|TX|729/8|
00000000|MMI|5.18|apparently|C0750541|[idcn]|["apparently"-tx-18-"apparently"-adv-0]|TX|1417/10|
00000000|MMI|5.18|carotid|C0741968|[bpoc]|["carotids"-tx-29-"carotids"-noun-0]|TX|2253/8|
00000000|MMI|5.18|effusion|C0013687|[patf]|["EFFUSIONS"-tx-38-"effusions"-noun-1]|TX|2817/9|
00000000|MMI|5.18|rhythmic process (biological)|C1523018|[phsf]|["rhythm"-tx-28-"rhythm"-noun-0]|TX|2151/6|
00000000|MMI|4.19|Discharge to home|C0184713|[topp]|["Discharge to home"-tx-51-"discharged to home"-noun-0]|TX|4083/18|
00000000|MMI|3.98|Evaluation and management note:Finding:Point in time:{Setting}:Document:{Provider}|C1316572|[clna]|["Note"-tx-6-"noted"-verb-0]|TX|634/5|
00000000|MMI|3.98|Mass of body region|C0577573|[sosy]|["Mass"-tx-30-"masses"-noun-1]|TX|2341/6|
00000000|MMI|3.98|Mass of body structure|C0577559|[fndg]|["MASS"-tx-30-"masses"-noun-1]|TX|2341/6|
00000000|MMI|3.98|Mass, a measure of quantity of matter|C1306372|[qnco]|["*Mass"-tx-30-"masses"-noun-0]|TX|2341/6|
00000000|MMI|3.98|Molecular Mass|C3152252|[qnco]|["Mass"-tx-30-"masses"-noun-0]|TX|2341/6|
00000000|MMI|3.98|Note (document)|C1317574|[inpr]|["Note"-tx-6-"noted"-verb-0]|TX|634/5|
00000000|MMI|3.98|Reaching|C2584321|[orgf]|["Reach"-tx-49-"reached"-verb-0]|TX|3854/7|
00000000|MMI|3.88|Family history of coronary arteriosclerosis|C2317524|[fndg]|["Family History of Coronary Artery Disease"-tx-2-"family history of coronary artery disease"-noun-0]|TX|269/41|
00000000|MMI|3.75|Bowel sounds|C0232693|[fndg]|["Bowel sounds"-tx-30-"bowel sounds"-noun-0]|TX|2297/12|
00000000|MMI|3.75|Discharge date|C2361123|[tmco]|["Discharge date"-tx-1-"Discharge Date"-noun-0]|TX|146/14|
00000000|MMI|3.75|Discharge date:Time Stamp -- Date and Time:Point in time:^Patient:Quantitative|C2361122|[clna]|["Discharge date"-tx-1-"Discharge Date"-noun-0]|TX|146/14|
00000000|MMI|3.71|Middle-aged men|C3825963|[aggp]|["Middle-aged men"-tx-23-"middle-aged man"-noun-0]|TX|1868/11,1888/3|
00000000|MMI|3.68|Normal sinus rhythm|C0232202|[fndg]|["NORMAL SINUS RHYTHM"-tx-36-"normal sinus rhythm"-noun-0]|TX|2645/19|
00000000|MMI|3.68|beats per minute|C0439385|[qnco]|["Beats per Minute"-tx-36-"beats per minute"-noun-0]|TX|2671/16|
00000000|MMI|3.68|% index|C1637833|[qnco]|["% index"-tx-58-"Index"-noun-0]|TX|4505/5|
00000000|MMI|3.68|100%|C3817553|[qnco]|["100%"-tx-24-"100"-fraction-0]|TX|1946/3|
00000000|MMI|3.68|50%|C3842586|[fndg]|["50%"-tx-21-"50"-integer-0]|TX|1734/2|
00000000|MMI|3.68|<50|C3843766|[fndg]|["<50"-tx-21-"50"-integer-0]|TX|1734/2|
00000000|MMI|3.68|Age|C0001779|[orga]|["AGE"-tx-21-"age"-noun-0]|TX|1730/3|
00000000|MMI|3.68|Distress|C0231303|[menp]|["Distress"-tx-23-"distress"-noun-1]|TX|1909/8|
00000000|MMI|3.68|Evaluation procedure|C1261322|[hlca]|["Evaluation"-tx-33-"EVALUATION"-noun-0]|TX|2439/10|
00000000|MMI|3.68|Focal|C0205234|[spco]|["FOCAL"-tx-32-"focal"-adj-0]|TX|2421/5|
00000000|MMI|3.68|Html Link Type - index|C1552854|[idcn]|["index"-tx-58-"Index"-noun-0]|TX|4505/5|
00000000|MMI|3.68|Index|C0918012|[inpr]|["Index"-tx-58-"Index"-noun-0]|TX|4505/5|
00000000|MMI|3.68|Interval|C1272706|[tmco]|["intervals"-tx-36-"intervals"-noun-0]|TX|2697/9|
00000000|MMI|3.68|Rate|C1521828|[qnco]|["Rate"-tx-28-"rate"-noun-0]|TX|2142/4|
00000000|MMI|3.68|Rating (action)|C0871208|[acty]|["Rate"-tx-28-"rate"-noun-0]|TX|2142/4|
00000000|MMI|3.68|S1|C3715215|[fndg]|["S1"-tx-28-"S1"-noun-0]|TX|2167/2|
00000000|MMI|3.68|Testicular Cancer Serum Markers Test Result S1|C3814877|[lbtr]|["S1"-tx-28-"S1"-noun-0]|TX|2167/2|
00000000|MMI|3.67|History of present illness:Finding:Point in time:^Patient:Nominal:Reported|C0488508|[clna]|["History of present illness"-tx-1-"HISTORY OF PRESENT ILLNESS"-noun-0]|TX|172/26|
00000000|MMI|3.66|milligram/day|C0439422|[qnco]|["mg day"-tx-20-"mg day"-noun-0]|TX|1610/2,1618/3|
00000000|MMI|3.65|Report status|C0586177|[fndg]|["Report status"-tx-1-"Report Status"-noun-0]|TX|124/13|
00000000|MMI|3.64|Clinical Study Follow-up|C3274571|[hlca]|["FOLLOW-UP"-tx-53-"follow-up"-adj-0]|TX|4330/9|
00000000|MMI|3.64|Consistent with|C0332290|[idcn]|["Consistent with"-tx-50-"consistent with"-adj-0]|TX|4022/15|
00000000|MMI|3.64|Ejection fraction (finding)|C2700378|[fndg]|["Ejection fraction"-tx-43-"ejection fraction"-noun-0]|TX|3290/17|
00000000|MMI|3.64|Ejection fraction (procedure)|C0489482|[diap]|["ejection fraction"-tx-43-"ejection fraction"-noun-0]|TX|3290/17|
00000000|MMI|3.64|Follow-Up Report|C1704685|[inpr]|["Follow-Up"-tx-53-"follow-up"-adj-0]|TX|4330/9|
00000000|MMI|3.64|Follow-up status|C0589120|[fndg]|["Follow-up"-tx-53-"follow-up"-adj-0]|TX|4330/9|
00000000|MMI|3.64|Positive|C1446409|[qlco]|["ruled"-tx-39-"ruled"-verb-0]|TX|2911/5|
00000000|MMI|3.64|Treated with|C0332293|[topp]|["Treated with"-tx-12-"treated with"-verb-0]|TX|1012/12|
00000000|MMI|3.64|follow-up|C1522577|[hlca]|["Follow Up"-tx-53-"follow-up"-adj-0]|TX|4330/9|
00000000|MMI|3.63|30%|C3842588|[fndg]|["30%"-tx-35-"30"-real_number-0]|TX|2597/2|
00000000|MMI|3.63|Admission date:Time Stamp -- Date and Time:Point in time:^Patient:Quantitative|C2598112|[clna]|["Admission date"-tx-1-"Admission Date"-noun-0]|TX|98/14|
00000000|MMI|3.63|Creatinine finding|C1561535|[fndg]|["Creatinine"-tx-33-"creatinine"-noun-0]|TX|2476/10|
00000000|MMI|3.63|Date of admission|C1302393|[tmco]|["Admission date"-tx-1-"Admission Date"-noun-0]|TX|98/14|
00000000|MMI|3.63|Hematocrit level|C0518014|[fndg]|["Hematocrit"-tx-33-"hematocrit"-noun-0]|TX|2507/10|
00000000|MMI|3.63|Image|C1704922|[enty]|["Image"-tx-50-"images"-noun-0]|TX|3927/6|
00000000|MMI|3.63|Image (foundation metadata concept)|C3542466|[inpr]|["Image"-tx-50-"images"-noun-0]|TX|3927/6|
00000000|MMI|3.63|Medical Image|C1704254|[inpr]|["Image"-tx-50-"images"-noun-0]|TX|3927/6|
00000000|MMI|3.63|Potassium Drug Class|C3714637|[phsu]|["POTASSIUM"-tx-33-"potassium"-noun-0]|TX|2451/9|
00000000|MMI|3.63|Potassium Ion|C0597277|[elii,phsu]|["Potassium"-tx-33-"potassium"-noun-0]|TX|2451/9|
00000000|MMI|3.63|Potassium measurement|C0202194|[lbpr]|["Potassium+"-tx-33-"potassium"-noun-0]|TX|2451/9|
00000000|MMI|3.63|Potassium supplement|C0304475|[inch,phsu]|["POTASSIUM"-tx-33-"potassium"-noun-0]|TX|2451/9|
00000000|MMI|3.63|Redistribution|C0332620|[ftcn]|["Redistribution"-tx-38-"redistribution"-noun-0]|TX|2797/14|
00000000|MMI|3.61|Batch (Response Modality)|C1550176|[inpr]|["Batch"-tx-58-"Batch"-noun-0]|TX|4493/5|
00000000|MMI|3.61|Batch (group)|C1948031|[qnco]|["Batch"-tx-58-"Batch"-noun-0]|TX|4493/5|
00000000|MMI|3.61|Batch Number|C3641829|[inpr]|["BATCH"-tx-58-"Batch"-noun-0]|TX|4493/5|
00000000|MMI|3.61|Scientific Control|C1882979|[cnce]|["Control"-tx-46-"control"-noun-0]|TX|3571/7|
00000000|MMI|3.61|True Control Status|C3274648|[qlco]|["Control"-tx-46-"control"-noun-0]|TX|3571/7|
00000000|MMI|3.61|control aspects|C0243148|[qlco]|["control"-tx-46-"control"-noun-0]|TX|3571/7|
00000000|MMI|3.61|control substance|C1550141|[sbst]|["Control"-tx-46-"control"-noun-0]|TX|3571/7|
00000000|MMI|3.60|Hospital emergency department|C3840745|[fndg]|["Hospital Emergency Room"-tx-11-"Hospital emergency room"-noun-0]|TX|972/23|
00000000|MMI|3.59|Pyrexia of unknown origin (excl puerperal)|C0856281|[sosy]|["puo"-tx-1-"PUO"-noun-0]|TX|12/3|
00000000|MMI|3.59|Cardiology service|C3887620|[hcro]|["Cardiology"-tx-54-"Cardiology"-noun-0]|TX|4383/10|
00000000|MMI|3.59|Clear|C2963144|[qlco]|["Clear"-tx-27-"clear"-adj-0]|TX|2076/5|
00000000|MMI|3.59|Negative Surgical Margin|C1709157|[fndg]|["Clear"-tx-27-"clear"-adj-0]|TX|2076/5|
00000000|MMI|3.59|Platelets Adverse Event|C1963076|[fndg]|["Platelets"-tx-33-"platelets"-noun-0]|TX|2549/9|
00000000|MMI|3.59|Leaflet of mitral valve|C0225949|[bpoc]|["leaflets mitral valve"-tx-43-"mitral valve leaflets"-noun-0]|TX|3330/6,3373/14|
00000000|MMI|3.58|Treatment room|C0557823|[mnob]|["room treatment"-tx-15-"treatment room"-noun-0]|TX|1251/9,1278/4|
00000000|MMI|3.58|Due to|C0678226|[ftcn]|["Due To"-tx-48-"due to"-prep-0]|TX|3734/6|
00000000|MMI|3.58|Fraction of|C1264633|[qnco]|["Fraction of"-tx-40-"fraction of"-noun-0]|TX|2977/11|
00000000|MMI|3.58|new onset|C0746890|[fndg]|["new onset"-tx-2-"new onset"-adj-0]|TX|329/9|
00000000|MMI|3.57|Peak pressure|C0445174|[qnco]|["Peak pressure"-tx-49-"peak pressure"-noun-0]|TX|3864/4,3875/8|
00000000|MMI|3.57|Ischemic Change|C2826576|[fndg]|["Ischemic Change"-tx-49-"ischemic changes"-noun-1]|TX|3820/16|
00000000|MMI|3.57|Count|C0750480|[qnco]|["Count"-tx-33-"count"-noun-0]|TX|2531/5|
00000000|MMI|3.57|Count Dosing Unit|C1705566|[qnco]|["COUNT"-tx-33-"count"-noun-0]|TX|2531/5|
00000000|MMI|3.57|Death (finding)|C1306577|[fndg]|["Died"-tx-21-"died"-verb-0]|TX|1697/4|
00000000|MMI|3.57|Floor (anatomic)|C3714591|[anst]|["Floor"-tx-41-"floor"-noun-0]|TX|3080/5|
00000000|MMI|3.57|Floor - story of building|C1547707|[geoa]|["Floor"-tx-41-"floor"-noun-0]|TX|3080/5|
00000000|MMI|3.57|Patient Outcome - Died|C1546956|[fndg]|["Died"-tx-21-"died"-verb-0]|TX|1697/4|
00000000|MMI|3.57|Plumber (general)|C0336099|[prog]|["PLUMBER"-tx-22-"plumber"-noun-0]|TX|1768/7|
00000000|MMI|3.57|Surgical transfer - action|C0348011|[ftcn]|["transferred"-tx-41-"transferred"-verb-0]|TX|3061/11|
00000000|MMI|3.57|Transfer Technique|C1705822|[ftcn]|["Transferred"-tx-41-"transferred"-verb-0]|TX|3061/11|
00000000|MMI|3.57|dictated - DocumentCompletion|C1609990|[idcn]|["Dictated"-tx-55-"Dictated"-noun-0]|TX|4411/8|
00000000|MMI|3.57|dictated - ParticipationMode|C1548384|[ftcn]|["dictated"-tx-55-"Dictated"-noun-0]|TX|4411/8|
00000000|MMI|3.57|floor (object)|C0016249|[mnob]|["Floor"-tx-41-"floor"-noun-0]|TX|3080/5|
00000000|MMI|3.56|Electrocardiographic changes|C0855329|[fndg]|["ekg change"-tx-49-"changes EKG"-noun-1]|TX|3829/7,3844/3|
00000000|MMI|3.56|Complication|C0009566|[patf]|["Complications"-tx-42-"complications"-noun-1]|TX|3112/13|
00000000|MMI|3.56|Onset of (contextual qualifier)|C0332162|[qlco]|["Onset"-tx-6-"onset"-noun-0]|TX|640/5|
00000000|MMI|3.55|Administration procedure|C1533734|[topp]|["Treatment"-tx-15-"treatment"-noun-0]|TX|1251/9|
00000000|MMI|3.55|Biomaterial Treatment|C1705169|[cnce]|["Treatment"-tx-15-"treatment"-noun-0]|TX|1251/9|
00000000|MMI|3.55|Therapeutic procedure|C0087111|[topp]|["Treatment"-tx-15-"treatment"-noun-0]|TX|1251/9|E02
00000000|MMI|3.55|Treatment Epoch|C3538994|[resa]|["TREATMENT"-tx-15-"treatment"-noun-0]|TX|1251/9|
00000000|MMI|3.55|Well|C3146287|[mnob]|["Well"-tx-6-"well"-adv-0]|TX|580/4|
00000000|MMI|3.55|treatment - ActInformationManagementReason|C3887704|[hlca]|["treatment"-tx-15-"treatment"-noun-0]|TX|1251/9|
00000000|MMI|3.55|Clinical trial protocol document|C1507394|[inpr]|["Protocol"-tx-48-"protocol"-noun-0]|TX|3759/8|
00000000|MMI|3.55|Complete|C0205197|[qlco]|["Completion"-tx-48-"completion"-noun-0]|TX|3741/10|
00000000|MMI|3.55|Disease Controlled|C2911690|[fndg]|["Controlled"-tx-44-"controlled"-verb-0]|TX|3420/10|
00000000|MMI|3.55|Library Protocol|C1522729|[inpr]|["Protocol"-tx-48-"protocol"-noun-0]|TX|3759/8|
00000000|MMI|3.55|Magnesium Cation|C2346927|[elii,phsu]|["Mg++"-tx-44-"mg"-noun-0]|TX|3450/2|
00000000|MMI|3.55|Milligram percent|C1960952|[qnco]|["mg %"-tx-44-"mg"-noun-0]|TX|3450/2|
00000000|MMI|3.55|Present|C0150312|[qnco]|["Present"-tx-2-"presents"-verb-0]|TX|315/8|
00000000|MMI|3.55|Protocol - answer to question|C3715209|[fndg]|["Protocol"-tx-48-"protocol"-noun-0]|TX|3759/8|
00000000|MMI|3.55|Protocols documentation|C0442711|[inpr]|["Protocol"-tx-48-"protocol"-noun-0]|TX|3759/8|
00000000|MMI|3.55|Study Protocol|C2348563|[inpr]|["Protocol"-tx-48-"protocol"-noun-0]|TX|3759/8|
00000000|MMI|3.55|Times|C1632851|[qnco]|["Times"-tx-44-"times"-noun-0]|TX|3459/5|
00000000|MMI|3.55|To be stopped|C1272691|[qlco]|["stopped"-tx-48-"stopped"-verb-0]|TX|3726/7|
00000000|MMI|3.55|completion - ResponseLevel|C1554962|[qlco]|["completion"-tx-48-"completion"-noun-0]|TX|3741/10|
00000000|MMI|3.55|mg/dL|C0439269|[qnco]|["mg%"-tx-44-"mg"-noun-0]|TX|3450/2|
00000000|MMI|3.55|peripheral blood|C0229664|[bdsu]|["BLOOD"-tx-49-"blood"-noun-0]|TX|3869/5|
00000000|MMI|3.54|% of total|C0439175|[qnco]|["% total"-tx-14-"total"-noun-0]|TX|1180/5|
00000000|MMI|3.54|Five|C0205451|[qnco]|["Five"-tx-14-"five"-word_numeral-0]|TX|1203/4|
00000000|MMI|3.54|Hour|C0439227|[tmco]|["HOURS"-tx-14-"hours"-noun-0]|TX|1208/5|
00000000|MMI|3.54|Regurgitates after swallowing|C0232605|[fndg]|["Regurgitation"-tx-43-"regurgitation"-noun-0]|TX|3337/13|
00000000|MMI|3.54|Regurgitation|C2004489|[sosy]|["REGURGITATION"-tx-43-"regurgitation"-noun-0]|TX|3337/13|
00000000|MMI|3.54|Regurgitation - mechanism|C0460152|[ftcn]|["Regurgitation"-tx-43-"regurgitation"-noun-0]|TX|3337/13|
00000000|MMI|3.54|Resolution|C2699488|[cnce]|["Resolved"-tx-14-"resolved"-verb-0]|TX|1164/8|
00000000|MMI|3.54|Resolved|C3714811|[fndg]|["Resolved"-tx-14-"resolved"-verb-0]|TX|1164/8|
00000000|MMI|3.54|Resolved License|C3897700|[ftcn]|["Resolved"-tx-14-"resolved"-verb-0]|TX|1164/8|
00000000|MMI|3.54|Send (transmission)|C1519246|[ftcn]|["Sent"-tx-11-"sent"-verb-0]|TX|952/4|
00000000|MMI|3.54|Total|C0439810|[qlco]|["Total"-tx-14-"total"-noun-0]|TX|1180/5|
00000000|MMI|3.54|physiologic resolution|C1514893|[patf]|["Resolved"-tx-14-"resolved"-verb-0]|TX|1164/8|
00000000|MMI|3.54|Defect|C1457869|[ftcn]|["Defect"-tx-50-"defect"-noun-0]|TX|3949/6|
00000000|MMI|3.54|Out (direction)|C0439787|[spco]|["Out"-tx-5-"out"-prep-0]|TX|483/3|
00000000|MMI|3.54|Removed|C0849355|[qlco]|["Out"-tx-5-"out"-prep-0]|TX|483/3|
00000000|MMI|3.53|Pulmonary vascular structure|C0459963|[bpoc]|["Pulmonary Vascular"-tx-38-"pulmonary vascular"-adj-0]|TX|2778/18|
00000000|MMI|3.53|Pulmonary vessels|C1508661|[bpoc]|["Pulmonary Vascular"-tx-38-"pulmonary vascular"-adj-0]|TX|2778/18|
00000000|MMI|3.51|Does run (finding)|C0600140|[fndg]|["run"-tx-5-"ran"-verb-0]|TX|479/3|
00000000|MMI|3.51|History of recreational running|C2346414|[fndg]|["Run"-tx-5-"ran"-verb-0]|TX|479/3|
00000000|MMI|3.51|Run action|C1704688|[ftcn]|["Run"-tx-5-"ran"-verb-0]|TX|479/3|
00000000|MMI|3.50|Retrosternal pain|C0151826|[sosy]|["Chest pain, substernal"-tx-6-"substernal chest pain"-noun-0]|TX|649/21|
00000000|MMI|3.50|Aspirin 325 MG|C0992015|[clnd]|["Aspirin 325 MG"-tx-52-"aspirin 325 mg"-noun-0]|TX|4176/14|
00000000|MMI|3.50|Atenolol 100 MG|C0983887|[clnd]|["Atenolol 100 MG"-tx-52-"Atenolol 100 mg"-noun-0]|TX|4149/15|
00000000|MMI|3.50|Cardiac - anatomy qualifier|C1522601|[spco]|["Cardiac"-tx-4-"cardiac"-adj-0]|TX|426/7|
00000000|MMI|3.50|Cardiovascular|C3887460|[blor]|["CARDIOVASCULAR"-tx-28-"cardiovascular"-adj-0]|TX|2103/14|
00000000|MMI|3.50|Cardiovascular system|C0007226|[bdsy]|["Cardiovascular"-tx-28-"cardiovascular"-adj-0]|TX|2103/14|A07
00000000|MMI|3.50|Laboratory domain|C3244292|[ftcn]|["laboratory"-tx-33-"LABORATORY"-noun-0]|TX|2428/10|
00000000|MMI|3.50|Lisinopril 10 MG|C0987217|[clnd]|["Lisinopril 10 MG"-tx-52-"Lisinopril 10 mg"-noun-0]|TX|4202/16|
00000000|MMI|3.50|Posterolateral|C0332195|[spco]|["Posterolateral"-tx-43-"posterolateral"-adj-0]|TX|3257/14|
00000000|MMI|3.50|Regular|C0205272|[qlco]|["Regular"-tx-28-"regular"-adj-0]|TX|2134/7|
00000000|MMI|3.50|Reversible|C0205343|[ftcn]|["Reversible"-tx-50-"reversible"-adj-0]|TX|4001/10|
00000000|MMI|3.50|Same|C0445247|[qlco]|["SAME"-tx-9-"same"-adj-0]|TX|821/4|
00000000|MMI|3.50|apparent|C0750489|[idcn]|["apparent"-tx-23-"apparent"-adj-0]|TX|1900/8|
00000000|MMI|3.48|Discharge summarization note:Finding:Point in time:{Setting}:Document:{Provider}|C0801840|[clna]|["Discharge summary"-tx-1-"Discharge Summary"-noun-0]|TX|63/17|
00000000|MMI|3.48|Discharge summary|C0743221|[inpr]|["Discharge summary"-tx-1-"Discharge Summary"-noun-0]|TX|63/17|
00000000|MMI|3.48|Known|C0205309|[qlco]|["Known"-tx-19-"known"-adj-0]|TX|1510/5|
00000000|MMI|3.47|Sublingual Tablet|C0991582|[bodm]|["Sublingual Tablet"-tx-52-"sublingual tablet"-noun-0]|TX|4230/10,4265/6|
00000000|MMI|3.47|African race|C0027567|[popg]|["Black"-tx-23-"black"-adj-0]|TX|1882/5|
00000000|MMI|3.47|Black color|C0439541|[qlco]|["Black"-tx-23-"black"-adj-0]|TX|1882/5|
00000000|MMI|3.47|Black race|C0005680|[popg]|["Black"-tx-23-"black"-adj-0]|TX|1882/5|
00000000|MMI|3.46|Diagnostic interview schedule|C0451119|[inpr]|["DIS"-tx-1-"DIS"-noun-0]|TX|92/3|
00000000|MMI|3.46|Discontinued|C1444662|[fndg]|["DIS"-tx-1-"DIS"-noun-0]|TX|92/3|
00000000|MMI|3.45|Registered nurse|C0687673|[prog]|["R.N."-tx-52-"r.n"-adj-0]|TX|4300/3|
00000000|MMI|3.45|One|C0205447|[qnco]|["ONE"-tx-52-"one"-noun-0]|TX|4261/3|
00000000|MMI|3.45|XPR1 gene|C1421546|[gngm]|["X3"-tx-52-"x3"-noun-0]|TX|4283/2|
00000000|MMI|3.44|H/O: hypertension|C0455527|[fndg]|["History of - hypertension"-tx-2-"history of hypertension"-noun-0]|TX|239/23|
00000000|MMI|3.44|Concentric hypertrophy|C0333963|[comd]|["Concentric enlargement"-tx-43-"concentric enlargement"-noun-0]|TX|3206/10,3243/11|
00000000|MMI|3.44|Caucasians|C0043157|[popg]|["WHITE"-tx-33-"white"-adj-0]|TX|2525/5|
00000000|MMI|3.44|Feeling relief|C0564405|[fndg]|["Relief"-tx-10-"relief"-noun-1]|TX|937/6|
00000000|MMI|3.44|Only - dosing instruction fragment|C1720467|[inpr]|["Only"-tx-16-"only"-adv-0]|TX|1322/4|
00000000|MMI|3.44|SFTA3 gene|C2680374|[gngm]|["NANCI"-tx-55-"Nanci"-noun-0]|TX|4400/5|
00000000|MMI|3.44|Singular|C0205171|[qnco]|["Only"-tx-16-"only"-adv-0]|TX|1322/4|
00000000|MMI|3.44|White color|C0220938|[qlco]|["WHITE"-tx-33-"white"-adj-0]|TX|2525/5|
00000000|MMI|3.43|Anterior wall|C0442070|[spco]|["Anterior wall"-tx-50-"anterior wall"-noun-0]|TX|3970/8,3987/4|
00000000|MMI|3.43|Bale out|C0175673|[tmco]|["Emergency"-tx-15-"emergency"-noun-0]|TX|1268/9|
00000000|MMI|3.43|Before|C0332152|[tmco]|["Prior"-tx-4-"prior"-adj-0]|TX|447/5|
00000000|MMI|3.43|Emergency Situation|C0013956|[phpr]|["EMERGENCY"-tx-15-"emergency"-noun-0]|TX|1268/9|
00000000|MMI|3.43|Ischemic|C0475224|[ftcn]|["Ischemic"-tx-49-"ischemic"-adj-0]|TX|3820/8|
00000000|MMI|3.43|Plantago princeps|C2632076|[plnt]|["ale"-tx-54-"Ale"-noun-0]|TX|4368/3|
00000000|MMI|3.43|Prior Medication Usage|C2826257|[evnt]|["PRIOR"-tx-4-"prior"-adj-0]|TX|447/5|
00000000|MMI|3.43|Respiratory Domain|C2986904|[idcn]|["RE"-tx-54-"Re"-noun-0]|TX|4365/2|
00000000|MMI|3.43|Retinol equivalents|C0556581|[qnco]|["{RE}"-tx-54-"Re"-noun-0]|TX|4365/2|
00000000|MMI|3.43|Room|C1547703|[spco]|["Room"-tx-15-"room"-noun-0]|TX|1278/4|
00000000|MMI|3.43|ale beer|C0678386|[food]|["ale"-tx-54-"Ale"-noun-0]|TX|4368/3|
00000000|MMI|3.42|Chamber (anatomical)|C0935616|[bpoc]|["Chamber"-tx-43-"chamber"-noun-0]|TX|3235/7|
00000000|MMI|3.42|Chamber (physical object)|C0179874|[mnob]|["Chamber"-tx-43-"chamber"-noun-0]|TX|3235/7|
00000000|MMI|3.42|Thickened|C0205400|[fndg]|["Thickened"-tx-43-"thickened"-adj-0]|TX|3356/9|
00000000|MMI|3.42|Apical|C0205111|[spco]|["APICAL"-tx-50-"apical"-adj-0]|TX|3963/6|
00000000|MMI|3.42|Fix|C3714578|[phpr]|["Fixed"-tx-50-"fixed"-adj-0]|TX|3943/5|
00000000|MMI|3.42|Fixed Specimen|C2827483|[bdsu]|["Fixed"-tx-50-"fixed"-adj-0]|TX|3943/5|
00000000|MMI|3.42|Fixed behavior|C0443218|[qlco]|["Fixed"-tx-50-"fixed"-adj-0]|TX|3943/5|
00000000|MMI|3.42|Lateral|