00000000|MMI|77.22|Patients|C0030705|[podg]|["*^patient"-tx-36-"patient"-noun-0,"*^patient"-tx-24-"patient"-noun-0,"*^patient"-tx-20-"patient"-noun-0,"*^patient"-tx-19-"patient"-noun-0,"*^patient"-tx-18-"patient"-noun-0,"*^patient"-tx-11-"patient"-noun-0,"*^patient"-tx-9-"patient"-noun-0,"*^patient"-tx-4-"patient"-noun-0]|TX|3744/7;2696/7;2367/7;2193/7;1884/7;1131/7;782/7;450/7|M01.643
00000000|MMI|49.42|Dominican Republic|C0013014|[geoa]|["DR"-tx-37-"Dr"-noun-0,"DR"-tx-28-"Dr"-noun-0,"DR"-tx-7-"Dr"-noun-0]|TX|3838/2;3038/2;728/2|Z01.107.084.900.300;Z01.639.880.300
00000000|MMI|49.28|Postoperative Period|C0032790|[tmco]|["Postoperative"-tx-22-"postoperative"-noun-0,"Postoperative"-tx-21-"postoperative"-noun-0,"Postoperative"-tx-20-"postoperative"-noun-0]|TX|2524/13;2456/13;2392/13|E04.614.750;N02.421.585.753.750
00000000|MMI|48.00|Abortion consent:Finding:Point in time:^Patient:Document|C2360836|[clna]|["Patient"-tx-36-"patient"-noun-0,"Patient"-tx-24-"patient"-noun-0,"Patient"-tx-20-"patient"-noun-0,"Patient"-tx-19-"patient"-noun-0,"Patient"-tx-18-"patient"-noun-0,"Patient"-tx-11-"patient"-noun-0,"Patient"-tx-9-"patient"-noun-0,"Patient"-tx-4-"patient"-noun-0]|TX|3744/7;2696/7;2367/7;2193/7;1884/7;1131/7;782/7;450/7|
00000000|MMI|48.00|Hysterectomy consent:Finding:Point in time:^Patient:Document|C2360838|[clna]|["Patient"-tx-36-"patient"-noun-0,"Patient"-tx-24-"patient"-noun-0,"Patient"-tx-20-"patient"-noun-0,"Patient"-tx-19-"patient"-noun-0,"Patient"-tx-18-"patient"-noun-0,"Patient"-tx-11-"patient"-noun-0,"Patient"-tx-9-"patient"-noun-0,"Patient"-tx-4-"patient"-noun-0]|TX|3744/7;2696/7;2367/7;2193/7;1884/7;1131/7;782/7;450/7|
00000000|MMI|48.00|Sterilization consent:Finding:Point in time:^Patient:Document|C2360840|[clna]|["Patient"-tx-36-"patient"-noun-0,"Patient"-tx-24-"patient"-noun-0,"Patient"-tx-20-"patient"-noun-0,"Patient"-tx-19-"patient"-noun-0,"Patient"-tx-18-"patient"-noun-0,"Patient"-tx-11-"patient"-noun-0,"Patient"-tx-9-"patient"-noun-0,"Patient"-tx-4-"patient"-noun-0]|TX|3744/7;2696/7;2367/7;2193/7;1884/7;1131/7;782/7;450/7|
00000000|MMI|40.53|Intra-Aortic Balloon Pumping|C0021860|[topp]|["intra-aortic balloon pump"-tx-21-"intraaortic balloon pump"-noun-0,"intra-aortic balloon pump"-tx-19-"intraaortic balloon pump"-noun-0,"intra-aortic balloon pump"-tx-13-"intraaortic balloon pump"-noun-0]|TX|2417/24;2262/24;1433/24|E04.050.215.400
00000000|MMI|39.80|Physicians|C0031831|[prog]|["DR"-tx-37-"Dr"-noun-0,"DR"-tx-28-"Dr"-noun-0,"DR"-tx-7-"Dr"-noun-0]|TX|3838/2;3038/2;728/2|M01.526.485.810;N02.360.810
00000000|MMI|38.80|Patient Discharge|C0030685|[hlca]|["Discharged"-tx-36-"discharged"-verb-0,"Discharge"-tx-30-"DISCHARGE"-noun-0]|TX|3755/10;3080/9|E02.204.125;E02.760.400.610;N02.421.192.125;N02.421.585.400.610;N04.590.233.727.210.125
00000000|MMI|38.78|Lopressor|C0700776|[orch,phsu]|["Lopressor"-tx-35-"Lopressor"-noun-0,"Lopressor"-tx-23-"Lopressor"-noun-0]|TX|3594/9;2600/9|D02.033.100.624.698.573;D02.033.755.624.698.573;D02.092.063.624.698.573
00000000|MMI|35.81|Diabetes Mellitus, Non-Insulin-Dependent|C0011860|[dsyn]|["Noninsulin dependent diabetes mellitus"-tx-14-"noninsulin dependent diabetes mellitus"-noun-0,"Noninsulin dependent diabetes mellitus"-tx-3-"noninsulin dependent diabetes mellitus"-noun-0]|TX|1559/38;381/38|C18.452.394.750.149;C19.246.300
00000000|MMI|35.81|Togo|C0040363|[geoa]|["TO"-tx-27-"to"-adv-0,"TO"-tx-24-"to"-adv-0]|TX|2925/2;2804/2|Z01.058.290.190.800
00000000|MMI|35.81|Tryptophanase|C0041260|[aapp,enzy]|["TO"-tx-27-"to"-adv-0,"TO"-tx-24-"to"-adv-0]|TX|2925/2;2804/2|D08.811.520.224.800
00000000|MMI|29.93|Stenosis|C1261287|[patf]|["Stenosis"-tx-12-"stenosis"-noun-0,"Stenosis"-tx-11-"stenosis"-noun-0]|TX|1411/8;[1266/8],[1313/8]|C23.300.287
00000000|MMI|29.46|Diabetes Mellitus|C0011849|[dsyn]|["non insulin dependent diabetes Mellitus"-tx-14-"noninsulin dependent diabetes mellitus"-noun-0,"non insulin dependent diabetes Mellitus"-tx-3-"noninsulin dependent diabetes mellitus"-noun-0]|TX|1559/38;381/38|C18.452.394.750;C19.246
00000000|MMI|28.77|Homo sapiens|C0086418|[humn]|["MAN"-tx-2-"man"-noun-0]|TX|242/3|B01.050.150.900.649.801.400.112.400.400
00000000|MMI|27.70|milligram|C0439210|[qnco]|["milligrams"-tx-35-"milligrams"-noun-0]|TX|[3378/10],[3424/10],[3478/10],[3520/10],[3568/10],[3607/10],[3635/10]|
00000000|MMI|26.36|Atrial Fibrillation|C0004238|[dsyn]|["ATRIAL FIBRILLATION"-tx-24-"atrial fibrillation"-noun-0,"ATRIAL FIBRILLATION"-tx-22-"atrial fibrillation"-noun-0]|TX|2717/19;2501/19|C14.280.067.198;C23.550.073.198
00000000|MMI|26.14|Potassium|C0032821|[elii]|["POTASSIUM"-tx-35-"potassium"-noun-0,"POTASSIUM"-tx-30-"potassium"-noun-0]|TX|3657/9;3187/9|D01.268.549.550;D01.268.557.575;D01.552.528.652;D01.552.547.650;x.x.x.x
00000000|MMI|26.13|Operating Room|C0029064|[hcro,mnob]|["OPERATING ROOM"-tx-18-"operating room"-noun-0,"OPERATING ROOM"-tx-13-"operating room"-noun-0]|TX|1911/14;1490/14|N02.278.388.700
00000000|MMI|26.07|Urology|C0042077|[bmod]|["UROLOGY"-tx-38-"urology"-noun-0,"UROLOGY"-tx-28-"Urology"-noun-0]|TX|3911/7;3012/7|H02.403.810.860
00000000|MMI|24.11|Coumadin|C0699129|[orch,phsu]|["Coumadin"-tx-35-"Coumadin"-noun-0]|TX|3537/8|D03.383.663.283.446.520.914;D03.438.150.446.520.914
00000000|MMI|20.95|Irritable Bowel Syndrome|C0022104|[dsyn]|["-- Irritable Bowel Syndrome"-tx-14-"irritable bowel syndrome"-noun-0]|TX|1600/24|C06.405.469.158.272.608
00000000|MMI|19.77|Colectomy|C0009274|[topp]|["Colectomy"-tx-15-"colectomy"-noun-0,"Colectomy"-tx-14-"colectomy"-noun-0]|TX|1780/9;1640/9|E04.210.219
00000000|MMI|19.40|Activated Partial Thromboplastin Time measurement|C0030605|[lbpr]|["PTT"-tx-33-"PTT"-noun-0]|TX|3326/3|E01.370.225.625.115.600;E05.200.625.115.600;G09.188.660
00000000|MMI|19.40|International Normalized Ratio|C0525032|[lbpr]|["INR"-tx-34-"INR"-noun-0]|TX|3336/3|E01.370.225.625.115.320;E05.200.625.115.320
00000000|MMI|19.33|Weaning|C0043084|[fndg]|["Weaned"-tx-21-"weaned"-verb-0]|TX|2446/6|G07.203.650.220.500.750;G07.203.650.593.762;G07.700.620.762
00000000|MMI|19.31|Exercise|C0015259|[dora]|["Exercise"-tx-9-"exercised"-verb-0]|TX|790/9|G11.427.590.530.698.277;I03.350
00000000|MMI|19.24|Bone structure of ilium|C0020889|[bpoc]|["Iliac"-tx-12-"iliac"-adj-0]|TX|1396/5|A02.835.232.043.825.434
00000000|MMI|19.23|Lasix|C0699992|[orch,phsu]|["Lasix"-tx-35-"Lasix"-noun-0]|TX|3626/5|D02.065.884.725.300;D02.092.146.807.300;D02.886.590.700.725.300
00000000|MMI|19.17|Clinical Trials|C0008976|[resa]|["Trial"-tx-27-"trials"-noun-0]|TX|2981/6|E05.318.760.250.500;N05.715.360.775.088.500;N06.850.520.450.250.250
00000000|MMI|18.27|Incision and drainage|C0152277|[topp]|["i d"-tx-35-"i.d"-adv-0]|TX|[3409/3],[3437/3],[3620/3],[3648/3],[3688/3]|
00000000|MMI|17.80|Colitis|C0009319|[dsyn]|["COLITIS"-tx-14-"colitis"-noun-0]|TX|1654/7|C06.405.205.265;C06.405.469.158.188
00000000|MMI|17.80|Dizziness|C0012833|[sosy]|["Lightheadedness"-tx-5-"light headedness"-noun-0]|TX|626/16|C10.597.751.237;C23.888.592.763.237
00000000|MMI|17.80|Electrocardiogram|C0013798|[fndg]|["Electrocardiogram"-tx-10-"electrocardiogram"-noun-0]|TX|1019/17|E01.370.370.380.240;E01.370.405.240
00000000|MMI|17.80|Electrocardiography|C1623258|[diap]|["Electrocardiogram"-tx-10-"electrocardiogram"-noun-0]|TX|1019/17|E01.370.370.380.240;E01.370.405.240
00000000|MMI|17.80|Exercise stress test|C0015260|[diap]|["Exercise tolerance test NOS"-tx-8-"exercise tolerance test"-noun-0]|TX|753/23|E01.370.370.380.250;E01.370.386.700.250;E05.333.250
00000000|MMI|17.80|Lightheadedness|C0220870|[sosy]|["LIGHTHEADEDNESS"-tx-5-"light headedness"-noun-0]|TX|626/16|C10.597.751.237;C23.888.592.763.237
00000000|MMI|17.80|Urinary Retention|C0080274|[fndg]|["URINARY RETENTION"-tx-27-"urinary retention"-noun-0]|TX|2886/17|C12.777.934.880;C13.351.968.934.880
00000000|MMI|16.42|Atrial Premature Complexes|C0033036|[fndg]|["Premature Atrial Contractions"-tx-23-"premature atrial contractions"-noun-0]|TX|2661/29|C14.280.067.325.250;C23.550.073.325.050
00000000|MMI|16.30|Chlorides|C0008203|[inch]|["Chloride, NOS"-tx-30-"chloride"-noun-0]|TX|3203/8|D01.210.450.150;D01.248.497.158.215
00000000|MMI|16.25|Creatinine|C0010294|[bacs,orch]|["CREATININE"-tx-30-"creatinine"-noun-0]|TX|3157/10|D03.383.129.308.207
00000000|MMI|16.25|Hematocrit procedure|C0018935|[lbpr]|["Hematocrit"-tx-31-"hematocrit"-noun-0]|TX|3282/10|E01.370.225.625.400;E05.200.625.400;G09.188.370.374
00000000|MMI|16.25|Hemoglobin|C0019046|[aapp,bacs]|["Hemoglobin"-tx-31-"hemoglobin"-noun-0]|TX|3264/10|D12.776.124.400;D12.776.422.316.762
00000000|MMI|16.22|Blood Pressure|C0005823|[orgf]|["BLOOD PRESSURE"-tx-9-"blood pressure"-noun-0]|TX|911/14|E01.370.600.875.249;G09.330.380.076
00000000|MMI|16.22|Systemic arterial pressure|C1272641|[fndg]|["Blood pressure"-tx-9-"blood pressure"-noun-0]|TX|911/14|G09.330.380.076.347
00000000|MMI|16.21|heart rate|C0018810|[clna]|["Heart Rate"-tx-9-"heart rate"-noun-0]|TX|865/10|E01.370.600.875.500;G09.330.380.500
00000000|MMI|16.20|Pain|C0030193|[sosy]|["PAIN"-tx-35-"pain"-noun-0]|TX|3728/4|C10.597.617;C23.888.592.612;F02.830.816.444;G11.561.600.810.444
00000000|MMI|16.18|Heterosexuals|C1527360|[popg]|["Straight"-tx-13-"straight"-adj-0]|TX|1474/8|F01.145.802.975.400;G08.686.867.400
00000000|MMI|16.11|Coronary Arteriosclerosis|C0010054|[dsyn]|["coronary artery disease"-tx-1-"CORONARY ARTERY DISEASE"-noun-0]|TX|65/23|C14.280.647.250.260;C14.907.137.126.339;C14.907.585.250.260
00000000|MMI|16.11|Coronary Artery Disease|C1956346|[dsyn]|["CORONARY ARTERY DISEASE"-tx-1-"CORONARY ARTERY DISEASE"-noun-0]|TX|65/23|C14.280.647.250.260;C14.907.137.126.339;C14.907.585.250.260
00000000|MMI|16.08|Visiting Nurses|C0042799|[prog]|["Visiting Nurse"-tx-36-"visiting nurse"-noun-0]|TX|3799/14|M01.526.485.650.655;N02.360.650.655
00000000|MMI|16.08|Metamucil|C0025559|[orch,phsu]|["Metamucil"-tx-35-"Metamucil"-noun-0]|TX|3443/9|D20.215.784.500.720
00000000|MMI|16.08|Norvasc|C0162712|[orch,phsu]|["Norvasc"-tx-35-"Norvasc"-noun-0]|TX|3510/7|D03.383.725.203.065
00000000|MMI|16.07|Xanax|C0699034|[orch,phsu]|["Xanax"-tx-35-"Xanax"-noun-0]|TX|3368/5|D03.438.079.080.030
00000000|MMI|15.79|MRC1 gene|C1417249|[gngm]|["MR"-tx-26-"Mr"-noun-0,"MR"-tx-21-"Mr"-noun-0,"MR"-tx-1-"Mr"-noun-0]|TX|2861/2;2480/2;214/2|
00000000|MMI|15.79|Minor Response|C4050513|[fndg]|["MR"-tx-26-"Mr"-noun-0,"MR"-tx-21-"Mr"-noun-0,"MR"-tx-1-"Mr"-noun-0]|TX|2861/2;2480/2;214/2|
00000000|MMI|15.79|Mr. - Title|C2347167|[cnce]|["Mr."-tx-26-"Mr"-noun-0,"Mr."-tx-21-"Mr"-noun-0,"Mr."-tx-1-"Mr"-noun-0]|TX|2861/2;2480/2;214/2|
00000000|MMI|14.64|Atrial Flutter|C0004239|[patf]|["ATRIAL FLUTTER"-tx-24-"atrial flutter"-noun-0]|TX|2739/14|C14.280.067.248;C23.550.073.248
00000000|MMI|14.64|Cholecystectomy procedure|C0008320|[topp]|["CHOLECYSTECTOMY"-tx-15-"cholecystectomy"-noun-0]|TX|1737/15|E04.210.120.172
00000000|MMI|14.64|Nausea|C0027497|[sosy]|["NAUSEA"-tx-6-"nausea"-noun-1]|TX|676/6|C23.888.821.712
00000000|MMI|14.64|Splenomegaly|C0038002|[fndg]|["SPLENOMEGALY"-tx-14-"splenomegaly"-noun-0]|TX|1664/12|C23.300.775.750
00000000|MMI|14.64|Vomiting|C0042963|[sosy]|["VOMITING"-tx-6-"vomiting"-verb-1]|TX|685/8|C23.888.821.937
00000000|MMI|14.44|week|C0439230|[tmco]|["WEEK"-tx-38-"week"-noun-0,"WEEKS"-tx-38-"weeks"-noun-0,"WEEK"-tx-28-"week"-noun-0]|TX|[3900/4],[3928/4];3864/5;3031/4|
00000000|MMI|14.22|70%|C3842584|[fndg]|["70%"-tx-11-"70"-percentage-0,"70%"-tx-9-"70"-percentage-0]|TX|[1207/2],[1325/2],[1339/2];893/2|
00000000|MMI|13.24|PT-9|C0701437|[orch,phsu]|["PT 9"-tx-32-"PT 9"-noun-0]|TX|3317/2,3323/1|D03.383.725.086
00000000|MMI|13.14|Sodium|C0037473|[bacs,elii]|["SODIUM"-tx-30-"sodium"-noun-0]|TX|3174/6|D01.268.549.750;D01.268.557.650;D01.552.528.850;D01.552.547.725;x.x.x.x
00000000|MMI|13.08|intensive care unit|C0021708|[hcro,mnob]|["INTENSIVE CARE UNIT"-tx-19-"Intensive Care Unit"-noun-0]|TX|2322/19|N02.278.388.493
00000000|MMI|13.06|Dyspnea|C0013404|[sosy]|["SHORTNESS OF BREATH"-tx-5-"of shortness breath"-noun-0]|TX|601/12,617/6|C08.618.326;C23.888.852.371
00000000|MMI|13.06|Dental Occlusion|C0011382|[ortf]|["Occlusion"-tx-11-"occlusion"-noun-0]|TX|1365/9|E06.276;G10.549.235.202
00000000|MMI|13.06|Home visit (procedure)|C0020043|[hlca]|["home visiting"-tx-36-"home visiting"-noun-0]|TX|3789/4,3799/8|N04.452.758.307
00000000|MMI|13.05|Blood Platelets|C0005821|[cell]|["Platelets"-tx-31-"platelets"-noun-0]|TX|3300/9|A11.118.188;A15.145.229.188
00000000|MMI|13.05|Glucose|C0017725|[bacs,orch,phsu]|["GLUCOSE"-tx-30-"Glucose"-noun-0]|TX|3128/7|D09.546.359.448
00000000|MMI|13.00|hydrin 1|C0063072|[aapp]|["hydrin 1"-tx-35-"Hydrin 1"-noun-0]|TX|3559/8|x.x.x.x
00000000|MMI|13.00|hydrin 1'|C0657980|[aapp]|["hydrin 1'"-tx-35-"Hydrin 1"-noun-0]|TX|3559/8|x.x.x.x
00000000|MMI|12.95|Coronary heart disease|C0010068|[dsyn]|["Coronary (artery) disease"-tx-1-"CORONARY ARTERY DISEASE"-noun-0]|TX|65/23|C14.280.647.250;C14.907.585.250
00000000|MMI|12.89|Caucasoid Race|C0007457|[popg]|["WHITE"-tx-31-"White"-adj-0]|TX|3242/5|M01.686.508.400
00000000|MMI|12.89|Nurses|C0028661|[prog]|["NURSE"-tx-36-"nurse"-noun-0]|TX|3808/5|M01.526.485.650;N02.360.650
00000000|MMI|11.69|Collapsible balloon, device|C2939463|[medd]|["Intra-aortic balloon pump"-tx-21-"intraaortic balloon pump"-noun-0,"Intra-aortic balloon pump"-tx-19-"intraaortic balloon pump"-noun-0,"Intra-aortic balloon pump"-tx-13-"intraaortic balloon pump"-noun-0]|TX|2417/24;2262/24;1433/24|
00000000|MMI|11.69|Intra-aortic balloon pump device|C0702122|[medd]|["intraaortic balloon pump"-tx-21-"intraaortic balloon pump"-noun-0,"intraaortic balloon pump"-tx-19-"intraaortic balloon pump"-noun-0,"intraaortic balloon pump"-tx-13-"intraaortic balloon pump"-noun-0]|TX|2417/24;2262/24;1433/24|
00000000|MMI|11.49|Physical Examination|C0031809|[hlca]|["PHYSICAL EXAMINATION"-tx-17-"PHYSICAL EXAMINATION"-noun-0]|TX|1827/20|E01.370.600
00000000|MMI|11.49|Pressure- physical agent|C0033095|[phpr]|["Pressures"-tx-25-"Pressures"-noun-0]|TX|2821/9|G01.374.715
00000000|MMI|10.96|Delayed Release Dosage Form|C1707664|[bodm]|["DR"-tx-37-"Dr"-noun-0,"DR"-tx-28-"Dr"-noun-0,"DR"-tx-7-"Dr"-noun-0]|TX|3838/2;3038/2;728/2|
00000000|MMI|10.96|Device to Subject Relationship Domain|C3540849|[inpr]|["DR"-tx-37-"Dr"-noun-0,"DR"-tx-28-"Dr"-noun-0,"DR"-tx-7-"Dr"-noun-0]|TX|3838/2;3038/2;728/2|
00000000|MMI|10.96|Doctor - Title|C2348314|[cnce]|["Dr."-tx-37-"Dr"-noun-0,"Dr."-tx-28-"Dr"-noun-0,"Dr."-tx-7-"Dr"-noun-0]|TX|3838/2;3038/2;728/2|
00000000|MMI|10.77|Weekly|C0332174|[tmco]|["/week"-tx-38-"week"-noun-0,"/week"-tx-28-"week"-noun-0]|TX|[3900/4],[3928/4];3031/4|
00000000|MMI|10.71|Stenosis (invertebrate)|C2632116|[euka]|["Stenosis"-tx-12-"stenosis"-noun-0,"Stenosis"-tx-11-"stenosis"-noun-0]|TX|1411/8;[1266/8],[1313/8]|
00000000|MMI|10.71|Stenosis Morphology|C0678234|[qlco]|["Stenosis"-tx-12-"stenosis"-noun-0,"Stenosis"-tx-11-"stenosis"-noun-0]|TX|1411/8;[1266/8],[1313/8]|
00000000|MMI|10.69|1+|C3816745|[fndg]|["1+"-tx-43-"1"-fraction-0,"1+"-tx-10-"1"-integer-0]|TX|[4061/1],[4072/1];1101/1|
00000000|MMI|10.69|1+ Score|C2827734|[qnco]|["1+"-tx-43-"1"-fraction-0,"1+"-tx-10-"1"-integer-0]|TX|[4061/1],[4072/1];1101/1|
00000000|MMI|10.69|1+ Score, WHO|C2981698|[clas]|["1+"-tx-43-"1"-fraction-0,"1+"-tx-10-"1"-integer-0]|TX|[4061/1],[4072/1];1101/1|
00000000|MMI|10.53|Three|C0205449|[qnco]|["Three"-tx-18-"three"-word_numeral-0,"Three"-tx-4-"three"-word_numeral-0,"Three"-tx-2-"three"-noun-0]|TX|1994/5;481/5;270/5|
00000000|MMI|10.42|Revealed|C0443289|[qlco]|["Revealed"-tx-11-"revealed"-verb-0,"Revealed"-tx-10-"revealed"-verb-0]|TX|1167/8;1037/8|
00000000|MMI|10.42|To|C1883351|[qlco]|["To"-tx-27-"to"-adv-0,"To"-tx-24-"to"-adv-0]|TX|2925/2;2804/2|
00000000|MMI|10.42|Type II Diabetes Mellitus Pathway|C2984301|[ftcn]|["non insulin dependent diabetes mellitus"-tx-14-"noninsulin dependent diabetes mellitus"-noun-0,"non insulin dependent diabetes mellitus"-tx-3-"noninsulin dependent diabetes mellitus"-noun-0]|TX|1559/38;381/38|
00000000|MMI|10.06|Drug Allergy|C0013182|[dsyn]|["Drug Allergies"-tx-16-"drug allergies"-noun-1]|TX|1811/14|C20.543.206;C25.100.468
00000000|MMI|9.88|Back|C0004600|[blor]|["BACK"-tx-23-"back"-adj-0]|TX|2624/4|A01.923.176
00000000|MMI|9.86|Historical aspects qualifier|C0019665|[ftcn]|["history"-tx-4-"history"-noun-0]|TX|493/7|x.x.x
00000000|MMI|9.84|Males|C0086582|[orga]|["MAN"-tx-2-"man"-noun-0]|TX|242/3|x.x.x
00000000|MMI|9.84|Tracheal Extubation|C0553891|[topp]|["Extubate"-tx-20-"extubated"-verb-0]|TX|2379/9|E02.041.249;E05.008
00000000|MMI|9.76|Hypertensive disease|C0020538|[dsyn]|["HYPERTENSION"-tx-14-"hypertension"-noun-0]|TX|1544/12|C14.907.489
00000000|MMI|9.76|Tablet Dosage Form|C0039225|[bodm]|["TABLET"-tx-35-"tablet"-noun-0]|TX|3707/6|D26.255.830
00000000|MMI|9.75|Appendectomy|C0003611|[topp]|["APPENDECTOMY"-tx-15-"appendectomy"-noun-0]|TX|1720/12|E04.210.078
00000000|MMI|9.73|Hemorrhage|C0019080|[patf]|["BLEEDING"-tx-27-"bleeding"-adj-0]|TX|2972/8|C23.550.414
00000000|MMI|8.34|Catheterization|C0007430|[topp]|["Catheterization"-tx-11-"catheterization"-noun-0]|TX|1143/15|E02.148;E05.157
00000000|MMI|8.34|Hypersensitivity|C0020517|[patf]|["Allergies"-tx-16-"ALLERGIES"-noun-0]|TX|1791/9|C20.543
00000000|MMI|7.62|Stable Disease|C0677946|[fndg]|["Stable condition"-tx-36-"stable condition"-noun-0,"Stable condition"-tx-19-"stable condition"-noun-0]|TX|3769/16;2345/16|
00000000|MMI|7.62|Stable chronic Graft vs Host Disease|C3538874|[fndg]|["Stable condition"-tx-36-"stable condition"-noun-0,"Stable condition"-tx-19-"stable condition"-noun-0]|TX|3769/16;2345/16|
00000000|MMI|7.45|Medical History|C0262926|[fndg]|["Past Medical History"-tx-14-"PAST MEDICAL HISTORY"-noun-0,"History"-tx-4-"history"-noun-0]|TX|1506/20;493/7|
00000000|MMI|7.32|Atrial Fibrillation Adverse Event|C1963067|[fndg]|["Atrial fibrillation"-tx-24-"atrial fibrillation"-noun-0,"Atrial fibrillation"-tx-22-"atrial fibrillation"-noun-0]|TX|2717/19;2501/19|
00000000|MMI|7.32|Atrial Fibrillation by ECG Finding|C0344434|[lbtr]|["Atrial Fibrillation"-tx-24-"atrial fibrillation"-noun-0,"Atrial Fibrillation"-tx-22-"atrial fibrillation"-noun-0]|TX|2717/19;2501/19|
00000000|MMI|7.32|Clinical Study Follow-up|C3274571|[hlca]|["FOLLOW-UP"-tx-37-"follow up"-adj-0,"FOLLOW-UP"-tx-28-"follow up"-adj-0]|TX|3823/9;2997/9|
00000000|MMI|7.32|Follow-Up Report|C1704685|[inpr]|["Follow-Up"-tx-37-"follow up"-adj-0,"Follow-Up"-tx-28-"follow up"-adj-0]|TX|3823/9;2997/9|
00000000|MMI|7.32|Follow-up status|C0589120|[fndg]|["Follow-up"-tx-37-"follow up"-adj-0,"Follow-up"-tx-28-"follow up"-adj-0]|TX|3823/9;2997/9|
00000000|MMI|7.32|follow-up|C1522577|[hlca]|["Follow Up"-tx-37-"follow up"-adj-0,"Follow Up"-tx-28-"follow up"-adj-0]|TX|3823/9;2997/9|
00000000|MMI|7.27|Secondary to|C0175668|[tmco]|["Secondary to"-tx-14-"secondary to"-adj-0,"Secondary to"-tx-9-"secondary to"-adj-0]|TX|1625/12;968/12|
00000000|MMI|7.24|History of present illness|C0262512|[orga]|["History, NOS"-tx-4-"history"-noun-0,"HISTORY OF PRESENT ILLNESS"-tx-1-"HISTORY OF PRESENT ILLNESS"-noun-0]|TX|493/7;186/26|
00000000|MMI|7.23|Saphenous vein graft|C0729538|[bpoc]|["SAPHENOUS VEIN GRAFT"-tx-18-"saphenous vein graft"-noun-0]|TX|[2079/20],[2138/20]|
00000000|MMI|7.22|Day 2|C3842676|[fndg]|["Day 2"-tx-22-"day 2"-noun-0,"Day 2"-tx-21-"day 2"-noun-0]|TX|2538/5;2470/5|
00000000|MMI|7.20|Event Seriousness - Significant|C1546944|[qlco]|["Significant"-tx-15-"Significant"-adj-0,"Significant"-tx-14-"Significant"-adj-0]|TX|1701/11;1528/11|
00000000|MMI|7.20|Significant|C0750502|[idcn]|["Significant"-tx-15-"Significant"-adj-0,"Significant"-tx-14-"Significant"-adj-0]|TX|1701/11;1528/11|
00000000|MMI|7.20|Statistical Significance|C0237881|[qnco]|["significant"-tx-15-"Significant"-adj-0,"significant"-tx-14-"Significant"-adj-0]|TX|1701/11;1528/11|
00000000|MMI|7.18|Place|C0442504|[spco]|["Place"-tx-19-"place"-noun-0,"Place"-tx-13-"placed"-verb-0]|TX|2290/5;1458/6|
00000000|MMI|7.18|Place - dosing instruction imperative|C1704765|[ftcn]|["Place"-tx-19-"place"-noun-0,"Place"-tx-13-"placed"-verb-0]|TX|2290/5;1458/6|
00000000|MMI|7.18|put - instruction imperative|C1882509|[acty]|["Place"-tx-19-"place"-noun-0,"Place"-tx-13-"placed"-verb-0]|TX|2290/5;1458/6|
00000000|MMI|7.15|Brought on by|C0332302|[ftcn]|["brought"-tx-19-"brought"-verb-0,"brought"-tx-18-"brought"-verb-0]|TX|2304/7;1896/7|
00000000|MMI|7.11|29+|C3843708|[fndg]|["29+"-tx-43-"29"-fraction-0]|TX|[4063/2],[4074/2]|
00000000|MMI|7.10|Potassium Drug Class|C3714637|[phsu]|["POTASSIUM"-tx-35-"potassium"-noun-0,"POTASSIUM"-tx-30-"potassium"-noun-0]|TX|3657/9;3187/9|
00000000|MMI|7.10|Potassium Ion|C0597277|[elii,phsu]|["Potassium"-tx-35-"potassium"-noun-0,"Potassium"-tx-30-"potassium"-noun-0]|TX|3657/9;3187/9|
00000000|MMI|7.10|Potassium measurement|C0202194|[lbpr]|["Potassium+"-tx-35-"potassium"-noun-0,"Potassium+"-tx-30-"potassium"-noun-0]|TX|3657/9;3187/9|
00000000|MMI|7.10|Potassium supplement|C0304475|[inch,phsu]|["POTASSIUM"-tx-35-"potassium"-noun-0,"POTASSIUM"-tx-30-"potassium"-noun-0]|TX|3657/9;3187/9|
00000000|MMI|7.09|Patient location type - Operating Room|C1578465|[spco]|["Operating Room"-tx-18-"operating room"-noun-0,"Operating Room"-tx-13-"operating room"-noun-0]|TX|1911/14;1490/14|
00000000|MMI|7.03|Allopathic & Osteopathic Physicians - Urology|C1555893|[prog]|["Urology"-tx-38-"urology"-noun-0,"Urology"-tx-28-"Urology"-noun-0]|TX|3911/7;3012/7|
00000000|MMI|7.03|Registered Nurse - Urology|C1556013|[prog]|["Urology"-tx-38-"urology"-noun-0,"Urology"-tx-28-"Urology"-noun-0]|TX|3911/7;3012/7|
00000000|MMI|7.00|80%|C3842583|[fndg]|["80%"-tx-25-"80"-fraction-0,"80%"-tx-11-"80"-integer-0]|TX|2851/2;1250/2|
00000000|MMI|6.99|Left|C0205091|[spco]|["LEFT"-tx-18-"left"-noun-0,"LEFT"-tx-11-"left"-adj-0]|TX|2005/4;1178/4|
00000000|MMI|6.99|Left sided|C0443246|[spco]|["Left"-tx-18-"left"-noun-0,"Left"-tx-11-"left"-adj-0]|TX|2005/4;1178/4|
00000000|MMI|6.99|Table Cell Horizontal Align - left|C1552822|[ftcn]|["left"-tx-18-"left"-noun-0,"left"-tx-11-"left"-adj-0]|TX|2005/4;1178/4|
00000000|MMI|6.93|Known|C0205309|[qlco]|["Known"-tx-16-"known"-adj-0,"Known"-tx-2-"known"-adj-0]|TX|1805/5;253/5|
00000000|MMI|6.93|Right|C0205090|[spco]|["RIGHT"-tx-19-"right"-adj-0,"RIGHT"-tx-12-"right"-adj-0]|TX|2256/5;1390/5|
00000000|MMI|6.93|Right sided|C0444532|[spco]|["Right"-tx-19-"right"-adj-0,"Right"-tx-12-"right"-adj-0]|TX|2256/5;1390/5|
00000000|MMI|6.92|10%|C3842590|[fndg]|["10%"-tx-1-"10"-fraction-0]|TX|[127/2],[175/2]|
00000000|MMI|6.92|/40|C0439509|[tmco]|["/40"-tx-35-"40"-integer-0,"/40"-tx-9-"40"-integer-0]|TX|3632/2;818/2|
00000000|MMI|6.92|40%|C3842587|[qnco]|["40%"-tx-35-"40"-integer-0,"40%"-tx-9-"40"-integer-0]|TX|3632/2;818/2|
00000000|MMI|6.87|90%|C3842582|[fndg]|["90%"-tx-24-"90s"-noun-0,"90%"-tx-11-"90"-percentage-0]|TX|2775/3;1253/2|
00000000|MMI|6.87|<90|C0439087|[qnco]|["<90"-tx-24-"90s"-noun-0,"<90"-tx-11-"90"-percentage-0]|TX|2775/3;1253/2|
00000000|MMI|6.87|>90|C0439083|[qnco]|[">90"-tx-24-"90s"-noun-0,">90"-tx-11-"90"-percentage-0]|TX|2775/3;1253/2|
00000000|MMI|6.70|History|C0019664|[ocdi]|["History"-tx-4-"history"-noun-0]|TX|493/7|K01.400
00000000|MMI|6.69|Time|C0040223|[tmco]|["times"-tx-18-"times"-noun-0]|TX|1988/5|G01.910
00000000|MMI|6.69|Male population group|C0025266|[popg]|["Man"-tx-2-"man"-noun-0]|TX|242/3|M01.390
00000000|MMI|6.61|Acids|C0001128|[chem]|["Acid"-tx-35-"Acid"-noun-0]|TX|3415/4|D01.029
00000000|MMI|6.57|Blood Vessel|C0005847|[bpoc]|["Vessel"-tx-2-"vessel"-noun-0]|TX|276/6|A07.231
00000000|MMI|5.18|+2|C0740116|[qnco]|["+2"-tx-10-"2"-integer-0]|TX|1099/1|
00000000|MMI|5.18|2+|C3833492|[fndg]|["2+"-tx-10-"2"-integer-0]|TX|1099/1|
00000000|MMI|5.18|2+ Score|C2827735|[qnco]|["2+"-tx-10-"2"-integer-0]|TX|1099/1|
00000000|MMI|5.18|2+ Score, WHO|C2981700|[clas]|["2+"-tx-10-"2"-integer-0]|TX|1099/1|
00000000|MMI|5.18|ALPP gene|C1412365|[gngm]|["PALP"-tx-9-"palp"-noun-0]|TX|938/4|
00000000|MMI|5.18|ALPP wt Allele|C3812647|[gngm]|["PALP"-tx-9-"palp"-noun-0]|TX|938/4|
00000000|MMI|5.18|Anterior descending branch of left coronary artery|C0226032|[bpoc]|["Left anterior descending artery"-tx-18-"left anterior descending artery"-noun-0]|TX|2041/31|
00000000|MMI|5.18|Approximate|C0332232|[qlco]|["About"-tx-28-"about"-adv-0]|TX|3023/5|
00000000|MMI|5.18|Atrial Flutter Adverse Event|C1963068|[patf]|["Atrial flutter"-tx-24-"atrial flutter"-noun-0]|TX|2739/14|
00000000|MMI|5.18|Atrial Flutter by ECG Finding|C0344423|[lbtr]|["Atrial Flutter"-tx-24-"atrial flutter"-noun-0]|TX|2739/14|
00000000|MMI|5.18|Attending (action)|C1999232|[ftcn]|["attending"-tx-40-"Attending"-noun-0]|TX|3973/9|
00000000|MMI|5.18|Attending (provider role)|C1547429|[prog]|["Attending"-tx-40-"Attending"-noun-0]|TX|3973/9|
00000000|MMI|5.18|Climbing|C2584300|[dora]|["Climbing"-tx-4-"climbing"-verb-0]|TX|528/8|
00000000|MMI|5.18|Colitis Adverse Event|C1963084|[fndg]|["Colitis"-tx-14-"colitis"-noun-0]|TX|1654/7|
00000000|MMI|5.18|Deny (action)|C2700401|[acty]|["Deny"-tx-6-"denies"-verb-0]|TX|665/6|
00000000|MMI|5.18|Dispense|C1880359|[hlca]|["disp."-tx-36-"DISP"-noun-0]|TX|3734/4|
00000000|MMI|5.18|Doctor of Medicine|C1512018|[inpr]|["M.D."-tx-41-"M.D"-noun-0]|TX|4004/3|
00000000|MMI|5.18|Does climb|C0561942|[fndg]|["climbing"-tx-4-"climbing"-verb-0]|TX|528/8|
00000000|MMI|5.18|Electro-Cardiogram|C1547122|[spco]|["Electro-Cardiogram"-tx-10-"electrocardiogram"-noun-0]|TX|1019/17|
00000000|MMI|5.18|Electrocardiogram Domain|C1705651|[inpr]|["Electrocardiogram"-tx-10-"electrocardiogram"-noun-0]|TX|1019/17|
00000000|MMI|5.18|Exercise stress ECG test|C1304755|[diap]|["Exercise tolerance test"-tx-8-"exercise tolerance test"-noun-0]|TX|753/23|
00000000|MMI|5.18|Former smoker|C0337671|[fndg]|["Former Smoker"-tx-3-"former smoker"-noun-0]|TX|431/13|
00000000|MMI|5.18|Good|C0205170|[qlco]|["Well"-tx-19-"well"-adv-0]|TX|2205/4|
00000000|MMI|5.18|H/O: surgery|C0455610|[fndg]|["Past surgical history"-tx-15-"PAST SURGICAL HISTORY"-noun-0]|TX|1678/21|
00000000|MMI|5.18|Hill|C0442532|[spco]|["Hill"-tx-4-"hill"-noun-0]|TX|539/4|
00000000|MMI|5.18|Hospital course|C0489547|[fndg]|["Hospital course"-tx-18-"HOSPITAL COURSE"-noun-0]|TX|1863/15|
00000000|MMI|5.18|Hospital course:Finding:Point in time:^Patient:Narrative|C0488549|[clna]|["Hospital course"-tx-18-"HOSPITAL COURSE"-noun-0]|TX|1863/15|
00000000|MMI|5.18|Incident|C1551358|[idcn]|["Incident"-tx-19-"incident"-noun-0]|TX|2236/8|
00000000|MMI|5.18|Increased sweating|C0700590|[sosy]|["DIAPHORESIS"-tx-5-"diaphoresis"-noun-0]|TX|649/11|
00000000|MMI|5.18|July|C3829447|[qlco]|["July"-tx-18-"July"-noun-0]|TX|1929/4|
00000000|MMI|5.18|Laboratory Procedures|C0022885|[lbpr]|["Test"-tx-9-"test"-noun-0]|TX|951/4|
00000000|MMI|5.18|Medication.discharge|C0806915|[fndg]|["Discharge medications"-tx-35-"DISCHARGE MEDICATIONS"-noun-0]|TX|3345/21|
00000000|MMI|5.18|Nausea Adverse Event|C1963179|[patf]|["Nausea"-tx-6-"nausea"-noun-1]|TX|676/6|
00000000|MMI|5.18|Normal|C0205307|[qlco]|["Unremarkable"-tx-17-"Unremarkable"-adj-0]|TX|1849/12|
00000000|MMI|5.18|PMH - past medical history|C0455458|[fndg]|["Past medical history"-tx-14-"PAST MEDICAL HISTORY"-noun-0]|TX|1506/20|
00000000|MMI|5.18|PRSS30P gene|C2828567|[gngm]|["Disp"-tx-36-"DISP"-noun-0]|TX|3734/4|
00000000|MMI|5.18|Palp - CHV concept|C2945620|[cnce]|["palp"-tx-9-"palp"-noun-0]|TX|938/4|
00000000|MMI|5.18|Palpitations|C0030252|[fndg]|["PALPITATIONS"-tx-6-"palpitations"-noun-1]|TX|699/12|
00000000|MMI|5.18|Palpitations Adverse Event|C3160712|[fndg]|["Palpitations"-tx-6-"palpitations"-noun-1]|TX|699/12|
00000000|MMI|5.18|Pressure (finding)|C0460139|[fndg]|["pressures"-tx-25-"Pressures"-noun-0]|TX|2821/9|
00000000|MMI|5.18|Requirement|C1514873|[ftcn]|["Required"-tx-27-"required"-verb-0]|TX|2912/8|
00000000|MMI|5.18|September|C3828193|[tmco]|["September"-tx-30-"September"-noun-0]|TX|3108/9|
00000000|MMI|5.18|Test Result|C0456984|[fndg]|["Test"-tx-9-"test"-noun-0]|TX|951/4|
00000000|MMI|5.18|Testing|C0039593|[ftcn]|["Test"-tx-9-"test"-noun-0]|TX|951/4|
00000000|MMI|5.18|Tests (qualifier value)|C0392366|[inpr]|["test"-tx-9-"test"-noun-0]|TX|951/4|
00000000|MMI|5.18|To be stopped|C1272691|[qlco]|["stopped"-tx-9-"stopped"-verb-0]|TX|960/7|
00000000|MMI|5.18|Unable|C1299582|[fndg]|["Unable"-tx-24-"unable"-adj-0]|TX|2797/6|
00000000|MMI|5.18|Urology clinic|C3812395|[hcro,mnob]|["Urology clinic"-tx-29-"urology clinic"-noun-0]|TX|3064/14|
00000000|MMI|5.18|Urology clinic (surgery clinic)|C1552811|[hcro,mnob]|["Urology clinic"-tx-29-"urology clinic"-noun-0]|TX|3064/14|
00000000|MMI|5.18|Vanadium 5+|C2349105|[elii]|["V5+"-tx-10-"V5"-noun-0]|TX|1090/2|
00000000|MMI|5.18|Vomiting Adverse Event|C1963281|[patf]|["Vomiting"-tx-6-"vomiting"-verb-1]|TX|685/8|
00000000|MMI|5.18|Well|C3146287|[mnob]|["Well"-tx-19-"well"-adv-0]|TX|2205/4|
00000000|MMI|3.98|Direct (qualifier)|C1947931|[qlco]|["Direct"-tx-35-"directed"-verb-0]|TX|3549/8|
00000000|MMI|3.98|Direct type of relationship|C0439851|[qlco]|["Direct"-tx-35-"directed"-verb-0]|TX|3549/8|
00000000|MMI|3.85|AV Block Second Degree by ECG Finding|C3714697|[fndg]|["Second Degree AV Block"-tx-10-"second degree AV block"-noun-0]|TX|1103/22|
00000000|MMI|3.85|Second degree atrioventricular block|C0264906|[dsyn]|["Second Degree AV Block"-tx-10-"second degree AV block"-noun-0]|TX|1103/22|
00000000|MMI|3.81|Premature atrial contractions:Number = Count/Time:Duration of the study:Heart:Quantitative:EKG|C0488348|[clna]|["Premature atrial contractions"-tx-23-"premature atrial contractions"-noun-0]|TX|2661/29|
00000000|MMI|3.77|H/O: hypertension|C0455527|[fndg]|["History of - hypertension"-tx-3-"history of hypertension"-noun-0]|TX|355/23|
00000000|MMI|3.75|Discharge date|C2361123|[tmco]|["Discharge date"-tx-1-"Discharge Date"-noun-0]|TX|159/14|
00000000|MMI|3.75|Discharge date:Time Stamp -- Date and Time:Point in time:^Patient:Quantitative|C2361122|[clna]|["Discharge date"-tx-1-"Discharge Date"-noun-0]|TX|159/14|
00000000|MMI|3.75|Laboratory Data Domain|C1705214|[idcn]|["Laboratory Data"-tx-30-"LABORATORY DATA"-noun-0]|TX|3090/15|
00000000|MMI|3.75|Magnesium Cation|C2346927|[elii,phsu]|["Magnesium 2+"-tx-30-"magnesium 2"-noun-0]|TX|3227/11|
00000000|MMI|3.75|Right coronary artery occlusion|C1290385|[dsyn]|["Right coronary artery occlusion"-tx-11-"right coronary artery occlusion"-noun-0]|TX|1343/31|
00000000|MMI|3.68|% index|C1637833|[qnco]|["% index"-tx-42-"Index"-noun-0]|TX|4037/5|
00000000|MMI|3.68|100%|C3817553|[qnco]|["100%"-tx-30-"100"-integer-0]|TX|3212/3|
00000000|MMI|3.68|Chloride Ion|C0596019|[elii]|["CHLORIDE"-tx-30-"chloride"-noun-0]|TX|3203/8|
00000000|MMI|3.68|Gram per Deciliter|C0439267|[qnco]|["g%"-tx-40-"G"-noun-0]|TX|3992/1|
00000000|MMI|3.68|Html Link Type - index|C1552854|[idcn]|["index"-tx-42-"Index"-noun-0]|TX|4037/5|
00000000|MMI|3.68|Index|C0918012|[inpr]|["Index"-tx-42-"Index"-noun-0]|TX|4037/5|
00000000|MMI|3.68|LYN gene|C0812307|[gngm]|["LYN"-tx-8-"Lyn"-noun-0]|TX|738/3|
00000000|MMI|3.68|LYN protein, human|C1442804|[aapp,enzy]|["LYN"-tx-8-"Lyn"-noun-0]|TX|738/3|
00000000|MMI|3.68|P Blood group antibodies|C0369773|[aapp,imft]|["P NOS"-tx-39-"P"-adv-0]|TX|3968/1|
00000000|MMI|3.68|P prime|C2603361|[clna]|["P'"-tx-39-"P"-adv-0]|TX|3968/1|
00000000|MMI|3.68|Percent of Predicted Value|C1882327|[qnco]|["%{Predicted}"-tx-9-"predicted"-adj-0]|TX|897/9|
00000000|MMI|3.68|Sodium Cation|C0597484|[elii]|["Sodium+"-tx-30-"sodium"-noun-0]|TX|3174/6|
00000000|MMI|3.68|Sodium Drug Class|C3714642|[phsu]|["SODIUM"-tx-30-"sodium"-noun-0]|TX|3174/6|
00000000|MMI|3.68|Sodium supplements|C3541959|[phsu]|["Sodium"-tx-30-"sodium"-noun-0]|TX|3174/6|
00000000|MMI|3.68|cobaltous cation|C2347816|[elii,phsu]|["Co2+"-tx-30-"CO2"-noun-0]|TX|3218/3|
00000000|MMI|3.68|prediction|C0681842|[idcn]|["Predicted"-tx-9-"predicted"-adj-0]|TX|897/9|
00000000|MMI|3.67|History of present illness:Finding:Point in time:^Patient:Nominal:Reported|C0488508|[clna]|["History of present illness"-tx-1-"HISTORY OF PRESENT ILLNESS"-noun-0]|TX|186/26|
00000000|MMI|3.65|Report status|C0586177|[fndg]|["Report status"-tx-1-"Report Status"-noun-0]|TX|135/13|
00000000|MMI|3.64|Treated with|C0332293|[topp]|["Treated with"-tx-23-"treated with"-verb-0]|TX|2575/12|
00000000|MMI|3.64|dictated - DocumentCompletion|C1609990|[idcn]|["Dictated"-tx-39-"Dictated"-verb-0]|TX|3934/8|
00000000|MMI|3.64|dictated - ParticipationMode|C1548384|[ftcn]|["dictated"-tx-39-"Dictated"-verb-0]|TX|3934/8|
00000000|MMI|3.63|Creatinine finding|C1561535|[fndg]|["Creatinine"-tx-30-"creatinine"-noun-0]|TX|3157/10|
00000000|MMI|3.63|Hematocrit level|C0518014|[fndg]|["Hematocrit"-tx-31-"hematocrit"-noun-0]|TX|3282/10|
00000000|MMI|3.63|Integrated Neuromusculoskeletal Release|C1704538|[topp]|["INR"-tx-34-"INR"-noun-0]|TX|3336/3|
00000000|MMI|3.62|Internal mammary-coronary artery bypass graft|C1293394|[topp]|["Internal mammary-coronary artery bypass graft"-tx-18-"coronary artery bypass graft internal mammary"-noun-0]|TX|1959/28,2010/16|
00000000|MMI|3.62|Admission date:Time Stamp -- Date and Time:Point in time:^Patient:Quantitative|C2598112|[clna]|["Admission date"-tx-1-"Admission Date"-noun-0]|TX|108/14|
00000000|MMI|3.62|Date of admission|C1302393|[tmco]|["Admission date"-tx-1-"Admission Date"-noun-0]|TX|108/14|
00000000|MMI|3.62|Room type - Intensive care unit|C1549475|[idcn]|["Intensive care unit"-tx-19-"Intensive Care Unit"-noun-0]|TX|2322/19|
00000000|MMI|3.61|10 - 12|C3843787|[fndg]|["10 - 12"-tx-1-"10/12"-fraction-0]|TX|40/5|
00000000|MMI|3.61|Batch (Response Modality)|C1550176|[inpr]|["Batch"-tx-42-"Batch"-noun-0]|TX|4024/5|
00000000|MMI|3.61|Batch (group)|C1948031|[qnco]|["Batch"-tx-42-"Batch"-noun-0]|TX|4024/5|
00000000|MMI|3.61|Batch Number|C3641829|[inpr]|["BATCH"-tx-42-"Batch"-noun-0]|TX|4024/5|
00000000|MMI|3.61|1 Day|C1442449|[tmco]|["Day 1"-tx-20-"day 1"-noun-0]|TX|2406/5|
00000000|MMI|3.61|Blood pressure finding|C1271104|[fndg]|["Blood Pressure"-tx-9-"blood pressure"-noun-0]|TX|911/14|
00000000|MMI|3.60|Spray (action)|C2003858|[ftcn]|["Spray"-tx-35-"spray"-noun-0]|TX|3401/5|
00000000|MMI|3.60|Spray Dosing Unit|C1704413|[qnco]|["{Spray}"-tx-35-"spray"-noun-0]|TX|3401/5|
00000000|MMI|3.60|Shortness of breath:-:Point in time:^Patient:-|C2707305|[clna]|["Shortness of breath"-tx-5-"of shortness breath"-noun-0]|TX|601/12,617/6|
00000000|MMI|3.60|Cardiovascular occlusion|C1110554|[patf]|["OCCLUSION"-tx-11-"occlusion"-noun-0]|TX|1365/9|
00000000|MMI|3.60|Obstruction|C0028778|[patf]|["Occlusion"-tx-11-"occlusion"-noun-0]|TX|1365/9|
00000000|MMI|3.60|Occluded|C1947917|[ftcn]|["Occlusion"-tx-11-"occlusion"-noun-0]|TX|1365/9|
00000000|MMI|3.60|Occlusion - action|C0441597|[ftcn]|["Occlusion"-tx-11-"occlusion"-noun-0]|TX|1365/9|
00000000|MMI|3.60|Occlusion within Medical Device|C1882137|[phpr]|["Occlusion"-tx-11-"occlusion"-noun-0]|TX|1365/9|
00000000|MMI|3.60|Proximal Circumflex Artery|C3640701|[bpoc]|["Proximal Circumflex coronary artery"-tx-11-"circumflex coronary artery proximal"-noun-0]|TX|1215/26,1257/8|
00000000|MMI|3.60|mEq|C0439152|[qnco]|["MILLIEQUIVALENT"-tx-35-"milliequivalent"-noun-0]|TX|3670/15|
00000000|MMI|3.60|Evaluation and management of patient at home|C0199358|[hlca]|["home visiting"-tx-36-"home visiting"-noun-0]|TX|3789/4,3799/8|
00000000|MMI|3.60|Postpartum home visit|C0695714|[topp]|["home visiting"-tx-36-"home visiting"-noun-0]|TX|3789/4,3799/8|
00000000|MMI|3.59|Pyrexia of unknown origin (excl puerperal)|C0856281|[sosy]|["puo"-tx-1-"PUO"-noun-0]|TX|12/3|
00000000|MMI|3.59|Bypass|C0741847|[topp]|["Bypass"-tx-19-"bypass"-noun-0]|TX|2221/6|
00000000|MMI|3.59|Night time|C0240526|[tmco]|["Night"-tx-35-"night"-noun-0]|TX|3587/5|
00000000|MMI|3.59|Platelets Adverse Event|C1963076|[fndg]|["Platelets"-tx-31-"platelets"-noun-0]|TX|3300/9|
00000000|MMI|3.59|seen|C0205397|[qlco]|["Seen"-tx-7-"seen"-verb-0]|TX|720/4|
00000000|MMI|3.59|Pain NOS Adverse Event|C1962977|[fndg]|["Pain NOS"-tx-35-"pain"-noun-0]|TX|3728/4|
00000000|MMI|3.58|Post|C0687676|[tmco]|["Status Post"-tx-2-"status post"-prep-0]|TX|300/11|
00000000|MMI|3.58|ST segment depression (finding)|C0520887|[fndg]|["ST DEPRESSION"-tx-10-"ST depression"-noun-0]|TX|1062/13|
00000000|MMI|3.58|Status post|C0231290|[tmco]|["Status post"-tx-2-"status post"-prep-0]|TX|300/11|
00000000|MMI|3.57|Back structure, excluding neck|C1995000|[blor]|["Back, NOS"-tx-23-"back"-adj-0]|TX|2624/4|
00000000|MMI|3.57|Back structure, including back of neck|C0460009|[blor]|["Back"-tx-23-"back"-adj-0]|TX|2624/4|
00000000|MMI|3.57|Continuous|C0549178|[idcn]|["Continued"-tx-24-"continued"-verb-0]|TX|2704/9|
00000000|MMI|3.57|Dorsal|C0205095|[spco]|["BACK"-tx-23-"back"-adj-0]|TX|2624/4|
00000000|MMI|3.57|Intravenous|C0348016|[spco]|["Intravenous"-tx-23-"intravenous"-adj-0]|TX|2588/11|
00000000|MMI|3.57|Minute (diminutive)|C1282918|[qnco]|["minutes"-tx-9-"minutes"-noun-0]|TX|806/7|
00000000|MMI|3.57|Minute Unit of Plane Angle|C2347166|[qnco]|["Minute"-tx-9-"minutes"-noun-0]|TX|806/7|
00000000|MMI|3.57|Minute of time|C0439232|[tmco]|["minutes"-tx-9-"minutes"-noun-0]|TX|806/7|
00000000|MMI|3.57|Morning|C0332170|[tmco]|["Morning"-tx-35-"morning"-noun-0]|TX|3501/7|
00000000|MMI|3.57|Per Minute|C0702093|[tmco]|["/minute"-tx-9-"minutes"-noun-0]|TX|806/7|
00000000|MMI|3.57|Present|C0150312|[qnco]|["Present"-tx-4-"presents"-verb-0]|TX|458/8|
00000000|MMI|3.57|Presentation|C0449450|[idcn]|["Present"-tx-4-"presents"-verb-0]|TX|458/8|
00000000|MMI|3.57|Small|C0700321|[qnco]|["minutes"-tx-9-"minutes"-noun-0]|TX|806/7|
00000000|MMI|3.57|Two|C0205448|[qnco]|["Two"-tx-4-"two"-noun-0]|TX|474/3|
00000000|MMI|3.56|CATHETER, FOLEY|C0179804|[medd]|["CATHETER, FOLEY"-tx-27-"Foley catheter"-noun-0]|TX|2943/14|
00000000|MMI|3.56|Cardiologist|C0175906|[prog]|["Cardiologist"-tx-38-"cardiologist"-noun-0]|TX|3876/12|
00000000|MMI|3.56|Count|C0750480|[qnco]|["Count"-tx-31-"count"-noun-0]|TX|3248/5|
00000000|MMI|3.56|Count Dosing Unit|C1705566|[qnco]|["COUNT"-tx-31-"count"-noun-0]|TX|3248/5|
00000000|MMI|3.56|Home environment|C0442519|[cnce]|["HOME"-tx-36-"home"-noun-0]|TX|3789/4|
00000000|MMI|3.56|Rush|C0443052|[qlco]|["rushing"-tx-4-"rushing"-noun-0]|TX|547/7|
00000000|MMI|3.56|Straight|C0445291|[spco]|["Straight"-tx-13-"straight"-adj-0]|TX|1474/8|
00000000|MMI|3.55|Concept model range (foundation metadata concept)|C3542016|[inpr]|["Range"-tx-25-"range"-noun-0]|TX|2854/5|
00000000|MMI|3.55|Range|C1514721|[qnco]|["Range"-tx-25-"range"-noun-0]|TX|2854/5|
00000000|MMI|3.55|Rate|C1521828|[qnco]|["Rate"-tx-24-"rate"-noun-0]|TX|2763/4|
00000000|MMI|3.55|Rating (action)|C0871208|[acty]|["Rate"-tx-24-"rate"-noun-0]|TX|2763/4|
00000000|MMI|3.55|Sample Range|C2348147|[qnco]|["Range"-tx-25-"range"-noun-0]|TX|2854/5|
00000000|MMI|3.55|rate control|C0489879|[ftcn]|["Rate control"-tx-22-"controlled rate"-adj-0]|TX|2551/15|
00000000|MMI|3.55|Balloon Aircraft|C0336867|[mnob]|["Balloon"-tx-2-"balloon"-noun-0]|TX|327/7|
00000000|MMI|3.55|Clinical act of insertion|C0441587|[hlca]|["Placement"-tx-2-"placement"-noun-0]|TX|335/9|
00000000|MMI|3.55|Concept History|C1705255|[cnce]|["History"-tx-4-"history"-noun-0]|TX|493/7|
00000000|MMI|3.55|History of previous events|C2004062|[fndg]|["History"-tx-4-"history"-noun-0]|TX|493/7|
00000000|MMI|3.55|Hospital admission|C0184666|[hlca]|["admits"-tx-5-"admits"-verb-0]|TX|582/6|
00000000|MMI|3.55|Medical Balloon Device|C0441144|[medd]|["balloon"-tx-2-"balloon"-noun-0]|TX|327/7|
00000000|MMI|3.55|Placement|C1524072|[qlco]|["Placement"-tx-2-"placement"-noun-0]|TX|335/9|
00000000|MMI|3.55|Placement action|C1533810|[hlca]|["Placement"-tx-2-"placement"-noun-0]|TX|335/9|
00000000|MMI|3.55|Symptoms|C1457887|[sosy]|["SYMPTOMS"-tx-5-"symptoms"-noun-0]|TX|592/8|
00000000|MMI|3.55|Symptoms aspect|C0683368|[ftcn]|["symptoms"-tx-5-"symptoms"-noun-0]|TX|592/8|
00000000|MMI|3.55|seconds|C0457385|[tmco]|["seconds"-tx-9-"seconds"-noun-0]|TX|821/7|
00000000|MMI|3.54|Exercise Pain Management|C1522704|[topp]|["Exercise"-tx-9-"exercised"-verb-0]|TX|790/9|
00000000|MMI|3.54|Times|C1632851|[qnco]|["Times"-tx-18-"times"-noun-0]|TX|1988/5|
00000000|MMI|3.53|Mid-Right Coronary Artery Conduit|C3640699|[bpoc]|["Mid right coronary artery"-tx-11-"mid right coronary artery"-noun-0]|TX|1335/3,1343/21|
00000000|MMI|3.48|Sinus rhythm|C0232201|[fndg]|["SINUS RHYTHM"-tx-23-"sinus rhythm"-noun-0]|TX|2632/12|
00000000|MMI|3.48|0/5|C0444499|[qnco]|["0/5"-tx-35-"0.5"-real_number-0]|TX|3374/3|
00000000|MMI|3.48|Body Fluid Discharge|C0012621|[bdsu]|["Discharge"-tx-30-"DISCHARGE"-noun-0]|TX|3080/9|
00000000|MMI|3.48|Discharge, body substance|C2926602|[bdsu]|["Discharge"-tx-30-"DISCHARGE"-noun-0]|TX|3080/9|
00000000|MMI|3.48|Glynase|C2725379|[orch,phsu]|["Glynase"-tx-35-"Glynase"-noun-0]|TX|3468/7|
00000000|MMI|3.47|Modified Bruce protocol|C0442714|[topp]|["Modified Bruce protocol"-tx-9-"modified Bruce protocol"-noun-0]|TX|834/23|
00000000|MMI|3.47|Infrequent|C0521114|[tmco]|["Occasional"-tx-23-"occasional"-adj-0]|TX|2650/10|
00000000|MMI|3.47|Tortuous|C4068863|[fndg]|["Tortuous"-tx-12-"tortuous"-adj-0]|TX|1402/8|
00000000|MMI|3.46|Afrin|C0718291|[orch,phsu]|["Afrin"-tx-35-"Afrin"-noun-0]|TX|3395/5|
00000000|MMI|3.46|Packet (device)|C1705173|[medd]|["Packet"-tx-35-"packet"-noun-0]|TX|3455/6|
00000000|MMI|3.46|Packet - Unit dose|C1641805|[qnco]|["PACKET"-tx-35-"packet"-noun-0]|TX|3455/6|
00000000|MMI|3.46|Entire obtuse marginal branch of circumflex branch of left coronary artery|C1305171|[bpoc]|["Obtuse marginal artery"-tx-18-"obtuse marginal artery"-noun-0]|TX|2107/22|
00000000|MMI|3.46|Structure of obtuse marginal branch of circumflex branch of left coronary artery|C0226040|[bpoc]|["Obtuse marginal artery"-tx-18-"obtuse marginal artery"-noun-0]|TX|2107/22|
00000000|MMI|3.46|20%|C3842589|[fndg]|["20%"-tx-35-"20"-integer-0]|TX|3667/2|
00000000|MMI|3.46|Lysergic acid diethylamide measurement|C0202406|[lbpr]|["Acid"-tx-35-"Acid"-noun-0]|TX|3415/4|
00000000|MMI|3.46|Middle|C0444598|[spco]|["Mid"-tx-11-"mid"-adj-0]|TX|1335/3|
00000000|MMI|3.45|Diagnostic interview schedule|C0451119|[inpr]|["DIS"-tx-1-"DIS"-noun-0]|TX|102/3|
00000000|MMI|3.45|Discontinued|C1444662|[fndg]|["DIS"-tx-1-"DIS"-noun-0]|TX|102/3|
00000000|MMI|3.45|Chest pressure|C0438716|[sosy]|["Chest pressure"-tx-9-"chest pressure"-noun-0]|TX|1000/14|
00000000|MMI|3.45|Hypertension Adverse Event|C1963138|[fndg]|["Hypertension"-tx-14-"hypertension"-noun-0]|TX|1544/12|
00000000|MMI|3.45|Right coronary artery structure|C1261316|[bpoc]|["Right Coronary Artery"-tx-18-"right coronary artery"-noun-0]|TX|2166/21|
00000000|MMI|3.45|4 Hours|C1292426|[tmco]|["4H"-tx-35-"4h"-noun-0]|TX|3718/2|
00000000|MMI|3.45|Percocet|C0086787|[orch,phsu]|["Percocet"-tx-35-"Percocet"-noun-0]|TX|3694/8|
00000000|MMI|3.45|Tablet Dosing Unit|C1705223|[qnco]|["TABLET"-tx-35-"tablet"-noun-0]|TX|3707/6|
00000000|MMI|3.44|Exercise-induced angina|C0577698|[sosy]|["Exertional angina"-tx-4-"exertional angina"-noun-0]|TX|504/17|
00000000|MMI|3.44|Left anterior|C0441998|[spco]|["Left anterior"-tx-11-"left anterior"-adj-0]|TX|1279/13|
00000000|MMI|3.43|Leg bag|C0463399|[medd]|["Leg bag"-tx-27-"leg bag"-noun-0]|TX|2935/7|
00000000|MMI|3.43|H/O: Disorder|C0730226|[fndg]|["History of Disease"-tx-2-"history of disease"-noun-0]|TX|259/10,283/7|
00000000|MMI|3.43|History of disease|C0850708|[fndg]|["History of disease"-tx-2-"history of disease"-noun-0]|TX|259/10,283/7|
00000000|MMI|3.43|History of symptoms & diseases:Finding:Point in time:^Patient:Nominal:Observed|C0944983|[clna]|["History of Disease"-tx-2-"history of disease"-noun-0]|TX|259/10,283/7|
00000000|MMI|3.43|disease history|C0683519|[fndg]|["History of disease"-tx-2-"history of disease"-noun-0]|TX|259/10,283/7|
00000000|MMI|3.43|23|C0450348|[qnco]|["23"-tx-31-"23"-real_number-0]|TX|3259/2|
00000000|MMI|3.43|Caucasians|C0043157|[popg]|["WHITE"-tx-31-"White"-adj-0]|TX|3242/5|
00000000|MMI|3.43|Flat shape|C0205324|[spco]|["Flat"-tx-4-"flat"-adj-0]|TX|560/4|
00000000|MMI|3.43|Residential flat|C0457933|[mnob]|["Flat"-tx-4-"flat"-adj-0]|TX|560/4|
00000000|MMI|3.43|Six|C0205452|[qnco]|["Six"-tx-38-"six"-word_numeral-0]|TX|3860/3|
00000000|MMI|3.43|Surface|C0205148|[spco]|["SURFACE"-tx-4-"surface"-noun-0]|TX|565/7|
00000000|MMI|3.43|White color|C0220938|[qlco]|["WHITE"-tx-31-"White"-adj-0]|TX|3242/5|
00000000|MMI|3.43|Main|C1542147|[qlco]|["Main"-tx-11-"main"-adj-0]|TX|1183/4|
00000000|MMI|3.43|Primary|C0205225|[qlco]|["Main"-tx-11-"main"-adj-0]|TX|1183/4|
00000000|MMI|3.43|Usual|C3538928|[qlco]|["Typical"-tx-9-"typical"-adj-0]|TX|981/7|
00000000|MMI|3.42|Anterior bronchopulmonary segment of superior pulmonary vein|C0507236|[bpoc]|["V3"-tx-10-"V3"-noun-0]|TX|1079/2|
00000000|MMI|3.42|Monthly (qualifier value)|C0332177|[tmco]|["/month"-tx-4-"month"-noun-0]|TX|487/5|
00000000|MMI|3.42|millimeter|C0439200|[qnco]|["millimeters"-tx-10-"millimeters"-noun-0]|TX|1050/11|
00000000|MMI|3.42|month|C0439231|[tmco]|["M