00000000|MMI|57.69|Obesity|C0028754|[dsyn]|["OBESE"-tx-17-"obese"-adj-1,"OBESE"-tx-12-"obese"-adj-1]|TX|1344/5;1065/5|C18.654.726.500;C23.888.144.699.500;E01.370.600.115.100.160.120.699.500;G07.100.100.160.120.699.500
00000000|MMI|43.79|Patients|C0030705|[podg]|["*^patient"-tx-24-"patient"-noun-0,"*^patient"-tx-18-"patient"-noun-0,"*^patient"-tx-12-"patient"-noun-0,"*^patient"-tx-10-"patient"-noun-0,"*^patient"-tx-4-"patient"-noun-0]|TX|2059/7;1461/7;1051/7;956/7;326/7|M01.643
00000000|MMI|39.74|Diverticulitis|C0012813|[dsyn]|["DIVERTICULITIS"-tx-8-"diverticulitis"-noun-0,"DIVERTICULITIS"-tx-4-"DIVERTICULITIS"-noun-0,"DIVERTICULITIS"-tx-4-"diverticulitis"-noun-0]|TX|787/14;279/14;371/14|C01.539.463.298;C06.405.205.298
00000000|MMI|38.85|Patient Discharge|C0030685|[hlca]|["Discharge"-tx-25-"DISCHARGE"-noun-0,"Discharge"-tx-6-"discharge"-noun-0]|TX|2166/9;569/9|E02.204.125;E02.760.400.610;N02.421.192.125;N02.421.585.400.610;N04.590.233.727.210.125
00000000|MMI|35.81|Pain|C0030193|[sosy]|["PAIN"-tx-6-"pain"-noun-0,"PAIN"-tx-4-"pain"-noun-0]|TX|601/4;496/4|C10.597.617;C23.888.592.612;F02.830.816.444;G11.561.600.810.444
00000000|MMI|33.41|Diabetes Mellitus, Non-Insulin-Dependent|C0011860|[dsyn]|["ADULT ONSET DIABETES MELLITUS"-tx-8-"adult onset diabetes mellitus"-noun-0,"ADULT ONSET DIABETES MELLITUS"-tx-3-"ADULT ONSET DIABETES MELLITUS"-noun-0]|TX|756/29;235/29|C18.452.394.750.149;C19.246.300
00000000|MMI|32.37|Ventral Hernia|C0019326|[anab]|["Hernia, ventral"-tx-7-"ventral hernia"-noun-0,"Hernia, ventral"-tx-2-"VENTRAL HERNIA"-noun-0]|TX|689/14;196/14|C23.300.707.374.937
00000000|MMI|27.26|Penicillin G|C0030827|[antb,orch]|["penicillin"-tx-11-"Penicillin"-noun-0]|TX|991/10|D02.065.589.099.750.750;D02.886.108.750.750;D03.438.260.825.750;D03.605.084.737.750;D04.075.080.875.099.221.750.750
00000000|MMI|27.22|Abortion consent:Finding:Point in time:^Patient:Document|C2360836|[clna]|["Patient"-tx-24-"patient"-noun-0,"Patient"-tx-18-"patient"-noun-0,"Patient"-tx-12-"patient"-noun-0,"Patient"-tx-10-"patient"-noun-0,"Patient"-tx-4-"patient"-noun-0]|TX|2059/7;1461/7;1051/7;956/7;326/7|
00000000|MMI|27.22|Hysterectomy consent:Finding:Point in time:^Patient:Document|C2360838|[clna]|["Patient"-tx-24-"patient"-noun-0,"Patient"-tx-18-"patient"-noun-0,"Patient"-tx-12-"patient"-noun-0,"Patient"-tx-10-"patient"-noun-0,"Patient"-tx-4-"patient"-noun-0]|TX|2059/7;1461/7;1051/7;956/7;326/7|
00000000|MMI|27.22|Sterilization consent:Finding:Point in time:^Patient:Document|C2360840|[clna]|["Patient"-tx-24-"patient"-noun-0,"Patient"-tx-18-"patient"-noun-0,"Patient"-tx-12-"patient"-noun-0,"Patient"-tx-10-"patient"-noun-0,"Patient"-tx-4-"patient"-noun-0]|TX|2059/7;1461/7;1051/7;956/7;326/7|
00000000|MMI|24.11|Penicillin|C0220892|[antb,orch]|["PENICILLIN"-tx-11-"Penicillin"-noun-0]|TX|991/10|D02.065.589.099.750;D02.886.108.750;D03.438.260.825;D03.605.084.737;D04.075.080.875.099.221.750
00000000|MMI|24.11|Penicillins|C0030842|[antb,orch]|["Penicillin"-tx-11-"Penicillin"-noun-0]|TX|991/10|D02.065.589.099.750;D02.886.108.750;D03.438.260.825;D03.605.084.737;D04.075.080.875.099.221.750
00000000|MMI|22.48|diagnosis aspect|C1704338|[qlco]|["diagnosis"-tx-7-"diagnosis"-noun-0]|TX|676/9|x.x.x.x.x.x.x
00000000|MMI|19.99|Disease|C0012634|[dsyn]|["condition"-tx-25-"CONDITION"-noun-0,"condition"-tx-23-"condition"-noun-0]|TX|2153/9;1991/9|C23.550.288
00000000|MMI|19.71|Portugal|C0032729|[geoa]|["PO"-tx-24-"po"-noun-0]|TX|[2095/2],[2139/2]|Z01.542.727
00000000|MMI|19.52|Congenital exomphalos|C1306503|[cgab]|["Umbilical Hernia"-tx-17-"umbilical hernia"-noun-1]|TX|1422/16|C16.614.378;C23.300.707.374.937.500
00000000|MMI|19.40|Temperature|C0039476|[qnco]|["*Temperature"-tx-13-"temperature"-noun-0]|TX|1123/11|G01.906.595;G16.500.275.063.725.710;G16.500.750.775.710;N06.230.150.450;N06.230.300.100.725.710
00000000|MMI|19.36|Ciprofloxacin|C0008809|[orch,phsu]|["CIPROFLOXACIN"-tx-23-"Ciprofloxacin"-noun-0]|TX|1904/13|D03.438.810.835.322.186
00000000|MMI|19.22|Protons|C0033727|[elii]|["H+"-tx-24-"h"-noun-0]|TX|2146/1|D01.248.497.300.459.700;D01.268.406.750;D01.362.340.750;G01.249.765
00000000|MMI|19.19|Medical Subject Headings|C1135584|[inpr]|["MeSH"-tx-18-"mesh"-noun-0]|TX|1543/4|L01.453.245.945.700.500
00000000|MMI|17.80|Darvon|C0701094|[orch,phsu]|["Darvon"-tx-11-"Darvon"-noun-0]|TX|1004/6|D02.241.081.751.120
00000000|MMI|17.80|Togo|C0040363|[geoa]|["TO"-tx-6-"to"-adv-0]|TX|593/2|Z01.058.290.190.800
00000000|MMI|17.80|Tryptophanase|C0041260|[aapp,enzy]|["TO"-tx-6-"to"-adv-0]|TX|593/2|D08.811.520.224.800
00000000|MMI|16.37|Respiratory rate|C0231832|[clna]|["Respiratory Rate"-tx-13-"respiratory rate"-noun-0]|TX|1184/16|E01.370.600.875.875;G09.772.770.755.730
00000000|MMI|16.37|heart rate|C0018810|[clna]|["Heart Rate"-tx-13-"heart rate"-noun-0]|TX|1142/10|E01.370.600.875.500;G09.330.380.500
00000000|MMI|16.30|Blood Pressure|C0005823|[orgf]|["BLOOD PRESSURE"-tx-13-"blood pressure"-noun-0]|TX|1158/14|E01.370.600.875.249;G09.330.380.076
00000000|MMI|16.30|Systemic arterial pressure|C1272641|[fndg]|["Blood pressure"-tx-13-"blood pressure"-noun-0]|TX|1158/14|G09.330.380.076.347
00000000|MMI|16.25|Body Temperature|C0005903|[orga]|["temperature"-tx-13-"temperature"-noun-0]|TX|1123/11|E01.370.600.875.374;G07.110
00000000|MMI|16.21|Tylenol|C0699142|[orch,phsu]|["Tylenol"-tx-10-"Tylenol"-noun-0]|TX|971/7|D02.065.199.092.040
00000000|MMI|16.05|Ivory Coast|C0022326|[geoa]|["IV"-tx-21-"IV"-noun-0]|TX|1803/2|Z01.058.290.190.272
00000000|MMI|14.64|Abdominal Cavity|C0230168|[blor]|["Abdomen"-tx-17-"abdomen"-noun-0]|TX|1332/7|A01.923.047.025
00000000|MMI|14.64|Antibiotic Prophylaxis|C0282638|[topp]|["Antibiotic coverage"-tx-23-"Antibiotic coverage"-noun-0]|TX|1867/19|E02.319.162.150;E02.319.703.150
00000000|MMI|14.64|Diet|C0012155|[food]|["Diet"-tx-20-"diet"-noun-0]|TX|1667/4|G07.203.650.240
00000000|MMI|14.64|Vital signs|C0518766|[clna]|["Signs, Vital"-tx-13-"vital signs"-noun-0]|TX|1104/11|E01.370.600.875
00000000|MMI|13.54|Woman|C0043210|[popg]|["female"-tx-12-"female"-noun-0,"WOMAN"-tx-4-"woman"-noun-0]|TX|1071/6;351/5|M01.975
00000000|MMI|13.48|Health|C0018684|[idcn]|["Health"-tx-27-"Health"-noun-0,"Health"-tx-7-"Health"-noun-0]|TX|2241/6;640/6|N01.400
00000000|MMI|13.07|Operating Room|C0029064|[hcro,mnob]|["OPERATING ROOM"-tx-18-"Operating Room"-noun-0]|TX|1488/14|N02.278.388.700
00000000|MMI|12.96|Caucasoid Race|C0007457|[popg]|["WHITE"-tx-22-"white"-adj-0]|TX|1854/5|M01.686.508.400
00000000|MMI|12.90|Auscultation|C0004339|[diap]|["AUSCULTATION"-tx-15-"auscultation"-noun-0]|TX|1263/12|E01.370.600.060
00000000|MMI|12.89|Vancomycin|C0042313|[aapp,antb]|["VANCOMYCIN"-tx-21-"Vancomycin"-noun-0]|TX|1806/10|D09.400.420.925;D12.644.233.925;x.x.x.x
00000000|MMI|11.49|Abdomen|C0000726|[blor]|["ABDOMEN"-tx-17-"abdomen"-noun-0]|TX|1332/7|A01.923.047
00000000|MMI|11.49|Diet therapy|C0012159|[hlca]|["Diet"-tx-20-"diet"-noun-0]|TX|1667/4|E02.642.249
00000000|MMI|11.49|Physical Examination|C0031809|[hlca]|["PHYSICAL EXAMINATION"-tx-12-"PHYSICAL EXAMINATION"-noun-0]|TX|1012/20|E01.370.600
00000000|MMI|10.85|Good|C0205170|[qlco]|["Good"-tx-25-"Good"-adj-0,"Good"-tx-23-"good"-adj-0,"Well"-tx-19-"well"-adv-0]|TX|2177/4;1986/4;1617/4|
00000000|MMI|10.42|Doctor of Medicine|C1512018|[inpr]|["M.D."-tx-30-"M.D"-noun-0,"M.D."-tx-28-"M.D"-noun-0]|TX|2365/3;2327/3|
00000000|MMI|10.42|Pain NOS Adverse Event|C1962977|[fndg]|["Pain NOS"-tx-6-"pain"-noun-0,"Pain NOS"-tx-4-"pain"-noun-0]|TX|601/4;496/4|
00000000|MMI|9.99|Hypertensive disease|C0020538|[dsyn]|["HYPERTENSION"-tx-8-"hypertension"-noun-0]|TX|742/12|C14.907.489
00000000|MMI|9.90|Communicable Diseases|C0009450|[dsyn]|["Infection, NOS"-tx-4-"infection"-noun-0]|TX|482/9|C01.539.221
00000000|MMI|9.88|Hospitals|C0019994|[hcro,mnob]|["HOSPITAL"-tx-5-"hospital"-noun-0]|TX|522/8|N02.278.421
00000000|MMI|9.86|Erythema|C0041834|[dsyn]|["ERYTHEMA"-tx-21-"erythema"-noun-0]|TX|1725/8|C17.800.229
00000000|MMI|9.86|Female|C0015780|[orga]|["FEMALE"-tx-12-"female"-noun-0]|TX|1071/6|x.x.x
00000000|MMI|9.86|Females|C0086287|[popg]|["female"-tx-12-"female"-noun-0]|TX|1071/6|x.x.x
00000000|MMI|8.34|Heart|C0018787|[bpoc]|["HEART"-tx-16-"heart"-noun-0]|TX|1293/5|A07.541
00000000|MMI|8.34|Hypersensitivity|C0020517|[patf]|["Allergies"-tx-11-"ALLERGIES"-noun-0]|TX|980/9|C20.543
00000000|MMI|8.34|Lung|C0024109|[bpoc]|["LUNGS"-tx-15-"lungs"-noun-0]|TX|1243/5|A04.411
00000000|MMI|7.84|Hospital course|C0489547|[fndg]|["Hospital course"-tx-18-"HOSPITAL COURSE"-noun-0,"Hospital course"-tx-4-"hospital course"-noun-0]|TX|1440/15;451/15|
00000000|MMI|7.84|Hospital course:Finding:Point in time:^Patient:Narrative|C0488549|[clna]|["Hospital course"-tx-18-"HOSPITAL COURSE"-noun-0,"Hospital course"-tx-4-"hospital course"-noun-0]|TX|1440/15;451/15|
00000000|MMI|7.30|Condition|C0348080|[qlco]|["Condition"-tx-25-"CONDITION"-noun-0,"Condition"-tx-23-"condition"-noun-0]|TX|2153/9;1991/9|
00000000|MMI|7.30|Condition:Find:Pt:^Patient:Nom|C3864998|[clna]|["Condition"-tx-25-"CONDITION"-noun-0,"Condition"-tx-23-"condition"-noun-0]|TX|2153/9;1991/9|
00000000|MMI|7.30|Logical Condition|C1705253|[cnce]|["Condition"-tx-25-"CONDITION"-noun-0,"Condition"-tx-23-"condition"-noun-0]|TX|2153/9;1991/9|
00000000|MMI|7.12|Body Fluid Discharge|C0012621|[bdsu]|["Discharge"-tx-25-"DISCHARGE"-noun-0,"Discharge"-tx-6-"discharge"-noun-0]|TX|2166/9;569/9|
00000000|MMI|7.12|Discharge, body substance|C2926602|[bdsu]|["Discharge"-tx-25-"DISCHARGE"-noun-0,"Discharge"-tx-6-"discharge"-noun-0]|TX|2166/9;569/9|
00000000|MMI|7.09|Complicated|C0231242|[ftcn]|["Complicated"-tx-4-"complicated"-adj-0,"Complicated"-tx-4-"complicated"-verb-0]|TX|[439/11],[467/11];[439/11],[467/11]|
00000000|MMI|7.02|Oral|C0442027|[spco]|["PO"-tx-24-"po"-noun-0]|TX|[2095/2],[2139/2]|
00000000|MMI|6.97|Signature|C1519316|[inpr]|["Signed"-tx-1-"Signed"-noun-0]|TX|[83/6],[139/6]|
00000000|MMI|6.97|signed - ParticipationSignature|C1561610|[inpr]|["signed"-tx-1-"Signed"-noun-0]|TX|[83/6],[139/6]|
00000000|MMI|6.93|/hour|C0564385|[qnco]|["/h"-tx-24-"h"-noun-0,"/hour"-tx-23-"hour"-noun-0]|TX|2146/1;1951/4|
00000000|MMI|6.74|Infection|C3714514|[patf]|["INFECTION"-tx-4-"infection"-noun-0]|TX|482/9|C01.539
00000000|MMI|5.18|*Activity (kind of quantity)|C1561536|[idcn]|["*Activity"-tx-20-"activity"-noun-0]|TX|1676/8|
00000000|MMI|5.18|+2|C0740116|[qnco]|["+2"-tx-2-"2"-integer-0]|TX|232/1|
00000000|MMI|5.18|1+|C3816745|[fndg]|["1+"-tx-1-"1"-integer-0]|TX|193/1|
00000000|MMI|5.18|1+ Score|C2827734|[qnco]|["1+"-tx-1-"1"-integer-0]|TX|193/1|
00000000|MMI|5.18|1+ Score, WHO|C2981698|[clas]|["1+"-tx-1-"1"-integer-0]|TX|193/1|
00000000|MMI|5.18|2+|C3833492|[fndg]|["2+"-tx-2-"2"-integer-0]|TX|232/1|
00000000|MMI|5.18|2+ Score|C2827735|[qnco]|["2+"-tx-2-"2"-integer-0]|TX|232/1|
00000000|MMI|5.18|2+ Score, WHO|C2981700|[clas]|["2+"-tx-2-"2"-integer-0]|TX|232/1|
00000000|MMI|5.18|Active|C0205177|[ftcn]|["Activity"-tx-20-"activity"-noun-0]|TX|1676/8|
00000000|MMI|5.18|Activities|C0441655|[acty]|["ACTIVITY"-tx-20-"activity"-noun-0]|TX|1676/8|
00000000|MMI|5.18|Activity (animal life circumstance)|C3668946|[fndg]|["Activity"-tx-20-"activity"-noun-0]|TX|1676/8|
00000000|MMI|5.18|Basal Diet|C2983588|[food]|["DIET"-tx-20-"diet"-noun-0]|TX|1667/4|
00000000|MMI|5.18|Benign|C0205183|[qlco]|["BENIGN"-tx-14-"benign"-adj-0]|TX|1231/6|
00000000|MMI|5.18|Continuous|C0549178|[idcn]|["Continued"-tx-6-"continued"-verb-0]|TX|583/9|
00000000|MMI|5.18|Diet (animal life circumstance)|C3668949|[food]|["Diet"-tx-20-"diet"-noun-0]|TX|1667/4|
00000000|MMI|5.18|Disposition|C0743223|[idcn]|["Disposition"-tx-26-"DISPOSITION"-noun-0]|TX|2183/11|
00000000|MMI|5.18|Disposition Domain|C1705555|[inpr]|["Disposition"-tx-26-"DISPOSITION"-noun-0]|TX|2183/11|
00000000|MMI|5.18|Entire abdomen|C1281594|[bpoc]|["Abdomen"-tx-17-"abdomen"-noun-0]|TX|1332/7|
00000000|MMI|5.18|Entire heart|C1281570|[bpoc]|["Heart"-tx-16-"heart"-noun-0]|TX|1293/5|
00000000|MMI|5.18|FDA Establishment Activity Terminology|C4049939|[inpr]|["ACTIVITY"-tx-20-"activity"-noun-0]|TX|1676/8|
00000000|MMI|5.18|FEVER HIGH (finding)|C0743973|[fndg]|["high fever"-tx-22-"high fever"-noun-1]|TX|1840/10|
00000000|MMI|5.18|Follow-Up Care|C3899107|[hlca]|["Follow-Up Care"-tx-27-"FOLLOW UP CARE"-noun-0]|TX|2205/14|
00000000|MMI|5.18|General medical service|C3812897|[hlca]|["General"-tx-12-"general"-adj-0]|TX|1037/7|
00000000|MMI|5.18|Generalized|C0205246|[spco]|["General"-tx-12-"general"-adj-0]|TX|1037/7|
00000000|MMI|5.18|H/O: surgery|C0455610|[fndg]|["Past surgical history"-tx-9-"PAST SURGICAL HISTORY"-noun-0]|TX|803/21|
00000000|MMI|5.18|Home environment|C0442519|[cnce]|["HOME"-tx-26-"home"-noun-0]|TX|2199/4|
00000000|MMI|5.18|Increase|C0442805|[ftcn]|["Increased"-tx-20-"increased"-verb-0]|TX|1690/9|
00000000|MMI|5.18|Increased|C0205217|[qnco]|["Increased"-tx-20-"increased"-verb-0]|TX|1690/9|
00000000|MMI|5.18|Medical History|C0262926|[fndg]|["Past Medical History"-tx-8-"PAST MEDICAL HISTORY"-noun-0]|TX|705/20|
00000000|MMI|5.18|Medications:-:Point in time:^Patient:-|C2598133|[clna]|["Medications"-tx-10-"MEDICATIONS"-noun-0]|TX|899/11|
00000000|MMI|5.18|Medications:Presence or Identity:Duration of the study:^Patient:Nominal|C0802604|[clna]|["Medications"-tx-10-"MEDICATIONS"-noun-0]|TX|899/11|
00000000|MMI|5.18|Never (frequency)|C2003901|[tmco]|["NEVER"-tx-22-"never"-adv-0]|TX|1822/5|
00000000|MMI|5.18|On admission|C0457453|[tmco]|["On admission"-tx-10-"ON ADMISSION"-adj-0]|TX|911/12|
00000000|MMI|5.18|PMH - past medical history|C0455458|[fndg]|["Past medical history"-tx-8-"PAST MEDICAL HISTORY"-noun-0]|TX|705/20|
00000000|MMI|5.18|Percent Activity|C0439167|[qnco]|["% Activity"-tx-20-"activity"-noun-0]|TX|1676/8|
00000000|MMI|5.18|Pharmaceutical Preparations|C0013227|[phsu]|["Medications"-tx-10-"MEDICATIONS"-noun-0]|TX|899/11|D26
00000000|MMI|5.18|Physical Activity Measurement|C4049938|[lbpr]|["ACTIVITY"-tx-20-"activity"-noun-0]|TX|1676/8|
00000000|MMI|5.18|Receive|C1514756|[qlco]|["RECEIVED"-tx-21-"received"-verb-0]|TX|1784/8|
00000000|MMI|5.18|Removal of staples|C0204864|[topp]|["staple removal"-tx-27-"staple removal"-noun-0]|TX|2280/14|
00000000|MMI|5.18|Rhythm|C0871269|[fndg]|["Rhythm"-tx-16-"rhythm"-noun-0]|TX|1320/6|
00000000|MMI|5.18|Rhythm Not Otherwise Specified ECG Assessment|C3828331|[inpr]|["Rhythm Not Otherwise Specified"-tx-16-"rhythm"-noun-0]|TX|1320/6|
00000000|MMI|5.18|Safety Reporting Documentation|C3891294|[inpr]|["General"-tx-12-"general"-adj-0]|TX|1037/7|
00000000|MMI|5.18|Special Diet Therapy|C1519433|[topp]|["DIET"-tx-20-"diet"-noun-0]|TX|1667/4|
00000000|MMI|5.18|Taking vital signs|C0150404|[hlca]|["Vital signs"-tx-13-"vital signs"-noun-0]|TX|1104/11|
00000000|MMI|5.18|Tenderness of periumbilical region|C2919901|[fndg]|["Periumbilical tenderness"-tx-17-"periumbilical tenderness"-noun-1]|TX|1380/24|
00000000|MMI|5.18|To|C1883351|[qlco]|["To"-tx-6-"to"-adv-0]|TX|593/2|
00000000|MMI|5.18|bowel resection|C0741614|[topp]|["Bowel Resection"-tx-4-"bowel resection"-noun-0]|TX|413/15|
00000000|MMI|5.18|rhythmic process (biological)|C1523018|[phsf]|["rhythm"-tx-16-"rhythm"-noun-0]|TX|1320/6|
00000000|MMI|4.19|Discharge to home|C0184713|[topp]|["Discharge to home"-tx-23-"discharged to home"-noun-0]|TX|1964/18|
00000000|MMI|3.98|Show|C1547282|[anim]|["Show"-tx-13-"showed"-verb-0]|TX|1116/6|
00000000|MMI|3.75|Breaths:Number = Count/Time:Point in time:Respiratory system:Quantitative|C0489258|[clna]|["Respiratory rate"-tx-13-"respiratory rate"-noun-0]|TX|1184/16|
00000000|MMI|3.75|Discharge date|C2361123|[tmco]|["Discharge date"-tx-1-"Discharge Date"-noun-0]|TX|146/14|
00000000|MMI|3.75|Discharge date:Time Stamp -- Date and Time:Point in time:^Patient:Quantitative|C2361122|[clna]|["Discharge date"-tx-1-"Discharge Date"-noun-0]|TX|146/14|
00000000|MMI|3.75|Umbilical hernia|C0019322|[anab]|["HERNIA, UMBILICAL"-tx-17-"umbilical hernia"-noun-1]|TX|1422/16|
00000000|MMI|3.68|% index|C1637833|[qnco]|["% index"-tx-31-"Index"-noun-0]|TX|2398/5|
00000000|MMI|3.68|Attending (action)|C1999232|[ftcn]|["attending"-tx-29-"Attending"-noun-0]|TX|2337/9|
00000000|MMI|3.68|Attending (provider role)|C1547429|[prog]|["Attending"-tx-29-"Attending"-noun-0]|TX|2337/9|
00000000|MMI|3.68|Blood pressure finding|C1271104|[fndg]|["Blood Pressure"-tx-13-"blood pressure"-noun-0]|TX|1158/14|
00000000|MMI|3.68|Checking (action)|C1283174|[acty]|["Check"-tx-27-"check"-noun-0]|TX|2270/5|
00000000|MMI|3.68|Cheque|C1555524|[mnob]|["Cheque"-tx-27-"check"-noun-0]|TX|2270/5|
00000000|MMI|3.68|Count|C0750480|[qnco]|["Count"-tx-22-"count"-noun-0]|TX|1860/5|
00000000|MMI|3.68|Count Dosing Unit|C1705566|[qnco]|["COUNT"-tx-22-"count"-noun-0]|TX|1860/5|
00000000|MMI|3.68|Html Link Type - index|C1552854|[idcn]|["index"-tx-31-"Index"-noun-0]|TX|2398/5|
00000000|MMI|3.68|Hypertension Adverse Event|C1963138|[fndg]|["Hypertension"-tx-8-"hypertension"-noun-0]|TX|742/12|
00000000|MMI|3.68|Index|C0918012|[inpr]|["Index"-tx-31-"Index"-noun-0]|TX|2398/5|
00000000|MMI|3.68|Post|C0687676|[tmco]|["AFTER"-tx-6-"After"-noun-0]|TX|563/5|
00000000|MMI|3.68|Rate|C1521828|[qnco]|["Rate"-tx-16-"rate"-noun-0]|TX|1311/4|
00000000|MMI|3.68|Rating (action)|C0871208|[acty]|["Rate"-tx-16-"rate"-noun-0]|TX|1311/4|
00000000|MMI|3.68|Status post|C0231290|[tmco]|["After"-tx-6-"After"-noun-0]|TX|563/5|
00000000|MMI|3.68|Medication.discharge|C0806915|[fndg]|["Discharge medications"-tx-24-"MEDICATIONS DISCHARGE"-noun-0]|TX|2002/11,2017/9|
00000000|MMI|3.65|Secondary diagnosis|C0332138|[qlco]|["Secondary diagnosis"-tx-2-"SECONDARY DIAGNOSES"-noun-0]|TX|211/19|
00000000|MMI|3.65|Principal Diagnosis:-:Point in time:^Patient:-|C2598194|[clna]|["Principal Diagnosis"-tx-1-"PRINCIPAL DIAGNOSIS"-noun-0]|TX|172/19|
00000000|MMI|3.65|Principal diagnosis|C0332137|[qlco]|["Principal Diagnosis"-tx-1-"PRINCIPAL DIAGNOSIS"-noun-0]|TX|172/19|
00000000|MMI|3.65|Report status|C0586177|[fndg]|["Report status"-tx-1-"Report Status"-noun-0]|TX|124/13|
00000000|MMI|3.64|Repair of incisional hernia|C0342971|[topp]|["Repair of incisional hernia"-tx-18-"repair of incisional hernia"-noun-0]|TX|1548/9,1570/17|
00000000|MMI|3.64|dictated - DocumentCompletion|C1609990|[idcn]|["Dictated"-tx-28-"Dictated"-verb-0]|TX|2296/8|
00000000|MMI|3.64|dictated - ParticipationMode|C1548384|[ftcn]|["dictated"-tx-28-"Dictated"-verb-0]|TX|2296/8|
00000000|MMI|3.63|3+ Answer to Question|C3838680|[fndg]|["3+"-tx-32-"3"-fraction-0]|TX|2432/1|
00000000|MMI|3.63|3+ Score|C2827736|[qnco]|["3+"-tx-32-"3"-fraction-0]|TX|2432/1|
00000000|MMI|3.63|3+ Score, WHO|C2981702|[clas]|["3+"-tx-32-"3"-fraction-0]|TX|2432/1|
00000000|MMI|3.63|97|C0439073|[inpr]|["97"-tx-13-"97"-real_number-0]|TX|1135/2|
00000000|MMI|3.63|<3 (qualifier value)|C0439086|[qnco]|["<3"-tx-32-"3"-fraction-0]|TX|2432/1|
00000000|MMI|3.63|>97|C0439082|[qnco]|[">97"-tx-13-"97"-real_number-0]|TX|1135/2|
00000000|MMI|3.63|Admission date:Time Stamp -- Date and Time:Point in time:^Patient:Quantitative|C2598112|[clna]|["Admission date"-tx-1-"Admission Date"-noun-0]|TX|98/14|
00000000|MMI|3.63|Date of admission|C1302393|[tmco]|["Admission date"-tx-1-"Admission Date"-noun-0]|TX|98/14|
00000000|MMI|3.61|100%|C3817553|[qnco]|["100%"-tx-13-"100"-fraction-0]|TX|1173/3|
00000000|MMI|3.61|70%|C3842584|[fndg]|["70%"-tx-13-"70"-fraction-0]|TX|1177/2|
00000000|MMI|3.61|Batch (Response Modality)|C1550176|[inpr]|["Batch"-tx-31-"Batch"-noun-0]|TX|2386/5|
00000000|MMI|3.61|Batch (group)|C1948031|[qnco]|["Batch"-tx-31-"Batch"-noun-0]|TX|2386/5|
00000000|MMI|3.61|Batch Number|C3641829|[inpr]|["BATCH"-tx-31-"Batch"-noun-0]|TX|2386/5|
00000000|MMI|3.61|Dilated|C0700124|[fndg]|["Distended"-tx-17-"distended"-adj-1]|TX|1363/9|
00000000|MMI|3.61|Negation|C1518422|[ftcn]|["Non"-tx-17-"non"-adj-0]|TX|1359/3|
00000000|MMI|3.61|3 Days|C1442459|[tmco]|["3 Days"-tx-21-"3 days"-noun-0]|TX|1793/6|
00000000|MMI|3.61|Patient location type - Operating Room|C1578465|[spco]|["Operating Room"-tx-18-"Operating Room"-noun-0]|TX|1488/14|
00000000|MMI|3.60|month|C0439231|[tmco]|["MONTHS"-tx-5-"months"-noun-0]|TX|555/6|
00000000|MMI|3.60|Admission time|C3854259|[tmco]|["Admission time"-tx-10-"time admission"-noun-0]|TX|932/4,940/9|
00000000|MMI|3.60|Admission time:ClockTime:Pt:^Patient:Qn|C3854258|[clna]|["Admission time"-tx-10-"time admission"-noun-0]|TX|932/4,940/9|
00000000|MMI|3.60|Complication of procedure|C0742724|[fndg]|["complications procedure"-tx-19-"procedure complications"-noun-0]|TX|1607/9,1630/13|
00000000|MMI|3.60|Discharge time|C3864299|[tmco]|["Discharge time"-tx-24-"time discharge"-noun-0]|TX|2035/4,2043/9|
00000000|MMI|3.60|Discharge time:ClockTime:Pt:^Patient:Qn|C3864300|[clna]|["Discharge time"-tx-24-"time discharge"-noun-0]|TX|2035/4,2043/9|
00000000|MMI|3.59|Pyrexia of unknown origin (excl puerperal)|C0856281|[sosy]|["puo"-tx-1-"PUO"-noun-0]|TX|12/3|
00000000|MMI|3.57|Apyrexial|C0277797|[fndg]|["Afebrile"-tx-23-"afebrile"-adj-0]|TX|1935/8|
00000000|MMI|3.57|Ciprofloxacin 500 MG|C1123173|[clnd]|["Ciprofloxacin 500 MG"-tx-24-"Ciprofloxacin 500 mg"-noun-0]|TX|2074/20|
00000000|MMI|3.57|Clear|C2963144|[qlco]|["Clear"-tx-15-"clear"-adj-0]|TX|1254/5|
00000000|MMI|3.57|February|C3830166|[qlco]|["February"-tx-18-"February"-noun-0]|TX|1512/8|
00000000|MMI|3.57|Hospital environment|C1510665|[qlco]|["Hospital"-tx-5-"hospital"-noun-0]|TX|522/8|
00000000|MMI|3.57|Negative Surgical Margin|C1709157|[fndg]|["Clear"-tx-15-"clear"-adj-0]|TX|1254/5|
00000000|MMI|3.57|November|C3828767|[tmco]|["November"-tx-7-"November"-noun-0]|TX|656/8|
00000000|MMI|3.56|Brought on by|C0332302|[ftcn]|["brought"-tx-18-"brought"-verb-0]|TX|1473/7|
00000000|MMI|3.56|Sigmoid colectomy|C0192866|[topp]|["Sigmoid colectomy"-tx-9-"Sigmoid colectomy"-noun-0]|TX|826/17|
00000000|MMI|3.55|Diagnosis|C0011900|[fndg]|["DIAGNOSIS"-tx-7-"diagnosis"-noun-0]|TX|676/9|E01
00000000|MMI|3.55|Diagnosis Study|C1704656|[resa]|["DIAGNOSIS"-tx-7-"diagnosis"-noun-0]|TX|676/9|
00000000|MMI|3.55|Incision and drainage|C0152277|[topp]|["i d"-tx-24-"i.d"-adv-0]|TX|2100/3|
00000000|MMI|3.55|seen|C0205397|[qlco]|["Seen"-tx-7-"seen"-verb-0]|TX|615/4|
00000000|MMI|3.55|Female Phenotype|C1705498|[qlco]|["Female"-tx-12-"female"-noun-0]|TX|1071/6|
00000000|MMI|3.55|Female, Self-Report|C1705497|[qlco]|["Female"-tx-12-"female"-noun-0]|TX|1071/6|
00000000|MMI|3.53|Day 5|C3842674|[fndg]|["Day 5"-tx-24-"5 days"-noun-0]|TX|2107/6|
00000000|MMI|3.50|Caucasians|C0043157|[popg]|["WHITE"-tx-22-"white"-adj-0]|TX|1854/5|
00000000|MMI|3.50|Event Seriousness - Significant|C1546944|[qlco]|["Significant"-tx-8-"significant"-adj-0]|TX|730/11|
00000000|MMI|3.50|HEENT|C1512338|[blor]|["HEENT"-tx-14-"HEENT"-noun-0]|TX|1209/5|
00000000|MMI|3.50|Injury wounds|C0043250|[inpo]|["WOUND"-tx-27-"wound"-noun-0]|TX|2264/5|
00000000|MMI|3.50|Regular|C0205272|[qlco]|["Regular"-tx-16-"regular"-adj-0]|TX|1303/7|
00000000|MMI|3.50|Significant|C0750502|[idcn]|["Significant"-tx-8-"significant"-adj-0]|TX|730/11|
00000000|MMI|3.50|Statistical Significance|C0237881|[qnco]|["significant"-tx-8-"significant"-adj-0]|TX|730/11|
00000000|MMI|3.50|Traumatic injury|C3263723|[inpo]|["Wound"-tx-27-"wound"-noun-0]|TX|2264/5|
00000000|MMI|3.50|White color|C0220938|[qlco]|["WHITE"-tx-22-"white"-adj-0]|TX|1854/5|
00000000|MMI|3.48|Acetaminophen Oral Tablet [Tylenol]|C1243075|[clnd]|["Tylenol Tablets"-tx-24-"Tylenol tablets"-noun-0]|TX|2116/7,2131/7|
00000000|MMI|3.48|History of present illness|C0262512|[orga]|["HISTORY OF PRESENT ILLNESS"-tx-4-"HISTORY OF PRESENT ILLNESS"-noun-0]|TX|268/10,305/15|
00000000|MMI|3.48|History of present illness:Finding:Point in time:^Patient:Nominal:Reported|C0488508|[clna]|["History of present illness"-tx-4-"HISTORY OF PRESENT ILLNESS"-noun-0]|TX|268/10,305/15|
00000000|MMI|3.48|Discharge summarization note:Finding:Point in time:{Setting}:Document:{Provider}|C0801840|[clna]|["Discharge summary"-tx-1-"Discharge Summary"-noun-0]|TX|63/17|
00000000|MMI|3.48|Discharge summary|C0743221|[inpr]|["Discharge summary"-tx-1-"Discharge Summary"-noun-0]|TX|63/17|
00000000|MMI|3.48|Palpable|C0522499|[qlco]|["Palpable"-tx-17-"palpable"-adj-0]|TX|1413/8|
00000000|MMI|3.47|Old|C0580836|[tmco]|["Old"-tx-4-"old"-noun-0]|TX|347/3|
00000000|MMI|3.47|SHORT STATURE, ONYCHODYSPLASIA, FACIAL DYSMORPHISM, AND HYPOTRICHOSIS SYNDROME|C3542022|[dsyn]|["SOFT"-tx-17-"soft"-adj-1]|TX|1352/4|
00000000|MMI|3.47|Soft|C0205358|[qlco]|["Soft"-tx-17-"soft"-adj-0]|TX|1352/4|
00000000|MMI|3.47|per year|C0439508|[tmco]|["/Year"-tx-4-"year"-noun-0]|TX|342/4|
00000000|MMI|3.47|year|C0439234|[tmco]|["YEAR"-tx-4-"year"-noun-0]|TX|342/4|
00000000|MMI|3.46|20%|C3842589|[fndg]|["20%"-tx-1-"20"-fraction-0]|TX|116/2|
00000000|MMI|3.46|Approximate|C0332232|[qlco]|["Approximately"-tx-5-"approximately"-adv-0]|TX|535/13|
00000000|MMI|3.46|Diagnostic interview schedule|C0451119|[inpr]|["DIS"-tx-1-"DIS"-noun-0]|TX|92/3|
00000000|MMI|3.46|Discontinued|C1444662|[fndg]|["DIS"-tx-1-"DIS"-noun-0]|TX|92/3|
00000000|MMI|3.45|Decompression of median nerve|C0196576|[topp]|["Release of carpal tunnel"-tx-9-"of carpal tunnel release"-noun-0]|TX|849/2,868/21|
00000000|MMI|3.45|H NOS Antibodies|C0369286|[aapp,imft]|["H NOS"-tx-24-"h"-noun-0]|TX|2146/1|
00000000|MMI|3.45|Hepatic Involvement|C0441932|[clas]|["H+"-tx-24-"h"-noun-0]|TX|2146/1|
00000000|MMI|3.44|2020s|C0681762|[tmco]|["2020s"-tx-31-"2020"-integer-0]|TX|2381/4|
00000000|MMI|3.44|Very mild|C4036115|[fndg]|["Very mild"-tx-21-"very mild"-adj-0]|TX|1715/9|
00000000|MMI|3.44|Hour|C0439227|[tmco]|["HOUR"-tx-23-"hour"-noun-0]|TX|1951/4|
00000000|MMI|3.44|One week|C4082116|[tmco]|["One week"-tx-27-"one week"-noun-0]|TX|2251/8|
00000000|MMI|3.43|Month of May|C3812381|[tmco]|["May"-tx-4-"May"-noun-0]|TX|395/3|
00000000|MMI|3.43|Well|C3146287|[mnob]|["Well"-tx-19-"well"-adv-0]|TX|1617/4|
00000000|MMI|3.42|Cranial incision point|C2338258|[blor]|["Incision"-tx-21-"incision"-noun-0]|TX|1745/8|
00000000|MMI|3.42|Distress|C0231303|[menp]|["Distress"-tx-12-"distress"-noun-1]|TX|1090/8|
00000000|MMI|3.42|Median (qualifier value)|C2939193|[spco]|["Midline"-tx-18-"midline"-noun-0]|TX|1562/7|
00000000|MMI|3.42|Mesh surgical material|C0181805|[medd]|["Mesh"-tx-18-"mesh"-noun-0]|TX|1543/4|
00000000|MMI|3.42|Midline (qualifier value)|C0549183|[spco]|["MIDLINE"-tx-18-"midline"-noun-0]|TX|1562/7|
00000000|MMI|3.42|Surgical incisions|C0184898|[topp]|["Incision"-tx-21-"incision"-noun-0]|TX|1745/8|
00000000|MMI|3.42|Surgical wound|