00000000|MMI|93.50|Togo|C0040363|[geoa]|["TO"-tx-59-"to"-adv-0,"TO"-tx-42-"to"-adv-0,"TO"-tx-40-"to"-adv-0,"TO"-tx-11-"to"-adv-0]|TX|4654/2;3461/2;3219/2;[1047/2],[1105/2]|Z01.058.290.190.800
00000000|MMI|93.50|Tryptophanase|C0041260|[aapp,enzy]|["TO"-tx-59-"to"-adv-0,"TO"-tx-42-"to"-adv-0,"TO"-tx-40-"to"-adv-0,"TO"-tx-11-"to"-adv-0]|TX|4654/2;3461/2;3219/2;[1047/2],[1105/2]|D08.811.520.224.800
00000000|MMI|93.18|alteplase|C0032143|[aapp,enzy,phsu]|["T-PA"-tx-14-"TPA"-noun-0,"T-PA"-tx-12-"TPA"-noun-0,"T-PA"-tx-6-"TPA"-noun-0]|TX|[1271/3],[1443/3];1171/3;486/3|D08.811.277.656.300.760.875;D08.811.277.656.959.350.875;D12.776.124.125.662.768;D23.119.970
00000000|MMI|88.48|Aspirin|C0004057|[orch,phsu]|["ASPIRIN"-tx-46-"aspirin"-noun-0,"ASPIRIN"-tx-41-"aspirin"-noun-0,"ASPIRIN"-tx-12-"aspirin"-noun-0]|TX|3965/7;3304/7;1219/7|D02.455.426.559.389.657.410.595.176
00000000|MMI|45.20|Percutaneous Transluminal Coronary Angioplasty|C2936173|[topp]|["Percutaneous Transluminal Coronary Angioplasty"-tx-46-"percutaneous transluminal coronary angioplasty"-noun-0,"Percutaneous Transluminal Coronary Angioplasty"-tx-45-"percutaneous transluminal coronary angioplasty"-noun-0]|TX|3867/46;3693/46|E02.148.050.060.100;E04.100.376.719.100;E04.100.814.529.124.060.100;E04.100.814.529.968.050;E04.502.382.124.060.100;E04.502.382.968.050;E04.928.220.520.100;E05.157.016.060.100
00000000|MMI|45.15|Insulin|C0021641|[aapp,horm,phsu]|["INSULIN"-tx-19-"insulin"-noun-0,"INSULIN"-tx-6-"insulin"-noun-0]|TX|1747/7;356/7|D06.472.699.587.200.500.625;D12.644.548.586.200.500.625
00000000|MMI|43.79|Patients|C0030705|[podg]|["*^patient"-tx-54-"patient"-noun-0,"*^patient"-tx-52-"patient"-noun-0,"*^patient"-tx-46-"patient"-noun-0,"*^patient"-tx-40-"patient"-noun-0,"*^patient"-tx-7-"Patient"-noun-0]|TX|4464/7;4341/7;3804/7;3106/7;535/7|M01.643
00000000|MMI|40.95|Hypertensive disease|C0020538|[dsyn]|["HYPERTENSION"-tx-18-"Hypertension"-noun-0,"HYPERTENSION"-tx-7-"hypertension"-noun-0,"HYPERTENSION"-tx-6-"hypertension"-noun-0,"HYPERTENSION"-tx-5-"HYPERTENSION"-noun-0]|TX|1686/12;598/12;396/12;274/12|C14.907.489
00000000|MMI|39.63|Diabetes Mellitus|C0011849|[dsyn]|["Diabetes"-tx-27-"diabetes"-noun-1,"Diabetes"-tx-19-"Diabetes"-noun-0,"Diabetes"-tx-7-"diabetes"-noun-0]|TX|2121/8;1719/8;571/8|C18.452.394.750;C19.246
00000000|MMI|39.42|Physicians|C0031831|[prog]|["DR"-tx-58-"Dr"-noun-0,"DR"-tx-56-"Dr"-noun-0,"PHYSICIAN"-tx-50-"physician"-noun-0]|TX|4613/2;4562/2;4279/9|M01.526.485.810;N02.360.810
00000000|MMI|39.00|Patient Discharge|C0030685|[hlca]|["Discharge"-tx-55-"DISCHARGE"-noun-0,"Discharge"-tx-46-"discharge"-noun-0]|TX|4513/9;4014/9|E02.204.125;E02.760.400.610;N02.421.192.125;N02.421.585.400.610;N04.590.233.727.210.125
00000000|MMI|38.82|Creatine Kinase|C0010287|[aapp,enzy]|["CK"-tx-39-"CK"-noun-0,"CK"-tx-15-"CK"-noun-0]|TX|3052/2;1457/2|D08.811.913.696.640.150
00000000|MMI|38.66|Clonidine|C0009014|[orch,phsu]|["CLONIDINE"-tx-61-"clonidine"-noun-0,"CLONIDINE"-tx-46-"clonidine"-noun-0]|TX|4730/9;3995/9|D03.383.129.308.436.500
00000000|MMI|32.97|heart rate|C0018810|[clna]|["Heart Rate"-tx-35-"heart rate"-noun-0,"Heart Rate"-tx-32-"Heart rate"-noun-0]|TX|2533/5,2552/4;2312/10|E01.370.600.875.500;G09.330.380.500
00000000|MMI|32.69|Hypokinesia|C0086439|[sosy]|["Hypokinesis"-tx-44-"hypokinesis"-noun-0,"Hypokinesis"-tx-16-"hypokinesis"-noun-0]|TX|3673/11;1563/11|C10.597.350.400;C23.888.592.350.400
00000000|MMI|32.65|Nitroglycerin|C0017887|[orch,phsu]|["nitroglycerine"-tx-62-"nitroglycerin"-noun-0,"nitroglycerine"-tx-14-"nitroglycerin"-noun-0]|TX|4780/13;1413/13|D02.033.800.421.560;D02.640.636
00000000|MMI|32.65|Pain|C0030193|[sosy]|["PAIN"-tx-14-"pain"-noun-1,"PAIN"-tx-13-"pain"-noun-0]|TX|1298/4;1232/4|C10.597.617;C23.888.592.612;F02.830.816.444;G11.561.600.810.444
00000000|MMI|32.38|Treatment Protocols|C0040808|[topp]|["Regimen"-tx-46-"regimen"-noun-0,"Regimen"-tx-41-"regimen"-noun-0]|TX|3943/7;3354/7|E02.183;N05.715.360.775.225
00000000|MMI|32.30|Dominican Republic|C0013014|[geoa]|["DR"-tx-58-"Dr"-noun-0,"DR"-tx-56-"Dr"-noun-0]|TX|4613/2;4562/2|Z01.107.084.900.300;Z01.639.880.300
00000000|MMI|27.26|Nicotiana|C0086707|[plnt]|["Tobacco"-tx-30-"tobacco"-noun-0]|TX|2226/7|B01.650.940.800.575.100.905.900
00000000|MMI|27.26|Nicotiana tabacum|C0740009|[plnt]|["Tobacco"-tx-30-"tobacco"-noun-0]|TX|2226/7|B01.650.940.800.575.100.905.900
00000000|MMI|27.22|Abortion consent:Finding:Point in time:^Patient:Document|C2360836|[clna]|["Patient"-tx-54-"patient"-noun-0,"Patient"-tx-52-"patient"-noun-0,"Patient"-tx-46-"patient"-noun-0,"Patient"-tx-40-"patient"-noun-0,"Patient"-tx-7-"Patient"-noun-0]|TX|4464/7;4341/7;3804/7;3106/7;535/7|
00000000|MMI|27.22|Hysterectomy consent:Finding:Point in time:^Patient:Document|C2360838|[clna]|["Patient"-tx-54-"patient"-noun-0,"Patient"-tx-52-"patient"-noun-0,"Patient"-tx-46-"patient"-noun-0,"Patient"-tx-40-"patient"-noun-0,"Patient"-tx-7-"Patient"-noun-0]|TX|4464/7;4341/7;3804/7;3106/7;535/7|
00000000|MMI|27.22|Sterilization consent:Finding:Point in time:^Patient:Document|C2360840|[clna]|["Patient"-tx-54-"patient"-noun-0,"Patient"-tx-52-"patient"-noun-0,"Patient"-tx-46-"patient"-noun-0,"Patient"-tx-40-"patient"-noun-0,"Patient"-tx-7-"Patient"-noun-0]|TX|4464/7;4341/7;3804/7;3106/7;535/7|
00000000|MMI|27.22|To|C1883351|[qlco]|["To"-tx-59-"to"-adv-0,"To"-tx-42-"to"-adv-0,"To"-tx-40-"to"-adv-0,"To"-tx-11-"to"-adv-0]|TX|4654/2;3461/2;3219/2;[1047/2],[1105/2]|
00000000|MMI|24.11|Adrenergic beta-Antagonists|C0001645|[phsu]|["Beta Blocker"-tx-12-"beta blocker"-noun-0]|TX|1204/12|D27.505.519.625.050.200.200;D27.505.696.577.050.200.200
00000000|MMI|24.11|Marriage, life event|C0024841|[fndg]|["Married"-tx-28-"Married"-adj-0]|TX|2147/7|F01.829.263.315.500.500;I01.240.361.500.500;I01.880.853.150.423.500.500;N01.224.361.500.500;N01.824.308.500.500
00000000|MMI|22.41|beta Thalassemia|C0005283|[dsyn]|["beta Thalassaemia"-tx-47-"beta-thalassemia"-noun-0]|TX|4091/16|C15.378.071.141.150.875.150;C15.378.420.826.150;C16.320.070.875.150;C16.320.365.826.150
00000000|MMI|22.38|insulin, isophane|C0021658|[aapp,horm,phsu]|["Insulin, NPH"-tx-23-"insulin NPH"-noun-0]|TX|1943/7,1963/3|D06.472.699.587.200.300.200;D12.644.548.586.200.300.200
00000000|MMI|20.95|parent|C0030551|[idcn]|["Parents"-tx-26-"parents"-noun-0]|TX|2063/7|F01.829.263.500.320;I01.880.853.150.500.340;M01.620
00000000|MMI|20.57|Lymphadenopathy|C0497156|[fndg]|["LYMPHADENOPATHY"-tx-49-"Lymphadenopathy"-noun-0,"ADENOPATHY"-tx-36-"adenopathy"-noun-1,"LYMPHADENOPATHY"-tx-36-"lymphadenopathy"-noun-0]|TX|4180/15;2821/10;2759/15|C15.604
00000000|MMI|19.78|Cocos (Keeling) Islands|C0009212|[geoa]|["CK"-tx-39-"CK"-noun-0,"CK"-tx-15-"CK"-noun-0]|TX|3052/2;1457/2|Z01.639.520
00000000|MMI|19.75|Hospitals|C0019994|[hcro,mnob]|["HOSPITAL"-tx-11-"Hospital"-noun-0]|TX|[1017/8],[1074/8]|N02.278.421
00000000|MMI|19.38|Exercise|C0015259|[dora]|["Exercise"-tx-8-"exercise"-noun-0]|TX|686/8|G11.427.590.530.698.277;I03.350
00000000|MMI|19.32|Atenolol|C0004147|[orch,phsu]|["ATENOLOL"-tx-46-"atenolol"-noun-0]|TX|3954/8|D02.033.100.624.698.070;D02.033.755.624.698.070;D02.092.063.624.698.070
00000000|MMI|19.31|Lopressor|C0700776|[orch,phsu]|["Lopressor"-tx-41-"Lopressor"-noun-0]|TX|3316/9|D02.033.100.624.698.573;D02.033.755.624.698.573;D02.092.063.624.698.573
00000000|MMI|19.31|Risk|C0035647|[idcn]|["Risk"-tx-7-"risk"-noun-0]|TX|555/4|E05.318.740.600.800;G17.680.750;N05.715.360.750.625.700;N06.850.520.830.600.800
00000000|MMI|19.21|Thalassemia|C0039730|[dsyn]|["Thalassaemia NOS"-tx-21-"thalassemia"-noun-0]|TX|1822/11|C15.378.071.141.150.875;C15.378.420.826;C16.320.070.875;C16.320.365.826
00000000|MMI|18.15|Seven|C0205453|[qnco]|["Seven"-tx-22-"seven"-word_numeral-0,"Seven"-tx-19-"seven"-word_numeral-0,"Seven"-tx-18-"seven"-word_numeral-0,"Seven"-tx-7-"seven"-word_numeral-0]|TX|1853/5;1730/5;1701/5;[582/5],[613/5]|
00000000|MMI|17.80|Blood Pressure|C0005823|[orgf]|["BLOOD PRESSURE"-tx-33-"Blood pressure"-noun-0]|TX|2331/14|E01.370.600.875.249;G09.330.380.076
00000000|MMI|17.80|Cardiac Catheterization Procedures|C0018795|[hlca]|["Cardiac catheterisation"-tx-42-"cardiac catheterization"-noun-0]|TX|3472/23|E01.370.370.380.140;E02.148.442;E05.157.250
00000000|MMI|17.80|Coronary Arteriosclerosis|C0010054|[dsyn]|["coronary artery disease"-tx-27-"coronary artery disease"-noun-1]|TX|2094/23|C14.280.647.250.260;C14.907.137.126.339;C14.907.585.250.260
00000000|MMI|17.80|Coronary Artery Disease|C1956346|[dsyn]|["CORONARY ARTERY DISEASE"-tx-27-"coronary artery disease"-noun-1]|TX|2094/23|C14.280.647.250.260;C14.907.137.126.339;C14.907.585.250.260
00000000|MMI|17.80|Diabetes Mellitus, Insulin-Dependent|C0011854|[dsyn]|["Insulin Dependent Diabetes"-tx-3-"INSULIN-DEPENDENT DIABETES"-noun-0]|TX|243/26|C18.452.394.750.124;C19.246.267;C20.111.327
00000000|MMI|17.80|Echocardiography|C0013516|[diap]|["ECHOCARDIOGRAM"-tx-16-"echocardiogram"-noun-0]|TX|1491/14|E01.370.350.130.750;E01.370.350.850.220;E01.370.370.380.220
00000000|MMI|17.80|Hematocrit procedure|C0018935|[lbpr]|["Hematocrit"-tx-48-"Hematocrit"-noun-0]|TX|4109/10|E01.370.225.625.400;E05.200.625.400;G09.188.370.374
00000000|MMI|17.80|Respiratory rate|C0231832|[clna]|["Respiratory Rate"-tx-34-"Respiratory rate"-noun-0]|TX|2358/16|E01.370.600.875.875;G09.772.770.755.730
00000000|MMI|17.80|Systemic arterial pressure|C1272641|[fndg]|["Blood pressure"-tx-33-"Blood pressure"-noun-0]|TX|2331/14|G09.330.380.076.347
00000000|MMI|17.80|Tylenol|C0699142|[orch,phsu]|["Tylenol"-tx-10-"Tylenol"-noun-0]|TX|956/7|D02.065.199.092.040
00000000|MMI|16.30|Chest Pain|C0008031|[sosy]|["CHEST PAIN"-tx-6-"chest pain"-noun-0]|TX|523/10|C10.597.617.192;C23.888.592.612.233
00000000|MMI|16.30|Daughter|C0011011|[famg]|["Daughter"-tx-28-"daughter"-noun-0]|TX|2166/8|F01.829.263.500;I01.880.853.150.500
00000000|MMI|16.30|Electrocardiogram|C0013798|[fndg]|["Electrocardiogram"-tx-14-"electrocardiogram"-noun-1]|TX|1307/17|E01.370.370.380.240;E01.370.405.240
00000000|MMI|16.30|Electrocardiography|C1623258|[diap]|["Electrocardiogram"-tx-14-"electrocardiogram"-noun-0]|TX|1307/17|E01.370.370.380.240;E01.370.405.240
00000000|MMI|16.30|Nitrates|C0028125|[chvs]|["Nitrates"-tx-12-"nitrates"-noun-0]|TX|1189/8|D01.248.497.158.606;D01.625.525.550;D02.583
00000000|MMI|16.26|Coronary Care Units|C0010066|[hcro,mnob]|["Coronary care unit"-tx-14-"Coronary Care Unit"-noun-0]|TX|1348/18|N02.278.388.493.211
00000000|MMI|16.23|Anterior myocardial infarction|C0340293|[dsyn]|["Anterior myocardial infarction"-tx-6-"anterior myocardial infarction"-noun-0]|TX|439/30|C14.280.647.500.093;C14.907.585.500.093
00000000|MMI|16.21|Lisinopril|C0065374|[aapp,phsu]|["Lysinopril"-tx-10-"lisinopril"-noun-0]|TX|968/10|D12.644.456.345.600
00000000|MMI|16.17|factor X|C0015518|[aapp,enzy]|["Factor X"-tx-7-"factors x"-noun-0]|TX|560/7,580/1|D12.776.124.125.400;D23.119.400
00000000|MMI|16.10|Sleep Apnea Syndromes|C0037315|[dsyn]|["Sleep apnoea"-tx-22-"Sleep apnea"-noun-0]|TX|1839/11|C08.618.085.852;C10.886.425.800.750
00000000|MMI|16.09|Mastodynia|C0024902|[sosy]|["Pain of breast"-tx-46-"of chest pain"-noun-1]|TX|3826/13|C10.597.617.229;C23.888.592.612.530;F02.830.816.308;G11.561.600.810.308
00000000|MMI|16.07|Sublingual Route of Drug Administration|C0001565|[ftcn]|["SUBLINGUAL"-tx-62-"sublingual"-adj-0]|TX|4794/10|E02.319.267.100.878
00000000|MMI|16.04|Hydrocephalus, Normal Pressure|C0020258|[dsyn]|["NPH"-tx-24-"NPH"-noun-0]|TX|2011/3|C10.228.140.602.750
00000000|MMI|16.04|Continuous Positive Airway Pressure|C0199451|[topp]|["CPAP"-tx-22-"CPAP"-noun-0]|TX|1870/4|E02.041.625.790.259;E02.880.820.790.259
00000000|MMI|16.04|Kenya|C0022558|[geoa]|["KEN"-tx-14-"Ken"-noun-0]|TX|1370/3|Z01.058.290.120.400
00000000|MMI|16.04|British Virgin Islands|C0205999|[geoa]|["VI"-tx-35-"VI"-noun-0]|TX|2575/2|Z01.107.084.900.182
00000000|MMI|16.04|Iodides|C0021966|[inch]|["I-"-tx-35-"I"-noun-0]|TX|2570/1|D01.248.497.158.490;D01.475.410
00000000|MMI|15.79|+2|C0740116|[qnco]|["+2"-tx-47-"2"-integer-0,"+2"-tx-19-"2"-integer-0,"+2"-tx-4-"2"-integer-0]|TX|4025/1;1715/1;271/1|
00000000|MMI|15.79|1+|C3816745|[fndg]|["1+"-tx-40-"1"-integer-0,"1+"-tx-18-"1"-integer-0,"1+"-tx-2-"1"-integer-0]|TX|3079/1;1682/1;240/1|
00000000|MMI|15.79|1+ Score|C2827734|[qnco]|["1+"-tx-40-"1"-integer-0,"1+"-tx-18-"1"-integer-0,"1+"-tx-2-"1"-integer-0]|TX|3079/1;1682/1;240/1|
00000000|MMI|15.79|1+ Score, WHO|C2981698|[clas]|["1+"-tx-40-"1"-integer-0,"1+"-tx-18-"1"-integer-0,"1+"-tx-2-"1"-integer-0]|TX|3079/1;1682/1;240/1|
00000000|MMI|15.79|2+|C3833492|[fndg]|["2+"-tx-47-"2"-integer-0,"2+"-tx-19-"2"-integer-0,"2+"-tx-4-"2"-integer-0]|TX|4025/1;1715/1;271/1|
00000000|MMI|15.79|2+ Score|C2827735|[qnco]|["2+"-tx-47-"2"-integer-0,"2+"-tx-19-"2"-integer-0,"2+"-tx-4-"2"-integer-0]|TX|4025/1;1715/1;271/1|
00000000|MMI|15.79|2+ Score, WHO|C2981700|[clas]|["2+"-tx-47-"2"-integer-0,"2+"-tx-19-"2"-integer-0,"2+"-tx-4-"2"-integer-0]|TX|4025/1;1715/1;271/1|
00000000|MMI|15.79|Doctor of Medicine|C1512018|[inpr]|["M.D."-tx-65-"M.D"-noun-0,"M.D."-tx-63-"M.D"-noun-0,"M.D."-tx-50-"M.D"-noun-0]|TX|4910/3;4866/3;4309/3|
00000000|MMI|15.79|On admission|C0457453|[tmco]|["On admission"-tx-49-"on admission"-adj-0,"On admission"-tx-39-"on admission"-adj-0,"On admission"-tx-31-"On admission"-adj-0]|TX|4204/12;3016/12;2272/12|
00000000|MMI|14.95|Hypertension Adverse Event|C1963138|[fndg]|["Hypertension"-tx-18-"Hypertension"-noun-0,"Hypertension"-tx-7-"hypertension"-noun-0,"Hypertension"-tx-6-"hypertension"-noun-0,"Hypertension"-tx-5-"HYPERTENSION"-noun-0]|TX|1686/12;598/12;396/12;274/12|
00000000|MMI|14.64|Abdominal Cavity|C0230168|[blor]|["Abdomen"-tx-35-"abdomen"-noun-0]|TX|2700/7|A01.923.047.025
00000000|MMI|14.64|Alcohol consumption|C0001948|[inbe]|["ALCOHOL USE"-tx-30-"alcohol use"-noun-0]|TX|2237/11|F01.145.317.269
00000000|MMI|14.64|Coronary heart disease|C0010068|[dsyn]|["Coronary (artery) disease"-tx-27-"coronary artery disease"-noun-1]|TX|2094/23|C14.280.647.250;C14.907.585.250
00000000|MMI|14.64|Infantile Neuroaxonal Dystrophy|C0270724|[dsyn]|["PLAN"-tx-40-"plan"-noun-0]|TX|3214/4|C10.228.140.744
00000000|MMI|14.64|Myocardial Infarction|C0027051|[dsyn]|["Infarction, Myocardial"-tx-1-"MYOCARDIAL INFARCTION"-noun-0]|TX|195/21|C14.280.647.500;C14.907.585.500
00000000|MMI|14.64|Neurologic Examination|C0027853|[diap]|["Examination, Neurologic"-tx-38-"Neurologic examination"-noun-0]|TX|2956/22|E01.370.376.550;E01.370.600.550
00000000|MMI|14.64|Pain-Free|C0908489|[orch]|["Pain-Free"-tx-14-"pain free"-adj-0]|TX|1427/9|x.x.x.x
00000000|MMI|14.64|Sulfur|C0038774|[elii,phsu]|["Sulphur"-tx-25-"Sulfur"-noun-0]|TX|2034/6|D01.268.185.900;x.x.x.x
00000000|MMI|14.42|year|C0439234|[tmco]|["YEARS"-tx-22-"years"-noun-0,"YEARS"-tx-19-"years"-noun-0,"YEARS"-tx-7-"years"-noun-0,"YEAR"-tx-6-"year"-noun-0]|TX|1859/5;1736/5;588/5;329/4|
00000000|MMI|13.14|Exercise Tolerance|C0162521|[clna]|["Exercise Tolerance"-tx-8-"exercise tolerance"-noun-0]|TX|686/18|G11.427.680.270
00000000|MMI|13.06|MB 5|C0602256|[orch]|["MB 5"-tx-15-"MB 5"-noun-0]|TX|1478/2,1484/1|x.x.x.x
00000000|MMI|13.05|Heparin|C0019134|[bacs,orch,phsu]|["HEPARIN"-tx-40-"heparin"-noun-0]|TX|3175/7|D09.698.373.400
00000000|MMI|13.03|Cardiology discipline|C0007189|[bmod]|["Cardiology"-tx-56-"Cardiology"-noun-0]|TX|4546/10|H02.403.429.163
00000000|MMI|13.01|Telemetry|C0039451|[diap]|["Telemetry"-tx-40-"telemetry"-noun-0]|TX|3234/9|E01.370.520.750;E05.925;L01.178.847.675
00000000|MMI|13.01|hexachlorocyclohexane x-factor|C0616407|[orch]|["X-Factor"-tx-7-"factors x"-noun-0]|TX|560/7,580/1|x.x.x.x
00000000|MMI|12.91|Hydrostatic Pressure|C0020309|[npop]|["Water pressure"-tx-22-"water pressure"-noun-0]|TX|1884/14|G01.374.715.352
00000000|MMI|12.90|Chest|C0817096|[blor]|["CHEST"-tx-35-"chest"-noun-0]|TX|2525/5|A01.923.761;A02.835.232.904
00000000|MMI|12.88|Dental Occlusion|C0011382|[ortf]|["Occlusion"-tx-43-"occlusion"-noun-0]|TX|3597/9|E06.276;G10.549.235.202
00000000|MMI|11.49|Abdomen|C0000726|[blor]|["ABDOMEN"-tx-35-"abdomen"-noun-0]|TX|2700/7|A01.923.047
00000000|MMI|11.49|Anemia|C0002871|[dsyn]|["ANEMIA"-tx-47-"Anemia"-noun-0]|TX|4029/6|C15.378.071
00000000|MMI|11.49|Appointments|C0003629|[idcn]|["Appointment"-tx-59-"appointment"-noun-0]|TX|4669/11|N04.452.095
00000000|MMI|11.49|Chills|C0085593|[sosy]|["CHILLS"-tx-52-"chills"-noun-1]|TX|4400/6|C23.888.208
00000000|MMI|11.49|Clubbed Fingers|C0009080|[anab]|["Clubbing"-tx-37-"clubbing"-verb-1]|TX|2906/8|C05.116.758;C05.550.684
00000000|MMI|11.49|Complication Aspects|C1171258|[patf]|["complications"-tx-53-"COMPLICATIONS"-noun-0]|TX|4426/13|x.x.x
00000000|MMI|11.49|Cyanosis|C0010520|[sosy]|["CYANOSIS"-tx-37-"cyanosis"-noun-1]|TX|2895/8|C23.888.248
00000000|MMI|11.49|Edema|C0013604|[fndg]|["OEDEMA"-tx-37-"edema"-noun-1]|TX|2920/5|C23.888.277
00000000|MMI|11.49|Life|C0376558|[idcn]|["Alive"-tx-26-"alive"-adj-0]|TX|2075/5|K01.752.400
00000000|MMI|11.49|Occupations|C0028811|[ocdi]|["Job"-tx-8-"job"-noun-0]|TX|758/3|N01.824.547
00000000|MMI|11.49|Physical Examination|C0031809|[hlca]|["PHYSICAL EXAMINATION"-tx-31-"PHYSICAL EXAMINATION"-noun-0]|TX|2250/20|E01.370.600
00000000|MMI|11.49|Thinking, function|C0039869|[menp]|["Thought"-tx-47-"thought"-verb-0]|TX|4070/7|F02.463.785
00000000|MMI|11.49|Tobacco|C0040329|[hops,orch,phsu]|["TOBACCO"-tx-30-"tobacco"-noun-0]|TX|2226/7|J01.637.836
00000000|MMI|11.03|20%|C3842589|[fndg]|["20%"-tx-45-"20"-percentage-0,"20%"-tx-34-"20"-integer-0,"20%"-tx-9-"20"-integer-1]|TX|3767/2;2379/2;939/2|
00000000|MMI|11.02|Good|C0205170|[qlco]|["Good"-tx-45-"good"-adj-0,"Well"-tx-26-"well"-adv-0,"Good"-tx-8-"good"-adj-0]|TX|3787/4;2085/4;656/4|
00000000|MMI|10.91|Daily|C0332173|[tmco]|["/day"-tx-62-"day"-noun-0,"/day"-tx-42-"day"-noun-0,"/day"-tx-23-"day"-noun-0]|TX|4774/3;3377/3;1937/3|
00000000|MMI|10.91|day|C0439228|[tmco]|["DAY"-tx-62-"day"-noun-0,"DAY"-tx-42-"day"-noun-0,"DAY"-tx-23-"day"-noun-0]|TX|4774/3;3377/3;1937/3|
00000000|MMI|10.91|per day|C0439505|[tmco]|["/day"-tx-62-"day"-noun-0,"/day"-tx-42-"day"-noun-0,"/day"-tx-23-"day"-noun-0]|TX|4774/3;3377/3;1937/3|
00000000|MMI|10.85|Postmyocardial infarction syndrome|C0152107|[dsyn]|["Post Myocardial Infarction"-tx-40-"postmyocardial infarction"-adj-0,"Post Myocardial Infarction"-tx-17-"post myocardial infarction"-adj-0,"Post Myocardial Infarction"-tx-6-"postmyocardial infarction"-adj-0]|TX|3131/25;1627/26;497/25|
00000000|MMI|10.79|Diabetes|C0011847|[dsyn]|["Diabetes"-tx-27-"diabetes"-noun-1,"Diabetes"-tx-19-"Diabetes"-noun-0,"Diabetes"-tx-7-"diabetes"-noun-0]|TX|2121/8;1719/8;571/8|
00000000|MMI|10.78|Home environment|C0442519|[cnce]|["house"-tx-48-"house"-adj-0,"house"-tx-46-"house"-adj-0,"HOME"-tx-11-"Home"-noun-0]|TX|4169/5;3843/5;1012/4|
00000000|MMI|10.58|10%|C3842590|[fndg]|["10%"-tx-24-"10"-integer-0,"10%"-tx-9-"10"-fraction-0,"10%"-tx-1-"10"-fraction-0]|TX|1999/2;844/2;116/2|
00000000|MMI|10.42|3+ Answer to Question|C3838680|[fndg]|["3+"-tx-49-"3"-integer-0,"3+"-tx-20-"3"-integer-0]|TX|4176/1;1766/1|
00000000|MMI|10.42|3+ Score|C2827736|[qnco]|["3+"-tx-49-"3"-integer-0,"3+"-tx-20-"3"-integer-0]|TX|4176/1;1766/1|
00000000|MMI|10.42|3+ Score, WHO|C2981702|[clas]|["3+"-tx-49-"3"-integer-0,"3+"-tx-20-"3"-integer-0]|TX|4176/1;1766/1|
00000000|MMI|10.42|<3 (qualifier value)|C0439086|[qnco]|["<3"-tx-49-"3"-integer-0,"<3"-tx-20-"3"-integer-0]|TX|4176/1;1766/1|
00000000|MMI|9.90|Beds|C0004916|[mnob]|["Bed"-tx-9-"bed"-noun-0]|TX|779/3|E07.325.220
00000000|MMI|9.90|Disease|C0012634|[dsyn]|["condition"-tx-55-"CONDITION"-noun-0]|TX|4500/9|C23.550.288
00000000|MMI|9.88|Health Care|C0086388|[hlca]|["HealthCare"-tx-14-"Health Care"-noun-0]|TX|1374/11|N04.590.374;N05.300
00000000|MMI|9.88|Historical aspects qualifier|C0019665|[ftcn]|["history"-tx-21-"history"-noun-0]|TX|1811/7|x.x.x
00000000|MMI|9.87|Outpatients|C0029921|[podg]|["Outpatient"-tx-50-"outpatient"-noun-0]|TX|4268/10|M01.643.630
00000000|MMI|9.86|Patient Monitoring|C0030695|[hlca]|["monitor"-tx-40-"monitor"-verb-0]|TX|3222/7|E01.370.520
00000000|MMI|9.86|Universities|C0041740|[mnob,orgt]|["University"-tx-17-"University"-noun-0]|TX|1609/10|I02.783.830
00000000|MMI|9.85|Males|C0086582|[orga]|["MALE"-tx-35-"male"-noun-0]|TX|2458/4|x.x.x
00000000|MMI|9.76|Tablet Dosage Form|C0039225|[bodm]|["TAB"-tx-62-"tabs"-noun-0]|TX|4805/4|D26.255.830
00000000|MMI|8.34|Catheterization|C0007430|[topp]|["Catheterization"-tx-43-"Catheterization"-noun-0]|TX|3497/15|E02.148;E05.157
00000000|MMI|8.34|Hypersensitivity|C0020517|[patf]|["Allergies"-tx-25-"ALLERGIES"-noun-0]|TX|2023/9|C20.543
00000000|MMI|8.00|Evaluation and management note:Finding:Point in time:{Setting}:Document:{Provider}|C1316572|[clna]|["Note"-tx-49-"Noted"-verb-0,"Note"-tx-35-"noted"-verb-0]|TX|4198/5;2685/5|
00000000|MMI|8.00|Last|C1517741|[qlco]|["Last"-tx-13-"lasted"-verb-0,"Last"-tx-9-"lasting"-verb-0]|TX|1237/6;931/7|
00000000|MMI|8.00|Note (document)|C1317574|[inpr]|["Note"-tx-49-"Noted"-verb-0,"Note"-tx-35-"noted"-verb-0]|TX|4198/5;2685/5|
00000000|MMI|8.00|Show|C1547282|[anim]|["Show"-tx-44-"showed"-verb-0,"Show"-tx-16-"showed"-verb-0]|TX|3652/6;1506/6|
00000000|MMI|7.70|Negation|C1518422|[ftcn]|["Not"-tx-52-"not"-adv-0,"Non"-tx-38-"non"-adj-0]|TX|4353/3;2983/3|
00000000|MMI|7.62|Clinical Study Follow-up|C3274571|[hlca]|["FOLLOW-UP"-tx-58-"follow up"-adj-0,"FOLLOW-UP"-tx-56-"FOLLOW-UP"-adj-0]|TX|4598/9;4532/9|
00000000|MMI|7.62|Follow-Up Report|C1704685|[inpr]|["Follow-Up"-tx-58-"follow up"-adj-0,"Follow-Up"-tx-56-"FOLLOW-UP"-adj-0]|TX|4598/9;4532/9|
00000000|MMI|7.62|Follow-up status|C0589120|[fndg]|["Follow-up"-tx-58-"follow up"-adj-0,"Follow-up"-tx-56-"FOLLOW-UP"-adj-0]|TX|4598/9;4532/9|
00000000|MMI|7.62|follow-up|C1522577|[hlca]|["Follow Up"-tx-58-"follow up"-adj-0,"Follow Up"-tx-56-"FOLLOW-UP"-adj-0]|TX|4598/9;4532/9|
00000000|MMI|7.57|care activity|C1947933|[acty]|["Care"-tx-40-"care"-verb-0,"Care"-tx-17-"care"-noun-0]|TX|3157/4;1654/4|
00000000|MMI|7.53|Performed|C0884358|[ftcn]|["Performed"-tx-43-"performed"-verb-0,"Perform"-tx-42-"perform"-verb-0]|TX|3517/9;3464/7|
00000000|MMI|7.49|History of present illness|C0262512|[orga]|["History, NOS"-tx-21-"history"-noun-0,"HISTORY OF PRESENT ILLNESS"-tx-6-"HISTORY OF PRESENT ILLNESS"-noun-0]|TX|1811/7;288/26|
00000000|MMI|7.49|Medical History|C0262926|[fndg]|["History"-tx-21-"history"-noun-0,"Past Medical History"-tx-18-"PAST MEDICAL HISTORY"-noun-0]|TX|1811/7;1660/20|
00000000|MMI|7.47|Medications:-:Point in time:^Patient:-|C2598133|[clna]|["Medications"-tx-41-"medications"-noun-0,"Medications"-tx-23-"MEDICATIONS"-noun-0]|TX|3289/11;1900/11|
00000000|MMI|7.47|Medications:Presence or Identity:Duration of the study:^Patient:Nominal|C0802604|[clna]|["Medications"-tx-41-"medications"-noun-0,"Medications"-tx-23-"MEDICATIONS"-noun-0]|TX|3289/11;1900/11|
00000000|MMI|7.47|Pharmaceutical Preparations|C0013227|[phsu]|["Medications"-tx-41-"medications"-noun-0,"Medications"-tx-23-"MEDICATIONS"-noun-0]|TX|3289/11;1900/11|D26
00000000|MMI|7.45|Present|C0150312|[qnco]|["Found"-tx-11-"found"-verb-0,"Present"-tx-6-"presents"-verb-0]|TX|1099/5;415/8|
00000000|MMI|7.39|Chest discomfort|C0235710|[sosy]|["CHEST DISCOMFORT"-tx-62-"chest discomfort"-noun-0,"CHEST DISCOMFORT"-tx-42-"chest discomfort"-noun-0]|TX|4817/16;3423/16|
00000000|MMI|7.33|Attending (action)|C1999232|[ftcn]|["attending"-tx-64-"Attending"-noun-0,"attending"-tx-11-"Attending"-noun-0]|TX|4876/9;1026/9|
00000000|MMI|7.33|Attending (provider role)|C1547429|[prog]|["Attending"-tx-64-"Attending"-noun-0,"Attending"-tx-11-"Attending"-noun-0]|TX|4876/9;1026/9|
00000000|MMI|7.31|Patient Condition Code - Stable|C1547311|[inpr]|["Stable"-tx-55-"Stable"-adj-0,"Stable"-tx-48-"stable"-adj-0]|TX|4524/6;4159/6|
00000000|MMI|7.31|Stable status|C0205360|[qlco]|["STABLE"-tx-55-"Stable"-adj-0,"STABLE"-tx-48-"stable"-adj-0]|TX|4524/6;4159/6|
00000000|MMI|7.29|+5|C0728893|[qnco]|["+5"-tx-22-"5"-integer-0,"+5"-tx-1-"5"-fraction-0]|TX|1835/1;164/1|
00000000|MMI|7.29|>5|C0439084|[qnco]|[">5"-tx-22-"5"-integer-0,">5"-tx-1-"5"-fraction-0]|TX|1835/1;164/1|
00000000|MMI|7.27|Glonoine, nitroglycerine, Homeopathic preparation|C0885378|[orch,phsu]|["nitroglycerine"-tx-62-"nitroglycerin"-noun-0,"nitroglycerine"-tx-14-"nitroglycerin"-noun-0]|TX|4780/13;1413/13|
00000000|MMI|7.27|month|C0439231|[tmco]|["MONTHS"-tx-18-"months"-noun-0,"MONTHS"-tx-7-"months"-noun-0]|TX|1707/6;619/6|
00000000|MMI|7.27|Body Fluid Discharge|C0012621|[bdsu]|["Discharge"-tx-55-"DISCHARGE"-noun-0,"Discharge"-tx-46-"discharge"-noun-0]|TX|4513/9;4014/9|
00000000|MMI|7.27|Discharge, body substance|C2926602|[bdsu]|["Discharge"-tx-55-"DISCHARGE"-noun-0,"Discharge"-tx-46-"discharge"-noun-0]|TX|4513/9;4014/9|
00000000|MMI|7.27|Pain NOS Adverse Event|C1962977|[fndg]|["Pain NOS"-tx-14-"pain"-noun-1,"Pain NOS"-tx-13-"pain"-noun-0]|TX|1298/4;1232/4|
00000000|MMI|7.25|Hospital course|C0489547|[fndg]|["Hospital course"-tx-42-"hospital course"-noun-0,"Hospital course"-tx-40-"HOSPITAL COURSE"-noun-0]|TX|3388/15;3062/15|
00000000|MMI|7.25|Hospital course:Finding:Point in time:^Patient:Narrative|C0488549|[clna]|["Hospital course"-tx-42-"hospital course"-noun-0,"Hospital course"-tx-40-"HOSPITAL COURSE"-noun-0]|TX|3388/15;3062/15|
00000000|MMI|7.21|House (environment)|C2003847|[mnob]|["House"-tx-48-"house"-adj-0,"House"-tx-46-"house"-adj-0]|TX|4169/5;3843/5|
00000000|MMI|7.17|Call (Instruction)|C1947967|[ftcn]|["Call"-tx-59-"calling"-noun-0,"Call"-tx-11-"called"-verb-0]|TX|4636/7;995/6|
00000000|MMI|7.17|Decision|C0679006|[menp]|["Call"-tx-59-"calling"-noun-0,"Call"-tx-11-"called"-verb-0]|TX|4636/7;995/6|
00000000|MMI|7.17|Continuous|C0549178|[idcn]|["Continued"-tx-41-"continued"-verb-0,"Continued"-tx-40-"continued"-verb-0]|TX|3276/9;3118/9|
00000000|MMI|7.16|Event Seriousness - Significant|C1546944|[qlco]|["Significant"-tx-39-"significant"-adj-0,"Significant"-tx-35-"significant"-adj-0]|TX|3034/11;2503/11|
00000000|MMI|7.16|Significant|C0750502|[idcn]|["Significant"-tx-39-"significant"-adj-0,"Significant"-tx-35-"significant"-adj-0]|TX|3034/11;2503/11|
00000000|MMI|7.16|Statistical Significance|C0237881|[qnco]|["significant"-tx-39-"significant"-adj-0,"significant"-tx-35-"significant"-adj-0]|TX|3034/11;2503/11|
00000000|MMI|7.15|Unit|C0439148|[qnco]|["UNITS"-tx-23-"units"-noun-0]|TX|[1954/5],[1973/5]|
00000000|MMI|7.15|Unit - NCI Thesaurus Property|C3853603|[ftcn]|["Units"-tx-23-"units"-noun-0]|TX|[1954/5],[1973/5]|
00000000|MMI|7.15|Unit of Measure|C1519795|[qnco]|["Units"-tx-23-"units"-noun-0]|TX|[1954/5],[1973/5]|
00000000|MMI|7.11|Post|C0687676|[tmco]|["Post"-tx-14-"Post"-noun-0,"Status Post"-tx-6-"status post"-prep-0]|TX|1266/4;424/11|
00000000|MMI|7.10|One|C0205447|[qnco]|["ONE"-tx-51-"one"-noun-0,"ONE"-tx-28-"one"-noun-0]|TX|4319/3;2162/3|
00000000|MMI|7.08|Insulin Drug Class|C3714501|[horm,phsu]|["INSULIN"-tx-19-"insulin"-noun-0,"INSULIN"-tx-6-"insulin"-noun-0]|TX|1747/7;356/7|
00000000|MMI|7.08|Insulin [EPC]|C1579433|[phsu]|["Insulin"-tx-19-"insulin"-noun-0,"Insulin"-tx-6-"insulin"-noun-0]|TX|1747/7;356/7|
00000000|MMI|7.08|Recombinant Insulin|C1533581|[aapp,horm,phsu]|["INSULIN"-tx-19-"insulin"-noun-0,"INSULIN"-tx-6-"insulin"-noun-0]|TX|1747/7;356/7|
00000000|MMI|7.06|Hospital environment|C1510665|[qlco]|["Hospital"-tx-11-"Hospital"-noun-0]|TX|[1017/8],[1074/8]|
00000000|MMI|7.06|Low Mitosis-Karyorrhexis Index|C3890211|[qnco]|["Low"-tx-48-"low"-adj-0,"Low"-tx-8-"low"-adj-0]|TX|4136/3;682/3|
00000000|MMI|7.06|low|C0205251|[qlco]|["Low"-tx-48-"low"-adj-0,"Low"-tx-8-"low"-adj-0]|TX|4136/3;682/3|
00000000|MMI|7.06|low confidentiality|C1550472|[inpr]|["low"-tx-48-"low"-adj-0,"low"-tx-8-"low"-adj-0]|TX|4136/3;682/3|
00000000|MMI|7.06|low exposure|C4048187|[qlco]|["low"-tx-48-"low"-adj-0,"low"-tx-8-"low"-adj-0]|TX|4136/3;682/3|
00000000|MMI|7.04|Intravenous|C0348016|[spco]|["Intravenous"-tx-40-"intravenous"-adj-0,"Intravenous"-tx-12-"intravenous"-adj-0]|TX|3187/11;1177/11|
00000000|MMI|7.00|Regimen - CHV concept|C2945654|[inpr]|["regimen"-tx-46-"regimen"-noun-0,"regimen"-tx-41-"regimen"-noun-0]|TX|3943/7;3354/7|
00000000|MMI|6.99|Mild (qualifier value)|C2945599|[qlco]|["MILD"-tx-44-"mild"-adj-0,"MILD"-tx-16-"mild"-adj-0]|TX|3659/4;1551/4|
00000000|MMI|6.99|Very|C0442824|[qlco]|["Very"-tx-43-"very"-adv-0,"Very"-tx-9-"very"-adv-0]|TX|3611/4;809/4|
00000000|MMI|6.99|Very Much|C2984081|[qlco]|["Very"-tx-43-"very"-adv-0,"Very"-tx-9-"very"-adv-0]|TX|3611/4;809/4|
00000000|MMI|6.97|Signature|C1519316|[inpr]|["Signed"-tx-1-"Signed"-noun-0]|TX|[85/6],[141/6]|
00000000|MMI|6.97|signed - ParticipationSignature|C1561610|[inpr]|["signed"-tx-1-"Signed"-noun-0]|TX|[85/6],[141/6]|
00000000|MMI|6.96|Current (present time)|C0521116|[tmco]|["Currently"-tx-29-"currently"-adv-0,"Currently"-tx-19-"currently"-adv-0]|TX|2182/9;1755/9|
00000000|MMI|6.94|Anterior|C0205094|[ftcn]|["ANTERIOR"-tx-44-"anterior"-adj-0,"ANTERIOR"-tx-11-"anterior"-adj-0]|TX|3664/8;1134/8|
00000000|MMI|6.92|Delayed Release Dosage Form|C1707664|[bodm]|["DR"-tx-58-"Dr"-noun-0,"DR"-tx-56-"Dr"-noun-0]|TX|4613/2;4562/2|
00000000|MMI|6.92|Device to Subject Relationship Domain|C3540849|[inpr]|["DR"-tx-58-"Dr"-noun-0,"DR"-tx-56-"Dr"-noun-0]|TX|4613/2;4562/2|
00000000|MMI|6.92|Doctor - Title|C2348314|[cnce]|["Dr."-tx-58-"Dr"-noun-0,"Dr."-tx-56-"Dr"-noun-0]|TX|4613/2;4562/2|
00000000|MMI|6.90|Regular|C0205272|[qlco]|["Regular"-tx-35-"regular"-adj-0,"Regular"-tx-23-"regular"-adj-0]|TX|2544/7;1982/7|
00000000|MMI|6.89|Two|C0205448|[qnco]|["Two"-tx-36-"two"-adj-0,"Two"-tx-13-"two"-adj-0]|TX|2857/3;1255/3|
00000000|MMI|6.88|DIO2 gene|C1414052|[gngm]|["D2"-tx-45-"D2"-noun-0,"D2"-tx-43-"D2"-noun-0]|TX|3747/2;3594/2|
00000000|MMI|6.88|IGHD2-15 gene|C1415944|[gngm]|["D2"-tx-45-"D2"-noun-0,"D2"-tx-43-"D2"-noun-0]|TX|3747/2;3594/2|
00000000|MMI|6.79|Blood Vessel|C0005847|[bpoc]|["Vessel"-tx-43-"vessel"-noun-0]|TX|3622/6|A07.231
00000000|MMI|6.72|History|C0019664|[ocdi]|["History"-tx-21-"history"-noun-0]|TX|1811/7|K01.400
00000000|MMI|6.66|Limb structure|C0015385|[bpoc]|["Extremity"-tx-37-"Extremity"-noun-0]|TX|2868/9|A01.378
00000000|MMI|6.58|Heart|C0018787|[bpoc]|["Cardiac"-tx-7-"cardiac"-adj-0]|TX|547/7|A07.541
00000000|MMI|5.18|80%|C3842583|[fndg]|["80%"-tx-32-"80"-integer-0]|TX|2327/2|
00000000|MMI|5.18|Additional diagnoses|C2707270|[fndg]|["Additional diagnoses"-tx-2-"ADDITIONAL DIAGNOSES"-noun-0]|TX|218/20|
00000000|MMI|5.18|Additional diagnoses:-:Point in time:^Patient:-|C2707269|[clna]|["Additional diagnoses"-tx-2-"ADDITIONAL DIAGNOSES"-noun-0]|TX|218/20|
00000000|MMI|5.18|Alive (finding)|C2584946|[fndg]|["Alive"-tx-26-"alive"-adj-0]|TX|2075/5|
00000000|MMI|5.18|Associated symptom|C0521989|[sosy]|["associated symptoms"-tx-9-"associated symptoms"-noun-1]|TX|909/19|
00000000|MMI|5.18|Benign|C0205183|[qlco]|["BENIGN"-tx-35-"benign"-adj-0]|TX|2717/6|
00000000|MMI|5.18|Blood pressure finding|C1271104|[fndg]|["Blood Pressure"-tx-33-"Blood pressure"-noun-0]|TX|2331/14|
00000000|MMI|5.18|Breaths:Number = Count/Time:Point in time:Respiratory system:Quantitative|C0489258|[clna]|["Respiratory rate"-tx-34-"Respiratory rate"-noun-0]|TX|2358/16|
00000000|MMI|5.18|Carotid bruit|C0007280|[fndg]|["carotid bruits"-tx-35-"carotid bruits"-noun-1]|TX|2653/14|
00000000|MMI|5.18|Chief complaint (finding)|C0277786|[fndg]|["complaints"-tx-52-"complaints"-noun-1]|TX|4366/10|
00000000|MMI|5.18|Clubbing|C0149651|[sosy]|["CLUBBING"-tx-37-"clubbing"-verb-1]|TX|2906/8|
00000000|MMI|5.18|Complication|C0009566|[patf]|["Complications"-tx-53-"COMPLICATIONS"-noun-0]|TX|4426/13|
00000000|MMI|5.18|Computer Job|C2826594|[mcha]|["Job"-tx-8-"job"-noun-0]|TX|758/3|
00000000|MMI|5.18|Dietary Sulfur|C2348286|[elii]|["SULFUR"-tx-25-"Sulfur"-noun-0]|TX|2034/6|
00000000|MMI|5.18|Disposition|C0743223|[idcn]|["Disposition"-tx-54-"DISPOSITION"-noun-0]|TX|4447/11|
00000000|MMI|5.18|Disposition Domain|C1705555|[inpr]|["Disposition"-tx-54-"DISPOSITION"-noun-0]|TX|4447/11|
00000000|MMI|5.18|Echocardiogram (image)|C2243117|[inpr]|["Echocardiogram"-tx-16-"echocardiogram"-noun-0]|TX|1491/14|
00000000|MMI|5.18|Edema:Finding:Point in time:^Patient:Ordinal|C1717255|[clna]|["Edema"-tx-37-"edema"-noun-0]|TX|2920/5|
00000000|MMI|5.18|Electrocardiogram: myocardial infarction (finding)|C0428953|[lbtr]|["MYOCARDIAL INFARCTION"-tx-1-"MYOCARDIAL INFARCTION"-noun-0]|TX|195/21|
00000000|MMI|5.18|Entire abdomen|C1281594|[bpoc]|["Abdomen"-tx-35-"abdomen"-noun-0]|TX|2700/7|
00000000|MMI|5.18|Entire left upper arm|C1268256|[bpoc]|["Left arm"-tx-9-"left arm"-noun-0]|TX|886/8|
00000000|MMI|5.18|Family History Domain|C1705495|[idcn]|["Family History"-tx-26-"FAMILY HISTORY"-noun-0]|TX|2042/14|
00000000|MMI|5.18|Family history|C0241889|[fndg]|["FAMILY HISTORY"-tx-26-"FAMILY HISTORY"-noun-0]|TX|2042/14|
00000000|MMI|5.18|Genus Anemia|C1000483|[plnt]|["Anemia"-tx-47-"Anemia"-noun-0]|TX|4029/6|
00000000|MMI|5.18|Hematocrit level|C0518014|[fndg]|["Hematocrit"-tx-48-"Hematocrit"-noun-0]|TX|4109/10|
00000000|MMI|5.18|History of calculus of kidney|C1998388|[fndg]|["History of nephrolithiasis"-tx-20-"History of nephrolithiasis"-noun-0]|TX|1770/26|
00000000|MMI|5.18|History of present illness:Finding:Point in time:^Patient:Nominal:Reported|C0488508|[clna]|["History of present illness"-tx-6-"HISTORY OF PRESENT ILLNESS"-noun-0]|TX|288/26|
00000000|MMI|5.18|June|C3829443|[tmco]|["June"-tx-9-"June"-noun-0]|TX|786/4|
00000000|MMI|5.18|Laboratory Data Domain|C1705214|[idcn]|["Laboratory Data"-tx-39-"LABORATORY DATA"-noun-0]|TX|2994/15|
00000000|MMI|5.18|Laboratory test finding|C0587081|[fndg]|["Labs"-tx-39-"Labs"-noun-0]|TX|3011/4|
00000000|MMI|5.18|Left upper arm structure|C0230347|[bpoc]|["Left Arm"-tx-9-"left arm"-noun-0]|TX|886/8|
00000000|MMI|5.18|Left ventriculogram|C0412219|[diap]|["Left ventriculogram"-tx-44-"left ventriculogram"-noun-0]|TX|3632/19|
00000000|MMI|5.18|Married (finding)|C0555047|[fndg]|["MARRIED"-tx-28-"Married"-adj-0]|TX|2147/7|
00000000|MMI|5.18|Medication.discharge|C0806915|[fndg]|["Discharge medications"-tx-60-"DISCHARGE MEDICATIONS"-noun-0]|TX|4682/21|
00000000|MMI|5.18|Monday|C0585024|[tmco]|["Monday"-tx-59-"Monday"-noun-0]|TX|4647/6|
00000000|MMI|5.18|Myocardial Infarction ECG Assessment|C3810814|[diap]|["Myocardial Infarction"-tx-1-"MYOCARDIAL INFARCTION"-noun-0]|TX|195/21|
00000000|MMI|5.18|Myocardial infarction:Finding:Point in time:^Patient:Ordinal|C2926063|[clna]|["Myocardial infarction"-tx-1-"MYOCARDIAL INFARCTION"-noun-0]|TX|195/21|
00000000|MMI|5.18|Night sweats|C0028081|[sosy]|["NIGHT SWEATS"-tx-52-"night sweats"-noun-1]|TX|4412/12|
00000000|MMI|5.18|Non-tender|C0520960|[qlco]|["Non-tender"-tx-36-"non-tender"-adj-0]|TX|2795/10|
00000000|MMI|5.18|PMH - past medical history|C0455458|[fndg]|["Past medical history"-tx-18-"PAST MEDICAL HISTORY"-noun-0]|TX|1660/20|
00000000|MMI|5.18|Perform|C2947996|[phsu]|["Perform"-tx-42-"perform"-verb-0]|TX|3464/7|
00000000|MMI|5.18|Planned|C1301732|[ftcn]|["Plan"-tx-40-"plan"-noun-0]|TX|3214/4|
00000000|MMI|5.18|Revealed|C0443289|[qlco]|["Revealed"-tx-43-"revealed"-verb-0]|TX|3547/8|
00000000|MMI|5.18|Rhythm|C0871269|[fndg]|["Rhythm"-tx-35-"rhythm"-noun-0]|TX|2561/6|
00000000|MMI|5.18|Rhythm Not Otherwise Specified ECG Assessment|C3828331|[inpr]|["Rhythm Not Otherwise Specified"-tx-35-"rhythm"-noun-0]|TX|2561/6|
00000000|MMI|5.18|Schedule (document type)|C0086960|[inpr]|["Schedule"-tx-59-"schedule"-verb-0]|TX|4657/8|
00000000|MMI|5.18|Social History|C3714536|[fndg]|["Social History"-tx-28-"SOCIAL HISTORY"-noun-0]|TX|2131/14|
00000000|MMI|5.18|Social and personal history|C0424945|[fndg]|["Social history"-tx-28-"SOCIAL HISTORY"-noun-0]|TX|2131/14|
00000000|MMI|5.18|Treatment Plan|C0599880|[inpr]|["Plan"-tx-40-"plan"-noun-0]|TX|3214/4|
00000000|MMI|5.18|Well|C3146287|[mnob]|["Well"-tx-26-"well"-adv-0]|TX|2085/4|
00000000|MMI|5.18|rhythmic process (biological)|C1523018|[phsf]|["rhythm"-tx-35-"rhythm"-noun-0]|TX|2561/6|
00000000|MMI|4.19|Discharge to home|C0184713|[topp]|["Discharge to home"-tx-54-"discharged to home"-noun-0]|TX|4480/18|
00000000|MMI|4.12|Femoral bruit present|C0558799|[fndg]|["FEMORAL BRUIT"-tx-35-"femoral bruits"-noun-1]|TX|2670/14|
00000000|MMI|3.98|Take|C1515187|[hlca]|["Take"-tx-10-"Took"-verb-0]|TX|951/4|
00000000|MMI|3.81|Jugular venous engorgement|C0425687|[fndg]|["Jugular venous distension"-tx-35-"jugular venous distention"-noun-0]|TX|2622/25|
00000000|MMI|3.76|Normal drug tolerance|C0521851|[dsyn]|["Normal Tolerance"-tx-8-"normal tolerance"-noun-0]|TX|675/6,695/9|
00000000|MMI|3.75|Discharge date|C2361123|[tmco]|["Discharge date"-tx-1-"Discharge Date"-noun-0]|TX|148/14|
00000000|MMI|3.75|Discharge date:Time Stamp -- Date and Time:Point in time:^Patient:Quantitative|C2361122|[clna]|["Discharge date"-tx-1-"Discharge Date"-noun-0]|TX|148/14|
00000000|MMI|3.75|Large blood vessel structure|C0225990|[bpoc]|["Large vessel"-tx-43-"large vessel"-noun-0]|TX|3616/12|
00000000|MMI|3.75|MCV - low|C0302844|[fndg]|["decreased mcv"-tx-47-"decreased MCV"-noun-0]|TX|4054/13|
00000000|MMI|3.75|Middle insomnia|C0393761|[mobd]|["Fitful sleep"-tx-9-"fitful sleep"-noun-0]|TX|814/12|
00000000|MMI|3.75|Peripheral pulse|C0232139|[ortf]|["peripheral pulses"-tx-37-"peripheral pulses"-noun-0]|TX|2937/17|
00000000|MMI|3.72|Treated with|C0332293|[topp]|["Treated with"-tx-12-"treated with"-verb-0]|TX|1158/12|
00000000|MMI|3.68|% index|C1637833|[qnco]|["% index"-tx-66-"Index"-noun-0]|TX|4944/5|
00000000|MMI|3.68|Atenolol 100 MG|C0983887|[clnd]|["Atenolol 100 MG"-tx-60-"Atenolol 100 mg"-noun-0]|TX|4705/15|
00000000|MMI|3.68|Axillary lymphadenopathy|C0578735|[patf]|["Axillary Lymphadenopathy"-tx-36-"axillary lymphadenopathy"-noun-0]|TX|2750/24|
00000000|MMI|3.68|Changed status|C0443172|[qnco]|["changes"-tx-14-"changes"-noun-0]|TX|1325/7|
00000000|MMI|3.68|Changing|C0392747|[ftcn]|["changes"-tx-14-"changes"-noun-0]|TX|1325/7|
00000000|MMI|3.68|Chest pain:Finding:Point in time:^Patient:Ordinal|C2926613|[clna]|["Chest pain"-tx-6-"chest pain"-noun-0]|TX|523/10|
00000000|MMI|3.68|Electro-Cardiogram|C1547122|[spco]|["Electro-Cardiogram"-tx-14-"electrocardiogram"-noun-0]|TX|1307/17|
00000000|MMI|3.68|Electrocardiogram Domain|C1705651|[inpr]|["Electrocardiogram"-tx-14-"electrocardiogram"-noun-0]|TX|1307/17|
00000000|MMI|3.68|Experimental Result|C2825142|[fndg]|["Result"-tx-45-"result"-noun-0]|TX|3792/6|
00000000|MMI|3.68|Focal|C0205234|[spco]|["FOCAL"-tx-38-"focal"-adj-0]|TX|2987/5|
00000000|MMI|3.68|Html Link Type - index|C1552854|[idcn]|["index"-tx-66-"Index"-noun-0]|TX|4944/5|
00000000|MMI|3.68|Index|C0918012|[inpr]|["Index"-tx-66-"Index"-noun-0]|TX|4944/5|
00000000|MMI|3.68|Minute (diminutive)|C1282918|[qnco]|["minutes"-tx-9-"minutes"-noun-0]|TX|942/7|
00000000|MMI|3.68|Minute Unit of Plane Angle|C2347166|[qnco]|["Minute"-tx-9-"minutes"-noun-0]|TX|942/7|
00000000|MMI|3.68|Minute of time|C0439232|[tmco]|["minutes"-tx-9-"minutes"-noun-0]|TX|942/7|
00000000|MMI|3.68|Per Minute|C0702093|[tmco]|["/minute"-tx-9-"minutes"-noun-0]|TX|942/7|
00000000|MMI|3.68|Result|C1274040|[ftcn]|["Result"-tx-45-"result"-noun-0]|TX|3792/6|
00000000|MMI|3.68|Small|C0700321|[qnco]|["minutes"-tx-9-"minutes"-noun-0]|TX|942/7|
00000000|MMI|3.68|What subject filter - Result|C1546471|[idcn]|["Result"-tx-45-"result"-noun-0]|TX|3792/6|
00000000|MMI|3.68|Fever symptoms (finding)|C0424755|[fndg]|["symptoms fever"-tx-52-"symptoms fever"-noun-1]|TX|4380/8,4392/5|
00000000|MMI|3.66|milligram/day|C0439422|[qnco]|["mg/d"-tx-61-"mg d"-noun-0]|TX|4744/2,4751/1|
00000000|MMI|3.65|Principal Diagnosis:-:Point in time:^Patient:-|C2598194|[clna]|["Principal Diagnosis"-tx-1-"PRINCIPAL DIAGNOSIS"-noun-0]|TX|174/19|
00000000|MMI|3.65|Principal diagnosis|C0332137|[qlco]|["Principal Diagnosis"-tx-1-"PRINCIPAL DIAGNOSIS"-noun-0]|TX|174/19|
00000000|MMI|3.65|Report status|C0586177|[fndg]|["Report status"-tx-1-"Report Status"-noun-0]|TX|126/13|
00000000|MMI|3.64|10 - 12|C3843787|[fndg]|["10 - 12"-tx-1-"10 12"-fraction-0]|TX|40/2,51/2|
00000000|MMI|3.64|Secondary to|C0175668|[tmco]|["Secondary to"-tx-47-"secondary to"-adj-0]|TX|4078/12|
00000000|MMI|3.64|dictated - DocumentCompletion|C1609990|[idcn]|["Dictated"-tx-63-"Dictated"-verb-0]|TX|4835/8|
00000000|MMI|3.64|dictated - ParticipationMode|C1548384|[ftcn]|["dictated"-tx-63-"Dictated"-verb-0]|TX|4835/8|
00000000|MMI|3.63|30%|C3842588|[fndg]|["30%"-tx-67-"30"-fraction-0]|TX|4981/2|
00000000|MMI|3.63|Admission date:Time Stamp -- Date and Time:Point in time:^Patient:Quantitative|C2598112|[clna]|["Admission date"-tx-1-"Admission Date"-noun-0]|TX|100/14|
00000000|MMI|3.63|Blood Vessel Tissue|C1511228|[tisu]|["Vessel"-tx-43-"vessel"-noun-0]|TX|3622/6|
00000000|MMI|3.63|Date of admission|C1302393|[tmco]|["Admission date"-tx-1-"Admission Date"-noun-0]|TX|100/14|
00000000|MMI|3.61|Batch (Response Modality)|C1550176|[inpr]|["Batch"-tx-66-"Batch"-noun-0]|TX|4931/5|
00000000|MMI|3.61|Batch (group)|C1948031|[qnco]|["Batch"-tx-66-"Batch"-noun-0]|TX|4931/5|
00000000|MMI|3.61|Batch Number|C3641829|[inpr]|["BATCH"-tx-66-"Batch"-noun-0]|TX|4931/5|
00000000|MMI|3.61|Exercise Pain Management|C1522704|[topp]|["Exercise"-tx-8-"exercise"-noun-0]|TX|686/8|
00000000|MMI|3.61|Followed by|C0332283|[tmco]|["Followed by"-tx-50-"followed by"-verb-0]|TX|4252/11|
00000000|MMI|3.60|Retrosternal pain|C0151826|[sosy]|["Chest pain, substernal"-tx-9-"substernal chest pain"-noun-0]|TX|847/21|
00000000|MMI|3.59|Pyrexia of unknown origin (excl puerperal)|C0856281|[sosy]|["puo"-tx-1-"PUO"-noun-0]|TX|12/3|
00000000|MMI|3.59|personal health|C0683314|[fndg]|["state of health"-tx-8-"state of health"-noun-0]|TX|647/8,661/6|
00000000|MMI|3.59|72 Hours|C1292423|[tmco]|["72 Hours"-tx-40-"72 hours"-noun-0]|TX|3246/8|
00000000|MMI|3.59|Assessed|C1516048|[acty]|["Assessed"-tx-6-"assessed"-verb-0]|TX|472/8|
00000000|MMI|3.59|Condition|C0348080|[qlco]|["Condition"-tx-55-"CONDITION"-noun-0]|TX|4500/9|
00000000|MMI|3.59|Condition:Find:Pt:^Patient:Nom|C3864998|[clna]|["Condition"-tx-55-"CONDITION"-noun-0]|TX|4500/9|
00000000|MMI|3.59|Fraction of|C1264633|[qnco]|["Fraction of"-tx-16-"fraction of"-noun-0]|TX|1525/11|
00000000|MMI|3.59|Initially|C0205265|[tmco]|["Initially"-tx-40-"initially"-adv-0]|TX|3162/9|
00000000|MMI|3.59|Logical Condition|C1705253|[cnce]|["Condition"-tx-55-"CONDITION"-noun-0]|TX|4500/9|
00000000|MMI|3.59|March|C3829202|[qlco]|["March"-tx-43-"March"-noun-0]|TX|3530/5|
00000000|MMI|3.59|Resolution|C2699488|[cnce]|["Resolution"-tx-14-"resolution"-noun-0]|TX|1284/10|
00000000|MMI|3.59|Resolution Property|C1706463|[qnco]|["Resolution"-tx-14-"resolution"-noun-0]|TX|1284/10|
00000000|MMI|3.59|SYSTOLIC EJECTION MURMUR|C0694547|[fndg]|["SYSTOLIC EJECTION MURMUR"-tx-35-"systolic ejection murmur"-noun-0]|TX|2578/24|
00000000|MMI|3.59|Self-employed|C0425092|[fndg]|["Self-Employed"-tx-29-"self-employed"-adj-0]|TX|2192/13|
00000000|MMI|3.59|heparin, porcine|C0770546|[bacs,orch,phsu]|["HEPARIN"-tx-40-"heparin"-noun-0]|TX|3175/7|
00000000|MMI|3.59|physiologic resolution|C1514893|[patf]|["Resolution"-tx-14-"resolution"-noun-1]|TX|1284/10|
00000000|MMI|3.58|ST segment elevation (finding)|C0520886|[fndg]|["elevations st"-tx-11-"ST elevations"-noun-0]|TX|1113/13|
00000000|MMI|3.58|Status post|C0231290|[tmco]|["Status post"-tx-6-"status post"-prep-0]|TX|424/11|
00000000|MMI|3.57|Add - instruction imperative|C1883712|[ftcn]|["Addition"-tx-46-"addition"-noun-0]|TX|3983/8|
00000000|MMI|3.57|Apyrexial|C0277797|[fndg]|["Afebrile"-tx-31-"afebrile"-adj-0]|TX|2294/8|
00000000|MMI|3.57|Cardiology service|C3887620|[hcro]|["Cardiology"-tx-56-"Cardiology"-noun-0]|TX|4546/10|
00000000|MMI|3.57|Concept History|C1705255|[cnce]|["History"-tx-21-"history"-noun-0]|TX|1811/7|
00000000|MMI|3.57|History of previous events|C2004062|[fndg]|["History"-tx-21-"history"-noun-0]|TX|1811/7|
00000000|MMI|3.57|In addition to|C0332287|[ftcn]|["Addition"-tx-46-"addition"-noun-0]|TX|3983/8|
00000000|MMI|3.56|Day hospital|C0587438|[hcro,mnob]|["hospital day"-tx-42-"day hospital"-noun-0]|TX|3377/3,3388/8|
00000000|MMI|3.56|U/day|C0456683|[qnco]|["unit/day"-tx-24-"units day"-noun-0]|TX|2002/5,2018/3|
00000000|MMI|3.56|% of total|C0439175|[qnco]|["% total"-tx-13-"total"-noun-0]|TX|1246/5|
00000000|MMI|3.56|30 seconds|C3853538|[tmco]|["30S"-tx-48-"30s"-noun-0]|TX|4140/3|
00000000|MMI|3.56|GORAB gene|C1822658|[gngm]|["GO"-tx-11-"go"-verb-0]|TX|1050/2|
00000000|MMI|3.56|Mandibular right first molar|C0227073|[bpoc]|["30s"-tx-48-"30s"-noun-0]|TX|4140/3|
00000000|MMI|3.56|Patient Class - Outpatient|C1549405|[clas]|["Outpatient"-tx-50-"outpatient"-noun-0]|TX|4268/10|
00000000|MMI|3.56|Physician:Identifier:Point in time:^Patient:Nominal|C0804815|[clna]|["Physician"-tx-50-"physician"-noun-0]|TX|4279/9|
00000000|MMI|3.56|Referral category - Outpatient|C1548439|[idcn]|["Outpatient"-tx-50-"outpatient"-noun-0]|TX|4268/10|
00000000|MMI|3.56|Residual|C1609982|[qlco]|["Residual"-tx-45-"residual"-adj-0]|TX|3771/8|
00000000|MMI|3.56|Return to (contextual qualifier) (qualifier value)|C0332156|[qlco]|["Return"-tx-46-"return"-noun-0]|TX|3819/6|
00000000|MMI|3.56|Total|C0439810|[qlco]|["Total"-tx-13-"total"-noun-0]|TX|1246/5|
00000000|MMI|3.55|Biomedical Monitors|C0181904|[medd]|["Monitor"-tx-40-"monitor"-verb-0]|TX|3222/7|
00000000|MMI|3.55|Ejection as a Circumstance of Injury|C0302131|[phpr]|["Ejection"-tx-16-"ejection"-noun-0]|TX|1516/8|
00000000|MMI|3.55|Ejection as a Sports activity|C0336969|[dora]|["Ejection"-tx-16-"ejection"-noun-0]|TX|1516/8|
00000000|MMI|3.55|Ejection time|C0812388|[orga]|["ejection"-tx-16-"ejection"-noun-0]|TX|1516/8|
00000000|MMI|3.55|Monitor Device Component|C1704646|[mnob]|["Monitor"-tx-40-"monitor"-verb-0]|TX|3222/7|
00000000|MMI|3.55|Monitor, occupation|C1521743|[prog]|["Monitor"-tx-40-"monitor"-verb-0]|TX|3222/7|
00000000|MMI|3.55|Monitoring Device|C0596972|[medd]|["Monitor"-tx-40-"monitor"-verb-0]|TX|3222/7|
00000000|MMI|3.55|Preventive monitoring|C0150369|[hlca]|["monitor"-tx-40-"monitor"-verb-0]|TX|3222/7|
00000000|MMI|3.55|Saturated|C0522534|[phpr]|["Saturation"-tx-34-"saturation"-noun-0]|TX|2398/10|
00000000|MMI|3.55|Surgical transfer - action|C0348011|[ftcn]|["transferred"-tx-17-"transferred"-verb-0]|TX|1583/11|
00000000|MMI|3.55|Transfer Technique|C1705822|[ftcn]|["Transferred"-tx-17-"transferred"-verb-0]|TX|1583/11|
00000000|MMI|3.55|Factor X Measurement|C3274394|[lbpr]|["Factor X"-tx-7-"factors x"-noun-0]|TX|560/7,580/1|
00000000|MMI|3.55|coagulation factor X, human|C2826078|[aapp,enzy,phsu]|["Factor X"-tx-7-"factors x"-noun-0]|TX|560/7,580/1|
00000000|MMI|3.55|Management procedure|C1273870|[ocac]|["Managed"-tx-46-"managed"-verb-0]|TX|3922/7|
00000000|MMI|3.55|Medical|C0205476|[ftcn]|["Medical"-tx-46-"medical"-adj-0]|TX|3935/7|
00000000|MMI|3.55|Medical service|C0199168|[hlca]|["Medical"-tx-46-"medical"-adj-0]|TX|3935/7|
00000000|MMI|3.55|Presentation|C0449450|[idcn]|["Present"-tx-6-"presents"-verb-0]|TX|415/8|
00000000|MMI|3.55|Quantity|C1265611|[qnco]|["Amount"-tx-8-"amount"-noun-0]|TX|734/6|
00000000|MMI|3.55|Stress|C0038435|[fndg]|["Stress"-tx-8-"stress"-noun-0]|TX|744/6|
00000000|MMI|3.54|Device Component System|C1704459|[mnob]|["System"-tx-43-"system"-noun-0]|TX|3573/6|
00000000|MMI|3.54|Radiating to|C0332301|[ftcn]|["radiating"-tx-9-"radiating"-noun-0]|TX|869/9|
00000000|MMI|3.54|System|C0449913|[ftcn]|["System"-tx-43-"system"-noun-0]|TX|3573/6|
00000000|MMI|3.54|System - kit|C1553451|[mnob]|["System"-tx-43-"system"-noun-0]|TX|3573/6|
00000000|MMI|3.54|Usual|C3538928|[qlco]|["Usual"-tx-8-"usual"-adj-0]|TX|641/5|
00000000|MMI|3.54|Male Gender, Self Report|C1706180|[qlco]|["Male"-tx-35-"male"-noun-0]|TX|2458/4|
00000000|MMI|3.54|Male Phenotype|C1706428|[qlco]|["Male"-tx-35-"male"-noun-0]|TX|2458/4|
00000000|MMI|3.54|Male, Self-Reported|C1706429|[orga]|["Male"-tx-35-"male"-noun-0]|TX|2458/4|
00000000|MMI|3.54|Old|C0580836|[tmco]|["Old"-tx-6-"old"-noun-0]|TX|334/3|
00000000|MMI|3.53|1-2|C3843716|[fndg]|["1-2"-tx-36-"1-2"-integer-0]|TX|2777/3|
00000000|MMI|3.53|1/2|C0580272|[inpr]|["1/2"-tx-36-"1-2"-integer-0]|TX|2777/3|
00000000|MMI|3.53|Phase I/II Trial|C1519043|[resa]|["1-2"-tx-36-"1-2"-integer-0]|TX|2777/3|
00000000|MMI|3.53|Very large|C0450093|[fndg]|["Very large"-tx-43-"very large"-adj-0]|TX|3611/10|
00000000|MMI|3.52|Aspirin 325 MG|C0992015|[clnd]|["Aspirin 325 MG"-tx-62-"aspirin 325 mg"-noun-0]|TX|4756/14|
00000000|MMI|3.51|Awake|C0234422|[fndg]|["Awake"-tx-9-"awoke"-verb-0]|TX|831/5|
00000000|MMI|3.50|Entire left axillary region|C1279479|[blor]|["Left Axillary"-tx-36-"left axillary"-adj-0]|TX|2745/13|
00000000|MMI|3.50|Left axillary fossa|C0935377|[bsoj]|["Left Axillary"-tx-36-"left axillary"-adj-0]|TX|2745/13|
00000000|MMI|3.50|Peak level|C0444505|[qnco]|["Peak"-tx-15-"peak"-adj-0]|TX|1452/4|
00000000|MMI|3.50|Post Device Component|C1704687|[mnob]|["Post"-tx-14-"Post"-noun-0]|TX|1266/4|
00000000|MMI|3.50|Structure of left axillary region|C0230338|[blor]|["Left Axillary"-tx-36-"left axillary"-adj-0]|TX|2745/13|
00000000|MMI|3.49|Lisinopril 5 MG|C0987222|[clnd]|["Lisinopril 5 MG"-tx-23-"Lisinopril 5 mg"-noun-0]|TX|1913/15|
00000000|MMI|3.49|SLEEP APNEA (device)|C3496180|[medd]|["SLEEP APNEA"-tx-22-"Sleep apnea"-noun-0]|TX|1839/11|
00000000|MMI|3.48|beta^+^ Thalassemia|C3841475|[dsyn]|["Beta + thalassemia"-tx-47-"beta-thalassemia"-noun-0]|TX|4091/16|
00000000|MMI|3.48|Discharge summarization note:Finding:Point in time:{Setting}:Document:{Provider}|C0801840|[clna]|["Discharge summary"-tx-1-"Discharge Summary"-noun-0]|TX|65/17|
00000000|MMI|3.48|Discharge summary|C0743221|[inpr]|["Discharge summary"-tx-1-"Discharge Summary"-noun-0]|TX|65/17|
00000000|MMI|3.48|Incision and drainage|C0152277|[topp]|["i d"-tx-60-"i.d"-adv-0]|TX|4723/3|
00000000|MMI|3.48|Positive|C1446409|[qlco]|["Positive"-tx-37-"positive"-adj-0]|TX|2928/8|
00000000|MMI|3.48|Positive Charge|C2825490|[qlco]|["Positive"-tx-37-"positive"-adj-0]|TX|2928/8|
00000000|MMI|3.48|Positive Finding|C1514241|[fndg]|["POSITIVE"-tx-37-"positive"-adj-1]|TX|2928/8|
00000000|MMI|3.48|Positive Number|C3812269|[cnce]|["Positive"-tx-37-"positive"-adj-0]|TX|2928/8|
00000000|MMI|3.48|Recurrent|C2945760|[tmco]|["RECURRENT"-tx-42-"recurrent"-adj-0]|TX|3413/9|
00000000|MMI|3.48|Septal|C0442004|[spco]|["Septal"-tx-16-"septal"-adj-0]|TX|1556/6|
00000000|MMI|3.48|Severe (severity modifier)|C0205082|[qlco]|["Severely"-tx-47-"severely"-adv-0]|TX|4045/8|
00000000|MMI|3.48|percent positive cells|C0439178|[qnco]|["% Positive"-tx-37-"positive"-adj-0]|TX|2928/8|
00000000|MMI|3.47|Flat shape|C0205324|[spco]|["Flat"-tx-35-"flat"-adj-0]|TX|2617/4|
00000000|MMI|3.47|Gait normal|C0231683|[fndg]|["Normal"-tx-8-"normal"-adj-0]|TX|675/6|
00000000|MMI|3.47|Left|C0205091|[spco]|["LEFT"-tx-36-"left"-adj-0]|TX|2745/4|
00000000|MMI|3.47|Left sided|C0443246|[spco]|["Left"-tx-36-"left"-adj-0]|TX|2745/4|
00000000|MMI|3.47|Mean Percent of Normal|C2347086|[qnco]|["% Normal"-tx-8-"normal"-adj-0]|TX|675/6|
00000000|MMI|3.47|Normal|C0205307|[qlco]|["NORMAL"-tx-8-"normal"-adj-0]|TX|675/6|
00000000|MMI|3.47|Percent normal|C0439166|[qnco]|["% normal"-tx-8-"normal"-adj-0]|TX|675/6|
00000000|MMI|3.47|Registered nurse|C0687673|[prog]|["R.N."-tx-62-"r.n"-adj-0]|TX|4812/3|
00000000|MMI|3.47|Residential flat|C0457933|[mnob]|["Flat"-tx-35-"flat"-adj-0]|TX|2617/4|
00000000|MMI|3.47|Table Cell Horizontal Align - left|C1552822|[ftcn]|["left"-tx-36-"left"-adj-0]|TX|2745/4|
00000000|MMI|3.46|Two weeks|C4082118|[tmco]|["Two weeks"-tx-51-"two weeks"-noun-0]|TX|4326/9|
00000000|MMI|3.46|Diagnostic interview schedule|C0451119|[inpr]|["DIS"-tx-1-"DIS"-noun-0]|TX|94/3|
00000000|MMI|3.46|Discontinued|C1444662|[fndg]|["DIS"-tx-1-"DIS"-noun-0]|TX|94/3|
00000000|MMI|3.45|Sublingual location|C0558302|[blor]|["Sublingual"-tx-62-"sublingual"-adj-0]|TX|4794/10|
00000000|MMI|3.45|Tablet Dosing Unit|C1705223|[qnco]|["Tab"-tx-62-"tabs"-noun-0]|TX|4805/4|
00000000|MMI|3.45|Feeling relief|C0564405|[fndg]|["Relief"-tx-10-"relief"-noun-0]|TX|984/6|
00000000|MMI|3.45|Month of May|C3812381|[tmco]|["May"-tx-57-"May"-noun-0]|TX|4578/3|
00000000|MMI|3.45|Room air|C3846005|[fndg]|["Room air"-tx-34-"room air"-noun-0]|TX|2389/8|
00000000|MMI|3.45|H/O: diabetes mellitus|C0455488|[fndg]|["History of - diabetes mellitus"-tx-6-"history of diabetes mellitus"-noun-0]|TX|345/10,374/17|
00000000|MMI|3.44|Intravenous heparin|C0354566|[orch,phsu]|["Intravenous heparin"-tx-14-"intravenous heparin"-noun-0]|TX|1389/19|
00000000|MMI|3.44|M-5|C1440942|[imft]|["M-5"-tx-23-"5 m"-adv-0]|TX|1971/1,1994/1|
00000000|MMI|3.44|Anterior thoracic region|C1527391|[blor]|["Chest"-tx-35-"chest"-noun-0]|TX|2525/5|
00000000|MMI|3.44|Clear|C2963144|[qlco]|["Clear"-tx-35-"clear"-adj-0]|TX|2519/5|
00000000|MMI|3.44|Coronary Artery Right Dominance|C3275073|[fndg]|["RIGHT DOMINANT"-tx-43-"right dominant"-adj-0]|TX|3558/14|
00000000|MMI|3.44|Negative Surgical Margin|C1709157|[fndg]|["Clear"-tx-35-"clear"-adj-1]|TX|2519/5|
00000000|MMI|3.44|Part of|C1292711|[spco]|["Part of"-tx-41-"part of"-noun-0]|TX|3329/7|
00000000|MMI|3.44|Possible|C0332149|[qlco]|["Possible"-tx-21-"Possible"-adj-0]|TX|1802/8|
00000000|MMI|3.44|Possible diagnosis|C2362652|[qlco]|["Possible"-tx-21-"Possible"-adj-0]|TX|1802/8|
00000000|MMI|3.44|Possibly Related to Intervention|C1705910|[qlco]|["Possible"-tx-21-"Possible"-adj-0]|TX|1802/8|
00000000|MMI|3.43|Hour|C0439227|[tmco]|["HOURS"-tx-13-"hours"-noun-0]|TX|1259/5|
00000000|MMI|3.43|Inguinal lymphadenopathy|C0578736|[dsyn]|["inguinal Adenopathy"-tx-36-"inguinal adenopathy"-noun-1]|TX|2812/19|
00000000|MMI|3.43|Actual Positive Nutritional Status|C2364291|[fndg]|["Well nourished"-tx-35-"well nourished"-adj-1]|TX|2426/4,2448/9|
00000000|MMI|3.43|groin nodes|C0857362|[dsyn]|["Inguinal nodes"-tx-36-"inguinal nodes"-noun-1]|TX|2812/8,2861/5|
00000000|MMI|3.43|55|C0450382|[inpr]|["55"-tx-16-"55"-integer-0]|TX|1537/2|
00000000|MMI|3.43|60%|C3842585|[fndg]|["60%"-tx-16-"60"-percentage-0]|TX|1540/2|
00000000|MMI|3.43|Architect|C0341641|[prog]|["Architect"-tx-29-"architect"-noun-0]|TX|2212/9|
00000000|MMI|3.43|Geographic Locations|C0017446|[geoa]|["Region"-tx-11-"region"-noun-0]|TX|1143/6|Z01
00000000|MMI|3.43|regional|C0205147|[spco]|["Region"-tx-11-"region"-noun-0]|TX|1143/6|
00000000|MMI|3.42|CENPJ gene|C1424863|[gngm]|["CPAP"-tx-22-"CPAP"-noun-0]|TX|1870/4|
00000000|MMI|3.42|PCNT gene|C1826553|[gngm]|["KEN"-tx-14-"Ken"-noun-0]|TX|1370/3|
00000000|MMI|3.42|Cardiac - anatomy qualifier|C1522601|[spco]|["Cardiac"-tx-7-"cardiac"-adj-0]|TX|547/7|
00000000|MMI|3.42|Cardiovascular occlusion|C1110554|[patf]|["OCCLUSION"-tx-43-"occlusion"-noun-0]|TX|3597/9|
00000000|MMI|3.42|Course|C0750729|[tmco]|["Course"-tx-42-"course"-noun-0]|TX|3397/6|
00000000|MMI|3.42|Incomplete|C0205257|[qnco]|["Subtotal"-tx-43-"subtotal"-noun-0]|TX|3585/8|
00000000|MMI|3.42|Ischemic|C0475224|[ftcn]|["Ischemic"-tx-41-"ischemic"-adj-0]|TX|3345/8|
00000000|MMI|3.42|Lesion|C0221198|[fndg]|["Lesion"-tx-45-"lesion"-noun-0]|TX|3750/6|
00000000|MMI|3.42|Obstruction|C0028778|[patf]|["Occlusion"-tx-43-"occlusion"-noun-0]|TX|3597/9|
00000000|MMI|3.42|Occluded|C1947917|[ftcn]|["Occlusion"-tx-43-"occlusion"-noun-0]|TX|3597/9|
00000000|MMI|3.42|Occlusion - action|C0441597|[ftcn]|["Occlusion"-tx-43-"occlusion"-noun-0]|TX|3597/9|
00000000|MMI|3.42|Occlusion within Medical Device|C1882137|[phpr]|["Occlusion"-tx-43-"occlusion"-noun-0]|TX|3597/9|
00000000|MMI|3.42|Precision - second|C1561503|[idcn]|["second"-tx-42-"second"-adj-0]|TX|3370/6|
00000000|MMI|3.42|Second Suffix|C1705190|[qlco]|["Second"-tx-42-"second"-adj-0]|TX|3370/6|
00000000|MMI|3.42|Specimen Source Codes - Lesion|C1546698|[inpr]|["Lesion"-tx-45-"lesion"-noun-0]|TX|3750/6|
00000000|MMI|3.42|Subtotal|C0728939|[qnco]|["Subtotal"-tx-43-"subtotal"-noun-0]|TX|3585/8|
00000000|MMI|3.42|per second|C0565930|[qnco]|["/second"-tx-42-"second"-adj-0]|TX|3370/6|
00000000|MMI|3.42|second (number)|C0205436|[qnco]|["Second"-tx-42-"second"-adj-0]|TX|3370/6|
00000000|MMI|3.42|seconds|C0457385|[tmco]|["SECOND"-tx-42-"second"-adj-0]|TX|3370/6|
00000000|MMI|3.42|Blood group antibody I|C0221138|[aapp,imft]|["I NOS"-tx-35-"I"-noun-0]|TX|2570/1|
00000000|MMI|3.42|Following|