00000000|MMI|101.62|Atrial Fibrillation|C0004238|[dsyn]|["ATRIAL FIBRILLATION"-tx-28-"atrial fibrillation"-noun-0,"ATRIAL FIBRILLATION"-tx-27-"atrial fibrillation"-noun-0,"ATRIAL FIBRILLATION"-tx-26-"atrial fibrillation"-noun-0,"ATRIAL FIBRILLATION"-tx-24-"atrial fibrillation"-noun-0,"ATRIAL FIBRILLATION"-tx-21-"atrial fibrillation"-noun-0,"ATRIAL FIBRILLATION"-tx-20-"atrial fibrillation"-noun-0,"ATRIAL FIBRILLATION"-tx-1-"ATRIAL FIBRILLATION"-noun-0]|TX|3972/19;3813/19;3683/19;3545/19;3353/19;3066/19;317/19|C14.280.067.198;C23.550.073.198
00000000|MMI|101.31|Lopressor|C0700776|[orch,phsu]|["Lopressor"-tx-49-"Lopressor"-noun-0,"Lopressor"-tx-38-"Lopressor"-noun-0,"Lopressor"-tx-27-"Lopressor"-noun-0,"Lopressor"-tx-23-"Lopressor"-noun-0,"Lopressor"-tx-21-"Lopressor"-noun-0]|TX|5443/9;4745/9;3922/9;3474/9;3207/9|D02.033.100.624.698.573;D02.033.755.624.698.573;D02.092.063.624.698.573
00000000|MMI|85.78|heart rate|C0018810|[clna]|["Heart Rate"-tx-45-"heart rate"-noun-0,"Heart Rate"-tx-30-"heart rate"-noun-0,"Heart Rate"-tx-28-"heart rate"-noun-0,"Heart Rate"-tx-21-"heart rate"-noun-0,"Heart Rate"-tx-7-"heart rate"-noun-0]|TX|5215/10;4349/10;4057/10;3311/10;1266/10|E01.370.600.875.500;G09.330.380.500
00000000|MMI|83.94|Mongolia|C0026410|[geoa]|["MG"-tx-52-"mg"-noun-0,"MG"-tx-42-"mg"-noun-0,"MG"-tx-30-"mg"-noun-0,"MG"-tx-27-"mg"-noun-0,"MG"-tx-23-"mg"-noun-0,"MG"-tx-21-"mg"-noun-0]|TX|5533/2;4884/2;4296/2;3916/2;3487/2;3219/2|Z01.252.474.651
00000000|MMI|69.57|Atrial Flutter|C0004239|[patf]|["ATRIAL FLUTTER"-tx-44-"atrial flutter"-noun-0,"ATRIAL FLUTTER"-tx-30-"atrial flutter"-noun-0,"ATRIAL FLUTTER"-tx-29-"atrial flutter"-noun-0,"ATRIAL FLUTTER"-tx-15-"atrial flutter"-noun-0,"ATRIAL FLUTTER"-tx-7-"atrial flutter"-noun-0]|TX|5031/14;4395/14;4245/14;2400/14;1287/14|C14.280.067.248;C23.550.073.248
00000000|MMI|68.19|Psychological Transfer|C0040671|[menp]|["TRANSFER"-tx-43-"transfer"-adj-0,"TRANSFER"-tx-32-"transfer"-noun-0,"TRANSFER"-tx-14-"transfer"-noun-0,"TRANSFER"-tx-7-"transfer"-noun-0]|TX|4952/8;4503/8;[2299/8],[2375/8];1198/8|F02.463.425.910
00000000|MMI|67.79|Blood Pressure|C0005823|[orgf]|["BLOOD PRESSURE"-tx-28-"blood pressure"-noun-0,"BLOOD PRESSURE"-tx-21-"blood pressure"-noun-0,"BLOOD PRESSURE"-tx-20-"blood pressure"-noun-0,"BLOOD PRESSURE"-tx-7-"blood pressure"-noun-0]|TX|4024/14;3252/14;3117/14;1304/14|E01.370.600.875.249;G09.330.380.076
00000000|MMI|67.79|Systemic arterial pressure|C1272641|[fndg]|["Blood pressure"-tx-28-"blood pressure"-noun-0,"Blood pressure"-tx-21-"blood pressure"-noun-0,"Blood pressure"-tx-20-"blood pressure"-noun-0,"Blood pressure"-tx-7-"blood pressure"-noun-0]|TX|4024/14;3252/14;3117/14;1304/14|G09.330.380.076.347
00000000|MMI|58.02|Procan|C0699067|[orch,phsu]|["Procan SR"-tx-52-"Procan SR"-noun-0,"Procan SR"-tx-42-"Procan SR"-noun-0]|TX|5519/9;4870/9|D02.065.277.650;D02.241.223.100.050.500.875;D02.241.223.100.100.650;D02.455.426.559.389.127.020.937.875;D02.455.426.559.389.127.085.650
00000000|MMI|57.92|milligram/day|C0439422|[qnco]|["mg/d"-tx-52-"mg d"-noun-0,"mg/d"-tx-49-"mg d"-noun-0,"mg/d"-tx-48-"mg d"-noun-0,"mg/d"-tx-47-"mg d"-noun-0,"mg/d"-tx-42-"mg d"-noun-0,"mg/d"-tx-41-"mg d"-noun-0,"mg/d"-tx-40-"mg d"-noun-0,"mg/d"-tx-38-"mg d"-noun-0,"mg/d"-tx-34-"mg d"-noun-0,"mg/d"-tx-33-"mg d"-noun-0,"mg/d"-tx-23-"mg d"-noun-0]|TX|5533/2,5545/1;5456/2,5468/1;5428/2,5438/1;5399/2,5409/1;4884/2,4896/1;4855/2,4865/1;4826/2,4836/1;4758/2,4770/1;4639/2,4649/1;4611/2,4621/1;3487/2,3499/1|
00000000|MMI|51.64|Zocor|C0678181|[orch,phsu]|["Zocor"-tx-53-"Zocor"-noun-0,"Zocor"-tx-36-"Zocor"-noun-0]|TX|5554/5;4691/5|D02.455.426.559.847.638.400.900;D04.615.638.400.900
00000000|MMI|49.64|Carotid Endarterectomy|C0014099|[topp]|["CAROTID ENDARTERECTOMY"-tx-8-"carotid endarterectomy"-noun-0,"CAROTID ENDARTERECTOMY"-tx-3-"carotid endarterectomy"-noun-0,"CAROTID ENDARTERECTOMY"-tx-1-"CAROTID ENDARTERECTOMY"-noun-0]|TX|1500/22;670/22;273/22|E04.100.814.456.250
00000000|MMI|49.39|Coronary Artery Bypass Surgery|C0010055|[topp]|["Coronary Artery Bypass Graft Surgery"-tx-19-"coronary artery bypass graft surgery"-noun-0,"Coronary Artery Bypass Grafting"-tx-3-"coronary artery bypass grafting"-noun-0,"Coronary Artery Bypass Graft"-tx-1-"CORONARY ARTERY BYPASS GRAFT"-noun-0]|TX|2880/36;614/31;194/15,246/12|E04.100.376.719.332;E04.100.814.868.750;E04.928.220.520.220
00000000|MMI|49.34|Iodides|C0021966|[inch]|["I-"-tx-52-"i"-adv-0,"I-"-tx-42-"i"-adv-0,"I-"-tx-23-"i"-adv-0]|TX|5543/1;4894/1;3497/1|D01.248.497.158.490;D01.475.410
00000000|MMI|45.14|Digoxin|C0012265|[orch,phsu]|["DIGOXIN"-tx-34-"Digoxin"-noun-0,"DIGOXIN"-tx-23-"Digoxin"-noun-0]|TX|4626/7;3448/7|D04.808.155.580.130.500.436;D04.808.155.580.130.688;D09.408.180.261.436
00000000|MMI|35.81|Electrocardiography|C1623258|[diap]|["ECG NOS"-tx-29-"ECG"-noun-0,"EKG"-tx-15-"EKG"-noun-0]|TX|4168/3;2389/3|E01.370.370.380.240;E01.370.405.240
00000000|MMI|32.36|Postoperative Period|C0032790|[tmco]|["Postoperative"-tx-3-"post-operative"-adj-0,"Postoperative"-tx-1-"POST-OPERATIVE"-adj-0]|TX|723/14;302/14|E04.614.750;N02.421.585.753.750
00000000|MMI|32.33|Lisinopril|C0065374|[aapp,phsu]|["Lysinopril"-tx-48-"Lisinopril"-noun-0,"Lysinopril"-tx-41-"Lisinopril"-noun-0]|TX|5414/10;4841/10|D12.644.456.345.600
00000000|MMI|28.77|Homo sapiens|C0086418|[humn]|["MAN"-tx-6-"man"-noun-0]|TX|1165/3|B01.050.150.900.649.801.400.112.400.400
00000000|MMI|28.74|Procainamide|C0033216|[orch,phsu]|["PROCAINAMIDE"-tx-14-"procainamide"-noun-0]|TX|2322/12|D02.065.277.650;D02.241.223.100.050.500.875;D02.241.223.100.100.650;D02.455.426.559.389.127.020.937.875;D02.455.426.559.389.127.085.650
00000000|MMI|27.96|Atrial Fibrillation Adverse Event|C1963067|[fndg]|["Atrial fibrillation"-tx-28-"atrial fibrillation"-noun-0,"Atrial fibrillation"-tx-27-"atrial fibrillation"-noun-0,"Atrial fibrillation"-tx-26-"atrial fibrillation"-noun-0,"Atrial fibrillation"-tx-24-"atrial fibrillation"-noun-0,"Atrial fibrillation"-tx-21-"atrial fibrillation"-noun-0,"Atrial fibrillation"-tx-20-"atrial fibrillation"-noun-0,"Atrial fibrillation"-tx-1-"ATRIAL FIBRILLATION"-noun-0]|TX|3972/19;3813/19;3683/19;3545/19;3353/19;3066/19;317/19|
00000000|MMI|27.96|Atrial Fibrillation by ECG Finding|C0344434|[lbtr]|["Atrial Fibrillation"-tx-28-"atrial fibrillation"-noun-0,"Atrial Fibrillation"-tx-27-"atrial fibrillation"-noun-0,"Atrial Fibrillation"-tx-26-"atrial fibrillation"-noun-0,"Atrial Fibrillation"-tx-24-"atrial fibrillation"-noun-0,"Atrial Fibrillation"-tx-21-"atrial fibrillation"-noun-0,"Atrial Fibrillation"-tx-20-"atrial fibrillation"-noun-0,"Atrial Fibrillation"-tx-1-"ATRIAL FIBRILLATION"-noun-0]|TX|3972/19;3813/19;3683/19;3545/19;3353/19;3066/19;317/19|
00000000|MMI|26.03|Caucasoid Race|C0007457|[popg]|["WHITE"-tx-14-"white"-adj-0,"WHITE"-tx-6-"white"-noun-0]|TX|2185/5;1159/5|M01.686.508.400
00000000|MMI|25.54|Nicotiana|C0086707|[plnt]|["Tobacco"-tx-5-"tobacco"-noun-0]|TX|1003/7|B01.650.940.800.575.100.905.900
00000000|MMI|25.54|Nicotiana tabacum|C0740009|[plnt]|["Tobacco"-tx-5-"tobacco"-noun-0]|TX|1003/7|B01.650.940.800.575.100.905.900
00000000|MMI|25.02|Revealed|C0443289|[qlco]|["Revealed"-tx-30-"revealed"-verb-0,"Revealed"-tx-29-"revealed"-verb-0,"Revealed"-tx-18-"revealed"-verb-0,"Revealed"-tx-16-"revealed"-verb-0,"Revealed"-tx-10-"revealed"-verb-0,"Revealed"-tx-2-"revealed"-adj-0]|TX|4386/8;4172/8;2808/8;2499/8;1696/8;536/8|
00000000|MMI|24.20|March|C3829202|[qlco]|["March"-tx-42-"March"-noun-0,"March"-tx-27-"March"-noun-0,"March"-tx-25-"March"-noun-0,"March"-tx-3-"March"-noun-0,"March"-tx-2-"March"-noun-0]|TX|4910/5;3772/5;3570/5;[649/5],[696/5];388/5|
00000000|MMI|24.11|Angina, Unstable|C0002965|[dsyn]|["CRESCENDO ANGINA"-tx-2-"crescendo angina"-noun-0]|TX|478/16|C10.597.617.192.500.150;C14.280.647.187.150;C14.907.585.187.150;C23.888.592.612.233.500.150
00000000|MMI|24.11|Benadryl|C0700899|[orch,phsu]|["Benadryl"-tx-39-"Benadryl"-noun-0]|TX|4799/8|D02.092.471.320;D02.455.426.559.389.115.250
00000000|MMI|22.81|Transfer Technique|C1705822|[ftcn]|["Transfer"-tx-43-"transfer"-adj-0,"Transfer"-tx-32-"transfer"-noun-0,"Transferred"-tx-31-"transferred"-verb-0,"Transfer"-tx-14-"transfer"-noun-0,"Transfer"-tx-7-"transfer"-noun-0]|TX|4952/8;4503/8;4435/11;[2299/8],[2375/8];1198/8|
00000000|MMI|22.78|Magnesium Cation|C2346927|[elii,phsu]|["Mg++"-tx-52-"mg"-noun-0,"Mg++"-tx-42-"mg"-noun-0,"Mg++"-tx-30-"mg"-noun-0,"Mg++"-tx-27-"mg"-noun-0,"Mg++"-tx-23-"mg"-noun-0,"Mg++"-tx-21-"mg"-noun-0]|TX|5533/2;4884/2;4296/2;3916/2;3487/2;3219/2|
00000000|MMI|22.78|Milligram percent|C1960952|[qnco]|["mg %"-tx-52-"mg"-noun-0,"mg %"-tx-42-"mg"-noun-0,"mg %"-tx-30-"mg"-noun-0,"mg %"-tx-27-"mg"-noun-0,"mg %"-tx-23-"mg"-noun-0,"mg %"-tx-21-"mg"-noun-0]|TX|5533/2;4884/2;4296/2;3916/2;3487/2;3219/2|
00000000|MMI|22.78|mg/dL|C0439269|[qnco]|["mg%"-tx-52-"mg"-noun-0,"mg%"-tx-42-"mg"-noun-0,"mg%"-tx-30-"mg"-noun-0,"mg%"-tx-27-"mg"-noun-0,"mg%"-tx-23-"mg"-noun-0,"mg%"-tx-21-"mg"-noun-0]|TX|5533/2;4884/2;4296/2;3916/2;3487/2;3219/2|
00000000|MMI|22.40|Insulin|C0021641|[aapp,horm,phsu]|["INSULIN"-tx-39-"insulin"-noun-0]|TX|4775/7|D06.472.699.587.200.500.625;D12.644.548.586.200.500.625
00000000|MMI|22.37|Stable angina|C0340288|[dsyn]|["Angina, Stable"-tx-2-"stable angina"-noun-0]|TX|440/6,458/6|C10.597.617.192.500.575;C14.280.647.187.362;C14.907.585.187.362;C23.888.592.612.233.500.575
00000000|MMI|22.35|Small Nuclear Ribonucleoprotein Polypeptide F|C1367790|[aapp,bacs]|["Sma"-tx-14-"SMA"-noun-0]|TX|2161/3|D12.776.157.725.500.875.700;D12.776.660.625.750;D12.776.664.962.500.875.700;D23.050.290.875;D23.050.422.750
00000000|MMI|20.95|Complete Blood Count|C0009555|[lbpr]|["CBC"-tx-14-"CBC"-noun-0]|TX|2169/3|E01.370.225.500.195.107;E01.370.225.625.107;E05.200.500.195.107;E05.200.625.107;E05.242.195.107;G04.170.107;G09.188.105
00000000|MMI|20.89|Show|C1547282|[anim]|["Show"-tx-15-"showed"-verb-0,"Show"-tx-13-"showed"-verb-0,"Show"-tx-12-"showed"-verb-0,"Show"-tx-11-"showed"-verb-0,"Show"-tx-8-"showed"-verb-0]|TX|2393/6;2038/6;1877/6;1794/6;1403/6|
00000000|MMI|20.31|Time|C0040223|[tmco]|["times"-tx-30-"times"-noun-0,"times"-tx-21-"times"-noun-0,"times"-tx-13-"times"-noun-0]|TX|4311/5;3236/5;2076/5|G01.910
00000000|MMI|19.90|Disease|C0012634|[dsyn]|["Disease"-tx-2-"disease"-noun-0,"Disease"-tx-1-"DISEASE"-noun-0]|TX|557/7;210/7|C23.550.288
00000000|MMI|19.89|Historical aspects qualifier|C0019665|[ftcn]|["history"-tx-5-"history"-noun-0,"history"-tx-2-"history"-noun-0]|TX|1011/7;408/7|x.x.x
00000000|MMI|19.87|Atrial Flutter Adverse Event|C1963068|[patf]|["Atrial flutter"-tx-44-"atrial flutter"-noun-0,"Atrial flutter"-tx-30-"atrial flutter"-noun-0,"Atrial flutter"-tx-29-"atrial flutter"-noun-0,"Atrial flutter"-tx-15-"atrial flutter"-noun-0,"Atrial flutter"-tx-7-"atrial flutter"-noun-0]|TX|5031/14;4395/14;4245/14;2400/14;1287/14|
00000000|MMI|19.87|Atrial Flutter by ECG Finding|C0344423|[lbtr]|["Atrial Flutter"-tx-44-"atrial flutter"-noun-0,"Atrial Flutter"-tx-30-"atrial flutter"-noun-0,"Atrial Flutter"-tx-29-"atrial flutter"-noun-0,"Atrial Flutter"-tx-15-"atrial flutter"-noun-0,"Atrial Flutter"-tx-7-"atrial flutter"-noun-0]|TX|5031/14;4395/14;4245/14;2400/14;1287/14|
00000000|MMI|19.42|+2|C0740116|[qnco]|["+2"-tx-29-"2"-integer-0,"+2"-tx-14-"2"-real_number-0,"+2"-tx-12-"2"-integer-0,"+2"-tx-8-"2"-integer-0,"+2"-tx-1-"2"-fraction-0]|TX|4267/1;2345/1;1949/1;1569/1;115/1|
00000000|MMI|19.42|2+|C3833492|[fndg]|["2+"-tx-29-"2"-integer-0,"2+"-tx-14-"2"-real_number-0,"2+"-tx-12-"2"-integer-0,"2+"-tx-8-"2"-integer-0,"2+"-tx-1-"2"-fraction-0]|TX|4267/1;2345/1;1949/1;1569/1;115/1|
00000000|MMI|19.42|2+ Score|C2827735|[qnco]|["2+"-tx-29-"2"-integer-0,"2+"-tx-14-"2"-real_number-0,"2+"-tx-12-"2"-integer-0,"2+"-tx-8-"2"-integer-0,"2+"-tx-1-"2"-fraction-0]|TX|4267/1;2345/1;1949/1;1569/1;115/1|
00000000|MMI|19.42|2+ Score, WHO|C2981700|[clas]|["2+"-tx-29-"2"-integer-0,"2+"-tx-14-"2"-real_number-0,"2+"-tx-12-"2"-integer-0,"2+"-tx-8-"2"-integer-0,"2+"-tx-1-"2"-fraction-0]|TX|4267/1;2345/1;1949/1;1569/1;115/1|
00000000|MMI|19.36|Inspiration function|C0004048|[orgf]|["breathing"-tx-7-"breathing"-noun-0]|TX|1332/9|G09.772.770.755.700.390
00000000|MMI|19.36|Patient Discharge|C0030685|[hlca]|["Discharged"-tx-46-"discharged"-verb-0]|TX|5276/10|E02.204.125;E02.760.400.610;N02.421.192.125;N02.421.585.400.610;N04.590.233.727.210.125
00000000|MMI|19.33|Temperature|C0039476|[qnco]|["*Temperature"-tx-7-"temperature"-noun-0]|TX|1244/11|G01.906.595;G16.500.275.063.725.710;G16.500.750.775.710;N06.230.150.450;N06.230.300.100.725.710
00000000|MMI|19.25|Systole|C0039155|[tmco]|["Systolic"-tx-18-"systolic"-adj-0]|TX|2824/8|G09.330.190.541.880;G11.427.590.540.570.880
00000000|MMI|19.23|Lasix|C0699992|[orch,phsu]|["Lasix"-tx-40-"Lasix"-noun-0]|TX|4817/5|D02.065.884.725.300;D02.092.146.807.300;D02.886.590.700.725.300
00000000|MMI|18.54|20%|C3842589|[fndg]|["20%"-tx-53-"20"-integer-0,"20%"-tx-48-"20"-integer-0,"20%"-tx-40-"20"-integer-0,"20%"-tx-36-"20"-integer-0,"20%"-tx-1-"20"-fraction-0]|TX|5560/2;5425/2;4823/2;4697/2;42/2|
00000000|MMI|18.29|Two|C0205448|[qnco]|["Two"-tx-50-"two"-adj-0,"Two"-tx-35-"two"-adj-0,"Two"-tx-30-"two"-noun-0,"Two"-tx-21-"two"-noun-0,"Two"-tx-2-"two"-adj-0]|TX|5489/3;4670/3;4317/3;3242/3;426/3|
00000000|MMI|17.80|Electrocardiogram|C0013798|[fndg]|["EKG"-tx-15-"EKG"-noun-0]|TX|2389/3|E01.370.370.380.240;E01.370.405.240
00000000|MMI|17.80|Exercise stress test|C0015260|[diap]|["Exercise stress test"-tx-2-"exercise stress test"-noun-0]|TX|502/20|E01.370.370.380.250;E01.370.386.700.250;E05.333.250
00000000|MMI|17.80|Gout|C0018099|[dsyn]|["GOUT"-tx-3-"gout"-noun-0]|TX|908/4|C05.550.114.423;C05.799.414;C16.320.565.798.368;C18.452.648.798.368
00000000|MMI|17.80|Metamucil|C0025559|[orch,phsu]|["Metamucil"-tx-42-"Metamucil"-noun-0]|TX|4929/9|D20.215.784.500.720
00000000|MMI|17.80|Postoperative anesthesia care unit (PACU)|C0034871|[hcro,mnob]|["PACU"-tx-26-"PACU"-noun-0]|TX|3669/4|N02.278.388.493.592
00000000|MMI|16.37|Structure of carotid sinus|C0007281|[bpoc]|["Carotid sinus"-tx-28-"carotid sinus"-noun-0]|TX|4109/13|A07.231.114.186.456
00000000|MMI|16.26|Cardiac Catheterization Procedures|C0018795|[hlca]|["Cardiac catheterisation"-tx-16-"cardiac catheterization"-noun-0]|TX|2454/23|E01.370.370.380.140;E02.148.442;E05.157.250
00000000|MMI|16.21|Axid|C0678129|[orch,phsu]|["Axid"-tx-32-"Axid"-noun-0]|TX|4561/4|D02.886.675.500;D03.383.129.708.500
00000000|MMI|16.21|Supraventricular tachycardia|C0039240|[dsyn]|["SUPRAVENTRICULAR TACHYCARDIA"-tx-29-"supraventricular tachycardia"-noun-0]|TX|4183/28|C14.280.067.845.880;C23.550.073.845.880
00000000|MMI|16.18|Body Temperature|C0005903|[orga]|["temperature"-tx-7-"temperature"-noun-0]|TX|1244/11|E01.370.600.875.374;G07.110
00000000|MMI|16.18|Hematocrit procedure|C0018935|[lbpr]|["Hematocrit"-tx-14-"hematocrit"-noun-0]|TX|2208/10|E01.370.225.625.400;E05.200.625.400;G09.188.370.374
00000000|MMI|16.17|Treatment Protocols|C0040808|[topp]|["Regimen"-tx-43-"regimen"-noun-0]|TX|4996/7|E02.183;N05.715.360.775.225
00000000|MMI|16.12|Diabetes Mellitus, Insulin-Dependent|C0011854|[dsyn]|["Insulin Dependent Diabetes"-tx-3-"insulin dependent diabetes"-noun-0]|TX|857/26|C18.452.394.750.124;C19.246.267;C20.111.327
00000000|MMI|16.07|Verapamil|C0042523|[orch,phsu]|["VERAPAMIL"-tx-30-"Verapamil"-noun-0]|TX|4284/9|D02.092.471.683.953
00000000|MMI|16.05|Dominican Republic|C0013014|[geoa]|["DR"-tx-54-"Dr"-noun-0]|TX|5625/2|Z01.107.084.900.300;Z01.639.880.300
00000000|MMI|16.04|insulin-like growth factor 2|C0021666|[aapp,bacs]|["SM-A"-tx-14-"SMA"-noun-0]|TX|2161/3|D12.644.276.937.420;D12.776.124.862.425;D12.776.467.937.420;D23.529.937.420
00000000|MMI|15.78|Blood pressure finding|C1271104|[fndg]|["Blood Pressure"-tx-28-"blood pressure"-noun-0,"Blood Pressure"-tx-21-"blood pressure"-noun-0,"Blood Pressure"-tx-20-"blood pressure"-noun-0,"Blood Pressure"-tx-7-"blood pressure"-noun-0]|TX|4024/14;3252/14;3117/14;1304/14|
00000000|MMI|15.47|Registered nurse|C0687673|[prog]|["R.N."-tx-51-"r.n"-adj-0,"R.N."-tx-42-"r.n"-adj-0,"R.N."-tx-39-"r.n"-adj-0,"R.N."-tx-35-"r.n"-adj-0]|TX|5512/3;4941/3;4810/3;4684/3|
00000000|MMI|14.97|P Blood group antibodies|C0369773|[aapp,imft]|["P NOS"-tx-51-"p"-adj-0,"P NOS"-tx-42-"p"-adj-0,"P NOS"-tx-39-"p"-adj-0,"P NOS"-tx-35-"p"-adj-0]|TX|5510/1;4939/1;4808/1;4682/1|
00000000|MMI|14.97|P prime|C2603361|[clna]|["P'"-tx-51-"p"-adj-0,"P'"-tx-42-"p"-adj-0,"P'"-tx-39-"p"-adj-0,"P'"-tx-35-"p"-adj-0]|TX|5510/1;4939/1;4808/1;4682/1|
00000000|MMI|14.64|Abdominal Cavity|C0230168|[blor]|["Abdomen"-tx-11-"ABDOMEN"-noun-0]|TX|1773/7|A01.923.047.025
00000000|MMI|14.64|Thallium|C0039738|[elii]|["THALLIUM"-tx-2-"thallium"-noun-0]|TX|525/8|D01.268.556.847;D01.552.544.847;x.x.x.x
00000000|MMI|14.64|Vital signs|C0518766|[clna]|["Signs, Vital"-tx-7-"vital signs"-noun-0]|TX|1225/11|E01.370.600.875
00000000|MMI|14.60|Concept model range (foundation metadata concept)|C3542016|[inpr]|["Range"-tx-28-"range"-noun-0,"Range"-tx-26-"range"-noun-0,"Range"-tx-21-"range"-noun-0,"Range"-tx-20-"range"-noun-0]|TX|4097/5;3714/5;3342/5;3109/5|
00000000|MMI|14.60|Range|C1514721|[qnco]|["Range"-tx-28-"range"-noun-0,"Range"-tx-26-"range"-noun-0,"Range"-tx-21-"range"-noun-0,"Range"-tx-20-"range"-noun-0]|TX|4097/5;3714/5;3342/5;3109/5|
00000000|MMI|14.60|Sample Range|C2348147|[qnco]|["Range"-tx-28-"range"-noun-0,"Range"-tx-26-"range"-noun-0,"Range"-tx-21-"range"-noun-0,"Range"-tx-20-"range"-noun-0]|TX|4097/5;3714/5;3342/5;3109/5|
00000000|MMI|14.38|Approximate|C0332232|[qlco]|["Approximately"-tx-28-"approximately"-adv-0,"Approximately"-tx-27-"approximately"-adv-0,"Approximately"-tx-5-"approximately"-adv-0]|TX|[3995/13],[4072/13];3841/13;1033/13|
00000000|MMI|14.25|Right|C0205090|[spco]|["RIGHT"-tx-25-"right"-adj-0,"RIGHT"-tx-8-"right"-adj-0,"RIGHT"-tx-3-"right"-adj-0,"right sided"-tx-1-"RIGHT SIDED"-adj-0]|TX|3598/5;1494/5;664/5;261/11|
00000000|MMI|14.25|Right sided|C0444532|[spco]|["Right"-tx-25-"right"-adj-0,"Right"-tx-8-"right"-adj-0,"Right"-tx-3-"right"-adj-0,"Right sided"-tx-1-"RIGHT SIDED"-adj-0]|TX|3598/5;1494/5;664/5;261/11|
00000000|MMI|13.80|Heart|C0018787|[bpoc]|["Cardiac"-tx-43-"cardiac"-adj-0,"Cardiac"-tx-10-"CARDIAC"-adj-0]|TX|4988/7;1675/7|A07.541
00000000|MMI|13.54|History|C0019664|[ocdi]|["History"-tx-5-"history"-noun-0,"History"-tx-2-"history"-noun-0]|TX|1011/7;408/7|K01.400
00000000|MMI|13.39|Medicine|C0025118|[bmod]|["Medicine"-tx-31-"Medicine"-noun-0,"Medicine"-tx-7-"Medicine"-noun-0]|TX|4450/8;1210/8|H02.403
00000000|MMI|13.14|Blood Platelets|C0005821|[cell]|["Platelets"-tx-14-"platelets"-noun-0]|TX|2236/9|A11.118.188;A15.145.229.188
00000000|MMI|13.14|Ethanol|C0001962|[orch,phsu]|["ALCOHOL"-tx-5-"alcohol"-noun-0]|TX|1077/7|D02.033.375;x.x.x.x
00000000|MMI|13.09|physiological aspects|C0031843|[phsf]|["function"-tx-18-"function"-noun-0]|TX|2833/8|x.x.x.x
00000000|MMI|13.05|Electricity|C0013790|[npop]|["Electrically"-tx-45-"electrically"-adv-0]|TX|5151/12|G01.358.500.249
00000000|MMI|13.05|Respiration|C0035203|[phsf]|["Breathing"-tx-7-"breathing"-noun-0]|TX|1332/9|G09.772.770.755
00000000|MMI|13.01|Endarterectomy|C0014098|[topp]|["ENDARTERECTOMY"-tx-25-"endarterectomy"-noun-0]|TX|3612/14|E04.100.814.456
00000000|MMI|12.97|Tachycardia|C0039231|[patf]|["Tachycardias"-tx-10-"tachycardic"-adj-1]|TX|1742/11|C14.280.067.845;C23.550.073.845
00000000|MMI|12.94|Muscle of orbit|C0028863|[bpoc]|["Extraocular muscles"-tx-8-"extraocular muscles"-noun-0]|TX|1414/19|A02.633.567.700;A09.371.613
00000000|MMI|12.94|Potassium|C0032821|[elii]|["POTASSIUM"-tx-32-"potassium"-noun-0]|TX|4535/9|D01.268.549.550;D01.268.557.575;D01.552.528.652;D01.552.547.650;x.x.x.x
00000000|MMI|12.92|Flowers|C0330090|[plnt]|["Flos"-tx-55-"FLO"-noun-0]|TX|5653/3|A18.024.249.500
00000000|MMI|12.89|Physicians|C0031831|[prog]|["DR"-tx-54-"Dr"-noun-0]|TX|5625/2|M01.526.485.810;N02.360.810
00000000|MMI|12.89|Magnesium|C0024467|[elii]|["MAGNESIUM"-tx-32-"magnesium"-noun-0]|TX|4521/9|D01.268.552.437;D01.268.557.500;D01.552.547.500;x.x.x.x
00000000|MMI|12.89|Spinal Muscular Atrophy|C0026847|[dsyn]|["SMA"-tx-14-"SMA"-noun-0]|TX|2161/3|C10.228.854.468;C10.574.562.500;C10.668.467.500
00000000|MMI|11.49|Abdomen|C0000726|[blor]|["ABDOMEN"-tx-11-"ABDOMEN"-noun-0]|TX|1773/7|A01.923.047
00000000|MMI|11.49|Clubbed Fingers|C0009080|[anab]|["Clubbing"-tx-12-"clubbing"-noun-1]|TX|1887/8|C05.116.758;C05.550.684
00000000|MMI|11.49|Cyanosis|C0010520|[sosy]|["CYANOSIS"-tx-12-"cyanosis"-noun-1]|TX|1898/8|C23.888.248
00000000|MMI|11.49|Edema|C0013604|[fndg]|["OEDEMA"-tx-12-"edema"-noun-1]|TX|1912/5|C23.888.277
00000000|MMI|11.49|Oropharyngeal|C0521367|[blor]|["OROPHARYNX"-tx-8-"oropharynx"-noun-0]|TX|1624/10|A04.623.603;A14.724.603
00000000|MMI|11.49|Physical Examination|C0031809|[hlca]|["PHYSICAL EXAMINATION"-tx-6-"PHYSICAL EXAMINATION"-noun-0]|TX|1096/20|E01.370.600
00000000|MMI|11.22|Normal sinus rhythm|C0232202|[fndg]|["NORMAL SINUS RHYTHM"-tx-45-"normal sinus rhythm"-noun-0,"NORMAL SINUS RHYTHM"-tx-27-"normal sinus rhythm"-noun-0,"NORMAL SINUS RHYTHM"-tx-22-"normal sinus rhythm"-noun-0]|TX|5188/19;3889/19;3391/19|
00000000|MMI|11.18|History of present illness|C0262512|[orga]|["History, NOS"-tx-5-"history"-noun-0,"HISTORY OF PRESENT ILLNESS"-tx-2-"HISTORY OF PRESENT ILLNESS"-noun-0,"History, NOS"-tx-2-"history"-noun-0]|TX|1011/7;339/26;408/7|
00000000|MMI|11.07|Medical History|C0262926|[fndg]|["History"-tx-5-"history"-noun-0,"Past Medical History"-tx-3-"PAST MEDICAL HISTORY"-noun-0,"History"-tx-2-"history"-noun-0]|TX|1011/7;567/12,589/7;408/7|
00000000|MMI|11.02|Lesion|C0221198|[fndg]|["Lesion"-tx-16-"lesion"-noun-0,"lesions"-tx-16-"lesions"-noun-0]|TX|[2628/6],[2653/6];2585/7|
00000000|MMI|10.94|Incision and drainage|C0152277|[topp]|["i d"-tx-52-"i.d"-adv-0,"i d"-tx-42-"i.d"-adv-0,"i d"-tx-23-"i.d"-adv-0]|TX|5543/3;4894/3;3497/3|
00000000|MMI|10.94|Small|C0700321|[qnco]|["minutes"-tx-30-"minutes"-noun-0,"minute"-tx-29-"minute"-noun-0,"SMALL"-tx-17-"small"-adj-0]|TX|4303/7;4229/6;2748/5|
00000000|MMI|10.89|50%|C3842586|[fndg]|["50%"-tx-49-"50"-integer-0,"50%"-tx-38-"50"-integer-0,"50%"-tx-23-"50"-integer-0]|TX|5453/2;4755/2;3484/2|
00000000|MMI|10.89|<50|C3843766|[fndg]|["<50"-tx-49-"50"-integer-0,"<50"-tx-38-"50"-integer-0,"<50"-tx-23-"50"-integer-0]|TX|5453/2;4755/2;3484/2|
00000000|MMI|10.89|Blood group antibody I|C0221138|[aapp,imft]|["I NOS"-tx-52-"i"-adv-0,"I NOS"-tx-42-"i"-adv-0,"I NOS"-tx-23-"i"-adv-0]|TX|5543/1;4894/1;3497/1|
00000000|MMI|10.82|One|C0205447|[qnco]|["ONE"-tx-50-"one"-noun-0,"ONE"-tx-35-"one"-noun-0,"ONE"-tx-2-"one"-noun-0]|TX|5482/3;4663/3;419/3|
00000000|MMI|10.78|70%|C3842584|[fndg]|["70%"-tx-30-"70"-integer-0,"70%"-tx-16-"70"-percentage-0,"70%"-tx-7-"70"-fraction-0]|TX|4377/2;2624/2;1323/2|
00000000|MMI|10.72|Pharmaceutical Preparations|C0013227|[phsu]|["Medications"-tx-32-"medications"-noun-0,"Medicine"-tx-31-"Medicine"-noun-0,"Medicine"-tx-7-"Medicine"-noun-0]|TX|4488/11;4450/8;1210/8|D26
00000000|MMI|10.70|Times|C1632851|[qnco]|["Times"-tx-30-"times"-noun-0,"Times"-tx-21-"times"-noun-0,"Times"-tx-13-"times"-noun-0]|TX|4311/5;3236/5;2076/5|
00000000|MMI|10.69|1+|C3816745|[fndg]|["1+"-tx-58-"1"-fraction-0,"1+"-tx-29-"1"-integer-0,"1+"-tx-14-"1"-real_number-0]|TX|5774/1;4269/1;2368/1|
00000000|MMI|10.69|1+ Score|C2827734|[qnco]|["1+"-tx-58-"1"-fraction-0,"1+"-tx-29-"1"-integer-0,"1+"-tx-14-"1"-real_number-0]|TX|5774/1;4269/1;2368/1|
00000000|MMI|10.69|1+ Score, WHO|C2981698|[clas]|["1+"-tx-58-"1"-fraction-0,"1+"-tx-29-"1"-integer-0,"1+"-tx-14-"1"-real_number-0]|TX|5774/1;4269/1;2368/1|
00000000|MMI|10.64|Rate|C1521828|[qnco]|["Rate"-tx-28-"rate"-noun-0,"Rate"-tx-20-"rate"-noun-0,"Rate"-tx-10-"rate"-noun-0]|TX|4158/4;3093/4;1715/4|
00000000|MMI|10.64|Rating (action)|C0871208|[acty]|["Rate"-tx-28-"rate"-noun-0,"Rate"-tx-20-"rate"-noun-0,"Rate"-tx-10-"rate"-noun-0]|TX|4158/4;3093/4;1715/4|
00000000|MMI|10.64|Descending|C0205386|[qlco]|["Descending"-tx-19-"descending"-noun-0,"Descending"-tx-16-"descending"-adj-0,"Descending"-tx-16-"descending"-noun-0]|TX|2950/10;[2550/10],[2613/10];[2550/10],[2613/10]|
00000000|MMI|10.64|Sequencing - Descending|C1547177|[ftcn]|["Descending"-tx-19-"descending"-noun-0,"Descending"-tx-16-"descending"-adj-0,"Descending"-tx-16-"descending"-noun-0]|TX|2950/10;[2550/10],[2613/10];[2550/10],[2613/10]|
00000000|MMI|10.63|Post|C0687676|[tmco]|["Post"-tx-43-"Post"-adj-0,"Post"-tx-1-"POST"-prep-0,"Status Post"-tx-1-"STATUS POST"-prep-0]|TX|4947/4;225/4;218/11|
00000000|MMI|10.60|Left anterior|C0441998|[spco]|["Left anterior"-tx-19-"left anterior"-adj-0,"Left anterior"-tx-16-"left anterior"-adj-0,"anterior left"-tx-16-"left anterior"-adj-0]|TX|2936/13;2599/13;2510/4,2541/8|
00000000|MMI|10.42|Benign|C0205183|[qlco]|["BENIGN"-tx-11-"benign"-adj-0,"BENIGN"-tx-8-"benign"-adj-0]|TX|1843/6;1639/6|
00000000|MMI|10.42|Doctor of Medicine|C1512018|[inpr]|["M.D."-tx-56-"M.D"-noun-0,"M.D."-tx-55-"M.D"-noun-0]|TX|5716/3;5677/3|
00000000|MMI|10.06|Drug Allergy|C0013182|[dsyn]|["Drug Allergies"-tx-4-"drug allergies"-noun-1]|TX|942/14|C20.543.206;C25.100.468
00000000|MMI|9.99|Disease Management|C0376636|[hlca]|["management"-tx-31-"management"-noun-0]|TX|4471/10|N04.590.607
00000000|MMI|9.94|Pressure- physical agent|C0033095|[phpr]|["Pressure"-tx-28-"pressure"-noun-0]|TX|4123/8|G01.374.715
00000000|MMI|9.92|Hypotension|C0020649|[fndg]|["Blood Pressure, Decreased"-tx-26-"decreased blood pressure"-noun-0]|TX|3725/24|C14.907.514
00000000|MMI|9.90|Electric Countershock|C0013778|[topp]|["Cardioversion"-tx-46-"cardioversion"-noun-0]|TX|5313/13|E02.331.350
00000000|MMI|9.87|Appointments|C0003629|[idcn]|["Appointments"-tx-54-"appointments"-noun-0]|TX|5607/12|N04.452.095
00000000|MMI|9.85|Males|C0086582|[orga]|["MAN"-tx-6-"man"-noun-0]|TX|1165/3|x.x.x
00000000|MMI|9.77|Tobacco|C0040329|[hops,orch,phsu]|["TOBACCO"-tx-5-"tobacco"-noun-0]|TX|1003/7|J01.637.836
00000000|MMI|9.75|Heart murmur|C0018808|[fndg]|["MURMUR"-tx-10-"murmur"-noun-1]|TX|1764/6|C23.888.447
00000000|MMI|9.73|Stenosis|C1261287|[patf]|["Stenosis"-tx-17-"stenosis"-noun-0]|TX|2777/8|C23.300.287
00000000|MMI|8.34|Hypersensitivity|C0020517|[patf]|["Allergies"-tx-4-"ALLERGIES"-noun-0]|TX|915/9|C20.543
00000000|MMI|8.34|Limb structure|C0015385|[bpoc]|["Extremities"-tx-12-"EXTREMITIES"-noun-0]|TX|1852/11|A01.378
00000000|MMI|8.34|Lung|C0024109|[bpoc]|["LUNGS"-tx-9-"LUNGS"-noun-0]|TX|1648/5|A04.411
00000000|MMI|8.34|Lymphadenopathy|C0497156|[fndg]|["LYMPHADENOPATHY"-tx-8-"lymphadenopathy"-noun-1]|TX|1598/15|C15.604
00000000|MMI|8.34|Patients|C0030705|[podg]|["*^patient"-tx-2-"Patient"-noun-0]|TX|367/7|M01.643
00000000|MMI|7.70|Diaphoretic|C1707737|[qlco]|["Diaphoretic"-tx-44-"diaphoretic"-adj-0,"Diaphoretic"-tx-20-"diaphoretic"-adj-0]|TX|5080/11;3181/11|
00000000|MMI|7.55|sliding scale|C2937251|[topp]|["sliding scale"-tx-39-"sliding scale"-noun-0,"sliding scale"-tx-32-"sliding scale"-noun-0]|TX|4783/13;4545/13|
00000000|MMI|7.53|November|C3828767|[tmco]|["November"-tx-45-"November"-noun-0,"November"-tx-19-"November"-noun-0]|TX|5167/8;2847/8|
00000000|MMI|7.46|Cardiac - anatomy qualifier|C1522601|[spco]|["Cardiac"-tx-43-"cardiac"-adj-0,"Cardiac"-tx-10-"CARDIAC"-adj-0]|TX|4988/7;1675/7|
00000000|MMI|7.41|Milligram per Second|C2827883|[qnco]|["mg/s"-tx-53-"mg p"-noun-0,"mg/s"-tx-36-"mg p"-noun-0]|TX|5563/4;4700/4|
00000000|MMI|7.30|Saphenous vein graft|C0729538|[bpoc]|["SAPHENOUS VEIN GRAFT"-tx-19-"saphenous vein graft"-noun-0]|TX|[2963/20],[3003/20]|
00000000|MMI|7.29|Clinical Study Follow-up|C3274571|[hlca]|["FOLLOW-UP"-tx-54-"FOLLOW-UP"-adj-0,"FOLLOW-UP"-tx-54-"follow-up"-adj-0]|TX|5579/9;5597/9|
00000000|MMI|7.29|Follow-Up Report|C1704685|[inpr]|["Follow-Up"-tx-54-"FOLLOW-UP"-adj-0,"Follow-Up"-tx-54-"follow-up"-adj-0]|TX|5579/9;5597/9|
00000000|MMI|7.29|Follow-up status|C0589120|[fndg]|["Follow-up"-tx-54-"FOLLOW-UP"-adj-0,"Follow-up"-tx-54-"follow-up"-adj-0]|TX|5579/9;5597/9|
00000000|MMI|7.29|follow-up|C1522577|[hlca]|["Follow Up"-tx-54-"FOLLOW-UP"-adj-0,"Follow Up"-tx-54-"follow-up"-adj-0]|TX|5579/9;5597/9|
00000000|MMI|7.27|Minute (diminutive)|C1282918|[qnco]|["minutes"-tx-30-"minutes"-noun-0,"Minute"-tx-29-"minute"-noun-0]|TX|4303/7;4229/6|
00000000|MMI|7.27|Minute Unit of Plane Angle|C2347166|[qnco]|["Minute"-tx-30-"minutes"-noun-0,"Minute"-tx-29-"minute"-noun-0]|TX|4303/7;4229/6|
00000000|MMI|7.27|Minute of time|C0439232|[tmco]|["minutes"-tx-30-"minutes"-noun-0,"MINUTE"-tx-29-"minute"-noun-0]|TX|4303/7;4229/6|
00000000|MMI|7.27|Per Minute|C0702093|[tmco]|["/minute"-tx-30-"minutes"-noun-0,"/minute"-tx-29-"minute"-noun-0]|TX|4303/7;4229/6|
00000000|MMI|7.27|Specimen Source Codes - Lesion|C1546698|[inpr]|["Lesion"-tx-16-"lesion"-noun-0]|TX|[2628/6],[2653/6]|
00000000|MMI|7.24|Episode of|C0332189|[tmco]|["Episode of"-tx-27-"episode of"-noun-0,"Episode of"-tx-24-"episode of"-noun-0]|TX|3802/10;3534/10|
00000000|MMI|7.23|Including (qualifier)|C0332257|[ftcn]|["included"-tx-32-"included"-adj-0,"included"-tx-5-"Included"-verb-0]|TX|4512/8;975/8|
00000000|MMI|7.19|Concept History|C1705255|[cnce]|["History"-tx-5-"history"-noun-0,"History"-tx-2-"history"-noun-0]|TX|1011/7;408/7|
00000000|MMI|7.19|History of previous events|C2004062|[fndg]|["History"-tx-5-"history"-noun-0,"History"-tx-2-"history"-noun-0]|TX|1011/7;408/7|
00000000|MMI|7.14|Event Seriousness - Significant|C1546944|[qlco]|["Significant"-tx-14-"Significant"-adj-0,"Significant"-tx-3-"Significant"-adj-0]|TX|2136/11;598/11|
00000000|MMI|7.14|Significant|C0750502|[idcn]|["Significant"-tx-14-"Significant"-adj-0,"Significant"-tx-3-"Significant"-adj-0]|TX|2136/11;598/11|
00000000|MMI|7.14|Statistical Significance|C0237881|[qnco]|["significant"-tx-14-"Significant"-adj-0,"significant"-tx-3-"Significant"-adj-0]|TX|2136/11;598/11|
00000000|MMI|7.13|Three|C0205449|[qnco]|["Three"-tx-13-"three"-word_numeral-0,"Three"-tx-3-"three"-word_numeral-0]|TX|2082/5;890/5|
00000000|MMI|7.13|Maintaining (action)|C1314677|[ftcn]|["Maintained"-tx-43-"maintained"-verb-0,"Maintained"-tx-23-"maintained"-verb-0]|TX|4970/10;3460/10|
00000000|MMI|7.09|year|C0439234|[tmco]|["YEAR"-tx-5-"year"-noun-0,"YEARS"-tx-5-"years"-noun-0]|TX|998/4;1054/5|
00000000|MMI|7.08|Post Device Component|C1704687|[mnob]|["Post"-tx-43-"Post"-adj-0,"Post"-tx-1-"POST"-prep-0]|TX|4947/4;225/4|
00000000|MMI|7.04|90%|C3842582|[fndg]|["90%"-tx-25-"90"-percentage-0,"90%"-tx-20-"90"-fraction-0]|TX|3647/2;3136/2|
00000000|MMI|7.04|<90|C0439087|[qnco]|["<90"-tx-25-"90"-percentage-0,"<90"-tx-20-"90"-fraction-0]|TX|3647/2;3136/2|
00000000|MMI|7.04|>90|C0439083|[qnco]|[">90"-tx-25-"90"-percentage-0,">90"-tx-20-"90"-fraction-0]|TX|3647/2;3136/2|
00000000|MMI|7.02|Left|C0205091|[spco]|["LEFT"-tx-17-"left"-adj-0,"LEFT"-tx-8-"left"-noun-0]|TX|2666/4;1546/4|
00000000|MMI|7.02|Left sided|C0443246|[spco]|["Left"-tx-17-"left"-adj-0,"Left"-tx-8-"left"-noun-0]|TX|2666/4;1546/4|
00000000|MMI|7.02|Table Cell Horizontal Align - left|C1552822|[ftcn]|["left"-tx-17-"left"-adj-0,"left"-tx-8-"left"-noun-0]|TX|2666/4;1546/4|
00000000|MMI|6.99|Caucasians|C0043157|[popg]|["WHITE"-tx-14-"white"-adj-0,"WHITE"-tx-6-"white"-noun-0]|TX|2185/5;1159/5|
00000000|MMI|6.99|White color|C0220938|[qlco]|["WHITE"-tx-14-"white"-adj-0,"WHITE"-tx-6-"white"-noun-0]|TX|2185/5;1159/5|
00000000|MMI|6.99|aspirin enteric coated|C0718690|[orch,phsu]|["enteric coated aspirin"-tx-47-"Enteric coated aspirin"-noun-0,"enteric coated aspirin"-tx-33-"enteric coated aspirin"-noun-0]|TX|5372/22;4584/22|
00000000|MMI|6.98|post operative (finding)|C0241311|[fndg]|["POST OPERATIVE"-tx-3-"post-operative"-adj-0,"POST OPERATIVE"-tx-1-"POST-OPERATIVE"-adj-0]|TX|723/14;302/14|
00000000|MMI|6.97|Signature|C1519316|[inpr]|["Signed"-tx-1-"Signed"-noun-0]|TX|[84/6],[140/6]|
00000000|MMI|6.97|signed - ParticipationSignature|C1561610|[inpr]|["signed"-tx-1-"Signed"-noun-0]|TX|[84/6],[140/6]|
00000000|MMI|6.94|Gait normal|C0231683|[fndg]|["Normal"-tx-18-"normal"-adj-0,"Normal"-tx-14-"normal"-adj-0]|TX|2817/6;2154/6|
00000000|MMI|6.94|Mean Percent of Normal|C2347086|[qnco]|["% Normal"-tx-18-"normal"-adj-0,"% Normal"-tx-14-"normal"-adj-0]|TX|2817/6;2154/6|
00000000|MMI|6.94|Normal|C0205307|[qlco]|["NORMAL"-tx-18-"normal"-adj-0,"NORMAL"-tx-14-"normal"-adj-0]|TX|2817/6;2154/6|
00000000|MMI|6.94|Percent normal|C0439166|[qnco]|["% normal"-tx-18-"normal"-adj-0,"% normal"-tx-14-"normal"-adj-0]|TX|2817/6;2154/6|
00000000|MMI|6.93|Percocet Tablets|C0307251|[clnd]|["Percocet Tablets"-tx-50-"Percocet tablets"-noun-0,"Percocet Tablets"-tx-35-"Percocet tablets"-noun-0]|TX|5473/8,5493/7;4654/8,4674/7|
00000000|MMI|6.85|Seventy|C3816957|[qlco]|["Seventy"-tx-45-"seventies"-noun-0,"Seventy"-tx-26-"seventies"-noun-0]|TX|5233/9;3757/9|
00000000|MMI|6.83|Alcohols|C0001975|[orch,phsu]|["Alcohol"-tx-5-"alcohol"-noun-0]|TX|1077/7|D02.033
00000000|MMI|6.69|Male population group|C0025266|[popg]|["Man"-tx-6-"man"-noun-0]|TX|1165/3|M01.390
00000000|MMI|6.62|Periodicals|C0031082|[inpr]|["serial"-tx-16-"serial"-adj-0]|TX|2566/6|V02.690
00000000|MMI|5.18|1 - 3|C3843504|[fndg]|["1 - 3"-tx-14-"1.3"-real_number-0]|TX|2312/3|
00000000|MMI|5.18|Abortion consent:Finding:Point in time:^Patient:Document|C2360836|[clna]|["Patient"-tx-2-"Patient"-noun-0]|TX|367/7|
00000000|MMI|5.18|Admission activity|C0809949|[hlca]|["Admitted"-tx-2-"admitted"-verb-0]|TX|379/8|
00000000|MMI|5.18|Alert|C3665546|[ftcn]|["Alert"-tx-13-"alert"-adj-0]|TX|2057/5|
00000000|MMI|5.18|Alert:Type:Point in time:^Patient:Nominal|C3669039|[clna]|["Alert"-tx-13-"alert"-adj-0]|TX|2057/5|
00000000|MMI|5.18|All extremities|C0278454|[bpoc]|["extremities"-tx-12-"EXTREMITIES"-noun-0]|TX|1852/11|
00000000|MMI|5.18|Associated symptom|C0521989|[sosy]|["associated symptoms"-tx-44-"associated symptoms"-noun-1]|TX|5109/19|
00000000|MMI|5.18|Bowel sounds|C0232693|[fndg]|["Bowel sounds"-tx-11-"bowel sounds"-noun-0]|TX|1806/12|
00000000|MMI|5.18|Bruit|C0006318|[fndg]|["BRUIT"-tx-8-"bruit"-noun-1]|TX|1580/5|
00000000|MMI|5.18|Cardiovascular stress testing|C1384495|[diap]|["Exercise Stress Test"-tx-2-"exercise stress test"-noun-0]|TX|502/20|
00000000|MMI|5.18|Clear|C2963144|[qlco]|["Clear"-tx-9-"Clear"-verb-0]|TX|1655/5|
00000000|MMI|5.18|Clubbing|C0149651|[sosy]|["CLUBBING"-tx-12-"clubbing"-noun-1]|TX|1887/8|
00000000|MMI|5.18|Consciousness clear|C0239110|[fndg]|["ALERT"-tx-13-"alert"-adj-0]|TX|2057/5|
00000000|MMI|5.18|Disposition|C0743223|[idcn]|["Disposition"-tx-46-"DISPOSITION"-noun-0]|TX|5257/11|
00000000|MMI|5.18|Disposition Domain|C1705555|[inpr]|["Disposition"-tx-46-"DISPOSITION"-noun-0]|TX|5257/11|
00000000|MMI|5.18|Edema:Finding:Point in time:^Patient:Ordinal|C1717255|[clna]|["Edema"-tx-12-"edema"-noun-0]|TX|1912/5|
00000000|MMI|5.18|Entire abdomen|C1281594|[bpoc]|["Abdomen"-tx-11-"ABDOMEN"-noun-0]|TX|1773/7|
00000000|MMI|5.18|Entire oropharynx|C1280659|[bpoc]|["Oropharynx"-tx-8-"oropharynx"-noun-0]|TX|1624/10|
00000000|MMI|5.18|Erythrocyte sedimentation rate measurement|C1176468|[lbpr]|["Sedimentation rate"-tx-14-"sedimentation rate"-noun-0]|TX|2250/18|
00000000|MMI|5.18|Evening|C0587117|[tmco]|["Evening"-tx-24-"evening"-noun-0]|TX|3508/7|
00000000|MMI|5.18|Exercise stress test - endocrine|C0430120|[diap]|["Exercise stress test"-tx-2-"exercise stress test"-noun-0]|TX|502/20|
00000000|MMI|5.18|HEENT|C1512338|[blor]|["HEENT"-tx-8-"HEENT"-noun-0]|TX|1384/5|
00000000|MMI|5.18|History of present illness:Finding:Point in time:^Patient:Nominal:Reported|C0488508|[clna]|["History of present illness"-tx-2-"HISTORY OF PRESENT ILLNESS"-noun-0]|TX|339/26|
00000000|MMI|5.18|Hospital admission|C0184666|[hlca]|["admitted"-tx-2-"admitted"-verb-0]|TX|379/8|
00000000|MMI|5.18|Hospital course|C0489547|[fndg]|["Hospital course"-tx-16-"HOSPITAL COURSE"-noun-0]|TX|2424/15|
00000000|MMI|5.18|Hospital course:Finding:Point in time:^Patient:Narrative|C0488549|[clna]|["Hospital course"-tx-16-"HOSPITAL COURSE"-noun-0]|TX|2424/15|
00000000|MMI|5.18|Hysterectomy consent:Finding:Point in time:^Patient:Document|C2360838|[clna]|["Patient"-tx-2-"Patient"-noun-0]|TX|367/7|
00000000|MMI|5.18|January|C3829466|[qlco]|["January"-tx-28-"January"-noun-0]|TX|3937/7|
00000000|MMI|5.18|Left ventriculogram|C0412219|[diap]|["Left ventriculogram"-tx-18-"Left ventriculogram"-noun-0]|TX|2788/19|
00000000|MMI|5.18|Medication.discharge|C0806915|[fndg]|["Discharge medications"-tx-47-"DISCHARGE MEDICATIONS"-noun-0]|TX|5349/21|
00000000|MMI|5.18|Month of May|C3812381|[tmco]|["May"-tx-20-"May"-noun-0]|TX|3040/3|
00000000|MMI|5.18|NAPA gene|C1417599|[gngm]|["NAPA"-tx-14-"NAPA"-noun-0]|TX|2359/4|
00000000|MMI|5.18|NAPSA gene|C1538038|[gngm]|["NAPA"-tx-14-"NAPA"-noun-0]|TX|2359/4|
00000000|MMI|5.18|Negative Surgical Margin|C1709157|[fndg]|["Clear"-tx-9-"Clear"-verb-0]|TX|1655/5|
00000000|MMI|5.18|Neurologic (qualifier value)|C0205494|[qlco]|["NEUROLOGICAL"-tx-13-"NEUROLOGICAL"-adj-0]|TX|2012/12|
00000000|MMI|5.18|Neurological:-:Point in time:^Patient:-|C2707261|[clna]|["Neurological"-tx-13-"NEUROLOGICAL"-adj-0]|TX|2012/12|
00000000|MMI|5.18|Night time|C0240526|[tmco]|["Night"-tx-44-"night"-noun-0]|TX|5061/5|
00000000|MMI|5.18|Nuclear cap binding complex location|C2263086|[celc]|["CBC"-tx-14-"CBC"-noun-0]|TX|2169/3|
00000000|MMI|5.18|Obstruction|C0028778|[patf]|["occluded"-tx-17-"occluded"-verb-0]|TX|2694/8|
00000000|MMI|5.18|Occluded|C1947917|[ftcn]|["Occluded"-tx-17-"occluded"-verb-0]|TX|2694/8|
00000000|MMI|5.18|Orientation (spatial)|C1704322|[spco]|["Oriented"-tx-13-"oriented"-verb-0]|TX|2067/8|
00000000|MMI|5.18|Oriented to place|C1961028|[fndg]|["Oriented"-tx-13-"oriented"-verb-0]|TX|2067/8|
00000000|MMI|5.18|Oropharyngeal Tissue|C2985207|[tisu]|["OROPHARYNX"-tx-8-"oropharynx"-noun-0]|TX|1624/10|
00000000|MMI|5.18|Point|C3714763|[spco]|["Point"-tx-31-"point"-noun-0]|TX|4420/5|
00000000|MMI|5.18|Point Name|C2347617|[qnco]|["point"-tx-31-"point"-noun-0]|TX|4420/5|
00000000|MMI|5.18|Posterior tibial pulse rate|C1997188|[clna]|["Posterior tibial PULSES"-tx-12-"posterior tibial pulses"-noun-0]|TX|1920/23|
00000000|MMI|5.18|Present|C0150312|[qnco]|["Present"-tx-11-"present"-adj-0]|TX|1824/7|
00000000|MMI|5.18|Presentation|C0449450|[idcn]|["Present"-tx-11-"present"-adj-0]|TX|1824/7|
00000000|MMI|5.18|QUIT|C0748223|[idcn]|["QUIT"-tx-5-"quit"-verb-0]|TX|1028/4|
00000000|MMI|5.18|Reactive to light|C4068744|[fndg]|["Reactive to light"-tx-8-"reactive to light"-noun-0]|TX|1470/17|
00000000|MMI|5.18|Receive|C1514756|[qlco]|["RECEIVED"-tx-21-"received"-verb-0]|TX|3198/8|
00000000|MMI|5.18|Rhythm|C0871269|[fndg]|["Rhythm"-tx-10-"rhythm"-noun-0]|TX|1724/6|
00000000|MMI|5.18|Rhythm Not Otherwise Specified ECG Assessment|C3828331|[inpr]|["Rhythm Not Otherwise Specified"-tx-10-"rhythm"-noun-0]|TX|1724/6|
00000000|MMI|5.18|Right coronary artery structure|C1261316|[bpoc]|["Right Coronary Artery"-tx-17-"right coronary artery"-noun-0]|TX|2722/21|
00000000|MMI|5.18|Social History|C3714536|[fndg]|["Social History"-tx-5-"SOCIAL HISTORY"-noun-0]|TX|959/14|
00000000|MMI|5.18|Social and personal history|C0424945|[fndg]|["Social history"-tx-5-"SOCIAL HISTORY"-noun-0]|TX|959/14|
00000000|MMI|5.18|Stable Disease|C0677946|[fndg]|["Stable condition"-tx-46-"stable condition"-noun-0]|TX|5330/16|
00000000|MMI|5.18|Stable chronic Graft vs Host Disease|C3538874|[fndg]|["Stable condition"-tx-46-"stable condition"-noun-0]|TX|5330/16|
00000000|MMI|5.18|Sterilization consent:Finding:Point in time:^Patient:Document|C2360840|[clna]|["Patient"-tx-2-"Patient"-noun-0]|TX|367/7|
00000000|MMI|5.18|Stop (Instruction Imperative)|C1947925|[acty]|["Quit"-tx-5-"quit"-verb-0]|TX|1028/4|
00000000|MMI|5.18|Taking vital signs|C0150404|[hlca]|["Vital signs"-tx-7-"vital signs"-noun-0]|TX|1225/11|
00000000|MMI|5.18|laboratory examination|C0260877|[fndg]|["Laboratory examination"-tx-14-"LABORATORY EXAMINATION"-noun-0]|TX|2112/22|
00000000|MMI|5.18|point - UnitsOfMeasure|C1552961|[qnco]|["POINT"-tx-31-"point"-noun-0]|TX|4420/5|
00000000|MMI|5.18|rhythmic process (biological)|C1523018|[phsf]|["rhythm"-tx-10-"rhythm"-noun-0]|TX|1724/6|
00000000|MMI|4.12|steri-strip|C0727944|[medd]|["steri-strip"-tx-8-"Steri-Strips"-noun-0]|TX|1527/12|
00000000|MMI|3.98|Dorsalis pedis pulse|C1706488|[ortf]|["Dorsalis pedis pulse"-tx-12-"dorsalis pedis pulses"-noun-0]|TX|1965/21|
00000000|MMI|3.98|Drink (dietary substance)|C0452428|[food]|["Drink"-tx-5-"drank"-verb-0]|TX|1071/5|
00000000|MMI|3.98|Eighty|C3816958|[qnco]|["Eighty"-tx-22-"eighties"-noun-0]|TX|3418/8|
00000000|MMI|3.98|Last|C1517741|[qlco]|["Last"-tx-27-"lasting"-verb-0]|TX|3833/7|
00000000|MMI|3.98|Ninety|C3816959|[qnco]|["Ninety"-tx-45-"nineties"-noun-0]|TX|5246/8|
00000000|MMI|3.81|H/O: surgery|C0455610|[fndg]|["Past surgical history"-tx-3-"PAST SURGICAL HISTORY"-noun-0]|TX|567/4,580/16|
00000000|MMI|3.81|PMH - past medical history|C0455458|[fndg]|["Past medical history"-tx-3-"PAST MEDICAL HISTORY"-noun-0]|TX|567/12,589/7|
00000000|MMI|3.77|H/O: hypertension|C0455527|[fndg]|["History of - hypertension"-tx-3-"history of hypertension"-noun-0]|TX|831/23|
00000000|MMI|3.75|30 Minutes|C1442458|[tmco]|["Thirty minutes"-tx-27-"thirty minutes"-noun-0]|TX|3855/14|
00000000|MMI|3.75|Discharge date|C2361123|[tmco]|["Discharge date"-tx-1-"Discharge Date"-noun-0]|TX|147/14|
00000000|MMI|3.75|Discharge date:Time Stamp -- Date and Time:Point in time:^Patient:Quantitative|C2361122|[clna]|["Discharge date"-tx-1-"Discharge Date"-noun-0]|TX|147/14|
00000000|MMI|3.75|Entire carotid sinus|C1281322|[bpoc]|["Carotid sinus"-tx-28-"carotid sinus"-noun-0]|TX|4109/13|
00000000|MMI|3.75|carotid pulse|C1096529|[ortf]|["carotid pulse"-tx-8-"carotid pulse"-noun-0]|TX|1551/13|
00000000|MMI|3.75|sinus pressure|C0848633|[sosy]|["sinus pressure"-tx-28-"sinus pressure"-noun-0]|TX|4117/14|
00000000|MMI|3.68|% index|C1637833|[qnco]|["% index"-tx-57-"Index"-noun-0]|TX|5750/5|
00000000|MMI|3.68|100%|C3817553|[qnco]|["100%"-tx-28-"100"-fraction-0]|TX|4047/3|
00000000|MMI|3.68|Administration occupational activities|C0001554|[ocac]|["Management"-tx-31-"management"-noun-0]|TX|4471/10|
00000000|MMI|3.68|Attending (action)|C1999232|[ftcn]|["attending"-tx-56-"Attending"-noun-0]|TX|5687/9|
00000000|MMI|3.68|Attending (provider role)|C1547429|[prog]|["Attending"-tx-56-"Attending"-noun-0]|TX|5687/9|
00000000|MMI|3.68|Cardiac conduction|C0232217|[ortf]|["Conduction"-tx-29-"conduction"-noun-0]|TX|4271/10|
00000000|MMI|3.68|Circumflex|C1880089|[spco]|["Circumflex"-tx-17-"circumflex"-noun-0]|TX|2671/10|
00000000|MMI|3.68|Conduction Phenomenon|C0457405|[npop]|["Conduction"-tx-29-"conduction"-noun-0]|TX|4271/10|
00000000|MMI|3.68|Dario|C1470250|[fish]|["Dario"-tx-56-"DARIO"-noun-0]|TX|5708/5|
00000000|MMI|3.68|Disease classification level|C0456079|[clas]|["Level"-tx-14-"level"-noun-0]|TX|2335/5|
00000000|MMI|3.68|Floor - story of building|C1547707|[geoa]|["Level"-tx-14-"level"-noun-0]|TX|2335/5|
00000000|MMI|3.68|Html Link Type - index|C1552854|[idcn]|["index"-tx-57-"Index"-noun-0]|TX|5750/5|
00000000|MMI|3.68|Index|C0918012|[inpr]|["Index"-tx-57-"Index"-noun-0]|TX|5750/5|
00000000|MMI|3.68|Level|C2946261|[phsu]|["Level"-tx-14-"level"-noun-0]|TX|2335/5|
00000000|MMI|3.68|Levels (qualifier value)|C0441889|[qlco]|["Level"-tx-14-"level"-noun-0]|TX|2335/5|
00000000|MMI|3.68|Management Occupations|C3273539|[ocdi]|["Management"-tx-31-"management"-noun-0]|TX|4471/10|
00000000|MMI|3.68|Management procedure|C1273870|[ocac]|["Management"-tx-31-"management"-noun-0]|TX|4471/10|
00000000|MMI|3.68|Minimum|C1524031|[qlco]|["Trace"-tx-12-"trace"-noun-0]|TX|1992/5|
00000000|MMI|3.68|Platelets Adverse Event|C1963076|[fndg]|["Platelets"-tx-14-"platelets"-noun-0]|TX|2236/9|
00000000|MMI|3.68|Sequence Chromatogram|C1883002|[ftcn]|["Trace"-tx-12-"trace"-noun-0]|TX|1992/5|
00000000|MMI|3.68|trace amount|C0442822|[qnco]|["Trace"-tx-12-"trace"-noun-0]|TX|1992/5|
00000000|MMI|3.65|Report status|C0586177|[fndg]|["Report status"-tx-1-"Report Status"-noun-0]|TX|125/13|
00000000|MMI|3.65|discharge diagnosis|C1555319|[fndg]|["Discharge diagnosis"-tx-1-"DISCHARGE DIAGNOSIS"-noun-0]|TX|173/19|
00000000|MMI|3.63|3+ Answer to Question|C3838680|[fndg]|["3+"-tx-58-"3"-fraction-0]|TX|5785/1|
00000000|MMI|3.63|3+ Score|C2827736|[qnco]|["3+"-tx-58-"3"-fraction-0]|TX|5785/1|
00000000|MMI|3.63|3+ Score, WHO|C2981702|[clas]|["3+"-tx-58-"3"-fraction-0]|TX|5785/1|
00000000|MMI|3.63|<3 (qualifier value)|C0439086|[qnco]|["<3"-tx-58-"3"-fraction-0]|TX|5785/1|
00000000|MMI|3.63|Admission date:Time Stamp -- Date and Time:Point in time:^Patient:Quantitative|C2598112|[clna]|["Admission date"-tx-1-"Admission Date"-noun-0]|TX|99/14|
00000000|MMI|3.63|Date of admission|C1302393|[tmco]|["Admission date"-tx-1-"Admission Date"-noun-0]|TX|99/14|
00000000|MMI|3.63|Focal|C0205234|[spco]|["FOCAL"-tx-13-"focal"-adj-0]|TX|2104/5|
00000000|MMI|3.63|Function|C0542341|[ftcn]|["FUNCTION"-tx-18-"function"-noun-0]|TX|2833/8|
00000000|MMI|3.63|Function Axis|C0700205|[clas]|["FUNCTION"-tx-18-"function"-noun-0]|TX|2833/8|
00000000|MMI|3.63|Mathematical Operator|C1705273|[inpr]|["Function"-tx-18-"function"-noun-0]|TX|2833/8|
00000000|MMI|3.63|Negation|C1518422|[ftcn]|["Non"-tx-13-"non"-adj-0]|TX|2100/3|
00000000|MMI|3.63|Pressure (finding)|C0460139|[fndg]|["Pressure"-tx-28-"pressure"-noun-0]|TX|4123/8|
00000000|MMI|3.63|Pressure - action|C1306345|[ftcn]|["Pressure"-tx-28-"pressure"-noun-0]|TX|4123/8|
00000000|MMI|3.63|carotid|C0741968|[bpoc]|["Carotid"-tx-28-"carotid"-noun-0]|TX|4109/7|
00000000|MMI|3.63|times/year|C0556970|[qnco]|["times year"-tx-3-"times years"-noun-0]|TX|884/5,896/5|
00000000|MMI|3.62|Postmyocardial infarction syndrome|C0152107|[dsyn]|["Post Myocardial Infarction"-tx-3-"post myocardial infarction"-noun-0]|TX|791/4,798/21|
00000000|MMI|3.62|Docusate Sodium 100 MG|C3153447|[clnd]|["Docusate Sodium 100 MG"-tx-37-"Colace 100 mg"-noun-0]|TX|4717/13|
00000000|MMI|3.62|Decreased Blood Pressure [PE]|C2917141|[ortf]|["Decreased Blood Pressure"-tx-26-"decreased blood pressure"-noun-0]|TX|3725/24|
00000000|MMI|3.61|Batch (Response Modality)|C1550176|[inpr]|["Batch"-tx-57-"Batch"-noun-0]|TX|5737/5|
00000000|MMI|3.61|Batch (group)|C1948031|[qnco]|["Batch"-tx-57-"Batch"-noun-0]|TX|5737/5|
00000000|MMI|3.61|Batch Number|C3641829|[inpr]|["BATCH"-tx-57-"Batch"-noun-0]|TX|5737/5|
00000000|MMI|3.61|M NOS ANTIBODY|C0369637|[aapp,imft]|["M NOS"-tx-28-"m"-noun-0]|TX|4013/1|
00000000|MMI|3.61|M+ (tumor staging)|C0441923|[inpr]|["M+"-tx-28-"m"-noun-0]|TX|4013/1|
00000000|MMI|3.61|coronary artery graft device|C1260596|[medd]|["coronary artery bypass graft"-tx-1-"CORONARY ARTERY BYPASS GRAFT"-noun-0]|TX|194/15,246/12|
00000000|MMI|3.61|Digoxin measurement|C0337449|[lbpr]|["digoxin level"-tx-14-"digoxin level"-noun-0]|TX|2282/13|
00000000|MMI|3.61|Finding of digoxin level|C1287331|[fndg]|["Digoxin level"-tx-14-"digoxin level"-noun-0]|TX|2282/13|
00000000|MMI|3.60|Atrial fibrillation and flutter|C0155709|[patf]|["Atrial fibrillation/flutter"-tx-3-"atrial fibrillation/flutter"-noun-0]|TX|738/27|
00000000|MMI|3.60|Round shape|C0332490|[spco]|["ROUND"-tx-8-"round"-adj-0]|TX|1458/5|
00000000|MMI|3.59|Pyrexia of unknown origin (excl puerperal)|C0856281|[sosy]|["puo"-tx-1-"PUO"-noun-0]|TX|12/3|
00000000|MMI|3.59|Right carotid artery stenosis|C3531770|[anab]|["Right Carotid Stenosis"-tx-25-"right carotid stenosis"-noun-0]|TX|3598/13,3651/8|
00000000|MMI|3.59|Decrease|C0547047|[qnco]|["Decrease"-tx-21-"decrease"-noun-0]|TX|3282/8|
00000000|MMI|3.59|Loading Technique|C1708715|[acty]|["Loaded"-tx-23-"loaded"-verb-0]|TX|3436/6|
00000000|MMI|3.59|Palpitations|C0030252|[fndg]|["PALPITATIONS"-tx-20-"palpitations"-noun-0]|TX|3158/12|
00000000|MMI|3.59|Palpitations Adverse Event|C3160712|[fndg]|["Palpitations"-tx-20-"palpitations"-noun-0]|TX|3158/12|
00000000|MMI|3.59|Reduced|C0392756|[qlco]|["Decrease"-tx-21-"decrease"-noun-0]|TX|3282/8|
00000000|MMI|3.59|September|C3828193|[tmco]|["September"-tx-46-"September"-noun-0]|TX|5290/9|
00000000|MMI|3.59|Started|C1272689|[qlco]|["Started"-tx-42-"started"-verb-0]|TX|4899/7|
00000000|MMI|3.59|Supraventricular Tachycardia Adverse Event|C1963244|[patf]|["Supraventricular tachycardia"-tx-29-"supraventricular tachycardia"-noun-0]|TX|4183/28|
00000000|MMI|3.59|Supraventricular Tachycardia by ECG Finding|C3815188|[fndg]|["Supraventricular Tachycardia"-tx-29-"supraventricular tachycardia"-noun-0]|TX|4183/28|
00000000|MMI|3.59|Surgical transfer - action|C0348011|[ftcn]|["transferred"-tx-31-"transferred"-verb-0]|TX|4435/11|
00000000|MMI|3.59|dictated - DocumentCompletion|C1609990|[idcn]|["Dictated"-tx-55-"Dictated"-noun-0]|TX|5640/8|
00000000|MMI|3.59|dictated - ParticipationMode|C1548384|[ftcn]|["dictated"-tx-55-"Dictated"-noun-0]|TX|5640/8|
00000000|MMI|3.59|respiratory gaseous exchange in organisms|C1160636|[biof]|["breathing"-tx-7-"breathing"-noun-0]|TX|1332/9|
00000000|MMI|3.59|Asymptomatic carotid artery stenosis|C3494609|[dsyn]|["Asymptomatic Carotid Stenosis"-tx-25-"carotid asymptomatic stenosis"-noun-0]|TX|3604/7,3634/12,3651/8|
00000000|MMI|3.57|Structure of small blood vessel (organ)|C0225988|[bpoc]|["Small vessel"-tx-17-"small vessel"-noun-0]|TX|2748/5,2770/6|
00000000|MMI|3.56|Condition status|C3176928|[clna]|["Disease status"-tx-1-"DISEASE STATUS"-noun-0]|TX|210/14|
00000000|MMI|3.56|Changed status|C0443172|[qnco]|["change"-tx-28-"change"-noun-0]|TX|4144/6|
00000000|MMI|3.56|Changing|C0392747|[ftcn]|["Change"-tx-28-"change"-noun-0]|TX|4144/6|
00000000|MMI|3.56|Delta (difference)|C1705241|[qnco]|["Change"-tx-28-"change"-noun-0]|TX|4144/6|
00000000|MMI|3.56|Hematocrit level|C0518014|[fndg]|["Hematocrit"-tx-14-"hematocrit"-noun-0]|TX|2208/10|
00000000|MMI|3.55|Count|C0750480|[qnco]|["Count"-tx-14-"count"-noun-0]|TX|2191/5|
00000000|MMI|3.55|Count Dosing Unit|C1705566|[qnco]|["COUNT"-tx-14-"count"-noun-0]|TX|2191/5|
00000000|MMI|3.55|Drop - Unit of Volume|C4048603|[qnco]|["Drop"-tx-30-"drop"-noun-0]|TX|4360/4|
00000000|MMI|3.55|Drop British|C2348338|[qnco]|["Drop"-tx-30-"drop"-noun-0]|TX|4360/4|
00000000|MMI|3.55|Drop measurement|C1321095|[qnco]|["Drop"-tx-30-"drop"-noun-0]|TX|4360/4|
00000000|MMI|3.55|Dropping|C1705648|[acty]|["Drop"-tx-30-"drop"-noun-0]|TX|4360/4|
00000000|MMI|3.55|Medical Drop|C2347093|[qnco]|["Drop"-tx-30-"drop"-noun-0]|TX|4360/4|
00000000|MMI|3.55|Medications:-:Point in time:^Patient:-|C2598133|[clna]|["Medications"-tx-32-"medications"-noun-0]|TX|4488/11|
00000000|MMI|3.55|Medications:Presence or Identity:Duration of the study:^Patient:Nominal|C0802604|[clna]|["Medications"-tx-32-"medications"-noun-0]|TX|4488/11|
00000000|MMI|3.55|Overnight|C0439583|[tmco]|["Overnight"-tx-43-"overnight"-adv-0]|TX|5004/9|
00000000|MMI|3.55|Regimen - CHV concept|C2945654|[inpr]|["regimen"-tx-43-"regimen"-noun-0]|TX|4996/7|
00000000|MMI|3.55|Status|C0449438|[qlco]|["Status"-tx-3-"status"-prep-0]|TX|784/6|
00000000|MMI|3.55|Saturated|C0522534|[phpr]|["Saturation"-tx-7-"saturation"-noun-0]|TX|1364/10|
00000000|MMI|3.55|month|C0439231|[tmco]|["MONTHS"-tx-2-"months"-noun-0]|TX|430/6|
00000000|MMI|3.54|Device Component System|C1704459|[mnob]|["System"-tx-16-"system"-noun-0]|TX|2524/6|
00000000|MMI|3.54|System|C0449913|[ftcn]|["System"-tx-16-"system"-noun-0]|TX|2524/6|
00000000|MMI|3.54|System - kit|C1553451|[mnob]|["System"-tx-16-"system"-noun-0]|TX|2524/6|
00000000|MMI|3.52|Experimental Result|C2825142|[fndg]|["Result"-tx-30-"resulted"-verb-0]|TX|4335/8|
00000000|MMI|3.52|Result|C1274040|[ftcn]|["Result"-tx-30-"resulted"-verb-0]|TX|4335/8|
00000000|MMI|3.52|What subject filter - Result|C1546471|[idcn]|["Result"-tx-30-"resulted"-verb-0]|TX|4335/8|
00000000|MMI|3.51|Tachycardia by ECG Finding|C3827868|[fndg]|["TACHYCARDIA"-tx-10-"tachycardic"-adj-1]|TX|1742/11|
00000000|MMI|3.50|Borg Category-Ratio 10 Perceived Exertion Score 2|C4050469|[inpr]|["Slight"-tx-44-"slight"-adj-0]|TX|5073/6|
00000000|MMI|3.50|Further|C1517331|[spco]|["Further"-tx-31-"further"-adj-0]|TX|4463/7|
00000000|MMI|3.50|Mild (qualifier value)|C2945599|[qlco]|["Slight"-tx-44-"slight"-adj-0]|TX|5073/6|
00000000|MMI|3.50|Regular|C0205272|[qlco]|["Regular"-tx-10-"regular"-adj-0]|TX|1707/7|
00000000|MMI|3.50|Slight (qualifier value)|C2937276|[qlco]|["Slight"-tx-44-"slight"-adj-0]|TX|5073/6|
00000000|MMI|3.49|Eight Pack|C2699860|[qnco]|["Eight Pack"-tx-5-"eight pack"-noun-0]|TX|987/10|
00000000|MMI|3.49|Pack years|C1277691|[inpr]|["Pack Year"-tx-5-"pack year"-noun-0]|TX|993/9|
00000000|MMI|3.48|/40|C0439509|[tmco]|["/40"-tx-16-"40"-percentage-0]|TX|2649/2|
00000000|MMI|3.48|40%|C3842587|[qnco]|["40%"-tx-16-"40"-percentage-0]|TX|2649/2|
00000000|MMI|3.48|Discharge summarization note:Finding:Point in time:{Setting}:Document:{Provider}|C0801840|[clna]|["Discharge summary"-tx-1-"Discharge Summary"-noun-0]|TX|64/17|
00000000|MMI|3.48|Discharge summary|C0743221|[inpr]|["Discharge summary"-tx-1-"Discharge Summary"-noun-0]|TX|64/17|
00000000|MMI|3.48|Insulin Drug Class|C3714501|[horm,phsu]|["INSULIN"-tx-39-"insulin"-noun-0]|TX|4775/7|
00000000|MMI|3.48|Insulin [EPC]|C1579433|[phsu]|["Insulin"-tx-39-"insulin"-noun-0]|TX|4775/7|
00000000|MMI|3.48|Known|C0205309|[qlco]|["Known"-tx-4-"known"-adj-0]|TX|936/5|
00000000|MMI|3.48|Potassium Drug Class|C3714637|[phsu]|["POTASSIUM"-tx-32-"potassium"-noun-0]|TX|4535/9|
00000000|MMI|3.48|Potassium Ion|C0597277|[elii,phsu]|["Potassium"-tx-32-"potassium"-noun-0]|TX|4535/9|
00000000|MMI|3.48|Potassium measurement|C0202194|[lbpr]|["Potassium+"-tx-32-"potassium"-noun-0]|TX|4535/9|
00000000|MMI|3.48|Potassium supplement|C0304475|[inch,phsu]|["POTASSIUM"-tx-32-"potassium"-noun-0]|TX|4535/9|
00000000|MMI|3.48|Probable diagnosis|C0332148|[qlco]|["Likely"-tx-29-"likely"-adv-0]|TX|4238/6|
00000000|MMI|3.48|Probably|C0750492|[idcn]|["Likely"-tx-29-"likely"-adv-0]|TX|4238/6|
00000000|MMI|3.48|Pupils equal|C0578617|[fndg]|["Pupils equal"-tx-8-"pupils equal"-noun-0]|TX|1443/12|
00000000|MMI|3.48|Ramus Intermedius Artery|C3538818|[bpoc]|["RAMUS"-tx-16-"ramus"-noun-0]|TX|2643/5|
00000000|MMI|3.48|Recombinant Insulin|C1533581|[aapp,horm,phsu]|["INSULIN"-tx-39-"insulin"-noun-0]|TX|4775/7|
00000000|MMI|3.47|60%|C3842585|[fndg]|["60%"-tx-16-"60"-percentage-0]|TX|2573/2|
00000000|MMI|3.47|Complex|C0439855|[qlco]|["Complex"-tx-16-"complex"-noun-0]|TX|2577/7|
00000000|MMI|3.47|Medical|C0205476|[ftcn]|["Medical"-tx-3-"MEDICAL"-adj-0]|TX|572/7|
00000000|MMI|3.47|Medical service|C0199168|[hlca]|["Medical"-tx-3-"MEDICAL"-adj-0]|TX|572/7|
00000000|MMI|3.47|Operative Surgical Procedures|C0543467|[hlca]|["Surgical"-tx-3-"SURGICAL"-adj-0]|TX|580/8|E04
00000000|MMI|3.47|Serial Number|C2348188|[inpr]|["SERIAL"-tx-16-"serial"-adj-0]|TX|2566/6|
00000000|MMI|3.47|Surgical service|C0587668|[hlca]|["Surgical"-tx-3-"SURGICAL"-adj-0]|TX|580/8|
00000000|MMI|3.47|Thirty|C3816446|[qnco]|["Thirty"-tx-5-"thirty"-word_numeral-0]|TX|1047/6|
00000000|MMI|3.47|complex (molecular entity)|C1704241|[chvs]|["Complex"-tx-16-"complex"-noun-0]|TX|2577/7|
00000000|MMI|3.46|30%|C3842588|[fndg]|["30%"-tx-1-"30"-fraction-0]|TX|165/2|
00000000|MMI|3.46|4+ Answer to question|C3838679|[fndg]|["4+"-tx-1-"4"-fraction-0]|TX|163/1|
00000000|MMI|3.46|Eight|C0205454|[qnco]|["Eight"-tx-5-"eight"-word_numeral-0]|TX|987/5|
00000000|MMI|3.46|per year|C0439508|[tmco]|["/Year"-tx-5-"year"-noun-0]|TX|998/4|
00000000|MMI|3.46|Diagnostic interview schedule|C0451119|[inpr]|["DIS"-tx-1-"DIS"-noun-0]|TX|93/3|
00000000|MMI|3.46|Discontinued|C1444662|[fndg]|["DIS"-tx-1-"DIS"-noun-0]|TX|93/3|
00000000|MMI|3.46|Gender Status - Intact|C1554187|[fndg]|["Intact"-tx-8-"intact"-adj-0]|TX|1434/6|
00000000|MMI|3.46|Intact|C0205266|[qlco]|["Intact"-tx-8-"intact"-adj-0]|TX|1434/6|
00000000|MMI|3.46|Middle|C0444598|[spco]|["Mid"-tx-16-"mid"-adj-0]|TX|2595/3|
00000000|MMI|3.45|10%|C3842590|[fndg]|["10%"-tx-41-"10"-integer-0]|TX|4852/2|
00000000|MMI|3.45|Flos <butterflies>|C1466245|[euka]|["Flos"-tx-55-"FLO"-noun-0]|TX|5653/3|
00000000|MMI|3.44|Exercise-induced angina|C0577698|[sosy]|["Exertional angina"-tx-2-"exertional angina"-noun-0]|TX|447/17|
00000000|MMI|3.44|Room air|C3846005|[fndg]|["Room air"-tx-7-"room air"-noun-0]|TX|1355/8|
00000000|MMI|3.44|vascular stenosis|C0679403|[anab]|["Vessel stenosis"-tx-17-"vessel stenosis"-noun-0]|TX|2770/15|
00000000|MMI|3.44|July|C3829447|[qlco]|["July"-tx-16-"July"-noun-0]|TX|2481/4|
00000000|MMI|3.44|Left Cardiac Artery Dominance|C3275098|[fndg]|["LEFT DOMINANT"-tx-16-"left dominant"-adj-0]|TX|2510/13|
00000000|MMI|3.43|Status post|C0231290|[tmco]|["Status post"-tx-1-"STATUS POST"-prep-0]|TX|218/11|
00000000|MMI|3.43|+5|C0728893|[qnco]|["+5"-tx-27-"5"-integer-0]|TX|3914/1|
00000000|MMI|3.43|>5|C0439084|[qnco]|[">5"-tx-27-"5"-integer-0]|TX|3914/1|
00000000|MMI|3.43|Delayed Release Dosage Form|C1707664|[bodm]|["DR"-tx-54-"Dr"-noun-0]|TX|5625/2|
00000000|MMI|3.43|Device to Subject Relationship Domain|C3540849|[inpr]|["DR"-tx-54-"Dr"-noun-0]|TX|5625/2|
00000000|MMI|3.43|Doctor - Title|C2348314|[cnce]|["Dr."-tx-54-"Dr"-noun-0]|TX|5625/2|
00000000|MMI|3.43|Actual Positive Nutritional Status|C2364291|[fndg]|["Well nourished"-tx-6-"well nourished"-adj-1]|TX|1127/4,1149/9|
00000000|MMI|3.43|Dietary Magnesium|C2348270|[elii]|["MAGNESIUM"-tx-32-"magnesium"-noun-0]|TX|4521/9|
00000000|MMI|3.43|Magnesium Drug Class|C3714621|[phsu]|["MAGNESIUM"-tx-32-"magnesium"-noun-0]|TX|4521/9|
00000000|MMI|3.43|Magnesium supplements|C3540792|[inch,phsu]|["Magnesium"-tx-32-"magnesium"-noun-0]|TX|4521/9|
00000000|MMI|3.43|Precision - second|C1561503|[idcn]|["second"-tx-24-"second"-adj-0]|TX|3527/6|
00000000|MMI|3.43|Second Suffix|C1705190|[qlco]|["Second"-tx-24-"second"-adj-0]|TX|3527/6|
00000000|MMI|3.43|per second|C0565930|[qnco]|["/second"-tx-24-"second"-adj-0]|TX|3527/6|
00000000|MMI|3.43|second (number)|C0205436|[qnco]|["Second"-tx-24-"second"-adj-0]|TX|3527/6|
00000000|MMI|3.43|seconds|C0457385|[tmco]|["SECOND"-tx-24-"second"-adj-0]|TX|3527/6|
00000000|MMI|3.42|80%|C3842583|[fndg]|["80%"-tx-17-"80"-percentage-0]|TX|2762/2|
00000000|MMI|3.42|Patient Condition Code - Stable|C1547311|[inpr]|["Stable"-tx-2-"stable"-noun-0]|TX|440/6|
00000000|MMI|3.42|Stable status|C0205360|[qlco]|["STABLE"-tx-2-"stable"-noun-0]|TX|440/6|
00000000|MMI|3.42|Stenosis (invertebrate)|C2632116|[euka]|["Stenosis"-tx-17-"stenosis"-noun-0]|TX|2777/8|
00000000|MMI|3.42|Stenosis Morphology|C0678234|[qlco]|["Stenosis"-tx-17-"stenosis"-noun-0]|TX|2777/8|
00000000|MMI|3.42|exercise induced|C0239313|[sosy]|["EXERTIONAL"-tx-2-"exertional"-noun-0]|TX|447/10|
00000000|MMI|3.42|4 Hours|C1292426|[tmco]|["4H"-tx-50-"4h"-noun-0]|TX|5505/2|
00000000|MMI|3.42|An