00000000|MMI|7.02|1990s|C0681758|[tmco]|["1990s"-tx-1-"1990"-integer-0]|TX|[44/4],[120/4]|
00000000|MMI|3.65|Report status|C0586177|[fndg]|["Report status"-tx-1-"Report Status"-noun-0]|TX|125/13|
00000000|MMI|3.63|Admission date:Time Stamp -- Date and Time:Point in time:^Patient:Quantitative|C2598112|[clna]|["Admission date"-tx-1-"Admission Date"-noun-0]|TX|100/14|
00000000|MMI|3.63|Date of admission|C1302393|[tmco]|["Admission date"-tx-1-"Admission Date"-noun-0]|TX|100/14|
00000000|MMI|3.59|Pyrexia of unknown origin (excl puerperal)|C0856281|[sosy]|["puo"-tx-1-"PUO"-noun-0]|TX|12/3|
00000000|MMI|3.48|Discharge summarization note:Finding:Point in time:{Setting}:Document:{Provider}|C0801840|[clna]|["Discharge summary"-tx-1-"Discharge Summary"-noun-0]|TX|63/17|
00000000|MMI|3.48|Discharge summary|C0743221|[inpr]|["Discharge summary"-tx-1-"Discharge Summary"-noun-0]|TX|63/17|
00000000|MMI|3.46|Diagnostic interview schedule|C0451119|[inpr]|["DIS"-tx-1-"DIS"-noun-0]|TX|94/3|
00000000|MMI|3.46|Discontinued|C1444662|[fndg]|["DIS"-tx-1-"DIS"-noun-0]|TX|94/3|
00000000|MMI|67.87|Togo|C0040363|[geoa]|["TO"-tx-38-"to"-adv-0,"TO"-tx-37-"to"-noun-0,"TO"-tx-34-"to"-adv-0,"TO"-tx-11-"to"-adv-0]|TX|2922/2;2842/2;2681/2;1095/2|Z01.058.290.190.800
00000000|MMI|67.87|Tryptophanase|C0041260|[aapp,enzy]|["TO"-tx-38-"to"-adv-0,"TO"-tx-37-"to"-noun-0,"TO"-tx-34-"to"-adv-0,"TO"-tx-11-"to"-adv-0]|TX|2922/2;2842/2;2681/2;1095/2|D08.811.520.224.800
00000000|MMI|61.19|Aspirin|C0004057|[orch,phsu]|["ASPIRIN"-tx-14-"Aspirin"-noun-0,"ASPIRIN"-tx-10-"Aspirin"-noun-0]|TX|1403/7;946/7|D02.455.426.559.389.657.410.595.176
00000000|MMI|50.14|Coronary Artery Bypass Surgery|C0010055|[topp]|["Coronary Artery Bypass Graft"-tx-34-"coronary artery bypass graft"-noun-0,"Coronary Artery Bypass Graft"-tx-8-"coronary artery bypass graft"-noun-0,"Coronary Artery Bypass Graft"-tx-3-"coronary artery bypass graft"-noun-0]|TX|2693/28;781/28;177/28|E04.100.376.719.332;E04.100.814.868.750;E04.928.220.520.220
00000000|MMI|45.60|Angina, Unstable|C0002965|[dsyn]|["Angina, Unstable"-tx-4-"unstable angina"-noun-0,"Angina, Unstable"-tx-1-"UNSTABLE ANGINA"-noun-0]|TX|300/15;75/15|C10.597.617.192.500.150;C14.280.647.187.150;C14.907.585.187.150;C23.888.592.612.233.500.150
00000000|MMI|45.37|Inderal|C0591636|[orch,phsu]|["Inderal"-tx-15-"Inderal"-noun-0,"Inderal"-tx-10-"Inderal"-noun-0]|TX|1435/7;930/7|D02.033.100.624.698.711;D02.033.755.624.698.711;D02.092.063.624.698.711;D02.455.426.559.847.638.945;D04.615.638.945
00000000|MMI|39.00|Patient Discharge|C0030685|[hlca]|["Discharge"-tx-43-"discharge"-noun-0,"Discharged"-tx-38-"discharged"-verb-0]|TX|3137/9;2928/10|E02.204.125;E02.760.400.610;N02.421.192.125;N02.421.585.400.610;N04.590.233.727.210.125
00000000|MMI|32.99|Pulse taking|C0034107|[hlca]|["Pulses"-tx-28-"PULSES"-noun-0,"Pulses"-tx-28-"pulses"-noun-0]|TX|2084/6;2307/6|E01.370.370.380.650;E01.370.600.650;G09.330.380.750
00000000|MMI|32.91|Chest Pain|C0008031|[sosy]|["CHEST PAIN"-tx-9-"chest pain"-noun-1,"CHEST PAIN"-tx-8-"chest pain"-noun-0]|TX|853/10;676/10|C10.597.617.192;C23.888.592.612.233
00000000|MMI|28.69|Ecotrin|C0699274|[orch,phsu]|["Ecotrin"-tx-39-"Ecotrin"-noun-0]|TX|2977/7|D02.455.426.559.389.657.410.595.176
00000000|MMI|26.34|Physicians|C0031831|[prog]|["Doctor"-tx-45-"doctor"-noun-0,"DR"-tx-34-"Dr"-noun-0]|TX|3209/6;2730/2|M01.526.485.810;N02.360.810
00000000|MMI|26.17|Dental Occlusion|C0011382|[ortf]|["Occlusion"-tx-5-"occlusion"-noun-0]|TX|[398/9],[445/9]|E06.276;G10.549.235.202
00000000|MMI|20.95|5-Methyltetrahydrofolate-Homocysteine S-Methyltransferase|C0039676|[aapp,enzy]|["MS"-tx-2-"Ms"-noun-0]|TX|121/2|D08.811.913.555.500.645
00000000|MMI|19.78|Hospitals|C0019994|[hcro,mnob]|["HOSPITAL"-tx-33-"Hospital"-noun-0,"HOSPITAL"-tx-11-"Hospital"-noun-0]|TX|2578/8;1110/8|N02.278.421
00000000|MMI|19.75|Femur|C0015811|[bpoc]|["Femoral"-tx-28-"femorals"-noun-0]|TX|2153/8|A02.835.232.043.650.247
00000000|MMI|19.33|Toes|C0040357|[bpoc]|["Toes"-tx-31-"toes"-noun-0]|TX|2460/4|A01.378.610.250.300.792
00000000|MMI|19.32|Weaning|C0043084|[fndg]|["Weaning"-tx-36-"weaning"-noun-0]|TX|2790/7|G07.203.650.220.500.750;G07.203.650.593.762;G07.700.620.762
00000000|MMI|19.24|Angina Pectoris|C0002962|[fndg]|["ANGINA"-tx-4-"angina"-noun-0]|TX|261/6|C10.597.617.192.500;C14.280.647.187;C14.907.585.187;C23.888.592.612.233.500
00000000|MMI|17.80|Cardiac Catheterization Procedures|C0018795|[hlca]|["coronary catheterisation"-tx-5-"coronary catheterization"-noun-0]|TX|340/24|E01.370.370.380.140;E02.148.442;E05.157.250
00000000|MMI|17.80|Coronary Arteriosclerosis|C0010054|[dsyn]|["coronary artery disease"-tx-1-"CORONARY ARTERY DISEASE"-noun-0]|TX|47/23|C14.280.647.250.260;C14.907.137.126.339;C14.907.585.250.260
00000000|MMI|17.80|Coronary Artery Disease|C1956346|[dsyn]|["CORONARY ARTERY DISEASE"-tx-1-"CORONARY ARTERY DISEASE"-noun-0]|TX|47/23|C14.280.647.250.260;C14.907.137.126.339;C14.907.585.250.260
00000000|MMI|17.80|Echocardiography|C0013516|[diap]|["ECHOCARDIOGRAM"-tx-6-"echocardiogram"-noun-0]|TX|492/14|E01.370.350.130.750;E01.370.350.850.220;E01.370.370.380.220
00000000|MMI|17.80|Electrocardiogram|C0013798|[fndg]|["EKG"-tx-32-"EKG"-noun-0]|TX|2495/3|E01.370.370.380.240;E01.370.405.240
00000000|MMI|17.80|Electrocardiography|C1623258|[diap]|["EKG"-tx-32-"EKG"-noun-0]|TX|2495/3|E01.370.370.380.240;E01.370.405.240
00000000|MMI|17.80|Reflex action|C0034929|[ortf]|["Reflexes"-tx-31-"reflexes"-noun-0]|TX|2417/8|E01.370.376.550.650;E01.370.600.550.650;F02.830.702;G11.561.600.765
00000000|MMI|16.42|Left Ventricular Function|C0080310|[ortf]|["Left Ventricular Function"-tx-6-"left ventricular function"-noun-0]|TX|524/25|G09.330.190.962.800
00000000|MMI|16.39|Show|C1547282|[anim]|["Show"-tx-32-"showed"-verb-0,"Show"-tx-23-"Showed"-verb-0,"Show"-tx-6-"showed"-verb-0,"Show"-tx-5-"showed"-verb-0]|TX|2499/6;1747/6;507/6;384/6|
00000000|MMI|16.38|Hypoglossal nerve structure|C0020614|[bpoc]|["Cranial nerve XII"-tx-29-"cranial nerves XII"-noun-0]|TX|2334/14,2352/3|A08.800.800.120.330
00000000|MMI|16.21|Dominican Republic|C0013014|[geoa]|["DR"-tx-34-"Dr"-noun-0]|TX|2730/2|Z01.107.084.900.300;Z01.639.880.300
00000000|MMI|16.17|Sodium Chloride|C0037494|[bacs,inch,phsu]|["Salt"-tx-8-"Salt"-noun-0]|TX|739/4|D01.210.450.150.875;D01.857.650
00000000|MMI|16.07|Xanax|C0699034|[orch,phsu]|["Xanax"-tx-16-"Xanax"-noun-0]|TX|1459/5|D03.438.079.080.030
00000000|MMI|15.86|To|C1883351|[qlco]|["To"-tx-38-"to"-adv-0,"To"-tx-37-"to"-noun-0,"To"-tx-34-"to"-adv-0,"To"-tx-11-"to"-adv-0]|TX|2922/2;2842/2;2681/2;1095/2|
00000000|MMI|15.51|+2|C0740116|[qnco]|["+2"-tx-31-"2"-integer-0,"+2"-tx-28-"2"-integer-0]|TX|2431/1;[2116/1],[2167/1],[2258/1]|
00000000|MMI|15.51|2+|C3833492|[fndg]|["2+"-tx-31-"2"-integer-0,"2+"-tx-28-"2"-integer-0]|TX|2431/1;[2116/1],[2167/1],[2258/1]|
00000000|MMI|15.51|2+ Score|C2827735|[qnco]|["2+"-tx-31-"2"-integer-0,"2+"-tx-28-"2"-integer-0]|TX|2431/1;[2116/1],[2167/1],[2258/1]|
00000000|MMI|15.51|2+ Score, WHO|C2981700|[clas]|["2+"-tx-31-"2"-integer-0,"2+"-tx-28-"2"-integer-0]|TX|2431/1;[2116/1],[2167/1],[2258/1]|
00000000|MMI|14.64|Abdominal Cavity|C0230168|[blor]|["Abdomen"-tx-26-"ABDOMEN"-noun-0]|TX|1959/7|A01.923.047.025
00000000|MMI|14.64|Coronary heart disease|C0010068|[dsyn]|["Coronary (artery) disease"-tx-1-"CORONARY ARTERY DISEASE"-noun-0]|TX|47/23|C14.280.647.250;C14.907.585.250
00000000|MMI|14.64|Etiology|C1314792|[ftcn]|["Causes"-tx-17-"causes"-verb-0]|TX|1525/6|N05.715.350.200;N06.850.490.625
00000000|MMI|14.64|Hysterectomy|C0020699|[topp]|["Hysterectomy"-tx-13-"hysterectomy"-noun-0]|TX|1350/12|E04.950.300.399
00000000|MMI|14.64|Intra-Aortic Balloon Pumping|C0021860|[topp]|["intra-aortic balloon pump"-tx-7-"intraaortic balloon pump"-noun-0]|TX|555/24|E04.050.215.400
00000000|MMI|14.64|Psychological Transfer|C0040671|[menp]|["TRANSFER"-tx-14-"transfer"-noun-0]|TX|1389/8|F02.463.425.910
00000000|MMI|14.64|Structure of jugular vein|C0022427|[bpoc]|["Jugular veins"-tx-25-"jugular veins"-noun-0]|TX|1926/13|A07.231.908.498
00000000|MMI|13.23|Dyspnea|C0013404|[sosy]|["SHORTNESS OF BREATH"-tx-8-"shortness of breath"-noun-0]|TX|691/19|C08.618.326;C23.888.852.371
00000000|MMI|13.14|Rales|C0034642|[sosy]|["RALES"-tx-22-"rales"-noun-0]|TX|1732/5|C23.888.852.779;E01.370.386.720;G09.772.775
00000000|MMI|13.07|Myocardial Infarction|C0027051|[dsyn]|["Infarction, Myocardial"-tx-11-"myocardial infarction"-noun-1]|TX|1139/21|C14.280.647.500;C14.907.585.500
00000000|MMI|13.03|Class III malocclusion|C0399526|[cgab]|["Anterior occlusion"-tx-5-"occlusion anterior"-noun-0]|TX|445/9,467/8|C07.793.494.650
00000000|MMI|13.01|Sodium Chloride, Dietary|C0206136|[food]|["Salt"-tx-8-"Salt"-noun-0]|TX|739/4|D01.857.650.705;D01.857.700.705
00000000|MMI|12.93|Diltiazem|C0012373|[orch,phsu]|["DILTIAZEM"-tx-14-"Diltiazem"-noun-0]|TX|1413/9|D03.438.079.150
00000000|MMI|12.89|Mental Suffering|C0683278|[mobd]|["suffered"-tx-4-"suffered"-adj-0]|TX|291/8|F01.145.126.990;F02.830.900
00000000|MMI|12.88|Endarterectomy|C0014098|[topp]|["ENDARTERECTOMY"-tx-3-"endarterectomy"-noun-0]|TX|211/14|E04.100.814.456
00000000|MMI|11.68|coronary artery graft device|C1260596|[medd]|["coronary artery bypass graft"-tx-34-"coronary artery bypass graft"-noun-0,"coronary artery bypass graft"-tx-8-"coronary artery bypass graft"-noun-0,"coronary artery bypass graft"-tx-3-"coronary artery bypass graft"-noun-0]|TX|2693/28;781/28;177/28|
00000000|MMI|11.58|Gait normal|C0231683|[fndg]|["Normal"-tx-33-"normal"-adj-1,"Normal"-tx-23-"normal"-adj-0,"Normal"-tx-19-"Normal"-adj-0]|TX|2591/6;1858/6;1630/6|
00000000|MMI|11.58|Mean Percent of Normal|C2347086|[qnco]|["% Normal"-tx-33-"normal"-adj-0,"% Normal"-tx-23-"normal"-adj-0,"% Normal"-tx-19-"Normal"-adj-0]|TX|2591/6;1858/6;1630/6|
00000000|MMI|11.58|Normal|C0205307|[qlco]|["NORMAL"-tx-33-"normal"-adj-0,"NORMAL"-tx-23-"normal"-adj-0,"NORMAL"-tx-19-"Normal"-adj-0]|TX|2591/6;1858/6;1630/6|
00000000|MMI|11.58|Percent normal|C0439166|[qnco]|["% normal"-tx-33-"normal"-adj-0,"% normal"-tx-23-"normal"-adj-0,"% normal"-tx-19-"Normal"-adj-0]|TX|2591/6;1858/6;1630/6|
00000000|MMI|11.49|Abdomen|C0000726|[blor]|["ABDOMEN"-tx-26-"ABDOMEN"-noun-0]|TX|1959/7|A01.923.047
00000000|MMI|11.49|Complication Aspects|C1171258|[patf]|["complications"-tx-42-"complications"-noun-1]|TX|3103/13|x.x.x
00000000|MMI|11.49|Edema|C0013604|[fndg]|["OEDEMA"-tx-27-"edema"-noun-1]|TX|2076/5|C23.888.277
00000000|MMI|11.49|Etiology aspects|C0015127|[ftcn]|["causes"-tx-17-"causes"-verb-0]|TX|1525/6|x.x.x
00000000|MMI|11.49|Exanthema|C0015230|[sosy]|["RASH"-tx-17-"rash"-noun-0]|TX|1534/4|C17.800.257
00000000|MMI|11.49|Physical Examination|C0031809|[hlca]|["PHYSICAL EXAMINATION"-tx-18-"PHYSICAL EXAMINATION"-noun-0]|TX|1541/20|E01.370.600
00000000|MMI|10.91|Admission activity|C0809949|[hlca]|["Admission"-tx-11-"admission"-noun-0,"Admission"-tx-9-"admission"-noun-0,"Admitted"-tx-8-"admitted"-verb-0]|TX|976/9;890/9;725/8|
00000000|MMI|10.91|Hospital admission|C0184666|[hlca]|["Admission"-tx-11-"admission"-noun-0,"Admission"-tx-9-"admission"-noun-0,"admitted"-tx-8-"admitted"-verb-0]|TX|976/9;890/9;725/8|
00000000|MMI|10.85|Six months|C4082120|[tmco]|["Six months"-tx-11-"Six months"-noun-0,"Six months"-tx-9-"six months"-noun-0,"Six months"-tx-4-"six months"-noun-0]|TX|956/10;870/10;268/10|
00000000|MMI|10.69|Bruit|C0006318|[fndg]|["BRUIT"-tx-28-"bruit"-noun-1]|TX|[2141/5],[2177/5],[2203/5]|
00000000|MMI|10.61|90%|C3842582|[fndg]|["90%"-tx-48-"90"-integer-0,"90%"-tx-5-"90"-integer-0]|TX|[3304/2],[3342/2];381/2|
00000000|MMI|10.61|<90|C0439087|[qnco]|["<90"-tx-48-"90"-integer-0,"<90"-tx-5-"90"-integer-0]|TX|[3304/2],[3342/2];381/2|
00000000|MMI|10.61|>90|C0439083|[qnco]|[">90"-tx-48-"90"-integer-0,">90"-tx-5-"90"-integer-0]|TX|[3304/2],[3342/2];381/2|
00000000|MMI|10.42|Disposition|C0743223|[idcn]|["Disposition"-tx-44-"Disposition"-noun-0,"Disposition"-tx-39-"DISPOSITION"-noun-0]|TX|3149/11;2941/11|
00000000|MMI|10.42|Disposition Domain|C1705555|[inpr]|["Disposition"-tx-44-"Disposition"-noun-0,"Disposition"-tx-39-"DISPOSITION"-noun-0]|TX|3149/11;2941/11|
00000000|MMI|10.42|Medical History|C0262926|[fndg]|["Past Medical History"-tx-13-"Past medical history"-noun-0,"Past Medical History"-tx-8-"PAST MEDICAL HISTORY"-noun-0]|TX|1279/20;626/20|
00000000|MMI|10.42|PMH - past medical history|C0455458|[fndg]|["Past medical history"-tx-13-"Past medical history"-noun-0,"Past medical history"-tx-8-"PAST MEDICAL HISTORY"-noun-0]|TX|1279/20;626/20|
00000000|MMI|10.42|Transfer Technique|C1705822|[ftcn]|["Transfer"-tx-14-"transfer"-noun-0,"Transferred"-tx-12-"transferred"-verb-0]|TX|1389/8;1260/11|
00000000|MMI|9.94|Hypertensive disease|C0020538|[dsyn]|["HYPERTENSION"-tx-13-"hypertension"-noun-0]|TX|1333/12|C14.907.489
00000000|MMI|9.84|Women's Health|C0080339|[bmod]|["Woman's Health"-tx-18-"healthy woman"-noun-0]|TX|1573/7,1591/5|N01.400.900
00000000|MMI|9.76|Cardiopulmonary Bypass|C0007202|[topp]|["cardio pulmonary bypass"-tx-36-"cardiopulmonary bypass"-noun-0]|TX|2803/22|E04.292.413
00000000|MMI|9.76|Tablet Dosage Form|C0039225|[bodm]|["TABLET"-tx-41-"tablet"-noun-0]|TX|3051/6|D26.255.830
00000000|MMI|9.73|Back|C0004600|[blor]|["BACK"-tx-21-"back"-adj-0]|TX|1704/4|A01.923.176
00000000|MMI|8.34|Catheterization|C0007430|[topp]|["Catheterization"-tx-8-"catheterization"-noun-0]|TX|763/15|E02.148;E05.157
00000000|MMI|8.34|Heart|C0018787|[bpoc]|["HEART"-tx-23-"HEART"-noun-0]|TX|1740/5|A07.541
00000000|MMI|8.34|Hypersensitivity|C0020517|[patf]|["Allergies"-tx-17-"ALLERGIES"-noun-0]|TX|1478/9|C20.543
00000000|MMI|8.34|Limb structure|C0015385|[bpoc]|["Extremities"-tx-27-"EXTREMITIES"-noun-0]|TX|2055/11|A01.378
00000000|MMI|8.34|Lung|C0024109|[bpoc]|["LUNGS"-tx-22-"LUNGS"-noun-0]|TX|1711/5|A04.411
00000000|MMI|8.34|Neck|C0027530|[blor]|["NECK"-tx-20-"NECK"-noun-0]|TX|1639/4|A01.598
00000000|MMI|8.34|Time|C0040223|[tmco]|["TIME"-tx-10-"time"-noun-0]|TX|920/4|G01.910
00000000|MMI|8.28|put - instruction imperative|C1882509|[acty]|["Put"-tx-11-"Put"-verb-0,"Place"-tx-7-"placed"-verb-0]|TX|1098/3;584/6|
00000000|MMI|7.61|Physiologic pulse|C0391850|[phsf]|["PULSES"-tx-28-"PULSES"-noun-0,"PULSES"-tx-28-"pulses"-noun-1]|TX|2084/6;2307/6|
00000000|MMI|7.53|Chest pain:Finding:Point in time:^Patient:Ordinal|C2926613|[clna]|["Chest pain"-tx-9-"chest pain"-noun-0,"Chest pain"-tx-8-"chest pain"-noun-0]|TX|853/10;676/10|
00000000|MMI|7.49|Positive|C1446409|[qlco]|["Positive"-tx-26-"Positive"-noun-0,"ruled"-tx-11-"ruled"-verb-0]|TX|1968/8;1123/5|
00000000|MMI|7.42|Doctor of Medicine|C1512018|[inpr]|["M.D."-tx-48-"M.D"-noun-0,"M.D."-tx-47-"M.D"-noun-0]|TX|3373/3;3286/3|
00000000|MMI|7.35|Post|C0687676|[tmco]|["Post"-tx-36-"Post"-adv-0,"Status Post"-tx-3-"status post"-noun-0]|TX|2747/4;156/11|
00000000|MMI|7.32|Event Seriousness - Significant|C1546944|[qlco]|["Significant"-tx-13-"significant"-adj-0,"Significant"-tx-8-"Significant"-adj-0]|TX|1303/11;648/11|
00000000|MMI|7.32|Significant|C0750502|[idcn]|["Significant"-tx-13-"significant"-adj-0,"Significant"-tx-8-"Significant"-adj-0]|TX|1303/11;648/11|
00000000|MMI|7.32|Statistical Significance|C0237881|[qnco]|["significant"-tx-13-"significant"-adj-0,"significant"-tx-8-"Significant"-adj-0]|TX|1303/11;648/11|
00000000|MMI|7.30|Doctor - Title|C2348314|[cnce]|["Doctor"-tx-45-"doctor"-noun-0,"Dr."-tx-34-"Dr"-noun-0]|TX|3209/6;2730/2|
00000000|MMI|7.30|Medical center|C0565990|[hcro,mnob]|["Medical centre"-tx-48-"MEDICAL CENTER"-noun-0,"Medical centre"-tx-8-"Medical Center"-noun-0]|TX|3401/14;744/14|
00000000|MMI|7.30|Military Hospital - Medical Center|C1552471|[hcro,mnob]|["Medical Center"-tx-48-"MEDICAL CENTER"-noun-0,"Medical Center"-tx-8-"Medical Center"-noun-0]|TX|3401/14;744/14|
00000000|MMI|7.27|6 Hours|C1292428|[tmco]|["6H"-tx-15-"6h"-noun-0,"6H"-tx-14-"6h"-noun-0]|TX|1448/2;1428/2|
00000000|MMI|7.14|Cardiovascular occlusion|C1110554|[patf]|["OCCLUSION"-tx-5-"occlusion"-noun-0]|TX|[398/9],[445/9]|
00000000|MMI|7.14|Obstruction|C0028778|[patf]|["Occlusion"-tx-5-"occlusion"-noun-0]|TX|[398/9],[445/9]|
00000000|MMI|7.14|Occluded|C1947917|[ftcn]|["Occlusion"-tx-5-"occlusion"-noun-0]|TX|[398/9],[445/9]|
00000000|MMI|7.14|Occlusion - action|C0441597|[ftcn]|["Occlusion"-tx-5-"occlusion"-noun-0]|TX|[398/9],[445/9]|
00000000|MMI|7.14|Occlusion within Medical Device|C1882137|[phpr]|["Occlusion"-tx-5-"occlusion"-noun-0]|TX|[398/9],[445/9]|
00000000|MMI|7.08|Hospital environment|C1510665|[qlco]|["Hospital"-tx-33-"Hospital"-noun-0,"Hospital"-tx-11-"Hospital"-noun-0]|TX|2578/8;1110/8|
00000000|MMI|7.06|ST segment depression (finding)|C0520887|[fndg]|["depressions st"-tx-32-"ST depressions"-noun-0,"depressions st"-tx-12-"ST depressions"-noun-0]|TX|2506/14;1216/14|
00000000|MMI|6.91|year|C0439234|[tmco]|["YEAR"-tx-3-"year"-noun-0,"YEARS"-tx-3-"years"-noun-0]|TX|141/4;235/5|
00000000|MMI|6.89|Left|C0205091|[spco]|["LEFT"-tx-28-"left"-noun-0,"LEFT"-tx-5-"left"-adj-0]|TX|2216/4;462/4|
00000000|MMI|6.89|Left sided|C0443246|[spco]|["Left"-tx-28-"left"-noun-0,"Left"-tx-5-"left"-adj-0]|TX|2216/4;462/4|
00000000|MMI|6.89|Table Cell Horizontal Align - left|C1552822|[ftcn]|["left"-tx-28-"left"-noun-0,"left"-tx-5-"left"-adj-0]|TX|2216/4;462/4|
00000000|MMI|6.71|Salts|C0036140|[chvs]|["Salt"-tx-8-"Salt"-noun-0]|TX|739/4|D01.786
00000000|MMI|6.61|Woman|C0043210|[popg]|["WOMAN"-tx-3-"woman"-noun-0]|TX|150/5|M01.975
00000000|MMI|6.58|Transplanted tissue|C0332835|[tisu]|["GRAFT"-tx-5-"graft"-noun-0]|TX|430/5|A01.941
00000000|MMI|5.18|All extremities|C0278454|[bpoc]|["extremities"-tx-27-"EXTREMITIES"-noun-0]|TX|2055/11|
00000000|MMI|5.18|Allergy to penicillin|C0030824|[dsyn]|["Allergy to penicillin"-tx-17-"allergy to Penicillin"-noun-0]|TX|1497/21|
00000000|MMI|5.18|Chest pain at rest|C0392685|[sosy]|["Chest pain at rest"-tx-11-"chest pain at rest"-noun-0]|TX|1062/18|
00000000|MMI|5.18|Collapsible balloon, device|C2939463|[medd]|["Intra-aortic balloon pump"-tx-7-"intraaortic balloon pump"-noun-0]|TX|555/24|
00000000|MMI|5.18|Complication|C0009566|[patf]|["Complications"-tx-42-"complications"-noun-1]|TX|3103/13|
00000000|MMI|5.18|Consent Type - Hysterectomy|C1548863|[hlca]|["Hysterectomy"-tx-13-"hysterectomy"-noun-0]|TX|1350/12|
00000000|MMI|5.18|Continuous|C0549178|[idcn]|["Continued"-tx-37-"continued"-verb-0]|TX|2832/9|
00000000|MMI|5.18|Discharge date|C2361123|[tmco]|["Discharge date"-tx-1-"Discharge Date"-noun-0]|TX|0/14|
00000000|MMI|5.18|Discharge date:Time Stamp -- Date and Time:Point in time:^Patient:Quantitative|C2361122|[clna]|["Discharge date"-tx-1-"Discharge Date"-noun-0]|TX|0/14|
00000000|MMI|5.18|Echocardiogram (image)|C2243117|[inpr]|["Echocardiogram"-tx-6-"echocardiogram"-noun-0]|TX|492/14|
00000000|MMI|5.18|Edema:Finding:Point in time:^Patient:Ordinal|C1717255|[clna]|["Edema"-tx-27-"edema"-noun-0]|TX|2076/5|
00000000|MMI|5.18|Endarterectomy of coronary artery|C0190195|[topp]|["Coronary endarterectomy"-tx-8-"coronary endarterectomy"-noun-0]|TX|816/23|
00000000|MMI|5.18|Entire abdomen|C1281594|[bpoc]|["Abdomen"-tx-26-"ABDOMEN"-noun-0]|TX|1959/7|
00000000|MMI|5.18|Entire heart|C1281570|[bpoc]|["Heart"-tx-23-"HEART"-noun-0]|TX|1740/5|
00000000|MMI|5.18|Entire neck|C1281592|[bpoc]|["Neck"-tx-20-"NECK"-noun-0]|TX|1639/4|
00000000|MMI|5.18|Entire seventh intercostal space|C1280073|[bsoj]|["Seventh intercostal space"-tx-23-"seventh intercostal space"-noun-0]|TX|1790/25|
00000000|MMI|5.18|Flat shape|C0205324|[spco]|["Flat"-tx-25-"flat"-adj-0]|TX|1915/4|
00000000|MMI|5.18|Gender Status - Intact|C1554187|[fndg]|["Intact"-tx-29-"intact"-adj-0]|TX|2361/6|
00000000|MMI|5.18|HEENT|C1512338|[blor]|["HEENT"-tx-19-"HEENT"-noun-0]|TX|1623/5|
00000000|MMI|5.18|Hepatosplenomegaly|C0019214|[sosy]|["HEPATOSPLENOMEGALY"-tx-26-"hepatosplenomegaly"-noun-1]|TX|2015/18|
00000000|MMI|5.18|History of present illness|C0262512|[orga]|["HISTORY OF PRESENT ILLNESS"-tx-2-"HISTORY OF PRESENT ILLNESS"-noun-0]|TX|93/26|
00000000|MMI|5.18|History of present illness:Finding:Point in time:^Patient:Nominal:Reported|C0488508|[clna]|["History of present illness"-tx-2-"HISTORY OF PRESENT ILLNESS"-noun-0]|TX|93/26|
00000000|MMI|5.18|Hospital course|C0489547|[fndg]|["Hospital course"-tx-34-"HOSPITAL COURSE"-noun-0]|TX|2633/15|
00000000|MMI|5.18|Hospital course:Finding:Point in time:^Patient:Narrative|C0488549|[clna]|["Hospital course"-tx-34-"HOSPITAL COURSE"-noun-0]|TX|2633/15|
00000000|MMI|5.18|Intact|C0205266|[qlco]|["Intact"-tx-29-"intact"-adj-0]|TX|2361/6|
00000000|MMI|5.18|Intra-aortic balloon pump device|C0702122|[medd]|["intraaortic balloon pump"-tx-7-"intraaortic balloon pump"-noun-0]|TX|555/24|
00000000|MMI|5.18|Jugular venous pressure|C0428897|[fndg]|["Jugular venous pressure"-tx-25-"jugular venous pressure"-noun-0]|TX|1887/23|
00000000|MMI|5.18|MTR wt Allele|C3539704|[gngm]|["MS"-tx-2-"Ms"-noun-0]|TX|121/2|
00000000|MMI|5.18|Medication.discharge|C0806915|[fndg]|["Discharge medications"-tx-39-"DISCHARGE MEDICATIONS"-noun-0]|TX|2954/21|
00000000|MMI|5.18|Ms. - Title|C2349943|[cnce]|["Ms."-tx-2-"Ms"-noun-0]|TX|121/2|
00000000|MMI|5.18|Negation|C1518422|[ftcn]|["Not"-tx-26-"not"-adv-0]|TX|2006/3|
00000000|MMI|5.18|Neurologic (qualifier value)|C0205494|[qlco]|["NEUROLOGICAL"-tx-29-"NEUROLOGICAL"-adj-0]|TX|2316/12|
00000000|MMI|5.18|Neurological:-:Point in time:^Patient:-|C2707261|[clna]|["Neurological"-tx-29-"NEUROLOGICAL"-adj-0]|TX|2316/12|
00000000|MMI|5.18|Observation of reflex|C0596002|[fndg]|["Reflexes"-tx-31-"reflexes"-noun-0]|TX|2417/8|
00000000|MMI|5.18|Operation Activity|C3241922|[acty]|["Operation"-tx-34-"operation"-noun-0]|TX|2671/9|
00000000|MMI|5.18|Operation, Not Otherwise Specified|C3828701|[acty]|["Operation, Not Otherwise Specified"-tx-34-"operation"-noun-0]|TX|2671/9|
00000000|MMI|5.18|Operative Surgical Procedures|C0543467|[hlca]|["Operation"-tx-34-"operation"-noun-0]|TX|2671/9|E04
00000000|MMI|5.18|PSMD2 gene|C1419032|[gngm]|["S2"-tx-23-"S2"-noun-0]|TX|1855/2|
00000000|MMI|5.18|Palpable Masses Domain|C2986903|[idcn]|["Palpable Masses"-tx-26-"palpable masses"-noun-0]|TX|2037/15|
00000000|MMI|5.18|RPS2 gene|C1419718|[gngm]|["S2"-tx-23-"S2"-noun-0]|TX|1855/2|
00000000|MMI|5.18|Refractory angina|C0741032|[dsyn]|["Intractable angina"-tx-7-"intractable angina"-noun-0]|TX|605/18|
00000000|MMI|5.18|Relieved (qualifier value)|C1301771|[qlco]|["relieving"-tx-7-"relieving"-verb-0]|TX|591/9|
00000000|MMI|5.18|Relieved by|C0332303|[ftcn]|["relieving"-tx-7-"relieving"-verb-0]|TX|591/9|
00000000|MMI|5.18|Relieving|C1301676|[ftcn]|["Relieving"-tx-7-"relieving"-verb-0]|TX|591/9|
00000000|MMI|5.18|Residential flat|C0457933|[mnob]|["Flat"-tx-25-"flat"-adj-0]|TX|1915/4|
00000000|MMI|5.18|Revision|C0439617|[tmco]|["Redo"-tx-34-"redo"-verb-0]|TX|2684/4|
00000000|MMI|5.18|Rhythm|C0871269|[fndg]|["Rhythm"-tx-23-"rhythm"-noun-0]|TX|1835/6|
00000000|MMI|5.18|Rhythm Not Otherwise Specified ECG Assessment|C3828331|[inpr]|["Rhythm Not Otherwise Specified"-tx-23-"rhythm"-noun-0]|TX|1835/6|
00000000|MMI|5.18|S2|C3812876|[fndg]|["S2"-tx-23-"S2"-noun-0]|TX|1855/2|
00000000|MMI|5.18|S2 innervation|C1179705|[blor]|["S2"-tx-23-"S2"-noun-0]|TX|1855/2|
00000000|MMI|5.18|S4 heart sound|C3853525|[fndg]|["S4"-tx-24-"S4"-noun-0]|TX|1878/2|
00000000|MMI|5.18|S4+|C2349970|[elii]|["S4+"-tx-24-"S4"-noun-0]|TX|1878/2|
00000000|MMI|5.18|Science of Etiology|C1524003|[cnce]|["Cause"-tx-17-"causes"-verb-0]|TX|1525/6|
00000000|MMI|5.18|Structure of seventh intercostal space|C0446482|[bsoj]|["Seventh intercostal space"-tx-23-"seventh intercostal space"-noun-0]|TX|1790/25|
00000000|MMI|5.18|Supple|C0332254|[ftcn]|["Supple"-tx-20-"Supple"-adj-0]|TX|1645/6|
00000000|MMI|5.18|Surgical transfer - action|C0348011|[ftcn]|["transferred"-tx-12-"transferred"-verb-0]|TX|1260/11|
00000000|MMI|5.18|Testicular Cancer Serum Markers Test Result S2|C3812875|[lbtr]|["S2"-tx-23-"S2"-noun-0]|TX|1855/2|
00000000|MMI|5.18|Time (foundation metadata concept)|C3541383|[tmco]|["Time"-tx-10-"time"-noun-0]|TX|920/4|
00000000|MMI|5.18|carotid PULSES|C2367681|[fndg]|["carotid PULSES"-tx-28-"carotid pulses"-noun-0]|TX|2096/14|
00000000|MMI|5.18|dendritic spine neck|C3159206|[celc]|["neck"-tx-20-"NECK"-noun-0]|TX|1639/4|
00000000|MMI|5.18|laboratory examination|C0260877|[fndg]|["Laboratory examination"-tx-32-"LABORATORY EXAMINATION"-noun-0]|TX|2467/22|
00000000|MMI|5.18|rhythmic process (biological)|C1523018|[phsf]|["rhythm"-tx-23-"rhythm"-noun-0]|TX|1835/6|
00000000|MMI|4.12|medication current|C0746467|[fndg]|["current medication"-tx-14-"CURRENT MEDICATIONS"-noun-0]|TX|1365/19|
00000000|MMI|3.98|Dorsalis pedis pulse|C1706488|[ortf]|["Dorsalis pedis pulse"-tx-28-"dorsalis pedis pulses"-noun-0]|TX|2231/21|
00000000|MMI|3.98|Place|C0442504|[spco]|["Place"-tx-7-"placed"-verb-0]|TX|584/6|
00000000|MMI|3.98|Place - dosing instruction imperative|C1704765|[ftcn]|["Place"-tx-7-"placed"-verb-0]|TX|584/6|
00000000|MMI|3.77|Shortness of breath:-:Point in time:^Patient:-|C2707305|[clna]|["Shortness of breath"-tx-8-"shortness of breath"-noun-0]|TX|691/19|
00000000|MMI|3.75|5/5|C0450380|[qnco]|["5/5"-tx-30-"5/5"-fraction-0]|TX|2396/3|
00000000|MMI|3.75|Typical angina|C1998435|[sosy]|["Typical angina"-tx-11-"typical angina"-noun-0]|TX|1012/14|
00000000|MMI|3.68|4+ Answer to question|C3838679|[fndg]|["4+"-tx-34-"4"-fraction-0]|TX|2653/1|
00000000|MMI|3.68|Basilar Rales|C0240859|[fndg]|["Rales"-tx-22-"rales"-noun-0]|TX|1732/5|
00000000|MMI|3.68|Post Device Component|C1704687|[mnob]|["Post"-tx-36-"Post"-adv-0]|TX|2747/4|
00000000|MMI|3.68|Rate|C1521828|[qnco]|["Rate"-tx-23-"rate"-noun-0]|TX|1826/4|
00000000|MMI|3.68|Rating (action)|C0871208|[acty]|["Rate"-tx-23-"rate"-noun-0]|TX|1826/4|
00000000|MMI|3.68|Regulatory Report|C3273238|[inpr]|["Report"-tx-48-"Report"-noun-0]|TX|3319/6|
00000000|MMI|3.68|Report (document)|C0684224|[inpr]|["Report"-tx-48-"Report"-noun-0]|TX|3319/6|
00000000|MMI|3.68|Reporting|C0700287|[hlca]|["Report"-tx-48-"Report"-noun-0]|TX|3319/6|
00000000|MMI|3.68|milligram/day|C0439422|[qnco]|["mg/d"-tx-39-"mg d"-noun-0]|TX|2989/2,2999/1|
00000000|MMI|3.65|discharge diagnosis|C1555319|[fndg]|["Discharge diagnosis"-tx-1-"DISCHARGE DIAGNOSIS"-noun-0]|TX|26/19|
00000000|MMI|3.64|Normal sinus rhythm|C0232202|[fndg]|["NORMAL SINUS RHYTHM"-tx-38-"normal sinus rhythm"-noun-0]|TX|2895/19|
00000000|MMI|3.64|recurrent Chest Pains|C2169796|[sosy]|["recurrent Chest Pain"-tx-12-"recurrent chest pain"-noun-0]|TX|1190/20|
00000000|MMI|3.63|C-Circle|C3538933|[celc]|["CC"-tx-48-"cc"-noun-0]|TX|3378/2|
00000000|MMI|3.63|Hypertension Adverse Event|C1963138|[fndg]|["Hypertension"-tx-13-"hypertension"-noun-0]|TX|1333/12|
00000000|MMI|3.63|Status post|C0231290|[tmco]|["Status post"-tx-3-"status post"-noun-0]|TX|156/11|
00000000|MMI|3.62|Propranolol Hydrochloride 20 MG|C2710359|[clnd]|["Propranolol Hydrochloride 20 MG"-tx-40-"Inderal 20 mg"-noun-0]|TX|3004/13|
00000000|MMI|3.62|Renal angle tenderness|C0235634|[sosy]|["COSTOVERTEBRAL ANGLE TENDERNESS"-tx-21-"costovertebral angle tenderness"-noun-1]|TX|1665/31|
00000000|MMI|3.61|Batch (Response Modality)|C1550176|[inpr]|["Batch"-tx-48-"Batch"-noun-0]|TX|3307/5|
00000000|MMI|3.61|Batch (group)|C1948031|[qnco]|["Batch"-tx-48-"Batch"-noun-0]|TX|3307/5|
00000000|MMI|3.61|Batch Number|C3641829|[inpr]|["BATCH"-tx-48-"Batch"-noun-0]|TX|3307/5|
00000000|MMI|3.61|Clinical Study Follow-up|C3274571|[hlca]|["FOLLOW-UP"-tx-45-"Follow-up"-adj-0]|TX|3174/9|
00000000|MMI|3.61|Electrocardiogram: myocardial infarction (finding)|C0428953|[lbtr]|["MYOCARDIAL INFARCTION"-tx-11-"myocardial infarction"-noun-1]|TX|1139/21|
00000000|MMI|3.61|Follow-Up Report|C1704685|[inpr]|["Follow-Up"-tx-45-"Follow-up"-adj-0]|TX|3174/9|
00000000|MMI|3.61|Follow-up status|C0589120|[fndg]|["Follow-up"-tx-45-"Follow-up"-adj-0]|TX|3174/9|
00000000|MMI|3.61|Myocardial Infarction ECG Assessment|C3810814|[diap]|["Myocardial Infarction"-tx-11-"myocardial infarction"-noun-0]|TX|1139/21|
00000000|MMI|3.61|Myocardial infarction:Finding:Point in time:^Patient:Ordinal|C2926063|[clna]|["Myocardial infarction"-tx-11-"myocardial infarction"-noun-0]|TX|1139/21|
00000000|MMI|3.61|follow-up|C1522577|[hlca]|["Follow Up"-tx-45-"Follow-up"-adj-0]|TX|3174/9|
00000000|MMI|3.60|Venoocclusive disease|C0948441|[dsyn]|["Occlusion of vein"-tx-5-"occlusion of vein"-noun-0]|TX|398/12,425/4|
00000000|MMI|3.60|Plain chest X-ray|C0039985|[diap]|["Chest X-ray"-tx-33-"chest X-Ray"-noun-0]|TX|2542/11|
00000000|MMI|3.60|Views:Finding:Point in time:Chest:Narrative:XR|C1114557|[clna]|["Chest X-ray"-tx-33-"chest X-Ray"-noun-0]|TX|2542/11|
00000000|MMI|3.60|Point A|C2924612|[blor]|["Point A"-tx-23-"a point"-noun-0]|TX|1754/7|
00000000|MMI|3.59|Delayed Release Dosage Form|C1707664|[bodm]|["DR"-tx-34-"Dr"-noun-0]|TX|2730/2|
00000000|MMI|3.59|Device to Subject Relationship Domain|C3540849|[inpr]|["DR"-tx-34-"Dr"-noun-0]|TX|2730/2|
00000000|MMI|3.59|Done (qualifier value)|C1272695|[qlco]|["Done"-tx-34-"done"-aux-0]|TX|2722/4|
00000000|MMI|3.59|Home environment|C0442519|[cnce]|["HOME"-tx-44-"home"-noun-0]|TX|3167/4|
00000000|MMI|3.59|Patient Condition Code - Stable|C1547311|[inpr]|["Stable"-tx-43-"stable"-adj-0]|TX|3127/6|
00000000|MMI|3.59|Stable status|C0205360|[qlco]|["STABLE"-tx-43-"stable"-adj-0]|TX|3127/6|
00000000|MMI|3.58|Seven-Day Report|C1710063|[inpr]|["SEVEN-DAY"-tx-41-"seven days"-noun-0]|TX|3076/10|
00000000|MMI|3.57|20%|C3842589|[fndg]|["20%"-tx-12-"20"-integer-0]|TX|1166/2|
00000000|MMI|3.57|Anterior bronchopulmonary segment of superior pulmonary vein|C0507236|[bpoc]|["V3"-tx-12-"V3"-noun-0]|TX|1234/2|
00000000|MMI|3.57|January|C3829466|[qlco]|["January"-tx-12-"January"-noun-0]|TX|1172/7|
00000000|MMI|3.57|Positive Charge|C2825490|[qlco]|["Positive"-tx-26-"Positive"-noun-0]|TX|1968/8|
00000000|MMI|3.57|Positive Finding|C1514241|[fndg]|["POSITIVE"-tx-26-"Positive"-noun-0]|TX|1968/8|
00000000|MMI|3.57|Positive Number|C3812269|[cnce]|["Positive"-tx-26-"Positive"-noun-0]|TX|1968/8|
00000000|MMI|3.57|percent positive cells|C0439178|[qnco]|["% Positive"-tx-26-"Positive"-noun-0]|TX|1968/8|
00000000|MMI|3.56|Experimental Result|C2825142|[fndg]|["Result"-tx-5-"results"-verb-0]|TX|365/7|
00000000|MMI|3.56|March|C3829202|[qlco]|["March"-tx-11-"March"-noun-0]|TX|1040/5|
00000000|MMI|3.56|Out (direction)|C0439787|[spco]|["Out"-tx-11-"out"-adv-0]|TX|1129/3|
00000000|MMI|3.56|Removed|C0849355|[qlco]|["Out"-tx-11-"out"-adv-0]|TX|1129/3|
00000000|MMI|3.56|Result|C1274040|[ftcn]|["Result"-tx-5-"results"-verb-0]|TX|365/7|
00000000|MMI|3.56|What subject filter - Result|C1546471|[idcn]|["Result"-tx-5-"results"-verb-0]|TX|365/7|
00000000|MMI|3.56|dictated - DocumentCompletion|C1609990|[idcn]|["Dictated"-tx-48-"Dictated"-noun-0]|TX|3345/8|
00000000|MMI|3.56|dictated - ParticipationMode|C1548384|[ftcn]|["dictated"-tx-48-"Dictated"-noun-0]|TX|3345/8|
00000000|MMI|3.54|Double Value Type|C1705765|[qlco]|["Double"-tx-3-"double"-noun-0]|TX|170/6|
00000000|MMI|3.54|Doubling|C1705764|[acty]|["Double"-tx-3-"double"-noun-0]|TX|170/6|
00000000|MMI|3.54|Duplicate|C0205173|[ftcn]|["Double"-tx-3-"double"-noun-0]|TX|170/6|
00000000|MMI|3.53|Tibialis posterior muscle structure|C0224463|[bpoc]|["posterior tibialis"-tx-28-"posterior tibialis"-noun-0]|TX|2288/18|
00000000|MMI|3.53|Side|C0441987|[spco]|["Side"-tx-28-"sides"-noun-0]|TX|2127/5|
00000000|MMI|3.50|Congestive heart failure|C0018802|[dsyn]|["CONGESTIVE HEART FAILURE"-tx-33-"congestive heart failure"-noun-1]|TX|2606/24|
00000000|MMI|3.50|Device Motor|C1705994|[mnob]|["Motor"-tx-30-"motor"-noun-0]|TX|2374/5|
00000000|MMI|3.50|Regular|C0205272|[qlco]|["Regular"-tx-23-"regular"-adj-0]|TX|1818/7|
00000000|MMI|3.50|motor movement|C1513492|[ftcn]|["Motor"-tx-30-"motor"-noun-0]|TX|2374/5|
00000000|MMI|3.48|one time|C3241998|[inpr]|["one time"-tx-41-"one times"-noun-0]|TX|3047/3,3070/5|
00000000|MMI|3.48|Bowel sounds|C0232693|[fndg]|["Bowel sounds"-tx-26-"bowel sounds"-noun-0]|TX|1981/12|
00000000|MMI|3.48|In addition to|C0332287|[ftcn]|["Plus"-tx-13-"plus"-adj-0]|TX|1328/4|
00000000|MMI|3.48|Recurrent|C2945760|[tmco]|["RECURRENT"-tx-11-"recurrent"-adj-0]|TX|1002/9|
00000000|MMI|3.48|Table Frame - above|C1552828|[idcn]|["above"-tx-13-"above"-adj-0]|TX|1322/5|
00000000|MMI|3.48|Upper|C1282910|[spco]|["Above"-tx-13-"above"-adj-0]|TX|1322/5|
00000000|MMI|3.47|Saphenous vein graft|C0729538|[bpoc]|["SAPHENOUS VEIN GRAFT"-tx-5-"saphenous vein graft"-noun-0]|TX|415/20|
00000000|MMI|3.47|/40|C0439509|[tmco]|["/40"-tx-15-"40"-integer-0]|TX|1443/2|
00000000|MMI|3.47|10%|C3842590|[fndg]|["10%"-tx-48-"10"-fraction-0]|TX|3298/2|
00000000|MMI|3.47|40%|C3842587|[qnco]|["40%"-tx-15-"40"-integer-0]|TX|1443/2|
00000000|MMI|3.47|60%|C3842585|[fndg]|["60%"-tx-14-"60"-integer-0]|TX|1423/2|
00000000|MMI|3.47|Excellent (qualifier value)|C1961136|[qlco]|["Excellent"-tx-6-"excellent"-adj-0]|TX|514/9|
00000000|MMI|3.47|Excellent - Specimen Quality|C1548784|[qlco]|["Excellent"-tx-6-"excellent"-adj-0]|TX|514/9|
00000000|MMI|3.46|3/5|C0442758|[qnco]|["3 5"-tx-48-"3/5"-fraction-0]|TX|3338/3|
00000000|MMI|3.46|Before|C0332152|[tmco]|["Prior to"-tx-11-"prior to"-prep-0]|TX|967/8|
00000000|MMI|3.46|Bactrim DS|C1154231|[orch,phsu]|["Bactrim DS"-tx-41-"Bactrim DS"-noun-0]|TX|3036/10|
00000000|MMI|3.46|Incision and drainage|C0152277|[topp]|["i d"-tx-41-"i.d"-adv-0]|TX|3065/3|
00000000|MMI|3.46|Old|C0580836|[tmco]|["Old"-tx-3-"old"-noun-0]|TX|146/3|
00000000|MMI|3.46|per year|C0439508|[tmco]|["/Year"-tx-3-"year"-noun-0]|TX|141/4|
00000000|MMI|3.45|Body Fluid Discharge|C0012621|[bdsu]|["Discharge"-tx-43-"discharge"-noun-0]|TX|3137/9|
00000000|MMI|3.45|Discharge, body substance|C2926602|[bdsu]|["Discharge"-tx-43-"discharge"-noun-0]|TX|3137/9|
00000000|MMI|3.45|Tablet Dosing Unit|C1705223|[qnco]|["TABLET"-tx-41-"tablet"-noun-0]|TX|3051/6|
00000000|MMI|3.44|Left anterior|C0441998|[spco]|["Left anterior"-tx-5-"left anterior"-adj-0]|TX|462/13|
00000000|MMI|3.44|1990s|C0681758|[tmco]|["1990s"-tx-1-"1990"-integer-0]|TX|21/4|
00000000|MMI|3.44|Vanadium 5+|C2349105|[elii]|["V5+"-tx-12-"V5"-noun-0]|TX|1245/2|
00000000|MMI|3.43|Biphasic|C0205184|[tmco]|["Biphasic"-tx-32-"biphasic"-adj-0]|TX|2526/8|
00000000|MMI|3.43|Borg Category-Ratio 10 Perceived Exertion Score 10|C4049713|[inpr]|["Maximal"-tx-23-"maximal"-noun-0]|TX|1765/7|
00000000|MMI|3.43|Maximal (qualifier value)|C0205289|[qlco]|["Maximal"-tx-23-"maximal"-noun-0]|TX|1765/7|
00000000|MMI|3.43|Maximum|C0806909|[qnco]|["Maximal"-tx-23-"maximal"-noun-0]|TX|1765/7|
00000000|MMI|3.43|Weekly|C0332174|[tmco]|["/week"-tx-45-"week"-noun-0]|TX|3193/4|
00000000|MMI|3.43|With intensity|C0522510|[qlco]|["Intensity"-tx-23-"intensity"-noun-0]|TX|1773/9|
00000000|MMI|3.43|week|C0439230|[tmco]|["WEEK"-tx-45-"week"-noun-0]|TX|3193/4|
00000000|MMI|3.43|Has difficulty doing (qualifier value)|C1299586|[fndg]|["Difficulty"-tx-36-"difficulty"-noun-0]|TX|2779/10|
00000000|MMI|3.43|Right|C0205090|[spco]|["RIGHT"-tx-28-"right"-noun-0]|TX|2190/5|
00000000|MMI|3.43|Right sided|C0444532|[spco]|["Right"-tx-28-"right"-noun-0]|TX|2190/5|
00000000|MMI|3.43|day|C0439228|[tmco]|["DAYS"-tx-4-"days"-noun-0]|TX|329/4|
00000000|MMI|3.42|Back structure, excluding neck|C1995000|[blor]|["Back, NOS"-tx-21-"back"-adj-0]|TX|1704/4|
00000000|MMI|3.42|Back structure, including back of neck|C0460009|[blor]|["Back"-tx-21-"back"-adj-0]|TX|1704/4|
00000000|MMI|3.42|Borg Category-Ratio 10 Perceived Exertion Score 5|C4050466|[inpr]|["Severe"-tx-5-"severe"-adj-0]|TX|391/6|
00000000|MMI|3.42|Descending|C0205386|[qlco]|["Descending"-tx-5-"descending"-noun-0]|TX|476/10|
00000000|MMI|3.42|Dorsal|C0205095|[spco]|["BACK"-tx-21-"back"-adj-0]|TX|1704/4|
00000000|MMI|3.42|Evidence|C3887511|[idcn]|["Evidence"-tx-37-"evidence"-noun-0]|TX|2861/8|
00000000|MMI|3.42|Good|C0205170|[qlco]|["Well"-tx-37-"well"-adv-0]|TX|2848/4|
00000000|MMI|3.42|Graft material|C0181074|[bodm]|["{Graft}"-tx-5-"graft"-noun-0]|TX|430/5|
00000000|MMI|3.42|Grafting procedure|C1961139|[topp]|["Graft, NOS"-tx-5-"graft"-noun-0]|TX|430/5|
00000000|MMI|3.42|Sequencing - Descending|C1547177|[ftcn]|["Descending"-tx-5-"descending"-noun-0]|TX|476/10|
00000000|MMI|3.42|Severe (severity modifier)|C0205082|[qlco]|["SEVERE"-tx-5-"severe"-adj-0]|TX|391/6|
00000000|MMI|3.42|Severe Extremity Pain|C4050465|[inpr]|["Severe"-tx-5-"severe"-adj-0]|TX|391/6|
00000000|MMI|3.42|Well|C3146287|[mnob]|["Well"-tx-37-"well"-adv-0]|TX|2848/4|
