00000000|MMI|54.24|Togo|C0040363|[geoa]|["TO"-tx-20-"to"-adv-0,"TO"-tx-16-"to"-adv-0,"TO"-tx-3-"to"-adv-0]|TX|1887/2;1368/2;474/2|Z01.058.290.190.800
00000000|MMI|54.24|Tryptophanase|C0041260|[aapp,enzy]|["TO"-tx-20-"to"-adv-0,"TO"-tx-16-"to"-adv-0,"TO"-tx-3-"to"-adv-0]|TX|1887/2;1368/2;474/2|D08.811.520.224.800
00000000|MMI|45.35|White Blood Cell Count procedure|C0023508|[lbpr]|["White Blood Cells"-tx-16-"white blood cells"-noun-0,"Blood Cell Count, White"-tx-15-"white blood cell count"-noun-0]|TX|1377/17;1241/22|E01.370.225.500.195.107.595;E01.370.225.625.107.595;E05.200.500.195.107.595;E05.200.625.107.595;E05.242.195.107.595;G04.170.107.595;G09.188.105.595
00000000|MMI|45.35|Mevacor|C0728780|[orch,phsu]|["Mevacor"-tx-26-"Mevacor"-noun-0,"Mevacor"-tx-8-"Mevacor"-noun-0]|TX|2159/7;812/7|D02.455.426.559.847.638.400;D04.615.638.400
00000000|MMI|45.25|Antibiotics, Antitubercular|C0003237|[antb]|["Antibiotics"-tx-20-"antibiotics"-noun-0,"Antibiotics"-tx-17-"antibiotics"-noun-0]|TX|1809/11;1497/11|D27.505.954.122.085.255.135
00000000|MMI|32.62|Prostatism|C0242453|[sosy]|["PROSTATISM"-tx-18-"prostatism"-noun-0,"PROSTATISM"-tx-3-"prostatism"-noun-0]|TX|1580/10;482/10|C23.888.942.343.600
00000000|MMI|32.56|Antibiotics|C0003232|[antb]|["Antibiotics"-tx-20-"antibiotics"-noun-0,"Antibiotics"-tx-17-"antibiotics"-noun-0]|TX|1809/11;1497/11|D27.505.954.122.085
00000000|MMI|32.29|Iodides|C0021966|[inch]|["I-"-tx-26-"i"-adv-0,"I-"-tx-12-"I"-noun-0]|TX|2306/1;1061/1|D01.248.497.158.490;D01.475.410
00000000|MMI|30.42|Dolobid|C0699201|[orch,phsu]|["Dolobid"-tx-8-"Dolobid"-noun-0]|TX|790/7|D02.455.426.559.389.657.410.595.303
00000000|MMI|30.42|Ecotrin|C0699274|[orch,phsu]|["Ecotrin"-tx-8-"Ecotrin"-noun-0]|TX|822/7|D02.455.426.559.389.657.410.595.176
00000000|MMI|29.46|Rheumatoid Arthritis|C0003873|[dsyn]|["RHEUMATOID ARTHRITIS"-tx-5-"rheumatoid arthritis"-noun-0,"RHEUMATOID ARTHRITIS"-tx-2-"rheumatoid arthritis"-noun-0]|TX|641/20;288/20|C05.550.114.154;C05.799.114;C17.300.775.099;C20.111.199
00000000|MMI|26.26|Diabetes Mellitus|C0011849|[dsyn]|["DIABETES MELLITUS"-tx-5-"diabetes mellitus"-noun-0,"Diabetes"-tx-2-"diabetes"-noun-0]|TX|621/17;277/8|C18.452.394.750;C19.246
00000000|MMI|25.41|Patients|C0030705|[podg]|["*^patient"-tx-21-"patient"-noun-0,"*^patient"-tx-17-"patient"-noun-0,"*^patient"-tx-2-"patient"-noun-0]|TX|1932/7;1418/7;242/7|M01.643
00000000|MMI|23.12|Hypertensive disease|C0020538|[dsyn]|["HYPERTENSION"-tx-5-"hypertension"-noun-0,"HYPERTENSION"-tx-2-"hypertension"-noun-0]|TX|666/12;313/12|C14.907.489
00000000|MMI|20.95|Tenormin|C0592168|[orch,phsu]|["Tenormin"-tx-8-"Tenormin"-noun-0]|TX|779/8|D02.033.100.624.698.070;D02.033.755.624.698.070;D02.092.063.624.698.070
00000000|MMI|19.83|Males|C0086582|[orga]|["MALE"-tx-9-"male"-noun-0,"MALE"-tx-2-"male"-noun-0]|TX|904/4;267/4|x.x.x
00000000|MMI|19.26|Transurethral Resection of Prostate|C0040771|[topp]|["Transurethral Resection of the Prostate"-tx-18-"transurethral resection of the prostate"-noun-0]|TX|1642/39|E04.950.774.860.625.750
00000000|MMI|19.22|Patient Discharge|C0030685|[hlca]|["Discharge"-tx-22-"DISCHARGE"-noun-0]|TX|1977/9|E02.204.125;E02.760.400.610;N02.421.192.125;N02.421.585.400.610;N04.590.233.727.210.125
00000000|MMI|17.80|Coronary Arteriosclerosis|C0010054|[dsyn]|["coronary artery disease"-tx-5-"coronary artery disease"-noun-0]|TX|571/23|C14.280.647.250.260;C14.907.137.126.339;C14.907.585.250.260
00000000|MMI|17.80|Coronary Artery Disease|C1956346|[dsyn]|["CORONARY ARTERY DISEASE"-tx-5-"coronary artery disease"-noun-0]|TX|571/23|C14.280.647.250.260;C14.907.137.126.339;C14.907.585.250.260
00000000|MMI|17.80|Nifedipine|C0028066|[orch,phsu]|["NIFEDIPINE"-tx-8-"Nifedipine"-noun-0]|TX|832/10|D03.383.725.203.540
00000000|MMI|17.80|Urinalysis|C0042014|[lbpr]|["Urinalysis"-tx-16-"Urinalysis"-noun-0]|TX|1300/10|E01.370.225.124.810;E01.370.390.810;E05.200.124.810
00000000|MMI|16.59|Records|C0034869|[inpr]|["Record"-tx-14-"recorded"-verb-0]|TX|1179/8|E05.318.308.940;L01.280.900;N04.452.859;N05.715.360.300.715;N06.850.520.308.940
00000000|MMI|16.25|Creatinine|C0010294|[bacs,orch]|["CREATININE"-tx-15-"creatinine"-noun-0]|TX|1283/10|D03.383.129.308.207
00000000|MMI|16.21|Dominican Republic|C0013014|[geoa]|["DR"-tx-23-"Dr"-noun-0]|TX|2017/2|Z01.107.084.900.300;Z01.639.880.300
00000000|MMI|16.18|Dysuria|C0013428|[sosy]|["DYSURIA"-tx-3-"dysuria"-noun-0]|TX|450/7|C23.888.942.343.274
00000000|MMI|16.08|Procardia XL|C0524665|[orch,phsu]|["Procardia XL"-tx-26-"Procardia XL"-noun-0]|TX|2126/12|D03.383.725.203.540
00000000|MMI|16.04|British Virgin Islands|C0205999|[geoa]|["VI"-tx-12-"VI"-noun-0]|TX|1063/2|Z01.107.084.900.182
00000000|MMI|15.79|Abortion consent:Finding:Point in time:^Patient:Document|C2360836|[clna]|["Patient"-tx-21-"patient"-noun-0,"Patient"-tx-17-"patient"-noun-0,"Patient"-tx-2-"patient"-noun-0]|TX|1932/7;1418/7;242/7|
00000000|MMI|15.79|Doctor of Medicine|C1512018|[inpr]|["M.D."-tx-31-"M.D"-noun-0,"M.D."-tx-29-"M.D"-noun-0,"M.D."-tx-28-"M.D"-noun-0]|TX|2483/3;2447/3;2356/3|
00000000|MMI|15.79|Hysterectomy consent:Finding:Point in time:^Patient:Document|C2360838|[clna]|["Patient"-tx-21-"patient"-noun-0,"Patient"-tx-17-"patient"-noun-0,"Patient"-tx-2-"patient"-noun-0]|TX|1932/7;1418/7;242/7|
00000000|MMI|15.79|Sterilization consent:Finding:Point in time:^Patient:Document|C2360840|[clna]|["Patient"-tx-21-"patient"-noun-0,"Patient"-tx-17-"patient"-noun-0,"Patient"-tx-2-"patient"-noun-0]|TX|1932/7;1418/7;242/7|
00000000|MMI|15.79|To|C1883351|[qlco]|["To"-tx-20-"to"-adv-0,"To"-tx-16-"to"-adv-0,"To"-tx-3-"to"-adv-0]|TX|1887/2;1368/2;474/2|
00000000|MMI|14.64|Abdominal Cavity|C0230168|[blor]|["Abdomen"-tx-13-"Abdomen"-noun-0]|TX|1088/7|A01.923.047.025
00000000|MMI|14.64|Coronary heart disease|C0010068|[dsyn]|["Coronary (artery) disease"-tx-5-"coronary artery disease"-noun-0]|TX|571/23|C14.280.647.250;C14.907.585.250
00000000|MMI|14.64|Hospitalization|C0019993|[hlca]|["hospitalisation"-tx-19-"hospitalization"-noun-0]|TX|1695/15|E02.760.400;N02.421.585.400
00000000|MMI|14.64|Leukocytes|C0023516|[cell]|["White Blood Cells"-tx-16-"white blood cells"-noun-0]|TX|1377/17|A11.118.637;A15.145.229.637;A15.382.490
00000000|MMI|14.64|Myocardial Infarction|C0027051|[dsyn]|["Infarction, Myocardial"-tx-5-"myocardial infarction"-noun-0]|TX|597/21|C14.280.647.500;C14.907.585.500
00000000|MMI|13.22|Leucocyte esterase|C0125619|[aapp,enzy]|["Leukocyte esterase"-tx-16-"leukocyte esterase"-noun-0]|TX|1332/18|x.x.x.x
00000000|MMI|13.05|Physicians|C0031831|[prog]|["DR"-tx-23-"Dr"-noun-0]|TX|2017/2|M01.526.485.810;N02.360.810
00000000|MMI|13.03|Fever|C0015967|[fndg]|["FEVER"-tx-2-"fever"-noun-0]|TX|336/5|C23.888.119.344
00000000|MMI|12.92|Vital signs|C0518766|[clna]|["Signs, Vital"-tx-9-"vital signs"-noun-0]|TX|953/11|E01.370.600.875
00000000|MMI|12.89|Caucasoid Race|C0007457|[popg]|["WHITE"-tx-9-"white"-adj-0]|TX|898/5|M01.686.508.400
00000000|MMI|11.49|Abdomen|C0000726|[blor]|["ABDOMEN"-tx-13-"Abdomen"-noun-0]|TX|1088/7|A01.923.047
00000000|MMI|11.49|Physical Examination|C0031809|[hlca]|["PHYSICAL EXAMINATION"-tx-9-"PHYSICAL EXAMINATION"-noun-0]|TX|845/20|E01.370.600
00000000|MMI|11.23|Patient Condition Code - Stable|C1547311|[inpr]|["Stable"-tx-22-"stable"-adj-0,"Stable"-tx-20-"stable"-adj-0,"Stable"-tx-9-"stable"-adj-0]|TX|1990/6;1866/6;946/6|
00000000|MMI|11.23|Stable status|C0205360|[qlco]|["STABLE"-tx-22-"stable"-adj-0,"STABLE"-tx-20-"stable"-adj-0,"STABLE"-tx-9-"stable"-adj-0]|TX|1990/6;1866/6;946/6|
00000000|MMI|11.20|milligram/day|C0439422|[qnco]|["mg day"-tx-26-"mg day"-noun-0]|TX|[2142/2,2153/3],[2170/2,2181/3],[2201/2,2212/3]|
00000000|MMI|10.75|day|C0439228|[tmco]|["DAY"-tx-26-"day"-noun-0,"DAYS"-tx-19-"days"-noun-0]|TX|[2120/3],[2243/3];1769/4|
00000000|MMI|10.42|Hypertension Adverse Event|C1963138|[fndg]|["Hypertension"-tx-5-"hypertension"-noun-0,"Hypertension"-tx-2-"hypertension"-noun-0]|TX|666/12;313/12|
00000000|MMI|10.42|On admission|C0457453|[tmco]|["On admission"-tx-15-"On admission"-adj-0,"On admission"-tx-8-"on admission"-adj-0]|TX|1207/12;762/12|
00000000|MMI|10.06|Drug Allergy|C0013182|[dsyn]|["Drug Allergies"-tx-7-"drug allergies"-noun-1]|TX|733/14|C20.543.206;C25.100.468
00000000|MMI|9.90|Disease|C0012634|[dsyn]|["condition"-tx-22-"CONDITION"-noun-0]|TX|1964/9|C23.550.288
00000000|MMI|9.88|Chills|C0085593|[sosy]|["shaking chills"-tx-2-"shaking chills"-noun-1]|TX|353/14|C23.888.208
00000000|MMI|9.77|Upper Respiratory Infections|C0041912|[dsyn]|["Respiratory Infection, Upper"-tx-2-"upper respiratory infection"-noun-1]|TX|388/27|C01.539.739;C08.730
00000000|MMI|8.34|Head|C0018670|[blor]|["HEAD"-tx-10-"Head"-noun-0]|TX|967/4|A01.456
00000000|MMI|8.34|Heart|C0018787|[bpoc]|["HEART"-tx-12-"Heart"-noun-0]|TX|1018/5|A07.541
00000000|MMI|8.34|Lung|C0024109|[bpoc]|["LUNGS"-tx-11-"Lungs"-noun-0]|TX|1000/5|A04.411
00000000|MMI|8.34|Neck|C0027530|[blor]|["NECK"-tx-10-"neck"-noun-0]|TX|976/4|A01.598
00000000|MMI|7.46|Sepsis due to urinary tract infection|C0149801|[dsyn]|["UROSEPSIS"-tx-17-"urosepsis"-noun-0,"UROSEPSIS"-tx-1-"UROSEPSIS"-noun-0]|TX|1461/9;198/9|
00000000|MMI|7.31|1+|C3816745|[fndg]|["1+"-tx-30-"1"-integer-0,"1+"-tx-16-"1"-integer-0]|TX|2461/1;1329/1|
00000000|MMI|7.31|1+ Score|C2827734|[qnco]|["1+"-tx-30-"1"-integer-0,"1+"-tx-16-"1"-integer-0]|TX|2461/1;1329/1|
00000000|MMI|7.31|1+ Score, WHO|C2981698|[clas]|["1+"-tx-30-"1"-integer-0,"1+"-tx-16-"1"-integer-0]|TX|2461/1;1329/1|
00000000|MMI|7.31|Known|C0205309|[qlco]|["Known"-tx-7-"known"-adj-0,"Known"-tx-3-"known"-verb-0]|TX|727/5;468/5|
00000000|MMI|7.23|Daily|C0332173|[tmco]|["/day"-tx-26-"day"-noun-0]|TX|[2120/3],[2243/3]|
00000000|MMI|7.23|per day|C0439505|[tmco]|["/day"-tx-26-"day"-noun-0]|TX|[2120/3],[2243/3]|
00000000|MMI|7.18|Antibiotic throat preparations|C3540706|[antb]|["Antibiotics"-tx-20-"antibiotics"-noun-0,"Antibiotics"-tx-17-"antibiotics"-noun-0]|TX|1809/11;1497/11|
00000000|MMI|7.18|Antibiotics FOR TREATMENT OF HEMORRHOIDS AND ANAL FISSURES FOR TOPICAL USE|C3540707|[antb]|["Antibiotics"-tx-20-"antibiotics"-noun-0,"Antibiotics"-tx-17-"antibiotics"-noun-0]|TX|1809/11;1497/11|
00000000|MMI|7.18|Antibiotics for systemic use|C3540704|[antb]|["Antibiotics"-tx-20-"antibiotics"-noun-0,"Antibiotics"-tx-17-"antibiotics"-noun-0]|TX|1809/11;1497/11|
00000000|MMI|7.18|Antibiotics, Gynecological|C3540708|[antb]|["Antibiotics"-tx-20-"antibiotics"-noun-0,"Antibiotics"-tx-17-"antibiotics"-noun-0]|TX|1809/11;1497/11|
00000000|MMI|7.18|Antibiotics, ophthalmologic|C3540710|[antb]|["Antibiotics"-tx-20-"antibiotics"-noun-0,"Antibiotics"-tx-17-"antibiotics"-noun-0]|TX|1809/11;1497/11|
00000000|MMI|7.18|Antifungal Antibiotics, Topical|C3540705|[antb]|["Antibiotics"-tx-20-"antibiotics"-noun-0,"Antibiotics"-tx-17-"antibiotics"-noun-0]|TX|1809/11;1497/11|
00000000|MMI|7.18|antibiotics, intestinal|C3540709|[antb]|["Antibiotics"-tx-20-"antibiotics"-noun-0,"Antibiotics"-tx-17-"antibiotics"-noun-0]|TX|1809/11;1497/11|
00000000|MMI|7.16|Apyrexial|C0277797|[fndg]|["Afebrile"-tx-19-"afebrile"-adj-0,"Afebrile"-tx-9-"afebrile"-adj-1]|TX|1750/8;932/8|
00000000|MMI|7.14|Male Gender, Self Report|C1706180|[qlco]|["Male"-tx-9-"male"-noun-0,"Male"-tx-2-"male"-noun-0]|TX|904/4;267/4|
00000000|MMI|7.14|Male Phenotype|C1706428|[qlco]|["Male"-tx-9-"male"-noun-0,"Male"-tx-2-"male"-noun-0]|TX|904/4;267/4|
00000000|MMI|7.14|Male, Self-Reported|C1706429|[orga]|["Male"-tx-9-"male"-noun-0,"Male"-tx-2-"male"-noun-0]|TX|904/4;267/4|
00000000|MMI|7.13|Emotions|C0013987|[menp]|["feel"-tx-20-"felt"-verb-0]|TX|1882/4|F01.470
00000000|MMI|6.91|Blood group antibody I|C0221138|[aapp,imft]|["I NOS"-tx-26-"i"-adv-0,"I NOS"-tx-12-"I"-noun-0]|TX|2306/1;1061/1|
00000000|MMI|6.71|pH|C4048290|[qnco]|["pH"-tx-16-"pH"-noun-0]|TX|1317/2|G02.300
00000000|MMI|5.18|Clear|C2963144|[qlco]|["Clear"-tx-11-"clear"-adj-0]|TX|1010/5|
00000000|MMI|5.18|Clinical Study Follow-up|C3274571|[hlca]|["FOLLOW-UP"-tx-23-"Follow up"-adj-0]|TX|1999/9|
00000000|MMI|5.18|Count|C0750480|[qnco]|["Count"-tx-16-"count"-verb-0]|TX|1371/5|
00000000|MMI|5.18|Count Dosing Unit|C1705566|[qnco]|["COUNT"-tx-16-"count"-verb-0]|TX|1371/5|
00000000|MMI|5.18|Disposition|C0743223|[idcn]|["Disposition"-tx-21-"DISPOSITION"-noun-0]|TX|1915/11|
00000000|MMI|5.18|Disposition Domain|C1705555|[inpr]|["Disposition"-tx-21-"DISPOSITION"-noun-0]|TX|1915/11|
00000000|MMI|5.18|Electrocardiogram: myocardial infarction (finding)|C0428953|[lbtr]|["MYOCARDIAL INFARCTION"-tx-5-"myocardial infarction"-noun-0]|TX|597/21|
00000000|MMI|5.18|Entire abdomen|C1281594|[bpoc]|["Abdomen"-tx-13-"Abdomen"-noun-0]|TX|1088/7|
00000000|MMI|5.18|Entire head|C1281590|[bpoc]|["Head"-tx-10-"Head"-noun-0]|TX|967/4|
00000000|MMI|5.18|Entire heart|C1281570|[bpoc]|["Heart"-tx-12-"Heart"-noun-0]|TX|1018/5|
00000000|MMI|5.18|Entire neck|C1281592|[bpoc]|["Neck"-tx-10-"neck"-noun-0]|TX|976/4|
00000000|MMI|5.18|Follow-Up Report|C1704685|[inpr]|["Follow-Up"-tx-23-"Follow up"-adj-0]|TX|1999/9|
00000000|MMI|5.18|Follow-up status|C0589120|[fndg]|["Follow-up"-tx-23-"Follow up"-adj-0]|TX|1999/9|
00000000|MMI|5.18|H/O: surgery|C0455610|[fndg]|["Past surgical history"-tx-6-"Past surgical history"-noun-1]|TX|681/21|
00000000|MMI|5.18|Head - Component of Device|C1706305|[mnob]|["Head"-tx-10-"Head"-noun-0]|TX|967/4|
00000000|MMI|5.18|History of present illness|C0262512|[orga]|["HISTORY OF PRESENT ILLNESS"-tx-2-"HISTORY OF PRESENT ILLNESS"-noun-0]|TX|210/26|
00000000|MMI|5.18|History of present illness:Finding:Point in time:^Patient:Nominal:Reported|C0488508|[clna]|["History of present illness"-tx-2-"HISTORY OF PRESENT ILLNESS"-noun-0]|TX|210/26|
00000000|MMI|5.18|Hospital course|C0489547|[fndg]|["Hospital course"-tx-17-"HOSPITAL COURSE"-noun-0]|TX|1397/15|
00000000|MMI|5.18|Hospital course:Finding:Point in time:^Patient:Narrative|C0488549|[clna]|["Hospital course"-tx-17-"HOSPITAL COURSE"-noun-0]|TX|1397/15|
00000000|MMI|5.18|Laboratory Data Domain|C1705214|[idcn]|["Laboratory Data"-tx-15-"LABORATORY DATA"-noun-0]|TX|1190/15|
00000000|MMI|5.18|Medical History|C0262926|[fndg]|["Past Medical History"-tx-5-"Past medical history"-noun-0]|TX|547/20|
00000000|MMI|5.18|Medications:-:Point in time:^Patient:-|C2598133|[clna]|["Medications"-tx-8-"Medications"-noun-0]|TX|750/11|
00000000|MMI|5.18|Medications:Presence or Identity:Duration of the study:^Patient:Nominal|C0802604|[clna]|["Medications"-tx-8-"Medications"-noun-0]|TX|750/11|
00000000|MMI|5.18|Myocardial Infarction ECG Assessment|C3810814|[diap]|["Myocardial Infarction"-tx-5-"myocardial infarction"-noun-0]|TX|597/21|
00000000|MMI|5.18|Myocardial infarction:Finding:Point in time:^Patient:Ordinal|C2926063|[clna]|["Myocardial infarction"-tx-5-"myocardial infarction"-noun-0]|TX|597/21|
00000000|MMI|5.18|Negation|C1518422|[ftcn]|["Not"-tx-14-"not"-adv-0]|TX|1175/3|
00000000|MMI|5.18|Negative|C0205160|[qlco]|["Negative"-tx-6-"negative"-adj-0]|TX|706/8|
00000000|MMI|5.18|Negative - answer|C3853545|[qlco]|["Negative"-tx-6-"negative"-adj-0]|TX|706/8|
00000000|MMI|5.18|Negative Charge|C2825491|[qlco]|["Negative"-tx-6-"negative"-adj-0]|TX|706/8|
00000000|MMI|5.18|Negative Finding|C1513916|[fndg]|["NEGATIVE"-tx-6-"negative"-adj-0]|TX|706/8|
00000000|MMI|5.18|Negative Number|C2825415|[cnce]|["Negative"-tx-6-"negative"-adj-0]|TX|706/8|
00000000|MMI|5.18|Negative Surgical Margin|C1709157|[fndg]|["Clear"-tx-11-"clear"-adj-0]|TX|1010/5|
00000000|MMI|5.18|Non-tender|C0520960|[qlco]|["Nontender"-tx-13-"nontender"-adj-0]|TX|1099/9|
00000000|MMI|5.18|Normal|C0205307|[qlco]|["Unremarkable"-tx-10-"unremarkable"-adj-0]|TX|985/12|
00000000|MMI|5.18|PMH - past medical history|C0455458|[fndg]|["Past medical history"-tx-5-"Past medical history"-noun-0]|TX|547/20|
00000000|MMI|5.18|Pharmaceutical Preparations|C0013227|[phsu]|["Medications"-tx-8-"Medications"-noun-0]|TX|750/11|D26
00000000|MMI|5.18|Ready for discharge|C2314972|[fndg]|["Ready for discharge"-tx-20-"ready for discharge"-noun-0]|TX|1893/19|
00000000|MMI|5.18|dendritic spine neck|C3159206|[celc]|["neck"-tx-10-"neck"-noun-0]|TX|976/4|
00000000|MMI|5.18|follow-up|C1522577|[hlca]|["Follow Up"-tx-23-"Follow up"-adj-0]|TX|1999/9|
00000000|MMI|4.19|Discharge to home|C0184713|[topp]|["Discharge to home"-tx-21-"discharged to home"-noun-0]|TX|1943/18|
00000000|MMI|3.98|Appearance|C0700364|[qlco]|["APPEAR"-tx-9-"appearing"-verb-0]|TX|888/9|
00000000|MMI|3.98|Make - Instruction Imperative|C1881534|[ftcn]|["Make"-tx-18-"made"-verb-0]|TX|1595/4|
00000000|MMI|3.98|Record - QueryRequestLimit|C3853788|[qnco]|["record"-tx-14-"recorded"-verb-0]|TX|1179/8|
00000000|MMI|3.75|Discharge date|C2361123|[tmco]|["Discharge date"-tx-1-"Discharge Date"-noun-0]|TX|151/14|
00000000|MMI|3.75|Discharge date:Time Stamp -- Date and Time:Point in time:^Patient:Quantitative|C2361122|[clna]|["Discharge date"-tx-1-"Discharge Date"-noun-0]|TX|151/14|
00000000|MMI|3.68|Milligram per Second|C2827883|[qnco]|["mg/s"-tx-26-"mg p"-noun-0]|TX|2258/4|
00000000|MMI|3.68|C-Circle|C3538933|[celc]|["CC"-tx-30-"cc"-noun-0]|TX|2457/2|
00000000|MMI|3.68|Malaise|C0231218|[sosy]|["Ill"-tx-9-"ill"-adj-0]|TX|884/3|
00000000|MMI|3.68|Numerous|C0439064|[qnco]|["Numerous"-tx-16-"numerous"-adj-0]|TX|1359/8|
00000000|MMI|3.68|Rate|C1521828|[qnco]|["Rate"-tx-12-"rate"-noun-0]|TX|1038/4|
00000000|MMI|3.68|Rating (action)|C0871208|[acty]|["Rate"-tx-12-"rate"-noun-0]|TX|1038/4|
00000000|MMI|3.68|Regulatory Report|C3273238|[inpr]|["Report"-tx-29-"Report"-noun-0]|TX|2388/6|
00000000|MMI|3.68|Report (document)|C0684224|[inpr]|["Report"-tx-29-"Report"-noun-0]|TX|2388/6|
00000000|MMI|3.68|Reporting|C0700287|[hlca]|["Report"-tx-29-"Report"-noun-0]|TX|2388/6|
00000000|MMI|3.65|Report status|C0586177|[fndg]|["Report status"-tx-1-"Report Status"-noun-0]|TX|127/13|
00000000|MMI|3.65|discharge diagnosis|C1555319|[fndg]|["Discharge diagnosis"-tx-1-"DISCHARGE DIAGNOSIS"-noun-0]|TX|177/19|
00000000|MMI|3.64|24 Hours|C1442770|[tmco]|["24 Hours"-tx-20-"24-hours"-noun-0]|TX|1838/8|
00000000|MMI|3.64|24 hour time frame|C0439584|[tmco]|["24 hours"-tx-20-"24-hours"-noun-0]|TX|1838/8|
00000000|MMI|3.64|per 24 hours|C0456696|[tmco]|["/24 hours"-tx-20-"24-hours"-noun-0]|TX|1838/8|
00000000|MMI|3.63|Admission date:Time Stamp -- Date and Time:Point in time:^Patient:Quantitative|C2598112|[clna]|["Admission date"-tx-1-"Admission Date"-noun-0]|TX|101/14|
00000000|MMI|3.63|Creatinine finding|C1561535|[fndg]|["Creatinine"-tx-15-"creatinine"-noun-0]|TX|1283/10|
00000000|MMI|3.63|Date of admission|C1302393|[tmco]|["Admission date"-tx-1-"Admission Date"-noun-0]|TX|101/14|
00000000|MMI|3.62|Medication.discharge|C0806915|[fndg]|["Discharge medications"-tx-25-"MEDICATIONS discharge"-noun-0]|TX|2040/11,2055/9|
00000000|MMI|3.62|Isosorbide Dinitrate 20 MG|C1256505|[clnd]|["Isosorbide Dinitrate 20 MG"-tx-25-"Isordil 20 mg"-noun-0]|TX|2069/13|
00000000|MMI|3.61|Batch (Response Modality)|C1550176|[inpr]|["Batch"-tx-29-"Batch"-noun-0]|TX|2376/5|
00000000|MMI|3.61|Batch (group)|C1948031|[qnco]|["Batch"-tx-29-"Batch"-noun-0]|TX|2376/5|
00000000|MMI|3.61|Batch Number|C3641829|[inpr]|["BATCH"-tx-29-"Batch"-noun-0]|TX|2376/5|
00000000|MMI|3.61|Urology service|C0587696|[hcro]|["Urology Service"-tx-18-"urology service"-noun-0]|TX|1537/15|
00000000|MMI|3.60|Emergency room admission|C0583237|[hlca]|["Emergency room admission"-tx-14-"admission Emergency Room"-noun-0]|TX|1129/9,1146/14|
00000000|MMI|3.59|Hytrin|C0591628|[orch,phsu]|["Hytrin"-tx-26-"Hytrin"-noun-0]|TX|2249/6|
00000000|MMI|3.59|Pyrexia of unknown origin (excl puerperal)|C0856281|[sosy]|["puo"-tx-1-"PUO"-noun-0]|TX|12/3|
00000000|MMI|3.59|Condition|C0348080|[qlco]|["Condition"-tx-22-"CONDITION"-noun-0]|TX|1964/9|
00000000|MMI|3.59|Condition:Find:Pt:^Patient:Nom|C3864998|[clna]|["Condition"-tx-22-"CONDITION"-noun-0]|TX|1964/9|
00000000|MMI|3.59|Delayed Release Dosage Form|C1707664|[bodm]|["DR"-tx-23-"Dr"-noun-0]|TX|2017/2|
00000000|MMI|3.59|Device to Subject Relationship Domain|C3540849|[inpr]|["DR"-tx-23-"Dr"-noun-0]|TX|2017/2|
00000000|MMI|3.59|Doctor - Title|C2348314|[cnce]|["Dr."-tx-23-"Dr"-noun-0]|TX|2017/2|
00000000|MMI|3.59|Logical Condition|C1705253|[cnce]|["Condition"-tx-22-"CONDITION"-noun-0]|TX|1964/9|
00000000|MMI|3.58|Ten-Day Report|C1710369|[inpr]|["TEN-DAY"-tx-26-"ten days"-noun-0]|TX|2313/8|
00000000|MMI|3.58|Hospital admission Dx:Impression/interpretation of study:Point in time:^Patient:Nominal|C0488547|[clna]|["admitted diagnosis"-tx-17-"admitted diagnosis"-noun-0]|TX|1430/8,1448/9|
00000000|MMI|3.57|Changed status|C0443172|[qnco]|["Changed"-tx-20-"changed"-verb-0]|TX|1793/7|
00000000|MMI|3.57|Changing|C0392747|[ftcn]|["Changed"-tx-20-"changed"-verb-0]|TX|1793/7|
00000000|MMI|3.57|Fever symptoms (finding)|C0424755|[fndg]|["Fever"-tx-2-"fever"-noun-0]|TX|336/5|
00000000|MMI|3.57|Hospital Service - Medical Service|C1546531|[hcro]|["Medical Service"-tx-4-"Medicine Service"-noun-0]|TX|528/16|
00000000|MMI|3.57|Intermittent|C0205267|[tmco]|["INTERMITTENT"-tx-3-"intermittent"-adj-0]|TX|437/12|
00000000|MMI|3.57|Intravenous|C0348016|[spco]|["Intravenous"-tx-17-"intravenous"-adj-0]|TX|1485/11|
00000000|MMI|3.57|Medical service|C0199168|[hlca]|["Medical service"-tx-4-"Medicine Service"-noun-0]|TX|528/16|
00000000|MMI|3.57|Observed|C1441672|[ftcn]|["Observed"-tx-20-"observed"-verb-0]|TX|1825/8|
00000000|MMI|3.57|Oral|C0442027|[spco]|["Oral"-tx-20-"oral"-noun-0]|TX|1804/4|
00000000|MMI|3.57|Physician service|C0587569|[hlca]|["medical service"-tx-4-"Medicine Service"-noun-0]|TX|528/16|
00000000|MMI|3.57|Rigor - Temperature-associated observation|C0424790|[sosy]|["SHAKING CHILLS"-tx-2-"shaking chills"-noun-1]|TX|353/14|
00000000|MMI|3.56|Admission activity|C0809949|[hlca]|["Admitted"-tx-4-"admitted"-verb-0]|TX|512/8|
00000000|MMI|3.56|Hospital admission|C0184666|[hlca]|["admitted"-tx-4-"admitted"-verb-0]|TX|512/8|
00000000|MMI|3.56|Infusion pump Alert priority PH|C4049686|[fndg]|["PH"-tx-16-"pH"-noun-0]|TX|1317/2|
00000000|MMI|3.56|Surgical transfer - action|C0348011|[ftcn]|["transferred"-tx-18-"transferred"-verb-0]|TX|1518/11|
00000000|MMI|3.56|Transfer Technique|C1705822|[ftcn]|["Transferred"-tx-18-"transferred"-verb-0]|TX|1518/11|
00000000|MMI|3.56|consideration|C0518609|[fndg]|["Consideration"-tx-18-"consideration"-noun-0]|TX|1559/13|
00000000|MMI|3.56|dictated - DocumentCompletion|C1609990|[idcn]|["Dictated"-tx-29-"Dictated"-noun-0]|TX|2416/8|
00000000|MMI|3.56|dictated - ParticipationMode|C1548384|[ftcn]|["dictated"-tx-29-"Dictated"-noun-0]|TX|2416/8|
00000000|MMI|3.56|ph+|C0450407|[fndg]|["ph+"-tx-16-"pH"-noun-0]|TX|1317/2|
00000000|MMI|3.56|ph++|C0450408|[fndg]|["ph++"-tx-16-"pH"-noun-0]|TX|1317/2|
00000000|MMI|3.56|ph+++|C0450409|[fndg]|["ph+++"-tx-16-"pH"-noun-0]|TX|1317/2|
00000000|MMI|3.55|On (qualifier value)|C1720294|[inpr]|["On"-tx-14-"on"-adj-0]|TX|1126/2|
00000000|MMI|3.55|Rhythm|C0871269|[fndg]|["Rhythm"-tx-12-"rhythm"-noun-0]|TX|1047/6|
00000000|MMI|3.55|Rhythm Not Otherwise Specified ECG Assessment|C3828331|[inpr]|["Rhythm Not Otherwise Specified"-tx-12-"rhythm"-noun-0]|TX|1047/6|
00000000|MMI|3.55|Upon - dosing instruction fragment|C1720176|[ftcn]|["On"-tx-14-"on"-adj-0]|TX|1126/2|
00000000|MMI|3.55|rhythmic process (biological)|C1523018|[phsf]|["rhythm"-tx-12-"rhythm"-noun-0]|TX|1047/6|
00000000|MMI|3.54|Place|C0442504|[spco]|["Place"-tx-17-"placed"-verb-0]|TX|1475/6|
00000000|MMI|3.54|Place - dosing instruction imperative|C1704765|[ftcn]|["Place"-tx-17-"placed"-verb-0]|TX|1475/6|
00000000|MMI|3.54|put - instruction imperative|C1882509|[acty]|["Place"-tx-17-"placed"-verb-0]|TX|1475/6|
00000000|MMI|3.50|Genitourinary|C3887515|[blor]|["GU"-tx-14-"GU"-noun-0]|TX|1111/2|
00000000|MMI|3.50|MILDLY|C0750532|[idcn]|["MILDLY"-tx-9-"mildly"-adv-0]|TX|877/6|
00000000|MMI|3.50|Mild (qualifier value)|C2945599|[qlco]|["Mildly"-tx-9-"mildly"-adv-0]|TX|877/6|
00000000|MMI|3.50|Regular|C0205272|[qlco]|["Regular"-tx-12-"regular"-adj-0]|TX|1030/7|
00000000|MMI|3.49|Atenolol 50 MG|C0983889|[clnd]|["Atenolol 50 MG"-tx-26-"Atenolol 50 mg"-noun-0]|TX|2097/14|
00000000|MMI|3.48|Discharge summarization note:Finding:Point in time:{Setting}:Document:{Provider}|C0801840|[clna]|["Discharge summary"-tx-1-"Discharge Summary"-noun-0]|TX|64/17|
00000000|MMI|3.48|Discharge summary|C0743221|[inpr]|["Discharge summary"-tx-1-"Discharge Summary"-noun-0]|TX|64/17|
00000000|MMI|3.47|Ciprofloxacin 500 MG|C1123173|[clnd]|["Ciprofloxacin 500 MG"-tx-26-"Ciprofloxacin 500 mg"-noun-0]|TX|2278/20|
00000000|MMI|3.46|Taking vital signs|C0150404|[hlca]|["Vital signs"-tx-9-"vital signs"-noun-0]|TX|953/11|
00000000|MMI|3.46|+2|C0740116|[qnco]|["+2"-tx-1-"2"-fraction-0]|TX|117/1|
00000000|MMI|3.46|2+|C3833492|[fndg]|["2+"-tx-1-"2"-fraction-0]|TX|117/1|
00000000|MMI|3.46|2+ Score|C2827735|[qnco]|["2+"-tx-1-"2"-fraction-0]|TX|117/1|
00000000|MMI|3.46|2+ Score, WHO|C2981700|[clas]|["2+"-tx-1-"2"-fraction-0]|TX|117/1|
00000000|MMI|3.46|4+ Answer to question|C3838679|[fndg]|["4+"-tx-1-"4"-fraction-0]|TX|167/1|
00000000|MMI|3.46|Aspirin Oral Tablet|C1244632|[clnd]|["aspirin tablet"-tx-26-"Ecotrin tablet"-noun-0]|TX|2218/7,2228/6|
00000000|MMI|3.46|Diagnostic interview schedule|C0451119|[inpr]|["DIS"-tx-1-"DIS"-noun-0]|TX|95/3|
00000000|MMI|3.46|Discontinued|C1444662|[fndg]|["DIS"-tx-1-"DIS"-noun-0]|TX|95/3|
00000000|MMI|3.46|9-10|C3843713|[fndg]|["9-10"-tx-29-"10/9"-fraction-0]|TX|2408/4|
00000000|MMI|3.45|White blood cell count laboratory result|C0427512|[lbtr]|["white blood cell count"-tx-15-"white blood cell count"-noun-0]|TX|1241/22|
00000000|MMI|3.45|100%|C3817553|[qnco]|["100%"-tx-26-"100"-integer-0]|TX|2197/3|
00000000|MMI|3.45|20%|C3842589|[fndg]|["20%"-tx-26-"20"-integer-0]|TX|2167/2|
00000000|MMI|3.45|60%|C3842585|[fndg]|["60%"-tx-26-"60"-integer-0]|TX|2139/2|
00000000|MMI|3.45|Body Fluid Discharge|C0012621|[bdsu]|["Discharge"-tx-22-"DISCHARGE"-noun-0]|TX|1977/9|
00000000|MMI|3.45|Discharge, body substance|C2926602|[bdsu]|["Discharge"-tx-22-"DISCHARGE"-noun-0]|TX|1977/9|
00000000|MMI|3.44|Pansystolic murmur|C0232258|[dsyn]|["Holosystolic murmur"-tx-12-"holosystolic murmur"-noun-0]|TX|1066/19|
00000000|MMI|3.43|Three|C0205449|[qnco]|["Three"-tx-19-"three"-word_numeral-0]|TX|1763/5|
00000000|MMI|3.43|Caucasians|C0043157|[popg]|["WHITE"-tx-9-"white"-adj-0]|TX|898/5|
00000000|MMI|3.43|Distress|C0231303|[menp]|["Distress"-tx-9-"distress"-noun-1]|TX|921/8|
00000000|MMI|3.43|White color|C0220938|[qlco]|["WHITE"-tx-9-"white"-adj-0]|TX|898/5|
00000000|MMI|3.43|acute|