00000000|MMI|66.58|Postoperative Period|C0032790|[tmco]|["Postoperative"-tx-38-"postoperative"-noun-0,"Postoperative"-tx-37-"postoperative"-noun-0,"Postoperative"-tx-36-"postoperative"-adj-0,"Postoperative"-tx-35-"postoperative"-adj-0]|TX|3127/13;3023/13;2926/13;2873/13|E04.614.750;N02.421.585.753.750
00000000|MMI|66.11|Fibroid Tumor|C0023267|[neop]|["Fibroid"-tx-30-"fibroid"-noun-0,"Fibroid"-tx-26-"fibroid"-noun-0,"Fibroid"-tx-24-"fibroid"-noun-0]|TX|[2553/7],[2638/7];2093/7;1894/7|C04.557.450.590.450
00000000|MMI|59.07|Accident and Emergency department|C0562508|[hcro]|["EMERGENCY ROOM"-tx-15-"Emergency Room"-noun-0,"EMERGENCY ROOM"-tx-7-"Emergency Room"-noun-0,"EMERGENCY ROOM"-tx-5-"Emergency Room"-noun-0]|TX|1203/14;645/14;501/14|N02.278.216.500.968.336;N02.421.297.195;N04.452.442.422.336
00000000|MMI|49.58|Hematocrit procedure|C0018935|[lbpr]|["Hematocrit"-tx-37-"hematocrit"-noun-0,"Hematocrit"-tx-36-"hematocrit"-noun-0,"Hematocrit"-tx-25-"hematocrit"-noun-0]|TX|3050/10;2940/10;1991/10|E01.370.225.625.400;E05.200.625.400;G09.188.370.374
00000000|MMI|41.41|Hemorrhage|C0019080|[patf]|["BLEEDING"-tx-26-"bleeding"-noun-0,"BLEEDING"-tx-8-"bleeding"-noun-0,"BLEEDING"-tx-8-"bleeding"-verb-0,"BLEEDING"-tx-5-"bleeding"-noun-0]|TX|2056/8;[760/8],[835/8];[760/8],[835/8];555/8|C23.550.414
00000000|MMI|35.81|Togo|C0040363|[geoa]|["TO"-tx-23-"to"-adv-0,"TO"-tx-7-"to"-adv-0]|TX|1797/2;676/2|Z01.058.290.190.800
00000000|MMI|35.81|Tryptophanase|C0041260|[aapp,enzy]|["TO"-tx-23-"to"-adv-0,"TO"-tx-7-"to"-adv-0]|TX|1797/2;676/2|D08.811.520.224.800
00000000|MMI|32.95|Dizziness|C0012833|[sosy]|["Dizzyness"-tx-6-"dizziness"-noun-0,"Lightheadedness"-tx-6-"light-headedness"-noun-0]|TX|589/9;603/16|C10.597.751.237;C23.888.592.763.237
00000000|MMI|32.62|Blood Pressure|C0005823|[orgf]|["BLOOD PRESSURE"-tx-16-"blood pressure"-noun-0,"BLOOD PRESSURE"-tx-7-"blood pressure"-noun-0]|TX|1295/14;686/14|E01.370.600.875.249;G09.330.380.076
00000000|MMI|32.62|Systemic arterial pressure|C1272641|[fndg]|["Blood pressure"-tx-16-"blood pressure"-noun-0,"Blood pressure"-tx-7-"blood pressure"-noun-0]|TX|1295/14;686/14|G09.330.380.076.347
00000000|MMI|32.60|Cervix Uteri|C0007874|[bpoc]|["CERVIX"-tx-30-"cervix"-noun-0,"CERVIX"-tx-23-"cervix"-noun-0]|TX|2669/6;1777/6|A05.360.319.679.256
00000000|MMI|32.57|Uterine Fibroids|C0042133|[neop]|["Fibroid uterus"-tx-30-"fibroid uterus"-noun-0,"Uterine Fibroids"-tx-5-"uterine fibroids"-noun-0]|TX|2553/14;463/16|C04.557.450.590.450
00000000|MMI|29.69|Ptosis|C0033377|[dsyn]|["PROLAPSE"-tx-30-"prolapsing"-noun-0,"PROLAPSE"-tx-26-"prolapsing"-adj-0,"PROLAPSE"-tx-24-"prolapsing"-noun-0]|TX|2646/10;2082/10;1902/10|C23.300.842
00000000|MMI|29.46|Tubal Ligation|C0520483|[topp]|["TUBAL LIGATION"-tx-11-"Tubal ligation"-noun-0,"TUBAL LIGATION"-tx-10-"tubal ligation"-noun-0]|TX|1062/14;1022/14|E04.950.300.766;E04.950.599.683
00000000|MMI|26.40|Pallor|C0030232|[fndg]|["Pale"-tx-18-"pale"-adj-0,"Pale"-tx-17-"pale"-verb-0]|TX|1456/4;1423/4|C23.888.885.500
00000000|MMI|25.51|Overweight|C0497406|[sosy]|["OVERWEIGHT"-tx-15-"overweight"-adj-0]|TX|1231/10|C23.888.144.699;E01.370.600.115.100.160.120.699;G07.100.100.160.120.699
00000000|MMI|24.11|Surgical aspects|C0038895|[ftcn]|["surgery"-tx-29-"surgery"-noun-0]|TX|2499/7|x.x.x.x.x.x.x
00000000|MMI|22.48|Running (physical activity)|C0035953|[dora]|["Running"-tx-22-"running"-noun-0]|TX|1742/7|G11.427.590.530.568.610;G11.427.590.530.698.277.750;I03.350.750;I03.450.642.845.610
00000000|MMI|20.95|Appendix|C0003617|[bpoc]|["APPENDIX"-tx-32-"appendix"-noun-0]|TX|2718/8|A03.556.124.526.209.290;A03.556.249.249.209.290
00000000|MMI|20.95|Menorrhagia|C0025323|[patf]|["MENORRHAGIA"-tx-1-"Menorrhagia"-noun-0]|TX|191/11|C13.351.500.852.691.449;C23.550.568.875
00000000|MMI|20.95|Patient Discharge|C0030685|[hlca]|["Discharged"-tx-38-"discharged"-verb-0]|TX|3090/10|E02.204.125;E02.760.400.610;N02.421.192.125;N02.421.585.400.610;N04.590.233.727.210.125
00000000|MMI|20.95|Vision|C0042789|[orgf]|["see"-tx-29-"see"-verb-0]|TX|2454/3|F02.830.816.964;G02.111.087.800.480.900;G02.149.115.800.480.900;G04.299.880.480.900;G11.561.600.810.964;G14.640.816
00000000|MMI|20.94|Patients|C0030705|[podg]|["*^patient"-tx-26-"patient"-noun-0,"*^patient"-tx-6-"patient"-noun-0,"*^patient"-tx-5-"patient"-noun-0]|TX|2135/7;570/7;408/7|M01.643
00000000|MMI|19.33|Temperature|C0039476|[qnco]|["*Temperature"-tx-16-"temperature"-noun-0]|TX|1388/11|G01.906.595;G16.500.275.063.725.710;G16.500.750.775.710;N06.230.150.450;N06.230.300.100.725.710
00000000|MMI|17.80|Dominican Republic|C0013014|[geoa]|["DR"-tx-39-"Dr"-noun-0]|TX|3183/2|Z01.107.084.900.300;Z01.639.880.300
00000000|MMI|17.80|Lightheadedness|C0220870|[sosy]|["LIGHTHEADEDNESS"-tx-6-"light-headedness"-noun-0]|TX|603/16|C10.597.751.237;C23.888.592.763.237
00000000|MMI|17.80|Ovary|C0029939|[bpoc]|["OVARIES"-tx-31-"ovaries"-noun-0]|TX|2692/7|A05.360.319.114.630;A05.360.576.497;A06.407.312.497
00000000|MMI|16.37|Normal|C0205307|[qlco]|["Unremarkable"-tx-35-"unremarkable"-adj-0,"NORMAL"-tx-33-"normal"-adj-0,"NORMAL"-tx-32-"normal"-adj-0,"NORMAL"-tx-31-"normal"-adj-0]|TX|2909/12;2772/6;2731/6;2705/6|
00000000|MMI|16.23|Vertigo|C0042571|[sosy]|["dizziness"-tx-6-"dizziness"-noun-0]|TX|589/9|C09.218.568.900.883;C10.597.951;C23.888.592.958
00000000|MMI|16.22|heart rate|C0018810|[clna]|["Heart Rate"-tx-16-"heart rate"-noun-0]|TX|1323/10|E01.370.600.875.500;G09.330.380.500
00000000|MMI|16.18|Body Temperature|C0005903|[orga]|["temperature"-tx-16-"temperature"-noun-0]|TX|1388/11|E01.370.600.875.374;G07.110
00000000|MMI|16.05|Clotrimazole|C0009074|[orch,phsu]|["CLOT"-tx-22-"clot"-noun-0]|TX|1753/4|D03.383.129.308.175
00000000|MMI|16.04|African American|C0085756|[popg]|["Black"-tx-15-"black"-adj-0]|TX|1242/5|M01.686.508.100.100;M01.686.754.100
00000000|MMI|16.04|Postoperative anesthesia care unit (PACU)|C0034871|[hcro,mnob]|["PACU"-tx-36-"PACU"-noun-0]|TX|2958/4|N02.278.388.493.592
00000000|MMI|15.79|Gait normal|C0231683|[fndg]|["Normal"-tx-33-"normal"-adj-0,"Normal"-tx-32-"normal"-adj-0,"Normal"-tx-31-"normal"-adj-0]|TX|2772/6;2731/6;2705/6|
00000000|MMI|15.79|Mean Percent of Normal|C2347086|[qnco]|["% Normal"-tx-33-"normal"-adj-0,"% Normal"-tx-32-"normal"-adj-0,"% Normal"-tx-31-"normal"-adj-0]|TX|2772/6;2731/6;2705/6|
00000000|MMI|15.79|Percent normal|C0439166|[qnco]|["% normal"-tx-33-"normal"-adj-0,"% normal"-tx-32-"normal"-adj-0,"% normal"-tx-31-"normal"-adj-0]|TX|2772/6;2731/6;2705/6|
00000000|MMI|14.64|Abdominal Cavity|C0230168|[blor]|["Abdomen"-tx-21-"abdomen"-noun-0]|TX|1592/7|A01.923.047.025
00000000|MMI|14.64|General surgery specialty|C1274039|[bmod]|["Surgery"-tx-29-"surgery"-noun-0]|TX|2499/7|H02.403.810.300
00000000|MMI|14.64|Physicians|C0031831|[prog]|["DR"-tx-39-"Dr"-noun-0]|TX|3183/2|M01.526.485.810;N02.360.810
00000000|MMI|14.64|Vital signs|C0518766|[clna]|["Signs, Vital"-tx-16-"vital signs"-noun-0]|TX|1278/11|E01.370.600.875
00000000|MMI|13.14|Ability|C0085732|[orga]|["Able"-tx-23-"able"-adj-0]|TX|1792/4|F02.784.629.131
00000000|MMI|13.14|conjunctiva|C0009758|[bpoc]|["CONJUNCTIVA"-tx-18-"conjunctiva"-noun-0]|TX|1461/11|A09.371.060.200;A09.371.337.168
00000000|MMI|13.07|Operating Room|C0029064|[hcro,mnob]|["OPERATING ROOM"-tx-26-"Operating Room"-noun-0]|TX|2160/14|N02.278.388.700
00000000|MMI|12.91|Auscultation|C0004339|[diap]|["AUSCULTATION"-tx-20-"auscultation"-noun-0]|TX|1573/12|E01.370.600.060
00000000|MMI|12.89|Umbilicus (Anatomy)|C0041638|[bpoc]|["UMBILICUS"-tx-21-"umbilicus"-noun-0]|TX|1668/9|A01.923.047.849
00000000|MMI|12.89|Uterus|C0042149|[bpoc]|["UTERUS"-tx-24-"uterus"-noun-0]|TX|1935/6|A05.360.319.679
00000000|MMI|11.74|Total abdominal hysterectomy|C0404079|[topp]|["Total Abdominal Hysterectomy"-tx-27-"total abdominal hysterectomy"-noun-0,"Total Abdominal Hysterectomy"-tx-26-"total abdominal hysterectomy"-noun-0,"Total Abdominal Hysterectomy"-tx-2-"Total abdominal hysterectomy"-noun-0]|TX|2303/28;2181/28;247/28|
00000000|MMI|11.49|Abdomen|C0000726|[blor]|["ABDOMEN"-tx-21-"abdomen"-noun-0]|TX|1592/7|A01.923.047
00000000|MMI|11.49|Complication Aspects|C1171258|[patf]|["complications"-tx-3-"complications"-noun-1]|TX|321/13|x.x.x
00000000|MMI|11.49|Kidney|C0022646|[bpoc]|["KIDNEYS"-tx-33-"kidneys"-noun-0]|TX|2759/7|A05.810.453
00000000|MMI|11.49|Physical Examination|C0031809|[hlca]|["PHYSICAL EXAMINATION"-tx-15-"PHYSICAL EXAMINATION"-noun-0]|TX|1174/20|E01.370.600
00000000|MMI|11.49|Ureter|C0041951|[bpoc]|["URETERS"-tx-34-"ureters"-noun-0]|TX|2786/7|A05.810.776
00000000|MMI|11.32|Abortion consent:Finding:Point in time:^Patient:Document|C2360836|[clna]|["Patient"-tx-26-"patient"-noun-0,"Patient"-tx-6-"patient"-noun-0,"Patient"-tx-5-"patient"-noun-0]|TX|2135/7;570/7;408/7|
00000000|MMI|11.32|Hysterectomy consent:Finding:Point in time:^Patient:Document|C2360838|[clna]|["Patient"-tx-26-"patient"-noun-0,"Patient"-tx-6-"patient"-noun-0,"Patient"-tx-5-"patient"-noun-0]|TX|2135/7;570/7;408/7|
00000000|MMI|11.32|Sterilization consent:Finding:Point in time:^Patient:Document|C2360840|[clna]|["Patient"-tx-26-"patient"-noun-0,"Patient"-tx-6-"patient"-noun-0,"Patient"-tx-5-"patient"-noun-0]|TX|2135/7;570/7;408/7|
00000000|MMI|11.13|Hematocrit level|C0518014|[fndg]|["Hematocrit"-tx-37-"hematocrit"-noun-0,"Hematocrit"-tx-36-"hematocrit"-noun-0,"Hematocrit"-tx-25-"hematocrit"-noun-0]|TX|3050/10;2940/10;1991/10|
00000000|MMI|10.70|Presentation|C0449450|[idcn]|["Presentation"-tx-25-"presentation"-noun-0,"Presentation"-tx-7-"presentation"-noun-0,"Presented"-tx-5-"presented"-verb-0]|TX|2005/12;625/12;484/9|
00000000|MMI|10.42|Doctor of Medicine|C1512018|[inpr]|["M.D."-tx-42-"M.D"-noun-0,"M.D."-tx-41-"M.D"-noun-0]|TX|3267/3;3229/3|
00000000|MMI|10.42|Revealed|C0443289|[qlco]|["Revealed"-tx-24-"revealed"-verb-0,"Revealed"-tx-22-"revealed"-verb-0]|TX|1837/8;1725/8|
00000000|MMI|10.42|To|C1883351|[qlco]|["To"-tx-23-"to"-adv-0,"To"-tx-7-"to"-adv-0]|TX|1797/2;676/2|
00000000|MMI|10.06|Drug Allergy|C0013182|[dsyn]|["Drug Allergies"-tx-13-"drug allergies"-noun-1]|TX|1119/14|C20.543.206;C25.100.468
00000000|MMI|9.94|Sclera|C0036410|[bpoc]|["SCLERA"-tx-18-"sclerae"-noun-0]|TX|1485/7|A09.371.784
00000000|MMI|9.86|Female|C0015780|[orga]|["FEMALE"-tx-15-"female"-noun-0]|TX|1248/6|x.x.x
00000000|MMI|9.86|Females|C0086287|[popg]|["female"-tx-15-"female"-noun-0]|TX|1248/6|x.x.x
00000000|MMI|9.78|Speculum|C0037816|[medd]|["Speculum"-tx-22-"speculum"-noun-0]|TX|1704/8|E07.858.700
00000000|MMI|9.75|Disease|C0012634|[dsyn]|["condition"-tx-38-"condition"-noun-0]|TX|3114/9|C23.550.288
00000000|MMI|8.34|Hypersensitivity|C0020517|[patf]|["Allergies"-tx-13-"ALLERGIES"-noun-0]|TX|1099/9|C20.543
00000000|MMI|8.34|Lung|C0024109|[bpoc]|["LUNGS"-tx-20-"lungs"-noun-0]|TX|1553/5|A04.411
00000000|MMI|8.34|Skin|C1123023|[bdsy]|["SKIN"-tx-17-"skin"-noun-0]|TX|1414/4|A17.815
00000000|MMI|7.95|Medical History|C0262926|[fndg]|["Past Medical History"-tx-9-"PAST MEDICAL HISTORY"-noun-0,"Past Medical History"-tx-9-"past medical history"-noun-1]|TX|873/20;906/4,923/15|
00000000|MMI|7.95|PMH - past medical history|C0455458|[fndg]|["Past medical history"-tx-9-"PAST MEDICAL HISTORY"-noun-0,"Past medical history"-tx-9-"past medical history"-noun-1]|TX|873/20;906/4,923/15|
00000000|MMI|7.50|Left salpingo-oophorectomy|C0404187|[topp]|["Left Salpingo-Oophorectomy"-tx-27-"left salpingo-oophorectomy"-noun-0,"Left Salpingo-Oophorectomy"-tx-2-"left salpingo-oophorectomy"-noun-0]|TX|2334/26;278/26|
00000000|MMI|7.43|Admitting diagnosis|C0332133|[fndg]|["Admitting diagnosis"-tx-4-"ADMITTING DIAGNOSIS"-noun-0,"Admitting diagnosis"-tx-1-"ADMITTING DIAGNOSIS"-noun-0]|TX|348/19;170/19|
00000000|MMI|7.36|Pale color|C0554991|[qlco]|["Pale"-tx-18-"pale"-adj-0,"Pale"-tx-17-"pale"-verb-0]|TX|1456/4;1423/4|
00000000|MMI|7.36|Pale color saturation|C1971630|[qlco]|["Pale"-tx-18-"pale"-adj-0,"Pale"-tx-17-"pale"-verb-0]|TX|1456/4;1423/4|
00000000|MMI|7.31|Vaginal Hemorrhage|C2979982|[dsyn]|["VAGINAL HEMORRHAGE"-tx-1-"vaginal hemorrhage"-noun-0,"vaginal bleed"-tx-1-"VAGINAL BLEED"-noun-0]|TX|205/18;64/13|
00000000|MMI|7.31|M NOS ANTIBODY|C0369637|[aapp,imft]|["M NOS"-tx-27-"m"-noun-0,"M NOS"-tx-26-"m"-noun-0]|TX|2283/1;2236/1|
00000000|MMI|7.31|M+ (tumor staging)|C0441923|[inpr]|["M+"-tx-27-"m"-noun-0,"M+"-tx-26-"m"-noun-0]|TX|2283/1;2236/1|
00000000|MMI|7.24|Blood pressure finding|C1271104|[fndg]|["Blood Pressure"-tx-16-"blood pressure"-noun-0,"Blood Pressure"-tx-7-"blood pressure"-noun-0]|TX|1295/14;686/14|
00000000|MMI|7.22|June|C3829443|[tmco]|["June"-tx-27-"June"-noun-0,"June"-tx-26-"June"-noun-0]|TX|2260/4;2213/4|
00000000|MMI|7.19|Enzyme Unit|C1880519|[qnco]|["Unit"-tx-36-"unit"-noun-0,"Unit"-tx-28-"unit"-noun-0]|TX|2982/4;2423/4|
00000000|MMI|7.19|Storage Unit|C1704753|[mnob]|["Unit"-tx-36-"unit"-noun-0,"Unit"-tx-28-"unit"-noun-0]|TX|2982/4;2423/4|
00000000|MMI|7.19|Unit|C0439148|[qnco]|["Unit"-tx-36-"unit"-noun-0,"Unit"-tx-28-"unit"-noun-0]|TX|2982/4;2423/4|
00000000|MMI|7.19|Unit - NCI Thesaurus Property|C3853603|[ftcn]|["Unit"-tx-36-"unit"-noun-0,"Unit"-tx-28-"unit"-noun-0]|TX|2982/4;2423/4|
00000000|MMI|7.19|Unit of Measure|C1519795|[qnco]|["Unit"-tx-36-"unit"-noun-0,"Unit"-tx-28-"unit"-noun-0]|TX|2982/4;2423/4|
00000000|MMI|7.13|Phase II/III Trial|C1519042|[resa]|["2-3"-tx-44-"2/3"-fraction-0,"2-3"-tx-24-"2-3"-integer-0]|TX|3335/3;1848/3|
00000000|MMI|7.09|Negation|C1518422|[ftcn]|["Not"-tx-23-"not"-adv-0,"Non"-tx-21-"non"-adj-0]|TX|1788/3;1613/3|
00000000|MMI|7.06|Known|C0205309|[qlco]|["Known"-tx-13-"known"-adj-0,"Known"-tx-5-"known"-adj-0]|TX|1113/5;457/5|
00000000|MMI|7.04|One|C0205447|[qnco]|["ONE"-tx-36-"one"-noun-0,"ONE"-tx-28-"one"-noun-0]|TX|2978/3;2419/3|
00000000|MMI|7.04|size|C0456389|[spco]|["Size"-tx-30-"size"-noun-0,"Size"-tx-24-"size"-noun-0]|TX|2548/4;1966/4|
00000000|MMI|6.99|30%|C3842588|[fndg]|["30%"-tx-27-"30"-integer-0,"30%"-tx-26-"30"-integer-0]|TX|2278/2;2231/2|
00000000|MMI|6.98|Additional|C1524062|[ftcn]|["Additional"-tx-24-"additional"-adj-0,"Additional"-tx-4-"ADDITIONAL"-adj-0]|TX|1947/10;337/10|
00000000|MMI|6.97|Signature|C1519316|[inpr]|["Signed"-tx-1-"Signed"-noun-0]|TX|[80/6],[137/6]|
00000000|MMI|6.97|signed - ParticipationSignature|C1561610|[inpr]|["signed"-tx-1-"Signed"-noun-0]|TX|[80/6],[137/6]|
00000000|MMI|6.96|10%|C3842590|[fndg]|["10%"-tx-1-"10"-fraction-0]|TX|[111/2],[162/2]|
00000000|MMI|6.94|Heavy sensation quality|C0439539|[qlco]|["Heavy"-tx-26-"heavy"-adj-0,"Heavy"-tx-5-"heavy"-adj-0]|TX|2050/5;549/5|
00000000|MMI|6.92|Weekly|C0332174|[tmco]|["/week"-tx-30-"week"-noun-0,"/week"-tx-24-"week"-noun-0]|TX|2543/4;1961/4|
00000000|MMI|6.92|week|C0439230|[tmco]|["WEEK"-tx-30-"week"-noun-0,"WEEK"-tx-24-"week"-noun-0]|TX|2543/4;1961/4|
00000000|MMI|6.90|ALPP gene|C1412365|[gngm]|["PALP"-tx-16-"palp"-noun-0,"PALP"-tx-7-"palp"-noun-0]|TX|1316/4;707/4|
00000000|MMI|6.90|ALPP wt Allele|C3812647|[gngm]|["PALP"-tx-16-"palp"-noun-0,"PALP"-tx-7-"palp"-noun-0]|TX|1316/4;707/4|
00000000|MMI|6.90|Palp - CHV concept|C2945620|[cnce]|["palp"-tx-16-"palp"-noun-0,"palp"-tx-7-"palp"-noun-0]|TX|1316/4;707/4|
00000000|MMI|6.89|Large|C0549177|[qnco]|["LARGE"-tx-30-"large"-adj-0,"LARGE"-tx-22-"large"-adj-0]|TX|2582/5;1736/5|
00000000|MMI|6.88|70%|C3842584|[fndg]|["70%"-tx-16-"70"-integer-0,"70%"-tx-16-"70s"-noun-0]|TX|1313/2;1341/3|
00000000|MMI|6.88|centimeter|C0475210|[qnco]|["centimetre"-tx-30-"centimeter"-noun-0,"centimetre"-tx-24-"centimeter"-noun-0]|TX|2616/10;1852/10|
00000000|MMI|6.71|Woman|C0043210|[popg]|["female"-tx-15-"female"-noun-0]|TX|1248/6|M01.975
00000000|MMI|5.18|31|C0450355|[inpr]|["31"-tx-25-"31"-integer-0]|TX|2022/2|
00000000|MMI|5.18|Allopathic & Osteopathic Physicians - Surgery|C3853799|[prog]|["Surgery"-tx-29-"surgery"-noun-0]|TX|2499/7|
00000000|MMI|5.18|Bimanual examination|C0199221|[diap]|["Bimanual examination"-tx-24-"Bimanual examination"-noun-0]|TX|1816/20|
00000000|MMI|5.18|Both kidneys|C0227665|[bpoc]|["kidneys"-tx-33-"kidneys"-noun-0]|TX|2759/7|
00000000|MMI|5.18|Both ovaries|C0227898|[bpoc]|["ovaries"-tx-31-"ovaries"-noun-0]|TX|2692/7|
00000000|MMI|5.18|Clinical Study Follow-up|C3274571|[hlca]|["FOLLOW-UP"-tx-39-"Follow-up"-adj-0]|TX|3149/9|
00000000|MMI|5.18|Complication|C0009566|[patf]|["Complications"-tx-3-"complications"-noun-1]|TX|321/13|
00000000|MMI|5.18|Container status - Identified|C1550043|[fndg]|["Identified"-tx-34-"identified"-verb-0]|TX|2799/10|
00000000|MMI|5.18|Delayed Release Dosage Form|C1707664|[bodm]|["DR"-tx-39-"Dr"-noun-0]|TX|3183/2|
00000000|MMI|5.18|Device to Subject Relationship Domain|C3540849|[inpr]|["DR"-tx-39-"Dr"-noun-0]|TX|3183/2|
00000000|MMI|5.18|Doctor - Title|C2348314|[cnce]|["Dr."-tx-39-"Dr"-noun-0]|TX|3183/2|
00000000|MMI|5.18|Entire abdomen|C1281594|[bpoc]|["Abdomen"-tx-21-"abdomen"-noun-0]|TX|1592/7|
00000000|MMI|5.18|Entire appendix|C1269000|[bpoc]|["Appendix"-tx-32-"appendix"-noun-0]|TX|2718/8|
00000000|MMI|5.18|Entire skin|C1278993|[bdsy]|["Skin"-tx-17-"skin"-noun-0]|TX|1414/4|
00000000|MMI|5.18|Entity Name Part Type - given|C1550718|[idcn]|["given"-tx-26-"Given"-verb-0]|TX|2027/5|
00000000|MMI|5.18|Examination of heart|C0562319|[hlca]|["Cardiac examination"-tx-19-"cardiac examination"-noun-0]|TX|1499/19|
00000000|MMI|5.18|Follow-Up Report|C1704685|[inpr]|["Follow-Up"-tx-39-"Follow-up"-adj-0]|TX|3149/9|
00000000|MMI|5.18|Follow-up status|C0589120|[fndg]|["Follow-up"-tx-39-"Follow-up"-adj-0]|TX|3149/9|
00000000|MMI|5.18|GIVEN|C1442162|[cnce]|["GIVEN"-tx-26-"Given"-verb-0]|TX|2027/5|
00000000|MMI|5.18|Geographic state|C1301808|[geoa]|["states"-tx-8-"states"-verb-0]|TX|735/6|
00000000|MMI|5.18|Give - dosing instruction imperative|C1947971|[ftcn]|["Given"-tx-26-"Given"-verb-0]|TX|2027/5|
00000000|MMI|5.18|Given name|C3244317|[inpr]|["given"-tx-26-"Given"-verb-0]|TX|2027/5|
00000000|MMI|5.18|H/O: surgery|C0455610|[fndg]|["Past surgical history"-tx-11-"PAST SURGICAL HISTORY"-noun-0]|TX|1039/21|
00000000|MMI|5.18|Hemodynamic instability|C0948268|[dsyn]|["Hemodynamic Instability"-tx-26-"hemodynamic instability"-noun-0]|TX|2105/23|
00000000|MMI|5.18|History of present illness|C0262512|[orga]|["HISTORY OF PRESENT ILLNESS"-tx-5-"HISTORY OF PRESENT ILLNESS"-noun-0]|TX|376/26|
00000000|MMI|5.18|History of present illness:Finding:Point in time:^Patient:Nominal:Reported|C0488508|[clna]|["History of present illness"-tx-5-"HISTORY OF PRESENT ILLNESS"-noun-0]|TX|376/26|
00000000|MMI|5.18|Hospital course|C0489547|[fndg]|["Hospital course"-tx-27-"HOSPITAL COURSE"-noun-0]|TX|2240/15|
00000000|MMI|5.18|Hospital course:Finding:Point in time:^Patient:Narrative|C0488549|[clna]|["Hospital course"-tx-27-"HOSPITAL COURSE"-noun-0]|TX|2240/15|
00000000|MMI|5.18|Identified|C0205396|[qlco]|["Identified"-tx-34-"identified"-verb-0]|TX|2799/10|
00000000|MMI|5.18|Including (qualifier)|C0332257|[ftcn]|["Including"-tx-30-"including"-verb-0]|TX|2597/9|
00000000|MMI|5.18|Increased sweating|C0700590|[sosy]|["DIAPHORESIS"-tx-7-"diaphoresis"-noun-0]|TX|717/11|
00000000|MMI|5.18|Irregular|C0205271|[qlco]|["Irregular"-tx-24-"irregular"-adj-0]|TX|1975/9|
00000000|MMI|5.18|Liver edge|C0426689|[fndg]|["Liver edge"-tx-33-"liver edge"-noun-0]|TX|2744/10|
00000000|MMI|5.18|Medications:-:Point in time:^Patient:-|C2598133|[clna]|["Medications"-tx-12-"MEDICATIONS"-noun-0]|TX|1079/11|
00000000|MMI|5.18|Medications:Presence or Identity:Duration of the study:^Patient:Nominal|C0802604|[clna]|["Medications"-tx-12-"MEDICATIONS"-noun-0]|TX|1079/11|
00000000|MMI|5.18|Never smoked tobacco|C0425293|[fndg]|["Non-Smoker"-tx-14-"non-smoker"-noun-0]|TX|1161/10|
00000000|MMI|5.18|Non-smoker|C0337672|[fndg]|["Non-smoker"-tx-14-"non-smoker"-noun-0]|TX|1161/10|
00000000|MMI|5.18|Non-tender|C0520960|[qlco]|["Non-tender"-tx-21-"non-tender"-adj-0]|TX|1680/10|
00000000|MMI|5.18|Operative Surgical Procedures|C0543467|[hlca]|["Surgery"-tx-29-"surgery"-noun-0]|TX|2499/7|E04
00000000|MMI|5.18|Pharmaceutical Preparations|C0013227|[phsu]|["Medications"-tx-12-"MEDICATIONS"-noun-0]|TX|1079/11|D26
00000000|MMI|5.18|Primary procedure|C1302423|[ftcn]|["Principal procedure"-tx-2-"PRINCIPAL PROCEDURE"-noun-0]|TX|226/19|
00000000|MMI|5.18|Prolonged|C0439590|[tmco]|["Prolonged"-tx-5-"prolonged"-adj-0]|TX|521/9|
00000000|MMI|5.18|Rhythm|C0871269|[fndg]|["Rhythm"-tx-19-"rhythm"-noun-0]|TX|1540/6|
00000000|MMI|5.18|Rhythm Not Otherwise Specified ECG Assessment|C3828331|[inpr]|["Rhythm Not Otherwise Specified"-tx-19-"rhythm"-noun-0]|TX|1540/6|
00000000|MMI|5.18|Room air|C3846005|[fndg]|["Room air"-tx-16-"room air"-noun-0]|TX|1373/8|
00000000|MMI|5.18|SHORT STATURE, ONYCHODYSPLASIA, FACIAL DYSMORPHISM, AND HYPOTRICHOSIS SYNDROME|C3542022|[dsyn]|["SOFT"-tx-21-"soft"-adj-0]|TX|1604/4|
00000000|MMI|5.18|See|C1947903|[acty]|["See"-tx-29-"see"-verb-0]|TX|2454/3|
00000000|MMI|5.18|Skin Specimen|C0444099|[bdsu]|["Skin"-tx-17-"skin"-noun-0]|TX|1414/4|
00000000|MMI|5.18|Social History|C3714536|[fndg]|["Social History"-tx-14-"SOCIAL HISTORY"-noun-0]|TX|1136/14|
00000000|MMI|5.18|Social and personal history|C0424945|[fndg]|["Social history"-tx-14-"SOCIAL HISTORY"-noun-0]|TX|1136/14|
00000000|MMI|5.18|Soft|C0205358|[qlco]|["Soft"-tx-21-"soft"-adj-0]|TX|1604/4|
00000000|MMI|5.18|Specimen Source Codes - Tube|C1547937|[inpr]|["Tubes"-tx-31-"tubes"-noun-0]|TX|2682/5|
00000000|MMI|5.18|State|C1442792|[ftcn]|["State"-tx-8-"states"-verb-0]|TX|735/6|
00000000|MMI|5.18|Surgery specialty|C0038894|[bmod]|["Surgery"-tx-29-"surgery"-noun-0]|TX|2499/7|
00000000|MMI|5.18|Symptoms|C1457887|[sosy]|["SYMPTOMS"-tx-26-"symptoms"-noun-0]|TX|2037/8|
00000000|MMI|5.18|Symptoms aspect|C0683368|[ftcn]|["symptoms"-tx-26-"symptoms"-noun-0]|TX|2037/8|
00000000|MMI|5.18|Taking vital signs|C0150404|[hlca]|["Vital signs"-tx-16-"vital signs"-noun-0]|TX|1278/11|
00000000|MMI|5.18|Tube - unit dose|C1704474|[qnco]|["Tubes"-tx-31-"tubes"-noun-0]|TX|2682/5|
00000000|MMI|5.18|US State|C3148680|[geoa]|["State"-tx-8-"states"-verb-0]|TX|735/6|
00000000|MMI|5.18|Vault|C1550319|[bpoc]|["Vault"-tx-22-"vault"-noun-0]|TX|1765/5|
00000000|MMI|5.18|Visual|C0234621|[ftcn]|["Visualized"-tx-23-"visualized"-verb-0]|TX|1803/10|
00000000|MMI|5.18|biomedical tube device|C0175730|[medd]|["tubes"-tx-31-"tubes"-noun-0]|TX|2682/5|
00000000|MMI|5.18|follow-up|C1522577|[hlca]|["Follow Up"-tx-39-"Follow-up"-adj-0]|TX|3149/9|
00000000|MMI|5.18|rhythmic process (biological)|C1523018|[phsf]|["rhythm"-tx-19-"rhythm"-noun-0]|TX|1540/6|
00000000|MMI|3.98|Evaluation and management note:Finding:Point in time:{Setting}:Document:{Provider}|C1316572|[clna]|["Note"-tx-7-"noted"-verb-0]|TX|670/5|
00000000|MMI|3.98|Note (document)|C1317574|[inpr]|["Note"-tx-7-"noted"-verb-0]|TX|670/5|
00000000|MMI|3.78|Manual pelvic examination (procedure)|C0200045|[diap]|["Pelvic Examination"-tx-22-"pelvic examination"-noun-0]|TX|1697/6,1713/11|
00000000|MMI|3.78|Past history of|C0332119|[qlco]|["past history"-tx-10-"PAST HISTORY"-noun-0]|TX|941/4,956/7|
00000000|MMI|3.75|1 Day|C1442449|[tmco]|["Day 1"-tx-37-"day 1"-noun-0]|TX|3037/3,3042/1|
00000000|MMI|3.75|Day 3|C3842675|[fndg]|["Day 3"-tx-38-"day 3"-noun-0]|TX|3141/3,3146/1|
00000000|MMI|3.75|Discharge date|C2361123|[tmco]|["Discharge date"-tx-1-"Discharge Date"-noun-0]|TX|144/14|
00000000|MMI|3.75|Discharge date:Time Stamp -- Date and Time:Point in time:^Patient:Quantitative|C2361122|[clna]|["Discharge date"-tx-1-"Discharge Date"-noun-0]|TX|144/14|
00000000|MMI|3.75|Obstetric history|C0425963|[fndg]|["Obstetric history"-tx-10-"OBSTETRIC HISTORY"-noun-0]|TX|946/17|
00000000|MMI|3.71|Normal delivery|C1384485|[fndg]|["Normal Spontaneous Vaginal Delivery"-tx-10-"normal spontaneous vaginal delivery"-noun-0]|TX|980/35|
00000000|MMI|3.68|% index|C1637833|[qnco]|["% index"-tx-43-"Index"-noun-0]|TX|3301/5|
00000000|MMI|3.68|Able (finding)|C1299581|[fndg]|["Able"-tx-23-"able"-adj-1]|TX|1792/4|
00000000|MMI|3.68|Attending (action)|C1999232|[ftcn]|["attending"-tx-42-"Attending"-noun-0]|TX|3239/9|
00000000|MMI|3.68|Attending (provider role)|C1547429|[prog]|["Attending"-tx-42-"Attending"-noun-0]|TX|3239/9|
00000000|MMI|3.68|Course|C0750729|[tmco]|["Course"-tx-35-"course"-noun-0]|TX|2887/6|
00000000|MMI|3.68|Entire conjunctiva|C1278888|[bpoc]|["Conjunctiva"-tx-18-"conjunctiva"-noun-0]|TX|1461/11|
00000000|MMI|3.68|Excessive|C0442802|[qlco]|["Excessive"-tx-8-"excessive"-adj-0]|TX|861/9|
00000000|MMI|3.68|Html Link Type - index|C1552854|[idcn]|["index"-tx-43-"Index"-noun-0]|TX|3301/5|
00000000|MMI|3.68|Index|C0918012|[inpr]|["Index"-tx-43-"Index"-noun-0]|TX|3301/5|
00000000|MMI|3.68|Rate|C1521828|[qnco]|["Rate"-tx-19-"rate"-noun-0]|TX|1531/4|
00000000|MMI|3.68|Rating (action)|C0871208|[acty]|["Rate"-tx-19-"rate"-noun-0]|TX|1531/4|
00000000|MMI|3.68|Structure of palpebral conjunctiva|C0229274|[bpoc]|["Conjunctiva"-tx-18-"conjunctiva"-noun-0]|TX|1461/11|
00000000|MMI|3.65|Previous pregnancies 5|C0233000|[fndg]|["Gravida 5"-tx-5-"gravida 5"-noun-0]|TX|433/9|
00000000|MMI|3.65|Report status|C0586177|[fndg]|["Report status"-tx-1-"Report Status"-noun-0]|TX|122/13|
00000000|MMI|3.64|2 Weeks|C1442457|[tmco]|["2 Weeks"-tx-39-"2 weeks"-noun-0]|TX|3170/7|
00000000|MMI|3.64|Three weeks|C4082109|[tmco]|["Three weeks"-tx-8-"three weeks"-noun-0]|TX|781/11|
00000000|MMI|3.63|Admission date:Time Stamp -- Date and Time:Point in time:^Patient:Quantitative|C2598112|[clna]|["Admission date"-tx-1-"Admission Date"-noun-0]|TX|95/14|
00000000|MMI|3.63|Date of admission|C1302393|[tmco]|["Admission date"-tx-1-"Admission Date"-noun-0]|TX|95/14|
00000000|MMI|3.63|Entire sclera|C1278890|[bpoc]|["Sclera"-tx-18-"sclerae"-noun-0]|TX|1485/7|
00000000|MMI|3.63|11-12|C3843712|[fndg]|["11-12"-tx-1-"11 12"-fraction-0]|TX|42/2,50/2|
00000000|MMI|3.61|Batch (Response Modality)|C1550176|[inpr]|["Batch"-tx-43-"Batch"-noun-0]|TX|3288/5|
00000000|MMI|3.61|Batch (group)|C1948031|[qnco]|["Batch"-tx-43-"Batch"-noun-0]|TX|3288/5|
00000000|MMI|3.61|Batch Number|C3641829|[inpr]|["BATCH"-tx-43-"Batch"-noun-0]|TX|3288/5|
00000000|MMI|3.61|Dizziness Adverse Event|C1963093|[fndg]|["Dizziness"-tx-6-"dizziness"-noun-0]|TX|589/9|
00000000|MMI|3.61|Patient location type - Operating Room|C1578465|[spco]|["Operating Room"-tx-26-"Operating Room"-noun-0]|TX|2160/14|
00000000|MMI|3.60|50%|C3842586|[fndg]|["50%"-tx-5-"50"-integer-0]|TX|421/2|
00000000|MMI|3.60|<50|C3843766|[fndg]|["<50"-tx-5-"50"-integer-0]|TX|421/2|
00000000|MMI|3.60|Old|C0580836|[tmco]|["Old"-tx-5-"old"-noun-0]|TX|429/3|
00000000|MMI|3.60|per year|C0439508|[tmco]|["/Year"-tx-5-"year"-noun-0]|TX|424/4|
00000000|MMI|3.60|year|C0439234|[tmco]|["YEAR"-tx-5-"year"-noun-0]|TX|424/4|
00000000|MMI|3.59|Pyrexia of unknown origin (excl puerperal)|C0856281|[sosy]|["puo"-tx-1-"PUO"-noun-0]|TX|12/3|
00000000|MMI|3.59|Clear|C2963144|[qlco]|["Clear"-tx-20-"clear"-adj-0]|TX|1564/5|
00000000|MMI|3.59|Negative Surgical Margin|C1709157|[fndg]|["Clear"-tx-20-"clear"-adj-0]|TX|1564/5|
00000000|MMI|3.59|Operative report|C1269801|[inpr]|["Operative Report"-tx-29-"operative report"-noun-0]|TX|2462/16|
00000000|MMI|3.59|Para 5|C0233074|[biof]|["Para 5"-tx-5-"para 5"-noun-0]|TX|445/6|
00000000|MMI|3.59|dictated - DocumentCompletion|C1609990|[idcn]|["Dictated"-tx-40-"Dictated"-noun-0]|TX|3192/8|
00000000|MMI|3.59|dictated - ParticipationMode|C1548384|[ftcn]|["dictated"-tx-40-"Dictated"-noun-0]|TX|3192/8|
00000000|MMI|3.57|Beginning|C0439659|[tmco]|["Beginning"-tx-34-"beginning"-noun-0]|TX|2830/9|
00000000|MMI|3.57|Home environment|C0442519|[cnce]|["HOME"-tx-38-"home"-noun-0]|TX|3101/4|
00000000|MMI|3.57|Saturated|C0522534|[phpr]|["Saturation"-tx-16-"saturation"-noun-0]|TX|1352/10|
00000000|MMI|3.57|Stabilized (qualifier value)|C0184512|[qlco]|["Stabilized"-tx-37-"stabilized"-verb-0]|TX|3061/10|
00000000|MMI|3.56|Packed Cells|C1547247|[inpr]|["Packed Cells"-tx-36-"packed cells"-noun-0]|TX|3005/12|
00000000|MMI|3.56|Daily|C0332173|[tmco]|["/day"-tx-8-"day"-noun-0]|TX|812/3|
00000000|MMI|3.56|History of recreational running|C2346414|[fndg]|["Running"-tx-22-"running"-noun-0]|TX|1742/7|
00000000|MMI|3.56|Taken|C1883727|[cnce]|["Taken"-tx-26-"taken"-verb-0]|TX|2147/5|
00000000|MMI|3.56|day|C0439228|[tmco]|["DAY"-tx-8-"day"-noun-0]|TX|812/3|
00000000|MMI|3.56|per day|C0439505|[tmco]|["/day"-tx-8-"day"-noun-0]|TX|812/3|
00000000|MMI|3.56|Uterus size|C0425914|[fndg]|["size uterus"-tx-30-"size uterus"-noun-0]|TX|2548/4,2561/6|
00000000|MMI|3.55|Cervix dilated (finding)|C0567177|[fndg]|["dilated cervix"-tx-24-"dilated cervix"-noun-0]|TX|1863/14|
00000000|MMI|3.55|Dilated|C0700124|[fndg]|["Distended"-tx-21-"distended"-adj-1]|TX|1617/9|
00000000|MMI|3.55|Disease classification level|C0456079|[clas]|["Level"-tx-21-"level"-noun-0]|TX|1655/5|
00000000|MMI|3.55|Early infantile epileptic encephalopathy with suppression bursts|C0393706|[dsyn]|["OS"-tx-24-"os"-noun-0]|TX|1925/2|
00000000|MMI|3.55|Female Phenotype|C1705498|[qlco]|["Female"-tx-15-"female"-noun-0]|TX|1248/6|
00000000|MMI|3.55|Female, Self-Report|C1705497|[qlco]|["Female"-tx-15-"female"-noun-0]|TX|1248/6|
00000000|MMI|3.55|Floor - story of building|C1547707|[geoa]|["Level"-tx-21-"level"-noun-0]|TX|1655/5|
00000000|MMI|3.55|Left eye structure|C0229090|[bpoc]|["OS"-tx-24-"os"-noun-0]|TX|1925/2|
00000000|MMI|3.55|Level|C2946261|[phsu]|["Level"-tx-21-"level"-noun-0]|TX|1655/5|
00000000|MMI|3.55|Levels (qualifier value)|C0441889|[qlco]|["Level"-tx-21-"level"-noun-0]|TX|1655/5|
00000000|MMI|3.55|Oral region|C0230028|[blor]|["Os"-tx-24-"os"-noun-0]|TX|1925/2|
00000000|MMI|3.55|Skeletal bone|C0262950|[bpoc]|["Os"-tx-24-"os"-noun-0]|TX|1925/2|
00000000|MMI|3.55|Supernumerary mandibular left central primary incisor|C1561953|[bpoc]|["Os"-tx-24-"os"-noun-0]|TX|1925/2|
00000000|MMI|3.55|Case (situation)|C0868928|[ftcn]|["Case"-tx-34-"case"-noun-0]|TX|2862/4|
00000000|MMI|3.55|Clinical Study Case|C1706256|[cnce]|["Case"-tx-34-"case"-noun-0]|TX|2862/4|
00000000|MMI|3.55|End|C0444930|[spco]|["End"-tx-34-"end"-noun-0]|TX|2851/3|
00000000|MMI|3.55|Packaging Case|C1706255|[medd]|["CASE"-tx-34-"case"-noun-0]|TX|2862/4|
00000000|MMI|3.55|Stop (qualifier value)|C2746065|[tmco]|["End"-tx-34-"end"-noun-0]|TX|2851/3|
00000000|MMI|3.54|Intraoperative|C0456904|[tmco]|["Intraoperative"-tx-36-"intraoperative"-adj-0]|TX|2990/14|
00000000|MMI|3.51|cervical prolapse|C1392369|[acab]|["CERVICAL PROLAPSE"-tx-30-"prolapsing cervix"-noun-0]|TX|2646/10,2669/6|
00000000|MMI|3.50|Anicteric|C0205180|[fndg]|["Anicteric"-tx-18-"anicteric"-adj-0]|TX|1475/9|
00000000|MMI|3.50|HEENT|C1512338|[blor]|["HEENT"-tx-18-"HEENT"-noun-0]|TX|1434/5|
00000000|MMI|3.50|Regular|C0205272|[qlco]|["Regular"-tx-19-"regular"-adj-0]|TX|1523/7|
00000000|MMI|3.48|Obstetrical|C0205484|[ftcn]|["Obstetric"-tx-10-"OBSTETRIC"-adj-0]|TX|946/9|
00000000|MMI|3.48|Past|C1444637|[tmco]|["Past"-tx-10-"PAST"-adj-0]|TX|941/4|
00000000|MMI|3.47|Full Term Birth|C3814420|[fndg]|["FULL TERM"-tx-10-"full term"-adj-0]|TX|970/9|
00000000|MMI|3.47|Gestation Category Code - Full Term|C1547236|[inpr]|["Full Term"-tx-10-"full term"-adj-0]|TX|970/9|
00000000|MMI|3.47|+2|C0740116|[qnco]|["+2"-tx-44-"2"-fraction-0]|TX|3324/1|
00000000|MMI|3.47|2+|C3833492|[fndg]|["2+"-tx-44-"2"-fraction-0]|TX|3324/1|
00000000|MMI|3.47|2+ Score|C2827735|[qnco]|["2+"-tx-44-"2"-fraction-0]|TX|3324/1|
00000000|MMI|3.47|2+ Score, WHO|C2981700|[clas]|["2+"-tx-44-"2"-fraction-0]|TX|3324/1|
00000000|MMI|3.47|20%|C3842589|[fndg]|["20%"-tx-24-"20"-integer-0]|TX|1958/2|
00000000|MMI|3.47|Event Seriousness - Significant|C1546944|[qlco]|["Significant"-tx-9-"significant"-adj-0]|TX|911/11|
00000000|MMI|3.47|Receive|C1514756|[qlco]|["RECEIVED"-tx-28-"received"-adj-0]|TX|2410/8|
00000000|MMI|3.47|Significant|C0750502|[idcn]|["Significant"-tx-9-"significant"-adj-0]|TX|911/11|
00000000|MMI|3.47|Statistical Significance|C0237881|[qnco]|["significant"-tx-9-"significant"-adj-0]|TX|911/11|
00000000|MMI|3.46|Diagnostic interview schedule|C0451119|[inpr]|["DIS"-tx-1-"DIS"-noun-0]|TX|89/3|
00000000|MMI|3.46|Discontinued|C1444662|[fndg]|["DIS"-tx-1-"DIS"-noun-0]|TX|89/3|
00000000|MMI|3.45|Five|C0205451|[qnco]|["Five"-tx-10-"Five"-word_numeral-0]|TX|965/4|
00000000|MMI|3.45|Palpable mass|C0746412|[fndg]|["Palpable mass"-tx-21-"palpable mass"-noun-1]|TX|1634/13|
00000000|MMI|3.44|Blood Loss|C3163616|[fndg]|["Loss Of Blood"-tx-27-"blood loss of"-noun-0]|TX|2379/13|
00000000|MMI|3.44|97|C0439073|[inpr]|["97"-tx-16-"97"-percentage-0]|TX|1366/2|
00000000|MMI|3.44|>97|C0439082|[qnco]|[">97"-tx-16-"97"-percentage-0]|TX|1366/2|
00000000|MMI|3.44|Condition|C0348080|[qlco]|["Condition"-tx-38-"condition"-noun-0]|TX|3114/9|
00000000|MMI|3.44|Condition:Find:Pt:^Patient:Nom|C3864998|[clna]|["Condition"-tx-38-"condition"-noun-0]|TX|3114/9|
00000000|MMI|3.44|Good|C0205170|[qlco]|["Good"-tx-38-"good"-adj-0]|TX|3109/4|
00000000|MMI|3.44|Logical Condition|C1705253|[cnce]|["Condition"-tx-38-"condition"-noun-0]|TX|3114/9|
00000000|MMI|3.43|Admission activity|C0809949|[hlca]|["Admission"-tx-8-"admission"-noun-0]|TX|819/9|
00000000|MMI|3.43|Blood Clot|C0302148|[bdsu]|["Clot"-tx-22-"clot"-noun-0]|TX|1753/4|
00000000|MMI|3.43|Hospital admission|C0184666|[hlca]|["Admission"-tx-8-"admission"-noun-0]|TX|819/9|
00000000|MMI|3.43|Multiple Fibroids|C0237022|[acab]|["Multiple Fibroids"-tx-30-"multiple fibroids"-noun-0]|TX|2573/8,2588/8|
00000000|MMI|3.43|90%|C3842582|[fndg]|["90%"-tx-7-"90"-integer-0]|TX|704/2|
00000000|MMI|3.43|<90|C0439087|[qnco]|["<90"-tx-7-"90"-integer-0]|TX|704/2|
00000000|MMI|3.43|>90|C0439083|[qnco]|[">90"-tx-7-"90"-integer-0]|TX|704/2|
00000000|MMI|3.43|African race|C0027567|[popg]|["Black"-tx-15-"black"-adj-0]|TX|1242/5|
00000000|MMI|3.43|Black color|C0439541|[qlco]|["Black"-tx-15-"black"-adj-0]|TX|1242/5|
00000000|MMI|3.43|Black race|C0005680|[popg]|["Black"-tx-15-"black"-adj-0]|TX|1242/5|
00000000|MMI|3.43|Details|C1522508|[qlco]|["Details"-tx-29-"details"-noun-0]|TX|2483/7|
00000000|MMI|3.43|Entire umbilicus|C1280744|[bpoc]|["Umbilicus"-tx-21-"umbilicus"-noun-0]|TX|1668/9|
00000000|MMI|3.43|Entire uterus|C1269032|[bpoc]|["Uterus"-tx-24-"uterus"-noun-0]|TX|1935/6|
00000000|MMI|3.43|Trendelenburg|C1883387|[spco]|["TRENDELENBURG"-tx-15-"Trendelenburg"-noun-0]|TX|1258/13|
00000000|MMI|3.43|Umbilicus Genus|C1040830|[plnt]|["Umbilicus"-tx-21-"umbilicus"-noun-0]|TX|1668/9|
00000000|MMI|3.42|Eight|C0205454|[qnco]|["Eight"-tx-30-"eight"-word_numeral-0]|TX|2610/5|
00000000|MMI|3.42|Submucosal Route of Drug Administration|C1515025|[ftcn]|["SUBMUCOSAL"-tx-30-"submucosal"-adj-0]|TX|2627/10|
00000000|MMI|3.42|C-Circle|C3538933|[celc]|["CC"-tx-27-"cc"-