00000000|MMI|321.72|Portugal|C0032729|[geoa]|["PO"-tx-12-"PO"-noun-0,"PO"-tx-11-"PO"-noun-0,"PO"-tx-10-"PO"-noun-0,"PO"-tx-8-"PO"-noun-0,"PO"-tx-7-"PO"-noun-0,"PO"-tx-6-"PO"-noun-0,"PO"-tx-4-"PO"-noun-0,"PO"-tx-3-"PO"-noun-0]|TX|[2340/2],[2394/2];2230/2;2117/2;[1722/2],[1876/2];1571/2;[1210/2],[1352/2],[1387/2];825/2;[508/2],[685/2]|Z01.542.727
00000000|MMI|125.14|Patient Discharge|C0030685|[hlca]|["Discharge"-tx-40-"DISCHARGE"-noun-0,"Discharge"-tx-39-"DISCHARGE"-noun-0,"Discharge"-tx-29-"discharge"-noun-0,"Discharge"-tx-13-"DISCHARGE"-noun-0,"Discharge"-tx-1-"DISCHARGE"-noun-0,"Patient Discharge"-tx-1-"DISCHARGE PATIENT"-noun-0]|TX|5449/9;5317/9;4591/9;2765/9;164/9;234/17|E02.204.125;E02.760.400.610;N02.421.192.125;N02.421.585.400.610;N04.590.233.727.210.125
00000000|MMI|114.32|Oral|C0442027|[spco]|["PO"-tx-12-"PO"-noun-0,"PO"-tx-11-"PO"-noun-0,"PO"-tx-10-"PO"-noun-0,"PO"-tx-8-"PO"-noun-0,"PO"-tx-7-"PO"-noun-0,"PO"-tx-6-"PO"-noun-0,"PO"-tx-4-"PO"-noun-0,"PO"-tx-3-"PO"-noun-0]|TX|[2340/2],[2394/2];2230/2;2117/2;[1722/2],[1876/2];1571/2;[1210/2],[1352/2],[1387/2];825/2;[508/2],[685/2]|
00000000|MMI|83.43|Mongolia|C0026410|[geoa]|["MG"-tx-12-"MG"-noun-0,"MG"-tx-10-"MG"-noun-0,"MG"-tx-8-"MG"-noun-0,"MG"-tx-6-"MG"-noun-0,"MG"-tx-3-"MG"-noun-0]|TX|2391/2;2114/2;1719/2;1384/2;[505/2],[682/2]|Z01.252.474.651
00000000|MMI|82.39|Override|C1547671|[acty]|["Override"-tx-10-"override"-verb-0,"Override"-tx-8-"Override"-verb-0,"Override"-tx-8-"overridden"-noun-0,"Override"-tx-8-"override"-verb-0,"Override"-tx-7-"Override"-verb-0,"Override"-tx-6-"override"-verb-0,"Override"-tx-4-"Override"-verb-0,"Override"-tx-4-"override"-verb-0]|TX|2033/8;1900/8;1888/10;1673/8;[1477/8],[1494/8];1312/8;[851/8],[868/8],[1110/8];[1056/8],[1088/8]|
00000000|MMI|80.14|Sodium Bicarbonate|C0074722|[orch,phsu]|["Bicarb"-tx-23-"bicarb"-noun-0,"Bicarb"-tx-22-"bicarb"-noun-0,"Bicarb"-tx-17-"bicarb"-noun-0]|TX|4175/6;[3969/6],[4057/6];3758/6|D01.200.275.150.100.800;D01.857.625
00000000|MMI|78.25|Simvastatin|C0074554|[orch,phsu]|["SIMVASTATIN"-tx-9-"SIMVASTATIN"-noun-0,"SIMVASTATIN"-tx-7-"SIMVASTATIN"-noun-0,"SIMVASTATIN"-tx-6-"SIMVASTATIN"-noun-0]|TX|1986/11;1626/11;1367/11|D02.455.426.559.847.638.400.900;D04.615.638.400.900
00000000|MMI|68.05|Physicians|C0031831|[prog]|["DR"-tx-37-"Dr"-noun-0,"Doctor"-tx-37-"doctor"-noun-0,"Doctor"-tx-36-"doctor"-noun-0,"DR"-tx-12-"Dr"-noun-0,"Doctor"-tx-12-"Doctor"-noun-0]|TX|5233/2;5226/6;5174/6;2569/2;2560/6|M01.526.485.810;N02.360.810
00000000|MMI|67.18|Lesotho|C0023376|[geoa]|["LT"-tx-4-"lt"-noun-0,"LT"-tx-3-"lt"-noun-0]|TX|844/2;[600/2],[705/2],[717/2]|Z01.058.290.175.400
00000000|MMI|66.68|Kidney Failure|C0035078|[dsyn]|["Failure, Renal"-tx-22-"renal failure"-noun-0,"ESRD"-tx-14-"ESRD"-noun-0,"Failure, Renal"-tx-13-"Renal failure"-noun-0,"Failure, Renal"-tx-1-"Renal failure"-noun-0]|TX|4002/13;3353/4;2834/13;65/13|C12.777.419.780;C13.351.968.419.780
00000000|MMI|66.34|Food-Drug Interactions|C0242785|[dsyn]|["Interaction, Food-Drug"-tx-10-"Food/Drug Interaction"-noun-0,"Interaction, Food-Drug"-tx-8-"Food/Drug Interaction"-noun-0,"Interaction, Food-Drug"-tx-6-"Food/Drug Interaction"-noun-0,"Interaction, Food-Drug"-tx-3-"Food/Drug Interaction"-noun-0]|TX|2123/21;1740/21;1394/21;723/21|G07.690.773.968.511
00000000|MMI|66.29|Potassium Chloride|C0032825|[inch,phsu]|["POTASSIUM CHLORIDE"-tx-6-"POTASSIUM CHLORIDE"-noun-0,"POTASSIUM CHLORIDE"-tx-4-"POTASSIUM CHLORIDE"-noun-0]|TX|1282/18;[935/18],[1026/18],[1177/18]|D01.210.450.150.750;D01.745.625
00000000|MMI|61.19|Citrus paradisi|C0947567|[plnt]|["grapefruit"-tx-10-"grapefruit"-noun-0,"grapefruit"-tx-6-"grapefruit"-noun-0]|TX|2163/10;1434/10|B01.650.940.800.575.100.875.177.538
00000000|MMI|61.19|Obesity|C0028754|[dsyn]|["OBESITY"-tx-13-"obesity"-noun-0]|TX|[3045/7],[3055/7]|C18.654.726.500;C23.888.144.699.500;E01.370.600.115.100.160.120.699.500;G07.100.100.160.120.699.500
00000000|MMI|58.90|Meal (occasion for eating)|C1998602|[dora]|["Meals"-tx-11-"meals"-noun-0,"Meals"-tx-3-"meals"-noun-0]|TX|2294/5;[534/5],[780/5]|F01.145.407.432.500;F01.145.466.349.500;G07.203.300.590;G07.203.650.353.432.500;J02.500.590
00000000|MMI|54.24|Togo|C0040363|[geoa]|["TO"-tx-32-"to"-adv-0,"TO"-tx-29-"to"-adv-0,"TO"-tx-25-"to"-adv-0]|TX|4800/2;4564/2;4376/2|Z01.058.290.190.800
00000000|MMI|54.24|Tryptophanase|C0041260|[aapp,enzy]|["TO"-tx-32-"to"-adv-0,"TO"-tx-29-"to"-adv-0,"TO"-tx-25-"to"-adv-0]|TX|4800/2;4564/2;4376/2|D08.811.520.224.800
00000000|MMI|53.81|Physical Dialysis|C0011945|[npop]|["Dialysis"-tx-29-"dialysis"-noun-0,"Dialysis"-tx-27-"dialysis"-noun-0,"Dialysis"-tx-23-"dialysis"-noun-0,"Dialysis"-tx-13-"Dialysis"-noun-0]|TX|4576/8;4495/8;4150/8;2622/8|E05.196.353;G02.149.767.540;G02.842.750.540
00000000|MMI|52.12|Epoetin Alfa|C0357126|[aapp,phsu]|["ERYTHROPOIETIN"-tx-3-"ERYTHROPOIETIN"-noun-0,"Epoetin Alfa"-tx-3-"EPOETIN ALFA"-noun-0]|TX|607/14;624/12|D12.644.276.374.410.240.150.500;D12.776.395.240.150.750;D12.776.467.374.410.240.150.500;D23.529.374.410.240.150.750
00000000|MMI|51.69|Kidney|C0022646|[bpoc]|["KIDNEY"-tx-37-"kidney"-noun-0,"Renal"-tx-24-"renal"-adj-0,"Renal"-tx-19-"RENAL"-adj-0,"KIDNEY"-tx-12-"Kidney"-noun-0,"Nephros"-tx-8-"NEPHRO"-noun-0]|TX|5219/6;4191/5;3814/5;2553/6;1854/6|A05.810.453
00000000|MMI|48.50|diagnosis aspect|C1704338|[qlco]|["diagnosis"-tx-13-"DIAGNOSIS"-noun-0]|TX|[2720/9],[2854/9]|x.x.x.x.x.x.x
00000000|MMI|47.37|Patient Monitoring|C0030695|[hlca]|["monitor"-tx-10-"monitor"-verb-0,"monitor"-tx-8-"monitor"-verb-0,"monitor"-tx-6-"monitor"-verb-0,"monitor"-tx-4-"monitor"-verb-0]|TX|2048/7;1688/7;1327/7;1071/7|E01.370.520
00000000|MMI|46.07|Contraceptives, Oral|C0009905|[phsu]|["Pill"-tx-38-"Pilling"-noun-0,"Pill"-tx-13-"Pilling"-noun-0]|TX|5237/7;2573/7|D27.505.696.875.360.276.210;D27.505.954.705.360.276.210
00000000|MMI|45.09|Coding|C0009219|[ocac]|["code"-tx-3-"CODE"-noun-0,"code"-tx-3-"code"-noun-0]|TX|406/4;424/4|N04.452.758.708.200.400.500;N04.452.859.564.274;N05.715.360.300.715.500.249;N06.850.520.308.940.968.249
00000000|MMI|45.05|Kidney Failure, Chronic|C0022661|[dsyn]|["ESRD"-tx-14-"ESRD"-noun-0,"End Stage Renal Disease"-tx-13-"end stage renal disease"-noun-1]|TX|3353/4;2731/23|C12.777.419.780.750.500;C13.351.968.419.780.750.500
00000000|MMI|40.81|Dialysis procedure|C0011946|[topp]|["Dialysis"-tx-29-"dialysis"-noun-0,"Dialysis"-tx-27-"dialysis"-noun-0,"Dialysis"-tx-23-"dialysis"-noun-0,"Dialysis"-tx-13-"Dialysis"-noun-0]|TX|4576/8;4495/8;4150/8;2622/8|E02.870.300;E02.912.800
00000000|MMI|36.05|Patients|C0030705|[podg]|["*^patient"-tx-34-"patient"-noun-0,"*^patient"-tx-33-"patient"-noun-0,"*^patient"-tx-30-"patient"-noun-0,"*^patient"-tx-28-"patient"-noun-0,"Patients"-tx-26-"patients"-noun-0]|TX|4952/7;4858/7;4612/7;4510/7;4415/8|M01.643
00000000|MMI|35.81|Gout|C0018099|[dsyn]|["GOUT"-tx-13-"gout"-noun-0]|TX|[3005/4],[3012/4]|C05.550.114.423;C05.799.414;C16.320.565.798.368;C18.452.648.798.368
00000000|MMI|35.81|Niacin|C0027996|[phsu,vita]|["NIACIN"-tx-9-"NIACIN"-noun-0,"NIACIN"-tx-7-"NIACIN"-noun-0]|TX|2004/6;1644/6|D03.066.515.475;D03.383.725.547.475
00000000|MMI|35.81|Nifedipine|C0028066|[orch,phsu]|["NIFEDIPINE"-tx-10-"NIFEDIPINE"-noun-0]|TX|[2056/10],[2091/10]|D03.383.725.203.540
00000000|MMI|35.81|Sleep Apnea Syndromes|C0037315|[dsyn]|["Sleep apnoea"-tx-13-"sleep apnea"-noun-0]|TX|[2977/11],[2991/11]|C08.618.085.852;C10.886.425.800.750
00000000|MMI|33.49|Doctor of Medicine|C1512018|[inpr]|["M.D."-tx-39-"M.D"-noun-0,"M.D."-tx-8-"M.D"-noun-0,"M.D."-tx-7-"M.D"-noun-0,"M.D."-tx-4-"M.D"-noun-0,"M.D."-tx-1-"M.D"-noun-0]|TX|5409/3;1948/3;1542/3;[917/3],[1159/3];393/3|
00000000|MMI|32.44|Dominican Republic|C0013014|[geoa]|["DR"-tx-37-"Dr"-noun-0,"DR"-tx-12-"Dr"-noun-0]|TX|5233/2;2569/2|Z01.107.084.900.300;Z01.639.880.300
00000000|MMI|32.42|Lisinopril|C0065374|[aapp,phsu]|["Lysinopril"-tx-6-"LISINOPRIL"-noun-0,"Lysinopril"-tx-4-"LISINOPRIL"-noun-0]|TX|1265/10;1009/10|D12.644.456.345.600
00000000|MMI|30.51|Hypertensive disease|C0020538|[dsyn]|["HTN"-tx-14-"HTN"-noun-0,"HTN"-tx-13-"htn"-noun-0,"HYPERTENSION"-tx-13-"hypertension"-noun-0]|TX|3371/3;2956/3;2962/12|C14.907.489
00000000|MMI|29.46|Mental Depression|C0011570|[mobd]|["DEPRESSION"-tx-13-"depression"-noun-0]|TX|[3019/10],[3032/10]|F01.145.126.350
00000000|MMI|27.59|Educational process of instructing|C0039401|[edac]|["Instruction"-tx-10-"Instruction"-noun-0,"Instruction"-tx-8-"Instruction"-noun-0,"Instruction"-tx-6-"Instruction"-noun-0,"Instruction"-tx-3-"Instruction"-noun-0]|TX|2145/11;1762/11;1416/11;745/11|I02.903
00000000|MMI|27.26|Cephalexin|C0007716|[antb,orch]|["Cefalexin"-tx-12-"CEPHALEXIN"-noun-0]|TX|2320/10|D02.065.589.099.249.200;D02.886.665.074.200;D04.075.080.875.099.221.249.200
00000000|MMI|26.11|Rabbi|C0684010|[prog]|["R."-tx-15-"R"-noun-0,"R."-tx-13-"R"-noun-0]|TX|3603/1;3163/1|M01.526.799.500
00000000|MMI|26.08|Falkland Islands|C0349396|[geoa]|["FK"-tx-25-"FK"-noun-0,"FK"-tx-21-"FK"-noun-0]|TX|4321/2;3896/2|Z01.639.040.695
00000000|MMI|25.68|Zocor|C0678181|[orch,phsu]|["Zocor"-tx-6-"ZOCOR"-noun-0]|TX|1359/5|D02.455.426.559.847.638.400.900;D04.615.638.400.900
00000000|MMI|25.62|Ancef|C0700926|[antb,orch]|["Ancef"-tx-30-"ancef"-noun-0]|TX|4641/5|D02.065.589.099.249.160;D02.886.665.074.160;D04.075.080.875.099.221.249.160
00000000|MMI|25.53|Date Fruit|C2348077|[food]|["DATE"-tx-31-"date"-noun-0]|TX|4761/4|B01.650.940.800.575.100.093.615
00000000|MMI|23.67|Order (action)|C1705178|[acty]|["Order"-tx-40-"ORDERS"-verb-0,"Order"-tx-7-"order"-noun-0,"Order"-tx-4-"order"-noun-0,"Order"-tx-1-"ORDER"-noun-0,"Order"-tx-1-"ORDERS"-verb-0]|TX|5459/6;1550/5;[925/5],[1167/5];315/5;174/6|
00000000|MMI|23.67|Order (arrangement)|C1705176|[qlco]|["Order"-tx-40-"ORDERS"-verb-0,"Order"-tx-7-"order"-noun-0,"Order"-tx-4-"order"-noun-0,"Order"-tx-1-"ORDER"-noun-0,"Order"-tx-1-"ORDERS"-verb-0]|TX|5459/6;1550/5;[925/5],[1167/5];315/5;174/6|
00000000|MMI|23.67|Order (document)|C1705175|[inpr]|["Order"-tx-40-"ORDERS"-verb-0,"Order"-tx-7-"order"-noun-0,"Order"-tx-4-"order"-noun-0,"Order"-tx-1-"ORDER"-noun-0,"Order"-tx-1-"ORDERS"-verb-0]|TX|5459/6;1550/5;[925/5],[1167/5];315/5;174/6|
00000000|MMI|23.67|Order (taxonomic)|C1705177|[clas]|["Order"-tx-40-"ORDERS"-verb-0,"Order"-tx-7-"order"-noun-0,"Order"-tx-4-"order"-noun-0,"Order"-tx-1-"ORDER"-noun-0,"Order"-tx-1-"ORDERS"-verb-0]|TX|5459/6;1550/5;[925/5],[1167/5];315/5;174/6|
00000000|MMI|23.67|Permutation|C1882348|[qlco]|["Order"-tx-40-"ORDERS"-verb-0,"Order"-tx-7-"order"-noun-0,"Order"-tx-4-"order"-noun-0,"Order"-tx-1-"ORDER"-noun-0,"Order"-tx-1-"ORDERS"-verb-0]|TX|5459/6;1550/5;[925/5],[1167/5];315/5;174/6|
00000000|MMI|23.67|Sequence of Planned Assessment Schedule|C3889825|[inpr]|["ORDER"-tx-40-"ORDERS"-verb-0,"ORDER"-tx-7-"order"-noun-0,"ORDER"-tx-4-"order"-noun-0,"ORDER"-tx-1-"ORDER"-noun-0,"ORDER"-tx-1-"ORDERS"-verb-0]|TX|5459/6;1550/5;[925/5],[1167/5];315/5;174/6|
00000000|MMI|23.14|1+|C3816745|[fndg]|["1+"-tx-40-"1"-fraction-0,"1+"-tx-15-"1"-integer-0,"1+"-tx-8-"1"-integer-0,"1+"-tx-3-"1"-integer-0,"1+"-tx-1-"1"-fraction-0]|TX|5423/1;3576/1;1870/1;497/1;[147/1],[256/1]|
00000000|MMI|23.14|1+ Score|C2827734|[qnco]|["1+"-tx-40-"1"-fraction-0,"1+"-tx-15-"1"-integer-0,"1+"-tx-8-"1"-integer-0,"1+"-tx-3-"1"-integer-0,"1+"-tx-1-"1"-fraction-0]|TX|5423/1;3576/1;1870/1;497/1;[147/1],[256/1]|
00000000|MMI|23.14|1+ Score, WHO|C2981698|[clas]|["1+"-tx-40-"1"-fraction-0,"1+"-tx-15-"1"-integer-0,"1+"-tx-8-"1"-integer-0,"1+"-tx-3-"1"-integer-0,"1+"-tx-1-"1"-fraction-0]|TX|5423/1;3576/1;1870/1;497/1;[147/1],[256/1]|
00000000|MMI|23.12|Depressive disorder|C0011581|[mobd]|["-- Depression"-tx-13-"depression"-noun-0]|TX|[3019/10],[3032/10]|F03.600.300
00000000|MMI|22.98|Instruction [Publication Type]|C0302828|[inpr]|["instructions"-tx-11-"Instructions"-noun-0,"Instruction"-tx-10-"Instruction"-noun-0,"Instruction"-tx-8-"Instruction"-noun-0,"Instruction"-tx-6-"Instruction"-noun-0,"Instruction"-tx-3-"Instruction"-noun-0,"instructions"-tx-3-"Instructions"-noun-0]|TX|2258/12;2145/11;1762/11;1416/11;745/11;515/12|
00000000|MMI|22.98|Instructions|C1442085|[idcn]|["Instructions"-tx-11-"Instructions"-noun-0,"instruction"-tx-10-"Instruction"-noun-0,"instruction"-tx-8-"Instruction"-noun-0,"instruction"-tx-6-"Instruction"-noun-0,"Instructions"-tx-3-"Instructions"-noun-0,"instruction"-tx-3-"Instruction"-noun-0]|TX|2258/12;2145/11;1762/11;1416/11;515/12;745/11|
00000000|MMI|22.61|Erythropoietin|C0014822|[aapp,horm,phsu]|["Erythropoietin"-tx-3-"ERYTHROPOIETIN"-noun-0]|TX|607/14|D12.644.276.374.410.240.150;D12.776.395.240.150;D12.776.467.374.410.240.150;D23.529.374.410.240.150;x.x.x.x
00000000|MMI|22.48|10%|C3842590|[fndg]|["10%"-tx-25-"10"-integer-0,"10%"-tx-17-"10"-integer-0,"10%"-tx-16-"10"-fraction-0,"10%"-tx-13-"10"-fraction-0,"10%"-tx-6-"10"-integer-0,"10%"-tx-1-"10"-fraction-0]|TX|4304/2;3753/2;3679/2;2675/2;1381/2;105/2|
00000000|MMI|22.45|Daily|C0332173|[tmco]|["/day"-tx-12-"day"-noun-0,"QD"-tx-12-"QD"-noun-0,"QD"-tx-11-"QD"-noun-0,"QD"-tx-10-"QD"-noun-0,"QD"-tx-8-"QD"-noun-0,"QD"-tx-4-"QD"-noun-0]|TX|2468/3;2343/2;2233/2;2120/2;1879/2;828/2|
00000000|MMI|22.40|therapeutic aspects|C0039798|[ftcn]|["treatment"-tx-13-"Treatment"-noun-0]|TX|2916/9|x.x.x.x.x.x.x
00000000|MMI|22.27|Magnesium Cation|C2346927|[elii,phsu]|["Mg++"-tx-12-"MG"-noun-0,"Mg++"-tx-10-"MG"-noun-0,"Mg++"-tx-8-"MG"-noun-0,"Mg++"-tx-6-"MG"-noun-0,"Mg++"-tx-3-"MG"-noun-0]|TX|2391/2;2114/2;1719/2;1384/2;[505/2],[682/2]|
00000000|MMI|22.27|Milligram percent|C1960952|[qnco]|["mg %"-tx-12-"MG"-noun-0,"mg %"-tx-10-"MG"-noun-0,"mg %"-tx-8-"MG"-noun-0,"mg %"-tx-6-"MG"-noun-0,"mg %"-tx-3-"MG"-noun-0]|TX|2391/2;2114/2;1719/2;1384/2;[505/2],[682/2]|
00000000|MMI|22.27|mg/dL|C0439269|[qnco]|["mg%"-tx-12-"MG"-noun-0,"mg%"-tx-10-"MG"-noun-0,"mg%"-tx-8-"MG"-noun-0,"mg%"-tx-6-"MG"-noun-0,"mg%"-tx-3-"MG"-noun-0]|TX|2391/2;2114/2;1719/2;1384/2;[505/2],[682/2]|
00000000|MMI|21.36|Biomedical Monitors|C0181904|[medd]|["Monitor"-tx-10-"monitor"-verb-0,"Monitor"-tx-8-"monitor"-verb-0,"Monitor"-tx-6-"monitor"-verb-0,"Monitor"-tx-4-"monitor"-verb-0]|TX|2048/7;1688/7;1327/7;1071/7|
00000000|MMI|21.36|Monitor Device Component|C1704646|[mnob]|["Monitor"-tx-10-"monitor"-verb-0,"Monitor"-tx-8-"monitor"-verb-0,"Monitor"-tx-6-"monitor"-verb-0,"Monitor"-tx-4-"monitor"-verb-0]|TX|2048/7;1688/7;1327/7;1071/7|
00000000|MMI|21.36|Monitor, occupation|C1521743|[prog]|["Monitor"-tx-10-"monitor"-verb-0,"Monitor"-tx-8-"monitor"-verb-0,"Monitor"-tx-6-"monitor"-verb-0,"Monitor"-tx-4-"monitor"-verb-0]|TX|2048/7;1688/7;1327/7;1071/7|
00000000|MMI|21.36|Monitoring Device|C0596972|[medd]|["Monitor"-tx-10-"monitor"-verb-0,"Monitor"-tx-8-"monitor"-verb-0,"Monitor"-tx-6-"monitor"-verb-0,"Monitor"-tx-4-"monitor"-verb-0]|TX|2048/7;1688/7;1327/7;1071/7|
00000000|MMI|21.36|Preventive monitoring|C0150369|[hlca]|["monitor"-tx-10-"monitor"-verb-0,"monitor"-tx-8-"monitor"-verb-0,"monitor"-tx-6-"monitor"-verb-0,"monitor"-tx-4-"monitor"-verb-0]|TX|2048/7;1688/7;1327/7;1071/7|
00000000|MMI|20.95|Clonidine Hydrochloride|C0546860|[orch,phsu]|["clonidine hcl"-tx-3-"CLONIDINE HCL"-noun-0]|TX|551/13|D03.383.129.308.436.500
00000000|MMI|20.95|Prednisone|C0032952|[horm,orch,phsu]|["PREDNISONE"-tx-25-"prednisone"-noun-0]|TX|4276/10|D04.808.745.432.719.702
00000000|MMI|20.30|Disease|C0012634|[dsyn]|["condition"-tx-39-"CONDITION"-noun-0,"condition"-tx-13-"Conditions"-noun-0]|TX|5327/9;2864/10|C23.550.288
00000000|MMI|19.84|Males|C0086582|[orga]|["MALE"-tx-14-"male"-noun-0,"MALE"-tx-13-"male"-noun-0]|TX|3343/4;3236/4|x.x.x
00000000|MMI|19.45|Catapres|C0699881|[orch,phsu]|["Catapres"-tx-3-"CATAPRES"-noun-0]|TX|540/8|D03.383.129.308.436.500
00000000|MMI|19.32|Bicarbonates|C0005367|[inch,phsu]|["HCO3"-tx-23-"HCO3"-noun-0]|TX|4117/4|D01.200.275.150.100;D01.248.497.158.165.100
00000000|MMI|19.31|District of Columbia|C0012764|[geoa]|["D.C."-tx-1-"D/C"-noun-0]|TX|311/3|Z01.107.567.875.500.210;Z01.433.429
00000000|MMI|19.23|Accident and Emergency department|C0562508|[hcro]|["EMERGENCY ROOM"-tx-36-"emergency room"-noun-0]|TX|5146/14|N02.278.216.500.968.336;N02.421.297.195;N04.452.442.422.336
00000000|MMI|19.23|Montana (geographic location)|C0026506|[geoa]|["Montana"-tx-1-"Montana"-noun-0]|TX|213/7|Z01.107.567.875.560.500
00000000|MMI|19.13|Bicarbonate measurement|C0202059|[lbpr]|["BICARB"-tx-23-"bicarb"-noun-0,"HCO3"-tx-23-"HCO3"-noun-0,"BICARB"-tx-22-"bicarb"-noun-0,"BICARB"-tx-17-"bicarb"-noun-0]|TX|4175/6;4117/4;[3969/6],[4057/6];3758/6|
00000000|MMI|18.84|Body Fluid Discharge|C0012621|[bdsu]|["Discharge"-tx-40-"DISCHARGE"-noun-0,"Discharge"-tx-39-"DISCHARGE"-noun-0,"Discharge"-tx-29-"discharge"-noun-0,"Discharge"-tx-13-"DISCHARGE"-noun-0,"Discharge"-tx-1-"DISCHARGE"-noun-0]|TX|5449/9;5317/9;4591/9;2765/9;164/9|
00000000|MMI|18.84|Discharge, body substance|C2926602|[bdsu]|["Discharge"-tx-40-"DISCHARGE"-noun-0,"Discharge"-tx-39-"DISCHARGE"-noun-0,"Discharge"-tx-29-"discharge"-noun-0,"Discharge"-tx-13-"DISCHARGE"-noun-0,"Discharge"-tx-1-"DISCHARGE"-noun-0]|TX|5449/9;5317/9;4591/9;2765/9;164/9|
00000000|MMI|18.34|Doctor - Title|C2348314|[cnce]|["Doctor"-tx-37-"doctor"-noun-0,"Dr."-tx-37-"Dr"-noun-0,"Doctor"-tx-36-"doctor"-noun-0,"Doctor"-tx-12-"Doctor"-noun-0,"Dr."-tx-12-"Dr"-noun-0]|TX|5226/6;5233/2;5174/6;2560/6;2569/2|
00000000|MMI|17.80|Central African Republic|C0007673|[geoa]|["CT"-tx-35-"CT"-noun-0]|TX|5023/2|Z01.058.290.100.120
00000000|MMI|17.80|Hidradenitis Suppurativa|C0162836|[dsyn]|["Hidradenitis Suppurativa"-tx-15-"hidradenitis suppurativa"-noun-0]|TX|3624/24|C01.252.825.420;C01.539.800.720.420;C01.539.830.499;C17.800.838.765.420;C17.800.946.315.320
00000000|MMI|17.80|Urinalysis|C0042014|[lbpr]|["UA"-tx-21-"UA"-noun-0]|TX|3919/2|E01.370.225.124.810;E01.370.390.810;E05.200.124.810
00000000|MMI|16.30|Treatment Protocols|C0040808|[topp]|["Regimen"-tx-24-"regimen"-noun-0]|TX|4218/7|E02.183;N05.715.360.775.225
00000000|MMI|16.18|Pain|C0030193|[sosy]|["PAIN"-tx-33-"pain"-noun-0]|TX|4892/4|C10.597.617;C23.888.592.612;F02.830.816.444;G11.561.600.810.444
00000000|MMI|16.15|Antacids|C0003138|[phsu]|["ANTACIDS"-tx-8-"antacids"-noun-0]|TX|1783/8|D27.505.519.170;D27.505.954.483.080
00000000|MMI|16.07|Back Pain|C0004604|[sosy]|["BACKPAIN"-tx-12-"back pain"-noun-0]|TX|2405/9|C10.597.617.140;C23.888.592.612.107
00000000|MMI|16.07|Saint Kitts and Nevis|C0282380|[geoa]|["SC"-tx-3-"SC"-noun-0]|TX|653/2|Z01.107.084.900.787;Z01.639.880.787
00000000|MMI|16.04|Ivory Coast|C0022326|[geoa]|["IV"-tx-4-"IV"-noun-0]|TX|954/2|Z01.058.290.190.272
00000000|MMI|16.04|Osteophyte|C1956089|[dsyn]|["Osteophytes"-tx-35-"osteophytes"-noun-0]|TX|5097/11|C05.116.540.310.800
00000000|MMI|15.79|Hold (action)|C1948035|[acty]|["Hold"-tx-4-"HOLD"-verb-0,"Hold"-tx-3-"HOLD"-verb-0]|TX|831/4;[587/4],[692/4]|
00000000|MMI|15.79|Hold - dosing instruction fragment|C1553387|[idcn]|["Hold"-tx-4-"HOLD"-verb-0,"Hold"-tx-3-"HOLD"-verb-0]|TX|831/4;[587/4],[692/4]|
00000000|MMI|15.79|Revealed|C0443289|[qlco]|["Revealed"-tx-35-"revealed"-verb-0,"Revealed"-tx-33-"revealed"-verb-0,"Revealed"-tx-17-"revealed"-verb-0]|TX|5026/8;4919/8;3737/8|
00000000|MMI|15.79|To|C1883351|[qlco]|["To"-tx-32-"to"-adv-0,"To"-tx-29-"to"-adv-0,"To"-tx-25-"to"-adv-0]|TX|4800/2;4564/2;4376/2|
00000000|MMI|15.79|hold - Data Operation|C3853841|[ftcn]|["hold"-tx-4-"HOLD"-verb-0,"hold"-tx-3-"HOLD"-verb-0]|TX|831/4;[587/4],[692/4]|
00000000|MMI|15.70|Abortion consent:Finding:Point in time:^Patient:Document|C2360836|[clna]|["Patient"-tx-34-"patient"-noun-0,"Patient"-tx-33-"patient"-noun-0,"Patient"-tx-30-"patient"-noun-0,"Patient"-tx-28-"patient"-noun-0]|TX|4952/7;4858/7;4612/7;4510/7|
00000000|MMI|15.70|Hysterectomy consent:Finding:Point in time:^Patient:Document|C2360838|[clna]|["Patient"-tx-34-"patient"-noun-0,"Patient"-tx-33-"patient"-noun-0,"Patient"-tx-30-"patient"-noun-0,"Patient"-tx-28-"patient"-noun-0]|TX|4952/7;4858/7;4612/7;4510/7|
00000000|MMI|15.70|Sterilization consent:Finding:Point in time:^Patient:Document|C2360840|[clna]|["Patient"-tx-34-"patient"-noun-0,"Patient"-tx-33-"patient"-noun-0,"Patient"-tx-30-"patient"-noun-0,"Patient"-tx-28-"patient"-noun-0]|TX|4952/7;4858/7;4612/7;4510/7|
00000000|MMI|15.17|Lymphotoxin-Alpha, human|C3887647|[aapp,imft]|["LT"-tx-4-"lt"-noun-0,"LT"-tx-3-"lt"-noun-0]|TX|844/2;[600/2],[705/2],[717/2]|
00000000|MMI|15.17|Structure of left thigh|C0230426|[bpoc]|["LT"-tx-4-"lt"-noun-0,"LT"-tx-3-"lt"-noun-0]|TX|844/2;[600/2],[705/2],[717/2]|
00000000|MMI|14.97|Interaction|C1704675|[ftcn]|["Interaction"-tx-9-"INTERACTION"-noun-0,"Interaction"-tx-7-"INTERACTION"-noun-0,"Interaction"-tx-6-"INTERACTION"-noun-0,"Interaction"-tx-4-"INTERACTION"-noun-0]|TX|1973/11;1613/11;1252/11;996/11|
00000000|MMI|14.88|4+ Answer to question|C3838679|[fndg]|["4+"-tx-21-"4"-real_number-0,"4+"-tx-14-"4"-integer-0,"4+"-tx-13-"4"-fraction-0,"4+"-tx-3-"4"-integer-0]|TX|3909/1;3492/1;2603/1;639/1|
00000000|MMI|14.80|Genus Dialysis|C1059964|[euka]|["Dialysis"-tx-29-"dialysis"-noun-0,"Dialysis"-tx-27-"dialysis"-noun-0,"Dialysis"-tx-23-"dialysis"-noun-0,"Dialysis"-tx-13-"Dialysis"-noun-0]|TX|4576/8;4495/8;4150/8;2622/8|
00000000|MMI|14.71|Indication of (contextual qualifier)|C0392360|[idcn]|["Reason"-tx-10-"Reason"-noun-0,"Reason"-tx-8-"Reason"-noun-0,"Reason"-tx-6-"Reason"-noun-0,"Reason"-tx-4-"Reason"-noun-0]|TX|2022/6;1662/6;1301/6;1045/6|
00000000|MMI|14.67|Additional|C1524062|[ftcn]|["Added"-tx-8-"added"-verb-0,"Added"-tx-7-"added"-verb-0,"Added"-tx-4-"added"-verb-0]|TX|1909/5;1503/5;[877/5],[1119/5]|
00000000|MMI|14.64|Christmas Island|C0006888|[geoa]|["CXR"-tx-34-"CXR"-noun-0]|TX|5015/3|Z01.639.100;Z01.678.100.373
00000000|MMI|14.64|Diabetes Mellitus|C0011849|[dsyn]|["DIABETES MELLITUS"-tx-13-"diabetes mellitus"-noun-0]|TX|2936/17|C18.452.394.750;C19.246
00000000|MMI|14.64|Etiology|C1314792|[ftcn]|["Etiology"-tx-20-"etiology"-noun-0]|TX|3869/8|N05.715.350.200;N06.850.490.625
00000000|MMI|14.64|FK-506|C0729218|[orch,phsu]|["FK506"-tx-8-"FK506"-noun-0]|TX|1696/5|D02.540.505.810
00000000|MMI|14.64|Tacrolimus|C0085149|[orch,phsu]|["TACROLIMUS"-tx-8-"TACROLIMUS"-noun-0]|TX|1704/10|D02.540.505.810
00000000|MMI|14.64|Ukraine|C0041580|[geoa]|["UA"-tx-21-"UA"-noun-0]|TX|3919/2|Z01.542.248.960;Z01.586.200.960;Z01.586.950.960
00000000|MMI|14.64|calcium acetate|C0717537|[irda,orch,phsu]|["CALCIUM ACETATE"-tx-3-"CALCIUM ACETATE"-noun-0]|TX|479/15|x.x.x.x
00000000|MMI|14.43|Right|C0205090|[spco]|["RIGHT"-tx-35-"right"-adj-0,"RIGHT"-tx-33-"right"-adj-0,"R-"-tx-15-"R"-noun-0,"R-"-tx-13-"R"-noun-0]|TX|5064/5;4880/5;3603/1;3163/1|
00000000|MMI|14.33|Serious|C0205404|[qlco]|["Serious"-tx-9-"SERIOUS"-adj-0,"Serious"-tx-7-"SERIOUS"-adj-0,"Serious"-tx-6-"SERIOUS"-adj-0,"Serious"-tx-4-"SERIOUS"-adj-0]|TX|1965/7;1605/7;1244/7;988/7|
00000000|MMI|13.80|Infection|C3714514|[patf]|["INFECTION"-tx-38-"infection"-noun-0,"Infections"-tx-13-"Infections"-noun-0]|TX|5293/9;2877/10|C01.539
00000000|MMI|13.09|EOS composite inlay material|C0211273|[bodm]|["EOS"-tx-21-"eos"-noun-0]|TX|3941/3|x.x.x.x
00000000|MMI|13.08|Infantile Neuroaxonal Dystrophy|C0270724|[dsyn]|["PLAN"-tx-39-"PLAN"-noun-0]|TX|5351/4|C10.228.140.744
00000000|MMI|13.05|Urgent Care|C2362545|[hcro]|["Urgent Care"-tx-16-"urgent care"-noun-0]|TX|3667/11|E02.760.106;N02.421.585.106
00000000|MMI|13.05|Diet|C0012155|[food]|["Diet"-tx-12-"DIET"-noun-0]|TX|2440/4|G07.203.650.240
00000000|MMI|13.03|Hospitalization|C0019993|[hlca]|["hospitalisation"-tx-30-"hospitalization"-noun-0]|TX|4707/15|E02.760.400;N02.421.585.400
00000000|MMI|13.03|Stomach|C0038351|[bpoc]|["STOMACH"-tx-3-"stomach"-noun-0]|TX|798/7|A03.556.875.875
00000000|MMI|13.00|Dilatation and Curettage|C0012358|[topp]|["D & C"-tx-1-"D/C"-noun-0]|TX|311/3|E04.157.310;E04.950.300.299
00000000|MMI|12.91|Doxercalciferol|C0043668|[orch,phsu,vita]|["DOXERCALCIFEROL"-tx-11-"DOXERCALCIFEROL"-noun-0]|TX|2206/15|x.x.x.x
00000000|MMI|12.91|RenaGel|C0526563|[orch,phsu]|["RenaGel"-tx-11-"RENAGEL"-noun-0]|TX|2236/7|D02.092.782.634
00000000|MMI|12.91|Kidney Transplantation|C0022671|[topp]|["Renal transplant"-tx-13-"renal transplant"-noun-0]|TX|3245/16|E02.870.500;E04.936.450.485;E04.950.774.400
00000000|MMI|12.90|Panama|C0030266|[geoa]|["PM"-tx-1-"PM"-adj-0]|TX|272/2|Z01.107.169.772
00000000|MMI|12.89|Upper arm|C0446516|[blor]|["ARM"-tx-38-"arm"-noun-0]|TX|5311/3|A01.378.800.075
00000000|MMI|11.60|Pharmacogenomics Trial Characteristics Domain|C3714755|[inpr]|["PT"-tx-19-"Pt"-noun-0,"PT"-tx-18-"Pt"-noun-0,"PT"-tx-14-"pt"-noun-0]|TX|3821/2;3777/2;3469/2|
00000000|MMI|11.60|Physical therapy (field)|C0699718|[bmod]|["PT"-tx-19-"Pt"-noun-0,"PT"-tx-18-"Pt"-noun-0,"PT"-tx-14-"pt"-noun-0]|TX|3821/2;3777/2;3469/2|
00000000|MMI|11.49|Complication Aspects|C1171258|[patf]|["complications"-tx-13-"Complications"-noun-0]|TX|2890/13|x.x.x
00000000|MMI|11.49|Etiology aspects|C0015127|[ftcn]|["etiology"-tx-20-"etiology"-noun-0]|TX|3869/8|x.x.x
00000000|MMI|11.49|Methods aspects|C0025664|[inpr]|["procedures"-tx-13-"PROCEDURES"-noun-0]|TX|3107/10|x.x.x
00000000|MMI|11.49|Outpatients|C0029921|[podg]|["Outpatient"-tx-32-"outpatient"-noun-0]|TX|4841/10|M01.643.630
00000000|MMI|11.42|100%|C3817553|[qnco]|["100%"-tx-4-"100"-integer-0,"100%"-tx-3-"100"-integer-0]|TX|847/3;[603/3],[708/3]|
00000000|MMI|11.35|VIT gene|C1421454|[gngm]|["VIT"-tx-9-"VIT"-noun-0,"VIT"-tx-8-"VIT"-noun-0,"VIT"-tx-7-"VIT"-noun-0]|TX|2013/3;1861/3;1653/3|
00000000|MMI|11.27|Hospital admission|C0184666|[hlca]|["admitted"-tx-19-"admitted"-verb-0,"Admission"-tx-13-"Admission"-noun-0,"Admit"-tx-13-"ADMIT"-verb-0]|TX|3824/8;2822/9;2714/5|
00000000|MMI|11.22|ALYREF gene|C1425988|[gngm]|["REF"-tx-7-"ref"-noun-0,"REF"-tx-6-"ref"-noun-0,"REF"-tx-4-"ref"-noun-0]|TX|1576/3;1215/3;959/3|
00000000|MMI|11.03|Renal Failure Adverse Event|C1963154|[patf]|["Renal failure"-tx-22-"renal failure"-noun-0,"Renal failure"-tx-13-"Renal failure"-noun-0,"Renal failure"-tx-1-"Renal failure"-noun-0]|TX|4002/13;2834/13;65/13|
00000000|MMI|11.03|Keflex|C0700517|[antb,orch]|["Keflex"-tx-32-"keflex"-noun-0,"Keflex"-tx-16-"keflex"-noun-0,"Keflex"-tx-12-"KEFLEX"-noun-0]|TX|4828/6;3693/6;2311/6|
00000000|MMI|10.94|Discontinued|C1444662|[fndg]|["Discontinued"-tx-25-"discontinued"-verb-0,"D/C"-tx-1-"D/C"-noun-1,"DIS"-tx-1-"DIS"-noun-0]|TX|4257/12;311/3;83/3|
00000000|MMI|10.92|Decreased|C0205216|[qnco]|["Decreased"-tx-27-"decreased"-verb-0,"Decreased"-tx-25-"decreased"-verb-0]|TX|4465/9;[4291/9],[4333/9]|
00000000|MMI|10.92|Decreasing|C0442797|[qlco]|["decreased"-tx-27-"decreased"-verb-0,"decreased"-tx-25-"decreased"-verb-0]|TX|4465/9;[4291/9],[4333/9]|
00000000|MMI|10.92|Reduced|C0392756|[qlco]|["Decreased"-tx-27-"decreased"-verb-0,"Decreased"-tx-25-"decreased"-verb-0]|TX|4465/9;[4291/9],[4333/9]|
00000000|MMI|10.78|Clinical Study Follow-up|C3274571|[hlca]|["FOLLOW-UP"-tx-38-"Follow up"-adj-0,"FOLLOW-UP"-tx-37-"Follow up"-adj-0,"FOLLOW-UP"-tx-12-"FOLLOW UP"-adj-0]|TX|5245/9;5199/9;2525/9|
00000000|MMI|10.78|Follow-Up Report|C1704685|[inpr]|["Follow-Up"-tx-38-"Follow up"-adj-0,"Follow-Up"-tx-37-"Follow up"-adj-0,"Follow-Up"-tx-12-"FOLLOW UP"-adj-0]|TX|5245/9;5199/9;2525/9|
00000000|MMI|10.78|Follow-up status|C0589120|[fndg]|["Follow-up"-tx-38-"Follow up"-adj-0,"Follow-up"-tx-37-"Follow up"-adj-0,"Follow-up"-tx-12-"FOLLOW UP"-adj-0]|TX|5245/9;5199/9;2525/9|
00000000|MMI|10.78|follow-up|C1522577|[hlca]|["Follow Up"-tx-38-"Follow up"-adj-0,"Follow Up"-tx-37-"Follow up"-adj-0,"Follow Up"-tx-12-"FOLLOW UP"-adj-0]|TX|5245/9;5199/9;2525/9|
00000000|MMI|10.73|Home environment|C0442519|[cnce]|["HOME"-tx-22-"home"-adj-0,"house"-tx-12-"House"-noun-0,"HOME"-tx-3-"Home"-noun-0]|TX|4079/4;2446/5;442/4|
00000000|MMI|10.62|Alternate days|C0558287|[tmco]|["QOD"-tx-25-"qod"-adv-0,"QOD"-tx-12-"QOD"-adv-0,"QOD"-tx-6-"QOD"-adv-0]|TX|4307/3;2436/3;1355/3|
00000000|MMI|10.57|day|C0439228|[tmco]|["DAYS"-tx-25-"days"-noun-0,"DAY"-tx-12-"day"-noun-0,"DAYS"-tx-8-"Days"-noun-0]|TX|4404/4;2468/3;1735/4|
00000000|MMI|10.52|Three times daily|C0556984|[tmco]|["TID"-tx-12-"TID"-noun-0,"TID"-tx-11-"TID"-noun-0,"TID"-tx-3-"TID"-noun-0]|TX|2397/3;2254/3;511/3|
00000000|MMI|10.52|three times a day at institution-specified times|C1610169|[tmco]|["TID"-tx-12-"TID"-noun-0,"TID"-tx-11-"TID"-noun-0,"TID"-tx-3-"TID"-noun-0]|TX|2397/3;2254/3;511/3|
00000000|MMI|10.48|50%|C3842586|[fndg]|["50%"-tx-14-"50"-integer-0,"50%"-tx-13-"50"-integer-0,"50%"-tx-3-"50"-integer-0]|TX|3337/2;3230/2;720/2|
00000000|MMI|10.48|<50|C3843766|[fndg]|["<50"-tx-14-"50"-integer-0,"<50"-tx-13-"50"-integer-0,"<50"-tx-3-"50"-integer-0]|TX|3337/2;3230/2;720/2|
00000000|MMI|10.42|Depressed mood|C0344315|[fndg]|["depression"-tx-13-"depression"-noun-0]|TX|[3019/10],[3032/10]|
00000000|MMI|10.42|Depression Scale (BASC-2)|C4049644|[inpr]|["Depression"-tx-13-"depression"-noun-0]|TX|[3019/10],[3032/10]|
00000000|MMI|10.42|Depression motion|C0460137|[ftcn]|["Depression"-tx-13-"depression"-noun-0]|TX|[3019/10],[3032/10]|
00000000|MMI|10.42|Diagnosis|C0011900|[fndg]|["DIAGNOSIS"-tx-13-"DIAGNOSIS"-noun-0,"DIAGNOSIS"-tx-13-"DIAGNOSIS"-noun-1]|TX|[2720/9],[2854/9];[2720/9],[2854/9]|E01
00000000|MMI|10.42|Diagnosis Study|C1704656|[resa]|["DIAGNOSIS"-tx-13-"DIAGNOSIS"-noun-0]|TX|[2720/9],[2854/9]|
00000000|MMI|10.42|GRAPEFRUIT EXTRACT|C0440280|[orch,phsu]|["GRAPEFRUIT"-tx-10-"grapefruit"-noun-0,"GRAPEFRUIT"-tx-6-"grapefruit"-noun-0]|TX|2163/10;1434/10|
00000000|MMI|10.42|Grapefruit (food)|C0995150|[food]|["GRAPEFRUIT"-tx-10-"grapefruit"-noun-0,"GRAPEFRUIT"-tx-6-"grapefruit"-noun-0]|TX|2163/10;1434/10|
00000000|MMI|10.42|Grapefruit Flavor|C1365950|[food]|["GRAPEFRUIT"-tx-10-"grapefruit"-noun-0,"GRAPEFRUIT"-tx-6-"grapefruit"-noun-0]|TX|2163/10;1434/10|
00000000|MMI|10.42|Obesity Adverse Event|C1963185|[fndg]|["Obesity"-tx-13-"obesity"-noun-0]|TX|[3045/7],[3055/7]|
00000000|MMI|10.42|SLEEP APNEA (device)|C3496180|[medd]|["SLEEP APNEA"-tx-13-"sleep apnea"-noun-0]|TX|[2977/11],[2991/11]|
00000000|MMI|10.42|Then|C1883708|[tmco]|["Then"-tx-25-"then"-adv-0,"Then"-tx-18-"then"-adv-0]|TX|4371/4;3780/4|
00000000|MMI|10.42|Vitamin B3 Assay|C1142562|[lbpr]|["Niacin"-tx-9-"NIACIN"-noun-0,"Niacin"-tx-7-"NIACIN"-noun-0]|TX|2004/6;1644/6|
00000000|MMI|10.42|orders - HL7PublishingDomain|C3244315|[inpr]|["orders"-tx-40-"ORDERS"-verb-0,"orders"-tx-1-"ORDERS"-verb-0]|TX|5459/6;174/6|
00000000|MMI|9.99|Surgical Replantation|C0035139|[topp]|["Replacement"-tx-22-"replacement"-noun-0]|TX|4064/11|E04.936.494
00000000|MMI|9.91|Appointments|C0003629|[idcn]|["Appointment"-tx-12-"APPOINTMENT"-noun-0]|TX|2535/11|N04.452.095
00000000|MMI|9.89|Diet therapy|C0012159|[hlca]|["Diet"-tx-12-"DIET"-noun-0]|TX|2440/4|E02.642.249
00000000|MMI|9.87|Hemodialysis|C0019004|[topp]|["Haemodialysis"-tx-14-"hemodialysis"-noun-0]|TX|3380/12|E02.870.300;E02.912.800
00000000|MMI|9.86|Communicable Diseases|C0009450|[dsyn]|["Infection, NOS"-tx-38-"infection"-noun-0]|TX|5293/9|C01.539.221
00000000|MMI|9.85|Universities|C0041740|[mnob,orgt]|["University"-tx-13-"University"-noun-0]|TX|2652/10|I02.783.830
00000000|MMI|9.76|Sao Tome and Principe|C0036183|[geoa]|["TP"-tx-3-"TP"-noun-0]|TX|578/2|Z01.639.040
00000000|MMI|9.76|Tablet Dosage Form|C0039225|[bodm]|["TAB"-tx-8-"TAB"-noun-0]|TX|1872/3|D26.255.830
00000000|MMI|9.76|Colchicine|C0009262|[orch,phsu]|["COLCHICINE"-tx-12-"COLCHICINE"-noun-0]|TX|2415/10|D03.132.225
00000000|MMI|8.34|Fracture|C0016658|[inpo]|["FRACTURE"-tx-33-"fracture"-noun-1]|TX|4931/8|C26.404
00000000|MMI|8.00|Pill Dosing Unit|C4050367|[qnco]|["Pill"-tx-38-"Pilling"-noun-0,"Pill"-tx-13-"Pilling"-noun-0]|TX|5237/7;2573/7|
00000000|MMI|8.00|Pills|C0994475|[bodm]|["PILL"-tx-38-"Pilling"-noun-0,"PILL"-tx-13-"Pilling"-noun-0]|TX|5237/7;2573/7|
00000000|MMI|7.61|Condition|C0348080|[qlco]|["Condition"-tx-39-"CONDITION"-noun-0,"Condition"-tx-13-"Conditions"-noun-0]|TX|5327/9;2864/10|
00000000|MMI|7.61|Condition:Find:Pt:^Patient:Nom|C3864998|[clna]|["Condition"-tx-39-"CONDITION"-noun-0,"Condition"-tx-13-"Conditions"-noun-0]|TX|5327/9;2864/10|
00000000|MMI|7.61|Logical Condition|C1705253|[cnce]|["Condition"-tx-39-"CONDITION"-noun-0,"Condition"-tx-13-"Conditions"-noun-0]|TX|5327/9;2864/10|
00000000|MMI|7.53|Negative|C0205160|[qlco]|["Negative"-tx-31-"negative"-adj-0,"Negative"-tx-21-"negative"-adj-0]|TX|4749/8;3950/8|
00000000|MMI|7.53|Negative - answer|C3853545|[qlco]|["Negative"-tx-31-"negative"-adj-0,"Negative"-tx-21-"negative"-adj-0]|TX|4749/8;3950/8|
00000000|MMI|7.53|Negative Charge|C2825491|[qlco]|["Negative"-tx-31-"negative"-adj-0,"Negative"-tx-21-"negative"-adj-0]|TX|4749/8;3950/8|
00000000|MMI|7.53|Negative Finding|C1513916|[fndg]|["NEGATIVE"-tx-31-"negative"-adj-0,"NEGATIVE"-tx-21-"negative"-adj-0]|TX|4749/8;3950/8|
00000000|MMI|7.53|Negative Number|C2825415|[cnce]|["Negative"-tx-31-"negative"-adj-0,"Negative"-tx-21-"negative"-adj-0]|TX|4749/8;3950/8|
00000000|MMI|7.36|Give - dosing instruction imperative|C1947971|[ftcn]|["Given"-tx-16-"given"-adj-0,"Give"-tx-11-"give"-verb-0]|TX|3687/5;2279/4|
00000000|MMI|7.35|K Prime|C1708601|[qnco]|["K'"-tx-26-"K"-noun-0,"K'"-tx-17-"k"-noun-0]|TX|4424/1;3769/1|
00000000|MMI|7.35|Potassium Ion|C0597277|[elii,phsu]|["K+"-tx-26-"K"-noun-0,"K+"-tx-17-"k"-noun-0]|TX|4424/1;3769/1|
00000000|MMI|7.27|30%|C3842588|[fndg]|["30%"-tx-13-"30"-integer-0,"30%"-tx-10-"30"-integer-0]|TX|2687/2;2111/2|
00000000|MMI|7.27|Hospital course|C0489547|[fndg]|["Hospital course"-tx-19-"HOSPITAL COURSE"-noun-0,"Hospital course"-tx-13-"HOSPITAL COURSE"-noun-1]|TX|3797/15;3189/15|
00000000|MMI|7.27|Hospital course:Finding:Point in time:^Patient:Narrative|C0488549|[clna]|["Hospital course"-tx-19-"HOSPITAL COURSE"-noun-0,"Hospital course"-tx-13-"HOSPITAL COURSE"-noun-0]|TX|3797/15;3189/15|
00000000|MMI|7.26|Admission activity|C0809949|[hlca]|["Admitted"-tx-19-"admitted"-verb-0,"Admission"-tx-13-"Admission"-noun-0]|TX|3824/8;2822/9|
00000000|MMI|7.26|Summary (document)|C1706244|[inpr]|["Summary"-tx-39-"summary"-noun-0,"Summary"-tx-1-"SUMMARY"-noun-0]|TX|5369/7;340/7|
00000000|MMI|7.26|summary - ActRelationshipSubset|C1552616|[inpr]|["summary"-tx-39-"summary"-noun-0,"summary"-tx-1-"SUMMARY"-noun-0]|TX|5369/7;340/7|
00000000|MMI|7.23|Instructions:Text:Point in time:^Patient:Narrative|C3263700|[clna]|["Instructions"-tx-11-"Instructions"-noun-0,"Instructions"-tx-3-"Instructions"-noun-0]|TX|2258/12;515/12|
00000000|MMI|7.22|S prime|C2603362|[clna]|["S'"-tx-14-"s"-prep-0,"S'"-tx-12-"("-noun-0]|TX|3406/1;2546/1|
00000000|MMI|7.22|per second|C0565930|[qnco]|["/s"-tx-14-"s"-prep-0,"/s"-tx-12-"("-noun-0]|TX|3406/1;2546/1|
00000000|MMI|7.18|End|C0444930|[spco]|["End"-tx-40-"END"-noun-0,"End"-tx-25-"end"-verb-0]|TX|5442/3;4379/3|
00000000|MMI|7.18|February|C3830166|[qlco]|["February"-tx-14-"February"-noun-0,"February"-tx-13-"February"-noun-0]|TX|3527/8;2583/8|
00000000|MMI|7.18|Stop (qualifier value)|C2746065|[tmco]|["End"-tx-40-"END"-noun-0,"End"-tx-25-"end"-verb-0]|TX|5442/3;4379/3|
00000000|MMI|7.15|Male Gender, Self Report|C1706180|[qlco]|["Male"-tx-14-"male"-noun-0,"Male"-tx-13-"male"-noun-0]|TX|3343/4;3236/4|
00000000|MMI|7.15|Male Phenotype|C1706428|[qlco]|["Male"-tx-14-"male"-noun-0,"Male"-tx-13-"male"-noun-0]|TX|3343/4;3236/4|
00000000|MMI|7.15|Male, Self-Reported|C1706429|[orga]|["Male"-tx-14-"male"-noun-0,"Male"-tx-13-"male"-noun-0]|TX|3343/4;3236/4|
00000000|MMI|7.09|Weekly|C0332174|[tmco]|["/wk"-tx-15-"wk"-noun-0,"/week"-tx-3-"week"-noun-0]|TX|3578/2;659/4|
00000000|MMI|7.09|week|C0439230|[tmco]|["wk"-tx-15-"wk"-noun-0,"WEEK"-tx-3-"week"-noun-0]|TX|3578/2;659/4|
00000000|MMI|7.08|R prime|C2603358|[clna]|["R'"-tx-15-"R"-noun-0,"R'"-tx-13-"R"-noun-0]|TX|3603/1;3163/1|
00000000|MMI|7.07|Nephrocaps|C0306965|[orch,phsu]|["Nephrocaps"-tx-8-"NEPHROCAPS"-noun-0,"Nephrocaps"-tx-7-"NEPHROCAPS"-noun-0]|TX|1841/10;1560/10|
00000000|MMI|7.06|Delayed Release Dosage Form|C1707664|[bodm]|["DR"-tx-37-"Dr"-noun-0,"DR"-tx-12-"Dr"-noun-0]|TX|5233/2;2569/2|
00000000|MMI|7.06|Device to Subject Relationship Domain|C3540849|[inpr]|["DR"-tx-37-"Dr"-noun-0,"DR"-tx-12-"Dr"-noun-0]|TX|5233/2;2569/2|
00000000|MMI|7.05|CR2 wt Allele|C3539604|[gngm]|["CR"-tx-17-"Cr"-noun-0,"CR"-tx-14-"Cr"-noun-0]|TX|3747/2;3488/2|
00000000|MMI|7.05|Creatinine measurement|C0201975|[lbpr]|["Cr"-tx-17-"Cr"-noun-0,"Cr"-tx-14-"Cr"-noun-0]|TX|3747/2;3488/2|
00000000|MMI|7.04|riboflavin kinase activity|C1150640|[moft]|["FK"-tx-25-"FK"-noun-0,"FK"-tx-21-"FK"-noun-0]|TX|4321/2;3896/2|
00000000|MMI|7.04|Curriculum Vitae|C1880201|[inpr]|["Resume"-tx-13-"RESUME"-noun-0,"Resume"-tx-12-"Resume"-noun-0]|TX|3179/6;2501/6|
00000000|MMI|7.04|Resume - Remote control command|C1550028|[idcn]|["Resume"-tx-13-"RESUME"-noun-0,"Resume"-tx-12-"Resume"-noun-0]|TX|3179/6;2501/6|
00000000|MMI|7.04|resume - DataOperation|C3242342|[ftcn]|["resume"-tx-13-"RESUME"-noun-0,"resume"-tx-12-"Resume"-noun-0]|TX|3179/6;2501/6|
00000000|MMI|7.02|Negation|C1518422|[ftcn]|["Non"-tx-22-"non"-noun-0,"Not"-tx-13-"NOT"-adv-0]|TX|4026/3;3154/3|
00000000|MMI|7.02|Code|C0805701|[inpr]|["CODE"-tx-3-"CODE"-noun-0,"CODE"-tx-3-"code"-noun-0]|TX|406/4;424/4|
00000000|MMI|7.02|eTMF Content Model Code|C3889831|[inpr]|["Code"-tx-3-"CODE"-noun-0,"Code"-tx-3-"code"-noun-0]|TX|406/4;424/4|
00000000|MMI|7.01|Right sided|C0444532|[spco]|["Right"-tx-35-"right"-adj-0,"Right"-tx-33-"right"-adj-0]|TX|5064/5;4880/5|
00000000|MMI|7.01|milligram/day|C0439422|[qnco]|["mg day"-tx-12-"MG Days"-noun-0,"mg day"-tx-3-"MG/DAY"-noun-0]|TX|2337/2,2350/4;571/6|
00000000|MMI|7.00|((5,6-dichloro-2,3,9,9a-tetrahydro-3-oxo-9a-propyl-1H-fluoren-7-yl)oxy)acetic acid|C0378071|[orch,phsu]|["b-3"-tx-10-"B-3"-adj-0,"b-3"-tx-8-"B-3"-adj-0]|TX|2018/3;1658/3|
00000000|MMI|6.98|Chronic kidney disease stage 5|C2316810|[dsyn]|["ESRD"-tx-14-"ESRD"-noun-0,"End Stage Renal Disease"-tx-13-"end stage renal disease"-noun-1]|TX|3353/4;2731/23|
00000000|MMI|6.94|0%|C3842591|[fndg]|["0%"-tx-12-"0"-real_number-0,"0%"-tx-3-"0"-real_number-0]|TX|2426/1;567/1|
00000000|MMI|6.94|Both kidneys|C0227665|[bpoc]|["kidney"-tx-37-"kidney"-noun-0,"kidney"-tx-12-"Kidney"-noun-0]|TX|5219/6;2553/6|
00000000|MMI|6.94|Entire kidney|C1278978|[bpoc]|["Kidney"-tx-37-"kidney"-noun-0,"Kidney"-tx-12-"Kidney"-noun-0]|TX|5219/6;2553/6|
00000000|MMI|6.94|Renal Tissue|C1514845|[tisu]|["KIDNEY"-tx-37-"kidney"-noun-0,"KIDNEY"-tx-12-"Kidney"-noun-0]|TX|5219/6;2553/6|
00000000|MMI|6.89|CDR2 gene|C1413296|[gngm]|["Yo"-tx-14-"yo"-noun-0,"Yo"-tx-13-"yo"-noun-0]|TX|3340/2;3233/2|
00000000|MMI|6.73|Incidental Findings|C0743997|[fndg]|["Incidental Finding"-tx-34-"incidental finding"-noun-0]|TX|4967/18|E01.410
00000000|MMI|5.18|*Activity (kind of quantity)|C1561536|[idcn]|["*Activity"-tx-12-"ACTIVITY"-noun-0]|TX|2491/8|
00000000|MMI|5.18|/40|C0439509|[tmco]|["/40"-tx-13-"40"-integer-0]|TX|2597/2|
00000000|MMI|5.18|40%|C3842587|[qnco]|["40%"-tx-13-"40"-integer-0]|TX|2597/2|
00000000|MMI|5.18|Act Relationship Subset - previous|C1552607|[tmco]|["previous"-tx-4-"Previous"-adj-0]|TX|1079/8|
00000000|MMI|5.18|Active|C0205177|[ftcn]|["Activity"-tx-12-"ACTIVITY"-noun-0]|TX|2491/8|
00000000|MMI|5.18|Activities|C0441655|[acty]|["ACTIVITY"-tx-12-"ACTIVITY"-noun-0]|TX|2491/8|
00000000|MMI|5.18|Activity (animal life circumstance)|C3668946|[fndg]|["Activity"-tx-12-"ACTIVITY"-noun-0]|TX|2491/8|
00000000|MMI|5.18|Acute-on-chronic renal failure|C0403462|[dsyn]|["Acute-on-chronic renal failure"-tx-13-"acute on chronic renal failure"-noun-0]|TX|3276/30|
00000000|MMI|5.18|Additional comments|C1830770|[fndg]|["Additional comments"-tx-36-"ADDITIONAL COMMENTS"-noun-0]|TX|5111/19|
00000000|MMI|5.18|Adult female goat|C3668950|[mamm]|["Doe"-tx-15-"DOE"-noun-0]|TX|3653/3|
00000000|MMI|5.18|Affecting|C0392760|[ftcn]|["Affecting"-tx-13-"affecting"-verb-0]|TX|2906/9|
00000000|MMI|5.18|Call (Instruction)|C1947967|[ftcn]|["Call"-tx-36-"call"-verb-0]|TX|5164/4|
00000000|MMI|5.18|Cancer/Testis Antigen|C3813556|[aapp]|["CT"-tx-35-"CT"-noun-0]|TX|5023/2|
00000000|MMI|5.18|Cellcept|C0592558|[orch,phsu]|["CellCept"-tx-25-"cellcept"-noun-0]|TX|4244/8|
00000000|MMI|5.18|Changed status|C0443172|[qnco]|["Changed"-tx-24-"changed"-verb-0]|TX|4230/7|
00000000|MMI|5.18|Changing|C0392747|[ftcn]|["Changed"-tx-24-"changed"-verb-0]|TX|4230/7|
00000000|MMI|5.18|Checking (action)|C1283174|[acty]|["Checked"-tx-28-"checked"-verb-0]|TX|4527/7|
00000000|MMI|5.18|Complication|C0009566|[patf]|["Complications"-tx-13-"Complications"-noun-0]|TX|2890/13|
00000000|MMI|5.18|Computed Tomography Study File|C3888140|[inpr]|["CT"-tx-35-"CT"-noun-0]|TX|5023/2|
00000000|MMI|5.18|Continuous|C0549178|[idcn]|["Continue"-tx-29-"continue"-verb-0]|TX|4567/8|
00000000|MMI|5.18|Cyclobenzaprine hydrochloride|C0125988|[orch,phsu]|["cyclobenzaprine hcl"-tx-12-"CYCLOBENZAPRINE HCL"-noun-0]|TX|2366/19|
00000000|MMI|5.18|Decision|C0679006|[menp]|["Call"-tx-36-"call"-verb-0]|TX|5164/4|
00000000|MMI|5.18|Department of Energy|C1511776|[prog]|["DOE"-tx-15-"DOE"-noun-0]|TX|3653/3|
00000000|MMI|5.18|Discharge date|C2361123|[tmco]|["Discharge date"-tx-1-"Discharge Date"-noun-0]|TX|131/14|
00000000|MMI|5.18|Discharge date:Time Stamp -- Date and Time:Point in time:^Patient:Quantitative|C2361122|[clna]|["Discharge date"-tx-1-"Discharge Date"-noun-0]|TX|131/14|
00000000|MMI|5.18|Doctor of Philosophy|C1512022|[inpr]|["Ph.D."-tx-2-"PH.D"-noun-0]|TX|400/4|
00000000|MMI|5.18|Dyspnea on exertion|C0231807|[sosy]|["DOE"-tx-15-"DOE"-noun-0]|TX|3653/3|
00000000|MMI|5.18|FDA Establishment Activity Terminology|C4049939|[inpr]|["ACTIVITY"-tx-12-"ACTIVITY"-noun-0]|TX|2491/8|
00000000|MMI|5.18|Finish - dosing instruction imperative|C1706059|[ftcn]|["Finish"-tx-32-"finish"-verb-0]|TX|4803/6|
00000000|MMI|5.18|Four times daily|C0585291|[tmco]|["QID"-tx-3-"QID"-adv-0]|TX|688/3|
00000000|MMI|5.18|History of present illness|C0262512|[orga]|["HISTORY OF PRESENT ILLNESS"-tx-14-"HISTORY OF PRESENT ILLNESS"-noun-0]|TX|3309/26|
00000000|MMI|5.18|History of present illness:Finding:Point in time:^Patient:Nominal:Reported|C0488508|[clna]|["History of present illness"-tx-14-"HISTORY OF PRESENT ILLNESS"-noun-0]|TX|3309/26|
00000000|MMI|5.18|Hypertension Adverse Event|C1963138|[fndg]|["Hypertension"-tx-13-"hypertension"-noun-0]|TX|2962/12|
00000000|MMI|5.18|Identifier|C0600091|[inpr]|["ID"-tx-30-"ID"-noun-0]|TX|4603/2|
00000000|MMI|5.18|Immune diffusion|C1441613|[lbpr]|["ID"-tx-30-"ID"-noun-0]|TX|4603/2|
00000000|MMI|5.18|Information|C1533716|[idcn]|["INFORMATION"-tx-4-"information"-noun-0]|TX|1097/11|
00000000|MMI|5.18|Interventional procedure|C0184661|[topp]|["PROCEDURES"-tx-13-"PROCEDURES"-noun-0]|TX|3107/10|
00000000|MMI|5.18|Involvement with|C1314939|[ftcn]|["Affecting"-tx-13-"affecting"-verb-0]|TX|2906/9|
00000000|MMI|5.18|Laboratory test finding|C0587081|[fndg]|["Labs"-tx-17-"labs"-noun-0]|TX|3732/4|
00000000|MMI|5.18|Left|C0205091|[spco]|["LEFT"-tx-13-"left"-verb-0]|TX|3065/4|
00000000|MMI|5.18|Left sided|C0443246|[spco]|["Left"-tx-13-"left"-verb-0]|TX|3065/4|
00000000|MMI|5.18|Not Applicable|C1272460|[qlco]|["NOT APPLICABLE"-tx-1-"Not Applicable"-adj-0]|TX|291/14|
00000000|MMI|5.18|PCYT1A wt Allele|C3540513|[gngm]|["CT"-tx-35-"CT"-noun-0]|TX|5023/2|
00000000|MMI|5.18|Package Type Not Applicable|C4049872|[ftcn]|["Not Applicable"-tx-1-"Not Applicable"-adj-0]|TX|291/14|
00000000|MMI|5.18|Patient Class - Outpatient|C1549405|[clas]|["Outpatient"-tx-32-"outpatient"-noun-0]|TX|4841/10|
00000000|MMI|5.18|Patient identification|C1269815|[hlca]|["Patient identification"-tx-13-"PATIENT IDENTIFICATION"-noun-0]|TX|3206/22|
00000000|MMI|5.18|Percent Activity|C0439167|[qnco]|["% Activity"-tx-12-"ACTIVITY"-noun-0]|TX|2491/8|
00000000|MMI|5.18|Phoslo|C0722621|[orch,phsu]|["PhosLo"-tx-3-"PHOSLO"-noun-0]|TX|470/6|
00000000|MMI|5.18|Physical Activity Measurement|C4049938|[lbpr]|["ACTIVITY"-tx-12-"ACTIVITY"-noun-0]|TX|2491/8|
00000000|MMI|5.18|Plain chest X-ray|C0039985|[diap]|["cxr"-tx-34-"CXR"-noun-0]|TX|5015/3|
00000000|MMI|5.18|Plain x-ray|C1306645|[diap]|["Plain film"-tx-33-"plain film"-noun-0]|TX|4908/10|
00000000|MMI|5.18|Present|C0150312|[qnco]|["Present"-tx-13-"presents"-verb-0]|TX|3262/8|
00000000|MMI|5.18|Presentation|C0449450|[idcn]|["Present"-tx-13-"presents"-verb-0]|TX|3262/8|
00000000|MMI|5.18|Previous|C0205156|[tmco]|["Previous"-tx-4-"Previous"-adj-0]|TX|1079/8|
00000000|MMI|5.18|Procedure (set of actions)|C2700391|[acty]|["Procedures"-tx-13-"PROCEDURES"-noun-0]|TX|3107/10|
00000000|MMI|5.18|Pulmonary ventilator management|C1315068|[hlca]|["PULM"-tx-34-"PULM"-adj-0]|TX|4942/4|
00000000|MMI|5.18|Referral category - Outpatient|C1548439|[idcn]|["Outpatient"-tx-32-"outpatient"-noun-0]|TX|4841/10|
00000000|MMI|5.18|Science of Etiology|C1524003|[cnce]|["Etiology"-tx-20-"etiology"-noun-0]|TX|3869/8|
00000000|MMI|5.18|Sustained Release Dosage Form|C1710261|[bodm]|["Sustained Release"-tx-10-"SUSTAINED RELEASE"-adj-0]|TX|2069/17|
00000000|MMI|5.18|TNFSF13B wt Allele|C2986676|[gngm]|["THANK"-tx-11-"thanks"-verb-0]|TX|2302/6|
00000000|MMI|5.18|Table Cell Horizontal Align - left|C1552822|[ftcn]|["left"-tx-13-"left"-verb-0]|TX|3065/4|
00000000|MMI|5.18|Take|C1515187|[hlca]|["Take"-tx-3-"Take"-verb-0]|TX|757/4|
00000000|MMI|5.18|Total Hip Replacement (procedure)|C0040508|[topp]|["total hip replacement operations"-tx-13-"total hip replacement OPERATIONS"-noun-0]|TX|3070/32|
00000000|MMI|5.18|treatments and procedures|C0237403|[topp]|["treatments procedures"-tx-13-"TREATMENTS/PROCEDURES"-noun-0]|TX|3130/21|
00000000|MMI|4.12|Known allergy|C3845888|[fndg]|["Known allergy"-tx-13-"Known Allergies"-noun-1]|TX|2698/15|
00000000|MMI|3.98|Blood culture|C0200949|[lbpr]|["Blood culture"-tx-31-"blood cultures"-noun-0]|TX|4729/14|
00000000|MMI|3.75|Infection of axilla|C1285322|[dsyn]|["axilla infection"-tx-15-"axilla infection"-noun-0]|TX|3605/16|
00000000|MMI|3.75|Medication.discharge|C0806915|[fndg]|["Discharge medications"-tx-3-"DISCHARGE MEDICATIONS"-noun-0]|TX|447/21|
00000000|MMI|3.72|Secondary to|C0175668|[tmco]|["Secondary to"-tx-14-"secondary to"-adj-0]|TX|3358/12|
00000000|MMI|3.72|Seen in nephrology clinic|C0559979|[fndg]|["Seen in renal clinic"-tx-17-"Seen in renal clinic"-noun-0]|TX|3702/20|
00000000|MMI|3.68|At|C1516077|[spco]|["At"-tx-22-"at"-adj-0]|TX|4076/2|
00000000|MMI|3.68|Attending (action)|C1999232|[ftcn]|["attending"-tx-1-"Attending"-noun-0]|TX|353/9|
00000000|MMI|3.68|Attending (provider role)|C1547429|[prog]|["Attending"-tx-1-"Attending"-noun-0]|TX|353/9|
00000000|MMI|3.68|Disease classification level|C0456079|[clas]|["Level"-tx-21-"level"-noun-0]|TX|3899/5|
00000000|MMI|3.68|Dosage|C0178602|[qnco]|["DOSE"-tx-25-"dose"-noun-0]|TX|4324/4|
00000000|MMI|3.68|Dose number:Number:Point in time:^Patient:Quantitative|C1114758|[clna]|["Dose #"-tx-25-"dose"-noun-0]|TX|4324/4|
00000000|MMI|3.68|Floor - story of building|C1547707|[geoa]|["Level"-tx-21-"level"-noun-0]|TX|3899/5|
00000000|MMI|3.68|GATM wt Allele|C4049625|[gngm]|["AT"-tx-22-"at"-adj-0]|TX|4076/2|
00000000|MMI|3.68|Level|C2946261|[phsu]|["Level"-tx-21-"level"-noun-0]|TX|3899/5|
00000000|MMI|3.68|Levels (qualifier value)|C0441889|[qlco]|["Level"-tx-21-"level"-noun-0]|TX|3899/5|
00000000|MMI|3.68|Recombinant Erythropoietin|C0376541|[aapp,phsu]|["ERYTHROPOIETIN"-tx-3-"ERYTHROPOIETIN"-noun-0]|TX|607/14|
00000000|MMI|3.68|Regimen - CHV concept|C2945654|[inpr]|["regimen"-tx-24-"regimen"-noun-0]|TX|4218/7|
00000000|MMI|3.68|Replacement|C0559956|[ftcn]|["REPLACEMENT"-tx-22-"replacement"-noun-0]|TX|4064/11|
00000000|MMI|3.68|Replacement - supply|C1555302|[hlca]|["Replacement"-tx-22-"replacement"-noun-0]|TX|4064/11|
00000000|MMI|3.68|Status|C0449438|[qlco]|["Status"-tx-3-"STATUS"-noun-0]|TX|411/6|
00000000|MMI|3.68|Unit dose|C0869039|[qnco]|["Dose"-tx-25-"dose"-noun-0]|TX|4324/4|
00000000|MMI|3.68|erythropoietin activity|C1755594|[moft]|["erythropoietin"-tx-3-"ERYTHROPOIETIN"-noun-0]|TX|607/14|
00000000|MMI|3.65|Admission date:Time Stamp -- Date and Time:Point in time:^Patient:Quantitative|C2598112|[clna]|["Admission date"-tx-1-"Admission Date"-noun-0]|TX|89/14|
00000000|MMI|3.65|Date of admission|C1302393|[tmco]|["Admission date"-tx-1-"Admission Date"-noun-0]|TX|89/14|
00000000|MMI|3.65|Report status|C0586177|[fndg]|["Report status"-tx-1-"Report Status"-noun-0]|TX|116/13|
00000000|MMI|3.64|Acute-on-chronic|C0439588|[tmco]|["Acute-on-chronic"-tx-19-"acute on chronic"-adj-0]|TX|3838/16|
00000000|MMI|3.64|Entered|C1521975|[qlco]|["Entered"-tx-39-"ENTERED"-verb-0]|TX|5377/7|
00000000|MMI|3.63|Principal Diagnosis:-:Point in time:^Patient:-|C2598194|[clna]|["Principal Diagnosis"-tx-13-"PRINCIPAL DIAGNOSIS"-noun-0]|TX|2755/9,2775/9|
00000000|MMI|3.63|Principal diagnosis|C0332137|[qlco]|["Principal Diagnosis"-tx-13-"PRINCIPAL DIAGNOSIS"-noun-0]|TX|2755/9,2775/9|
00000000|MMI|3.63|Disposition|C0743223|[idcn]|["Disposition"-tx-3-"DISPOSITION"-noun-0]|TX|429/11|
00000000|MMI|3.63|Disposition Domain|C1705555|[inpr]|["Disposition"-tx-3-"DISPOSITION"-noun-0]|TX|429/11|
00000000|MMI|3.63|Eos <bird>|C1623465|[bird]|["Eos"-tx-21-"eos"-noun-0]|TX|3941/3|
00000000|MMI|3.63|MYOTONIC DYSTROPHY 1|C3250443|[dsyn]|["DM"-tx-13-"dm"-noun-0]|TX|2931/2|
00000000|MMI|3.63|RAX gene|C1425688|[gngm]|["RX"-tx-8-"RX"-noun-0]|TX|1865/2|
00000000|MMI|3.63|Rx therapy|C2709207|[topp]|["Rx"-tx-8-"RX"-noun-0]|TX|1865/2|
00000000|MMI|3.62|Renal disease diet|C0457987|[topp]|["Renal diet"-tx-12-"Renal diet"-noun-0]|TX|2474/10|
00000000|MMI|3.62|discharge diagnosis|C1555319|[fndg]|["Discharge diagnosis"-tx-13-"DISCHARGE DIAGNOSIS"-noun-1]|TX|2765/19|
00000000|MMI|3.61|Planned|C1301732|[ftcn]|["Plan"-tx-39-"PLAN"-noun-0]|TX|5351/4|
00000000|MMI|3.61|Treatment Plan|C0599880|[inpr]|["Plan"-tx-39-"PLAN"-noun-0]|TX|5351/4|
00000000|MMI|3.61|Ankle pain|C0238656|[sosy]|["ANKLE PAIN"-tx-33-"ankle pain"-noun-0]|TX|4886/10|
00000000|MMI|3.61|Entire right ankle|C1280013|[bpoc]|["Right ankle"-tx-33-"right ankle"-noun-0]|TX|4880/11|
00000000|MMI|3.61|Structure of right ankle|C0230447|[blor]|["Right ankle"-tx-33-"right ankle"-noun-0]|TX|4880/11|
00000000|MMI|3.60|Cadaveric renal transplant|C0401176|[topp]|["Cadaveric renal transplant"-tx-14-"cadaveric renal transplant"-noun-0]|TX|3410/26|
00000000|MMI|3.60|Discharge time|C3864299|[tmco]|["Discharge time"-tx-31-"time discharge"-noun-0]|TX|4773/4,4781/9|
00000000|MMI|3.60|Discharge time:ClockTime:Pt:^Patient:Qn|C3864300|[clna]|["Discharge time"-tx-31-"time discharge"-noun-0]|TX|4773/4,4781/9|
00000000|MMI|3.59|ActInformationPrivacyReason <service>|C3245478|[idcn]|["service"-tx-1-"Service"-noun-0]|TX|221/7|
00000000|MMI|3.59|Services|C0557854|[ocac]|["Service"-tx-1-"Service"-noun-0]|TX|221/7|
00000000|MMI|3.59|Software Service|C2825316|[mnob]|["Service"-tx-1-"Service"-noun-0]|TX|221/7|
00000000|MMI|3.59|23|C0450348|[qnco]|["23"-tx-1-"23"-fraction-0]|TX|43/2|
00000000|MMI|3.59|Flexeril|C0728797|[orch,phsu]|["Flexeril"-tx-12-"FLEXERIL"-noun-0]|TX|2355/8|
00000000|MMI|3.59|Pyrexia of unknown origin (excl puerperal)|C0856281|[sosy]|["puo"-tx-1-"PUO"-noun-0]|TX|12/3|
00000000|MMI|3.59|Elevated|C3163633|[qlco]|["Elevated"-tx-28-"elevated"-verb-0]|TX|4539/8|
00000000|MMI|3.59|Endocrine System Findings Domain|C3538926|[idcn]|["ED"-tx-18-"ED"-noun-0]|TX|3793/2|
00000000|MMI|3.59|High|C0205250|[qlco]|["Elevated"-tx-28-"elevated"-verb-0]|TX|4539/8|
00000000|MMI|3.59|Kayexalate|C0124498|[orch,phsu]|["Kayexalate"-tx-27-"kayexalate"-noun-0]|TX|4480/10|
00000000|MMI|3.59|Only - dosing instruction fragment|C1720467|[inpr]|["Only"-tx-11-"only"-adv-0]|TX|2284/4|
00000000|MMI|3.59|Responsible to|C1273518|[fndg]|["Responsible"-tx-13-"Responsible"-adj-0]|TX|2786/11|
00000000|MMI|3.59|Send (transmission)|C1519246|[ftcn]|["Sent"-tx-18-"sent"-verb-0]|TX|3785/4|
00000000|MMI|3.59|Singular|C0205171|[qnco]|["Only"-tx-11-"only"-adv-0]|TX|2284/4|
00000000|MMI|3.59|Urgent Care Clinic/Center|C1551285|[hcro,mnob]|["Urgent Care"-tx-16-"urgent care"-noun-0]|TX|3667/11|
00000000|MMI|3.58|Basal Diet|C2983588|[food]|["DIET"-tx-12-"DIET"-noun-0]|TX|2440/4|
00000000|MMI|3.58|Diet (animal life circumstance)|C3668949|[food]|["Diet"-tx-12-"DIET"-noun-0]|TX|2440/4|
00000000|MMI|3.58|Special Diet Therapy|C1519433|[topp]|["DIET"-tx-12-"DIET"-noun-0]|TX|2440/4|
00000000|MMI|3.58|Due to|C0678226|[ftcn]|["Due To"-tx-22-"due to"-prep-0]|TX|3980/6|
00000000|MMI|3.57|Admission Level of Care Code - Improved|C1561611|[inpr]|["Improved"-tx-30-"improved"-verb-0]|TX|4687/8|
00000000|MMI|3.57|Better|C0332272|[qlco]|["Improved"-tx-30-"improved"-verb-0]|TX|4687/8|
00000000|MMI|3.57|Conditional|C1701901|[qlco]|["Contingent"-tx-1-"CONTINGENT"-noun-0]|TX|275/10|
00000000|MMI|3.57|Empty (qualifier)|C1880497|[qlco]|["Empty"-tx-3-"empty"-adj-0]|TX|792/5|
00000000|MMI|3.57|Entire stomach|C1278920|[bpoc]|["Stomach"-tx-3-"stomach"-noun-0]|TX|798/7|
00000000|MMI|3.57|Gastric Tissue|C1517454|[tisu]|["STOMACH"-tx-3-"stomach"-noun-0]|TX|798/7|
00000000|MMI|3.57|Improved|C0184511|[qlco]|["Improved"-tx-30-"improved"-verb-0]|TX|4687/8|
00000000|MMI|3.57|Initially|C0205265|[tmco]|["Initially"-tx-26-"initially"-adv-0]|TX|4430/9|
00000000|MMI|3.57|Stomach structure|C3714551|[bpoc]|["Stomach"-tx-3-"stomach"-noun-0]|TX|798/7|
00000000|MMI|3.56|Drug Administration via Hemodialysis|C1524112|[ftcn]|["Haemodialysis"-tx-14-"hemodialysis"-noun-0]|TX|3380/12|
00000000|MMI|3.56|Pain NOS Adverse Event|C1962977|[fndg]|["Pain NOS"-tx-33-"pain"-noun-0]|TX|4892/4|
00000000|MMI|3.56|Return to (contextual qualifier) (qualifier value)|C0332156|[qlco]|["Return"-tx-36-"Return"-noun-0]|TX|5132/6|
00000000|MMI|3.56|Taken|C1883727|[cnce]|["Taken"-tx-23-"taken"-verb-0]|TX|4141/5|
00000000|MMI|3.55|Ampere|C0457243|[qnco]|["amps"-tx-23-"amps"-noun-0]|TX|4112/4|
00000000|MMI|3.55|Course|C0750729|[tmco]|["Course"-tx-32-"course"-noun-0]|TX|4818/6|
00000000|MMI|3.55|Failure (biologic function)|C0231174|[ftcn]|["FAILURE"-tx-19-"failure"-noun-0]|TX|3855/7|
00000000|MMI|3.55|Personal failure|C0680095|[inbe]|["failure"-tx-19-"failure"-noun-0]|TX|3855/7|
00000000|MMI|3.55|Started|C1272689|[qlco]|["Started"-tx-23-"started"-verb-0]|TX|4093/7|
00000000|MMI|3.55|Used by|C1273517|[fndg]|["used"-tx-1-"USED"-verb-1]|TX|324/4|
00000000|MMI|3.55|seen|C0205397|[qlco]|["Seen"-tx-16-"Seen"-verb-0]|TX|3659/4|
00000000|MMI|3.55|60%|C3842585|[fndg]|["60%"-tx-25-"60"-integer-0]|TX|4401/2|
00000000|MMI|3.55|Early|C1279919|[tmco]|["Early"-tx-14-"early"-adj-0]|TX|3521/5|
00000000|MMI|3.55|Period (temporal qualifier)|C1948053|[tmco]|["Period"-tx-25-"period"-noun-0]|TX|4391/6|
00000000|MMI|3.55|per period (qualifier value)|C0439531|[tmco]|["/period"-tx-25-"period"-noun-0]|TX|4391/6|
00000000|MMI|3.55|per year|C0439508|[tmco]|["/Year"-tx-14-"year"-noun-0]|TX|3544/4|
00000000|MMI|3.55|year|C0439234|[tmco]|["YEAR"-tx-14-"year"-noun-0]|TX|3544/4|
00000000|MMI|3.53|Doctor of Chiropractic|C1512015|[inpr]|["D.C."-tx-1-"D/C"-noun-0]|TX|311/3|
00000000|MMI|3.53|GRAPEFRUIT JUICE|C0452456|[food]|["GRAPEFRUIT JUICE"-tx-8-"grapefruit juice"-noun-0]|TX|1824/16|
00000000|MMI|3.53|Urine screening normal|C0438141|[fndg]|["normal urine"-tx-21-"normal urine"-noun-1]|TX|3926/6,3935/5|
00000000|MMI|3.52|Lisinopril 40 MG|C0987221|[clnd]|["Lisinopril 40 MG"-tx-4-"LISINOPRIL 40 MG"-noun-0]|TX|808/16|
00000000|MMI|3.50|Causing|C0678227|[ftcn]|["Causing"-tx-13-"Causing"-adj-0]|TX|2814/7|
00000000|MMI|3.50|Entity Name Part Type - given|C1550718|[idcn]|["given"-tx-16-"given"-adj-0]|TX|3687/5|
00000000|MMI|3.50|GIVEN|C1442162|[cnce]|["GIVEN"-tx-16-"given"-adj-0]|TX|3687/5|
00000000|MMI|3.50|Given name|C3244317|[inpr]|["given"-tx-16-"given"-adj-0]|TX|3687/5|
00000000|MMI|3.50|Low Mitosis-Karyorrhexis Index|C3890211|[qnco]|["Low"-tx-22-"low"-adj-0]|TX|3965/3|
00000000|MMI|3.50|Prednisone 10 MG|C0993472|[clnd]|["Prednisone 10 MG"-tx-6-"PREDNISONE 10 MG"-noun-0]|TX|1335/16|
00000000|MMI|3.50|Yes (indicator)|C1705108|[cnce]|["YES"-tx-1-"YES"-noun-0]|TX|349/3|
00000000|MMI|3.50|Yes - Yes/no indicator|C1549445|[idcn]|["Yes"-tx-1-"YES"-noun-0]|TX|349/3|
00000000|MMI|3.50|dictated - DocumentCompletion|C1609990|[idcn]|["Dictated"-tx-39-"dictated"-adj-0]|TX|5360/8|
00000000|MMI|3.50|dictated - ParticipationMode|C1548384|[ftcn]|["dictated"-tx-39-"dictated"-adj-0]|TX|5360/8|
00000000|MMI|3.50|low|C0205251|[qlco]|["Low"-tx-22-"low"-adj-0]|TX|3965/3|
00000000|MMI|3.50|low confidentiality|C1550472|[inpr]|["low"-tx-22-"low"-adj-0]|TX|3965/3|
00000000|MMI|3.50|low exposure|C4048187|[qlco]|["low"-tx-22-"low"-adj-0]|TX|3965/3|
00000000|MMI|3.50|Million|C1881839|[qnco]|["10^6"-tx-12-"10 6"-integer-0]|TX|2388/2,2428/1|
00000000|MMI|3.49|U/mg|C1638407|[qnco]|["Unit/mg"-tx-3-"UNITS MG"-noun-0]|TX|647/5,682/2|
00000000|MMI|3.48|Gram per Kilogram|C1300563|[qnco]|["mcg/mg"-tx-11-"MCG MG"-noun-0]|TX|2226/3,2248/2|
00000000|MMI|3.48|Administration procedure|C1533734|[topp]|["Treatment"-tx-13-"Treatment"-noun-0]|TX|2916/9|
00000000|MMI|3.48|Biomaterial Treatment|C1705169|[cnce]|["Treatment"-tx-13-"Treatment"-noun-0]|TX|2916/9|
00000000|MMI|3.48|Full|C0443225|[qlco]|["Full"-tx-3-"Full"-adj-0]|TX|419/4|
00000000|MMI|3.48|Past|C1444637|[tmco]|["Past"-tx-14-"past"-adj-0]|TX|3454/4|
00000000|MMI|3.48|Regular exercise (observable entity)|C0582191|[dora]|["Regular exercise"-tx-12-"regular exercise"-noun-0]|TX|2508/16|
00000000|MMI|3.48|Therapeutic procedure|C0087111|[topp]|["Treatment"-tx-13-"Treatment"-noun-0]|TX|2916/9|E02
00000000|MMI|3.48|Treating|C1522326|[ftcn]|["Treatment"-tx-13-"Treatment"-noun-0]|TX|2916/9|
00000000|MMI|3.48|Treatment Epoch|C3538994|[resa]|["TREATMENT"-tx-13-"Treatment"-noun-0]|TX|2916/9|
00000000|MMI|3.48|treatment - ActInformationManagementReason|C3887704|[hlca]|["treatment"-tx-13-"Treatment"-noun-0]|TX|2916/9|
00000000|MMI|3.47|Primary Care Doctor|C2985417|[prog]|["Primary Care Doctor"-tx-38-"primary care doctor"-noun-0]|TX|5265/19|
00000000|MMI|3.47|Patient Condition Code - Stable|C1547311|[inpr]|["Stable"-tx-39-"Stable"-adj-0]|TX|5338/6|
00000000|MMI|3.47|Stable status|C0205360|[qlco]|["STABLE"-tx-39-"Stable"-adj-0]|TX|5338/6|
00000000|MMI|3.46|U/week|C0560588|[qnco]|["Unit/week"-tx-3-"UNITS week"-noun-0]|TX|647/5,659/4|
00000000|MMI|3.46|Diagnostic interview schedule|C0451119|[inpr]|["DIS"-tx-1-"DIS"-noun-0]|TX|83/3|
00000000|MMI|3.46|Labetalol hydrochloride|C0699440|[orch,phsu]|["labetalol hcl"-tx-3-"LABETALOL HCL"-noun-0]|TX|664/13|
00000000|MMI|3.46|Alert|C3665546|[ftcn]|["Alert"-tx-8-"Alert"-noun-0]|TX|1882/5|
00000000|MMI|3.46|Alert:Type:Point in time:^Patient:Nominal|C3669039|[clna]|["Alert"-tx-8-"Alert"-noun-0]|TX|1882/5|
00000000|MMI|3.46|Consciousness clear|C0239110|[fndg]|["ALERT"-tx-8-"Alert"-noun-0]|TX|1882/5|
00000000|MMI|3.46|TMPO wt Allele|C3541334|[gngm]|["TP"-tx-3-"TP"-noun-0]|TX|578/2|
00000000|MMI|3.46|Tablet Dosing Unit|C1705223|[qnco]|["Tab"-tx-8-"TAB"-noun-0]|TX|1872/3|
00000000|MMI|3.45|Anti-Drug Antibody|C3811629|[aapp,imft]|["ADA"-tx-12-"ADA"-noun-0]|TX|2454/3|
00000000|MMI|3.45|Back Pain Adverse Event|C1963071|[fndg]|["Back pain"-tx-12-"back pain"-noun-0]|TX|2405/9|
00000000|MMI|3.45|CA8 gene|C1413051|[gngm]|["CALS"-tx-12-"cals"-noun-0]|TX|2463/4|
00000000|MMI|3.45|Genus Ada|C1060325|[plnt]|["Ada"-tx-12-"ADA"-noun-0]|TX|2454/3|
00000000|MMI|3.45|House (environment)|C2003847|[mnob]|["House"-tx-12-"House"-noun-0]|TX|2446/5|
00000000|MMI|3.45|Montana <invertebrate>|C1948075|[euka]|["Montana"-tx-1-"Montana"-noun-0]|TX|213/7|
00000000|MMI|3.45|Nutrition, Calories|C1556156|[qnco]|["cals"-tx-12-"cals"-noun-0]|TX|2463/4|
00000000|MMI|3.45|Primary|C0205225|[qlco]|["Principal"-tx-13-"PRINCIPAL"-adj-0]|TX|2755/9|
00000000|MMI|3.45|Teaching principal|C0401925|[prog]|["Principal"-tx-13-"PRINCIPAL"-adj-0]|TX|2755/9|
00000000|MMI|3.45|kilocalorie|C0439259|[qnco]|["Cal"-tx-12-"cals"-noun-0]|TX|2463/4|
00000000|MMI|3.45|per day|C0439505|[tmco]|["/day"-tx-12-"day"-noun-0]|TX|2468/3|
00000000|MMI|3.45|Once a day, at bedtime|C1275563|[tmco]|["qHS"-tx-6-"QHS"-noun-0]|TX|1390/3|
00000000|MMI|3.45|Date in time|C0011008|[tmco]|["DATE"-tx-31-"date"-noun-0]|TX|4761/4|
00000000|MMI|3.45|Room of building - Study|C0557651|[mnob]|["Study"-tx-13-"Study"-noun-0]|TX|2804/5|
00000000|MMI|3.45|Study|C2603343|[resa]|["Study"-tx-13-"Study"-noun-0]|TX|2804/5|
00000000|MMI|3.45|Day 7|C3842672|[fndg]|["Day 7"-tx-32-"7 day"-noun-0]|TX|4812/5|
00000000|MMI|3.44|small mass of the lung|C0034079|[fndg]|["PULMONARY NODULE"-tx-34-"pulmonary nodule"-noun-0]|TX|4991/16|
00000000|MMI|3.44|Increasing|C0442808|[ftcn]|["Increasing"-tx-14-"increasing"-adj-0]|TX|3477/10|
00000000|MMI|3.44|Infusion pump Alert priority PM|C4049155|[fndg]|["PM"-tx-1-"PM"-adj-0]|TX|272/2|
00000000|MMI|3.43|1800s|C0681738|[tmco]|["1800s"-tx-12-"1800"-integer-0]|TX|2458/4|
00000000|MMI|3.43|Concern|C2699424|[idcn]|["Concern"-tx-36-"concern"-noun-0]|TX|5189/7|
00000000|MMI|3.43|Skin of right axilla|C0828900|[bpoc]|["Right axillary skin"-tx-30-"right axilla skin"-noun-0]|TX|4653/17|
00000000|MMI|3.43|AKR1A1 wt Allele|C3715044|[gngm]|["ARM"-tx-38-"arm"-noun-0]|TX|5311/3|
00000000|MMI|3.43|Behavior Rating Inventory of Executive Function|C4050216|[inpr]|["BRIEF"-tx-13-"BRIEF"-adj-0]|TX|3173/5|
00000000|MMI|3.43|Brief|C1879313|[tmco]|["Brief"-tx-13-"BRIEF"-adj-0]|TX|3173/5|
00000000|MMI|3.43|Entire upper arm|C1269612|[bpoc]|["Arm"-tx-38-"arm"-noun-0]|TX|5311/3|
00000000|MMI|3.43|Entire upper limb|C1269078|[bpoc]|["Arm"-tx-38-"arm"-noun-0]|TX|5311/3|
00000000|MMI|3.43|Shortened|C1282927|[qlco]|["brief"-tx-13-"BRIEF"-adj-0]|TX|3173/5|
00000000|MMI|3.42|External exotoses|C0015302|[dsyn]|["osteophytes"-tx-35-"osteophytes"-noun-0]|TX|5097/11|
00000000|MMI|3.42|First (number)|C0205435|[qnco]|["First"-tx-35-"first"-adj-0]|TX|5058/5|
00000000|MMI|3.42|Firstly|C1279901|[qlco]|["First"-tx-35-"first"-adj-0]|TX|5058/5|
00000000|MMI|3.42|Schedule (document type)|C0086960|[inpr]|["Scheduled"-tx-13-"scheduled"-adj-0]|TX|2610/9|
00000000|MMI|3.42|Scheduled - priority|C1571999|[qlco]|["Scheduled"-tx-13-"scheduled"-adj-0]|TX|2610/9|
00000000|MMI|3.42|Scheduled - procedure status|C0205539|[qlco]|["Scheduled"-tx-13-"scheduled"-adj-0]|TX|2610/9|
00000000|MMI|3.42|20/1200|C0442768|[fndg]|["1/60"-tx-8-"1 60"-integer-0]|TX|1717/1,1732/2|
00000000|MMI|3.42|Infectious Dose|C1881203|[qnco]|["Infection Dose"-tx-30-"dosed infection"-noun-0]|TX|4635/5,4671/9|
00000000|MMI|3.42|On (qualifier value)|C1720294|[inpr]|["On"-tx-30-"on"-adv-0]|TX|4624/2|
00000000|MMI|3.42|Upon - dosing instruction fragment|C1720176|[ftcn]|["On"-tx-30-"on"-adv-0]|TX|4624/2|
00000000|MMI|3.41|Every twelve hours|C0585327|[tmco]|["Q12H"-tx-8-"Q12H"-noun-0]|TX|1725/4|
00000000|MMI|3.41|Hour|C0439227|[tmco]|["HOURS"-tx-8-"hours"-noun-0]|TX|1808/5|
00000000|MMI|3.41|Separate|C0443299|[qlco]|["Se