00000000|MMI|235.15|Patients|C0030705|[podg]|["*^patient"-tx-43-"patient"-noun-0,"*^patient"-tx-41-"patient"-noun-0,"*^patient"-tx-39-"patient's"-noun-0,"*^patient"-tx-38-"patient"-noun-0,"*^patient"-tx-37-"patient"-noun-0,"*^patient"-tx-36-"patient"-noun-0,"*^patient"-tx-35-"patient"-noun-0,"*^patient"-tx-34-"patient"-noun-0,"*^patient"-tx-33-"patient's"-noun-0,"*^patient"-tx-32-"patient"-noun-0,"*^patient"-tx-31-"patient"-noun-0,"*^patient"-tx-30-"patient"-noun-0,"*^patient"-tx-23-"patient"-noun-0,"*^patient"-tx-15-"patient"-noun-0,"*^patient"-tx-13-"patient"-noun-0,"*^patient"-tx-12-"patient"-noun-0,"*^patient"-tx-6-"patient"-noun-0,"*^patient"-tx-5-"patient"-noun-0,"*^patient"-tx-4-"patient"-noun-0,"*^patient"-tx-3-"patient"-noun-0]|TX|4344/7;4074/7;3949/9;3836/7;3774/7;3720/7;3523/7;3421/7;3331/9;3264/7;3152/7;2965/7;2474/7;1637/7;1344/7;1268/7;656/7;518/7;396/7;338/7|M01.643
00000000|MMI|131.45|Abortion consent:Finding:Point in time:^Patient:Document|C2360836|[clna]|["Patient"-tx-43-"patient"-noun-0,"Patient"-tx-41-"patient"-noun-0,"Patient"-tx-39-"patient's"-noun-0,"Patient"-tx-38-"patient"-noun-0,"Patient"-tx-37-"patient"-noun-0,"Patient"-tx-36-"patient"-noun-0,"Patient"-tx-35-"patient"-noun-0,"Patient"-tx-34-"patient"-noun-0,"Patient"-tx-33-"patient's"-noun-0,"Patient"-tx-32-"patient"-noun-0,"Patient"-tx-31-"patient"-noun-0,"Patient"-tx-30-"patient"-noun-0,"Patient"-tx-23-"patient"-noun-0,"Patient"-tx-15-"patient"-noun-0,"Patient"-tx-13-"patient"-noun-0,"Patient"-tx-12-"patient"-noun-0,"Patient"-tx-6-"patient"-noun-0,"Patient"-tx-5-"patient"-noun-0,"Patient"-tx-4-"patient"-noun-0,"Patient"-tx-3-"patient"-noun-0]|TX|4344/7;4074/7;3949/9;3836/7;3774/7;3720/7;3523/7;3421/7;3331/9;3264/7;3152/7;2965/7;2474/7;1637/7;1344/7;1268/7;656/7;518/7;396/7;338/7|
00000000|MMI|131.45|Hysterectomy consent:Finding:Point in time:^Patient:Document|C2360838|[clna]|["Patient"-tx-43-"patient"-noun-0,"Patient"-tx-41-"patient"-noun-0,"Patient"-tx-39-"patient's"-noun-0,"Patient"-tx-38-"patient"-noun-0,"Patient"-tx-37-"patient"-noun-0,"Patient"-tx-36-"patient"-noun-0,"Patient"-tx-35-"patient"-noun-0,"Patient"-tx-34-"patient"-noun-0,"Patient"-tx-33-"patient's"-noun-0,"Patient"-tx-32-"patient"-noun-0,"Patient"-tx-31-"patient"-noun-0,"Patient"-tx-30-"patient"-noun-0,"Patient"-tx-23-"patient"-noun-0,"Patient"-tx-15-"patient"-noun-0,"Patient"-tx-13-"patient"-noun-0,"Patient"-tx-12-"patient"-noun-0,"Patient"-tx-6-"patient"-noun-0,"Patient"-tx-5-"patient"-noun-0,"Patient"-tx-4-"patient"-noun-0,"Patient"-tx-3-"patient"-noun-0]|TX|4344/7;4074/7;3949/9;3836/7;3774/7;3720/7;3523/7;3421/7;3331/9;3264/7;3152/7;2965/7;2474/7;1637/7;1344/7;1268/7;656/7;518/7;396/7;338/7|
00000000|MMI|131.45|Sterilization consent:Finding:Point in time:^Patient:Document|C2360840|[clna]|["Patient"-tx-43-"patient"-noun-0,"Patient"-tx-41-"patient"-noun-0,"Patient"-tx-39-"patient's"-noun-0,"Patient"-tx-38-"patient"-noun-0,"Patient"-tx-37-"patient"-noun-0,"Patient"-tx-36-"patient"-noun-0,"Patient"-tx-35-"patient"-noun-0,"Patient"-tx-34-"patient"-noun-0,"Patient"-tx-33-"patient's"-noun-0,"Patient"-tx-32-"patient"-noun-0,"Patient"-tx-31-"patient"-noun-0,"Patient"-tx-30-"patient"-noun-0,"Patient"-tx-23-"patient"-noun-0,"Patient"-tx-15-"patient"-noun-0,"Patient"-tx-13-"patient"-noun-0,"Patient"-tx-12-"patient"-noun-0,"Patient"-tx-6-"patient"-noun-0,"Patient"-tx-5-"patient"-noun-0,"Patient"-tx-4-"patient"-noun-0,"Patient"-tx-3-"patient"-noun-0]|TX|4344/7;4074/7;3949/9;3836/7;3774/7;3720/7;3523/7;3421/7;3331/9;3264/7;3152/7;2965/7;2474/7;1637/7;1344/7;1268/7;656/7;518/7;396/7;338/7|
00000000|MMI|51.71|Oral cavity|C0226896|[bsoj]|["MOUTH"-tx-42-"mouth"-noun-0,"MOUTH"-tx-19-"mouth"-noun-0]|TX|[4227/5],[4278/5];[1997/5],[2039/5],[2089/5],[2216/5]|A01.456.505.631;A03.556.500;A14.549
00000000|MMI|37.72|Phenobarbital|C0031412|[orch,phsu]|["PHENOBARBITAL"-tx-42-"phenobarbital"-noun-0,"PHENOBARBITAL"-tx-19-"phenobarbital"-noun-0,"PHENOBARBITAL"-tx-15-"phenobarbital"-noun-0]|TX|4247/13;2185/13;1695/13|D03.383.742.698.253.650
00000000|MMI|33.20|Ancef|C0700926|[antb,orch]|["Ancef"-tx-37-"Ancef"-noun-0,"Ancef"-tx-36-"Ancef"-noun-0]|TX|3824/5;3762/5|D02.065.589.099.249.160;D02.886.665.074.160;D04.075.080.875.099.221.249.160
00000000|MMI|31.77|Dominican Republic|C0013014|[geoa]|["DR"-tx-43-"Dr"-noun-0,"DR"-tx-30-"Dr"-noun-0,"DR"-tx-2-"DR"-noun-0]|TX|4416/2;3139/2;289/2|Z01.107.084.900.300;Z01.639.880.300
00000000|MMI|28.44|Daily|C0332173|[tmco]|["/day"-tx-42-"day"-noun-0,"/day"-tx-19-"day"-noun-0]|TX|[4194/3],[4241/3],[4294/3];[2008/3],[2055/3],[2103/3],[2139/3],[2232/3]|
00000000|MMI|28.44|day|C0439228|[tmco]|["DAY"-tx-42-"day"-noun-0,"DAY"-tx-19-"day"-noun-0]|TX|[4194/3],[4241/3],[4294/3];[2008/3],[2055/3],[2103/3],[2139/3],[2232/3]|
00000000|MMI|28.44|per day|C0439505|[tmco]|["/day"-tx-42-"day"-noun-0,"/day"-tx-19-"day"-noun-0]|TX|[4194/3],[4241/3],[4294/3];[2008/3],[2055/3],[2103/3],[2139/3],[2232/3]|
00000000|MMI|26.61|Time|C0040223|[tmco]|["times"-tx-42-"times"-noun-0,"times"-tx-33-"times"-noun-0,"times"-tx-19-"times"-noun-0,"times"-tx-17-"times"-noun-0,"times"-tx-14-"times"-noun-0]|TX|4286/5;3409/5;[2047/5],[2224/5];1821/5;1495/5|G01.910
00000000|MMI|25.59|Physicians|C0031831|[prog]|["DR"-tx-43-"Dr"-noun-0,"DR"-tx-30-"Dr"-noun-0,"DR"-tx-2-"DR"-noun-0]|TX|4416/2;3139/2;289/2|M01.526.485.810;N02.360.810
00000000|MMI|25.23|Patient Discharge|C0030685|[hlca]|["Discharge"-tx-40-"discharge"-noun-0,"Discharged"-tx-38-"discharged"-verb-0]|TX|4045/9;3848/10|E02.204.125;E02.760.400.610;N02.421.192.125;N02.421.585.400.610;N04.590.233.727.210.125
00000000|MMI|24.99|Lopressor|C0700776|[orch,phsu]|["Lopressor"-tx-42-"Lopressor"-noun-0,"Lopressor"-tx-19-"Lopressor"-noun-0]|TX|4200/9;2061/9|D02.033.100.624.698.573;D02.033.755.624.698.573;D02.092.063.624.698.573
00000000|MMI|21.41|Pulse Rate|C0232117|[clna]|["PULSE"-tx-29-"pulses"-verb-0,"PULSE"-tx-24-"pulse"-noun-0]|TX|2886/6;2575/5|E01.370.600.875.500;G09.330.380.500
00000000|MMI|21.15|Coronary Artery Bypass Surgery|C0010055|[topp]|["Coronary Artery Bypass Grafting"-tx-30-"coronary artery bypass grafting"-noun-0,"Coronary Artery Bypass Grafting"-tx-2-"CORONARY ARTERY BYPASS GRAFTING"-noun-0]|TX|3104/31;235/31|E04.100.376.719.332;E04.100.814.868.750;E04.928.220.520.220
00000000|MMI|18.63|Obesity|C0028754|[dsyn]|["OBESE"-tx-28-"obese"-adj-0]|TX|2828/5|C18.654.726.500;C23.888.144.699.500;E01.370.600.115.100.160.120.699.500;G07.100.100.160.120.699.500
00000000|MMI|14.63|diagnosis aspect|C1704338|[qlco]|["diagnosis"-tx-1-"DIAGNOSIS"-noun-0]|TX|175/9|x.x.x.x.x.x.x
00000000|MMI|14.59|Surgical aspects|C0038895|[ftcn]|["surgery"-tx-31-"Surgery"-noun-0]|TX|3230/7|x.x.x.x.x.x.x
00000000|MMI|14.52|Angina, Unstable|C0002965|[dsyn]|["CRESCENDO ANGINA"-tx-3-"crescendo angina"-noun-0]|TX|373/16|C10.597.617.192.500.150;C14.280.647.187.150;C14.907.585.187.150;C23.888.592.612.233.500.150
00000000|MMI|14.24|milligram|C0439210|[qnco]|["milligrams"-tx-42-"milligrams"-noun-0,"milligrams"-tx-19-"milligrams"-noun-0]|TX|[4213/10],[4264/10];[1983/10],[2025/10],[2075/10],[2202/10]|
00000000|MMI|13.95|Times|C1632851|[qnco]|["Times"-tx-42-"times"-noun-0,"Times"-tx-33-"times"-noun-0,"Times"-tx-19-"times"-noun-0,"Times"-tx-17-"times"-noun-0,"Times"-tx-14-"times"-noun-0]|TX|4286/5;3409/5;[2047/5],[2224/5];1821/5;1495/5|
00000000|MMI|13.74|Entire mouth region|C1267547|[blor]|["Mouth, NOS"-tx-42-"mouth"-noun-0,"Mouth, NOS"-tx-19-"mouth"-noun-0]|TX|[4227/5],[4278/5];[1997/5],[2039/5],[2089/5],[2216/5]|
00000000|MMI|13.74|Entire oral cavity|C1278910|[blor]|["Mouth"-tx-42-"mouth"-noun-0,"Mouth"-tx-19-"mouth"-noun-0]|TX|[4227/5],[4278/5];[1997/5],[2039/5],[2089/5],[2216/5]|
00000000|MMI|13.74|Oral region|C0230028|[blor]|["Mouth"-tx-42-"mouth"-noun-0,"Mouth"-tx-19-"mouth"-noun-0]|TX|[4227/5],[4278/5];[1997/5],[2039/5],[2089/5],[2216/5]|
00000000|MMI|13.60|Temperature|C0039476|[qnco]|["*Temperature"-tx-24-"temperature"-noun-0]|TX|2552/11|G01.906.595;G16.500.275.063.725.710;G16.500.750.775.710;N06.230.150.450;N06.230.300.100.725.710
00000000|MMI|13.17|Show|C1547282|[anim]|["Show"-tx-29-"showed"-verb-0,"Show"-tx-25-"showed"-verb-0,"Show"-tx-8-"showed"-verb-0,"Show"-tx-7-"showed"-verb-0,"Show"-tx-6-"showed"-verb-0]|TX|2879/6;2678/6;901/6;815/6;723/6|
00000000|MMI|12.83|Males|C0086582|[orga]|["MALE"-tx-23-"male"-noun-0,"MALE"-tx-3-"male"-noun-0]|TX|2517/4;363/4|x.x.x
00000000|MMI|12.69|Erythema|C0041834|[dsyn]|["ERYTHEMA"-tx-39-"erythema"-noun-1,"ERYTHEMA"-tx-35-"erythema"-noun-1]|TX|3996/8;3705/8|C17.800.229
00000000|MMI|12.56|Angina Pectoris|C0002962|[fndg]|["ANGINA"-tx-12-"angina"-noun-0]|TX|1305/6|C10.597.617.192.500;C14.280.647.187;C14.907.585.187;C23.888.592.612.233.500
00000000|MMI|12.46|Isordil|C0590720|[orch,phsu]|["Isordil"-tx-19-"Isordil"-noun-0]|TX|2014/7|D02.033.800.813.480.500;D09.853.813.480.500
00000000|MMI|12.28|Including (qualifier)|C0332257|[ftcn]|["included"-tx-21-"included"-verb-0,"included"-tx-18-"included"-verb-0,"included"-tx-17-"included"-verb-0,"included"-tx-16-"included"-adj-0,"included"-tx-14-"included"-verb-0]|TX|2344/8;1881/8;1781/8;1724/8;1450/8|
00000000|MMI|11.56|Body Temperature|C0005903|[orga]|["temperature"-tx-24-"temperature"-noun-0]|TX|2552/11|E01.370.600.875.374;G07.110
00000000|MMI|11.56|Cerebrovascular accident|C0038454|[dsyn]|["CEREBROVASCULAR ACCIDENT"-tx-14-"cerebrovascular accident"-noun-0]|TX|1524/24|C10.228.140.300.775;C14.907.253.855
00000000|MMI|11.56|Coronary Arteriosclerosis|C0010054|[dsyn]|["coronary artery disease"-tx-1-"CORONARY ARTERY DISEASE"-noun-0]|TX|186/23|C14.280.647.250.260;C14.907.137.126.339;C14.907.585.250.260
00000000|MMI|11.56|Coronary Artery Disease|C1956346|[dsyn]|["CORONARY ARTERY DISEASE"-tx-1-"CORONARY ARTERY DISEASE"-noun-0]|TX|186/23|C14.280.647.250.260;C14.907.137.126.339;C14.907.585.250.260
00000000|MMI|11.56|Demerol|C0935966|[orch,phsu]|["Demerol"-tx-18-"Demerol"-noun-0]|TX|1890/7|D03.066.399.450;D03.383.621.349.450
00000000|MMI|11.56|Pulse taking|C0034107|[hlca]|["Pulses"-tx-29-"pulses"-verb-0]|TX|2886/6|E01.370.370.380.650;E01.370.600.650;G09.330.380.750
00000000|MMI|11.56|Sternum|C0038293|[bpoc]|["STERNUM"-tx-40-"sternum"-noun-0]|TX|4023/7|A02.835.232.904.766
00000000|MMI|11.56|Togo|C0040363|[geoa]|["TO"-tx-9-"to"-adv-0]|TX|1105/2|Z01.058.290.190.800
00000000|MMI|11.56|Tryptophanase|C0041260|[aapp,enzy]|["TO"-tx-9-"to"-adv-0]|TX|1105/2|D08.811.520.224.800
00000000|MMI|10.63|Respiratory rate|C0231832|[clna]|["Respiratory Rate"-tx-24-"respiratory rate"-noun-0]|TX|2586/16|E01.370.600.875.875;G09.772.770.755.730
00000000|MMI|10.58|Blood Pressure|C0005823|[orgf]|["BLOOD PRESSURE"-tx-24-"blood pressure"-noun-0]|TX|2608/14|E01.370.600.875.249;G09.330.380.076
00000000|MMI|10.58|Systemic arterial pressure|C1272641|[fndg]|["Blood pressure"-tx-24-"blood pressure"-noun-0]|TX|2608/14|G09.330.380.076.347
00000000|MMI|10.53|Anterior myocardial infarction|C0340293|[dsyn]|["Anterior myocardial infarction"-tx-4-"anterior myocardial infarction"-noun-0]|TX|466/8,482/21|C14.280.647.500.093;C14.907.585.500.093
00000000|MMI|10.52|Tylenol|C0699142|[orch,phsu]|["Tylenol"-tx-42-"Tylenol"-noun-0]|TX|4141/7|D02.065.199.092.040
00000000|MMI|10.52|Pulmonary Capillary Wedge Pressure|C0086879|[clna]|["Pulmonary Capillary Wedge Pressure"-tx-11-"pulmonary capillary wedge pressure"-noun-0]|TX|1215/34|G09.330.380.076.695
00000000|MMI|10.51|Cardiac Catheterization Procedures|C0018795|[hlca]|["Cardiac catheterisation"-tx-8-"cardiac catheterization"-noun-0]|TX|861/23|E01.370.370.380.140;E02.148.442;E05.157.250
00000000|MMI|9.51|Abdominal Cavity|C0230168|[blor]|["Abdomen"-tx-28-"Abdomen"-noun-0]|TX|2816/7|A01.923.047.025
00000000|MMI|9.51|Alcohol consumption|C0001948|[inbe]|["ALCOHOL USE"-tx-22-"Alcohol use"-noun-0]|TX|2409/11|F01.145.317.269
00000000|MMI|9.51|Atrial Fibrillation|C0004238|[dsyn]|["ATRIAL FIBRILLATION"-tx-35-"atrial fibrillation"-noun-0]|TX|3541/19|C14.280.067.198;C23.550.073.198
00000000|MMI|9.51|Chest|C0817096|[blor]|["CHEST"-tx-27-"Chest"-noun-0]|TX|2782/5|A01.923.761;A02.835.232.904
00000000|MMI|9.51|Coronary heart disease|C0010068|[dsyn]|["Coronary (artery) disease"-tx-1-"CORONARY ARTERY DISEASE"-noun-0]|TX|186/23|C14.280.647.250;C14.907.585.250
00000000|MMI|9.51|Diet|C0012155|[food]|["regular diet?"-tx-38-"regular diet"-noun-0]|TX|3896/12|G07.203.650.240
00000000|MMI|9.51|Epilepsy|C0014544|[dsyn]|["SEIZURE DISORDER"-tx-15-"seizure disorder"-noun-0]|TX|1651/16|C10.228.140.490
00000000|MMI|9.51|Mental Suffering|C0683278|[mobd]|["suffered"-tx-4-"suffered"-verb-0]|TX|454/8|F01.145.126.990;F02.830.900
00000000|MMI|9.51|Nausea|C0027497|[sosy]|["NAUSEA"-tx-18-"nausea"-noun-0]|TX|1915/6|C23.888.821.712
00000000|MMI|9.51|Vomiting|C0042963|[sosy]|["VOMITING"-tx-18-"vomiting"-noun-0]|TX|1926/8|C23.888.821.937
00000000|MMI|9.47|Discontinued|C1444662|[fndg]|["Discontinued"-tx-22-"discontinued"-verb-0,"Discontinued"-tx-21-"discontinued"-verb-0,"Discontinued"-tx-19-"discontinued"-verb-0,"DIS"-tx-1-"DIS"-noun-0]|TX|2425/12;2386/12;2143/12;95/3|
00000000|MMI|9.34|Lesion|C0221198|[fndg]|["Lesion"-tx-8-"lesion"-noun-0]|TX|[920/6],[965/6],[1002/6],[1034/6]|
00000000|MMI|9.34|Specimen Source Codes - Lesion|C1546698|[inpr]|["Lesion"-tx-8-"lesion"-noun-0]|TX|[920/6],[965/6],[1002/6],[1034/6]|
00000000|MMI|8.78|Drainage procedure|C0013103|[topp]|["Drainage"-tx-39-"drainage"-noun-0,"Drainage"-tx-35-"drainage"-noun-0]|TX|4008/8;3674/8|E02.309;E04.237
00000000|MMI|8.49|Operating Room|C0029064|[hcro,mnob]|["OPERATING ROOM"-tx-30-"operating room"-noun-0]|TX|3057/14|N02.278.388.700
00000000|MMI|8.48|Needs|C0027552|[qlco]|["Needed"-tx-42-"needed"-adj-0]|TX|4155/6|N03.349.380.420;N05.300.450
00000000|MMI|8.44|General surgery specialty|C1274039|[bmod]|["Surgery"-tx-31-"Surgery"-noun-0]|TX|3230/7|H02.403.810.300
00000000|MMI|8.42|Paraguay|C0030428|[geoa]|["PA"-tx-11-"PA"-noun-0]|TX|1179/2|Z01.107.757.656
00000000|MMI|8.40|Myocardial Infarction|C0027051|[dsyn]|["Infarction, Myocardial"-tx-20-"myocardial infarction"-noun-0]|TX|2313/21|C14.280.647.500;C14.907.585.500
00000000|MMI|8.38|Auscultation|C0004339|[diap]|["AUSCULTATION"-tx-27-"auscultation"-noun-0]|TX|2801/12|E01.370.600.060
00000000|MMI|8.37|Dyskinetic syndrome|C0013384|[dsyn]|["Dyskinesis"-tx-9-"dyskinesis"-noun-0]|TX|1134/10|C10.228.662.262;C10.597.350;C23.888.592.350
00000000|MMI|8.37|Thallium|C0039738|[elii]|["THALLIUM"-tx-7-"thallium"-noun-0]|TX|787/8|D01.268.556.847;D01.552.544.847;x.x.x.x
00000000|MMI|8.37|Caucasoid Race|C0007457|[popg]|["WHITE"-tx-23-"white"-adj-0]|TX|2511/5|M01.686.508.400
00000000|MMI|7.46|Abdomen|C0000726|[blor]|["ABDOMEN"-tx-28-"Abdomen"-noun-0]|TX|2816/7|A01.923.047
00000000|MMI|7.46|Behaviorial Habits|C0018464|[inbe]|["Habits"-tx-21-"HABITS"-noun-0]|TX|2337/6|F01.145.466
00000000|MMI|7.46|Bursitis|C0006444|[dsyn]|["BURSITIS"-tx-16-"bursitis"-noun-0]|TX|1748/8|C05.550.251
00000000|MMI|7.46|Fatigue|C0015672|[sosy]|["FATIGUE"-tx-5-"fatigue"-noun-0]|TX|607/7|C23.888.369
00000000|MMI|7.46|Heart murmur|C0018808|[fndg]|["murmurs"-tx-25-"murmurs"-noun-1]|TX|2736/7|C23.888.447
00000000|MMI|7.46|Nervousness|C0027769|[sosy]|["Nervous"-tx-23-"nervous"-adj-0]|TX|2488/7|F01.470.132
00000000|MMI|7.46|Physical Examination|C0031809|[hlca]|["PHYSICAL EXAMINATION"-tx-23-"PHYSICAL EXAMINATION"-noun-0]|TX|2448/20|E01.370.600
00000000|MMI|7.46|Varicosity|C0042345|[dsyn]|["Varicosities"-tx-29-"varicosities"-noun-1]|TX|2917/12|C14.907.927
00000000|MMI|7.03|Delayed Release Dosage Form|C1707664|[bodm]|["DR"-tx-43-"Dr"-noun-0,"DR"-tx-30-"Dr"-noun-0,"DR"-tx-2-"DR"-noun-0]|TX|4416/2;3139/2;289/2|
00000000|MMI|7.03|Device to Subject Relationship Domain|C3540849|[inpr]|["DR"-tx-43-"Dr"-noun-0,"DR"-tx-30-"Dr"-noun-0,"DR"-tx-2-"DR"-noun-0]|TX|4416/2;3139/2;289/2|
00000000|MMI|7.03|Doctor - Title|C2348314|[cnce]|["Dr."-tx-43-"Dr"-noun-0,"Dr."-tx-30-"Dr"-noun-0,"Dr."-tx-2-"DR"-noun-0]|TX|4416/2;3139/2;289/2|
00000000|MMI|6.93|Body Fluid Discharge|C0012621|[bdsu]|["Discharge"-tx-40-"discharge"-noun-0,"Drainage, NOS"-tx-39-"drainage"-noun-0,"Drainage, NOS"-tx-35-"drainage"-noun-0]|TX|4045/9;4008/8;3674/8|
00000000|MMI|6.93|Discharge, body substance|C2926602|[bdsu]|["Discharge"-tx-40-"discharge"-noun-0,"Drainage"-tx-39-"drainage"-noun-0,"Drainage"-tx-35-"drainage"-noun-0]|TX|4045/9;4008/8;3674/8|
00000000|MMI|6.85|Usual|C3538928|[qlco]|["Usual"-tx-42-"usual"-adj-0,"Usual"-tx-33-"usual"-adj-0,"Usual"-tx-30-"usual"-adj-0]|TX|4314/5;3376/5;3004/5|
00000000|MMI|6.75|Doctor of Medicine|C1512018|[inpr]|["M.D."-tx-48-"M.D"-noun-0,"M.D."-tx-46-"M.D"-noun-0]|TX|4519/3;4478/3|
00000000|MMI|6.49|Pressure- physical agent|C0033095|[phpr]|["Pressures"-tx-11-"pressures"-noun-0]|TX|1182/9|G01.374.715
00000000|MMI|6.41|Cardiac Surgery procedures|C0018821|[topp]|["Cardiac surgery"-tx-34-"Cardiac Surgery"-noun-0]|TX|3477/15|E04.100.376;E04.928.220
00000000|MMI|6.41|Disease Management|C0376636|[hlca]|["management"-tx-5-"management"-noun-0]|TX|546/10|N04.590.607
00000000|MMI|6.40|Historical aspects qualifier|C0019665|[ftcn]|["history"-tx-13-"history"-noun-0]|TX|1361/7|x.x.x
00000000|MMI|6.35|Reperfusion Therapy|C0035124|[topp]|["Reperfusion"-tx-7-"reperfusion"-noun-0]|TX|838/11|E04.100.700;E05.680.730
00000000|MMI|6.32|Cognition Disorders|C0009241|[mobd]|["Cognitive Defects"-tx-14-"cognitive defects"-noun-1]|TX|1604/9,1623/7|F03.615.250
00000000|MMI|5.41|Heart|C0018787|[bpoc]|["HEART"-tx-9-"heart"-noun-0]|TX|1089/5|A07.541
00000000|MMI|5.41|Hypersensitivity|C0020517|[patf]|["Allergies"-tx-18-"ALLERGIES"-noun-0]|TX|1871/9|C20.543
00000000|MMI|5.41|Limb structure|C0015385|[bpoc]|["Extremities"-tx-29-"Extremities"-noun-0]|TX|2867/11|A01.378
00000000|MMI|5.41|Neck|C0027530|[blor]|["NECK"-tx-26-"Neck"-noun-0]|TX|2764/4|A01.598
00000000|MMI|4.98|Physiologic pulse|C0391850|[phsf]|["Pulse"-tx-29-"pulses"-verb-0,"Pulse"-tx-24-"pulse"-noun-0]|TX|2886/6;2575/5|
00000000|MMI|4.98|Pulse phenomenon|C1947910|[phpr]|["Pulse"-tx-29-"pulses"-verb-0,"Pulse"-tx-24-"pulse"-noun-0]|TX|2886/6;2575/5|
00000000|MMI|4.87|Patient Condition Code - Stable|C1547311|[inpr]|["Stable"-tx-40-"stable"-adj-0,"Stable"-tx-34-"stable"-adj-0]|TX|4035/6;3433/6|
00000000|MMI|4.87|Stable status|C0205360|[qlco]|["STABLE"-tx-40-"stable"-adj-0,"STABLE"-tx-34-"stable"-adj-0]|TX|4035/6;3433/6|
00000000|MMI|4.84|Increasing|C0442808|[ftcn]|["Increasing"-tx-12-"increasing"-adj-0,"Increasing"-tx-5-"increasing"-verb-0]|TX|1294/10;596/10|
00000000|MMI|4.83|aspirin enteric coated|C0718690|[orch,phsu]|["enteric coated aspirin"-tx-42-"enteric-coated aspirin"-noun-0,"enteric coated aspirin"-tx-19-"enteric-coated aspirin"-noun-0]|TX|4164/22;2109/22|
00000000|MMI|4.82|History of present illness|C0262512|[orga]|["History, NOS"-tx-13-"history"-noun-0,"HISTORY OF PRESENT ILLNESS"-tx-3-"HISTORY OF PRESENT ILLNESS"-noun-0]|TX|1361/7;306/26|
00000000|MMI|4.82|Medical History|C0262926|[fndg]|["Past Medical History"-tx-14-"PAST MEDICAL HISTORY"-noun-0,"History"-tx-13-"history"-noun-1]|TX|1429/20;1361/7|
00000000|MMI|4.80|Operative Surgical Procedures|C0543467|[hlca]|["Surgery"-tx-31-"Surgery"-noun-0,"operations procedure"-tx-2-"OPERATIONS/PROCEDURES"-noun-0]|TX|3230/7;212/21|E04
00000000|MMI|4.68|Small amount|C3869892|[qnco]|["Small amount"-tx-35-"small amount"-noun-0]|TX|[3642/12],[3689/12]|
00000000|MMI|4.68|Admission activity|C0809949|[hlca]|["Admitted"-tx-30-"admitted"-verb-0,"Admission"-tx-19-"admission"-noun-0]|TX|2977/8;2173/9|
00000000|MMI|4.68|Hospital admission|C0184666|[hlca]|["admitted"-tx-30-"admitted"-verb-0,"Admission"-tx-19-"admission"-noun-0]|TX|2977/8;2173/9|
00000000|MMI|4.61|Male Gender, Self Report|C1706180|[qlco]|["Male"-tx-23-"male"-noun-0,"Male"-tx-3-"male"-noun-0]|TX|2517/4;363/4|
00000000|MMI|4.61|Male Phenotype|C1706428|[qlco]|["Male"-tx-23-"male"-noun-0,"Male"-tx-3-"male"-noun-0]|TX|2517/4;363/4|
00000000|MMI|4.61|Male, Self-Reported|C1706429|[orga]|["Male"-tx-23-"male"-noun-0,"Male"-tx-3-"male"-noun-0]|TX|2517/4;363/4|
00000000|MMI|4.60|Good|C0205170|[qlco]|["Well"-tx-31-"well"-adv-0,"Well"-tx-5-"well"-adv-0]|TX|3184/4;530/4|
00000000|MMI|4.60|Well|C3146287|[mnob]|["Well"-tx-31-"well"-adv-0,"Well"-tx-5-"well"-adv-0]|TX|3184/4;530/4|
00000000|MMI|4.59|Small|C0700321|[qnco]|["SMALL"-tx-35-"small"-adj-0,"minutes"-tx-6-"minutes"-noun-0]|TX|3642/5;758/7|
00000000|MMI|4.57|Humulin 70/30|C0306367|[aapp,horm,phsu]|["Humulin 70/30"-tx-42-"humulin 70/30"-noun-0,"Humulin 70/30"-tx-19-"humulin 70/30"-noun-0]|TX|4300/13;2238/13|
00000000|MMI|4.56|Post|C0687676|[tmco]|["Status Post"-tx-17-"status post"-prep-0]|TX|[1790/11],[1831/11]|
00000000|MMI|4.56|Status post|C0231290|[tmco]|["Status post"-tx-17-"status post"-prep-0]|TX|[1790/11],[1831/11]|
00000000|MMI|4.55|year|C0439234|[tmco]|["YEARS"-tx-14-"years"-noun-0,"YEAR"-tx-3-"year"-noun-0]|TX|1504/5;354/4|
00000000|MMI|4.54|October|C3828732|[qlco]|["October"-tx-30-"October"-noun-0,"October"-tx-2-"October"-noun-0]|TX|3081/7;276/7|
00000000|MMI|4.54|60%|C3842585|[fndg]|["60%"-tx-8-"60"-integer-0,"60%"-tx-8-"60"-percentage-0]|TX|[910/2],[961/2];[910/2],[961/2]|
00000000|MMI|4.46|Twice (Numerical Qualifier)|C1948050|[qnco]|["Twice"-tx-42-"twice"-adv-0,"Twice"-tx-19-"twice"-adv-0]|TX|4233/5;2095/5|
00000000|MMI|4.46|Twice - dosing instruction fragment|C1720725|[inpr]|["Twice"-tx-42-"twice"-adv-0,"Twice"-tx-19-"twice"-adv-0]|TX|4233/5;2095/5|
00000000|MMI|4.46|Intravenous|C0348016|[spco]|["Intravenous"-tx-37-"intravenous"-adj-0,"Intravenous"-tx-36-"intravenous"-adj-0]|TX|3812/11;3750/11|
00000000|MMI|4.45|June|C3829443|[tmco]|["June"-tx-8-"June"-noun-0,"June"-tx-6-"June"-noun-0]|TX|894/4;710/4|
00000000|MMI|4.35|History|C0019664|[ocdi]|["History"-tx-13-"history"-noun-0]|TX|1361/7|K01.400
00000000|MMI|4.32|Lanugo|C0423866|[bpoc]|["Lanugo"-tx-34-"Down"-adj-0]|TX|3472/4|A17.360
00000000|MMI|4.27|Blood Vessel|C0005847|[bpoc]|["Vessel"-tx-30-"vessel"-noun-0]|TX|3097/6|A07.231
00000000|MMI|3.36|All extremities|C0278454|[bpoc]|["extremities"-tx-29-"Extremities"-noun-0]|TX|2867/11|
00000000|MMI|3.36|Anterior thoracic region|C1527391|[blor]|["Chest"-tx-27-"Chest"-noun-0]|TX|2782/5|
00000000|MMI|3.36|Atrial Fibrillation Adverse Event|C1963067|[fndg]|["Atrial fibrillation"-tx-35-"atrial fibrillation"-noun-0]|TX|3541/19|
00000000|MMI|3.36|Atrial Fibrillation by ECG Finding|C0344434|[lbtr]|["Atrial Fibrillation"-tx-35-"atrial fibrillation"-noun-0]|TX|3541/19|
00000000|MMI|3.36|Bruit|C0006318|[fndg]|["bruits"-tx-29-"bruits"-noun-1]|TX|2935/6|
00000000|MMI|3.36|Denied (qualifier)|C0332319|[qlco]|["Denied"-tx-13-"denied"-verb-0]|TX|1352/6|
00000000|MMI|3.36|Deny (action)|C2700401|[acty]|["Denied"-tx-13-"denied"-verb-0]|TX|1352/6|
00000000|MMI|3.36|Disposition|C0743223|[idcn]|["Disposition"-tx-41-"DISPOSITION"-noun-0]|TX|4057/11|
00000000|MMI|3.36|Disposition Domain|C1705555|[inpr]|["Disposition"-tx-41-"DISPOSITION"-noun-0]|TX|4057/11|
00000000|MMI|3.36|Edema of foot (finding)|C0574002|[sosy]|["Pedal oedema"-tx-13-"pedal edema"-noun-1]|TX|1415/11|
00000000|MMI|3.36|Ejection fraction (finding)|C2700378|[fndg]|["Ejection fraction"-tx-10-"ejection fraction"-noun-0]|TX|1151/17|
00000000|MMI|3.36|Ejection fraction (procedure)|C0489482|[diap]|["ejection fraction"-tx-10-"ejection fraction"-noun-0]|TX|1151/17|
00000000|MMI|3.36|Entire abdomen|C1281594|[bpoc]|["Abdomen"-tx-28-"Abdomen"-noun-0]|TX|2816/7|
00000000|MMI|3.36|Entire heart|C1281570|[bpoc]|["Heart"-tx-9-"heart"-noun-0]|TX|1089/5|
00000000|MMI|3.36|Entire neck|C1281592|[bpoc]|["Neck"-tx-26-"Neck"-noun-0]|TX|2764/4|
00000000|MMI|3.36|Entire sternum|C1279580|[bpoc]|["Sternum"-tx-40-"sternum"-noun-0]|TX|4023/7|
00000000|MMI|3.36|Entity Name Part Type - given|C1550718|[idcn]|["given"-tx-36-"given"-verb-0]|TX|3732/5|
00000000|MMI|3.36|Examination of heart|C0562319|[hlca]|["Cardiac examination"-tx-25-"Cardiac examination"-noun-0]|TX|2658/19|
00000000|MMI|3.36|Family History Domain|C1705495|[idcn]|["Family History"-tx-20-"FAMILY HISTORY"-noun-0]|TX|2278/14|
00000000|MMI|3.36|Family history|C0241889|[fndg]|["FAMILY HISTORY"-tx-20-"FAMILY HISTORY"-noun-0]|TX|2278/14|
00000000|MMI|3.36|Fatigue Subordinate Domain|C4050243|[inpr]|["Fatigue"-tx-5-"fatigue"-noun-0]|TX|607/7|
00000000|MMI|3.36|GIVEN|C1442162|[cnce]|["GIVEN"-tx-36-"given"-verb-0]|TX|3732/5|
00000000|MMI|3.36|Give - dosing instruction imperative|C1947971|[ftcn]|["Given"-tx-36-"given"-verb-0]|TX|3732/5|
00000000|MMI|3.36|Given name|C3244317|[inpr]|["given"-tx-36-"given"-verb-0]|TX|3732/5|
00000000|MMI|3.36|H/O: surgery|C0455610|[fndg]|["Past surgical history"-tx-17-"PAST SURGICAL HISTORY"-noun-0]|TX|1759/21|
00000000|MMI|3.36|History of present illness:Finding:Point in time:^Patient:Nominal:Reported|C0488508|[clna]|["History of present illness"-tx-3-"HISTORY OF PRESENT ILLNESS"-noun-0]|TX|306/26|
00000000|MMI|3.36|Hospital course|C0489547|[fndg]|["Hospital course"-tx-30-"HOSPITAL COURSE"-noun-0]|TX|2944/15|
00000000|MMI|3.36|Hospital course:Finding:Point in time:^Patient:Narrative|C0488549|[clna]|["Hospital course"-tx-30-"HOSPITAL COURSE"-noun-0]|TX|2944/15|
00000000|MMI|3.36|Initially|C0205265|[tmco]|["Initially"-tx-31-"initially"-adv-0]|TX|3195/9|
00000000|MMI|3.36|Left|C0205091|[spco]|["LEFT"-tx-14-"left"-verb-0]|TX|1549/4|
00000000|MMI|3.36|Left sided|C0443246|[spco]|["Left"-tx-14-"left"-verb-0]|TX|1549/4|
00000000|MMI|3.36|Medical therapy|C0418981|[topp]|["Medical therapy"-tx-12-"medical therapy"-noun-0]|TX|1322/15|
00000000|MMI|3.36|Medications:-:Point in time:^Patient:-|C2598133|[clna]|["Medications"-tx-19-"MEDICATIONS"-noun-0]|TX|1937/11|
00000000|MMI|3.36|Medications:Presence or Identity:Duration of the study:^Patient:Nominal|C0802604|[clna]|["Medications"-tx-19-"MEDICATIONS"-noun-0]|TX|1937/11|
00000000|MMI|3.36|Morning|C0332170|[tmco]|["Morning"-tx-19-"morning"-noun-0]|TX|2268/7|
00000000|MMI|3.36|Nausea Adverse Event|C1963179|[patf]|["Nausea"-tx-18-"nausea"-noun-0]|TX|1915/6|
00000000|MMI|3.36|Nervous - anatomy qualifier|C0599851|[ftcn]|["Nervous"-tx-23-"nervous"-adj-0]|TX|2488/7|
00000000|MMI|3.36|Normal diet|C0184625|[dora]|["Regular diet"-tx-38-"regular diet"-noun-0]|TX|3896/12|
00000000|MMI|3.36|Now (temporal qualifier)|C1948052|[tmco]|["Now"-tx-12-"now"-adv-0]|TX|1276/3|
00000000|MMI|3.36|On admission|C0457453|[tmco]|["On admission"-tx-19-"ON ADMISSION"-adj-0]|TX|1949/12|
00000000|MMI|3.36|Orthopnea|C0085619|[sosy]|["Orthopnoea"-tx-13-"orthopnea"-noun-1]|TX|1403/9|
00000000|MMI|3.36|PMH - past medical history|C0455458|[fndg]|["Past medical history"-tx-14-"PAST MEDICAL HISTORY"-noun-0]|TX|1429/20|
00000000|MMI|3.36|PSMD2 gene|C1419032|[gngm]|["S2"-tx-25-"S2"-noun-0]|TX|2723/2|
00000000|MMI|3.36|Pharmaceutical Preparations|C0013227|[phsu]|["Medications"-tx-19-"MEDICATIONS"-noun-0]|TX|1937/11|D26
00000000|MMI|3.36|RPS2 gene|C1419718|[gngm]|["S2"-tx-25-"S2"-noun-0]|TX|2723/2|
00000000|MMI|3.36|Receive|C1514756|[qlco]|["RECEIVED"-tx-37-"received"-verb-0]|TX|3782/8|
00000000|MMI|3.36|Recent|C0332185|[tmco]|["Recently"-tx-5-"recently"-adv-0]|TX|565/8|
00000000|MMI|3.36|Resolution|C2699488|[cnce]|["Resolved"-tx-35-"resolved"-verb-0]|TX|3569/8|
00000000|MMI|3.36|Resolved|C3714811|[fndg]|["Resolved"-tx-35-"resolved"-verb-0]|TX|3569/8|
00000000|MMI|3.36|Resolved License|C3897700|[ftcn]|["Resolved"-tx-35-"resolved"-verb-0]|TX|3569/8|
00000000|MMI|3.36|Rhythm|C0871269|[fndg]|["Rhythm"-tx-25-"rhythm"-noun-0]|TX|2702/6|
00000000|MMI|3.36|Rhythm Not Otherwise Specified ECG Assessment|C3828331|[inpr]|["Rhythm Not Otherwise Specified"-tx-25-"rhythm"-noun-0]|TX|2702/6|
00000000|MMI|3.36|Rubs|C3842105|[fndg]|["Rubs"-tx-25-"rubs"-verb-1]|TX|2757/4|
00000000|MMI|3.36|S2|C3812876|[fndg]|["S2"-tx-25-"S2"-noun-0]|TX|2723/2|
00000000|MMI|3.36|S2 innervation|C1179705|[blor]|["S2"-tx-25-"S2"-noun-0]|TX|2723/2|
00000000|MMI|3.36|Specimen Source Codes - Tube|C1547937|[inpr]|["Tubes"-tx-33-"tubes"-noun-0]|TX|3351/5|
00000000|MMI|3.36|Supple|C0332254|[ftcn]|["Supple"-tx-26-"supple"-adj-0]|TX|2773/6|
00000000|MMI|3.36|Table Cell Horizontal Align - left|C1552822|[ftcn]|["left"-tx-14-"left"-verb-0]|TX|1549/4|
00000000|MMI|3.36|Testicular Cancer Serum Markers Test Result S2|C3812875|[lbtr]|["S2"-tx-25-"S2"-noun-0]|TX|2723/2|
00000000|MMI|3.36|Then|C1883708|[tmco]|["Then"-tx-15-"then"-adv-0]|TX|1674/4|
00000000|MMI|3.36|To|C1883351|[qlco]|["To"-tx-9-"to"-adv-0]|TX|1105/2|
00000000|MMI|3.36|Tube - unit dose|C1704474|[qnco]|["Tubes"-tx-33-"tubes"-noun-0]|TX|3351/5|
00000000|MMI|3.36|Vomiting Adverse Event|C1963281|[patf]|["Vomiting"-tx-18-"vomiting"-noun-0]|TX|1926/8|
00000000|MMI|3.36|Warmer, device|C0184348|[medd]|["Warm"-tx-31-"Warm"-verb-0]|TX|3143/4|
00000000|MMI|3.36|biomedical tube device|C0175730|[medd]|["tubes"-tx-33-"tubes"-noun-0]|TX|3351/5|
00000000|MMI|3.36|dendritic spine neck|C3159206|[celc]|["neck"-tx-26-"Neck"-noun-0]|TX|2764/4|
00000000|MMI|3.36|failed|C0231175|[ftcn]|["failing"-tx-12-"failing"-verb-0]|TX|1314/7|
00000000|MMI|3.36|physiologic resolution|C1514893|[patf]|["Resolved"-tx-35-"resolved"-verb-0]|TX|3569/8|
00000000|MMI|3.36|rhythmic process (biological)|C1523018|[phsf]|["rhythm"-tx-25-"rhythm"-noun-0]|TX|2702/6|
00000000|MMI|3.36|warming process|C0687712|[npop]|["warm"-tx-31-"Warm"-verb-0]|TX|3143/4|
00000000|MMI|2.72|Discharge to home|C0184713|[topp]|["Discharge to home"-tx-41-"discharged to home"-noun-0]|TX|4090/18|
00000000|MMI|2.67|Surgery procedure:Type:Point in time:^Patient:Nominal|C0944781|[clna]|["operations procedure"-tx-2-"OPERATIONS/PROCEDURES"-noun-0]|TX|212/21|
00000000|MMI|2.58|Evaluation and management note:Finding:Point in time:{Setting}:Document:{Provider}|C1316572|[clna]|["Note"-tx-9-"noted"-verb-0]|TX|1099/5|
00000000|MMI|2.58|Note (document)|C1317574|[inpr]|["Note"-tx-9-"noted"-verb-0]|TX|1099/5|
00000000|MMI|2.44|H/O: hypertension|C0455527|[fndg]|["history hypertension"-tx-16-"History hypertension"-noun-0]|TX|1711/7,1733/12|
00000000|MMI|2.44|Breaths:Number = Count/Time:Point in time:Respiratory system:Quantitative|C0489258|[clna]|["Respiratory rate"-tx-24-"respiratory rate"-noun-0]|TX|2586/16|
00000000|MMI|2.44|Discharge date|C2361123|[tmco]|["Discharge date"-tx-1-"Discharge Date"-noun-0]|TX|150/14|
00000000|MMI|2.44|Discharge date:Time Stamp -- Date and Time:Point in time:^Patient:Quantitative|C2361122|[clna]|["Discharge date"-tx-1-"Discharge Date"-noun-0]|TX|150/14|
00000000|MMI|2.44|Pre-surgery evaluation|C1293091|[diap]|["Pre-operative evaluation"-tx-30-"preoperative evaluation"-noun-0]|TX|3010/23|
00000000|MMI|2.44|sternal injury|C1112727|[inpo]|["Sternal Wound"-tx-35-"sternal wound"-noun-1]|TX|3622/13|
00000000|MMI|2.43|Personal History of Coronary Artery Disease|C1881055|[clna]|["History of Coronary Artery Disease"-tx-4-"history of coronary artery disease"-noun-0]|TX|415/34|
00000000|MMI|2.39|% index|C1637833|[qnco]|["% index"-tx-49-"Index"-noun-0]|TX|4551/5|
00000000|MMI|2.39|97|C0439073|[inpr]|["97"-tx-24-"97"-real_number-0]|TX|2568/2|
00000000|MMI|2.39|>97|C0439082|[qnco]|[">97"-tx-24-"97"-real_number-0]|TX|2568/2|
00000000|MMI|2.39|Attending (action)|C1999232|[ftcn]|["attending"-tx-47-"Attending"-noun-0]|TX|4488/9|
00000000|MMI|2.39|Attending (provider role)|C1547429|[prog]|["Attending"-tx-47-"Attending"-noun-0]|TX|4488/9|
00000000|MMI|2.39|Blood pressure finding|C1271104|[fndg]|["Blood Pressure"-tx-24-"blood pressure"-noun-0]|TX|2608/14|
00000000|MMI|2.39|CDISC SDTM Procedure Terminology|C3539779|[inpr]|["Procedure"-tx-31-"procedure"-noun-0]|TX|3174/9|
00000000|MMI|2.39|Gender Status - Intact|C1554187|[fndg]|["Intact"-tx-29-"intact"-adj-0]|TX|2893/6|
00000000|MMI|2.39|Gram per Deciliter|C0439267|[qnco]|["g%"-tx-47-"G"-noun-0]|TX|4507/1|
00000000|MMI|2.39|Html Link Type - index|C1552854|[idcn]|["index"-tx-49-"Index"-noun-0]|TX|4551/5|
00000000|MMI|2.39|Index|C0918012|[inpr]|["Index"-tx-49-"Index"-noun-0]|TX|4551/5|
00000000|MMI|2.39|Injury wounds|C0043250|[inpo]|["WOUND"-tx-39-"wound"-noun-1]|TX|3959/5|
00000000|MMI|2.39|Intact|C0205266|[qlco]|["Intact"-tx-29-"intact"-adj-0]|TX|2893/6|
00000000|MMI|2.39|Interventional procedure|C0184661|[topp]|["Procedure"-tx-31-"procedure"-noun-0]|TX|3174/9|
00000000|MMI|2.39|Linear|C0205132|[spco]|["lines"-tx-33-"lines"-noun-0]|TX|3341/5|
00000000|MMI|2.39|M NOS ANTIBODY|C0369637|[aapp,imft]|["M NOS"-tx-45-"M"-noun-0]|TX|4463/1|
00000000|MMI|2.39|M+ (tumor staging)|C0441923|[inpr]|["M+"-tx-45-"M"-noun-0]|TX|4463/1|
00000000|MMI|2.39|Minute (diminutive)|C1282918|[qnco]|["minutes"-tx-6-"minutes"-noun-0]|TX|758/7|
00000000|MMI|2.39|Minute Unit of Plane Angle|C2347166|[qnco]|["Minute"-tx-6-"minutes"-noun-0]|TX|758/7|
00000000|MMI|2.39|Minute of time|C0439232|[tmco]|["minutes"-tx-6-"minutes"-noun-0]|TX|758/7|
00000000|MMI|2.39|Per Minute|C0702093|[tmco]|["/minute"-tx-6-"minutes"-noun-0]|TX|758/7|
00000000|MMI|2.39|Physical Medical Procedure|C3274430|[hlca]|["PROCEDURE"-tx-31-"procedure"-noun-0]|TX|3174/9|
00000000|MMI|2.39|Pressure (finding)|C0460139|[fndg]|["pressures"-tx-11-"pressures"-noun-0]|TX|1182/9|
00000000|MMI|2.39|Procedure (set of actions)|C2700391|[acty]|["Procedure"-tx-31-"procedure"-noun-0]|TX|3174/9|
00000000|MMI|2.39|Procedure Domain|C3538935|[inpr]|["Procedure"-tx-31-"procedure"-noun-0]|TX|3174/9|
00000000|MMI|2.39|Rate|C1521828|[qnco]|["Rate"-tx-25-"rate"-noun-0]|TX|2693/4|
00000000|MMI|2.39|Rating (action)|C0871208|[acty]|["Rate"-tx-25-"rate"-noun-0]|TX|2693/4|
00000000|MMI|2.39|S1|C3715215|[fndg]|["S1"-tx-25-"S1"-noun-0]|TX|2718/2|
00000000|MMI|2.39|Surgical and medical procedures|C1948041|[topp]|["Procedure"-tx-31-"procedure"-noun-0]|TX|3174/9|
00000000|MMI|2.39|Testicular Cancer Serum Markers Test Result S1|C3814877|[lbtr]|["S1"-tx-25-"S1"-noun-0]|TX|2718/2|
00000000|MMI|2.39|Traumatic injury|C3263723|[inpo]|["Wound"-tx-39-"wound"-noun-1]|TX|3959/5|
00000000|MMI|2.39|seconds|C0457385|[tmco]|["seconds"-tx-6-"seconds"-noun-0]|TX|773/7|
00000000|MMI|2.39|Medication.discharge|C0806915|[fndg]|["Discharge medications"-tx-42-"MEDICATIONS DISCHARGE"-noun-0]|TX|4111/11,4126/9|
00000000|MMI|2.37|Bowel sounds|C0232693|[fndg]|["Bowel sounds"-tx-28-"bowel sounds"-noun-0]|TX|2852/12|
00000000|MMI|2.37|Report status|C0586177|[fndg]|["Report status"-tx-1-"Report Status"-noun-0]|TX|126/13|
00000000|MMI|2.37|Smoking History|C1519384|[fndg]|["Smoking History"-tx-21-"smoking history"-noun-0]|TX|2368/15|
00000000|MMI|2.36|Cleared by|C0521097|[ftcn]|["cleared"-tx-39-"cleared"-verb-0]|TX|3969/7|
00000000|MMI|2.36|ST segment depression (finding)|C0520887|[fndg]|["ST DEPRESSION"-tx-6-"ST depression"-noun-0]|TX|730/13|
00000000|MMI|2.36|dictated - DocumentCompletion|C1609990|[idcn]|["Dictated"-tx-45-"Dictated"-verb-0]|TX|4443/8|
00000000|MMI|2.36|dictated - ParticipationMode|C1548384|[ftcn]|["dictated"-tx-45-"Dictated"-verb-0]|TX|4443/8|
00000000|MMI|2.36|Admission date:Time Stamp -- Date and Time:Point in time:^Patient:Quantitative|C2598112|[clna]|["Admission date"-tx-1-"Admission Date"-noun-0]|TX|101/14|
00000000|MMI|2.36|Date of admission|C1302393|[tmco]|["Admission date"-tx-1-"Admission Date"-noun-0]|TX|101/14|
00000000|MMI|2.36|Descending|C0205386|[qlco]|["Descending"-tx-8-"descending"-noun-0]|TX|948/10|
00000000|MMI|2.36|Sequencing - Descending|C1547177|[ftcn]|["Descending"-tx-8-"descending"-noun-0]|TX|948/10|
00000000|MMI|2.35|Cardiac intensive care unit|C0587446|[hcro,mnob]|["Cardiac intensive care unit"-tx-31-"Cardiac Intensive Care Unit"-noun-0]|TX|3222/7,3238/19|
00000000|MMI|2.35|Exercise-induced angina|C0577698|[sosy]|["Exertion angina"-tx-5-"angina exertion"-noun-0]|TX|619/6,641/8|
00000000|MMI|2.35|Septal Myocardial Infarction-ECG finding|C2348362|[fndg]|["SEPTAL MYOCARDIAL INFARCTION"-tx-4-"septal myocardial infarction"-noun-0]|TX|475/28|
00000000|MMI|2.35|Septal myocardial infarction|C0746727|[dsyn]|["Septal myocardial infarction"-tx-4-"septal myocardial infarction"-noun-0]|TX|475/28|
00000000|MMI|2.35|Batch (Response Modality)|C1550176|[inpr]|["Batch"-tx-49-"Batch"-noun-0]|TX|4539/5|
00000000|MMI|2.35|Batch (group)|C1948031|[qnco]|["Batch"-tx-49-"Batch"-noun-0]|TX|4539/5|
00000000|MMI|2.35|Batch Number|C3641829|[inpr]|["BATCH"-tx-49-"Batch"-noun-0]|TX|4539/5|
00000000|MMI|2.35|Defect|C1457869|[ftcn]|["Defect"-tx-7-"defect"-noun-0]|TX|850/6|
00000000|MMI|2.35|Diagnosis|C0011900|[fndg]|["DIAGNOSIS"-tx-1-"DIAGNOSIS"-noun-0]|TX|175/9|E01
00000000|MMI|2.35|Diagnosis Study|C1704656|[resa]|["DIAGNOSIS"-tx-1-"DIAGNOSIS"-noun-0]|TX|175/9|
00000000|MMI|2.35|Saturated|C0522534|[phpr]|["Saturation"-tx-24-"saturation"-noun-0]|TX|2645/10|
00000000|MMI|2.34|10 days|C1547061|[tmco]|["10 days"-tx-19-"10 days"-noun-0]|TX|2156/7|
00000000|MMI|2.34|Clinical Study Follow-up|C3274571|[hlca]|["FOLLOW-UP"-tx-43-"FOLLOW-UP"-adj-0]|TX|4357/9|
00000000|MMI|2.34|Follow-Up Report|C1704685|[inpr]|["Follow-Up"-tx-43-"FOLLOW-UP"-adj-0]|TX|4357/9|
00000000|MMI|2.34|Follow-up status|C0589120|[fndg]|["Follow-up"-tx-43-"FOLLOW-UP"-adj-0]|TX|4357/9|
00000000|MMI|2.34|Patient location type - Operating Room|C1578465|[spco]|["Operating Room"-tx-30-"operating room"-noun-0]|TX|3057/14|
00000000|MMI|2.34|follow-up|C1522577|[hlca]|["Follow Up"-tx-43-"FOLLOW-UP"-adj-0]|TX|4357/9|
00000000|MMI|2.34|Unit|C0439148|[qnco]|["UNITS"-tx-19-"units"-noun-0]|TX|2257/5|
00000000|MMI|2.34|Unit - NCI Thesaurus Property|C3853603|[ftcn]|["Units"-tx-19-"units"-noun-0]|TX|2257/5|
00000000|MMI|2.34|Unit of Measure|C1519795|[qnco]|["Units"-tx-19-"units"-noun-0]|TX|2257/5|
00000000|MMI|2.34|thallium stress test|C1455714|[diap]|["Thallium Exercise stress test"-tx-6-"exercise stress thallium test"-noun-0]|TX|671/29|
00000000|MMI|2.34|Dosage|C0178602|[qnco]|["DOSE"-tx-42-"dose"-noun-0]|TX|4333/4|
00000000|MMI|2.34|Dose number:Number:Point in time:^Patient:Quantitative|C1114758|[clna]|["Dose #"-tx-42-"dose"-noun-0]|TX|4333/4|
00000000|MMI|2.34|Unit dose|C0869039|[qnco]|["Dose"-tx-42-"dose"-noun-0]|TX|4333/4|
00000000|MMI|2.33|Patient need for (contextual qualifier)|C0686904|[ftcn]|["needed"-tx-42-"needed"-adj-0]|TX|4155/6|
00000000|MMI|2.33|Pyrexia of unknown origin (excl puerperal)|C0856281|[sosy]|["puo"-tx-1-"PUO"-noun-0]|TX|12/3|
00000000|MMI|2.33|Clear|C2963144|[qlco]|["Clear"-tx-27-"clear"-adj-0]|TX|2792/5|
00000000|MMI|2.33|Control function|C2587213|[ftcn]|["Controlled"-tx-15-"controlled"-verb-0]|TX|1681/10|
00000000|MMI|2.33|Disease Controlled|C2911690|[fndg]|["Controlled"-tx-15-"controlled"-verb-0]|TX|1681/10|
00000000|MMI|2.33|Empty (qualifier)|C1880497|[qlco]|["Free"-tx-39-"free"-adj-0]|TX|3988/4|
00000000|MMI|2.33|Fracture of patella|C0159849|[inpo]|["PATELLAR FRACTURE"-tx-17-"patellar fracture"-noun-0]|TX|1843/17|
00000000|MMI|2.33|Free (available (qualifier))|C1996904|[qlco]|["Free"-tx-39-"free"-adj-0]|TX|3988/4|
00000000|MMI|2.33|Free of (attribute)|C0332296|[ftcn]|["free"-tx-39-"free"-adj-0]|TX|3988/4|
00000000|MMI|2.33|Negative Surgical Margin|C1709157|[fndg]|["Clear"-tx-27-"clear"-adj-0]|TX|2792/5|
00000000|MMI|2.33|Drainage amount|C1545481|[clna]|["Drainage amount"-tx-35-"amount drainage"-noun-0]|TX|3648/6,3674/8|
00000000|MMI|2.32|1 Week|C1442452|[tmco]|["1 Week"-tx-43-"1 weeks"-noun-0]|TX|4392/1,4399/5|
00000000|MMI|2.32|Administration occupational activities|C0001554|[ocac]|["Management"-tx-5-"management"-noun-0]|TX|546/10|
00000000|MMI|2.32|Cardiology service|C3887620|[hcro]|["Cardiology service"-tx-32-"Cardiology Service"-noun-0]|TX|3292/18|
00000000|MMI|2.32|Cardiology service (procedure)|C0587571|[hlca]|["Cardiology service"-tx-32-"Cardiology Service"-noun-0]|TX|3292/18|
00000000|MMI|2.32|Discipline of Heart Surgery|C0524727|[bmod]|["Cardiac surgery"-tx-34-"Cardiac Surgery"-noun-0]|TX|3477/15|
00000000|MMI|2.32|Entire right knee|C1279571|[bpoc]|["Right knee"-tx-17-"right knee"-noun-0]|TX|1802/10|
00000000|MMI|2.32|Event Seriousness - Significant|C1546944|[qlco]|["Significant"-tx-20-"significant"-adj-0]|TX|2297/11|
00000000|MMI|2.32|Followed by|C0332283|[tmco]|["Followed by"-tx-32-"followed by"-verb-0]|TX|3276/11|
00000000|MMI|2.32|Management Occupations|C3273539|[ocdi]|["Management"-tx-5-"management"-noun-0]|TX|546/10|
00000000|MMI|2.32|Management procedure|C1273870|[ocac]|["Management"-tx-5-"management"-noun-0]|TX|546/10|
00000000|MMI|2.32|Medical|C0205476|[ftcn]|["Medical"-tx-5-"medical"-noun-0]|TX|538/7|
00000000|MMI|2.32|Medical service|C0199168|[hlca]|["Medical"-tx-5-"medical"-noun-0]|TX|538/7|
00000000|MMI|2.32|Present|C0150312|[qnco]|["Present"-tx-12-"presents"-verb-0]|TX|1280/8|
00000000|MMI|2.32|Presentation|C0449450|[idcn]|["Present"-tx-12-"presents"-verb-0]|TX|1280/8|
00000000|MMI|2.32|Significant|C0750502|[idcn]|["Significant"-tx-20-"significant"-adj-0]|TX|2297/11|
00000000|MMI|2.32|Statistical Significance|C0237881|[qnco]|["significant"-tx-20-"significant"-adj-0]|TX|2297/11|
00000000|MMI|2.32|Structure of right knee|C0230431|[bpoc]|["Right knee"-tx-17-"right knee"-noun-0]|TX|1802/10|
00000000|MMI|2.31|Surgery 3|C3842534|[fndg]|["Surgery 3"-tx-17-"surgery 3"-noun-0]|TX|1813/7,1827/1|
00000000|MMI|2.31|Hemorrhagic infarct|C0333549|[patf]|["Hemorrhagic infarct"-tx-14-"hemorrhagic infarct"-noun-1]|TX|1572/19|
00000000|MMI|2.31|80%|C3842583|[fndg]|["80%"-tx-8-"80"-percentage-0]|TX|916/2|
00000000|MMI|2.31|Akinetic|C0233568|[ftcn]|["Akinetic"-tx-9-"akinetic"-adj-0]|TX|1111/8|
00000000|MMI|2.31|Course|C0750729|[tmco]|["Course"-tx-36-"course"-noun-0]|TX|3740/6|
00000000|MMI|2.31|Does pull|C0580846|[fndg]|["pulled"-tx-33-"pulled"-verb-0]|TX|3362/6|
00000000|MMI|2.31|Home environment|C0442519|[cnce]|["HOME"-tx-38-"home"-noun-0]|TX|3859/4|
00000000|MMI|2.31|Taken|C1883727|[cnce]|["Taken"-tx-30-"taken"-verb-0]|TX|3044/5|
00000000|MMI|2.31|Ambulate|C4036205|[fndg]|["Ambulate"-tx-38-"ambulating"-noun-1]|TX|3913/10|
00000000|MMI|2.31|Aspect (characteristic)|C1879746|[qlco]|["Aspect"-tx-7-"aspect"-noun-0]|TX|796/6|
00000000|MMI|2.31|Aspect - Kind of quantity|C1547011|[qnco]|["Aspect"-tx-7-"aspect"-noun-0]|TX|796/6|
00000000|MMI|2.31|Concept History|C1705255|[cnce]|["History"-tx-13-"history"-noun-0]|TX|1361/7|
00000000|MMI|2.31|History of previous events|C2004062|[fndg]|["History"-tx-13-"history"-noun-1]|TX|1361/7|
00000000|MMI|2.30|mmHg|C0439475|[qnco]|["mmHG"-tx-11-"mm/HG"-noun-0]|TX|1256/5|
00000000|MMI|2.30|Septal|C0442004|[spco]|["Septal"-tx-4-"septal"-noun-0]|TX|475/6|
00000000|MMI|2.30|% of total|C0439175|[qnco]|["% total"-tx-37-"total"-noun-0]|TX|3793/5|
00000000|MMI|2.30|Allopathic & Osteopathic Physicians - Surgery|C3853799|[prog]|["Surgery"-tx-31-"Surgery"-noun-0]|TX|3230/7|
00000000|MMI|2.30|Floor (anatomic)|C3714591|[anst]|["Floor"-tx-34-"Floor"-noun-0]|TX|3493/5|
00000000|MMI|2.30|Floor - story of building|C1547707|[geoa]|["Floor"-tx-34-"Floor"-noun-0]|TX|3493/5|
00000000|MMI|2.30|IDDM14 gene|C1415862|[gngm]|["insulin-dependent diabetes mellitus 14"-tx-14-"insulin-dependent diabetes mellitus 14"-noun-0]|TX|1459/35,1501/2|
00000000|MMI|2.30|Increment|C1705117|[qnco]|["Step"-tx-34-"Step"-adj-0]|TX|3467/4|
00000000|MMI|2.30|Recovering from|C0521108|[qlco]|["recovered"-tx-31-"recovered"-verb-0]|TX|3205/9|
00000000|MMI|2.30|Routine|C0205547|[qlco]|["Routine"-tx-32-"routine"-adj-0]|TX|3317/7|
00000000|MMI|2.30|Stair (equipment)|C2825408|[mnob]|["Step"-tx-34-"Step"-adj-0]|TX|3467/4|
00000000|MMI|2.30|Step (specific stage)|C1261552|[cnce]|["Step"-tx-34-"Step"-adj-0]|TX|3467/4|
00000000|MMI|2.30|Step Unit of Distance|C3814463|[qnco]|["{Step}"-tx-34-"Step"-adj-0]|TX|3467/4|
00000000|MMI|2.30|Surgery specialty|C0038894|[bmod]|["Surgery"-tx-31-"Surgery"-noun-0]|TX|3230/7|
00000000|MMI|2.30|Surgical transfer - action|C0348011|[ftcn]|["transferred"-tx-34-"transferred"-verb-0]|TX|3448/11|
00000000|MMI|2.30|Total|C0439810|[qlco]|["Total"-tx-37-"total"-noun-0]|TX|3793/5|
00000000|MMI|2.30|Transfer Technique|C1705822|[ftcn]|["Transferred"-tx-34-"transferred"-verb-0]|TX|3448/11|
00000000|MMI|2.30|Treatment Step|C1704379|[ftcn]|["Step"-tx-34-"Step"-adj-0]|TX|3467/4|
00000000|MMI|2.30|floor (object)|C0016249|[mnob]|["Floor"-tx-34-"Floor"-noun-0]|TX|3493/5|
00000000|MMI|2.30|20%|C3842589|[fndg]|["20%"-tx-11-"20"-fraction-0]|TX|1200/2|
00000000|MMI|2.30|Population Mean|C2347634|[qnco]|["Mean"-tx-11-"mean"-noun-0]|TX|1210/4|
00000000|MMI|2.30|Sample Mean|C2348143|[qnco]|["Mean"-tx-11-"mean"-noun-0]|TX|1210/4|
00000000|MMI|2.30|Statistical mean|C0444504|[qnco]|["Mean"-tx-11-"mean"-noun-0]|TX|1210/4|
00000000|MMI|2.29|Left anterior|C0441998|[spco]|["Left anterior"-tx-8-"left anterior"-adj-0]|TX|934/13|
00000000|MMI|2.27|Appropriate|C1548787|[qlco]|["Appropriate"-tx-33-"appropriate"-adj-0]|TX|3397/11|
00000000|MMI|2.27|Gait normal|C0231683|[fndg]|["Normal"-tx-25-"normal"-adj-0]|TX|2711/6|
00000000|MMI|2.27|Mean Percent of Normal|C2347086|[qnco]|["% Normal"-tx-25-"normal"-adj-0]|TX|2711/6|
00000000|MMI|2.27|Normal|C0205307|[qlco]|["NORMAL"-tx-25-"normal"-adj-0]|TX|2711/6|
00000000|MMI|2.27|Pairing Events Domain|C3541314|[inpr]|["PA"-tx-11-"PA"-noun-0]|TX|1179/2|
00000000|MMI|2.27|Percent normal|C0439166|[qnco]|["% normal"-tx-25-"normal"-adj-0]|TX|2711/6|
00000000|MMI|2.27|Regular|C0205272|[qlco]|["Regular"-tx-25-"regular"-adj-0]|TX|2685/7|
00000000|MMI|2.27|Room air|C3846005|[fndg]|["Room air"-tx-24-"room air"-noun-0]|TX|2636/8|
00000000|MMI|2.27|Lanugo (invertebrate)|C2626739|[euka]|["Lanugo"-tx-34-"Down"-adj-0]|TX|3472/4|
00000000|MMI|2.26|6/3|C1630409|[fndg]|["6/3"-tx-1-"6/3"-fraction-0]|TX|117/3|
00000000|MMI|2.26|Pack years|C1277691|[inpr]|["Pack Year"-tx-21-"pack-year"-noun-0]|TX|2358/9|
00000000|MMI|2.26|Electrocardiogram: myocardial infarction (finding)|C0428953|[lbtr]|["MYOCARDIAL INFARCTION"-tx-20-"myocardial infarction"-noun-0]|TX|2313/21|
00000000|MMI|2.26|Myocardial Infarction ECG Assessment|C3810814|[diap]|["Myocardial Infarction"-tx-20-"myocardial infarction"-noun-0]|TX|2313/21|
00000000|MMI|2.26|Myocardial infarction:Finding:Point in time:^Patient:Ordinal|C2926063|[clna]|["Myocardial infarction"-tx-20-"myocardial infarction"-noun-0]|TX|2313/21|
00000000|MMI|2.26|Paroxysmal nocturnal dyspnea|C1956415|[dsyn]|["Paroxysmal nocturnal dyspnoea"-tx-13-"paroxysmal nocturnal dyspnea"-noun-1]|TX|1372/28|
00000000|MMI|2.26|Body Site Modifier - Lower|C1548802|[blor]|["Lower"-tx-35-"lower"-adj-0]|TX|3616/5|
00000000|MMI|2.26|Discharge summarization note:Finding:Point in time:{Setting}:Document:{Provider}|C0801840|[clna]|["Discharge summary"-tx-1-"Discharge Summary"-noun-0]|TX|64/17|
00000000|MMI|2.26|Discharge summary|C0743221|[inpr]|["Discharge summary"-tx-1-"Discharge Summary"-noun-0]|TX|64/17|
00000000|MMI|2.26|Lower (action)|C2003888|[acty]|["Lower"-tx-35-"lower"-adj-0]|TX|3616/5|
00000000|MMI|2.26|Lower - spatial qualifier|C0441994|[spco]|["LOWER"-tx-35-"lower"-adj-0]|TX|3616/5|
00000000|MMI|2.25|Right coronary artery structure|C1261316|[bpoc]|["Right Coronary Artery"-tx-8-"right coronary artery"-noun-0]|TX|1048/21|
00000000|MMI|2.25|Apical|C0205111|[spco]|["APICAL"-tx-7-"apical"-adj-0]|TX|822/6|
00000000|MMI|2.25|Inferior|C0542339|[spco]|["INFERIOR"-tx-7-"inferior"-adj-0]|TX|829/8|
00000000|MMI|2.25|Physiological reperfusion|C0684253|[biof]|["reperfusion"-tx-7-"reperfusion"-noun-0]|TX|838/11|
00000000|MMI|2.25|inferiority|C0678975|[socb]|["inferior"-tx-7-"inferior"-adj-0]|TX|829/8|
00000000|MMI|2.25|Before|C0332152|[tmco]|["Prior to"-tx-19-"prior to"-prep-0]|TX|2164/8|
00000000|MMI|2.25|90%|C3842582|[fndg]|["90%"-tx-21-"90"-integer-0]|TX|2355/2|
00000000|MMI|2.25|<90|C0439087|[qnco]|["<90"-tx-21-"90"-integer-0]|TX|2355/2|
00000000|MMI|2.25|>90|C0439083|[qnco]|[">90"-tx-21-"90"-integer-0]|TX|2355/2|
00000000|MMI|2.25|Positive|C1446409|[qlco]|["Positive"-tx-28-"positive"-adj-0]|TX|2843/8|
00000000|MMI|2.25|Positive Charge|C2825490|[qlco]|["Positive"-tx-28-"positive"-adj-0]|TX|2843/8|
00000000|MMI|2.25|Positive Finding|C1514241|[fndg]|["POSITIVE"-tx-28-"positive"-adj-0]|TX|2843/8|
00000000|MMI|2.25|Positive Number|C3812269|[cnce]|["Positive"-tx-28-"positive"-adj-0]|TX|2843/8|
00000000|MMI|2.25|SHORT STATURE, ONYCHODYSPLASIA, FACIAL DYSMORPHISM, AND HYPOTRICHOSIS SYNDROME|C3542022|[dsyn]|["SOFT"-tx-28-"soft"-adj-0]|TX|2836/4|
00000000|MMI|2.25|Soft|C0205358|[qlco]|["Soft"-tx-28-"soft"-adj-0]|TX|2836/4|
00000000|MMI|2.25|percent positive cells|C0439178|[qnco]|["% Positive"-tx-28-"positive"-adj-0]|TX|2843/8|
00000000|MMI|2.24|Diagnostic interview schedule|C0451119|[inpr]|["DIS"-tx-1-"DIS"-noun-0]|TX|95/3|
00000000|MMI|2.24|Preoperative|C0445204|[tmco]|["Preoperative"-tx-42-"preoperative"-adj-0]|TX|4320/12|
00000000|MMI|2.24|Cardizem CD|C0719166|[orch,phsu]|["Cardizem CD"-tx-19-"Cardizem-CD"-noun-0]|TX|1967/11|
00000000|MMI|2.24|Has difficulty doing (qualifier value)|C1299586|[fndg]|["Difficulty"-tx-38-"difficulty"-noun-0]|TX|3932/10|
00000000|MMI|2.23|Decreased|C0205216|[qnco]|["Decreased"-tx-5-"decreased"-adj-0]|TX|631/9|
00000000|MMI|2.23|Decreasing|C0442797|[qlco]|["decreased"-tx-5-"decreased"-adj-0]|TX|631/9|
00000000|MMI|2.23|Reduced|C0392756|[qlco]|["Decreased"-tx-5-"decreased"-adj-0]|TX|631/9|
00000000|MMI|2.23|Vanadium 5+|C2349105|[elii]|["V5+"-tx-6-"V5"-noun-0]|TX|747/2|
00000000|MMI|2.23|week|C0439230|[tmco]|["WEEKS"-tx-44-"weeks"-noun-0]|TX|4435/5|
00000000|MMI|2.23|Impaired cognition|C0338656|[mobd]|["Cognitive defects"-tx-14-"cognitive defects"-noun-1]|TX|1604/9,1623/7|
00000000|MMI|2.23|50%|C3842586|[fndg]|["50%"-tx-8-"50"-percentage-0]|TX|998/2|
00000000|MMI|2.23|<50|C3843766|[fndg]|["<50"-tx-8-"50"-percentage-0]|TX|998/2|
00000000|MMI|2.23|Area|C0205146|[spco]|["areas"-tx-9-"areas"-noun-0]|TX|1125/5|
00000000|MMI|2.23|Cardiologist|C0175906|[prog]|["Cardiologist"-tx-43-"cardiologist"-noun-0]|TX|4376/12|
00000000|MMI|2.23|Circumflex|C1880089|[spco]|["Circumflex"-tx-8-"circumflex"-noun-0]|TX|1016/10|
00000000|MMI|2.23|February|C3830166|[qlco]|["February"-tx-38-"February"-noun-0]|TX|3872/8|
00000000|MMI|2.22|Diagonal|C0443198|[spco]|["Diagonal"-tx-8-"diagonal"-adj-0]|TX|985/8|
00000000|MMI|2.22|First (number)|C0205435|[qnco]|["First"-tx-8-"first"-adj-0]|TX|979/5|
00000000|MMI|2.22|Firstly|C1279901|[qlco]|["First"-tx-8-"first"-adj-0]|TX|979/5|
00000000|MMI|2.22|Laboratory Procedures|C0022885|[lbpr]|["Test"-tx-7-"test"-noun-0]|TX|810/4|
00000000|MMI|2.22|Serosanguineous|C0439684|[qlco]|["Serosanguinous"-tx-35-"serosanguineous"-adj-0]|TX|3658/15|
00000000|MMI|2.22|Test Result|C0456984|[fndg]|["Test"-tx-7-"test"-noun-0]|TX|810/4|
00000000|MMI|2.22|Testing|C0039593|[ftcn]|["Test"-tx-7-"test"-noun-0]|TX|810/4|
00000000|MMI|2.22|Tests (qualifier value)|C0392366|[inpr]|["test"-tx-7-"test"-noun-0]|TX|810/4|
00000000|MMI|2.22|Day 5|C3842674|[fndg]|["Day 5"-tx-37-"5 days"-noun-0]|TX|3802/6|
00000000|MMI|2.22|/40|C0439509|[tmco]|["/40"-tx-19-"40"-integer-0]|TX|2022/2|
00000000|MMI|2.22|100%|C3817553|[qnco]|["100%"-tx-8-"100"-percentage-0]|TX|1029/3|
00000000|MMI|2.22|30%|C3842588|[fndg]|["30%"-tx-19-"30"-integer-0]|TX|2199/2|
00000000|MMI|2.22|40%|C3842587|[qnco]|["40%"-tx-19-"40"-integer-0]|TX|2022/2|
00000000|MMI|2.22|Anterior|C0205094|[ftcn]|["ANTERIOR"-tx-4-"anterior"-adj-0]|TX|466/8|
00000000|MMI|2.22|Caucasians|C0043157|[popg]|["WHITE"-tx-23-"white"-adj-0]|TX|2511/5|
00000000|MMI|2.22|Distress|C0231303|[menp]|["Distress"-tx-23-"distress"-noun-1]|TX|2537/8|
00000000|MMI|2.22|Long|C0205166|[qlco]|["Long"-tx-4-"long"-adj-0]|TX|410/4|
00000000|MMI|2.22|Long Variable|C1706317|[qlco]|["Long"-tx-4-"long"-adj-0]|TX|410/4|
00000000|MMI|2.22|Pleasant|C2987187|[menp]|["Pleasant"-tx-23-"pleasant"-adj-1]|TX|2502/8|
00000000|MMI|2.22|White color|C0220938|[qlco]|["WHITE"-tx-23-"white"-adj-0]|TX|2511/5|
00000000|MMI|2.22|apparent|C0750489|[idcn]|["apparent"-tx-23-"apparent"-adj-0]|TX|2528/8|
00000000|MMI|2.22|Old|C0580836|[tmco]|["Old"-tx-3-"old"-noun-0]|TX|359/3|
00000000|MMI|2.22|per year|C0439508|[tmco]|["/Year"-tx-3-"year"-noun-0]|TX|354/4|
00000000|MMI|2.22|3+ Answer to Question|C3838680|[fndg]|["3+"-tx-30-"3"-integer-0]|TX|3095/1|
00000000|MMI|2.22|3+ Score|C2827736|[qnco]|["3+"-tx-30-"3"-integer-0]|TX|3095/1|
00000000|MMI|2.22|3+ Score, WHO|C2981702|[clas]|["3+"-tx-30-"3"-integer-0]|TX|3095/1|
00000000|MMI|2.22|<3 (qualifier value)|C0439086|[qnco]|["<3"-tx-30-"3"-integer-0]|TX|3095/1|
00000000|MMI|2.22|Blood Vessel Tissue|C1511228|[tisu]|["Vessel"-tx-30-"v