00000000|MMI|105.31|Togo|C0040363|[geoa]|["TO"-tx-54-"to"-adv-0,"TO"-tx-53-"to"-adv-0,"TO"-tx-43-"to"-adv-0,"TO"-tx-32-"to"-adv-0,"TO"-tx-7-"to"-adv-0]|TX|[5743/2],[5849/2];5674/2;5278/2;3517/2;721/2|Z01.058.290.190.800
00000000|MMI|105.31|Tryptophanase|C0041260|[aapp,enzy]|["TO"-tx-54-"to"-adv-0,"TO"-tx-53-"to"-adv-0,"TO"-tx-43-"to"-adv-0,"TO"-tx-32-"to"-adv-0,"TO"-tx-7-"to"-adv-0]|TX|[5743/2],[5849/2];5674/2;5278/2;3517/2;721/2|D08.811.520.224.800
00000000|MMI|59.03|Patient Discharge|C0030685|[hlca]|["Discharge"-tx-52-"DISCHARGE"-noun-0,"Discharged"-tx-52-"discharged"-verb-0,"Discharged"-tx-42-"discharged"-verb-0]|TX|5588/9;5615/10;5161/10|E02.204.125;E02.760.400.610;N02.421.192.125;N02.421.585.400.610;N04.590.233.727.210.125
00000000|MMI|58.88|Azithromycin|C0052796|[antb,orch]|["Azythromycin"-tx-40-"Azithromycin"-noun-0,"Azythromycin"-tx-33-"Azithromycin"-noun-0,"Azythromycin"-tx-27-"Azithromycin"-noun-0]|TX|4836/12;3842/12;2929/12|D02.540.576.500.992.050
00000000|MMI|58.81|Temperature|C0039476|[qnco]|["*Temperature"-tx-13-"Temperature"-noun-0,"*Temperature"-tx-10-"temperature"-noun-0,"Temperatures"-tx-7-"temperatures"-noun-0]|TX|1658/11;1315/11;807/12|G01.906.595;G16.500.275.063.725.710;G16.500.750.775.710;N06.230.150.450;N06.230.300.100.725.710
00000000|MMI|58.57|Air Movements|C0001868|[npop]|["Movement, Air"-tx-41-"air movement"-noun-0,"Movement, Air"-tx-40-"air movement"-noun-0,"Movement, Air"-tx-30-"air movements"-noun-0]|TX|5093/12;4924/12;3387/13|G16.500.240.135.249;G16.500.275.063.725.154;N06.230.300.100.150.185
00000000|MMI|57.96|Cefuroxime|C0007562|[antb,orch]|["Cephuroxime"-tx-40-"Cefuroxime"-noun-0,"Cephuroxime"-tx-27-"Cefuroxime"-noun-0]|TX|4821/10;2914/10|D02.065.589.099.249.190.190.165;D02.886.665.074.190.190.165;D04.075.080.875.099.221.249.190.190.165
00000000|MMI|49.28|Sleep Apnea Syndromes|C0037315|[dsyn]|["Sleep apnoea"-tx-26-"sleep apnea"-noun-0,"Sleep apnoea"-tx-6-"sleep apnea"-noun-1,"Sleep apnoea"-tx-5-"SLEEP APNEA"-noun-0]|TX|2770/11;621/11;375/11|C08.618.085.852;C10.886.425.800.750
00000000|MMI|45.22|diagnosis aspect|C1704338|[qlco]|["diagnosis"-tx-6-"diagnosis"-noun-0,"diagnosis"-tx-5-"DIAGNOSIS"-noun-0]|TX|608/9;362/9|x.x.x.x.x.x.x
00000000|MMI|44.16|Time|C0040223|[tmco]|["times"-tx-43-"times"-noun-0,"TIME"-tx-35-"time"-noun-0,"TIME"-tx-34-"time"-noun-0,"TIME"-tx-33-"time"-noun-0,"TIME"-tx-31-"time"-noun-0,"TIME"-tx-30-"time"-noun-0]|TX|5264/5;4048/4;3926/4;3805/4;3439/4;3270/4|G01.910
00000000|MMI|43.79|Patients|C0030705|[podg]|["*^patient"-tx-56-"patient"-noun-0,"*^patient"-tx-53-"patient"-noun-0,"*^patient"-tx-52-"patient"-noun-0,"*^patient"-tx-26-"patient"-noun-0,"*^patient"-tx-6-"patient"-noun-0]|TX|6061/7;5663/7;5603/7;2687/7;421/7|M01.643
00000000|MMI|40.34|Revealed|C0443289|[qlco]|["Revealed"-tx-54-"revealed"-verb-0,"Revealed"-tx-37-"revealed"-verb-0,"Revealed"-tx-25-"revealed"-verb-0,"Revealed"-tx-22-"revealed"-verb-0,"Revealed"-tx-19-"revealed"-verb-0,"Revealed"-tx-17-"revealed"-verb-0,"Revealed"-tx-15-"revealed"-verb-0]|TX|5912/8;4427/8;2558/8;2340/8;2174/8;2039/8;1842/8|
00000000|MMI|40.09|Diabetes Mellitus|C0011849|[dsyn]|["DIABETES MELLITUS"-tx-26-"diabetes mellitus"-noun-0,"non insulin dependent diabetes Mellitus"-tx-6-"non-insulin dependent diabetes mellitus"-noun-0,"non insulin dependent diabetes Mellitus"-tx-4-"NON-INSULIN DEPENDENT DIABETES MELLITUS"-noun-0]|TX|2722/17;553/39;309/39|C18.452.394.750;C19.246
00000000|MMI|40.06|Dyspnea|C0013404|[sosy]|["SHORTNESS OF BREATH"-tx-44-"shortness of breath"-noun-0,"SHORTNESS OF BREATH"-tx-29-"shortness of breath"-noun-0,"SHORTNESS OF BREATH"-tx-9-"shortness of breath"-noun-0]|TX|5372/19;3187/19;1193/19|C08.618.326;C23.888.852.371
00000000|MMI|39.43|Inspiration function|C0004048|[orgf]|["Inspiratory"-tx-30-"inspiratory"-adj-0,"Inspiratory"-tx-16-"inspiratory"-adj-0]|TX|3337/11;1978/11|G09.772.770.755.700.390
00000000|MMI|39.29|Accident and Emergency department|C0562508|[hcro]|["EMERGENCY ROOM"-tx-10-"emergency room"-noun-0,"EMERGENCY ROOM"-tx-9-"emergency room"-noun-0]|TX|1289/14;1265/14|N02.278.216.500.968.336;N02.421.297.195;N04.452.442.422.336
00000000|MMI|38.82|Prednisone|C0032952|[horm,orch,phsu]|["PREDNISONE"-tx-48-"Prednisone"-noun-0,"PREDNISONE"-tx-41-"Prednisone"-noun-0]|TX|5492/10;5025/10|D04.808.745.432.719.702
00000000|MMI|35.81|Diabetes Mellitus, Non-Insulin-Dependent|C0011860|[dsyn]|["Noninsulin dependent diabetes mellitus"-tx-6-"non-insulin dependent diabetes mellitus"-noun-0,"Noninsulin dependent diabetes mellitus"-tx-4-"NON-INSULIN DEPENDENT DIABETES MELLITUS"-noun-0]|TX|553/39;309/39|C18.452.394.750.149;C19.246.300
00000000|MMI|33.22|heart rate|C0018810|[clna]|["Heart Rate"-tx-36-"heart rate"-noun-0,"Heart Rate"-tx-13-"heart rate"-noun-0]|TX|4179/10;1710/10|E01.370.600.875.500;G09.330.380.500
00000000|MMI|33.08|Blood Pressure|C0005823|[orgf]|["BLOOD PRESSURE"-tx-35-"blood pressure"-noun-0,"BLOOD PRESSURE"-tx-13-"blood pressure"-noun-0]|TX|4142/14;1686/14|E01.370.600.875.249;G09.330.380.076
00000000|MMI|33.08|Systemic arterial pressure|C1272641|[fndg]|["Blood pressure"-tx-35-"blood pressure"-noun-1,"Blood pressure"-tx-13-"blood pressure"-noun-0]|TX|4142/14;1686/14|G09.330.380.076.347
00000000|MMI|32.44|Body Temperature|C0005903|[orga]|["temperature"-tx-13-"Temperature"-noun-0,"temperature"-tx-10-"temperature"-noun-0]|TX|1658/11;1315/11|E01.370.600.875.374;G07.110
00000000|MMI|32.38|Albuterol|C0001927|[orch,phsu]|["ALBUTEROL"-tx-44-"Albuterol"-noun-0,"ALBUTEROL"-tx-32-"Albuterol"-noun-0]|TX|5332/9;3596/9|D02.033.100.291.057;D02.092.063.291.057;D02.092.471.683.061
00000000|MMI|30.23|Pneumonia|C0032285|[dsyn]|["PNEUMONIA"-tx-33-"pneumonia"-noun-0,"PNEUMONIA"-tx-8-"pneumonia"-noun-0,"PNEUMONIA"-tx-1-"PNEUMONIA"-noun-0]|TX|3778/9;937/9;65/9|C08.381.677;C08.730.610
00000000|MMI|30.01|Pulmonary Edema|C0034063|[dsyn]|["PULMONARY OEDEMA"-tx-39-"pulmonary edema"-noun-0,"PULMONARY OEDEMA"-tx-35-"pulmonary edema"-noun-1,"PULMONARY OEDEMA"-tx-34-"pulmonary edema"-noun-0]|TX|4611/15;4113/15;3958/15|C08.381.742
00000000|MMI|29.72|Outpatients|C0029921|[podg]|["Outpatient"-tx-55-"outpatient"-noun-0,"Outpatient"-tx-26-"outpatient"-noun-0,"Outpatient"-tx-11-"outpatient"-noun-0]|TX|6031/10;2850/10;1566/10|M01.643.630
00000000|MMI|27.22|Abortion consent:Finding:Point in time:^Patient:Document|C2360836|[clna]|["Patient"-tx-56-"patient"-noun-0,"Patient"-tx-53-"patient"-noun-0,"Patient"-tx-52-"patient"-noun-0,"Patient"-tx-26-"patient"-noun-0,"Patient"-tx-6-"patient"-noun-0]|TX|6061/7;5663/7;5603/7;2687/7;421/7|
00000000|MMI|27.22|Hysterectomy consent:Finding:Point in time:^Patient:Document|C2360838|[clna]|["Patient"-tx-56-"patient"-noun-0,"Patient"-tx-53-"patient"-noun-0,"Patient"-tx-52-"patient"-noun-0,"Patient"-tx-26-"patient"-noun-0,"Patient"-tx-6-"patient"-noun-0]|TX|6061/7;5663/7;5603/7;2687/7;421/7|
00000000|MMI|27.22|Sterilization consent:Finding:Point in time:^Patient:Document|C2360840|[clna]|["Patient"-tx-56-"patient"-noun-0,"Patient"-tx-53-"patient"-noun-0,"Patient"-tx-52-"patient"-noun-0,"Patient"-tx-26-"patient"-noun-0,"Patient"-tx-6-"patient"-noun-0]|TX|6061/7;5663/7;5603/7;2687/7;421/7|
00000000|MMI|27.04|Anthropological Culture|C0010453|[idcn]|["Culture"-tx-28-"cultured"-verb-0,"Culture"-tx-11-"cultured"-verb-0]|TX|3024/8;1404/8|I01.076.201.450;I01.880.853.100
00000000|MMI|26.15|Myocardial Infarction|C0027051|[dsyn]|["Infarction, Myocardial"-tx-37-"myocardial infarction"-noun-1,"Infarction, Myocardial"-tx-6-"myocardial infarction"-noun-0]|TX|4345/21;497/21|C14.280.647.500;C14.907.585.500
00000000|MMI|26.14|Dietary Iron|C0376520|[inch]|["Iron"-tx-54-"iron"-noun-0]|TX|[5888/4],[5924/4]|D01.490.600;D02.691.550.600
00000000|MMI|26.14|Iron|C0302583|[bacs,elii,phsu]|["IRON"-tx-54-"iron"-noun-0]|TX|[5888/4],[5924/4]|D01.268.556.412;D01.268.956.287;D01.552.544.412;x.x.x.x
00000000|MMI|26.06|Conclude Resin|C0917903|[bodm,orch]|["conclude"-tx-37-"concluded"-verb-0]|TX|4301/9|D02.241.081.069.600.150;D02.455.426.559.389.657.100;D05.750.716.822.308.200;D25.339.816.500.200;D25.720.716.822.308.200;J01.637.051.339.816.500.200;J01.637.051.720.716.822.308.200
00000000|MMI|23.77|To|C1883351|[qlco]|["To"-tx-54-"to"-adv-0,"To"-tx-53-"to"-adv-0,"To"-tx-43-"to"-adv-0,"To"-tx-32-"to"-adv-0,"To"-tx-7-"to"-adv-0]|TX|[5743/2],[5849/2];5674/2;5278/2;3517/2;721/2|
00000000|MMI|23.41|day|C0439228|[tmco]|["DAY"-tx-46-"day"-noun-0,"DAY"-tx-37-"day"-noun-0,"DAY"-tx-29-"day"-noun-0,"DAY"-tx-9-"day"-noun-0,"DAYS"-tx-7-"days"-noun-0]|TX|5450/3;4385/3;3146/3;[1024/3],[1163/3];683/4|
00000000|MMI|22.57|White Blood Cell Count procedure|C0023508|[lbpr]|["Blood Cell Count, White"-tx-22-"white blood cell count"-noun-0]|TX|2351/22|E01.370.225.500.195.107.595;E01.370.225.625.107.595;E05.200.500.195.107.595;E05.200.625.107.595;E05.242.195.107.595;G04.170.107.595;G09.188.105.595
00000000|MMI|22.53|Platelet Count measurement|C0032181|[lbpr]|["Platelet Count"-tx-22-"platelet count"-noun-0]|TX|2413/14|E01.370.225.500.195.107.740;E01.370.225.625.107.700;E01.370.225.625.625.625;E05.200.500.195.107.740;E05.200.625.107.700;E05.200.625.625.625;E05.242.195.107.740;G04.170.107.740;G09.188.105.700
00000000|MMI|20.95|Complete Blood Count|C0009555|[lbpr]|["CBC"-tx-22-"CBC"-noun-0]|TX|2336/3|E01.370.225.500.195.107;E01.370.225.625.107;E05.200.500.195.107;E05.200.625.107;E05.242.195.107;G04.170.107;G09.188.105
00000000|MMI|20.28|Lung|C0024109|[bpoc]|["pulmonary"-tx-40-"pulmonary"-adj-0,"LUNG"-tx-30-"lung"-noun-0,"LUNG"-tx-15-"lung"-noun-0]|TX|4945/9;3281/4;1825/4|A04.411
00000000|MMI|19.88|Males|C0086582|[orga]|["MALE"-tx-26-"male"-noun-0,"MALE"-tx-6-"male"-noun-0]|TX|2712/4;446/4|x.x.x
00000000|MMI|19.85|Back|C0004600|[blor]|["BACK"-tx-54-"back"-adj-0,"BACK"-tx-9-"back"-adj-0]|TX|5799/4;1038/4|A01.923.176
00000000|MMI|19.84|Bronchial Spasm|C0006266|[dsyn]|["BRONCHOSPASM"-tx-41-"bronchospasm"-noun-0,"BRONCHOSPASM"-tx-32-"bronchospasm"-noun-0]|TX|5127/12;3523/12|C08.127.321
00000000|MMI|19.80|Time (foundation metadata concept)|C3541383|[tmco]|["Time"-tx-35-"time"-noun-0,"Time"-tx-34-"time"-noun-0,"Time"-tx-33-"time"-noun-0,"Time"-tx-31-"time"-noun-0,"Time"-tx-30-"time"-noun-0]|TX|4048/4;3926/4;3805/4;3439/4;3270/4|
00000000|MMI|19.77|Disease Management|C0376636|[hlca]|["management"-tx-26-"management"-noun-0,"management"-tx-11-"management"-noun-0]|TX|2861/10;1577/10|N04.590.607
00000000|MMI|19.70|Community acquired pneumonia|C0694549|[dsyn]|["Community acquired pneumonia"-tx-39-"community acquired pneumonia"-noun-0,"Community acquired pneumonia"-tx-26-"community acquired pneumonia"-noun-0,"Community acquired pneumonia"-tx-11-"community acquired pneumonia"-noun-0,"Community acquired pneumonia"-tx-2-"COMMUNITY ACQUIRED PNEUMONIA"-noun-0,"Community acquired pneumonia"-tx-1-"COMMUNITY ACQUIRED PNEUMONIA"-noun-0]|TX|4722/28;2806/28;1524/28;237/28;188/28|
00000000|MMI|19.36|Lopressor|C0700776|[orch,phsu]|["Lopressor"-tx-47-"Lopressor"-noun-0]|TX|5460/9|D02.033.100.624.698.573;D02.033.755.624.698.573;D02.092.063.624.698.573
00000000|MMI|19.36|Ciprofloxacin|C0008809|[orch,phsu]|["CIPROFLOXACIN"-tx-8-"Ciprofloxacin"-noun-0]|TX|974/13|D03.438.810.835.322.186
00000000|MMI|19.34|Lasix|C0699992|[orch,phsu]|["Lasix"-tx-32-"Lasix"-noun-0]|TX|3633/5|D02.065.884.725.300;D02.092.146.807.300;D02.886.590.700.725.300
00000000|MMI|19.33|Angina Pectoris|C0002962|[fndg]|["ANGINA"-tx-6-"angina"-noun-1]|TX|544/6|C10.597.617.192.500;C14.280.647.187;C14.907.585.187;C23.888.592.612.233.500
00000000|MMI|19.32|Legionella|C0023237|[bact]|["LEGIONELLA"-tx-33-"Legionella"-noun-0]|TX|3822/10|B03.440.400.425.450.450;B03.660.250.460.460
00000000|MMI|19.23|Timoptic|C0040235|[orch,phsu]|["Timoptic"-tx-49-"Timoptic"-noun-0]|TX|5515/8|D02.033.100.624.915;D02.033.755.624.915;D02.092.063.624.915;D02.886.675.867.768;D03.383.129.708.867.768;D03.383.533.640.775
00000000|MMI|19.22|Biaxin|C0701281|[antb,orch]|["Biaxin"-tx-43-"Biaxin"-noun-0]|TX|5238/6|D02.540.576.500.992.100
00000000|MMI|19.21|Codeine|C0009214|[orch,phsu]|["CODEINE"-tx-9-"Codeine"-noun-0]|TX|1103/7|D03.132.577.249.562.149;D03.549.686.607.204;D03.605.497.607.204;D04.615.723.795.576.149
00000000|MMI|19.12|Daily|C0332173|[tmco]|["/day"-tx-46-"day"-noun-0,"/day"-tx-37-"day"-noun-0,"/day"-tx-29-"day"-noun-0,"/day"-tx-9-"day"-noun-0]|TX|5450/3;4385/3;3146/3;[1024/3],[1163/3]|
00000000|MMI|19.12|per day|C0439505|[tmco]|["/day"-tx-46-"day"-noun-0,"/day"-tx-37-"day"-noun-0,"/day"-tx-29-"day"-noun-0,"/day"-tx-9-"day"-noun-0]|TX|5450/3;4385/3;3146/3;[1024/3],[1163/3]|
00000000|MMI|18.24|Admission activity|C0809949|[hlca]|["Admission"-tx-41-"admission"-noun-0,"Admitted"-tx-26-"admitted"-verb-0,"Admitted"-tx-11-"admitted"-verb-0,"Admission"-tx-8-"admission"-noun-0,"Admission"-tx-7-"admission"-noun-0]|TX|4993/9;2790/8;1508/8;854/9;697/9|
00000000|MMI|18.24|Hospital admission|C0184666|[hlca]|["Admission"-tx-41-"admission"-noun-0,"admitted"-tx-26-"admitted"-verb-0,"admitted"-tx-11-"admitted"-verb-0,"Admission"-tx-8-"admission"-noun-0,"Admission"-tx-7-"admission"-noun-0]|TX|4993/9;2790/8;1508/8;854/9;697/9|
00000000|MMI|17.80|Coronary Arteriosclerosis|C0010054|[dsyn]|["coronary artery disease"-tx-26-"coronary artery disease"-noun-0]|TX|2742/23|C14.280.647.250.260;C14.907.137.126.339;C14.907.585.250.260
00000000|MMI|17.80|Coronary Artery Disease|C1956346|[dsyn]|["CORONARY ARTERY DISEASE"-tx-26-"coronary artery disease"-noun-0]|TX|2742/23|C14.280.647.250.260;C14.907.137.126.339;C14.907.585.250.260
00000000|MMI|17.80|Echocardiography|C0013516|[diap]|["ECHOCARDIOGRAM"-tx-37-"echocardiogram"-noun-0]|TX|4406/14|E01.370.350.130.750;E01.370.350.850.220;E01.370.370.380.220
00000000|MMI|17.80|Electrocardiogram|C0013798|[fndg]|["EKG"-tx-23-"EKG"-noun-0]|TX|2441/3|E01.370.370.380.240;E01.370.405.240
00000000|MMI|17.80|Electrocardiography|C1623258|[diap]|["EKG"-tx-23-"EKG"-noun-0]|TX|2441/3|E01.370.370.380.240;E01.370.405.240
00000000|MMI|17.80|Somalia|C0037640|[geoa]|["SO"-tx-9-"so"-adv-0]|TX|1242/2|Z01.058.290.120.730
00000000|MMI|16.42|Left Ventricular Hypertrophy|C0149721|[dsyn]|["Hypertrophy, Left Ventricular"-tx-38-"left ventricular hypertrophy"-noun-1]|TX|4533/28|C14.280.195.400;C23.300.775.250.400
00000000|MMI|16.30|Erythromycin|C0014806|[antb,orch]|["ERYTHROMYCIN"-tx-8-"Erythromycin"-noun-0]|TX|957/12|D02.540.576.500.992
00000000|MMI|16.17|Hematocrit procedure|C0018935|[lbpr]|["Hematocrit"-tx-22-"hematocrit"-noun-0]|TX|2388/10|E01.370.225.625.400;E05.200.625.400;G09.188.370.374
00000000|MMI|16.07|Cardura|C0678136|[orch,phsu]|["Cardura"-tx-51-"Cardura"-noun-0]|TX|5549/7|D03.438.786.750.200
00000000|MMI|16.07|Iodides|C0021966|[inch]|["I-"-tx-43-"i"-adv-0]|TX|5259/1|D01.248.497.158.490;D01.475.410
00000000|MMI|14.99|Clinical Study Follow-up|C3274571|[hlca]|["FOLLOW-UP"-tx-55-"follow-up"-adj-0,"FOLLOW-UP"-tx-54-"follow-up"-adj-0,"FOLLOW-UP"-tx-53-"FOLLOW-UP"-adj-0,"FOLLOW-UP"-tx-53-"follow-up"-adj-0]|TX|6007/9;5746/9;5648/9;5677/9|
00000000|MMI|14.99|Follow-Up Report|C1704685|[inpr]|["Follow-Up"-tx-55-"follow-up"-adj-0,"Follow-Up"-tx-54-"follow-up"-adj-0,"Follow-Up"-tx-53-"FOLLOW-UP"-adj-0,"Follow-Up"-tx-53-"follow-up"-adj-0]|TX|6007/9;5746/9;5648/9;5677/9|
00000000|MMI|14.99|Follow-up status|C0589120|[fndg]|["Follow-up"-tx-55-"follow-up"-adj-0,"Follow-up"-tx-54-"follow-up"-adj-0,"Follow-up"-tx-53-"FOLLOW-UP"-adj-0,"Follow-up"-tx-53-"follow-up"-adj-0]|TX|6007/9;5746/9;5648/9;5677/9|
00000000|MMI|14.99|follow-up|C1522577|[hlca]|["Follow Up"-tx-55-"follow-up"-adj-0,"Follow Up"-tx-54-"follow-up"-adj-0,"Follow Up"-tx-53-"FOLLOW-UP"-adj-0,"Follow Up"-tx-53-"follow-up"-adj-0]|TX|6007/9;5746/9;5648/9;5677/9|
00000000|MMI|14.74|Primary Care Provider - Provider role|C1547431|[idcn]|["Primary Care Provider"-tx-55-"primary care provider"-noun-0,"Primary Care Provider"-tx-53-"primary care provider"-noun-0,"Primary Care Provider"-tx-9-"primary care provider"-noun-0,"Primary Healthcare Provider"-tx-8-"primary healthcare provider"-noun-0]|TX|5959/21;5696/21;1050/21;881/27|
00000000|MMI|14.74|Primary care provider|C2735026|[prog]|["Primary care provider"-tx-55-"primary care provider"-noun-0,"Primary care provider"-tx-53-"primary care provider"-noun-0,"Primary care provider"-tx-9-"primary care provider"-noun-0,"Primary Healthcare provider"-tx-8-"primary healthcare provider"-noun-0]|TX|5959/21;5696/21;1050/21;881/27|
00000000|MMI|14.74|Primary care provider:Identifier:Point in time:Provider:Nominal|C2735025|[clna]|["Primary care provider"-tx-55-"primary care provider"-noun-0,"Primary care provider"-tx-53-"primary care provider"-noun-0,"Primary care provider"-tx-9-"primary care provider"-noun-0,"Primary Healthcare provider"-tx-8-"primary healthcare provider"-noun-0]|TX|5959/21;5696/21;1050/21;881/27|
00000000|MMI|14.64|Coronary heart disease|C0010068|[dsyn]|["Coronary (artery) disease"-tx-26-"coronary artery disease"-noun-0]|TX|2742/23|C14.280.647.250;C14.907.585.250
00000000|MMI|14.64|Iron-Refractory Iron Deficiency Anemia|C0085576|[dsyn]|["Microcytic anaemia"-tx-54-"microcytic anemia"-noun-0]|TX|5859/17|x.x.x.x
00000000|MMI|14.64|Neurologic Examination|C0027853|[diap]|["Neurological Examination"-tx-20-"neurological examination"-noun-0]|TX|2198/24|E01.370.376.550;E01.370.600.550
00000000|MMI|14.64|Panama|C0030266|[geoa]|["PM"-tx-50-"PM"-adj-0]|TX|5541/2|Z01.107.169.772
00000000|MMI|14.64|Vital signs|C0518766|[clna]|["Signs, Vital"-tx-13-"Vital signs"-noun-0]|TX|1645/11|E01.370.600.875
00000000|MMI|14.42|Academic degree|C0542560|[inpr]|["Degree"-tx-41-"degree"-noun-0,"degrees"-tx-13-"degrees"-noun-0,"degrees"-tx-10-"degrees"-noun-0,"degrees"-tx-7-"degrees"-noun-0]|TX|5117/6;1676/7;1334/7;827/7|
00000000|MMI|14.42|Degree or extent|C0449286|[qnco]|["Degree"-tx-41-"degree"-noun-0,"degrees"-tx-13-"degrees"-noun-0,"degrees"-tx-10-"degrees"-noun-0,"degrees"-tx-7-"degrees"-noun-0]|TX|5117/6;1676/7;1334/7;827/7|
00000000|MMI|13.50|Nebulizers|C0027524|[medd]|["Nebuliser"-tx-33-"nebulizer"-noun-0,"Nebulizers"-tx-32-"nebulizers"-noun-0]|TX|3885/9;3606/10|E07.605
00000000|MMI|13.05|Awareness|C0004448|[menp]|["Aware"-tx-55-"aware"-adj-0]|TX|5984/5|F02.463.188.150
00000000|MMI|13.05|BaseLine dental cement|C0168634|[bodm]|["baseline"-tx-35-"baseline"-noun-0]|TX|4164/8|x.x.x.x
00000000|MMI|13.03|Coughing|C0010200|[sosy]|["COUGH"-tx-9-"cough"-noun-0]|TX|1086/5|C08.618.248;C23.888.852.293
00000000|MMI|13.03|Hypoxia|C0242184|[patf]|["HYPOXIA"-tx-39-"hypoxia"-noun-0]|TX|4664/7|C23.888.852.079
00000000|MMI|13.02|Aggressive behavior|C0001807|[mobd]|["aggressive"-tx-33-"aggressive"-adj-0]|TX|3874/10|F01.145.126.125;F01.145.813.045
00000000|MMI|13.02|Rest|C0035253|[dora]|["Rest"-tx-31-"rest"-noun-0]|TX|3407/4|I03.450.769.647
00000000|MMI|12.91|Mongolia|C0026410|[geoa]|["MG"-tx-43-"mg"-noun-0]|TX|5249/2|Z01.252.474.651
00000000|MMI|12.90|Hospitalization|C0019993|[hlca]|["hospitalisation"-tx-54-"hospitalization"-noun-0]|TX|5816/15|E02.760.400;N02.421.585.400
00000000|MMI|12.89|Fever|C0015967|[fndg]|["Fevers"-tx-40-"fevers"-noun-0]|TX|4880/6|C23.888.119.344
00000000|MMI|11.49|Cell Respiration|C0282636|[celf]|["oxygenation"-tx-32-"oxygenation"-noun-0]|TX|3652/11|G03.495.278;G04.299.305
00000000|MMI|11.49|Chills|C0085593|[sosy]|["CHILLS"-tx-9-"chills"-noun-0]|TX|1215/6|C23.888.208
00000000|MMI|11.49|Edema|C0013604|[fndg]|["OEDEMA"-tx-19-"edema"-noun-1]|TX|2186/5|C23.888.277
00000000|MMI|11.49|Heart murmur|C0018808|[fndg]|["murmurs"-tx-17-"murmurs"-noun-1]|TX|2091/7|C23.888.447
00000000|MMI|11.49|Laboratory|C0022877|[mnob,orgt]|["LABORATORY"-tx-21-"LABORATORY"-noun-0]|TX|2239/10|N02.278.487
00000000|MMI|11.49|Physical Examination|C0031809|[hlca]|["PHYSICAL EXAMINATION"-tx-13-"PHYSICAL EXAMINATION"-noun-0]|TX|1623/20|E01.370.600
00000000|MMI|11.49|Sputum|C0038056|[bdsu]|["Sputums"-tx-28-"sputums"-noun-0]|TX|3037/7|A12.200.808
00000000|MMI|11.49|Thinking, function|C0039869|[menp]|["Thought"-tx-39-"thought"-verb-1]|TX|4583/7|F02.463.785
00000000|MMI|11.31|+2|C0740116|[qnco]|["+2"-tx-44-"2"-integer-0,"+2"-tx-3-"2"-integer-0,"+2"-tx-1-"2"-fraction-0]|TX|5328/1;267/1;157/1|
00000000|MMI|11.31|2+|C3833492|[fndg]|["2+"-tx-44-"2"-integer-0,"2+"-tx-3-"2"-integer-0,"2+"-tx-1-"2"-fraction-0]|TX|5328/1;267/1;157/1|
00000000|MMI|11.31|2+ Score|C2827735|[qnco]|["2+"-tx-44-"2"-integer-0,"2+"-tx-3-"2"-integer-0,"2+"-tx-1-"2"-fraction-0]|TX|5328/1;267/1;157/1|
00000000|MMI|11.31|2+ Score, WHO|C2981700|[clas]|["2+"-tx-44-"2"-integer-0,"2+"-tx-3-"2"-integer-0,"2+"-tx-1-"2"-fraction-0]|TX|5328/1;267/1;157/1|
00000000|MMI|11.22|Shortness of breath:-:Point in time:^Patient:-|C2707305|[clna]|["Shortness of breath"-tx-44-"shortness of breath"-noun-0,"Shortness of breath"-tx-29-"shortness of breath"-noun-0,"Shortness of breath"-tx-9-"shortness of breath"-noun-0]|TX|5372/19;3187/19;1193/19|
00000000|MMI|10.98|milligram/day|C0439422|[qnco]|["mg/d"-tx-47-"mg d"-noun-0,"mg day"-tx-43-"mg day"-noun-0,"mg/d"-tx-43-"mg d"-noun-0]|TX|5473/2,5485/1;5249/2,5274/3;5249/2,5261/1|
00000000|MMI|10.96|Following|C0332282|[tmco]|["Subsequent"-tx-41-"subsequent"-adj-0,"Following"-tx-37-"following"-adj-0,"Following"-tx-9-"following"-adj-0]|TX|5046/10;4375/9;1014/9|
00000000|MMI|10.93|liter|C0475211|[qnco]|["LITER"-tx-32-"liters"-noun-0,"LITER"-tx-29-"liters"-noun-0,"LITER"-tx-13-"liters"-noun-0]|TX|3697/6;3253/6;1757/6|
00000000|MMI|10.87|Diagnosis|C0011900|[fndg]|["Diagnosed"-tx-8-"diagnosed"-verb-0,"DIAGNOSIS"-tx-6-"diagnosis"-noun-1,"DIAGNOSIS"-tx-5-"DIAGNOSIS"-noun-0]|TX|922/9;608/9;362/9|E01
00000000|MMI|10.85|Started|C1272689|[qlco]|["Started"-tx-41-"started"-verb-0,"Started"-tx-33-"started"-verb-0,"Started"-tx-27-"started"-verb-0]|TX|5012/7;3863/7;2891/7|
00000000|MMI|10.83|SLEEP APNEA (device)|C3496180|[medd]|["SLEEP APNEA"-tx-26-"sleep apnea"-noun-0,"SLEEP APNEA"-tx-6-"sleep apnea"-noun-0,"SLEEP APNEA"-tx-5-"SLEEP APNEA"-noun-0]|TX|2770/11;621/11;375/11|
00000000|MMI|10.73|Flash|C0262485|[diap]|["Flash"-tx-39-"flash"-verb-0,"Flash"-tx-35-"flash"-noun-0,"Flash"-tx-34-"flash"-noun-0]|TX|4605/5;4107/5;3952/5|
00000000|MMI|10.73|Light Sources, Flash|C0181637|[medd]|["flash"-tx-39-"flash"-verb-0,"flash"-tx-35-"flash"-noun-0,"flash"-tx-34-"flash"-noun-0]|TX|4605/5;4107/5;3952/5|
00000000|MMI|10.70|Improvement|C2986411|[cnce]|["Improvement"-tx-41-"improvement"-noun-0,"Improvement"-tx-40-"improvement"-noun-0,"Improvement"-tx-8-"improvement"-noun-0]|TX|5074/11;4905/11;996/11|
00000000|MMI|10.62|Two|C0205448|[qnco]|["Two"-tx-54-"two"-adj-0,"Two"-tx-43-"two"-adj-0,"Two"-tx-29-"two"-noun-0]|TX|5759/3;5270/3;3157/3|
00000000|MMI|10.53|Before|C0332152|[tmco]|["Prior to"-tx-41-"prior to"-prep-0,"Prior to"-tx-8-"prior to"-prep-0,"Prior to"-tx-7-"prior to"-prep-0]|TX|4979/8;845/8;688/8|
00000000|MMI|10.50|Patient Class - Outpatient|C1549405|[clas]|["Outpatient"-tx-55-"outpatient"-noun-0,"Outpatient"-tx-26-"outpatient"-noun-0,"Outpatient"-tx-11-"outpatient"-noun-0]|TX|6031/10;2850/10;1566/10|
00000000|MMI|10.50|Referral category - Outpatient|C1548439|[idcn]|["Outpatient"-tx-55-"outpatient"-noun-0,"Outpatient"-tx-26-"outpatient"-noun-0,"Outpatient"-tx-11-"outpatient"-noun-0]|TX|6031/10;2850/10;1566/10|
00000000|MMI|10.49|Marked|C1706089|[qlco]|["MARKED"-tx-41-"marked"-adj-0,"MARKED"-tx-38-"marked"-adj-0,"MARKED"-tx-30-"marked"-adj-0]|TX|5067/6;4526/6;3314/6|
00000000|MMI|10.49|Massive|C0522501|[qlco]|["Marked"-tx-41-"marked"-adj-0,"Marked"-tx-38-"marked"-adj-0,"Marked"-tx-30-"marked"-adj-0]|TX|5067/6;4526/6;3314/6|
00000000|MMI|10.42|1+|C3816745|[fndg]|["1+"-tx-43-"1"-integer-0,"1+"-tx-2-"1"-integer-0]|TX|5234/1;233/1|
00000000|MMI|10.42|1+ Score|C2827734|[qnco]|["1+"-tx-43-"1"-integer-0,"1+"-tx-2-"1"-integer-0]|TX|5234/1;233/1|
00000000|MMI|10.42|1+ Score, WHO|C2981698|[clas]|["1+"-tx-43-"1"-integer-0,"1+"-tx-2-"1"-integer-0]|TX|5234/1;233/1|
00000000|MMI|10.42|3+ Answer to Question|C3838680|[fndg]|["3+"-tx-45-"3"-integer-0,"3+"-tx-4-"3"-integer-0]|TX|5394/1;305/1|
00000000|MMI|10.42|3+ Score|C2827736|[qnco]|["3+"-tx-45-"3"-integer-0,"3+"-tx-4-"3"-integer-0]|TX|5394/1;305/1|
00000000|MMI|10.42|3+ Score, WHO|C2981702|[clas]|["3+"-tx-45-"3"-integer-0,"3+"-tx-4-"3"-integer-0]|TX|5394/1;305/1|
00000000|MMI|10.42|<3 (qualifier value)|C0439086|[qnco]|["<3"-tx-45-"3"-integer-0,"<3"-tx-4-"3"-integer-0]|TX|5394/1;305/1|
00000000|MMI|10.42|Doctor of Medicine|C1512018|[inpr]|["M.D."-tx-59-"M.D"-noun-0,"M.D."-tx-57-"M.D"-noun-0]|TX|6164/3;6125/3|
00000000|MMI|10.42|Examination of heart|C0562319|[hlca]|["Cardiac examination"-tx-31-"cardiac examination"-noun-0,"Cardiac examination"-tx-17-"cardiac examination"-noun-0]|TX|3458/19;2019/19|
00000000|MMI|10.42|Medical History|C0262926|[fndg]|["Past Medical History"-tx-12-"PAST MEDICAL HISTORY"-noun-0,"Past Medical History"-tx-6-"past medical history"-noun-0]|TX|1590/20;457/20|
00000000|MMI|10.42|Normal|C0205307|[qlco]|["Unremarkable"-tx-31-"unremarkable"-adj-0,"Unremarkable"-tx-14-"unremarkable"-adj-0]|TX|3482/12;1806/12|
00000000|MMI|10.42|PMH - past medical history|C0455458|[fndg]|["Past medical history"-tx-12-"PAST MEDICAL HISTORY"-noun-0,"Past medical history"-tx-6-"past medical history"-noun-0]|TX|1590/20;457/20|
00000000|MMI|10.42|Plain chest X-ray|C0039985|[diap]|["Chest X-ray"-tx-25-"chest x-ray"-noun-0,"Chest X-ray"-tx-11-"chest x-ray"-noun-0]|TX|2546/11;1419/11|
00000000|MMI|10.42|Receive|C1514756|[qlco]|["RECEIVED"-tx-37-"received"-verb-0]|TX|[4268/8],[4394/8]|
00000000|MMI|10.42|Type II Diabetes Mellitus Pathway|C2984301|[ftcn]|["non insulin dependent diabetes mellitus"-tx-6-"non-insulin dependent diabetes mellitus"-noun-0,"non insulin dependent diabetes mellitus"-tx-4-"NON-INSULIN DEPENDENT DIABETES MELLITUS"-noun-0]|TX|553/39;309/39|
00000000|MMI|10.42|Views:Finding:Point in time:Chest:Narrative:XR|C1114557|[clna]|["Chest X-ray"-tx-25-"chest x-ray"-noun-0,"Chest X-ray"-tx-11-"chest x-ray"-noun-0]|TX|2546/11;1419/11|
00000000|MMI|9.90|Disease|C0012634|[dsyn]|["condition"-tx-52-"CONDITION"-noun-0]|TX|5575/9|C23.550.288
00000000|MMI|9.81|Abdomen|C0000726|[blor]|["Abdominal"-tx-18-"abdominal"-adj-0]|TX|2123/9|A01.923.047
00000000|MMI|9.74|Inflammation|C0021368|[patf]|["INFLAMMATION"-tx-32-"inflammation"-noun-0]|TX|3550/12|C23.550.470
00000000|MMI|8.34|Limb structure|C0015385|[bpoc]|["Extremities"-tx-19-"extremities"-noun-0]|TX|2162/11|A01.378
00000000|MMI|8.00|Cultural aspects|C0220814|[ftcn]|["culture"-tx-28-"cultured"-verb-0,"culture"-tx-11-"cultured"-verb-0]|TX|3024/8;1404/8|
00000000|MMI|8.00|Laboratory culture|C0430400|[lbpr]|["Culture"-tx-28-"cultured"-verb-0,"Culture"-tx-11-"cultured"-verb-0]|TX|3024/8;1404/8|
00000000|MMI|8.00|Microbial culture (procedure)|C2242979|[lbpr]|["Culture"-tx-28-"cultured"-verb-0,"Culture"-tx-11-"cultured"-verb-0]|TX|3024/8;1404/8|
00000000|MMI|8.00|Show|C1547282|[anim]|["Show"-tx-23-"showed"-verb-0,"Show"-tx-11-"showed"-verb-0]|TX|2445/6;1447/6|
00000000|MMI|7.70|Blood pressure finding|C1271104|[fndg]|["Blood Pressure"-tx-35-"blood pressure"-noun-1,"Blood Pressure"-tx-13-"blood pressure"-noun-0]|TX|4142/14;1686/14|
00000000|MMI|7.70|Negation|C1518422|[ftcn]|["Not"-tx-36-"not"-adv-0,"Non"-tx-20-"non"-adj-0]|TX|4211/3;2227/3|
00000000|MMI|7.70|Organism|C0029235|[orgm]|["Organisms"-tx-28-"organisms"-noun-0,"Organisms"-tx-27-"organisms"-noun-0]|TX|3072/9;3005/9|
00000000|MMI|7.61|+5|C0728893|[qnco]|["+5"-tx-61-"5"-fraction-0,"+5"-tx-47-"5"-integer-0]|TX|6231/1;5456/1|
00000000|MMI|7.61|>5|C0439084|[qnco]|[">5"-tx-61-"5"-fraction-0,">5"-tx-47-"5"-integer-0]|TX|6231/1;5456/1|
00000000|MMI|7.56|Hospital course|C0489547|[fndg]|["Hospital course"-tx-28-"hospital course"-noun-1,"Hospital course"-tx-26-"HOSPITAL COURSE"-noun-0]|TX|3116/15;2666/15|
00000000|MMI|7.56|Hospital course:Finding:Point in time:^Patient:Narrative|C0488549|[clna]|["Hospital course"-tx-28-"hospital course"-noun-0,"Hospital course"-tx-26-"HOSPITAL COURSE"-noun-0]|TX|3116/15;2666/15|
00000000|MMI|7.46|Expiratory wheezing|C0231875|[sosy]|["Expiratory wheeze"-tx-30-"expiratory wheezes"-noun-0,"Expiratory wheeze"-tx-16-"expiratory wheezes"-noun-0]|TX|3353/18;1994/18|
00000000|MMI|7.46|Structure of middle lobe of lung|C0225757|[bpoc]|["Right middle lobe"-tx-25-"right middle lobe"-noun-0,"Right middle lobe"-tx-11-"right middle lobe"-noun-0]|TX|2646/17;1456/17|
00000000|MMI|7.37|Evaluation and management note:Finding:Point in time:{Setting}:Document:{Provider}|C1316572|[clna]|["Note"-tx-54-"noted"-verb-0,"Note"-tx-35-"noted"-verb-0]|TX|5843/5;4034/5|
00000000|MMI|7.37|Note (document)|C1317574|[inpr]|["Note"-tx-54-"noted"-verb-0,"Note"-tx-35-"noted"-verb-0]|TX|5843/5;4034/5|
00000000|MMI|7.36|Entity Name Part Type - given|C1550718|[idcn]|["given"-tx-9-"given"-verb-0,"given"-tx-8-"given"-adj-0]|TX|1080/5;951/5|
00000000|MMI|7.36|GIVEN|C1442162|[cnce]|["GIVEN"-tx-9-"given"-verb-0,"GIVEN"-tx-8-"given"-adj-0]|TX|1080/5;951/5|
00000000|MMI|7.36|Give - dosing instruction imperative|C1947971|[ftcn]|["Given"-tx-9-"given"-verb-0,"Given"-tx-8-"given"-adj-0]|TX|1080/5;951/5|
00000000|MMI|7.36|Given name|C3244317|[inpr]|["given"-tx-9-"given"-verb-0,"given"-tx-8-"given"-adj-0]|TX|1080/5;951/5|
00000000|MMI|7.34|One day|C3844320|[fndg]|["One day"-tx-51-"one day"-noun-0,"One day"-tx-8-"One day"-noun-0]|TX|5557/3,5569/3;837/7|
00000000|MMI|7.27|Tapering - action|C0441640|[hlca]|["Taper"-tx-48-"taper"-noun-0,"Taper"-tx-41-"taper"-noun-0]|TX|5503/5;5036/5|
00000000|MMI|7.21|Oxygen saturation test result|C0483415|[orga]|["oxygen saturations"-tx-29-"oxygen saturations"-noun-0,"oxygen saturations"-tx-10-"oxygen saturations"-noun-0]|TX|3212/18;1356/18|
00000000|MMI|7.19|Male Gender, Self Report|C1706180|[qlco]|["Male"-tx-26-"male"-noun-0,"Male"-tx-6-"male"-noun-0]|TX|2712/4;446/4|
00000000|MMI|7.19|Male Phenotype|C1706428|[qlco]|["Male"-tx-26-"male"-noun-0,"Male"-tx-6-"male"-noun-0]|TX|2712/4;446/4|
00000000|MMI|7.19|Male, Self-Reported|C1706429|[orga]|["Male"-tx-26-"male"-noun-0,"Male"-tx-6-"male"-noun-0]|TX|2712/4;446/4|
00000000|MMI|7.19|Infiltration|C0332448|[patf]|["Infiltrates"-tx-25-"infiltrates"-noun-0,"Infiltrate"-tx-11-"infiltrate"-noun-0]|TX|2575/11;1474/10|
00000000|MMI|7.16|Back structure, excluding neck|C1995000|[blor]|["Back, NOS"-tx-54-"back"-adj-0,"Back, NOS"-tx-9-"back"-adj-0]|TX|5799/4;1038/4|
00000000|MMI|7.16|Back structure, including back of neck|C0460009|[blor]|["Back"-tx-54-"back"-adj-0,"Back"-tx-9-"back"-adj-0]|TX|5799/4;1038/4|
00000000|MMI|7.16|Dorsal|C0205095|[spco]|["BACK"-tx-54-"back"-adj-0,"BACK"-tx-9-"back"-adj-0]|TX|5799/4;1038/4|
00000000|MMI|7.15|Course|C0750729|[tmco]|["Course"-tx-43-"course"-noun-0,"Course"-tx-9-"course"-noun-0]|TX|5297/6;1148/6|
00000000|MMI|7.15|Diagnosis Study|C1704656|[resa]|["DIAGNOSIS"-tx-6-"diagnosis"-noun-0,"DIAGNOSIS"-tx-5-"DIAGNOSIS"-noun-0]|TX|608/9;362/9|
00000000|MMI|7.13|Saturated|C0522534|[phpr]|["Saturation"-tx-13-"saturation"-noun-0,"saturations"-tx-10-"saturations"-noun-0]|TX|1733/10;1363/11|
00000000|MMI|7.13|Emotions|C0013987|[menp]|["feel"-tx-32-"felt"-verb-0]|TX|3512/4|F01.470
00000000|MMI|7.11|Electrocardiogram: myocardial infarction (finding)|C0428953|[lbtr]|["MYOCARDIAL INFARCTION"-tx-37-"myocardial infarction"-noun-1,"MYOCARDIAL INFARCTION"-tx-6-"myocardial infarction"-noun-0]|TX|4345/21;497/21|
00000000|MMI|7.11|Myocardial Infarction ECG Assessment|C3810814|[diap]|["Myocardial Infarction"-tx-37-"myocardial infarction"-noun-0,"Myocardial Infarction"-tx-6-"myocardial infarction"-noun-0]|TX|4345/21;497/21|
00000000|MMI|7.11|Myocardial infarction:Finding:Point in time:^Patient:Ordinal|C2926063|[clna]|["Myocardial infarction"-tx-37-"myocardial infarction"-noun-0,"Myocardial infarction"-tx-6-"myocardial infarction"-noun-0]|TX|4345/21;497/21|
00000000|MMI|7.11|Ferrum metallicum, Homeopathic preparation|C1166521|[phsu]|["iron"-tx-54-"iron"-noun-0]|TX|[5888/4],[5924/4]|
00000000|MMI|7.11|Iron Drug Class|C3714701|[phsu]|["IRON"-tx-54-"iron"-noun-0]|TX|[5888/4],[5924/4]|
00000000|MMI|7.08|Focal|C0205234|[spco]|["FOCAL"-tx-25-"focal"-adj-0,"FOCAL"-tx-20-"focal"-adj-0]|TX|2611/5;2231/5|
00000000|MMI|7.08|Administration occupational activities|C0001554|[ocac]|["Management"-tx-26-"management"-noun-0,"Management"-tx-11-"management"-noun-0]|TX|2861/10;1577/10|
00000000|MMI|7.08|Management Occupations|C3273539|[ocdi]|["Management"-tx-26-"management"-noun-0,"Management"-tx-11-"management"-noun-0]|TX|2861/10;1577/10|
00000000|MMI|7.08|Management procedure|C1273870|[ocac]|["Management"-tx-26-"management"-noun-0,"Management"-tx-11-"management"-noun-0]|TX|2861/10;1577/10|
00000000|MMI|7.07|60%|C3842585|[fndg]|["60%"-tx-23-"60"-integer-0,"60%"-tx-13-"60"-integer-0]|TX|2475/2;1721/2|
00000000|MMI|7.04|Entire lung|C1278908|[bpoc]|["Lung"-tx-30-"lung"-noun-0,"Lung"-tx-15-"lung"-noun-0]|TX|3281/4;1825/4|
00000000|MMI|7.04|Six|C0205452|[qnco]|["Six"-tx-32-"six"-word_numeral-0,"Six"-tx-29-"six"-word_numeral-0]|TX|3693/3;3249/3|
00000000|MMI|7.04|Status post|C0231290|[tmco]|["Following"-tx-37-"following"-adj-0,"Following"-tx-9-"following"-adj-0]|TX|4375/9;1014/9|
00000000|MMI|7.04|Structure of parenchyma of lung|C0819757|[tisu]|["LUNG"-tx-30-"lung"-noun-0,"LUNG"-tx-15-"lung"-noun-0]|TX|3281/4;1825/4|
00000000|MMI|7.03|Intravenous|C0348016|[spco]|["Intravenous"-tx-32-"intravenous"-adj-0,"Intravenous"-tx-27-"intravenous"-adj-0]|TX|3621/11;2902/11|
00000000|MMI|7.01|Event Seriousness - Significant|C1546944|[qlco]|["Significant"-tx-40-"significant"-adj-0,"Significant"-tx-6-"significant"-adj-0]|TX|4893/11;481/11|
00000000|MMI|7.01|Significant|C0750502|[idcn]|["Significant"-tx-40-"significant"-adj-0,"Significant"-tx-6-"significant"-adj-0]|TX|4893/11;481/11|
00000000|MMI|7.01|Statistical Significance|C0237881|[qnco]|["significant"-tx-40-"significant"-adj-0,"significant"-tx-6-"significant"-adj-0]|TX|4893/11;481/11|
00000000|MMI|7.00|Three|C0205449|[qnco]|["Three"-tx-13-"three"-word_numeral-0,"Three"-tx-7-"three"-word_numeral-0]|TX|1751/5;677/5|
00000000|MMI|6.98|Signature|C1519316|[inpr]|["Signed"-tx-1-"Signed"-noun-0]|TX|[77/6],[134/6]|
00000000|MMI|6.98|signed - ParticipationSignature|C1561610|[inpr]|["signed"-tx-1-"Signed"-noun-0]|TX|[77/6],[134/6]|
00000000|MMI|6.96|Atypical|C0205182|[qlco]|["Atypical"-tx-43-"atypical"-adj-0,"Atypical"-tx-27-"atypical"-adj-0]|TX|5308/8;2996/8|
00000000|MMI|6.96|atypia morphology|C0741302|[fndg]|["Atypical"-tx-43-"atypical"-adj-0,"Atypical"-tx-27-"atypical"-adj-0]|TX|5308/8;2996/8|
00000000|MMI|6.95|Diffuse|C0205219|[qlco]|["DIFFUSE"-tx-25-"diffuse"-adj-0,"DIFFUSE"-tx-16-"diffuse"-adj-0]|TX|2567/7;1970/7|
00000000|MMI|6.94|100%|C3817553|[qnco]|["100%"-tx-13-"100"-real_number-0,"100%"-tx-10-"100"-integer-0]|TX|1670/3;1330/3|
00000000|MMI|6.92|Incision and drainage|C0152277|[topp]|["i d"-tx-44-"i.d"-adv-0,"i d"-tx-43-"i.d"-adv-0]|TX|5360/3;5259/3|
00000000|MMI|6.92|Increasing|C0442808|[ftcn]|["Increasing"-tx-29-"increasing"-adj-0,"Increasing"-tx-9-"increasing"-adj-0]|TX|3176/10;1182/10|
00000000|MMI|6.90|Recent|C0332185|[tmco]|["Recent"-tx-6-"recent"-adj-0,"Recent"-tx-5-"RECENT"-adj-0]|TX|601/6;355/6|
00000000|MMI|6.83|Body Fluids|C0005889|[bdsu]|["FLUID"-tx-36-"fluid"-noun-0]|TX|4232/5|A12.207
00000000|MMI|6.83|Heart|C0018787|[bpoc]|["Cardiac"-tx-37-"cardiac"-noun-0]|TX|4279/7|A07.541
00000000|MMI|6.83|Work|C0043227|[ocac]|["Work"-tx-37-"work"-noun-0]|TX|4287/4|I03.946
00000000|MMI|6.57|Inhaler|C0021461|[medd]|["INHALER"-tx-44-"inhaler"-noun-0]|TX|5342/7|E07.605
00000000|MMI|5.18|All extremities|C0278454|[bpoc]|["extremities"-tx-19-"extremities"-noun-0]|TX|2162/11|
00000000|MMI|5.18|Alveolar ventilation function|C0231940|[ortf]|["oxygenation"-tx-32-"oxygenation"-noun-0]|TX|3652/11|
00000000|MMI|5.18|Base|C0178499|[chvf]|["bases"-tx-15-"bases"-noun-0]|TX|1924/5|
00000000|MMI|5.18|Benign|C0205183|[qlco]|["BENIGN"-tx-18-"benign"-adj-0]|TX|2149/6|
00000000|MMI|5.18|Causing|C0678227|[ftcn]|["Causing"-tx-34-"causing"-verb-0]|TX|3974/7|
00000000|MMI|5.18|Complete|C0205197|[qlco]|["COMPLETE"-tx-43-"complete"-verb-0]|TX|5281/8|
00000000|MMI|5.18|Data operation - complete|C3853530|[ftcn]|["complete"-tx-43-"complete"-verb-0]|TX|5281/8|
00000000|MMI|5.18|Disposition|C0743223|[idcn]|["Disposition"-tx-56-"DISPOSITION"-noun-0]|TX|6044/11|
00000000|MMI|5.18|Disposition Domain|C1705555|[inpr]|["Disposition"-tx-56-"DISPOSITION"-noun-0]|TX|6044/11|
00000000|MMI|5.18|Dyspnea on exertion|C0231807|[sosy]|["Dyspnoea on exertion"-tx-7-"dyspnea on exertion"-noun-0]|TX|783/19|
00000000|MMI|5.18|Echocardiogram (image)|C2243117|[inpr]|["Echocardiogram"-tx-37-"echocardiogram"-noun-0]|TX|4406/14|
00000000|MMI|5.18|Edema:Finding:Point in time:^Patient:Ordinal|C1717255|[clna]|["Edema"-tx-19-"edema"-noun-0]|TX|2186/5|
00000000|MMI|5.18|Event|C0441471|[evnt]|["Event"-tx-32-"event"-noun-0]|TX|3502/5|
00000000|MMI|5.18|History of myocardial infarction|C1275835|[fndg]|["History of - myocardial infarction"-tx-3-"HISTORY OF MYOCARDIAL INFARCTION"-noun-0]|TX|271/32|
00000000|MMI|5.18|History of present illness|C0262512|[orga]|["HISTORY OF PRESENT ILLNESS"-tx-6-"HISTORY OF PRESENT ILLNESS"-noun-0]|TX|389/26|
00000000|MMI|5.18|History of present illness:Finding:Point in time:^Patient:Nominal:Reported|C0488508|[clna]|["History of present illness"-tx-6-"HISTORY OF PRESENT ILLNESS"-noun-0]|TX|389/26|
00000000|MMI|5.18|Including (qualifier)|C0332257|[ftcn]|["Including"-tx-31-"including"-verb-0]|TX|3444/9|
00000000|MMI|5.18|Increased sweating|C0700590|[sosy]|["DIAPHORESIS"-tx-9-"diaphoresis"-noun-0]|TX|1226/11|
00000000|MMI|5.18|Infusion pump Alert priority PM|C4049155|[fndg]|["PM"-tx-50-"PM"-adj-0]|TX|5541/2|
00000000|MMI|5.18|Initially|C0205265|[tmco]|["Initially"-tx-27-"initially"-adv-0]|TX|2881/9|
00000000|MMI|5.18|Laboratory domain|C3244292|[ftcn]|["laboratory"-tx-21-"LABORATORY"-noun-0]|TX|2239/10|
00000000|MMI|5.18|Left atrial hypertrophy|C0238705|[anab]|["ATRIAL ENLARGEMENT, LEFT"-tx-23-"left atrial enlargement"-noun-0]|TX|2483/23|
00000000|MMI|5.18|National reporting jurisdiction:Loc:Pt:^Event:Nom|C4019010|[clna]|["Event"-tx-32-"event"-noun-0]|TX|3502/5|
00000000|MMI|5.18|Nuclear cap binding complex location|C2263086|[celc]|["CBC"-tx-22-"CBC"-noun-0]|TX|2336/3|
00000000|MMI|5.18|Obtain|C1301820|[ftcn]|["Obtained"-tx-28-"obtained"-verb-0]|TX|3050/8|
00000000|MMI|5.18|Old myocardial infarction|C0155668|[dsyn]|["History of Myocardial Infarction"-tx-3-"HISTORY OF MYOCARDIAL INFARCTION"-noun-0]|TX|271/32|
00000000|MMI|5.18|P mitrale (finding)|C0232310|[fndg]|["Left Atrial Enlargement"-tx-23-"left atrial enlargement"-noun-0]|TX|2483/23|
00000000|MMI|5.18|PROBLEM LIST|C0552582|[inpr]|["PROBLEM LIST"-tx-2-"PROBLEM LIST"-noun-0]|TX|219/12|
00000000|MMI|5.18|PSMD2 gene|C1419032|[gngm]|["S2"-tx-17-"S2"-noun-0]|TX|2083/2|
00000000|MMI|5.18|Patient Outcome - Worsening|C1546960|[idcn]|["Worsening"-tx-33-"worsening"-verb-0]|TX|3768/9|
00000000|MMI|5.18|Positive|C1446409|[qlco]|["ruled"-tx-37-"ruled"-verb-0]|TX|4329/5|
00000000|MMI|5.18|RPS2 gene|C1419718|[gngm]|["S2"-tx-17-"S2"-noun-0]|TX|2083/2|
00000000|MMI|5.18|Raised|C0442818|[qlco]|["Raised"-tx-34-"raised"-verb-0]|TX|4008/6|
00000000|MMI|5.18|Rhythm|C0871269|[fndg]|["Rhythm"-tx-17-"rhythm"-noun-0]|TX|2067/6|
00000000|MMI|5.18|Rhythm Not Otherwise Specified ECG Assessment|C3828331|[inpr]|["Rhythm Not Otherwise Specified"-tx-17-"rhythm"-noun-0]|TX|2067/6|
00000000|MMI|5.18|Right|C0205090|[spco]|["RIGHT"-tx-15-"right"-noun-0]|TX|1932/5|
00000000|MMI|5.18|Right sided|C0444532|[spco]|["Right"-tx-15-"right"-noun-0]|TX|1932/5|
00000000|MMI|5.18|Rubs|C3842105|[fndg]|["Rubs"-tx-17-"rubs"-verb-1]|TX|2112/4|
00000000|MMI|5.18|S1|C3715215|[fndg]|["S1"-tx-17-"S1"-noun-0]|TX|2076/2|
00000000|MMI|5.18|S2|C3812876|[fndg]|["S2"-tx-17-"S2"-noun-0]|TX|2083/2|
00000000|MMI|5.18|S2 innervation|C1179705|[blor]|["S2"-tx-17-"S2"-noun-0]|TX|2083/2|
00000000|MMI|5.18|Send (transmission)|C1519246|[ftcn]|["Sent"-tx-54-"sent"-verb-0]|TX|5901/4|
00000000|MMI|5.18|Table Frame - above|C1552828|[idcn]|["above"-tx-12-"above"-adj-0]|TX|1615/5|
00000000|MMI|5.18|Taken|C1883727|[cnce]|["Taken"-tx-11-"taken"-verb-0]|TX|1435/5|
00000000|MMI|5.18|Taking vital signs|C0150404|[hlca]|["Vital signs"-tx-13-"Vital signs"-noun-0]|TX|1645/11|
00000000|MMI|5.18|Testicular Cancer Serum Markers Test Result S1|C3814877|[lbtr]|["S1"-tx-17-"S1"-noun-0]|TX|2076/2|
00000000|MMI|5.18|Testicular Cancer Serum Markers Test Result S2|C3812875|[lbtr]|["S2"-tx-17-"S2"-noun-0]|TX|2083/2|
00000000|MMI|5.18|Treating|C1522326|[ftcn]|["Treated"-tx-39-"treated"-verb-0]|TX|4696/7|
00000000|MMI|5.18|Unit dose - Base|C1626935|[qnco]|["Bases"-tx-15-"bases"-noun-0]|TX|1924/5|
00000000|MMI|5.18|Unlikely|C0750558|[cnce]|["Unlikely"-tx-39-"unlikely"-adj-0]|TX|4591/8|
00000000|MMI|5.18|Unlikely Related to Intervention|C1710571|[qlco]|["Unlikely"-tx-39-"unlikely"-adj-0]|TX|4591/8|
00000000|MMI|5.18|Upper|C1282910|[spco]|["Above"-tx-12-"above"-adj-0]|TX|1615/5|
00000000|MMI|5.18|Worse|C1457868|[fndg]|["Worsening"-tx-33-"worsening"-verb-0]|TX|3768/9|
00000000|MMI|5.18|Worsening pattern|C0332271|[qlco]|["Worsening"-tx-33-"worsening"-verb-0]|TX|3768/9|
00000000|MMI|5.18|aspirin enteric coated|C0718690|[orch,phsu]|["enteric coated aspirin"-tx-45-"Enteric coated aspirin"-noun-0]|TX|5398/22|
00000000|MMI|5.18|cardiac problem|C0262402|[fndg]|["cardiac problems"-tx-34-"cardiac problems"-noun-0]|TX|3982/16|
00000000|MMI|5.18|laboratory studies|C0681827|[lbpr]|["laboratory studies"-tx-21-"laboratory studies"-noun-0]|TX|2255/18|
00000000|MMI|5.18|problem list - observation|C1553895|[inpr]|["problem list"-tx-2-"PROBLEM LIST"-noun-0]|TX|219/12|
00000000|MMI|5.18|rhythmic process (biological)|C1523018|[phsf]|["rhythm"-tx-17-"rhythm"-noun-0]|TX|2067/6|
00000000|MMI|4.19|Discharge to home|C0184713|[topp]|["Discharge to home"-tx-56-"discharged to home"-noun-0]|TX|6073/18|
00000000|MMI|4.12|Ischemic Change|C2826576|[fndg]|["Ischemic Change"-tx-24-"ischemic changes"-noun-1]|TX|2523/16|
00000000|MMI|3.98|Beginning|C0439659|[tmco]|["Begin"-tx-7-"began"-verb-0]|TX|715/5|
00000000|MMI|3.81|Left ventricular hypertrophy:Finding:Point in time:^Patient:Ordinal|C3484363|[clna]|["Left ventricular hypertrophy"-tx-38-"left ventricular hypertrophy"-noun-0]|TX|4533/28|
00000000|MMI|3.75|Discharge date|C2361123|[tmco]|["Discharge date"-tx-1-"Discharge Date"-noun-0]|TX|141/14|
00000000|MMI|3.75|Discharge date:Time Stamp -- Date and Time:Point in time:^Patient:Quantitative|C2361122|[clna]|["Discharge date"-tx-1-"Discharge Date"-noun-0]|TX|141/14|
00000000|MMI|3.72|Greater Than|C0439093|[qnco]|["Greater Than"-tx-15-"greater than"-adj-0]|TX|1938/12|
00000000|MMI|3.68|Normal sinus rhythm|C0232202|[fndg]|["NORMAL SINUS RHYTHM"-tx-23-"normal sinus rhythm"-noun-0]|TX|2452/19|
00000000|MMI|3.68|% index|C1637833|[qnco]|["% index"-tx-60-"Index"-noun-0]|TX|6198/5|
00000000|MMI|3.68|Attending (action)|C1999232|[ftcn]|["attending"-tx-58-"Attending"-noun-0]|TX|6135/9|
00000000|MMI|3.68|Attending (provider role)|C1547429|[prog]|["Attending"-tx-58-"Attending"-noun-0]|TX|6135/9|
00000000|MMI|3.68|Cardiac - anatomy qualifier|C1522601|[spco]|["Cardiac"-tx-37-"cardiac"-noun-0]|TX|4279/7|
00000000|MMI|3.68|Fluid behavior|C0444611|[qlco]|["Fluid"-tx-36-"fluid"-noun-0]|TX|4232/5|
00000000|MMI|3.68|Html Link Type - index|C1552854|[idcn]|["index"-tx-60-"Index"-noun-0]|TX|6198/5|
00000000|MMI|3.68|Index|C0918012|[inpr]|["Index"-tx-60-"Index"-noun-0]|TX|6198/5|
00000000|MMI|3.68|Inferior|C0542339|[spco]|["INFERIOR"-tx-37-"inferior"-adj-0]|TX|4476/8|
00000000|MMI|3.68|Liquid substance|C0302908|[sbst]|["fluid"-tx-36-"fluid"-noun-0]|TX|4232/5|
00000000|MMI|3.68|Rate|C1521828|[qnco]|["Rate"-tx-17-"rate"-noun-0]|TX|2058/4|
00000000|MMI|3.68|Rating (action)|C0871208|[acty]|["Rate"-tx-17-"rate"-noun-0]|TX|2058/4|
00000000|MMI|3.68|Scientific Study|C0947630|[lbpr]|["studies"-tx-54-"studies"-noun-0]|TX|5893/7|
00000000|MMI|3.68|fluid - substance|C1704353|[sbst]|["Fluid"-tx-36-"fluid"-noun-0]|TX|4232/5|
00000000|MMI|3.68|inferiority|C0678975|[socb]|["inferior"-tx-37-"inferior"-adj-0]|TX|4476/8|
00000000|MMI|3.68|Medication.discharge|C0806915|[fndg]|["Discharge medications"-tx-43-"MEDICATIONS DISCHARGE"-noun-0]|TX|5208/11,5223/9|
00000000|MMI|3.65|Admission date:Time Stamp -- Date and Time:Point in time:^Patient:Quantitative|C2598112|[clna]|["Admission date"-tx-1-"Admission Date"-noun-0]|TX|92/14|
00000000|MMI|3.65|Date of admission|C1302393|[tmco]|["Admission date"-tx-1-"Admission Date"-noun-0]|TX|92/14|
00000000|MMI|3.65|Principal Diagnosis:-:Point in time:^Patient:-|C2598194|[clna]|["Principal Diagnosis"-tx-1-"PRINCIPAL DIAGNOSIS"-noun-0]|TX|167/19|
00000000|MMI|3.65|Principal diagnosis|C0332137|[qlco]|["Principal Diagnosis"-tx-1-"PRINCIPAL DIAGNOSIS"-noun-0]|TX|167/19|
00000000|MMI|3.65|Report status|C0586177|[fndg]|["Report status"-tx-1-"Report Status"-noun-0]|TX|119/13|
00000000|MMI|3.64|11-12|C3843712|[fndg]|["11-12"-tx-1-"11 12"-fraction-0]|TX|40/2,51/2|
00000000|MMI|3.64|Normal limits|C0442816|[qnco]|["Normal limits"-tx-21-"normal limits"-noun-0]|TX|2316/13|
00000000|MMI|3.64|Resistant (qualifier value)|C0332325|[ftcn]|["Resistant to"-tx-11-"resistant to"-adj-0]|TX|1553/12|
00000000|MMI|3.64|Stable Disease|C0677946|[fndg]|["Stable condition"-tx-52-"stable condition"-noun-0]|TX|5629/16|
00000000|MMI|3.64|Stable chronic Graft vs Host Disease|C3538874|[fndg]|["Stable condition"-tx-52-"stable condition"-noun-0]|TX|5629/16|
00000000|MMI|3.64|White blood cell count laboratory result|C0427512|[lbtr]|["white blood cell count"-tx-22-"white blood cell count"-noun-0]|TX|2351/22|
00000000|MMI|3.64|cough syrup|C0678431|[clnd]|["cough syrup"-tx-9-"cough syrup"-noun-0]|TX|1086/11|
00000000|MMI|3.64|dictated - DocumentCompletion|C1609990|[idcn]|["Dictated"-tx-57-"Dictated"-verb-0]|TX|6094/8|
00000000|MMI|3.64|dictated - ParticipationMode|C1548384|[ftcn]|["dictated"-tx-57-"Dictated"-verb-0]|TX|6094/8|
00000000|MMI|3.64|Productive cough-yellow sputum|C0425506|[fndg]|["Productive cough-yellow sputum"-tx-7-"cough productive yellow sputum"-noun-0]|TX|734/16,767/13|
00000000|MMI|3.63|Component (part)|C1705248|[cnce]|["Component"-tx-39-"component"-noun-0]|TX|4779/9|
00000000|MMI|3.63|Component object|C0449432|[mnob]|["Component"-tx-39-"component"-noun-0]|TX|4779/9|
00000000|MMI|3.62|Codeine Oral Solution|C1245651|[clnd]|["syrup codeine"-tx-9-"syrup Codeine"-noun-0]|TX|1092/5,1103/7|
00000000|MMI|3.62|personal health|C0683314|[fndg]|["state of health"-tx-7-"state of health"-noun-0]|TX|655/15|
00000000|MMI|3.61|80%|C3842583|[fndg]|["80%"-tx-13-"80"-fraction-0]|TX|1705/2|
00000000|MMI|3.61|Administration Method - Infiltrate|C1549537|[ftcn]|["Infiltrate"-tx-11-"infiltrate"-noun-0]|TX|1474/10|
00000000|MMI|3.61|Batch (Response Modality)|C1550176|[inpr]|["Batch"-tx-60-"Batch"-noun-0]|TX|6185/5|
00000000|MMI|3.61|Batch (group)|C1948031|[qnco]|["Batch"-tx-60-"Batch"-noun-0]|TX|6185/5|
00000000|MMI|3.61|Batch Number|C3641829|[inpr]|["BATCH"-tx-60-"Batch"-noun-0]|TX|6185/5|
00000000|MMI|3.61|Cellular infiltrate|C1692321|[patf]|["INFILTRATE"-tx-11-"infiltrate"-noun-0]|TX|1474/10|
00000000|MMI|3.61|Specimen Source Codes - Infiltrate|C1546677|[inpr]|["Infiltrate"-tx-11-"infiltrate"-noun-0]|TX|1474/10|
00000000|MMI|3.61|times/day|C0439511|[qnco]|["times day"-tx-43-"times day"-noun-0]|TX|5264/5,5274/3|
00000000|MMI|3.61|Ejection fraction (finding)|C2700378|[fndg]|["Ejection fraction"-tx-37-"ejection fraction"-noun-0]|TX|4439/17|
00000000|MMI|3.61|Ejection fraction (procedure)|C0489482|[diap]|["ejection fraction"-tx-37-"ejection fraction"-noun-0]|TX|4439/17|
00000000|MMI|3.61|Finding of platelet count|C1287267|[lbtr]|["Platelet count"-tx-22-"platelet count"-noun-0]|TX|2413/14|
00000000|MMI|3.61|Treated with|C0332293|[topp]|["Treated with"-tx-32-"treated with"-verb-0]|TX|3574/12|
00000000|MMI|3.59|50%|C3842586|[fndg]|["50%"-tx-47-"50"-integer-0]|TX|5470/2|
00000000|MMI|3.59|<50|C3843766|[fndg]|["<50"-tx-47-"50"-integer-0]|TX|5470/2|
00000000|MMI|3.59|Pyrexia of unknown origin (excl puerperal)|C0856281|[sosy]|["puo"-tx-1-"PUO"-noun-0]|TX|12/3|
00000000|MMI|3.59|70%|C3842584|[fndg]|["70%"-tx-36-"70"-integer-0]|TX|4197/2|
00000000|MMI|3.59|Admission Level of Care Code - Improved|C1561611|[inpr]|["Improved"-tx-32-"improved"-verb-0]|TX|3674/8|
00000000|MMI|3.59|Baseline|C1442488|[qnco]|["Baseline"-tx-35-"baseline"-noun-0]|TX|4164/8|
00000000|MMI|3.59|Better|C0332272|[qlco]|["Improved"-tx-32-"improved"-verb-0]|TX|3674/8|
00000000|MMI|3.59|Condition|C0348080|[qlco]|["Condition"-tx-52-"CONDITION"-noun-0]|TX|5575/9|
00000000|MMI|3.59|Condition:Find:Pt:^Patient:Nom|C3864998|[clna]|["Condition"-tx-52-"CONDITION"-noun-0]|TX|5575/9|
00000000|MMI|3.59|Continuous|C0549178|[idcn]|["Continued"-tx-40-"continued"-verb-0]|TX|4808/9|
00000000|MMI|3.59|Feeling relief|C0564405|[fndg]|["Relief"-tx-9-"relief"-noun-1]|TX|1125/6|
00000000|MMI|3.59|Improved|C0184511|[qlco]|["Improved"-tx-32-"improved"-verb-0]|TX|3674/8|
00000000|MMI|3.59|Logical Condition|C1705253|[cnce]|["Condition"-tx-52-"CONDITION"-noun-0]|TX|5575/9|
00000000|MMI|3.59|Two weeks|C4082118|[tmco]|["Two weeks"-tx-41-"Two weeks"-noun-0]|TX|4969/9|
00000000|MMI|3.59|Akinetic|C0233568|[ftcn]|["Akinetic"-tx-37-"akinesis"-noun-0]|TX|4502/8|
00000000|MMI|3.57|Oxygen 90 %|C1305522|[clnd]|["Oxygen 90 %"-tx-10-"oxygen 90"-noun-0]|TX|1356/6,1383/2|
00000000|MMI|3.57|Cannula, nasal|C0179574|[medd]|["Cannula, nasal"-tx-13-"nasal cannula"-noun-0]|TX|1764/13|
00000000|MMI|3.57|Cough Adverse Event|C1961131|[fndg]|["Cough"-tx-9-"cough"-noun-0]|TX|1086/5|
00000000|MMI|3.57|Hypoxia Adverse Event|C1963140|[fndg]|["HYPOXIA"-tx-39-"hypoxia"-noun-0]|TX|4664/7|
00000000|MMI|3.57|Serum Total Iron-Binding Capacity result|C0036835|[lbtr]|["tibc"-tx-54-"TIBC"-noun-0]|TX|5941/4|
00000000|MMI|3.56|Oxygen 99 %|C1305554|[clnd]|["Oxygen 99 %"-tx-13-"oxygen 99"-noun-0]|TX|1726/6,1744/2|
00000000|MMI|3.56|Aggressive course|C0580822|[tmco]|["Aggressive"-tx-33-"aggressive"-adj-0]|TX|3874/10|
00000000|MMI|3.56|Bed Status - Isolated|C1548221|[idcn]|["Isolated"-tx-28-"isolated"-verb-0]|TX|3092/8|
00000000|MMI|3.56|Home environment|C0442519|[cnce]|["HOME"-tx-42-"home"-noun-0]|TX|5172/4|
00000000|MMI|3.56|Isolated|C0205409|[ftcn]|["Isolated"-tx-28-"isolated"-verb-0]|TX|3092/8|
00000000|MMI|3.56|Nebulizer Device Component|C1709156|[mnob]|["Nebulizer"-tx-33-"nebulizer"-noun-0]|TX|3885/9|
00000000|MMI|3.56|Numerous|C0439064|[qnco]|["Numerous"-tx-32-"numerous"-adj-0]|TX|3587/8|
00000000|MMI|3.56|Out (direction)|C0439787|[spco]|["Out"-tx-37-"out"-adv-0]|TX|4335/3|
00000000|MMI|3.56|Presentation|C0449450|[idcn]|["Presented"-tx-9-"presented"-verb-0]|TX|1248/9|
00000000|MMI|3.56|Removed|C0849355|[qlco]|["Out"-tx-37-"out"-adv-0]|TX|4335/3|
00000000|MMI|3.56|Residual|C1609982|[qlco]|["Residual"-tx-6-"residual"-adj-0]|TX|535/8|
00000000|MMI|3.56|Therapeutic procedure|C0087111|[topp]|["Treatments"-tx-33-"treatments"-noun-0]|TX|3895/10|E02
00000000|MMI|3.56|site-specific telomere resolvase activity|C1622890|[moft]|["ResT"-tx-31-"rest"-noun-0]|TX|3407/4|
00000000|MMI|3.55|Borg Category-Ratio 10 Perceived Exertion Score 5|C4050466|[inpr]|["Severe"-tx-39-"severe"-noun-0]|TX|4715/6|
00000000|MMI|3.55|Degree Unit of Plane Angle|C2348088|[qnco]|["Degree"-tx-41-"degree"-noun-0]|TX|5117/6|
00000000|MMI|3.55|Dosage|C0178602|[qnco]|["Doses"-tx-33-"doses"-noun-0]|TX|3833/5|
00000000|MMI|3.55|Hematocrit level|C0518014|[fndg]|["Hematocrit"-tx-22-"hematocrit"-noun-0]|TX|2388/10|
00000000|MMI|3.55|Levels (qualifier value)|C0441889|[qlco]|["Degree"-tx-41-"degree"-noun-0]|TX|5117/6|
00000000|MMI|3.55|Severe (severity modifier)|C0205082|[qlco]|["SEVERE"-tx-39-"severe"-noun-0]|TX|4715/6|
00000000|MMI|3.55|Severe Extremity Pain|C4050465|[inpr]|["Severe"-tx-39-"severe"-noun-0]|TX|4715/6|
00000000|MMI|3.55|Usual|C3538928|[qlco]|["Usual"-tx-7-"usual"-adj-0]|TX|649/5|
00000000|MMI|3.54|Concern|C2699424|[idcn]|["Concern"-tx-33-"concern"-noun-0]|TX|3721/7|
00000000|MMI|3.54|Contribution|C1880177|[acty]|["Contribute"-tx-39-"contributed"-verb-0]|TX|4645/11|
00000000|MMI|3.52|Switch Device Component|C1707719|[mnob]|["Switch"-tx-33-"switched"-verb-0]|TX|3810/8|
00000000|MMI|3.51|hospital number|C0806432|[inpr]|["Hospital number"-tx-29-"hospital number"-noun-0]|TX|3137/8,3150/6|
00000000|MMI|3.50|Apical|C0205111|[spco]|["APICAL"-tx-37-"apical"-adj-0]|TX|4469/6|
00000000|MMI|3.50|Day hospital|C0587438|[hcro,mnob]|["hospital day"-tx-29-"hospital day"-noun-0]|TX|3137/12|
00000000|MMI|3.50|HEENT|C1512338|[blor]|["HEENT"-tx-14-"HEENT"-noun-0]|TX|1784/5|
00000000|MMI|3.50|Pulmonary (qualifier value)|C2709248|[qlco]|["Pulmonary"-tx-40-"pulmonary"-adj-0]|TX|4945/9|
00000000|MMI|3.50|Pulmonary:-:Point in time:^Patient:-|C2707265|[clna]|["Pulmonary"-tx-40-"pulmonary"-adj-0]|TX|4945/9|
00000000|MMI|3.50|Regular|C0205272|[qlco]|["Regular"-tx-17-"regular"-adj-0]|TX|2050/7|
00000000|MMI|3.49|Possible|C0332149|[qlco]|["Possible"-tx-34-"possibility"-noun-0]|TX|3937/11|
00000000|MMI|3.49|Possible diagnosis|C2362652|[qlco]|["Possible"-tx-34-"possibility"-noun-0]|TX|3937/11|
00000000|MMI|3.49|Possibly Related to Intervention|C1705910|[qlco]|["Possible"-tx-34-"possibility"-noun-0]|TX|3937/11|
00000000|MMI|3.49|Glyburide 5 MG|C0986278|[clnd]|["Glyburide 5 MG"-tx-46-"Glyburide 5 mg"-noun-0]|TX|5427/14|
00000000|MMI|3.48|Large|C0549177|[qnco]|["LARGE"-tx-39-"large"-adj-0]|TX|4758/5|
00000000|MMI|3.48|failed|C0231175|[ftcn]|["Failed"-tx-26-"failed"-adj-0]|TX|2843/6|
00000000|MMI|3.47|65|C0450385|[inpr]|["65"-tx-6-"65"-integer-0]|TX|434/2|
00000000|MMI|3.47|65+|C3843765|[fndg]|["65+"-tx-6-"65"-integer-0]|TX|434/2|
00000000|MMI|3.47|Count of entities|C0449788|[qnco]|["Number"-tx-29-"number"-noun-0]|TX|3150/6|
00000000|MMI|3.47|Numbers|C0237753|[qnco]|["*Number"-tx-29-"number"-noun-0]|TX|3150/6|
00000000|MMI|3.47|Old|C0580836|[tmco]|["Old"-tx-6-"old"-noun-0]|TX|442/3|
00000000|MMI|3.47|per year|C0439508|[tmco]|["/Year"-tx-6-"year"-noun-0]|TX|437/4|
00000000|MMI|3.47|year|C0439234|[tmco]|["YEAR"-tx-6-"year"-noun-0]|TX|437/4|
00000000|MMI|3.46|Basic Metabolic Panel Blood Test|C2237045|[lbpr]|["Chem 7"-tx-21-"chem-7"-noun-0]|TX|2293/6|
00000000|MMI|3.46|Due to|C0678226|[ftcn]|["Due To"-tx-32-"due to"-prep-0]|TX|3536/6|
00000000|MMI|3.46|10%|C3842590|[fndg]|["10%"-tx-1-"10"-fraction-0]|TX|108/2|
00000000|MMI|3.46|23|C0450348|[qnco]|["23"-tx-1-"23"-fraction-0]|TX|111/2|
00000000|MMI|3.46|Diagnostic interview schedule|C0451119|[inpr]|["DIS"-tx-1-"DIS"-noun-0]|TX|86/3|
00000000|MMI|3.46|Discontinued|C1444662|[fndg]|["DIS"-tx-1-"DIS"-noun-0]|TX|86/3|
00000000|MMI|3.46|Chronic obstructive pulmonary disease of horses|C3714496|[dsyn]|["Reactive airway disease"-tx-33-"reactive airway disease"-noun-0]|TX|3732/23|
00000000|MMI|3.46|Reactive airway disease|C3714497|[dsyn]|["Reactive Airway Disease"-tx-33-"reactive airway disease"-noun-0]|TX|3732/23|
00000000|MMI|3.46|Drop - Unit of Volume|C4048603|[qnco]|["Drop"-tx-49-"drop"-noun-0]|TX|5528/4|
00000000|MMI|3.46|Drop British|C2348338|[qnco]|["Drop"-tx-49-"drop"-noun-0]|TX|5528/4|
00000000|MMI|3.46|Drop measurement|C1321095|[qnco]|["Drop"-tx-49-"drop"-noun-0]|TX|5528/4|
00000000|MMI|3.46|Dropping|C1705648|[acty]|["Drop"-tx-49-"drop"-noun-0]|TX|5528/4|
00000000|MMI|3.46|Medical Drop|C2347093|[qnco]|["Drop"-tx-49-"drop"-noun-0]|TX|5528/4|
00000000|MMI|3.46|One|C0205447|[qnco]|["ONE"-tx-49-"one"-noun-0]|TX|5524/3|
00000000|MMI|3.45|Decreased breath sounds|C0238844|[fndg]|["Decreased breath sounds"-tx-15-"breath sounds decreased"-noun-0]|TX|1863/13,1893/9|
00000000|MMI|3.45|Body Fluid Discharge|C0012621|[bdsu]|["Discharge"-tx-52-"DISCHARGE"-noun-0]|TX|5588/9|
00000000|MMI|3.45|Discharge, body substance|C2926602|[bdsu]|["Discharge"-tx-52-"DISCHARGE"-noun-0]|TX|5588/9|
00000000|MMI|3.45|Left|C0205091|[spco]|["LEFT"-tx-15-"left"-noun-0]|TX|1951/4|
00000000|MMI|3.45|Left sided|C0443246|[spco]|["Left"-tx-15-"left"-noun-0]|TX|1951/4|
00000000|MMI|3.45|Table Cell Horizontal Align - left|C1552822|[ftcn]|["left"-tx-15-"left"-noun-0]|TX|1951/4|
00000000|MMI|3.45|human old age (65+)|C0596728|[aggp]|["65 old year"-tx-26-"65 year-old"-noun-0]|TX|2700/11|
00000000|MMI|3.45|Blood group antibody I|C0221138|[aapp,imft]|["I NOS"-tx-43-"i"-adv-0]|TX|5259/1|
00000000|MMI|3.45|Magnesium Cation|C2346927|[elii,phsu]|["Mg++"-tx-43-"mg"-noun-0]|TX|5249/2|
00000000|MMI|3.45|Milligram percent|C1960952|[qnco]|["mg %"-tx-43-"mg"-noun-0]|TX|5249/2|
00000000|MMI|3.45|Times|C1632851|[qnco]|["Times"-tx-43-"times"-noun-0]|TX|5264/5|
00000000|MMI|3.45|mg/dL|C0439269|[qnco]|["mg%"-tx-43-"mg"-noun-0]|TX|5249/2|
00000000|MMI|3.44|Community acquired|C0456394|[qlco]|["Community acquired"-tx-27-"community acquired"-adj-0]|TX|2953/18|
00000000|MMI|3.44|Room air|C3846005|[fndg]|["Room air"-tx-10-"room air"-noun-0]|TX|1347/8|
00000000|MMI|3.44|Increase|C0442805|[ftcn]|["Increase"-tx-30-"increase"-noun-0]|TX|3321/8|
00000000|MMI|3.44|LABORATORY ABNORMALITIES|C1853129|[lbtr]|["LABORATORY ABNORMALITIES"-tx-54-"laboratory abnormalities"-noun-0]|TX|5763/24|
00000000|MMI|3.43|Airway structure|C0458827|[bpoc]|["Airway"-tx-32-"airway"-noun-0]|TX|3543/6|
00000000|MMI|3.43|Artificial Airways|C0178987|[medd]|["Airway, NOS"-tx-32-"airway"-noun-0]|TX|3543/6|
00000000|MMI|3.43|Episode of|C0332189|[tmco]|["Episode of"-tx-35-"episode of"-noun-0]|TX|4096/10|
00000000|MMI|3.43|Medications:-:Point in time:^Patient:-|C2598133|[clna]|["Medications"-tx-42-"medications"-noun-0]|TX|5194/11|
00000000|MMI|3.43|Medications:Presence or Identity:Duration of the study:^Patient:Nominal|C0802604|[clna]|["Medications"-tx-42-"medications"-noun-0]|TX|5194/11|
00000000|MMI|3.43|Pharmaceutical Preparations|C0013227|[phsu]|["Medications"-tx-42-"medications"-noun-0]|TX|5194/11|D26
00000000|MMI|3.43|Cover - action|C1999244|[ftcn]|["Coverage"-tx-43-"coverage"-noun-0]|TX|5317/8|
00000000|MMI|3.43|Decreased|C0205216|[qnco]|["Decreased"-tx-30-"decreased"-adj-0]|TX|3377/9|
00000000|MMI|3.43|Decreasing|C0442797|[qlco]|["decreased"-tx-30-"decreased"-adj-0]|TX|3377/9|
00000000|MMI|3.43|Long|C0205166|[qlco]|["Long"-tx-43-"long"-adj-0]|TX|5292/4|
00000000|MMI|3.43|Long Variable|C1706317|[qlco]|["Long"-tx-43-"long"-adj-0]|TX|5292/4|
00000000|MMI|3.43|Reduced|C0392756|[qlco]|["Decreased"-tx-30-"decreased"-adj-0]|TX|3377/9|
00000000|MMI|3.43|coverage - HL7PublishingDomain|C3854012|[inpr]|["coverage"-tx-43-"coverage"-noun-0]|TX|5317/8|
00000000|MMI|3.43|coverage - financial contract|C1551362|[idcn]|["coverage"-tx-43-"coverage"-noun-0]|TX|5317/8|
00000000|MMI|3.42|Registered nurse|C0687673|[prog]|["R.N."-tx-44-"r.n"-adj-0]|TX|5367/3|
00000000|MMI|3.42|90%|C3842582|[fndg]|["90%"-tx-10-"90"-percentage-0]|TX|1383/2|
00000000|MMI|3.42|<90|C0439087|[qnco]|["<90"-tx-10-"90"-percentage-0]|TX|1383/2|
00000000|MMI|3.42|>90|C0439083|[qnco]|[">90"-tx-10-"90"-percentage-0]|TX|1383/2|
00000000|MMI|3.42|Bacterial|C0521009|[qlco]|["Bacterial"-tx-27-"bacterial"-adj-0]|TX|2972/9|
00000000|MMI|3.42|Gradual|C0439833|[qlco]|["Gradual"-tx-40-"gradual"-adj-0]|TX|4854/7|
00000000|MMI|3.42|Probable diagnosis|C0332148|[qlco]|["Likely"-tx-27-"likely"-adj-0]|TX|2946/6|
00000000|MMI|3.42|Probably|C0750492|[idcn]|["Likely"-tx-27-"likely"-adj-0]|TX|2946/6|
00000000|MMI|3.42|Resolution|C2699488|[cnce]|["Resolution"-tx-40-"resolution"-noun-0]|TX|4862/10|
00000000|MMI|3.42|Resolution Property|C1706463|[qnco]|["Resolution"-tx-40-"resolution"-noun-0]|TX|4862/10|
00000000|MMI|3.42|Sometimes|C1998882|[tmco]|["Occasionally"-tx-7-"occasionally"-adv-0]|TX|751/12|
00000000|MMI|3.42|physiologic resolution|C1514893|[patf]|["Resolution"-tx-40-"resolution"-noun-0]|TX|4862/10|
00000000|MMI|3.42|Area|C0205146|[spco]|["AREA"-tx-25-"area"-noun-0]|TX|2617/4|
00000000|MMI|3.42|Clear|C2963144|[qlco]|["Clear"-tx-35-"clear"-adj-0]|TX|4071/5|
00000000|MMI|3.42|Consolidation|C0702116|[qlco]|["Consolidation"-tx-25-"consolidation"-noun-0]|TX|2625/13|
00000000|MMI|3.42|Geographic Locations|C0017446|[geoa]|["Area"-tx-25-"area"-noun-0]|TX|2617/4|Z01
00000000|MMI|3.42|Negative Surgical Margin|C1709157|[fndg]|["Clear"-tx-35-"clear"-adj-1]|TX|4071/5|
00000000|MMI|3.42|Inhaler Dosing Unit|C1881212|[qnco]|["INHALER"-tx-44-"inhaler"-noun-0]|TX|5342/7|
00000000|MMI|3.42|Puff unit dose|C1533107|[qnco]|["Puffs"-tx-44-"puffs"-noun-0]|TX|5352