00000000|MMI|58.63|Patient Discharge|C0030685|[hlca]|["Discharge"-tx-39-"Discharge"-noun-0,"Discharge"-tx-38-"discharge"-noun-0,"Discharge"-tx-36-"discharge"-noun-0]|TX|3297/9;3220/9;3065/9|E02.204.125;E02.760.400.610;N02.421.192.125;N02.421.585.400.610;N04.590.233.727.210.125
00000000|MMI|53.52|Mongolia|C0026410|[geoa]|["MG"-tx-48-"mg"-noun-0,"MG"-tx-47-"mg"-noun-0,"MG"-tx-46-"mg"-noun-0,"MG"-tx-10-"mg"-noun-0]|TX|3962/2;3889/2;3794/2;1329/2|Z01.252.474.651
00000000|MMI|49.23|Postoperative Period|C0032790|[tmco]|["Postoperative"-tx-35-"postoperative"-noun-0,"Postoperative Period"-tx-35-"postoperative period"-noun-0,"Postoperative"-tx-33-"postoperative"-noun-0]|TX|3036/13;2911/20;2780/13|E04.614.750;N02.421.585.753.750
00000000|MMI|45.56|Body Weight|C0005910|[orga]|["Weight"-tx-37-"weight"-noun-0]|TX|[3163/6],[3186/6]|C23.888.144;E01.370.600.115.100.160.120;E05.041.124.160.750;G07.100.100.160.120;G07.700.320.249.314.120
00000000|MMI|36.25|Daily|C0332173|[tmco]|["/day"-tx-47-"day"-noun-0,"/day"-tx-46-"day"-noun-0,"Daily"-tx-46-"daily"-adv-0,"/day"-tx-35-"day"-noun-0,"Daily"-tx-10-"daily"-adv-0]|TX|3906/3;[3811/3],[3845/3];3773/5;3050/3;[1307/5],[1369/5],[1399/5]|
00000000|MMI|32.78|Chlorides|C0008203|[inch]|["Chloride, NOS"-tx-39-"chloride"-noun-0,"Chloride, NOS"-tx-25-"chloride"-noun-0]|TX|3366/8;2155/8|D01.210.450.150;D01.248.497.158.215
00000000|MMI|32.73|Hematocrit procedure|C0018935|[lbpr]|["Hematocrit"-tx-40-"hematocrit"-noun-0,"Hematocrit"-tx-26-"hematocrit"-noun-0]|TX|3445/10;2235/10|E01.370.225.625.400;E05.200.625.400;G09.188.370.374
00000000|MMI|32.72|Coronary Arteriosclerosis|C0010054|[dsyn]|["coronary artery disease"-tx-1-"CORONARY ARTERY DISEASE"-noun-0]|TX|[63/23],[199/23]|C14.280.647.250.260;C14.907.137.126.339;C14.907.585.250.260
00000000|MMI|32.72|Coronary Artery Disease|C1956346|[dsyn]|["CORONARY ARTERY DISEASE"-tx-1-"CORONARY ARTERY DISEASE"-noun-0]|TX|[63/23],[199/23]|C14.280.647.250.260;C14.907.137.126.339;C14.907.585.250.260
00000000|MMI|32.69|Creatinine|C0010294|[bacs,orch]|["CREATININE"-tx-39-"creatinine"-noun-0,"CREATININE"-tx-25-"creatinine"-noun-0]|TX|3398/10;2188/10|D03.383.129.308.207
00000000|MMI|32.66|Angioplasty|C0162577|[topp]|["Angioplasty"-tx-7-"angioplasty"-noun-0,"Angioplasty"-tx-3-"angioplasty"-noun-0]|TX|1091/11;456/11|E02.148.050;E04.100.814.529.124;E04.502.382.124;E05.157.016
00000000|MMI|32.57|Coronary Artery Bypass Surgery|C0010055|[topp]|["Coronary Artery Bypass Graft"-tx-8-"Coronary artery bypass graft"-noun-0,"Coronary Artery Bypass Graft"-tx-3-"coronary artery bypass graft"-noun-0]|TX|1144/28;480/28|E04.100.376.719.332;E04.100.814.868.750;E04.928.220.520.220
00000000|MMI|28.77|Homo sapiens|C0086418|[humn]|["MAN"-tx-3-"man"-noun-0]|TX|406/3|B01.050.150.900.649.801.400.112.400.400
00000000|MMI|28.74|Obesity|C0028754|[dsyn]|["OBESE"-tx-21-"obese"-adj-0]|TX|1934/5|C18.654.726.500;C23.888.144.699.500;E01.370.600.115.100.160.120.699.500;G07.100.100.160.120.699.500
00000000|MMI|26.44|Blood Platelets|C0005821|[cell]|["Platelets"-tx-40-"platelets"-noun-0,"Platelets"-tx-26-"platelets"-noun-0]|TX|3465/9;2251/9|A11.118.188;A15.145.229.188
00000000|MMI|26.44|Glucose|C0017725|[bacs,orch,phsu]|["GLUCOSE"-tx-39-"glucose"-noun-0,"GLUCOSE"-tx-25-"glucose"-noun-0]|TX|3415/7;2205/7|D09.546.359.448
00000000|MMI|26.38|Coronary heart disease|C0010068|[dsyn]|["Coronary (artery) disease"-tx-1-"CORONARY ARTERY DISEASE"-noun-0]|TX|[63/23],[199/23]|C14.280.647.250;C14.907.585.250
00000000|MMI|26.34|Potassium|C0032821|[elii]|["POTASSIUM"-tx-39-"potassium"-noun-0,"POTASSIUM"-tx-25-"potassium"-noun-0]|TX|3350/9;2139/9|D01.268.549.550;D01.268.557.575;D01.552.528.652;D01.552.547.650;x.x.x.x
00000000|MMI|26.31|Sodium|C0037473|[bacs,elii]|["SODIUM"-tx-39-"sodium"-noun-0,"SODIUM"-tx-25-"Sodium"-noun-0]|TX|3334/6;2126/6|D01.268.549.750;D01.268.557.650;D01.552.528.850;D01.552.547.725;x.x.x.x
00000000|MMI|26.31|Caucasoid Race|C0007457|[popg]|["WHITE"-tx-40-"White"-adj-0,"WHITE"-tx-26-"White"-adj-0]|TX|3427/5;2217/5|M01.686.508.400
00000000|MMI|24.11|Angina, Unstable|C0002965|[dsyn]|["Angina, Unstable"-tx-3-"unstable angina"-noun-0]|TX|561/15|C10.597.617.192.500.150;C14.280.647.187.150;C14.907.585.187.150;C23.888.592.612.233.500.150
00000000|MMI|24.11|Oximetry, Pulse|C0034108|[diap]|["Oximetry, Pulse"-tx-24-"pulse oximetry"-noun-0]|TX|2086/14|E01.370.225.124.100.100.600;E01.370.370.380.600;E01.370.386.700.100.600;E05.200.124.100.100.600
00000000|MMI|22.48|Surgical aspects|C0038895|[ftcn]|["surgery"-tx-8-"surgery"-noun-0]|TX|1200/7|x.x.x.x.x.x.x
00000000|MMI|20.59|Time|C0040223|[tmco]|["times"-tx-47-"times"-noun-0,"times"-tx-46-"times"-noun-0]|TX|3898/5;[3803/5],[3837/5]|G01.910
00000000|MMI|20.18|Appointments|C0003629|[idcn]|["Appointments"-tx-45-"appointments"-noun-0,"Appointment"-tx-43-"appointment"-noun-0]|TX|3679/12;3601/11|N04.452.095
00000000|MMI|19.69|Heart Bypass, Left|C0242839|[topp]|["Left Coronary artery bypass graft"-tx-30-"coronary artery bypass graft left"-noun-0,"Left Coronary artery bypass graft"-tx-2-"coronary artery bypass graft left"-noun-0]|TX|2414/28,2453/4;251/28,290/4|E04.292.465
00000000|MMI|19.57|Thoracotomy|C0039991|[topp]|["THORACOTOMY"-tx-30-"thoracotomy"-noun-0,"THORACOTOMY"-tx-2-"thoracotomy"-noun-0]|TX|2458/11;295/11|E04.928.760
00000000|MMI|19.45|Activated Partial Thromboplastin Time measurement|C0030605|[lbpr]|["PTT"-tx-27-"PTT"-noun-0]|TX|2285/3|E01.370.225.625.115.600;E05.200.625.115.600;G09.188.660
00000000|MMI|19.45|Temperature|C0039476|[qnco]|["*Temperature"-tx-36-"temperature"-noun-0]|TX|3075/11|G01.906.595;G16.500.275.063.725.710;G16.500.750.775.710;N06.230.150.450;N06.230.300.100.725.710
00000000|MMI|19.40|International Normalized Ratio|C0525032|[lbpr]|["INR"-tx-27-"INR"-noun-0]|TX|2267/3|E01.370.225.625.115.320;E05.200.625.115.320
00000000|MMI|19.23|Lopressor|C0700776|[orch,phsu]|["Lopressor"-tx-47-"Lopressor"-noun-0]|TX|3874/9|D02.033.100.624.698.573;D02.033.755.624.698.573;D02.092.063.624.698.573
00000000|MMI|19.22|Pyloric Stenosis, Hypertrophic|C0700639|[cgab,dsyn]|["Infantile Pyloric Stenosis"-tx-8-"pyloric stenosis infant"-noun-0]|TX|1183/16,1214/6|C06.405.748.340.690.500
00000000|MMI|17.80|Electrocardiogram|C0013798|[fndg]|["EKG"-tx-29-"EKG"-noun-0]|TX|2315/3|E01.370.370.380.240;E01.370.405.240
00000000|MMI|17.80|Electrocardiography|C1623258|[diap]|["EKG"-tx-29-"EKG"-noun-0]|TX|2315/3|E01.370.370.380.240;E01.370.405.240
00000000|MMI|17.80|Pain|C0030193|[sosy]|["PAIN"-tx-48-"pain"-noun-0]|TX|3946/4|C10.597.617;C23.888.592.612;F02.830.816.444;G11.561.600.810.444
00000000|MMI|17.80|Togo|C0040363|[geoa]|["TO"-tx-45-"to"-adv-0]|TX|3697/2|Z01.058.290.190.800
00000000|MMI|17.80|Tryptophanase|C0041260|[aapp,enzy]|["TO"-tx-45-"to"-adv-0]|TX|3697/2|D08.811.520.224.800
00000000|MMI|16.30|Body Temperature|C0005903|[orga]|["temperature"-tx-36-"temperature"-noun-0]|TX|3075/11|E01.370.600.875.374;G07.110
00000000|MMI|16.27|Blood Pressure|C0005823|[orgf]|["BLOOD PRESSURE"-tx-16-"blood pressure"-noun-0]|TX|1709/14|E01.370.600.875.249;G09.330.380.076
00000000|MMI|16.27|Systemic arterial pressure|C1272641|[fndg]|["Blood pressure"-tx-16-"blood pressure"-noun-0]|TX|1709/14|G09.330.380.076.347
00000000|MMI|16.26|Cardiac Catheterization Procedures|C0018795|[hlca]|["Cardiac catheterisation"-tx-4-"Cardiac catheterization"-noun-0]|TX|579/23|E01.370.370.380.140;E02.148.442;E05.157.250
00000000|MMI|16.26|Fat-Restricted Diet|C0242970|[topp]|["Low fat diet, NOS"-tx-13-"low fat diet"-noun-0]|TX|1533/12|E02.642.249.260;G07.203.650.240.260
00000000|MMI|16.25|Cicatrix|C2004491|[patf]|["Scar NOS"-tx-22-"scar"-noun-0]|TX|2011/4|A10.165.450.300;C23.550.355.274;G16.100.856.891.249
00000000|MMI|16.25|Pulse Rate|C0232117|[clna]|["PULSE"-tx-16-"pulse"-noun-0]|TX|1686/5|E01.370.600.875.500;G09.330.380.500
00000000|MMI|16.22|Beer|C0004922|[food]|["Beers"-tx-12-"beers"-noun-0]|TX|1501/5|G07.203.100.100.200;J02.200.100.200
00000000|MMI|16.21|Axid|C0678129|[orch,phsu]|["Axid"-tx-48-"Axid"-noun-0]|TX|3953/4|D02.886.675.500;D03.383.129.708.500
00000000|MMI|16.19|day|C0439228|[tmco]|["DAY"-tx-47-"day"-noun-0,"DAY"-tx-46-"day"-noun-0,"DAY"-tx-35-"day"-noun-0]|TX|3906/3;[3811/3],[3845/3];3050/3|
00000000|MMI|16.19|per day|C0439505|[tmco]|["/day"-tx-47-"day"-noun-0,"/day"-tx-46-"day"-noun-0,"/day"-tx-35-"day"-noun-0]|TX|3906/3;[3811/3],[3845/3];3050/3|
00000000|MMI|16.08|Isosorbide|C0022251|[orch,phsu]|["ISOSORBIDE"-tx-10-"Isosorbide"-noun-0]|TX|1315/10|D02.033.800.813.480;D09.853.813.480
00000000|MMI|16.05|Dominican Republic|C0013014|[geoa]|["DR"-tx-43-"Dr"-noun-0]|TX|3618/2|Z01.107.084.900.300;Z01.639.880.300
00000000|MMI|14.64|Abdominal Cavity|C0230168|[blor]|["Abdomen"-tx-21-"Abdomen"-noun-0]|TX|1923/7|A01.923.047.025
00000000|MMI|14.64|Icterus|C0022346|[patf]|["JAUNDICE"-tx-17-"jaundice"-noun-1]|TX|1736/8|C23.550.429.500;C23.888.885.375
00000000|MMI|14.64|Needs|C0027552|[qlco]|["Need"-tx-45-"need"-verb-0]|TX|3692/4|N03.349.380.420;N05.300.450
00000000|MMI|14.64|Smoking|C0037369|[inbe]|["SMOKING"-tx-11-"Smoking"-verb-0]|TX|1423/7|F01.145.958.500
00000000|MMI|14.62|30%|C3842588|[fndg]|["30%"-tx-46-"30"-integer-0,"30%"-tx-39-"30"-integer-0,"30%"-tx-25-"30"-integer-0,"30%"-tx-10-"30"-integer-0]|TX|3791/2;3384/2;2174/2;1326/2|
00000000|MMI|14.51|Magnesium Cation|C2346927|[elii,phsu]|["Mg++"-tx-48-"mg"-noun-0,"Mg++"-tx-47-"mg"-noun-0,"Mg++"-tx-46-"mg"-noun-0,"Mg++"-tx-10-"mg"-noun-0]|TX|3962/2;3889/2;3794/2;1329/2|
00000000|MMI|14.51|Milligram percent|C1960952|[qnco]|["mg %"-tx-48-"mg"-noun-0,"mg %"-tx-47-"mg"-noun-0,"mg %"-tx-46-"mg"-noun-0,"mg %"-tx-10-"mg"-noun-0]|TX|3962/2;3889/2;3794/2;1329/2|
00000000|MMI|14.51|mg/dL|C0439269|[qnco]|["mg%"-tx-48-"mg"-noun-0,"mg%"-tx-47-"mg"-noun-0,"mg%"-tx-46-"mg"-noun-0,"mg%"-tx-10-"mg"-noun-0]|TX|3962/2;3889/2;3794/2;1329/2|
00000000|MMI|14.30|Three|C0205449|[qnco]|["Three"-tx-47-"three"-word_numeral-0,"Three"-tx-46-"three"-word_numeral-0,"Three"-tx-14-"three"-word_numeral-0]|TX|3892/5;[3797/5],[3831/5];1586/5|
00000000|MMI|13.14|Evaluation|C0220825|[hlca]|["Evaluation"-tx-25-"EVALUATION"-noun-0]|TX|2114/10|E05.337;N05.715.360.335
00000000|MMI|13.14|Home visit (procedure)|C0020043|[hlca]|["home services"-tx-41-"Home services"-noun-0]|TX|3504/4,3514/8|N04.452.758.307
00000000|MMI|13.09|Kyrgyzstan|C0022718|[geoa]|["KG"-tx-37-"kg"-noun-0]|TX|3200/2|Z01.252.100.450;Z01.586.200.450;Z01.586.950.450
00000000|MMI|13.08|intensive care unit|C0021708|[hcro,mnob]|["INTENSIVE CARE UNIT"-tx-33-"Intensive Care Unit"-noun-0]|TX|2734/19|N02.278.388.493
00000000|MMI|13.07|Operating Room|C0029064|[hcro,mnob]|["OPERATING ROOM"-tx-30-"operating room"-noun-0]|TX|2385/14|N02.278.388.700
00000000|MMI|13.07|Dental Occlusion|C0011382|[ortf]|["Occlusion"-tx-4-"occlusion"-noun-0]|TX|784/9|E06.276;G10.549.235.202
00000000|MMI|13.05|Fever|C0015967|[fndg]|["HYPERTHERMIA"-tx-31-"hyperthermia"-noun-0]|TX|2633/12|C23.888.119.344
00000000|MMI|13.01|General surgery specialty|C1274039|[bmod]|["Surgery"-tx-8-"surgery"-noun-0]|TX|1200/7|H02.403.810.300
00000000|MMI|12.92|Pain management|C0002766|[topp]|["Pain Control"-tx-34-"pain control"-noun-0]|TX|2875/12|E02.745;N04.590.607.500
00000000|MMI|12.92|Diltiazem|C0012373|[orch,phsu]|["DILTIAZEM"-tx-46-"diltiazem"-noun-0]|TX|3781/9|D03.438.079.150
00000000|MMI|12.91|Auscultation|C0004339|[diap]|["AUSCULTATION"-tx-19-"auscultation"-noun-0]|TX|1863/12|E01.370.600.060
00000000|MMI|12.91|Pyloric Stenosis, Infantile Hypertrophic 1|C1867403|[dsyn]|["PYLORIC STENOSIS, INFANTILE"-tx-8-"pyloric stenosis infant"-noun-0]|TX|1183/16,1214/6|x.x.x.x
00000000|MMI|12.90|Physicians|C0031831|[prog]|["DR"-tx-43-"Dr"-noun-0]|TX|3618/2|M01.526.485.810;N02.360.810
00000000|MMI|11.49|Abdomen|C0000726|[blor]|["ABDOMEN"-tx-21-"Abdomen"-noun-0]|TX|1923/7|A01.923.047
00000000|MMI|11.49|Anemia|C0002871|[dsyn]|["ANEMIA"-tx-17-"anemia"-noun-1]|TX|1750/6|C15.378.071
00000000|MMI|11.49|Clubbed Fingers|C0009080|[anab]|["Clubbing"-tx-17-"clubbing"-noun-1]|TX|1776/8|C05.116.758;C05.550.684
00000000|MMI|11.49|Cyanosis|C0010520|[sosy]|["CYANOSIS"-tx-17-"cyanosis"-noun-1]|TX|1762/8|C23.888.248
00000000|MMI|11.49|Heart murmur|C0018808|[fndg]|["MURMUR"-tx-20-"murmur"-noun-1]|TX|1914/6|C23.888.447
00000000|MMI|11.49|Physical Examination|C0031809|[hlca]|["PHYSICAL EXAMINATION"-tx-16-"PHYSICAL EXAMINATION"-noun-0]|TX|1647/20|E01.370.600
00000000|MMI|11.07|0%|C3842591|[fndg]|["0%"-tx-39-"0"-real_number-0,"0%"-tx-27-"0"-real_number-0,"0%"-tx-25-"0"-real_number-0]|TX|3409/1;2271/1;2199/1|
00000000|MMI|10.98|Times|C1632851|[qnco]|["Times"-tx-47-"times"-noun-0,"Times"-tx-46-"times"-noun-0]|TX|3898/5;[3803/5],[3837/5]|
00000000|MMI|10.79|Two|C0205448|[qnco]|["Two"-tx-30-"two"-noun-0,"Two"-tx-3-"two"-noun-0,"Two"-tx-2-"two"-noun-0]|TX|2445/3;511/3;282/3|
00000000|MMI|10.57|20%|C3842589|[fndg]|["20%"-tx-11-"20"-integer-0,"20%"-tx-2-"20"-integer-0,"20%"-tx-1-"20"-fraction-0]|TX|1475/2;340/2;122/2|
00000000|MMI|10.57|Body Fluid Discharge|C0012621|[bdsu]|["Discharge"-tx-39-"Discharge"-noun-0,"Discharge"-tx-38-"discharge"-noun-0,"Discharge"-tx-36-"discharge"-noun-0]|TX|3297/9;3220/9;3065/9|
00000000|MMI|10.57|Discharge, body substance|C2926602|[bdsu]|["Discharge"-tx-39-"Discharge"-noun-0,"Discharge"-tx-38-"discharge"-noun-0,"Discharge"-tx-36-"discharge"-noun-0]|TX|3297/9;3220/9;3065/9|
00000000|MMI|10.42|Doctor of Medicine|C1512018|[inpr]|["M.D."-tx-51-"M.D"-noun-0,"M.D."-tx-49-"M.D"-noun-0]|TX|4085/3;4044/3|
00000000|MMI|10.42|Revealed|C0443289|[qlco]|["Revealed"-tx-29-"revealed"-verb-0,"Revealed"-tx-4-"revealed"-verb-0]|TX|2319/8;620/8|
00000000|MMI|10.06|Drug Allergy|C0013182|[dsyn]|["Drug Allergies"-tx-9-"drug allergies"-noun-1]|TX|1257/14|C20.543.206;C25.100.468
00000000|MMI|9.99|Disease Management|C0376636|[hlca]|["management"-tx-6-"management"-noun-0]|TX|992/10|N04.590.607
00000000|MMI|9.92|Stenosis|C1261287|[patf]|["Stenosis"-tx-4-"stenosis"-noun-0]|TX|692/8|C23.300.287
00000000|MMI|9.88|Child|C0008059|[aggp]|["Children"-tx-14-"children"-noun-0]|TX|1573/8|M01.060.406
00000000|MMI|9.87|Historical aspects qualifier|C0019665|[ftcn]|["history"-tx-11-"history"-noun-0]|TX|1431/7|x.x.x
00000000|MMI|9.85|Males|C0086582|[orga]|["MAN"-tx-3-"man"-noun-0]|TX|406/3|x.x.x
00000000|MMI|9.84|Median Sternotomy|C1282959|[topp]|["Median Sternotomy"-tx-22-"median sternotomy"-noun-0]|TX|1993/17|E04.928.710
00000000|MMI|9.84|Tracheal Extubation|C0553891|[topp]|["Extubate"-tx-33-"extubated"-verb-0]|TX|2767/9|E02.041.249;E05.008
00000000|MMI|9.81|Laboratory|C0022877|[mnob,orgt]|["LABORATORY"-tx-25-"LABORATORY"-noun-0]|TX|2103/10|N02.278.487
00000000|MMI|9.73|Mammary gland|C0929301|[bpoc]|["Mammary"-tx-5-"mammary"-noun-0]|TX|814/7|A01.236.249;A10.336.532
00000000|MMI|8.34|Hypersensitivity|C0020517|[patf]|["Allergies"-tx-9-"ALLERGIES"-noun-0]|TX|1237/9|C20.543
00000000|MMI|8.34|Legal patent|C0030650|[inpr]|["patent"-tx-5-"patent"-adj-0]|TX|872/6|V02.675
00000000|MMI|8.34|Lung|C0024109|[bpoc]|["LUNGS"-tx-19-"Lungs"-noun-0]|TX|1844/5|A04.411
00000000|MMI|8.34|Neck|C0027530|[blor]|["NECK"-tx-18-"Neck"-noun-0]|TX|1804/4|A01.598
00000000|MMI|7.70|Plain chest X-ray|C0039985|[diap]|["Chest X-ray"-tx-38-"Chest x-ray"-noun-0,"Chest X-ray"-tx-28-"Chest x-ray"-noun-0]|TX|3205/11;2294/11|
00000000|MMI|7.70|Simvastatin 10 MG|C0989914|[clnd]|["Simvastatin 10 MG"-tx-48-"simvastatin 10 mg"-noun-0,"Simvastatin 10 MG"-tx-10-"simvastatin 10 mg"-noun-0]|TX|3984/17;1346/17|
00000000|MMI|7.70|Views:Finding:Point in time:Chest:Narrative:XR|C1114557|[clna]|["Chest X-ray"-tx-38-"Chest x-ray"-noun-0,"Chest X-ray"-tx-28-"Chest x-ray"-noun-0]|TX|3205/11;2294/11|
00000000|MMI|7.53|Slow|C0439834|[qlco]|["Slow"-tx-35-"slow"-adj-0,"Slow"-tx-5-"slow"-adj-0]|TX|2959/4;943/4|
00000000|MMI|7.49|Importance Weight|C1705104|[idcn]|["Weight"-tx-37-"weight"-noun-0]|TX|[3163/6],[3186/6]|
00000000|MMI|7.49|Weighing patient|C1305866|[diap]|["weight"-tx-37-"weight"-noun-0]|TX|[3163/6],[3186/6]|
00000000|MMI|7.49|Weight|C0043100|[qnco]|["WEIGHT"-tx-37-"weight"-noun-0]|TX|[3163/6],[3186/6]|
00000000|MMI|7.47|Medical History|C0262926|[fndg]|["History"-tx-11-"history"-noun-0,"Past Medical History"-tx-8-"PAST MEDICAL HISTORY"-noun-0]|TX|1431/7;1122/20|
00000000|MMI|7.46|Operative Surgical Procedures|C0543467|[hlca]|["Surgery"-tx-8-"surgery"-noun-0,"Operative Procedure"-tx-2-"OPERATIVE PROCEDURE"-noun-0]|TX|1200/7;225/19|E04
00000000|MMI|7.40|Chloride Ion|C0596019|[elii]|["CHLORIDE"-tx-39-"chloride"-noun-0,"CHLORIDE"-tx-25-"chloride"-noun-0]|TX|3366/8;2155/8|
00000000|MMI|7.40|Platelets Adverse Event|C1963076|[fndg]|["Platelets"-tx-40-"platelets"-noun-0,"Platelets"-tx-26-"platelets"-noun-0]|TX|3465/9;2251/9|
00000000|MMI|7.40|cobaltous cation|C2347816|[elii,phsu]|["Co2+"-tx-39-"CO2"-noun-0,"Co2+"-tx-25-"CO2"-noun-0]|TX|3380/3;2170/3|
00000000|MMI|7.35|Hematocrit level|C0518014|[fndg]|["Hematocrit"-tx-40-"hematocrit"-noun-0,"Hematocrit"-tx-26-"hematocrit"-noun-0]|TX|3445/10;2235/10|
00000000|MMI|7.32|Sinus rhythm|C0232201|[fndg]|["SINUS RHYTHM"-tx-36-"sinus rhythm"-noun-0,"SINUS RHYTHM"-tx-29-"sinus rhythm"-noun-0]|TX|3106/12;2328/12|
00000000|MMI|7.31|Creatinine finding|C1561535|[fndg]|["Creatinine"-tx-39-"creatinine"-noun-0,"Creatinine"-tx-25-"creatinine"-noun-0]|TX|3398/10;2188/10|
00000000|MMI|7.31|Potassium Drug Class|C3714637|[phsu]|["POTASSIUM"-tx-39-"potassium"-noun-0,"POTASSIUM"-tx-25-"potassium"-noun-0]|TX|3350/9;2139/9|
00000000|MMI|7.31|Potassium Ion|C0597277|[elii,phsu]|["Potassium"-tx-39-"potassium"-noun-0,"Potassium"-tx-25-"potassium"-noun-0]|TX|3350/9;2139/9|
00000000|MMI|7.31|Potassium measurement|C0202194|[lbpr]|["Potassium+"-tx-39-"potassium"-noun-0,"Potassium+"-tx-25-"potassium"-noun-0]|TX|3350/9;2139/9|
00000000|MMI|7.31|Potassium supplement|C0304475|[inch,phsu]|["POTASSIUM"-tx-39-"potassium"-noun-0,"POTASSIUM"-tx-25-"potassium"-noun-0]|TX|3350/9;2139/9|
00000000|MMI|7.28|Angioplasty - Consent Type|C1548817|[hlca]|["Angioplasty"-tx-7-"angioplasty"-noun-0,"Angioplasty"-tx-3-"angioplasty"-noun-0]|TX|1091/11;456/11|
00000000|MMI|7.28|Sodium Cation|C0597484|[elii]|["Sodium+"-tx-39-"sodium"-noun-0,"Sodium+"-tx-25-"Sodium"-noun-0]|TX|3334/6;2126/6|
00000000|MMI|7.28|Sodium Drug Class|C3714642|[phsu]|["SODIUM"-tx-39-"sodium"-noun-0,"SODIUM"-tx-25-"Sodium"-noun-0]|TX|3334/6;2126/6|
00000000|MMI|7.28|Sodium supplements|C3541959|[phsu]|["Sodium"-tx-39-"sodium"-noun-0,"Sodium"-tx-25-"Sodium"-noun-0]|TX|3334/6;2126/6|
00000000|MMI|7.27|Caucasians|C0043157|[popg]|["WHITE"-tx-40-"White"-adj-0,"WHITE"-tx-26-"White"-adj-0]|TX|3427/5;2217/5|
00000000|MMI|7.27|Count|C0750480|[qnco]|["Count"-tx-40-"count"-noun-0,"Count"-tx-26-"count"-noun-0]|TX|3433/5;2223/5|
00000000|MMI|7.27|Count Dosing Unit|C1705566|[qnco]|["COUNT"-tx-40-"count"-noun-0,"COUNT"-tx-26-"count"-noun-0]|TX|3433/5;2223/5|
00000000|MMI|7.27|White color|C0220938|[qlco]|["WHITE"-tx-40-"White"-adj-0,"WHITE"-tx-26-"White"-adj-0]|TX|3427/5;2217/5|
00000000|MMI|7.25|Entire left radial artery|C1267375|[bpoc]|["Left radial artery"-tx-30-"left radial artery"-noun-0,"Left radial artery"-tx-2-"left radial artery"-noun-0]|TX|2524/18;311/18|
00000000|MMI|7.25|Structure of left radial artery|C0226439|[bpoc]|["Left radial artery"-tx-30-"left radial artery"-noun-0,"Left radial artery"-tx-2-"left radial artery"-noun-0]|TX|2524/18;311/18|
00000000|MMI|7.25|Saphenous vein graft|C0729538|[bpoc]|["SAPHENOUS VEIN GRAFT"-tx-30-"saphenous vein graft"-noun-0,"SAPHENOUS VEIN GRAFT"-tx-5-"saphenous vein graft"-noun-0]|TX|2476/20;889/20|
00000000|MMI|7.19|History of present illness|C0262512|[orga]|["History, NOS"-tx-11-"history"-noun-0,"HISTORY OF PRESENT ILLNESS"-tx-2-"of HISTORY PRESENT ILLNESS"-noun-0]|TX|1431/7;343/2,350/7,361/15|
00000000|MMI|7.19|coronary artery graft device|C1260596|[medd]|["coronary artery bypass graft"-tx-8-"Coronary artery bypass graft"-noun-0,"coronary artery bypass graft"-tx-3-"coronary artery bypass graft"-noun-0]|TX|1144/28;480/28|
00000000|MMI|7.18|Descending|C0205386|[qlco]|["Descending"-tx-5-"descending"-noun-0,"Descending"-tx-4-"descending"-noun-0]|TX|850/10;664/10|
00000000|MMI|7.18|Sequencing - Descending|C1547177|[ftcn]|["Descending"-tx-5-"descending"-noun-0,"Descending"-tx-4-"descending"-noun-0]|TX|850/10;664/10|
00000000|MMI|7.16|Surgical transfer - action|C0348011|[ftcn]|["transferred"-tx-33-"transferred"-verb-0]|TX|[2715/11],[2806/11]|
00000000|MMI|7.16|Transfer Technique|C1705822|[ftcn]|["Transferred"-tx-33-"transferred"-verb-0]|TX|[2715/11],[2806/11]|
00000000|MMI|7.13|Twice a day|C0585361|[tmco]|["Twice Daily"-tx-48-"twice daily"-adv-0,"Twice Daily"-tx-10-"twice daily"-adv-0]|TX|3970/11;1332/11|
00000000|MMI|7.12|Attempt|C1516084|[evnt]|["Attempted"-tx-7-"attempted"-adj-0,"Attempted"-tx-6-"attempted"-verb-0]|TX|1081/9;1007/9|
00000000|MMI|7.11|4+ Answer to question|C3838679|[fndg]|["4+"-tx-53-"4"-fraction-0]|TX|[4142/1],[4153/1]|
00000000|MMI|7.09|Obstruction|C0028778|[patf]|["Occlusion"-tx-4-"occlusion"-noun-0,"occluded"-tx-4-"occluded"-adj-0]|TX|784/9;632/8|
00000000|MMI|7.09|Occluded|C1947917|[ftcn]|["Occluded"-tx-4-"occluded"-adj-0,"Occlusion"-tx-4-"occlusion"-noun-0]|TX|632/8;784/9|
00000000|MMI|7.08|Small|C0700321|[qnco]|["SMALL"-tx-38-"small"-adj-0,"minutes"-tx-31-"minutes"-noun-0]|TX|3275/5;2601/7|
00000000|MMI|6.97|Signature|C1519316|[inpr]|["Signed"-tx-1-"Signed"-noun-0]|TX|[89/6],[145/6]|
00000000|MMI|6.97|signed - ParticipationSignature|C1561610|[inpr]|["signed"-tx-1-"Signed"-noun-0]|TX|[89/6],[145/6]|
00000000|MMI|6.96|Proximal|C0205107|[spco]|["PROXIMAL"-tx-4-"proximal"-adj-0]|TX|[641/8],[753/8]|
00000000|MMI|6.93|Diagonal|C0443198|[spco]|["Diagonal"-tx-30-"diagonal"-adj-0,"Diagonal"-tx-4-"diagonal"-adj-0]|TX|2550/8;681/8|
00000000|MMI|6.89|Left|C0205091|[spco]|["LEFT"-tx-38-"left"-adj-0,"LEFT"-tx-4-"left"-adj-0]|TX|3249/4;703/4|
00000000|MMI|6.89|Left sided|C0443246|[spco]|["Left"-tx-38-"left"-adj-0,"Left"-tx-4-"left"-adj-0]|TX|3249/4;703/4|
00000000|MMI|6.89|Table Cell Horizontal Align - left|C1552822|[ftcn]|["left"-tx-38-"left"-adj-0,"left"-tx-4-"left"-adj-0]|TX|3249/4;703/4|
00000000|MMI|6.83|Blood Vessel|C0005847|[bpoc]|["Vessels"-tx-5-"vessels"-noun-0]|TX|974/7|A07.231
00000000|MMI|6.71|History|C0019664|[ocdi]|["History"-tx-11-"history"-noun-0]|TX|1431/7|K01.400
00000000|MMI|6.71|Catheterization|C0007430|[topp]|["Catheterization"-tx-7-"catheterization"-noun-0]|TX|1042/15|E02.148;E05.157
00000000|MMI|6.69|Male population group|C0025266|[popg]|["Man"-tx-3-"man"-noun-0]|TX|406/3|M01.390
00000000|MMI|6.57|Breast|C0006141|[bpoc]|["Mammary"-tx-5-"mammary"-noun-0]|TX|814/7|A01.236
00000000|MMI|5.18|*Activity (kind of quantity)|C1561536|[idcn]|["*Activity"-tx-42-"activity"-noun-0]|TX|3568/8|
00000000|MMI|5.18|Active|C0205177|[ftcn]|["Activity"-tx-42-"activity"-noun-0]|TX|3568/8|
00000000|MMI|5.18|Activities|C0441655|[acty]|["ACTIVITY"-tx-42-"activity"-noun-0]|TX|3568/8|
00000000|MMI|5.18|Activity (animal life circumstance)|C3668946|[fndg]|["Activity"-tx-42-"activity"-noun-0]|TX|3568/8|
00000000|MMI|5.18|Atenolol 25 MG|C0983888|[clnd]|["Atenolol 25 MG"-tx-10-"Atenolol 25 mg"-noun-0]|TX|1287/14|
00000000|MMI|5.18|CDISC SDTM Discharge Disposition Terminology|C3541348|[inpr]|["Discharge Disposition"-tx-41-"DISCHARGE DISPOSITION"-noun-0]|TX|3481/21|
00000000|MMI|5.18|Cardiopulmonary bypass time|C0429123|[fndg]|["Cardiopulmonary bypass time"-tx-31-"cardiopulmonary bypass time"-noun-0]|TX|2565/27|
00000000|MMI|5.18|Clubbing|C0149651|[sosy]|["CLUBBING"-tx-17-"clubbing"-noun-1]|TX|1776/8|
00000000|MMI|5.18|Discharge disposition:Type:Pt:^Patient:Nom|C4019243|[clna]|["Discharge disposition"-tx-41-"DISCHARGE DISPOSITION"-noun-0]|TX|3481/21|
00000000|MMI|5.18|Edema of foot (finding)|C0574002|[sosy]|["Pedal oedema"-tx-17-"pedal edema"-noun-1]|TX|1790/11|
00000000|MMI|5.18|Entire abdomen|C1281594|[bpoc]|["Abdomen"-tx-21-"Abdomen"-noun-0]|TX|1923/7|
00000000|MMI|5.18|Entire neck|C1281592|[bpoc]|["Neck"-tx-18-"Neck"-noun-0]|TX|1804/4|
00000000|MMI|5.18|FDA Establishment Activity Terminology|C4049939|[inpr]|["ACTIVITY"-tx-42-"activity"-noun-0]|TX|3568/8|
00000000|MMI|5.18|Fibrillation|C0232197|[dsyn]|["FIBRILLATION"-tx-31-"fibrillation"-noun-0]|TX|2650/12|
00000000|MMI|5.18|Gait normal|C0231683|[fndg]|["Normal"-tx-28-"normal"-adj-0]|TX|2306/6|
00000000|MMI|5.18|Genus Anemia|C1000483|[plnt]|["Anemia"-tx-17-"anemia"-noun-0]|TX|1750/6|
00000000|MMI|5.18|Good|C0205170|[qlco]|["Well"-tx-22-"Well"-adv-0]|TX|1981/4|
00000000|MMI|5.18|Healed|C0205249|[ftcn]|["Healed"-tx-22-"healed"-verb-0]|TX|1986/6|
00000000|MMI|5.18|Hospital course|C0489547|[fndg]|["Hospital course"-tx-30-"HOSPITAL COURSE"-noun-0]|TX|2348/15|
00000000|MMI|5.18|Hospital course:Finding:Point in time:^Patient:Narrative|C0488549|[clna]|["Hospital course"-tx-30-"HOSPITAL COURSE"-noun-0]|TX|2348/15|
00000000|MMI|5.18|Including (qualifier)|C0332257|[ftcn]|["included"-tx-39-"included"-verb-0]|TX|3323/8|
00000000|MMI|5.18|Low cholesterol-low saturated fat diet|C2243019|[topp]|["Low cholesterol-low saturated fat diet"-tx-42-"Low cholesterol low saturated fat diet"-noun-0]|TX|3525/15,3543/22|
00000000|MMI|5.18|MRC1 gene|C1417249|[gngm]|["MR"-tx-2-"Mr"-noun-0]|TX|378/2|
00000000|MMI|5.18|Mean Percent of Normal|C2347086|[qnco]|["% Normal"-tx-28-"normal"-adj-0]|TX|2306/6|
00000000|MMI|5.18|Medical Device Emits Smoke|C1881674|[phpr]|["Smoking"-tx-11-"Smoking"-verb-0]|TX|1423/7|
00000000|MMI|5.18|Medication.discharge|C0806915|[fndg]|["Discharge medications"-tx-46-"DISCHARGE MEDICATIONS"-noun-0]|TX|3715/21|
00000000|MMI|5.18|Medications:-:Point in time:^Patient:-|C2598133|[clna]|["Medications"-tx-10-"MEDICATIONS"-noun-0]|TX|1274/11|
00000000|MMI|5.18|Medications:Presence or Identity:Duration of the study:^Patient:Nominal|C0802604|[clna]|["Medications"-tx-10-"MEDICATIONS"-noun-0]|TX|1274/11|
00000000|MMI|5.18|Minor Response|C4050513|[fndg]|["MR"-tx-2-"Mr"-noun-0]|TX|378/2|
00000000|MMI|5.18|Mr. - Title|C2347167|[cnce]|["Mr."-tx-2-"Mr"-noun-0]|TX|378/2|
00000000|MMI|5.18|Narrow|C0333164|[qnco]|["Narrowed"-tx-5-"narrowed"-verb-0]|TX|958/8|
00000000|MMI|5.18|Normal|C0205307|[qlco]|["NORMAL"-tx-28-"normal"-adj-0]|TX|2306/6|
00000000|MMI|5.18|Normal bowel sounds|C0278005|[sosy]|["Normal bowel sounds"-tx-21-"normal bowel sounds"-noun-0]|TX|1959/19|
00000000|MMI|5.18|Open|C0175566|[spco]|["Patent"-tx-5-"patent"-adj-0]|TX|872/6|
00000000|MMI|5.18|PMH - past medical history|C0455458|[fndg]|["Past medical history"-tx-8-"PAST MEDICAL HISTORY"-noun-0]|TX|1122/20|
00000000|MMI|5.18|Pain NOS Adverse Event|C1962977|[fndg]|["Pain NOS"-tx-48-"pain"-noun-0]|TX|3946/4|
00000000|MMI|5.18|Palpable|C0522499|[qlco]|["Palpable"-tx-23-"palpable"-adj-0]|TX|2040/8|
00000000|MMI|5.18|Patient need for (contextual qualifier)|C0686904|[ftcn]|["need"-tx-45-"need"-verb-0]|TX|3692/4|
00000000|MMI|5.18|Percent Activity|C0439167|[qnco]|["% Activity"-tx-42-"activity"-noun-0]|TX|3568/8|
00000000|MMI|5.18|Percent normal|C0439166|[qnco]|["% normal"-tx-28-"normal"-adj-0]|TX|2306/6|
00000000|MMI|5.18|Peripheral pulse|C0232139|[ortf]|["peripheral pulses"-tx-23-"peripheral pulses"-noun-0]|TX|2022/17|
00000000|MMI|5.18|Pharmaceutical Preparations|C0013227|[phsu]|["Medications"-tx-10-"MEDICATIONS"-noun-0]|TX|1274/11|D26
00000000|MMI|5.18|Physical Activity Measurement|C4049938|[lbpr]|["ACTIVITY"-tx-42-"activity"-noun-0]|TX|3568/8|
00000000|MMI|5.18|Requirement|C1514873|[ftcn]|["Required"-tx-34-"required"-verb-0]|TX|2856/8|
00000000|MMI|5.18|Schedule (document type)|C0086960|[inpr]|["Scheduled"-tx-45-"scheduled"-verb-0]|TX|3703/9|
00000000|MMI|5.18|Scheduled - priority|C1571999|[qlco]|["Scheduled"-tx-45-"scheduled"-verb-0]|TX|3703/9|
00000000|MMI|5.18|Scheduled - procedure status|C0205539|[qlco]|["Scheduled"-tx-45-"scheduled"-verb-0]|TX|3703/9|
00000000|MMI|5.18|Social History|C3714536|[fndg]|["Social History"-tx-11-"SOCIAL HISTORY"-noun-0]|TX|1407/14|
00000000|MMI|5.18|Social and personal history|C0424945|[fndg]|["Social history"-tx-11-"SOCIAL HISTORY"-noun-0]|TX|1407/14|
00000000|MMI|5.18|Surgical action|C0677612|[ftcn]|["operative procedure"-tx-2-"OPERATIVE PROCEDURE"-noun-0]|TX|225/19|
00000000|MMI|5.18|To|C1883351|[qlco]|["To"-tx-45-"to"-adv-0]|TX|3697/2|
00000000|MMI|5.18|Tobacco smoking behavior|C0453996|[inbe]|["Smoking"-tx-11-"Smoking"-verb-0]|TX|1423/7|
00000000|MMI|5.18|Unsuccessful|C1272705|[qlco]|["Unsuccessful"-tx-7-"unsuccessful"-adj-0]|TX|1107/12|
00000000|MMI|5.18|Use of|C1524063|[ftcn]|["Using"-tx-30-"using"-verb-0]|TX|2470/5|
00000000|MMI|5.18|Used by|C1273517|[fndg]|["used"-tx-32-"used"-verb-1]|TX|2683/4|
00000000|MMI|5.18|Well|C3146287|[mnob]|["Well"-tx-22-"Well"-adv-0]|TX|1981/4|
00000000|MMI|5.18|dendritic spine neck|C3159206|[celc]|["neck"-tx-18-"Neck"-noun-0]|TX|1804/4|
00000000|MMI|5.18|disposition of patient discharged to|C1550390|[fndg]|["Discharge Disposition"-tx-41-"DISCHARGE DISPOSITION"-noun-0]|TX|3481/21|
00000000|MMI|5.18|jaundice|C2010848|[fndg]|["jaundice"-tx-17-"jaundice"-noun-1]|TX|1736/8|
00000000|MMI|3.98|Make - Instruction Imperative|C1881534|[ftcn]|["Make"-tx-35-"made"-verb-0]|TX|2954/4|
00000000|MMI|3.98|Show|C1547282|[anim]|["Show"-tx-38-"showed"-verb-0]|TX|3230/6|
00000000|MMI|3.85|Right coronary artery occlusion|C1290385|[dsyn]|["Right coronary artery occlusion"-tx-4-"right coronary artery occlusion"-noun-0]|TX|762/31|
00000000|MMI|3.75|Discharge date|C2361123|[tmco]|["Discharge date"-tx-1-"Discharge Date"-noun-0]|TX|152/14|
00000000|MMI|3.75|Discharge date:Time Stamp -- Date and Time:Point in time:^Patient:Quantitative|C2361122|[clna]|["Discharge date"-tx-1-"Discharge Date"-noun-0]|TX|152/14|
00000000|MMI|3.75|Laboratory Data Domain|C1705214|[idcn]|["Laboratory Data"-tx-39-"laboratory data"-noun-0]|TX|3307/15|
00000000|MMI|3.72|Aspirin 325 MG|C0992015|[clnd]|["Aspirin 325 MG"-tx-46-"aspirin 325 mg"-noun-0]|TX|3753/14|
00000000|MMI|3.68|% index|C1637833|[qnco]|["% index"-tx-52-"Index"-noun-0]|TX|4119/5|
00000000|MMI|3.68|23|C0450348|[qnco]|["23"-tx-27-"23"-integer-0]|TX|2289/2|
00000000|MMI|3.68|97|C0439073|[inpr]|["97"-tx-39-"97"-integer-0]|TX|3375/2|
00000000|MMI|3.68|>97|C0439082|[qnco]|[">97"-tx-39-"97"-integer-0]|TX|3375/2|
00000000|MMI|3.68|Administration occupational activities|C0001554|[ocac]|["Management"-tx-6-"management"-noun-0]|TX|992/10|
00000000|MMI|3.68|Attending (action)|C1999232|[ftcn]|["attending"-tx-50-"Attending"-noun-0]|TX|4054/9|
00000000|MMI|3.68|Attending (provider role)|C1547429|[prog]|["Attending"-tx-50-"Attending"-noun-0]|TX|4054/9|
00000000|MMI|3.68|Evaluation procedure|C1261322|[hlca]|["Evaluation"-tx-25-"EVALUATION"-noun-0]|TX|2114/10|
00000000|MMI|3.68|Evening|C0587117|[tmco]|["Evening"-tx-33-"evening"-noun-0]|TX|2843/7|
00000000|MMI|3.68|Gram per Deciliter|C0439267|[qnco]|["g%"-tx-50-"G"-noun-0]|TX|4073/1|
00000000|MMI|3.68|Html Link Type - index|C1552854|[idcn]|["index"-tx-52-"Index"-noun-0]|TX|4119/5|
00000000|MMI|3.68|Index|C0918012|[inpr]|["Index"-tx-52-"Index"-noun-0]|TX|4119/5|
00000000|MMI|3.68|Management Occupations|C3273539|[ocdi]|["Management"-tx-6-"management"-noun-0]|TX|992/10|
00000000|MMI|3.68|Management procedure|C1273870|[ocac]|["Management"-tx-6-"management"-noun-0]|TX|992/10|
00000000|MMI|3.68|Medical|C0205476|[ftcn]|["Medical"-tx-6-"Medical"-noun-0]|TX|984/7|
00000000|MMI|3.68|Medical service|C0199168|[hlca]|["Medical"-tx-6-"Medical"-noun-0]|TX|984/7|
00000000|MMI|3.68|Minute (diminutive)|C1282918|[qnco]|["minutes"-tx-31-"minutes"-noun-0]|TX|2601/7|
00000000|MMI|3.68|Minute Unit of Plane Angle|C2347166|[qnco]|["Minute"-tx-31-"minutes"-noun-0]|TX|2601/7|
00000000|MMI|3.68|Minute of time|C0439232|[tmco]|["minutes"-tx-31-"minutes"-noun-0]|TX|2601/7|
00000000|MMI|3.68|Non-tender|C0520960|[qlco]|["Nontender"-tx-21-"nontender"-adj-0]|TX|1942/9|
00000000|MMI|3.68|Per Minute|C0702093|[tmco]|["/minute"-tx-31-"minutes"-noun-0]|TX|2601/7|
00000000|MMI|3.68|Pharmacogenomics Trial Characteristics Domain|C3714755|[inpr]|["PT"-tx-27-"PT"-noun-0]|TX|2277/2|
00000000|MMI|3.68|Physical therapy (field)|C0699718|[bmod]|["PT"-tx-27-"PT"-noun-0]|TX|2277/2|
00000000|MMI|3.68|Progress|C1280477|[ftcn]|["Progress"-tx-35-"progress"-noun-0]|TX|2975/8|
00000000|MMI|3.68|grandchild|C0337548|[famg]|["grandchildren"-tx-14-"grandchildren"-noun-0]|TX|1592/13|
00000000|MMI|3.68|status - In progress|C1272688|[ftcn]|["progress"-tx-35-"progress"-noun-0]|TX|2975/8|
00000000|MMI|3.67|Aspirin Oral Tablet|C1244632|[clnd]|["aspirin tablet"-tx-10-"aspirin tablet"-noun-0]|TX|1377/7,1387/6|
00000000|MMI|3.65|Lives with daughter|C0557131|[fndg]|["Lives with daughter"-tx-15-"lives with daughter"-noun-0]|TX|1611/10,1626/8|
00000000|MMI|3.65|Admission diagnosis|C1628992|[fndg]|["Admission diagnosis"-tx-1-"ADMISSION DIAGNOSIS"-noun-0]|TX|178/19|
00000000|MMI|3.65|Blood pressure finding|C1271104|[fndg]|["Blood Pressure"-tx-16-"blood pressure"-noun-0]|TX|1709/14|
00000000|MMI|3.65|Report status|C0586177|[fndg]|["Report status"-tx-1-"Report Status"-noun-0]|TX|130/13|
00000000|MMI|3.64|dictated - DocumentCompletion|C1609990|[idcn]|["Dictated"-tx-49-"Dictated"-verb-0]|TX|4015/8|
00000000|MMI|3.64|dictated - ParticipationMode|C1548384|[ftcn]|["dictated"-tx-49-"Dictated"-verb-0]|TX|4015/8|
00000000|MMI|3.63|29+|C3843708|[fndg]|["29+"-tx-40-"29"-real_number-0]|TX|3456/2|
00000000|MMI|3.63|Apyrexial|C0277797|[fndg]|["Afebrile"-tx-16-"afebrile"-adj-0]|TX|1675/8|
00000000|MMI|3.63|Five|C0205451|[qnco]|["Five"-tx-35-"five"-word_numeral-0]|TX|3054/4|
00000000|MMI|3.63|Integrated Neuromusculoskeletal Release|C1704538|[topp]|["INR"-tx-27-"INR"-noun-0]|TX|2267/3|
00000000|MMI|3.63|Kilogram|C0439209|[qnco]|["kg"-tx-37-"kg"-noun-0]|TX|3200/2|
00000000|MMI|3.63|Per Kilogram|C4054209|[qnco]|["/kg"-tx-37-"kg"-noun-0]|TX|3200/2|
00000000|MMI|3.63|Physiologic pulse|C0391850|[phsf]|["Pulse"-tx-16-"pulse"-noun-0]|TX|1686/5|
00000000|MMI|3.63|Pulse phenomenon|C1947910|[phpr]|["Pulse"-tx-16-"pulse"-noun-0]|TX|1686/5|
00000000|MMI|3.63|Scar Tissue|C0241158|[fndg]|["scar"-tx-22-"scar"-noun-0]|TX|2011/4|
00000000|MMI|3.62|Admission date:Time Stamp -- Date and Time:Point in time:^Patient:Quantitative|C2598112|[clna]|["Admission date"-tx-1-"Admission Date"-noun-0]|TX|104/14|
00000000|MMI|3.62|Date of admission|C1302393|[tmco]|["Admission date"-tx-1-"Admission Date"-noun-0]|TX|104/14|
00000000|MMI|3.62|Diagonal branch of anterior descending branch of left coronary artery|C0226036|[bpoc]|["Left diagonal artery"-tx-30-"left artery diagonal"-noun-0]|TX|2524/4,2536/6,2550/8|
00000000|MMI|3.62|Room type - Intensive care unit|C1549475|[idcn]|["Intensive care unit"-tx-33-"Intensive Care Unit"-noun-0]|TX|2734/19|
00000000|MMI|3.61|Batch (Response Modality)|C1550176|[inpr]|["Batch"-tx-52-"Batch"-noun-0]|TX|4106/5|
00000000|MMI|3.61|Batch (group)|C1948031|[qnco]|["Batch"-tx-52-"Batch"-noun-0]|TX|4106/5|
00000000|MMI|3.61|Batch Number|C3641829|[inpr]|["BATCH"-tx-52-"Batch"-noun-0]|TX|4106/5|
00000000|MMI|3.61|Stenosis (invertebrate)|C2632116|[euka]|["Stenosis"-tx-4-"stenosis"-noun-0]|TX|692/8|
00000000|MMI|3.61|Stenosis Morphology|C0678234|[qlco]|["Stenosis"-tx-4-"stenosis"-noun-0]|TX|692/8|
00000000|MMI|3.61|Patient location type - Operating Room|C1578465|[spco]|["Operating Room"-tx-30-"operating room"-noun-0]|TX|2385/14|
00000000|MMI|3.60|6 Hours|C1292428|[tmco]|["6H"-tx-46-"6h"-noun-0]|TX|3867/2|
00000000|MMI|3.60|90%|C3842582|[fndg]|["90%"-tx-16-"90"-fraction-0]|TX|1728/2|
00000000|MMI|3.60|<90|C0439087|[qnco]|["<90"-tx-16-"90"-fraction-0]|TX|1728/2|
00000000|MMI|3.60|>90|C0439083|[qnco]|[">90"-tx-16-"90"-fraction-0]|TX|1728/2|
00000000|MMI|3.60|Cardiovascular occlusion|C1110554|[patf]|["OCCLUSION"-tx-4-"occlusion"-noun-0]|TX|784/9|
00000000|MMI|3.60|Occlusion - action|C0441597|[ftcn]|["Occlusion"-tx-4-"occlusion"-noun-0]|TX|784/9|
00000000|MMI|3.60|Occlusion within Medical Device|C1882137|[phpr]|["Occlusion"-tx-4-"occlusion"-noun-0]|TX|784/9|
00000000|MMI|3.60|Regular|C0205272|[qlco]|["Regular"-tx-16-"regular"-adj-0]|TX|1699/7|
00000000|MMI|3.60|One day|C3844320|[fndg]|["One day"-tx-33-"day one"-noun-0]|TX|2794/7|
00000000|MMI|3.59|4 Hours|C1292426|[tmco]|["4H"-tx-47-"4h"-noun-0]|TX|3937/2|
00000000|MMI|3.59|Pyrexia of unknown origin (excl puerperal)|C0856281|[sosy]|["puo"-tx-1-"PUO"-noun-0]|TX|12/3|
00000000|MMI|3.59|Clear|C2963144|[qlco]|["Clear"-tx-19-"clear"-adj-0]|TX|1854/5|
00000000|MMI|3.59|Discharge to home|C0184713|[topp]|["Discharge home"-tx-35-"discharged home"-noun-0]|TX|2997/15|
00000000|MMI|3.59|Done (qualifier value)|C1272695|[qlco]|["Done"-tx-31-"done"-aux-0]|TX|2622/4|
00000000|MMI|3.59|Negative Surgical Margin|C1709157|[fndg]|["Clear"-tx-19-"clear"-adj-0]|TX|1854/5|
00000000|MMI|3.59|Success|C0597535|[socb]|["Success"-tx-6-"success"-noun-0]|TX|1025/7|
00000000|MMI|3.59|flow|C0806140|[npop]|["Flow"-tx-5-"flow"-adj-0]|TX|948/4|
00000000|MMI|3.59|Anterior descending branch of left coronary artery|C0226032|[bpoc]|["Left anterior descending artery"-tx-5-"left artery anterior descending"-noun-0]|TX|800/4,822/6,841/19|
00000000|MMI|3.59|History of present illness:Finding:Point in time:^Patient:Nominal:Reported|C0488508|[clna]|["History of present illness"-tx-2-"of HISTORY PRESENT ILLNESS"-noun-0]|TX|343/2,350/7,361/15|
00000000|MMI|3.57|Proximal right coronary artery|C4071850|[bpoc]|["Proximal right coronary artery"-tx-4-"proximal right coronary artery"-noun-0]|TX|753/30|
00000000|MMI|3.57|Cardiologist|C0175906|[prog]|["Cardiologist"-tx-44-"cardiologist"-noun-0]|TX|3645/12|
00000000|MMI|3.57|Divorced state|C0086170|[fndg]|["DIVORCED"-tx-14-"divorced"-verb-0]|TX|1554/8|
00000000|MMI|3.57|Floor (anatomic)|C3714591|[anst]|["Floor"-tx-33-"floor"-noun-0]|TX|2825/5|
00000000|MMI|3.57|Floor - story of building|C1547707|[geoa]|["Floor"-tx-33-"floor"-noun-0]|TX|2825/5|
00000000|MMI|3.57|Four|C0205450|[qnco]|["Four"-tx-14-"four"-word_numeral-0]|TX|1568/4|
00000000|MMI|3.57|Offspring|C0680063|[famg]|["Children"-tx-14-"children"-noun-0]|TX|1573/8|
00000000|MMI|3.57|Preop - Extended Priority Codes|C1547580|[inpr]|["Preop"-tx-37-"preop"-adj-0]|TX|3180/5|
00000000|MMI|3.57|floor (object)|C0016249|[mnob]|["Floor"-tx-33-"floor"-noun-0]|TX|2825/5|
00000000|MMI|3.57|preop|C1555329|[tmco]|["preop"-tx-37-"preop"-adj-0]|TX|3180/5|
00000000|MMI|3.56|Left hemidiaphragm|C0929194|[bpoc]|["Left hemidiaphragm"-tx-38-"left hemidiaphragm"-noun-0]|TX|3249/18|
00000000|MMI|3.56|CHEST XRAY DIAPHRAGM ELEVATION UNILATERAL|C0239015|[fndg]|["ELEVATED HEMIDIAPHRAGM"-tx-38-"elevated hemidiaphragm"-noun-0]|TX|3240/8,3254/13|
00000000|MMI|3.56|Circumflex|C1880089|[spco]|["Circumflex"-tx-4-"circumflex"-noun-0]|TX|708/10|
00000000|MMI|3.56|Concept History|C1705255|[cnce]|["History"-tx-11-"history"-noun-0]|TX|1431/7|
00000000|MMI|3.56|Current (present time)|C0521116|[tmco]|["Currently"-tx-15-"currently"-adv-0]|TX|1635/9|
00000000|MMI|3.56|History of previous events|C2004062|[fndg]|["History"-tx-11-"history"-noun-0]|TX|1431/7|
00000000|MMI|3.56|Negative|C0205160|[qlco]|["Negative"-tx-24-"negative"-noun-0]|TX|2064/8|
00000000|MMI|3.56|Negative - answer|C3853545|[qlco]|["Negative"-tx-24-"negative"-noun-0]|TX|2064/8|
00000000|MMI|3.56|Negative Charge|C2825491|[qlco]|["Negative"-tx-24-"negative"-noun-0]|TX|2064/8|
00000000|MMI|3.56|Negative Finding|C1513916|[fndg]|["NEGATIVE"-tx-24-"negative"-noun-0]|TX|2064/8|
00000000|MMI|3.56|Negative Number|C2825415|[cnce]|["Negative"-tx-24-"negative"-noun-0]|TX|2064/8|
00000000|MMI|3.56|October|C3828732|[qlco]|["October"-tx-3-"October"-noun-0]|TX|540/7|
00000000|MMI|3.56|Presentation|C0449450|[idcn]|["Presented"-tx-3-"presented"-verb-0]|TX|527/9|
00000000|MMI|3.56|Saturated|C0522534|[phpr]|["Saturation"-tx-36-"saturation"-noun-0]|TX|3139/10|
00000000|MMI|3.56|Supple|C0332254|[ftcn]|["Supple"-tx-18-"supple"-adj-0]|TX|1812/6|
00000000|MMI|3.56|Taken|C1883727|[cnce]|["Taken"-tx-30-"taken"-verb-0]|TX|2372/5|
00000000|MMI|3.55|Allopathic & Osteopathic Physicians - Surgery|C3853799|[prog]|["Surgery"-tx-8-"surgery"-noun-0]|TX|1200/7|
00000000|MMI|3.55|Circumpennate|C0920847|[cnce]|["Radial"-tx-30-"radial"-noun-0]|TX|2529/6|
00000000|MMI|3.55|Radial|C0442038|[cnce]|["Radial"-tx-30-"radial"-noun-0]|TX|2529/6|
00000000|MMI|3.55|Surgery specialty|C0038894|[bmod]|["Surgery"-tx-8-"surgery"-noun-0]|TX|1200/7|
00000000|MMI|3.54|days/year|C0556972|[tmco]|["day year"-tx-11-"day years"-noun-0]|TX|1455/3,1469/5|
00000000|MMI|3.54|Anterior|C0205094|[ftcn]|["ANTERIOR"-tx-5-"anterior"-noun-0]|TX|841/8|
00000000|MMI|3.54|Harvest Procedure|C1512335|[hlca]|["Harvest"-tx-2-"harvest"-noun-0]|TX|330/7|
00000000|MMI|3.54|Month of May|C3812381|[tmco]|["May"-tx-2-"May"-noun-0]|TX|346/3|
00000000|MMI|3.53|Phase II/III Trial|C1519042|[resa]|["2-3"-tx-37-"2.3"-real_number-0]|TX|3196/3|
00000000|MMI|3.51|Docusate Sodium 100 MG|C3153447|[clnd]|["Docusate Sodium 100 MG"-tx-46-"Colace 100 mg"-noun-0]|TX|3817/13|
00000000|MMI|3.51|Ibuprofen 600 MG|C0986667|[clnd]|["Ibuprofen 600 MG"-tx-46-"Motrin 600 mg"-noun-0]|TX|3851/13|
00000000|MMI|3.50|Distal|C0205108|[spco]|["DISTAL"-tx-5-"distal"-adj-0]|TX|967/6|
00000000|MMI|3.50|Laboratory domain|C3244292|[ftcn]|["laboratory"-tx-25-"LABORATORY"-noun-0]|TX|2103/10|
00000000|MMI|3.50|Same|C0445247|[qlco]|["SAME"-tx-33-"same"-adj-0]|TX|2838/4|
00000000|MMI|3.50|Steady|C0205361|[qlco]|["Steady"-tx-35-"steady"-adj-0]|TX|2968/6|
00000000|MMI|3.50|T prime|C2603360|[clna]|["T'"-tx-8-"T"-adj-0]|TX|1227/1|
00000000|MMI|3.49|Percocet Tablets|C0307251|[clnd]|["Percocet Tablets"-tx-47-"Percocet tablets"-noun-0]|TX|3912/8,3925/7|
00000000|MMI|3.49|Left anterior|C0441998|[spco]|["Left anterior"-tx-4-"left anterior"-adj-0]|TX|650/13|
00000000|MMI|3.48|Heart sounds normal|C0577821|[fndg]|["Normal heart sounds"-tx-20-"Heart normal sounds"-noun-0]|TX|1878/5,1889/6,1902/6|
00000000|MMI|3.48|Two weeks|C4082118|[tmco]|["Two weeks"-tx-44-"two weeks"-noun-0]|TX|3661/9|
00000000|MMI|3.48|Known|C0205309|[qlco]|["Known"-tx-9-"known"-adj-0]|TX|1251/5|
00000000|MMI|3.47|80%|C3842583|[fndg]|["80%"-tx-4-"80"-percentage-0]|TX|677/2|
00000000|MMI|3.46|Allen picture test|C1275990|[diap]|["Allen test"-tx-24-"Allen's test"-noun-0]|TX|2051/12|
00000000|MMI|3.46|Allen test|C0231664|[diap]|["Allen test"-tx-24-"Allen's test"-noun-0]|TX|2051/12|
00000000|MMI|3.46|Carotid bruit|C0007280|[fndg]|["carotid bruits"-tx-18-"carotid bruits"-noun-1]|TX|1827/14|
00000000|MMI|3.46|Pain control|C1304888|[topp]|["Pain control"-tx-34-"pain control"-noun-0]|TX|2875/12|
00000000|MMI|3.46|Premature coronary artery disease|C1867743|[fndg]|["Coronary artery disease, premature"-tx-3-"premature coronary artery disease"-noun-0]|TX|415/33|
00000000|MMI|3.46|Room air|C3846005|[fndg]|["Room air"-tx-36-"room air"-noun-0]|TX|3130/8|
00000000|MMI|3.46|Stable Disease|C0677946|[fndg]|["Stable condition"-tx-35-"stable condition"-noun-0]|TX|3016/16|
00000000|MMI|3.46|Stable chronic Graft vs Host Disease|C3538874|[fndg]|["Stable condition"-tx-35-"stable condition"-noun-0]|TX|3016/16|
00000000|MMI|3.46|Coating (film)|C1522408|[qlco]|["Coated"-tx-46-"coated"-adj-0]|TX|3746/6|
00000000|MMI|3.46|Drink (dietary substance)|C0452428|[food]|["Drinks"-tx-12-"Drinks"-noun-0]|TX|1490/6|
00000000|MMI|3.46|Enteral|C1304890|[spco]|["Enteric"-tx-46-"Enteric"-adj-0]|TX|3738/7|
00000000|MMI|3.46|Sometimes|C1998882|[tmco]|["Occasionally"-tx-12-"occasionally"-adv-0]|TX|1507/12|
00000000|MMI|3.45|Left internal mammary artery|C0447054|[bpoc]|["Left internal mammary artery"-tx-5-"left internal mammary artery"-noun-0]|TX|800/28|
00000000|MMI|3.45|Diagnostic interview schedule|C0451119|[inpr]|["DIS"-tx-1-"DIS"-noun-0]|TX|98/3|
00000000|MMI|3.45|Discontinued|C1444662|[fndg]|["DIS"-tx-1-"DIS"-noun-0]|TX|98/3|
00000000|MMI|3.45|Right coronary artery structure|C1261316|[bpoc]|["Right Coronary Artery"-tx-5-"right coronary artery"-noun-0]|TX|917/21|
00000000|MMI|3.44|August|C3831448|[qlco]|["August"-tx-4-"August"-noun-0]|TX|606/6|
00000000|MMI|3.44|Clinical Study Follow-up|C3274571|[hlca]|["FOLLOW-UP"-tx-43-"Followup"-noun-0]|TX|3592/8|
00000000|MMI|3.44|Delayed Release Dosage Form|C1707664|[bodm]|["DR"-tx-43-"Dr"-noun-0]|TX|3618/2|
00000000|MMI|3.44|Device to Subject Relationship Domain|C3540849|[inpr]|["DR"-tx-43-"Dr"-noun-0]|TX|3618/2|
00000000|MMI|3.44|Doctor - Title|C2348314|[cnce]|["Dr."-tx-43-"Dr"-noun-0]|TX|3618/2|
00000000|MMI|3.44|Follow-Up Report|C1704685|[inpr]|["Follow-Up"-tx-43-"Followup"-noun-0]|TX|3592/8|
00000000|MMI|3.44|Follow-up status|C0589120|[fndg]|["Follow-up"-tx-43-"Followup"-noun-0]|TX|3592/8|
00000000|MMI|3.44|Six|C0205452|[qnco]|["Six"-tx-44-"six"-word_numeral-0]|TX|3633/3|
00000000|MMI|3.44|follow-up|C1522577|[hlca]|["Followup"-tx-43-"Followup"-noun-0]|TX|3592/8|
00000000|MMI|3.44|week|C0439230|[tmco]|["WEEKS"-tx-44-"weeks"-noun-0]|TX|3637/5|
00000000|MMI|3.43|10 - 12|C3843787|[fndg]|["10 - 12"-tx-11-"10-12"-integer-0]|TX|1463/5|
00000000|MMI|3.43|Bedtime (qualifier value)|C0521112|[tmco]|["Bedtime"-tx-48-"bedtime"-noun-0]|TX|4005/7|
00000000|MMI|3.43|Luminal region|C0524462|[spco]|["Luminal"-tx-4-"luminal"-adj-0]|TX|724/7|
00000000|MMI|3.43|Pack (physical object)|C1968515|[medd]|["Pack"-tx-11-"pack"-noun-0]|TX|1446/4|
00000000|MMI|3.43|Pack unit|C2825051|[drdd]|["PACK"-tx-11-"pack"-noun-0]|TX|1446/4|
00000000|MMI|3.43|Packing (action)|C2828395|[acty]|["PACK"-tx-11-"pack"-noun-0]|TX|1446/4|
00000000|MMI|3.43|Right|C0205090|[spco]|["RIGHT"-tx-24-"right"-noun-0]|TX|2076/5|
00000000|MMI|3.43|Right sided|C0444532|[spco]|["Right"-tx-24-"right"-noun-0]|TX|2076/5|
00000000|MMI|3.43|First (number)|C0205435|[qnco]|["1st"-tx-30-"1st"-numeric_ordinal-0]|TX|2546/3|
00000000|MMI|3.43|Repeat|C0205341|[ftcn]|["Repeat"-tx-7-"Repeat"-noun-0]|TX|1035/6|
00000000|MMI|3.43|Repeat Object|C1705914|[cnce]|["Repeat"-tx-7-"Repeat"-noun-0]|TX|1035/6|
00000000|MMI|3.43|Repeat Pattern|C1547730|[tmco]|["Repeat"-tx-7-"Repeat"-noun-0]|TX|1035/6|
00000000|MMI|3.43|September|C3828193|[tmco]|["September"-tx-7-"September"-noun-0]|TX|1067/9|
00000000|MMI|3.42|Marginal|C0205284|[spco]|["Marginal"-tx-30-"marginal"-adj-0]|TX|2511/8|
00000000|MMI|3.42|Marginal (quality)|C1947914|[qlco]|["Marginal"-tx-30-"marginal"-adj-0]|TX|2511/8|
00000000|MMI|3.42|Obtuse|C0443269|[qlco]|["Obtuse"-tx-30-"obtuse"-adj-0]|TX|2504/6|
00000000|MMI|3.42|Target Awareness - marginal|C1550517|[fndg]|["marginal"-tx-30-"marginal"-adj-0]|TX|2511/8|
00000000|MMI|3.42|Effusion (substance)|C2317432|[bdsu]|["Effusion"-tx-38-"effusion"-noun-0]|TX|3286/8|
00000000|MMI|3.42|Elevated|C3163633|[qlco]|["Elevated"-tx-38-"elevated"-adj-0]|TX|3240/8|
