00000000|MMI|7.28|Signature|C1519316|[inpr]|["Signed"-tx-1-"Signed"-noun-0]|TX|[92/6],[149/6]|
00000000|MMI|7.28|signed - ParticipationSignature|C1561610|[inpr]|["signed"-tx-1-"Signed"-noun-0]|TX|[92/6],[149/6]|
00000000|MMI|3.65|Report status|C0586177|[fndg]|["Report status"-tx-1-"Report Status"-noun-0]|TX|134/13|
00000000|MMI|3.62|Admission date:Time Stamp -- Date and Time:Point in time:^Patient:Quantitative|C2598112|[clna]|["Admission date"-tx-1-"Admission Date"-noun-0]|TX|107/14|
00000000|MMI|3.62|Date of admission|C1302393|[tmco]|["Admission date"-tx-1-"Admission Date"-noun-0]|TX|107/14|
00000000|MMI|3.59|Pyrexia of unknown origin (excl puerperal)|C0856281|[sosy]|["puo"-tx-1-"PUO"-noun-0]|TX|12/3|
00000000|MMI|3.49|Congestive heart failure|C0018802|[dsyn]|["CONGESTIVE HEART FAILURE"-tx-1-"CONGESTIVE HEART FAILURE"-noun-0]|TX|65/24|
00000000|MMI|3.46|20%|C3842589|[fndg]|["20%"-tx-1-"20"-fraction-0]|TX|126/2|
00000000|MMI|3.45|Diagnostic interview schedule|C0451119|[inpr]|["DIS"-tx-1-"DIS"-noun-0]|TX|101/3|
00000000|MMI|3.45|Discontinued|C1444662|[fndg]|["DIS"-tx-1-"DIS"-noun-0]|TX|101/3|
00000000|MMI|93.50|Togo|C0040363|[geoa]|["TO"-tx-34-"to"-adv-0,"TO"-tx-28-"to"-adv-0,"TO"-tx-8-"to"-adv-0,"TO"-tx-7-"to"-adv-0]|TX|[3422/2],[3460/2];2640/2;963/2;866/2|Z01.058.290.190.800
00000000|MMI|93.50|Tryptophanase|C0041260|[aapp,enzy]|["TO"-tx-34-"to"-adv-0,"TO"-tx-28-"to"-adv-0,"TO"-tx-8-"to"-adv-0,"TO"-tx-7-"to"-adv-0]|TX|[3422/2],[3460/2];2640/2;963/2;866/2|D08.811.520.224.800
00000000|MMI|81.39|Kidney Failure, Acute|C0022660|[dsyn]|["ACUTE RENAL FAILURE"-tx-14-"acute renal failure"-noun-0,"ACUTE RENAL FAILURE"-tx-12-"acute renal failure"-noun-0,"ACUTE RENAL FAILURE"-tx-8-"acute renal failure"-noun-0,"ACUTE RENAL FAILURE"-tx-1-"Acute renal failure"-noun-0]|TX|1587/19;1317/19;972/19;113/19|C12.777.419.780.050;C13.351.968.419.780.050
00000000|MMI|77.22|Patients|C0030705|[podg]|["*^patient"-tx-35-"patient"-noun-0,"*^patient"-tx-34-"patient"-noun-0,"*^patient"-tx-31-"patient"-noun-0,"*^patient"-tx-29-"patient"-noun-0,"*^patient"-tx-20-"patient"-noun-0,"*^patient"-tx-16-"patient"-noun-0,"*^patient"-tx-14-"patient"-noun-0,"*^patient"-tx-13-"patient"-noun-0]|TX|3516/7;3404/7;3101/7;2788/7;1936/7;1738/7;1613/7;1440/7|M01.643
00000000|MMI|48.00|Abortion consent:Finding:Point in time:^Patient:Document|C2360836|[clna]|["Patient"-tx-35-"patient"-noun-0,"Patient"-tx-34-"patient"-noun-0,"Patient"-tx-31-"patient"-noun-0,"Patient"-tx-29-"patient"-noun-0,"Patient"-tx-20-"patient"-noun-0,"Patient"-tx-16-"patient"-noun-0,"Patient"-tx-14-"patient"-noun-0,"Patient"-tx-13-"patient"-noun-0]|TX|3516/7;3404/7;3101/7;2788/7;1936/7;1738/7;1613/7;1440/7|
00000000|MMI|48.00|Hysterectomy consent:Finding:Point in time:^Patient:Document|C2360838|[clna]|["Patient"-tx-35-"patient"-noun-0,"Patient"-tx-34-"patient"-noun-0,"Patient"-tx-31-"patient"-noun-0,"Patient"-tx-29-"patient"-noun-0,"Patient"-tx-20-"patient"-noun-0,"Patient"-tx-16-"patient"-noun-0,"Patient"-tx-14-"patient"-noun-0,"Patient"-tx-13-"patient"-noun-0]|TX|3516/7;3404/7;3101/7;2788/7;1936/7;1738/7;1613/7;1440/7|
00000000|MMI|48.00|Sterilization consent:Finding:Point in time:^Patient:Document|C2360840|[clna]|["Patient"-tx-35-"patient"-noun-0,"Patient"-tx-34-"patient"-noun-0,"Patient"-tx-31-"patient"-noun-0,"Patient"-tx-29-"patient"-noun-0,"Patient"-tx-20-"patient"-noun-0,"Patient"-tx-16-"patient"-noun-0,"Patient"-tx-14-"patient"-noun-0,"Patient"-tx-13-"patient"-noun-0]|TX|3516/7;3404/7;3101/7;2788/7;1936/7;1738/7;1613/7;1440/7|
00000000|MMI|45.77|diagnosis aspect|C1704338|[qlco]|["diagnosis"-tx-27-"diagnosis"-noun-0,"diagnosis"-tx-2-"DIAGNOSIS"-noun-0]|TX|2474/9;148/9|x.x.x.x.x.x.x
00000000|MMI|45.53|Insulin|C0021641|[aapp,horm,phsu]|["INSULIN"-tx-13-"insulin"-noun-0,"INSULIN"-tx-2-"insulin"-noun-0]|TX|1487/7;211/7|D06.472.699.587.200.500.625;D12.644.548.586.200.500.625
00000000|MMI|44.63|Consultation|C0009818|[hlca]|["consulted"-tx-26-"consulted"-verb-0,"consulted"-tx-21-"consulted"-verb-0,"consulted"-tx-15-"consulted"-verb-0]|TX|2382/9;2006/9;1693/9|N04.452.758.849
00000000|MMI|41.18|Hyperkalemia|C0020461|[fndg]|["HYPERKALEMIA"-tx-13-"hyperkalemia"-noun-0,"HYPERKALEMIA"-tx-12-"hyperkalemia"-noun-0,"Hyperkalemias"-tx-8-"hyperkalemic"-adj-0]|TX|1421/12;1302/12;994/12|C18.452.950.396
00000000|MMI|40.80|Appointments|C0003629|[idcn]|["Appointment"-tx-34-"appointment"-noun-0,"Appointments"-tx-33-"appointments"-noun-0,"Appointment"-tx-28-"appointment"-noun-0,"Appointment"-tx-23-"appointment"-noun-0]|TX|3483/11;3321/12;2601/11;2220/11|N04.452.095
00000000|MMI|40.07|Rheumatology specialty|C0035452|[bmod]|["Rheumatology"-tx-33-"Rheumatology"-noun-0,"Rheumatology"-tx-23-"Rheumatology"-noun-0,"Rheumatology"-tx-21-"Rheumatology"-noun-0]|TX|3367/12;2237/12;1989/12|H02.403.429.730
00000000|MMI|38.97|Patient Discharge|C0030685|[hlca]|["Discharge"-tx-31-"discharge"-noun-0,"Discharge"-tx-18-"discharge"-noun-0]|TX|3085/9;1850/9|E02.204.125;E02.760.400.610;N02.421.192.125;N02.421.585.400.610;N04.590.233.727.210.125
00000000|MMI|35.81|Coronary Arteriosclerosis|C0010054|[dsyn]|["coronary artery disease"-tx-4-"coronary artery disease"-noun-0,"coronary artery disease"-tx-2-"coronary artery disease"-noun-0]|TX|461/23;185/23|C14.280.647.250.260;C14.907.137.126.339;C14.907.585.250.260
00000000|MMI|35.81|Coronary Artery Disease|C1956346|[dsyn]|["CORONARY ARTERY DISEASE"-tx-4-"coronary artery disease"-noun-0,"CORONARY ARTERY DISEASE"-tx-2-"coronary artery disease"-noun-0]|TX|461/23;185/23|C14.280.647.250.260;C14.907.137.126.339;C14.907.585.250.260
00000000|MMI|32.87|Creatinine|C0010294|[bacs,orch]|["CREATININE"-tx-18-"creatinine"-noun-0,"CREATININE"-tx-10-"creatinine"-noun-0]|TX|1836/10;1140/10|D03.383.129.308.207
00000000|MMI|32.60|Pain|C0030193|[sosy]|["PAIN"-tx-12-"pain"-noun-0,"PAIN"-tx-6-"pain"-noun-0]|TX|1406/4;769/4|C10.597.617;C23.888.592.612;F02.830.816.444;G11.561.600.810.444
00000000|MMI|30.48|Neurology speciality|C0027855|[bmod]|["Neurology"-tx-33-"Neurology"-noun-0,"Neurology"-tx-28-"Neurology"-noun-0,"Neurology"-tx-26-"Neurology"-noun-0]|TX|3351/9;2616/9;2368/9|H02.403.600
00000000|MMI|29.85|Hospitals|C0019994|[hcro,mnob]|["HOSPITAL"-tx-29-"hospital"-noun-0,"HOSPITAL"-tx-13-"hospital"-noun-0,"HOSPITAL"-tx-12-"hospital"-noun-0]|TX|2821/8;1561/8;1284/8|N02.278.421
00000000|MMI|29.46|Coronary heart disease|C0010068|[dsyn]|["Coronary (artery) disease"-tx-4-"coronary artery disease"-noun-0,"Coronary (artery) disease"-tx-2-"coronary artery disease"-noun-0]|TX|461/23;185/23|C14.280.647.250;C14.907.585.250
00000000|MMI|27.22|To|C1883351|[qlco]|["To"-tx-34-"to"-adv-0,"To"-tx-28-"to"-adv-0,"To"-tx-8-"to"-adv-0,"To"-tx-7-"to"-adv-0]|TX|[3422/2],[3460/2];2640/2;963/2;866/2|
00000000|MMI|26.56|BaseLine dental cement|C0168634|[bodm]|["baseline"-tx-19-"baseline"-noun-0,"baseline"-tx-18-"baseline"-noun-0]|TX|1874/8;1819/8|x.x.x.x
00000000|MMI|26.49|Evaluation|C0220825|[hlca]|["Evaluated"-tx-25-"evaluated"-verb-0,"Evaluated"-tx-7-"evaluated"-verb-0]|TX|2320/9;820/9|E05.337;N05.715.360.335
00000000|MMI|26.35|Degenerative polyarthritis|C0029408|[dsyn]|["OSTEOARTHRITIS"-tx-4-"osteoarthritis"-noun-0,"OSTEOARTHRITIS"-tx-2-"osteoarthritis"-noun-0]|TX|487/14;342/14|C05.550.114.606;C05.799.613
00000000|MMI|26.30|Dehydration|C0011175|[dsyn]|["DEHYDRATION"-tx-12-"dehydration"-noun-0,"Dehydrated"-tx-8-"dehydrated"-verb-0]|TX|1350/11;942/10|C18.452.950.179;C23.550.274
00000000|MMI|25.97|Cardiology discipline|C0007189|[bmod]|["Cardiology"-tx-33-"Cardiology"-noun-0,"Cardiology"-tx-1-"Cardiology"-noun-0]|TX|3338/10;71/10|H02.403.429.163
00000000|MMI|25.54|Hippocampus Proper|C3887642|[bpoc]|["CA"-tx-1-"Ca"-noun-0]|TX|82/2|A08.186.211.464.405;A08.186.211.730.885.287.500.345
00000000|MMI|24.11|Foramen Ovale, Patent|C0016522|[cgab,dsyn]|["FORAMEN OVALE, PATENT"-tx-30-"patent foramen ovale"-noun-0]|TX|3044/20|C14.240.400.560.375.258;C14.280.400.560.375.258;C16.131.240.400.560.375.258
00000000|MMI|24.11|therapeutic aspects|C0039798|[ftcn]|["treatment"-tx-22-"treatment"-noun-0]|TX|2100/9|x.x.x.x.x.x.x
00000000|MMI|22.51|Hydrochlorothiazide|C0020261|[orch,phsu]|["HYDROCHLOROTHIAZIDE"-tx-5-"hydrochlorothiazide"-noun-0]|TX|665/19|D02.886.590.700.135.261.476;D02.886.655.500.261.476;D03.438.174.261.476
00000000|MMI|20.95|Accident and Emergency department|C0562508|[hcro]|["Emergency Department"-tx-8-"Emergency Department"-noun-0]|TX|912/20|N02.278.216.500.968.336;N02.421.297.195;N04.452.442.422.336
00000000|MMI|20.95|Hypercholesterolemia|C0020443|[dsyn]|["HYPERCHOLESTEROLEMIA"-tx-2-"hypercholesterolemia"-noun-0]|TX|265/20|C18.452.584.500.500.396
00000000|MMI|20.25|Polyarthritis|C0162323|[dsyn]|["Polyarticular Arthritis"-tx-21-"polyarticular gout"-noun-0,"Polyarticular Arthritis"-tx-2-"polyarticular gout"-noun-0]|TX|2076/18;303/18|C05.550.114
00000000|MMI|19.45|Creatine Kinase|C0010287|[aapp,enzy]|["CK"-tx-2-"CK"-noun-0]|TX|333/2|D08.811.913.696.640.150
00000000|MMI|19.42|Uric Acid|C0041980|[bacs,orch]|["URIC ACID"-tx-11-"uric acid"-noun-0]|TX|1247/9|D03.132.960.877;D03.438.759.758.824.877
00000000|MMI|19.33|Arthrocentesis|C0204854|[topp]|["Arthrocentesis"-tx-21-"arthrocentesis"-noun-0]|TX|2030/14|E01.370.225.998.329.465;E02.800.550.310;E04.665.600.465;E05.200.998.329.465
00000000|MMI|19.27|International Normalized Ratio|C0525032|[lbpr]|["INR"-tx-32-"INR"-noun-0]|TX|3299/3|E01.370.225.625.115.320;E05.200.625.115.320
00000000|MMI|19.23|Rhode Island|C0035487|[geoa]|["RI"-tx-1-"Ri"-noun-0]|TX|89/2|Z01.107.567.875.550.680
00000000|MMI|17.80|Diabetes Mellitus, Insulin-Dependent|C0011854|[dsyn]|["DIABETES MELLITUS, INSULIN DEPENDENT"-tx-4-"insulin-dependent diabetes mellitus"-noun-0]|TX|504/35|C18.452.394.750.124;C19.246.267;C20.111.327
00000000|MMI|17.80|Dominican Republic|C0013014|[geoa]|["DR"-tx-24-"Dr"-noun-0]|TX|2307/2|Z01.107.084.900.300;Z01.639.880.300
00000000|MMI|17.80|Gluconates|C0017714|[bacs,orch]|["gluconate"-tx-13-"gluconate"-noun-0]|TX|1475/9|D02.241.081.844.322;D02.241.511.902.322;D09.811.308
00000000|MMI|17.80|Primary Care Physicians|C0033131|[prog]|["Primary Care Physician"-tx-34-"primary care physician"-noun-0]|TX|3437/22|M01.526.485.810.800;N02.360.810.795
00000000|MMI|16.40|Osteoarthritis of hip|C0029410|[dsyn]|["osteoarthritis hip"-tx-2-"osteoarthritis hip"-noun-0]|TX|342/14,362/3|C05.550.114.606.400;C05.799.613.400
00000000|MMI|16.38|Pre-renal acute kidney injury|C3854173|[dsyn]|["Acute renal failure"-tx-14-"acute renal failure"-noun-0,"Acute renal failure"-tx-12-"acute renal failure"-noun-0,"Acute renal failure"-tx-8-"acute renal failure"-noun-0,"Acute renal failure"-tx-1-"Acute renal failure"-noun-0]|TX|1587/19;1317/19;972/19;113/19|
00000000|MMI|16.34|Ventricular Function, Right|C0080311|[ortf]|["Right ventricular function"-tx-29-"right ventricular function"-noun-0]|TX|3011/26|G09.330.190.962.900
00000000|MMI|16.22|Renal Insufficiency|C1565489|[dsyn]|["Impaired renal function"-tx-22-"impaired renal function"-noun-1]|TX|2142/23|C12.777.419.780;C13.351.968.419.780
00000000|MMI|16.19|Muscular Atrophy|C0026846|[patf]|["Muscle Wasting"-tx-28-"muscle wasting"-noun-0]|TX|2696/14|C10.597.613.612;C23.300.070.500;C23.888.592.608.612
00000000|MMI|16.18|Hypokinesia|C0086439|[sosy]|["Hypokinesis"-tx-29-"hypokinesis"-noun-1]|TX|2918/11|C10.597.350.400;C23.888.592.350.400
00000000|MMI|16.17|Echocardiography|C0013516|[diap]|["ECHOCARDIOGRAM"-tx-29-"echocardiogram"-noun-0]|TX|2803/14|E01.370.350.130.750;E01.370.350.850.220;E01.370.370.380.220
00000000|MMI|16.17|Treatment Protocols|C0040808|[topp]|["Regimen"-tx-31-"regimen"-noun-0]|TX|3227/7|E02.183;N05.715.360.775.225
00000000|MMI|16.07|War|C0043027|[acty]|["War"-tx-1-"War"-noun-0]|TX|85/3|I01.880.735.950.500
00000000|MMI|14.83|1+|C3816745|[fndg]|["1+"-tx-36-"1"-fraction-0,"1+"-tx-19-"1"-real_number-0,"1+"-tx-18-"1"-real_number-0]|TX|[3694/1],[3705/1];1886/1;1864/1|
00000000|MMI|14.83|1+ Score|C2827734|[qnco]|["1+"-tx-36-"1"-fraction-0,"1+"-tx-19-"1"-real_number-0,"1+"-tx-18-"1"-real_number-0]|TX|[3694/1],[3705/1];1886/1;1864/1|
00000000|MMI|14.83|1+ Score, WHO|C2981698|[clas]|["1+"-tx-36-"1"-fraction-0,"1+"-tx-19-"1"-real_number-0,"1+"-tx-18-"1"-real_number-0]|TX|[3694/1],[3705/1];1886/1;1864/1|
00000000|MMI|14.64|Dyspnea|C0013404|[sosy]|["SHORTNESS OF BREATH"-tx-4-"shortness of breath"-noun-0]|TX|597/19|C08.618.326;C23.888.852.371
00000000|MMI|14.64|Essential Tremor|C0270736|[dsyn]|["Essential Tremor"-tx-28-"essential tremor"-noun-0]|TX|2651/16|C10.228.662.350
00000000|MMI|14.64|Nausea|C0027497|[sosy]|["Nauseated"-tx-6-"nauseated"-verb-0]|TX|699/9|C23.888.821.712
00000000|MMI|14.64|Physicians|C0031831|[prog]|["DR"-tx-24-"Dr"-noun-0]|TX|2307/2|M01.526.485.810;N02.360.810
00000000|MMI|14.64|gluconate|C0220836|[bacs,orch,phsu]|["GLUCONATE"-tx-13-"gluconate"-noun-0]|TX|1475/9|x.x.x.x
00000000|MMI|14.63|Emotions|C0013987|[menp]|["feel"-tx-27-"feel"-verb-0,"feel"-tx-7-"felt"-verb-0]|TX|2460/4;861/4|F01.470
00000000|MMI|14.22|Clinical Study Follow-up|C3274571|[hlca]|["FOLLOW-UP"-tx-34-"followup"-noun-0,"FOLLOW-UP"-tx-33-"Followup"-noun-0,"FOLLOW-UP"-tx-28-"Followup"-noun-0,"FOLLOW-UP"-tx-23-"followup"-noun-0]|TX|3474/8;3312/8;2592/8;2211/8|
00000000|MMI|14.22|Follow-Up Report|C1704685|[inpr]|["Follow-Up"-tx-34-"followup"-noun-0,"Follow-Up"-tx-33-"Followup"-noun-0,"Follow-Up"-tx-28-"Followup"-noun-0,"Follow-Up"-tx-23-"followup"-noun-0]|TX|3474/8;3312/8;2592/8;2211/8|
00000000|MMI|14.22|Follow-up status|C0589120|[fndg]|["Follow-up"-tx-34-"followup"-noun-0,"Follow-up"-tx-33-"Followup"-noun-0,"Follow-up"-tx-28-"Followup"-noun-0,"Follow-up"-tx-23-"followup"-noun-0]|TX|3474/8;3312/8;2592/8;2211/8|
00000000|MMI|14.22|follow-up|C1522577|[hlca]|["Followup"-tx-34-"followup"-noun-0,"Followup"-tx-33-"Followup"-noun-0,"Followup"-tx-28-"Followup"-noun-0,"Followup"-tx-23-"followup"-noun-0]|TX|3474/8;3312/8;2592/8;2211/8|
00000000|MMI|13.18|Diabetic Neuropathies|C0011882|[dsyn]|["Diabetes mellitus with neuropathy"-tx-2-"diabetes mellitus with neuropathy"-noun-0]|TX|229/33|C10.668.829.300;C19.246.099.937
00000000|MMI|13.14|Sodium|C0037473|[bacs,elii]|["SODIUM"-tx-11-"sodium"-noun-0]|TX|1207/6|D01.268.549.750;D01.268.557.650;D01.552.528.850;D01.552.547.725;x.x.x.x
00000000|MMI|13.09|Potassium|C0032821|[elii]|["POTASSIUM"-tx-11-"potassium"-noun-0]|TX|1187/9|D01.268.549.550;D01.268.557.575;D01.552.528.652;D01.552.547.650;x.x.x.x
00000000|MMI|13.05|Calcium|C0006675|[bacs,elii,phsu]|["CALCIUM"-tx-13-"calcium"-noun-0]|TX|1465/7|D01.268.552.100;D01.552.539.288;D23.119.100;x.x.x.x
00000000|MMI|13.01|Vomiting|C0042963|[sosy]|["VOMITING"-tx-6-"vomiting"-noun-0]|TX|713/8|C23.888.821.937
00000000|MMI|12.96|Secure - resin cement|C0659450|[bodm]|["secure"-tx-27-"secure"-adj-0]|TX|2467/6|x.x.x.x
00000000|MMI|12.90|Hospitalization|C0019993|[hlca]|["hospitalisation"-tx-27-"hospitalization"-noun-0]|TX|2574/15|E02.760.400;N02.421.585.400
00000000|MMI|11.49|Hypertensive disease|C0020538|[dsyn]|["HYPERTENSION"-tx-2-"hypertension"-noun-0]|TX|288/12|C14.907.489
00000000|MMI|11.49|Pericardial effusion|C0031039|[dsyn]|["Effusion, Pericardial"-tx-29-"pericardial effusion"-noun-1]|TX|2891/20|C14.280.695
00000000|MMI|11.41|Hip pain|C0019559|[sosy]|["HIP PAIN"-tx-24-"hip pain"-noun-0,"HIP PAIN"-tx-12-"hip pain"-noun-0,"HIP PAIN"-tx-6-"hip pain"-noun-0]|TX|2278/8;1402/8;765/8|
00000000|MMI|11.23|Rheumatologist|C0334889|[prog]|["Rheumatology"-tx-33-"Rheumatology"-noun-0,"Rheumatology"-tx-23-"Rheumatology"-noun-0,"Rheumatology"-tx-21-"Rheumatology"-noun-0]|TX|3367/12;2237/12;1989/12|
00000000|MMI|11.12|Diagnosis|C0011900|[fndg]|["DIAGNOSIS"-tx-27-"diagnosis"-noun-1,"Diagnosed"-tx-21-"diagnosed"-adj-0,"DIAGNOSIS"-tx-2-"DIAGNOSIS"-noun-0]|TX|2474/9;2066/9;148/9|E01
00000000|MMI|11.00|Entire left hip region|C1268234|[blor]|["Left hip"-tx-12-"left hip"-noun-0,"Left hip"-tx-6-"left hip"-noun-0,"Left hip"-tx-2-"left hip"-noun-0]|TX|1397/8;760/8;357/8|
00000000|MMI|11.00|Structure of left hip|C0524471|[blor]|["Left hip"-tx-12-"left hip"-noun-0,"Left hip"-tx-6-"left hip"-noun-0,"Left hip"-tx-2-"left hip"-noun-0]|TX|1397/8;760/8;357/8|
00000000|MMI|10.91|Levels (qualifier value)|C0441889|[qlco]|["Levels"-tx-28-"levels"-noun-0,"Levels"-tx-13-"levels"-noun-0,"Level"-tx-11-"level"-noun-0]|TX|2775/6;1551/6;1257/5|
00000000|MMI|10.81|Left|C0205091|[spco]|["LEFT"-tx-12-"left"-noun-0,"LEFT"-tx-6-"left"-noun-0,"LEFT"-tx-2-"left"-noun-0]|TX|1397/4;760/4;357/4|
00000000|MMI|10.81|Left sided|C0443246|[spco]|["Left"-tx-12-"left"-noun-0,"Left"-tx-6-"left"-noun-0,"Left"-tx-2-"left"-noun-0]|TX|1397/4;760/4;357/4|
00000000|MMI|10.81|Table Cell Horizontal Align - left|C1552822|[ftcn]|["left"-tx-12-"left"-noun-0,"left"-tx-6-"left"-noun-0,"left"-tx-2-"left"-noun-0]|TX|1397/4;760/4;357/4|
00000000|MMI|10.62|Hospital environment|C1510665|[qlco]|["Hospital"-tx-29-"hospital"-noun-0,"Hospital"-tx-13-"hospital"-noun-0,"Hospital"-tx-12-"hospital"-noun-0]|TX|2821/8;1561/8;1284/8|
00000000|MMI|10.42|Board (committee)|C1948070|[orgt]|["Board"-tx-36-"BOARD"-noun-0,"Board"-tx-1-"BOARD"-noun-0]|TX|3648/5;37/5|
00000000|MMI|10.42|Boards (medical device)|C0972401|[medd]|["Board"-tx-36-"BOARD"-noun-0,"Board"-tx-1-"BOARD"-noun-0]|TX|3648/5;37/5|
00000000|MMI|10.42|Schedule (document type)|C0086960|[inpr]|["Schedule"-tx-34-"schedule"-verb-0,"Scheduled"-tx-28-"scheduled"-verb-0]|TX|3463/8;2630/9|
00000000|MMI|9.99|Cocos (Keeling) Islands|C0009212|[geoa]|["CK"-tx-2-"CK"-noun-0]|TX|333/2|Z01.639.520
00000000|MMI|9.92|Heart failure|C0018801|[dsyn]|["Failure, Heart"-tx-7-"heart failure"-noun-0]|TX|889/13|C14.280.434
00000000|MMI|9.90|Calcium, Dietary|C0006726|[inch]|["Calcium"-tx-13-"calcium"-noun-0]|TX|1465/7|D01.146.315
00000000|MMI|9.90|Disease Management|C0376636|[hlca]|["management"-tx-15-"management"-noun-0]|TX|1721/10|N04.590.607
00000000|MMI|9.85|Fatigue|C0015672|[sosy]|["FATIGUE"-tx-4-"fatigue"-noun-0]|TX|585/7|C23.888.369
00000000|MMI|9.81|Kidney|C0022646|[bpoc]|["Renal"-tx-15-"renal"-adj-0]|TX|1675/5|A05.810.453
00000000|MMI|9.73|Cardiomyopathies|C0878544|[dsyn]|["CARDIOMYOPATHY"-tx-4-"cardiomyopathy"-noun-0]|TX|444/14|C14.280.238
00000000|MMI|7.70|Diagnosis Study|C1704656|[resa]|["DIAGNOSIS"-tx-27-"diagnosis"-noun-0,"DIAGNOSIS"-tx-2-"DIAGNOSIS"-noun-0]|TX|2474/9;148/9|
00000000|MMI|7.53|Baseline|C1442488|[qnco]|["Baseline"-tx-19-"baseline"-noun-0,"Baseline"-tx-18-"baseline"-noun-0]|TX|1874/8;1819/8|
00000000|MMI|7.49|Creatinine finding|C1561535|[fndg]|["Creatinine"-tx-18-"creatinine"-noun-0,"Creatinine"-tx-10-"creatinine"-noun-0]|TX|1836/10;1140/10|
00000000|MMI|7.49|Gait normal|C0231683|[fndg]|["Normal"-tx-17-"normal"-adj-0,"Normal"-tx-13-"normal"-adj-0]|TX|1783/6;1544/6|
00000000|MMI|7.49|Mean Percent of Normal|C2347086|[qnco]|["% Normal"-tx-17-"normal"-adj-0,"% Normal"-tx-13-"normal"-adj-0]|TX|1783/6;1544/6|
00000000|MMI|7.49|Normal|C0205307|[qlco]|["NORMAL"-tx-17-"normal"-adj-0,"NORMAL"-tx-13-"normal"-adj-0]|TX|1783/6;1544/6|
00000000|MMI|7.49|Percent normal|C0439166|[qnco]|["% normal"-tx-17-"normal"-adj-0,"% normal"-tx-13-"normal"-adj-0]|TX|1783/6;1544/6|
00000000|MMI|7.46|Insulin Drug Class|C3714501|[horm,phsu]|["INSULIN"-tx-13-"insulin"-noun-0,"INSULIN"-tx-2-"insulin"-noun-0]|TX|1487/7;211/7|
00000000|MMI|7.46|Insulin [EPC]|C1579433|[phsu]|["Insulin"-tx-13-"insulin"-noun-0,"Insulin"-tx-2-"insulin"-noun-0]|TX|1487/7;211/7|
00000000|MMI|7.46|Recombinant Insulin|C1533581|[aapp,horm,phsu]|["INSULIN"-tx-13-"insulin"-noun-0,"INSULIN"-tx-2-"insulin"-noun-0]|TX|1487/7;211/7|
00000000|MMI|7.42|Joint tenderness|C0240094|[sosy]|["Joint Soreness"-tx-12-"joint soreness"-noun-0,"Joint Soreness"-tx-9-"joint soreness"-noun-0]|TX|1378/14;1039/14|
00000000|MMI|7.36|Hemodynamically stable|C0578150|[fndg]|["Hemodynamically stable"-tx-35-"hemodynamically stable"-adj-0,"Hemodynamically stable"-tx-31-"hemodynamically stable"-adj-0]|TX|3541/22;3124/22|
00000000|MMI|7.33|ActInformationPrivacyReason <service>|C3245478|[idcn]|["service"-tx-15-"service"-noun-0,"service"-tx-1-"SERVICE"-noun-0]|TX|1681/7;62/7|
00000000|MMI|7.33|Attending (action)|C1999232|[ftcn]|["attending"-tx-36-"Attending"-noun-0,"attending"-tx-1-"ATTENDING"-noun-0]|TX|3637/9;26/9|
00000000|MMI|7.33|Attending (provider role)|C1547429|[prog]|["Attending"-tx-36-"Attending"-noun-0,"Attending"-tx-1-"ATTENDING"-noun-0]|TX|3637/9;26/9|
00000000|MMI|7.33|Services|C0557854|[ocac]|["Service"-tx-15-"service"-noun-0,"Service"-tx-1-"SERVICE"-noun-0]|TX|1681/7;62/7|
00000000|MMI|7.33|Software Service|C2825316|[mnob]|["Service"-tx-15-"service"-noun-0,"Service"-tx-1-"SERVICE"-noun-0]|TX|1681/7;62/7|
00000000|MMI|7.30|Apyrexial|C0277797|[fndg]|["Afebrile"-tx-35-"afebrile"-adj-0,"Afebrile"-tx-31-"afebrile"-adj-0]|TX|3528/8;3113/8|
00000000|MMI|7.27|Renal function|C0232804|[ortf]|["Renal function"-tx-20-"renal function"-noun-0,"Renal function"-tx-18-"Renal function"-noun-0]|TX|1915/14;1792/14|
00000000|MMI|7.25|Body Fluid Discharge|C0012621|[bdsu]|["Discharge"-tx-31-"discharge"-noun-0,"Discharge"-tx-18-"discharge"-noun-0]|TX|3085/9;1850/9|
00000000|MMI|7.25|Discharge, body substance|C2926602|[bdsu]|["Discharge"-tx-31-"discharge"-noun-0,"Discharge"-tx-18-"discharge"-noun-0]|TX|3085/9;1850/9|
00000000|MMI|7.22|Pain NOS Adverse Event|C1962977|[fndg]|["Pain NOS"-tx-12-"pain"-noun-0,"Pain NOS"-tx-6-"pain"-noun-0]|TX|1406/4;769/4|
00000000|MMI|7.22|put - instruction imperative|C1882509|[acty]|["Place"-tx-33-"place"-noun-0,"Put"-tx-33-"put"-verb-0]|TX|3392/5;3385/3|
00000000|MMI|7.21|week|C0439230|[tmco]|["WEEKS"-tx-5-"weeks"-noun-0,"WEEK"-tx-4-"week"-noun-0]|TX|634/5;565/4|
00000000|MMI|7.20|Quantity Final Containers Returned|C3714905|[qnco]|["Returned"-tx-18-"returned"-verb-0,"Returned"-tx-13-"returned"-verb-0]|TX|1807/8;1532/8|
00000000|MMI|7.20|Return to (contextual qualifier) (qualifier value)|C0332156|[qlco]|["Returned"-tx-18-"returned"-verb-0,"Returned"-tx-13-"returned"-verb-0]|TX|1807/8;1532/8|
00000000|MMI|7.16|Day 2|C3842676|[fndg]|["Day 2"-tx-29-"day 2"-noun-0,"Day 2"-tx-13-"day 2"-noun-0]|TX|2830/3,2835/1;1570/3,1575/1|
00000000|MMI|7.02|Distal|C0205108|[spco]|["DISTAL"-tx-29-"distal"-adj-0]|TX|[2945/6],[2969/6]|
00000000|MMI|6.96|Decreased|C0205216|[qnco]|["Decreased"-tx-29-"decreased"-adj-0,"Decreased"-tx-6-"decreased"-adj-0]|TX|2994/9;789/9|
00000000|MMI|6.96|Decreasing|C0442797|[qlco]|["decreased"-tx-29-"decreased"-adj-0,"decreased"-tx-6-"decreased"-adj-0]|TX|2994/9;789/9|
00000000|MMI|6.96|Reduced|C0392756|[qlco]|["Decreased"-tx-29-"decreased"-adj-0,"Decreased"-tx-6-"decreased"-adj-0]|TX|2994/9;789/9|
00000000|MMI|6.93|Cardiology service|C3887620|[hcro]|["Cardiology"-tx-33-"Cardiology"-noun-0,"Cardiology"-tx-1-"Cardiology"-noun-0]|TX|3338/10;71/10|
00000000|MMI|6.71|Future|C0016884|[tmco]|["Future"-tx-25-"future"-adj-0]|TX|2347/6|I01.320
00000000|MMI|5.18|Administration procedure|C1533734|[topp]|["Treatment"-tx-22-"treatment"-noun-0]|TX|2100/9|
00000000|MMI|5.18|Biomaterial Treatment|C1705169|[cnce]|["Treatment"-tx-22-"treatment"-noun-0]|TX|2100/9|
00000000|MMI|5.18|Communication Contact|C1705415|[idcn]|["Contact"-tx-34-"contact"-verb-0]|TX|3425/7|
00000000|MMI|5.18|Contact with|C0332158|[ftcn]|["contact"-tx-34-"contact"-verb-0]|TX|3425/7|
00000000|MMI|5.18|Delayed Release Dosage Form|C1707664|[bodm]|["DR"-tx-24-"Dr"-noun-0]|TX|2307/2|
00000000|MMI|5.18|Device to Subject Relationship Domain|C3540849|[inpr]|["DR"-tx-24-"Dr"-noun-0]|TX|2307/2|
00000000|MMI|5.18|Discharge date|C2361123|[tmco]|["Discharge date"-tx-1-"Discharge Date"-noun-0]|TX|0/14|
00000000|MMI|5.18|Discharge date:Time Stamp -- Date and Time:Point in time:^Patient:Quantitative|C2361122|[clna]|["Discharge date"-tx-1-"Discharge Date"-noun-0]|TX|0/14|
00000000|MMI|5.18|Discussion (communication)|C2584313|[socb]|["Discuss"-tx-28-"discuss"-verb-0]|TX|2643/7|
00000000|MMI|5.18|Doctor - Title|C2348314|[cnce]|["Dr."-tx-24-"Dr"-noun-0]|TX|2307/2|
00000000|MMI|5.18|Echography of kidney|C0203408|[diap]|["Renal ultrasound"-tx-17-"Renal ultrasound"-noun-0]|TX|1762/16|
00000000|MMI|5.18|Elevated creatine kinase|C0151576|[fndg]|["elevated cpk"-tx-26-"elevated CPK"-noun-0]|TX|2432/12|
00000000|MMI|5.18|Finding of potassium level|C0428289|[fndg]|["Potassium level"-tx-13-"potassium level"-noun-0]|TX|1516/15|
00000000|MMI|5.18|Following|C0332282|[tmco]|["Following"-tx-27-"following"-verb-0]|TX|2514/9|
00000000|MMI|5.18|Further|C1517331|[spco]|["Further"-tx-28-"further"-adv-0]|TX|2672/7|
00000000|MMI|5.18|History of present illness|C0262512|[orga]|["HISTORY OF PRESENT ILLNESS"-tx-3-"HISTORY OF PRESENT ILLNESS"-noun-0]|TX|368/26|
00000000|MMI|5.18|History of present illness:Finding:Point in time:^Patient:Nominal:Reported|C0488508|[clna]|["History of present illness"-tx-3-"HISTORY OF PRESENT ILLNESS"-noun-0]|TX|368/26|
00000000|MMI|5.18|Hypercholesterolemia result|C1522133|[fndg]|["Hypercholesterolemia"-tx-2-"hypercholesterolemia"-noun-0]|TX|265/20|
00000000|MMI|5.18|Hypertension Adverse Event|C1963138|[fndg]|["Hypertension"-tx-2-"hypertension"-noun-0]|TX|288/12|
00000000|MMI|5.18|Hyrex Brand of Dimenhydrinate|C0720930|[orch,phsu]|["hydrated"-tx-14-"hydrated"-verb-0]|TX|1625/8|
00000000|MMI|5.18|Including (qualifier)|C0332257|[ftcn]|["included"-tx-12-"included"-verb-0]|TX|1293/8|
00000000|MMI|5.18|Investigates|C1292732|[ftcn]|["investigate"-tx-28-"investigate"-verb-0]|TX|2680/11|
00000000|MMI|5.18|Ischemic cardiomyopathy|C0349782|[dsyn]|["Ischemic cardiomyopathy"-tx-2-"Ischemic cardiomyopathy"-noun-0]|TX|159/23|
00000000|MMI|5.18|Kayexalate|C0124498|[orch,phsu]|["Kayexalate"-tx-13-"Kayexalate"-noun-0]|TX|1497/10|
00000000|MMI|5.18|MRC1 gene|C1417249|[gngm]|["MR"-tx-3-"Mr"-noun-0]|TX|396/2|
00000000|MMI|5.18|Middle|C0444598|[spco]|["Mid"-tx-29-"mid"-adj-0]|TX|2961/3|
00000000|MMI|5.18|Minor Response|C4050513|[fndg]|["MR"-tx-3-"Mr"-noun-0]|TX|396/2|
00000000|MMI|5.18|Mr. - Title|C2347167|[cnce]|["Mr."-tx-3-"Mr"-noun-0]|TX|396/2|
00000000|MMI|5.18|Negation|C1518422|[ftcn]|["Not"-tx-27-"not"-adv-0]|TX|2456/3|
00000000|MMI|5.18|On admission|C0457453|[tmco]|["On admission"-tx-35-"On admission"-adj-0]|TX|3497/12|
00000000|MMI|5.18|Ostium secundum atrial septal defect|C0344724|[cgab]|["Patent foramen ovale"-tx-30-"patent foramen ovale"-noun-0]|TX|3044/20|
00000000|MMI|5.18|Performed|C0884358|[ftcn]|["Performed"-tx-21-"performed"-verb-0]|TX|2020/9|
00000000|MMI|5.18|Pericardial effusion body substance|C1253937|[bdsu]|["Pericardial effusion"-tx-29-"pericardial effusion"-noun-0]|TX|2891/20|
00000000|MMI|5.18|Personal Contact|C3812666|[acty]|["Contact"-tx-34-"contact"-verb-0]|TX|3425/7|
00000000|MMI|5.18|Pharmaceutical Strength|C1705922|[qnco]|["Strength"-tx-20-"strength"-noun-0]|TX|1953/8|
00000000|MMI|5.18|Physical Strength|C0237897|[qnco]|["Strength"-tx-20-"strength"-noun-0]|TX|1953/8|
00000000|MMI|5.18|Present|C0150312|[qnco]|["Found"-tx-8-"found"-verb-0]|TX|957/5|
00000000|MMI|5.18|Problems - What subject filter|C1546466|[idcn]|["Problems"-tx-2-"PROBLEMS"-noun-0]|TX|135/8|
00000000|MMI|5.18|Recommendation|C0034866|[idcn]|["Recommended"-tx-27-"recommended"-verb-0]|TX|2502/11|
00000000|MMI|5.18|STRENGTH (attribute)|C0808080|[idcn]|["Strength"-tx-20-"strength"-noun-0]|TX|1953/8|
00000000|MMI|5.18|Scheduled - priority|C1571999|[qlco]|["Scheduled"-tx-28-"scheduled"-verb-0]|TX|2630/9|
00000000|MMI|5.18|Scheduled - procedure status|C0205539|[qlco]|["Scheduled"-tx-28-"scheduled"-verb-0]|TX|2630/9|
00000000|MMI|5.18|Shortness of breath:-:Point in time:^Patient:-|C2707305|[clna]|["Shortness of breath"-tx-4-"shortness of breath"-noun-0]|TX|597/19|
00000000|MMI|5.18|Status post|C0231290|[tmco]|["Following"-tx-27-"following"-verb-0]|TX|2514/9|
00000000|MMI|5.18|Thenar muscle atrophy|C1864715|[fndg]|["Atrophy of thenar muscles"-tx-26-"atrophy of thenar muscles"-noun-0]|TX|2402/25|
00000000|MMI|5.18|Therapeutic procedure|C0087111|[topp]|["Treatment"-tx-22-"treatment"-noun-0]|TX|2100/9|E02
00000000|MMI|5.18|Treating|C1522326|[ftcn]|["Treatment"-tx-22-"treatment"-noun-0]|TX|2100/9|
00000000|MMI|5.18|Treatment Epoch|C3538994|[resa]|["TREATMENT"-tx-22-"treatment"-noun-0]|TX|2100/9|
00000000|MMI|5.18|Visual|C0234621|[ftcn]|["Visualized"-tx-30-"visualized"-verb-0]|TX|3069/10|
00000000|MMI|5.18|contact person|C0337611|[popg]|["Contact"-tx-34-"contact"-verb-0]|TX|3425/7|
00000000|MMI|5.18|treatment - ActInformationManagementReason|C3887704|[hlca]|["treatment"-tx-22-"treatment"-noun-0]|TX|2100/9|
00000000|MMI|4.12|joint symptom|C0497274|[sosy]|["joint symptom"-tx-21-"joint symptoms"-noun-0]|TX|1972/14|
00000000|MMI|3.98|Ambulate|C4036205|[fndg]|["Ambulate"-tx-31-"ambulating"-verb-0]|TX|3161/10|
00000000|MMI|3.98|Make - Instruction Imperative|C1881534|[ftcn]|["Make"-tx-27-"made"-verb-0]|TX|2493/4|
00000000|MMI|3.98|REGAIN|C1875723|[food]|["REGAIN"-tx-20-"regained"-verb-0]|TX|1944/8|
00000000|MMI|3.98|Show|C1547282|[anim]|["Show"-tx-29-"showed"-verb-0]|TX|2845/6|
00000000|MMI|3.75|Day hospital|C0587438|[hcro,mnob]|["hospital day"-tx-13-"hospital day"-noun-0]|TX|1561/12|
00000000|MMI|3.72|Secondary to|C0175668|[tmco]|["Secondary to"-tx-12-"secondary to"-adj-0]|TX|1337/12|
00000000|MMI|3.72|Treated with|C0332293|[topp]|["Treated with"-tx-13-"treated with"-verb-0]|TX|1452/12|
00000000|MMI|3.68|Cell septum|C1327729|[celc]|["septum"-tx-29-"septum"-noun-0]|TX|2952/6|
00000000|MMI|3.68|Document type|C1547673|[inpr]|["Document"-tx-36-"document"-noun-0]|TX|3577/8|
00000000|MMI|3.68|Documents|C1301746|[inpr]|["document"-tx-36-"document"-noun-0]|TX|3577/8|
00000000|MMI|3.68|September|C3828193|[tmco]|["September"-tx-23-"September"-noun-0]|TX|2253/9|
00000000|MMI|3.68|Septum - general anatomical term|C2362924|[clas]|["Septum"-tx-29-"septum"-noun-0]|TX|2952/6|
00000000|MMI|3.68|Sodium Cation|C0597484|[elii]|["Sodium+"-tx-11-"sodium"-noun-0]|TX|1207/6|
00000000|MMI|3.68|Sodium Drug Class|C3714642|[phsu]|["SODIUM"-tx-11-"sodium"-noun-0]|TX|1207/6|
00000000|MMI|3.68|Sodium supplements|C3541959|[phsu]|["Sodium"-tx-11-"sodium"-noun-0]|TX|1207/6|
00000000|MMI|3.64|Primary care clinic|C3244277|[hcro,mnob]|["Primary care clinic"-tx-7-"primary care clinic"-noun-0]|TX|837/19|
00000000|MMI|3.63|4+ Answer to question|C3838679|[fndg]|["4+"-tx-10-"4"-real_number-0]|TX|1164/1|
00000000|MMI|3.63|Checking (action)|C1283174|[acty]|["Check"-tx-32-"checks"-noun-0]|TX|3303/6|
00000000|MMI|3.63|Potassium Drug Class|C3714637|[phsu]|["POTASSIUM"-tx-11-"potassium"-noun-0]|TX|1187/9|
00000000|MMI|3.63|Potassium Ion|C0597277|[elii,phsu]|["Potassium"-tx-11-"potassium"-noun-0]|TX|1187/9|
00000000|MMI|3.63|Potassium measurement|C0202194|[lbpr]|["Potassium+"-tx-11-"potassium"-noun-0]|TX|1187/9|
00000000|MMI|3.63|Potassium supplement|C0304475|[inch,phsu]|["POTASSIUM"-tx-11-"potassium"-noun-0]|TX|1187/9|
00000000|MMI|3.63|Principal Diagnosis:-:Point in time:^Patient:-|C2598194|[clna]|["Principal Diagnosis"-tx-1-"PRINCIPAL DIAGNOSIS"-noun-0]|TX|92/19|
00000000|MMI|3.63|Principal diagnosis|C0332137|[qlco]|["Principal Diagnosis"-tx-1-"PRINCIPAL DIAGNOSIS"-noun-0]|TX|92/19|
00000000|MMI|3.63|Walls of a building|C0677535|[mnob]|["Wall"-tx-29-"wall"-noun-0]|TX|2985/4|
00000000|MMI|3.61|Congestive heart failure|C0018802|[dsyn]|["Heart Failure"-tx-7-"heart failure"-noun-0]|TX|889/13|
00000000|MMI|3.61|Fraction of|C1264633|[qnco]|["Fraction of"-tx-29-"fraction of"-noun-0]|TX|2864/11|
00000000|MMI|3.60|Disease classification level|C0456079|[clas]|["Level"-tx-11-"level"-noun-0]|TX|1257/5|
00000000|MMI|3.60|Floor - story of building|C1547707|[geoa]|["Level"-tx-11-"level"-noun-0]|TX|1257/5|
00000000|MMI|3.60|Intake|C1512806|[ftcn]|["Intake"-tx-6-"intake"-noun-0]|TX|804/6|
00000000|MMI|3.60|Level|C2946261|[phsu]|["Level"-tx-11-"level"-noun-0]|TX|1257/5|
00000000|MMI|3.59|Administration occupational activities|C0001554|[ocac]|["Management"-tx-15-"management"-noun-0]|TX|1721/10|
00000000|MMI|3.59|Assisted (qualifier value)|C1269765|[qlco]|["Assisted"-tx-15-"assisted"-verb-0]|TX|1707/8|
00000000|MMI|3.59|CALCIUM SUPPLEMENTS|C3540037|[phsu,vita]|["CALCIUM"-tx-13-"calcium"-noun-0]|TX|1465/7|
00000000|MMI|3.59|Calcium Drug Class|C3714611|[phsu]|["CALCIUM"-tx-13-"calcium"-noun-0]|TX|1465/7|
00000000|MMI|3.59|Calcium [EPC]|C2936886|[phsu]|["Calcium"-tx-13-"calcium"-noun-0]|TX|1465/7|
00000000|MMI|3.59|Management Occupations|C3273539|[ocdi]|["Management"-tx-15-"management"-noun-0]|TX|1721/10|
00000000|MMI|3.59|Management procedure|C1273870|[ocac]|["Management"-tx-15-"management"-noun-0]|TX|1721/10|
00000000|MMI|3.59|Place|C0442504|[spco]|["Place"-tx-33-"place"-noun-0]|TX|3392/5|
00000000|MMI|3.59|Place - dosing instruction imperative|C1704765|[ftcn]|["Place"-tx-33-"place"-noun-0]|TX|3392/5|
00000000|MMI|3.59|Started|C1272689|[qlco]|["Started"-tx-5-"started"-verb-0]|TX|654/7|
00000000|MMI|3.59|hip surgery|C0596706|[topp]|["hip surgery"-tx-25-"hip surgery"-noun-0]|TX|2354/11|
00000000|MMI|3.58|Followed by|C0332283|[tmco]|["Followed by"-tx-32-"followed by"-verb-0]|TX|3244/11|
00000000|MMI|3.58|Normal saline|C0445115|[inch,phsu]|["Normal saline"-tx-14-"normal saline"-noun-0]|TX|1655/13|
00000000|MMI|3.58|Skeletal muscle atrophy|C0541794|[patf]|["Muscle wasting"-tx-28-"muscle wasting"-noun-0]|TX|2696/14|
00000000|MMI|3.57|Base - General Qualifier|C1705938|[idcn]|["Based"-tx-28-"based"-verb-0]|TX|2762/5|
00000000|MMI|3.57|Basis - conceptual entity|C1527178|[ftcn]|["Based"-tx-28-"based"-verb-0]|TX|2762/5|
00000000|MMI|3.57|Course|C0750729|[tmco]|["Course"-tx-27-"course"-noun-0]|TX|2564/6|
00000000|MMI|3.57|Saturated|C0522534|[phpr]|["saturating"-tx-31-"saturating"-noun-0]|TX|3178/10|
00000000|MMI|3.56|Proximal interphalangeal joint|C0932508|[bsoj]|["Proximal Interphalangeal Joint"-tx-9-"proximal interphalangeal joints"-noun-0]|TX|1082/31|
00000000|MMI|3.56|Concern|C2699424|[idcn]|["Concern"-tx-22-"concern"-noun-0]|TX|2172/7|
00000000|MMI|3.56|Decompensated|C0205434|[qlco]|["Decompensated"-tx-7-"decompensated"-noun-0]|TX|875/13|
00000000|MMI|3.56|Ejection as a Circumstance of Injury|C0302131|[phpr]|["Ejection"-tx-29-"ejection"-noun-0]|TX|2855/8|
00000000|MMI|3.56|Ejection as a Sports activity|C0336969|[dora]|["Ejection"-tx-29-"ejection"-noun-0]|TX|2855/8|
00000000|MMI|3.56|Ejection time|C0812388|[orga]|["ejection"-tx-29-"ejection"-noun-0]|TX|2855/8|
00000000|MMI|3.55|trend|C1521798|[tmco]|["Trend"-tx-27-"trended"-verb-0]|TX|2542/7|
00000000|MMI|3.55|Conditional|C1701901|[qlco]|["Dependent"-tx-2-"dependent"-noun-0]|TX|219/9|
00000000|MMI|3.55|Correction (change)|C1947976|[ftcn]|["Correction"-tx-20-"correction"-noun-0]|TX|1897/10|
00000000|MMI|3.55|Correction Report|C1705565|[inpr]|["CORRECTION"-tx-20-"correction"-noun-0]|TX|1897/10|
00000000|MMI|3.55|Dependent - ability|C0851827|[qlco]|["Dependent"-tx-2-"dependent"-noun-0]|TX|219/9|
00000000|MMI|3.55|Echocardiogram (image)|C2243117|[inpr]|["Echocardiogram"-tx-29-"echocardiogram"-noun-0]|TX|2803/14|
00000000|MMI|3.55|Medical|C0205476|[ftcn]|["Medical"-tx-31-"medical"-adj-0]|TX|3219/7|
00000000|MMI|3.55|Medical service|C0199168|[hlca]|["Medical"-tx-31-"medical"-adj-0]|TX|3219/7|
00000000|MMI|3.55|Patient Condition Code - Stable|C1547311|[inpr]|["Stable"-tx-31-"stable"-adj-0]|TX|3212/6|
00000000|MMI|3.55|Possible|C0332149|[qlco]|["Possible"-tx-25-"possible"-adj-0]|TX|2338/8|
00000000|MMI|3.55|Possible diagnosis|C2362652|[qlco]|["Possible"-tx-25-"possible"-adj-0]|TX|2338/8|
00000000|MMI|3.55|Possibly Related to Intervention|C1705910|[qlco]|["Possible"-tx-25-"possible"-adj-0]|TX|2338/8|
00000000|MMI|3.55|Regimen - CHV concept|C2945654|[inpr]|["regimen"-tx-31-"regimen"-noun-0]|TX|3227/7|
00000000|MMI|3.55|Stable status|C0205360|[qlco]|["STABLE"-tx-31-"stable"-adj-0]|TX|3212/6|
00000000|MMI|3.55|Taken|C1883727|[cnce]|["Taken"-tx-6-"taken"-verb-0]|TX|746/5|
00000000|MMI|3.55|Vomiting Adverse Event|C1963281|[patf]|["Vomiting"-tx-6-"vomiting"-noun-0]|TX|713/8|
00000000|MMI|3.55|dependent|C3244310|[ftcn]|["dependent"-tx-2-"dependent"-noun-0]|TX|219/9|
00000000|MMI|3.55|dictated - DocumentCompletion|C1609990|[idcn]|["Dictated"-tx-36-"Dictated"-noun-0]|TX|3608/8|
00000000|MMI|3.55|dictated - ParticipationMode|C1548384|[ftcn]|["dictated"-tx-36-"Dictated"-noun-0]|TX|3608/8|
00000000|MMI|3.55|60%|C3842585|[fndg]|["60%"-tx-14-"60"-integer-0]|TX|1646/2|
00000000|MMI|3.55|C-Circle|C3538933|[celc]|["CC"-tx-14-"cc"-noun-0]|TX|1649/2|
00000000|MMI|3.55|February|C3830166|[qlco]|["February"-tx-32-"February"-noun-0]|TX|3277/8|
00000000|MMI|3.55|Gently|C1638411|[qlco]|["Gently"-tx-14-"gently"-adv-0]|TX|1634/6|
00000000|MMI|3.55|Home environment|C0442519|[cnce]|["HOME"-tx-32-"home"-adj-0]|TX|3263/4|
00000000|MMI|3.54|Fatigue Subordinate Domain|C4050243|[inpr]|["Fatigue"-tx-4-"fatigue"-noun-0]|TX|585/7|
00000000|MMI|3.54|Presentation|C0449450|[idcn]|["Presented"-tx-4-"presented"-verb-0]|TX|546/9|
00000000|MMI|3.54|Progressive|C0205329|[ftcn]|["Progressive"-tx-4-"progressive"-adj-0]|TX|573/11|
00000000|MMI|3.54|Third|C0205437|[qnco]|["Third"-tx-9-"third"-adv-0]|TX|1076/5|
00000000|MMI|3.54|Weekly|C0332174|[tmco]|["/week"-tx-4-"week"-noun-0]|TX|565/4|
00000000|MMI|3.54|contextual factors|C0542559|[ftcn]|["Setting"-tx-22-"setting"-noun-0]|TX|2131/7|
00000000|MMI|3.54|{Setting}|C1318139|[qnco]|["{Setting}"-tx-22-"setting"-noun-0]|TX|2131/7|
00000000|MMI|3.54|Euvolemia|C1845208|[fndg]|["Euvolemia"-tx-31-"euvolemic"-adj-0]|TX|3149/9|
00000000|MMI|3.54|Issue (document)|C1706387|[inpr]|["Issue"-tx-12-"Issues"-noun-0]|TX|1270/6|
00000000|MMI|3.54|Problem|C0033213|[fndg]|["Issue"-tx-12-"Issues"-noun-0]|TX|1270/6|
00000000|MMI|3.52|Beginning|C0439659|[tmco]|["Start"-tx-32-"starting"-adj-0]|TX|3268/8|
00000000|MMI|3.51|Initiate (source type)|C1548602|[idcn]|["Initiate"-tx-22-"initiated"-verb-0]|TX|2114/9|
00000000|MMI|3.51|Initiation|C1704686|[ftcn]|["Initiate"-tx-22-"initiated"-verb-0]|TX|2114/9|
00000000|MMI|3.50|3/18|C0442762|[fndg]|["3/18"-tx-1-"3/18"-fraction-0]|TX|16/4|
00000000|MMI|3.50|Daily|C0332173|[tmco]|["Daily"-tx-27-"daily"-adj-0]|TX|2524/5|
00000000|MMI|3.50|Elevated|C3163633|[qlco]|["Elevated"-tx-2-"elevated"-adj-0]|TX|324/8|
00000000|MMI|3.50|High|C0205250|[qlco]|["Elevated"-tx-2-"elevated"-adj-0]|TX|324/8|
00000000|MMI|3.50|Integrated Neuromusculoskeletal Release|C1704538|[topp]|["INR"-tx-32-"INR"-noun-0]|TX|3299/3|
00000000|MMI|3.50|Secure feeling|C3146231|[menp]|["Secure"-tx-27-"secure"-adj-1]|TX|2467/6|
00000000|MMI|3.50|Security - service|C1519222|[cnce]|["Secure"-tx-27-"secure"-adj-0]|TX|2467/6|
00000000|MMI|3.48|Room air|C3846005|[fndg]|["Room air"-tx-31-"room air"-noun-0]|TX|3192/8|
00000000|MMI|3.48|Before|C0332152|[tmco]|["Prior"-tx-5-"prior"-adj-0]|TX|626/5|
00000000|MMI|3.48|Inferior|C0542339|[spco]|["INFERIOR"-tx-29-"inferior"-adj-0]|TX|2976/8|
00000000|MMI|3.48|Polyarticular|C0240789|[qlco]|["POLYARTICULAR"-tx-12-"polyarticular"-adj-0]|TX|1364/13|
00000000|MMI|3.48|Prior Medication Usage|C2826257|[evnt]|["PRIOR"-tx-5-"prior"-adj-0]|TX|626/5|
00000000|MMI|3.48|inferiority|C0678975|[socb]|["inferior"-tx-29-"inferior"-adj-0]|TX|2976/8|
00000000|MMI|3.47|Nerve conduction study|C0200125|[diap]|["nerve conduction studies"-tx-28-"nerve conduction studies"-noun-0]|TX|2716/24|
00000000|MMI|3.46|Body fluid retention|C0268000|[patf]|["Fluid retention"-tx-22-"fluid retention"-noun-1]|TX|2184/15|
00000000|MMI|3.46|Entire left knee|C1279572|[bpoc]|["Left knee"-tx-21-"left knee"-noun-0]|TX|2052/9|
00000000|MMI|3.46|Structure of left knee|C0230432|[bpoc]|["Left knee"-tx-21-"left knee"-noun-0]|TX|2052/9|
00000000|MMI|3.46|Due to|C0678226|[ftcn]|["resulting"-tx-6-"resulting"-adj-0]|TX|779/9|
00000000|MMI|3.46|Generalized|C0205246|[spco]|["Global"-tx-29-"global"-adj-0]|TX|3004/6|
00000000|MMI|3.46|Global|C2348867|[qlco]|["Global"-tx-29-"global"-adj-0]|TX|3004/6|
00000000|MMI|3.46|Identifier|C0600091|[inpr]|["ID"-tx-36-"ID"-noun-0]|TX|3680/2|
00000000|MMI|3.46|Immune diffusion|C1441613|[lbpr]|["ID"-tx-36-"ID"-noun-0]|TX|3680/2|
00000000|MMI|3.46|RNH1 gene|C1826843|[gngm]|["RI"-tx-1-"Ri"-noun-0]|TX|89/2|
00000000|MMI|3.45|human old age (65+)|C0596728|[aggp]|["65 old year"-tx-4-"65-year-old"-noun-0]|TX|411/11|
00000000|MMI|3.43|/40|C0439509|[tmco]|["/40"-tx-29-"40"-integer-0]|TX|2876/2|
00000000|MMI|3.43|40%|C3842587|[qnco]|["40%"-tx-29-"40"-integer-0]|TX|2876/2|
00000000|MMI|3.43|ETS Variant Gene 6 Protein|C0254343|[aapp,bacs]|["TEL"-tx-36-"Tel"-noun-0]|TX|3604/3|
00000000|MMI|3.43|ETV6 gene|C0796520|[gngm]|["TEL"-tx-36-"Tel"-noun-0]|TX|3604/3|
00000000|MMI|3.43|Expe