00000000|MMI|11.49|Stenosis|C1261287|[patf]|["Stenosis"-tx-1-"STENOSIS"-noun-0]|TX|64/8|C23.300.287
00000000|MMI|7.28|Signature|C1519316|[inpr]|["Signed"-tx-1-"Signed"-noun-0]|TX|[93/6],[149/6]|
00000000|MMI|7.28|signed - ParticipationSignature|C1561610|[inpr]|["signed"-tx-1-"Signed"-noun-0]|TX|[93/6],[149/6]|
00000000|MMI|5.18|Left|C0205091|[spco]|["LEFT"-tx-1-"LEFT"-verb-0]|TX|73/4|
00000000|MMI|5.18|Left sided|C0443246|[spco]|["Left"-tx-1-"LEFT"-verb-0]|TX|73/4|
00000000|MMI|5.18|Stenosis (invertebrate)|C2632116|[euka]|["Stenosis"-tx-1-"STENOSIS"-noun-0]|TX|64/8|
00000000|MMI|5.18|Stenosis Morphology|C0678234|[qlco]|["Stenosis"-tx-1-"STENOSIS"-noun-0]|TX|64/8|
00000000|MMI|5.18|Table Cell Horizontal Align - left|C1552822|[ftcn]|["left"-tx-1-"LEFT"-verb-0]|TX|73/4|
00000000|MMI|3.65|Report status|C0586177|[fndg]|["Report status"-tx-1-"Report Status"-noun-0]|TX|134/13|
00000000|MMI|3.63|Admission date:Time Stamp -- Date and Time:Point in time:^Patient:Quantitative|C2598112|[clna]|["Admission date"-tx-1-"Admission Date"-noun-0]|TX|108/14|
00000000|MMI|3.63|Date of admission|C1302393|[tmco]|["Admission date"-tx-1-"Admission Date"-noun-0]|TX|108/14|
00000000|MMI|3.59|Pyrexia of unknown origin (excl puerperal)|C0856281|[sosy]|["puo"-tx-1-"PUO"-noun-0]|TX|12/3|
00000000|MMI|3.48|Bypass graft|C0185098|[topp]|["Bypass graft"-tx-1-"BYPASS GRAFT"-noun-0]|TX|78/12|
00000000|MMI|3.46|Diagnostic interview schedule|C0451119|[inpr]|["DIS"-tx-1-"DIS"-noun-0]|TX|102/3|
00000000|MMI|3.46|Discontinued|C1444662|[fndg]|["DIS"-tx-1-"DIS"-noun-0]|TX|102/3|
00000000|MMI|138.55|Togo|C0040363|[geoa]|["TO"-tx-48-"to"-adv-0,"TO"-tx-44-"to"-adv-0,"TO"-tx-31-"to"-adv-0,"TO"-tx-4-"to"-adv-0,"TO"-tx-3-"to"-adv-0]|TX|4884/2;[4424/2],[4507/2];[2548/2],[2639/2];725/2;681/2|Z01.058.290.190.800
00000000|MMI|138.55|Tryptophanase|C0041260|[aapp,enzy]|["TO"-tx-48-"to"-adv-0,"TO"-tx-44-"to"-adv-0,"TO"-tx-31-"to"-adv-0,"TO"-tx-4-"to"-adv-0,"TO"-tx-3-"to"-adv-0]|TX|4884/2;[4424/2],[4507/2];[2548/2],[2639/2];725/2;681/2|D08.811.520.224.800
00000000|MMI|66.83|angiogram|C0002978|[diap]|["ANGIOGRAPHY"-tx-22-"angiography"-noun-0,"ANGIOGRAPHY"-tx-21-"angiography"-noun-0,"ANGIOGRAPHY"-tx-4-"angiography"-noun-0,"ANGIOGRAPHY"-tx-2-"angiography"-noun-0]|TX|1733/11;1610/11;698/11;376/11|E01.370.350.700.060;E01.370.370.050
00000000|MMI|58.96|Lopressor|C0700776|[orch,phsu]|["Lopressor"-tx-55-"Lopressor"-noun-0,"Lopressor"-tx-42-"Lopressor"-noun-0,"Lopressor"-tx-41-"Lopressor"-noun-0]|TX|5091/9;4137/9;4069/9|D02.033.100.624.698.573;D02.033.755.624.698.573;D02.092.063.624.698.573
00000000|MMI|58.88|Femur|C0015811|[bpoc]|["Femoral"-tx-12-"femoral"-adj-0,"Femoral"-tx-10-"femoral"-adj-0,"Femoral"-tx-3-"femoral"-adj-0]|TX|1217/7;1074/7;470/7|A02.835.232.043.650.247
00000000|MMI|58.25|Aspirin|C0004057|[orch,phsu]|["ASPIRIN"-tx-48-"aspirin"-noun-0,"ASPIRIN"-tx-41-"aspirin"-noun-0]|TX|4918/7;4057/7|D02.455.426.559.389.657.410.595.176
00000000|MMI|54.16|Aortic Valve Stenosis|C0003507|[dsyn]|["AORTIC STENOSIS"-tx-34-"aortic stenosis"-noun-0,"AORTIC STENOSIS"-tx-30-"aortic stenosis"-noun-0,"AORTIC STENOSIS"-tx-9-"Aortic stenosis"-noun-0,"AORTIC STENOSIS"-tx-1-"aortic stenosis"-noun-1]|TX|3211/15;2423/15;1031/15;212/15|C14.280.484.150;C14.280.955.249
00000000|MMI|51.38|Simvastatin|C0074554|[orch,phsu]|["SIMVASTATIN"-tx-49-"Simvastatin"-noun-0,"SIMVASTATIN"-tx-16-"Simvastatin"-noun-0]|TX|4953/11;1409/11|D02.455.426.559.847.638.400.900;D04.615.638.400.900
00000000|MMI|48.50|Surgical aspects|C0038895|[ftcn]|["surgery"-tx-32-"surgery"-noun-0,"surgery"-tx-31-"surgery"-noun-0]|TX|2741/7;2654/7|x.x.x.x.x.x.x
00000000|MMI|47.95|milligram/day|C0439422|[qnco]|["mg/d"-tx-55-"mg d"-noun-0,"mg/d"-tx-51-"mg d"-noun-0,"mg/d"-tx-49-"mg d"-noun-0,"mg/d"-tx-48-"mg d"-noun-0,"mg/d"-tx-19-"mg d"-noun-0,"mg/d"-tx-18-"mg d"-noun-0,"mg/d"-tx-17-"mg d"-noun-0,"mg/d"-tx-16-"mg d"-noun-0,"mg/d"-tx-15-"mg d"-noun-0,"mg/d"-tx-14-"mg d"-noun-0]|TX|5104/2,5111/1;5011/2,5016/1;4968/2,4973/1;4941/2,4948/1;1491/2,1496/1;1466/2,1471/1;1447/2,1452/1;1424/2,1429/1;1399/2,1404/1;1375/2,1380/1|
00000000|MMI|45.35|Coumadin|C0699129|[orch,phsu]|["Coumadin"-tx-48-"Coumadin"-noun-0,"Coumadin"-tx-41-"Coumadin"-noun-0]|TX|4860/8;4092/8|D03.383.663.283.446.520.914;D03.438.150.446.520.914
00000000|MMI|45.09|alteplase|C0032143|[aapp,enzy,phsu]|["T-PA"-tx-22-"tPA"-noun-0,"T-PA"-tx-2-"tPA"-noun-0]|TX|1695/3;402/3|D08.811.277.656.300.760.875;D08.811.277.656.959.350.875;D12.776.124.125.662.768;D23.119.970
00000000|MMI|44.63|Diabetes Mellitus|C0011849|[dsyn]|["DIABETES MELLITUS"-tx-43-"diabetes mellitus"-noun-0,"non insulin dependent diabetes Mellitus"-tx-8-"Non-insulin dependent diabetes mellitus"-noun-0,"non insulin dependent diabetes Mellitus"-tx-1-"non-insulin dependent diabetes mellitus"-noun-0]|TX|4182/17;989/39;144/39|C18.452.394.750;C19.246
00000000|MMI|40.34|To|C1883351|[qlco]|["To"-tx-48-"to"-adv-0,"To"-tx-44-"to"-adv-0,"To"-tx-31-"to"-adv-0,"To"-tx-4-"to"-adv-0,"To"-tx-3-"to"-adv-0]|TX|4884/2;[4424/2],[4507/2];[2548/2],[2639/2];725/2;681/2|
00000000|MMI|39.63|Mongolia|C0026410|[geoa]|["MG"-tx-55-"mg"-noun-0,"MG"-tx-48-"mg"-noun-0]|TX|5104/2;[4871/2],[4941/2]|Z01.252.474.651
00000000|MMI|38.82|Patient Discharge|C0030685|[hlca]|["Discharged"-tx-47-"discharged"-verb-0,"Discharge"-tx-46-"discharge"-adj-0]|TX|4793/10;4663/9|E02.204.125;E02.760.400.610;N02.421.192.125;N02.421.585.400.610;N04.590.233.727.210.125
00000000|MMI|35.81|Diabetes Mellitus, Non-Insulin-Dependent|C0011860|[dsyn]|["Noninsulin dependent diabetes mellitus"-tx-8-"Non-insulin dependent diabetes mellitus"-noun-0,"Noninsulin dependent diabetes mellitus"-tx-1-"non-insulin dependent diabetes mellitus"-noun-0]|TX|989/39;144/39|C18.452.394.750.149;C19.246.300
00000000|MMI|35.48|Time|C0040223|[tmco]|["times"-tx-39-"times"-noun-0,"TIME"-tx-29-"time"-noun-0,"TIME"-tx-23-"time"-noun-0,"TIME"-tx-21-"time"-noun-0,"TIME"-tx-2-"time"-noun-0]|TX|3736/5;2356/4;1752/4;1631/4;397/4|G01.910
00000000|MMI|32.84|Dominican Republic|C0013014|[geoa]|["DR"-tx-38-"Dr"-noun-0,"DR"-tx-37-"Dr"-noun-0]|TX|3547/2;3529/2|Z01.107.084.900.300;Z01.639.880.300
00000000|MMI|32.33|Iodides|C0021966|[inch]|["I-"-tx-55-"i"-adv-0,"I-"-tx-48-"i"-adv-0]|TX|5109/1;4946/1|D01.248.497.158.490;D01.475.410
00000000|MMI|29.46|General surgery specialty|C1274039|[bmod]|["Surgery"-tx-32-"surgery"-noun-0,"Surgery"-tx-31-"surgery"-noun-0]|TX|2741/7;2654/7|H02.403.810.300
00000000|MMI|28.79|Cefotaxime|C0007554|[antb,orch]|["CEFOTAXIME"-tx-43-"Cefotaxime"-noun-0]|TX|4293/10|D02.065.589.099.249.190.190;D02.886.665.074.190.190;D04.075.080.875.099.221.249.190.190
00000000|MMI|26.74|Ability|C0085732|[orga]|["Able"-tx-44-"able"-adj-0,"Able"-tx-3-"able"-adj-0]|TX|4419/4;676/4|F02.784.629.131
00000000|MMI|26.49|Physicians|C0031831|[prog]|["DR"-tx-38-"Dr"-noun-0,"DR"-tx-37-"Dr"-noun-0]|TX|3547/2;3529/2|M01.526.485.810;N02.360.810
00000000|MMI|26.40|Foot|C0016504|[bpoc]|["FOOT"-tx-25-"foot"-noun-0,"FOOT"-tx-4-"foot"-noun-0]|TX|2032/4;891/4|A01.378.610.250
00000000|MMI|26.29|Operating Room|C0029064|[hcro,mnob]|["OPERATING ROOM"-tx-37-"operating room"-noun-0,"OPERATING ROOM"-tx-25-"operating room"-noun-0]|TX|3498/14;1951/14|N02.278.388.700
00000000|MMI|26.16|Thrombectomy|C0162578|[topp]|["Thrombectomy"-tx-28-"thrombectomy"-adv-0,"Thrombectomy"-tx-25-"thrombectomy"-noun-0]|TX|2308/12;2005/12|E04.100.814.842
00000000|MMI|26.08|Rehabilitation therapy|C0034991|[topp]|["Rehabilitation"-tx-47-"rehabilitation"-noun-0,"Rehabilitation"-tx-44-"rehabilitation"-noun-0]|TX|4807/14;4550/14|E02.831;H02.403.680.600;N02.421.784
00000000|MMI|25.41|Patients|C0030705|[podg]|["*^patient"-tx-37-"patient"-noun-0,"*^patient"-tx-28-"patient"-noun-0,"*^patient"-tx-21-"patient"-noun-0]|TX|3473/7;2282/7;1586/7|M01.643
00000000|MMI|23.12|Hypertensive disease|C0020538|[dsyn]|["HYPERTENSION"-tx-7-"Hypertension"-noun-0,"HYPERTENSION"-tx-1-"hypertension"-noun-0]|TX|974/12;129/12|C14.907.489
00000000|MMI|22.89|Left|C0205091|[spco]|["LEFT"-tx-39-"left"-noun-0,"LEFT"-tx-39-"left"-verb-0,"LEFT"-tx-33-"left"-adj-0,"LEFT"-tx-10-"left"-adj-0,"LEFT"-tx-3-"left"-adj-0,"LEFT"-tx-1-"left"-noun-0]|TX|[3753/4],[3823/4];[3753/4],[3823/4];2870/4;1069/4;465/4;332/4|
00000000|MMI|22.89|Left sided|C0443246|[spco]|["Left"-tx-39-"left"-noun-0,"Left"-tx-39-"left"-verb-0,"Left"-tx-33-"left"-adj-0,"Left"-tx-10-"left"-adj-0,"Left"-tx-3-"left"-adj-0,"Left"-tx-1-"left"-noun-0]|TX|[3753/4],[3823/4];[3753/4],[3823/4];2870/4;1069/4;465/4;332/4|
00000000|MMI|22.89|Table Cell Horizontal Align - left|C1552822|[ftcn]|["left"-tx-39-"left"-noun-0,"left"-tx-39-"left"-verb-0,"left"-tx-33-"left"-adj-0,"left"-tx-10-"left"-adj-0,"left"-tx-3-"left"-adj-0,"left"-tx-1-"left"-noun-0]|TX|[3753/4],[3823/4];[3753/4],[3823/4];2870/4;1069/4;465/4;332/4|
00000000|MMI|22.61|therapeutic aspects|C0039798|[ftcn]|["treatment"-tx-22-"treatment"-noun-0]|TX|1699/9|x.x.x.x.x.x.x
00000000|MMI|22.39|Hydrochlorothiazide|C0020261|[orch,phsu]|["HYDROCHLOROTHIAZIDE"-tx-14-"Hydrochlorothiazide"-noun-0]|TX|1352/19|D02.886.590.700.135.261.476;D02.886.655.500.261.476;D03.438.174.261.476
00000000|MMI|21.15|Catheterization|C0007430|[topp]|["Catheterization"-tx-37-"catheterization"-noun-0,"Catheterization"-tx-35-"catheterization"-noun-0,"Catheterization"-tx-33-"catheterization"-noun-0]|TX|3443/15;3236/15;2775/15|E02.148;E05.157
00000000|MMI|20.95|Vision|C0042789|[orgf]|["see"-tx-31-"see"-verb-0]|TX|2551/3|F02.830.816.964;G02.111.087.800.480.900;G02.149.115.800.480.900;G04.299.880.480.900;G11.561.600.810.964;G14.640.816
00000000|MMI|19.74|Rehabilitation aspects|C0034992|[ftcn]|["Rehabilitation"-tx-47-"rehabilitation"-noun-0,"Rehabilitation"-tx-44-"rehabilitation"-noun-0]|TX|4807/14;4550/14|x.x.x
00000000|MMI|19.60|Pneumonia|C0032285|[dsyn]|["PNEUMONIA"-tx-43-"pneumonia"-noun-0,"PNEUMONIA"-tx-32-"pneumonia"-noun-0]|TX|4325/9;2706/9|C08.381.677;C08.730.610
00000000|MMI|19.36|International Normalized Ratio|C0525032|[lbpr]|["INR"-tx-48-"INR"-noun-0]|TX|4896/3|E01.370.225.625.115.320;E05.200.625.115.320
00000000|MMI|19.31|Flagyl|C0699678|[orch,phsu]|["Flagyl"-tx-43-"Flagyl"-noun-0]|TX|4282/6|D02.640.672.500;D03.383.129.308.658.500
00000000|MMI|19.23|Nexium|C0939400|[orch,phsu]|["Nexium"-tx-51-"Nexium"-noun-0]|TX|5001/6|D02.886.640.074.500.500;D03.383.725.024.500.500;D03.438.103.034.500.500
00000000|MMI|19.23|Toprol|C2723006|[phsu]|["Toprol"-tx-19-"Toprol"-noun-0]|TX|1480/6|D02.033.100.624.698.573;D02.033.755.624.698.573;D02.092.063.624.698.573
00000000|MMI|18.77|Post|C0687676|[tmco]|["Post"-tx-28-"post"-adv-0,"Status Post"-tx-12-"status post"-prep-0,"Status Post"-tx-10-"status post"-prep-0,"Status Post"-tx-3-"status post"-prep-0,"Status Post"-tx-1-"status post"-prep-0]|TX|2303/4;1197/11;1055/11;451/11;234/11|
00000000|MMI|18.59|Lesion|C0221198|[fndg]|["Lesion"-tx-34-"lesion"-noun-0,"Lesion"-tx-33-"lesion"-noun-0]|TX|3134/6;[2847/6],[2897/6],[2959/6],[3043/6]|
00000000|MMI|18.59|Specimen Source Codes - Lesion|C1546698|[inpr]|["Lesion"-tx-34-"lesion"-noun-0,"Lesion"-tx-33-"lesion"-noun-0]|TX|3134/6;[2847/6],[2897/6],[2959/6],[3043/6]|
00000000|MMI|18.26|Incision and drainage|C0152277|[topp]|["i d"-tx-55-"i.d"-adv-0,"i d"-tx-54-"i.d"-adv-0,"i d"-tx-50-"i.d"-adv-0,"i d"-tx-48-"i.d"-adv-0,"i d"-tx-13-"i.d"-adv-0]|TX|5109/3;5080/3;4994/3;4946/3;1345/3|
00000000|MMI|18.13|20%|C3842589|[fndg]|["20%"-tx-51-"20"-integer-0,"20%"-tx-49-"20"-integer-0,"20%"-tx-35-"20"-fraction-0,"20%"-tx-16-"20"-integer-0,"20%"-tx-15-"20"-integer-0]|TX|5008/2;4965/2;3323/2;1421/2;1396/2|
00000000|MMI|17.80|Blood Pressure|C0005823|[orgf]|["BLOOD PRESSURE"-tx-30-"blood pressure"-noun-0]|TX|2470/14|E01.370.600.875.249;G09.330.380.076
00000000|MMI|17.80|Coronary Arteriosclerosis|C0010054|[dsyn]|["coronary artery disease"-tx-1-"coronary artery disease"-noun-1]|TX|186/23|C14.280.647.250.260;C14.907.137.126.339;C14.907.585.250.260
00000000|MMI|17.80|Coronary Artery Disease|C1956346|[dsyn]|["CORONARY ARTERY DISEASE"-tx-1-"coronary artery disease"-noun-1]|TX|186/23|C14.280.647.250.260;C14.907.137.126.339;C14.907.585.250.260
00000000|MMI|17.80|Electrocardiography|C1623258|[diap]|["ECG NOS"-tx-27-"ECG"-noun-0]|TX|2137/3|E01.370.370.380.240;E01.370.405.240
00000000|MMI|17.80|Systemic arterial pressure|C1272641|[fndg]|["Blood pressure"-tx-30-"blood pressure"-noun-0]|TX|2470/14|G09.330.380.076.347
00000000|MMI|17.80|Troponin|C0041199|[aapp,bacs]|["Troponin"-tx-27-"troponin"-noun-0]|TX|2168/8|D05.750.078.730.825;D12.776.210.500.910;D12.776.220.525.825
00000000|MMI|16.30|Sternum|C0038293|[bpoc]|["STERNUM"-tx-46-"sternum"-noun-0]|TX|4739/7|A02.835.232.904.766
00000000|MMI|16.25|Postoperative Period|C0032790|[tmco]|["Postoperative"-tx-44-"postoperative"-noun-0]|TX|4340/13|E04.614.750;N02.421.585.753.750
00000000|MMI|16.23|Coronary Care Units|C0010066|[hcro,mnob]|["Cardiac care unit"-tx-28-"cardiac care unit"-noun-0]|TX|2328/17|N02.278.388.493.211
00000000|MMI|16.22|Pain|C0030193|[sosy]|["PAIN"-tx-1-"pain"-noun-0]|TX|353/4|C10.597.617;C23.888.592.612;F02.830.816.444;G11.561.600.810.444
00000000|MMI|16.19|Cardiac Output|C0007165|[clna]|["Cardiac Output"-tx-36-"cardiac output"-noun-0]|TX|3362/14|E01.370.370.380.150;G09.330.380.124
00000000|MMI|16.08|Mastodynia|C0024902|[sosy]|["Pain of breast"-tx-26-"of chest pain"-noun-0]|TX|2096/2,2105/10|C10.597.617.229;C23.888.592.612.530;F02.830.816.308;G11.561.600.810.308
00000000|MMI|16.08|Amlodipine|C0051696|[orch,phsu]|["AMLODIPINE"-tx-17-"Amlodipine"-noun-0]|TX|1434/10|D03.383.725.203.065
00000000|MMI|16.08|Lisinopril|C0065374|[aapp,phsu]|["Lysinopril"-tx-15-"Lisinopril"-noun-0]|TX|1385/10|D12.644.456.345.600
00000000|MMI|15.79|Abortion consent:Finding:Point in time:^Patient:Document|C2360836|[clna]|["Patient"-tx-37-"patient"-noun-0,"Patient"-tx-28-"patient"-noun-0,"Patient"-tx-21-"patient"-noun-0]|TX|3473/7;2282/7;1586/7|
00000000|MMI|15.79|Doctor of Medicine|C1512018|[inpr]|["M.D."-tx-62-"M.D"-noun-0,"M.D."-tx-58-"M.D"-noun-0,"M.D."-tx-56-"M.D"-noun-0]|TX|5320/3;5215/3;5170/3|
00000000|MMI|15.79|Hysterectomy consent:Finding:Point in time:^Patient:Document|C2360838|[clna]|["Patient"-tx-37-"patient"-noun-0,"Patient"-tx-28-"patient"-noun-0,"Patient"-tx-21-"patient"-noun-0]|TX|3473/7;2282/7;1586/7|
00000000|MMI|15.79|Present|C0150312|[qnco]|["Found"-tx-24-"found"-verb-0,"Found"-tx-21-"found"-verb-0,"Found"-tx-4-"found"-verb-0]|TX|1844/5;1641/5;719/5|
00000000|MMI|15.79|Revealed|C0443289|[qlco]|["Revealed"-tx-35-"revealed"-adj-0,"Revealed"-tx-33-"revealed"-verb-0,"revealing"-tx-27-"revealing"-verb-0]|TX|3257/8;2797/8;2185/9|
00000000|MMI|15.79|Sterilization consent:Finding:Point in time:^Patient:Document|C2360840|[clna]|["Patient"-tx-37-"patient"-noun-0,"Patient"-tx-28-"patient"-noun-0,"Patient"-tx-21-"patient"-noun-0]|TX|3473/7;2282/7;1586/7|
00000000|MMI|14.92|Time (foundation metadata concept)|C3541383|[tmco]|["Time"-tx-29-"time"-noun-0,"Time"-tx-23-"time"-noun-0,"Time"-tx-21-"time"-noun-0,"Time"-tx-2-"time"-noun-0]|TX|2356/4;1752/4;1631/4;397/4|
00000000|MMI|14.76|Status post|C0231290|[tmco]|["Status post"-tx-12-"status post"-prep-0,"Status post"-tx-10-"status post"-prep-0,"Status post"-tx-3-"status post"-prep-0,"Status post"-tx-1-"status post"-prep-0]|TX|1197/11;1055/11;451/11;234/11|
00000000|MMI|14.70|Taken|C1883727|[cnce]|["Taken"-tx-45-"taken"-verb-0,"Taken"-tx-37-"taken"-verb-0,"Taken"-tx-25-"taken"-verb-0,"Taken"-tx-2-"taken"-verb-0]|TX|4579/5;3485/5;1938/5;367/5|
00000000|MMI|14.64|Consultation|C0009818|[hlca]|["consulted"-tx-30-"consulted"-verb-0]|TX|2519/9|N04.452.758.849
00000000|MMI|14.64|Coronary heart disease|C0010068|[dsyn]|["Coronary (artery) disease"-tx-1-"coronary artery disease"-noun-1]|TX|186/23|C14.280.647.250;C14.907.585.250
00000000|MMI|14.64|Inguinal region|C0018246|[blor]|["Groin"-tx-25-"groin"-noun-0]|TX|2022/5|A01.923.047.365
00000000|MMI|14.64|Myocardial Infarction|C0027051|[dsyn]|["Infarction, Myocardial"-tx-6-"Myocardial infarction"-noun-0]|TX|950/21|C14.280.647.500;C14.907.585.500
00000000|MMI|14.64|Staple, Surgical|C0524724|[medd]|["staples"-tx-45-"staples"-noun-0]|TX|4619/7|E07.858.690.820
00000000|MMI|14.31|10%|C3842590|[fndg]|["10%"-tx-60-"10"-fraction-0,"10%"-tx-35-"10"-integer-0,"10%"-tx-25-"10"-fraction-0]|TX|[5274/2],[5286/2];3284/2;1969/2|
00000000|MMI|13.43|Transplanted tissue|C0332835|[tisu]|["GRAFT"-tx-21-"graft"-noun-0,"GRAFT"-tx-4-"graft"-noun-0]|TX|1661/5;779/5|A01.941
00000000|MMI|13.05|Tachycardia|C0039231|[patf]|["Tachycardias"-tx-42-"tachycardic"-adj-0]|TX|4117/11|C14.280.067.845;C23.550.073.845
00000000|MMI|13.00|Dental Occlusion|C0011382|[ortf]|["Occlusion"-tx-4-"occlusion"-noun-0]|TX|736/9|E06.276;G10.549.235.202
00000000|MMI|12.92|Pericardial sac structure|C0031050|[bpoc]|["Pericardial"-tx-39-"pericardial"-adj-0]|TX|3621/11|A07.541.795;A10.615.789.470
00000000|MMI|12.92|Diltiazem|C0012373|[orch,phsu]|["DILTIAZEM"-tx-48-"Diltiazem"-noun-0]|TX|4928/9|D03.438.079.150
00000000|MMI|12.89|Contrast Media|C0009924|[irda]|["Contrast"-tx-4-"contrast"-noun-0]|TX|833/8|D27.505.259.500;D27.720.259
00000000|MMI|12.89|Surgical sutures|C0038969|[medd]|["Suture"-tx-39-"suture"-noun-0]|TX|3680/6|E07.858.690.820
00000000|MMI|12.89|Thigh structure|C0039866|[blor]|["THIGH"-tx-4-"thigh"-adj-0]|TX|808/5|A01.378.610.750
00000000|MMI|12.89|Wound Healing|C0043240|[orgf]|["Repair, NOS"-tx-39-"repair"-noun-0]|TX|3687/6|G16.100.856.891
00000000|MMI|11.53|Operative Surgical Procedures|C0543467|[hlca]|["Surgical"-tx-40-"Surgical"-noun-0,"Surgery"-tx-32-"surgery"-noun-0,"Surgery"-tx-31-"surgery"-noun-0]|TX|3979/8;2741/7;2654/7|E04
00000000|MMI|11.49|Hypotension|C0020649|[fndg]|["HYPOTENSION"-tx-26-"hypotension"-noun-0]|TX|2120/11|C14.907.514
00000000|MMI|11.49|Peripheral Vascular Diseases|C0085096|[dsyn]|["PERIPHERAL VASCULAR DISEASE"-tx-5-"Peripheral vascular disease"-noun-0]|TX|920/27|C14.907.617
00000000|MMI|11.42|Negation|C1518422|[ftcn]|["Not"-tx-44-"not"-adv-0,"Not"-tx-23-"not"-adv-0,"Not"-tx-3-"not"-adv-0]|TX|4491/3;1766/3;672/3|
00000000|MMI|10.98|1+|C3816745|[fndg]|["1+"-tx-60-"1"-integer-0,"1+"-tx-33-"1"-fraction-0,"1+"-tx-1-"1"-fraction-0]|TX|5299/1;2754/1;16/1|
00000000|MMI|10.98|1+ Score|C2827734|[qnco]|["1+"-tx-60-"1"-integer-0,"1+"-tx-33-"1"-fraction-0,"1+"-tx-1-"1"-fraction-0]|TX|5299/1;2754/1;16/1|
00000000|MMI|10.98|1+ Score, WHO|C2981698|[clas]|["1+"-tx-60-"1"-integer-0,"1+"-tx-33-"1"-fraction-0,"1+"-tx-1-"1"-fraction-0]|TX|5299/1;2754/1;16/1|
00000000|MMI|10.87|Bypass graft|C0185098|[topp]|["Bypass graft"-tx-10-"bypass graft"-noun-0,"Bypass graft"-tx-3-"bypass graft"-noun-0,"bypass grafts"-tx-1-"bypass grafts"-noun-0]|TX|1094/12;490/12;272/13|
00000000|MMI|10.86|Mild (qualifier value)|C2945599|[qlco]|["Mildly"-tx-42-"mildly"-adv-0,"Mildly"-tx-32-"mildly"-adv-0,"Minimal"-tx-4-"minimal"-adj-0]|TX|4110/6;2722/6;846/7|
00000000|MMI|10.79|Magnesium Cation|C2346927|[elii,phsu]|["Mg++"-tx-55-"mg"-noun-0,"Mg++"-tx-48-"mg"-noun-0]|TX|5104/2;[4871/2],[4941/2]|
00000000|MMI|10.79|Milligram percent|C1960952|[qnco]|["mg %"-tx-55-"mg"-noun-0,"mg %"-tx-48-"mg"-noun-0]|TX|5104/2;[4871/2],[4941/2]|
00000000|MMI|10.79|mg/dL|C0439269|[qnco]|["mg%"-tx-55-"mg"-noun-0,"mg%"-tx-48-"mg"-noun-0]|TX|5104/2;[4871/2],[4941/2]|
00000000|MMI|10.57|Severe (severity modifier)|C0205082|[qlco]|["SEVERE"-tx-34-"severe"-adj-0,"SEVERE"-tx-30-"severe"-adj-0,"High Grade"-tx-24-"high grade"-adj-0]|TX|3204/6;2416/6;1870/10|
00000000|MMI|10.54|Peroneal|C0442035|[spco]|["Peroneal"-tx-12-"peroneal"-adj-0,"Peroneal"-tx-10-"peroneal"-adj-0,"Peroneal"-tx-3-"peroneal"-adj-0]|TX|1228/8;1085/8;481/8|
00000000|MMI|10.50|30%|C3842588|[fndg]|["30%"-tx-48-"30"-integer-0,"30%"-tx-33-"30"-percentage-0,"30%"-tx-18-"30"-integer-0]|TX|4938/2;2893/2;1463/2|
00000000|MMI|10.45|100%|C3817553|[qnco]|["100%"-tx-33-"100"-percentage-0,"100%"-tx-19-"100"-integer-0]|TX|[2954/3],[3038/3];1487/3|
00000000|MMI|10.43|July|C3829447|[qlco]|["July"-tx-11-"July"-noun-0,"July"-tx-10-"July"-noun-0,"July"-tx-3-"July"-noun-0]|TX|1176/4;1110/4;506/4|
00000000|MMI|10.42|Allopathic & Osteopathic Physicians - Surgery|C3853799|[prog]|["Surgery"-tx-32-"surgery"-noun-0,"Surgery"-tx-31-"surgery"-noun-0]|TX|2741/7;2654/7|
00000000|MMI|10.42|Ambulate|C4036205|[fndg]|["Ambulate"-tx-44-"ambulate"-verb-0,"Ambulate"-tx-3-"ambulate"-verb-1]|TX|4427/8;684/8|
00000000|MMI|10.42|Good|C0205170|[qlco]|["Well"-tx-44-"well"-adv-0,"Well"-tx-40-"well"-adv-0]|TX|4406/4;4031/4|
00000000|MMI|10.42|Hypertension Adverse Event|C1963138|[fndg]|["Hypertension"-tx-7-"Hypertension"-noun-0,"Hypertension"-tx-1-"hypertension"-noun-0]|TX|974/12;129/12|
00000000|MMI|10.42|Performed|C0884358|[ftcn]|["Perform"-tx-31-"perform"-verb-0,"Performed"-tx-27-"performed"-verb-0]|TX|2642/7;2145/9|
00000000|MMI|10.42|Surgery specialty|C0038894|[bmod]|["Surgery"-tx-32-"surgery"-noun-0,"Surgery"-tx-31-"surgery"-noun-0]|TX|2741/7;2654/7|
00000000|MMI|10.42|Type II Diabetes Mellitus Pathway|C2984301|[ftcn]|["non insulin dependent diabetes mellitus"-tx-8-"Non-insulin dependent diabetes mellitus"-noun-0,"non insulin dependent diabetes mellitus"-tx-1-"non-insulin dependent diabetes mellitus"-noun-0]|TX|989/39;144/39|
00000000|MMI|10.42|Well|C3146287|[mnob]|["Well"-tx-44-"well"-adv-0,"Well"-tx-40-"well"-adv-0]|TX|4406/4;4031/4|
00000000|MMI|10.28|Drawings (art)|C0013113|[inpr]|["Draw"-tx-27-"drawn"-verb-0]|TX|2177/5|V01.185.625;V02.700.300
00000000|MMI|10.06|Drug Allergy|C0013182|[dsyn]|["Drug Allergies"-tx-20-"drug allergies"-noun-1]|TX|1548/14|C20.543.206;C25.100.468
00000000|MMI|9.99|Disease|C0012634|[dsyn]|["condition"-tx-31-"condition"-noun-0]|TX|2613/9|C23.550.288
00000000|MMI|9.99|Veins|C0042449|[bpoc]|["VEIN"-tx-21-"vein"-noun-0]|TX|1656/4|A07.231.908
00000000|MMI|9.90|Back|C0004600|[blor]|["BACK"-tx-22-"back"-adj-0]|TX|1725/4|A01.923.176
00000000|MMI|9.88|Hospitals|C0019994|[hcro,mnob]|["HOSPITAL"-tx-1-"hospital"-noun-0]|TX|307/8|N02.278.421
00000000|MMI|9.84|Males|C0086582|[orga]|["MALE"-tx-1-"male"-noun-0]|TX|76/4|x.x.x
00000000|MMI|9.79|Cardiac Surgery procedures|C0018821|[topp]|["Cardiac surgery"-tx-31-"cardiac surgery"-noun-0]|TX|2555/15|E04.100.376;E04.928.220
00000000|MMI|8.34|Hypersensitivity|C0020517|[patf]|["Allergies"-tx-20-"ALLERGIES"-noun-0]|TX|1528/9|C20.543
00000000|MMI|8.34|Maintenance|C0024501|[acty]|["Maintain"-tx-48-"maintain"-verb-0]|TX|4887/8|N02.628
00000000|MMI|7.70|Able (finding)|C1299581|[fndg]|["Able"-tx-44-"able"-adj-0,"Able"-tx-3-"able"-adj-1]|TX|4419/4;676/4|
00000000|MMI|7.46|Delayed Release Dosage Form|C1707664|[bodm]|["DR"-tx-38-"Dr"-noun-0,"DR"-tx-37-"Dr"-noun-0]|TX|3547/2;3529/2|
00000000|MMI|7.46|Device to Subject Relationship Domain|C3540849|[inpr]|["DR"-tx-38-"Dr"-noun-0,"DR"-tx-37-"Dr"-noun-0]|TX|3547/2;3529/2|
00000000|MMI|7.46|Doctor - Title|C2348314|[cnce]|["Dr."-tx-38-"Dr"-noun-0,"Dr."-tx-37-"Dr"-noun-0]|TX|3547/2;3529/2|
00000000|MMI|7.44|Obstruction|C0028778|[patf]|["occluded"-tx-21-"occluded"-verb-0,"Occlusion"-tx-4-"occlusion"-noun-0]|TX|1671/8;736/9|
00000000|MMI|7.44|Occluded|C1947917|[ftcn]|["Occluded"-tx-21-"occluded"-verb-0,"Occlusion"-tx-4-"occlusion"-noun-0]|TX|1671/8;736/9|
00000000|MMI|7.40|Glipizide 5 MG|C0986241|[clnd]|["Glipizide 5 MG"-tx-53-"Glipizide 5 mg"-noun-0,"Glipizide 5 MG"-tx-13-"Glipizide 5 mg"-noun-0]|TX|5042/14;1328/14|
00000000|MMI|7.36|Entire foot|C1281587|[bpoc]|["Foot"-tx-25-"foot"-noun-0,"Foot"-tx-4-"foot"-noun-0]|TX|2032/4;891/4|
00000000|MMI|7.36|Feet, unit of measurement|C0347981|[qnco]|["foot"-tx-25-"foot"-noun-0,"foot"-tx-4-"foot"-noun-0]|TX|2032/4;891/4|
00000000|MMI|7.36|Foot British|C2348704|[qnco]|["foot"-tx-25-"foot"-noun-0,"foot"-tx-4-"foot"-noun-0]|TX|2032/4;891/4|
00000000|MMI|7.36|International Foot|C2346504|[qnco]|["Foot"-tx-25-"foot"-noun-0,"Foot"-tx-4-"foot"-noun-0]|TX|2032/4;891/4|
00000000|MMI|7.36|MILDLY|C0750532|[idcn]|["MILDLY"-tx-42-"mildly"-adv-0,"MILDLY"-tx-32-"mildly"-adv-0]|TX|4110/6;2722/6|
00000000|MMI|7.36|Survey Foot|C2348613|[qnco]|["foot"-tx-25-"foot"-noun-0,"foot"-tx-4-"foot"-noun-0]|TX|2032/4;891/4|
00000000|MMI|7.27|Management procedure|C1273870|[ocac]|["Managing"-tx-30-"managing"-noun-0,"Managed"-tx-29-"managed"-verb-0]|TX|2457/8;2368/7|
00000000|MMI|7.26|Patient location type - Operating Room|C1578465|[spco]|["Operating Room"-tx-37-"operating room"-noun-0,"Operating Room"-tx-25-"operating room"-noun-0]|TX|3498/14;1951/14|
00000000|MMI|7.16|Clinical trial protocol document|C1507394|[inpr]|["Protocol"-tx-45-"protocol"-noun-0,"Protocol"-tx-43-"protocol"-noun-0]|TX|4602/8;4232/8|
00000000|MMI|7.16|Library Protocol|C1522729|[inpr]|["Protocol"-tx-45-"protocol"-noun-0,"Protocol"-tx-43-"protocol"-noun-0]|TX|4602/8;4232/8|
00000000|MMI|7.16|Protocol - answer to question|C3715209|[fndg]|["Protocol"-tx-45-"protocol"-noun-0,"Protocol"-tx-43-"protocol"-noun-0]|TX|4602/8;4232/8|
00000000|MMI|7.16|Protocols documentation|C0442711|[inpr]|["Protocol"-tx-45-"protocol"-noun-0,"Protocol"-tx-43-"protocol"-noun-0]|TX|4602/8;4232/8|
00000000|MMI|7.16|Study Protocol|C2348563|[inpr]|["Protocol"-tx-45-"protocol"-noun-0,"Protocol"-tx-43-"protocol"-noun-0]|TX|4602/8;4232/8|
00000000|MMI|7.14|Left lower extremity|C0230416|[bpoc]|["Left lower extremity"-tx-25-"left lower extremity"-noun-0,"Left lower extremity"-tx-1-"left lower extremity"-noun-0]|TX|1984/20;332/20|
00000000|MMI|7.14|Base - General Qualifier|C1705938|[idcn]|["Based"-tx-37-"Based"-verb-0,"Based"-tx-30-"Based"-verb-0]|TX|3412/5;2403/5|
00000000|MMI|7.14|Basis - conceptual entity|C1527178|[ftcn]|["Based"-tx-37-"Based"-verb-0,"Based"-tx-30-"Based"-verb-0]|TX|3412/5;2403/5|
00000000|MMI|7.11|Patient Condition Code - Stable|C1547311|[inpr]|["Stable"-tx-46-"stable"-adj-0]|TX|[4691/6],[4732/6]|
00000000|MMI|7.11|Stable status|C0205360|[qlco]|["STABLE"-tx-46-"stable"-adj-0]|TX|[4691/6],[4732/6]|
00000000|MMI|7.10|Current (present time)|C0521116|[tmco]|["Currently"-tx-47-"currently"-adv-0,"CURRENT"-tx-31-"current"-adj-0]|TX|4759/9;2605/7|
00000000|MMI|7.08|Graft material|C0181074|[bodm]|["{Graft}"-tx-21-"graft"-noun-0,"{Graft}"-tx-4-"graft"-noun-0]|TX|1661/5;779/5|
00000000|MMI|7.08|Grafting procedure|C1961139|[topp]|["Graft, NOS"-tx-21-"graft"-noun-0,"Graft, NOS"-tx-4-"graft"-noun-0]|TX|1661/5;779/5|
00000000|MMI|7.05|Rehabilitation - specialty|C1306847|[bmod]|["Rehabilitation"-tx-47-"rehabilitation"-noun-0,"Rehabilitation"-tx-44-"rehabilitation"-noun-0]|TX|4807/14;4550/14|
00000000|MMI|7.04|Circumpennate|C0920847|[cnce]|["Radial"-tx-39-"radial"-adj-0]|TX|[3828/6],[3869/6]|
00000000|MMI|7.04|Radial|C0442038|[cnce]|["Radial"-tx-39-"radial"-adj-0]|TX|[3828/6],[3869/6]|
00000000|MMI|7.03|23|C0450348|[qnco]|["23"-tx-39-"23"-integer-0,"23"-tx-25-"23"-fraction-0]|TX|3599/2;1972/2|
00000000|MMI|7.01|Borg Category-Ratio 10 Perceived Exertion Score 5|C4050466|[inpr]|["Severe"-tx-34-"severe"-adj-0,"Severe"-tx-30-"severe"-adj-0]|TX|3204/6;2416/6|
00000000|MMI|7.01|Severe Extremity Pain|C4050465|[inpr]|["Severe"-tx-34-"severe"-adj-0,"Severe"-tx-30-"severe"-adj-0]|TX|3204/6;2416/6|
00000000|MMI|7.00|Right|C0205090|[spco]|["RIGHT"-tx-12-"right"-adj-0]|TX|[1211/5],[1264/5]|
00000000|MMI|7.00|Right sided|C0444532|[spco]|["Right"-tx-12-"right"-adj-0]|TX|[1211/5],[1264/5]|
00000000|MMI|6.99|Three|C0205449|[qnco]|["Three"-tx-39-"three"-word_numeral-0,"Three"-tx-3-"three"-word_numeral-0]|TX|3742/5;561/5|
00000000|MMI|6.98|Increasing|C0442808|[ftcn]|["Increasing"-tx-3-"increasing"-adj-0,"Increasing"-tx-1-"increasing"-noun-0]|TX|595/10;321/10|
00000000|MMI|6.96|50%|C3842586|[fndg]|["50%"-tx-55-"50"-integer-0,"50%"-tx-14-"50"-integer-0]|TX|5101/2;1372/2|
00000000|MMI|6.96|<50|C3843766|[fndg]|["<50"-tx-55-"50"-integer-0,"<50"-tx-14-"50"-integer-0]|TX|5101/2;1372/2|
00000000|MMI|6.95|Blood group antibody I|C0221138|[aapp,imft]|["I NOS"-tx-55-"i"-adv-0,"I NOS"-tx-48-"i"-adv-0]|TX|5109/1;4946/1|
00000000|MMI|6.89|Branch of|C1253959|[bpoc]|["Branch of"-tx-33-"branch of"-noun-0]|TX|[2988/9],[3073/9]|
00000000|MMI|6.89|September|C3828193|[tmco]|["September"-tx-12-"September"-noun-0]|TX|[1240/9],[1295/9]|
00000000|MMI|6.87|Circumflex|C1880089|[spco]|["Circumflex"-tx-33-"circumflex"-noun-0]|TX|[3007/10],[3092/10]|
00000000|MMI|6.85|2000s|C0681760|[tmco]|["2000s"-tx-12-"2000"-integer-0]|TX|[1253/4],[1308/4]|
00000000|MMI|6.70|Heart|C0018787|[bpoc]|["Cardiac"-tx-40-"Cardiac"-noun-0]|TX|3971/7|A07.541
00000000|MMI|6.62|Health|C0018684|[idcn]|["Health"-tx-64-"HEALTH"-noun-0]|TX|5343/6|N01.400
00000000|MMI|5.18|3+ Answer to Question|C3838680|[fndg]|["3+"-tx-48-"3"-integer-0]|TX|4914/1|
00000000|MMI|5.18|3+ Score|C2827736|[qnco]|["3+"-tx-48-"3"-integer-0]|TX|4914/1|
00000000|MMI|5.18|3+ Score, WHO|C2981702|[clas]|["3+"-tx-48-"3"-integer-0]|TX|4914/1|
00000000|MMI|5.18|<3 (qualifier value)|C0439086|[qnco]|["<3"-tx-48-"3"-integer-0]|TX|4914/1|
00000000|MMI|5.18|Acute Myocardial Infarction by ECG Finding|C3541950|[fndg]|["Acute Myocardial Infarction"-tx-27-"acute myocardial infarction"-noun-0]|TX|2210/27|
00000000|MMI|5.18|Acute myocardial infarction|C0155626|[dsyn]|["Acute Myocardial Infarction"-tx-27-"acute myocardial infarction"-noun-0]|TX|2210/27|
00000000|MMI|5.18|Adjustment Action|C0456081|[ftcn]|["Adjusted"-tx-42-"adjusted"-verb-0]|TX|4156/8|
00000000|MMI|5.18|Admission activity|C0809949|[hlca]|["Admitted"-tx-28-"admitted"-verb-0]|TX|2294/8|
00000000|MMI|5.18|Anterior descending branch of left coronary artery|C0226032|[bpoc]|["Left anterior descending artery"-tx-39-"left anterior descending artery"-noun-0]|TX|3789/31|
00000000|MMI|5.18|Blood pressure finding|C1271104|[fndg]|["Blood Pressure"-tx-30-"blood pressure"-noun-0]|TX|2470/14|
00000000|MMI|5.18|Brought on by|C0332302|[ftcn]|["brought"-tx-22-"brought"-verb-0]|TX|1717/7|
00000000|MMI|5.18|CDISC SDTM Procedure Terminology|C3539779|[inpr]|["Procedure"-tx-26-"procedure"-noun-0]|TX|2064/9|
00000000|MMI|5.18|Cardiac surgery service|C0587672|[hcro]|["Cardiac surgery service"-tx-30-"cardiac surgery service"-noun-0]|TX|2491/23|
00000000|MMI|5.18|Cardiology service|C3887620|[hcro]|["Cardiology service"-tx-28-"cardiology service"-noun-0]|TX|2244/18|
00000000|MMI|5.18|Cardiology service (procedure)|C0587571|[hlca]|["Cardiology service"-tx-28-"cardiology service"-noun-0]|TX|2244/18|
00000000|MMI|5.18|Closure by staple|C0185012|[topp]|["Staples"-tx-45-"staples"-noun-0]|TX|4619/7|
00000000|MMI|5.18|Conduit implant|C0441247|[medd]|["Conduit"-tx-24-"conduit"-noun-0]|TX|1809/7|
00000000|MMI|5.18|Deferred|C0205421|[tmco]|["Delayed"-tx-32-"delayed"-verb-0]|TX|2729/7|
00000000|MMI|5.18|Delayed Testing|C3272602|[qlco]|["Delayed"-tx-32-"delayed"-verb-0]|TX|2729/7|
00000000|MMI|5.18|Discharge date|C2361123|[tmco]|["Discharge date"-tx-1-"Discharge Date"-noun-0]|TX|0/14|
00000000|MMI|5.18|Discharge date:Time Stamp -- Date and Time:Point in time:^Patient:Quantitative|C2361122|[clna]|["Discharge date"-tx-1-"Discharge Date"-noun-0]|TX|0/14|
00000000|MMI|5.18|Discontinued|C1444662|[fndg]|["Discontinued"-tx-45-"discontinued"-verb-0]|TX|4637/12|
00000000|MMI|5.18|Disposition|C0743223|[idcn]|["Disposition"-tx-48-"DISPOSITION"-noun-0]|TX|4824/11|
00000000|MMI|5.18|Disposition Domain|C1705555|[inpr]|["Disposition"-tx-48-"DISPOSITION"-noun-0]|TX|4824/11|
00000000|MMI|5.18|Electrocardiogram: myocardial infarction (finding)|C0428953|[lbtr]|["MYOCARDIAL INFARCTION"-tx-6-"Myocardial infarction"-noun-0]|TX|950/21|
00000000|MMI|5.18|Entity Name Part Type - given|C1550718|[idcn]|["given"-tx-31-"given"-verb-0]|TX|2595/5|
00000000|MMI|5.18|Finding|C0243095|[fndg]|["Find"-tx-23-"find"-verb-1]|TX|1770/4|
00000000|MMI|5.18|First (number)|C0205435|[qnco]|["First"-tx-21-"first"-adv-0]|TX|1594/5|
00000000|MMI|5.18|Firstly|C1279901|[qlco]|["First"-tx-21-"first"-adv-0]|TX|1594/5|
00000000|MMI|5.18|GIVEN|C1442162|[cnce]|["GIVEN"-tx-31-"given"-verb-0]|TX|2595/5|
00000000|MMI|5.18|GORAB gene|C1822658|[gngm]|["GO"-tx-44-"go"-verb-0]|TX|4510/2|
00000000|MMI|5.18|Give - dosing instruction imperative|C1947971|[ftcn]|["Given"-tx-31-"given"-verb-0]|TX|2595/5|
00000000|MMI|5.18|Given name|C3244317|[inpr]|["given"-tx-31-"given"-verb-0]|TX|2595/5|
00000000|MMI|5.18|Hospital admission|C0184666|[hlca]|["admitted"-tx-28-"admitted"-verb-0]|TX|2294/8|
00000000|MMI|5.18|Hospital course|C0489547|[fndg]|["Hospital course"-tx-21-"HOSPITAL COURSE"-noun-0]|TX|1565/15|
00000000|MMI|5.18|Hospital course:Finding:Point in time:^Patient:Narrative|C0488549|[clna]|["Hospital course"-tx-21-"HOSPITAL COURSE"-noun-0]|TX|1565/15|
00000000|MMI|5.18|Hypotension Adverse Event|C3163620|[fndg]|["Hypotension"-tx-26-"hypotension"-noun-0]|TX|2120/11|
00000000|MMI|5.18|Improvement|C2986411|[cnce]|["Improvement"-tx-23-"improvement"-noun-0]|TX|1791/11|
00000000|MMI|5.18|Inguinal part of abdomen|C0816951|[blor]|["Groin"-tx-25-"groin"-noun-0]|TX|2022/5|
00000000|MMI|5.18|Interventional procedure|C0184661|[topp]|["Procedure"-tx-26-"procedure"-noun-0]|TX|2064/9|
00000000|MMI|5.18|Medical History|C0262926|[fndg]|["Past Medical History"-tx-5-"PAST MEDICAL HISTORY"-noun-0]|TX|898/20|
00000000|MMI|5.18|Medication.discharge|C0806915|[fndg]|["Discharge medications"-tx-48-"DISCHARGE MEDICATIONS"-noun-0]|TX|4837/21|
00000000|MMI|5.18|Medications:-:Point in time:^Patient:-|C2598133|[clna]|["Medications"-tx-13-"MEDICATIONS"-noun-0]|TX|1315/11|
00000000|MMI|5.18|Medications:Presence or Identity:Duration of the study:^Patient:Nominal|C0802604|[clna]|["Medications"-tx-13-"MEDICATIONS"-noun-0]|TX|1315/11|
00000000|MMI|5.18|Myocardial Infarction ECG Assessment|C3810814|[diap]|["Myocardial Infarction"-tx-6-"Myocardial infarction"-noun-0]|TX|950/21|
00000000|MMI|5.18|Myocardial infarction:Finding:Point in time:^Patient:Ordinal|C2926063|[clna]|["Myocardial infarction"-tx-6-"Myocardial infarction"-noun-0]|TX|950/21|
00000000|MMI|5.18|Open|C0175566|[spco]|["Opened"-tx-24-"opened"-verb-0]|TX|1826/6|
00000000|MMI|5.18|PMH - past medical history|C0455458|[fndg]|["Past medical history"-tx-5-"PAST MEDICAL HISTORY"-noun-0]|TX|898/20|
00000000|MMI|5.18|Perform|C2947996|[phsu]|["Perform"-tx-31-"perform"-verb-0]|TX|2642/7|
00000000|MMI|5.18|Pharmaceutical Preparations|C0013227|[phsu]|["Medications"-tx-13-"MEDICATIONS"-noun-0]|TX|1315/11|D26
00000000|MMI|5.18|Physical Medical Procedure|C3274430|[hlca]|["PROCEDURE"-tx-26-"procedure"-noun-0]|TX|2064/9|
00000000|MMI|5.18|Probably|C0750492|[idcn]|["Probably"-tx-44-"probably"-adv-0]|TX|4479/8|
00000000|MMI|5.18|Procedure (set of actions)|C2700391|[acty]|["Procedure"-tx-26-"procedure"-noun-0]|TX|2064/9|
00000000|MMI|5.18|Procedure Domain|C3538935|[inpr]|["Procedure"-tx-26-"procedure"-noun-0]|TX|2064/9|
00000000|MMI|5.18|Schedule (document type)|C0086960|[inpr]|["Scheduled"-tx-31-"scheduled"-verb-0]|TX|2538/9|
00000000|MMI|5.18|Scheduled - priority|C1571999|[qlco]|["Scheduled"-tx-31-"scheduled"-verb-0]|TX|2538/9|
00000000|MMI|5.18|Scheduled - procedure status|C0205539|[qlco]|["Scheduled"-tx-31-"scheduled"-verb-0]|TX|2538/9|
00000000|MMI|5.18|See|C1947903|[acty]|["See"-tx-31-"see"-verb-0]|TX|2551/3|
00000000|MMI|5.18|Surgical and medical procedures|C1948041|[topp]|["Procedure"-tx-26-"procedure"-noun-0]|TX|2064/9|
00000000|MMI|5.18|aspirin enteric coated|C0718690|[orch,phsu]|["enteric coated aspirin"-tx-19-"enteric coated aspirin"-noun-0]|TX|1503/22|
00000000|MMI|3.98|Call (Instruction)|C1947967|[ftcn]|["Call"-tx-28-"called"-verb-0]|TX|2267/6|
00000000|MMI|3.98|Commence|C3274784|[acty]|["Commence"-tx-2-"commenced"-verb-0]|TX|419/9|
00000000|MMI|3.98|Decision|C0679006|[menp]|["Call"-tx-28-"called"-verb-0]|TX|2267/6|
00000000|MMI|3.75|1 Day|C1442449|[tmco]|["Day 1"-tx-44-"day 1"-noun-0]|TX|4354/3,4359/1|
00000000|MMI|3.75|Rest pain|C0234253|[sosy]|["Rest pain"-tx-3-"rest pain"-noun-0]|TX|606/9|
00000000|MMI|3.75|sliding scale|C2937251|[topp]|["sliding scale"-tx-55-"sliding scale"-noun-0]|TX|5123/13|
00000000|MMI|3.72|Lower extremity pain|C0239376|[sosy]|["EXTREMITY PAIN, LOWER"-tx-1-"lower extremity pain"-noun-0]|TX|337/20|
00000000|MMI|3.68|% index|C1637833|[qnco]|["% index"-tx-59-"Index"-noun-0]|TX|5250/5|
00000000|MMI|3.68|Administration procedure|C1533734|[topp]|["Treatment"-tx-22-"treatment"-noun-0]|TX|1699/9|
00000000|MMI|3.68|Ambulatory Health Care Facilities; Clinic/Center; Rehabilitation: Cardiac Facilities|C1552453|[hcro,mnob]|["Cardiology clinic"-tx-64-"CARDIOLOGY CLINIC"-noun-0]|TX|5350/17|
00000000|MMI|3.68|Attending (action)|C1999232|[ftcn]|["attending"-tx-57-"Attending"-noun-0]|TX|5180/9|
00000000|MMI|3.68|Attending (provider role)|C1547429|[prog]|["Attending"-tx-57-"Attending"-noun-0]|TX|5180/9|
00000000|MMI|3.68|Biomaterial Treatment|C1705169|[cnce]|["Treatment"-tx-22-"treatment"-noun-0]|TX|1699/9|
00000000|MMI|3.68|Cardiology clinic|C3810847|[hcro,mnob]|["Cardiology clinic"-tx-64-"CARDIOLOGY CLINIC"-noun-0]|TX|5350/17|
00000000|MMI|3.68|Condition|C0348080|[qlco]|["Condition"-tx-31-"condition"-noun-0]|TX|2613/9|
00000000|MMI|3.68|Condition:Find:Pt:^Patient:Nom|C3864998|[clna]|["Condition"-tx-31-"condition"-noun-0]|TX|2613/9|
00000000|MMI|3.68|Dosage|C0178602|[qnco]|["DOSE"-tx-42-"dose"-noun-0]|TX|4147/4|
00000000|MMI|3.68|Dose number:Number:Point in time:^Patient:Quantitative|C1114758|[clna]|["Dose #"-tx-42-"dose"-noun-0]|TX|4147/4|
00000000|MMI|3.68|Entire sternum|C1279580|[bpoc]|["Sternum"-tx-46-"sternum"-noun-0]|TX|4739/7|
00000000|MMI|3.68|Entire vein|C1278960|[bpoc]|["Vein"-tx-21-"vein"-noun-0]|TX|1656/4|
00000000|MMI|3.68|Home environment|C0442519|[cnce]|["HOME"-tx-44-"home"-noun-0]|TX|4513/4|
00000000|MMI|3.68|Html Link Type - index|C1552854|[idcn]|["index"-tx-59-"Index"-noun-0]|TX|5250/5|
00000000|MMI|3.68|Index|C0918012|[inpr]|["Index"-tx-59-"Index"-noun-0]|TX|5250/5|
00000000|MMI|3.68|Logical Condition|C1705253|[cnce]|["Condition"-tx-31-"condition"-noun-0]|TX|2613/9|
00000000|MMI|3.68|Point|C3714763|[spco]|["Point"-tx-3-"point"-noun-0]|TX|653/5|
00000000|MMI|3.68|Point Name|C2347617|[qnco]|["point"-tx-3-"point"-noun-0]|TX|653/5|
00000000|MMI|3.68|Therapeutic procedure|C0087111|[topp]|["Treatment"-tx-22-"treatment"-noun-0]|TX|1699/9|E02
00000000|MMI|3.68|Treating|C1522326|[ftcn]|["Treatment"-tx-22-"treatment"-noun-0]|TX|1699/9|
00000000|MMI|3.68|Treatment Epoch|C3538994|[resa]|["TREATMENT"-tx-22-"treatment"-noun-0]|TX|1699/9|
00000000|MMI|3.68|Unit dose|C0869039|[qnco]|["Dose"-tx-42-"dose"-noun-0]|TX|4147/4|
00000000|MMI|3.68|care activity|C1947933|[acty]|["Care"-tx-40-"care"-noun-0]|TX|3950/4|
00000000|MMI|3.68|point - UnitsOfMeasure|C1552961|[qnco]|["POINT"-tx-3-"point"-noun-0]|TX|653/5|
00000000|MMI|3.68|treatment - ActInformationManagementReason|C3887704|[hlca]|["treatment"-tx-22-"treatment"-noun-0]|TX|1699/9|
00000000|MMI|3.67|History of present illness|C0262512|[orga]|["HISTORY OF PRESENT ILLNESS"-tx-1-"HISTORY OF PRESENT ILLNESS"-noun-0]|TX|26/26|
00000000|MMI|3.67|History of present illness:Finding:Point in time:^Patient:Nominal:Reported|C0488508|[clna]|["History of present illness"-tx-1-"HISTORY OF PRESENT ILLNESS"-noun-0]|TX|26/26|
00000000|MMI|3.65|Docusate Sodium 100 MG|C3153447|[clnd]|["Docusate Sodium 100 MG"-tx-50-"Colace 100 mg"-noun-0]|TX|4978/13|
00000000|MMI|3.65|Furosemide 40 MG|C0986199|[clnd]|["Furosemide 40 MG"-tx-54-"Lasix 40 mg"-noun-0]|TX|5066/11|
00000000|MMI|3.65|Niferex-150|C0212018|[orch,phsu]|["Niferex-150"-tx-52-"Niferex-150"-noun-0]|TX|5021/11|
00000000|MMI|3.64|dictated - DocumentCompletion|C1609990|[idcn]|["Dictated"-tx-56-"Dictated"-verb-0]|TX|5139/8|
00000000|MMI|3.64|dictated - ParticipationMode|C1548384|[ftcn]|["dictated"-tx-56-"Dictated"-verb-0]|TX|5139/8|
00000000|MMI|3.64|Internal mammary-coronary artery bypass graft|C1293394|[topp]|["Internal mammary-coronary artery bypass graft"-tx-39-"coronary artery bypass graft internal mammary"-noun-0]|TX|3707/28,3758/16|
00000000|MMI|3.63|Device Component System|C1704459|[mnob]|["System"-tx-33-"system"-noun-0]|TX|2823/6|
00000000|MMI|3.63|Infusion procedures|C0574032|[topp]|["Infusion"-tx-2-"infusion"-noun-0]|TX|406/8|
00000000|MMI|3.63|Infusion route|C1827465|[ftcn]|["Infusion"-tx-2-"infusion"-noun-0]|TX|406/8|
00000000|MMI|3.63|System|C0449913|[ftcn]|["System"-tx-33-"system"-noun-0]|TX|2823/6|
00000000|MMI|3.63|System - kit|C1553451|[mnob]|["System"-tx-33-"system"-noun-0]|TX|2823/6|
00000000|MMI|3.63|bit - unit of measure|C1553019|[qnco]|["Bit"-tx-31-"bit"-noun-0]|TX|2671/3|
00000000|MMI|3.62|Surgical intensive care unit|C1690590|[hcro,mnob]|["Surgical intensive care unit"-tx-40-"Surgical Intensive Care Unit"-noun-0]|TX|3979/28|
00000000|MMI|3.62|Pulmonary artery pressure|C0428642|[lbtr]|["Pulmonary artery pressure"-tx-35-"pulmonary artery pressure"-noun-0]|TX|3291/25|
00000000|MMI|3.61|Batch (Response Modality)|C1550176|[inpr]|["Batch"-tx-59-"Batch"-noun-0]|TX|5238/5|
00000000|MMI|3.61|Batch (group)|C1948031|[qnco]|["Batch"-tx-59-"Batch"-noun-0]|TX|5238/5|
00000000|MMI|3.61|Batch Number|C3641829|[inpr]|["BATCH"-tx-59-"Batch"-noun-0]|TX|5238/5|
00000000|MMI|3.61|C-Circle|C3538933|[celc]|["CC"-tx-60-"CC"-noun-0]|TX|5295/2|
00000000|MMI|3.61|Cardiac intensive care unit|C0587446|[hcro,mnob]|["Cardiac intensive care unit"-tx-40-"Cardiac Intensive Care Unit"-noun-0]|TX|3971/7,3988/19|
00000000|MMI|3.61|Cardiac index|C0428776|[fndg]|["Cardiac Index"-tx-36-"cardiac index"-noun-0]|TX|3389/13|
00000000|MMI|3.61|Intrachamber:Pres:Pt:Heart.atrium.right:Qn|C4050168|[clna]|["RA pressure"-tx-35-"RA pressure"-noun-0]|TX|3269/11|
00000000|MMI|3.61|Room air|C3846005|[fndg]|["Room air"-tx-47-"room air"-noun-0]|TX|4772/8|
00000000|MMI|3.60|Medical Valves|C0184252|[medd]|["VALVE"-tx-39-"valve"-noun-0]|TX|3633/5|
00000000|MMI|3.60|One|C0205447|[qnco]|["ONE"-tx-39-"one"-noun-0]|TX|3854/3|
00000000|MMI|3.60|Pain NOS Adverse Event|C1962977|[fndg]|["Pain NOS"-tx-1-"pain"-noun-0]|TX|353/4|
00000000|MMI|3.60|Valve (physical object)|C3888056|[mnob]|["Valve"-tx-39-"valve"-noun-0]|TX|3633/5|
00000000|MMI|3.60|Valve Device Component|C1704414|[medd]|["Valve"-tx-39-"valve"-noun-0]|TX|3633/5|
00000000|MMI|3.60|anatomic valve|C1186983|[bpoc]|["Valve"-tx-39-"valve"-noun-0]|TX|3633/5|
00000000|MMI|3.60|contextual factors|C0542559|[ftcn]|["Setting"-tx-31-"setting"-noun-0]|TX|2581/7|
00000000|MMI|3.60|{Setting}|C1318139|[qnco]|["{Setting}"-tx-31-"setting"-noun-0]|TX|2581/7|
00000000|MMI|3.59|Both lower extremities|C0230420|[bpoc]|["Lower extremity.bilateral"-tx-1-"bilateral lower extremity"-noun-0]|TX|246/25|
00000000|MMI|3.59|Back structure, excluding neck|C1995000|[blor]|["Back, NOS"-tx-22-"back"-adj-0]|TX|1725/4|
00000000|MMI|3.59|Back structure, including back of neck|C0460009|[blor]|["Back"-tx-22-"back"-adj-0]|TX|1725/4|
00000000|MMI|3.59|Dorsal|C0205095|[spco]|["BACK"-tx-22-"back"-adj-0]|TX|1725/4|
00000000|MMI|3.59|Has difficulty doing (qualifier value)|C1299586|[fndg]|["Difficulty"-tx-30-"difficulty"-noun-0]|TX|2443/10|
00000000|MMI|3.59|Integrated Neuromusculoskeletal Release|C1704538|[topp]|["INR"-tx-48-"INR"-noun-0]|TX|4896/3|
00000000|MMI|3.59|Tachycardia by ECG Finding|C3827868|[fndg]|["TACHYCARDIA"-tx-42-"tachycardic"-adj-0]|TX|4117/11|
00000000|MMI|3.58|Amputation of toe (procedure)|C0188602|[topp]|["Amputation of Toe"-tx-12-"toe amputation of"-noun-0]|TX|1277/14,1305/2|
00000000|MMI|3.58|Mitral valvuloplasty|C0396849|[topp]|["Mitral valvuloplasty"-tx-39-"mitral valvuloplasty"-noun-0]|TX|3643/20|
00000000|MMI|3.57|Two weeks|C4082118|[tmco]|["Two weeks"-tx-3-"two weeks"-noun-0]|TX|554/3,567/5|
00000000|MMI|3.57|Hospital environment|C1510665|[qlco]|["Hospital"-tx-1-"hospital"-noun-0]|TX|307/8|
00000000|MMI|3.57|Presentation|C0449450|[idcn]|["Presented"-tx-1-"presented"-verb-0]|TX|290/9|
00000000|MMI|3.57|Wedge|C0439639|[spco]|["Wedge"-tx-35-"wedge"-noun-0]|TX|3333/5|
00000000|MMI|3.57|bout|C0741605|[tmco]|["bout"-tx-32-"bout"-noun-0]|TX|2698/4|
00000000|MMI|3.56|Anastomotic Constriction|C0919938|[inpo]|["Anastomotic Stricture"-tx-24-"anastomotic stricture"-noun-0]|TX|1881/21|
00000000|MMI|3.56|Ten-Day Report|C1710369|[inpr]|["TEN-DAY"-tx-43-"ten-day"-noun-0]|TX|4264/7|
00000000|MMI|3.56|Chairperson|C1524106|[prog]|["Chair"-tx-44-"chair"-noun-0]|TX|4450/5|
00000000|MMI|3.56|Chairs|C0179847|[mnob]|["Chair"-tx-44-"chair"-noun-0]|TX|4450/5|
00000000|MMI|3.56|Channel|C0439799|[spco]|["Passage"-tx-4-"passage"-noun-0]|TX|822/7|
00000000|MMI|3.56|Evidence|C3887511|[idcn]|["Evidence"-tx-34-"evidence"-noun-0]|TX|3192/8|
00000000|MMI|3.56|Floor (anatomic)|C3714591|[anst]|["Floor"-tx-44-"floor"-noun-0]|TX|4387/5|
00000000|MMI|3.56|Floor - story of building|C1547707|[geoa]|["Floor"-tx-44-"floor"-noun-0]|TX|4387/5|
00000000|MMI|3.56|Now (temporal qualifier)|C1948052|[tmco]|["Now"-tx-47-"now"-adv-0]|TX|4755/3|
00000000|MMI|3.56|Revision|C0439617|[tmco]|["Revision"-tx-11-"revision"-noun-0]|TX|1127/8|
00000000|MMI|3.56|Revision procedure|C1527075|[topp]|["Revision"-tx-11-"revision"-noun-0]|TX|1127/8|
00000000|MMI|3.56|Surgical revision|C0558347|[topp]|["Revision"-tx-11-"revision"-noun-0]|TX|1127/8|
00000000|MMI|3.56|Surgical transfer - action|C0348011|[ftcn]|["transferred"-tx-44-"transferred"-verb-0]|TX|4368/11|
00000000|MMI|3.56|Symptoms|C1457887|[sosy]|["SYMPTOMS"-tx-26-"symptoms"-noun-0]|TX|2087/8|
00000000|MMI|3.56|Symptoms aspect|C0683368|[ftcn]|["symptoms"-tx-26-"symptoms"-noun-0]|TX|2087/8|
00000000|MMI|3.56|Transfer Technique|C1705822|[ftcn]|["Transferred"-tx-44-"transferred"-verb-0]|TX|4368/11|
00000000|MMI|3.56|day|C0439228|[tmco]|["DAYS"-tx-29-"days"-noun-0]|TX|2396/4|
00000000|MMI|3.56|floor (object)|C0016249|[mnob]|["Floor"-tx-44-"floor"-noun-0]|TX|4387/5|
00000000|MMI|3.55|+2|C0740116|[qnco]|["+2"-tx-37-"2"-fraction-0]|TX|3516/1|
00000000|MMI|3.55|2+|C3833492|[fndg]|["2+"-tx-37-"2"-fraction-0]|TX|3516/1|
00000000|MMI|3.55|2+ Score|C2827735|[qnco]|["2+"-tx-37-"2"-fraction-0]|TX|3516/1|
00000000|MMI|3.55|2+ Score, WHO|C2981700|[clas]|["2+"-tx-37-"2"-fraction-0]|TX|3516/1|
00000000|MMI|3.55|Area|C0205146|[spco]|["AREA"-tx-4-"area"-noun-0]|TX|792/4|
00000000|MMI|3.55|Geographic Locations|C0017446|[geoa]|["Area"-tx-4-"area"-noun-0]|TX|792/4|Z01
00000000|MMI|3.55|Most|C0205393|[qnco]|["Most"-tx-3-"most"-adv-0]|TX|437/4|
00000000|MMI|3.55|Post Device Component|C1704687|[mnob]|["Post"-tx-28-"post"-adv-0]|TX|2303/4|
00000000|MMI|3.55|Recent|C0332185|[tmco]|["Recently"-tx-3-"recently"-adv-0]|TX|442/8|
00000000|MMI|3.55|Two|C0205448|[qnco]|["Two"-tx-3-"two"-noun-0]|TX|554/3|
00000000|MMI|3.54|CDISC Findings Class|C3539655|[inpr]|["FINDINGS"-tx-37-"findings"-noun-0]|TX|3425/8|
00000000|MMI|3.54|Procedure findings:Finding:Point in time:^Patient:Narrative|C2926606|[clna]|["Findings"-tx-37-"findings"-noun-0]|TX|3425/8|
00000000|MMI|3.54|findings aspects|C2607943|[ftcn]|["findings"-tx-37-"findings"-noun-0]|TX|3425/8|
00000000|MMI|3.54|Cardiac - anatomy qualifier|C1522601|[spco]|["Cardiac"-tx-40-"Cardiac"-noun-0]|TX|3971/7|
00000000|MMI|3.54|Cardiovascular occlusion|C1110554|[patf]|["OCCLUSION"-tx-4-"occlusion"-noun-0]|TX|736/9|
00000000|MMI|3.54|Course|C0750729|[tmco]|["Course"-tx-43-"course"-noun-0]|TX|4272/6|
00000000|MMI|3.54|Full|C0443225|[qlco]|["Full"-tx-43-"full"-adj-0]|TX|4259/4|
00000000|MMI|3.54|Occlusion - action|C0441597|[ftcn]|["Occlusion"-tx-4-"occlusion"-noun-0]|TX|736/9|
00000000|MMI|3.54|Occlusion within Medical Device|C1882137|[phpr]|["Occlusion"-tx-4-"occlusion"-noun-0]|TX|736/9|
00000000|MMI|3.54|Surgical service|C0587668|[hlca]|["Surgical"-tx-40-"Surgical"-noun-0]|TX|3979/8|
00000000|MMI|3.54|Times|C1632851|[qnco]|["Times"-tx-39-"times"-noun-0]|TX|3736/5|
00000000|MMI|3.54|Male Gender, Self Report|C1706180|[qlco]|["Male"-tx-1-"male"-noun-0]|TX|76/4|
00000000|MMI|3.54|Male Phenotype|C1706428|[qlco]|["Male"-tx-1-"male"-noun-0]|TX|76/4|
00000000|MMI|3.54|Male, Self-Reported|C1706429|[orga]|["Male"-tx-1-"male"-noun-0]|TX|76/4|
00000000|MMI|3.53|Coronary Artery Right Dominance|C3275073|[fndg]|["RIGHT DOMINANT"-tx-33-"right dominant"-adj-0]|TX|2808/14|
00000000|MMI|3.53|Place|C0442504|[spco]|["Place"-tx-43-"placed"-verb-0]|TX|4209/6|
00000000|MMI|3.53|Place - dosing instruction imperative|C1704765|[ftcn]|["Place"-tx-43-"placed"-verb-0]|TX|4209/6|
00000000|MMI|3.53|put - instruction imperative|C1882509|[acty]|["Place"-tx-43-"placed"-verb-0]|TX|4209/6|
00000000|MMI|3.51|Experimental Result|C2825142|[fndg]|["Result"-tx-37-"results"-noun-0]|TX|3459/7|
00000000|MMI|3.51|Result|C1274040|[ftcn]|["Result"-tx-37-"results"-noun-0]|TX|3459/7|
00000000|MMI|3.51|What subject filter - Result|C1546471|[idcn]|["Result"-tx-37-"results"-noun-0]|TX|3459/7|
00000000|MMI|3.50|Left Posterior Descending Artery|C3898611|[bpoc]|["LEFT POSTERIOR DESCENDING ARTERY"-tx-39-"left posterior descending artery"-noun-0]|TX|3864/4,3879/27|
00000000|MMI|3.50|Structure of left posterior descending branch of circumflex branch of left coronary artery|C0278433|[bpoc]|["Left Posterior descending artery"-tx-39-"left posterior descending artery"-noun-0]|TX|3864/4,3879/27|
00000000|MMI|3.50|Electrical Current|C1705970|[npop]|["Current"-tx-31-"current"-adj-0]|TX|2605/7|
00000000|MMI|3.50|Routine|C0205547|[qlco]|["Routine"-tx-40-"routine"-adj-0]|TX|3942/7|
00000000|MMI|3.50|Stat (do immediately)|C0205548|[tmco]|["Immediately"-tx-44-"immediately"-adv-0]|TX|4518/11|
00000000|MMI|3.50|Cool|C1548792|[qlco]|["Cool"-tx-3-"coolness"-noun-0]|TX|620/8|
00000000|MMI|3.50|coolers|C0878992|[medd]|["cooler"-tx-3-"coolness"-noun-0]|TX|620/8|
00000000|MMI|3.49|Discipline of Heart Surgery|C0524727|[bmod]|["Cardiac surgery"-tx-31-"cardiac surgery"-noun-0]|TX|2555/15|
00000000|MMI|3.48|Replacement of aortic valve (procedure)|C0003506|[topp]|["AORTIC VALVE REPLACEMENT"-tx-39-"aortic valve replacement"-noun-0]|TX|3566/24|
00000000|MMI|3.48|Before|C0332152|[tmco]|["Pre"-tx-46-"pre"-adj-0]|TX|4659/3|
00000000|MMI|3.48|Before values|C0740175|[qlco]|["Pre"-tx-46-"pre"-adj-0]|TX|4659/3|
00000000|MMI|3.48|Body Fluid Discharge|C0012621|[bdsu]|["Discharge"-tx-46-"discharge"-adj-0]|TX|4663/9|
00000000|MMI|3.48|Discharge, body substance|C2926602|[bdsu]|["Discharge"-tx-46-"discharge"-adj-0]|TX|4663/9|
00000000|MMI|3.48|Known|C0205309|[qlco]|["Known"-tx-20-"known"-adj-0]|TX|1542/5|
00000000|MMI|3.48|Little NOS|C3714596|[fndg]|["Little NOS"-tx-31-"little"-adj-0]|TX|2664/6|
00000000|MMI|3.48|Pure Spanish horse breed (organism)|C3669034|[mamm]|["PRE"-tx-46-"pre"-adj-0]|TX|4659/3|
00000000|MMI|3.48|Small|C0700321|[qnco]|["Little"-tx-31-"little"-adj-0]|TX|2664/6|
00000000|MMI|3.48|Smallest|C2700395|[qnco]|["Little"-tx-31-"little"-adj-0]|TX|2664/6|
00000000|MMI|3.48|photoreactivating enzyme activity|C2257086|[genf]|["PRE"-tx-46-"pre"-adj-0]|TX|4659/3|
00000000|MMI|3.47|Proximal Left Anterior Descending Artery|C3640705|[bpoc]|["Proximal Left Anterior Descending Artery"-tx-33-"proximal left anterior descending artery"-noun-0]|TX|2911/40|
00000000|MMI|3.46|History of peripheral vascular disease|C1881056|[fndg]|["History of Peripheral Vascular Disease"-tx-1-"history of peripheral vascular disease"-noun-0]|TX|88/38|
00000000|MMI|3.46|Lower extremity vein.left|C1508633|[bpoc]|["Lower extremity vein.left"-tx-4-"left lower extremity vein"-noun-0]|TX|753/25|
00000000|MMI|3.46|Entire cephalic vein|C1278970|[bpoc]|["Cephalic vein"-tx-11-"cephalic vein"-noun-0]|TX|1141/13|
00000000|MMI|3.46|Entire left foot|C1279999|[bpoc]|["Left foot"-tx-3-"left foot"-noun-0]|TX|636/9|
00000000|MMI|3.46|Proximal right coronary artery|C4071850|[bpoc]|["Proximal right coronary artery"-tx-34-"proximal right coronary artery"-noun-0]|TX|3148/30|
00000000|MMI|3.46|Structure of cephalic vein|C0226802|[bpoc]|["Cephalic Vein"-tx-11-"cephalic vein"-noun-0]|TX|1141/13|
00000000|MMI|3.46|Structure of left foot|C0230461|[bpoc]|["Left Foot"-tx-3-"left foot"-noun-0]|TX|636/9|
00000000|MMI|3.46|Entire left margin of heart|C1305142|[blor]|["Obtuse margin"-tx-39-"obtuse marginal"-adj-0]|TX|3838/15|
00000000|MMI|3.46|Imdur|C0590690|[orch,phsu]|["Imdur"-tx-18-"Imdur"-noun-0]|TX|1457/5|
00000000|MMI|3.46|Office|C0442603|[mnob]|["Office"-tx-31-"office"-adj-0]|TX|2574/6|
00000000|MMI|3.46|Pericardial body location|C0442031|[blor]|["Pericardial"-tx-39-"pericardial"-adj-0]|TX|3621/11|
00000000|MMI|3.44|First Obtuse Marginal Branch Artery|C3640679|[bpoc]|["First Left Marginal Artery"-tx-33-"first marginal left artery"-noun-0]|TX|2973/14,3002/4,3018/6|
00000000|MMI|3.44|Second Obtuse Marginal Branch Artery|C3640712|[bpoc]|["Second Left Marginal Artery"-tx-33-"second marginal left artery"-noun-0]|TX|3057/15,3087/4,3103/6|
00000000|MMI|3.44|Three weeks|C4082109|[tmco]|["Three weeks"-tx-3-"three weeks"-noun-0]|TX|561/11|
00000000|MMI|3.44|31|C0450355|[inpr]|["31"-tx-35-"31"-integer-0]|TX|3342/2|
00000000|MMI|3.44|Cleaning (activity)|C1947930|[acty]|["Clean"-tx-46-"clean"-adj-0]|TX|4703/5|
00000000|MMI|3.44|Minimal|C0547040|[qlco]|["Minimal"-tx-4-"minimal"-adj-0]|TX|846/7|
00000000|MMI|3.44|Minimum|C1524031|[qlco]|["MINIMAL"-tx-4-"minimal"-adj-0]|TX|846/7|
00000000|MMI|3.44|Surgical incisions|C0184898|[topp]|["INCISIONS"-tx-46-"incisions"-noun-0]|TX|4709/9|
00000000|MMI|3.43|Contrast|C1979874|[qlco]|["Contrast"-tx-4-"contrast"-noun-0]|TX|833/8|
00000000|MMI|3.43|Preoperative|C0445204|[tmco]|["Preoperative"-tx-43-"preoperative"-adj-0]|TX|4312/12|
00000000|MMI|3.43|acute|C0205178|[tmco]|["ACUTE"-tx-26-"acute"-adj-0]|TX|2099/5|
00000000|MMI|3.42|Closure by suture|C0009068|[topp]|["Suture"-tx-39-"suture"-noun-0]|TX|3680/6|
00000000|MMI|3.42|Entire thigh|C1281586|[bpoc]|["Thigh"-tx-4-"thigh"-adj-0]|TX|808/5|
00000000|MMI|3.42|Past|C1444637|[tmco]|["Past"-tx-3-"past"-adj-0]|TX|549/4|
00000000|MMI|3.42|Surgical repair|C0374711|[topp]|["Repair, NOS"-tx-39-"repair"-noun-0]|TX|3687/6|
00000000|MMI|3.42|Suture Joint|C0502420|[bsoj]|["Suture"-tx-39-"suture"-noun-0]|TX|3680/6|
00000000|MMI|3.42|Thick|C1280412|[qlco]|["THICK"-tx-36-"thick"-adj-0]|TX|3356/5|
00000000|MMI|3.42|/40|C0439509|[tmco]|["/40"-tx-33-"40"-percentage-0]|TX|2843/2|
00000000|MMI|3.42|40%|C3842587|[qnco]|["40%"-tx-33-"40"-percentage-0]|TX|2843/2|
00000000|MMI|3.42|Distal|C0205108|[spco]|["DISTAL"-tx-24-"distal"-adj-0]|TX|1910/6|
00000000|MMI|3.42|Fourth|C0205438|[qnco]|["Fourth"-tx-12-"fourth"-noun-0]|TX|1270/6|
00000000|MMI|3.42|Fourth (suffix)|C1706303|[qlco]|["Fourth"-tx-12-"fourth"-noun-0]|TX|1270/6|
00000000|MMI|3.42|Main|C1542147|[qlco]|["Main"-tx-33-"main"-adj-0]|TX|2875/4|
00000000|MMI|3.42|Primary|C0205225|[qlco]|["Main"-tx-33-"main"-adj-0]|TX|2875/4|
00000000|MMI|3.42|Proximal|C0205107|[spco]|["PROXIMAL"-tx-33-"proximal"-adj-0]|TX|2861/8|
00000000|MMI|3.42|80%|C3842583|[fndg]|["80%"-tx-34-"80"-percentage-0]|TX|3130/2|
00000000|MMI|3.42|Collateral|C1948058|[spco]|["Collatera