00000000|MMI|7.02|1990s|C0681758|[tmco]|["1990s"-tx-1-"1990"-integer-0]|TX|[46/4],[123/4]|
00000000|MMI|3.65|Report status|C0586177|[fndg]|["Report status"-tx-1-"Report Status"-noun-0]|TX|128/13|
00000000|MMI|3.63|Admission date:Time Stamp -- Date and Time:Point in time:^Patient:Quantitative|C2598112|[clna]|["Admission date"-tx-1-"Admission Date"-noun-0]|TX|102/14|
00000000|MMI|3.63|Date of admission|C1302393|[tmco]|["Admission date"-tx-1-"Admission Date"-noun-0]|TX|102/14|
00000000|MMI|3.63|10 - 12|C3843787|[fndg]|["10 - 12"-tx-1-"10 12"-fraction-0]|TX|43/2,51/2|
00000000|MMI|3.59|Pyrexia of unknown origin (excl puerperal)|C0856281|[sosy]|["puo"-tx-1-"PUO"-noun-0]|TX|12/3|
00000000|MMI|3.48|Discharge summarization note:Finding:Point in time:{Setting}:Document:{Provider}|C0801840|[clna]|["Discharge summary"-tx-1-"Discharge Summary"-noun-0]|TX|65/17|
00000000|MMI|3.48|Discharge summary|C0743221|[inpr]|["Discharge summary"-tx-1-"Discharge Summary"-noun-0]|TX|65/17|
00000000|MMI|3.46|+5|C0728893|[qnco]|["+5"-tx-1-"5"-fraction-0]|TX|118/1|
00000000|MMI|3.46|>5|C0439084|[qnco]|[">5"-tx-1-"5"-fraction-0]|TX|118/1|
00000000|MMI|3.46|Diagnostic interview schedule|C0451119|[inpr]|["DIS"-tx-1-"DIS"-noun-0]|TX|96/3|
00000000|MMI|3.46|Discontinued|C1444662|[fndg]|["DIS"-tx-1-"DIS"-noun-0]|TX|96/3|
00000000|MMI|58.71|Tenormin|C0592168|[orch,phsu]|["Tenormin"-tx-71-"Tenormin"-noun-0,"Tenormin"-tx-26-"Tenormin"-noun-0,"Tenormin"-tx-13-"Tenormin"-noun-0]|TX|4653/8;1636/8;569/8|D02.033.100.624.698.070;D02.033.755.624.698.070;D02.092.063.624.698.070
00000000|MMI|57.95|Homo sapiens|C0086418|[humn]|["MAN"-tx-13-"man"-noun-0,"MAN"-tx-9-"man"-noun-0]|TX|517/3;192/3|B01.050.150.900.649.801.400.112.400.400
00000000|MMI|57.72|Obesity|C0028754|[dsyn]|["OBESE"-tx-40-"obese"-adj-0,"OBESE"-tx-33-"obese"-adj-1]|TX|2469/5;2087/5|C18.654.726.500;C23.888.144.699.500;E01.370.600.115.100.160.120.699.500;G07.100.100.160.120.699.500
00000000|MMI|57.72|Ecotrin|C0699274|[orch,phsu]|["Ecotrin"-tx-72-"Ecotrin"-noun-0,"Ecotrin"-tx-27-"Ecotrin"-noun-0]|TX|4709/7;1758/7|D02.455.426.559.389.657.410.595.176
00000000|MMI|49.24|Cardiac Catheterization Procedures|C0018795|[hlca]|["Cardiac catheterisation"-tx-55-"cardiac catheterization"-noun-0,"Cardiac catheterisation"-tx-22-"cardiac catheterization"-noun-0,"Cardiac catheterisation"-tx-9-"cardiac catheterization"-noun-0]|TX|3310/23;1470/23;281/23|E01.370.370.380.140;E02.148.442;E05.157.250
00000000|MMI|41.95|Hypertensive disease|C0020538|[dsyn]|["HYPERTENSION"-tx-25-"Hypertension"-noun-0,"HYPERTENSION"-tx-13-"hypertension"-noun-0,"HYPERTENSION"-tx-10-"Hypertension"-noun-0,"HYPERTENSION"-tx-5-"HYPERTENSION"-noun-0]|TX|1576/12;529/12;357/12;118/12|C14.907.489
00000000|MMI|40.45|Pressure- physical agent|C0033095|[phpr]|["Pressure"-tx-56-"pressure"-noun-0,"Pressure"-tx-21-"pressure"-noun-0,"Pressure"-tx-15-"pressure"-noun-0,"Pressure"-tx-14-"pressure"-noun-0]|TX|3410/8;1306/8;780/8;645/8|G01.374.715
00000000|MMI|38.70|Jaw|C0022359|[bpoc]|["Jaw"-tx-62-"jaw"-noun-0,"Jaw"-tx-21-"jaw"-noun-0]|TX|3973/3;1302/3|A02.835.232.781.324.502;A14.521
00000000|MMI|35.81|Coronary Arteriosclerosis|C0010054|[dsyn]|["coronary artery disease"-tx-3-"CORONARY ARTERY DISEASE"-noun-0,"coronary artery disease"-tx-1-"CORONARY ARTERY DISEASE"-noun-0]|TX|89/23;46/23|C14.280.647.250.260;C14.907.137.126.339;C14.907.585.250.260
00000000|MMI|35.81|Coronary Artery Disease|C1956346|[dsyn]|["CORONARY ARTERY DISEASE"-tx-3-"CORONARY ARTERY DISEASE"-noun-0,"CORONARY ARTERY DISEASE"-tx-1-"CORONARY ARTERY DISEASE"-noun-0]|TX|89/23;46/23|C14.280.647.250.260;C14.907.137.126.339;C14.907.585.250.260
00000000|MMI|35.81|Electrocardiogram|C0013798|[fndg]|["EKG"-tx-51-"EKG"-noun-0,"EKG"-tx-21-"EKG"-noun-0]|TX|2982/3;1325/3|E01.370.370.380.240;E01.370.405.240
00000000|MMI|35.81|Electrocardiography|C1623258|[diap]|["EKG"-tx-51-"EKG"-noun-0,"EKG"-tx-21-"EKG"-noun-0]|TX|2982/3;1325/3|E01.370.370.380.240;E01.370.405.240
00000000|MMI|35.81|Togo|C0040363|[geoa]|["TO"-tx-65-"to"-adv-0,"TO"-tx-56-"to"-adv-0]|TX|4208/2;3362/2|Z01.058.290.190.800
00000000|MMI|35.81|Tryptophanase|C0041260|[aapp,enzy]|["TO"-tx-65-"to"-adv-0,"TO"-tx-56-"to"-adv-0]|TX|4208/2;3362/2|D08.811.520.224.800
00000000|MMI|34.36|Patients|C0030705|[podg]|["*^patient"-tx-73-"patient"-noun-0,"*^patient"-tx-65-"patient"-noun-0,"*^patient"-tx-62-"patient"-noun-0,"*^patient"-tx-55-"patient"-noun-0]|TX|4738/7;4190/7;3909/7;3270/7|M01.643
00000000|MMI|33.08|Fluorides|C0016327|[inch,phsu]|["F-"-tx-51-"F"-noun-0,"F-"-tx-21-"F"-noun-0]|TX|3118/1;1371/1|D01.248.497.158.380;D01.303.350.300
00000000|MMI|32.91|Exercise stress test|C0015260|[diap]|["Exercise tolerance test NOS"-tx-20-"exercise tolerance test"-noun-0,"Exercise tolerance test NOS"-tx-9-"exercise tolerance test"-noun-0]|TX|1138/23;248/23|E01.370.370.380.250;E01.370.386.700.250;E05.333.250
00000000|MMI|32.75|Blood Pressure|C0005823|[orgf]|["BLOOD PRESSURE"-tx-34-"blood pressure"-noun-0,"BLOOD PRESSURE"-tx-20-"blood pressure"-noun-0]|TX|2160/14;1227/14|E01.370.600.875.249;G09.330.380.076
00000000|MMI|32.75|Systemic arterial pressure|C1272641|[fndg]|["Blood pressure"-tx-34-"blood pressure"-noun-0,"Blood pressure"-tx-20-"blood pressure"-noun-0]|TX|2160/14;1227/14|G09.330.380.076.347
00000000|MMI|30.08|Males|C0086582|[orga]|["MALE"-tx-33-"male"-noun-0,"MAN"-tx-13-"man"-noun-0,"MAN"-tx-9-"man"-noun-0]|TX|2099/4;517/3;192/3|x.x.x
00000000|MMI|29.96|Historical aspects qualifier|C0019665|[ftcn]|["history"-tx-29-"history"-noun-0,"history"-tx-12-"history"-noun-0,"history"-tx-9-"history"-noun-0]|TX|1863/7;490/7;203/7|x.x.x
00000000|MMI|29.46|Coronary heart disease|C0010068|[dsyn]|["Coronary (artery) disease"-tx-3-"CORONARY ARTERY DISEASE"-noun-0,"Coronary (artery) disease"-tx-1-"CORONARY ARTERY DISEASE"-noun-0]|TX|89/23;46/23|C14.280.647.250;C14.907.585.250
00000000|MMI|27.26|Reticulocyte count (procedure)|C0206161|[lbpr]|["Count, Reticulocyte"-tx-69-"reticulocyte count"-noun-0]|TX|4473/18|E01.370.225.500.195.107.330.725;E01.370.225.625.107.330.725;E05.200.500.195.107.330.725;E05.200.625.107.330.725;E05.242.195.107.330.725;G04.170.107.330.725;G09.188.105.330.725
00000000|MMI|26.74|Dyspnea|C0013404|[sosy]|["SHORTNESS OF BREATH"-tx-19-"shortness of breath"-noun-0,"SHORTNESS OF BREATH"-tx-16-"shortness of breath"-noun-0]|TX|1042/19;835/19|C08.618.326;C23.888.852.371
00000000|MMI|26.08|Rest|C0035253|[dora]|["Rest"-tx-15-"rest"-noun-0,"Rest"-tx-14-"rest"-noun-0]|TX|775/4;746/4|I03.450.769.647
00000000|MMI|25.51|Nicotiana|C0086707|[plnt]|["Tobacco"-tx-29-"tobacco"-noun-0]|TX|1855/7|B01.650.940.800.575.100.905.900
00000000|MMI|25.51|Nicotiana tabacum|C0740009|[plnt]|["Tobacco"-tx-29-"tobacco"-noun-0]|TX|1855/7|B01.650.940.800.575.100.905.900
00000000|MMI|25.50|Residual volume|C0035190|[clna]|["RV"-tx-56-"RV"-noun-0]|TX|3407/2|E01.370.386.700.485.750.275.650;G09.772.850.390.820
00000000|MMI|25.50|Conclude Resin|C0917903|[bodm,orch]|["conclude"-tx-66-"concluded"-adj-0]|TX|4286/9|D02.241.081.069.600.150;D02.455.426.559.389.657.100;D05.750.716.822.308.200;D25.339.816.500.200;D25.720.716.822.308.200;J01.637.051.339.816.500.200;J01.637.051.720.716.822.308.200
00000000|MMI|22.94|year|C0439234|[tmco]|["YEAR"-tx-32-"year"-noun-0,"YEARS"-tx-30-"years"-noun-0,"YEARS"-tx-29-"years"-noun-0,"YEAR"-tx-13-"year"-noun-0,"YEARS"-tx-13-"years"-noun-0,"YEAR"-tx-9-"year"-noun-0]|TX|2047/4;1928/5;1907/5;508/4;550/5;183/4|
00000000|MMI|22.78|Good|C0205170|[qlco]|["Good"-tx-73-"good"-adj-0,"Well"-tx-63-"well"-adj-0,"Good"-tx-61-"good"-adj-0,"Good"-tx-60-"good"-adj-0,"Good"-tx-59-"good"-adj-0,"Well"-tx-21-"well"-adj-0]|TX|4753/4;4130/4;3891/4;3672/4;3590/4;1443/4|
00000000|MMI|22.68|risk factors|C0035648|[qnco]|["Risk Factors"-tx-10-"RISK FACTORS"-noun-0]|TX|343/12|E05.318.740.600.800.725;N05.715.350.200.700;N05.715.360.750.625.700.700;N06.850.490.625.750;N06.850.520.830.600.800.725
00000000|MMI|22.53|Angioplasty, Balloon, Coronary|C0002997|[topp]|["balloon angioplasty"-tx-61-"balloon angioplasty"-noun-0]|TX|3852/19|E02.148.050.060.100;E04.100.376.719.100;E04.100.814.529.124.060.100;E04.100.814.529.968.050;E04.502.382.124.060.100;E04.502.382.968.050;E04.928.220.520.100;E05.157.016.060.100
00000000|MMI|22.47|Walking (activity)|C0080331|[dora]|["Walking"-tx-14-"walking"-noun-0]|TX|666/7|G11.427.590.530.568.900;G11.427.590.530.698.277.937;I03.350.937;I03.450.642.845.940
00000000|MMI|21.36|Abortion consent:Finding:Point in time:^Patient:Document|C2360836|[clna]|["Patient"-tx-73-"patient"-noun-0,"Patient"-tx-65-"patient"-noun-0,"Patient"-tx-62-"patient"-noun-0,"Patient"-tx-55-"patient"-noun-0]|TX|4738/7;4190/7;3909/7;3270/7|
00000000|MMI|21.36|Hysterectomy consent:Finding:Point in time:^Patient:Document|C2360838|[clna]|["Patient"-tx-73-"patient"-noun-0,"Patient"-tx-65-"patient"-noun-0,"Patient"-tx-62-"patient"-noun-0,"Patient"-tx-55-"patient"-noun-0]|TX|4738/7;4190/7;3909/7;3270/7|
00000000|MMI|21.36|Sterilization consent:Finding:Point in time:^Patient:Document|C2360840|[clna]|["Patient"-tx-73-"patient"-noun-0,"Patient"-tx-65-"patient"-noun-0,"Patient"-tx-62-"patient"-noun-0,"Patient"-tx-55-"patient"-noun-0]|TX|4738/7;4190/7;3909/7;3270/7|
00000000|MMI|20.95|Activated Partial Thromboplastin Time measurement|C0030605|[lbpr]|["PTT"-tx-49-"PTT"-noun-0]|TX|2939/3|E01.370.225.625.115.600;E05.200.625.115.600;G09.188.660
00000000|MMI|20.95|Angina Pectoris|C0002962|[fndg]|["ANGINA"-tx-25-"angina"-noun-0]|TX|1593/6|C10.597.617.192.500;C14.280.647.187;C14.907.585.187;C23.888.592.612.233.500
00000000|MMI|20.95|Isordil|C0590720|[orch,phsu]|["Isordil"-tx-27-"isordil"-noun-0]|TX|1722/7|D02.033.800.813.480.500;D09.853.813.480.500
00000000|MMI|20.95|Patient Discharge|C0030685|[hlca]|["Discharge"-tx-73-"discharge"-noun-0]|TX|4773/9|E02.204.125;E02.760.400.610;N02.421.192.125;N02.421.585.400.610;N04.590.233.727.210.125
00000000|MMI|20.35|History|C0019664|[ocdi]|["History"-tx-29-"history"-noun-0,"History"-tx-12-"history"-noun-0,"History"-tx-9-"history"-noun-0]|TX|1863/7;490/7;203/7|K01.400
00000000|MMI|20.01|Complication Aspects|C1171258|[patf]|["complications"-tx-70-"COMPLICATIONS"-noun-0,"complications"-tx-70-"complications"-noun-1]|TX|4522/13;4563/13|x.x.x
00000000|MMI|19.96|Arthritis|C0003864|[dsyn]|["ARTHRITIS"-tx-23-"arthritis"-noun-0,"ARTHRITIS"-tx-7-"ARTHRITIS"-noun-0]|TX|1537/9;136/9|C05.550.114
00000000|MMI|19.93|Evaluation and management note:Finding:Point in time:{Setting}:Document:{Provider}|C1316572|[clna]|["Note"-tx-65-"noted"-verb-0,"Note"-tx-64-"noted"-verb-0,"Note"-tx-39-"noted"-verb-0,"Note"-tx-21-"noted"-verb-0,"Note"-tx-14-"noted"-verb-0]|TX|4202/5;4152/5;2445/5;1273/5;616/5|
00000000|MMI|19.93|Note (document)|C1317574|[inpr]|["Note"-tx-65-"noted"-verb-0,"Note"-tx-64-"noted"-verb-0,"Note"-tx-39-"noted"-verb-0,"Note"-tx-21-"noted"-verb-0,"Note"-tx-14-"noted"-verb-0]|TX|4202/5;4152/5;2445/5;1273/5;616/5|
00000000|MMI|19.52|Hypercholesterolemia|C0020443|[dsyn]|["High cholesterol"-tx-11-"high cholesterol"-noun-0]|TX|444/16|C18.452.584.500.500.396
00000000|MMI|19.40|Temperature|C0039476|[qnco]|["*Temperature"-tx-34-"temperature"-noun-0]|TX|2202/11|G01.906.595;G16.500.275.063.725.710;G16.500.750.775.710;N06.230.150.450;N06.230.300.100.725.710
00000000|MMI|19.38|Axis vertebra|C0004457|[bpoc]|["Axis"-tx-51-"axis"-noun-0]|TX|3056/4|A02.835.232.834.151.383
00000000|MMI|19.38|Angioplasty, Balloon|C0002996|[topp]|["Angioplasty, Balloon"-tx-61-"balloon angioplasty"-noun-0]|TX|3852/19|E02.148.050.060;E04.100.814.529.124.060;E04.502.382.124.060;E05.157.016.060
00000000|MMI|19.38|Angioplasty, Laser|C0078950|[topp]|["Angioplasty, Laser"-tx-60-"laser angioplasty"-noun-0]|TX|3638/17|E02.148.050.075;E02.594.060;E04.014.520.060;E04.100.814.529.124.075;E04.502.382.124.075;E05.157.016.075
00000000|MMI|19.31|Molluscum contagiosum virus|C0026394|[virs]|["MCV"-tx-47-"MCV"-noun-0]|TX|2828/3|B04.280.650.160.550.500
00000000|MMI|18.40|90%|C3842582|[fndg]|["90%"-tx-78-"90"-integer-0,"90%"-tx-60-"90"-integer-0,"90%"-tx-55-"90"-integer-0,"90%"-tx-20-"90"-integer-0]|TX|[4980/2],[5019/2];3620/2;3342/2;1117/2|
00000000|MMI|18.40|<90|C0439087|[qnco]|["<90"-tx-78-"90"-integer-0,"<90"-tx-60-"90"-integer-0,"<90"-tx-55-"90"-integer-0,"<90"-tx-20-"90"-integer-0]|TX|[4980/2],[5019/2];3620/2;3342/2;1117/2|
00000000|MMI|18.40|>90|C0439083|[qnco]|[">90"-tx-78-"90"-integer-0,">90"-tx-60-"90"-integer-0,">90"-tx-55-"90"-integer-0,">90"-tx-20-"90"-integer-0]|TX|[4980/2],[5019/2];3620/2;3342/2;1117/2|
00000000|MMI|18.24|10%|C3842590|[fndg]|["10%"-tx-78-"10"-fraction-0,"10%"-tx-60-"10"-fraction-0,"10%"-tx-56-"10"-fraction-0,"10%"-tx-55-"10"-fraction-0,"10%"-tx-1-"10"-fraction-0]|TX|4977/2;3617/2;3425/2;3337/2;16/2|
00000000|MMI|17.80|Cholesterol|C0008377|[bacs,orch]|["CHOLESTEROL"-tx-48-"cholesterol"-noun-0]|TX|2871/11|D04.808.247.222.284;D04.808.247.808.197;D10.570.938.208
00000000|MMI|17.80|Dominican Republic|C0013014|[geoa]|["DR"-tx-75-"Dr"-noun-0]|TX|4867/2|Z01.107.084.900.300;Z01.639.880.300
00000000|MMI|17.80|Hematocrit procedure|C0018935|[lbpr]|["Hematocrit"-tx-47-"hematocrit"-noun-0]|TX|2773/10|E01.370.225.625.400;E05.200.625.400;G09.188.370.374
00000000|MMI|17.80|Patient Admission|C0030673|[hlca]|["Patient Admission"-tx-70-"patient's admission"-noun-0]|TX|4586/19|E02.760.400.600;N02.421.585.400.600
00000000|MMI|17.80|Pulse Rate|C0232117|[clna]|["PULSE"-tx-34-"pulse"-noun-0]|TX|2134/5|E01.370.600.875.500;G09.330.380.500
00000000|MMI|17.80|Pulse taking|C0034107|[hlca]|["Pulses"-tx-44-"Pulses"-noun-0]|TX|2577/6|E01.370.370.380.650;E01.370.600.650;G09.330.380.750
00000000|MMI|17.80|Urinalysis|C0042014|[lbpr]|["Urinalysis"-tx-50-"urinalysis"-noun-0]|TX|2958/10|E01.370.225.124.810;E01.370.390.810;E05.200.124.810
00000000|MMI|16.59|Foreskin of penis|C0227952|[bpoc]|["Sheath"-tx-60-"sheaths"-noun-0]|TX|3707/7|A05.360.444.492.362
00000000|MMI|16.39|Show|C1547282|[anim]|["Show"-tx-61-"showed"-verb-0,"Show"-tx-53-"showed"-verb-0,"Show"-tx-51-"showed"-verb-0,"Show"-tx-21-"showed"-verb-0]|TX|3810/6;3195/6;2986/6;1329/6|
00000000|MMI|16.30|Cardiac Output|C0007165|[clna]|["Cardiac Output"-tx-56-"cardiac output"-noun-0]|TX|3441/14|E01.370.370.380.150;G09.330.380.124
00000000|MMI|16.25|Body Temperature|C0005903|[orga]|["temperature"-tx-34-"temperature"-noun-0]|TX|2202/11|E01.370.600.875.374;G07.110
00000000|MMI|16.18|Clotrimazole|C0009074|[orch,phsu]|["CLOT"-tx-61-"clot"-noun-0]|TX|3817/4|D03.383.129.308.175
00000000|MMI|16.18|Creatinine|C0010294|[bacs,orch]|["CREATININE"-tx-46-"creatinine"-noun-0]|TX|2719/10|D03.383.129.308.207
00000000|MMI|16.17|Age of Onset|C0206132|[qnco]|["Onset"-tx-14-"onset"-noun-0]|TX|626/5|N05.715.350.075.100;N06.850.490.250.100
00000000|MMI|16.12|Toxic Epidermal Necrolysis|C0014518|[dsyn]|["TEN"-tx-29-"ten"-noun-0]|TX|1903/3|C07.465.864.500;C17.800.174.600.900;C17.800.229.400.683;C17.800.865.475.683;C20.543.206.380.900;C25.100.468.380.900
00000000|MMI|16.05|Headache|C0018681|[sosy]|["HEADACHE"-tx-27-"headache"-noun-0]|TX|1747/8|C10.597.617.470;C23.888.592.612.441
00000000|MMI|16.05|heart rate|C0018810|[clna]|["Heart Rate"-tx-20-"heart rate"-noun-0]|TX|1208/10|E01.370.600.875.500;G09.330.380.500
00000000|MMI|15.94|Hypertension Adverse Event|C1963138|[fndg]|["Hypertension"-tx-25-"Hypertension"-noun-0,"Hypertension"-tx-13-"hypertension"-noun-0,"Hypertension"-tx-10-"Hypertension"-noun-0,"Hypertension"-tx-5-"HYPERTENSION"-noun-0]|TX|1576/12;529/12;357/12;118/12|
00000000|MMI|15.29|+2|C0740116|[qnco]|["+2"-tx-60-"2"-fraction-0,"+2"-tx-37-"2"-integer-0,"+2"-tx-20-"2"-fraction-0,"+2"-tx-4-"2"-integer-0]|TX|3615/1;2289/1;1112/1;115/1|
00000000|MMI|15.29|2+|C3833492|[fndg]|["2+"-tx-60-"2"-fraction-0,"2+"-tx-37-"2"-integer-0,"2+"-tx-20-"2"-fraction-0,"2+"-tx-4-"2"-integer-0]|TX|3615/1;2289/1;1112/1;115/1|
00000000|MMI|15.29|2+ Score|C2827735|[qnco]|["2+"-tx-60-"2"-fraction-0,"2+"-tx-37-"2"-integer-0,"2+"-tx-20-"2"-fraction-0,"2+"-tx-4-"2"-integer-0]|TX|3615/1;2289/1;1112/1;115/1|
00000000|MMI|15.29|2+ Score, WHO|C2981700|[clas]|["2+"-tx-60-"2"-fraction-0,"2+"-tx-37-"2"-integer-0,"2+"-tx-20-"2"-fraction-0,"2+"-tx-4-"2"-integer-0]|TX|3615/1;2289/1;1112/1;115/1|
00000000|MMI|14.94|III (suffix)|C1705160|[qlco]|["III"-tx-52-"III"-noun-0,"III"-tx-51-"III"-noun-0,"III"-tx-21-"III"-noun-0]|TX|3173/3;3110/3;[1361/3],[1367/3]|
00000000|MMI|14.94|Roman Numeral III|C0439070|[inpr]|["III"-tx-52-"III"-noun-0,"III"-tx-51-"III"-noun-0,"III"-tx-21-"III"-noun-0]|TX|3173/3;3110/3;[1361/3],[1367/3]|
00000000|MMI|14.91|Minute (diminutive)|C1282918|[qnco]|["Minute"-tx-21-"minute"-noun-0,"minutes"-tx-21-"minutes"-noun-0,"minutes"-tx-20-"minutes"-noun-0,"minutes"-tx-19-"minutes"-noun-0]|TX|1261/6;1399/7;1178/7;1099/7|
00000000|MMI|14.91|Minute Unit of Plane Angle|C2347166|[qnco]|["Minute"-tx-21-"minute"-noun-0,"Minute"-tx-21-"minutes"-noun-0,"Minute"-tx-20-"minutes"-noun-0,"Minute"-tx-19-"minutes"-noun-0]|TX|1261/6;1399/7;1178/7;1099/7|
00000000|MMI|14.91|Minute of time|C0439232|[tmco]|["MINUTE"-tx-21-"minute"-noun-0,"minutes"-tx-21-"minutes"-noun-0,"minutes"-tx-20-"minutes"-noun-0,"minutes"-tx-19-"minutes"-noun-0]|TX|1261/6;1399/7;1178/7;1099/7|
00000000|MMI|14.91|Per Minute|C0702093|[tmco]|["/minute"-tx-21-"minute"-noun-0,"/minute"-tx-21-"minutes"-noun-0,"/minute"-tx-20-"minutes"-noun-0,"/minute"-tx-19-"minutes"-noun-0]|TX|1261/6;1399/7;1178/7;1099/7|
00000000|MMI|14.91|Small|C0700321|[qnco]|["minute"-tx-21-"minute"-noun-0,"minutes"-tx-21-"minutes"-noun-0,"minutes"-tx-20-"minutes"-noun-0,"minutes"-tx-19-"minutes"-noun-0]|TX|1261/6;1399/7;1178/7;1099/7|
00000000|MMI|14.79|History of present illness|C0262512|[orga]|["History, NOS"-tx-29-"history"-noun-0,"History, NOS"-tx-12-"history"-noun-0,"HISTORY OF PRESENT ILLNESS"-tx-10-"HISTORY OF PRESENT ILLNESS"-noun-0,"History, NOS"-tx-9-"history"-noun-0]|TX|1863/7;490/7;307/26;203/7|
00000000|MMI|14.79|Medical History|C0262926|[fndg]|["History"-tx-29-"history"-noun-0,"Past Medical History"-tx-23-"PAST MEDICAL HISTORY"-noun-0,"History"-tx-12-"history"-noun-0,"History"-tx-9-"history"-noun-0]|TX|1863/7;1496/20;490/7;203/7|
00000000|MMI|14.64|Abdominal Cavity|C0230168|[blor]|["Abdomen"-tx-40-"abdomen"-noun-0]|TX|2457/7|A01.923.047.025
00000000|MMI|14.64|Acute Disease|C0001314|[dsyn]|["Acute Disease"-tx-53-"acute disease"-noun-1]|TX|3205/13|C23.550.291.125
00000000|MMI|14.64|Alcohol consumption|C0001948|[inbe]|["ALCOHOL USE"-tx-31-"alcohol use"-noun-0]|TX|1952/11|F01.145.317.269
00000000|MMI|14.64|Cardiomegaly|C0018800|[fndg]|["CARDIOMEGALY"-tx-54-"cardiomegaly"-noun-1]|TX|3234/12|C14.280.195;C23.300.775.250
00000000|MMI|14.64|Chest|C0817096|[blor]|["CHEST"-tx-62-"chest"-noun-0]|TX|3937/5|A01.923.761;A02.835.232.904
00000000|MMI|14.64|Diabetes Mellitus|C0011849|[dsyn]|["Diabetes"-tx-10-"diabetes"-noun-1]|TX|409/8|C18.452.394.750;C19.246
00000000|MMI|14.64|Nausea|C0027497|[sosy]|["NAUSEA"-tx-17-"nausea"-noun-1]|TX|870/6|C23.888.821.712
00000000|MMI|14.64|Physicians|C0031831|[prog]|["DR"-tx-75-"Dr"-noun-0]|TX|4867/2|M01.526.485.810;N02.360.810
00000000|MMI|14.64|Prostate|C0033572|[bpoc]|["PROSTATE"-tx-42-"prostate"-noun-0]|TX|2520/8|A05.360.444.575;A10.336.707
00000000|MMI|14.64|Pulmonary Vascular Resistance|C0456261|[fndg]|["PVR"-tx-57-"PVR"-noun-0]|TX|3517/3|G09.330.380.921
00000000|MMI|14.64|Total Peripheral Resistance|C1258192|[phsf]|["SVR"-tx-57-"SVR"-noun-0]|TX|3495/3|G09.330.380.921
00000000|MMI|14.64|Vomiting|C0042963|[sosy]|["VOMITING"-tx-17-"vomiting"-verb-1]|TX|879/8|C23.888.821.937
00000000|MMI|14.44|Pressure (finding)|C0460139|[fndg]|["Pressure"-tx-56-"pressure"-noun-0,"Pressure"-tx-21-"pressure"-noun-0,"Pressure"-tx-15-"pressure"-noun-1,"Pressure"-tx-14-"pressure"-noun-0]|TX|3410/8;1306/8;780/8;645/8|
00000000|MMI|14.44|Pressure - action|C1306345|[ftcn]|["Pressure"-tx-56-"pressure"-noun-0,"Pressure"-tx-21-"pressure"-noun-0,"Pressure"-tx-15-"pressure"-noun-0,"Pressure"-tx-14-"pressure"-noun-0]|TX|3410/8;1306/8;780/8;645/8|
00000000|MMI|14.29|Positive|C1446409|[qlco]|["Positive"-tx-39-"positive"-adj-0,"Positive"-tx-12-"positive"-adj-0,"Positive"-tx-10-"positive"-adj-0,"Positive"-tx-9-"positive"-adj-0]|TX|2420/8;474/8;372/8;239/8|
00000000|MMI|14.29|Positive Charge|C2825490|[qlco]|["Positive"-tx-39-"positive"-adj-0,"Positive"-tx-12-"positive"-adj-0,"Positive"-tx-10-"positive"-adj-0,"Positive"-tx-9-"positive"-adj-0]|TX|2420/8;474/8;372/8;239/8|
00000000|MMI|14.29|Positive Finding|C1514241|[fndg]|["POSITIVE"-tx-39-"positive"-adj-0,"POSITIVE"-tx-12-"positive"-adj-0,"POSITIVE"-tx-10-"positive"-adj-0,"POSITIVE"-tx-9-"positive"-adj-0]|TX|2420/8;474/8;372/8;239/8|
00000000|MMI|14.29|Positive Number|C3812269|[cnce]|["Positive"-tx-39-"positive"-adj-0,"Positive"-tx-12-"positive"-adj-0,"Positive"-tx-10-"positive"-adj-0,"Positive"-tx-9-"positive"-adj-0]|TX|2420/8;474/8;372/8;239/8|
00000000|MMI|14.29|percent positive cells|C0439178|[qnco]|["% Positive"-tx-39-"positive"-adj-0,"% Positive"-tx-12-"positive"-adj-0,"% Positive"-tx-10-"positive"-adj-0,"% Positive"-tx-9-"positive"-adj-0]|TX|2420/8;474/8;372/8;239/8|
00000000|MMI|13.66|Retirement|C0035345|[fndg]|["Retired"-tx-32-"retired"-adj-0,"Retired"-tx-32-"retired"-verb-0]|TX|[2002/7],[2026/7];[2002/7],[2026/7]|I03.702
00000000|MMI|13.53|Male population group|C0025266|[popg]|["Man"-tx-13-"man"-noun-0,"Man"-tx-9-"man"-noun-0]|TX|517/3;192/3|M01.390
00000000|MMI|13.22|Anemia, Macrocytic|C0002886|[dsyn]|["Macrocytic anaemia"-tx-65-"macrocytic anemia"-noun-0]|TX|4235/17|C15.378.071.252
00000000|MMI|13.22|Heart Sounds|C0018820|[ortf]|["HEART SOUNDS"-tx-39-"heart sounds"-noun-0]|TX|2405/12|G09.330.380.510
00000000|MMI|13.14|Respiration|C0035203|[phsf]|["respirations"-tx-34-"respirations"-noun-0]|TX|2184/12|G09.772.770.755
00000000|MMI|13.09|Hematoma|C0018944|[patf]|["HEMATOMA"-tx-63-"hematoma"-noun-0]|TX|4068/8|C23.550.414.838
00000000|MMI|13.07|Structure of femoral artery|C0015801|[bpoc]|["Arteries, Femoral"-tx-64-"femoral arteries"-noun-0]|TX|4167/16|A07.231.114.351
00000000|MMI|12.91|Auscultation|C0004339|[diap]|["AUSCULTATION"-tx-38-"auscultation"-noun-0]|TX|2330/12|E01.370.600.060
00000000|MMI|12.88|Caucasoid Race|C0007457|[popg]|["WHITE"-tx-33-"white"-adj-0]|TX|2093/5|M01.686.508.400
00000000|MMI|11.51|Doctor of Medicine|C1512018|[inpr]|["M.D."-tx-79-"M.D"-noun-0,"M.D."-tx-78-"M.D"-noun-0,"M.D."-tx-77-"M.D"-noun-0]|TX|5082/3;5055/3;4962/3|
00000000|MMI|11.49|Abdomen|C0000726|[blor]|["ABDOMEN"-tx-40-"abdomen"-noun-0]|TX|2457/7|A01.923.047
00000000|MMI|11.49|Anemia|C0002871|[dsyn]|["ANEMIA"-tx-65-"anemia"-noun-0]|TX|4219/6|C15.378.071
00000000|MMI|11.49|Appendectomy|C0003611|[topp]|["APPENDECTOMY"-tx-24-"appendectomy"-noun-0]|TX|1561/12|E04.210.078
00000000|MMI|11.49|Heart murmur|C0018808|[fndg]|["murmurs"-tx-39-"murmurs"-noun-1]|TX|2437/7|C23.888.447
00000000|MMI|11.49|Intravenous Drug Abuse|C0086181|[mobd]|["DRUG ABUSE, INTRAVENOUS"-tx-31-"intravenous drug abuse"-noun-1]|TX|1969/22|C25.775.793;F03.900.793
00000000|MMI|11.49|Physical Examination|C0031809|[hlca]|["PHYSICAL EXAMINATION"-tx-33-"PHYSICAL EXAMINATION"-noun-0]|TX|2054/20|E01.370.600
00000000|MMI|11.49|Proliferative vitreoretinopathy|C0242852|[dsyn]|["PVR"-tx-57-"PVR"-noun-0]|TX|3517/3|C11.768.890
00000000|MMI|11.22|Medical Examination|C0582103|[hlca]|["Exam"-tx-41-"exam"-noun-0,"Exam"-tx-39-"exam"-noun-0,"Exam"-tx-35-"exam"-noun-0]|TX|2496/4;2360/4;2231/4|
00000000|MMI|10.83|80%|C3842583|[fndg]|["80%"-tx-58-"80"-percentage-0,"80%"-tx-34-"80"-fraction-0,"80%"-tx-20-"80"-fraction-0]|TX|3541/2;2179/2;1246/2|
00000000|MMI|10.82|50%|C3842586|[fndg]|["50%"-tx-71-"50"-integer-0,"50%"-tx-34-"50"-integer-0,"50%"-tx-26-"50"-integer-0]|TX|4662/2;2143/2;1645/2|
00000000|MMI|10.82|<50|C3843766|[fndg]|["<50"-tx-71-"50"-integer-0,"<50"-tx-34-"50"-integer-0,"<50"-tx-26-"50"-integer-0]|TX|4662/2;2143/2;1645/2|
00000000|MMI|10.80|Mild (qualifier value)|C2945599|[qlco]|["Mildly"-tx-69-"mildly"-adv-0,"MILD"-tx-65-"mild"-adj-0,"Slight"-tx-47-"slight"-adj-0]|TX|4496/6;4230/4;2816/6|
00000000|MMI|10.78|per year|C0439508|[tmco]|["/Year"-tx-32-"year"-noun-0,"/Year"-tx-13-"year"-noun-0,"/Year"-tx-9-"year"-noun-0]|TX|2047/4;508/4;183/4|
00000000|MMI|10.73|Concept History|C1705255|[cnce]|["History"-tx-29-"history"-noun-0,"History"-tx-12-"history"-noun-0,"History"-tx-9-"history"-noun-0]|TX|1863/7;490/7;203/7|
00000000|MMI|10.73|History of previous events|C2004062|[fndg]|["History"-tx-29-"history"-noun-0,"History"-tx-12-"history"-noun-0,"History"-tx-9-"history"-noun-0]|TX|1863/7;490/7;203/7|
00000000|MMI|10.64|Gait normal|C0231683|[fndg]|["Normal"-tx-66-"normal"-adj-0,"Normal"-tx-56-"normal"-adj-0,"Normal"-tx-41-"Normal"-adj-0]|TX|4330/6;3370/6;2502/6|
00000000|MMI|10.64|Mean Percent of Normal|C2347086|[qnco]|["% Normal"-tx-66-"normal"-adj-0,"% Normal"-tx-56-"normal"-adj-0,"% Normal"-tx-41-"Normal"-adj-0]|TX|4330/6;3370/6;2502/6|
00000000|MMI|10.64|Normal|C0205307|[qlco]|["NORMAL"-tx-66-"normal"-adj-0,"NORMAL"-tx-56-"normal"-adj-0,"NORMAL"-tx-41-"Normal"-adj-0]|TX|4330/6;3370/6;2502/6|
00000000|MMI|10.64|Percent normal|C0439166|[qnco]|["% normal"-tx-66-"normal"-adj-0,"% normal"-tx-56-"normal"-adj-0,"% normal"-tx-41-"Normal"-adj-0]|TX|4330/6;3370/6;2502/6|
00000000|MMI|10.64|One|C0205447|[qnco]|["ONE"-tx-76-"one"-noun-0,"ONE"-tx-29-"one"-noun-0,"ONE"-tx-21-"one"-noun-0]|TX|4881/3;1874/3;1257/3|
00000000|MMI|10.61|Five|C0205451|[qnco]|["Five"-tx-30-"five"-word_numeral-0,"Five"-tx-19-"five"-word_numeral-0,"Five"-tx-14-"five"-word_numeral-0]|TX|1923/4;1094/4;677/4|
00000000|MMI|10.59|Left|C0205091|[spco]|["LEFT"-tx-63-"left"-adj-0,"LEFT"-tx-60-"left"-noun-0,"LEFT"-tx-21-"left"-noun-0]|TX|4057/4;3758/4;1279/4|
00000000|MMI|10.59|Left sided|C0443246|[spco]|["Left"-tx-63-"left"-adj-0,"Left"-tx-60-"left"-noun-0,"Left"-tx-21-"left"-noun-0]|TX|4057/4;3758/4;1279/4|
00000000|MMI|10.59|Table Cell Horizontal Align - left|C1552822|[ftcn]|["left"-tx-63-"left"-adj-0,"left"-tx-60-"left"-noun-0,"left"-tx-21-"left"-noun-0]|TX|4057/4;3758/4;1279/4|
00000000|MMI|10.43|Abnormally high|C1299351|[qlco]|["High"-tx-56-"high"-adj-0,"High"-tx-47-"high"-adj-0]|TX|3402/4;[2823/4],[2848/4]|
00000000|MMI|10.43|High|C0205250|[qlco]|["High"-tx-56-"high"-adj-0,"High"-tx-47-"high"-adj-0]|TX|3402/4;[2823/4],[2848/4]|
00000000|MMI|10.43|High Mitosis-Karyorrhexis Index|C3889660|[qnco]|["High"-tx-56-"high"-adj-0,"High"-tx-47-"high"-adj-0]|TX|3402/4;[2823/4],[2848/4]|
00000000|MMI|10.43|Value Above Reference Range|C2700149|[inpr]|["HIGH"-tx-56-"high"-adj-0,"HIGH"-tx-47-"high"-adj-0]|TX|3402/4;[2823/4],[2848/4]|
00000000|MMI|10.43|high - ActExposureLevelCode|C3887512|[idcn]|["high"-tx-56-"high"-adj-0,"high"-tx-47-"high"-adj-0]|TX|3402/4;[2823/4],[2848/4]|
00000000|MMI|10.42|Benign|C0205183|[qlco]|["BENIGN"-tx-50-"benign"-adj-0,"BENIGN"-tx-35-"benign"-adj-0]|TX|2973/6;2240/6|
00000000|MMI|10.42|On admission|C0457453|[tmco]|["On admission"-tx-65-"on admission"-adj-0,"On admission"-tx-26-"ON ADMISSION"-adj-0]|TX|4255/12;1614/12|
00000000|MMI|10.42|Part|C0449719|[spco]|["Part"-tx-79-"PART"-noun-0,"Part"-tx-76-"Part"-noun-0]|TX|5075/4;4871/4|
00000000|MMI|10.42|Part Dosing Unit|C1709471|[qnco]|["Part"-tx-79-"PART"-noun-0,"Part"-tx-76-"Part"-noun-0]|TX|5075/4;4871/4|
00000000|MMI|10.42|Physiologic pulse|C0391850|[phsf]|["PULSES"-tx-44-"Pulses"-noun-0,"Pulse"-tx-34-"pulse"-noun-0]|TX|2577/6;2134/5|
00000000|MMI|10.42|To|C1883351|[qlco]|["To"-tx-65-"to"-adv-0,"To"-tx-56-"to"-adv-0]|TX|4208/2;3362/2|
00000000|MMI|10.06|Drug Allergy|C0013182|[dsyn]|["Drug Allergies"-tx-28-"drug allergies"-noun-1]|TX|1813/14|C20.543.206;C25.100.468
00000000|MMI|9.99|Triglycerides|C0041004|[bacs,orch]|["TRIGLYCERIDES"-tx-48-"triglycerides"-noun-0]|TX|2893/13|D10.351.801
00000000|MMI|9.88|Disease|C0012634|[dsyn]|["condition"-tx-73-"condition"-noun-0]|TX|4758/9|C23.550.288
00000000|MMI|9.86|Occupations|C0028811|[ocdi]|["Job"-tx-14-"job"-noun-0]|TX|707/3|N01.824.547
00000000|MMI|9.74|Tobacco|C0040329|[hops,orch,phsu]|["TOBACCO"-tx-29-"tobacco"-noun-0]|TX|1855/7|J01.637.836
00000000|MMI|8.34|Blood Vessel|C0005847|[bpoc]|["Vessels"-tx-59-"vessels"-noun-0]|TX|3577/7|A07.231
00000000|MMI|8.34|Hypersensitivity|C0020517|[patf]|["Allergies"-tx-28-"ALLERGIES"-noun-0]|TX|1783/9|C20.543
00000000|MMI|8.34|Lung|C0024109|[bpoc]|["LUNGS"-tx-38-"lungs"-noun-0]|TX|2310/5|A04.411
00000000|MMI|8.34|Neck|C0027530|[blor]|["NECK"-tx-36-"Neck"-noun-0]|TX|2249/4|A01.598
00000000|MMI|7.70|Shortness of breath:-:Point in time:^Patient:-|C2707305|[clna]|["Shortness of breath"-tx-19-"shortness of breath"-noun-0,"Shortness of breath"-tx-16-"shortness of breath"-noun-0]|TX|1042/19;835/19|
00000000|MMI|7.55|Tightness in arm|C0563287|[sosy]|["arm tightness"-tx-60-"arm tightness"-noun-0,"arm tightness"-tx-21-"arm tightness"-noun-0]|TX|3763/13;1284/13|
00000000|MMI|7.53|Exercise stress ECG test|C1304755|[diap]|["Exercise tolerance test"-tx-20-"exercise tolerance test"-noun-0,"Exercise tolerance test"-tx-9-"exercise tolerance test"-noun-0]|TX|1138/23;248/23|
00000000|MMI|7.49|Present|C0150312|[qnco]|["Found"-tx-56-"found"-verb-0,"Present"-tx-22-"presents"-verb-0]|TX|3356/5;1457/8|
00000000|MMI|7.47|Clinical Study Follow-up|C3274571|[hlca]|["FOLLOW-UP"-tx-75-"FOLLOWUP"-noun-0,"FOLLOW-UP"-tx-75-"followup"-noun-0]|TX|4812/8;4830/8|
00000000|MMI|7.47|Follow-Up Report|C1704685|[inpr]|["Follow-Up"-tx-75-"FOLLOWUP"-noun-0,"Follow-Up"-tx-75-"followup"-noun-0]|TX|4812/8;4830/8|
00000000|MMI|7.47|Follow-up status|C0589120|[fndg]|["Follow-up"-tx-75-"FOLLOWUP"-noun-0,"Follow-up"-tx-75-"followup"-noun-0]|TX|4812/8;4830/8|
00000000|MMI|7.47|follow-up|C1522577|[hlca]|["Followup"-tx-75-"FOLLOWUP"-noun-0,"Followup"-tx-75-"followup"-noun-0]|TX|4812/8;4830/8|
00000000|MMI|7.45|One day|C3844320|[fndg]|["One day"-tx-72-"one day"-noun-0,"One day"-tx-27-"one day"-noun-0]|TX|4717/3,4728/3;1766/3,1777/3|
00000000|MMI|7.39|milligram/day|C0439422|[qnco]|["mg day"-tx-71-"mg day"-noun-0,"mg day"-tx-26-"mg day"-noun-0]|TX|4665/2,4675/3;1648/2,1658/3|
00000000|MMI|7.37|Blood pressure finding|C1271104|[fndg]|["Blood Pressure"-tx-34-"blood pressure"-noun-0,"Blood Pressure"-tx-20-"blood pressure"-noun-0]|TX|2160/14;1227/14|
00000000|MMI|7.36|3+ Answer to Question|C3838680|[fndg]|["3+"-tx-20-"3"-integer-0,"3+"-tx-6-"3"-integer-0]|TX|1176/1;133/1|
00000000|MMI|7.36|3+ Score|C2827736|[qnco]|["3+"-tx-20-"3"-integer-0,"3+"-tx-6-"3"-integer-0]|TX|1176/1;133/1|
00000000|MMI|7.36|3+ Score, WHO|C2981702|[clas]|["3+"-tx-20-"3"-integer-0,"3+"-tx-6-"3"-integer-0]|TX|1176/1;133/1|
00000000|MMI|7.36|<3 (qualifier value)|C0439086|[qnco]|["<3"-tx-20-"3"-integer-0,"<3"-tx-6-"3"-integer-0]|TX|1176/1;133/1|
00000000|MMI|7.35|Experimental Result|C2825142|[fndg]|["Result"-tx-61-"result"-noun-0,"Result"-tx-60-"results"-noun-0]|TX|3896/6;3677/7|
00000000|MMI|7.35|Result|C1274040|[ftcn]|["Result"-tx-61-"result"-noun-0,"Result"-tx-60-"results"-noun-0]|TX|3896/6;3677/7|
00000000|MMI|7.35|What subject filter - Result|C1546471|[idcn]|["Result"-tx-61-"result"-noun-0,"Result"-tx-60-"results"-noun-0]|TX|3896/6;3677/7|
00000000|MMI|7.31|Complication|C0009566|[patf]|["Complications"-tx-70-"COMPLICATIONS"-noun-0,"Complications"-tx-70-"complications"-noun-1]|TX|4522/13;4563/13|
00000000|MMI|7.31|Withdraw (activity)|C2349954|[acty]|["Retired"-tx-32-"retired"-adj-0,"Retired"-tx-32-"retired"-verb-0]|TX|[2002/7],[2026/7];[2002/7],[2026/7]|
00000000|MMI|7.31|Tightness sensation quality|C0439816|[qlco]|["Tightness"-tx-60-"tightness"-noun-0,"Tightness"-tx-21-"tightness"-noun-0]|TX|3767/9;1288/9|
00000000|MMI|7.29|Associated with|C0332281|[qlco]|["Associated with"-tx-19-"associated with"-verb-0,"Associated with"-tx-16-"associated with"-verb-0]|TX|1026/15;800/15|
00000000|MMI|7.27|Including (qualifier)|C0332257|[ftcn]|["included"-tx-71-"Included"-adj-0,"include"-tx-26-"Include"-verb-0]|TX|4644/8;1628/7|
00000000|MMI|7.23|Admission activity|C0809949|[hlca]|["Admission"-tx-62-"admission"-noun-0,"Admitted"-tx-55-"admitted"-verb-0]|TX|4000/9;3282/8|
00000000|MMI|7.23|Hospital admission|C0184666|[hlca]|["Admission"-tx-62-"admission"-noun-0,"admitted"-tx-55-"admitted"-verb-0]|TX|4000/9;3282/8|
00000000|MMI|7.22|Episode of|C0332189|[tmco]|["Episode of"-tx-19-"episodes of"-noun-0,"Episode of"-tx-15-"episodes of"-noun-0]|TX|994/11;763/11|
00000000|MMI|7.11|Entire left upper arm|C1268256|[bpoc]|["Left arm"-tx-60-"left arm"-noun-0,"Left arm"-tx-21-"left arm"-noun-0]|TX|3758/8;1279/8|
00000000|MMI|7.11|Left upper arm structure|C0230347|[bpoc]|["Left Arm"-tx-60-"left arm"-noun-0,"Left Arm"-tx-21-"left arm"-noun-0]|TX|3758/8;1279/8|
00000000|MMI|7.10|Daily|C0332173|[tmco]|["/day"-tx-60-"day"-noun-0,"/day"-tx-29-"day"-noun-0]|TX|3606/3;1895/3|
00000000|MMI|7.10|day|C0439228|[tmco]|["DAY"-tx-60-"day"-noun-0,"DAY"-tx-29-"day"-noun-0]|TX|3606/3;1895/3|
00000000|MMI|7.10|per day|C0439505|[tmco]|["/day"-tx-60-"day"-noun-0,"/day"-tx-29-"day"-noun-0]|TX|3606/3;1895/3|
00000000|MMI|7.09|Event Seriousness - Significant|C1546944|[qlco]|["Significant"-tx-70-"significant"-adj-0,"Significant"-tx-23-"significant"-adj-0]|TX|4551/11;1521/11|
00000000|MMI|7.09|Significant|C0750502|[idcn]|["Significant"-tx-70-"significant"-adj-0,"Significant"-tx-23-"significant"-adj-0]|TX|4551/11;1521/11|
00000000|MMI|7.09|Statistical Significance|C0237881|[qnco]|["significant"-tx-70-"significant"-adj-0,"significant"-tx-23-"significant"-adj-0]|TX|4551/11;1521/11|
00000000|MMI|7.06|Chicken laying egg for human food|C3669471|[bird]|["Layer"-tx-32-"layer"-noun-0,"Layer"-tx-14-"layer"-noun-0]|TX|2016/5;722/5|
00000000|MMI|7.06|Coating (film)|C1522408|[qlco]|["Layer"-tx-32-"layer"-noun-0,"Layer"-tx-14-"layer"-noun-0]|TX|2016/5;722/5|
00000000|MMI|7.06|anatomical layer|C0934502|[bpoc]|["Layer"-tx-32-"layer"-noun-0,"Layer"-tx-14-"layer"-noun-0]|TX|2016/5;722/5|
00000000|MMI|7.06|97|C0439073|[inpr]|["97"-tx-34-"97"-real_number-0,"97"-tx-20-"97"-integer-0]|TX|2214/2;1222/2|
00000000|MMI|7.06|>97|C0439082|[qnco]|[">97"-tx-34-"97"-real_number-0,">97"-tx-20-"97"-integer-0]|TX|2214/2;1222/2|
00000000|MMI|7.06|Lesion|C0221198|[fndg]|["Lesion"-tx-61-"lesion"-noun-0,"Lesion"-tx-58-"lesion"-noun-0]|TX|3879/6;3558/6|
00000000|MMI|7.06|Specimen Source Codes - Lesion|C1546698|[inpr]|["Lesion"-tx-61-"lesion"-noun-0,"Lesion"-tx-58-"lesion"-noun-0]|TX|3879/6;3558/6|
00000000|MMI|7.04|site-specific telomere resolvase activity|C1622890|[moft]|["ResT"-tx-15-"rest"-noun-0,"ResT"-tx-14-"rest"-noun-0]|TX|775/4;746/4|
00000000|MMI|7.02|Flat shape|C0205324|[spco]|["Flat"-tx-51-"flat"-adj-0,"Flat"-tx-36-"flat"-adj-0]|TX|3126/4;2264/4|
00000000|MMI|7.02|Residential flat|C0457933|[mnob]|["Flat"-tx-51-"flat"-adj-0,"Flat"-tx-36-"flat"-adj-0]|TX|3126/4;2264/4|
00000000|MMI|7.02|Actual Discomfort|C2364135|[sosy]|["Discomfort"-tx-62-"discomfort"-noun-1,"Discomfort"-tx-19-"discomfort"-noun-0]|TX|3977/10;1006/10|
00000000|MMI|7.02|Malaise|C0231218|[sosy]|["DISCOMFORT"-tx-62-"discomfort"-noun-1,"DISCOMFORT"-tx-19-"discomfort"-noun-0]|TX|3977/10;1006/10|
00000000|MMI|6.98|Negative|C0205160|[qlco]|["Negative"-tx-51-"negative"-noun-0,"Negative"-tx-43-"negative"-noun-0]|TX|3037/8;2559/8|
00000000|MMI|6.98|Negative - answer|C3853545|[qlco]|["Negative"-tx-51-"negative"-noun-0,"Negative"-tx-43-"negative"-noun-0]|TX|3037/8;2559/8|
00000000|MMI|6.98|Negative Charge|C2825491|[qlco]|["Negative"-tx-51-"negative"-noun-0,"Negative"-tx-43-"negative"-noun-0]|TX|3037/8;2559/8|
00000000|MMI|6.98|Negative Finding|C1513916|[fndg]|["NEGATIVE"-tx-51-"negative"-noun-0,"NEGATIVE"-tx-43-"negative"-noun-0]|TX|3037/8;2559/8|
00000000|MMI|6.98|Negative Number|C2825415|[cnce]|["Negative"-tx-51-"negative"-noun-0,"Negative"-tx-43-"negative"-noun-0]|TX|3037/8;2559/8|
00000000|MMI|6.97|Entire jaw region|C1273020|[blor]|["Jaw"-tx-62-"jaw"-noun-0,"Jaw"-tx-21-"jaw"-noun-0]|TX|3973/3;1302/3|
00000000|MMI|6.92|Old|C0580836|[tmco]|["Old"-tx-13-"old"-noun-0,"Old"-tx-9-"old"-noun-0]|TX|513/3;188/3|
00000000|MMI|6.91|Two|C0205448|[qnco]|["Two"-tx-19-"two"-noun-0,"Two"-tx-13-"two"-adj-0]|TX|990/3;546/3|
00000000|MMI|6.90|Well|C3146287|[mnob]|["Well"-tx-63-"well"-adj-0,"Well"-tx-21-"well"-adj-0]|TX|4130/4;1443/4|
00000000|MMI|6.76|Skin|C1123023|[bdsy]|["SKIN"-tx-45-"skin"-noun-0]|TX|2657/4|A17.815
00000000|MMI|6.63|Heart|C0018787|[bpoc]|["Cardiac"-tx-10-"CARDIAC"-adj-0]|TX|335/7|A07.541
00000000|MMI|5.18|1+|C3816745|[fndg]|["1+"-tx-2-"1"-integer-0]|TX|86/1|
00000000|MMI|5.18|1+ Score|C2827734|[qnco]|["1+"-tx-2-"1"-integer-0]|TX|86/1|
00000000|MMI|5.18|1+ Score, WHO|C2981698|[clas]|["1+"-tx-2-"1"-integer-0]|TX|86/1|
00000000|MMI|5.18|Anterior thoracic region|C1527391|[blor]|["Chest"-tx-62-"chest"-noun-0]|TX|3937/5|
00000000|MMI|5.18|Body Fluid Discharge|C0012621|[bdsu]|["Discharge"-tx-73-"discharge"-noun-0]|TX|4773/9|
00000000|MMI|5.18|Bruit|C0006318|[fndg]|["bruits"-tx-64-"bruits"-noun-1]|TX|4140/6|
00000000|MMI|5.18|CDISC SDTM Procedure Terminology|C3539779|[inpr]|["Procedure"-tx-60-"procedure"-noun-0]|TX|3733/9|
00000000|MMI|5.18|Chief complaint (finding)|C0277786|[fndg]|["Chief Complaint"-tx-8-"CHIEF COMPLAINT"-noun-0]|TX|148/15|
00000000|MMI|5.18|Delayed Release Dosage Form|C1707664|[bodm]|["DR"-tx-75-"Dr"-noun-0]|TX|4867/2|
00000000|MMI|5.18|Denied (qualifier)|C0332319|[qlco]|["Denied"-tx-18-"denied"-verb-0]|TX|910/6|
00000000|MMI|5.18|Deny (action)|C2700401|[acty]|["Denied"-tx-18-"denied"-verb-0]|TX|910/6|
00000000|MMI|5.18|Device to Subject Relationship Domain|C3540849|[inpr]|["DR"-tx-75-"Dr"-noun-0]|TX|4867/2|
00000000|MMI|5.18|Diabetes|C0011847|[dsyn]|["Diabetes"-tx-10-"diabetes"-noun-1]|TX|409/8|
00000000|MMI|5.18|Discharge date|C2361123|[tmco]|["Discharge date"-tx-1-"Discharge Date"-noun-0]|TX|0/14|
00000000|MMI|5.18|Discharge date:Time Stamp -- Date and Time:Point in time:^Patient:Quantitative|C2361122|[clna]|["Discharge date"-tx-1-"Discharge Date"-noun-0]|TX|0/14|
00000000|MMI|5.18|Discharge, body substance|C2926602|[bdsu]|["Discharge"-tx-73-"discharge"-noun-0]|TX|4773/9|
00000000|MMI|5.18|Disposition|C0743223|[idcn]|["Disposition"-tx-71-"DISPOSITION"-noun-0]|TX|4608/11|
00000000|MMI|5.18|Disposition Domain|C1705555|[inpr]|["Disposition"-tx-71-"DISPOSITION"-noun-0]|TX|4608/11|
00000000|MMI|5.18|Doctor - Title|C2348314|[cnce]|["Dr."-tx-75-"Dr"-noun-0]|TX|4867/2|
00000000|MMI|5.18|Early|C1279919|[tmco]|["Earlier"-tx-32-"earlier"-adv-0]|TX|2034/7|
00000000|MMI|5.18|Edema of foot (finding)|C0574002|[sosy]|["Pedal oedema"-tx-18-"pedal edema"-noun-1]|TX|963/11|
00000000|MMI|5.18|Electrolytes normal|C0438240|[fndg]|["normal electrolytes"-tx-46-"normal electrolytes"-noun-0]|TX|2695/19|
00000000|MMI|5.18|Entire abdomen|C1281594|[bpoc]|["Abdomen"-tx-40-"abdomen"-noun-0]|TX|2457/7|
00000000|MMI|5.18|Entire neck|C1281592|[bpoc]|["Neck"-tx-36-"Neck"-noun-0]|TX|2249/4|
00000000|MMI|5.18|Entire prostate|C1278980|[bpoc]|["Prostate"-tx-42-"prostate"-noun-0]|TX|2520/8|
00000000|MMI|5.18|Gender Status - Intact|C1554187|[fndg]|["Intact"-tx-44-"intact"-adj-0]|TX|2612/6|
00000000|MMI|5.18|Genus Anemia|C1000483|[plnt]|["Anemia"-tx-65-"anemia"-noun-0]|TX|4219/6|
00000000|MMI|5.18|Hematocrit level|C0518014|[fndg]|["Hematocrit"-tx-47-"hematocrit"-noun-0]|TX|2773/10|
00000000|MMI|5.18|History of present illness:Finding:Point in time:^Patient:Nominal:Reported|C0488508|[clna]|["History of present illness"-tx-10-"HISTORY OF PRESENT ILLNESS"-noun-0]|TX|307/26|
00000000|MMI|5.18|Hospital course|C0489547|[fndg]|["Hospital course"-tx-55-"HOSPITAL COURSE"-noun-0]|TX|3249/15|
00000000|MMI|5.18|Hospital course:Finding:Point in time:^Patient:Narrative|C0488549|[clna]|["Hospital course"-tx-55-"HOSPITAL COURSE"-noun-0]|TX|3249/15|
00000000|MMI|5.18|Include (action)|C2700399|[acty]|["Include"-tx-26-"Include"-verb-0]|TX|1628/7|
00000000|MMI|5.18|Increased sweating|C0700590|[sosy]|["DIAPHORESIS"-tx-17-"diaphoresis"-noun-1]|TX|893/11|
00000000|MMI|5.18|Intact|C0205266|[qlco]|["Intact"-tx-44-"intact"-adj-0]|TX|2612/6|
00000000|MMI|5.18|Interventional procedure|C0184661|[topp]|["Procedure"-tx-60-"procedure"-noun-0]|TX|3733/9|
00000000|MMI|5.18|Landing|C0557668|[mnob]|["land"-tx-80-"Land"-noun-0]|TX|5087/4|
00000000|MMI|5.18|MILDLY|C0750532|[idcn]|["MILDLY"-tx-69-"mildly"-adv-0]|TX|4496/6|
00000000|MMI|5.18|MRC1 gene|C1417249|[gngm]|["MR"-tx-8-"Mr"-noun-0]|TX|165/2|
00000000|MMI|5.18|Medication.discharge|C0806915|[fndg]|["Discharge medications"-tx-71-"DISCHARGE MEDICATIONS"-noun-0]|TX|4621/21|
00000000|MMI|5.18|Medications:-:Point in time:^Patient:-|C2598133|[clna]|["Medications"-tx-26-"MEDICATIONS"-noun-0]|TX|1602/11|
00000000|MMI|5.18|Medications:Presence or Identity:Duration of the study:^Patient:Nominal|C0802604|[clna]|["Medications"-tx-26-"MEDICATIONS"-noun-0]|TX|1602/11|
00000000|MMI|5.18|Minor Response|C4050513|[fndg]|["MR"-tx-8-"Mr"-noun-0]|TX|165/2|
00000000|MMI|5.18|Mr. - Title|C2347167|[cnce]|["Mr."-tx-8-"Mr"-noun-0]|TX|165/2|
00000000|MMI|5.18|Nausea Adverse Event|C1963179|[patf]|["Nausea"-tx-17-"nausea"-noun-1]|TX|870/6|
00000000|MMI|5.18|Negation|C1518422|[ftcn]|["Not"-tx-27-"not"-adv-0]|TX|1709/3|
00000000|MMI|5.18|Night time|C0240526|[tmco]|["Night"-tx-19-"night"-noun-0]|TX|1020/5|
00000000|MMI|5.18|Non-nodular|C0445127|[spco]|["Non-nodular"-tx-42-"non-nodular"-adj-0]|TX|2533/11|
00000000|MMI|5.18|Normal B12|C1968641|[fndg]|["Normal B12"-tx-67-"normal B12"-noun-0]|TX|4386/10|
00000000|MMI|5.18|Now (temporal qualifier)|C1948052|[tmco]|["Now"-tx-22-"now"-adv-0]|TX|1453/3|
00000000|MMI|5.18|Orthopnea|C0085619|[sosy]|["Orthopnoea"-tx-18-"orthopnea"-noun-1]|TX|948/9|
00000000|MMI|5.18|PMH - past medical history|C0455458|[fndg]|["Past medical history"-tx-23-"PAST MEDICAL HISTORY"-noun-0]|TX|1496/20|
00000000|MMI|5.18|PROBLEM LIST|C0552582|[inpr]|["PROBLEM LIST"-tx-2-"PROBLEM LIST"-noun-0]|TX|72/12|
00000000|MMI|5.18|PVR gene|C1419141|[gngm]|["PVR"-tx-57-"PVR"-noun-0]|TX|3517/3|
00000000|MMI|5.18|Paroxysmal nocturnal dyspnea|C1956415|[dsyn]|["Paroxysmal nocturnal dyspnoea"-tx-18-"paroxysmal nocturnal dyspnea"-noun-1]|TX|917/28|
00000000|MMI|5.18|Patient Condition Code - Stable|C1547311|[inpr]|["Stable"-tx-63-"stable"-adj-0]|TX|4087/6|
00000000|MMI|5.18|Peripheral pulse|C0232139|[ortf]|["peripheral pulses"-tx-44-"peripheral pulses"-noun-0]|TX|2589/17|
00000000|MMI|5.18|Pharmaceutical Preparations|C0013227|[phsu]|["Medications"-tx-26-"MEDICATIONS"-noun-0]|TX|1602/11|D26
00000000|MMI|5.18|Pharmacogenomics Trial Characteristics Domain|C3714755|[inpr]|["PT"-tx-49-"PT"-noun-0]|TX|2917/2|
00000000|MMI|5.18|Physical Medical Procedure|C3274430|[hlca]|["PROCEDURE"-tx-60-"procedure"-noun-0]|TX|3733/9|
00000000|MMI|5.18|Physical therapy (field)|C0699718|[bmod]|["PT"-tx-49-"PT"-noun-0]|TX|2917/2|
00000000|MMI|5.18|Plain chest X-ray|C0039985|[diap]|["Chest X-ray"-tx-53-"chest x-ray"-noun-0]|TX|3183/11|
00000000|MMI|5.18|Procedure (set of actions)|C2700391|[acty]|["Procedure"-tx-60-"procedure"-noun-0]|TX|3733/9|
00000000|MMI|5.18|Procedure Domain|C3538935|[inpr]|["Procedure"-tx-60-"procedure"-noun-0]|TX|3733/9|
00000000|MMI|5.18|Pulse phenomenon|C1947910|[phpr]|["Pulse"-tx-34-"pulse"-noun-0]|TX|2134/5|
00000000|MMI|5.18|QUIT|C0748223|[idcn]|["QUIT"-tx-30-"quit"-verb-0]|TX|1918/4|
00000000|MMI|5.18|Resolution|C2699488|[cnce]|["Resolved"-tx-19-"resolved"-verb-0]|TX|1068/8|
00000000|MMI|5.18|Resolved|C3714811|[fndg]|["Resolved"-tx-19-"resolved"-verb-0]|TX|1068/8|
00000000|MMI|5.18|Resolved License|C3897700|[ftcn]|["Resolved"-tx-19-"resolved"-verb-0]|TX|1068/8|
00000000|MMI|5.18|Reticulocyte count result|C1318442|[lbtr]|["reticulocyte count"-tx-69-"reticulocyte count"-noun-0]|TX|4473/18|
00000000|MMI|5.18|Social History|C3714536|[fndg]|["Social History"-tx-29-"SOCIAL HISTORY"-noun-0]|TX|1830/14|
00000000|MMI|5.18|Social and personal history|C0424945|[fndg]|["Social history"-tx-29-"SOCIAL HISTORY"-noun-0]|TX|1830/14|
00000000|MMI|5.18|Stable status|C0205360|[qlco]|["STABLE"-tx-63-"stable"-adj-0]|TX|4087/6|
00000000|MMI|5.18|Stop (Instruction Imperative)|C1947925|[acty]|["Quit"-tx-30-"quit"-verb-0]|TX|1918/4|
00000000|MMI|5.18|Surgical and medical procedures|C1948041|[topp]|["Procedure"-tx-60-"procedure"-noun-0]|TX|3733/9|
00000000|MMI|5.18|Sustained Virologic Response|C4050171|[fndg]|["SVR"-tx-57-"SVR"-noun-0]|TX|3495/3|
00000000|MMI|5.18|Take|C1515187|[hlca]|["Take"-tx-27-"take"-verb-0]|TX|1713/4|
00000000|MMI|5.18|Views:Finding:Point in time:Chest:Narrative:XR|C1114557|[clna]|["Chest X-ray"-tx-53-"chest x-ray"-noun-0]|TX|3183/11|
00000000|MMI|5.18|Vomiting Adverse Event|C1963281|[patf]|["Vomiting"-tx-17-"vomiting"-verb-1]|TX|879/8|
00000000|MMI|5.18|carotid|C0741968|[bpoc]|["carotids"-tx-37-"Carotids"-noun-0]|TX|2275/8|
00000000|MMI|5.18|dendritic spine neck|C3159206|[celc]|["neck"-tx-36-"Neck"-noun-0]|TX|2249/4|
00000000|MMI|5.18|ferritin normal|C0860973|[fndg]|["normal ferritin"-tx-66-"normal ferritin"-noun-0]|TX|4298/15|
00000000|MMI|5.18|folate normal|C0861136|[fndg]|["normal folate"-tx-67-"normal folate"-noun-0]|TX|4403/13|
00000000|MMI|5.18|include - SetOperator|C1552866|[idcn]|["include"-tx-26-"Include"-verb-0]|TX|1628/7|
00000000|MMI|5.18|iron normal|C0860977|[fndg]|["normal iron"-tx-66-"normal iron"-noun-0]|TX|4316/11|
00000000|MMI|5.18|laboratory examination|C0260877|[fndg]|["Laboratory examination"-tx-46-"LABORATORY EXAMINATION"-noun-0]|TX|2664/22|
00000000|MMI|5.18|physiologic resolution|C1514893|[patf]|["Resolved"-tx-19-"resolved"-verb-0]|TX|1068/8|
00000000|MMI|5.18|problem list - observation|C1553895|[inpr]|["problem list"-tx-2-"PROBLEM LIST"-noun-0]|TX|72/12|
00000000|MMI|4.19|Discharge to home|C0184713|[topp]|["Discharge to home"-tx-74-"discharged to home"-noun-0]|TX|4791/18|
00000000|MMI|4.19|Liver function tests normal|C0438235|[fndg]|["Normal liver function test"-tx-46-"normal liver function tests"-noun-0]|TX|2739/27|
00000000|MMI|4.12|thyroid function|C2242456|[phsf]|["thyroid function"-tx-68-"thyroid functions"-noun-0]|TX|4423/17|
00000000|MMI|3.98|Experience|C0596545|[menp]|["Experience"-tx-62-"experienced"-verb-0]|TX|3917/11|
00000000|MMI|3.98|Practice Experience|C0237607|[menp]|["experience"-tx-62-"experienced"-verb-0]|TX|3917/11|
00000000|MMI|3.78|Mild anemia|C1858586|[fndg]|["Anemia, mild"-tx-65-"mild anemia"-noun-0]|TX|4230/4,4246/6|
00000000|MMI|3.75|Family History Domain|C1705495|[idcn]|["Family History"-tx-10-"family history"-noun-0]|TX|381/14|
00000000|MMI|3.75|Family history|C0241889|[fndg]|["FAMILY HISTORY"-tx-10-"family history"-noun-0]|TX|381/14|
00000000|MMI|3.75|Heart sounds:Find:Pt:Heart:Nom|C4050434|[clna]|["Heart sounds"-tx-39-"heart sounds"-noun-0]|TX|2405/12|
00000000|MMI|3.75|Hematoma of groin|C0585249|[inpo]|["groin hematoma"-tx-63-"groin hematoma"-noun-0]|TX|4062/14|
00000000|MMI|3.75|Hypercholesterolemia result|C1522133|[fndg]|["High Cholesterol"-tx-11-"high cholesterol"-noun-0]|TX|444/16|
00000000|MMI|3.75|TCN2 gene|C1420653|[gngm]|["macrocytic anemia"-tx-65-"macrocytic anemia"-noun-0]|TX|4235/17|
00000000|MMI|3.75|arm discomfort|C0877610|[sosy]|["arm discomfort"-tx-62-"arm discomfort"-noun-1]|TX|3955/14|
00000000|MMI|3.75|risk factors - observation list|C1553898|[inpr]|["risk factors"-tx-10-"RISK FACTORS"-noun-0]|TX|343/12|
00000000|MMI|3.74|Fecal occult blood: positive|C0266813|[lbtr]|["heme stool"-tx-43-"heme stools"-noun-0]|TX|2554/4,2568/6|
00000000|MMI|3.72|Intrachamber:Pres:Pt:Heart.atrium.right:Qn|C4050168|[clna]|["RA pressure"-tx-56-"RA pressures"-noun-0]|TX|3377/12|
00000000|MMI|3.72|Relieved by|C0332303|[ftcn]|["Relieved by"-tx-14-"relieved by"-verb-0]|TX|734/11|
00000000|MMI|3.72|Treated with|C0332293|[topp]|["Treated with"-tx-13-"treated with"-verb-0]|TX|556/12|
00000000|MMI|3.69|ST segment|C0429029|[fndg]|["ST segment"-tx-51-"ST segments"-noun-0]|TX|3131/11|
00000000|MMI|3.68|31|C0450355|[inpr]|["31"-tx-49-"31"-real_number-0]|TX|2947/2|
00000000|MMI|3.68|Non-tender|C0520960|[qlco]|["Nontender"-tx-40-"nontender"-adj-0]|TX|2477/9|
00000000|MMI|3.68|Regulatory Report|C3273238|[inpr]|["Report"-tx-78-"Report"-noun-0]|TX|4995/6|
00000000|MMI|3.68|Report (document)|C0684224|[inpr]|["Report"-tx-78-"Report"-noun-0]|TX|4995/6|
00000000|MMI|3.68|Reporting|C0700287|[hlca]|["Report"-tx-78-"Report"-noun-0]|TX|4995/6|
00000000|MMI|3.68|S4 heart sound|C3853525|[fndg]|["S4"-tx-39-"S4"-noun-0]|TX|2429/2|
00000000|MMI|3.68|S4+|C2349970|[elii]|["S4+"-tx-39-"S4"-noun-0]|TX|2429/2|
00000000|MMI|3.68|Serum Total Iron-Binding Capacity result|C0036835|[lbtr]|["tibc"-tx-66-"TIBC"-noun-0]|TX|4337/4|
00000000|MMI|3.68|Vanadium 5+|C2349105|[elii]|["V5+"-tx-21-"V5"-noun-0]|TX|1378/2|
00000000|MMI|3.68|Wedge|C0439639|[spco]|["Wedge"-tx-56-"wedge"-noun-0]|TX|3430/5|
00000000|MMI|3.65|Inverted T wave|C0520888|[fndg]|["inversions t wave"-tx-52-"T-wave inversions"-noun-0]|TX|3152/17|
00000000|MMI|3.65|Primary problem|C3258059|[fndg]|["Principal problem"-tx-1-"PRINCIPAL PROBLEM"-noun-0]|TX|27/17|
00000000|MMI|3.64|Normal limits|C0442816|[qnco]|["Normal limits"-tx-68-"normal limits"-noun-0]|TX|4453/13|
00000000|MMI|3.64|Secondary to|C0175668|[tmco]|["Secondary to"-tx-27-"secondary to"-adj-0]|TX|1730/12|
00000000|MMI|3.64|neck tightness|C0549343|[sosy]|["neck tightness"-tx-16-"neck tightness"-noun-0]|TX|816/14|
00000000|MMI|3.63|C-Circle|C3538933|[celc]|["CC"-tx-78-"cc"-noun-0]|TX|5060/2|
00000000|MMI|3.63|Hematoma Adverse Event|C1962958|[fndg]|["Hematoma"-tx-63-"hematoma"-noun-0]|TX|4068/8|
00000000|MMI|3.63|MCV - raised|C0302845|[fndg]|["MACROCYTIC"-tx-65-"macrocytic"-noun-0]|TX|4235/10|
00000000|MMI|3.63|MPI gene|C1417244|[gngm]|["PMI"-tx-39-"PMI"-noun-0]|TX|2391/3|
00000000|MMI|3.63|PMM2 gene|C1418674|[gngm]|["PMI"-tx-39-"PMI"-noun-0]|TX|2391/3|
00000000|MMI|3.63|Prostate Mechanical Imager|C4049974|[medd]|["PMI"-tx-39-"PMI"-noun-0]|TX|2391/3|
00000000|MMI|3.63|TMEM11 gene|C1823304|[gngm]|["PMI"-tx-39-"PMI"-noun-0]|TX|2391/3|
00000000|MMI|3.62|Complication of procedure|C0742724|[fndg]|["Complication of procedure"-tx-63-"complication of procedure"-noun-0]|TX|4021/15,4041/9|
00000000|MMI|3.62|Isosorbide Dinitrate 20 MG|C1256505|[clnd]|["Isosorbide Dinitrate 20 MG"-tx-71-"Isordil 20 mg"-noun-0]|TX|4681/13|
00000000|MMI|3.62|Isosorbide Dinitrate 40 MG|C1171085|[clnd]|["Isosorbide Dinitrate 40 MG"-tx-26-"Isordil 40 mg"-noun-0]|TX|1664/13|
00000000|MMI|3.61|Axis|C1522496|[spco]|["Axis"-tx-51-"axis"-noun-0]|TX|3056/4|
00000000|MMI|3.61|Batch (Response Modality)|C1550176|[inpr]|["Batch"-tx-78-"Batch"-noun-0]|TX|4983/5|
00000000|MMI|3.61|Batch (group)|C1948031|[qnco]|["Batch"-tx-78-"Batch"-noun-0]|TX|4983/5|
00000000|MMI|3.61|Batch Number|C3641829|[inpr]|["BATCH"-tx-78-"Batch"-noun-0]|TX|4983/5|
00000000|MMI|3.61|Genus Axis|C0999597|[mamm]|["Axis"-tx-51-"axis"-noun-0]|TX|3056/4|
00000000|MMI|3.61|Interval|C1272706|[tmco]|["intervals"-tx-51-"intervals"-noun-0]|TX|3063/9|
00000000|MMI|3.61|month|C0439231|[tmco]|["MONTHS"-tx-14-"months"-noun-0]|TX|600/6|
00000000|MMI|3.61|2 mm|C3842089|[fndg]|["2 mm"-tx-21-"2 mm"-noun-0]|TX|1336/4|
00000000|MMI|3.61|Stable hematocrit|C1443990|[lbtr]|["Stable hematocrit"-tx-63-"stable hematocrit"-noun-0]|TX|4109/17|
00000000|MMI|3.60|Entire skin|C1278993|[bdsy]|["Skin"-tx-45-"skin"-noun-0]|TX|2657/4|
00000000|MMI|3.60|Regular|C0205272|[qlco]|["Regular"-tx-34-"regular"-adj-0]|TX|2150/7|
00000000|MMI|3.60|Skin Specimen|C0444099|[bdsu]|["Skin"-tx-45-"skin"-noun-0]|TX|2657/4|
00000000|MMI|3.60|Normal sinus rhythm|C0232202|[fndg]|["NORMAL SINUS RHYTHM"-tx-51-"normal sinus rhythm"-noun-0]|TX|2993/19|
00000000|MMI|3.59|Cardiac index|C0428776|[fndg]|["Cardiac Index"-tx-56-"cardiac index"-noun-0]|TX|3468/13|
00000000|MMI|3.59|Chest tightness|C0232292|[sosy]|["Chest tightness"-tx-21-"chest tightness"-noun-0]|TX|1424/15|
00000000|MMI|3.59|Clear|C2963144|[qlco]|["Clear"-tx-38-"clear"-adj-0]|TX|2321/5|
00000000|MMI|3.59|Dual Pack Dosing Unit|C1880422|[qnco]|["Two Pack"-tx-29-"two packs"-noun-0]|TX|1881/9|
00000000|MMI|3.59|Negative Surgical Margin|C1709157|[fndg]|["Clear"-tx-38-"clear"-adj-0]|TX|2321/5|
00000000|MMI|3.59|TONICS|C3543842|[phsu]|["tonic"-tx-41-"tone"-noun-0]|TX|2509/4|
00000000|MMI|3.58|Injection of heart|C0455107|[topp]|["coronary injection"-tx-61-"injection coronaries"-noun-0]|TX|3782/9,3799/10|
00000000|MMI|3.57|0%|C3842591|[fndg]|["0%"-tx-69-"0"-real_number-0]|TX|4516/1|
00000000|MMI|3.57|Blood Clot|C0302148|[bdsu]|["Clot"-tx-61-"clot"-noun-0]|TX|3817/4|
00000000|MMI|3.57|Condition|C0348080|[qlco]|["Condition"-tx-73-"condition"-noun-0]|TX|4758/9|
00000000|MMI|3.57|Condition:Find:Pt:^Patient:Nom|C3864998|[clna]|["Condition"-tx-73-"condition"-noun-0]|TX|4758/9|
00000000|MMI|3.57|Decreased|C0205216|[qnco]|["Decreased"-tx-69-"decreased"-verb-0]|TX|4503/9|
00000000|MMI|3.57|Decreasing|C0442797|[qlco]|["decreased"-tx-69-"decreased"-verb-0]|TX|4503/9|
00000000|MMI|3.57|Logical Condition|C1705253|[cnce]|["Condition"-tx-73-"condition"-noun-0]|TX|4758/9|
00000000|MMI|3.57|Low Mitosis-Karyorrhexis Index|C3890211|[qnco]|["Low"-tx-47-"low"-adj-0]|TX|2797/3|
00000000|MMI|3.57|Presentation|C0449450|[idcn]|["Present"-tx-22-"presents"-verb-0]|TX|1457/8|
00000000|MMI|3.57|Reduced|C0392756|[qlco]|["Decreased"-tx-69-"decreased"-verb-0]|TX|4503/9|
00000000|MMI|3.57|Three|C0205449|[qnco]|["Three"-tx-21-"three"-word_numeral-0]|TX|1393/5|
00000000|MMI|3.57|low|C0205251|[qlco]|["Low"-tx-47-"low"-adj-0]|TX|2797/3|
00000000|MMI|3.57|low confidentiality|C1550472|[inpr]|["low"-tx-47-"low"-adj-0]|TX|2797/3|
00000000|MMI|3.57|low exposure|C4048187|[qlco]|["low"-tx-47-"low"-adj-0]|TX|2797/3|
00000000|MMI|3.57|work up|C0750430|[diap]|["Work-up"-tx-66-"Workup"-noun-0]|TX|4270/6|
00000000|MMI|3.56|Creatinine finding|C1561535|[fndg]|["Creatinine"-tx-46-"creatinine"-noun-0]|TX|2719/10|
00000000|MMI|3.56|Respiratory Domain|C2986904|[idcn]|["RE"-tx-61-"Re"-noun-0]|TX|3779/2|
00000000|MMI|3.56|Retinol equivalents|C0556581|[qnco]|["{RE}"-tx-61-"Re"-noun-0]|TX|3779/2|
00000000|MMI|3.56|dictated - DocumentCompletion|C1609990|[idcn]|["Dictated"-tx-78-"Dictated"-noun-0]|TX|5022/8|
00000000|MMI|3.56|dictated - ParticipationMode|C1548384|[ftcn]|["dictated"-tx-78-"Dictated"-noun-0]|TX|5022/8|
00000000|MMI|3.55|% index|C1637833|[qnco]|["% index"-tx-66-"index"-noun-0]|TX|4362/5|
00000000|MMI|3.55|Erythrocyte Mean Corpuscular Hemoglobin Test|C0369183|[lbpr]|["MCH"-tx-47-"MCH"-noun-0]|TX|2853/3|
00000000|MMI|3.55|Html Link Type - index|C1552854|[idcn]|["index"-tx-66-"index"-noun-0]|TX|4362/5|
00000000|MMI|3.55|Index|C0918012|[inpr]|["Index"-tx-66-"index"-noun-0]|TX|4362/5|
00000000|MMI|3.55|Onset of (contextual qualifier)|C0332162|[qlco]|["Onset"-tx-14-"onset"-noun-0]|TX|626/5|
00000000|MMI|3.55|PMCH gene|C1418669|[gngm]|["MCH"-tx-47-"MCH"-noun-0]|TX|2853/3|
00000000|MMI|3.55|Saturated|C0522534|[phpr]|["Saturation"-tx-66-"saturation"-noun-0]|TX|4351/10|
00000000|MMI|3.55|mesaconyl-CoA hydratase activity|C2248810|[moft]|["mch"-tx-47-"MCH"-noun-0]|TX|2853/3|
00000000|MMI|3.55|Computer Job|C2826594|[mcha]|["Job"-tx-14-"job"-noun-0]|TX|707/3|
00000000|MMI|3.54|Male Gender, Self Report|C1706180|[qlco]|["Male"-tx-33-"male"-noun-0]|TX|2099/4|
00000000|MMI|3.54|Male Phenotype|C1706428|[qlco]|["Male"-tx-33-"male"-noun-0]|TX|2099/4|
00000000|MMI|3.54|Male, Self-Reported|C1706429|[orga]|["Male"-tx-33-"male"-noun-0]|TX|2099/4|
00000000|MMI|3.54|Mean Corpuscular Volume (result)|C0524587|[lbtr]|["MCV - NOS"-tx-47-"MCV"-noun-0]|TX|2828/3|
00000000|MMI|3.54|seconds|C0457385|[tmco]|["seconds"-tx-20-"seconds"-noun-0]|TX|1193/7|
00000000|MMI|3.53|Left iliac region|C0230321|[blor]|["Left Groin"-tx-63-"left groin"-noun-0]|TX|4057/10|
00000000|MMI|3.50|Adjacent|C0205117|[spco]|["next"-tx-60-"next"-adj-0]|TX|3601/4|
00000000|MMI|3.50|Cardiovascular|C3887460|[blor]|["CARDIOVASCULAR"-tx-39-"Cardiovascular"-adj-0]|TX|2345/14|
00000000|MMI|3.50|Cardiovascular system|C0007226|[bdsy]|["Cardiovascular"-tx-39-"Cardiovascular"-adj-0]|TX|2345/14|A07
00000000|MMI|3.50|Following|C0332282|[tmco]|["Next"-tx-60-"next"-adj-0]|TX|3601/4|
00000000|MMI|3.50|HEENT|C1512338|[blor]|["HEENT"-tx-35-"HEENT"-noun-0]|TX|2225/5|
00000000|MMI|3.50|Ten|C0205456|[qnco]|["Ten"-tx-29-"ten"-noun-0]|TX|1903/3|
00000000|MMI|3.50|Then|C1883708|[tmco]|["Next"-tx-60-"next"-adj-0]|TX|3601/4|
00000000|MMI|3.50|V4+|C2349104|[elii]|["V4+"-tx-21-"V4"-noun-0]|TX|1375/2|
00000000|MMI|3.50|rectal|C0205052|[spco]|["Rectal"-tx-41-"Rectal"-adj-0]|TX|2489/6|
00000000|MMI|3.50|Left medial malleolus|C0827205|[bpoc]|["Left medial malleolus"-tx-45-"left medial malleolar"-adj-0]|TX|2628/21|
00000000|MMI|3.48|Cardiac - anatomy qualifier|C1522601|[spco]|["Cardiac"-tx-10-"CARDIAC"-adj-0]|TX|335/7|
00000000|MMI|3.48|Distant|C0443203|[spco]|["DISTANT"-tx-39-"distant"-adj-0]|TX|2397/7|
00000000|MMI|3.48|Equivocal|C0332241|[qlco]|["Questionable"-tx-11-"questionable"-adj-0]|TX|431/12|
00000000|MMI|3.48|Known|C0205309|[qlco]|["Known"-tx-28-"known"-adj-0]|TX|1807/5|
00000000|MMI|3.48|More|C0205172|[ftcn]|["More"-tx-62-"more"-adv-0]|TX|3950/4|
00000000|MMI|3.47|30%|C3842588|[fndg]|["30%"-tx-51-"30"-integer-0]|TX|3046/2|
00000000|MMI|3.47|4+ Answer to question|C3838679|[fndg]|["4+"-tx-78-"4"-fraction-0]|TX|4975/1|
00000000|MMI|3.47|Academic degree|C0542560|[inpr]|["Degree"-tx-51-"degree"-noun-0]|TX|3049/6|
00000000|MMI|3.47|Approximate|C0332232|[qlco]|["Approximately"-tx-14-"Approximately"-adv-0]|TX|580/13|
00000000|MMI|3.47|Degree Unit of Plane Angle|C2348088|[qnco]|["Degree"-tx-51-"degree"-noun-0]|TX|3049/6|
00000000|MMI|3.47|Degree or extent|C0449286|[qnco]|["Degree"-tx-51-"degree"-noun-0]|TX|3049/6|
00000000|MMI|3.47|Eight|C0205454|[qnco]|["Eight"-tx-14-"eight"-word_numeral-0]|TX|594/5|
00000000|MMI|3.47|Levels (qualifier value)|C0441889|[qlco]|["Degree"-tx-51-"degree"-noun-0]|TX|3049/6|
00000000|MMI|3.47|Proximal|C0205107|[spco]|["PROXIMAL"-tx-58-"proximal"-adj-0]|TX|3545/8|
00000000|MMI|3.46|Distance vision 6/24|C0442754|[fndg]|["6/24"-tx-78-"6/24"-fraction-0]|TX|5014/4|
00000000|MMI|3.46|ST segment depression (finding)|C0520887|[fndg]|["ST DEPRESSION"-tx-21-"ST depression"-noun-0]|TX|1344/13|
00000000|MMI|3.46|Two weeks|C4082118|[tmco]|["Two weeks"-tx-76-"two weeks"-noun-0]|TX|4888/9|
00000000|MMI|3.46|20%|C3842589|[fndg]|["20%"-tx-1-"20"-fraction-0]|TX|19/2|
00000000|MMI|3.45|Entire right upper arm|C1268255|[bpoc]|["Right arm"-tx-14-"right arm"-noun-0]|TX|635/9|
00000000|MMI|3.45|Right arm|C4048756|[bpoc]|["Right Arm"-tx-14-"right arm"-noun-0]|TX|635/9|
00000000|MMI|3.45|Right upper arm structure|C0230346|[bpoc]|["Right arm"-tx-14-"right arm"-noun-0]|TX|635/9|
00000000|MMI|3.44|1990s|C0681758|[tmco]|["1990s"-tx-1-"1990"-integer-0]|TX|22/4|
00000000|MMI|3.43|Cardiologist|C0175906|[prog]|["Cardiologist"-tx-75-"cardiologist"-noun-0]|TX|4852/12|
00000000|MMI|3.43|Place|C0442504|[spco]|["Places"-tx-39-"placed"-adj-0]|TX|2384/6|
00000000|MMI|3.43|Place - dosing instruction imperative|C1704765|[ftcn]|["Place"-tx-39-"placed"-adj-0]|TX|2384/6|
00000000|MMI|3.43|Progressive Angina|C1299435|[dsyn]|["Progressive Angina"-tx-9-"progressive angina"-noun-0]|TX|214/18|
00000000|MMI|3.43|put - instruction imperative|C1882509|[acty]|["Place"-tx-39-"placed"-adj-0]|TX|2384/6|
00000000|MMI|3.43|Only - dosing instruction fragment|C1720467|[inpr]|["Only"-tx-63-"only"-adv-0]|TX|4016/4|
00000000|MMI|3.43|Singular|C0205171|[qnco]|["Only"-tx-63-"only"-adv-0]|TX|4016/4|
00000000|MMI|3.42|Light (qualifier)|C1881376|[qlco]|["Lightly"-tx-56-"lightly"-adv-0]|TX|3394/7|
00000000|MMI|3.42|Randomization Validation|C3889272|[resa]|["RV"-tx-56-"RV"-noun-0]|TX|3407/2|
00000000|MMI|3.42|Borg Category-Ratio 10 Perceived Exertion Score 2|C4050469|[inpr]|["Slight"-tx-47-"slight"-adj-0]|TX|2816/6|
00000000|MMI|3.42|Caucasians|C0043157|[popg]|["WHITE"-tx-33-"white"-adj-0]|TX|2093/5|
00000000|MMI|3.42|Distress|C0231303|[menp]|["Distress"-tx-33-"distress"-noun-1]|TX|2119/8|
00000000|MMI|3.42|Exertion|C0015264|[orgf]|["Exertion"-tx-14-"exertion"-noun-0]|TX|657/8|
00000000|MMI|3.42|Rate|C1521828|[qnco]|["Rate"-tx-51-"rate"-noun-0]|TX|3018/4|
00000000|MMI|3.42|Rating (act