00000000|MMI|12.94|Myocardial Infarction|C0027051|[dsyn]|["Infarction, Myocardial"-tx-2-"MYOCARDIAL INFARCTION"-noun-0]|TX|67/21|C14.280.647.500;C14.907.585.500
00000000|MMI|7.28|Signature|C1519316|[inpr]|["Signed"-tx-2-"Signed"-noun-0]|TX|[91/6],[147/6]|
00000000|MMI|7.28|signed - ParticipationSignature|C1561610|[inpr]|["signed"-tx-2-"Signed"-noun-0]|TX|[91/6],[147/6]|
00000000|MMI|3.65|Report status|C0586177|[fndg]|["Report status"-tx-2-"Report Status"-noun-0]|TX|132/13|
00000000|MMI|3.63|Admission date:Time Stamp -- Date and Time:Point in time:^Patient:Quantitative|C2598112|[clna]|["Admission date"-tx-2-"Admission Date"-noun-0]|TX|106/14|
00000000|MMI|3.63|Date of admission|C1302393|[tmco]|["Admission date"-tx-2-"Admission Date"-noun-0]|TX|106/14|
00000000|MMI|3.59|29+|C3843708|[fndg]|["29+"-tx-1-"29"-fraction-0]|TX|42/2|
00000000|MMI|3.59|Pyrexia of unknown origin (excl puerperal)|C0856281|[sosy]|["puo"-tx-1-"PUO"-noun-0]|TX|12/3|
00000000|MMI|3.48|Electrocardiogram: myocardial infarction (finding)|C0428953|[lbtr]|["MYOCARDIAL INFARCTION"-tx-2-"MYOCARDIAL INFARCTION"-noun-0]|TX|67/21|
00000000|MMI|3.48|Myocardial Infarction ECG Assessment|C3810814|[diap]|["Myocardial Infarction"-tx-2-"MYOCARDIAL INFARCTION"-noun-0]|TX|67/21|
00000000|MMI|3.48|Myocardial infarction:Finding:Point in time:^Patient:Ordinal|C2926063|[clna]|["Myocardial infarction"-tx-2-"MYOCARDIAL INFARCTION"-noun-0]|TX|67/21|
00000000|MMI|3.46|23|C0450348|[qnco]|["23"-tx-2-"23"-fraction-0]|TX|124/2|
00000000|MMI|3.46|Diagnostic interview schedule|C0451119|[inpr]|["DIS"-tx-2-"DIS"-noun-0]|TX|100/3|
00000000|MMI|3.46|Discontinued|C1444662|[fndg]|["DIS"-tx-2-"DIS"-noun-0]|TX|100/3|
00000000|MMI|233.12|Patients|C0030705|[podg]|["*^patient"-tx-46-"patient"-noun-0,"*^patient"-tx-45-"patient"-noun-0,"*^patient"-tx-37-"patient"-noun-0,"*^patient"-tx-36-"patient"-noun-0,"*^patient"-tx-36-"patient's"-noun-0,"*^patient"-tx-35-"patient's"-noun-0,"*^patient"-tx-34-"patient"-noun-0,"*^patient"-tx-33-"patient"-noun-0,"*^patient"-tx-32-"patient"-noun-0,"*^patient"-tx-30-"patient"-noun-0,"*^patient"-tx-29-"patient"-noun-0,"*^patient"-tx-27-"patient"-noun-0,"*^patient"-tx-19-"patient"-noun-0,"*^patient"-tx-10-"patient"-noun-0,"*^patient"-tx-8-"patient"-noun-0,"*^patient"-tx-5-"patient"-noun-0]|TX|4051/7;3993/7;3479/7;3339/7;3289/9;3142/9;2962/7;2801/7;2717/7;2479/7;2357/7;2145/7;1481/7;1053/7;819/7;129/7|M01.643
00000000|MMI|129.42|Abortion consent:Finding:Point in time:^Patient:Document|C2360836|[clna]|["Patient"-tx-46-"patient"-noun-0,"Patient"-tx-45-"patient"-noun-0,"Patient"-tx-37-"patient"-noun-0,"Patient"-tx-36-"patient"-noun-0,"Patient"-tx-36-"patient's"-noun-0,"Patient"-tx-35-"patient's"-noun-0,"Patient"-tx-34-"patient"-noun-0,"Patient"-tx-33-"patient"-noun-0,"Patient"-tx-32-"patient"-noun-0,"Patient"-tx-30-"patient"-noun-0,"Patient"-tx-29-"patient"-noun-0,"Patient"-tx-27-"patient"-noun-0,"Patient"-tx-19-"patient"-noun-0,"Patient"-tx-10-"patient"-noun-0,"Patient"-tx-8-"patient"-noun-0,"Patient"-tx-5-"patient"-noun-0]|TX|4051/7;3993/7;3479/7;3339/7;3289/9;3142/9;2962/7;2801/7;2717/7;2479/7;2357/7;2145/7;1481/7;1053/7;819/7;129/7|
00000000|MMI|129.42|Hysterectomy consent:Finding:Point in time:^Patient:Document|C2360838|[clna]|["Patient"-tx-46-"patient"-noun-0,"Patient"-tx-45-"patient"-noun-0,"Patient"-tx-37-"patient"-noun-0,"Patient"-tx-36-"patient"-noun-0,"Patient"-tx-36-"patient's"-noun-0,"Patient"-tx-35-"patient's"-noun-0,"Patient"-tx-34-"patient"-noun-0,"Patient"-tx-33-"patient"-noun-0,"Patient"-tx-32-"patient"-noun-0,"Patient"-tx-30-"patient"-noun-0,"Patient"-tx-29-"patient"-noun-0,"Patient"-tx-27-"patient"-noun-0,"Patient"-tx-19-"patient"-noun-0,"Patient"-tx-10-"patient"-noun-0,"Patient"-tx-8-"patient"-noun-0,"Patient"-tx-5-"patient"-noun-0]|TX|4051/7;3993/7;3479/7;3339/7;3289/9;3142/9;2962/7;2801/7;2717/7;2479/7;2357/7;2145/7;1481/7;1053/7;819/7;129/7|
00000000|MMI|129.42|Sterilization consent:Finding:Point in time:^Patient:Document|C2360840|[clna]|["Patient"-tx-46-"patient"-noun-0,"Patient"-tx-45-"patient"-noun-0,"Patient"-tx-37-"patient"-noun-0,"Patient"-tx-36-"patient"-noun-0,"Patient"-tx-36-"patient's"-noun-0,"Patient"-tx-35-"patient's"-noun-0,"Patient"-tx-34-"patient"-noun-0,"Patient"-tx-33-"patient"-noun-0,"Patient"-tx-32-"patient"-noun-0,"Patient"-tx-30-"patient"-noun-0,"Patient"-tx-29-"patient"-noun-0,"Patient"-tx-27-"patient"-noun-0,"Patient"-tx-19-"patient"-noun-0,"Patient"-tx-10-"patient"-noun-0,"Patient"-tx-8-"patient"-noun-0,"Patient"-tx-5-"patient"-noun-0]|TX|4051/7;3993/7;3479/7;3339/7;3289/9;3142/9;2962/7;2801/7;2717/7;2479/7;2357/7;2145/7;1481/7;1053/7;819/7;129/7|
00000000|MMI|47.50|Patient Discharge|C0030685|[hlca]|["Discharge"-tx-45-"DISCHARGE"-noun-0,"Discharged"-tx-45-"discharged"-verb-0,"Discharged"-tx-37-"discharged"-verb-0]|TX|3978/9;4005/10;3503/10|E02.204.125;E02.760.400.610;N02.421.192.125;N02.421.585.400.610;N04.590.233.727.210.125
00000000|MMI|43.81|Togo|C0040363|[geoa]|["TO"-tx-37-"to"-adv-0,"TO"-tx-36-"to"-adv-0,"TO"-tx-30-"to"-adv-0]|TX|3497/2;3264/2;2578/2|Z01.058.290.190.800
00000000|MMI|43.81|Tryptophanase|C0041260|[aapp,enzy]|["TO"-tx-37-"to"-adv-0,"TO"-tx-36-"to"-adv-0,"TO"-tx-30-"to"-adv-0]|TX|3497/2;3264/2;2578/2|D08.811.520.224.800
00000000|MMI|41.99|Epogen|C0700704|[aapp,phsu]|["Epogen"-tx-39-"Epogen"-noun-0,"Epogen"-tx-18-"Epogen"-noun-0]|TX|3641/6;1393/6|D12.644.276.374.410.240.150.500;D12.776.395.240.150.750;D12.776.467.374.410.240.150.500;D23.529.374.410.240.150.750
00000000|MMI|36.76|Coumadin|C0699129|[orch,phsu]|["Coumadin"-tx-44-"Coumadin"-noun-0]|TX|[3854/8],[3899/8]|D03.383.663.283.446.520.914;D03.438.150.446.520.914
00000000|MMI|36.53|insulin, isophane|C0021658|[aapp,horm,phsu]|["Insulin, NPH"-tx-40-"NPH insulin"-noun-0,"Insulin, NPH"-tx-16-"NPH insulin"-noun-0]|TX|3714/11;1343/11|D06.472.699.587.200.300.200;D12.644.548.586.200.300.200
00000000|MMI|32.20|Aortic Valve Stenosis|C0003507|[dsyn]|["AORTIC STENOSIS"-tx-26-"aortic stenosis"-noun-0,"AORTIC STENOSIS"-tx-6-"aortic stenosis"-noun-0,"AORTIC STENOSIS"-tx-4-"AORTIC STENOSIS"-noun-0]|TX|2038/15;450/15;79/15|C14.280.484.150;C14.280.955.249
00000000|MMI|31.57|Lopressor|C0700776|[orch,phsu]|["Lopressor"-tx-42-"Lopressor"-noun-0,"Lopressor"-tx-13-"Lopressor"-noun-0]|TX|3803/9;1198/9|D02.033.100.624.698.573;D02.033.755.624.698.573;D02.092.063.624.698.573
00000000|MMI|29.02|Coronary Arteriosclerosis|C0010054|[dsyn]|["coronary artery disease"-tx-6-"coronary artery disease"-noun-0,"coronary artery disease"-tx-2-"CORONARY ARTERY DISEASE"-noun-0]|TX|470/23;50/23|C14.280.647.250.260;C14.907.137.126.339;C14.907.585.250.260
00000000|MMI|29.02|Coronary Artery Disease|C1956346|[dsyn]|["CORONARY ARTERY DISEASE"-tx-6-"coronary artery disease"-noun-0,"CORONARY ARTERY DISEASE"-tx-2-"CORONARY ARTERY DISEASE"-noun-0]|TX|470/23;50/23|C14.280.647.250.260;C14.907.137.126.339;C14.907.585.250.260
00000000|MMI|26.47|Kidney Failure|C0035078|[dsyn]|["Failure, Renal"-tx-11-"renal failure"-noun-0,"Failure, Renal"-tx-7-"renal failure"-noun-0]|TX|1108/13;681/13|C12.777.419.780;C13.351.968.419.780
00000000|MMI|23.87|Coronary heart disease|C0010068|[dsyn]|["Coronary (artery) disease"-tx-6-"coronary artery disease"-noun-0,"Coronary (artery) disease"-tx-2-"CORONARY ARTERY DISEASE"-noun-0]|TX|470/23;50/23|C14.280.647.250;C14.907.585.250
00000000|MMI|22.14|Dulcolax|C0591416|[orch,phsu]|["Dulcolax"-tx-38-"Dulcolax"-noun-0]|TX|3612/8|D02.455.426.559.389.657.239.132
00000000|MMI|22.14|Simvastatin|C0074554|[orch,phsu]|["SIMVASTATIN"-tx-44-"simvastatin"-noun-0]|TX|3940/11|D02.455.426.559.847.638.400.900;D04.615.638.400.900
00000000|MMI|21.26|Epistaxis|C0014591|[patf]|["Nose Bleeds"-tx-36-"nose bleeds"-noun-1,"NOSEBLEED"-tx-30-"nose bleed"-noun-0]|TX|3441/11;2526/10|C08.460.261;C09.603.261;C23.550.414.712
00000000|MMI|21.14|Operating Room|C0029064|[hcro,mnob]|["OPERATING ROOM"-tx-30-"operating room"-noun-0,"OPERATING ROOM"-tx-27-"operating room"-noun-0]|TX|2544/14;2170/14|N02.278.388.700
00000000|MMI|21.11|torsemide|C0076840|[orch,phsu]|["TORSEMIDE"-tx-34-"torsemide"-noun-0]|TX|[3022/9],[3086/9]|x.x.x.x
00000000|MMI|19.57|Syncope|C0039070|[sosy]|["FAINT"-tx-24-"faint"-noun-0]|TX|1812/5|C10.597.606.358.800.600;C23.888.592.604.359.800.600
00000000|MMI|19.57|therapeutic aspects|C0039798|[ftcn]|["treatment"-tx-35-"treatment"-noun-0]|TX|3216/9|x.x.x.x.x.x.x
00000000|MMI|18.73|Kidney|C0022646|[bpoc]|["Renal"-tx-36-"Renal"-adj-0,"Renal"-tx-31-"Renal"-adj-0]|TX|3248/5;2673/5|A05.810.453
00000000|MMI|18.25|Running (physical activity)|C0035953|[dora]|["Running"-tx-7-"running"-noun-0]|TX|749/7|G11.427.590.530.568.610;G11.427.590.530.698.277.750;I03.350.750;I03.450.642.845.610
00000000|MMI|18.22|day|C0439228|[tmco]|["DAY"-tx-44-"day"-noun-0,"DAY"-tx-38-"day"-noun-0,"DAYS"-tx-33-"days"-noun-0,"DAY"-tx-18-"day"-noun-0,"DAY"-tx-15-"day"-noun-0,"DAY"-tx-14-"day"-noun-0]|TX|3871/3;3606/3;2869/4;1411/3;1310/3;1253/3|
00000000|MMI|18.20|Insulin|C0021641|[aapp,horm,phsu]|["Insulin, Regular"-tx-41-"regular insulin"-noun-0]|TX|3770/15|D06.472.699.587.200.500.625;D12.644.548.586.200.500.625
00000000|MMI|17.01|Chronic Kidney Diseases|C1561643|[dsyn]|["Chronic Renal Insufficiency"-tx-5-"chronic renal insufficiency"-noun-0]|TX|234/27|C12.777.419.780.750;C13.351.968.419.780.750
00000000|MMI|17.01|Chronic Kidney Insufficiency|C0403447|[dsyn]|["Chronic Renal Insufficiency"-tx-5-"chronic renal insufficiency"-noun-0]|TX|234/27|C12.777.419.780.750;C13.351.968.419.780.750
00000000|MMI|17.01|Colace|C0282139|[orch,phsu]|["Colace"-tx-38-"Colace"-noun-0]|TX|3625/6|D02.241.081.337.759.249
00000000|MMI|17.01|Hypercholesterolemia|C0020443|[dsyn]|["HYPERCHOLESTEROLEMIA"-tx-7-"hypercholesterolemia"-noun-0]|TX|658/20|C18.452.584.500.500.396
00000000|MMI|17.01|Nexium|C0939400|[orch,phsu]|["Nexium"-tx-44-"Nexium"-noun-0]|TX|3956/6|D02.886.640.074.500.500;D03.383.725.024.500.500;D03.438.103.034.500.500
00000000|MMI|16.33|Stent, device|C0038257|[medd]|["stented"-tx-25-"stented"-verb-0,"Stent"-tx-8-"stent"-noun-0]|TX|1964/7;846/5|E07.695.750
00000000|MMI|16.12|Disease|C0012634|[dsyn]|["condition"-tx-45-"CONDITION"-noun-0,"condition"-tx-45-"condition"-noun-0]|TX|3965/9;4024/9|C23.550.288
00000000|MMI|16.05|Female|C0015780|[orga]|["FEMALE"-tx-19-"female"-noun-0,"FEMALE"-tx-5-"female"-noun-0]|TX|1526/6;154/6|x.x.x
00000000|MMI|16.05|Females|C0086287|[popg]|["female"-tx-19-"female"-noun-0,"female"-tx-5-"female"-noun-0]|TX|1526/6;154/6|x.x.x
00000000|MMI|15.74|Dinner|C4048877|[dora]|["Dinner"-tx-41-"dinner"-noun-0]|TX|3759/6|F01.145.407.432.500;F01.145.466.349.500;G07.203.300.590;G07.203.650.353.432.500;J02.500.590
00000000|MMI|15.74|Supper|C2699739|[dora]|["Dinner"-tx-41-"dinner"-noun-0]|TX|3759/6|F01.145.407.432.500;F01.145.466.349.500;G07.203.300.590;G07.203.650.353.432.500;J02.500.590
00000000|MMI|15.73|Accident and Emergency department|C0562508|[hcro]|["Emergency Department"-tx-6-"emergency department"-noun-0]|TX|382/20|N02.278.216.500.968.336;N02.421.297.195;N04.452.442.422.336
00000000|MMI|15.72|Lasix|C0699992|[orch,phsu]|["Lasix"-tx-15-"Lasix"-noun-0]|TX|1316/5|D02.065.884.725.300;D02.092.146.807.300;D02.886.590.700.725.300
00000000|MMI|15.69|International Normalized Ratio|C0525032|[lbpr]|["INR"-tx-44-"INR"-noun-0]|TX|3934/3|E01.370.225.625.115.320;E05.200.625.115.320
00000000|MMI|15.10|Daily|C0332173|[tmco]|["/day"-tx-44-"day"-noun-0,"/day"-tx-38-"day"-noun-0,"/day"-tx-18-"day"-noun-0,"/day"-tx-15-"day"-noun-0,"/day"-tx-14-"day"-noun-0]|TX|3871/3;3606/3;1411/3;1310/3;1253/3|
00000000|MMI|15.10|per day|C0439505|[tmco]|["/day"-tx-44-"day"-noun-0,"/day"-tx-38-"day"-noun-0,"/day"-tx-18-"day"-noun-0,"/day"-tx-15-"day"-noun-0,"/day"-tx-14-"day"-noun-0]|TX|3871/3;3606/3;1411/3;1310/3;1253/3|
00000000|MMI|14.52|Unit|C0439148|[qnco]|["UNITS"-tx-41-"units"-noun-0,"UNITS"-tx-40-"units"-noun-0,"UNITS"-tx-17-"units"-noun-0,"UNITS"-tx-16-"units"-noun-0]|TX|[3749/5],[3788/5];3729/5;1378/5;1358/5|
00000000|MMI|14.52|Unit - NCI Thesaurus Property|C3853603|[ftcn]|["Units"-tx-41-"units"-noun-0,"Units"-tx-40-"units"-noun-0,"Units"-tx-17-"units"-noun-0,"Units"-tx-16-"units"-noun-0]|TX|[3749/5],[3788/5];3729/5;1378/5;1358/5|
00000000|MMI|14.52|Unit of Measure|C1519795|[qnco]|["Units"-tx-41-"units"-noun-0,"Units"-tx-40-"units"-noun-0,"Units"-tx-17-"units"-noun-0,"Units"-tx-16-"units"-noun-0]|TX|[3749/5],[3788/5];3729/5;1378/5;1358/5|
00000000|MMI|14.45|Cardiac Catheterization Procedures|C0018795|[hlca]|["Cardiac catheterisation"-tx-25-"Cardiac catheterization"-noun-0]|TX|1832/23|E01.370.370.380.140;E02.148.442;E05.157.250
00000000|MMI|14.45|Diabetes Mellitus, Insulin-Dependent|C0011854|[dsyn]|["DIABETES MELLITUS, INSULIN DEPENDENT"-tx-7-"insulin dependent diabetes mellitus"-noun-0]|TX|620/35|C18.452.394.750.124;C19.246.267;C20.111.327
00000000|MMI|14.45|Echocardiography|C0013516|[diap]|["ECHOCARDIOGRAM"-tx-26-"echocardiogram"-noun-0]|TX|1977/14|E01.370.350.130.750;E01.370.350.850.220;E01.370.370.380.220
00000000|MMI|14.45|Saint Lucia|C0036056|[geoa]|["ST"-tx-27-"St"-noun-0]|TX|2241/2|Z01.107.084.900.825;Z01.639.880.825
00000000|MMI|14.45|Tylenol|C0699142|[orch,phsu]|["Tylenol"-tx-38-"Tylenol"-noun-0]|TX|3574/7|D02.065.199.092.040
00000000|MMI|13.17|Chest Pain|C0008031|[sosy]|["CHEST PAIN"-tx-9-"chest pain"-noun-0]|TX|963/10|C10.597.617.192;C23.888.592.612.233
00000000|MMI|13.17|Coronary Artery Bypass Surgery|C0010055|[topp]|["Coronary Artery Bypass Grafting"-tx-28-"coronary artery bypass grafting"-noun-0]|TX|2277/31|E04.100.376.719.332;E04.100.814.868.750;E04.928.220.520.220
00000000|MMI|13.16|Diuretics|C0012798|[phsu]|["DIURETICS"-tx-32-"diuretics"-noun-0]|TX|2742/9|D27.505.696.560.500
00000000|MMI|13.13|Creatinine|C0010294|[bacs,orch]|["CREATININE"-tx-7-"creatinine"-noun-0]|TX|738/10|D03.383.129.308.207
00000000|MMI|13.13|Pulse taking|C0034107|[hlca]|["Pulses"-tx-24-"pulses"-noun-0]|TX|1762/6|E01.370.370.380.650;E01.370.600.650;G09.330.380.750
00000000|MMI|13.09|Postoperative Period|C0032790|[tmco]|["Postoperative"-tx-31-"postoperative"-adj-0]|TX|2601/13|E04.614.750;N02.421.585.753.750
00000000|MMI|13.06|Primary Care Physicians|C0033131|[prog]|["Primary Care Physician"-tx-48-"primary care physician"-noun-0]|TX|4154/22|M01.526.485.810.800;N02.360.810.795
00000000|MMI|13.04|Dominican Republic|C0013014|[geoa]|["DR"-tx-46-"Dr"-noun-0]|TX|4079/2|Z01.107.084.900.300;Z01.639.880.300
00000000|MMI|12.75|To|C1883351|[qlco]|["To"-tx-37-"to"-adv-0,"To"-tx-36-"to"-adv-0,"To"-tx-30-"to"-adv-0]|TX|3497/2;3264/2;2578/2|
00000000|MMI|12.20|milligram/day|C0439422|[qnco]|["mg/d"-tx-42-"mg d"-noun-0,"mg/d"-tx-18-"mg d"-noun-0,"mg/d"-tx-15-"mg d"-noun-0,"mg/d"-tx-13-"mg d"-noun-0]|TX|3816/2,3828/1;1430/2,1442/1;1326/2,1338/1;1211/2,1223/1|
00000000|MMI|12.14|Clinical Study Follow-up|C3274571|[hlca]|["FOLLOW-UP"-tx-49-"follow up"-adj-0,"FOLLOW-UP"-tx-48-"follow up"-adj-0,"FOLLOW-UP"-tx-46-"FOLLOW UP"-adj-0,"FOLLOW-UP"-tx-46-"follow up"-adj-0]|TX|4320/9;4135/9;4036/9;4064/9|
00000000|MMI|12.14|Follow-Up Report|C1704685|[inpr]|["Follow-Up"-tx-49-"follow up"-adj-0,"Follow-Up"-tx-48-"follow up"-adj-0,"Follow-Up"-tx-46-"FOLLOW UP"-adj-0,"Follow-Up"-tx-46-"follow up"-adj-0]|TX|4320/9;4135/9;4036/9;4064/9|
00000000|MMI|12.14|Follow-up status|C0589120|[fndg]|["Follow-up"-tx-49-"follow up"-adj-0,"Follow-up"-tx-48-"follow up"-adj-0,"Follow-up"-tx-46-"FOLLOW UP"-adj-0,"Follow-up"-tx-46-"follow up"-adj-0]|TX|4320/9;4135/9;4036/9;4064/9|
00000000|MMI|12.14|follow-up|C1522577|[hlca]|["Follow Up"-tx-49-"follow up"-adj-0,"Follow Up"-tx-48-"follow up"-adj-0,"Follow Up"-tx-46-"FOLLOW UP"-adj-0,"Follow Up"-tx-46-"follow up"-adj-0]|TX|4320/9;4135/9;4036/9;4064/9|
00000000|MMI|11.89|Abdominal Cavity|C0230168|[blor]|["Abdomen"-tx-22-"ABDOMEN"-noun-0]|TX|1620/7|A01.923.047.025
00000000|MMI|11.89|Cardiology discipline|C0007189|[bmod]|["Cardiology"-tx-36-"Cardiology"-noun-0]|TX|3233/10|H02.403.429.163
00000000|MMI|11.89|Consultation|C0009818|[hlca]|["Consult"-tx-31-"consult"-verb-0]|TX|2679/7|N04.452.758.849
00000000|MMI|11.89|Diet|C0012155|[food]|["regular diet?"-tx-36-"regular diet"-noun-0]|TX|3364/12|G07.203.650.240
00000000|MMI|11.89|Nose|C0028429|[bpoc]|["NOSE"-tx-30-"nose"-noun-0]|TX|2590/4|A01.456.505.733;A04.531;A09.531
00000000|MMI|11.89|Otolaryngology specialty|C0029892|[bmod]|["Otolaryngology"-tx-35-"Otolaryngology"-noun-0]|TX|3098/14|H02.403.810.526
00000000|MMI|11.89|Panama|C0030266|[geoa]|["PM"-tx-17-"PM"-adj-0]|TX|1368/2|Z01.107.169.772
00000000|MMI|11.73|10%|C3842590|[fndg]|["10%"-tx-54-"10"-fraction-0,"10%"-tx-39-"10"-integer-0,"10%"-tx-1-"10"-fraction-0]|TX|[4476/2],[4488/2];3648/2;18/2|
00000000|MMI|10.91|Woman|C0043210|[popg]|["female"-tx-19-"female"-noun-0,"female"-tx-5-"female"-noun-0]|TX|1526/6;154/6|M01.975
00000000|MMI|10.64|intensive care unit|C0021708|[hcro,mnob]|["INTENSIVE CARE UNIT"-tx-29-"intensive care unit"-noun-0]|TX|2422/19|N02.278.388.493
00000000|MMI|10.61|Myocardial Infarction|C0027051|[dsyn]|["Infarction, Myocardial"-tx-9-"myocardial infarction"-noun-0]|TX|907/21|C14.280.647.500;C14.907.585.500
00000000|MMI|10.60|Zantac|C0592278|[orch,phsu]|["Zantac"-tx-18-"Zantac"-noun-0]|TX|1419/6|D03.383.312.750
00000000|MMI|10.60|Rehabilitation therapy|C0034991|[topp]|["Rehabilitation"-tx-37-"rehabilitation"-noun-0]|TX|3517/14|E02.831;H02.403.680.600;N02.421.784
00000000|MMI|10.58|Awareness|C0004448|[menp]|["Aware"-tx-49-"aware"-adj-0]|TX|4273/5|F02.463.188.150
00000000|MMI|10.48|Auscultation|C0004339|[diap]|["AUSCULTATION"-tx-21-"auscultation"-noun-0]|TX|1605/12|E01.370.600.060
00000000|MMI|10.47|Physicians|C0031831|[prog]|["DR"-tx-46-"Dr"-noun-0]|TX|4079/2|M01.526.485.810;N02.360.810
00000000|MMI|10.46|Infantile Neuroaxonal Dystrophy|C0270724|[dsyn]|["PLAN"-tx-49-"plans"-noun-0]|TX|4286/5|C10.228.140.744
00000000|MMI|9.63|Congestive heart failure|C0018802|[dsyn]|["Heart Failure"-tx-9-"heart failure"-noun-0,"CONGESTIVE HEART FAILURE"-tx-7-"congestive heart failure"-noun-0,"CONGESTIVE HEART FAILURE"-tx-5-"congestive heart failure"-noun-0]|TX|1022/13;788/24;205/24|
00000000|MMI|9.33|Abdomen|C0000726|[blor]|["ABDOMEN"-tx-22-"ABDOMEN"-noun-0]|TX|1620/7|A01.923.047
00000000|MMI|9.33|Laboratory|C0022877|[mnob,orgt]|["LABORATORY"-tx-25-"LABORATORY"-noun-0]|TX|1820/10|N02.278.487
00000000|MMI|9.33|Peripheral Vascular Diseases|C0085096|[dsyn]|["PERIPHERAL VASCULAR DISEASE"-tx-7-"peripheral vascular disease"-noun-0]|TX|549/27|C14.907.617
00000000|MMI|9.33|Physical Examination|C0031809|[hlca]|["PHYSICAL EXAMINATION"-tx-19-"PHYSICAL EXAMINATION"-noun-0]|TX|1446/20|E01.370.600
00000000|MMI|8.91|Circumflex|C1880089|[spco]|["Circumflex"-tx-25-"circumflex"-noun-0,"Circumflex"-tx-8-"circumflex"-noun-0]|TX|[1871/10],[1936/10];867/10|
00000000|MMI|8.72|Good|C0205170|[qlco]|["Good"-tx-45-"good"-adj-0,"Well"-tx-36-"well"-adv-0,"Well"-tx-29-"well"-adv-0]|TX|4019/4;3389/4;2390/4|
00000000|MMI|8.45|Cardiology service|C3887620|[hcro]|["Cardiology"-tx-36-"Cardiology"-noun-0,"Cardiology service"-tx-6-"Cardiology Service"-noun-0]|TX|3233/10;410/18|
00000000|MMI|8.45|Doctor of Medicine|C1512018|[inpr]|["M.D."-tx-52-"M.D"-noun-0,"M.D."-tx-50-"M.D"-noun-0]|TX|4416/3;4379/3|
00000000|MMI|8.17|Drug Allergy|C0013182|[dsyn]|["Drug Allergies"-tx-12-"drug allergies"-noun-1]|TX|1155/14|C20.543.206;C25.100.468
00000000|MMI|8.11|Heart failure|C0018801|[dsyn]|["Failure, Heart"-tx-9-"heart failure"-noun-0]|TX|1022/13|C14.280.434
00000000|MMI|8.11|Varicosity|C0042345|[dsyn]|["Varicosities"-tx-23-"varicosities"-noun-0]|TX|1696/12|C14.907.927
00000000|MMI|8.04|Rehabilitation aspects|C0034992|[ftcn]|["Rehabilitation"-tx-37-"rehabilitation"-noun-0]|TX|3517/14|x.x.x
00000000|MMI|8.01|Tracheal Extubation|C0553891|[topp]|["Extubate"-tx-33-"extubated"-verb-0]|TX|2887/9|E02.041.249;E05.008
00000000|MMI|8.01|Appointments|C0003629|[idcn]|["Appointments"-tx-49-"appointments"-noun-0]|TX|4330/12|N04.452.095
00000000|MMI|8.01|Historical aspects qualifier|C0019665|[ftcn]|["history"-tx-9-"history"-noun-0]|TX|984/7|x.x.x
00000000|MMI|7.92|Hypertensive disease|C0020538|[dsyn]|["HYPERTENSION"-tx-7-"hypertension"-noun-0]|TX|534/12|C14.907.489
00000000|MMI|7.92|Lower Extremity|C0023216|[blor]|["Extremities, Lower"-tx-24-"lower extremities"-noun-0]|TX|1776/17|A01.378.610
00000000|MMI|7.91|Dyes|C0013343|[irda]|["Dye"-tx-10-"dye"-noun-0]|TX|1088/3|D27.720.233
00000000|MMI|6.77|Heart|C0018787|[bpoc]|["HEART"-tx-20-"HEART"-noun-0]|TX|1556/5|A07.541
00000000|MMI|6.77|Hypersensitivity|C0020517|[patf]|["Allergies"-tx-10-"ALLERGIES"-noun-0]|TX|1038/9|C20.543
00000000|MMI|6.77|Limb structure|C0015385|[bpoc]|["Extremities"-tx-23-"EXTREMITIES"-noun-0]|TX|1665/11|A01.378
00000000|MMI|6.77|Lung|C0024109|[bpoc]|["LUNGS"-tx-21-"LUNGS"-noun-0]|TX|1589/5|A04.411
00000000|MMI|6.10|Hospital course|C0489547|[fndg]|["Hospital course"-tx-36-"hospital course"-noun-0,"Hospital course"-tx-27-"HOSPITAL COURSE"-noun-0]|TX|3299/15;2124/15|
00000000|MMI|6.10|Hospital course:Finding:Point in time:^Patient:Narrative|C0488549|[clna]|["Hospital course"-tx-36-"hospital course"-noun-0,"Hospital course"-tx-27-"HOSPITAL COURSE"-noun-0]|TX|3299/15;2124/15|
00000000|MMI|6.04|Follow|C1719822|[inpr]|["Follow"-tx-36-"follow"-verb-0,"Follow"-tx-31-"follow"-verb-0]|TX|3267/6;2704/6|
00000000|MMI|6.04|Followed by|C0332283|[tmco]|["follow"-tx-36-"follow"-verb-0,"follow"-tx-31-"follow"-verb-0]|TX|3267/6;2704/6|
00000000|MMI|6.04|History of present illness|C0262512|[orga]|["History, NOS"-tx-9-"history"-noun-0,"HISTORY OF PRESENT ILLNESS"-tx-5-"HISTORY OF PRESENT ILLNESS"-noun-0]|TX|984/7;97/26|
00000000|MMI|6.04|Medical History|C0262926|[fndg]|["History"-tx-9-"history"-noun-0,"Past Medical History"-tx-7-"PAST MEDICAL HISTORY"-noun-0]|TX|984/7;496/20|
00000000|MMI|6.00|Call (Instruction)|C1947967|[ftcn]|["Call"-tx-31-"called"-verb-0,"Call"-tx-30-"called"-verb-0]|TX|2691/6;2571/6|
00000000|MMI|6.00|Decision|C0679006|[menp]|["Call"-tx-31-"called"-verb-0,"Call"-tx-30-"called"-verb-0]|TX|2691/6;2571/6|
00000000|MMI|5.91|Urine volume finding|C1287298|[fndg]|["Urine output"-tx-32-"urine output"-noun-0,"Urine output"-tx-31-"urine output"-noun-0]|TX|2760/12;2650/12|
00000000|MMI|5.91|Urine volume function|C0232856|[clna]|["urine output"-tx-32-"urine output"-noun-0,"urine output"-tx-31-"urine output"-noun-0]|TX|2760/12;2650/12|
00000000|MMI|5.91|Medical center|C0565990|[hcro,mnob]|["Medical centre"-tx-49-"Medical Center"-noun-0,"Medical centre"-tx-5-"Medical Center"-noun-0]|TX|4255/14;339/14|
00000000|MMI|5.91|Military Hospital - Medical Center|C1552471|[hcro,mnob]|["Medical Center"-tx-49-"Medical Center"-noun-0,"Medical Center"-tx-5-"Medical Center"-noun-0]|TX|4255/14;339/14|
00000000|MMI|5.91|Renal Failure Adverse Event|C1963154|[patf]|["Renal failure"-tx-11-"renal failure"-noun-0,"Renal failure"-tx-7-"renal failure"-noun-0]|TX|1108/13;681/13|
00000000|MMI|5.90|Revealed|C0443289|[qlco]|["Revealed"-tx-25-"revealed"-verb-0,"Revealed"-tx-6-"revealed"-adj-0]|TX|1856/8;441/8|
00000000|MMI|5.88|Course|C0750729|[tmco]|["Course"-tx-36-"course"-noun-0,"Course"-tx-31-"course"-noun-0]|TX|3308/6;2615/6|
00000000|MMI|5.83|Condition|C0348080|[qlco]|["Condition"-tx-45-"CONDITION"-noun-0,"Condition"-tx-45-"condition"-noun-0]|TX|3965/9;4024/9|
00000000|MMI|5.83|Condition:Find:Pt:^Patient:Nom|C3864998|[clna]|["Condition"-tx-45-"CONDITION"-noun-0,"Condition"-tx-45-"condition"-noun-0]|TX|3965/9;4024/9|
00000000|MMI|5.83|Logical Condition|C1705253|[cnce]|["Condition"-tx-45-"CONDITION"-noun-0,"Condition"-tx-45-"condition"-noun-0]|TX|3965/9;4024/9|
00000000|MMI|5.80|Surgical transfer - action|C0348011|[ftcn]|["transferred"-tx-34-"transferred"-verb-0,"transferred"-tx-29-"transferred"-verb-0]|TX|2974/11;2403/11|
00000000|MMI|5.80|Transfer Technique|C1705822|[ftcn]|["Transferred"-tx-34-"transferred"-verb-0,"Transferred"-tx-29-"transferred"-verb-0]|TX|2974/11;2403/11|
00000000|MMI|5.77|Female Phenotype|C1705498|[qlco]|["Female"-tx-19-"female"-noun-0,"Female"-tx-5-"female"-noun-0]|TX|1526/6;154/6|
00000000|MMI|5.77|Female, Self-Report|C1705497|[qlco]|["Female"-tx-19-"female"-noun-0,"Female"-tx-5-"female"-noun-0]|TX|1526/6;154/6|
00000000|MMI|5.76|Well|C3146287|[mnob]|["Well"-tx-36-"well"-adv-0,"Well"-tx-29-"well"-adv-0]|TX|3389/4;2390/4|
00000000|MMI|5.71|Patient location type - Operating Room|C1578465|[spco]|["Operating Room"-tx-30-"operating room"-noun-0,"Operating Room"-tx-27-"operating room"-noun-0]|TX|2544/14;2170/14|
00000000|MMI|5.71|Medical Valves|C0184252|[medd]|["VALVE"-tx-28-"valve"-noun-0,"VALVE"-tx-26-"valve"-noun-0]|TX|2265/5;2095/5|
00000000|MMI|5.71|Pera|C1495758|[plnt]|["Pera"-tx-49-"Pera"-noun-0,"Pera"-tx-5-"Pera"-noun-0]|TX|4242/4;326/4|
00000000|MMI|5.71|Valve (physical object)|C3888056|[mnob]|["Valve"-tx-28-"valve"-noun-0,"Valve"-tx-26-"valve"-noun-0]|TX|2265/5;2095/5|
00000000|MMI|5.71|Valve Device Component|C1704414|[medd]|["Valve"-tx-28-"valve"-noun-0,"Valve"-tx-26-"valve"-noun-0]|TX|2265/5;2095/5|
00000000|MMI|5.71|anatomic valve|C1186983|[bpoc]|["Valve"-tx-28-"valve"-noun-0,"Valve"-tx-26-"valve"-noun-0]|TX|2265/5;2095/5|
00000000|MMI|5.68|Bilateral|C0238767|[spco]|["BILATERAL"-tx-23-"bilateral"-adj-0,"BILATERAL"-tx-7-"bilateral"-adj-0]|TX|1686/9;579/9|
00000000|MMI|5.62|/40|C0439509|[tmco]|["/40"-tx-26-"40"-percentage-0,"/40"-tx-17-"40"-integer-0]|TX|2011/2;1375/2|
00000000|MMI|5.62|40%|C3842587|[qnco]|["40%"-tx-26-"40"-percentage-0,"40%"-tx-17-"40"-integer-0]|TX|2011/2;1375/2|
00000000|MMI|5.60|Intravenous|C0348016|[spco]|["Intravenous"-tx-34-"intravenous"-adj-0,"Intravenous"-tx-10-"intravenous"-adj-0]|TX|3052/11;1076/11|
00000000|MMI|5.44|History|C0019664|[ocdi]|["History"-tx-9-"history"-noun-0]|TX|984/7|K01.400
00000000|MMI|5.35|Minor (person)|C0026193|[popg]|["Minor"-tx-35-"minor"-adj-0]|TX|3174/5|M01.416
00000000|MMI|5.35|Catheterization|C0007430|[topp]|["Catheterization"-tx-7-"catheterization"-noun-0]|TX|705/15|E02.148;E05.157
00000000|MMI|4.21|+2|C0740116|[qnco]|["+2"-tx-3-"2"-integer-0]|TX|76/1|
00000000|MMI|4.21|1+|C3816745|[fndg]|["1+"-tx-1-"1"-integer-0]|TX|47/1|
00000000|MMI|4.21|1+ Score|C2827734|[qnco]|["1+"-tx-1-"1"-integer-0]|TX|47/1|
00000000|MMI|4.21|1+ Score, WHO|C2981698|[clas]|["1+"-tx-1-"1"-integer-0]|TX|47/1|
00000000|MMI|4.21|2+|C3833492|[fndg]|["2+"-tx-3-"2"-integer-0]|TX|76/1|
00000000|MMI|4.21|2+ Score|C2827735|[qnco]|["2+"-tx-3-"2"-integer-0]|TX|76/1|
00000000|MMI|4.21|2+ Score, WHO|C2981700|[clas]|["2+"-tx-3-"2"-integer-0]|TX|76/1|
00000000|MMI|4.21|A Proliferation-Inducing Ligand Measurement|C3811652|[lbpr]|["APRIL"-tx-5-"April"-noun-0]|TX|306/5|
00000000|MMI|4.21|Administration procedure|C1533734|[topp]|["Treatment"-tx-35-"treatment"-noun-0]|TX|3216/9|
00000000|MMI|4.21|Admission Level of Care Code - Improved|C1561611|[inpr]|["Improved"-tx-32-"improved"-verb-0]|TX|2786/8|
00000000|MMI|4.21|All extremities|C0278454|[bpoc]|["extremities"-tx-23-"EXTREMITIES"-noun-0]|TX|1665/11|
00000000|MMI|4.21|April|C3715024|[tmco]|["April"-tx-5-"April"-noun-0]|TX|306/5|
00000000|MMI|4.21|Attending (action)|C1999232|[ftcn]|["attending"-tx-51-"Attending"-noun-0]|TX|4384/9|
00000000|MMI|4.21|Attending (provider role)|C1547429|[prog]|["Attending"-tx-51-"Attending"-noun-0]|TX|4384/9|
00000000|MMI|4.21|August|C3831448|[qlco]|["August"-tx-27-"August"-noun-0]|TX|2188/6|
00000000|MMI|4.21|Better|C0332272|[qlco]|["Improved"-tx-32-"improved"-verb-0]|TX|2786/8|
00000000|MMI|4.21|Biomaterial Treatment|C1705169|[cnce]|["Treatment"-tx-35-"treatment"-noun-0]|TX|3216/9|
00000000|MMI|4.21|Cardiology service (procedure)|C0587571|[hlca]|["Cardiology service"-tx-6-"Cardiology Service"-noun-0]|TX|410/18|
00000000|MMI|4.21|Character String Data Type|C3272372|[inpr]|["ST"-tx-27-"St"-noun-0]|TX|2241/2|
00000000|MMI|4.21|Continuous|C0549178|[idcn]|["Continued"-tx-36-"continued"-verb-0]|TX|3254/9|
00000000|MMI|4.21|Control function|C2587213|[ftcn]|["Controlled"-tx-33-"controlled"-verb-0]|TX|2945/10|
00000000|MMI|4.21|Discharge date|C2361123|[tmco]|["Discharge date"-tx-1-"Discharge Date"-noun-0]|TX|0/14|
00000000|MMI|4.21|Discharge date:Time Stamp -- Date and Time:Point in time:^Patient:Quantitative|C2361122|[clna]|["Discharge date"-tx-1-"Discharge Date"-noun-0]|TX|0/14|
00000000|MMI|4.21|Disease Controlled|C2911690|[fndg]|["Controlled"-tx-33-"controlled"-verb-0]|TX|2945/10|
00000000|MMI|4.21|Echocardiogram (image)|C2243117|[inpr]|["Echocardiogram"-tx-26-"echocardiogram"-noun-0]|TX|1977/14|
00000000|MMI|4.21|Entire abdomen|C1281594|[bpoc]|["Abdomen"-tx-22-"ABDOMEN"-noun-0]|TX|1620/7|
00000000|MMI|4.21|Entire heart|C1281570|[bpoc]|["Heart"-tx-20-"HEART"-noun-0]|TX|1556/5|
00000000|MMI|4.21|Entire nose|C1278896|[bpoc]|["Nose"-tx-30-"nose"-noun-0]|TX|2590/4|
00000000|MMI|4.21|Gender Status - Intact|C1554187|[fndg]|["Intact"-tx-24-"intact"-adj-0]|TX|1799/6|
00000000|MMI|4.21|General medical service|C3812897|[hlca]|["General"-tx-19-"GENERAL"-adj-0]|TX|1468/7|
00000000|MMI|4.21|Generalized|C0205246|[spco]|["General"-tx-19-"GENERAL"-adj-0]|TX|1468/7|
00000000|MMI|4.21|History of present illness:Finding:Point in time:^Patient:Nominal:Reported|C0488508|[clna]|["History of present illness"-tx-5-"HISTORY OF PRESENT ILLNESS"-noun-0]|TX|97/26|
00000000|MMI|4.21|Hypercholesterolemia result|C1522133|[fndg]|["Hypercholesterolemia"-tx-7-"hypercholesterolemia"-noun-0]|TX|658/20|
00000000|MMI|4.21|Improved|C0184511|[qlco]|["Improved"-tx-32-"improved"-verb-0]|TX|2786/8|
00000000|MMI|4.21|Infusion pump Alert priority PM|C4049155|[fndg]|["PM"-tx-17-"PM"-adj-0]|TX|1368/2|
00000000|MMI|4.21|Intact|C0205266|[qlco]|["Intact"-tx-24-"intact"-adj-0]|TX|1799/6|
00000000|MMI|4.21|July|C3829447|[qlco]|["July"-tx-34-"July"-noun-0]|TX|3002/4|
00000000|MMI|4.21|Laboratory domain|C3244292|[ftcn]|["laboratory"-tx-25-"LABORATORY"-noun-0]|TX|1820/10|
00000000|MMI|4.21|Medications:-:Point in time:^Patient:-|C2598133|[clna]|["Medications"-tx-13-"MEDICATIONS"-noun-0]|TX|1172/11|
00000000|MMI|4.21|Medications:Presence or Identity:Duration of the study:^Patient:Nominal|C0802604|[clna]|["Medications"-tx-13-"MEDICATIONS"-noun-0]|TX|1172/11|
00000000|MMI|4.21|NT5E wt Allele|C3889152|[gngm]|["eNT"-tx-30-"ENT"-noun-0]|TX|2563/3|
00000000|MMI|4.21|Negation|C1518422|[ftcn]|["Not"-tx-35-"not"-adv-0]|TX|3198/3|
00000000|MMI|4.21|Normal diet|C0184625|[dora]|["Regular diet"-tx-36-"regular diet"-noun-0]|TX|3364/12|
00000000|MMI|4.21|On admission|C0457453|[tmco]|["On admission"-tx-13-"ON ADMISSION"-adj-0]|TX|1184/12|
00000000|MMI|4.21|One week|C4082116|[tmco]|["One week"-tx-48-"one week"-noun-0]|TX|4184/8|
00000000|MMI|4.21|PMH - past medical history|C0455458|[fndg]|["Past medical history"-tx-7-"PAST MEDICAL HISTORY"-noun-0]|TX|496/20|
00000000|MMI|4.21|Pack (physical object)|C1968515|[medd]|["Pack"-tx-30-"pack"-verb-0]|TX|2581/4|
00000000|MMI|4.21|Pack unit|C2825051|[drdd]|["PACK"-tx-30-"pack"-verb-0]|TX|2581/4|
00000000|MMI|4.21|Packing (action)|C2828395|[acty]|["PACK"-tx-30-"pack"-verb-0]|TX|2581/4|
00000000|MMI|4.21|Performed|C0884358|[ftcn]|["Performed"-tx-26-"performed"-verb-0]|TX|1992/9|
00000000|MMI|4.21|Pharmaceutical Preparations|C0013227|[phsu]|["Medications"-tx-13-"MEDICATIONS"-noun-0]|TX|1172/11|D26
00000000|MMI|4.21|Physicians - Otolaryngology|C1555801|[prog]|["Otolaryngology"-tx-35-"Otolaryngology"-noun-0]|TX|3098/14|
00000000|MMI|4.21|Point|C3714763|[spco]|["Point"-tx-37-"point"-noun-0]|TX|3540/5|
00000000|MMI|4.21|Point Name|C2347617|[qnco]|["point"-tx-37-"point"-noun-0]|TX|3540/5|
00000000|MMI|4.21|Removed|C0849355|[qlco]|["Removed"-tx-35-"removed"-verb-0]|TX|3113/7|
00000000|MMI|4.21|Rhythm|C0871269|[fndg]|["Rhythm"-tx-20-"rhythm"-noun-0]|TX|1580/6|
00000000|MMI|4.21|Rhythm Not Otherwise Specified ECG Assessment|C3828331|[inpr]|["Rhythm Not Otherwise Specified"-tx-20-"rhythm"-noun-0]|TX|1580/6|
00000000|MMI|4.21|Safety Reporting Documentation|C3891294|[inpr]|["General"-tx-19-"GENERAL"-adj-0]|TX|1468/7|
00000000|MMI|4.21|TNFSF13 wt Allele|C3715025|[gngm]|["APRIL"-tx-5-"April"-noun-0]|TX|306/5|
00000000|MMI|4.21|Then|C1883708|[tmco]|["Then"-tx-33-"then"-adv-0]|TX|2882/4|
00000000|MMI|4.21|Therapeutic procedure|C0087111|[topp]|["Treatment"-tx-35-"treatment"-noun-0]|TX|3216/9|E02
00000000|MMI|4.21|Three weeks|C4082109|[tmco]|["Three weeks"-tx-48-"three weeks"-noun-0]|TX|4228/11|
00000000|MMI|4.21|Treating|C1522326|[ftcn]|["Treatment"-tx-35-"treatment"-noun-0]|TX|3216/9|
00000000|MMI|4.21|Treatment Epoch|C3538994|[resa]|["TREATMENT"-tx-35-"treatment"-noun-0]|TX|3216/9|
00000000|MMI|4.21|point - UnitsOfMeasure|C1552961|[qnco]|["POINT"-tx-37-"point"-noun-0]|TX|3540/5|
00000000|MMI|4.21|rhythmic process (biological)|C1523018|[phsf]|["rhythm"-tx-20-"rhythm"-noun-0]|TX|1580/6|
00000000|MMI|4.21|treatment - ActInformationManagementReason|C3887704|[hlca]|["treatment"-tx-35-"treatment"-noun-0]|TX|3216/9|
00000000|MMI|3.23|Show|C1547282|[anim]|["Show"-tx-26-"showed"-verb-0]|TX|2002/6|
00000000|MMI|3.23|Square shape|C0205120|[spco]|["SQUARE"-tx-26-"squared"-verb-0]|TX|2114/7|
00000000|MMI|3.23|Style Type - Square|C1552595|[inpr]|["Square"-tx-26-"squared"-verb-0]|TX|2114/7|
00000000|MMI|3.22|Entire left margin of heart|C1305142|[blor]|["Obtuse margin"-tx-28-"obtuse marginal"-adj-0]|TX|2326/15|
00000000|MMI|3.12|Right coronary artery occlusion|C1290385|[dsyn]|["Right coronary artery occlusion"-tx-25-"right coronary artery occlusion"-noun-0]|TX|1896/31|
00000000|MMI|3.10|Readiness|C1318963|[fndg]|["Readiness"-tx-37-"ready"-adj-0]|TX|3491/5|
00000000|MMI|3.09|lower extremity claudication|C0745811|[dsyn]|["lower extremity claudication"-tx-7-"lower extremity claudication"-noun-0]|TX|589/28|
00000000|MMI|3.05|Registered nurse|C0687673|[prog]|["R.N."-tx-38-"r.n"-adj-0]|TX|3634/3|
00000000|MMI|3.02|Treated with|C0332293|[topp]|["Treated with"-tx-32-"treated with"-verb-0]|TX|2729/12|
00000000|MMI|2.99|Retrosternal pain|C0151826|[sosy]|["Chest pain, substernal"-tx-5-"substernal chest pain"-noun-0]|TX|281/21|
00000000|MMI|2.99|% index|C1637833|[qnco]|["% index"-tx-53-"Index"-noun-0]|TX|4452/5|
00000000|MMI|2.99|CDISC SDTM Procedure Terminology|C3539779|[inpr]|["Procedure"-tx-29-"procedure"-noun-0]|TX|2380/9|
00000000|MMI|2.99|Clinical Trials, Monitoring|C1516647|[resa]|["monitoring"-tx-29-"monitoring"-noun-0]|TX|2452/10|
00000000|MMI|2.99|Html Link Type - index|C1552854|[idcn]|["index"-tx-53-"Index"-noun-0]|TX|4452/5|
00000000|MMI|2.99|Index|C0918012|[inpr]|["Index"-tx-53-"Index"-noun-0]|TX|4452/5|
00000000|MMI|2.99|Interventional procedure|C0184661|[topp]|["Procedure"-tx-29-"procedure"-noun-0]|TX|2380/9|
00000000|MMI|2.99|Monitoring - action|C1283169|[hlca]|["Monitoring"-tx-29-"monitoring"-noun-0]|TX|2452/10|
00000000|MMI|2.99|Physical Medical Procedure|C3274430|[hlca]|["PROCEDURE"-tx-29-"procedure"-noun-0]|TX|2380/9|
00000000|MMI|2.99|Preventive monitoring|C0150369|[hlca]|["Monitoring"-tx-29-"monitoring"-noun-0]|TX|2452/10|
00000000|MMI|2.99|Procedure (set of actions)|C2700391|[acty]|["Procedure"-tx-29-"procedure"-noun-0]|TX|2380/9|
00000000|MMI|2.99|Procedure Domain|C3538935|[inpr]|["Procedure"-tx-29-"procedure"-noun-0]|TX|2380/9|
00000000|MMI|2.99|Rate|C1521828|[qnco]|["Rate"-tx-20-"rate"-noun-0]|TX|1571/4|
00000000|MMI|2.99|Rating (action)|C0871208|[acty]|["Rate"-tx-20-"rate"-noun-0]|TX|1571/4|
00000000|MMI|2.99|Surgical and medical procedures|C1948041|[topp]|["Procedure"-tx-29-"procedure"-noun-0]|TX|2380/9|
00000000|MMI|2.98|Medication.discharge|C0806915|[fndg]|["Discharge medications"-tx-38-"MEDICATIONS DISCHARGE"-noun-0]|TX|3548/11,3563/9|
00000000|MMI|2.98|U/week|C0560588|[qnco]|["Unit/week"-tx-39-"units week"-noun-0]|TX|3657/5,3681/4|
00000000|MMI|2.96|Replacement of aortic valve (procedure)|C0003506|[topp]|["AORTIC VALVE REPLACEMENT"-tx-27-"aortic valve replacement"-noun-0]|TX|2209/24|
00000000|MMI|2.96|Room type - Intensive care unit|C1549475|[idcn]|["Intensive care unit"-tx-29-"intensive care unit"-noun-0]|TX|2422/19|
00000000|MMI|2.96|dictated - DocumentCompletion|C1609990|[idcn]|["Dictated"-tx-50-"Dictated"-verb-0]|TX|4345/8|
00000000|MMI|2.96|dictated - ParticipationMode|C1548384|[ftcn]|["dictated"-tx-50-"Dictated"-verb-0]|TX|4345/8|
00000000|MMI|2.95|Lesion|C0221198|[fndg]|["Lesion"-tx-25-"lesion"-noun-0]|TX|1882/6|
00000000|MMI|2.95|P Blood group antibodies|C0369773|[aapp,imft]|["P NOS"-tx-38-"p"-adj-0]|TX|3632/1|
00000000|MMI|2.95|P prime|C2603361|[clna]|["P'"-tx-38-"p"-adj-0]|TX|3632/1|
00000000|MMI|2.95|Specimen Source Codes - Lesion|C1546698|[inpr]|["Lesion"-tx-25-"lesion"-noun-0]|TX|1882/6|
00000000|MMI|2.95|Principal Diagnosis:-:Point in time:^Patient:-|C2598194|[clna]|["Principal Diagnosis"-tx-1-"PRINCIPAL DIAGNOSES"-noun-0]|TX|26/19|
00000000|MMI|2.95|Principal diagnosis|C0332137|[qlco]|["Principal Diagnosis"-tx-1-"PRINCIPAL DIAGNOSES"-noun-0]|TX|26/19|
00000000|MMI|2.94|Furosemide 40 MG|C0986199|[clnd]|["Furosemide 40 MG"-tx-39-"Lasix 40 mg"-noun-0]|TX|3688/11|
00000000|MMI|2.94|Isosorbide Dinitrate 30 MG|C1256506|[clnd]|["Isosorbide Dinitrate 30 MG"-tx-14-"Isordil 30 mg"-noun-0]|TX|1259/13|
00000000|MMI|2.93|Batch (Response Modality)|C1550176|[inpr]|["Batch"-tx-53-"Batch"-noun-0]|TX|4440/5|
00000000|MMI|2.93|Batch (group)|C1948031|[qnco]|["Batch"-tx-53-"Batch"-noun-0]|TX|4440/5|
00000000|MMI|2.93|Batch Number|C3641829|[inpr]|["BATCH"-tx-53-"Batch"-noun-0]|TX|4440/5|
00000000|MMI|2.93|Zantac 150|C0724451|[orch,phsu]|["Zantac 150"-tx-18-"Zantac 150"-noun-0]|TX|1419/10|
00000000|MMI|2.93|Associated with|C0332281|[qlco]|["Associated with"-tx-9-"associated with"-verb-0]|TX|937/15|
00000000|MMI|2.93|Chest pain:Finding:Point in time:^Patient:Ordinal|C2926613|[clna]|["Chest pain"-tx-9-"chest pain"-noun-0]|TX|963/10|
00000000|MMI|2.93|Electrocardiogram: myocardial infarction (finding)|C0428953|[lbtr]|["MYOCARDIAL INFARCTION"-tx-9-"myocardial infarction"-noun-0]|TX|907/21|
00000000|MMI|2.93|Fluid overload|C0546817|[dsyn]|["VOLUME OVERLOAD"-tx-33-"volume overload"-noun-0]|TX|2925/15|
00000000|MMI|2.93|Mechanical ventilation|C0199470|[topp]|["MECHANICAL VENTILATION"-tx-33-"mechanical ventilation"-noun-0]|TX|2834/22|
00000000|MMI|2.93|Myocardial Infarction ECG Assessment|C3810814|[diap]|["Myocardial Infarction"-tx-9-"myocardial infarction"-noun-0]|TX|907/21|
00000000|MMI|2.93|Myocardial infarction:Finding:Point in time:^Patient:Ordinal|C2926063|[clna]|["Myocardial infarction"-tx-9-"myocardial infarction"-noun-0]|TX|907/21|
00000000|MMI|2.93|Dilated|C0700124|[fndg]|["Distended"-tx-22-"distended"-adj-1]|TX|1653/9|
00000000|MMI|2.93|Spray (action)|C2003858|[ftcn]|["Spray"-tx-43-"Spray"-noun-0]|TX|3839/5|
00000000|MMI|2.93|Spray Dosing Unit|C1704413|[qnco]|["{Spray}"-tx-43-"Spray"-noun-0]|TX|3839/5|
00000000|MMI|2.92|50%|C3842586|[fndg]|["50%"-tx-13-"50"-integer-0]|TX|1208/2|
00000000|MMI|2.92|<50|C3843766|[fndg]|["<50"-tx-13-"50"-integer-0]|TX|1208/2|
00000000|MMI|2.91|Clear|C2963144|[qlco]|["Clear"-tx-21-"Clear"-adj-0]|TX|1596/5|
00000000|MMI|2.91|Event Seriousness - Significant|C1546944|[qlco]|["Significant"-tx-7-"Significant"-adj-0]|TX|518/11|
00000000|MMI|2.91|Hospital patient (finding)|C0239966|[fndg]|["patient hospital"-tx-36-"patient's hospital"-noun-0]|TX|3289/18|
00000000|MMI|2.91|January|C3829466|[qlco]|["January"-tx-33-"January"-noun-0]|TX|2900/7|
00000000|MMI|2.91|Month of May|C3812381|[tmco]|["May"-tx-36-"May"-noun-0]|TX|3322/3|
00000000|MMI|2.91|Negative Surgical Margin|C1709157|[fndg]|["Clear"-tx-21-"Clear"-adj-0]|TX|1596/5|
00000000|MMI|2.91|Pressors|C0237795|[phsu]|["Pressors"-tx-33-"pressors"-noun-0]|TX|2821/8|
00000000|MMI|2.91|Rehabilitation - specialty|C1306847|[bmod]|["Rehabilitation"-tx-37-"rehabilitation"-noun-0]|TX|3517/14|
00000000|MMI|2.91|Significant|C0750502|[idcn]|["Significant"-tx-7-"Significant"-adj-0]|TX|518/11|
00000000|MMI|2.91|Statistical Significance|C0237881|[qnco]|["significant"-tx-7-"Significant"-adj-0]|TX|518/11|
00000000|MMI|2.91|Amputation of toe (procedure)|C0188602|[topp]|["Amputation of Toe"-tx-23-"amputations of toes"-noun-0]|TX|1732/14,1751/4|
00000000|MMI|2.90|Ejection fraction (finding)|C2700378|[fndg]|["Ejection fraction"-tx-26-"ejection fraction"-noun-0]|TX|2015/17|
00000000|MMI|2.90|Ejection fraction (procedure)|C0489482|[diap]|["ejection fraction"-tx-26-"ejection fraction"-noun-0]|TX|2015/17|
00000000|MMI|2.90|Post|C0687676|[tmco]|["Status Post"-tx-23-"status post"-prep-0]|TX|1720/11|
00000000|MMI|2.90|Status post|C0231290|[tmco]|["Status post"-tx-23-"status post"-prep-0]|TX|1720/11|
00000000|MMI|2.90|Area 1|C3842398|[fndg]|["Area 1"-tx-26-"area 1"-noun-0]|TX|2101/4,2109/1|
00000000|MMI|2.90|Cardiologist|C0175906|[prog]|["Cardiologist"-tx-48-"cardiologist"-noun-0]|TX|4201/12|
00000000|MMI|2.90|Floor (anatomic)|C3714591|[anst]|["Floor"-tx-34-"floor"-noun-0]|TX|2993/5|
00000000|MMI|2.90|Floor - story of building|C1547707|[geoa]|["Floor"-tx-34-"floor"-noun-0]|TX|2993/5|
00000000|MMI|2.90|Oral|C0442027|[spco]|["Oral"-tx-36-"oral"-adj-0]|TX|3399/4|
00000000|MMI|2.90|allergic|C0700624|[ftcn]|["Allergic"-tx-10-"allergic"-adj-0]|TX|1064/8|
00000000|MMI|2.90|antidiuretic|C0596110|[phsu]|["Antidiuretics"-tx-36-"antidiuretics"-noun-0]|TX|3404/13|
00000000|MMI|2.90|floor (object)|C0016249|[mnob]|["Floor"-tx-34-"floor"-noun-0]|TX|2993/5|
00000000|MMI|2.89|Adjustment Action|C0456081|[ftcn]|["Adjusted"-tx-44-"adjusted"-verb-0]|TX|3908/8|
00000000|MMI|2.89|Admission activity|C0809949|[hlca]|["Admitted"-tx-6-"admitted"-verb-0]|TX|366/8|
00000000|MMI|2.89|Following|C0332282|[tmco]|["Subsequent"-tx-36-"subsequent"-adj-0]|TX|3430/10|
00000000|MMI|2.89|Gradient|C0812409|[qnco]|["Gradient"-tx-26-"gradient"-noun-0]|TX|2063/8|
00000000|MMI|2.89|Hospital admission|C0184666|[hlca]|["admitted"-tx-6-"admitted"-verb-0]|TX|366/8|
00000000|MMI|2.89|Integrated Neuromusculoskeletal Release|C1704538|[topp]|["INR"-tx-44-"INR"-noun-0]|TX|3934/3|
00000000|MMI|2.89|NOSEBLEED QR KIT|C2724883|[drdd]|["NOSEBLEED"-tx-30-"nose bleed"-noun-0]|TX|2526/10|
00000000|MMI|2.89|Presentation|C0449450|[idcn]|["Presented"-tx-5-"presented"-verb-0]|TX|266/9|
00000000|MMI|2.89|Prolonged|C0439590|[tmco]|["Prolonged"-tx-9-"prolonged"-adj-0]|TX|953/9|
00000000|MMI|2.89|Taken|C1883727|[cnce]|["Taken"-tx-27-"taken"-verb-0]|TX|2157/5|
00000000|MMI|2.89|agreement|C0680240|[socb]|["according"-tx-44-"according"-prep-0]|TX|3917/9|
00000000|MMI|2.89|percent gradient|C0439182|[qnco]|["% gradient"-tx-26-"gradient"-noun-0]|TX|2063/8|
00000000|MMI|2.89|Retained|C0333118|[ftcn]|["Keep"-tx-33-"kept"-verb-0]|TX|2813/4|
00000000|MMI|2.89|nasal packing|C0150685|[topp]|["nasal packing"-tx-35-"packing nose"-noun-0]|TX|3125/7,3152/4|
00000000|MMI|2.88|Concept History|C1705255|[cnce]|["History"-tx-9-"history"-noun-0]|TX|984/7|
00000000|MMI|2.88|Creatinine finding|C1561535|[fndg]|["Creatinine"-tx-7-"creatinine"-noun-0]|TX|738/10|
00000000|MMI|2.88|Dosage|C0178602|[qnco]|["Doses"-tx-34-"doses"-noun-0]|TX|3077/5|
00000000|MMI|2.88|History of previous events|C2004062|[fndg]|["History"-tx-9-"history"-noun-0]|TX|984/7|
00000000|MMI|2.88|History of recreational running|C2346414|[fndg]|["Running"-tx-7-"running"-noun-0]|TX|749/7|
00000000|MMI|2.88|Physiologic pulse|C0391850|[phsf]|["PULSES"-tx-24-"pulses"-noun-0]|TX|1762/6|
00000000|MMI|2.88|Stent Device Component|C1705817|[medd]|["Stent"-tx-8-"stent"-noun-0]|TX|846/5|
00000000|MMI|2.88|Two|C0205448|[qnco]|["Two"-tx-23-"two"-adj-0]|TX|1747/3|
00000000|MMI|2.88|0%|C3842591|[fndg]|["0%"-tx-7-"0"-real_number-0]|TX|771/1|
00000000|MMI|2.88|Abnormally high|C1299351|[qlco]|["High"-tx-7-"high"-adj-0]|TX|764/4|
00000000|MMI|2.88|Concept model range (foundation metadata concept)|C3542016|[inpr]|["Range"-tx-7-"range"-noun-0]|TX|780/5|
00000000|MMI|2.88|High|C0205250|[qlco]|["High"-tx-7-"high"-adj-0]|TX|764/4|
00000000|MMI|2.88|High Mitosis-Karyorrhexis Index|C3889660|[qnco]|["High"-tx-7-"high"-adj-0]|TX|764/4|
00000000|MMI|2.88|Range|C1514721|[qnco]|["Range"-tx-7-"range"-noun-0]|TX|780/5|
00000000|MMI|2.88|Sample Range|C2348147|[qnco]|["Range"-tx-7-"range"-noun-0]|TX|780/5|
00000000|MMI|2.88|Value Above Reference Range|C2700149|[inpr]|["HIGH"-tx-7-"high"-adj-0]|TX|764/4|
00000000|MMI|2.88|high - ActExposureLevelCode|C3887512|[idcn]|["high"-tx-7-"high"-adj-0]|TX|764/4|
00000000|MMI|2.86|Assisted (qualifier value)|C1269765|[qlco]|["Help"-tx-49-"helping"-verb-0]|TX|4299/7|
00000000|MMI|2.86|Help document|C1552861|[inpr]|["help"-tx-49-"helping"-verb-0]|TX|4299/7|
00000000|MMI|2.84|Class 3|C0441887|[inpr]|["Class 3"-tx-9-"class 3"-noun-0]|TX|1014/7|
00000000|MMI|2.84|Close|C3810854|[fndg]|["Close"-tx-29-"close"-adj-0]|TX|2446/5|
00000000|MMI|2.84|Closed|C0587267|[ftcn]|["Close"-tx-29-"close"-adj-0]|TX|2446/5|
00000000|MMI|2.84|Regular|C0205272|[qlco]|["Regular"-tx-20-"Regular"-adj-0]|TX|1563/7|
00000000|MMI|2.83|Amlodipine 10 MG|C1124794|[clnd]|["Amlodipine 10 MG"-tx-14-"amlodipine 10 mg"-noun-0]|TX|1228/16|
00000000|MMI|2.83|Aspirin 325 MG|C0992015|[clnd]|["Aspirin 325 MG"-tx-15-"aspirin 325 mg"-noun-0]|TX|1287/14|
00000000|MMI|2.83|Aspirin 81 MG|C0983882|[clnd]|["Aspirin 81 MG"-tx-38-"aspirin 81 mg"-noun-0]|TX|3584/13|
00000000|MMI|2.83|Incision and drainage|C0152277|[topp]|["i d"-tx-43-"i.d"-adv-0]|TX|3847/3|
00000000|MMI|2.83|Non-tender|C0520960|[qlco]|["Non-tender"-tx-22-"non-tender"-adj-0]|TX|1636/10|
00000000|MMI|2.83|work up|C0750430|[diap]|["Work-up"-tx-6-"work-up"-noun-0]|TX|433/7|
00000000|MMI|2.83|Angina, class III|C0264677|[dsyn]|["Class 3 angina"-tx-9-"class 3 angina"-noun-0]|TX|995/14|
00000000|MMI|2.83|Canadian Cardiovascular Society Grading Scale Class III|C2698969|[fndg]|["Class 3 Angina"-tx-9-"class 3 angina"-noun-0]|TX|995/14|
00000000|MMI|2.82|90%|C3842582|[fndg]|["90%"-tx-25-"90"-percentage-0]|TX|1867/2|
00000000|MMI|2.82|<90|C0439087|[qnco]|["<90"-tx-25-"90"-percentage-0]|TX|1867/2|
00000000|MMI|2.82|>90|C0439083|[qnco]|[">90"-tx-25-"90"-percentage-0]|TX|1867/2|
00000000|MMI|2.82|Known|C0205309|[qlco]|["Known"-tx-12-"known"-adj-0]|TX|1149/5|
00000000|MMI|2.81|23|C0450348|[qnco]|["23"-tx-28-"23"-integer-0]|TX|2251/2|
00000000|MMI|2.81|Mechanical Methods|C0443254|[ftcn]|["Mechanical"-tx-28-"mechanical"-adj-0]|TX|2254/10|
00000000|MMI|2.81|Personal History of Coronary Artery Disease|C1881055|[clna]|["History of Coronary Artery Disease"-tx-5-"history of coronary artery disease"-noun-0]|TX|168/34|
00000000|MMI|2.81|+5|C0728893|[qnco]|["+5"-tx-1-"5"-fraction-0]|TX|16/1|
00000000|MMI|2.81|100%|C3817553|[qnco]|["100%"-tx-25-"100"-percentage-0]|TX|1891/3|
00000000|MMI|2.81|20%|C3842589|[fndg]|["20%"-tx-16-"20"-integer-0]|TX|1355/2|
00000000|MMI|2.81|>5|C0439084|[qnco]|[">5"-tx-1-"5"-fraction-0]|TX|16/1|
00000000|MMI|2.81|SHORT STATURE, ONYCHODYSPLASIA, FACIAL DYSMORPHISM, AND HYPOTRICHOSIS SYNDROME|C3542022|[dsyn]|["SOFT"-tx-22-"Soft"-adj-1]|TX|1629/4|
00000000|MMI|2.81|Soft|C0205358|[qlco]|["Soft"-tx-22-"Soft"-adj-0]|TX|1629/4|
00000000|MMI|2.80|Body Fluid Discharge|C0012621|[bdsu]|["Discharge"-tx-45-"DISCHARGE"-noun-0]|TX|3978/9|
00000000|MMI|2.80|Discharge, body substance|C2926602|[bdsu]|["Discharge"-tx-45-"DISCHARGE"-noun-0]|TX|3978/9|
00000000|MMI|2.80|Hypertension Adverse Event|C1963138|[fndg]|["Hypertension"-tx-7-"hypertension"-noun-0]|TX|534/12|
00000000|MMI|2.79|Delayed Release Dosage Form|C1707664|[bodm]|["DR"-tx-46-"Dr"-noun-0]|TX|4079/2|
00000000|MMI|2.79|Device to Subject Relationship Domain|C3540849|[inpr]|["DR"-tx-46-"Dr"-noun-0]|TX|4079/2|
00000000|MMI|2.79|Doctor - Title|C2348314|[cnce]|["Dr."-tx-46-"Dr"-noun-0]|TX|4079/2|
00000000|MMI|2.79|Minor (value)|C0205165|[qlco]|["Minor"-tx-35-"minor"-adj-0]|TX|3174/5|
00000000|MMI|2.79|One|C0205447|[qnco]|["ONE"-tx-48-"one"-noun-0]|TX|4221/3|
00000000|MMI|2.79|Six|C0205452|[qnco]|["Six"-tx-47-"six"-word_numeral-0]|TX|4096/3|
00000000|MMI|2.79|week|C0439230|[tmco]|["WEEKS"-tx-47-"weeks"-noun-0]|TX|4100/5|
00000000|MMI|2.79|Left|C0205091|[spco]|["left sided"-tx-30-"left-sided"-adj-0]|TX|2515/10|
00000000|MMI|2.79|Left sided|C0443246|[spco]|["Left sided"-tx-30-"left-sided"-adj-0]|TX|2515/10|
00000000|MMI|2.79|Peak level|C0444505|[qnco]|["Peak"-tx-26-"peak"-adj-0]|TX|2058/4|
00000000|MMI|2.79|Sluggish|C3842079|[fndg]|["Sluggish"-tx-31-"sluggish"-adj-0]|TX|2641/8|
00000000|MMI|2.78|Actual Positive Nutritional Status|C2364291|[fndg]|["Well nourished"-tx-19-"well nourished"-adj-1]|TX|1494/4,1516/9|
00000000|MMI|2.78|Act Relationship Subset - previous|C1552607|[tmco]|["previous"-tx-8-"previous"-adj-0]|TX|837/8|
00000000|MMI|2.78|Intermittent|C0205267|[tmco]|["INTERMITTENT"-tx-34-"intermittent"-adj-0]|TX|3064/12|
00000000|MMI|2.78|Previous|C0205156|[tmco]|["Previous"-tx-8-"previous"-adj-0]|TX|837/8|
00000000|MMI|2.78|Calculated (origins)|C0444686|[ftcn]|["Calculated"-tx-26-"calculated"-adj-0]|TX|2084/10|
00000000|MMI|2.78|Calculated (procedure)|C1443182|[lbpr]|["Calculated"-tx-26-"calculated"-adj-0]|TX|2084/10|
00000000|MMI|2.78|Calculation|C1441506|[acty]|["Calculated"-tx-26-"calculated"-adj-0]|TX|2084/10|
00000000|MMI|2.78|Distress|C0231303|[menp]|["Distress"-tx-19-"distress"-noun-1]|TX|1545/8|
00000000|MMI|2.78|Uncontrolled|C0205318|[