00000000|MMI|12.92|Vomiting|C0042963|[sosy]|["VOMITING"-tx-1-"VOMITING"-adj-0]|TX|65/8|C23.888.821.937
00000000|MMI|7.29|Signature|C1519316|[inpr]|["Signed"-tx-1-"Signed"-noun-0]|TX|[76/6],[131/6]|
00000000|MMI|7.29|signed - ParticipationSignature|C1561610|[inpr]|["signed"-tx-1-"Signed"-noun-0]|TX|[76/6],[131/6]|
00000000|MMI|7.02|2000s|C0681760|[tmco]|["2000s"-tx-1-"2000"-integer-0]|TX|[46/4],[111/4]|
00000000|MMI|3.65|Admission date:Time Stamp -- Date and Time:Point in time:^Patient:Quantitative|C2598112|[clna]|["Admission date"-tx-1-"Admission Date"-noun-0]|TX|91/14|
00000000|MMI|3.65|Date of admission|C1302393|[tmco]|["Admission date"-tx-1-"Admission Date"-noun-0]|TX|91/14|
00000000|MMI|3.65|Report status|C0586177|[fndg]|["Report status"-tx-1-"Report Status"-noun-0]|TX|116/13|
00000000|MMI|3.64|10 - 12|C3843787|[fndg]|["10 - 12"-tx-1-"10 12"-fraction-0]|TX|40/2,51/2|
00000000|MMI|3.59|Pyrexia of unknown origin (excl puerperal)|C0856281|[sosy]|["puo"-tx-1-"PUO"-noun-0]|TX|12/3|
00000000|MMI|3.46|Diagnostic interview schedule|C0451119|[inpr]|["DIS"-tx-1-"DIS"-noun-0]|TX|85/3|
00000000|MMI|3.46|Discontinued|C1444662|[fndg]|["DIS"-tx-1-"DIS"-noun-0]|TX|85/3|
00000000|MMI|3.46|Vomiting Adverse Event|C1963281|[patf]|["Vomiting"-tx-1-"VOMITING"-adj-0]|TX|65/8|
00000000|MMI|92.64|Levofloxacin|C0282386|[antb,orch]|["LEVOFLOXACIN"-tx-16-"levofloxacin"-noun-0,"LEVOFLOXACIN"-tx-6-"levofloxacin"-noun-0,"LEVOFLOXACIN"-tx-2-"levofloxacin"-noun-0]|TX|[1730/12],[1765/12];792/12;309/12|D03.438.810.835.322.500.500
00000000|MMI|64.89|Patients|C0030705|[podg]|["*^patient"-tx-23-"patient"-noun-0,"*^patient"-tx-20-"patient"-noun-0,"*^patient"-tx-19-"patient"-noun-0,"*^patient"-tx-17-"patient"-noun-0,"*^patient"-tx-5-"patient"-noun-0,"*^patient"-tx-4-"patient"-noun-0,"*^patient"-tx-2-"patient"-noun-0]|TX|2442/7;2275/7;2130/7;1801/7;622/7;529/7;89/7|M01.643
00000000|MMI|59.42|Flagyl|C0699678|[orch,phsu]|["Flagyl"-tx-16-"Flagyl"-noun-0,"Flagyl"-tx-6-"Flagyl"-noun-0,"Flagyl"-tx-2-"Flagyl"-noun-0]|TX|1701/6;742/6;339/6|D02.640.672.500;D03.383.129.308.658.500
00000000|MMI|53.92|Vomiting|C0042963|[sosy]|["VOMITING"-tx-16-"vomiting"-noun-0,"EMESIS"-tx-6-"emesis"-noun-0,"VOMITING"-tx-3-"vomiting"-noun-0,"VOMITING"-tx-1-"VOMITING"-noun-0]|TX|1665/8;757/6;431/8;46/8|C23.888.821.937
00000000|MMI|45.56|Antibiotics, Antitubercular|C0003237|[antb]|["Antibiotics"-tx-19-"antibiotics"-noun-0,"Antibiotics"-tx-6-"antibiotics"-noun-0]|TX|2179/11;777/11|D27.505.954.122.085.255.135
00000000|MMI|40.34|Abortion consent:Finding:Point in time:^Patient:Document|C2360836|[clna]|["Patient"-tx-23-"patient"-noun-0,"Patient"-tx-20-"patient"-noun-0,"Patient"-tx-19-"patient"-noun-0,"Patient"-tx-17-"patient"-noun-0,"Patient"-tx-5-"patient"-noun-0,"Patient"-tx-4-"patient"-noun-0,"Patient"-tx-2-"patient"-noun-0]|TX|2442/7;2275/7;2130/7;1801/7;622/7;529/7;89/7|
00000000|MMI|40.34|Hysterectomy consent:Finding:Point in time:^Patient:Document|C2360838|[clna]|["Patient"-tx-23-"patient"-noun-0,"Patient"-tx-20-"patient"-noun-0,"Patient"-tx-19-"patient"-noun-0,"Patient"-tx-17-"patient"-noun-0,"Patient"-tx-5-"patient"-noun-0,"Patient"-tx-4-"patient"-noun-0,"Patient"-tx-2-"patient"-noun-0]|TX|2442/7;2275/7;2130/7;1801/7;622/7;529/7;89/7|
00000000|MMI|40.34|Sterilization consent:Finding:Point in time:^Patient:Document|C2360840|[clna]|["Patient"-tx-23-"patient"-noun-0,"Patient"-tx-20-"patient"-noun-0,"Patient"-tx-19-"patient"-noun-0,"Patient"-tx-17-"patient"-noun-0,"Patient"-tx-5-"patient"-noun-0,"Patient"-tx-4-"patient"-noun-0,"Patient"-tx-2-"patient"-noun-0]|TX|2442/7;2275/7;2130/7;1801/7;622/7;529/7;89/7|
00000000|MMI|32.87|Antibiotics|C0003232|[antb]|["Antibiotics"-tx-19-"antibiotics"-noun-0,"Antibiotics"-tx-6-"antibiotics"-noun-0]|TX|2179/11;777/11|D27.505.954.122.085
00000000|MMI|32.60|In Blood|C0005768|[bdsu]|["BLOOD"-tx-7-"blood"-noun-0,"BLOOD"-tx-3-"blood"-noun-0]|TX|877/5;502/5|x.x.x.x.x
00000000|MMI|32.56|Prilosec|C0700777|[orch,phsu]|["PriLOSEC"-tx-29-"Prilosec"-noun-0,"PriLOSEC"-tx-19-"Prilosec"-noun-0]|TX|2747/8;2153/8|D02.886.640.074.500;D03.383.725.024.500;D03.438.103.034.500
00000000|MMI|30.51|Hypertensive disease|C0020538|[dsyn]|["HYPERTENSION"-tx-20-"hypertension"-noun-0,"HYPERTENSION"-tx-8-"hypertension"-noun-0,"HYPERTENSION"-tx-2-"hypertension"-noun-0]|TX|2306/12;960/12;165/12|C14.907.489
00000000|MMI|30.42|Ampicillin|C0002680|[antb,orch]|["AMPICILLIN"-tx-2-"ampicillin"-noun-0]|TX|324/10|D02.065.589.099.750.750.050;D02.886.108.750.750.050;D03.438.260.825.750.050;D03.605.084.737.750.050;D04.075.080.875.099.221.750.750.050
00000000|MMI|26.56|Diverticulitis|C0012813|[dsyn]|["DIVERTICULITIS"-tx-8-"diverticulitis"-noun-0,"DIVERTICULITIS"-tx-2-"diverticulitis"-noun-0]|TX|1116/14;279/14|C01.539.463.298;C06.405.205.298
00000000|MMI|26.24|Diabetes Mellitus|C0011849|[dsyn]|["Diabetes"-tx-8-"Diabetes"-noun-0,"Diabetes"-tx-2-"diabetes"-noun-0]|TX|949/8;152/8|C18.452.394.750;C19.246
00000000|MMI|24.11|Endoscopy of stomach|C0017195|[diap]|["upper endoscopy"-tx-18-"upper endoscopy"-noun-0]|TX|1941/15|E01.370.372.250.250.325;E01.370.388.250.250.250.320;E04.210.240.250.320;E04.502.250.250.250.320
00000000|MMI|24.11|Kidney Failure, Chronic|C0022661|[dsyn]|["CHRONIC RENAL FAILURE"-tx-8-"chronic renal failure"-noun-0]|TX|1133/21|C12.777.419.780.750.500;C13.351.968.419.780.750.500
00000000|MMI|24.11|White Blood Cell Count procedure|C0023508|[lbpr]|["Blood Cell Count, White"-tx-12-"White blood cell count"-noun-0]|TX|1389/22|E01.370.225.500.195.107.595;E01.370.225.625.107.595;E05.200.500.195.107.595;E05.200.625.107.595;E05.242.195.107.595;G04.170.107.595;G09.188.105.595
00000000|MMI|23.65|milligram/day|C0439422|[qnco]|["mg/d"-tx-29-"mg d"-noun-0,"mg/d"-tx-28-"mg d"-noun-0,"mg/d"-tx-27-"mg d"-noun-0,"mg day"-tx-24-"mg day"-noun-0,"mg/d"-tx-19-"mg d"-noun-0]|TX|[2728/2,2740/1],[2759/2,2771/1];2701/2,2713/1;2673/2,2685/1;2528/2,2539/3;2165/2,2172/1|
00000000|MMI|22.68|Platelet Count measurement|C0032181|[lbpr]|["Platelet Count"-tx-12-"platelet count"-noun-0]|TX|1440/14|E01.370.225.500.195.107.740;E01.370.225.625.107.700;E01.370.225.625.625.625;E05.200.500.195.107.740;E05.200.625.107.700;E05.200.625.625.625;E05.242.195.107.740;G04.170.107.740;G09.188.105.700
00000000|MMI|22.61|Bilirubin|C0005437|[bacs,orch]|["Bilirubin, total"-tx-15-"total bilirubin"-noun-0]|TX|1566/15|D03.383.129.578.840.249.184;D03.549.909.249.184;D04.345.783.249.184;D23.767.193.184
00000000|MMI|22.51|Surgical aspects|C0038895|[ftcn]|["surgery"-tx-6-"Surgery"-noun-0]|TX|705/7|x.x.x.x.x.x.x
00000000|MMI|22.40|Insulin|C0021641|[aapp,horm,phsu]|["Insulin, Regular"-tx-25-"regular insulin"-noun-0]|TX|2581/15|D06.472.699.587.200.500.625;D12.644.548.586.200.500.625
00000000|MMI|20.95|Accident and Emergency department|C0562508|[hcro]|["Emergency Department"-tx-5-"emergency department"-noun-0]|TX|595/20|N02.278.216.500.968.336;N02.421.297.195;N04.452.442.422.336
00000000|MMI|20.95|Chronic Kidney Diseases|C1561643|[dsyn]|["Chronic Renal Failure"-tx-8-"chronic renal failure"-noun-0]|TX|1133/21|C12.777.419.780.750;C13.351.968.419.780.750
00000000|MMI|20.95|Clindamycin|C0008947|[antb,orch]|["CLINDAMYCIN"-tx-6-"clindamycin"-noun-0]|TX|809/11|D03.383.773.532.500.125;D09.408.471.500.125
00000000|MMI|20.95|International Normalized Ratio|C0525032|[lbpr]|["INR"-tx-13-"INR"-noun-0]|TX|1461/3|E01.370.225.625.115.320;E05.200.625.115.320
00000000|MMI|20.95|Patient Discharge|C0030685|[hlca]|["Discharged"-tx-23-"discharged"-verb-0]|TX|2454/10|E02.204.125;E02.760.400.610;N02.421.192.125;N02.421.585.400.610;N04.590.233.727.210.125
00000000|MMI|19.91|Blood|C0005767|[tisu]|["Blood"-tx-7-"blood"-noun-0,"Blood"-tx-3-"blood"-noun-0]|TX|877/5;502/5|A12.207.152;A15.145
00000000|MMI|19.52|Alkaline Phosphatase|C0002059|[aapp,enzy]|["ALKALINE PHOSPHATASE"-tx-15-"alkaline phosphatase"-noun-0]|TX|1588/20|D08.811.277.352.650.035
00000000|MMI|19.45|Lipase|C0023764|[aapp,enzy,phsu]|["LIPASE"-tx-15-"lipase"-noun-0]|TX|1553/6|D08.811.277.352.100.400
00000000|MMI|19.40|Activated Partial Thromboplastin Time measurement|C0030605|[lbpr]|["PTT"-tx-13-"PTT"-noun-0]|TX|1475/3|E01.370.225.625.115.600;E05.200.625.115.600;G09.188.660
00000000|MMI|19.40|Temperature|C0039476|[qnco]|["*Temperature"-tx-9-"Temperature"-noun-0]|TX|1192/11|G01.906.595;G16.500.275.063.725.710;G16.500.750.775.710;N06.230.150.450;N06.230.300.100.725.710
00000000|MMI|19.36|Lopressor|C0700776|[orch,phsu]|["Lopressor"-tx-27-"Lopressor"-noun-0]|TX|2660/9|D02.033.100.624.698.573;D02.033.755.624.698.573;D02.092.063.624.698.573
00000000|MMI|19.23|Lasix|C0699992|[orch,phsu]|["Lasix"-tx-24-"Lasix"-noun-0]|TX|2518/5|D02.065.884.725.300;D02.092.146.807.300;D02.886.590.700.725.300
00000000|MMI|18.94|2000s|C0681760|[tmco]|["2000s"-tx-18-"2000"-integer-0,"2000s"-tx-16-"2000"-integer-0,"2000s"-tx-2-"2000"-integer-0,"2000s"-tx-1-"2000"-integer-0]|TX|1931/4;1754/4;[219/4],[239/4];20/4|
00000000|MMI|17.80|Amylases|C0002712|[aapp,enzy,phsu]|["AMYLASE"-tx-15-"Amylase"-noun-0]|TX|1536/7|D08.811.277.450.066
00000000|MMI|17.80|Creatinine|C0010294|[bacs,orch]|["CREATININE"-tx-14-"creatinine"-noun-0]|TX|1494/10|D03.383.129.308.207
00000000|MMI|17.80|Melena|C0025222|[patf]|["MELENA"-tx-4-"melena"-noun-1]|TX|579/6|A12.459.764;C06.405.227.600;C23.550.414.788.600
00000000|MMI|17.80|Togo|C0040363|[geoa]|["TO"-tx-3-"to"-adv-0]|TX|403/2|Z01.058.290.190.800
00000000|MMI|17.80|Tryptophanase|C0041260|[aapp,enzy]|["TO"-tx-3-"to"-adv-0]|TX|403/2|D08.811.520.224.800
00000000|MMI|16.37|heart rate|C0018810|[clna]|["Heart Rate"-tx-9-"heart rate"-noun-0]|TX|1211/10|E01.370.600.875.500;G09.330.380.500
00000000|MMI|16.26|Abdominal Pain|C0000737|[sosy]|["ABDOMINAL PAIN"-tx-2-"abdominal pain"-noun-0]|TX|249/14|C10.597.617.044;C23.888.592.612.054;C23.888.821.030
00000000|MMI|16.25|Body Temperature|C0005903|[orga]|["temperature"-tx-9-"Temperature"-noun-0]|TX|1192/11|E01.370.600.875.374;G07.110
00000000|MMI|16.25|Hematocrit procedure|C0018935|[lbpr]|["Hematocrit"-tx-12-"hematocrit"-noun-0]|TX|1422/10|E01.370.225.625.400;E05.200.625.400;G09.188.370.374
00000000|MMI|16.25|Magnetic Resonance Imaging|C0024485|[diap]|["MRI"-tx-22-"MRI"-noun-0]|TX|2373/3|E01.370.350.825.500
00000000|MMI|16.21|Norvasc|C0162712|[orch,phsu]|["Norvasc"-tx-28-"Norvasc"-noun-0]|TX|2690/7|D03.383.725.203.065
00000000|MMI|16.21|Labetalol|C0022860|[orch,phsu]|["LABETALOL"-tx-21-"labetalol"-noun-0]|TX|2355/9|D02.033.100.291.460;D02.065.793.324;D02.092.063.291.460
00000000|MMI|16.20|Mallory-Weiss Syndrome|C0024633|[dsyn]|["mallory weiss tears"-tx-7-"Mallory-Weiss tear"-noun-0]|TX|906/18|C06.405.117.468.524
00000000|MMI|16.16|Iodides|C0021966|[inch]|["I-"-tx-19-"i"-adv-0]|TX|2170/1|D01.248.497.158.490;D01.475.410
00000000|MMI|16.12|Renal Artery Stenosis|C0035067|[dsyn]|["RENAL ARTERY STENOSIS"-tx-22-"renal artery stenosis"-noun-1]|TX|2414/21|C12.777.419.775;C13.351.968.419.775;C14.907.137.727
00000000|MMI|16.12|Guaiac|C0018302|[irda,orch]|["GUAIAC"-tx-11-"Guaiac"-noun-0]|TX|1359/6|D20.215.721.500.490
00000000|MMI|16.10|Blood Pressure|C0005823|[orgf]|["BLOOD PRESSURE"-tx-9-"blood pressure"-noun-0]|TX|1227/14|E01.370.600.875.249;G09.330.380.076
00000000|MMI|16.10|Systemic arterial pressure|C1272641|[fndg]|["Blood pressure"-tx-9-"blood pressure"-noun-0]|TX|1227/14|G09.330.380.076.347
00000000|MMI|16.09|Niger|C0028074|[geoa]|["NG"-tx-5-"NG"-noun-0]|TX|645/2|Z01.058.290.190.560
00000000|MMI|16.08|Hydrocephalus, Normal Pressure|C0020258|[dsyn]|["NPH"-tx-24-"NPH"-noun-0]|TX|2545/3|C10.228.140.602.750
00000000|MMI|16.05|Gastroparesis|C0152020|[dsyn]|["GASTROPARESIS"-tx-17-"gastroparesis"-noun-1]|TX|1902/13|C06.405.748.543;C23.888.592.636.263
00000000|MMI|14.64|Abdominal Cavity|C0230168|[blor]|["Abdomen"-tx-10-"ABDOMEN"-noun-0]|TX|1278/7|A01.923.047.025
00000000|MMI|14.64|Cholecystectomy procedure|C0008320|[topp]|["CHOLECYSTECTOMY"-tx-8-"cholecystectomy"-noun-0]|TX|996/15|E04.210.120.172
00000000|MMI|14.64|Consultation|C0009818|[hlca]|["consulted"-tx-7-"consulted"-verb-0]|TX|849/9|N04.452.758.849
00000000|MMI|14.64|Hematochezia|C0018932|[fndg]|["BRIGHT RED BLOOD PER RECTUM"-tx-4-"bright red blood per rectum"-noun-1]|TX|548/27|C06.405.227;C23.550.414.788
00000000|MMI|14.64|Vital signs|C0518766|[clna]|["Signs, Vital"-tx-9-"VITAL SIGNS"-noun-0]|TX|1179/11|E01.370.600.875
00000000|MMI|13.14|Nausea|C0027497|[sosy]|["NAUSEA"-tx-16-"nausea"-noun-0]|TX|1654/6|C23.888.821.712
00000000|MMI|13.05|Compazine|C0701017|[orch,phsu]|["Compazine"-tx-5-"Compazine"-noun-0]|TX|672/9|D02.886.369.639;D03.494.741.639
00000000|MMI|13.05|General surgery specialty|C1274039|[bmod]|["Surgery"-tx-6-"Surgery"-noun-0]|TX|705/7|H02.403.810.300
00000000|MMI|13.01|Mongolia|C0026410|[geoa]|["MG"-tx-19-"mg"-noun-0]|TX|2165/2|Z01.252.474.651
00000000|MMI|12.88|Esophagus|C0014876|[bpoc]|["Oesophagus"-tx-18-"esophagus"-noun-0]|TX|2030/9|A03.556.875.500
00000000|MMI|11.49|Abdomen|C0000726|[blor]|["ABDOMEN"-tx-10-"ABDOMEN"-noun-0]|TX|1278/7|A01.923.047
00000000|MMI|11.49|Anemia|C0002871|[dsyn]|["ANEMIA"-tx-8-"anemia"-noun-0]|TX|975/6|C15.378.071
00000000|MMI|11.49|Appendectomy|C0003611|[topp]|["APPENDECTOMY"-tx-8-"appendectomy"-noun-0]|TX|1026/12|E04.210.078
00000000|MMI|11.49|Laboratory|C0022877|[mnob,orgt]|["LABORATORY"-tx-12-"LABORATORY"-noun-0]|TX|1377/10|N02.278.487
00000000|MMI|11.49|Physical Examination|C0031809|[hlca]|["PHYSICAL EXAMINATION"-tx-9-"PHYSICAL EXAMINATION"-noun-0]|TX|1157/20|E01.370.600
00000000|MMI|11.32|Treated with|C0332293|[topp]|["Treated with"-tx-21-"treated with"-verb-0,"Treated with"-tx-5-"treated with"-verb-0,"Treated with"-tx-2-"treated with"-verb-0]|TX|2342/12;659/12;296/12|
00000000|MMI|11.28|Hypertension Adverse Event|C1963138|[fndg]|["Hypertension"-tx-20-"hypertension"-noun-0,"Hypertension"-tx-8-"hypertension"-noun-0,"Hypertension"-tx-2-"hypertension"-noun-0]|TX|2306/12;960/12;165/12|
00000000|MMI|11.01|Vomiting Adverse Event|C1963281|[patf]|["Vomiting"-tx-16-"vomiting"-noun-0,"Vomiting"-tx-3-"vomiting"-noun-0,"Vomiting"-tx-1-"VOMITING"-noun-0]|TX|1665/8;431/8;46/8|
00000000|MMI|10.85|Negative|C0205160|[qlco]|["Negative"-tx-22-"negative"-adj-0,"Negative"-tx-11-"negative"-noun-0,"Negative"-tx-5-"negative"-adj-0]|TX|2401/8;1366/8;636/8|
00000000|MMI|10.85|Negative - answer|C3853545|[qlco]|["Negative"-tx-22-"negative"-adj-0,"Negative"-tx-11-"negative"-noun-0,"Negative"-tx-5-"negative"-adj-0]|TX|2401/8;1366/8;636/8|
00000000|MMI|10.85|Negative Charge|C2825491|[qlco]|["Negative"-tx-22-"negative"-adj-0,"Negative"-tx-11-"negative"-noun-0,"Negative"-tx-5-"negative"-adj-0]|TX|2401/8;1366/8;636/8|
00000000|MMI|10.85|Negative Finding|C1513916|[fndg]|["NEGATIVE"-tx-22-"negative"-adj-0,"NEGATIVE"-tx-11-"negative"-noun-0,"NEGATIVE"-tx-5-"negative"-adj-0]|TX|2401/8;1366/8;636/8|
00000000|MMI|10.85|Negative Number|C2825415|[cnce]|["Negative"-tx-22-"negative"-adj-0,"Negative"-tx-11-"negative"-noun-0,"Negative"-tx-5-"negative"-adj-0]|TX|2401/8;1366/8;636/8|
00000000|MMI|10.42|Doctor of Medicine|C1512018|[inpr]|["M.D."-tx-31-"M.D"-noun-0,"M.D."-tx-30-"M.D"-noun-0]|TX|2847/3;2809/3|
00000000|MMI|9.84|Female|C0015780|[orga]|["FEMALE"-tx-2-"female"-noun-0]|TX|114/6|x.x.x
00000000|MMI|9.84|Females|C0086287|[popg]|["female"-tx-2-"female"-noun-0]|TX|114/6|x.x.x
00000000|MMI|8.34|Time|C0040223|[tmco]|["TIME"-tx-19-"time"-noun-0]|TX|2212/4|G01.910
00000000|MMI|7.70|Negation|C1518422|[ftcn]|["Not"-tx-17-"not"-adv-0,"Non"-tx-10-"non"-adj-0]|TX|1877/3;1335/3|
00000000|MMI|7.62|To be stopped|C1272691|[qlco]|["stopped"-tx-19-"stopped"-verb-0,"stopped"-tx-16-"stopped"-verb-0]|TX|2196/7;1689/7|
00000000|MMI|7.49|Antibiotic throat preparations|C3540706|[antb]|["Antibiotics"-tx-19-"antibiotics"-noun-0,"Antibiotics"-tx-6-"antibiotics"-noun-0]|TX|2179/11;777/11|
00000000|MMI|7.49|Antibiotics FOR TREATMENT OF HEMORRHOIDS AND ANAL FISSURES FOR TOPICAL USE|C3540707|[antb]|["Antibiotics"-tx-19-"antibiotics"-noun-0,"Antibiotics"-tx-6-"antibiotics"-noun-0]|TX|2179/11;777/11|
00000000|MMI|7.49|Antibiotics for systemic use|C3540704|[antb]|["Antibiotics"-tx-19-"antibiotics"-noun-0,"Antibiotics"-tx-6-"antibiotics"-noun-0]|TX|2179/11;777/11|
00000000|MMI|7.49|Antibiotics, Gynecological|C3540708|[antb]|["Antibiotics"-tx-19-"antibiotics"-noun-0,"Antibiotics"-tx-6-"antibiotics"-noun-0]|TX|2179/11;777/11|
00000000|MMI|7.49|Antibiotics, ophthalmologic|C3540710|[antb]|["Antibiotics"-tx-19-"antibiotics"-noun-0,"Antibiotics"-tx-6-"antibiotics"-noun-0]|TX|2179/11;777/11|
00000000|MMI|7.49|Antifungal Antibiotics, Topical|C3540705|[antb]|["Antibiotics"-tx-19-"antibiotics"-noun-0,"Antibiotics"-tx-6-"antibiotics"-noun-0]|TX|2179/11;777/11|
00000000|MMI|7.49|antibiotics, intestinal|C3540709|[antb]|["Antibiotics"-tx-19-"antibiotics"-noun-0,"Antibiotics"-tx-6-"antibiotics"-noun-0]|TX|2179/11;777/11|
00000000|MMI|7.24|Medical History|C0262926|[fndg]|["Past Medical History"-tx-8-"PAST MEDICAL HISTORY"-noun-0,"History of MEDICAL"-tx-2-"medical history of"-noun-0]|TX|927/20;133/18|
00000000|MMI|7.22|peripheral blood|C0229664|[bdsu]|["BLOOD"-tx-7-"blood"-noun-0,"BLOOD"-tx-3-"blood"-noun-0]|TX|877/5;502/5|
00000000|MMI|7.21|Diabetes|C0011847|[dsyn]|["Diabetes"-tx-8-"Diabetes"-noun-0,"Diabetes"-tx-2-"diabetes"-noun-0]|TX|949/8;152/8|
00000000|MMI|7.13|Emotions|C0013987|[menp]|["feel"-tx-7-"felt"-verb-0]|TX|863/4|F01.470
00000000|MMI|7.11|3+ Answer to Question|C3838680|[fndg]|["3+"-tx-33-"3"-fraction-0]|TX|[2908/1],[2918/1]|
00000000|MMI|7.11|3+ Score|C2827736|[qnco]|["3+"-tx-33-"3"-fraction-0]|TX|[2908/1],[2918/1]|
00000000|MMI|7.11|3+ Score, WHO|C2981702|[clas]|["3+"-tx-33-"3"-fraction-0]|TX|[2908/1],[2918/1]|
00000000|MMI|7.11|<3 (qualifier value)|C0439086|[qnco]|["<3"-tx-33-"3"-fraction-0]|TX|[2908/1],[2918/1]|
00000000|MMI|7.07|10%|C3842590|[fndg]|["10%"-tx-28-"10"-integer-0,"10%"-tx-25-"10"-integer-0]|TX|2698/2;2597/2|
00000000|MMI|7.04|/40|C0439509|[tmco]|["/40"-tx-24-"40"-integer-0,"/40"-tx-19-"40"-integer-0]|TX|2549/2;2162/2|
00000000|MMI|7.04|40%|C3842587|[qnco]|["40%"-tx-24-"40"-integer-0,"40%"-tx-19-"40"-integer-0]|TX|2549/2;2162/2|
00000000|MMI|6.96|Unit|C0439148|[qnco]|["UNITS"-tx-25-"units"-noun-0,"UNITS"-tx-24-"units"-noun-0]|TX|2600/5;2552/5|
00000000|MMI|6.96|Unit - NCI Thesaurus Property|C3853603|[ftcn]|["Units"-tx-25-"units"-noun-0,"Units"-tx-24-"units"-noun-0]|TX|2600/5;2552/5|
00000000|MMI|6.96|Unit of Measure|C1519795|[qnco]|["Units"-tx-25-"units"-noun-0,"Units"-tx-24-"units"-noun-0]|TX|2600/5;2552/5|
00000000|MMI|6.69|Woman|C0043210|[popg]|["female"-tx-2-"female"-noun-0]|TX|114/6|M01.975
00000000|MMI|5.18|1-2|C3843716|[fndg]|["1-2"-tx-13-"1.2"-real_number-0]|TX|1469/3|
00000000|MMI|5.18|1/2|C0580272|[inpr]|["1/2"-tx-13-"1.2"-real_number-0]|TX|1469/3|
00000000|MMI|5.18|A Proliferation-Inducing Ligand Measurement|C3811652|[lbpr]|["APRIL"-tx-16-"April"-noun-0]|TX|1746/5|
00000000|MMI|5.18|April|C3715024|[tmco]|["April"-tx-16-"April"-noun-0]|TX|1746/5|
00000000|MMI|5.18|Bilateral cataracts (disorder)|C0521707|[acab]|["Bilateral Cataracts"-tx-8-"bilateral cataracts"-noun-0]|TX|1067/19|
00000000|MMI|5.18|Bilateral tubal ligation|C0589114|[topp]|["Bilateral tubal ligation"-tx-8-"bilateral tubal ligation"-noun-0]|TX|1089/24|
00000000|MMI|5.18|Chronic kidney disease stage 5|C2316810|[dsyn]|["Chronic renal failure"-tx-8-"chronic renal failure"-noun-0]|TX|1133/21|
00000000|MMI|5.18|Clear|C2963144|[qlco]|["Clear"-tx-3-"clear"-verb-0]|TX|459/5|
00000000|MMI|5.18|Complete|C0205197|[qlco]|["COMPLETED"-tx-19-"completed"-verb-0]|TX|2228/9|
00000000|MMI|5.18|Congenital Bilateral Cataracts|C3277059|[dsyn]|["Bilateral cataracts"-tx-8-"bilateral cataracts"-noun-0]|TX|1067/19|
00000000|MMI|5.18|Creatinine finding|C1561535|[fndg]|["Creatinine"-tx-14-"creatinine"-noun-0]|TX|1494/10|
00000000|MMI|5.18|Deny (action)|C2700401|[acty]|["Deny"-tx-4-"denies"-verb-0]|TX|537/6|
00000000|MMI|5.18|Discharge date|C2361123|[tmco]|["Discharge date"-tx-1-"Discharge Date"-noun-0]|TX|0/14|
00000000|MMI|5.18|Discharge date:Time Stamp -- Date and Time:Point in time:^Patient:Quantitative|C2361122|[clna]|["Discharge date"-tx-1-"Discharge Date"-noun-0]|TX|0/14|
00000000|MMI|5.18|Discontinued|C1444662|[fndg]|["Discontinued"-tx-16-"discontinued"-verb-0]|TX|1782/12|
00000000|MMI|5.18|Entire abdomen|C1281594|[bpoc]|["Abdomen"-tx-10-"ABDOMEN"-noun-0]|TX|1278/7|
00000000|MMI|5.18|Gastric emptying study|C0203071|[diap]|["Gastric emptying study"-tx-17-"gastric emptying study"-noun-0]|TX|1815/22|
00000000|MMI|5.18|Genus Anemia|C1000483|[plnt]|["Anemia"-tx-8-"anemia"-noun-0]|TX|975/6|
00000000|MMI|5.18|History of present illness|C0262512|[orga]|["HISTORY OF PRESENT ILLNESS"-tx-2-"HISTORY OF PRESENT ILLNESS"-noun-0]|TX|57/26|
00000000|MMI|5.18|History of present illness:Finding:Point in time:^Patient:Nominal:Reported|C0488508|[clna]|["History of present illness"-tx-2-"HISTORY OF PRESENT ILLNESS"-noun-0]|TX|57/26|
00000000|MMI|5.18|Hospital course|C0489547|[fndg]|["Hospital course"-tx-16-"HOSPITAL COURSE"-noun-0]|TX|1615/15|
00000000|MMI|5.18|Hospital course:Finding:Point in time:^Patient:Narrative|C0488549|[clna]|["Hospital course"-tx-16-"HOSPITAL COURSE"-noun-0]|TX|1615/15|
00000000|MMI|5.18|Initially|C0205265|[tmco]|["Initially"-tx-3-"initially"-adv-0]|TX|449/9|
00000000|MMI|5.18|Integrated Neuromusculoskeletal Release|C1704538|[topp]|["INR"-tx-13-"INR"-noun-0]|TX|1461/3|
00000000|MMI|5.18|January|C3829466|[qlco]|["January"-tx-18-"January"-noun-0]|TX|1921/7|
00000000|MMI|5.18|Laboratory domain|C3244292|[ftcn]|["laboratory"-tx-12-"LABORATORY"-noun-0]|TX|1377/10|
00000000|MMI|5.18|Morning|C0332170|[tmco]|["Morning"-tx-3-"morning"-noun-0]|TX|515/7|
00000000|MMI|5.18|Negative Surgical Margin|C1709157|[fndg]|["Clear"-tx-3-"clear"-verb-0]|TX|459/5|
00000000|MMI|5.18|Non-tender|C0520960|[qlco]|["Non-tender"-tx-10-"non-tender"-adj-0]|TX|1320/10|
00000000|MMI|5.18|PMH - past medical history|C0455458|[fndg]|["Past medical history"-tx-8-"PAST MEDICAL HISTORY"-noun-0]|TX|927/20|
00000000|MMI|5.18|Phase I/II Trial|C1519043|[resa]|["1-2"-tx-13-"1.2"-real_number-0]|TX|1469/3|
00000000|MMI|5.18|Recent|C0332185|[tmco]|["Recently"-tx-2-"recently"-adv-0]|TX|186/8|
00000000|MMI|5.18|SHORT STATURE, ONYCHODYSPLASIA, FACIAL DYSMORPHISM, AND HYPOTRICHOSIS SYNDROME|C3542022|[dsyn]|["SOFT"-tx-10-"soft"-adj-0]|TX|1311/4|
00000000|MMI|5.18|Show|C1547282|[anim]|["Show"-tx-17-"show"-verb-0]|TX|1881/4|
00000000|MMI|5.18|Small Bowel Obstruction Adverse Event NOS|C1963239|[fndg]|["Small bowel obstruction NOS"-tx-8-"small bowel obstruction"-noun-0]|TX|1041/23|
00000000|MMI|5.18|Small bowel obstruction|C0235329|[dsyn]|["SMALL BOWEL OBSTRUCTION"-tx-8-"small bowel obstruction"-noun-0]|TX|1041/23|
00000000|MMI|5.18|Soft|C0205358|[qlco]|["Soft"-tx-10-"soft"-adj-0]|TX|1311/4|
00000000|MMI|5.18|Standing position|C0231472|[phsf]|["STANDING"-tx-9-"standing"-verb-0]|TX|1260/8|
00000000|MMI|5.18|TNFSF13 wt Allele|C3715025|[gngm]|["APRIL"-tx-16-"April"-noun-0]|TX|1746/5|
00000000|MMI|5.18|Taking vital signs|C0150404|[hlca]|["Vital signs"-tx-9-"VITAL SIGNS"-noun-0]|TX|1179/11|
00000000|MMI|5.18|Time (foundation metadata concept)|C3541383|[tmco]|["Time"-tx-19-"time"-noun-0]|TX|2212/4|
00000000|MMI|5.18|To|C1883351|[qlco]|["To"-tx-3-"to"-adv-0]|TX|403/2|
00000000|MMI|5.18|White blood cell count laboratory result|C0427512|[lbtr]|["white blood cell count"-tx-12-"White blood cell count"-noun-0]|TX|1389/22|
00000000|MMI|5.18|assessment.initial|C0150637|[fndg]|["initial assessment"-tx-6-"initial assessment"-noun-0]|TX|719/18|
00000000|MMI|5.18|completed - RoleLinkStatus|C3854010|[idcn]|["completed"-tx-19-"completed"-verb-0]|TX|2228/9|
00000000|MMI|5.18|gastrointestinal|C0521362|[spco]|["Gastrointestinal"-tx-7-"Gastrointestinal"-adj-0]|TX|823/16|
00000000|MMI|5.18|rectal|C0205052|[spco]|["Rectal"-tx-11-"RECTAL"-adj-0]|TX|1351/6|
00000000|MMI|4.12|Discharge to home|C0184713|[topp]|["Discharge home"-tx-2-"discharged home"-noun-0]|TX|350/15|
00000000|MMI|3.98|Beginning|C0439659|[tmco]|["Begin"-tx-3-"began"-verb-0]|TX|397/5|
00000000|MMI|3.78|Surrounding Erythema|C1822297|[fndg]|["Surrounding Erythema"-tx-18-"surrounding erythema"-noun-0]|TX|2045/11,2068/8|
00000000|MMI|3.78|renal study|C0846101|[diap]|["renal study"-tx-22-"Renal study"-noun-0]|TX|2367/5,2377/5|
00000000|MMI|3.75|Alkaline phosphatase stain|C1318717|[irda,orch]|["Alkaline phosphatase"-tx-15-"alkaline phosphatase"-noun-0]|TX|1588/20|
00000000|MMI|3.75|Finding of platelet count|C1287267|[lbtr]|["Platelet count"-tx-12-"platelet count"-noun-0]|TX|1440/14|
00000000|MMI|3.68|% index|C1637833|[qnco]|["% index"-tx-32-"Index"-noun-0]|TX|2884/5|
00000000|MMI|3.68|Add - instruction imperative|C1883712|[ftcn]|["Addition"-tx-20-"addition"-adv-0]|TX|2260/8|
00000000|MMI|3.68|Attending (action)|C1999232|[ftcn]|["attending"-tx-31-"Attending"-noun-0]|TX|2819/9|
00000000|MMI|3.68|Attending (provider role)|C1547429|[prog]|["Attending"-tx-31-"Attending"-noun-0]|TX|2819/9|
00000000|MMI|3.68|Dilated|C0700124|[fndg]|["Distended"-tx-10-"distended"-adj-1]|TX|1339/9|
00000000|MMI|3.68|Html Link Type - index|C1552854|[idcn]|["index"-tx-32-"Index"-noun-0]|TX|2884/5|
00000000|MMI|3.68|In addition to|C0332287|[ftcn]|["Addition"-tx-20-"addition"-adv-0]|TX|2260/8|
00000000|MMI|3.68|Index|C0918012|[inpr]|["Index"-tx-32-"Index"-noun-0]|TX|2884/5|
00000000|MMI|3.68|Nausea Adverse Event|C1963179|[patf]|["Nausea"-tx-16-"nausea"-noun-0]|TX|1654/6|
00000000|MMI|3.68|Total bilirubin level|C0368753|[lbtr]|["total bilirubin"-tx-15-"total bilirubin"-noun-0]|TX|1566/15|
00000000|MMI|3.68|Medication.discharge|C0806915|[fndg]|["Discharge medications"-tx-24-"MEDICATIONS DISCHARGE"-noun-0]|TX|2492/11,2507/9|
00000000|MMI|3.65|Principal Diagnosis:-:Point in time:^Patient:-|C2598194|[clna]|["Principal Diagnosis"-tx-1-"PRINCIPAL DIAGNOSIS"-noun-0]|TX|25/19|
00000000|MMI|3.65|Principal diagnosis|C0332137|[qlco]|["Principal Diagnosis"-tx-1-"PRINCIPAL DIAGNOSIS"-noun-0]|TX|25/19|
00000000|MMI|3.64|Lisinopril 20 MG|C0987219|[clnd]|["Lisinopril 20 MG"-tx-26-"lisinopril 20 mg"-noun-0]|TX|2629/16|
00000000|MMI|3.64|Normal limits|C0442816|[qnco]|["Normal limits"-tx-17-"normal limits"-noun-0]|TX|1855/13|
00000000|MMI|3.64|dictated - DocumentCompletion|C1609990|[idcn]|["Dictated"-tx-30-"Dictated"-verb-0]|TX|2775/8|
00000000|MMI|3.64|dictated - ParticipationMode|C1548384|[ftcn]|["dictated"-tx-30-"Dictated"-verb-0]|TX|2775/8|
00000000|MMI|3.63|4+ Answer to question|C3838679|[fndg]|["4+"-tx-14-"4"-real_number-0]|TX|1517/1|
00000000|MMI|3.63|C7orf49 gene|C1824234|[gngm]|["MRI"-tx-22-"MRI"-noun-0]|TX|2373/3|
00000000|MMI|3.63|Course|C0750729|[tmco]|["Course"-tx-19-"course"-noun-0]|TX|2248/6|
00000000|MMI|3.63|Emesis (Eukaryote)|C1060009|[euka]|["Emesis"-tx-6-"emesis"-noun-0]|TX|757/6|
00000000|MMI|3.63|Emesis [PE]|C2825053|[phsf]|["Emesis"-tx-6-"emesis"-noun-0]|TX|757/6|
00000000|MMI|3.63|Hematocrit level|C0518014|[fndg]|["Hematocrit"-tx-12-"hematocrit"-noun-0]|TX|1422/10|
00000000|MMI|3.63|Irrigation|C0022100|[topp]|["Lavage"-tx-5-"lavage"-noun-0]|TX|648/6|
00000000|MMI|3.63|Magnetic Resonance Imaging Study File|C3890166|[inpr]|["MRI"-tx-22-"MRI"-noun-0]|TX|2373/3|
00000000|MMI|3.63|Positive|C1446409|[qlco]|["Positive"-tx-10-"positive"-noun-0]|TX|1300/8|
00000000|MMI|3.63|Positive Charge|C2825490|[qlco]|["Positive"-tx-10-"positive"-noun-0]|TX|1300/8|
00000000|MMI|3.63|Positive Finding|C1514241|[fndg]|["POSITIVE"-tx-10-"positive"-noun-0]|TX|1300/8|
00000000|MMI|3.63|Positive Number|C3812269|[cnce]|["Positive"-tx-10-"positive"-noun-0]|TX|1300/8|
00000000|MMI|3.63|Specimen Source Codes - Lavage|C1546689|[inpr]|["Lavage"-tx-5-"lavage"-noun-0]|TX|648/6|
00000000|MMI|3.63|Vomitus|C0042965|[bdsu]|["EMESIS"-tx-6-"emesis"-noun-0]|TX|757/6|
00000000|MMI|3.63|percent positive cells|C0439178|[qnco]|["% Positive"-tx-10-"positive"-noun-0]|TX|1300/8|
00000000|MMI|3.62|Episode of|C0332189|[tmco]|["Episode of"-tx-3-"episodes of"-noun-0]|TX|419/11|
00000000|MMI|3.61|0%|C3842591|[fndg]|["0%"-tx-15-"0"-real_number-0]|TX|1582/1|
00000000|MMI|3.61|Batch (Response Modality)|C1550176|[inpr]|["Batch"-tx-32-"Batch"-noun-0]|TX|2871/5|
00000000|MMI|3.61|Batch (group)|C1948031|[qnco]|["Batch"-tx-32-"Batch"-noun-0]|TX|2871/5|
00000000|MMI|3.61|Batch Number|C3641829|[inpr]|["BATCH"-tx-32-"Batch"-noun-0]|TX|2871/5|
00000000|MMI|3.60|Ability to Sit question|C4050224|[inpr]|["Sitting"-tx-9-"sitting"-noun-0]|TX|1250/7|
00000000|MMI|3.60|Sitting Function|C2584297|[phsf]|["Sitting"-tx-9-"sitting"-noun-0]|TX|1250/7|
00000000|MMI|3.60|Sitting position|C0277814|[fndg]|["SITTING"-tx-9-"sitting"-noun-0]|TX|1250/7|
00000000|MMI|3.60|Dose Reduced|C1707814|[topp]|["Dose Decrease"-tx-16-"decreased dose"-noun-0]|TX|1712/14|
00000000|MMI|3.59|20%|C3842589|[fndg]|["20%"-tx-29-"20"-integer-0]|TX|2756/2|
00000000|MMI|3.59|50%|C3842586|[fndg]|["50%"-tx-27-"50"-integer-0]|TX|2670/2|
00000000|MMI|3.59|<50|C3843766|[fndg]|["<50"-tx-27-"50"-integer-0]|TX|2670/2|
00000000|MMI|3.59|Avandia|C0875967|[orch,phsu]|["Avandia"-tx-29-"Avandia"-noun-0]|TX|2718/7|
00000000|MMI|3.59|Admission activity|C0809949|[hlca]|["Admitted"-tx-2-"admitted"-verb-0]|TX|195/8|
00000000|MMI|3.59|Allopathic & Osteopathic Physicians - Surgery|C3853799|[prog]|["Surgery"-tx-6-"Surgery"-noun-0]|TX|705/7|
00000000|MMI|3.59|Consistent with|C0332290|[idcn]|["Consistent with"-tx-18-"consistent with"-adj-0]|TX|2091/15|
00000000|MMI|3.59|Diagnosis|C0011900|[fndg]|["Diagnosed"-tx-2-"diagnosed"-verb-0]|TX|264/9|E01
00000000|MMI|3.59|Hospital admission|C0184666|[hlca]|["admitted"-tx-2-"admitted"-verb-0]|TX|195/8|
00000000|MMI|3.59|July|C3829447|[qlco]|["July"-tx-2-"July"-noun-0]|TX|232/4|
00000000|MMI|3.59|October|C3828732|[qlco]|["October"-tx-2-"October"-noun-0]|TX|209/7|
00000000|MMI|3.59|Operative Surgical Procedures|C0543467|[hlca]|["Surgery"-tx-6-"Surgery"-noun-0]|TX|705/7|E04
00000000|MMI|3.59|Problems - What subject filter|C1546466|[idcn]|["Problems"-tx-20-"problems"-noun-0]|TX|2292/8|
00000000|MMI|3.59|Surgery specialty|C0038894|[bmod]|["Surgery"-tx-6-"Surgery"-noun-0]|TX|705/7|
00000000|MMI|3.59|seen|C0205397|[qlco]|["Seen"-tx-6-"seen"-verb-0]|TX|697/4|
00000000|MMI|3.58|most likely|C0750501|[idcn]|["most likely"-tx-7-"most likely"-adv-0]|TX|887/11|
00000000|MMI|3.57|Dark brown|C3841902|[fndg]|["Dark brown"-tx-3-"brown dark"-noun-0]|TX|481/5,497/4|
00000000|MMI|3.57|Evidence|C3887511|[idcn]|["Evidence"-tx-17-"evidence"-noun-0]|TX|1890/8|
00000000|MMI|3.57|Home environment|C0442519|[cnce]|["HOME"-tx-23-"home"-noun-0]|TX|2465/4|
00000000|MMI|3.57|Incision and drainage|C0152277|[topp]|["i d"-tx-19-"i.d"-adv-0]|TX|2170/3|
00000000|MMI|3.56|Ulcer of esophagus|C0151970|[dsyn]|["esophageal ulcerations"-tx-18-"esophageal ulcerations"-noun-0]|TX|1993/22|
00000000|MMI|3.54|Blood group antibody I|C0221138|[aapp,imft]|["I NOS"-tx-19-"i"-adv-0]|TX|2170/1|
00000000|MMI|3.54|Magnesium Cation|C2346927|[elii,phsu]|["Mg++"-tx-19-"mg"-noun-0]|TX|2165/2|
00000000|MMI|3.54|Milligram percent|C1960952|[qnco]|["mg %"-tx-19-"mg"-noun-0]|TX|2165/2|
00000000|MMI|3.54|Started|C1272689|[qlco]|["Started"-tx-19-"started"-verb-0]|TX|2142/7|
00000000|MMI|3.54|mg/dL|C0439269|[qnco]|["mg%"-tx-19-"mg"-noun-0]|TX|2165/2|
00000000|MMI|3.54|Female Phenotype|C1705498|[qlco]|["Female"-tx-2-"female"-noun-0]|TX|114/6|
00000000|MMI|3.54|Female, Self-Report|C1705497|[qlco]|["Female"-tx-2-"female"-noun-0]|TX|114/6|
00000000|MMI|3.53|Bowel sounds|C0232693|[fndg]|["Bowel sounds"-tx-10-"Bowel sounds"-noun-0]|TX|1287/12|
00000000|MMI|3.53|Ten-Day Report|C1710369|[inpr]|["TEN-DAY"-tx-19-"ten day"-noun-0]|TX|2240/7|
00000000|MMI|3.50|persistent|C0205322|[tmco]|["Persistent"-tx-16-"persistent"-adj-0]|TX|1643/10|
00000000|MMI|3.49|Blood pressure finding|C1271104|[fndg]|["Blood Pressure"-tx-9-"blood pressure"-noun-0]|TX|1227/14|
00000000|MMI|3.48|Stable Disease|C0677946|[fndg]|["Stable condition"-tx-23-"stable condition"-noun-0]|TX|2473/16|
00000000|MMI|3.48|Stable chronic Graft vs Host Disease|C3538874|[fndg]|["Stable condition"-tx-23-"stable condition"-noun-0]|TX|2473/16|
00000000|MMI|3.48|Esophageal|C1522619|[spco]|["Esophageal"-tx-18-"esophageal"-adj-0]|TX|2057/10|
00000000|MMI|3.48|Related personal status|C0445223|[fndg]|["Related"-tx-6-"related"-adj-0]|TX|749/7|
00000000|MMI|3.48|Relationships|C0439849|[qlco]|["Related"-tx-6-"related"-adj-0]|TX|749/7|
00000000|MMI|3.45|Pill esophagitis|C0267099|[dsyn]|["Pill oesophagitis"-tx-18-"pill esophagitis"-noun-0]|TX|2107/16|
00000000|MMI|3.44|Changed status|C0443172|[qnco]|["changing"-tx-6-"changing"-adj-0]|TX|768/8|
00000000|MMI|3.44|Changing|C0392747|[ftcn]|["Changing"-tx-6-"changing"-adj-0]|TX|768/8|
00000000|MMI|3.44|Numerous|C0439064|[qnco]|["Several"-tx-3-"several"-adj-0]|TX|411/7|
00000000|MMI|3.44|Several|C0443302|[qnco]|["Several"-tx-3-"several"-adj-0]|TX|411/7|
00000000|MMI|3.44|Past history of|C0332119|[qlco]|["Past history of"-tx-2-"past history of"-noun-0]|TX|128/4,141/10|
00000000|MMI|3.43|Probable diagnosis|C0332148|[qlco]|["Likely"-tx-18-"likely"-adj-0]|TX|2084/6|
00000000|MMI|3.43|Probably|C0750492|[idcn]|["Likely"-tx-18-"likely"-adj-0]|TX|2084/6|
00000000|MMI|3.42|Does turn (finding)|C0541749|[fndg]|["turned"-tx-3-"turned"-adj-0]|TX|474/6|
00000000|MMI|3.42|Then|C1883708|[tmco]|["Then"-tx-3-"then"-adv-0]|TX|469/4|
00000000|MMI|3.42|Distal|C0205108|[spco]|["DISTAL"-tx-18-"distal"-adj-0]|TX|2023/6|
00000000|MMI|