00000000|MMI|7.28|Signature|C1519316|[inpr]|["Signed"-tx-1-"Signed"-noun-0]|TX|[85/6],[141/6]|
00000000|MMI|7.28|signed - ParticipationSignature|C1561610|[inpr]|["signed"-tx-1-"Signed"-noun-0]|TX|[85/6],[141/6]|
00000000|MMI|3.65|Report status|C0586177|[fndg]|["Report status"-tx-1-"Report Status"-noun-0]|TX|126/13|
00000000|MMI|3.64|11-12|C3843712|[fndg]|["11-12"-tx-1-"11 12"-fraction-0]|TX|40/2,51/2|
00000000|MMI|3.63|Admission date:Time Stamp -- Date and Time:Point in time:^Patient:Quantitative|C2598112|[clna]|["Admission date"-tx-1-"Admission Date"-noun-0]|TX|100/14|
00000000|MMI|3.63|Date of admission|C1302393|[tmco]|["Admission date"-tx-1-"Admission Date"-noun-0]|TX|100/14|
00000000|MMI|3.59|Pyrexia of unknown origin (excl puerperal)|C0856281|[sosy]|["puo"-tx-1-"PUO"-noun-0]|TX|12/3|
00000000|MMI|3.48|Discharge summarization note:Finding:Point in time:{Setting}:Document:{Provider}|C0801840|[clna]|["Discharge summary"-tx-1-"Discharge Summary"-noun-0]|TX|65/17|
00000000|MMI|3.48|Discharge summary|C0743221|[inpr]|["Discharge summary"-tx-1-"Discharge Summary"-noun-0]|TX|65/17|
00000000|MMI|3.46|4+ Answer to question|C3838679|[fndg]|["4+"-tx-1-"4"-fraction-0]|TX|116/1|
00000000|MMI|3.46|Diagnostic interview schedule|C0451119|[inpr]|["DIS"-tx-1-"DIS"-noun-0]|TX|94/3|
00000000|MMI|3.46|Discontinued|C1444662|[fndg]|["DIS"-tx-1-"DIS"-noun-0]|TX|94/3|
00000000|MMI|59.24|5-Methyltetrahydrofolate-Homocysteine S-Methyltransferase|C0039676|[aapp,enzy]|["MS"-tx-39-"Ms"-noun-0,"MS"-tx-13-"Ms"-noun-0,"MS"-tx-8-"Ms"-noun-0]|TX|3583/2;1654/2;1112/2|D08.811.913.555.500.645
00000000|MMI|49.73|Hemochromatosis|C0018995|[dsyn]|["Haemochromatosis"-tx-29-"hemochromatosis"-noun-0,"Bronzed diabetes"-tx-6-"bronzed diabetes"-noun-0,"Haemochromatosis"-tx-6-"hemochromatosis"-noun-0]|TX|2792/15;611/16;593/15|C16.320.565.618.337;C18.452.565.500.480;C18.452.648.618.337
00000000|MMI|49.31|Desferal|C0591350|[irda,orch,phsu]|["Desferal"-tx-41-"Desferal"-noun-0,"Desferal"-tx-40-"Desferal"-noun-0,"Desferal"-tx-12-"Desferal"-noun-0]|TX|3769/8;3616/8;1504/8|D02.092.570.394.265;D02.241.511.372.265
00000000|MMI|39.99|Blood Platelets|C0005821|[cell]|["Platelets"-tx-32-"platelets"-noun-0,"Platelets"-tx-31-"platelets"-noun-0]|TX|[3024/9],[3108/9];2993/9|A11.118.188;A15.145.229.188
00000000|MMI|39.88|Aplastic Anemia|C0002874|[dsyn]|["Aplastic anaemia NOS"-tx-6-"aplastic anemia"-noun-0,"Aplastic anaemia NOS"-tx-3-"aplastic anemia"-noun-0,"Aplastic anaemia NOS"-tx-1-"APLASTIC ANEMIA"-noun-0]|TX|565/15;227/15;80/15|C15.378.071.085;C15.378.190.196
00000000|MMI|30.17|Historical aspects qualifier|C0019665|[ftcn]|["history"-tx-6-"history"-noun-0,"history"-tx-3-"history"-noun-0]|TX|[884/7],[950/7];170/7|x.x.x
00000000|MMI|28.68|Reglan|C0034977|[orch,phsu]|["Reglan"-tx-13-"Reglan"-noun-0]|TX|1727/6|D02.065.277.573;D02.241.223.100.050.500.647;D02.241.223.100.100.510;D02.241.223.100.200.750;D02.241.223.100.300.350.625;D02.241.511.390.350.625;D02.455.426.559.389.127.020.937.647;D02.455.426.559.389.127.085.510;D02.455.426.559.389.127.250.750;D02.455.426.559.389.127.281.350.625;D02.455.426.559.389.657.654.638.625
00000000|MMI|27.26|Date Fruit|C2348077|[food]|["Dates"-tx-3-"dates"-verb-0]|TX|178/5|B01.650.940.800.575.100.093.615
00000000|MMI|26.28|Nausea|C0027497|[sosy]|["NAUSEA"-tx-13-"nausea"-noun-0,"NAUSEA"-tx-10-"nausea"-noun-1]|TX|1774/6;1280/6|C23.888.821.712
00000000|MMI|26.11|Mongolia|C0026410|[geoa]|["MG"-tx-12-"mg"-noun-0]|TX|[1572/2],[1595/2]|Z01.252.474.651
00000000|MMI|22.50|insulin, isophane|C0021658|[aapp,horm,phsu]|["Insulin, NPH"-tx-13-"insulin NPH"-noun-0]|TX|1782/7,1799/3|D06.472.699.587.200.300.200;D12.644.548.586.200.300.200
00000000|MMI|22.38|Oxycodone|C0030049|[orch,phsu]|["OXYCODONE"-tx-12-"oxycodone"-noun-0]|TX|1583/9|D03.132.577.249.562.149.575;D03.549.686.607.204.650;D03.605.497.607.204.650;D04.615.723.795.576.149.575
00000000|MMI|22.38|High-Grade Squamous Intraepithelial Lesions|C0333875|[neop]|["High grade SIL"-tx-7-"high grade SIL"-noun-0]|TX|1081/14|C04.834.818.500;C13.351.500.852.593.074.500;C23.149.750
00000000|MMI|22.37|10%|C3842590|[fndg]|["10%"-tx-48-"10"-fraction-0,"10%"-tx-13-"10"-integer-0,"10%"-tx-13-"10"-integer-1,"10%"-tx-12-"10"-integer-0]|TX|[4175/2],[4187/2];[1734/2],[1820/2],[1854/2];[1734/2],[1820/2],[1854/2];1569/2|
00000000|MMI|20.56|History|C0019664|[ocdi]|["History"-tx-6-"history"-noun-0,"History"-tx-3-"history"-noun-0]|TX|[884/7],[950/7];170/7|K01.400
00000000|MMI|20.13|Abdomen|C0000726|[blor]|["ABDOMEN"-tx-22-"ABDOMEN"-noun-0,"Abdominal"-tx-7-"abdominal"-noun-0]|TX|2314/7;1054/9|A01.923.047
00000000|MMI|19.95|Complication Aspects|C1171258|[patf]|["complications"-tx-29-"complications"-noun-0,"complications"-tx-6-"complications"-noun-0]|TX|2765/13;544/13|x.x.x
00000000|MMI|19.88|Back|C0004600|[blor]|["BACK"-tx-38-"back"-noun-0,"BACK"-tx-3-"back"-adj-0]|TX|3528/4;184/4|A01.923.176
00000000|MMI|19.34|Meal (occasion for eating)|C1998602|[dora]|["Meals"-tx-13-"meals"-noun-0]|TX|1764/5|F01.145.407.432.500;F01.145.466.349.500;G07.203.300.590;G07.203.650.353.432.500;J02.500.590
00000000|MMI|19.22|Complete Blood Count|C0009555|[lbpr]|["CBC"-tx-44-"CBC"-noun-0]|TX|4032/3|E01.370.225.500.195.107;E01.370.225.625.107;E05.200.500.195.107;E05.200.625.107;E05.242.195.107;G04.170.107;G09.188.105
00000000|MMI|19.22|Patient Discharge|C0030685|[hlca]|["Discharge"-tx-43-"DISCHARGE"-noun-0]|TX|3919/9|E02.204.125;E02.760.400.610;N02.421.192.125;N02.421.585.400.610;N04.590.233.727.210.125
00000000|MMI|18.22|Two|C0205448|[qnco]|["Two"-tx-40-"two"-adj-0,"Two"-tx-33-"two"-adj-0,"Two"-tx-31-"two"-adj-0,"Two"-tx-13-"two"-adj-0,"Two"-tx-12-"two"-noun-0]|TX|3732/3;3144/3;2981/3;1703/3;1528/3|
00000000|MMI|17.80|Abdominal Pain|C0000737|[sosy]|["ABDOMINAL PAIN"-tx-10-"abdominal pain"-noun-1]|TX|1300/14|C10.597.617.044;C23.888.592.612.054;C23.888.821.030
00000000|MMI|17.80|Chest Pain|C0008031|[sosy]|["CHEST PAIN"-tx-10-"chest pain"-noun-1]|TX|1413/10|C10.597.617.192;C23.888.592.612.233
00000000|MMI|17.80|Klebsiella|C0022727|[bact]|["KLEBSIELLA"-tx-6-"Klebsiella"-noun-0]|TX|919/10|B03.440.450.425.425;B03.660.250.150.400
00000000|MMI|17.80|Togo|C0040363|[geoa]|["TO"-tx-37-"to"-adv-0]|TX|3440/2|Z01.058.290.190.800
00000000|MMI|17.80|Tryptophanase|C0041260|[aapp,enzy]|["TO"-tx-37-"to"-adv-0]|TX|3440/2|D08.811.520.224.800
00000000|MMI|16.38|Hypoglossal nerve structure|C0020614|[bpoc]|["Cranial nerve XII"-tx-26-"Cranial nerves XII"-noun-0]|TX|2542/14,2560/3|A08.800.800.120.330
00000000|MMI|16.37|Respiratory rate|C0231832|[clna]|["Respiratory Rate"-tx-14-"respiratory rate"-noun-0]|TX|1975/16|E01.370.600.875.875;G09.772.770.755.730
00000000|MMI|16.37|heart rate|C0018810|[clna]|["Heart Rate"-tx-14-"heart rate"-noun-0]|TX|1935/10|E01.370.600.875.500;G09.330.380.500
00000000|MMI|16.30|Blood Pressure|C0005823|[orgf]|["BLOOD PRESSURE"-tx-14-"blood pressure"-noun-0]|TX|1951/14|E01.370.600.875.249;G09.330.380.076
00000000|MMI|16.30|Systemic arterial pressure|C1272641|[fndg]|["Blood pressure"-tx-14-"blood pressure"-noun-0]|TX|1951/14|G09.330.380.076.347
00000000|MMI|16.23|Pain|C0030193|[sosy]|["PAIN"-tx-13-"pain"-noun-0]|TX|1647/4|C10.597.617;C23.888.592.612;F02.830.816.444;G11.561.600.810.444
00000000|MMI|16.19|Platelet Transfusion|C0086818|[topp]|["Transfusions, Platelet"-tx-5-"platelet transfusions"-noun-0]|TX|485/21|E02.095.135.140.650
00000000|MMI|16.18|Hematocrit procedure|C0018935|[lbpr]|["Hematocrit"-tx-33-"hematocrit"-noun-0]|TX|3180/10|E01.370.225.625.400;E05.200.625.400;G09.188.370.374
00000000|MMI|16.18|Hydrocephalus, Normal Pressure|C0020258|[dsyn]|["NPH"-tx-13-"NPH"-noun-0]|TX|1863/3|C10.228.140.602.750
00000000|MMI|16.10|Visiting Nurses|C0042799|[prog]|["Visiting Nurse"-tx-41-"visiting nurse"-noun-0]|TX|3816/14|M01.526.485.650.655;N02.360.650.655
00000000|MMI|16.07|Iodides|C0021966|[inch]|["I-"-tx-12-"i"-adv-0]|TX|1577/1|D01.248.497.158.490;D01.475.410
00000000|MMI|16.07|Dominican Republic|C0013014|[geoa]|["DR"-tx-41-"Dr"-noun-0]|TX|3875/2|Z01.107.084.900.300;Z01.639.880.300
00000000|MMI|16.05|Fluoroscopy|C0016356|[diap]|["FLUOROSCOPY"-tx-36-"fluoroscopy"-noun-0]|TX|3378/11|E01.370.350.700.225
00000000|MMI|16.04|Ankle|C0003086|[bsoj]|["Ankles"-tx-24-"ankles"-noun-0]|TX|2470/6|A01.378.610.250.149
00000000|MMI|15.79|Negation|C1518422|[ftcn]|["Not"-tx-40-"not"-adv-0,"Not"-tx-32-"not"-adv-0,"Not"-tx-4-"not"-adv-0]|TX|3699/3;3090/3;253/3|
00000000|MMI|15.06|History of present illness|C0262512|[orga]|["History, NOS"-tx-6-"history"-noun-0,"History, NOS"-tx-3-"history"-noun-0,"HISTORY OF PRESENT ILLNESS"-tx-2-"HISTORY OF PRESENT ILLNESS"-noun-0]|TX|[884/7],[950/7];170/7;127/26|
00000000|MMI|14.64|Abdominal Cavity|C0230168|[blor]|["Abdomen"-tx-22-"ABDOMEN"-noun-0]|TX|2314/7|A01.923.047.025
00000000|MMI|14.64|BaseLine dental cement|C0168634|[bodm]|["baseline"-tx-24-"baseline"-noun-0]|TX|2487/8|x.x.x.x
00000000|MMI|14.64|Dyspnea|C0013404|[sosy]|["SHORTNESS OF BREATH"-tx-10-"shortness of breath"-noun-1]|TX|1391/19|C08.618.326;C23.888.852.371
00000000|MMI|14.64|Vital signs|C0518766|[clna]|["Signs, Vital"-tx-14-"VITAL SIGNS"-noun-0]|TX|1915/11|E01.370.600.875
00000000|MMI|14.64|Vomiting|C0042963|[sosy]|["VOMITING"-tx-10-"vomiting"-verb-1]|TX|1289/8|C23.888.821.937
00000000|MMI|14.25|23|C0450348|[qnco]|["23"-tx-48-"23"-fraction-0,"23"-tx-33-"23"-integer-0,"23"-tx-1-"23"-fraction-0]|TX|[4178/2],[4190/2];3194/2;18/2|
00000000|MMI|13.89|Time|C0040223|[tmco]|["times"-tx-12-"times"-noun-0,"TIME"-tx-4-"time"-noun-0]|TX|1602/5;296/4|G01.910
00000000|MMI|13.14|Movement|C0026649|[orgf]|["Movements"-tx-16-"movements"-noun-0]|TX|2104/9|G07.700.560;G11.427.590.530
00000000|MMI|13.08|Home visit (procedure)|C0020043|[hlca]|["home visiting"-tx-41-"home visiting"-noun-0]|TX|3806/4,3816/8|N04.452.758.307
00000000|MMI|13.07|Home Care Services|C0019855|[hlca]|["care home services"-tx-44-"home services care"-noun-0]|TX|3974/13,4009/4|N02.421.143.524;N02.421.539.089
00000000|MMI|13.05|Heparin|C0019134|[bacs,orch,phsu]|["HEPARIN"-tx-38-"heparin"-noun-0]|TX|3500/7|D09.698.373.400
00000000|MMI|13.02|anaphylaxis|C0002792|[patf]|["ANAPHYLAXIS"-tx-40-"anaphylaxis"-noun-0]|TX|3674/11|C20.543.480.099
00000000|MMI|13.02|Urinary tract infection|C0042029|[dsyn]|["URINARY TRACT INFECTION"-tx-10-"urinary tract infection"-noun-1]|TX|1356/23|C01.539.895;C12.777.892;C13.351.968.892
00000000|MMI|12.96|Orthopedics|C0029355|[bmod]|["orthopaedic"-tx-6-"orthopedic"-adj-0]|TX|825/10|H02.403.810.494
00000000|MMI|12.91|Fever|C0015967|[fndg]|["FEVER"-tx-10-"fever"-noun-1]|TX|1263/5|C23.888.119.344
00000000|MMI|12.91|Physicians|C0031831|[prog]|["DR"-tx-41-"Dr"-noun-0]|TX|3875/2|M01.526.485.810;N02.360.810
00000000|MMI|12.91|Interventional radiology|C0034602|[bmod]|["Interventional Radiology"-tx-32-"Interventional Radiology"-noun-0]|TX|3049/24|H02.403.740.675
00000000|MMI|12.90|Nurses|C0028661|[prog]|["NURSE"-tx-41-"nurse"-noun-0]|TX|3825/5|M01.526.485.650;N02.360.650
00000000|MMI|12.89|Epistaxis|C0014591|[patf]|["EPISTAXIS"-tx-5-"epistaxis"-noun-0]|TX|511/9|C08.460.261;C09.603.261;C23.550.414.712
00000000|MMI|11.49|Chills|C0085593|[sosy]|["CHILLS"-tx-10-"chills"-noun-1]|TX|1271/6|C23.888.208
00000000|MMI|11.49|Heart murmur|C0018808|[fndg]|["murmurs"-tx-21-"murmurs"-noun-1]|TX|2304/7|C23.888.447
00000000|MMI|11.49|Mucous Membrane|C0026724|[tisu]|["Mucous Membranes"-tx-18-"Mucous membranes"-noun-0]|TX|2156/16|A10.615.550
00000000|MMI|11.49|Oropharyngeal|C0521367|[blor]|["OROPHARYNX"-tx-17-"Oropharynx"-noun-0]|TX|2123/10|A04.623.603;A14.724.603
00000000|MMI|11.49|Physical Examination|C0031809|[hlca]|["PHYSICAL EXAMINATION"-tx-14-"PHYSICAL EXAMINATION"-noun-0]|TX|1880/20|E01.370.600
00000000|MMI|11.49|Visual Accommodation|C0000936|[clna]|["Accommodation"-tx-15-"accommodation"-noun-0]|TX|2076/13|G14.640.079
00000000|MMI|11.49|utilization qualifier|C0042153|[ftcn]|["use"-tx-37-"use"-verb-0]|TX|3443/3|x.x.x
00000000|MMI|11.20|Secondary to|C0175668|[tmco]|["Secondary to"-tx-29-"secondary to"-adj-0,"Secondary to"-tx-6-"secondary to"-adj-0]|TX|2779/12;[680/12],[847/12]|
00000000|MMI|11.17|MTR wt Allele|C3539704|[gngm]|["MS"-tx-39-"Ms"-noun-0,"MS"-tx-13-"Ms"-noun-0,"MS"-tx-8-"Ms"-noun-0]|TX|3583/2;1654/2;1112/2|
00000000|MMI|11.17|Ms. - Title|C2349943|[cnce]|["Ms."-tx-39-"Ms"-noun-0,"Ms."-tx-13-"Ms"-noun-0,"Ms."-tx-8-"Ms"-noun-0]|TX|3583/2;1654/2;1112/2|
00000000|MMI|11.15|Platelets Adverse Event|C1963076|[fndg]|["Platelets"-tx-32-"platelets"-noun-0,"Platelets"-tx-32-"platelets"-noun-1,"Platelets"-tx-31-"platelets"-noun-0]|TX|[3024/9],[3108/9];[3024/9],[3108/9];2993/9|
00000000|MMI|10.95|Infusion procedures|C0574032|[topp]|["Infusion"-tx-41-"infusion"-noun-0,"Infusion"-tx-40-"infusion"-noun-0]|TX|3778/8;[3604/8],[3715/8]|
00000000|MMI|10.95|Infusion route|C1827465|[ftcn]|["Infusion"-tx-41-"infusion"-noun-0,"Infusion"-tx-40-"infusion"-noun-0]|TX|3778/8;[3604/8],[3715/8]|
00000000|MMI|10.94|Concept History|C1705255|[cnce]|["History"-tx-6-"history"-noun-0,"History"-tx-3-"history"-noun-0]|TX|[884/7],[950/7];170/7|
00000000|MMI|10.94|History of previous events|C2004062|[fndg]|["History"-tx-6-"history"-noun-0,"History"-tx-3-"history"-noun-0]|TX|[884/7],[950/7];170/7|
00000000|MMI|10.94|Medical History|C0262926|[fndg]|["History"-tx-6-"history"-noun-0,"History"-tx-3-"history"-noun-0]|TX|[884/7],[950/7];170/7|
00000000|MMI|10.75|Catheter, Hickman|C1546667|[inpr]|["Catheter, Hickman"-tx-44-"Hickman catheter"-noun-0,"Catheter, Hickman"-tx-41-"Hickman catheter"-noun-0,"Catheter, Hickman"-tx-34-"Hickman catheter"-noun-0]|TX|3992/16;3835/16;3256/16|
00000000|MMI|10.75|Hickman catheter|C0179762|[medd]|["Hickman catheter"-tx-44-"Hickman catheter"-noun-0,"Hickman catheter"-tx-41-"Hickman catheter"-noun-0,"Hickman catheter"-tx-34-"Hickman catheter"-noun-0]|TX|3992/16;3835/16;3256/16|
00000000|MMI|10.65|per year|C0439508|[tmco]|["/Year"-tx-30-"year"-noun-0,"/Year"-tx-29-"year"-noun-0,"/Year"-tx-9-"year"-noun-0]|TX|2927/4;2675/4;1224/4|
00000000|MMI|10.65|year|C0439234|[tmco]|["YEAR"-tx-30-"year"-noun-0,"YEAR"-tx-29-"year"-noun-0,"YEAR"-tx-9-"year"-noun-0]|TX|2927/4;2675/4;1224/4|
00000000|MMI|10.63|Unit|C0439148|[qnco]|["UNITS"-tx-13-"units"-noun-0]|TX|[1793/5],[1823/5],[1857/5]|
00000000|MMI|10.63|Unit - NCI Thesaurus Property|C3853603|[ftcn]|["Units"-tx-13-"units"-noun-0]|TX|[1793/5],[1823/5],[1857/5]|
00000000|MMI|10.63|Unit of Measure|C1519795|[qnco]|["Units"-tx-13-"units"-noun-0]|TX|[1793/5],[1823/5],[1857/5]|
00000000|MMI|10.53|chronic|C0205191|[tmco]|["CHRONIC"-tx-29-"chronic"-adj-0,"CHRONIC"-tx-6-"chronic"-adj-0]|TX|2812/7;[789/7],[860/7]|
00000000|MMI|10.51|Numerous|C0439064|[qnco]|["MULTIPLE"-tx-29-"multiple"-adj-0,"MULTIPLE"-tx-6-"multiple"-adj-0]|TX|2756/8;[535/8],[961/8]|
00000000|MMI|10.42|Doctor of Medicine|C1512018|[inpr]|["M.D."-tx-46-"M.D"-noun-0,"M.D."-tx-45-"M.D"-noun-0]|TX|4117/3;4066/3|
00000000|MMI|10.42|Gender Status - Intact|C1554187|[fndg]|["Intact"-tx-26-"intact"-adj-0,"Intact"-tx-16-"intact"-adj-0]|TX|2569/6;2114/6|
00000000|MMI|10.42|Intact|C0205266|[qlco]|["Intact"-tx-26-"intact"-adj-0,"Intact"-tx-16-"intact"-adj-0]|TX|2569/6;2114/6|
00000000|MMI|10.42|Modified Rankin Scale Questionnaire|C3714939|[inpr]|["MRS"-tx-28-"Mrs"-noun-0,"MRS"-tx-2-"Mrs"-noun-0]|TX|2654/3;155/3|
00000000|MMI|10.42|Modified rankin scale:Score:Point in time:^Patient:Ordinal|C3854213|[clna]|["mRS"-tx-28-"Mrs"-noun-0,"mRS"-tx-2-"Mrs"-noun-0]|TX|2654/3;155/3|
00000000|MMI|10.42|Mrs - title|C2349188|[cnce]|["Mrs."-tx-28-"Mrs"-noun-0,"Mrs."-tx-2-"Mrs"-noun-0]|TX|2654/3;155/3|
00000000|MMI|10.42|On admission|C0457453|[tmco]|["On admission"-tx-14-"ON ADMISSION"-adj-0,"On admission"-tx-12-"ON ADMISSION"-adj-0]|TX|1901/12;1490/12|
00000000|MMI|10.42|Send (transmission)|C1519246|[ftcn]|["Sent"-tx-41-"sent"-verb-0,"Sent"-tx-38-"sent"-verb-0]|TX|3801/4;3523/4|
00000000|MMI|10.42|magnetic resonance spectroscopic imaging|C1522706|[diap]|["MRS"-tx-28-"Mrs"-noun-0,"MRS"-tx-2-"Mrs"-noun-0]|TX|2654/3;155/3|
00000000|MMI|10.06|Drug Allergy|C0013182|[dsyn]|["Drug Allergies"-tx-11-"drug allergies"-noun-1]|TX|1461/14|C20.543.206;C25.100.468
00000000|MMI|9.99|Ambulatory Care Facilities|C0002424|[hcro,mnob]|["Clinic"-tx-42-"clinic"-adj-0]|TX|3897/6|N02.278.035
00000000|MMI|9.90|Disease|C0012634|[dsyn]|["condition"-tx-43-"CONDITION"-noun-0]|TX|3906/9|C23.550.288
00000000|MMI|9.90|Erythema|C0041834|[dsyn]|["ERYTHEMA"-tx-17-"erythema"-noun-1]|TX|2145/8|C17.800.229
00000000|MMI|9.90|Flushing|C0016382|[sosy]|["Flushed"-tx-38-"flushed"-verb-0]|TX|3487/7|C23.888.388
00000000|MMI|9.88|Pneumothorax|C0032326|[dsyn]|["PNEUMOTHORAX"-tx-36-"pneumothorax"-noun-1]|TX|3362/12|C08.528.778
00000000|MMI|9.86|Upper Respiratory Infections|C0041912|[dsyn]|["Respiratory Infection, Upper"-tx-10-"upper respiratory infection"-noun-1]|TX|1317/27|C01.539.739;C08.730
00000000|MMI|9.77|Communicable Diseases|C0009450|[dsyn]|["Infection, NOS"-tx-10-"infection"-noun-1]|TX|1370/9|C01.539.221
00000000|MMI|9.77|inpatient|C0021562|[podg]|["Inpatient"-tx-1-"INPATIENT"-noun-0]|TX|44/9|M01.643.470
00000000|MMI|9.77|Port-A-Cath|C3495140|[medd]|["Port-A-Cath"-tx-6-"Port-A-Cath"-noun-0]|TX|970/11|E07.132.750
00000000|MMI|9.76|Methadone|C0025605|[orch,phsu]|["METHADONE"-tx-12-"Methadone"-noun-0]|TX|1559/9|D02.522.675
00000000|MMI|9.76|Tablet Dosage Form|C0039225|[bodm]|["TAB"-tx-12-"tabs"-noun-0]|TX|1628/4|D26.255.830
00000000|MMI|9.76|Blood Transfusion|C0005841|[topp]|["Transfusions"-tx-6-"transfusions"-noun-0]|TX|693/12|E02.095.135
00000000|MMI|8.34|Heart|C0018787|[bpoc]|["HEART"-tx-21-"HEART"-noun-0]|TX|2257/5|A07.541
00000000|MMI|8.34|Hypersensitivity|C0020517|[patf]|["Allergies"-tx-11-"ALLERGIES"-noun-0]|TX|1441/9|C20.543
00000000|MMI|8.34|Lung|C0024109|[bpoc]|["LUNGS"-tx-20-"LUNGS"-noun-0]|TX|2230/5|A04.411
00000000|MMI|8.34|Neck|C0027530|[blor]|["NECK"-tx-19-"NECK"-noun-0]|TX|2186/4|A01.598
00000000|MMI|7.46|Transfused|C1549003|[idcn]|["Transfused"-tx-33-"transfused"-verb-0,"Transfused"-tx-31-"transfused"-verb-0]|TX|3133/10;2965/10|
00000000|MMI|7.38|Beginning|C0439659|[tmco]|["Begin"-tx-40-"began"-verb-0,"Beginning"-tx-9-"beginning"-noun-0]|TX|3595/5;1197/9|
00000000|MMI|7.28|Home environment|C0442519|[cnce]|["HOME"-tx-41-"home"-noun-0,"house"-tx-40-"house"-adj-0]|TX|3806/4;3634/5|
00000000|MMI|7.27|Symptoms|C1457887|[sosy]|["SYMPTOMS"-tx-10-"symptoms"-noun-1]|TX|[1345/8],[1380/8]|
00000000|MMI|7.27|Symptoms aspect|C0683368|[ftcn]|["symptoms"-tx-10-"symptoms"-noun-0]|TX|[1345/8],[1380/8]|
00000000|MMI|7.27|HEMOCHROMATOSIS, TYPE 1|C3469186|[dsyn]|["HEMOCHROMATOSIS"-tx-29-"hemochromatosis"-noun-0,"HEMOCHROMATOSIS"-tx-6-"hemochromatosis"-noun-0]|TX|2792/15;593/15|
00000000|MMI|7.27|HFE gene|C1384665|[gngm]|["hemochromatosis"-tx-29-"hemochromatosis"-noun-0,"hemochromatosis"-tx-6-"hemochromatosis"-noun-0]|TX|2792/15;593/15|
00000000|MMI|7.26|Complication|C0009566|[patf]|["Complications"-tx-29-"complications"-noun-0,"Complications"-tx-6-"complications"-noun-0]|TX|2765/13;544/13|
00000000|MMI|7.25|Present|C0150312|[qnco]|["In"-tx-42-"in"-adj-0,"Present"-tx-9-"presents"-verb-0]|TX|3894/2;1124/8|
00000000|MMI|7.25|Nausea Adverse Event|C1963179|[patf]|["Nausea"-tx-13-"nausea"-noun-0,"Nausea"-tx-10-"nausea"-noun-1]|TX|1774/6;1280/6|
00000000|MMI|7.23|July|C3829447|[qlco]|["July"-tx-39-"July"-noun-0,"July"-tx-34-"July"-noun-0]|TX|3569/4;3202/4|
00000000|MMI|7.19|Back structure, excluding neck|C1995000|[blor]|["Back, NOS"-tx-38-"back"-noun-0,"Back, NOS"-tx-3-"back"-adj-0]|TX|3528/4;184/4|
00000000|MMI|7.19|Back structure, including back of neck|C0460009|[blor]|["Back"-tx-38-"back"-noun-0,"Back"-tx-3-"back"-adj-0]|TX|3528/4;184/4|
00000000|MMI|7.19|Dorsal|C0205095|[spco]|["BACK"-tx-38-"back"-noun-0,"BACK"-tx-3-"back"-adj-0]|TX|3528/4;184/4|
00000000|MMI|7.18|Bag Device Component|C1704776|[mnob]|["Bag"-tx-32-"bag"-verb-0,"Bags"-tx-31-"bags"-noun-0]|TX|3017/3;2985/4|
00000000|MMI|7.18|steroid use|C0281991|[inbe]|["Steroid Use"-tx-29-"steroid use"-noun-0,"Steroid Use"-tx-6-"steroid use"-noun-0]|TX|2820/11;868/11|
00000000|MMI|7.17|milligram/day|C0439422|[qnco]|["mg/d"-tx-13-"mg d"-noun-0,"mg/d"-tx-12-"mg d"-noun-0]|TX|1737/2,1749/1;1572/2,1579/1|
00000000|MMI|7.14|Disaffection|C0680237|[socb]|["fall out"-tx-30-"fallen out"-adv-0,"fall out"-tx-9-"fallen out"-adv-0]|TX|2899/10;1179/10|
00000000|MMI|7.13|A Proliferation-Inducing Ligand Measurement|C3811652|[lbpr]|["APRIL"-tx-30-"April"-noun-0,"APRIL"-tx-9-"April"-noun-0]|TX|2913/5;1210/5|
00000000|MMI|7.13|April|C3715024|[tmco]|["April"-tx-30-"April"-noun-0,"April"-tx-9-"April"-noun-0]|TX|2913/5;1210/5|
00000000|MMI|7.13|TNFSF13 wt Allele|C3715025|[gngm]|["APRIL"-tx-30-"April"-noun-0,"APRIL"-tx-9-"April"-noun-0]|TX|2913/5;1210/5|
00000000|MMI|7.12|Event Seriousness - Significant|C1546944|[qlco]|["Significant"-tx-7-"significant"-adj-0,"Significant"-tx-4-"significant"-adj-0]|TX|1020/11;344/11|
00000000|MMI|7.12|Significant|C0750502|[idcn]|["Significant"-tx-7-"significant"-adj-0,"Significant"-tx-4-"significant"-adj-0]|TX|1020/11;344/11|
00000000|MMI|7.12|Statistical Significance|C0237881|[qnco]|["significant"-tx-7-"significant"-adj-0,"significant"-tx-4-"significant"-adj-0]|TX|1020/11;344/11|
00000000|MMI|7.09|Transfusion dependent|C1698624|[qlco]|["Transfusion dependent"-tx-29-"transfusion dependent"-adj-0,"Transfusion dependent"-tx-5-"transfusion dependent"-adj-0]|TX|2713/21;378/21|
00000000|MMI|7.08|Magnesium Cation|C2346927|[elii,phsu]|["Mg++"-tx-12-"mg"-noun-0]|TX|[1572/2],[1595/2]|
00000000|MMI|7.08|Milligram percent|C1960952|[qnco]|["mg %"-tx-12-"mg"-noun-0]|TX|[1572/2],[1595/2]|
00000000|MMI|7.08|mg/dL|C0439269|[qnco]|["mg%"-tx-12-"mg"-noun-0]|TX|[1572/2],[1595/2]|
00000000|MMI|7.04|Percocet|C0086787|[orch,phsu]|["percocets"-tx-13-"Percocets"-noun-0,"Percocet"-tx-12-"Percocet"-noun-0]|TX|1707/9;1615/8|
00000000|MMI|7.02|Regular|C0205272|[qlco]|["Regular"-tx-21-"Regular"-adj-0,"Regular"-tx-13-"regular"-adj-0]|TX|2264/7;1829/7|
00000000|MMI|7.00|month|C0439231|[tmco]|["MONTHS"-tx-40-"months"-noun-0,"MONTHS"-tx-12-"months"-noun-0]|TX|3736/6;1532/6|
00000000|MMI|7.00|Admission activity|C0809949|[hlca]|["Admitted"-tx-30-"admitted"-verb-0,"Admission"-tx-12-"admission"-noun-0]|TX|2842/8;1548/9|
00000000|MMI|7.00|Hospital admission|C0184666|[hlca]|["admitted"-tx-30-"admitted"-verb-0,"Admission"-tx-12-"admission"-noun-0]|TX|2842/8;1548/9|
00000000|MMI|6.98|Registered nurse|C0687673|[prog]|["R.N."-tx-13-"r.n"-adj-0,"R.N."-tx-5-"r.n"-adj-0]|TX|1642/3;480/3|
00000000|MMI|6.93|P Blood group antibodies|C0369773|[aapp,imft]|["P NOS"-tx-13-"p"-adj-0,"P NOS"-tx-5-"p"-adj-0]|TX|1640/1;478/1|
00000000|MMI|6.93|P prime|C2603361|[clna]|["P'"-tx-13-"p"-adj-0,"P'"-tx-5-"p"-adj-0]|TX|1640/1;478/1|
00000000|MMI|6.90|Morning|C0332170|[tmco]|["Morning"-tx-13-"morning"-noun-0]|TX|[1810/7],[1844/7]|
00000000|MMI|6.83|Prosthesis|C0175649|[medd]|["PROSTHESES"-tx-6-"prostheses"-noun-0]|TX|836/10|E07.695
00000000|MMI|6.74|Steroids|C0038317|[orch]|["Steroids"-tx-4-"steroids"-noun-0]|TX|327/8|D04.808
00000000|MMI|6.69|Woman|C0043210|[popg]|["WOMAN"-tx-29-"woman"-noun-0]|TX|2684/5|M01.975
00000000|MMI|6.62|Infection|C3714514|[patf]|["INFECTION"-tx-10-"infection"-noun-1]|TX|1370/9|C01.539
00000000|MMI|5.18|Accommodation|C1832072|[fndg]|["Accommodation"-tx-15-"accommodation"-noun-0]|TX|2076/13|
00000000|MMI|5.18|Alert|C3665546|[ftcn]|["Alert"-tx-25-"alert"-adj-0]|TX|2518/5|
00000000|MMI|5.18|Alert:Type:Point in time:^Patient:Nominal|C3669039|[clna]|["Alert"-tx-25-"alert"-adj-0]|TX|2518/5|
00000000|MMI|5.18|As Much as Desired|C1879743|[qlco]|["Freely"-tx-38-"freely"-adv-0]|TX|3471/6|
00000000|MMI|5.18|Baseline|C1442488|[qnco]|["Baseline"-tx-24-"baseline"-noun-0]|TX|2487/8|
00000000|MMI|5.18|CDISC SDTM Procedure Terminology|C3539779|[inpr]|["Procedure"-tx-31-"procedure"-noun-0]|TX|2947/9|
00000000|MMI|5.18|Chest pain:Finding:Point in time:^Patient:Ordinal|C2926613|[clna]|["Chest pain"-tx-10-"chest pain"-noun-0]|TX|1413/10|
00000000|MMI|5.18|Clear|C2963144|[qlco]|["Clear"-tx-20-"Clear"-verb-0]|TX|2237/5|
00000000|MMI|5.18|Complete|C0205197|[qlco]|["COMPLETE"-tx-41-"completes"-verb-0]|TX|3755/9|
00000000|MMI|5.18|Consciousness clear|C0239110|[fndg]|["ALERT"-tx-25-"alert"-adj-0]|TX|2518/5|
00000000|MMI|5.18|Daily|C0332173|[tmco]|["/day"-tx-12-"day"-noun-0]|TX|1610/3|
00000000|MMI|5.18|Data operation - complete|C3853530|[ftcn]|["complete"-tx-41-"completes"-verb-0]|TX|3755/9|
00000000|MMI|5.18|Date in time|C0011008|[tmco]|["Dates"-tx-3-"dates"-verb-0]|TX|178/5|
00000000|MMI|5.18|Discharge date|C2361123|[tmco]|["Discharge date"-tx-1-"Discharge Date"-noun-0]|TX|0/14|
00000000|MMI|5.18|Discharge date:Time Stamp -- Date and Time:Point in time:^Patient:Quantitative|C2361122|[clna]|["Discharge date"-tx-1-"Discharge Date"-noun-0]|TX|0/14|
00000000|MMI|5.18|Disposition|C0743223|[idcn]|["Disposition"-tx-44-"DISPOSITION"-noun-0]|TX|3937/11|
00000000|MMI|5.18|Disposition Domain|C1705555|[inpr]|["Disposition"-tx-44-"DISPOSITION"-noun-0]|TX|3937/11|
00000000|MMI|5.18|Entire abdomen|C1281594|[bpoc]|["Abdomen"-tx-22-"ABDOMEN"-noun-0]|TX|2314/7|
00000000|MMI|5.18|Entire heart|C1281570|[bpoc]|["Heart"-tx-21-"HEART"-noun-0]|TX|2257/5|
00000000|MMI|5.18|Entire neck|C1281592|[bpoc]|["Neck"-tx-19-"NECK"-noun-0]|TX|2186/4|
00000000|MMI|5.18|Entire oropharynx|C1280659|[bpoc]|["Oropharynx"-tx-17-"Oropharynx"-noun-0]|TX|2123/10|
00000000|MMI|5.18|Good|C0205170|[qlco]|["Good"-tx-43-"Good"-adj-0]|TX|3930/4|
00000000|MMI|5.18|HEENT|C1512338|[blor]|["HEENT"-tx-15-"HEENT"-noun-0]|TX|2024/5|
00000000|MMI|5.18|HTATIP wt Allele|C1705504|[gngm]|["TIP"-tx-37-"tip"-noun-0]|TX|3396/3|
00000000|MMI|5.18|Hepatosplenomegaly|C0019214|[sosy]|["HEPATOSPLENOMEGALY"-tx-22-"hepatosplenomegaly"-noun-1]|TX|2362/18|
00000000|MMI|5.18|History of hepatitis B|C1997078|[fndg]|["History of hepatitis B"-tx-6-"history of hepatitis B"-noun-0]|TX|630/22|
00000000|MMI|5.18|History of present illness:Finding:Point in time:^Patient:Nominal:Reported|C0488508|[clna]|["History of present illness"-tx-2-"HISTORY OF PRESENT ILLNESS"-noun-0]|TX|127/26|
00000000|MMI|5.18|Hospital course|C0489547|[fndg]|["Hospital course"-tx-28-"HOSPITAL COURSE"-noun-0]|TX|2637/15|
00000000|MMI|5.18|Hospital course:Finding:Point in time:^Patient:Narrative|C0488549|[clna]|["Hospital course"-tx-28-"HOSPITAL COURSE"-noun-0]|TX|2637/15|
00000000|MMI|5.18|Including (qualifier)|C0332257|[ftcn]|["Including"-tx-6-"including"-verb-0]|TX|583/9|
00000000|MMI|5.18|Interventional procedure|C0184661|[topp]|["Procedure"-tx-31-"procedure"-noun-0]|TX|2947/9|
00000000|MMI|5.18|Lumen|C1301906|[qlco]|["lumens"-tx-38-"lumens"-noun-0]|TX|3454/6|
00000000|MMI|5.18|Medications:-:Point in time:^Patient:-|C2598133|[clna]|["Medications"-tx-12-"MEDICATIONS"-noun-0]|TX|1478/11|
00000000|MMI|5.18|Medications:Presence or Identity:Duration of the study:^Patient:Nominal|C0802604|[clna]|["Medications"-tx-12-"MEDICATIONS"-noun-0]|TX|1478/11|
00000000|MMI|5.18|Moist|C0205381|[qlco]|["Moist"-tx-18-"moist"-adj-0]|TX|2178/5|
00000000|MMI|5.18|Negative Surgical Margin|C1709157|[fndg]|["Clear"-tx-20-"Clear"-verb-0]|TX|2237/5|
00000000|MMI|5.18|Neurologic (qualifier value)|C0205494|[qlco]|["NEUROLOGIC"-tx-25-"NEUROLOGIC"-adj-0]|TX|2498/10|
00000000|MMI|5.18|One|C0205447|[qnco]|["ONE"-tx-32-"one"-adj-0]|TX|3013/3|
00000000|MMI|5.18|Oropharyngeal Tissue|C2985207|[tisu]|["OROPHARYNX"-tx-17-"Oropharynx"-noun-0]|TX|2123/10|
00000000|MMI|5.18|PSMD2 gene|C1419032|[gngm]|["S2"-tx-21-"S2"-noun-0]|TX|2296/2|
00000000|MMI|5.18|Palpitations|C0030252|[fndg]|["PALPITATIONS"-tx-10-"palpitations"-noun-1]|TX|1426/12|
00000000|MMI|5.18|Palpitations Adverse Event|C3160712|[fndg]|["Palpitations"-tx-10-"palpitations"-noun-1]|TX|1426/12|
00000000|MMI|5.18|Past history of|C0332119|[qlco]|["past history"-tx-7-"past history"-noun-0]|TX|999/12|
00000000|MMI|5.18|Pharmaceutical Preparations|C0013227|[phsu]|["Medications"-tx-12-"MEDICATIONS"-noun-0]|TX|1478/11|D26
00000000|MMI|5.18|Physical Medical Procedure|C3274430|[hlca]|["PROCEDURE"-tx-31-"procedure"-noun-0]|TX|2947/9|
00000000|MMI|5.18|Procedure (set of actions)|C2700391|[acty]|["Procedure"-tx-31-"procedure"-noun-0]|TX|2947/9|
00000000|MMI|5.18|Procedure Domain|C3538935|[inpr]|["Procedure"-tx-31-"procedure"-noun-0]|TX|2947/9|
00000000|MMI|5.18|Pulmonary aspiration|C0700198|[patf]|["Aspirated"-tx-38-"aspirated"-verb-0]|TX|3461/9|
00000000|MMI|5.18|RPS2 gene|C1419718|[gngm]|["S2"-tx-21-"S2"-noun-0]|TX|2296/2|
00000000|MMI|5.18|Receive|C1514756|[qlco]|["RECEIVED"-tx-40-"received"-verb-0]|TX|3703/8|
00000000|MMI|5.18|Review of systems (procedure)|C0489633|[hlca]|["Review of Systems"-tx-10-"REVIEW OF SYSTEMS"-noun-0]|TX|1231/17|
00000000|MMI|5.18|Review of systems:Finding:Point in time:^Patient:Narrative:Reported|C0488564|[clna]|["Review of systems"-tx-10-"REVIEW OF SYSTEMS"-noun-0]|TX|1231/17|
00000000|MMI|5.18|Review of systems:Finding:Point in time:^Patient:Nominal:Reported|C0488565|[clna]|["Review of systems"-tx-10-"REVIEW OF SYSTEMS"-noun-0]|TX|1231/17|
00000000|MMI|5.18|S2|C3812876|[fndg]|["S2"-tx-21-"S2"-noun-0]|TX|2296/2|
00000000|MMI|5.18|S2 innervation|C1179705|[blor]|["S2"-tx-21-"S2"-noun-0]|TX|2296/2|
00000000|MMI|5.18|Shortness of breath:-:Point in time:^Patient:-|C2707305|[clna]|["Shortness of breath"-tx-10-"shortness of breath"-noun-0]|TX|1391/19|
00000000|MMI|5.18|Social History|C3714536|[fndg]|["Social History"-tx-27-"SOCIAL HISTORY"-noun-0]|TX|2578/14|
00000000|MMI|5.18|Social and personal history|C0424945|[fndg]|["Social history"-tx-27-"SOCIAL HISTORY"-noun-0]|TX|2578/14|
00000000|MMI|5.18|Structure of lumen of body system|C0524461|[bsoj]|["lumens"-tx-38-"lumens"-noun-0]|TX|3454/6|
00000000|MMI|5.18|Surgical and medical procedures|C1948041|[topp]|["Procedure"-tx-31-"procedure"-noun-0]|TX|2947/9|
00000000|MMI|5.18|Taking vital signs|C0150404|[hlca]|["Vital signs"-tx-14-"VITAL SIGNS"-noun-0]|TX|1915/11|
00000000|MMI|5.18|Testicular Cancer Serum Markers Test Result S2|C3812875|[lbtr]|["S2"-tx-21-"S2"-noun-0]|TX|2296/2|
00000000|MMI|5.18|Time (foundation metadata concept)|C3541383|[tmco]|["Time"-tx-4-"time"-noun-0]|TX|296/4|
00000000|MMI|5.18|Tip|C3282898|[qlco]|["TIP"-tx-37-"tip"-noun-0]|TX|3396/3|
00000000|MMI|5.18|Tip Device Component|C1710425|[medd]|["Tip"-tx-37-"tip"-noun-0]|TX|3396/3|
00000000|MMI|5.18|To|C1883351|[qlco]|["To"-tx-37-"to"-adv-0]|TX|3440/2|
00000000|MMI|5.18|Usage|C0457083|[ftcn]|["Use"-tx-37-"use"-verb-0]|TX|3443/3|
00000000|MMI|5.18|Use - dosing instruction imperative|C1947944|[inpr]|["Use"-tx-37-"use"-verb-0]|TX|3443/3|
00000000|MMI|5.18|Vomiting Adverse Event|C1963281|[patf]|["Vomiting"-tx-10-"vomiting"-verb-1]|TX|1289/8|
00000000|MMI|5.18|Watching|C2371283|[menp]|["Watching"-tx-40-"watching"-verb-0]|TX|3642/8|
00000000|MMI|5.18|day|C0439228|[tmco]|["DAY"-tx-12-"day"-noun-0]|TX|1610/3|
00000000|MMI|5.18|dendritic spine neck|C3159206|[celc]|["neck"-tx-19-"NECK"-noun-0]|TX|2186/4|
00000000|MMI|5.18|per day|C0439505|[tmco]|["/day"-tx-12-"day"-noun-0]|TX|1610/3|
00000000|MMI|4.19|Discharge to home|C0184713|[topp]|["Discharge to home"-tx-44-"Discharged to home"-noun-0]|TX|3950/18|
00000000|MMI|3.81|Total Hip Replacement (procedure)|C0040508|[topp]|["Total Hip Replacements"-tx-6-"total hip replacements"-noun-0]|TX|764/22|
00000000|MMI|3.81|Urinary symptoms|C0426359|[sosy]|["Urinary tract symptoms"-tx-10-"urinary tract symptoms"-noun-1]|TX|1356/13,1380/8|
00000000|MMI|3.75|Attention to catheter|C0394885|[hlca]|["catheter care"-tx-41-"catheter care"-noun-0]|TX|3843/13|
00000000|MMI|3.75|Breaths:Number = Count/Time:Point in time:Respiratory system:Quantitative|C0489258|[clna]|["Respiratory rate"-tx-14-"respiratory rate"-noun-0]|TX|1975/16|
00000000|MMI|3.75|Nodule of liver|C0745761|[fndg]|["liver nodules"-tx-23-"liver nodules"-noun-1]|TX|2403/13|
00000000|MMI|3.73|Avascular necrosis of bone of hip|C2919317|[patf]|["Avascular necrosis of hip"-tx-6-"avascular necrosis of hips"-noun-0]|TX|708/21,735/4|
00000000|MMI|3.72|Alcohol use history|C0552479|[fndg]|["History of alcohol use"-tx-27-"history of alcohol use"-noun-0]|TX|2612/22|
00000000|MMI|3.72|History of alcohol use:Finding:Point in time:^Patient:Nominal:Reported|C0551571|[clna]|["History of alcohol use"-tx-27-"history of alcohol use"-noun-0]|TX|2612/22|
00000000|MMI|3.72|Treated with|C0332293|[topp]|["Treated with"-tx-4-"treated with"-verb-0]|TX|314/12|
00000000|MMI|3.71|Hepatitis positive|C1112370|[lbtr]|["Hepatitis positive"-tx-6-"hepatitis positivity"-noun-0]|TX|657/9,669/10|
00000000|MMI|3.68|Packed erythrocytes units|C2599898|[qnco]|["Packed Red cells units"-tx-33-"units packed red cells"-noun-0]|TX|3148/5,3157/16|
00000000|MMI|3.68|% index|C1637833|[qnco]|["% index"-tx-47-"Index"-noun-0]|TX|4151/5|
00000000|MMI|3.68|Attending (action)|C1999232|[ftcn]|["attending"-tx-46-"Attending"-noun-0]|TX|4076/9|
00000000|MMI|3.68|Attending (provider role)|C1547429|[prog]|["Attending"-tx-46-"Attending"-noun-0]|TX|4076/9|
00000000|MMI|3.68|Blood pressure finding|C1271104|[fndg]|["Blood Pressure"-tx-14-"blood pressure"-noun-0]|TX|1951/14|
00000000|MMI|3.68|CD44 wt Allele|C1707101|[gngm]|["IN"-tx-42-"in"-adj-0]|TX|3894/2|
00000000|MMI|3.68|Clinic|C0442592|[hcro,mnob]|["Clinic"-tx-42-"clinic"-adj-0]|TX|3897/6|
00000000|MMI|3.68|Effect|C1280500|[qlco]|["Effect"-tx-4-"effect"-noun-0]|TX|356/6|
00000000|MMI|3.68|Effect, Appearance|C2348382|[qlco]|["Effect"-tx-4-"effect"-noun-0]|TX|356/6|
00000000|MMI|3.68|House (environment)|C2003847|[mnob]|["House"-tx-40-"house"-adj-0]|TX|3634/5|
00000000|MMI|3.68|Html Link Type - index|C1552854|[idcn]|["index"-tx-47-"Index"-noun-0]|TX|4151/5|
00000000|MMI|3.68|Index|C0918012|[inpr]|["Index"-tx-47-"Index"-noun-0]|TX|4151/5|
00000000|MMI|3.68|Within|C0332285|[spco]|["In"-tx-42-"in"-adj-0]|TX|3894/2|
00000000|MMI|3.68|XPR1 gene|C1421546|[gngm]|["X3"-tx-25-"x3"-noun-0]|TX|2537/2|
00000000|MMI|3.68|extraocular|C0241886|[ftcn]|["EXTRAOCULAR"-tx-16-"Extraocular"-noun-0]|TX|2092/11|
00000000|MMI|3.65|Principal Diagnosis:-:Point in time:^Patient:-|C2598194|[clna]|["Principal Diagnosis"-tx-1-"PRINCIPAL DIAGNOSIS"-noun-0]|TX|59/19|
00000000|MMI|3.65|Principal diagnosis|C0332137|[qlco]|["Principal Diagnosis"-tx-1-"PRINCIPAL DIAGNOSIS"-noun-0]|TX|59/19|
00000000|MMI|3.65|Transfusion of packed red blood cells|C0199962|[topp]|["Packed Red Blood Cell Transfusion"-tx-5-"packed red blood cell transfusions"-noun-0]|TX|439/34|
00000000|MMI|3.64|Reactive to light|C4068744|[fndg]|["Reactive to light"-tx-15-"reactive to light"-noun-0]|TX|2054/17|
00000000|MMI|3.64|dictated - DocumentCompletion|C1609990|[idcn]|["Dictated"-tx-45-"Dictated"-verb-0]|TX|4038/8|
00000000|MMI|3.64|dictated - ParticipationMode|C1548384|[ftcn]|["dictated"-tx-45-"Dictated"-verb-0]|TX|4038/8|
00000000|MMI|3.63|M NOS ANTIBODY|C0369637|[aapp,imft]|["M NOS"-tx-13-"m"-noun-0]|TX|1877/1|
00000000|MMI|3.63|M+ (tumor staging)|C0441923|[inpr]|["M+"-tx-13-"m"-noun-0]|TX|1877/1|
00000000|MMI|3.63|Nodule|C0028259|[acab]|["Nodules"-tx-23-"nodules"-noun-1]|TX|2409/7|
00000000|MMI|3.63|Nodulus cerebelli|C0228505|[bpoc]|["nodules"-tx-23-"nodules"-noun-0]|TX|2409/7|
00000000|MMI|3.63|care activity|C1947933|[acty]|["Care"-tx-41-"care"-noun-0]|TX|3852/4|
00000000|MMI|3.62|Evaluation and management of patient at home|C0199358|[hlca]|["home visiting"-tx-41-"home visiting"-noun-0]|TX|3806/4,3816/8|
00000000|MMI|3.62|Postpartum home visit|C0695714|[topp]|["home visiting"-tx-41-"home visiting"-noun-0]|TX|3806/4,3816/8|
00000000|MMI|3.61|ActInformationPrivacyReason <service>|C3245478|[idcn]|["service"-tx-1-"SERVICE"-noun-0]|TX|26/7|
00000000|MMI|3.61|Batch (Response Modality)|C1550176|[inpr]|["Batch"-tx-47-"Batch"-noun-0]|TX|4138/5|
00000000|MMI|3.61|Batch (group)|C1948031|[qnco]|["Batch"-tx-47-"Batch"-noun-0]|TX|4138/5|
00000000|MMI|3.61|Batch Number|C3641829|[inpr]|["BATCH"-tx-47-"Batch"-noun-0]|TX|4138/5|
00000000|MMI|3.61|Damage|C1883709|[ftcn]|["Damage"-tx-6-"damage"-noun-0]|TX|811/6|
00000000|MMI|3.61|Pain NOS Adverse Event|C1962977|[fndg]|["Pain NOS"-tx-13-"pain"-noun-0]|TX|1647/4|
00000000|MMI|3.61|Services|C0557854|[ocac]|["Service"-tx-1-"SERVICE"-noun-0]|TX|26/7|
00000000|MMI|3.61|Software Service|C2825316|[mnob]|["Service"-tx-1-"SERVICE"-noun-0]|TX|26/7|
00000000|MMI|3.61|Tissue damage|C0010957|[inpo]|["Damage"-tx-6-"damage"-noun-0]|TX|811/6|
00000000|MMI|3.61|Status post total hysterectomy|C2349921|[fndg]|["Status post total hysterectomy"-tx-7-"status post total hysterectomy"-noun-0]|TX|1036/17,1064/12|
00000000|MMI|3.61|Room air|C3846005|[fndg]|["Room air"-tx-14-"room air"-noun-0]|TX|2013/8|
00000000|MMI|3.60|Replacement of catheter|C0522774|[topp]|["Replacement of catheter"-tx-30-"replacement of catheter"-noun-0]|TX|2855/14,2880/8|
00000000|MMI|3.60|catheter placement|C0883301|[topp]|["Placement of catheter"-tx-9-"placement of catheter"-noun-0]|TX|1137/12,1160/8|
00000000|MMI|3.60|4 Hours|C1292426|[tmco]|["4H"-tx-12-"4h"-noun-0]|TX|1635/2|
00000000|MMI|3.60|Times|C1632851|[qnco]|["Times"-tx-12-"times"-noun-0]|TX|1602/5|
00000000|MMI|3.60|Complication of procedure|C0742724|[fndg]|["complications procedure"-tx-35-"complications procedure"-noun-1]|TX|3315/13,3338/9|
00000000|MMI|3.59|Bag Dosing Unit|C1706249|[qnco]|["{Bag}"-tx-32-"bag"-verb-0]|TX|3017/3|
00000000|MMI|3.59|Bag device|C0179196|[mnob]|["BAG"-tx-32-"bag"-verb-0]|TX|3017/3|
00000000|MMI|3.59|Clinical Study Follow-up|C3274571|[hlca]|["FOLLOW-UP"-tx-41-"followup"-noun-0]|TX|3861/8|
00000000|MMI|3.59|Clinical Trials, Monitoring|C1516647|[resa]|["monitoring"-tx-44-"monitoring"-noun-0]|TX|4018/10|
00000000|MMI|3.59|Condition|C0348080|[qlco]|["Condition"-tx-43-"CONDITION"-noun-0]|TX|3906/9|
00000000|MMI|3.59|Condition:Find:Pt:^Patient:Nom|C3864998|[clna]|["Condition"-tx-43-"CONDITION"-noun-0]|TX|3906/9|
00000000|MMI|3.59|Entire right atrium|C1269890|[bpoc]|["Right atrium"-tx-37-"right atrium"-noun-0]|TX|3420/12|
00000000|MMI|3.59|Follow-Up Report|C1704685|[inpr]|["Follow-Up"-tx-41-"followup"-noun-0]|TX|3861/8|
00000000|MMI|3.59|Follow-up status|C0589120|[fndg]|["Follow-up"-tx-41-"followup"-noun-0]|TX|3861/8|
00000000|MMI|3.59|Has difficulty doing (qualifier value)|C1299586|[fndg]|["Difficulty"-tx-34-"difficulty"-noun-0]|TX|3288/10|
00000000|MMI|3.59|Intake|C1512806|[ftcn]|["Intake"-tx-13-"intake"-noun-0]|TX|1683/6|
00000000|MMI|3.59|Logical Condition|C1705253|[cnce]|["Condition"-tx-43-"CONDITION"-noun-0]|TX|3906/9|
00000000|MMI|3.59|Monitoring - action|C1283169|[hlca]|["Monitoring"-tx-44-"monitoring"-noun-0]|TX|4018/10|
00000000|MMI|3.59|Negative|C0205160|[qlco]|["Negative"-tx-10-"Negative"-noun-0]|TX|1250/8|
00000000|MMI|3.59|Negative - answer|C3853545|[qlco]|["Negative"-tx-10-"Negative"-noun-0]|TX|1250/8|
00000000|MMI|3.59|Negative Charge|C2825491|[qlco]|["Negative"-tx-10-"Negative"-noun-0]|TX|1250/8|
00000000|MMI|3.59|Negative Finding|C1513916|[fndg]|["NEGATIVE"-tx-10-"Negative"-noun-0]|TX|1250/8|
00000000|MMI|3.59|Negative Number|C2825415|[cnce]|["Negative"-tx-10-"Negative"-noun-0]|TX|1250/8|
00000000|MMI|3.59|Preventive monitoring|C0150369|[hlca]|["Monitoring"-tx-44-"monitoring"-noun-0]|TX|4018/10|
00000000|MMI|3.59|Right atrial structure|C0225844|[bpoc]|["Atrium, Right"-tx-37-"right atrium"-noun-0]|TX|3420/12|
00000000|MMI|3.59|follow-up|C1522577|[hlca]|["Followup"-tx-41-"followup"-noun-0]|TX|3861/8|
00000000|MMI|3.59|heparin, porcine|C0770546|[bacs,orch,phsu]|["HEPARIN"-tx-38-"heparin"-noun-0]|TX|3500/7|
00000000|MMI|3.58|Non-pitting edema|C1265804|[fndg]|["Non-pitting oedema"-tx-24-"nonpitting edema"-noun-0]|TX|2434/16|
00000000|MMI|3.57|Clinical act of insertion|C0441587|[hlca]|["Placement"-tx-1-"PLACEMENT"-noun-0]|TX|115/9|
00000000|MMI|3.57|Diagnosis|C0011900|[fndg]|["Diagnosed"-tx-3-"diagnosed"-verb-0]|TX|212/9|E01
00000000|MMI|3.57|Placement|C1524072|[qlco]|["Placement"-tx-1-"PLACEMENT"-noun-0]|TX|115/9|
00000000|MMI|3.57|Placement action|C1533810|[hlca]|["Placement"-tx-1-"PLACEMENT"-noun-0]|TX|115/9|
00000000|MMI|3.57|Pneumothorax Adverse Event|C1963215|[fndg]|["Pneumothorax"-tx-36-"pneumothorax"-noun-1]|TX|3362/12|
00000000|MMI|3.56|100%|C3817553|[qnco]|["100%"-tx-14-"100"-percentage-0]|TX|2005/3|
00000000|MMI|3.56|Anaphylaxis (non medication)|C0850803|[dsyn]|["Anaphylaxis"-tx-40-"anaphylaxis"-noun-0]|TX|3674/11|
00000000|MMI|3.56|Aspects of signs|C0220912|[ftcn]|["signs"-tx-40-"signs"-noun-0]|TX|3665/5|
00000000|MMI|3.56|Evening|C0587117|[tmco]|["Evening"-tx-39-"evening"-noun-0]|TX|3558/7|
00000000|MMI|3.56|Hematocrit level|C0518014|[fndg]|["Hematocrit"-tx-33-"hematocrit"-noun-0]|TX|3180/10|
00000000|MMI|3.56|Manufactured sign|C0220913|[mnob]|["signs"-tx-40-"signs"-noun-0]|TX|3665/5|
00000000|MMI|3.56|Physical findings|C0311392|[fndg]|["SIGNS"-tx-40-"signs"-noun-0]|TX|3665/5|
00000000|MMI|3.56|Rate|C1521828|[qnco]|["Rate"-tx-21-"rate"-noun-0]|TX|2272/4|
00000000|MMI|3.56|Rating (action)|C0871208|[acty]|["Rate"-tx-21-"rate"-noun-0]|TX|2272/4|
00000000|MMI|3.56|SHORT STATURE, ONYCHODYSPLASIA, FACIAL DYSMORPHISM, AND HYPOTRICHOSIS SYNDROME|C3542022|[dsyn]|["SOFT"-tx-22-"Soft"-adj-0]|TX|2323/4|
00000000|MMI|3.56|Soft|C0205358|[qlco]|["Soft"-tx-22-"Soft"-adj-0]|TX|2323/4|
00000000|MMI|3.56|Supple|C0332254|[ftcn]|["Supple"-tx-19-"Supple"-adj-0]|TX|2192/6|
00000000|MMI|3.55|Counsel - legal|C0341618|[prog]|["Counsel"-tx-13-"counseled"-verb-0]|TX|1670/9|
00000000|MMI|3.55|Place|C0442504|[spco]|["Place"-tx-34-"placed"-verb-0]|TX|3273/6|
00000000|MMI|3.55|Place - dosing instruction imperative|C1704765|[ftcn]|["Place"-tx-34-"placed"-verb-0]|TX|3273/6|
00000000|MMI|3.55|Recurrent urinary tract infection|C0262655|[dsyn]|["Urinary tract infection"-tx-10-"urinary tract infection"-noun-1]|TX|1356/23|
00000000|MMI|3.55|put - instruction imperative|C1882509|[acty]|["Place"-tx-34-"placed"-verb-0]|TX|3273/6|
00000000|MMI|3.55|MATCHING|C0150103|[resa]|["match"-tx-4-"match"-noun-0]|TX|282/5|
00000000|MMI|3.55|Match|C1708943|[qlco]|["Match"-tx-4-"match"-noun-0]|TX|282/5|
00000000|MMI|3.55|Proximal|C0205107|[spco]|["PROXIMAL"-tx-37-"proximal"-adj-0]|TX|3411/8|
00000000|MMI|3.55|8 Hours|C1292429|[tmco]|["8H"-tx-13-"8h"-noun-0]|TX|1719/2|
00000000|MMI|3.55|Call (Instruction)|C1947967|[ftcn]|["Call"-tx-32-"call"-adj-0]|TX|3037/4|
00000000|MMI|3.55|Decision|C0679006|[menp]|["Call"-tx-32-"call"-adj-0]|TX|3037/4|
00000000|MMI|3.55|More|C0205172|[ftcn]|["More"-tx-13-"more"-adv-0]|TX|1693/4|
00000000|MMI|3.55|Precursor B-cell lymphoblastic leukemia|C1292769|[neop]|["c all"-tx-32-"call"-adj-0]|TX|3037/4|
00000000|MMI|3.55|Presentation|C0449450|[idcn]|["Present"-tx-9-"presents"-verb-0]|TX|1124/8|
00000000|MMI|3.53|Liver palpable|C0577045|[fndg]|["Palpable liver"-tx-23-"palpable liver"-noun-1]|TX|2394/14|
00000000|MMI|3.53|SLC1A4 gene|C1420122|[gngm]|["SATT"-tx-14-"satting"-noun-0]|TX|1997/7|
00000000|MMI|3.53|SLC1A4 wt Allele|C3542433|[gngm]|["SATT"-tx-14-"satting"-noun-0]|TX|1997/7|
00000000|MMI|3.52|Right internal jugular vein|C0501117|[bpoc]|["Right internal jugular vein"-tx-34-"right internal jugular venous"-noun-0]|TX|3226/29|
00000000|MMI|3.50|Genus Myrtis|C1673576|[bird]|["Myrtis"-tx-42-"Myrtis"-noun-0]|TX|3879/6|
00000000|MMI|3.50|Orientation (spatial)|C1704322|[spco]|["Oriented"-tx-25-"oriented"-adj-0]|TX|2528/8|
00000000|MMI|3.50|Oriented to place|C1961028|[fndg]|["Oriented"-tx-25-"oriented"-adj-0]|TX|2528/8|
00000000|MMI|3.50|Today|C0310367|[antb,orch]|["Today"-tx-8-"Today"-noun-0]|TX|1106/5|
00000000|MMI|3.50|Today (temporal qualifier)|C0750526|[tmco]|["Today"-tx-8-"Today"-noun-0]|TX|1106/5|
00000000|MMI|3.48|Bone marrow donor (person)|C0260787|[popg]|["Bone marrow donor"-tx-4-"bone marrow donor"-noun-0]|TX|264/17|
00000000|MMI|3.48|Encounter for being a bone marrow donor|C1313934|[fndg]|["Bone marrow donor"-tx-4-"bone marrow donor"-noun-1]|TX|264/17|
00000000|MMI|3.48|Perirectal abscess|C0267566|[patf]|["peri-rectal abscess"-tx-6-"perirectal abscess"-noun-0]|TX|895/18|
00000000|MMI|3.48|Incision and drainage|C0152277|[topp]|["i d"-tx-12-"i.d"-adv-0]|TX|1577/3|
00000000|MMI|3.48|Known|C0205309|[qlco]|["Known"-tx-11-"known"-adj-0]|TX|1455/5|
00000000|MMI|3.48|Palpable|C0522499|[qlco]|["Palpable"-tx-23-"palpable"-adj-0]|TX|2394/8|
00000000|MMI|3.47|Structure of bones of the shoulder|C0223625|[bpoc]|["shoulder bones"-tx-6-"shoulder bony"-noun-0]|TX|797/13|
00000000|MMI|3.47|3+ Answer to Question|C3838680|[fndg]|["3+"-tx-1-"3"-fraction-0]|TX|16/1|
00000000|MMI|3.47|3+ Score|C2827736|[qnco]|["3+"-tx-1-"3"-fraction-0]|TX|16/1|
00000000|MMI|3.47|3+ Score, WHO|C2981702|[clas]|["3+"-tx-1-"3"-fraction-0]|TX|16/1|
00000000|MMI|3.47|<3 (qualifier value)|C0439086|[qnco]|["<3"-tx-1-"3"-fraction-0]|TX|16/1|
00000000|MMI|3.47|Bilateral|C0238767|[spco]|["BILATERAL"-tx-6-"bilateral"-adj-0]|TX|754/9|
00000000|MMI|3.47|zinc cation|C2346521|[elii,phsu]|["Zn2+"-tx-47-"ZN2"-noun-0]|TX|4122/3|
00000000|MMI|3.46|Bowel sounds|C0232693|[fndg]|["Bowel sounds"-tx-22-"bowel sounds"-noun-0]|TX|2345/12|
00000000|MMI|3.46|Neoplasms|C0027651|[neop]|["Oncology"-tx-1-"ONCOLOGY"-noun-0]|TX|35/8|C04
00000000|MMI|3.46|Patient Class - Inpatient|C1549404|[idcn]|["Inpatient"-tx-1-"INPATIENT"-noun-0]|TX|44/9|
00000000|MMI|3.46|Referral category - Inpatient|C1548438|[idcn]|["Inpatient"-tx-1-"INPATIENT"-noun-0]|TX|44/9|
00000000|MMI|3.46|oncology field|C0278627|[bmod]|["Oncology"-tx-1-"ONCOLOGY"-noun-0]|TX|35/8|
00000000|MMI|3.46|Injection Port|C0935727|[medd]|["port-a-cath"-tx-6-"Port-A-Cath"-noun-0]|TX|970/11|
00000000|MMI|3.46|Blood group antibody I|C0221138|[aapp,imft]|["I NOS"-tx-12-"i"-adv-0]|TX|1577/1|
00000000|MMI|3.46|Methadone Clinic/Center|C1552533|[hcro,mnob]|["Methadone"-tx-12-"Methadone"-noun-0]|TX|1559/9|
00000000|MMI|3.46|Tablet Dosing Unit|C1705223|[qnco]|["Tab"-tx-12-"tabs"-noun-0]|TX|1628/4|
00000000|MMI|3.45|Requirement|C1514873|[ftcn]|["Required"-tx-5-"required"-adj-0]|TX|419/8|
00000000|MMI|3.45|Weekly|C0332174|[tmco]|["Weekly"-tx-5-"weekly"-adv-0]|TX|432/6|
00000000|MMI|3.45|Body Fluid Discharge|C0012621|[bdsu]|["Discharge"-tx-43-"DISCHARGE"-noun-0]|TX|3919/9|
00000000|MMI|3.45|Delayed Release Dosage Form|C1707664|[bodm]|["DR"-tx-41-"Dr"-noun-0]|TX|3875/2|
00000000|MMI|3.45|Device to Subject Relationship Domain|C3540849|[inpr]|["DR"-tx-41-"Dr"-noun-0]|TX|3875/2|
00000000|MMI|3.45|Discharge, body substance|C2926602|[bdsu]|["Discharge"-tx-43-"DISCHARGE"-noun-0]|TX|3919/9|
00000000|MMI|3.45|Doctor - Title|C2348314|[cnce]|["Dr."-tx-41-"Dr"-noun-0]|TX|3875/2|
00000000|MMI|3.45|Fever symptoms (finding)|C0424755|[fndg]|["Fever"-tx-10-"fever"-noun-1]|TX|1263/5|
00000000|MMI|3.45|Nuclear cap binding complex location|C2263086|[celc]|["CBC"-tx-44-"CBC"-noun-0]|TX|4032/3|
00000000|MMI|3.45|Pupils equal|C0578617|[fndg]|["Pupils equal"-tx-15-"Pupils equal"-noun-0]|TX|2031/12|
00000000|MMI|3.45|Transfusion (procedure)|C1879316|[topp]|["Transfusions"-tx-6-"transfusions"-noun-0]|TX|693/12|
00000000|MMI|3.45|Transfusion - action|C0199960|[ftcn]|["transfusions"-tx-6-"transfusions"-noun-0]|TX|693/12|
00000000|MMI|3.44|Before|C0332152|[tmco]|["Prior to"-tx-12-"prior to"-prep-0]|TX|1539/8|
00000000|MMI|3.44|Interventional radiologic procedures|C0344093|[topp]|["Interventional radiology"-tx-32-"Interventional Radiology"-noun-0]|TX|3049/24|
00000000|MMI|3.44|History of aplastic anemia|C1997103|[fndg]|["History of aplastic anemia"-tx-29-"history of aplastic anemia"-noun-0]|TX|2702/10,2735/15|
00000000|MMI|3.43|Floor (anatomic)|C3714591|[anst]|["Floor"-tx-38-"floor"-noun-0]|TX|3543/5|
00000000|MMI|3.43|Floor - story of building|C1547707|[geoa]|["Floor"-tx-38-"floor"-noun-0]|TX|3543/5|
00000000|MMI|3.43|Gait normal|C0231683|[fndg]|["Normal"-tx-21-"normal"-adj-0]|TX|2282/6|
00000000|MMI|3.43|Mean Percent of Normal|C2347086|[qnco]|["% Normal"-tx-21-"normal"-adj-0]|TX|2282/6|
00000000|MMI|3.43|Normal|C0205307|[qlco]|["NORMAL"-tx-21-"normal"-adj-0]|TX|2282/6|
00000000|MMI|3.43|Percent normal|C0439166|[qnco]|["% normal"-tx-21-"normal"-adj-0]|TX|2282/6|
00000000|MMI|3.43|S1|C3715215|[fndg]|["S1"-tx-21-"S1"-noun-0]|TX|2289/2|
00000000|MMI|3.43|Testicular Cancer Serum Markers Test Result S1|C3814877|[lbtr]|["S1"-tx-21-"S1"-noun-0]|TX|2289/2|
00000000|MMI|3.43|carotid|C0741968|[bpoc]|["carotids"-tx-19-"carotids"-noun-0]|TX|2207/8|
00000000|MMI|3.43|floor (object)|C0016249|[mnob]|["Floor"-tx-38-"floor"-noun-0]|TX|3543/5|
00000000|MMI|3.43|Distant|C0443203|[spco]|["DISTANT"-tx-27-"distant"-adj-0]|TX|2604/7|
00000000|MMI|3.43|Round shape|C0332490|[spco]|["ROUND"-tx-15-"round"-adj-0]|TX|2046/5|
00000000|MMI|3.43|neutropenic infection|C1167779|[dsyn]|["neutropenic infection"-tx-6-"neutropenic infections"-noun-0]|TX|936/11,982/10|
00000000|MMI|3.42|50%|C3842586|[fndg]|["50%"-tx-13-"50"-integer-0]|TX|1790/2|
00000000|MMI|3.42|<50|C3843766|[