00000000|MMI|16.30|Lesotho|C0023376|[geoa]|["LT"-tx-1-"LT"-noun-0]|TX|71/2|Z01.058.290.175.400
00000000|MMI|7.28|Signature|C1519316|[inpr]|["Signed"-tx-2-"Signed"-noun-0]|TX|[99/6],[155/6]|
00000000|MMI|7.28|signed - ParticipationSignature|C1561610|[inpr]|["signed"-tx-2-"Signed"-noun-0]|TX|[99/6],[155/6]|
00000000|MMI|3.68|Lymphotoxin-Alpha, human|C3887647|[aapp,imft]|["LT"-tx-1-"LT"-noun-0]|TX|71/2|
00000000|MMI|3.68|Structure of left thigh|C0230426|[bpoc]|["LT"-tx-1-"LT"-noun-0]|TX|71/2|
00000000|MMI|3.65|Report status|C0586177|[fndg]|["Report status"-tx-2-"Report Status"-noun-0]|TX|140/13|
00000000|MMI|3.62|Admission date:Time Stamp -- Date and Time:Point in time:^Patient:Quantitative|C2598112|[clna]|["Admission date"-tx-2-"Admission Date"-noun-0]|TX|114/14|
00000000|MMI|3.62|Date of admission|C1302393|[tmco]|["Admission date"-tx-2-"Admission Date"-noun-0]|TX|114/14|
00000000|MMI|3.59|Pyrexia of unknown origin (excl puerperal)|C0856281|[sosy]|["puo"-tx-1-"PUO"-noun-0]|TX|12/3|
00000000|MMI|3.50|failed|C0231175|[ftcn]|["Failed"-tx-1-"FAILED"-adj-0]|TX|64/6|
00000000|MMI|3.49|Total Hip Replacement (procedure)|C0040508|[topp]|["Total Hip Replacement"-tx-2-"TOTAL HIP REPLACEMENT"-noun-0]|TX|75/21|
00000000|MMI|3.45|Diagnostic interview schedule|C0451119|[inpr]|["DIS"-tx-2-"DIS"-noun-0]|TX|108/3|
00000000|MMI|3.45|Discontinued|C1444662|[fndg]|["DIS"-tx-2-"DIS"-noun-0]|TX|108/3|
00000000|MMI|77.22|Patients|C0030705|[podg]|["*^patient"-tx-24-"patient"-noun-0,"*^patient"-tx-23-"patient"-noun-0,"*^patient"-tx-22-"patient"-noun-0,"*^patient"-tx-20-"patient"-noun-0,"*^patient"-tx-19-"patient"-noun-0,"*^patient"-tx-17-"patient"-noun-0,"*^patient"-tx-15-"patient"-noun-0,"*^patient"-tx-1-"patient"-noun-0]|TX|1894/7;1697/7;1620/7;1492/7;1428/7;1284/7;1043/7;204/7|M01.643
00000000|MMI|66.27|Hemiarthroplasty|C0744743|[topp]|["Hemiarthroplasty"-tx-15-"hemiarthroplasty"-noun-0,"Hemiarthroplasty"-tx-1-"HEMIARTHROPLASTY"-noun-0,"Hemiarthroplasty"-tx-1-"hemiarthroplasty"-noun-0]|TX|1157/16;67/16;[261/16],[331/16]|E04.555.110.110.482;E04.650.110.482;E04.680.101.110.482
00000000|MMI|48.00|Abortion consent:Finding:Point in time:^Patient:Document|C2360836|[clna]|["Patient"-tx-24-"patient"-noun-0,"Patient"-tx-23-"patient"-noun-0,"Patient"-tx-22-"patient"-noun-0,"Patient"-tx-20-"patient"-noun-0,"Patient"-tx-19-"patient"-noun-0,"Patient"-tx-17-"patient"-noun-0,"Patient"-tx-15-"patient"-noun-0,"Patient"-tx-1-"patient"-noun-0]|TX|1894/7;1697/7;1620/7;1492/7;1428/7;1284/7;1043/7;204/7|
00000000|MMI|48.00|Hysterectomy consent:Finding:Point in time:^Patient:Document|C2360838|[clna]|["Patient"-tx-24-"patient"-noun-0,"Patient"-tx-23-"patient"-noun-0,"Patient"-tx-22-"patient"-noun-0,"Patient"-tx-20-"patient"-noun-0,"Patient"-tx-19-"patient"-noun-0,"Patient"-tx-17-"patient"-noun-0,"Patient"-tx-15-"patient"-noun-0,"Patient"-tx-1-"patient"-noun-0]|TX|1894/7;1697/7;1620/7;1492/7;1428/7;1284/7;1043/7;204/7|
00000000|MMI|48.00|Sterilization consent:Finding:Point in time:^Patient:Document|C2360840|[clna]|["Patient"-tx-24-"patient"-noun-0,"Patient"-tx-23-"patient"-noun-0,"Patient"-tx-22-"patient"-noun-0,"Patient"-tx-20-"patient"-noun-0,"Patient"-tx-19-"patient"-noun-0,"Patient"-tx-17-"patient"-noun-0,"Patient"-tx-15-"patient"-noun-0,"Patient"-tx-1-"patient"-noun-0]|TX|1894/7;1697/7;1620/7;1492/7;1428/7;1284/7;1043/7;204/7|
00000000|MMI|45.17|Coumadin|C0699129|[orch,phsu]|["Coumadin"-tx-27-"Coumadin"-noun-0,"Coumadin"-tx-22-"Coumadin"-noun-0]|TX|2133/8;1643/8|D03.383.663.283.446.520.914;D03.438.150.446.520.914
00000000|MMI|32.56|Pain|C0030193|[sosy]|["PAIN"-tx-27-"pain"-noun-0,"PAIN"-tx-19-"pain"-noun-1]|TX|2124/4;1451/4|C10.597.617;C23.888.592.612;F02.830.816.444;G11.561.600.810.444
00000000|MMI|32.53|Deep Vein Thrombosis|C0149871|[dsyn]|["Deep Venous Thrombosis"-tx-27-"deep venous thrombosis"-noun-0,"Deep Venous Thrombosis"-tx-22-"deep venous thrombosis"-noun-0]|TX|2190/22;1656/22|C14.907.355.830.925
00000000|MMI|32.33|Iodides|C0021966|[inch]|["I-"-tx-12-"i"-adv-0,"I-"-tx-8-"i"-adv-0]|TX|921/1;716/1|D01.248.497.158.490;D01.475.410
00000000|MMI|27.35|Incision and drainage|C0152277|[topp]|["i d"-tx-14-"i.d"-adv-0,"i d"-tx-13-"i.d"-adv-0,"i d"-tx-12-"i.d"-adv-0,"i d"-tx-11-"i.d"-adv-0,"i d"-tx-10-"i.d"-adv-0,"i d"-tx-9-"i.d"-adv-0,"i d"-tx-8-"i.d"-adv-0]|TX|1016/3;979/3;921/3;840/3;812/3;742/3;716/3|
00000000|MMI|26.27|Mongolia|C0026410|[geoa]|["MG"-tx-12-"mg"-noun-0,"MG"-tx-8-"mg"-noun-0]|TX|916/2;711/2|Z01.252.474.651
00000000|MMI|25.50|Date Fruit|C2348077|[food]|["DATE"-tx-1-"DATE"-noun-0]|TX|146/4|B01.650.940.800.575.100.093.615
00000000|MMI|22.39|Warfarin|C0043031|[hops,orch,phsu]|["WARFARIN"-tx-10-"Warfarin"-noun-0]|TX|749/8|D03.383.663.283.446.520.914;D03.438.150.446.520.914
00000000|MMI|22.35|Surgical aspects|C0038895|[ftcn]|["surgery"-tx-1-"SURGERY"-noun-0]|TX|154/7|x.x.x.x.x.x.x
00000000|MMI|19.96|prevention & control|C0033107|[inpr]|["prophylaxis"-tx-27-"prophylaxis"-noun-0,"prophylaxis"-tx-22-"prophylaxis"-noun-0]|TX|2213/11;1679/11|x.x.x
00000000|MMI|19.38|Theophylline|C0039771|[bacs,orch,phsu]|["THEOPHYLLINE"-tx-9-"Theophylline"-noun-0]|TX|723/12|D03.132.960.751;D03.438.759.758.824.751
00000000|MMI|19.32|International Normalized Ratio|C0525032|[lbpr]|["INR"-tx-27-"INR"-noun-0]|TX|2171/3|E01.370.225.625.115.320;E05.200.625.115.320
00000000|MMI|17.80|Asthma|C0004096|[dsyn]|["-- Asthma"-tx-6-"asthma"-noun-0]|TX|593/6|C08.127.108;C08.381.495.108;C08.674.095;C20.543.480.680.095
00000000|MMI|17.80|Gout|C0018099|[dsyn]|["GOUT"-tx-6-"gout"-noun-0]|TX|619/4|C05.550.114.423;C05.799.414;C16.320.565.798.368;C18.452.648.798.368
00000000|MMI|17.80|Togo|C0040363|[geoa]|["TO"-tx-27-"to"-adv-0]|TX|2156/2|Z01.058.290.190.800
00000000|MMI|17.80|Tryptophanase|C0041260|[aapp,enzy]|["TO"-tx-27-"to"-adv-0]|TX|2156/2|D08.811.520.224.800
00000000|MMI|16.07|Albuterol|C0001927|[orch,phsu]|["ALBUTEROL"-tx-13-"Albuterol"-noun-0]|TX|955/9|D02.033.100.291.057;D02.092.063.291.057;D02.092.471.683.061
00000000|MMI|16.07|Isosorbide|C0022251|[orch,phsu]|["ISOSORBIDE"-tx-12-"Isosorbide"-noun-0]|TX|893/10|D02.033.800.813.480;D09.853.813.480
00000000|MMI|16.05|Dominican Republic|C0013014|[geoa]|["DR"-tx-25-"Dr"-noun-0]|TX|1997/2|Z01.107.084.900.300;Z01.639.880.300
00000000|MMI|14.64|Diet|C0012155|[food]|["Diet"-tx-18-"diet"-noun-0]|TX|1385/4|G07.203.650.240
00000000|MMI|14.64|Tympanoplasty|C0041447|[topp]|["Tympanoplasty"-tx-6-"tympanoplasty"-noun-0]|TX|626/13|E04.580.450.873
00000000|MMI|14.44|10%|C3842590|[fndg]|["10%"-tx-15-"10"-fraction-0,"10%"-tx-11-"10"-integer-0,"10%"-tx-1-"10"-fraction-0]|TX|1086/2;835/2;[163/2],[304/2]|
00000000|MMI|14.16|Left|C0205091|[spco]|["Left side"-tx-2-"left side"-noun-0,"LEFT"-tx-1-"LEFT"-adj-0,"LEFT"-tx-1-"left"-noun-0]|TX|387/9;[54/4],[119/4];252/4|
00000000|MMI|13.30|Inhaler|C0021461|[medd]|["INHALER"-tx-14-"inhaler"-noun-0,"INHALER"-tx-13-"inhaler"-noun-0]|TX|996/7;965/7|E07.605
00000000|MMI|13.09|Consultation|C0009818|[hlca]|["Consultation"-tx-23-"consultation"-noun-0]|TX|1731/12|N04.452.758.849
00000000|MMI|13.07|Operating Room|C0029064|[hcro,mnob]|["OPERATING ROOM"-tx-15-"operating room"-noun-0]|TX|1068/14|N02.278.388.700
00000000|MMI|13.03|Weight Bearing|C0085086|[fndg]|["Weight Bearing"-tx-23-"weight bearing"-noun-0]|TX|1765/14|G01.374.676.965;G01.595.540.965
00000000|MMI|13.03|Weight-Bearing state|C1318107|[orga]|["Weightbearing"-tx-23-"weight bearing"-noun-0]|TX|1765/14|G01.374.676.965;G01.595.540.965
00000000|MMI|12.92|Diltiazem|C0012373|[orch,phsu]|["DILTIAZEM"-tx-8-"Diltiazem"-noun-0]|TX|697/9|D03.438.079.150
00000000|MMI|12.90|Physicians|C0031831|[prog]|["DR"-tx-25-"Dr"-noun-0]|TX|1997/2|M01.526.485.810;N02.360.810
00000000|MMI|12.88|General surgery specialty|C1274039|[bmod]|["Surgery"-tx-1-"SURGERY"-noun-0]|TX|154/7|H02.403.810.300
00000000|MMI|11.49|Cardiomyopathies|C0878544|[dsyn]|["CARDIOMYOPATHY"-tx-6-"cardiomyopathy"-noun-0]|TX|602/14|C14.280.238
00000000|MMI|11.49|Diet therapy|C0012159|[hlca]|["Diet"-tx-18-"diet"-noun-0]|TX|1385/4|E02.642.249
00000000|MMI|11.49|Herniorrhaphy|C0019328|[topp]|["Hernia repair"-tx-6-"hernia repair"-noun-0]|TX|642/13|E04.680.325
00000000|MMI|11.49|Hypertensive disease|C0020538|[dsyn]|["HYPERTENSION"-tx-6-"Hypertension"-noun-0]|TX|578/12|C14.907.489
00000000|MMI|11.30|Total Hip Replacement (procedure)|C0040508|[topp]|["TOTAL HIP ARTHROPLASTY"-tx-15-"total hip arthroplasty"-noun-0,"Total Hip Replacement"-tx-5-"total hip replacement"-noun-0,"Total replacement of hip"-tx-1-"TOTAL HIP REPLACEMENT OF"-noun-0]|TX|1179/22;532/21;124/21,151/2|
00000000|MMI|11.17|milligram/day|C0439422|[qnco]|["mg/d"-tx-12-"mg d"-noun-0,"mg day"-tx-10-"mg day"-noun-0,"mg/d"-tx-8-"mg d"-noun-0]|TX|916/2,923/1;760/2,765/3;711/2,718/1|
00000000|MMI|10.98|Daily|C0332173|[tmco]|["/day"-tx-13-"day"-noun-0,"/day"-tx-12-"day"-noun-0,"/day"-tx-10-"day"-noun-0]|TX|949/3;866/3;785/3|
00000000|MMI|10.98|day|C0439228|[tmco]|["DAY"-tx-13-"day"-noun-0,"DAY"-tx-12-"day"-noun-0,"DAY"-tx-10-"day"-noun-0]|TX|949/3;866/3;785/3|
00000000|MMI|10.98|per day|C0439505|[tmco]|["/day"-tx-13-"day"-noun-0,"/day"-tx-12-"day"-noun-0,"/day"-tx-10-"day"-noun-0]|TX|949/3;866/3;785/3|
00000000|MMI|10.82|Conversions|C0439836|[ftcn]|["Conversion"-tx-15-"conversion"-noun-0,"Conversion"-tx-5-"conversion"-noun-0,"Conversion"-tx-1-"CONVERSION"-noun-0]|TX|1131/10;516/10;105/10|
00000000|MMI|10.45|Left sided|C0443246|[spco]|["Left"-tx-1-"LEFT"-adj-0,"Left"-tx-1-"left"-noun-0]|TX|[54/4],[119/4];252/4|
00000000|MMI|10.45|Table Cell Horizontal Align - left|C1552822|[ftcn]|["left"-tx-1-"LEFT"-adj-0,"left"-tx-1-"left"-noun-0]|TX|[54/4],[119/4];252/4|
00000000|MMI|10.42|Doctor of Medicine|C1512018|[inpr]|["M.D."-tx-29-"M.D"-noun-0,"M.D."-tx-28-"M.D"-noun-0]|TX|2300/3;2261/3|
00000000|MMI|10.42|Receive|C1514756|[qlco]|["RECEIVED"-tx-23-"received"-verb-0,"RECEIVED"-tx-20-"received"-verb-0]|TX|1705/8;1500/8|
00000000|MMI|9.87|Complication Aspects|C1171258|[patf]|["complications"-tx-17-"complications"-noun-1]|TX|1365/13|x.x.x
00000000|MMI|9.84|Males|C0086582|[orga]|["MALE"-tx-1-"male"-noun-0]|TX|229/4|x.x.x
00000000|MMI|9.73|Historical aspects qualifier|C0019665|[ftcn]|["history"-tx-1-"history"-noun-0]|TX|241/7|x.x.x
00000000|MMI|8.34|Hypersensitivity|C0020517|[patf]|["Allergies"-tx-7-"ALLERGIES"-noun-0]|TX|658/9|C20.543
00000000|MMI|8.34|Maintenance|C0024501|[acty]|["Maintain"-tx-27-"maintain"-verb-0]|TX|2159/8|N02.628
00000000|MMI|7.66|Anticoagulant prophylaxis|C0199242|[topp]|["VENOUS THROMBOSIS prophylaxis"-tx-27-"venous thrombosis prophylaxis"-noun-0,"VENOUS THROMBOSIS prophylaxis"-tx-22-"venous thrombosis prophylaxis"-noun-0]|TX|2195/29;1661/29|
00000000|MMI|7.27|Prophylactic treatment|C0199176|[topp]|["Prophylaxis"-tx-27-"prophylaxis"-noun-0,"Prophylaxis"-tx-22-"prophylaxis"-noun-0]|TX|2213/11;1679/11|
00000000|MMI|7.27|prophylaxis - ActNonObservationIndicationCode|C3853787|[topp]|["prophylaxis"-tx-27-"prophylaxis"-noun-0,"prophylaxis"-tx-22-"prophylaxis"-noun-0]|TX|2213/11;1679/11|
00000000|MMI|7.23|Magnesium Cation|C2346927|[elii,phsu]|["Mg++"-tx-12-"mg"-noun-0,"Mg++"-tx-8-"mg"-noun-0]|TX|916/2;711/2|
00000000|MMI|7.23|Milligram percent|C1960952|[qnco]|["mg %"-tx-12-"mg"-noun-0,"mg %"-tx-8-"mg"-noun-0]|TX|916/2;711/2|
00000000|MMI|7.23|mg/dL|C0439269|[qnco]|["mg%"-tx-12-"mg"-noun-0,"mg%"-tx-8-"mg"-noun-0]|TX|916/2;711/2|
00000000|MMI|7.23|dictated - DocumentCompletion|C1609990|[idcn]|["Dictated"-tx-28-"Dictated"-verb-0,"Dictated"-tx-16-"dictated"-adj-0]|TX|2227/8;1224/8|
00000000|MMI|7.23|dictated - ParticipationMode|C1548384|[ftcn]|["dictated"-tx-28-"Dictated"-verb-0,"dictated"-tx-16-"dictated"-adj-0]|TX|2227/8;1224/8|
00000000|MMI|7.21|Medical History|C0262926|[fndg]|["Past Medical History"-tx-6-"PAST MEDICAL HISTORY"-noun-0,"History"-tx-1-"history"-noun-0]|TX|556/20;241/7|
00000000|MMI|7.18|Pain NOS Adverse Event|C1962977|[fndg]|["Pain NOS"-tx-27-"pain"-noun-0,"Pain NOS"-tx-19-"pain"-noun-1]|TX|2124/4;1451/4|
00000000|MMI|7.10|CDISC SDTM Procedure Terminology|C3539779|[inpr]|["Procedure"-tx-17-"procedure"-noun-0,"Procedure"-tx-16-"procedure"-noun-0]|TX|1306/9;1268/9|
00000000|MMI|7.10|Interventional procedure|C0184661|[topp]|["Procedure"-tx-17-"procedure"-noun-0,"Procedure"-tx-16-"procedure"-noun-0]|TX|1306/9;1268/9|
00000000|MMI|7.10|Physical Medical Procedure|C3274430|[hlca]|["PROCEDURE"-tx-17-"procedure"-noun-0,"PROCEDURE"-tx-16-"procedure"-noun-0]|TX|1306/9;1268/9|
00000000|MMI|7.10|Procedure (set of actions)|C2700391|[acty]|["Procedure"-tx-17-"procedure"-noun-0,"Procedure"-tx-16-"procedure"-noun-0]|TX|1306/9;1268/9|
00000000|MMI|7.10|Procedure Domain|C3538935|[inpr]|["Procedure"-tx-17-"procedure"-noun-0,"Procedure"-tx-16-"procedure"-noun-0]|TX|1306/9;1268/9|
00000000|MMI|7.10|Surgical and medical procedures|C1948041|[topp]|["Procedure"-tx-17-"procedure"-noun-0,"Procedure"-tx-16-"procedure"-noun-0]|TX|1306/9;1268/9|
00000000|MMI|7.08|Two|C0205448|[qnco]|["Two"-tx-14-"two"-noun-0,"Two"-tx-13-"two"-noun-0]|TX|1004/3;973/3|
00000000|MMI|7.07|History of present illness|C0262512|[orga]|["HISTORY OF PRESENT ILLNESS"-tx-1-"HISTORY OF PRESENT ILLNESS"-noun-0,"History, NOS"-tx-1-"history"-noun-0]|TX|172/26;241/7|
00000000|MMI|7.05|hip hemiarthroplasty|C1112760|[topp]|["hip hemiarthroplasty"-tx-1-"hip hemiarthroplasty"-noun-0]|TX|[257/20],[327/20]|
00000000|MMI|7.03|Has difficulty doing (qualifier value)|C1299586|[fndg]|["Difficulty"-tx-19-"difficulty"-noun-0,"Difficulty"-tx-18-"difficulty"-noun-0]|TX|1475/10;1411/10|
00000000|MMI|7.00|per year|C0439508|[tmco]|["/Year"-tx-3-"year"-noun-0,"/Year"-tx-1-"year"-noun-0]|TX|456/4;220/4|
00000000|MMI|7.00|year|C0439234|[tmco]|["YEAR"-tx-3-"year"-noun-0,"YEAR"-tx-1-"year"-noun-0]|TX|456/4;220/4|
00000000|MMI|6.97|Depth|C0205125|[spco]|["DEEP"-tx-27-"deep"-noun-0,"DEEP"-tx-22-"deep"-noun-0]|TX|2190/4;1656/4|
00000000|MMI|6.95|20%|C3842589|[fndg]|["20%"-tx-12-"20"-integer-0]|TX|[878/2],[913/2]|
00000000|MMI|6.95|Blood group antibody I|C0221138|[aapp,imft]|["I NOS"-tx-12-"i"-adv-0,"I NOS"-tx-8-"i"-adv-0]|TX|921/1;716/1|
00000000|MMI|6.95|Inhaler Dosing Unit|C1881212|[qnco]|["INHALER"-tx-14-"inhaler"-noun-0,"INHALER"-tx-13-"inhaler"-noun-0]|TX|996/7;965/7|
00000000|MMI|6.92|Bipolar|C0443156|[spco]|["Bipolar"-tx-15-"bipolar"-adj-0,"Bipolar"-tx-1-"BIPOLAR"-adj-0]|TX|1149/7;59/7|
00000000|MMI|6.72|Elective Surgical Procedures|C0206058|[topp]|["ELECTIVE"-tx-5-"elective"-adj-0]|TX|507/8|E04.249
00000000|MMI|6.69|Physical therapy|C0949766|[topp]|["Physical Therapy"-tx-23-"physical therapy"-noun-0]|TX|1714/16|E02.779
00000000|MMI|6.57|History|C0019664|[ocdi]|["History"-tx-1-"history"-noun-0]|TX|241/7|K01.400
00000000|MMI|5.18|*Activity (kind of quantity)|C1561536|[idcn]|["*Activity"-tx-4-"activity"-noun-0]|TX|477/8|
00000000|MMI|5.18|Active|C0205177|[ftcn]|["Activity"-tx-4-"activity"-noun-0]|TX|477/8|
00000000|MMI|5.18|Activities|C0441655|[acty]|["ACTIVITY"-tx-4-"activity"-noun-0]|TX|477/8|
00000000|MMI|5.18|Activity (animal life circumstance)|C3668946|[fndg]|["Activity"-tx-4-"activity"-noun-0]|TX|477/8|
00000000|MMI|5.18|Asthma Pathway|C2984299|[ftcn]|["Asthma"-tx-6-"asthma"-noun-0]|TX|593/6|
00000000|MMI|5.18|Basal Diet|C2983588|[food]|["DIET"-tx-18-"diet"-noun-0]|TX|1385/4|
00000000|MMI|5.18|Bound (value)|C2349209|[cnce]|["Limit"-tx-4-"limits"-verb-0]|TX|466/6|
00000000|MMI|5.18|Diet (animal life circumstance)|C3668949|[food]|["Diet"-tx-18-"diet"-noun-0]|TX|1385/4|
00000000|MMI|5.18|Discharge date|C2361123|[tmco]|["Discharge date"-tx-1-"Discharge Date"-noun-0]|TX|0/14|
00000000|MMI|5.18|Discharge date:Time Stamp -- Date and Time:Point in time:^Patient:Quantitative|C2361122|[clna]|["Discharge date"-tx-1-"Discharge Date"-noun-0]|TX|0/14|
00000000|MMI|5.18|Entity Name Part Type - given|C1550718|[idcn]|["given"-tx-21-"given"-verb-0]|TX|1587/5|
00000000|MMI|5.18|FDA Establishment Activity Terminology|C4049939|[inpr]|["ACTIVITY"-tx-4-"activity"-noun-0]|TX|477/8|
00000000|MMI|5.18|GIVEN|C1442162|[cnce]|["GIVEN"-tx-21-"given"-verb-0]|TX|1587/5|
00000000|MMI|5.18|Give - dosing instruction imperative|C1947971|[ftcn]|["Given"-tx-21-"given"-verb-0]|TX|1587/5|
00000000|MMI|5.18|Given name|C3244317|[inpr]|["given"-tx-21-"given"-verb-0]|TX|1587/5|
00000000|MMI|5.18|Hematocrit decreased|C0744727|[fndg]|["low hematocrit"-tx-20-"low hematocrit"-noun-0]|TX|1563/14|
00000000|MMI|5.18|Hospital course|C0489547|[fndg]|["Hospital course"-tx-15-"HOSPITAL COURSE"-noun-0]|TX|1022/15|
00000000|MMI|5.18|Hospital course:Finding:Point in time:^Patient:Narrative|C0488549|[clna]|["Hospital course"-tx-15-"HOSPITAL COURSE"-noun-0]|TX|1022/15|
00000000|MMI|5.18|Hypertension Adverse Event|C1963138|[fndg]|["Hypertension"-tx-6-"Hypertension"-noun-0]|TX|578/12|
00000000|MMI|5.18|Include (action)|C2700399|[acty]|["Include"-tx-27-"Include"-verb-0]|TX|2038/7|
00000000|MMI|5.18|Including (qualifier)|C0332257|[ftcn]|["include"-tx-27-"Include"-verb-0]|TX|2038/7|
00000000|MMI|5.18|Limit - Amount class|C1549649|[idcn]|["Limit"-tx-4-"limits"-verb-0]|TX|466/6|
00000000|MMI|5.18|Limited (extensiveness)|C0439801|[ftcn]|["limits"-tx-4-"limits"-verb-0]|TX|466/6|
00000000|MMI|5.18|Now (temporal qualifier)|C1948052|[tmco]|["Now"-tx-2-"now"-adv-0]|TX|361/3|
00000000|MMI|5.18|PMH - past medical history|C0455458|[fndg]|["Past medical history"-tx-6-"PAST MEDICAL HISTORY"-noun-0]|TX|556/20|
00000000|MMI|5.18|Patient Outcome - Worsening|C1546960|[idcn]|["Worsening"-tx-2-"worsening"-verb-0]|TX|405/9|
00000000|MMI|5.18|Percent Activity|C0439167|[qnco]|["% Activity"-tx-4-"activity"-noun-0]|TX|477/8|
00000000|MMI|5.18|Physical Activity Measurement|C4049938|[lbpr]|["ACTIVITY"-tx-4-"activity"-noun-0]|TX|477/8|
00000000|MMI|5.18|Special Diet Therapy|C1519433|[topp]|["DIET"-tx-18-"diet"-noun-0]|TX|1385/4|
00000000|MMI|5.18|To|C1883351|[qlco]|["To"-tx-27-"to"-adv-0]|TX|2156/2|
00000000|MMI|5.18|Worse|C1457868|[fndg]|["Worsening"-tx-2-"worsening"-verb-0]|TX|405/9|
00000000|MMI|5.18|Worsening pattern|C0332271|[qlco]|["Worsening"-tx-2-"worsening"-verb-0]|TX|405/9|
00000000|MMI|5.18|include - SetOperator|C1552866|[idcn]|["include"-tx-27-"Include"-verb-0]|TX|2038/7|
00000000|MMI|4.19|Discharge to home|C0184713|[topp]|["Discharge to home"-tx-24-"discharged to home"-noun-0]|TX|1906/18|
00000000|MMI|4.19|Stress Dose Steroid Therapy|C4053986|[topp]|["Stress Dose Steroid"-tx-21-"stress dose steroids"-noun-0]|TX|1593/20|
00000000|MMI|4.12|medication current|C0746467|[fndg]|["current medication"-tx-8-"CURRENT MEDICATIONS"-noun-0]|TX|676/19|
00000000|MMI|3.98|Make - Instruction Imperative|C1881534|[ftcn]|["Make"-tx-23-"made"-verb-0]|TX|1752/4|
00000000|MMI|3.68|% index|C1637833|[qnco]|["% index"-tx-30-"Index"-noun-0]|TX|2333/5|
00000000|MMI|3.68|Attending (action)|C1999232|[ftcn]|["attending"-tx-29-"Attending"-noun-0]|TX|2271/9|
00000000|MMI|3.68|Attending (provider role)|C1547429|[prog]|["Attending"-tx-29-"Attending"-noun-0]|TX|2271/9|
00000000|MMI|3.68|Html Link Type - index|C1552854|[idcn]|["index"-tx-30-"Index"-noun-0]|TX|2333/5|
00000000|MMI|3.68|Index|C0918012|[inpr]|["Index"-tx-30-"Index"-noun-0]|TX|2333/5|
00000000|MMI|3.68|Indomethacin 25 MG|C0986690|[clnd]|["Indomethacin 25 MG"-tx-10-"Indomethacin 25 mg"-noun-0]|TX|791/18|
00000000|MMI|3.68|Medication.discharge|C0806915|[fndg]|["Discharge medications"-tx-27-"MEDICATIONS DISCHARGE"-noun-0]|TX|2012/11,2027/9|
00000000|MMI|3.67|History of present illness:Finding:Point in time:^Patient:Nominal:Reported|C0488508|[clna]|["History of present illness"-tx-1-"HISTORY OF PRESENT ILLNESS"-noun-0]|TX|172/26|
00000000|MMI|3.65|Admitting diagnosis|C0332133|[fndg]|["Admitting diagnosis"-tx-1-"ADMITTING DIAGNOSIS"-noun-0]|TX|26/19|
00000000|MMI|3.65|mEq/day|C0439448|[qnco]|["mEq/day"-tx-12-"mEq day"-noun-0]|TX|881/3,887/3|
00000000|MMI|3.64|Clinical Study Follow-up|C3274571|[hlca]|["FOLLOW-UP"-tx-25-"follow up"-adj-0]|TX|1982/9|
00000000|MMI|3.64|Follow-Up Report|C1704685|[inpr]|["Follow-Up"-tx-25-"follow up"-adj-0]|TX|1982/9|
00000000|MMI|3.64|Follow-up status|C0589120|[fndg]|["Follow-up"-tx-25-"follow up"-adj-0]|TX|1982/9|
00000000|MMI|3.64|follow-up|C1522577|[hlca]|["Follow Up"-tx-25-"follow up"-adj-0]|TX|1982/9|
00000000|MMI|3.63|Dosage|C0178602|[qnco]|["DOSE"-tx-27-"dose"-noun-0]|TX|2151/4|
00000000|MMI|3.63|Dose number:Number:Point in time:^Patient:Quantitative|C1114758|[clna]|["Dose #"-tx-27-"dose"-noun-0]|TX|2151/4|
00000000|MMI|3.63|Unit dose|C0869039|[qnco]|["Dose"-tx-27-"dose"-noun-0]|TX|2151/4|
00000000|MMI|3.63|discharge diagnosis|C1555319|[fndg]|["Discharge diagnosis"-tx-1-"DISCHARGE DIAGNOSIS"-noun-0]|TX|84/19|
00000000|MMI|3.62|Units of blood|C0439184|[qnco]|["Units of blood"-tx-20-"units of blood"-noun-0]|TX|1515/8,1535/5|
00000000|MMI|3.61|Batch (Response Modality)|C1550176|[inpr]|["Batch"-tx-30-"Batch"-noun-0]|TX|2321/5|
00000000|MMI|3.61|Batch (group)|C1948031|[qnco]|["Batch"-tx-30-"Batch"-noun-0]|TX|2321/5|
00000000|MMI|3.61|Batch Number|C3641829|[inpr]|["BATCH"-tx-30-"Batch"-noun-0]|TX|2321/5|
00000000|MMI|3.61|Patient location type - Operating Room|C1578465|[spco]|["Operating Room"-tx-15-"operating room"-noun-0]|TX|1068/14|
00000000|MMI|3.61|Stable Disease|C0677946|[fndg]|["Stable condition"-tx-24-"stable condition"-noun-0]|TX|1928/16|
00000000|MMI|3.61|Stable chronic Graft vs Host Disease|C3538874|[fndg]|["Stable condition"-tx-24-"stable condition"-noun-0]|TX|1928/16|
00000000|MMI|3.59|Puff unit dose|C1533107|[qnco]|["Puffs"-tx-14-"puffs"-noun-0]|TX|1008/5|
00000000|MMI|3.59|Advanced phase|C0205179|[qlco]|["Advanced"-tx-18-"advanced"-verb-0]|TX|1394/8|
00000000|MMI|3.59|Aseptic necrosis|C0085660|[patf]|["Avascular necrosis"-tx-1-"avascular necrosis"-noun-0]|TX|282/18|
00000000|MMI|3.59|Avascular necrosis|C3887513|[fndg]|["AVASCULAR NECROSIS"-tx-1-"avascular necrosis"-noun-0]|TX|282/18|
00000000|MMI|3.59|Avascular necrosis of bone|C0027543|[patf]|["Avascular necrosis"-tx-1-"avascular necrosis"-noun-0]|TX|282/18|
00000000|MMI|3.59|Inguinal pain|C0239783|[sosy]|["GROIN PAIN"-tx-2-"groin pain"-noun-0]|TX|369/10|
00000000|MMI|3.59|On admission|C0457453|[tmco]|["On admission"-tx-27-"on admission"-adj-0]|TX|2052/12|
00000000|MMI|3.59|Started|C1272689|[qlco]|["Started"-tx-22-"started"-verb-0]|TX|1632/7|
00000000|MMI|3.59|Surgical operation note:Find:Pt:{Setting}:Doc:{Role}|C0551628|[clna]|["Operative note"-tx-16-"operative note"-noun-0]|TX|1233/14|
00000000|MMI|3.57|Admission activity|C0809949|[hlca]|["Admitted"-tx-5-"admitted"-verb-0]|TX|494/8|
00000000|MMI|3.57|Hospital admission|C0184666|[hlca]|["admitted"-tx-5-"admitted"-verb-0]|TX|494/8|
00000000|MMI|3.57|Weight-bearing:-:Point in time:^Patient:-|C2598162|[clna]|["Weight-bearing"-tx-23-"weight bearing"-noun-0]|TX|1765/14|
00000000|MMI|3.57|elective|C0439608|[tmco]|["Elective"-tx-5-"elective"-adj-0]|TX|507/8|
00000000|MMI|3.56|Complication|C0009566|[patf]|["Complications"-tx-17-"complications"-noun-1]|TX|1365/13|
00000000|MMI|3.56|Details|C1522508|[qlco]|["Details"-tx-16-"details"-noun-0]|TX|1252/7|
00000000|MMI|3.56|Increasing|C0442808|[ftcn]|["Increasing"-tx-3-"increasing"-verb-0]|TX|431/10|
00000000|MMI|3.56|Past|C1444637|[tmco]|["Past"-tx-3-"past"-adj-0]|TX|451/4|
00000000|MMI|3.56|Patient Condition Code - Stable|C1547311|[inpr]|["Stable"-tx-17-"stable"-adj-0]|TX|1334/6|
00000000|MMI|3.56|Stable status|C0205360|[qlco]|["STABLE"-tx-17-"stable"-adj-0]|TX|1334/6|
00000000|MMI|3.56|Taken|C1883727|[cnce]|["Taken"-tx-15-"taken"-verb-0]|TX|1055/5|
00000000|MMI|3.55|Pharmaceutical Preparations|C0013227|[phsu]|["Medication"-tx-19-"medication"-noun-0]|TX|1456/10|D26
00000000|MMI|3.55|Referring|C0205543|[ftcn]|["Refer"-tx-16-"refer"-verb-0]|TX|1211/5|
00000000|MMI|3.55|medication - HL7 publishing domain|C3244316|[ftcn]|["medication"-tx-19-"medication"-noun-0]|TX|1456/10|
00000000|MMI|3.55|Integrated Neuromusculoskeletal Release|C1704538|[topp]|["INR"-tx-27-"INR"-noun-0]|TX|2171/3|
00000000|MMI|3.54|Machine|C0336779|[mnob]|["Machine"-tx-23-"machine"-noun-0]|TX|1841/7|
00000000|MMI|3.54|Partial|C0728938|[qnco]|["PARTIAL"-tx-23-"partial"-noun-0]|TX|1757/7|
00000000|MMI|3.54|Target Awareness - partial|C1550516|[idcn]|["partial"-tx-23-"partial"-noun-0]|TX|1757/7|
00000000|MMI|3.54|Male Gender, Self Report|C1706180|[qlco]|["Male"-tx-1-"male"-noun-0]|TX|229/4|
00000000|MMI|3.54|Male Phenotype|C1706428|[qlco]|["Male"-tx-1-"male"-noun-0]|TX|229/4|
00000000|MMI|3.54|Male, Self-Reported|C1706429|[orga]|["Male"-tx-1-"male"-noun-0]|TX|229/4|
00000000|MMI|3.53|Physical therapy (field)|C0699718|[bmod]|["physical therapy"-tx-23-"physical therapy"-noun-0]|TX|1714/16|
00000000|MMI|3.52|Allopurinol 300 MG|C0983479|[clnd]|["Allopurinol 300 MG"-tx-13-"Allopurinol 300 mg"-noun-0]|TX|928/18|
00000000|MMI|3.52|Lisinopril 20 MG|C0987219|[clnd]|["Lisinopril 20 MG"-tx-12-"Lisinopril 20 mg"-noun-0]|TX|847/16|
00000000|MMI|3.51|Furosemide 80 MG|C0992359|[clnd]|["Furosemide 80 MG"-tx-10-"Lasix 80 mg"-noun-0]|TX|771/11|
00000000|MMI|3.50|GB16|C0450736|[blor]|["GB16"-tx-29-"GB16"-noun-0]|TX|2266/4|
00000000|MMI|3.50|Good|C0205170|[qlco]|["Well"-tx-17-"well"-adv-0]|TX|1316/4|
00000000|MMI|3.50|Well|C3146287|[mnob]|["Well"-tx-17-"well"-adv-0]|TX|1316/4|
00000000|MMI|3.48|Adjustment Action|C0456081|[ftcn]|["Adjusted"-tx-27-"adjusted"-adj-0]|TX|2142/8|
00000000|MMI|3.48|K-Dur|C0306511|[inch,phsu]|["K-Dur"-tx-12-"K-Dur"-noun-0]|TX|872/5|
00000000|MMI|3.47|Range of motion exercise|C0150220|[topp]|["Range of motion exercise"-tx-23-"range of motion exercises"-noun-0]|TX|1785/25|
00000000|MMI|3.47|Percocet Tablets|C0307251|[clnd]|["Percocet Tablets"-tx-27-"Percocet tablets"-noun-0]|TX|2086/8,2099/7|
00000000|MMI|3.46|Entire right hip region|C1268233|[blor]|["Right hip"-tx-1-"right hip"-noun-0]|TX|321/9|
00000000|MMI|3.46|Right hip region structure|C0524470|[blor]|["Right hip"-tx-1-"right hip"-noun-0]|TX|321/9|
00000000|MMI|3.46|Registered nurse|C0687673|[prog]|["R.N."-tx-27-"r.n"-adj-0]|TX|2119/3|
00000000|MMI|3.46|failed|C0231175|[ftcn]|["Failed"-tx-1-"FAILED"-adj-0]|TX|47/6|
00000000|MMI|3.45|4 Hours|C1292426|[tmco]|["4H"-tx-27-"4h"-noun-0]|TX|2114/2|
00000000|MMI|3.44|0/5|C0444499|[qnco]|["0/5"-tx-27-"5 0"-real_number-0]|TX|2180/1,2184/1|
00000000|MMI|3.44|Delayed Release Dosage Form|C1707664|[bodm]|["DR"-tx-25-"Dr"-noun-0]|TX|1997/2|
00000000|MMI|3.44|Device to Subject Relationship Domain|C3540849|[inpr]|["DR"-tx-25-"Dr"-noun-0]|TX|1997/2|
00000000|MMI|3.44|Doctor - Title|C2348314|[cnce]|["Dr."-tx-25-"Dr"-noun-0]|TX|1997/2|
00000000|MMI|3.44|Passive Range of Motion function|C0079991|[ortf]|["Passive motion"-tx-23-"passive motion"-noun-0]|TX|1826/14|
00000000|MMI|3.44|Posterior dislocation|C1265659|[inpo]|["Posterior dislocation"-tx-23-"posterior dislocation"-noun-0]|TX|1854/21|
00000000|MMI|3.43|Right|C0205090|[spco]|["RIGHT"-tx-1-"right"-adj-0]|TX|321/5|
00000000|MMI|3.43|Right sided|C0444532|[spco]|["Right"-tx-1-"right"-adj-0]|TX|321/5|
00000000|MMI|3.43|Services|C0557854|[ocac]|["Services"-tx-24-"services"-noun-0]|TX|1950/8|
00000000|MMI|3.43|Add - instruction imperative|C1883712|[ftcn]|["Addition"-tx-27-"addition"-noun-0]|TX|2074/8|
00000000|MMI|3.43|Autologous|C0439859|[qlco]|["Autologous"-tx-20-"autologous"-noun-0]|TX|1524/10|
00000000|MMI|3.43|Entire left hip region|C1268234|[blor]|["Left hip"-tx-1-"left hip"-noun-0]|TX|252/8|
00000000|MMI|3.43|In addition to|C0332287|[ftcn]|["Addition"-tx-27-"addition"-noun-0]|TX|2074/8|
00000000|MMI|3.43|P Blood group antibodies|C0369773|[aapp,imft]|["P NOS"-tx-19-"p"-noun-0]|TX|1446/1|
00000000|MMI|3.43|P prime|C2603361|[clna]|["P'"-tx-19-"p"-noun-0]|TX|1446/1|
00000000|MMI|3.43|Structure of left hip|C0524471|[blor]|["Left hip"-tx-1-"left hip"-noun-0]|TX|252/8|
00000000|MMI|3.43|Three|C0205449|[qnco]|["Three"-tx-20-"three"-word_numeral-0]|TX|1509/5|
00000000|MMI|3.42|Uncomplicated|C0443334|[qlco]|["Uncomplicated"-tx-15-"uncomplicated"-adj-0]|TX|1117/13|
00000000|MMI|3.42|Continuous|C0549178|[idcn]|["CONTINUOUS"-tx-23-"continuous"-adj-0]|TX|1815/10|
00000000|MMI|3.42|Precaution|C1882442|[cnce]|["Precautions"-tx-23-"precautions"-noun-0]|TX|1876/11|
00000000|MMI|3.42|Allopathic & Osteopathic Physicians - Surgery|C3853799|[prog]|["Surgery"-tx-1-"SURGERY"-noun-0]|TX|154/7|
00000000|MMI|3.42|Date in time|C0011008|[tmco]|["DATE"-tx-1-"DATE"-noun-0]|TX|146/4|
00000000|MMI|3.42|Operative Surgical Procedures|C0543467|[hlca]|["Surgery"-tx-1-"SURGERY"-noun-0]|TX|154/7|E04
00000000|MMI|3.42|Surgery specialty|C0038894|[bmod]|["Surgery"-tx-1-"SURGERY"-noun-0]|TX|154/7|
00000000|MMI|3.42|50%|C3842586|[fndg]|["50%"-tx-1-"50"-integer-0]|TX|217/2|
00000000|MMI|3.42|<50|C3843766|[fndg]|["<50"-tx-1-"50"-integer-0]|TX|217/2|
00000000|MMI|3.42|Concept History|