00000000|MMI|12.93|Esophagitis|C0014868|[dsyn]|["OESOPHAGITIS"-tx-1-"Esophagitis"-noun-0]|TX|65/11|C06.405.117.620;C06.405.205.663
00000000|MMI|3.68|Admission date:Time Stamp -- Date and Time:Point in time:^Patient:Quantitative|C2598112|[clna]|["Admission date"-tx-1-"Admission Date"-noun-0]|TX|87/14|
00000000|MMI|3.68|Date of admission|C1302393|[tmco]|["Admission date"-tx-1-"Admission Date"-noun-0]|TX|87/14|
00000000|MMI|3.65|Report status|C0586177|[fndg]|["Report status"-tx-1-"Report Status"-noun-0]|TX|113/13|
00000000|MMI|3.59|Pyrexia of unknown origin (excl puerperal)|C0856281|[sosy]|["puo"-tx-1-"PUO"-noun-0]|TX|12/3|
00000000|MMI|3.47|Diagnostic interview schedule|C0451119|[inpr]|["DIS"-tx-1-"DIS"-noun-0]|TX|81/3|
00000000|MMI|3.47|Discontinued|C1444662|[fndg]|["DIS"-tx-1-"DIS"-noun-0]|TX|81/3|
00000000|MMI|3.47|Esophagitis Adverse Event|C1963106|[fndg]|["Esophagitis"-tx-1-"Esophagitis"-noun-0]|TX|65/11|
00000000|MMI|3.46|10%|C3842590|[fndg]|["10%"-tx-1-"10"-fraction-0]|TX|105/2|
00000000|MMI|321.19|Portugal|C0032729|[geoa]|["PO"-tx-35-"PO"-noun-0,"PO"-tx-18-"po"-noun-0,"PO"-tx-12-"PO"-noun-0,"PO"-tx-9-"PO"-noun-0,"PO"-tx-8-"PO"-noun-0,"PO"-tx-4-"PO"-noun-0,"PO"-tx-3-"PO"-noun-0]|TX|4067/2;3208/2;[1472/2],[1582/2],[1639/2],[1676/2],[1743/2],[1779/2],[1814/2];1086/2;973/2;463/2;363/2|Z01.542.727
00000000|MMI|125.12|Patient Discharge|C0030685|[hlca]|["Discharge"-tx-40-"DISCHARGE"-noun-0,"Discharge"-tx-38-"DISCHARGE"-noun-0,"Discharge"-tx-35-"discharge"-noun-0,"Discharge"-tx-12-"DISCHARGE"-noun-0,"Discharge"-tx-1-"DISCHARGE"-noun-0,"Patient Discharge"-tx-1-"DISCHARGE PATIENT"-noun-0]|TX|4361/9;4213/9;4079/9;2148/9;33/9;104/17|E02.204.125;E02.760.400.610;N02.421.192.125;N02.421.585.400.610;N04.590.233.727.210.125
00000000|MMI|113.79|Oral|C0442027|[spco]|["PO"-tx-35-"PO"-noun-0,"PO"-tx-18-"po"-noun-0,"PO"-tx-12-"PO"-noun-0,"PO"-tx-9-"PO"-noun-0,"PO"-tx-8-"PO"-noun-0,"PO"-tx-4-"PO"-noun-0,"PO"-tx-3-"PO"-noun-0]|TX|4067/2;3208/2;[1472/2],[1582/2],[1639/2],[1676/2],[1743/2],[1779/2],[1814/2];1086/2;973/2;463/2;363/2|
00000000|MMI|84.68|Fluconazole|C0016277|[orch,phsu]|["FLUCONAZOLE"-tx-36-"Fluconazole"-noun-0,"FLUCONAZOLE"-tx-7-"FLUCONAZOLE"-noun-0,"FLUCONAZOLE"-tx-5-"FLUCONAZOLE"-noun-0,"FLUCONAZOLE"-tx-4-"FLUCONAZOLE"-noun-0]|TX|4124/11;[854/11],[916/11];587/11;535/11|D03.383.129.799.450
00000000|MMI|83.46|Mongolia|C0026410|[geoa]|["MG"-tx-17-"mg"-noun-0,"MG"-tx-12-"MG"-noun-0,"MG"-tx-5-"MG"-noun-0]|TX|3173/2;[1636/2],[1673/2],[1740/2],[1776/2];605/2|Z01.252.474.651
00000000|MMI|79.72|Clonazepam|C0009011|[orch,phsu]|["CLONAZEPAM"-tx-33-"clonazepam"-noun-0,"CLONAZEPAM"-tx-7-"CLONAZEPAM"-noun-0,"CLONAZEPAM"-tx-4-"CLONAZEPAM"-noun-0]|TX|3987/10;[837/10],[899/10];518/10|D03.438.079.080.070.150
00000000|MMI|79.62|Override|C1547671|[acty]|["Override"-tx-11-"override"-verb-0,"Override"-tx-10-"Override"-verb-0,"Override"-tx-10-"override"-verb-0,"Override"-tx-9-"override"-verb-0,"Override"-tx-8-"Override"-verb-0,"Override"-tx-7-"override"-verb-0,"Override"-tx-5-"Override"-verb-0,"Override"-tx-5-"overridden"-noun-0,"Override"-tx-4-"override"-verb-0,"Override"-tx-3-"Override"-verb-0]|TX|1411/8;1237/8;1215/8;1188/8;[979/8],[996/8];939/8;749/8;737/10;558/8;[369/8],[386/8]|
00000000|MMI|60.37|Awareness|C0004448|[menp]|["Aware"-tx-11-"Aware"-adj-0,"Aware"-tx-9-"Aware"-adj-0,"Aware"-tx-7-"Aware"-adj-0,"Aware"-tx-4-"Aware"-adj-0]|TX|1421/5;1198/5;949/5;568/5|F02.463.188.150
00000000|MMI|54.20|Mental Depression|C0011570|[mobd]|["DEPRESSION"-tx-12-"Depression"-noun-0,"DEPRESSION"-tx-12-"depression"-noun-0]|TX|2623/10;[2127/10],[2387/10],[2400/10]|F01.145.126.350
00000000|MMI|49.68|Diflucan|C0699601|[orch,phsu]|["Diflucan"-tx-34-"diflucan"-noun-0,"Diflucan"-tx-5-"DIFLUCAN"-noun-0,"Diflucan"-tx-4-"DIFLUCAN"-noun-0]|TX|4045/8;576/8;454/8|D03.383.129.799.450
00000000|MMI|49.64|Diabetes Mellitus, Non-Insulin-Dependent|C0011860|[dsyn]|["NIDDM"-tx-30-"NIDDM"-noun-1,"NIDDM"-tx-12-"NIDDM"-noun-0]|TX|3884/5;[2119/5],[2312/5]|C18.452.394.750.149;C19.246.300
00000000|MMI|48.50|diagnosis aspect|C1704338|[qlco]|["diagnosis"-tx-12-"DIAGNOSIS"-noun-0]|TX|[2041/9],[2235/9]|x.x.x.x.x.x.x
00000000|MMI|45.09|Coding|C0009219|[ocac]|["code"-tx-3-"CODE"-noun-0,"code"-tx-3-"code"-noun-0]|TX|281/4;299/4|N04.452.758.708.200.400.500;N04.452.859.564.274;N05.715.360.300.715.500.249;N06.850.520.308.940.968.249
00000000|MMI|44.63|Esophagitis|C0014868|[dsyn]|["OESOPHAGITIS"-tx-34-"Esophagitis"-noun-0,"OESOPHAGITIS"-tx-12-"Esophagitis"-noun-0,"OESOPHAGITIS"-tx-12-"esophagitis"-noun-0]|TX|4004/11;2217/11;2052/11|C06.405.117.620;C06.405.205.663
00000000|MMI|41.20|Depressive disorder|C0011581|[mobd]|["-- Depression"-tx-12-"Depression"-noun-0,"-- Depression"-tx-12-"depression"-noun-0]|TX|2623/10;[2127/10],[2387/10],[2400/10]|F03.600.300
00000000|MMI|35.81|Pain|C0030193|[sosy]|["PAIN"-tx-21-"pain"-noun-0,"PAIN"-tx-15-"Pain"-noun-0]|TX|3342/4;2994/4|C10.597.617;C23.888.592.612;F02.830.816.444;G11.561.600.810.444
00000000|MMI|33.49|Doctor of Medicine|C1512018|[inpr]|["M.D."-tx-38-"M.D"-noun-0,"M.D."-tx-11-"M.D"-noun-0,"M.D."-tx-9-"M.D"-noun-0,"M.D."-tx-6-"M.D"-noun-0,"M.D."-tx-4-"M.D"-noun-0,"M.D."-tx-1-"M.D"-noun-0]|TX|4305/3;1287/3;1046/3;799/3;436/3;267/3|
00000000|MMI|32.70|Chest Pain|C0008031|[sosy]|["CHEST PAIN"-tx-13-"chest pain"-noun-0,"CHEST PAIN"-tx-12-"chest pain"-noun-0]|TX|2758/10;2066/10|C10.597.617.192;C23.888.592.612.233
00000000|MMI|32.42|Lisinopril|C0065374|[aapp,phsu]|["Lysinopril"-tx-11-"LISINOPRIL"-noun-0,"Lysinopril"-tx-9-"LISINOPRIL"-noun-0]|TX|1364/10;1141/10|D12.644.456.345.600
00000000|MMI|32.38|Potassium Chloride|C0032825|[inch,phsu]|["POTASSIUM CHLORIDE"-tx-11-"POTASSIUM CHLORIDE"-noun-0,"POTASSIUM CHLORIDE"-tx-9-"POTASSIUM CHLORIDE"-noun-0]|TX|1381/18;1158/18|D01.210.450.150.750;D01.745.625
00000000|MMI|32.29|Daily|C0332173|[tmco]|["QD"-tx-12-"QD"-noun-0,"QD"-tx-8-"QD"-noun-0,"QD"-tx-5-"QD"-noun-0,"QD"-tx-3-"QD"-noun-0]|TX|[1475/2],[1642/2],[1701/2],[1746/2],[1817/2];976/2;611/2;366/2|
00000000|MMI|30.56|Disease|C0012634|[dsyn]|["condition"-tx-38-"CONDITION"-noun-0,"Disease"-tx-13-"disease"-noun-0,"condition"-tx-12-"Conditions"-noun-0]|TX|4223/9;2734/7;2245/10|C23.550.288
00000000|MMI|30.42|Hypertensive disease|C0020538|[dsyn]|["HTN"-tx-12-"HTN"-noun-0,"HYPERTENSION"-tx-12-"hypertension"-noun-0]|TX|[2335/3],[2617/3];2104/12|C14.907.489
00000000|MMI|30.42|Aspirin|C0004057|[orch,phsu]|["ASPIRIN"-tx-12-"ASPIRIN"-noun-0]|TX|1712/7|D02.455.426.559.389.657.410.595.176
00000000|MMI|26.14|Panama|C0030266|[geoa]|["PM"-tx-40-"PM"-noun-0,"PM"-tx-1-"PM"-adj-0]|TX|4344/2;143/2|Z01.107.169.772
00000000|MMI|24.11|Surgical aspects|C0038895|[ftcn]|["operations"-tx-12-"OPERATIONS"-noun-0]|TX|2413/10|x.x.x.x.x.x.x
00000000|MMI|23.67|Order (action)|C1705178|[acty]|["Order"-tx-40-"ORDERS"-verb-0,"Order"-tx-11-"order"-noun-0,"Order"-tx-9-"order"-noun-0,"Order"-tx-4-"order"-noun-0,"Order"-tx-1-"ORDER"-noun-0,"Order"-tx-1-"ORDERS"-verb-0]|TX|4371/6;1295/5;1054/5;444/5;186/5;43/6|
00000000|MMI|23.67|Order (arrangement)|C1705176|[qlco]|["Order"-tx-40-"ORDERS"-verb-0,"Order"-tx-11-"order"-noun-0,"Order"-tx-9-"order"-noun-0,"Order"-tx-4-"order"-noun-0,"Order"-tx-1-"ORDER"-noun-0,"Order"-tx-1-"ORDERS"-verb-0]|TX|4371/6;1295/5;1054/5;444/5;186/5;43/6|
00000000|MMI|23.67|Order (document)|C1705175|[inpr]|["Order"-tx-40-"ORDERS"-verb-0,"Order"-tx-11-"order"-noun-0,"Order"-tx-9-"order"-noun-0,"Order"-tx-4-"order"-noun-0,"Order"-tx-1-"ORDER"-noun-0,"Order"-tx-1-"ORDERS"-verb-0]|TX|4371/6;1295/5;1054/5;444/5;186/5;43/6|
00000000|MMI|23.67|Order (taxonomic)|C1705177|[clas]|["Order"-tx-40-"ORDERS"-verb-0,"Order"-tx-11-"order"-noun-0,"Order"-tx-9-"order"-noun-0,"Order"-tx-4-"order"-noun-0,"Order"-tx-1-"ORDER"-noun-0,"Order"-tx-1-"ORDERS"-verb-0]|TX|4371/6;1295/5;1054/5;444/5;186/5;43/6|
00000000|MMI|23.67|Permutation|C1882348|[qlco]|["Order"-tx-40-"ORDERS"-verb-0,"Order"-tx-11-"order"-noun-0,"Order"-tx-9-"order"-noun-0,"Order"-tx-4-"order"-noun-0,"Order"-tx-1-"ORDER"-noun-0,"Order"-tx-1-"ORDERS"-verb-0]|TX|4371/6;1295/5;1054/5;444/5;186/5;43/6|
00000000|MMI|23.67|Sequence of Planned Assessment Schedule|C3889825|[inpr]|["ORDER"-tx-40-"ORDERS"-verb-0,"ORDER"-tx-11-"order"-noun-0,"ORDER"-tx-9-"order"-noun-0,"ORDER"-tx-4-"order"-noun-0,"ORDER"-tx-1-"ORDER"-noun-0,"ORDER"-tx-1-"ORDERS"-verb-0]|TX|4371/6;1295/5;1054/5;444/5;186/5;43/6|
00000000|MMI|23.12|Edema|C0013604|[fndg]|["OEDEMA"-tx-28-"edema"-noun-1,"SWELLING"-tx-21-"swelling"-verb-1]|TX|3633/5;3373/8|C23.888.277
00000000|MMI|22.31|Magnesium Cation|C2346927|[elii,phsu]|["Mg++"-tx-17-"mg"-noun-0,"Mg++"-tx-12-"MG"-noun-0,"Mg++"-tx-5-"MG"-noun-0]|TX|3173/2;[1636/2],[1673/2],[1740/2],[1776/2];605/2|
00000000|MMI|22.31|Milligram percent|C1960952|[qnco]|["mg %"-tx-17-"mg"-noun-0,"mg %"-tx-12-"MG"-noun-0,"mg %"-tx-5-"MG"-noun-0]|TX|3173/2;[1636/2],[1673/2],[1740/2],[1776/2];605/2|
00000000|MMI|22.31|mg/dL|C0439269|[qnco]|["mg%"-tx-17-"mg"-noun-0,"mg%"-tx-12-"MG"-noun-0,"mg%"-tx-5-"MG"-noun-0]|TX|3173/2;[1636/2],[1673/2],[1740/2],[1776/2];605/2|
00000000|MMI|20.95|Gastroesophageal reflux disease|C0017168|[dsyn]|["GERD"-tx-12-"GERD"-noun-0]|TX|2610/4|C06.405.117.119.500.484
00000000|MMI|20.95|Magnesium Hydroxide|C0024476|[inch,phsu]|["MAGNESIUM HYDROXIDE"-tx-12-"MAGNESIUM HYDROXIDE"-noun-0]|TX|1435/19|D01.045.250.575;D01.248.497.158.459.388;D01.524.485
00000000|MMI|19.78|Stent, device|C0038257|[medd]|["Stent"-tx-12-"stent"-noun-0]|TX|[2368/5],[2661/5]|E07.695.750
00000000|MMI|19.77|Tablet Dosage Form|C0039225|[bodm]|["TAB"-tx-12-"TAB"-noun-0,"Tablets"-tx-12-"TABLETS"-noun-0]|TX|1578/3;1542/7|D26.255.830
00000000|MMI|19.45|Axis vertebra|C0004457|[bpoc]|["Axis"-tx-25-"axis"-noun-0]|TX|3473/4|A02.835.232.834.151.383
00000000|MMI|19.31|District of Columbia|C0012764|[geoa]|["D.C."-tx-1-"D/C"-noun-0]|TX|182/3|Z01.107.567.875.500.210;Z01.433.429
00000000|MMI|19.27|Structure of xiphoid process of sternum|C0043356|[bpoc]|["Xyphoid"-tx-14-"xyphoid"-noun-0]|TX|2956/7|A02.835.232.904.766.825
00000000|MMI|19.26|Po 12|C1569564|[orch,phsu]|["Po 12"-tx-5-"PO 12"-noun-0]|TX|608/2,616/2|D02.455.849.919.530.444
00000000|MMI|19.22|Atenolol|C0004147|[orch,phsu]|["ATENOLOL"-tx-12-"ATENOLOL"-noun-0]|TX|1683/8|D02.033.100.624.698.070;D02.033.755.624.698.070;D02.092.063.624.698.070
00000000|MMI|19.20|Morphine|C0026549|[orch,phsu]|["MORPHINE"-tx-17-"morphine"-noun-0]|TX|3162/8|D03.132.577.249.562.571;D03.549.686.607.587;D03.605.497.607.587;D04.615.723.795.576.571
00000000|MMI|19.06|Indication of (contextual qualifier)|C0392360|[idcn]|["Reason"-tx-11-"Reason"-noun-0,"Reason"-tx-9-"Reason"-noun-0,"Reason"-tx-7-"Reason"-noun-0,"Indications"-tx-5-"INDICATIONS"-noun-0,"Reason"-tx-4-"Reason"-noun-0]|TX|1400/6;1177/6;928/6;649/11;547/6|
00000000|MMI|19.06|Interaction|C1704675|[ftcn]|["Interaction"-tx-11-"INTERACTION"-noun-0,"Interaction"-tx-9-"INTERACTION"-noun-0,"Interaction"-tx-7-"INTERACTION"-noun-0,"Interaction"-tx-4-"INTERACTION"-noun-0]|TX|1351/11;1128/11;[824/11],[886/11];505/11|
00000000|MMI|18.82|Body Fluid Discharge|C0012621|[bdsu]|["Discharge"-tx-40-"DISCHARGE"-noun-0,"Discharge"-tx-38-"DISCHARGE"-noun-0,"Discharge"-tx-35-"discharge"-noun-0,"Discharge"-tx-12-"DISCHARGE"-noun-0,"Discharge"-tx-1-"DISCHARGE"-noun-0]|TX|4361/9;4213/9;4079/9;2148/9;33/9|
00000000|MMI|18.82|Discharge, body substance|C2926602|[bdsu]|["Discharge"-tx-40-"DISCHARGE"-noun-0,"Discharge"-tx-38-"DISCHARGE"-noun-0,"Discharge"-tx-35-"discharge"-noun-0,"Discharge"-tx-12-"DISCHARGE"-noun-0,"Discharge"-tx-1-"DISCHARGE"-noun-0]|TX|4361/9;4213/9;4079/9;2148/9;33/9|
00000000|MMI|18.25|Serious|C0205404|[qlco]|["Serious"-tx-11-"SERIOUS"-adj-0,"Serious"-tx-9-"SERIOUS"-adj-0,"Serious"-tx-7-"SERIOUS"-adj-0,"Serious"-tx-4-"SERIOUS"-adj-0]|TX|1343/7;1120/7;[816/7],[878/7];497/7|
00000000|MMI|17.80|Coronary Arteriosclerosis|C0010054|[dsyn]|["coronary heart disease"-tx-12-"coronary heart disease"-noun-0]|TX|2079/22|C14.280.647.250.260;C14.907.137.126.339;C14.907.585.250.260
00000000|MMI|17.80|Coronary Artery Disease|C1956346|[dsyn]|["coronary heart disease"-tx-12-"coronary heart disease"-noun-0]|TX|2079/22|C14.280.647.250.260;C14.907.137.126.339;C14.907.585.250.260
00000000|MMI|17.80|Electrocardiogram|C0013798|[fndg]|["EKG"-tx-25-"EKG"-noun-0]|TX|3448/3|E01.370.370.380.240;E01.370.405.240
00000000|MMI|17.80|Electrocardiography|C1623258|[diap]|["EKG"-tx-25-"EKG"-noun-0]|TX|3448/3|E01.370.370.380.240;E01.370.405.240
00000000|MMI|17.80|Pulse Rate|C0232117|[clna]|["PULSE"-tx-24-"pulses"-verb-0]|TX|3429/6|E01.370.600.875.500;G09.330.380.500
00000000|MMI|17.80|Pulse taking|C0034107|[hlca]|["Pulses"-tx-24-"pulses"-verb-0]|TX|3429/6|E01.370.370.380.650;E01.370.600.650;G09.330.380.750
00000000|MMI|17.80|Togo|C0040363|[geoa]|["TO"-tx-12-"to"-adv-0]|TX|1966/2|Z01.058.290.190.800
00000000|MMI|17.80|Tryptophanase|C0041260|[aapp,enzy]|["TO"-tx-12-"to"-adv-0]|TX|1966/2|D08.811.520.224.800
00000000|MMI|16.30|Esophagogastroduodenoscopy|C0079304|[diap]|["EGD"-tx-37-"EGD"-noun-0]|TX|4158/3|E01.370.372.250;E01.370.388.250.250;E04.210.240;E04.502.250.250
00000000|MMI|16.22|Lipitor|C0593906|[orch,phsu]|["Lipitor"-tx-12-"LIPITOR"-noun-0]|TX|1645/7|D03.383.129.578.075;D10.251.450.200
00000000|MMI|16.21|Bone structure of rib|C0035561|[bpoc]|["RIBS"-tx-21-"ribs"-noun-0]|TX|3326/4|A02.835.232.904.567
00000000|MMI|16.18|Mastodynia|C0024902|[sosy]|["Pain of breast"-tx-14-"of chest pain"-noun-0]|TX|2896/13|C10.597.617.229;C23.888.592.612.530;F02.830.816.308;G11.561.600.810.308
00000000|MMI|16.09|Lidocaine|C0023660|[orch,phsu]|["LIDOCAINE"-tx-18-"lidocaine"-noun-0]|TX|3211/9|D02.065.199.092.500
00000000|MMI|16.07|Metformin|C0025598|[orch,phsu]|["METFORMIN"-tx-12-"METFORMIN"-noun-0]|TX|1820/9|D02.078.370.141.450
00000000|MMI|16.07|Nitroglycerin|C0017887|[orch,phsu]|["nitroglycerine"-tx-16-"nitroglycerin"-noun-0]|TX|3126/13|D02.033.800.421.560;D02.640.636
00000000|MMI|16.05|Ivory Coast|C0022326|[geoa]|["IV"-tx-11-"IV"-noun-0]|TX|1309/2|Z01.058.290.190.272
00000000|MMI|15.79|Esophagitis Adverse Event|C1963106|[fndg]|["Esophagitis"-tx-34-"Esophagitis"-noun-0,"Esophagitis"-tx-12-"Esophagitis"-noun-0,"Esophagitis"-tx-12-"esophagitis"-noun-0]|TX|4004/11;2217/11;2052/11|
00000000|MMI|15.19|Depressed mood|C0344315|[fndg]|["depression"-tx-12-"Depression"-noun-0,"depression"-tx-12-"depression"-noun-0]|TX|2623/10;[2127/10],[2387/10],[2400/10]|
00000000|MMI|15.19|Depression Scale (BASC-2)|C4049644|[inpr]|["Depression"-tx-12-"Depression"-noun-0,"Depression"-tx-12-"depression"-noun-0]|TX|2623/10;[2127/10],[2387/10],[2400/10]|
00000000|MMI|15.19|Depression motion|C0460137|[ftcn]|["Depression"-tx-12-"Depression"-noun-0,"Depression"-tx-12-"depression"-noun-0]|TX|2623/10;[2127/10],[2387/10],[2400/10]|
00000000|MMI|15.17|K Prime|C1708601|[qnco]|["K'"-tx-10-"K"-noun-0,"K'"-tx-8-"K"-noun-0,"K'"-tx-5-"K"-noun-0,"K'"-tx-3-"K"-noun-0]|TX|1282/1;1041/1;794/1;431/1|
00000000|MMI|15.17|Potassium Ion|C0597277|[elii,phsu]|["K+"-tx-10-"K"-noun-0,"K+"-tx-8-"K"-noun-0,"K+"-tx-5-"K"-noun-0,"K+"-tx-3-"K"-noun-0]|TX|1282/1;1041/1;794/1;431/1|
00000000|MMI|15.09|Hospital admission|C0184666|[hlca]|["Admission"-tx-13-"admission"-noun-0,"Admission"-tx-12-"Admission"-noun-0,"Admit"-tx-12-"ADMIT"-verb-0,"admitted"-tx-12-"admitted"-verb-0]|TX|2744/9;2205/9;2035/5;2674/8|
00000000|MMI|14.67|Additional|C1524062|[ftcn]|["Added"-tx-10-"added"-verb-0,"Added"-tx-8-"added"-verb-0,"Added"-tx-5-"added"-verb-0,"Added"-tx-3-"added"-verb-0]|TX|1246/5;1005/5;758/5;395/5|
00000000|MMI|14.64|Christmas Island|C0006888|[geoa]|["CXR"-tx-28-"CXR"-noun-0]|TX|3589/3|Z01.639.100;Z01.678.100.373
00000000|MMI|14.64|Citalopram|C0008845|[orch,phsu]|["CITALOPRAM"-tx-12-"CITALOPRAM"-noun-0]|TX|1795/10|D02.092.831.170;D02.626.320;D03.438.127.187
00000000|MMI|14.64|Coronary heart disease|C0010068|[dsyn]|["Coronary Heart Disease"-tx-12-"coronary heart disease"-noun-0]|TX|2079/22|C14.280.647.250;C14.907.585.250
00000000|MMI|14.64|Dyspnea|C0013404|[sosy]|["DYSPNOEA"-tx-15-"dyspnea"-noun-1]|TX|3084/7|C08.618.326;C23.888.852.371
00000000|MMI|14.64|Endometriosis|C0014175|[dsyn]|["Endo"-tx-30-"Endo"-adj-1]|TX|3878/4|C13.351.500.163
00000000|MMI|14.64|Major Depressive Disorder|C1269683|[mobd]|["MDD"-tx-33-"MDD"-noun-0]|TX|3955/3|F03.600.300.375
00000000|MMI|14.64|Mirtazapine|C0049506|[orch,phsu]|["MIRTAZAPINE"-tx-12-"MIRTAZAPINE"-noun-0]|TX|1759/11|x.x.x.x
00000000|MMI|14.64|Set (Psychology)|C0036849|[menp]|["Set"-tx-19-"set"-verb-0]|TX|3234/3|F02.463.425.838
00000000|MMI|14.64|pantoprazole|C0081876|[orch,phsu]|["PANTOPRAZOLE"-tx-12-"PANTOPRAZOLE"-noun-0]|TX|1618/12|x.x.x.x
00000000|MMI|14.64|phosphoethanolamine|C0070939|[bacs,orch]|["PE"-tx-20-"PE"-noun-0]|TX|3265/2|x.x.x.x
00000000|MMI|14.53|Negative|C0205160|[qlco]|["Negative"-tx-29-"negative"-adj-0,"Negative"-tx-28-"negative"-noun-0,"Negative"-tx-19-"negative"-noun-0,"Negative"-tx-13-"negative"-adj-0]|TX|3762/8;3594/8;3254/8;2850/8|
00000000|MMI|14.53|Negative - answer|C3853545|[qlco]|["Negative"-tx-29-"negative"-adj-0,"Negative"-tx-28-"negative"-noun-0,"Negative"-tx-19-"negative"-noun-0,"Negative"-tx-13-"negative"-adj-0]|TX|3762/8;3594/8;3254/8;2850/8|
00000000|MMI|14.53|Negative Charge|C2825491|[qlco]|["Negative"-tx-29-"negative"-adj-0,"Negative"-tx-28-"negative"-noun-0,"Negative"-tx-19-"negative"-noun-0,"Negative"-tx-13-"negative"-adj-0]|TX|3762/8;3594/8;3254/8;2850/8|
00000000|MMI|14.53|Negative Finding|C1513916|[fndg]|["NEGATIVE"-tx-29-"negative"-adj-0,"NEGATIVE"-tx-28-"negative"-noun-0,"NEGATIVE"-tx-19-"negative"-noun-0,"NEGATIVE"-tx-13-"negative"-adj-1]|TX|3762/8;3594/8;3254/8;2850/8|
00000000|MMI|14.53|Negative Number|C2825415|[cnce]|["Negative"-tx-29-"negative"-adj-0,"Negative"-tx-28-"negative"-noun-0,"Negative"-tx-19-"negative"-noun-0,"Negative"-tx-13-"negative"-adj-0]|TX|3762/8;3594/8;3254/8;2850/8|
00000000|MMI|13.48|Woman|C0043210|[popg]|["WOMAN"-tx-28-"woman"-noun-0,"female"-tx-12-"female"-noun-0]|TX|3675/5;2589/6|M01.975
00000000|MMI|13.35|Perfusion (procedure)|C0031001|[topp]|["Perfusion"-tx-29-"perfusion"-noun-0,"Perfusion"-tx-12-"perfusion"-noun-0]|TX|3815/9;2463/9|E05.680
00000000|MMI|13.14|Constipation|C0009806|[sosy]|["CONSTIPATION"-tx-12-"Constipation"-noun-0]|TX|1506/12|C23.888.821.150
00000000|MMI|13.09|Suspensions|C0038960|[bodm]|["SUSP"-tx-18-"susp"-noun-0]|TX|3221/4|D20.280.810;D26.255.165.810
00000000|MMI|13.08|Infantile Neuroaxonal Dystrophy|C0270724|[dsyn]|["PLAN"-tx-38-"PLAN"-noun-0]|TX|4247/4|C10.228.140.744
00000000|MMI|13.05|Diet|C0012155|[food]|["Diet"-tx-12-"DIET"-noun-0]|TX|1844/4|G07.203.650.240
00000000|MMI|13.05|Turkmenistan|C0041403|[geoa]|["TX"-tx-37-"tx"-noun-0]|TX|4188/2|Z01.252.100.940;Z01.586.200.940;Z01.586.950.940
00000000|MMI|13.03|Rabbi|C0684010|[prog]|["R."-tx-12-"R"-noun-0]|TX|2540/1|M01.526.799.500
00000000|MMI|13.02|Tunisia|C0041388|[geoa]|["TS"-tx-26-"Ts"-noun-0]|TX|3538/2|Z01.058.266.887
00000000|MMI|13.00|Dilatation and Curettage|C0012358|[topp]|["D & C"-tx-1-"D/C"-noun-0]|TX|182/3|E04.157.310;E04.950.300.299
00000000|MMI|12.93|Chest wall structure|C0205076|[bpoc]|["Chest Wall"-tx-21-"Chest wall"-noun-0]|TX|3287/10|A01.923.761.850
00000000|MMI|12.93|Dyslipidemias|C0242339|[dsyn]|["Dyslipidemia"-tx-12-"dyslipidemia"-noun-0]|TX|2374/12|C18.452.584.500
00000000|MMI|12.92|Data Compression|C1257972|[mcha,ocac]|["Compression"-tx-21-"compression"-noun-0]|TX|3298/11|L01.224.308.189;L01.224.800.500;L01.470.500
00000000|MMI|12.91|Palpation|C0030247|[diap]|["PALPATION"-tx-15-"palpation"-noun-0]|TX|3018/9|E01.370.600.600
00000000|MMI|11.60|Negation|C1518422|[ftcn]|["Not"-tx-37-"not"-adv-0,"Not"-tx-15-"not"-adv-0,"Not"-tx-12-"NOT"-adv-0]|TX|4171/3;3035/3;2531/3|
00000000|MMI|11.49|Allergy Specialty|C0002111|[bmod]|["Allergy"-tx-12-"ALLERGY"-noun-0]|TX|2022/7|H02.403.044
00000000|MMI|11.49|Cardiac Arrhythmia|C0003811|[fndg]|["Arrhythmias"-tx-13-"arrhythmias"-noun-1]|TX|2836/11|C14.280.067;C23.550.073
00000000|MMI|11.49|Complication Aspects|C1171258|[patf]|["complications"-tx-12-"Complications"-noun-0]|TX|2271/13|x.x.x
00000000|MMI|11.49|Ischemia|C0022116|[patf]|["Ischaemia, NOS"-tx-13-"ischemia"-noun-1]|TX|2822/8|C23.550.513
00000000|MMI|11.49|Kidney|C0022646|[bpoc]|["Renal"-tx-31-"Renal"-adj-0]|TX|3896/5|A05.810.453
00000000|MMI|11.49|Methods aspects|C0025664|[inpr]|["procedures"-tx-12-"PROCEDURES"-noun-0]|TX|2428/10|x.x.x
00000000|MMI|11.49|Neurology speciality|C0027855|[bmod]|["NEURO"-tx-32-"Neuro"-adj-0]|TX|3922/5|H02.403.600
00000000|MMI|11.22|ALYREF gene|C1425988|[gngm]|["REF"-tx-11-"ref"-noun-0,"REF"-tx-9-"ref"-noun-0,"REF"-tx-4-"ref"-noun-0]|TX|1314/3;1091/3;468/3|
00000000|MMI|11.19|NEUROD1 wt Allele|C3273872|[gngm]|["NIDDM"-tx-30-"NIDDM"-noun-0,"NIDDM"-tx-12-"NIDDM"-noun-0]|TX|3884/5;[2119/5],[2312/5]|
00000000|MMI|11.12|Issue (document)|C1706387|[inpr]|["Issue"-tx-32-"issues"-noun-0,"Issue"-tx-31-"issues"-noun-0,"Issue"-tx-30-"issue"-noun-0]|TX|3939/6;3913/6;3872/5|
00000000|MMI|11.12|Problem|C0033213|[fndg]|["Issue"-tx-32-"issues"-noun-1,"Issue"-tx-31-"issues"-noun-1,"Issue"-tx-30-"issue"-noun-1]|TX|3939/6;3913/6;3872/5|
00000000|MMI|10.96|Admission activity|C0809949|[hlca]|["Admission"-tx-13-"admission"-noun-0,"Admission"-tx-12-"Admission"-noun-0,"Admitted"-tx-12-"admitted"-verb-0]|TX|2744/9;2205/9;2674/8|
00000000|MMI|10.67|Active|C0205177|[ftcn]|["Active"-tx-32-"active"-adj-0,"Active"-tx-31-"active"-adj-0,"Active"-tx-30-"active"-adj-0]|TX|3932/6;3906/6;3865/6|
00000000|MMI|10.67|Active License|C3888249|[qlco]|["Active"-tx-32-"active"-adj-0,"Active"-tx-31-"active"-adj-0,"Active"-tx-30-"active"-adj-0]|TX|3932/6;3906/6;3865/6|
00000000|MMI|10.67|active (HL7 RoleLink)|C3853793|[idcn]|["active"-tx-32-"active"-adj-0,"active"-tx-31-"active"-adj-0,"active"-tx-30-"active"-adj-0]|TX|3932/6;3906/6;3865/6|
00000000|MMI|10.42|Diagnosis|C0011900|[fndg]|["DIAGNOSIS"-tx-12-"DIAGNOSIS"-noun-0]|TX|[2041/9],[2235/9]|E01
00000000|MMI|10.42|Diagnosis Study|C1704656|[resa]|["DIAGNOSIS"-tx-12-"DIAGNOSIS"-noun-0]|TX|[2041/9],[2235/9]|
00000000|MMI|10.42|Pain NOS Adverse Event|C1962977|[fndg]|["Pain NOS"-tx-21-"pain"-noun-0,"Pain NOS"-tx-15-"Pain"-noun-0]|TX|3342/4;2994/4|
00000000|MMI|10.42|orders - HL7PublishingDomain|C3244315|[inpr]|["orders"-tx-40-"ORDERS"-verb-0,"orders"-tx-1-"ORDERS"-verb-0]|TX|4371/6;43/6|
00000000|MMI|9.99|Erythema|C0041834|[dsyn]|["ERYTHEMA"-tx-21-"erythema"-noun-1]|TX|3362/8|C17.800.229
00000000|MMI|9.99|enzymology|C0014445|[ftcn]|["enzymes"-tx-13-"enzymes"-noun-0]|TX|2859/7|x.x.x
00000000|MMI|9.91|Appointments|C0003629|[idcn]|["Appointment"-tx-12-"APPOINTMENT"-noun-0]|TX|1919/11|N04.452.095
00000000|MMI|9.90|Diet therapy|C0012159|[hlca]|["Diet"-tx-12-"DIET"-noun-0]|TX|1844/4|E02.642.249
00000000|MMI|9.86|Female|C0015780|[orga]|["FEMALE"-tx-12-"female"-noun-0]|TX|2589/6|x.x.x
00000000|MMI|9.86|Females|C0086287|[popg]|["female"-tx-12-"female"-noun-0]|TX|2589/6|x.x.x
00000000|MMI|9.81|Abdomen|C0000726|[blor]|["abd"-tx-23-"Abd"-adj-0]|TX|3397/3|A01.923.047
00000000|MMI|9.81|Christianity|C0008532|[idcn]|["Christian"-tx-1-"CHRISTIAN"-noun-0]|TX|249/9|K01.844.188
00000000|MMI|9.81|Outpatients|C0029921|[podg]|["Outpatient"-tx-37-"outpatient"-noun-0]|TX|4147/10|M01.643.630
00000000|MMI|9.78|Netherlands|C0027778|[geoa]|["NL"-tx-20-"Nl"-noun-0]|TX|3269/2|Z01.542.651
00000000|MMI|8.34|Allergic Reaction|C1527304|[patf]|["Allergy"-tx-12-"ALLERGY"-noun-0]|TX|2022/7|C20.543
00000000|MMI|8.34|Hypersensitivity|C0020517|[patf]|["ALLERGY"-tx-12-"ALLERGY"-noun-0]|TX|2022/7|C20.543
00000000|MMI|8.34|Infection|C3714514|[patf]|["Infections"-tx-12-"Infections"-noun-0]|TX|2258/10|C01.539
00000000|MMI|8.00|Show|C1547282|[anim]|["Show"-tx-29-"showed"-verb-0,"Show"-tx-13-"showed"-verb-0]|TX|3802/6;2723/6|
00000000|MMI|7.70|Atypical chest pain|C0262384|[sosy]|["ATYPICAL CHEST PAIN"-tx-28-"atypical chest pain"-noun-1,"ATYPICAL CHEST PAIN"-tx-12-"atypical chest pain"-noun-0]|TX|3724/19;2688/19|
00000000|MMI|7.61|Condition|C0348080|[qlco]|["Condition"-tx-38-"CONDITION"-noun-0,"Condition"-tx-12-"Conditions"-noun-0]|TX|4223/9;2245/10|
00000000|MMI|7.61|Condition:Find:Pt:^Patient:Nom|C3864998|[clna]|["Condition"-tx-38-"CONDITION"-noun-0,"Condition"-tx-12-"Conditions"-noun-0]|TX|4223/9;2245/10|
00000000|MMI|7.61|Logical Condition|C1705253|[cnce]|["Condition"-tx-38-"CONDITION"-noun-0,"Condition"-tx-12-"Conditions"-noun-0]|TX|4223/9;2245/10|
00000000|MMI|7.55|Celexa|C0719199|[orch,phsu]|["Celexa"-tx-33-"celexa"-noun-0,"Celexa"-tx-12-"CELEXA"-noun-0]|TX|3978/6;1786/6|
00000000|MMI|7.55|Remeron|C0525726|[orch,phsu]|["Remeron"-tx-33-"remeron"-noun-0,"Remeron"-tx-12-"REMERON"-noun-0]|TX|3968/7;1749/7|
00000000|MMI|7.54|Today|C0310367|[antb,orch]|["Today"-tx-12-"Today"-noun-0,"Today"-tx-5-"Today"-noun-0]|TX|1487/5;634/5|
00000000|MMI|7.54|Today (temporal qualifier)|C0750526|[tmco]|["Today"-tx-12-"Today"-noun-0,"Today"-tx-5-"Today"-noun-0]|TX|1487/5;634/5|
00000000|MMI|7.33|10 - 12|C3843787|[fndg]|["10 - 12"-tx-40-"10 12"-fraction-0,"10 - 12"-tx-1-"10 12"-fraction-0]|TX|4330/2,4338/2;128/2,137/2|
00000000|MMI|7.32|Chest pain:Finding:Point in time:^Patient:Ordinal|C2926613|[clna]|["Chest pain"-tx-13-"chest pain"-noun-0,"Chest pain"-tx-12-"chest pain"-noun-0]|TX|2758/10;2066/10|
00000000|MMI|7.26|Summary (document)|C1706244|[inpr]|["Summary"-tx-38-"summary"-noun-0,"Summary"-tx-1-"SUMMARY"-noun-0]|TX|4265/7;211/7|
00000000|MMI|7.26|summary - ActRelationshipSubset|C1552616|[inpr]|["summary"-tx-38-"summary"-noun-0,"summary"-tx-1-"SUMMARY"-noun-0]|TX|4265/7;211/7|
00000000|MMI|7.23|Reversibility|C0449261|[tmco]|["Reversibility"-tx-29-"reversibility"-noun-0,"Reversibility"-tx-12-"reversibility"-noun-0]|TX|3840/13;2487/13|
00000000|MMI|7.20|Beginning|C0439659|[tmco]|["Start"-tx-12-"Starting"-adj-0,"Start"-tx-5-"Starting"-verb-0]|TX|1478/8;625/8|
00000000|MMI|7.16|Feeling relief|C0564405|[fndg]|["Relief"-tx-18-"relief"-noun-1,"Relief"-tx-17-"relief"-noun-0]|TX|3187/6;3150/6|
00000000|MMI|7.14|Defect|C1457869|[ftcn]|["Defect"-tx-29-"defect"-noun-0,"Defect"-tx-12-"defect"-noun-0]|TX|3825/6;2473/6|
00000000|MMI|7.11|Infusion pump Alert priority PM|C4049155|[fndg]|["PM"-tx-40-"PM"-noun-0,"PM"-tx-1-"PM"-adj-0]|TX|4344/2;143/2|
00000000|MMI|7.09|Stent Device Component|C1705817|[medd]|["Stent"-tx-12-"stent"-noun-0]|TX|[2368/5],[2661/5]|
00000000|MMI|7.04|Vanadium 5+|C2349105|[elii]|["V5+"-tx-26-"V5"-noun-0]|TX|[3524/2],[3547/2]|
00000000|MMI|7.04|Curriculum Vitae|C1880201|[inpr]|["Resume"-tx-12-"RESUME"-noun-0,"Resume"-tx-12-"Resume"-noun-0]|TX|2556/6;1885/6|
00000000|MMI|7.04|Resume - Remote control command|C1550028|[idcn]|["Resume"-tx-12-"RESUME"-noun-0,"Resume"-tx-12-"Resume"-noun-0]|TX|2556/6;1885/6|
00000000|MMI|7.04|resume - DataOperation|C3242342|[ftcn]|["resume"-tx-12-"RESUME"-noun-0,"resume"-tx-12-"Resume"-noun-0]|TX|2556/6;1885/6|
00000000|MMI|7.02|Code|C0805701|[inpr]|["CODE"-tx-3-"CODE"-noun-0,"CODE"-tx-3-"code"-noun-0]|TX|281/4;299/4|
00000000|MMI|7.02|Gait normal|C0231683|[fndg]|["Normal"-tx-28-"normal"-adj-1,"Normal"-tx-25-"normal"-adj-0]|TX|3641/6;3466/6|
00000000|MMI|7.02|Mean Percent of Normal|C2347086|[qnco]|["% Normal"-tx-28-"normal"-adj-0,"% Normal"-tx-25-"normal"-adj-0]|TX|3641/6;3466/6|
00000000|MMI|7.02|Normal|C0205307|[qlco]|["NORMAL"-tx-28-"normal"-adj-0,"NORMAL"-tx-25-"normal"-adj-0]|TX|3641/6;3466/6|
00000000|MMI|7.02|Percent normal|C0439166|[qnco]|["% normal"-tx-28-"normal"-adj-0,"% normal"-tx-25-"normal"-adj-0]|TX|3641/6;3466/6|
00000000|MMI|7.02|eTMF Content Model Code|C3889831|[inpr]|["Code"-tx-3-"CODE"-noun-0,"Code"-tx-3-"code"-noun-0]|TX|281/4;299/4|
00000000|MMI|7.00|Small|C0700321|[qnco]|["SMALL"-tx-29-"small"-adj-0,"SMALL"-tx-12-"small"-adj-0]|TX|3809/5;2457/5|
00000000|MMI|7.00|Upset stomach|C0235309|[sosy]|["Upset Stomach"-tx-12-"Upset Stomach"-noun-0]|TX|[1521/13],[1593/13]|
00000000|MMI|6.95|Once a day, at bedtime|C1275563|[tmco]|["qHS"-tx-12-"QHS"-noun-0]|TX|[1679/3],[1782/3]|
00000000|MMI|6.94|Maalox|C0065461|[inch,phsu]|["Maalox"-tx-18-"maalox"-noun-0,"Maalox"-tx-12-"MAALOX"-noun-0]|TX|3199/6;1535/6|
00000000|MMI|6.92|Anterior bronchopulmonary segment of superior pulmonary vein|C0507236|[bpoc]|["V3"-tx-26-"V3"-noun-0]|TX|[3521/2],[3544/2]|
00000000|MMI|6.92|Left|C0205091|[spco]|["LEFT"-tx-21-"left"-adj-0,"LEFT"-tx-14-"left"-adj-0]|TX|3315/4;2943/4|
00000000|MMI|6.92|Left sided|C0443246|[spco]|["Left"-tx-21-"left"-adj-0,"Left"-tx-14-"left"-adj-0]|TX|3315/4;2943/4|
00000000|MMI|6.92|Table Cell Horizontal Align - left|C1552822|[ftcn]|["left"-tx-21-"left"-adj-0,"left"-tx-14-"left"-adj-0]|TX|3315/4;2943/4|
00000000|MMI|6.90|Monday|C0585024|[tmco]|["Monday"-tx-12-"Monday"-noun-0]|TX|[1959/6],[2013/6]|
00000000|MMI|6.89|week|C0439230|[tmco]|["WEEK"-tx-36-"week"-adj-0,"WEEKS"-tx-12-"weeks"-noun-0]|TX|4109/4;2007/5|
00000000|MMI|6.89|CDR2 gene|C1413296|[gngm]|["Yo"-tx-28-"yo"-noun-0,"Yo"-tx-12-"yo"-noun-0]|TX|3672/2;2586/2|
00000000|MMI|6.83|Enzymes|C0014442|[enzy,orch]|["ENZYMES"-tx-13-"enzymes"-noun-0]|TX|2859/7|D08.811
00000000|MMI|6.66|Lung|C0024109|[bpoc]|["LUNGS"-tx-22-"Lungs"-noun-0]|TX|3384/5|A04.411
00000000|MMI|6.58|Heart|C0018787|[bpoc]|["coronary"-tx-28-"coronary"-adj-0]|TX|3692/8|A07.541
00000000|MMI|5.18|Act Relationship Subset - previous|C1552607|[tmco]|["previous"-tx-10-"Previous"-adj-0]|TX|1206/8|
00000000|MMI|5.18|ActInformationPrivacyReason <operations>|C3244305|[ftcn]|["operations"-tx-12-"OPERATIONS"-noun-0]|TX|2413/10|
00000000|MMI|5.18|Additional comments|C1830770|[fndg]|["Additional comments"-tx-38-"ADDITIONAL COMMENTS"-noun-0]|TX|4192/19|
00000000|MMI|5.18|Affecting|C0392760|[ftcn]|["Affecting"-tx-12-"affecting"-verb-0]|TX|2287/9|
00000000|MMI|5.18|Allergic disposition|C3539909|[dsyn]|["Allergy"-tx-12-"ALLERGY"-noun-0]|TX|2022/7|
00000000|MMI|5.18|Allergy - Physicians|C1554743|[prog]|["Allergy"-tx-12-"ALLERGY"-noun-0]|TX|2022/7|
00000000|MMI|5.18|Call (Instruction)|C1947967|[ftcn]|["Call"-tx-12-"call"-verb-0]|TX|1944/4|
00000000|MMI|5.18|Cardiovascular System Findings Domain|C3538987|[idcn]|["CV"-tx-29-"CV"-noun-0]|TX|3746/2|
00000000|MMI|5.18|Complete|C0205197|[qlco]|["COMPLETE"-tx-36-"complete"-verb-0]|TX|4096/8|
00000000|MMI|5.18|Complication|C0009566|[patf]|["Complications"-tx-12-"Complications"-noun-0]|TX|2271/13|
00000000|MMI|5.18|Continuous|C0549178|[idcn]|["Continue"-tx-33-"continue"-verb-0]|TX|3959/8|
00000000|MMI|5.18|Data operation - complete|C3853530|[ftcn]|["complete"-tx-36-"complete"-verb-0]|TX|4096/8|
00000000|MMI|5.18|Decision|C0679006|[menp]|["Call"-tx-12-"call"-verb-0]|TX|1944/4|
00000000|MMI|5.18|Digestive System Findings Domain|C3539617|[inpr]|["GI"-tx-34-"GI"-noun-0]|TX|4000/2|
00000000|MMI|5.18|Discharge date|C2361123|[tmco]|["Discharge date"-tx-1-"Discharge Date"-noun-0]|TX|0/14|
00000000|MMI|5.18|Discharge date:Time Stamp -- Date and Time:Point in time:^Patient:Quantitative|C2361122|[clna]|["Discharge date"-tx-1-"Discharge Date"-noun-0]|TX|0/14|
00000000|MMI|5.18|Dissolve - RouteOfAdministration|C1549535|[ftcn]|["Dissolve"-tx-12-"DISSOLVE"-verb-0]|TX|1556/8|
00000000|MMI|5.18|Doctor of Philosophy|C1512022|[inpr]|["Ph.D."-tx-39-"PH.D"-noun-0]|TX|4312/4|
00000000|MMI|5.18|Edema:Finding:Point in time:^Patient:Ordinal|C1717255|[clna]|["Edema"-tx-28-"edema"-noun-0]|TX|3633/5|
00000000|MMI|5.18|Endocrine System Findings Domain|C3538926|[idcn]|["ED"-tx-17-"ED"-noun-0]|TX|3179/2|
00000000|MMI|5.18|Entire jugular notch of sternum|C1281007|[blor]|["Suprasternal notch"-tx-14-"suprasternal notch"-noun-0]|TX|2973/18|
00000000|MMI|5.18|First (number)|C0205435|[qnco]|["First"-tx-19-"First"-adj-0]|TX|3228/5|
00000000|MMI|5.18|Firstly|C1279901|[qlco]|["First"-tx-19-"First"-adj-0]|TX|3228/5|
00000000|MMI|5.18|GNAI1 wt Allele|C1708130|[gngm]|["Gi"-tx-34-"GI"-noun-0]|TX|4000/2|
00000000|MMI|5.18|Gastrointestinal studies and measurements|C4050121|[inpr]|["GI"-tx-34-"GI"-noun-0]|TX|4000/2|
00000000|MMI|5.18|HL7PublishingSubSection <operations>|C3244306|[inpr]|["operations"-tx-12-"OPERATIONS"-noun-0]|TX|2413/10|
00000000|MMI|5.18|Hypertension Adverse Event|C1963138|[fndg]|["Hypertension"-tx-12-"hypertension"-noun-0]|TX|2104/12|
00000000|MMI|5.18|Infiltration|C0332448|[patf]|["Infiltrates"-tx-28-"infiltrates"-noun-1]|TX|3619/11|
00000000|MMI|5.18|Information|C1533716|[idcn]|["INFORMATION"-tx-10-"information"-noun-0]|TX|1224/11|
00000000|MMI|5.18|Interval|C1272706|[tmco]|["intervals"-tx-25-"intervals"-noun-0]|TX|3482/9|
00000000|MMI|5.18|Interventional procedure|C0184661|[topp]|["PROCEDURES"-tx-12-"PROCEDURES"-noun-0]|TX|2428/10|
00000000|MMI|5.18|Involvement with|C1314939|[ftcn]|["Affecting"-tx-12-"affecting"-verb-0]|TX|2287/9|
00000000|MMI|5.18|Jugular notch of sternum|C0222769|[blor]|["Suprasternal notch"-tx-14-"suprasternal notch"-noun-0]|TX|2973/18|
00000000|MMI|5.18|MANEA gene|C1427293|[gngm]|["ENDO"-tx-30-"Endo"-adj-0]|TX|3878/4|
00000000|MMI|5.18|Master of Public Health|C1513008|[inpr]|["M.P.H."-tx-2-"M.P.H"-noun-0]|TX|274/5|
00000000|MMI|5.18|Minimal Disseminated Disease|C3812244|[fndg]|["MDD"-tx-33-"MDD"-noun-0]|TX|3955/3|
00000000|MMI|5.18|Multiple of the median|C1442163|[qnco]|["MoM"-tx-12-"MOM"-noun-0]|TX|1429/3|
00000000|MMI|5.18|Nausea and vomiting|C0027498|[sosy]|["Nausea/vomiting"-tx-15-"nausea/vomiting"-noun-1]|TX|3094/15|
00000000|MMI|5.18|Not Applicable|C1272460|[qlco]|["NOT APPLICABLE"-tx-1-"Not Applicable"-adj-0]|TX|162/14|
00000000|MMI|5.18|Package Type Not Applicable|C4049872|[ftcn]|["Not Applicable"-tx-1-"Not Applicable"-adj-0]|TX|162/14|
00000000|MMI|5.18|Physiologic pulse|C0391850|[phsf]|["Pulse"-tx-24-"pulses"-verb-1]|TX|3429/6|
00000000|MMI|5.18|Plain chest X-ray|C0039985|[diap]|["cxr"-tx-28-"CXR"-noun-0]|TX|3589/3|
00000000|MMI|5.18|Previous|C0205156|[tmco]|["Previous"-tx-10-"Previous"-adj-0]|TX|1206/8|
00000000|MMI|5.18|Procedure (set of actions)|C2700391|[acty]|["Procedures"-tx-12-"PROCEDURES"-noun-0]|TX|2428/10|
00000000|MMI|5.18|Psychiatric problem|C1306597|[mobd]|["psych"-tx-33-"Psych"-noun-0]|TX|3948/5|
00000000|MMI|5.18|Pulmonary ventilator management|C1315068|[hlca]|["PULM"-tx-30-"Pulm"-adj-0]|TX|3856/4|
00000000|MMI|5.18|Pulse phenomenon|C1947910|[phpr]|["Pulse"-tx-24-"pulses"-verb-0]|TX|3429/6|
00000000|MMI|5.18|Radiating to|C0332301|[ftcn]|["radiate"-tx-15-"radiate"-verb-0]|TX|3039/7|
00000000|MMI|5.18|Rapid|C0456962|[qlco]|["quick"-tx-12-"QUICK"-adj-0]|TX|1550/5|
00000000|MMI|5.18|Response to antigens|C1314973|[phsf]|["ALLERGY"-tx-12-"ALLERGY"-noun-0]|TX|2022/7|
00000000|MMI|5.18|Revealed|C0443289|[qlco]|["revealing"-tx-13-"revealing"-verb-0]|TX|2809/9|
00000000|MMI|5.18|S prime|C2603362|[clna]|["S'"-tx-12-"("-noun-0]|TX|1930/1|
00000000|MMI|5.18|Schedule (document type)|C0086960|[inpr]|["Schedule"-tx-12-"schedule"-verb-0]|TX|1969/8|
00000000|MMI|5.18|Set scale|C1442518|[ftcn]|["Set"-tx-19-"set"-verb-0]|TX|3234/3|
00000000|MMI|5.18|Sint Maarten (Dutch Part)|C3539997|[geoa]|["SX"-tx-37-"sx"-noun-0]|TX|4165/2|
00000000|MMI|5.18|South Georgia and the South Sandwich Islands|C1519428|[geoa]|["SX"-tx-37-"sx"-noun-0]|TX|4165/2|
00000000|MMI|5.18|Swelling|C0038999|[fndg]|["SWELLING"-tx-21-"swelling"-verb-1]|TX|3373/8|
00000000|MMI|5.18|Symmetric Relationship|C2699744|[cnce]|["Symmetric"-tx-24-"symmetric"-adj-0]|TX|3436/9|
00000000|MMI|5.18|Symmetrical|C0332516|[fndg]|["Symmetric"-tx-24-"symmetric"-adj-1]|TX|3436/9|
00000000|MMI|5.18|TAC1 wt Allele|C1705924|[gngm]|["NKA"-tx-12-"NKA"-noun-0]|TX|2031/3|
00000000|MMI|5.18|Testicular Cancer Serum Markers Test Result SX|C3815196|[lbtr]|["SX"-tx-37-"sx"-noun-0]|TX|4165/2|
00000000|MMI|5.18|To|C1883351|[qlco]|["To"-tx-12-"to"-adv-0]|TX|1966/2|
00000000|MMI|5.18|atorvastatin|C0286651|[orch,phsu]|["ATORVASTATIN"-tx-12-"ATORVASTATIN"-noun-0]|TX|1655/12|
00000000|MMI|5.18|consider|C0750591|[idcn]|["consider"-tx-37-"Consider"-verb-0]|TX|4138/8|
00000000|MMI|5.18|mycolate outer membrane|C3811401|[celc]|["MOM"-tx-12-"MOM"-noun-0]|TX|1429/3|
00000000|MMI|5.18|per second|C0565930|[qnco]|["/s"-tx-12-"("-noun-0]|TX|1930/1|
00000000|MMI|5.18|set (group)|C1705195|[cnce]|["Set"-tx-19-"set"-verb-0]|TX|3234/3|
00000000|MMI|5.18|treatments and procedures|C0237403|[topp]|["treatments procedures"-tx-12-"TREATMENTS/PROCEDURES"-noun-0]|TX|2507/21|
00000000|MMI|3.75|Examination of heart|C0562319|[hlca]|["Cardiac exam"-tx-20-"cardiac exam"-noun-0]|TX|3272/12|
00000000|MMI|3.75|Medication.discharge|C0806915|[fndg]|["Discharge medications"-tx-3-"DISCHARGE MEDICATIONS"-noun-0]|TX|322/21|
00000000|MMI|3.74|Domestic activities|C0441660|[dora]|["house activity"-tx-12-"House ACTIVITY"-noun-0]|TX|1850/5,1875/8|
00000000|MMI|3.70|Principal Diagnosis:-:Point in time:^Patient:-|C2598194|[clna]|["Principal Diagnosis"-tx-12-"PRINCIPAL DIAGNOSIS"-noun-0]|TX|2138/9,2158/9|
00000000|MMI|3.70|Principal diagnosis|C0332137|[qlco]|["Principal Diagnosis"-tx-12-"PRINCIPAL DIAGNOSIS"-noun-0]|TX|2138/9,2158/9|
00000000|MMI|3.69|Skeletal bone|C0262950|[bpoc]|["bone structures"-tx-28-"bony structures"-noun-0]|TX|3648/15|
00000000|MMI|3.68|Attending (action)|C1999232|[ftcn]|["attending"-tx-1-"Attending"-noun-0]|TX|224/9|
00000000|MMI|3.68|Attending (provider role)|C1547429|[prog]|["Attending"-tx-1-"Attending"-noun-0]|TX|224/9|
00000000|MMI|3.68|Axis|C1522496|[spco]|["Axis"-tx-25-"axis"-noun-0]|TX|3473/4|
00000000|MMI|3.68|Benign|C0205183|[qlco]|["BENIGN"-tx-23-"benign"-adj-0]|TX|3401/6|
00000000|MMI|3.68|CETRIMONIUM BROMIDE|C0951233|[hops,orch]|["CTAB"-tx-22-"CTAB"-noun-0]|TX|3390/4|
00000000|MMI|3.68|Coating (film)|C1522408|[qlco]|["Coated"-tx-12-"COATED"-adj-0]|TX|1728/6|
00000000|MMI|3.68|Constipation Adverse Event|C1963087|[fndg]|["Constipation"-tx-12-"Constipation"-noun-0]|TX|1506/12|
00000000|MMI|3.68|ENZYMES FOR TREATMENT OF WOUNDS AND ULCERS|C3540048|[enzy,phsu]|["ENZYMES"-tx-13-"enzymes"-noun-0]|TX|2859/7|
00000000|MMI|3.68|Enteral|C1304890|[spco]|["Enteric"-tx-12-"ENTERIC"-adj-0]|TX|1720/7|
00000000|MMI|3.68|Enzymes FOR DISORDERS OF THE MUSCULO-SKELETAL SYSTEM|C3540772|[enzy,phsu]|["Enzymes"-tx-13-"enzymes"-noun-0]|TX|2859/7|
00000000|MMI|3.68|Enzymes for ALIMENTARY TRACT AND METABOLISM|C3542456|[enzy,phsu]|["Enzymes"-tx-13-"enzymes"-noun-0]|TX|2859/7|
00000000|MMI|3.68|Enzymes, antithrombotic|C3541394|[enzy,phsu]|["Enzymes"-tx-13-"enzymes"-noun-0]|TX|2859/7|
00000000|MMI|3.68|Enzymes, hematological|C3540017|[enzy,phsu]|["Enzymes"-tx-13-"enzymes"-noun-0]|TX|2859/7|
00000000|MMI|3.68|Enzymes, peripheral vasodilators|C3540790|[enzy,phsu]|["Enzymes"-tx-13-"enzymes"-noun-0]|TX|2859/7|
00000000|MMI|3.68|Genus Axis|C0999597|[mamm]|["Axis"-tx-25-"axis"-noun-0]|TX|3473/4|
00000000|MMI|3.68|Geographic Locations|C0017446|[geoa]|["Region"-tx-14-"region"-noun-0]|TX|2964/6|Z01
00000000|MMI|3.68|Status|C0449438|[qlco]|["Status"-tx-3-"STATUS"-noun-0]|TX|286/6|
00000000|MMI|3.68|discharge diagnosis|C1555319|[fndg]|["Discharge diagnosis"-tx-12-"DISCHARGE DIAGNOSIS"-noun-0]|TX|2148/19|
00000000|MMI|3.68|regional|C0205147|[spco]|["Region"-tx-14-"region"-noun-0]|TX|2964/6|
00000000|MMI|3.64|Entered|C1521975|[qlco]|["Entered"-tx-38-"ENTERED"-verb-0]|TX|4273/7|
00000000|MMI|3.63|Disposition|C0743223|[idcn]|["Disposition"-tx-3-"DISPOSITION"-noun-0]|TX|304/11|
00000000|MMI|3.63|Disposition Domain|C1705555|[inpr]|["Disposition"-tx-3-"DISPOSITION"-noun-0]|TX|304/11|
00000000|MMI|3.63|SUMO-specific protease activity|C1150157|[moft]|["SUSP"-tx-18-"susp"-noun-0]|TX|3221/4|
00000000|MMI|3.62|Known Coronary Artery Disease|C3275096|[qnco]|["KNOWN CAD"-tx-12-"known CAD"-adj-0]|TX|2636/9|
00000000|MMI|3.61|Planned|C1301732|[ftcn]|["Plan"-tx-38-"PLAN"-noun-0]|TX|4247/4|
00000000|MMI|3.61|Treatment Plan|C0599880|[inpr]|["Plan"-tx-38-"PLAN"-noun-0]|TX|4247/4|
00000000|MMI|3.59|ActInformationPrivacyReason <service>|C3245478|[idcn]|["service"-tx-1-"Service"-noun-0]|TX|91/7|
00000000|MMI|3.59|Circumflex|C1880089|[spco]|["Circumflex"-tx-12-"circumflex"-noun-0]|TX|2650/10|
00000000|MMI|3.59|Dosage|C0178602|[qnco]|["Doses"-tx-5-"doses"-noun-0]|TX|619/5|
00000000|MMI|3.59|Services|C0557854|[ocac]|["Service"-tx-1-"Service"-noun-0]|TX|91/7|
00000000|MMI|3.59|Software Service|C2825316|[mnob]|["Service"-tx-1-"Service"-noun-0]|TX|91/7|
00000000|MMI|3.59|Basal Diet|C2983588|[food]|["DIET"-tx-12-"DIET"-noun-0]|TX|1844/4|
00000000|MMI|3.59|Diet (animal life circumstance)|C3668949|[food]|["Diet"-tx-12-"DIET"-noun-0]|TX|1844/4|
00000000|MMI|3.59|End|C0444930|[spco]|["End"-tx-40-"END"-noun-0]|TX|4354/3|
00000000|MMI|3.59|GCAT gene|C1415008|[gngm]|["KBL"-tx-34-"KBL"-noun-0]|TX|4037/3|
00000000|MMI|3.59|Increased sweating|C0700590|[sosy]|["DIAPHORESIS"-tx-15-"diaphoresis"-noun-1]|TX|3067/11|
00000000|MMI|3.59|Protonix|C0876139|[orch,phsu]|["Protonix"-tx-12-"PROTONIX"-noun-0]|TX|1607/8|
00000000|MMI|3.59|Responsible to|C1273518|[fndg]|["Responsible"-tx-12-"Responsible"-adj-0]|TX|2169/11|
00000000|MMI|3.59|Special Diet Therapy|C1519433|[topp]|["DIET"-tx-12-"DIET"-noun-0]|TX|1844/4|
00000000|MMI|3.59|Stop (qualifier value)|C2746065|[tmco]|["End"-tx-40-"END"-noun-0]|TX|4354/3|
00000000|MMI|3.58|EKG finding|C0438154|[fndg]|["EKG FINDINGS"-tx-27-"EKG findings"-noun-0]|TX|3556/12|
00000000|MMI|3.57|48 Hours|C1442464|[tmco]|["48 Hours"-tx-14-"48 hours"-noun-0]|TX|2887/8|
00000000|MMI|3.57|48 hour time frame|C0439586|[tmco]|["48 hours"-tx-14-"48 hours"-noun-0]|TX|2887/8|
00000000|MMI|3.57|Conditional|C1701901|[qlco]|["Contingent"-tx-1-"CONTINGENT"-noun-0]|TX|146/10|
00000000|MMI|3.57|R prime|C2603358|[clna]|["R'"-tx-12-"R"-noun-0]|TX|2540/1|
00000000|MMI|3.57|Right|C0205090|[spco]|["R-"-tx-12-"R"-noun-0]|TX|2540/1|
00000000|MMI|3.56|Cardiac/MI|C3842562|[fndg]|["Cardiac/MI"-tx-29-"MI cardiac"-noun-0]|TX|3754/2,3771/7|
00000000|MMI|3.56|Next appointment|C1272171|[fndg]|["Next appointment"-tx-12-"appointment next"-noun-0]|TX|1981/11,2000/4|
00000000|MMI|3.56|Candidiasis of the esophagus|C0239295|[dsyn]|["ESOPHAGEAL CANDIDIASIS"-tx-5-"esophageal candidiasis"-noun-0]|TX|679/22|
00000000|MMI|3.56|Course|C0750729|[tmco]|["Course"-tx-36-"course"-noun-0]|TX|4114/6|
00000000|MMI|3.55|Female Phenotype|C1705498|[qlco]|["Female"-tx-12-"female"-noun-0]|TX|2589/6|
00000000|MMI|3.55|Female, Self-Report|C1705497|[qlco]|["Female"-tx-12-"female"-noun-0]|TX|2589/6|
00000000|MMI|3.55|Used by|C1273517|[fndg]|["used"-tx-1-"USED"-verb-1]|TX|195/4|
00000000|MMI|3.55|Anxiety about treatment|C0558208|[fndg]|["anxiety treatment"-tx-12-"Treatment anxiety"-noun-0]|TX|2297/9,2318/7|
00000000|MMI|3.55|Anxiety treatment|C0741150|[topp]|["Anxiety treatment"-tx-12-"Treatment anxiety"-noun-0]|TX|2297/9,2318/7|
00000000|MMI|3.54|Presentation|C0449450|[idcn]|["Presented"-tx-14-"Presented"-verb-0]|TX|2869/9|
00000000|MMI|3.54|Experimental Result|C2825142|[fndg]|["Result"-tx-13-"resulted"-verb-0]|TX|2777/8|
00000000|MMI|3.54|Result|C1274040|[ftcn]|["Result"-tx-13-"resulted"-verb-0]|TX|2777/8|
00000000|MMI|3.54|What subject filter - Result|C1546471|[idcn]|["Result"-tx-13-"resulted"-verb-0]|TX|2777/8|
00000000|MMI|3.53|Cardiac enzymes|C0443763|[aapp,enzy]|["Cardiac enzymes"-tx-19-"cardiac enzymes"-noun-0]|TX|3238/15|
00000000|MMI|3.53|Clonazepam 0.5 MG|C0985016|[clnd]|["Clonazepam 0.5 MG"-tx-3-"CLONAZEPAM 0.5 MG"-noun-0]|TX|345/17|
00000000|MMI|3.53|Discontinued|C1444662|[fndg]|["D/C"-tx-1-"D/C"-noun-1]|TX|182/3|
00000000|MMI|3.53|Doctor of Chiropractic|C1512015|[inpr]|["D.C."-tx-1-"D/C"-noun-0]|TX|182/3|
00000000|MMI|3.52|Reproducibility|C1514863|[qlco]|["Reproducibility"-tx-15-"reproducible"-adj-0]|TX|3002/12|
00000000|MMI|3.52|Lisinopril 5 MG|C0987222|[clnd]|["Lisinopril 5 MG"-tx-8-"LISINOPRIL 5 MG"-noun-0]|TX|957/15|
00000000|MMI|3.52|Barotrauma of descent|C0413258|[inpo]|["Squeeze"-tx-14-"squeezing"-noun-0]|TX|2924/9|
00000000|MMI|3.50|ABD tumor staging notation|C0449202|[inpr]|["ABD"-tx-23-"Abd"-adj-0]|TX|3397/3|
00000000|MMI|3.50|Absence of Biallelic TCRgamma Deletion|C3811055|[comd]|["ABD"-tx-23-"Abd"-adj-0]|TX|3397/3|
00000000|MMI|3.50|Causing|C0678227|[ftcn]|["Causing"-tx-12-"Causing"-adj-0]|TX|2197/7|
00000000|MMI|3.50|Christian|C0344346|[popg]|["Christian"-tx-1-"CHRISTIAN"-noun-0]|TX|249/9|
00000000|MMI|3.50|Patient Class - Outpatient|C1549405|[clas]|["Outpatient"-tx-37-"outpatient"-noun-0]|TX|4147/10|
00000000|MMI|3.50|Referral category - Outpatient|C1548439|[idcn]|["Outpatient"-tx-37-"outpatient"-noun-0]|TX|4147/10|
00000000|MMI|3.50|Superficial|C0205124|[spco]|["SUPERFICIAL"-tx-21-"superficial"-adj-0]|TX|3350/11|
00000000|MMI|3.50|Yes (indicator)|C1705108|[cnce]|["YES"-tx-1-"YES"-noun-0]|TX|220/3|
00000000|MMI|3.50|Yes - Yes/no indicator|C1549445|[idcn]|["Yes"-tx-1-"YES"-noun-0]|TX|220/3|
00000000|MMI|3.50|dictated - DocumentCompletion|C1609990|[idcn]|["Dictated"-tx-38-"dictated"-adj-0]|TX|4256/8|
00000000|MMI|3.50|dictated - ParticipationMode|C1548384|[ftcn]|["dictated"-tx-38-"dictated"-adj-0]|TX|4256/8|
00000000|MMI|3.49|20-25|C3843388|[fndg]|["20-25"-tx-12-"20 25"-integer-0]|TX|1670/2,1692/2|
00000000|MMI|3.49|20/25|C1690939|[fndg]|["20/25"-tx-12-"20 25"-integer-0]|TX|1670/2,1692/2|
00000000|MMI|3.49|mg/mg|C1319635|[qnco]|["mg/mg"-tx-12-"MG MG"-noun-0]|TX|1811/2,1834/2|
00000000|MMI|3.49|ST segment depression (finding)|C0520887|[fndg]|["ST Segment Depression"-tx-26-"ST segment depression"-noun-0]|TX|3499/21|
00000000|MMI|3.48|+2|C0740116|[qnco]|["+2"-tx-13-"2"-integer-0]|TX|2730/1|
00000000|MMI|3.48|2+|C3833492|[fndg]|["2+"-tx-13-"2"-integer-0]|TX|2730/1|
00000000|MMI|3.48|2+ Score|C2827735|[qnco]|["2+"-tx-13-"2"-integer-0]|TX|2730/1|
00000000|MMI|3.48|2+ Score, WHO|C2981700|[clas]|["2+"-tx-13-"2"-integer-0]|TX|2730/1|
00000000|MMI|3.48|Clinical Study Follow-up|C3274571|[hlca]|["FOLLOW-UP"-tx-12-"FOLLOW UP"-adj-0]|TX|1909/9|
00000000|MMI|3.48|Follow-Up Report|C1704685|[inpr]|["Follow-Up"-tx-12-"FOLLOW UP"-adj-0]|TX|1909/9|
00000000|MMI|3.48|Follow-up status|C0589120|[fndg]|["Follow-up"-tx-12-"FOLLOW UP"-adj-0]|TX|1909/9|
00000000|MMI|3.48|Full|C0443225|[qlco]|["Full"-tx-3-"Full"-adj-0]|TX|294/4|
00000000|MMI|3.48|Home environment|C0442519|[cnce]|["HOME"-tx-3-"Home"-noun-0]|TX|317/4|
00000000|MMI|3.48|NADPH:sulfur oxidoreductase activity|C2700623|[moft]|["NSR"-tx-25-"NSR"-noun-0]|TX|3453/3|
00000000|MMI|3.48|Neutral Sidebent Rotated|C1704493|[patf]|["NSR"-tx-25-"NSR"-noun-0]|TX|3453/3|
00000000|MMI|3.48|Per Nanoliter|C3892223|[qnco]|["/nL"-tx-20-"Nl"-noun-0]|TX|3269/2|
00000000|MMI|3.48|Regular exercise (observable entity)|C0582191|[dora]|["Regular exercise"-tx-12-"regular exercise"-noun-0]|TX|1892/16|
00000000|MMI|3.48|follow-up|C1522577|[hlca]|["Follow Up"-tx-12-"FOLLOW UP"-adj-0]|TX|1909/9|
00000000|MMI|3.48|nanolitre|C0560008|[qnco]|["nL"-tx-20-"Nl"-noun-0]|TX|3269/2|
00000000|MMI|3.47|1 mm|C3842090|[fndg]|["1 mm"-tx-26-"1 mm"-noun-0]|TX|3494/4|
00000000|MMI|3.47|Entire chest wall|C1279035|[bpoc]|["Chest wall"-tx-21-"Chest wall"-noun-0]|TX|3287/10|
00000000|MMI|3.47|Patient Condition Code - Stable|C1547311|[inpr]|["Stable"-tx-38-"Stable"-adj-0]|TX|4234/6|
00000000|MMI|3.47|Primary|C0205225|[qlco]|["Principal"-tx-12-"PRINCIPAL"-adj-0]|TX|2138/9|
00000000|MMI|3.47|Stable status|C0205360|[qlco]|["STABLE"-tx-38-"Stable"-adj-0]|TX|4234/6|
00000000|MMI|3.47|Teaching principal|C0401925|[prog]|["Principal"-tx-12-"PRINCIPAL"-adj-0]|TX|2138/9|
00000000|MMI|3.46|/40|C0439509|[tmco]|["/40"-tx-12-"40"-integer-0]|TX|1633/2|
00000000|MMI|3.46|40%|C3842587|[qnco]|["40%"-tx-12-"40"-integer-0]|TX|1633/2|
00000000|MMI|3.46|30%|C3842588|[fndg]|["30%"-tx-12-"30"-integer-0]|TX|1457/2|
00000000|MMI|3.46|Anti-Drug Antibody|C3811629|[aapp,imft]|["ADA"-tx-12-"ADA"-noun-0]|TX|1858/3|
00000000|MMI|3.46|CA8 gene|C1413051|[gngm]|["CALS"-tx-12-"cals"-noun-0]|TX|1867/4|
00000000|MMI|3.46|Genus Ada|C1060325|[plnt]|["Ada"-tx-12-"ADA"-noun-0]|TX|1858/3|
00000000|MMI|3.46|Nutrition, Calories|C1556156|[qnco]|["cals"-tx-12-"cals"-noun-0]|TX|1867/4|
00000000|MMI|3.46|Study Day|C2826182|[tmco]|["DY"-tx-12-"dy"-noun-0]|TX|1872/2|
00000000|MMI|3.46|kilocalorie|C0439259|[qnco]|["Cal"-tx-12-"cals"-noun-0]|TX|1867/4|
00000000|MMI|3.46|milliliter|C0439242|[qnco]|["MILLILITER"-tx-12-"MILLILITERS"-noun-0]|TX|1460/11|
00000000|MMI|3.45|100%|C3817553|[qnco]|["100%"-tx-5-"100"-integer-0]|TX|601/3|
00000000|MMI|3.45|71|C0450389|[inpr]|["71"-tx-1-"71"-integer-0]|TX|76/2|
00000000|MMI|3.45|Body Site Modifier - Lower|C1548802|[blor]|["Lower"-tx-21-"lower"-adj-0]|TX|3320/5|
00000000|MMI|3.45|Compressed structure|C0332459|[ftcn]|["Compression"-tx-21-"compression"-noun-0]|TX|3298/11|
00000000|MMI|3.45|Compression|C0728907|[npop]|["Compression"-tx-21-"compression"-noun-0]|TX|3298/11|
00000000|MMI|3.45|Compression procedure|C0565514|[topp]|["Compression NOS"-tx-21-"compression"-noun-0]|TX|3298/11|
00000000|MMI|3.45|Lower (action)|C2003888|[acty]|["Lower"-tx-21-"lower"-adj-0]|TX|3320/5|
00000000|MMI|3.45|Lower - spatial qualifier|C0441994|[spco]|["LOWER"-tx-21-"lower"-adj-0]|TX|3320/5|
00000000|MMI|3.45|20%|C3842589|[fndg]|["20%"-tx-12-"20"-integer-0]|TX|1808/2|
00000000|MMI|3.45|Every six hours|C0585325|[tmco]|["Q6H"-tx-12-"Q6H"-noun-0]|TX|1585/3|
00000000|MMI|3.45|Glonoine, nitroglycerine, Homeopathic preparation|C0885378|[orch,phsu]|["nitroglycerine"-tx-16-"nitroglycerin"-noun-0]|TX|3126/13|
00000000|MMI|3.45|Hospital course|C0489547|[fndg]|["Hospital course"-tx-12-"HOSPITAL COURSE"-noun-1]|TX|2566/15|
00000000|MMI|3.45|Hospital course:Finding:Point in time:^Patient:Narrative|C0488549|[clna]|["Hospital course"-tx-12-"HOSPITAL COURSE"-noun-0]|TX|2566/15|
00000000|MMI|3.45|Room of building - Study|C0557651|[mnob]|["Study"-tx-12-"Study"-noun-0]|TX|2187/5|
00000000|MMI|3.45|Study|C2603343|[resa]|["Study"-tx-12-"Study"-noun-0]|TX|2187/5|
00000000|MMI|3.45|Tablet Dosing Unit|C1705223|[qnco]|["Tab"-tx-12-"TAB"-noun-0]|TX|1578/3|
00000000|MMI|3.45|effusion|C0013687|[patf]|["EFFUSIONS"-tx-28-"effusions"-noun-1]|TX|3607/9|
00000000|MMI|3.44|Immediate Release Dosage Form|C1708470|[bodm]|["Immediate Release"-tx-9-"IMMEDIATE RELEASE"-noun-0]|TX|1068/17|
00000000|MMI|3.44|Surface region of lower chest|C0446470|[blor]|["Lower chest"-tx-14-"lower chest"-noun-0]|TX|2937/5,2948/5|
00000000|MMI|3.43|Inverted|C0443241|[qlco]|["Inverted"-tx-26-"inverted"-adj-0]|TX|3529/8|
00000000|MMI|3.43|Two|C0205448|[qnco]|["Two"-tx-36-"two"-adj-0]|TX|4105/3|
00000000|MMI|3.43|Weekly|C0332174|[tmco]|["/week"-tx-36-"week"-adj-0]|TX|4109/4|
00000000|MMI|3.43|Behavior Rating Inventory of Executive Function|C4050216|[inpr]|["BRIEF"-tx-12-"BRIEF"-adj-0]|TX|2550/5|
00000000|MMI|3.43|Brief|C1879313|[tmco]|["Brief"-tx-12-"BRIEF"-adj-0]|TX|2550/5|
00000000|MMI|3.43|MYOTONIC DYSTROPHY 1|C3250443|[dsyn]|["DM"-tx-12-"DM"-noun-0]|TX|2605/2|
00000000|MMI|3.43|Mild (qualifier value)|C2945599|[qlco]|["Minimal"-tx-17-"Minimal"-adj-0]|TX|3142/7|
00000000|MMI|3.43|Minimal|C0547040|[qlco]|["Minimal"-tx-17-"Minimal"-adj-0]|TX|3142/7|
00000000|MMI|3.43|Minimum|C1524031|[qlco]|["MINIMAL"-tx-17-"Minimal"-adj-0]|TX|3142/7|
00000000|MMI|3.43|Shortened|C1282927|[qlco]|["brief"-tx-12-"BRIEF"-adj-0]|TX|2550/5|
00000000|MMI|3.43|Known present|C1444639|[qlco]|["Known present"-tx-28-"known presenting"-noun-0]|TX|3686/5,3708/10|
00000000|MMI|3.43|R-enzyme|C2259179|[moft]|["R-enzyme"-tx-29-"r enzymes"-noun-0]|TX|3750/1,3779/7|
00000000|MMI|3.42|Bore (qualifier value)|C2945608|[qnco]|["boring"-tx-14-"boring"-noun-0]|TX|2917/6|
00000000|MMI|3.42|Depth|C0205125|[spco]|["DEEP"-tx-14-"deep"-adj-0]|TX|2912/4|
00000000|MMI|3.42|September|C3828193|[tmco]|["September"-tx-27-"September"-noun-0]|TX|3572/9|
00000000|MMI|3.42|Diseae|C1075640|[plnt]|["Diseae"-tx-28-"diseae"-noun-0]|TX|3701/6|
00000000|MMI|3.42|Alert|C3665546|[ftcn]|["Alert"-tx-5-"Alert"-adj-0]|TX|731/5