00000000|MMI|7.28|Signature|C1519316|[inpr]|["Signed"-tx-1-"Signed"-noun-0]|TX|[92/6],[148/6]|
00000000|MMI|7.28|signed - ParticipationSignature|C1561610|[inpr]|["signed"-tx-1-"Signed"-noun-0]|TX|[92/6],[148/6]|
00000000|MMI|3.65|Report status|C0586177|[fndg]|["Report status"-tx-1-"Report Status"-noun-0]|TX|133/13|
00000000|MMI|3.62|Admission date:Time Stamp -- Date and Time:Point in time:^Patient:Quantitative|C2598112|[clna]|["Admission date"-tx-1-"Admission Date"-noun-0]|TX|107/14|
00000000|MMI|3.62|Date of admission|C1302393|[tmco]|["Admission date"-tx-1-"Admission Date"-noun-0]|TX|107/14|
00000000|MMI|3.59|29+|C3843708|[fndg]|["29+"-tx-1-"29"-fraction-0]|TX|43/2|
00000000|MMI|3.59|Pyrexia of unknown origin (excl puerperal)|C0856281|[sosy]|["puo"-tx-1-"PUO"-noun-0]|TX|12/3|
00000000|MMI|3.49|Congestive heart failure|C0018802|[dsyn]|["CONGESTIVE HEART FAILURE"-tx-1-"CONGESTIVE HEART FAILURE"-noun-0]|TX|65/24|
00000000|MMI|3.46|1+|C3816745|[fndg]|["1+"-tx-1-"1"-fraction-0]|TX|123/1|
00000000|MMI|3.46|1+ Score|C2827734|[qnco]|["1+"-tx-1-"1"-fraction-0]|TX|123/1|
00000000|MMI|3.46|1+ Score, WHO|C2981698|[clas]|["1+"-tx-1-"1"-fraction-0]|TX|123/1|
00000000|MMI|3.46|23|C0450348|[qnco]|["23"-tx-1-"23"-fraction-0]|TX|125/2|
00000000|MMI|3.45|Diagnostic interview schedule|C0451119|[inpr]|["DIS"-tx-1-"DIS"-noun-0]|TX|101/3|
00000000|MMI|3.45|Discontinued|C1444662|[fndg]|["DIS"-tx-1-"DIS"-noun-0]|TX|101/3|
00000000|MMI|181.48|Togo|C0040363|[geoa]|["TO"-tx-44-"to"-adv-0,"TO"-tx-28-"to"-adv-0,"TO"-tx-25-"to"-adv-0,"TO"-tx-24-"to"-adv-0,"TO"-tx-22-"to"-adv-0,"TO"-tx-21-"to"-adv-0,"TO"-tx-18-"to"-adv-0]|TX|[3597/2],[3698/2];2510/2;2228/2;2169/2;1897/2;[1785/2],[1838/2];1589/2|Z01.058.290.190.800
00000000|MMI|181.48|Tryptophanase|C0041260|[aapp,enzy]|["TO"-tx-44-"to"-adv-0,"TO"-tx-28-"to"-adv-0,"TO"-tx-25-"to"-adv-0,"TO"-tx-24-"to"-adv-0,"TO"-tx-22-"to"-adv-0,"TO"-tx-21-"to"-adv-0,"TO"-tx-18-"to"-adv-0]|TX|[3597/2],[3698/2];2510/2;2228/2;2169/2;1897/2;[1785/2],[1838/2];1589/2|D08.811.520.224.800
00000000|MMI|108.94|Patients|C0030705|[podg]|["*^patient"-tx-31-"patient"-noun-0,"*^patient"-tx-28-"patient"-noun-0,"*^patient"-tx-27-"patient"-noun-0,"*^patient"-tx-24-"patient"-noun-0,"*^patient"-tx-16-"patient"-noun-0,"*^patient"-tx-15-"patient"-noun-0,"*^patient"-tx-10-"patient"-noun-0,"*^patient"-tx-9-"patient"-noun-0,"*^patient"-tx-7-"patient"-noun-0,"*^patient"-tx-5-"patient"-noun-0]|TX|2737/7;2524/7;2366/7;2105/7;1427/7;1299/7;811/7;675/7;549/7;407/7|M01.643
00000000|MMI|67.72|Abortion consent:Finding:Point in time:^Patient:Document|C2360836|[clna]|["Patient"-tx-31-"patient"-noun-0,"Patient"-tx-28-"patient"-noun-0,"Patient"-tx-27-"patient"-noun-0,"Patient"-tx-24-"patient"-noun-0,"Patient"-tx-16-"patient"-noun-0,"Patient"-tx-15-"patient"-noun-0,"Patient"-tx-10-"patient"-noun-0,"Patient"-tx-9-"patient"-noun-0,"Patient"-tx-7-"patient"-noun-0,"Patient"-tx-5-"patient"-noun-0]|TX|2737/7;2524/7;2366/7;2105/7;1427/7;1299/7;811/7;675/7;549/7;407/7|
00000000|MMI|67.72|Hysterectomy consent:Finding:Point in time:^Patient:Document|C2360838|[clna]|["Patient"-tx-31-"patient"-noun-0,"Patient"-tx-28-"patient"-noun-0,"Patient"-tx-27-"patient"-noun-0,"Patient"-tx-24-"patient"-noun-0,"Patient"-tx-16-"patient"-noun-0,"Patient"-tx-15-"patient"-noun-0,"Patient"-tx-10-"patient"-noun-0,"Patient"-tx-9-"patient"-noun-0,"Patient"-tx-7-"patient"-noun-0,"Patient"-tx-5-"patient"-noun-0]|TX|2737/7;2524/7;2366/7;2105/7;1427/7;1299/7;811/7;675/7;549/7;407/7|
00000000|MMI|67.72|Sterilization consent:Finding:Point in time:^Patient:Document|C2360840|[clna]|["Patient"-tx-31-"patient"-noun-0,"Patient"-tx-28-"patient"-noun-0,"Patient"-tx-27-"patient"-noun-0,"Patient"-tx-24-"patient"-noun-0,"Patient"-tx-16-"patient"-noun-0,"Patient"-tx-15-"patient"-noun-0,"Patient"-tx-10-"patient"-noun-0,"Patient"-tx-9-"patient"-noun-0,"Patient"-tx-7-"patient"-noun-0,"Patient"-tx-5-"patient"-noun-0]|TX|2737/7;2524/7;2366/7;2105/7;1427/7;1299/7;811/7;675/7;549/7;407/7|
00000000|MMI|58.76|Patient Discharge|C0030685|[hlca]|["Discharge"-tx-45-"DISCHARGE"-noun-0,"Release"-tx-40-"release"-adj-0,"Discharge"-tx-31-"discharge"-noun-0]|TX|3754/9;3296/7;2768/9|E02.204.125;E02.760.400.610;N02.421.192.125;N02.421.585.400.610;N04.590.233.727.210.125
00000000|MMI|54.84|Family Hirundinidae|C0326374|[bird]|["Swallow"-tx-17-"Swallow"-noun-0,"Swallow"-tx-7-"Swallow"-noun-0]|TX|1509/7;580/7|B01.050.150.900.248.620.750.725
00000000|MMI|53.83|Mongolia|C0026410|[geoa]|["MG"-tx-42-"mg"-noun-0,"MG"-tx-37-"mg"-noun-0]|TX|[3435/2],[3463/2];[3050/2],[3097/2]|Z01.252.474.651
00000000|MMI|49.11|Antibiotics|C0003232|[antb]|["Antibiotic"-tx-26-"antibiotic"-adj-0,"Antibiotics"-tx-24-"antibiotics"-noun-0,"Antibiotics"-tx-20-"antibiotics"-noun-0]|TX|2290/10;2195/11;1740/11|D27.505.954.122.085
00000000|MMI|45.36|Bactrim|C0591139|[orch,phsu]|["Bactrim"-tx-41-"Bactrim"-noun-0,"Bactrim"-tx-16-"Bactrim"-noun-0]|TX|3352/7;1461/7|D02.065.884.725.867.500;D02.092.146.807.867.500;D02.886.590.700.725.867.500;D03.383.742.906.500;D26.310.875
00000000|MMI|45.10|Antibiotics, Antitubercular|C0003237|[antb]|["Antibiotics"-tx-24-"antibiotics"-noun-0,"Antibiotics"-tx-20-"antibiotics"-noun-0]|TX|2195/11;1740/11|D27.505.954.122.085.255.135
00000000|MMI|42.97|To|C1883351|[qlco]|["To"-tx-44-"to"-adv-0,"To"-tx-28-"to"-adv-0,"To"-tx-25-"to"-adv-0,"To"-tx-24-"to"-adv-0,"To"-tx-22-"to"-adv-0,"To"-tx-21-"to"-adv-0,"To"-tx-18-"to"-adv-0]|TX|[3597/2],[3698/2];2510/2;2228/2;2169/2;1897/2;[1785/2],[1838/2];1589/2|
00000000|MMI|40.52|Diltiazem|C0012373|[orch,phsu]|["DILTIAZEM"-tx-37-"diltiazem"-noun-0,"DILTIAZEM"-tx-19-"diltiazem"-noun-0,"DILTIAZEM"-tx-6-"diltiazem"-noun-0]|TX|3036/9;1707/9;522/9|D03.438.079.150
00000000|MMI|39.19|Biopsy|C0005558|[diap]|["BIOPSY"-tx-29-"biopsy"-noun-0,"BIOPSY"-tx-25-"biopsy"-noun-0]|TX|2630/6;2277/6|E01.370.225.500.384.100;E01.370.225.998.054;E01.370.388.100;E04.074;E05.200.500.384.100;E05.200.998.054;E05.242.384.100
00000000|MMI|32.91|Neoral|C0699605|[aapp,phsu]|["Neoral"-tx-40-"Neoral"-noun-0,"Neoral"-tx-6-"Neoral"-noun-0]|TX|3324/6;536/6|D04.345.566.235.300;D12.644.641.235.300
00000000|MMI|32.91|Iodides|C0021966|[inch]|["I-"-tx-42-"i"-adv-0,"I-"-tx-2-"I"-noun-0]|TX|3544/1;139/1|D01.248.497.158.490;D01.475.410
00000000|MMI|32.91|Speech|C0037817|[orgf]|["Speech"-tx-17-"Speech"-noun-0,"Speech"-tx-7-"Speech"-noun-0]|TX|1498/6;569/6|F01.145.209.908.677;G11.561.600.825;L01.143.506.423.676
00000000|MMI|29.46|Needs|C0027552|[qlco]|["Need"-tx-27-"need"-verb-0,"Need"-tx-25-"need"-verb-0]|TX|2437/4;2231/4|N03.349.380.420;N05.300.450
00000000|MMI|27.97|Daily|C0332173|[tmco]|["Daily"-tx-42-"daily"-adv-0,"/day"-tx-41-"day"-noun-0,"Daily"-tx-40-"daily"-adv-0,"Daily"-tx-37-"daily"-adv-0]|TX|[3443/5],[3471/5];3388/3;[3221/5],[3273/5],[3316/5];3058/5|
00000000|MMI|26.74|Eyeglasses|C0015421|[medd]|["Eyeglasses"-tx-44-"eyeglasses"-noun-0,"Glasses"-tx-27-"glasses"-noun-0]|TX|3741/10;2450/7|E07.632.500.300
00000000|MMI|26.34|Anthropological Culture|C0010453|[idcn]|["Cultures"-tx-16-"cultures"-noun-0,"Culture"-tx-12-"culture"-noun-0]|TX|1412/8;988/7|I01.076.201.450;I01.880.853.100
00000000|MMI|24.11|Body Weight|C0005910|[orga]|["Weight"-tx-36-"weight"-noun-0]|TX|2975/6|C23.888.144;E01.370.600.115.100.160.120;E05.041.124.160.750;G07.100.100.160.120;G07.700.320.249.314.120
00000000|MMI|24.11|Levofloxacin|C0282386|[antb,orch]|["LEVOFLOXACIN"-tx-16-"levofloxacin"-noun-0]|TX|1471/12|D03.438.810.835.322.500.500
00000000|MMI|24.11|White Blood Cell Count procedure|C0023508|[lbpr]|["Blood Cell Count, White"-tx-10-"white blood cell count"-noun-0]|TX|845/22|E01.370.225.500.195.107.595;E01.370.225.625.107.595;E05.200.500.195.107.595;E05.200.625.107.595;E05.242.195.107.595;G04.170.107.595;G09.188.105.595
00000000|MMI|22.35|Lunch|C2697949|[dora]|["Lunch"-tx-42-"lunch"-noun-0]|TX|3506/5|F01.145.407.432.500.550;F01.145.466.349.500.550;G07.203.300.590.560;G07.203.650.353.432.500.550;J02.500.590.560
00000000|MMI|22.35|NovoLog|C0939412|[aapp,phsu]|["NovoLog"-tx-42-"Novolog"-noun-0]|TX|3479/7|D06.472.699.587.200.400.100;D12.644.548.586.200.400.100
00000000|MMI|22.34|Oxycodone|C0030049|[orch,phsu]|["OXYCODONE"-tx-39-"oxycodone"-noun-0]|TX|3142/9|D03.132.577.249.562.149.575;D03.549.686.607.204.650;D03.605.497.607.204.650;D04.615.723.795.576.149.575
00000000|MMI|20.95|5-Methyltetrahydrofolate-Homocysteine S-Methyltransferase|C0039676|[aapp,enzy]|["MS"-tx-32-"Ms"-noun-0]|TX|2829/2|D08.811.913.555.500.645
00000000|MMI|20.95|Temperature|C0039476|[qnco]|["*Temperature"-tx-34-"temperature"-noun-0]|TX|2862/11|G01.906.595;G16.500.275.063.725.710;G16.500.750.775.710;N06.230.150.450;N06.230.300.100.725.710
00000000|MMI|20.95|Weaning|C0043084|[fndg]|["Weaning"-tx-6-"weaning"-verb-0]|TX|464/7|G07.203.650.220.500.750;G07.203.650.593.762;G07.700.620.762
00000000|MMI|19.61|Tablet Dosage Form|C0039225|[bodm]|["TABLET"-tx-41-"tablet"-noun-0,"TABLET"-tx-40-"tablet"-noun-0]|TX|3364/6;3261/6|D26.255.830
00000000|MMI|19.36|Ativan|C0699194|[orch,phsu]|["Ativan"-tx-38-"Ativan"-noun-0]|TX|3114/6|D03.438.079.080.070.450
00000000|MMI|19.35|Continuous|C0549178|[idcn]|["Continued"-tx-28-"continued"-verb-0,"Continued"-tx-20-"continued"-verb-0,"Continued"-tx-18-"continued"-verb-0,"Continued"-tx-16-"continued"-verb-0,"Continue"-tx-5-"continue"-verb-0]|TX|2500/9;1723/9;1579/9;1435/9;330/8|
00000000|MMI|19.27|Milrinone|C0128513|[orch,phsu]|["MILRINONE"-tx-6-"milrinone"-noun-0]|TX|476/9|D02.092.080.085.543;D03.383.725.050.085.543
00000000|MMI|17.80|Blood Pressure|C0005823|[orgf]|["BLOOD PRESSURE"-tx-34-"blood pressure"-noun-0]|TX|2909/14|E01.370.600.875.249;G09.330.380.076
00000000|MMI|17.80|Body Temperature|C0005903|[orga]|["temperature"-tx-34-"temperature"-noun-0]|TX|2862/11|E01.370.600.875.374;G07.110
00000000|MMI|17.80|Pepcid|C0678119|[orch,phsu]|["Pepcid"-tx-43-"Pepcid"-noun-0]|TX|3555/6|D02.886.675.215;D03.383.129.708.215
00000000|MMI|17.80|Systemic arterial pressure|C1272641|[fndg]|["Blood pressure"-tx-34-"blood pressure"-noun-0]|TX|2909/14|G09.330.380.076.347
00000000|MMI|17.80|heart rate|C0018810|[clna]|["Heart Rate"-tx-34-"heart rate"-noun-0]|TX|2883/10|E01.370.600.875.500;G09.330.380.500
00000000|MMI|16.22|Hospital Stay|C3489408|[tmco]|["Hospital Stay"-tx-24-"stayed hospital"-noun-0]|TX|2118/6,2132/8|E02.760.400.480;N02.421.585.400.480
00000000|MMI|16.21|Dominican Republic|C0013014|[geoa]|["DR"-tx-2-"Dr"-noun-0]|TX|213/2|Z01.107.084.900.300;Z01.639.880.300
00000000|MMI|16.12|Reading (activity)|C0034754|[dora]|["Reading"-tx-27-"reading"-adj-0]|TX|2442/7|L01.143.506.423.557
00000000|MMI|16.08|Blood coagulation tests|C0005790|[lbpr]|["Coag"-tx-13-"coag"-noun-0]|TX|1061/4|E01.370.225.625.115;E05.200.625.115
00000000|MMI|16.07|Clotrimazole|C0009074|[orch,phsu]|["CLOT"-tx-23-"clot"-noun-0]|TX|1980/4|D03.383.129.308.175
00000000|MMI|16.05|Pain|C0030193|[sosy]|["PAIN"-tx-40-"pain"-noun-0]|TX|3192/4|C10.597.617;C23.888.592.612;F02.830.816.444;G11.561.600.810.444
00000000|MMI|15.11|Beginning|C0439659|[tmco]|["Begin"-tx-9-"began"-verb-0,"Begin"-tx-6-"began"-verb-0,"Start"-tx-5-"starting"-noun-0,"Beginning"-tx-2-"beginning"-noun-0]|TX|683/5;458/5;364/8;109/9|
00000000|MMI|14.96|Negative|C0205160|[qlco]|["Negative"-tx-23-"negative"-adj-0,"Negative"-tx-16-"negative"-noun-0,"Negative"-tx-13-"negative"-adj-0]|TX|1967/8;1403/8;[1026/8],[1066/8]|
00000000|MMI|14.96|Negative - answer|C3853545|[qlco]|["Negative"-tx-23-"negative"-adj-0,"Negative"-tx-16-"negative"-noun-0,"Negative"-tx-13-"negative"-adj-0]|TX|1967/8;1403/8;[1026/8],[1066/8]|
00000000|MMI|14.96|Negative Charge|C2825491|[qlco]|["Negative"-tx-23-"negative"-adj-0,"Negative"-tx-16-"negative"-noun-0,"Negative"-tx-13-"negative"-adj-0]|TX|1967/8;1403/8;[1026/8],[1066/8]|
00000000|MMI|14.96|Negative Finding|C1513916|[fndg]|["NEGATIVE"-tx-23-"negative"-adj-0,"NEGATIVE"-tx-16-"negative"-noun-0,"NEGATIVE"-tx-13-"negative"-adj-0]|TX|1967/8;1403/8;[1026/8],[1066/8]|
00000000|MMI|14.96|Negative Number|C2825415|[cnce]|["Negative"-tx-23-"negative"-adj-0,"Negative"-tx-16-"negative"-noun-0,"Negative"-tx-13-"negative"-adj-0]|TX|1967/8;1403/8;[1026/8],[1066/8]|
00000000|MMI|14.84|Congestive heart failure|C0018802|[dsyn]|["CONGESTIVE HEART FAILURE"-tx-44-"congestive heart failure"-noun-0,"CONGESTIVE HEART FAILURE"-tx-28-"congestive heart failure"-noun-0,"CONGESTIVE HEART FAILURE"-tx-24-"Congestive heart failure"-noun-0,"CONGESTIVE HEART FAILURE"-tx-18-"Congestive Heart Failure"-noun-0]|TX|3633/24;2536/24;2021/24;1612/24|
00000000|MMI|14.82|Magnesium Cation|C2346927|[elii,phsu]|["Mg++"-tx-42-"mg"-noun-0,"Mg++"-tx-37-"mg"-noun-0]|TX|[3435/2],[3463/2];[3050/2],[3097/2]|
00000000|MMI|14.82|Milligram percent|C1960952|[qnco]|["mg %"-tx-42-"mg"-noun-0,"mg %"-tx-37-"mg"-noun-0]|TX|[3435/2],[3463/2];[3050/2],[3097/2]|
00000000|MMI|14.82|mg/dL|C0439269|[qnco]|["mg%"-tx-42-"mg"-noun-0,"mg%"-tx-37-"mg"-noun-0]|TX|[3435/2],[3463/2];[3050/2],[3097/2]|
00000000|MMI|14.64|Central venous catheter, device|C1145640|[medd]|["CENTRAL LINE"-tx-12-"Central line"-noun-0]|TX|927/12|E07.132.750.500
00000000|MMI|14.64|Diet|C0012155|[food]|["Diet"-tx-7-"diet"-noun-0]|TX|596/4|G07.203.650.240
00000000|MMI|14.50|11-16|C3843644|[fndg]|["11-16"-tx-47-"11/16"-fraction-0,"11-16"-tx-31-"11/16"-fraction-0,"11-16"-tx-29-"11/16"-fraction-0]|TX|[3953/5],[3965/5];2789/5;2640/5|
00000000|MMI|13.14|Home visit (procedure)|C0020043|[hlca]|["home services"-tx-46-"Home services"-noun-0]|TX|3807/4,3817/8|N04.452.758.307
00000000|MMI|13.11|Tricuspid Valve Insufficiency|C0040961|[dsyn]|["Regurgitation, Tricuspid"-tx-14-"tricuspid regurgitation"-noun-0]|TX|1190/23|C14.280.484.856
00000000|MMI|13.08|Staphylococcal Infections|C0038160|[dsyn]|["Staph"-tx-13-"Staph"-noun-0]|TX|1075/5|C01.252.410.868
00000000|MMI|13.05|Potassium|C0032821|[elii]|["POTASSIUM"-tx-40-"potassium"-noun-0]|TX|3281/9|D01.268.549.550;D01.268.557.575;D01.552.528.652;D01.552.547.650;x.x.x.x
00000000|MMI|13.05|Ophthalmology specialty|C0029087|[bmod]|["OPHTHALMOLOGY"-tx-27-"Ophthalmology"-noun-0]|TX|2386/13|H02.403.810.468
00000000|MMI|13.05|Physicians|C0031831|[prog]|["DR"-tx-2-"Dr"-noun-0]|TX|213/2|M01.526.485.810;N02.360.810
00000000|MMI|13.05|Vancomycin|C0042313|[aapp,antb]|["VANCOMYCIN"-tx-16-"vancomycin"-noun-0]|TX|1448/10|D09.400.420.925;D12.644.233.925;x.x.x.x
00000000|MMI|13.03|Diuresis|C0012797|[ortf]|["Diuresis"-tx-8-"diuresis"-noun-0]|TX|660/8|G08.852.796.241
00000000|MMI|12.93|Wound Healing|C0043240|[orgf]|["Healing"-tx-15-"healing"-noun-0]|TX|1365/7|G16.100.856.891
00000000|MMI|12.89|Hemodynamics|C0019010|[ortf]|["Hemodynamic"-tx-14-"hemodynamic"-adj-0]|TX|1270/11|G09.330.190.400;G09.330.380
00000000|MMI|11.49|Diet therapy|C0012159|[hlca]|["Diet"-tx-7-"diet"-noun-0]|TX|596/4|E02.642.249
00000000|MMI|11.49|Upper Extremity|C1140618|[bpoc]|["Upper Extremity"-tx-23-"Upper extremity"-noun-0]|TX|1919/15|A01.378.800
00000000|MMI|11.21|milligram/day|C0439422|[qnco]|["mg/d"-tx-41-"mg d"-noun-0,"mg/d"-tx-40-"mg d"-noun-0,"mg/d"-tx-38-"mg d"-noun-0]|TX|3408/2,3420/1;3335/2,3347/1;3125/2,3137/1|
00000000|MMI|10.87|dictated - DocumentCompletion|C1609990|[idcn]|["Dictated"-tx-47-"Dictated"-noun-0,"Dictated"-tx-5-"dictated"-verb-0,"Dictated"-tx-2-"dictated"-verb-0]|TX|3863/8;278/8;201/8|
00000000|MMI|10.87|dictated - ParticipationMode|C1548384|[ftcn]|["dictated"-tx-47-"Dictated"-noun-0,"dictated"-tx-5-"dictated"-verb-0,"dictated"-tx-2-"dictated"-verb-0]|TX|3863/8;278/8;201/8|
00000000|MMI|10.59|One|C0205447|[qnco]|["ONE"-tx-41-"one"-noun-0,"ONE"-tx-40-"one"-noun-0,"ONE"-tx-10-"One"-noun-0]|TX|3360/3;3257/3;736/3|
00000000|MMI|10.52|Out (direction)|C0439787|[spco]|["Out"-tx-13-"out"-adv-0,"Out"-tx-10-"out"-adv-0,"Out"-tx-10-"out"-prep-0]|TX|1057/3;[740/3],[777/3];[740/3],[777/3]|
00000000|MMI|10.52|Removed|C0849355|[qlco]|["Out"-tx-13-"out"-adv-0,"Out"-tx-10-"out"-adv-0,"Out"-tx-10-"out"-prep-0]|TX|1057/3;[740/3],[777/3];[740/3],[777/3]|
00000000|MMI|10.42|Attempt|C1516084|[evnt]|["Attempt"-tx-22-"attempt"-verb-0,"Attempted"-tx-21-"attempted"-verb-0]|TX|1900/7;1775/9|
00000000|MMI|10.42|Patient need for (contextual qualifier)|C0686904|[ftcn]|["need"-tx-27-"need"-verb-0,"need"-tx-25-"need"-verb-0]|TX|2437/4;2231/4|
00000000|MMI|10.42|Peripherally inserted central catheter (physical object)|C0179740|[medd]|["PICC line"-tx-24-"PICC line"-noun-0,"PICC line"-tx-21-"PICC line"-noun-0]|TX|2159/9;1765/9|
00000000|MMI|10.42|Swallow - dosing instruction imperative|C1706486|[ftcn]|["Swallow"-tx-17-"Swallow"-noun-0,"Swallow"-tx-7-"Swallow"-noun-0]|TX|1509/7;580/7|
00000000|MMI|10.42|Then|C1883708|[tmco]|["Then"-tx-24-"then"-adv-0,"Then"-tx-17-"then"-adv-0]|TX|2053/4;1517/4|
00000000|MMI|10.11|Gram-Positive Cocci|C0018155|[bact]|["Gram-Positive Cocci"-tx-10-"Gram-positive cocci"-noun-0]|TX|781/19|B03.510.400
00000000|MMI|10.06|Pericardial effusion|C0031039|[dsyn]|["Effusion, Pericardial"-tx-14-"pericardial effusion"-noun-0]|TX|1227/20|C14.280.695
00000000|MMI|9.99|Disease|C0012634|[dsyn]|["condition"-tx-45-"CONDITION"-noun-0]|TX|3764/9|C23.550.288
00000000|MMI|9.99|Nasal sinus|C0030471|[bsoj]|["Sinus"-tx-34-"sinus"-noun-0]|TX|2901/5|A04.531.621
00000000|MMI|9.99|pathologic fistula|C0016169|[anab]|["Sinus"-tx-34-"sinus"-noun-0]|TX|2901/5|C23.300.575
00000000|MMI|9.94|Pressure- physical agent|C0033095|[phpr]|["Pressures"-tx-29-"pressures"-noun-0]|TX|2700/9|G01.374.715
00000000|MMI|9.85|Appointments|C0003629|[idcn]|["Appointments"-tx-44-"appointments"-noun-0]|TX|3615/12|N04.452.095
00000000|MMI|9.83|Patient Monitoring|C0030695|[hlca]|["monitor"-tx-18-"monitored"-verb-0]|TX|1595/9|E01.370.520
00000000|MMI|8.34|Time|C0040223|[tmco]|["TIME"-tx-5-"time"-noun-0]|TX|396/4|G01.910
00000000|MMI|7.95|Catheterization of right heart|C0189896|[diap]|["Right heart catheterisation"-tx-29-"right heart catheterization"-noun-0,"Right heart catheterisation"-tx-25-"right heart catheterization"-noun-0]|TX|2591/27;2245/27|
00000000|MMI|7.70|HTATIP wt Allele|C1705504|[gngm]|["TIP"-tx-13-"tip"-noun-0,"TIP"-tx-12-"tip"-noun-0]|TX|1048/3;971/3|
00000000|MMI|7.70|Tip|C3282898|[qlco]|["TIP"-tx-13-"tip"-noun-0,"TIP"-tx-12-"tip"-noun-0]|TX|1048/3;971/3|
00000000|MMI|7.70|Tip Device Component|C1710425|[medd]|["Tip"-tx-13-"tip"-noun-0,"Tip"-tx-12-"tip"-noun-0]|TX|1048/3;971/3|
00000000|MMI|7.62|Thin fluid|C3714296|[food]|["Thin Liquid"-tx-17-"thin liquid"-noun-0,"Thin liquids"-tx-7-"thin liquids"-noun-0]|TX|1549/11;620/12|
00000000|MMI|7.54|Valcyte|C0969586|[orch,phsu]|["Valcyte"-tx-42-"Valcyte"-noun-0,"Valcyte"-tx-16-"Valcyte"-noun-0]|TX|3451/7;1488/7|
00000000|MMI|7.54|Including (qualifier)|C0332257|[ftcn]|["included"-tx-44-"Included"-verb-0,"included"-tx-37-"Included"-adj-0]|TX|3588/8;3027/8|
00000000|MMI|7.53|Blood group antibody I|C0221138|[aapp,imft]|["I NOS"-tx-42-"i"-adv-0,"I NOS"-tx-2-"I"-noun-0]|TX|3544/1;139/1|
00000000|MMI|7.47|biopsy characteristics|C0220797|[ftcn]|["biopsy"-tx-29-"biopsy"-noun-0,"biopsy"-tx-25-"biopsy"-noun-0]|TX|2630/6;2277/6|
00000000|MMI|7.42|Blood culture|C0200949|[lbpr]|["Blood culture"-tx-13-"blood cultures"-noun-0,"Blood culture"-tx-11-"blood cultures"-noun-0]|TX|1006/14;896/14|
00000000|MMI|7.33|Attending (action)|C1999232|[ftcn]|["attending"-tx-47-"Attending"-noun-0,"attending"-tx-1-"ATTENDING"-noun-0]|TX|3892/9;26/9|
00000000|MMI|7.33|Attending (provider role)|C1547429|[prog]|["Attending"-tx-47-"Attending"-noun-0,"Attending"-tx-1-"ATTENDING"-noun-0]|TX|3892/9;26/9|
00000000|MMI|7.28|Course|C0750729|[tmco]|["Course"-tx-26-"course"-noun-0,"Course"-tx-24-"course"-noun-0]|TX|2301/6;2185/6|
00000000|MMI|7.27|Send (transmission)|C1519246|[ftcn]|["Sent"-tx-12-"sent"-verb-0,"Sent"-tx-11-"sent"-verb-0]|TX|979/4;916/4|
00000000|MMI|7.26|Home environment|C0442519|[cnce]|["HOME"-tx-31-"home"-noun-0,"HOME"-tx-27-"home"-adj-0]|TX|2781/4;2473/4|
00000000|MMI|7.26|Left|C0205091|[spco]|["LEFT"-tx-29-"left"-noun-0,"LEFT"-tx-23-"left"-adj-0]|TX|2677/4;2005/4|
00000000|MMI|7.26|Left sided|C0443246|[spco]|["Left"-tx-29-"left"-noun-0,"Left"-tx-23-"left"-adj-0]|TX|2677/4;2005/4|
00000000|MMI|7.26|Table Cell Horizontal Align - left|C1552822|[ftcn]|["left"-tx-29-"left"-noun-0,"left"-tx-23-"left"-adj-0]|TX|2677/4;2005/4|
00000000|MMI|7.23|30%|C3842588|[fndg]|["30%"-tx-42-"30"-integer-0,"30%"-tx-40-"30"-integer-0]|TX|3432/2;3304/2|
00000000|MMI|7.22|seen|C0205397|[qlco]|["Seen"-tx-27-"seen"-verb-0,"Seen"-tx-7-"seen"-verb-0]|TX|2378/4;561/4|
00000000|MMI|7.20|ActInformationPrivacyReason <service>|C3245478|[idcn]|["service"-tx-18-"Service"-noun-0,"service"-tx-1-"SERVICE"-noun-0]|TX|1637/7;66/7|
00000000|MMI|7.20|Services|C0557854|[ocac]|["Service"-tx-18-"Service"-noun-0,"Service"-tx-1-"SERVICE"-noun-0]|TX|1637/7;66/7|
00000000|MMI|7.20|Software Service|C2825316|[mnob]|["Service"-tx-18-"Service"-noun-0,"Service"-tx-1-"SERVICE"-noun-0]|TX|1637/7;66/7|
00000000|MMI|7.05|10%|C3842590|[fndg]|["10%"-tx-39-"10"-integer-0,"10%"-tx-5-"10"-fraction-0]|TX|3160/2;376/2|
00000000|MMI|7.05|Clinical Study Follow-up|C3274571|[hlca]|["FOLLOW-UP"-tx-44-"follow up"-adj-0,"FOLLOW-UP"-tx-44-"follow-up"-adj-0]|TX|3701/9;3605/9|
00000000|MMI|7.05|Follow-Up Report|C1704685|[inpr]|["Follow-Up"-tx-44-"follow up"-adj-0,"Follow-Up"-tx-44-"follow-up"-adj-0]|TX|3701/9;3605/9|
00000000|MMI|7.05|Follow-up status|C0589120|[fndg]|["Follow-up"-tx-44-"follow up"-adj-0,"Follow-up"-tx-44-"follow-up"-adj-0]|TX|3701/9;3605/9|
00000000|MMI|7.05|follow-up|C1522577|[hlca]|["Follow Up"-tx-44-"follow up"-adj-0,"Follow Up"-tx-44-"follow-up"-adj-0]|TX|3701/9;3605/9|
00000000|MMI|7.03|Antibiotic throat preparations|C3540706|[antb]|["Antibiotics"-tx-24-"antibiotics"-noun-0,"Antibiotics"-tx-20-"antibiotics"-noun-0]|TX|2195/11;1740/11|
00000000|MMI|7.03|Antibiotics FOR TREATMENT OF HEMORRHOIDS AND ANAL FISSURES FOR TOPICAL USE|C3540707|[antb]|["Antibiotics"-tx-24-"antibiotics"-noun-0,"Antibiotics"-tx-20-"antibiotics"-noun-0]|TX|2195/11;1740/11|
00000000|MMI|7.03|Antibiotics for systemic use|C3540704|[antb]|["Antibiotics"-tx-24-"antibiotics"-noun-0,"Antibiotics"-tx-20-"antibiotics"-noun-0]|TX|2195/11;1740/11|
00000000|MMI|7.03|Antibiotics, Gynecological|C3540708|[antb]|["Antibiotics"-tx-24-"antibiotics"-noun-0,"Antibiotics"-tx-20-"antibiotics"-noun-0]|TX|2195/11;1740/11|
00000000|MMI|7.03|Antibiotics, ophthalmologic|C3540710|[antb]|["Antibiotics"-tx-24-"antibiotics"-noun-0,"Antibiotics"-tx-20-"antibiotics"-noun-0]|TX|2195/11;1740/11|
00000000|MMI|7.03|Antifungal Antibiotics, Topical|C3540705|[antb]|["Antibiotics"-tx-24-"antibiotics"-noun-0,"Antibiotics"-tx-20-"antibiotics"-noun-0]|TX|2195/11;1740/11|
00000000|MMI|7.03|antibiotics, intestinal|C3540709|[antb]|["Antibiotics"-tx-24-"antibiotics"-noun-0,"Antibiotics"-tx-20-"antibiotics"-noun-0]|TX|2195/11;1740/11|
00000000|MMI|6.99|Further|C1517331|[spco]|["Further"-tx-13-"Further"-adj-0,"Further"-tx-11-"Further"-adj-0]|TX|998/7;888/7|
00000000|MMI|6.99|Body Fluid Discharge|C0012621|[bdsu]|["Discharge"-tx-45-"DISCHARGE"-noun-0,"Discharge"-tx-31-"discharge"-noun-0]|TX|3754/9;2768/9|
00000000|MMI|6.99|Discharge, body substance|C2926602|[bdsu]|["Discharge"-tx-45-"DISCHARGE"-noun-0,"Discharge"-tx-31-"discharge"-noun-0]|TX|3754/9;2768/9|
00000000|MMI|6.92|Tablet Dosing Unit|C1705223|[qnco]|["TABLET"-tx-41-"tablet"-noun-0,"TABLET"-tx-40-"tablet"-noun-0]|TX|3364/6;3261/6|
00000000|MMI|5.18|Apyrexial|C0277797|[fndg]|["Afebrile"-tx-10-"afebrile"-adj-0]|TX|828/8|
00000000|MMI|5.18|Basal Diet|C2983588|[food]|["DIET"-tx-7-"diet"-noun-0]|TX|596/4|
00000000|MMI|5.18|Blood pressure finding|C1271104|[fndg]|["Blood Pressure"-tx-34-"blood pressure"-noun-0]|TX|2909/14|
00000000|MMI|5.18|CDISC SDTM Discharge Disposition Terminology|C3541348|[inpr]|["Discharge Disposition"-tx-46-"DISCHARGE DISPOSITION"-noun-0]|TX|3784/21|
00000000|MMI|5.18|Cardiac surgery service|C0587672|[hcro]|["Cardiac surgery service"-tx-1-"Cardiac Surgery Service"-noun-0]|TX|75/23|
00000000|MMI|5.18|Complete|C0205197|[qlco]|["COMPLETE"-tx-24-"complete"-verb-0]|TX|2172/8|
00000000|MMI|5.18|Data operation - complete|C3853530|[ftcn]|["complete"-tx-24-"complete"-verb-0]|TX|2172/8|
00000000|MMI|5.18|Diet (animal life circumstance)|C3668949|[food]|["Diet"-tx-7-"diet"-noun-0]|TX|596/4|
00000000|MMI|5.18|Discharge date|C2361123|[tmco]|["Discharge date"-tx-1-"Discharge Date"-noun-0]|TX|0/14|
00000000|MMI|5.18|Discharge date:Time Stamp -- Date and Time:Point in time:^Patient:Quantitative|C2361122|[clna]|["Discharge date"-tx-1-"Discharge Date"-noun-0]|TX|0/14|
00000000|MMI|5.18|Discharge disposition:Type:Pt:^Patient:Nom|C4019243|[clna]|["Discharge disposition"-tx-46-"DISCHARGE DISPOSITION"-noun-0]|TX|3784/21|
00000000|MMI|5.18|Discharge instructions:Find:Pt:{Setting}:Doc:{Provider}|C3669312|[clna]|["Discharge instructions"-tx-44-"DISCHARGE INSTRUCTIONS"-noun-0]|TX|3564/22|
00000000|MMI|5.18|Follow|C1719822|[inpr]|["Follow"-tx-28-"follow"-verb-0]|TX|2513/6|
00000000|MMI|5.18|Followed by|C0332283|[tmco]|["follow"-tx-28-"follow"-verb-0]|TX|2513/6|
00000000|MMI|5.18|Greater|C1704243|[qnco]|["Great"-tx-33-"great"-adj-0]|TX|2850/5|
00000000|MMI|5.18|Importance Weight|C1705104|[idcn]|["Weight"-tx-36-"weight"-noun-0]|TX|2975/6|
00000000|MMI|5.18|Increase|C0442805|[ftcn]|["Increased"-tx-19-"increased"-verb-0]|TX|1693/9|
00000000|MMI|5.18|Increased|C0205217|[qnco]|["Increased"-tx-19-"increased"-verb-0]|TX|1693/9|
00000000|MMI|5.18|Issue (document)|C1706387|[inpr]|["Issue"-tx-27-"issue"-noun-0]|TX|2347/5|
00000000|MMI|5.18|Large|C0549177|[qnco]|["Great"-tx-33-"great"-adj-0]|TX|2850/5|
00000000|MMI|5.18|MTR wt Allele|C3539704|[gngm]|["MS"-tx-32-"Ms"-noun-0]|TX|2829/2|
00000000|MMI|5.18|Make - Instruction Imperative|C1881534|[ftcn]|["Make"-tx-44-"make"-verb-0]|TX|3600/4|
00000000|MMI|5.18|Maybe|C3844350|[fndg]|["Maybe"-tx-24-"maybe"-adv-0]|TX|2073/5|
00000000|MMI|5.18|Medication.discharge|C0806915|[fndg]|["Discharge medications"-tx-37-"DISCHARGE MEDICATIONS"-noun-0]|TX|3004/21|
00000000|MMI|5.18|Medications:-:Point in time:^Patient:-|C2598133|[clna]|["Medications"-tx-18-"medications"-noun-0]|TX|1567/11|
00000000|MMI|5.18|Medications:Presence or Identity:Duration of the study:^Patient:Nominal|C0802604|[clna]|["Medications"-tx-18-"medications"-noun-0]|TX|1567/11|
00000000|MMI|5.18|Mitral regurgitation, mild|C3551535|[fndg]|["Mitral regurgitation, mild"-tx-14-"mild mitral regurgitation"-noun-0]|TX|1145/25|
00000000|MMI|5.18|Ms. - Title|C2349943|[cnce]|["Ms."-tx-32-"Ms"-noun-0]|TX|2829/2|
00000000|MMI|5.18|Only - dosing instruction fragment|C1720467|[inpr]|["Only"-tx-27-"Only"-adv-0]|TX|2336/4|
00000000|MMI|5.18|Patient Condition Code - Stable|C1547311|[inpr]|["Stable"-tx-45-"Stable"-adj-0]|TX|3775/6|
00000000|MMI|5.18|Pharmaceutical Preparations|C0013227|[phsu]|["Medications"-tx-18-"medications"-noun-0]|TX|1567/11|D26
00000000|MMI|5.18|Present|C0150312|[qnco]|["Found"-tx-31-"found"-verb-0]|TX|2749/5|
00000000|MMI|5.18|Problem|C0033213|[fndg]|["Issue"-tx-27-"issue"-noun-0]|TX|2347/5|
00000000|MMI|5.18|Recommendation|C0034866|[idcn]|["Recommended"-tx-27-"recommended"-verb-0]|TX|2411/11|
00000000|MMI|5.18|Revealed|C0443289|[qlco]|["Revealed"-tx-14-"revealed"-verb-0]|TX|1106/8|
00000000|MMI|5.18|Singular|C0205171|[qnco]|["Only"-tx-27-"Only"-adv-0]|TX|2336/4|
00000000|MMI|5.18|Special Diet Therapy|C1519433|[topp]|["DIET"-tx-7-"diet"-noun-0]|TX|596/4|
00000000|MMI|5.18|Stable status|C0205360|[qlco]|["STABLE"-tx-45-"Stable"-adj-0]|TX|3775/6|
00000000|MMI|5.18|Started|C1272689|[qlco]|["Started"-tx-17-"started"-verb-0]|TX|1522/7|
00000000|MMI|5.18|Time (foundation metadata concept)|C3541383|[tmco]|["Time"-tx-5-"time"-noun-0]|TX|396/4|
00000000|MMI|5.18|Tuesday|C0585026|[tmco]|["Tuesday"-tx-44-"Tuesday"-noun-0]|TX|3667/7|
00000000|MMI|5.18|Unable|C1299582|[fndg]|["Unable"-tx-21-"unable"-adj-0]|TX|1831/6|
00000000|MMI|5.18|Weighing patient|C1305866|[diap]|["weight"-tx-36-"weight"-noun-0]|TX|2975/6|
00000000|MMI|5.18|Weight|C0043100|[qnco]|["WEIGHT"-tx-36-"weight"-noun-0]|TX|2975/6|
00000000|MMI|5.18|White blood cell count laboratory result|C0427512|[lbtr]|["white blood cell count"-tx-10-"white blood cell count"-noun-0]|TX|845/22|
00000000|MMI|5.18|Withdraw (activity)|C2349954|[acty]|["Withdraw"-tx-21-"withdraw"-verb-0]|TX|1841/8|
00000000|MMI|5.18|best (quality)|C1522427|[qlco]|["Best"-tx-24-"best"-adj-0]|TX|2091/4|
00000000|MMI|5.18|day|C0439228|[tmco]|["DAY"-tx-41-"day"-noun-0]|TX|3388/3|
00000000|MMI|5.18|diabetes mellitus management|C0948092|[topp]|["Diabetes management"-tx-28-"Diabetes management"-noun-0]|TX|2480/19|
00000000|MMI|5.18|disposition of patient discharged to|C1550390|[fndg]|["Discharge Disposition"-tx-46-"DISCHARGE DISPOSITION"-noun-0]|TX|3784/21|
00000000|MMI|5.18|hospital discharge instructions (treatment)|C2266673|[hlca]|["Discharge instructions"-tx-44-"DISCHARGE INSTRUCTIONS"-noun-0]|TX|3564/22|
00000000|MMI|5.18|per day|C0439505|[tmco]|["/day"-tx-41-"day"-noun-0]|TX|3388/3|
00000000|MMI|4.12|echocardiogram result|C0743380|[diap]|["echocardiogram result"-tx-14-"Echocardiogram results"-noun-0]|TX|1083/22|
00000000|MMI|3.98|Personal appearance|C0233426|[orga]|["look"-tx-33-"looked"-verb-0]|TX|2843/6|
00000000|MMI|3.98|Show|C1547282|[anim]|["Show"-tx-15-"showed"-verb-0]|TX|1352/6|
00000000|MMI|3.98|suggestion|C1705535|[idcn]|["Suggest"-tx-24-"suggested"-verb-0]|TX|2058/9|
00000000|MMI|3.75|6+11|C3845262|[fndg]|["6+11"-tx-44-"6/11"-fraction-0]|TX|3677/4|
00000000|MMI|3.75|Pericardial effusion body substance|C1253937|[bdsu]|["Pericardial effusion"-tx-14-"pericardial effusion"-noun-0]|TX|1227/20|
00000000|MMI|3.73|Transfer to stepdown unit|C3165163|[hlca]|["Transfer to stepdown unit"-tx-5-"transferred to Step-Down Unit"-noun-0]|TX|419/14,438/14|
00000000|MMI|3.68|80%|C3842583|[fndg]|["80%"-tx-34-"80"-fraction-0]|TX|2932/2|
00000000|MMI|3.68|At|C1516077|[spco]|["At"-tx-27-"at"-adj-0]|TX|2470/2|
00000000|MMI|3.68|Condition|C0348080|[qlco]|["Condition"-tx-45-"CONDITION"-noun-0]|TX|3764/9|
00000000|MMI|3.68|Condition:Find:Pt:^Patient:Nom|C3864998|[clna]|["Condition"-tx-45-"CONDITION"-noun-0]|TX|3764/9|
00000000|MMI|3.68|Count of entities|C0449788|[qnco]|["Number"-tx-4-"number"-noun-0]|TX|252/6|
00000000|MMI|3.68|Document type|C1547673|[inpr]|["Document"-tx-47-"document"-noun-0]|TX|3839/8|
00000000|MMI|3.68|Documents|C1301746|[inpr]|["document"-tx-47-"document"-noun-0]|TX|3839/8|
00000000|MMI|3.68|GATM wt Allele|C4049625|[gngm]|["AT"-tx-27-"at"-adj-0]|TX|2470/2|
00000000|MMI|3.68|Hypertensive (finding)|C0857121|[fndg]|["hypertensive"-tx-19-"hypertensive"-adj-0]|TX|1671/12|
00000000|MMI|3.68|Logical Condition|C1705253|[cnce]|["Condition"-tx-45-"CONDITION"-noun-0]|TX|3764/9|
00000000|MMI|3.68|Numbers|C0237753|[qnco]|["*Number"-tx-4-"number"-noun-0]|TX|252/6|
00000000|MMI|3.68|Prednisone 20 MG|C0989247|[clnd]|["Prednisone 20 MG"-tx-40-"prednisone 20 mg"-noun-0]|TX|3199/16|
00000000|MMI|3.68|Sinus - general anatomical term|C1305231|[bsoj]|["SINUS"-tx-34-"sinus"-noun-0]|TX|2901/5|
00000000|MMI|3.68|Solid|C0205208|[qlco]|["solids"-tx-17-"solids"-noun-0]|TX|1538/6|
00000000|MMI|3.68|solid substance|C0302909|[sbst]|["solids"-tx-17-"solids"-noun-0]|TX|1538/6|
00000000|MMI|3.66|Magnesium Oxide 420 MG|C1128796|[clnd]|["Magnesium Oxide 420 MG"-tx-42-"magnesium oxide 420 mg"-noun-0]|TX|3514/22|
00000000|MMI|3.64|As Needed|C1883728|[qlco]|["As Needed"-tx-40-"as needed"-adj-0]|TX|3178/9|
00000000|MMI|3.64|PRN (schedule frequency)|C1879745|[tmco]|["As needed"-tx-40-"as needed"-adj-0]|TX|3178/9|
00000000|MMI|3.63|23|C0450348|[qnco]|["23"-tx-10-"23"-fraction-0]|TX|766/2|
00000000|MMI|3.63|Pressure (finding)|C0460139|[fndg]|["pressures"-tx-29-"pressures"-noun-0]|TX|2700/9|
00000000|MMI|3.62|Furosemide 80 MG|C0992359|[clnd]|["Furosemide 80 MG"-tx-37-"Lasix 80 mg"-noun-0]|TX|3066/11|
00000000|MMI|3.61|Persons|C0027361|[popg]|["People"-tx-24-"people"-noun-0]|TX|2046/6|M01
00000000|MMI|3.61|Traumatic AND/OR non-traumatic injury|C3263722|[inpo]|["Injury"-tx-15-"injury"-noun-0]|TX|1382/6|
00000000|MMI|3.61|Traumatic injury|C3263723|[inpo]|["INJURY"-tx-15-"injury"-noun-0]|TX|1382/6|
00000000|MMI|3.61|Fraction of|C1264633|[qnco]|["Fraction of"-tx-14-"fraction of"-noun-0]|TX|1127/11|
00000000|MMI|3.61|Room air|C3846005|[fndg]|["Room air"-tx-35-"room air"-noun-0]|TX|2960/8|
00000000|MMI|3.60|Multivitamins with minerals|C0721844|[phsu,vita]|["MULTIVITAMINS WITH MINERALS"-tx-40-"multivitamins with minerals"-noun-0]|TX|3229/27|
00000000|MMI|3.60|Celexa|C0719199|[orch,phsu]|["Celexa"-tx-42-"Celexa"-noun-0]|TX|3425/6|
00000000|MMI|3.60|Titrate|C1883350|[hlca]|["Titrate"-tx-6-"titrating"-noun-0]|TX|502/9|
00000000|MMI|3.60|trend|C1521798|[tmco]|["Trend"-tx-10-"trending"-verb-0]|TX|872/8|
00000000|MMI|3.60|Blood culture positive for microorganism|C0740299|[lbtr]|["Positive Blood Culture"-tx-9-"positive blood cultures"-noun-0]|TX|696/23|
00000000|MMI|3.60|Discharge time|C3864299|[tmco]|["Discharge time"-tx-32-"time discharge"-noun-0]|TX|2809/4,2817/9|
00000000|MMI|3.60|Discharge time:ClockTime:Pt:^Patient:Qn|C3864300|[clna]|["Discharge time"-tx-32-"time discharge"-noun-0]|TX|2809/4,2817/9|
00000000|MMI|3.59|/40|C0439509|[tmco]|["/40"-tx-37-"40"-integer-0]|TX|3094/2|
00000000|MMI|3.59|40%|C3842587|[qnco]|["40%"-tx-37-"40"-integer-0]|TX|3094/2|
00000000|MMI|3.59|% release (qualifier value)|C0439180|[qnco]|["% release"-tx-40-"release"-adj-0]|TX|3296/7|
00000000|MMI|3.59|100%|C3817553|[qnco]|["100%"-tx-40-"100"-integer-0]|TX|3331/3|
00000000|MMI|3.59|Cellcept|C0592558|[orch,phsu]|["CellCept"-tx-41-"CellCept"-noun-0]|TX|3394/8|
00000000|MMI|3.59|Discharge (release)|C0680255|[hlca]|["release"-tx-40-"release"-adj-0]|TX|3296/7|
00000000|MMI|3.59|Fill|C1708059|[acty]|["Fill"-tx-29-"filling"-noun-0]|TX|2692/7|
00000000|MMI|3.59|Potassium Drug Class|C3714637|[phsu]|["POTASSIUM"-tx-40-"potassium"-noun-0]|TX|3281/9|
00000000|MMI|3.59|Potassium Ion|C0597277|[elii,phsu]|["Potassium"-tx-40-"potassium"-noun-0]|TX|3281/9|
00000000|MMI|3.59|Potassium measurement|C0202194|[lbpr]|["Potassium+"-tx-40-"potassium"-noun-0]|TX|3281/9|
00000000|MMI|3.59|Potassium supplement|C0304475|[inch,phsu]|["POTASSIUM"-tx-40-"potassium"-noun-0]|TX|3281/9|
00000000|MMI|3.59|Release (procedure)|C1963578|[topp]|["Release"-tx-40-"release"-adj-0]|TX|3296/7|
00000000|MMI|3.59|Release - action (qualifier value)|C1283071|[ftcn]|["Release"-tx-40-"release"-adj-0]|TX|3296/7|
00000000|MMI|3.59|Released (action)|C0391871|[ftcn]|["Release"-tx-40-"release"-adj-0]|TX|3296/7|
00000000|MMI|3.59|Slow|C0439834|[qlco]|["Slow"-tx-40-"slow"-adj-0]|TX|3291/4|
00000000|MMI|3.59|mEq|C0439152|[qnco]|["mEq"-tx-40-"mEq"-noun-0]|TX|3307/3|
00000000|MMI|3.59|Amenable|C3900053|[qlco]|["Suitable"-tx-31-"suitable"-adj-0]|TX|2755/8|
00000000|MMI|3.59|Cultural aspects|C0220814|[ftcn]|["culture"-tx-12-"culture"-noun-0]|TX|988/7|
00000000|MMI|3.59|Delayed Release Dosage Form|C1707664|[bodm]|["DR"-tx-2-"Dr"-noun-0]|TX|213/2|
00000000|MMI|3.59|Device to Subject Relationship Domain|C3540849|[inpr]|["DR"-tx-2-"Dr"-noun-0]|TX|213/2|
00000000|MMI|3.59|Doctor - Title|C2348314|[cnce]|["Dr."-tx-2-"Dr"-noun-0]|TX|213/2|
00000000|MMI|3.59|Except for|C0332300|[ftcn]|["Except for"-tx-23-"except for"-prep-0]|TX|1987/10|
00000000|MMI|3.59|Good|C0205170|[qlco]|["Well"-tx-28-"well"-adj-0]|TX|2568/4|
00000000|MMI|3.59|Hospital course|C0489547|[fndg]|["Hospital course"-tx-5-"hospital course"-noun-0]|TX|348/15|
00000000|MMI|3.59|Hospital course:Finding:Point in time:^Patient:Narrative|C0488549|[clna]|["Hospital course"-tx-5-"hospital course"-noun-0]|TX|348/15|
00000000|MMI|3.59|Laboratory culture|C0430400|[lbpr]|["Culture"-tx-12-"culture"-noun-0]|TX|988/7|
00000000|MMI|3.59|Microbial culture (procedure)|C2242979|[lbpr]|["Culture"-tx-12-"culture"-noun-0]|TX|988/7|
00000000|MMI|3.59|Physicians - Ophthalmology|C1555792|[prog]|["Ophthalmology"-tx-27-"Ophthalmology"-noun-0]|TX|2386/13|
00000000|MMI|3.59|Preop - Extended Priority Codes|C1547580|[inpr]|["Preop"-tx-36-"preop"-adj-0]|TX|2996/5|
00000000|MMI|3.59|Well|C3146287|[mnob]|["Well"-tx-28-"well"-adj-0]|TX|2568/4|
00000000|MMI|3.59|preop|C1555329|[tmco]|["preop"-tx-36-"preop"-adj-0]|TX|2996/5|
00000000|MMI|3.58|Biopsy of heart|C0189784|[diap]|["Cardiac Biopsy"-tx-15-"cardiac biopsy"-noun-0]|TX|1319/14|
00000000|MMI|3.58|Discharge summarization note:Finding:Point in time:{Setting}:Document:{Provider}|C0801840|[clna]|["Discharge summary"-tx-2-"discharge summary"-noun-0]|TX|173/17|
00000000|MMI|3.58|Discharge summary|C0743221|[inpr]|["Discharge summary"-tx-2-"discharge summary"-noun-0]|TX|173/17|
00000000|MMI|3.57|Morning|C0332170|[tmco]|["Morning"-tx-22-"morning"-noun-0]|TX|1889/7|
00000000|MMI|3.57|Return to (contextual qualifier) (qualifier value)|C0332156|[qlco]|["Return"-tx-22-"return"-verb-0]|TX|1875/6|
00000000|MMI|3.56|Discontinued|C1444662|[fndg]|["Discontinued"-tx-12-"discontinued"-verb-0]|TX|944/12|
00000000|MMI|3.56|Ejection as a Circumstance of Injury|C0302131|[phpr]|["Ejection"-tx-14-"ejection"-noun-0]|TX|1118/8|
00000000|MMI|3.56|Ejection as a Sports activity|C0336969|[dora]|["Ejection"-tx-14-"ejection"-noun-0]|TX|1118/8|
00000000|MMI|3.56|Ejection time|C0812388|[orga]|["ejection"-tx-14-"ejection"-noun-0]|TX|1118/8|
00000000|MMI|3.56|Evidence|C3887511|[idcn]|["Evidence"-tx-14-"evidence"-noun-0]|TX|1258/8|
00000000|MMI|3.56|mg/mg|C1319635|[qnco]|["mg/mg"-tx-39-"mg mg"-noun-0]|TX|3154/2,3163/2|
00000000|MMI|3.55|Cephalic|C0205096|[spco]|["Cephalic"-tx-23-"cephalic"-adj-0]|TX|2010/8|
00000000|MMI|3.55|Deferred|C0205421|[tmco]|["Defer"-tx-2-"defer"-verb-0]|TX|153/5|
00000000|MMI|3.54|Restart|C1514902|[qlco]|["Restart"-tx-8-"restarted"-verb-0]|TX|643/9|
00000000|MMI|3.53|Finish - dosing instruction imperative|C1706059|[ftcn]|["Finish"-tx-26-"finished"-verb-0]|TX|2312/8|
00000000|MMI|3.53|Place|C0442504|[spco]|["Place"-tx-21-"placed"-verb-0]|TX|1791/6|
00000000|MMI|3.53|Place - dosing instruction imperative|C1704765|[ftcn]|["Place"-tx-21-"placed"-verb-0]|TX|1791/6|
00000000|MMI|3.53|SLC1A4 gene|C1420122|[gngm]|["SATT"-tx-35-"satting"-noun-0]|TX|2945/7|
00000000|MMI|3.53|SLC1A4 wt Allele|C3542433|[gngm]|["SATT"-tx-35-"satting"-noun-0]|TX|2945/7|
00000000|MMI|3.53|put - instruction imperative|C1882509|[acty]|["Place"-tx-21-"placed"-verb-0]|TX|1791/6|
00000000|MMI|3.52|Mild to moderate|C1299392|[qlco]|["Mild to moderate"-tx-14-"mild-to-moderate"-adj-0]|TX|1173/16|
00000000|MMI|3.52|Biomedical Monitors|C0181904|[medd]|["Monitor"-tx-18-"monitored"-verb-0]|TX|1595/9|
00000000|MMI|3.52|Monitor Device Component|C1704646|[mnob]|["Monitor"-tx-18-"monitored"-verb-0]|TX|1595/9|
00000000|MMI|3.52|Monitor, occupation|C1521743|[prog]|["Monitor"-tx-18-"monitored"-verb-0]|TX|1595/9|
00000000|MMI|3.52|Monitoring Device|C0596972|[medd]|["Monitor"-tx-18-"monitored"-verb-0]|TX|1595/9|
00000000|MMI|3.52|Preventive monitoring|C0150369|[hlca]|["monitor"-tx-18-"monitored"-verb-0]|TX|1595/9|
00000000|MMI|3.50|Confirmation|C0750484|[idcn]|["Confirmation"-tx-4-"Confirmation"-noun-0]|TX|239/12|
00000000|MMI|3.50|Confirmation of|C0521091|[qlco]|["confirmation"-tx-4-"Confirmation"-noun-0]|TX|239/12|
00000000|MMI|3.50|Gait normal|C0231683|[fndg]|["Normal"-tx-29-"normal"-adj-0]|TX|2670/6|
00000000|MMI|3.50|IFITM1 gene|C1334078|[gngm]|["9-27"-tx-1-"9/27"-fraction-0]|TX|16/4|
00000000|MMI|3.50|IFITM1 protein, human|C1312248|[aapp,bacs]|["9-27"-tx-1-"9/27"-fraction-0]|TX|16/4|
00000000|MMI|3.50|IFITM1 wt Allele|C1705676|[gngm]|["9-27"-tx-1-"9/27"-fraction-0]|TX|16/4|
00000000|MMI|3.50|Intravascular line|C0700221|[medd]|["Line"-tx-13-"line"-noun-0]|TX|1043/4|
00000000|MMI|3.50|Line Specimen|C1550648|[sbst]|["Line"-tx-13-"line"-noun-0]|TX|1043/4|
00000000|MMI|3.50|Line Unit of Length|C1552960|[qnco]|["Line"-tx-13-"line"-noun-0]|TX|1043/4|
00000000|MMI|3.50|Linear|C0205132|[spco]|["Line"-tx-13-"line"-noun-0]|TX|1043/4|
00000000|MMI|3.50|Mean Percent of Normal|C2347086|[qnco]|["% Normal"-tx-29-"normal"-adj-0]|TX|2670/6|
00000000|MMI|3.50|Normal|C0205307|[qlco]|["NORMAL"-tx-29-"normal"-adj-0]|TX|2670/6|
00000000|MMI|3.50|Percent normal|C0439166|[qnco]|["% normal"-tx-29-"normal"-adj-0]|TX|2670/6|
00000000|MMI|3.50|Reading (datum presentation)|C1705179|[fndg]|["Reading"-tx-27-"reading"-adj-0]|TX|2442/7|
00000000|MMI|3.50|Regular|C0205272|[qlco]|["Regular"-tx-17-"regular"-adj-0]|TX|1530/7|
00000000|MMI|3.50|Slight (qualifier value)|C2937276|[qlco]|["Slightly"-tx-19-"slightly"-adv-0]|TX|1662/8|
00000000|MMI|3.50|Slightly (qualifier value)|C0750482|[qlco]|["Slightly"-tx-19-"slightly"-adv-0]|TX|1662/8|
00000000|MMI|3.50|Permeable|C0205326|[ftcn]|["Permeable"-tx-2-"pervious"-adj-0]|TX|164/8|
00000000|MMI|3.48|Borg Category-Ratio 10 Perceived Exertion Score 3|C4049706|[inpr]|["Moderate"-tx-14-"moderate"-adj-0]|TX|1218/8|
00000000|MMI|3.48|Moderate (severity modifier)|C0205081|[qlco]|["Moderate"-tx-14-"moderate"-adj-0]|TX|1218/8|
00000000|MMI|3.48|Moderate Extremity Pain|C4049705|[inpr]|["Moderate"-tx-14-"moderate"-adj-0]|TX|1218/8|
00000000|MMI|3.48|Moderation|C1881878|[qlco]|["MODERATE"-tx-14-"moderate"-adj-0]|TX|1218/8|
00000000|MMI|3.48|Right|C0205090|[spco]|["RIGHT"-tx-29-"right"-adj-0]|TX|2686/5|
00000000|MMI|3.48|Right sided|C0444532|[spco]|["Right"-tx-29-"right"-adj-0]|TX|2686/5|
00000000|MMI|3.47|Focal|C0205234|[spco]|["FOCAL"-tx-15-"focal"-adj-0]|TX|1359/5|
00000000|MMI|3.47|Healed|C0205249|[ftcn]|["Healing"-tx-15-"healing"-noun-0]|TX|1365/7|
00000000|MMI|3.47|Ischemic|C0475224|[ftcn]|["Ischemic"-tx-15-"ischemic"-adj-0]|TX|1373/8|
00000000|MMI|3.47|Repeat|C0205341|[ftcn]|["Repeat"-tx-25-"repeat"-noun-0]|TX|2238/6|
00000000|MMI|3.47|Repeat Object|C1705914|[cnce]|["Repeat"-tx-25-"repeat"-noun-0]|TX|2238/6|
00000000|MMI|3.47|Repeat Pattern|C1547730|[tmco]|["Repeat"-tx-25-"repeat"-noun-0]|TX|2238/6|
00000000|MMI|3.46|Identifier|C0600091|[inpr]|["ID"-tx-47-"ID"-noun-0]|TX|3939/2|
00000000|MMI|3.46|Immune diffusion|C1441613|[lbpr]|["ID"-tx-47-"ID"-noun-0]|TX|3939/2|
00000000|MMI|3.45|Blood Clot|C0302148|[bdsu]|["Clot"-tx-23-"clot"-noun-0]|TX|1980/4|
00000000|MMI|3.45|Ophthalmology clinic|C3838844|[hcro,mnob]|["Ophthalmology clinic"-tx-44-"Ophthalmology Clinic"-noun-0]|TX|3716/20|
00000000|MMI|3.44|Pain NOS Adverse Event|C1962977|[fndg]|["Pain NOS"-tx-40-"pain"-noun-0]|TX|3192/4|
00000000|MMI|3.43|55|C0450382|[inpr]|["55"-tx-14-"55"-percentage-0]|TX|1139/2|
00000000|MMI|3.43|Bottle, device|C0179376|[mnob]|["bottles"-tx-10-"bott