00000000|MMI|7.02|1990s|C0681758|[tmco]|["1990s"-tx-1-"1990"-integer-0]|TX|[46/4],[123/4]|
00000000|MMI|3.65|Report status|C0586177|[fndg]|["Report status"-tx-1-"Report Status"-noun-0]|TX|128/13|
00000000|MMI|3.64|10 - 12|C3843787|[fndg]|["10 - 12"-tx-1-"10 12"-fraction-0]|TX|40/2,51/2|
00000000|MMI|3.63|Admission date:Time Stamp -- Date and Time:Point in time:^Patient:Quantitative|C2598112|[clna]|["Admission date"-tx-1-"Admission Date"-noun-0]|TX|102/14|
00000000|MMI|3.63|Date of admission|C1302393|[tmco]|["Admission date"-tx-1-"Admission Date"-noun-0]|TX|102/14|
00000000|MMI|3.59|Pyrexia of unknown origin (excl puerperal)|C0856281|[sosy]|["puo"-tx-1-"PUO"-noun-0]|TX|12/3|
00000000|MMI|3.49|One Thousand|C1883310|[qnco]|["10^3"-tx-1-"10/3"-fraction-0]|TX|118/4|
00000000|MMI|3.49|Per Thousand|C4050554|[qnco]|["/10^3"-tx-1-"10/3"-fraction-0]|TX|118/4|
00000000|MMI|3.48|Discharge summarization note:Finding:Point in time:{Setting}:Document:{Provider}|C0801840|[clna]|["Discharge summary"-tx-1-"Discharge Summary"-noun-0]|TX|65/17|
00000000|MMI|3.48|Discharge summary|C0743221|[inpr]|["Discharge summary"-tx-1-"Discharge Summary"-noun-0]|TX|65/17|
00000000|MMI|3.46|Diagnostic interview schedule|C0451119|[inpr]|["DIS"-tx-1-"DIS"-noun-0]|TX|96/3|
00000000|MMI|3.46|Discontinued|C1444662|[fndg]|["DIS"-tx-1-"DIS"-noun-0]|TX|96/3|
00000000|MMI|73.47|Angina, Unstable|C0002965|[dsyn]|["Angina, Unstable"-tx-7-"unstable angina"-noun-0,"Angina, Unstable"-tx-6-"unstable angina"-noun-0,"Angina, Unstable"-tx-3-"unstable angina"-noun-0]|TX|737/15;695/15;299/15|C10.597.617.192.500.150;C14.280.647.187.150;C14.907.585.187.150;C23.888.592.612.233.500.150
00000000|MMI|58.03|Procainamide|C0033216|[orch,phsu]|["PROCAINAMIDE"-tx-12-"Procainamide"-noun-0]|TX|[1710/12],[1758/12]|D02.065.277.650;D02.241.223.100.050.500.875;D02.241.223.100.100.650;D02.455.426.559.389.127.020.937.875;D02.455.426.559.389.127.085.650
00000000|MMI|35.81|Coronary Arteriosclerosis|C0010054|[dsyn]|["coronary artery disease"-tx-7-"coronary artery disease"-noun-0,"coronary artery disease"-tx-1-"CORONARY ARTERY DISEASE"-noun-0]|TX|844/23;48/23|C14.280.647.250.260;C14.907.137.126.339;C14.907.585.250.260
00000000|MMI|35.81|Coronary Artery Disease|C1956346|[dsyn]|["CORONARY ARTERY DISEASE"-tx-7-"coronary artery disease"-noun-0,"CORONARY ARTERY DISEASE"-tx-1-"CORONARY ARTERY DISEASE"-noun-0]|TX|844/23;48/23|C14.280.647.250.260;C14.907.137.126.339;C14.907.585.250.260
00000000|MMI|32.74|Coronary Artery Bypass Surgery|C0010055|[topp]|["Coronary Artery Bypass Graft Surgery"-tx-9-"coronary artery bypass grafting surgery"-noun-0,"Coronary Artery Bypass Grafting"-tx-2-"CORONARY ARTERY BYPASS GRAFTING"-noun-0]|TX|1153/39;86/31|E04.100.376.719.332;E04.100.814.868.750;E04.928.220.520.220
00000000|MMI|32.70|Cardiac Catheterization Procedures|C0018795|[hlca]|["Cardiac catheterisation"-tx-7-"cardiac catheterization"-noun-0,"Cardiac catheterisation"-tx-3-"cardiac catheterization"-noun-0]|TX|799/23;271/23|E01.370.370.380.140;E02.148.442;E05.157.250
00000000|MMI|30.42|Aspirin|C0004057|[orch,phsu]|["ASPIRIN"-tx-13-"aspirin"-noun-0]|TX|1829/7|D02.455.426.559.389.657.410.595.176
00000000|MMI|29.46|Coronary heart disease|C0010068|[dsyn]|["Coronary (artery) disease"-tx-7-"coronary artery disease"-noun-0,"Coronary (artery) disease"-tx-1-"CORONARY ARTERY DISEASE"-noun-0]|TX|844/23;48/23|C14.280.647.250;C14.907.585.250
00000000|MMI|22.68|risk factors|C0035648|[qnco]|["Risk Factors"-tx-4-"risk factors"-noun-0]|TX|329/12|E05.318.740.600.800.725;N05.715.350.200.700;N05.715.360.750.625.700.700;N06.850.490.625.750;N06.850.520.830.600.800.725
00000000|MMI|20.95|Hypercholesterolemia|C0020443|[dsyn]|["HYPERCHOLESTEROLEMIA"-tx-4-"hypercholesterolemia"-noun-0]|TX|382/20|C18.452.584.500.500.396
00000000|MMI|19.84|Universities|C0041740|[mnob,orgt]|["University"-tx-6-"University"-noun-0,"University"-tx-3-"University"-noun-0]|TX|677/10;174/10|I02.783.830
00000000|MMI|19.36|Isordil|C0590720|[orch,phsu]|["Isordil"-tx-5-"Isordil"-noun-0]|TX|552/7|D02.033.800.813.480.500;D09.853.813.480.500
00000000|MMI|19.33|Patient Discharge|C0030685|[hlca]|["Discharged"-tx-12-"discharged"-verb-0]|TX|1734/10|E02.204.125;E02.760.400.610;N02.421.192.125;N02.421.585.400.610;N04.590.233.727.210.125
00000000|MMI|18.30|90%|C3842582|[fndg]|["90%"-tx-18-"90"-integer-0,"90%"-tx-12-"90"-integer-0,"90%"-tx-9-"90"-integer-0,"90%"-tx-7-"90"-integer-0]|TX|[1986/2],[2026/2];1752/2;1219/2;792/2|
00000000|MMI|18.30|<90|C0439087|[qnco]|["<90"-tx-18-"90"-integer-0,"<90"-tx-12-"90"-integer-0,"<90"-tx-9-"90"-integer-0,"<90"-tx-7-"90"-integer-0]|TX|[1986/2],[2026/2];1752/2;1219/2;792/2|
00000000|MMI|18.30|>90|C0439083|[qnco]|[">90"-tx-18-"90"-integer-0,">90"-tx-12-"90"-integer-0,">90"-tx-9-"90"-integer-0,">90"-tx-7-"90"-integer-0]|TX|[1986/2],[2026/2];1752/2;1219/2;792/2|
00000000|MMI|17.80|Diabetes Mellitus, Non-Insulin-Dependent|C0011860|[dsyn]|["ADULT ONSET DIABETES MELLITUS"-tx-4-"adult-onset diabetes mellitus"-noun-0]|TX|350/29|C18.452.394.750.149;C19.246.300
00000000|MMI|17.80|Togo|C0040363|[geoa]|["TO"-tx-9-"to"-adv-0]|TX|1125/2|Z01.058.290.190.800
00000000|MMI|17.80|Tryptophanase|C0041260|[aapp,enzy]|["TO"-tx-9-"to"-adv-0]|TX|1125/2|D08.811.520.224.800
00000000|MMI|16.25|Postoperative Period|C0032790|[tmco]|["Postoperative"-tx-11-"postoperative"-noun-0]|TX|1452/13|E04.614.750;N02.421.585.753.750
00000000|MMI|16.07|Dominican Republic|C0013014|[geoa]|["DR"-tx-14-"Dr"-noun-0]|TX|1866/2|Z01.107.084.900.300;Z01.639.880.300
00000000|MMI|16.05|Dizziness|C0012833|[sosy]|["Lightheadedness"-tx-11-"lightheadedness"-noun-0]|TX|1622/15|C10.597.751.237;C23.888.592.763.237
00000000|MMI|16.05|Lightheadedness|C0220870|[sosy]|["LIGHTHEADEDNESS"-tx-11-"lightheadedness"-noun-0]|TX|1622/15|C10.597.751.237;C23.888.592.763.237
00000000|MMI|13.02|Atrial Fibrillation|C0004238|[dsyn]|["ATRIAL FIBRILLATION"-tx-11-"atrial fibrillation"-noun-0]|TX|1541/19|C14.280.067.198;C23.550.073.198
00000000|MMI|13.01|Dental Occlusion|C0011382|[ortf]|["Occlusion"-tx-8-"occlusion"-noun-0]|TX|981/9|E06.276;G10.549.235.202
00000000|MMI|12.92|Caucasoid Race|C0007457|[popg]|["WHITE"-tx-3-"white"-adj-0]|TX|219/5|M01.686.508.400
00000000|MMI|12.91|Cartilage-hair hypoplasia|C0220748|[cgab,dsyn]|["CHH"-tx-16-"CHH"-noun-0]|TX|1897/3|x.x.x.x
00000000|MMI|12.91|Physicians|C0031831|[prog]|["DR"-tx-14-"Dr"-noun-0]|TX|1866/2|M01.526.485.810;N02.360.810
00000000|MMI|12.89|intensive care unit|C0021708|[hcro,mnob]|["ICU"-tx-11-"ICU"-noun-0]|TX|1391/3|N02.278.388.493
00000000|MMI|11.49|Hypertensive disease|C0020538|[dsyn]|["HYPERTENSION"-tx-4-"hypertension"-noun-0]|TX|405/12|C14.907.489
00000000|MMI|10.70|Admission activity|C0809949|[hlca]|["Admitted"-tx-6-"admitted"-verb-0,"Admission"-tx-3-"admission"-noun-0,"Admitted"-tx-3-"admitted"-verb-0]|TX|658/8;188/9;258/8|
00000000|MMI|10.70|Hospital admission|C0184666|[hlca]|["admitted"-tx-6-"admitted"-verb-0,"Admission"-tx-3-"admission"-noun-0,"admitted"-tx-3-"admitted"-verb-0]|TX|658/8;188/9;258/8|
00000000|MMI|10.66|Descending|C0205386|[qlco]|["Descending"-tx-10-"descending"-noun-0,"Descending"-tx-8-"descending"-adj-0,"Descending"-tx-8-"descending"-noun-0]|TX|1338/10;[918/10],[1060/10];[918/10],[1060/10]|
00000000|MMI|10.66|Sequencing - Descending|C1547177|[ftcn]|["Descending"-tx-10-"descending"-noun-0,"Descending"-tx-8-"descending"-adj-0,"Descending"-tx-8-"descending"-noun-0]|TX|1338/10;[918/10],[1060/10];[918/10],[1060/10]|
00000000|MMI|9.92|Ischemia|C0022116|[patf]|["Ischaemia, NOS"-tx-5-"ischemia"-noun-0]|TX|631/8|C23.550.513
00000000|MMI|9.91|Stenosis|C1261287|[patf]|["Stenosis"-tx-8-"stenosis"-noun-0]|TX|929/8|C23.300.287
00000000|MMI|9.72|Mammary gland|C0929301|[bpoc]|["Mammary"-tx-10-"mammary"-noun-0]|TX|1249/7|A01.236.249;A10.336.532
00000000|MMI|8.34|Catheterization|C0007430|[topp]|["Catheterization"-tx-8-"catheterization"-noun-0]|TX|875/15|E02.148;E05.157
00000000|MMI|8.00|Show|C1547282|[anim]|["Show"-tx-8-"showed"-verb-0,"Show"-tx-5-"showed"-verb-0]|TX|891/6;605/6|
00000000|MMI|7.47|Course|C0750729|[tmco]|["Course"-tx-11-"course"-noun-0]|TX|[1377/6],[1485/6]|
00000000|MMI|7.42|Doctor of Medicine|C1512018|[inpr]|["M.D."-tx-18-"M.D"-noun-0,"M.D."-tx-17-"M.D"-noun-0]|TX|2059/3;1969/3|
00000000|MMI|7.28|23|C0450348|[qnco]|["23"-tx-6-"23"-fraction-0,"23"-tx-3-"23"-fraction-0]|TX|648/2;245/2|
00000000|MMI|7.08|80%|C3842583|[fndg]|["80%"-tx-8-"80"-percentage-0]|TX|[953/2],[1029/2]|
00000000|MMI|7.02|Good|C0205170|[qlco]|["Good"-tx-12-"good"-adj-0,"Good"-tx-11-"good"-adj-0]|TX|1692/4;1581/4|
00000000|MMI|6.96|Dorsal|C0205095|[spco]|["POSTERIOR"-tx-10-"posterior"-adj-0,"POSTERIOR"-tx-8-"posterior"-noun-0]|TX|1328/9;1050/9|
00000000|MMI|6.70|Patients|C0030705|[podg]|["*^patient"-tx-9-"patient"-noun-0]|TX|1141/7|M01.643
00000000|MMI|6.63|Heart|C0018787|[bpoc]|["Cardiac"-tx-4-"cardiac"-adj-0]|TX|321/7|A07.541
00000000|MMI|6.57|Breast|C0006141|[bpoc]|["Mammary"-tx-10-"mammary"-noun-0]|TX|1249/7|A01.236
00000000|MMI|5.18|Cardiac index|C0428776|[fndg]|["Cardiac Index"-tx-9-"cardiac index"-noun-0]|TX|1084/13|
00000000|MMI|5.18|Continuous|C0549178|[idcn]|["Continued"-tx-7-"continued"-verb-0]|TX|753/9|
00000000|MMI|5.18|Discharge date|C2361123|[tmco]|["Discharge date"-tx-1-"Discharge Date"-noun-0]|TX|0/14|
00000000|MMI|5.18|Discharge date:Time Stamp -- Date and Time:Point in time:^Patient:Quantitative|C2361122|[clna]|["Discharge date"-tx-1-"Discharge Date"-noun-0]|TX|0/14|
00000000|MMI|5.18|Disposition|C0743223|[idcn]|["Disposition"-tx-12-"DISPOSITION"-noun-0]|TX|1656/11|
00000000|MMI|5.18|Disposition Domain|C1705555|[inpr]|["Disposition"-tx-12-"DISPOSITION"-noun-0]|TX|1656/11|
00000000|MMI|5.18|Exercise-induced angina|C0577698|[sosy]|["Exertional angina"-tx-5-"exertional angina"-noun-0]|TX|521/17|
00000000|MMI|5.18|Family history of coronary arteriosclerosis|C2317524|[fndg]|["Family History of Coronary Artery Disease"-tx-4-"family history of coronary artery disease"-noun-0]|TX|420/41|
00000000|MMI|5.18|First (number)|C0205435|[qnco]|["First"-tx-3-"first"-adv-0]|TX|252/5|
00000000|MMI|5.18|Firstly|C1279901|[qlco]|["First"-tx-3-"first"-adv-0]|TX|252/5|
00000000|MMI|5.18|Further|C1517331|[spco]|["Further"-tx-7-"further"-adv-0]|TX|826/7|
00000000|MMI|5.18|History of present illness|C0262512|[orga]|["HISTORY OF PRESENT ILLNESS"-tx-3-"HISTORY OF PRESENT ILLNESS"-noun-0]|TX|120/26|
00000000|MMI|5.18|History of present illness:Finding:Point in time:^Patient:Nominal:Reported|C0488508|[clna]|["History of present illness"-tx-3-"HISTORY OF PRESENT ILLNESS"-noun-0]|TX|120/26|
00000000|MMI|5.18|Hypercholesterolemia result|C1522133|[fndg]|["Hypercholesterolemia"-tx-4-"hypercholesterolemia"-noun-0]|TX|382/20|
00000000|MMI|5.18|Hypertension Adverse Event|C1963138|[fndg]|["Hypertension"-tx-4-"hypertension"-noun-0]|TX|405/12|
00000000|MMI|5.18|Include (action)|C2700399|[acty]|["Include"-tx-4-"include"-verb-0]|TX|342/7|
00000000|MMI|5.18|Including (qualifier)|C0332257|[ftcn]|["include"-tx-4-"include"-verb-0]|TX|342/7|
00000000|MMI|5.18|Increased sweating|C0700590|[sosy]|["DIAPHORESIS"-tx-11-"diaphoresis"-noun-0]|TX|1642/11|
00000000|MMI|5.18|Positive|C1446409|[qlco]|["ruled"-tx-6-"ruled"-verb-0]|TX|715/5|
00000000|MMI|5.18|Room of building - Study|C0557651|[mnob]|["Study"-tx-7-"study"-verb-0]|TX|834/5|
00000000|MMI|5.18|Schedule (document type)|C0086960|[inpr]|["Schedule"-tx-9-"schedule"-verb-0]|TX|1128/8|
00000000|MMI|5.18|Study|C2603343|[resa]|["Study"-tx-7-"study"-verb-0]|TX|834/5|
00000000|MMI|5.18|To|C1883351|[qlco]|["To"-tx-9-"to"-adv-0]|TX|1125/2|
00000000|MMI|5.18|Uncomplicated|C0443334|[qlco]|["Uncomplicated"-tx-11-"uncomplicated"-adj-0]|TX|1399/13|
00000000|MMI|5.18|include - SetOperator|C1552866|[idcn]|["include"-tx-4-"include"-verb-0]|TX|342/7|
00000000|MMI|5.18|thallium stress test|C1455714|[diap]|["Stress Thallium Test"-tx-5-"stress Thallium test"-noun-0]|TX|578/20|
00000000|MMI|3.98|Old myocardial infarction|C0155668|[dsyn]|["prior Myocardial Infarct"-tx-4-"prior myocardial infarction"-noun-0]|TX|468/27|
00000000|MMI|3.75|Day 2|C3842676|[fndg]|["Day 2"-tx-11-"day 2"-noun-0]|TX|1466/3,1471/1|
00000000|MMI|3.75|risk factors - observation list|C1553898|[inpr]|["risk factors"-tx-4-"risk factors"-noun-0]|TX|329/12|
00000000|MMI|3.72|Treated with|C0332293|[topp]|["Treated with"-tx-5-"treated with"-verb-0]|TX|539/12|
00000000|MMI|3.68|3+ Answer to Question|C3838680|[fndg]|["3+"-tx-9-"3"-real_number-0]|TX|1102/1|
00000000|MMI|3.68|3+ Score|C2827736|[qnco]|["3+"-tx-9-"3"-real_number-0]|TX|1102/1|
00000000|MMI|3.68|3+ Score, WHO|C2981702|[clas]|["3+"-tx-9-"3"-real_number-0]|TX|1102/1|
00000000|MMI|3.68|<3 (qualifier value)|C0439086|[qnco]|["<3"-tx-9-"3"-real_number-0]|TX|1102/1|
00000000|MMI|3.68|Medical center|C0565990|[hcro,mnob]|["Medical centre"-tx-18-"Medical Center"-noun-0]|TX|2087/14|
00000000|MMI|3.68|Military Hospital - Medical Center|C1552471|[hcro,mnob]|["Medical Center"-tx-18-"Medical Center"-noun-0]|TX|2087/14|
00000000|MMI|3.68|Regulatory Report|C3273238|[inpr]|["Report"-tx-18-"Report"-noun-0]|TX|2001/6|
00000000|MMI|3.68|Report (document)|C0684224|[inpr]|["Report"-tx-18-"Report"-noun-0]|TX|2001/6|
00000000|MMI|3.68|Reporting|C0700287|[hlca]|["Report"-tx-18-"Report"-noun-0]|TX|2001/6|
00000000|MMI|3.68|Maintenance of blood pressure|C2371017|[phsf]|["Maintenance of blood pressure"-tx-11-"maintenance of blood pressure"-noun-0]|TX|1566/14,1586/14|
00000000|MMI|3.65|Principal Diagnosis:-:Point in time:^Patient:-|C2598194|[clna]|["Principal Diagnosis"-tx-1-"PRINCIPAL DIAGNOSIS"-noun-0]|TX|27/19|
00000000|MMI|3.65|Principal diagnosis|C0332137|[qlco]|["Principal Diagnosis"-tx-1-"PRINCIPAL DIAGNOSIS"-noun-0]|TX|27/19|
00000000|MMI|3.63|Branch of|C1253959|[bpoc]|["Branch"-tx-10-"branches"-noun-0]|TX|1362/8|
00000000|MMI|3.63|Branch of plant|C2700383|[plnt]|["Branch"-tx-10-"branches"-noun-0]|TX|1362/8|
00000000|MMI|3.63|C-Circle|C3538933|[celc]|["CC"-tx-18-"cc"-noun-0]|TX|2064/2|
00000000|MMI|3.63|Clinical Trial Branch|C2826234|[inpr]|["BRANCH"-tx-10-"branches"-noun-0]|TX|1362/8|
00000000|MMI|3.63|Macromolecular Branch|C1881507|[chvs]|["Branch"-tx-10-"branches"-noun-0]|TX|1362/8|
00000000|MMI|3.63|Right coronary artery occlusion|C1290385|[dsyn]|["Right coronary artery occlusion"-tx-8-"occlusion right coronary artery"-noun-0]|TX|981/9,998/21|
00000000|MMI|3.61|Batch (Response Modality)|C1550176|[inpr]|["Batch"-tx-18-"Batch"-noun-0]|TX|1989/5|
00000000|MMI|3.61|Batch (group)|C1948031|[qnco]|["Batch"-tx-18-"Batch"-noun-0]|TX|1989/5|
00000000|MMI|3.61|Batch Number|C3641829|[inpr]|["BATCH"-tx-18-"Batch"-noun-0]|TX|1989/5|
00000000|MMI|3.60|Stenosis (invertebrate)|C2632116|[euka]|["Stenosis"-tx-8-"stenosis"-noun-0]|TX|929/8|
00000000|MMI|3.60|Stenosis Morphology|C0678234|[qlco]|["Stenosis"-tx-8-"stenosis"-noun-0]|TX|929/8|
00000000|MMI|3.59|Occlusion of artery (disorder)|C0264995|[patf]|["Occlusion of artery"-tx-8-"occlusion of artery"-noun-0]|TX|1033/12,1071/6|
00000000|MMI|3.59|Clinical Study Follow-up|C3274571|[hlca]|["FOLLOW-UP"-tx-14-"Followup"-noun-0]|TX|1852/8|
00000000|MMI|3.59|Daily|C0332173|[tmco]|["/day"-tx-13-"day"-noun-0]|TX|1846/3|
00000000|MMI|3.59|Follow-Up Report|C1704685|[inpr]|["Follow-Up"-tx-14-"Followup"-noun-0]|TX|1852/8|
00000000|MMI|3.59|Follow-up status|C0589120|[fndg]|["Follow-up"-tx-14-"Followup"-noun-0]|TX|1852/8|
00000000|MMI|3.59|Myocardial Infarction ECG Assessment|C3810814|[diap]|["MI"-tx-6-"MI"-noun-0]|TX|729/2|
00000000|MMI|3.59|Out (direction)|C0439787|[spco]|["Out"-tx-6-"out"-adv-0]|TX|721/3|
00000000|MMI|3.59|Removed|C0849355|[qlco]|["Out"-tx-6-"out"-adv-0]|TX|721/3|
00000000|MMI|3.59|day|C0439228|[tmco]|["DAY"-tx-13-"day"-noun-0]|TX|1846/3|
00000000|MMI|3.59|follow-up|C1522577|[hlca]|["Followup"-tx-14-"Followup"-noun-0]|TX|1852/8|
00000000|MMI|3.59|per day|C0439505|[tmco]|["/day"-tx-13-"day"-noun-0]|TX|1846/3|
00000000|MMI|3.58|Anterior descending branch of left coronary artery|C0226032|[bpoc]|["Left anterior descending artery"-tx-10-"left artery anterior descending"-noun-0]|TX|1235/4,1257/6,1272/19|
00000000|MMI|3.57|Brought on by|C0332302|[ftcn]|["brought"-tx-12-"brought"-verb-0]|TX|1678/7|
00000000|MMI|3.57|Control function|C2587213|[ftcn]|["Control"-tx-12-"control"-noun-0]|TX|1697/7|
00000000|MMI|3.57|Floor (anatomic)|C3714591|[anst]|["Floor"-tx-11-"floor"-noun-0]|TX|1443/5|
00000000|MMI|3.57|Floor - story of building|C1547707|[geoa]|["Floor"-tx-11-"floor"-noun-0]|TX|1443/5|
00000000|MMI|3.57|Scientific Control|C1882979|[cnce]|["Control"-tx-12-"control"-noun-0]|TX|1697/7|
00000000|MMI|3.57|Surgical transfer - action|C0348011|[ftcn]|["transferred"-tx-11-"transferred"-verb-0]|TX|1424/11|
00000000|MMI|3.57|Symptoms|C1457887|[sosy]|["SYMPTOMS"-tx-11-"symptoms"-noun-0]|TX|1610/8|
00000000|MMI|3.57|Symptoms aspect|C0683368|[ftcn]|["symptoms"-tx-11-"symptoms"-noun-0]|TX|1610/8|
00000000|MMI|3.57|Transfer Technique|C1705822|[ftcn]|["Transferred"-tx-11-"transferred"-verb-0]|TX|1424/11|
00000000|MMI|3.57|True Control Status|C3274648|[qlco]|["Control"-tx-12-"control"-noun-0]|TX|1697/7|
00000000|MMI|3.57|control aspects|C0243148|[qlco]|["control"-tx-12-"control"-noun-0]|TX|1697/7|
00000000|MMI|3.57|control substance|C1550141|[sbst]|["Control"-tx-12-"control"-noun-0]|TX|1697/7|
00000000|MMI|3.57|floor (object)|C0016249|[mnob]|["Floor"-tx-11-"floor"-noun-0]|TX|1443/5|
00000000|MMI|3.56|Atrial Fibrillation Adverse Event|C1963067|[fndg]|["Atrial fibrillation"-tx-11-"atrial fibrillation"-noun-0]|TX|1541/19|
00000000|MMI|3.56|Atrial Fibrillation by ECG Finding|C0344434|[lbtr]|["Atrial Fibrillation"-tx-11-"atrial fibrillation"-noun-0]|TX|1541/19|
00000000|MMI|3.56|dictated - DocumentCompletion|C1609990|[idcn]|["Dictated"-tx-18-"Dictated"-noun-0]|TX|2029/8|
00000000|MMI|3.56|dictated - ParticipationMode|C1548384|[ftcn]|["dictated"-tx-18-"Dictated"-noun-0]|TX|2029/8|
00000000|MMI|3.55|Episode of|C0332189|[tmco]|["Episode of"-tx-11-"episodes of"-noun-0]|TX|1517/11|
00000000|MMI|3.54|Abortion consent:Finding:Point in time:^Patient:Document|C2360836|[clna]|["Patient"-tx-9-"patient"-noun-0]|TX|1141/7|
00000000|MMI|3.54|Cardiovascular occlusion|C1110554|[patf]|["OCCLUSION"-tx-8-"occlusion"-noun-0]|TX|981/9|
00000000|MMI|3.54|Hysterectomy consent:Finding:Point in time:^Patient:Document|C2360838|[clna]|["Patient"-tx-9-"patient"-noun-0]|TX|1141/7|
00000000|MMI|3.54|Obstruction|C0028778|[patf]|["Occlusion"-tx-8-"occlusion"-noun-0]|TX|981/9|
00000000|MMI|3.54|Occluded|C1947917|[ftcn]|["Occlusion"-tx-8-"occlusion"-noun-0]|TX|981/9|
00000000|MMI|3.54|Occlusion - action|C0441597|[ftcn]|["Occlusion"-tx-8-"occlusion"-noun-0]|TX|981/9|
00000000|MMI|3.54|Occlusion within Medical Device|C1882137|[phpr]|["Occlusion"-tx-8-"occlusion"-noun-0]|TX|981/9|
00000000|MMI|3.54|Sterilization consent:Finding:Point in time:^Patient:Document|C2360840|[clna]|["Patient"-tx-9-"patient"-noun-0]|TX|1141/7|
00000000|MMI|3.54|Complicated|C0231242|[ftcn]|["Complicated"-tx-11-"complicated"-verb-0]|TX|1496/11|
00000000|MMI|3.54|Symptomatic|C0231220|[ftcn]|["Symptomatic"-tx-11-"symptomatic"-adj-0]|TX|1529/11|
00000000|MMI|3.50|Diagonal|C0443198|[spco]|["Diagonal"-tx-10-"diagonal"-adj-0]|TX|1353/8|
00000000|MMI|3.49|Glipizide 2.5 MG|C1125988|[clnd]|["Glipizide 2.5 MG"-tx-12-"Glipizide 2.5 mg"-noun-0]|TX|1795/16|
00000000|MMI|3.48|Cardiac - anatomy qualifier|C1522601|[spco]|["Cardiac"-tx-4-"cardiac"-adj-0]|TX|321/7|
00000000|MMI|3.48|Left anterior|C0441998|[spco]|["Left anterior"-tx-8-"left anterior"-adj-0]|TX|904/13|
00000000|MMI|3.48|Marlyn|C0331856|[hcro]|["Marlyn"-tx-15-"Marlyn"-noun-0]|TX|1875/6|
00000000|MMI|3.47|Proximal right coronary artery|C4071850|[bpoc]|["Proximal right coronary artery"-tx-8-"proximal right coronary artery"-noun-0]|TX|972/8,998/21|
00000000|MMI|3.47|+2|C0740116|[qnco]|["+2"-tx-18-"2"-fraction-0]|TX|1981/1|
00000000|MMI|3.47|2+|C3833492|[fndg]|["2+"-tx-18-"2"-fraction-0]|TX|1981/1|
00000000|MMI|3.47|2+ Score|C2827735|[qnco]|["2+"-tx-18-"2"-fraction-0]|TX|1981/1|
00000000|MMI|3.47|2+ Score, WHO|C2981700|[clas]|["2+"-tx-18-"2"-fraction-0]|TX|1981/1|
00000000|MMI|3.47|20%|C3842589|[fndg]|["20%"-tx-18-"20"-fraction-0]|TX|1983/2|
00000000|MMI|3.47|Incision and drainage|C0152277|[topp]|["i d"-tx-12-"i.d"-adv-0]|TX|1786/3|
00000000|MMI|3.47|Inferior|C0542339|[spco]|["INFERIOR"-tx-5-"inferior"-adj-0]|TX|617/8|
00000000|MMI|3.47|Mild (qualifier value)|C2945599|[qlco]|["MILD"-tx-5-"mild"-adj-0]|TX|612/4|
00000000|MMI|3.47|Walls of a building|C0677535|[mnob]|["Wall"-tx-5-"wall"-noun-0]|TX|626/4|
00000000|MMI|3.47|inferiority|C0678975|[socb]|["inferior"-tx-5-"inferior"-adj-0]|TX|617/8|
00000000|MMI|3.46|55|C0450382|[inpr]|["55"-tx-3-"55"-integer-0]|TX|207/2|
00000000|MMI|3.46|Caucasians|C0043157|[popg]|["WHITE"-tx-3-"white"-adj-0]|TX|219/5|
00000000|MMI|3.46|Old|C0580836|[tmco]|["Old"-tx-3-"old"-adj-0]|TX|215/3|
00000000|MMI|3.46|White color|C0220938|[qlco]|["WHITE"-tx-3-"white"-adj-0]|TX|219/5|
00000000|MMI|3.46|per year|C0439508|[tmco]|["/Year"-tx-3-"year"-noun-0]|TX|210/4|
00000000|MMI|3.46|year|C0439234|[tmco]|["YEAR"-tx-3-"year"-noun-0]|TX|210/4|
00000000|MMI|3.46|9-10|C3843713|[fndg]|["9-10"-tx-18-"10/9"-fraction-0]|TX|2021/4|
00000000|MMI|3.45|One|C0205447|[qnco]|["ONE"-tx-12-"one"-noun-0]|TX|1771/3|
00000000|MMI|3.45|gram|C0439208|[qnco]|["GRAM"-tx-12-"gram"-noun-0]|TX|1775/4|
00000000|MMI|3.45|Delayed Release Dosage Form|C1707664|[bodm]|["DR"-tx-14-"Dr"-noun-0]|TX|1866/2|
00000000|MMI|3.45|Device to Subject Relationship Domain|C3540849|[inpr]|["DR"-tx-14-"Dr"-noun-0]|TX|1866/2|
00000000|MMI|3.45|Doctor - Title|C2348314|[cnce]|["Dr."-tx-14-"Dr"-noun-0]|TX|1866/2|
00000000|MMI|3.44|1990s|C0681758|[tmco]|["1990s"-tx-1-"1990"-integer-0]|TX|22/4|
00000000|MMI|3.43|Precision - second|C1561503|[idcn]|["second"-tx-3-"second"-adj-0]|TX|160/6|
00000000|MMI|3.43|Second Suffix|C1705190|[qlco]|["Second"-tx-3-"second"-adj-0]|TX|160/6|
00000000|MMI|3.43|per second|C0565930|[qnco]|["/second"-tx-3-"second"-adj-0]|TX|160/6|
00000000|MMI|3.43|second (number)|C0205436|[qnco]|["Second"-tx-3-"second"-adj-0]|TX|160/6|
00000000|MMI|3.43|seconds|C0457385|[tmco]|["SECOND"-tx-3-"second"-adj-0]|TX|160/6|
00000000|MMI|3.42|Proximal|C0205107|[spco]|["PROXI