00000000|MMI|9.77|Cardiomyopathies|C0878544|[dsyn]|["CARDIOMYOPATHY"-tx-1-"CARDIOMYOPATHY"-noun-0]|TX|93/14|C14.280.238
00000000|MMI|7.29|Signature|C1519316|[inpr]|["Signed"-tx-1-"Signed"-noun-0]|TX|[110/6],[166/6]|
00000000|MMI|7.29|signed - ParticipationSignature|C1561610|[inpr]|["signed"-tx-1-"Signed"-noun-0]|TX|[110/6],[166/6]|
00000000|MMI|5.18|Congestive heart failure|C0018802|[dsyn]|["CONGESTIVE HEART FAILURE"-tx-1-"CONGESTIVE HEART FAILURE"-noun-0]|TX|66/24|
00000000|MMI|3.65|Admission date:Time Stamp -- Date and Time:Point in time:^Patient:Quantitative|C2598112|[clna]|["Admission date"-tx-1-"Admission Date"-noun-0]|TX|125/14|
00000000|MMI|3.65|Date of admission|C1302393|[tmco]|["Admission date"-tx-1-"Admission Date"-noun-0]|TX|125/14|
00000000|MMI|3.65|Report status|C0586177|[fndg]|["Report status"-tx-1-"Report Status"-noun-0]|TX|151/13|
00000000|MMI|3.64|11-12|C3843712|[fndg]|["11-12"-tx-1-"11 12"-fraction-0]|TX|41/2,52/2|
00000000|MMI|3.59|20%|C3842589|[fndg]|["20%"-tx-1-"20"-fraction-0]|TX|44/2|
00000000|MMI|3.59|Pyrexia of unknown origin (excl puerperal)|C0856281|[sosy]|["puo"-tx-1-"PUO"-noun-0]|TX|12/3|
00000000|MMI|3.46|+5|C0728893|[qnco]|["+5"-tx-1-"5"-fraction-0]|TX|141/1|
00000000|MMI|3.46|23|C0450348|[qnco]|["23"-tx-1-"23"-fraction-0]|TX|143/2|
00000000|MMI|3.46|>5|C0439084|[qnco]|[">5"-tx-1-"5"-fraction-0]|TX|141/1|
00000000|MMI|3.46|Diagnostic interview schedule|C0451119|[inpr]|["DIS"-tx-1-"DIS"-noun-0]|TX|119/3|
00000000|MMI|3.46|Discontinued|C1444662|[fndg]|["DIS"-tx-1-"DIS"-noun-0]|TX|119/3|
00000000|MMI|171.75|Togo|C0040363|[geoa]|["TO"-tx-52-"to"-adv-0,"TO"-tx-48-"to"-adv-0,"TO"-tx-46-"to"-adv-0,"TO"-tx-35-"to"-adv-0,"TO"-tx-29-"to"-adv-0,"TO"-tx-26-"to"-adv-0,"TO"-tx-21-"to"-adv-0,"TO"-tx-19-"to"-adv-0]|TX|[6115/2],[6219/2];[5821/2],[5841/2];5735/2;4860/2;4134/2;3817/2;3112/2;2798/2|Z01.058.290.190.800
00000000|MMI|171.75|Tryptophanase|C0041260|[aapp,enzy]|["TO"-tx-52-"to"-adv-0,"TO"-tx-48-"to"-adv-0,"TO"-tx-46-"to"-adv-0,"TO"-tx-35-"to"-adv-0,"TO"-tx-29-"to"-adv-0,"TO"-tx-26-"to"-adv-0,"TO"-tx-21-"to"-adv-0,"TO"-tx-19-"to"-adv-0]|TX|[6115/2],[6219/2];[5821/2],[5841/2];5735/2;4860/2;4134/2;3817/2;3112/2;2798/2|D08.811.520.224.800
00000000|MMI|124.01|Daily|C0332173|[tmco]|["/day"-tx-40-"day"-noun-0,"/day"-tx-36-"day"-noun-0,"/day"-tx-32-"day"-noun-0,"/day"-tx-26-"day"-noun-0,"Daily"-tx-23-"daily"-noun-0,"/day"-tx-22-"day"-noun-0,"/day"-tx-21-"day"-noun-0,"/day"-tx-19-"day"-noun-0,"/day"-tx-11-"day"-noun-0,"/day"-tx-9-"day"-noun-0]|TX|5442/3;5023/3;4461/3;3955/3;3460/5;[3303/3],[3357/3];3189/3;2713/3;1959/3;[1617/3],[1643/3],[1674/3],[1708/3],[1735/3]|
00000000|MMI|88.51|Treatment Protocols|C0040808|[topp]|["Regimen"-tx-48-"regimen"-noun-0,"Regimen"-tx-44-"regimen"-noun-0,"Regimen"-tx-40-"regimen"-noun-0,"Regimen"-tx-39-"regimen"-noun-0,"Regimen"-tx-31-"regimen"-noun-0,"Regimen"-tx-17-"regimen"-noun-0]|TX|5866/7;5574/7;5397/7;5317/7;4361/7;2501/7|E02.183;N05.715.360.775.225
00000000|MMI|86.29|Lasix|C0699992|[orch,phsu]|["Lasix"-tx-30-"Lasix"-noun-0,"Lasix"-tx-29-"Lasix"-noun-0,"Lasix"-tx-21-"Lasix"-noun-0,"Lasix"-tx-20-"Lasix"-noun-0]|TX|4269/5;4214/5;3045/5;[2941/5],[3004/5]|D02.065.884.725.300;D02.092.146.807.300;D02.886.590.700.725.300
00000000|MMI|84.91|Mongolia|C0026410|[geoa]|["MG"-tx-44-"mg"-noun-0,"MG"-tx-40-"mg"-noun-0,"MG"-tx-20-"mg"-noun-0,"MG"-tx-16-"mg"-noun-0,"MG"-tx-9-"mg"-noun-0]|TX|5564/2;5462/2;[2960/2],[2977/2],[2998/2];2441/2;1755/2|Z01.252.474.651
00000000|MMI|79.27|day|C0439228|[tmco]|["DAY"-tx-40-"day"-noun-0,"DAY"-tx-36-"day"-noun-0,"DAY"-tx-32-"day"-noun-0,"DAY"-tx-26-"day"-noun-0,"DAY"-tx-22-"day"-noun-0,"DAY"-tx-21-"day"-noun-0,"DAY"-tx-19-"day"-noun-0,"DAY"-tx-11-"day"-noun-0,"DAY"-tx-9-"day"-noun-0]|TX|5442/3;5023/3;4461/3;3955/3;[3303/3],[3357/3];3189/3;2713/3;1959/3;[1617/3],[1643/3],[1674/3],[1708/3],[1735/3]|
00000000|MMI|79.27|per day|C0439505|[tmco]|["/day"-tx-40-"day"-noun-0,"/day"-tx-36-"day"-noun-0,"/day"-tx-32-"day"-noun-0,"/day"-tx-26-"day"-noun-0,"/day"-tx-22-"day"-noun-0,"/day"-tx-21-"day"-noun-0,"/day"-tx-19-"day"-noun-0,"/day"-tx-11-"day"-noun-0,"/day"-tx-9-"day"-noun-0]|TX|5442/3;5023/3;4461/3;3955/3;[3303/3],[3357/3];3189/3;2713/3;1959/3;[1617/3],[1643/3],[1674/3],[1708/3],[1735/3]|
00000000|MMI|68.55|Patient Discharge|C0030685|[hlca]|["Discharge"-tx-40-"discharge"-noun-0,"Discharge"-tx-32-"discharge"-noun-0,"Discharge"-tx-26-"discharge"-noun-0,"Discharge"-tx-22-"discharge"-noun-0]|TX|5373/9;4468/9;3962/9;3364/9|E02.204.125;E02.760.400.610;N02.421.192.125;N02.421.585.400.610;N04.590.233.727.210.125
00000000|MMI|67.64|Diurese|C0719972|[orch,phsu]|["Diurese"-tx-32-"diurese"-verb-0,"Diurese"-tx-22-"diuresed"-verb-0,"Diurese"-tx-16-"diurese"-verb-0]|TX|4422/7;3312/8;2412/7|D02.886.590.700.135.261.476.716;D02.886.655.500.261.476.716;D03.438.174.261.476.716
00000000|MMI|59.22|Body Weight|C0005910|[orga]|["Weight"-tx-23-"weight"-noun-0,"Weight"-tx-21-"weight"-noun-0]|TX|3466/6;[3234/6],[3270/6]|C23.888.144;E01.370.600.115.100.160.120;E05.041.124.160.750;G07.100.100.160.120;G07.700.320.249.314.120
00000000|MMI|57.39|Iodides|C0021966|[inch]|["I-"-tx-40-"i"-adv-0,"I-"-tx-32-"I's"-noun-0,"I-"-tx-23-"I's"-noun-0,"I-"-tx-16-"i"-adv-0]|TX|5467/1;4484/3;3438/3;2446/1|D01.248.497.158.490;D01.475.410
00000000|MMI|50.58|Dopamine|C0013030|[bacs,orch,phsu]|["DOPAMINE"-tx-29-"dopamine"-noun-0,"DOPAMINE"-tx-21-"dopamine"-noun-0,"DOPAMINE"-tx-19-"dopamine"-noun-0]|TX|4185/8;3074/8;2818/8|D02.092.211.215.311.342;D02.092.311.342
00000000|MMI|45.78|torsemide|C0076840|[orch,phsu]|["TORSEMIDE"-tx-40-"torsemide"-noun-0,"TORSEMIDE"-tx-30-"torsemide"-noun-0,"TORSEMIDE"-tx-16-"torsemide"-noun-0,"TORSEMIDE"-tx-9-"torsemide"-noun-0]|TX|5448/9;4314/9;2427/9;1741/9|x.x.x.x
00000000|MMI|44.18|Heart failure|C0018801|[dsyn]|["Failure, Heart"-tx-39-"heart failure"-noun-0,"Failure, Heart"-tx-8-"heart failure"-noun-0,"Failure, Heart"-tx-7-"heart failure"-noun-0]|TX|[5258/13],[5303/13];[1161/13],[1274/13];751/13|C14.280.434
00000000|MMI|42.85|Creatinine|C0010294|[bacs,orch]|["CREATININE"-tx-33-"creatinine"-noun-0,"CREATININE"-tx-19-"creatinine"-noun-0,"CREATININE"-tx-8-"creatinine"-noun-0]|TX|4629/10;2678/10;1522/10|D03.383.129.308.207
00000000|MMI|42.72|Systemic arterial pressure|C1272641|[fndg]|["blood pressures"-tx-34-"blood pressures"-noun-0,"blood pressures"-tx-28-"blood pressures"-noun-0,"blood pressures"-tx-18-"blood pressures"-noun-0]|TX|4730/15;4023/15;2630/15|G09.330.380.076.347
00000000|MMI|40.87|To|C1883351|[qlco]|["To"-tx-52-"to"-adv-0,"To"-tx-48-"to"-adv-0,"To"-tx-46-"to"-adv-0,"To"-tx-35-"to"-adv-0,"To"-tx-29-"to"-adv-0,"To"-tx-26-"to"-adv-0,"To"-tx-21-"to"-adv-0,"To"-tx-19-"to"-adv-0]|TX|[6115/2],[6219/2];[5821/2],[5841/2];5735/2;4860/2;4134/2;3817/2;3112/2;2798/2|
00000000|MMI|36.46|Drinking function|C0684271|[orgf]|["Drinking"-tx-24-"drinking"-verb-0,"Drinking"-tx-8-"drinking"-verb-0]|TX|3577/8;857/8|G07.203.650.593.260.249;G07.700.620.260.249;G10.261.326.240.249
00000000|MMI|35.35|Alcohol consumption|C0001948|[inbe]|["Drinking"-tx-24-"drinking"-verb-0,"ALCOHOL USE"-tx-10-"alcohol use"-noun-0,"Drinking"-tx-8-"drinking"-verb-0]|TX|3577/8;1899/11;857/8|F01.145.317.269
00000000|MMI|26.66|Incision and drainage|C0152277|[topp]|["i d"-tx-42-"i.d"-adv-0,"i d"-tx-41-"i.d"-adv-0,"i d"-tx-40-"i.d"-adv-0,"i d"-tx-35-"i.d"-adv-0,"i d"-tx-34-"i.d"-adv-0,"i d"-tx-30-"i.d"-adv-0,"i d"-tx-27-"i.d"-adv-0,"i d"-tx-16-"i.d"-adv-0]|TX|5515/3;5492/3;5467/3;4902/3;4695/3;4330/3;3993/3;2446/3|
00000000|MMI|25.48|Smoking|C0037369|[inbe]|["SMOKING"-tx-48-"smoking"-noun-0,"SMOKING"-tx-10-"smoking"-verb-0]|TX|5829/7;1847/7|F01.145.958.500
00000000|MMI|24.92|Homo sapiens|C0086418|[humn]|["MAN"-tx-2-"man"-noun-0]|TX|104/3|B01.050.150.900.649.801.400.112.400.400
00000000|MMI|23.28|Entity Name Part Type - given|C1550718|[idcn]|["given"-tx-48-"given"-adj-0,"given"-tx-39-"given"-verb-0,"given"-tx-36-"given"-verb-0,"given"-tx-35-"Given"-verb-0,"given"-tx-8-"given"-verb-0]|TX|5966/5;5211/5;4913/5;4771/5;1368/5|
00000000|MMI|23.28|GIVEN|C1442162|[cnce]|["GIVEN"-tx-48-"given"-adj-0,"GIVEN"-tx-39-"given"-verb-0,"GIVEN"-tx-36-"given"-verb-0,"GIVEN"-tx-35-"Given"-verb-0,"GIVEN"-tx-8-"given"-verb-0]|TX|5966/5;5211/5;4913/5;4771/5;1368/5|
00000000|MMI|23.28|Give - dosing instruction imperative|C1947971|[ftcn]|["Given"-tx-48-"given"-adj-0,"Given"-tx-39-"given"-verb-0,"Given"-tx-36-"given"-verb-0,"Given"-tx-35-"Given"-verb-0,"Given"-tx-8-"given"-verb-0]|TX|5966/5;5211/5;4913/5;4771/5;1368/5|
00000000|MMI|23.28|Given name|C3244317|[inpr]|["given"-tx-48-"given"-adj-0,"given"-tx-39-"given"-verb-0,"given"-tx-36-"given"-verb-0,"given"-tx-35-"Given"-verb-0,"given"-tx-8-"given"-verb-0]|TX|5966/5;5211/5;4913/5;4771/5;1368/5|
00000000|MMI|22.96|Magnesium Cation|C2346927|[elii,phsu]|["Mg++"-tx-44-"mg"-noun-0,"Mg++"-tx-40-"mg"-noun-0,"Mg++"-tx-20-"mg"-noun-0,"Mg++"-tx-16-"mg"-noun-0,"Mg++"-tx-9-"mg"-noun-0]|TX|5564/2;5462/2;[2960/2],[2977/2],[2998/2];2441/2;1755/2|
00000000|MMI|22.96|Milligram percent|C1960952|[qnco]|["mg %"-tx-44-"mg"-noun-0,"mg %"-tx-40-"mg"-noun-0,"mg %"-tx-20-"mg"-noun-0,"mg %"-tx-16-"mg"-noun-0,"mg %"-tx-9-"mg"-noun-0]|TX|5564/2;5462/2;[2960/2],[2977/2],[2998/2];2441/2;1755/2|
00000000|MMI|22.96|mg/dL|C0439269|[qnco]|["mg%"-tx-44-"mg"-noun-0,"mg%"-tx-40-"mg"-noun-0,"mg%"-tx-20-"mg"-noun-0,"mg%"-tx-16-"mg"-noun-0,"mg%"-tx-9-"mg"-noun-0]|TX|5564/2;5462/2;[2960/2],[2977/2],[2998/2];2441/2;1755/2|
00000000|MMI|22.94|ECHO protocol|C0058928|[topp]|["ECHO"-tx-37-"echo"-noun-0,"ECHO"-tx-2-"echo"-noun-0]|TX|5032/4;354/4|x.x.x.x
00000000|MMI|22.76|Kyrgyzstan|C0022718|[geoa]|["KG"-tx-22-"kg"-noun-0,"KG"-tx-21-"kg"-noun-0]|TX|3413/2;3290/2|Z01.252.100.450;Z01.586.200.450;Z01.586.950.450
00000000|MMI|22.72|Physicians|C0031831|[prog]|["DR"-tx-46-"Dr"-noun-0,"Physicians"-tx-8-"physicians"-noun-0]|TX|5753/2;1181/10|M01.526.485.810;N02.360.810
00000000|MMI|19.52|Digoxin|C0012265|[orch,phsu]|["DIGOXIN"-tx-9-"digoxin"-noun-0]|TX|1714/7|D04.808.155.580.130.500.436;D04.808.155.580.130.688;D09.408.180.261.436
00000000|MMI|19.49|Hospital admission|C0184666|[hlca]|["Admission"-tx-29-"admission"-adj-0,"Admission"-tx-21-"admission"-noun-0,"Admission"-tx-19-"admission"-noun-0,"Admission"-tx-11-"admission"-noun-0,"admitted hospital"-tx-8-"admitted hospital"-noun-0,"admits"-tx-5-"admits"-verb-0]|TX|4092/9;3260/9;2720/9;1966/9;1213/8,1229/8;515/6|
00000000|MMI|19.37|Drinking Water|C0599638|[sbst]|["WATER"-tx-24-"water"-noun-0]|TX|3600/5|D01.045.250.875.300;D01.248.497.158.459.650.300;D01.650.550.925.199;G07.203.100.418;J02.200.418
00000000|MMI|19.27|Regimen - CHV concept|C2945654|[inpr]|["regimen"-tx-48-"regimen"-noun-0,"regimen"-tx-44-"regimen"-noun-0,"regimen"-tx-40-"regimen"-noun-0,"regimen"-tx-39-"regimen"-noun-0,"regimen"-tx-31-"regimen"-noun-0,"regimen"-tx-17-"regimen"-noun-0]|TX|5866/7;5574/7;5397/7;5317/7;4361/7;2501/7|
00000000|MMI|19.22|20%|C3842589|[fndg]|["20%"-tx-43-"20"-integer-0,"20%"-tx-37-"20"-percentage-0,"20%"-tx-36-"20"-integer-0,"20%"-tx-21-"20"-integer-0,"20%"-tx-20-"20"-integer-0,"20%"-tx-11-"20"-integer-0]|TX|5532/2;5085/2;5014/2;3059/2;2974/2;2017/2|
00000000|MMI|18.36|Point|C3714763|[spco]|["Point"-tx-39-"point"-noun-0,"Point"-tx-26-"point"-noun-0,"Point"-tx-22-"point"-verb-0,"Point"-tx-19-"point"-verb-0]|TX|5339/5;3887/5;3385/5;2779/5|
00000000|MMI|18.36|Point Name|C2347617|[qnco]|["point"-tx-39-"point"-noun-0,"point"-tx-26-"point"-noun-0,"point"-tx-22-"point"-verb-0,"point"-tx-19-"point"-verb-0]|TX|5339/5;3887/5;3385/5;2779/5|
00000000|MMI|18.36|point - UnitsOfMeasure|C1552961|[qnco]|["POINT"-tx-39-"point"-noun-0,"POINT"-tx-26-"point"-noun-0,"POINT"-tx-22-"point"-verb-0,"POINT"-tx-19-"point"-verb-0]|TX|5339/5;3887/5;3385/5;2779/5|
00000000|MMI|18.15|Isordil|C0590720|[orch,phsu]|["Isordil"-tx-18-"Isordil"-noun-0]|TX|2584/7|D02.033.800.813.480.500;D09.853.813.480.500
00000000|MMI|18.15|Medication Nonadherence|C0746935|[fndg]|["medications noncompliance"-tx-7-"medications noncompliance"-noun-0]|TX|714/25|F01.145.488.500.500;N05.300.150.600.600.500
00000000|MMI|17.95|Time|C0040223|[tmco]|["TIME"-tx-48-"time"-noun-0,"times"-tx-9-"times"-noun-0,"times"-tx-8-"times"-noun-0]|TX|5942/4;1700/5;1560/5|G01.910
00000000|MMI|17.90|Patient Monitoring|C0030695|[hlca]|["monitor"-tx-27-"monitored"-verb-0,"monitor"-tx-23-"monitored"-verb-0]|TX|3977/9;3421/9|E01.370.520
00000000|MMI|17.47|Physical Examination|C0031809|[hlca]|["PHYSICAL EXAMINATION"-tx-11-"PHYSICAL EXAMINATION"-noun-0,"PHYSICAL EXAMINATION"-tx-11-"physical examination"-noun-0]|TX|1930/20;2033/20|E01.370.600
00000000|MMI|17.23|Abdomen|C0000726|[blor]|["ABDOMEN"-tx-14-"abdomen"-noun-0,"Abdominal"-tx-8-"abdominal"-noun-0]|TX|2211/7;1087/9|A01.923.047
00000000|MMI|16.81|Angiotensin-Converting Enzyme Inhibitors|C0003015|[phsu]|["ACE Inhibitor"-tx-18-"ACE inhibitor"-noun-0]|TX|2596/13|D27.505.519.389.745.085
00000000|MMI|16.79|Chronic Kidney Diseases|C1561643|[dsyn]|["Chronic Renal Insufficiency"-tx-8-"chronic renal insufficiency"-noun-0]|TX|1485/27|C12.777.419.780.750;C13.351.968.419.780.750
00000000|MMI|16.79|Chronic Kidney Insufficiency|C0403447|[dsyn]|["Chronic Renal Insufficiency"-tx-8-"chronic renal insufficiency"-noun-0]|TX|1485/27|C12.777.419.780.750;C13.351.968.419.780.750
00000000|MMI|16.75|Weaning|C0043084|[fndg]|["Weaned"-tx-29-"weaned"-verb-0]|TX|4170/6|G07.203.650.220.500.750;G07.203.650.593.762;G07.700.620.762
00000000|MMI|16.63|Water|C0043047|[inch,phsu]|["WATER"-tx-24-"water"-noun-0]|TX|3600/5|D01.045.250.875;D01.248.497.158.459.650;D01.650.550.925;x.x.x.x
00000000|MMI|15.87|/hour|C0564385|[qnco]|["/hour"-tx-21-"hour"-noun-0,"/hour"-tx-20-"hour"-noun-0,"/hour"-tx-19-"hour"-noun-0]|TX|[3065/4],[3096/4];[2966/4],[2983/4];2846/4|
00000000|MMI|15.87|Hour|C0439227|[tmco]|["HOUR"-tx-21-"hour"-noun-0,"HOUR"-tx-20-"hour"-noun-0,"HOUR"-tx-19-"hour"-noun-0]|TX|[3065/4],[3096/4];[2966/4],[2983/4];2846/4|
00000000|MMI|15.84|Congestive heart failure|C0018802|[dsyn]|["Heart Failure"-tx-39-"heart failure"-noun-0,"Heart Failure"-tx-8-"heart failure"-noun-0,"Heart Failure"-tx-7-"heart failure"-noun-0]|TX|[5258/13],[5303/13];[1161/13],[1274/13];751/13|
00000000|MMI|15.70|+2|C0740116|[qnco]|["+2"-tx-32-"2"-integer-0,"+2"-tx-26-"2"-integer-0,"+2"-tx-19-"2"-real_number-0,"+2"-tx-13-"2"-fraction-0]|TX|4567/1;3856/1;[2693/1],[2739/1];2185/1|
00000000|MMI|15.70|2+|C3833492|[fndg]|["2+"-tx-32-"2"-integer-0,"2+"-tx-26-"2"-integer-0,"2+"-tx-19-"2"-real_number-0,"2+"-tx-13-"2"-fraction-0]|TX|4567/1;3856/1;[2693/1],[2739/1];2185/1|
00000000|MMI|15.70|2+ Score|C2827735|[qnco]|["2+"-tx-32-"2"-integer-0,"2+"-tx-26-"2"-integer-0,"2+"-tx-19-"2"-real_number-0,"2+"-tx-13-"2"-fraction-0]|TX|4567/1;3856/1;[2693/1],[2739/1];2185/1|
00000000|MMI|15.70|2+ Score, WHO|C2981700|[clas]|["2+"-tx-32-"2"-integer-0,"2+"-tx-26-"2"-integer-0,"2+"-tx-19-"2"-real_number-0,"2+"-tx-13-"2"-fraction-0]|TX|4567/1;3856/1;[2693/1],[2739/1];2185/1|
00000000|MMI|15.42|Chest Pain|C0008031|[sosy]|["CHEST PAIN"-tx-6-"chest pain"-noun-1]|TX|614/10|C10.597.617.192;C23.888.592.612.233
00000000|MMI|15.42|Dizziness|C0012833|[sosy]|["Lightheadedness"-tx-52-"lightheadedness"-noun-1]|TX|6185/15|C10.597.751.237;C23.888.592.763.237
00000000|MMI|15.42|Lightheadedness|C0220870|[sosy]|["LIGHTHEADEDNESS"-tx-52-"lightheadedness"-noun-1]|TX|6185/15|C10.597.751.237;C23.888.592.763.237
00000000|MMI|15.42|Metolazone|C0025854|[orch,phsu]|["METOLAZONE"-tx-9-"metolazone"-noun-0]|TX|1770/10|D02.065.884.600;D02.886.590.700.600;D03.438.786.830.688
00000000|MMI|15.42|Patient Non-Compliance|C0376405|[fndg]|["Noncompliance"-tx-8-"noncompliance"-noun-0]|TX|1378/13|F01.145.488.500;N05.300.150.600.600
00000000|MMI|15.42|Sleeplessness|C0917801|[sosy]|["INSOMNIA"-tx-45-"insomnia"-noun-0]|TX|5670/8|C10.886.425.800.800;F03.870.400.800.800
00000000|MMI|14.18|Kidney Failure|C0035078|[dsyn]|["Renal Insufficiency"-tx-36-"renal insufficiency"-noun-0]|TX|4934/19|C12.777.419.780;C13.351.968.419.780
00000000|MMI|14.18|Renal Insufficiency|C1565489|[dsyn]|["RENAL INSUFFICIENCY"-tx-36-"renal insufficiency"-noun-0]|TX|4934/19|C12.777.419.780;C13.351.968.419.780
00000000|MMI|13.94|Eating|C0013470|[orgf]|["Eating"-tx-8-"eating"-noun-0]|TX|820/6|G07.203.650.593.260;G07.700.620.260;G10.261.326.240
00000000|MMI|13.92|Ivory Coast|C0022326|[geoa]|["IV"-tx-16-"IV"-noun-0]|TX|2424/2|Z01.058.290.190.272
00000000|MMI|13.92|Zaroxolyn|C0701383|[orch,phsu]|["Zaroxolyn"-tx-17-"Zaroxolyn"-noun-0]|TX|2546/9|D02.065.884.600;D02.886.590.700.600;D03.438.786.830.688
00000000|MMI|13.90|Dominican Republic|C0013014|[geoa]|["DR"-tx-46-"Dr"-noun-0]|TX|5753/2|Z01.107.084.900.300;Z01.639.880.300
00000000|MMI|13.90|Natriuresis|C0027477|[ortf]|["Natriuresis"-tx-25-"natriuresis"-noun-0]|TX|3663/11|G08.852.796.241.557
00000000|MMI|13.89|Folate|C0178638|[orch,phsu,vita]|["Folate"-tx-44-"folate"-noun-0]|TX|5555/6|D03.438.733.631.400
00000000|MMI|13.28|Negation|C1518422|[ftcn]|["Not"-tx-48-"not"-adv-0,"Not"-tx-38-"not"-adv-0,"Not"-tx-17-"not"-adv-0,"Not"-tx-8-"not"-adv-0]|TX|5955/3;5110/3;2469/3;927/3|
00000000|MMI|12.93|Negative|C0205160|[qlco]|["Negative"-tx-32-"negative"-noun-0,"Negative"-tx-21-"negative"-noun-0,"Negative"-tx-20-"negative"-noun-0]|TX|[4522/8],[4576/8];3195/8;2902/8|
00000000|MMI|12.93|Negative - answer|C3853545|[qlco]|["Negative"-tx-32-"negative"-noun-0,"Negative"-tx-21-"negative"-noun-0,"Negative"-tx-20-"negative"-noun-0]|TX|[4522/8],[4576/8];3195/8;2902/8|
00000000|MMI|12.93|Negative Charge|C2825491|[qlco]|["Negative"-tx-32-"negative"-noun-0,"Negative"-tx-21-"negative"-noun-0,"Negative"-tx-20-"negative"-noun-0]|TX|[4522/8],[4576/8];3195/8;2902/8|
00000000|MMI|12.93|Negative Finding|C1513916|[fndg]|["NEGATIVE"-tx-32-"negative"-noun-0,"NEGATIVE"-tx-21-"negative"-noun-0,"NEGATIVE"-tx-20-"negative"-noun-0]|TX|[4522/8],[4576/8];3195/8;2902/8|
00000000|MMI|12.93|Negative Number|C2825415|[cnce]|["Negative"-tx-32-"negative"-noun-0,"Negative"-tx-21-"negative"-noun-0,"Negative"-tx-20-"negative"-noun-0]|TX|[4522/8],[4576/8];3195/8;2902/8|
00000000|MMI|12.69|Abdominal Cavity|C0230168|[blor]|["Abdomen"-tx-14-"abdomen"-noun-0]|TX|2211/7|A01.923.047.025
00000000|MMI|12.69|Ability|C0085732|[orga]|["Able"-tx-52-"able"-adj-0]|TX|6110/4|F02.784.629.131
00000000|MMI|12.69|BaseLine dental cement|C0168634|[bodm]|["baseline"-tx-4-"baseline"-noun-0]|TX|420/8|x.x.x.x
00000000|MMI|12.69|Desiccation|C0011682|[npop]|["Dry"-tx-8-"dry"-adj-0]|TX|916/3|E05.196.335;G02.149.767.530;G02.842.750.530
00000000|MMI|12.69|Infantile Neuroaxonal Dystrophy|C0270724|[dsyn]|["PLAN"-tx-46-"plan"-noun-0]|TX|5730/4|C10.228.140.744
00000000|MMI|12.69|Needs|C0027552|[qlco]|["Need"-tx-26-"need"-noun-0]|TX|3812/4|N03.349.380.420;N05.300.450
00000000|MMI|12.69|Paraguay|C0030428|[geoa]|["PA"-tx-2-"PA"-noun-0]|TX|305/2|Z01.107.757.656
00000000|MMI|12.69|Potassium|C0032821|[elii]|["POTASSIUM"-tx-35-"potassium"-noun-0]|TX|4781/9|D01.268.549.550;D01.268.557.575;D01.552.528.652;D01.552.547.650;x.x.x.x
00000000|MMI|12.69|Tricuspid Valve Insufficiency|C0040961|[dsyn]|["Regurgitation, Tricuspid"-tx-2-"tricuspid regurgitation"-noun-0]|TX|275/23|C14.280.484.856
00000000|MMI|12.68|Blood group antibody I|C0221138|[aapp,imft]|["I NOS"-tx-40-"i"-adv-0,"I NOS"-tx-32-"I's"-noun-0,"I NOS"-tx-23-"I's"-noun-0,"I NOS"-tx-16-"i"-adv-0]|TX|5467/1;4484/3;3438/3;2446/1|
00000000|MMI|12.66|Body Fluid Discharge|C0012621|[bdsu]|["Discharge"-tx-40-"discharge"-noun-0,"Discharge"-tx-32-"discharge"-noun-0,"Discharge"-tx-26-"discharge"-noun-0,"Discharge"-tx-22-"discharge"-noun-0]|TX|5373/9;4468/9;3962/9;3364/9|
00000000|MMI|12.66|Discharge, body substance|C2926602|[bdsu]|["Discharge"-tx-40-"discharge"-noun-0,"Discharge"-tx-32-"discharge"-noun-0,"Discharge"-tx-26-"discharge"-noun-0,"Discharge"-tx-22-"discharge"-noun-0]|TX|5373/9;4468/9;3962/9;3364/9|
00000000|MMI|12.35|Admission activity|C0809949|[hlca]|["Admission"-tx-29-"admission"-adj-0,"Admission"-tx-21-"admission"-noun-0,"Admission"-tx-19-"admission"-noun-0,"Admission"-tx-11-"admission"-noun-0]|TX|4092/9;3260/9;2720/9;1966/9|
00000000|MMI|11.45|Mitral Valve Insufficiency|C0026266|[patf]|["MITRAL REGURGITATION"-tx-2-"mitral regurgitation"-noun-0]|TX|252/20|C14.280.484.461
00000000|MMI|11.39|Exercise Tolerance|C0162521|[clna]|["Exercise Tolerance"-tx-4-"exercise tolerance"-noun-0]|TX|454/18|G11.427.680.270
00000000|MMI|11.39|Systolic Murmurs|C0232257|[fndg]|["Systolic Murmur"-tx-13-"systolic murmur"-noun-0]|TX|2189/15|C23.888.447.500
00000000|MMI|11.30|Dyspnea|C0013404|[sosy]|["SHORTNESS OF BREATH"-tx-52-"of shortness breath"-noun-1]|TX|6159/12,6175/6|C08.618.326;C23.888.852.371
00000000|MMI|11.27|Sodium|C0037473|[bacs,elii]|["SODIUM"-tx-25-"sodium"-noun-0]|TX|3743/6|D01.268.549.750;D01.268.557.650;D01.552.528.850;D01.552.547.725;x.x.x.x
00000000|MMI|11.27|Hyponatremia|C0020625|[dsyn]|["HYPONATREMIA"-tx-25-"hyponatremia"-noun-0]|TX|3712/12|C18.452.950.620
00000000|MMI|11.23|Heart Transplantation|C0018823|[topp]|["Heart Transplant"-tx-48-"heart transplant"-noun-0]|TX|5895/16|E04.100.376.475;E04.928.220.390;E04.936.450.475
00000000|MMI|11.17|Diuresis|C0012797|[ortf]|["Diuresis"-tx-24-"diuresis"-noun-0]|TX|3500/8|G08.852.796.241
00000000|MMI|11.16|Family|C0015576|[famg]|["Familial"-tx-2-"familial"-adj-0]|TX|128/8|F01.829.263;I01.880.853.150
00000000|MMI|10.29|Orthopnea|C0085619|[sosy]|["Orthopnoea"-tx-51-"orthopnea"-noun-1,"Orthopnoea"-tx-8-"orthopnea"-noun-0,"Orthopnoea"-tx-5-"orthopnea"-noun-0]|TX|6092/9;1043/9;557/9|
00000000|MMI|10.19|Continuous|C0549178|[idcn]|["Continued"-tx-32-"continued"-verb-0,"Continued"-tx-29-"continued"-verb-0]|TX|4409/9;[4124/9],[4200/9]|
00000000|MMI|10.06|Decreasing|C0442797|[qlco]|["decreased"-tx-36-"decreased"-verb-0,"decreased"-tx-29-"decreased"-verb-0,"Decreasing"-tx-24-"decreasing"-verb-0]|TX|4964/9;4065/9;3534/10|
00000000|MMI|9.99|Increase|C0442805|[ftcn]|["Increase"-tx-35-"increase"-verb-0,"Increased"-tx-20-"increased"-verb-0,"Increase"-tx-8-"increase"-noun-0]|TX|4863/8;2927/9;1075/8|
00000000|MMI|9.95|Cardiomyopathies|C0878544|[dsyn]|["CARDIOMYOPATHY"-tx-8-"cardiomyopathy"-noun-0]|TX|1467/14|C14.280.238
00000000|MMI|9.95|Overall|C1561607|[qlco]|["Overall"-tx-49-"Overall"-adv-0]|TX|6001/7|V02.270.500;V02.672
00000000|MMI|9.95|Overall Publication Type|C0282416|[inpr]|["Overall"-tx-49-"Overall"-adv-0]|TX|6001/7|V02.270.500;V02.672
00000000|MMI|9.95|Symptoms|C1457887|[sosy]|["SYMPTOMS"-tx-52-"symptoms"-noun-1,"SYMPTOMS"-tx-50-"symptoms"-noun-0,"SYMPTOMS"-tx-8-"symptoms"-noun-0]|TX|6150/8;6038/8;1122/8|
00000000|MMI|9.95|Symptoms aspect|C0683368|[ftcn]|["symptoms"-tx-52-"symptoms"-noun-0,"symptoms"-tx-50-"symptoms"-noun-0,"symptoms"-tx-8-"symptoms"-noun-0]|TX|6150/8;6038/8;1122/8|
00000000|MMI|9.87|Registered nurse|C0687673|[prog]|["R.N."-tx-45-"r.n"-adj-0,"R.N."-tx-17-"r.n"-adj-0,"R.N."-tx-9-"r.n"-adj-0]|TX|5661/3;2558/3;1783/3|
00000000|MMI|9.81|Urine volume finding|C1287298|[fndg]|["Urine output"-tx-29-"urine output"-noun-0,"Urine output"-tx-21-"urine output"-noun-0,"Urine output"-tx-20-"urine output"-noun-0]|TX|4147/12;3144/12;2867/12|
00000000|MMI|9.81|Urine volume function|C0232856|[clna]|["urine output"-tx-29-"urine output"-noun-0,"urine output"-tx-21-"urine output"-noun-0,"urine output"-tx-20-"urine output"-noun-0]|TX|4147/12;3144/12;2867/12|
00000000|MMI|9.67|Creatinine finding|C1561535|[fndg]|["Creatinine"-tx-33-"creatinine"-noun-0,"Creatinine"-tx-19-"creatinine"-noun-0,"Creatinine"-tx-8-"creatinine"-noun-0]|TX|4629/10;2678/10;1522/10|
00000000|MMI|9.57|Then|C1883708|[tmco]|["Then"-tx-32-"then"-adv-0,"Then"-tx-30-"then"-adv-0,"Next"-tx-19-"next"-adj-0]|TX|4449/4;4247/4;2708/4|
00000000|MMI|9.55|P Blood group antibodies|C0369773|[aapp,imft]|["P NOS"-tx-45-"p"-adj-0,"P NOS"-tx-17-"p"-adj-0,"P NOS"-tx-9-"p"-adj-0]|TX|5659/1;2556/1;1781/1|
00000000|MMI|9.55|P prime|C2603361|[clna]|["P'"-tx-45-"p"-adj-0,"P'"-tx-17-"p"-adj-0,"P'"-tx-9-"p"-adj-0]|TX|5659/1;2556/1;1781/1|
00000000|MMI|9.46|Patient Condition Code - Stable|C1547311|[inpr]|["Stable"-tx-34-"stable"-adj-0,"Stable"-tx-33-"stable"-adj-0,"Stable"-tx-28-"stable"-adj-0]|TX|4751/6;4644/6;4048/6|
00000000|MMI|9.46|Stable status|C0205360|[qlco]|["STABLE"-tx-34-"stable"-adj-0,"STABLE"-tx-33-"stable"-adj-0,"STABLE"-tx-28-"stable"-adj-0]|TX|4751/6;4644/6;4048/6|
00000000|MMI|9.46|Importance Weight|C1705104|[idcn]|["Weight"-tx-23-"weight"-noun-0,"Weight"-tx-21-"weight"-noun-0]|TX|3466/6;[3234/6],[3270/6]|
00000000|MMI|9.46|Weighing patient|C1305866|[diap]|["weight"-tx-23-"weight"-noun-0,"weight"-tx-21-"weight"-noun-0]|TX|3466/6;[3234/6],[3270/6]|
00000000|MMI|9.46|Weight|C0043100|[qnco]|["WEIGHT"-tx-23-"weight"-noun-0,"WEIGHT"-tx-21-"weight"-noun-0]|TX|3466/6;[3234/6],[3270/6]|
00000000|MMI|9.41|Spironolactone 25 MG|C0990353|[clnd]|["Spironolactone 25 MG"-tx-41-"Aldactone 25 mg"-noun-0,"Spironolactone 25 MG"-tx-35-"Aldactone 25 mg"-noun-0,"Spironolactone 25 MG"-tx-9-"Aldactone 25 mg"-noun-0]|TX|5474/15;4876/9,4894/5;1594/15|
00000000|MMI|9.29|mEq|C0439152|[qnco]|["mEq"-tx-43-"mEq"-noun-0,"mEq"-tx-36-"mEq"-noun-0,"mEq"-tx-9-"mEq"-noun-0]|TX|5535/3;5001/3;1632/3|
00000000|MMI|9.29|Most|C0205393|[qnco]|["Much"-tx-52-"much"-adv-0,"Mostly"-tx-24-"mostly"-adv-0,"Most"-tx-8-"most"-adv-0]|TX|6132/4;3545/6;1059/4|
00000000|MMI|9.26|Concept model range (foundation metadata concept)|C3542016|[inpr]|["Range"-tx-35-"range"-noun-0,"Range"-tx-11-"range"-noun-0,"Range"-tx-8-"ranging"-noun-0]|TX|4841/5;2020/5;1533/7|
00000000|MMI|9.26|Range|C1514721|[qnco]|["Range"-tx-35-"range"-noun-0,"Range"-tx-11-"range"-noun-0,"Range"-tx-8-"ranging"-noun-0]|TX|4841/5;2020/5;1533/7|
00000000|MMI|9.26|Sample Range|C2348147|[qnco]|["Range"-tx-35-"range"-noun-0,"Range"-tx-11-"range"-noun-0,"Range"-tx-8-"ranging"-noun-0]|TX|4841/5;2020/5;1533/7|
00000000|MMI|9.25|K-Dur|C0306511|[inch,phsu]|["K-Dur"-tx-43-"K-Dur"-noun-0,"K-Dur"-tx-36-"K-Dur"-noun-0,"K-Dur"-tx-9-"K-Dur"-noun-0]|TX|5526/5;4987/5;1623/5|
00000000|MMI|9.09|Good|C0205170|[qlco]|["Good"-tx-48-"good"-adj-0,"Good"-tx-29-"good"-adj-0,"Well"-tx-17-"well"-adv-0]|TX|5890/4;4142/4;2481/4|
00000000|MMI|9.02|Geographic state|C1301808|[geoa]|["states"-tx-50-"states"-verb-0,"states"-tx-8-"states"-verb-0]|TX|6022/6;796/6|
00000000|MMI|9.02|Medical Device Emits Smoke|C1881674|[phpr]|["Smoking"-tx-48-"smoking"-noun-0,"Smoking"-tx-10-"smoking"-verb-0]|TX|5829/7;1847/7|
00000000|MMI|9.02|O NOS Ab|C0483204|[aapp,imft]|["O NOS"-tx-32-"O's"-noun-0,"O NOS"-tx-23-"O's"-noun-0]|TX|4492/3;3446/3|
00000000|MMI|9.02|On admission|C0457453|[tmco]|["On admission"-tx-19-"On admission"-adj-0,"On admission"-tx-9-"ON ADMISSION"-adj-0]|TX|2659/12;1580/12|
00000000|MMI|9.02|State|C1442792|[ftcn]|["State"-tx-50-"states"-verb-0,"State"-tx-8-"states"-verb-0]|TX|6022/6;796/6|
00000000|MMI|9.02|Tobacco smoking behavior|C0453996|[inbe]|["Smoking"-tx-48-"smoking"-noun-0,"Smoking"-tx-10-"smoking"-verb-0]|TX|5829/7;1847/7|
00000000|MMI|9.02|US State|C3148680|[geoa]|["State"-tx-50-"states"-verb-0,"State"-tx-8-"states"-verb-0]|TX|6022/6;796/6|
00000000|MMI|8.62|Hypotension|C0020649|[fndg]|["low blood pressures"-tx-19-"low blood pressures"-noun-0]|TX|2748/19|C14.907.514
00000000|MMI|8.61|Hypertrophy|C0020564|[patf]|["Enlargement"-tx-2-"enlargement"-noun-0]|TX|231/11|C23.300.775
00000000|MMI|8.57|Ascites|C0003962|[fndg]|["ASCITES"-tx-14-"ascites"-noun-0]|TX|2263/7|C23.550.081
00000000|MMI|8.53|Disease Management|C0376636|[hlca]|["management"-tx-8-"management"-noun-0]|TX|1242/10|N04.590.607
00000000|MMI|8.53|Males|C0086582|[orga]|["MAN"-tx-2-"man"-noun-0]|TX|104/3|x.x.x
00000000|MMI|8.45|Back|C0004600|[blor]|["BACK"-tx-30-"back"-adj-0]|TX|4301/4|A01.923.176
00000000|MMI|8.45|Edema|C0013604|[fndg]|["OEDEMA"-tx-15-"edema"-noun-1]|TX|2331/5|C23.888.277
00000000|MMI|8.44|Ambulatory Care Facilities|C0002424|[hcro,mnob]|["Clinic"-tx-47-"Clinic"-noun-0]|TX|5776/6|N02.278.035
00000000|MMI|8.44|Thyroid Gland|C0040132|[bpoc]|["Thyroid, NOS"-tx-47-"Thyroid"-noun-0]|TX|5768/7|A06.407.900
00000000|MMI|8.43|Cigarette|C0677453|[mnob]|["Cigarettes"-tx-10-"cigarettes"-noun-0]|TX|1875/10|J01.637.836
00000000|MMI|7.22|Emotions|C0013987|[menp]|["feeling"-tx-8-"feeling"-verb-0]|TX|908/7|F01.470
00000000|MMI|7.22|Feelings|C1527305|[menp]|["Feeling"-tx-8-"feeling"-verb-0]|TX|908/7|F01.470
00000000|MMI|7.22|Limb structure|C0015385|[bpoc]|["Extremities"-tx-15-"extremities"-noun-0]|TX|2301/11|A01.378
00000000|MMI|7.17|Beginning|C0439659|[tmco]|["Begin"-tx-21-"began"-verb-0,"Start"-tx-19-"start"-verb-0]|TX|3106/5;2801/5|
00000000|MMI|7.17|Take|C1515187|[hlca]|["Take"-tx-45-"takes"-verb-0,"Take"-tx-8-"taking"-verb-0]|TX|5637/5;938/6|
00000000|MMI|6.92|Biomedical Monitors|C0181904|[medd]|["Monitor"-tx-27-"monitored"-verb-0,"Monitor"-tx-23-"monitored"-verb-0]|TX|3977/9;3421/9|
00000000|MMI|6.92|Monitor Device Component|C1704646|[mnob]|["Monitor"-tx-27-"monitored"-verb-0,"Monitor"-tx-23-"monitored"-verb-0]|TX|3977/9;3421/9|
00000000|MMI|6.92|Monitor, occupation|C1521743|[prog]|["Monitor"-tx-27-"monitored"-verb-0,"Monitor"-tx-23-"monitored"-verb-0]|TX|3977/9;3421/9|
00000000|MMI|6.92|Monitoring Device|C0596972|[medd]|["Monitor"-tx-27-"monitored"-verb-0,"Monitor"-tx-23-"monitored"-verb-0]|TX|3977/9;3421/9|
00000000|MMI|6.92|Preventive monitoring|C0150369|[hlca]|["monitor"-tx-27-"monitored"-verb-0,"monitor"-tx-23-"monitored"-verb-0]|TX|3977/9;3421/9|
00000000|MMI|6.66|MRC1 gene|C1417249|[gngm]|["MR"-tx-49-"Mr"-noun-0,"MR"-tx-37-"MR"-noun-0]|TX|6011/2;5096/2|
00000000|MMI|6.66|Medications:-:Point in time:^Patient:-|C2598133|[clna]|["Medications"-tx-9-"MEDICATIONS"-noun-0,"Medications"-tx-8-"medications"-noun-0]|TX|1568/11;949/11|
00000000|MMI|6.66|Medications:Presence or Identity:Duration of the study:^Patient:Nominal|C0802604|[clna]|["Medications"-tx-9-"MEDICATIONS"-noun-0,"Medications"-tx-8-"medications"-noun-0]|TX|1568/11;949/11|
00000000|MMI|6.66|Minor Response|C4050513|[fndg]|["MR"-tx-49-"Mr"-noun-0,"MR"-tx-37-"MR"-noun-0]|TX|6011/2;5096/2|
00000000|MMI|6.66|Mr. - Title|C2347167|[cnce]|["Mr."-tx-49-"Mr"-noun-0,"Mr."-tx-37-"MR"-noun-0]|TX|6011/2;5096/2|
00000000|MMI|6.66|Pharmaceutical Preparations|C0013227|[phsu]|["Medications"-tx-9-"MEDICATIONS"-noun-0,"Medications"-tx-8-"medications"-noun-0]|TX|1568/11;949/11|D26
00000000|MMI|6.53|Times|C1632851|[qnco]|["Times"-tx-9-"times"-noun-0,"Times"-tx-8-"times"-noun-0]|TX|1700/5;1560/5|
00000000|MMI|6.51|Decreased|C0205216|[qnco]|["Decreased"-tx-36-"decreased"-verb-0,"Decreased"-tx-29-"decreased"-verb-0]|TX|4964/9;4065/9|
00000000|MMI|6.51|Reduced|C0392756|[qlco]|["Decreased"-tx-36-"decreased"-verb-0,"Decreased"-tx-29-"decreased"-verb-0]|TX|4964/9;4065/9|
00000000|MMI|6.50|Finding of sodium level|C0428291|[lbtr]|["levels sodium"-tx-26-"sodium levels"-noun-0,"Sodium level"-tx-24-"sodium levels"-noun-1]|TX|3899/13;3515/13|
00000000|MMI|6.48|Echo (insect)|C1655045|[euka]|["Echo"-tx-37-"echo"-noun-0,"Echo"-tx-2-"echo"-noun-0]|TX|5032/4;354/4|
00000000|MMI|6.48|Very good|C3641222|[qlco]|["Very Good"-tx-39-"very good"-adj-0,"Very Good"-tx-21-"very good"-adj-0]|TX|5293/9;3120/9|
00000000|MMI|6.46|Current (present time)|C0521116|[tmco]|["CURRENT"-tx-48-"current"-adj-0,"Currently"-tx-8-"Currently"-adv-0]|TX|5934/7;781/9|
00000000|MMI|6.44|Further|C1517331|[spco]|["Further"-tx-25-"further"-adj-0,"Further"-tx-20-"further"-adv-0]|TX|3687/7;2919/7|
00000000|MMI|6.44|Patient Outcome - Worsening|C1546960|[idcn]|["Worsening"-tx-25-"worsening"-noun-0,"Worsening"-tx-8-"worsening"-verb-0]|TX|3695/9;1033/9|
00000000|MMI|6.44|Worse|C1457868|[fndg]|["Worsening"-tx-25-"worsening"-noun-0,"Worsening"-tx-8-"worsening"-verb-0]|TX|3695/9;1033/9|
00000000|MMI|6.44|Worsening pattern|C0332271|[qlco]|["Worsening"-tx-25-"worsening"-noun-0,"Worsening"-tx-8-"worsening"-verb-0]|TX|3695/9;1033/9|
00000000|MMI|6.41|List|C0745732|[cnce]|["List"-tx-48-"listed"-verb-0,"List"-tx-8-"list"-noun-0]|TX|5959/6;1339/4|
00000000|MMI|6.41|Sequence Data Type|C3272378|[inpr]|["LIST"-tx-48-"listed"-verb-0,"LIST"-tx-8-"list"-noun-0]|TX|5959/6;1339/4|
00000000|MMI|6.38|24 Hours|C1442770|[tmco]|["24 Hours"-tx-34-"24 hours"-noun-0,"24 Hours"-tx-31-"24 hours"-noun-0]|TX|4713/8;4395/8|
00000000|MMI|6.38|24 hour time frame|C0439584|[tmco]|["24 hours"-tx-34-"24 hours"-noun-0,"24 hours"-tx-31-"24 hours"-noun-0]|TX|4713/8;4395/8|
00000000|MMI|6.38|per 24 hours|C0456696|[tmco]|["/24 hours"-tx-34-"24 hours"-noun-0,"/24 hours"-tx-31-"24 hours"-noun-0]|TX|4713/8;4395/8|
00000000|MMI|6.38|milligram/day|C0439422|[qnco]|["mg/d"-tx-40-"mg d"-noun-0,"mg/d"-tx-16-"mg d"-noun-0]|TX|5462/2,5469/1;2441/2,2448/1|
00000000|MMI|6.34|0%|C3842591|[fndg]|["0%"-tx-19-"0"-real_number-0,"0%"-tx-9-"0"-real_number-0]|TX|2695/1;1722/1|
00000000|MMI|6.34|Attending (action)|C1999232|[ftcn]|["attending"-tx-52-"Attending"-noun-0,"attending"-tx-1-"ATTENDING"-noun-0]|TX|6304/9;27/9|
00000000|MMI|6.34|Attending (provider role)|C1547429|[prog]|["Attending"-tx-52-"Attending"-noun-0,"Attending"-tx-1-"ATTENDING"-noun-0]|TX|6304/9;27/9|
00000000|MMI|6.30|Kilogram|C0439209|[qnco]|["kg"-tx-22-"kg"-noun-0,"kg"-tx-21-"kg"-noun-0]|TX|3413/2;3290/2|
00000000|MMI|6.30|Per Kilogram|C4054209|[qnco]|["/kg"-tx-22-"kg"-noun-0,"/kg"-tx-21-"kg"-noun-0]|TX|3413/2;3290/2|
00000000|MMI|6.28|Isosorbide Dinitrate 10 MG|C1171088|[clnd]|["Isosorbide Dinitrate 10 MG"-tx-42-"Isordil 10 mg"-noun-0,"Isosorbide Dinitrate 10 MG"-tx-34-"Isordil 10 mg"-noun-0]|TX|5499/13;4676/7,4687/5|
00000000|MMI|6.25|All of the Time|C3812891|[inpr]|["Always"-tx-35-"always"-adv-0,"Always"-tx-8-"always"-adv-0]|TX|4803/6;931/6|
00000000|MMI|6.25|Always (frequency)|C2003902|[tmco]|["Always"-tx-35-"always"-adv-0,"Always"-tx-8-"always"-adv-0]|TX|4803/6;931/6|
00000000|MMI|6.19|Half|C2825407|[qnco]|["Half"-tx-22-"half"-noun-0,"Half"-tx-10-"half"-noun-0]|TX|3330/4;1859/4|
00000000|MMI|6.19|Lot (entire collection)|C1518000|[qlco]|["Lot"-tx-24-"lot"-noun-0,"Lot"-tx-8-"lot"-noun-0]|TX|3588/3;868/3|
00000000|MMI|6.19|Lot Number|C1115660|[inpr]|["LOT"-tx-24-"lot"-noun-0,"LOT"-tx-8-"lot"-noun-0]|TX|3588/3;868/3|
00000000|MMI|6.19|Stock (in-store merchandise)|C1710198|[idcn]|["Lot"-tx-24-"lot"-noun-0,"Lot"-tx-8-"lot"-noun-0]|TX|3588/3;868/3|
00000000|MMI|6.18|Dosage|C0178602|[qnco]|["DOSE"-tx-35-"dose"-noun-0,"DOSE"-tx-32-"dose"-noun-0]|TX|4886/4;4438/4|
00000000|MMI|6.18|Dose number:Number:Point in time:^Patient:Quantitative|C1114758|[clna]|["Dose #"-tx-35-"dose"-noun-0,"Dose #"-tx-32-"dose"-noun-0]|TX|4886/4;4438/4|
00000000|MMI|6.18|Unit dose|C0869039|[qnco]|["Dose"-tx-35-"dose"-noun-0,"Dose"-tx-32-"dose"-noun-0]|TX|4886/4;4438/4|
00000000|MMI|6.18|Combined|C0205195|[qlco]|["Combination"-tx-25-"combination"-noun-0,"Combination"-tx-21-"combination"-noun-0]|TX|3612/11;3026/11|
00000000|MMI|6.18|combination - answer to question|C3811910|[fndg]|["Combination"-tx-25-"combination"-noun-0,"Combination"-tx-21-"combination"-noun-0]|TX|3612/11;3026/11|
00000000|MMI|6.18|combination of objects|C1947911|[phob]|["Combination"-tx-25-"combination"-noun-0,"Combination"-tx-21-"combination"-noun-0]|TX|3612/11;3026/11|
00000000|MMI|6.17|Liter Per Day|C0475219|[qnco]|["Liter Per Day"-tx-32-"liters per day"-noun-0,"Liter Per Day"-tx-26-"liters per day"-noun-0]|TX|4569/6,4585/7;3858/14|
00000000|MMI|6.17|microgram|C0439211|[qnco]|["mcg"-tx-21-"mcg"-noun-0,"mcg"-tx-19-"mcg"-noun-0]|TX|3088/3;2838/3|
00000000|MMI|6.17|miscellaneous Crenarchaeota group|C3463985|[arch]|["MCG"-tx-21-"mcg"-noun-0,"MCG"-tx-19-"mcg"-noun-0]|TX|3088/3;2838/3|
00000000|MMI|6.13|Additional|C1524062|[ftcn]|["Added"-tx-44-"added"-adj-0,"Added"-tx-34-"added"-verb-0]|TX|5549/5;4666/5|
00000000|MMI|6.12|Fluid intake|C0429791|[clna]|["Fluid intake"-tx-26-"fluid intake"-noun-0,"Fluid intake"-tx-7-"fluid intake"-noun-0]|TX|3830/12;697/12|
00000000|MMI|6.07|Home environment|C0442519|[cnce]|["HOME"-tx-52-"home"-noun-0,"HOME"-tx-31-"home"-noun-0]|TX|6225/4;4356/4|
00000000|MMI|6.07|Approximate|C0332232|[qlco]|["About"-tx-33-"about"-adv-0,"Approximately"-tx-21-"approximately"-adv-0]|TX|4607/5;3160/13|
00000000|MMI|6.02|Medical|C0205476|[ftcn]|["Medical"-tx-40-"medical"-adj-0,"Medical"-tx-8-"MEDICAL"-noun-0]|TX|5389/7;1431/7|
00000000|MMI|6.02|Medical service|C0199168|[hlca]|["Medical"-tx-40-"medical"-adj-0,"Medical"-tx-8-"MEDICAL"-noun-0]|TX|5389/7;1431/7|
00000000|MMI|6.02|C-Circle|C3538933|[celc]|["CC"-tx-32-"cc"-noun-0,"CC"-tx-20-"cc"-noun-0]|TX|4519/2;2899/2|
00000000|MMI|6.01|90%|C3842582|[fndg]|["90%"-tx-34-"90s"-noun-0,"90%"-tx-21-"90"-integer-0]|TX|4765/3;3287/2|
00000000|MMI|6.01|<90|C0439087|[qnco]|["<90"-tx-34-"90s"-noun-0,"<90"-tx-21-"90"-integer-0]|TX|4765/3;3287/2|
00000000|MMI|6.01|>90|C0439083|[qnco]|[">90"-tx-34-"90s"-noun-0,">90"-tx-21-"90"-integer-0]|TX|4765/3;3287/2|
00000000|MMI|6.00|10%|C3842590|[fndg]|["10%"-tx-20-"10"-integer-0,"10%"-tx-1-"10"-fraction-0]|TX|2957/2;16/2|
00000000|MMI|5.99|/40|C0439509|[tmco]|["/40"-tx-36-"40"-integer-0,"/40"-tx-9-"40"-integer-0]|TX|4998/2;1629/2|
00000000|MMI|5.99|40%|C3842587|[qnco]|["40%"-tx-36-"40"-integer-0,"40%"-tx-9-"40"-integer-0]|TX|4998/2;1629/2|
00000000|MMI|5.97|Empty (qualifier)|C1880497|[qlco]|["Free"-tx-25-"free"-noun-0,"Free"-tx-24-"free"-noun-0]|TX|3627/4;3595/4|
00000000|MMI|5.97|Free (available (qualifier))|C1996904|[qlco]|["Free"-tx-25-"free"-noun-0,"Free"-tx-24-"free"-noun-0]|TX|3627/4;3595/4|
00000000|MMI|5.97|Free of (attribute)|C0332296|[ftcn]|["free"-tx-25-"free"-noun-0,"free"-tx-24-"free"-noun-0]|TX|3627/4;3595/4|
00000000|MMI|5.96|Decompensated|C0205434|[qlco]|["Decompensated"-tx-8-"decompensated"-noun-0]|TX|[1147/13],[1260/13]|
00000000|MMI|5.96|Positive|C1446409|[qlco]|["Positive"-tx-12-"positive"-adj-0,"Positive"-tx-11-"positive"-adj-0]|TX|2097/8;2059/8|
00000000|MMI|5.96|Positive Charge|C2825490|[qlco]|["Positive"-tx-12-"positive"-adj-0,"Positive"-tx-11-"positive"-adj-0]|TX|2097/8;2059/8|
00000000|MMI|5.96|Positive Finding|C1514241|[fndg]|["POSITIVE"-tx-12-"positive"-adj-0,"POSITIVE"-tx-11-"positive"-adj-0]|TX|2097/8;2059/8|
00000000|MMI|5.96|Positive Number|C3812269|[cnce]|["Positive"-tx-12-"positive"-adj-0,"Positive"-tx-11-"positive"-adj-0]|TX|2097/8;2059/8|
00000000|MMI|5.96|percent positive cells|C0439178|[qnco]|["% Positive"-tx-12-"positive"-adj-0,"% Positive"-tx-11-"positive"-adj-0]|TX|2097/8;2059/8|
00000000|MMI|5.81|Comment|C0947611|[inpr]|["Comment"-tx-38-"comment"-noun-0]|TX|5114/7|V01.205;V02.267
00000000|MMI|5.81|Disruptive, Impulse Control, and Conduct Disorders|C0021122|[mobd]|["ICD"-tx-3-"ICD"-noun-0]|TX|393/3|F03.250
00000000|MMI|5.81|Published Comment|C0282411|[inpr]|["Comment"-tx-38-"comment"-noun-0]|TX|5114/7|V01.205;V02.267
00000000|MMI|5.81|Transplant|C3841811|[fndg]|["Transplant"-tx-8-"transplant"-noun-0]|TX|1328/10|A01.941
00000000|MMI|5.81|Transplantation|C0040732|[topp]|["Transplant"-tx-8-"transplant"-noun-0]|TX|1328/10|E04.936
00000000|MMI|5.81|Transplanted tissue|C0332835|[tisu]|["Transplant"-tx-8-"transplant"-noun-0]|TX|1328/10|A01.941
00000000|MMI|5.80|Male population group|C0025266|[popg]|["Man"-tx-2-"man"-noun-0]|TX|104/3|M01.390
00000000|MMI|5.77|Heart|C0018787|[bpoc]|["Cardiac"-tx-16-"cardiac"-adj-0]|TX|2365/7|A07.541
00000000|MMI|5.70|Patients|C0030705|[podg]|["*^patient"-tx-24-"patient"-noun-0]|TX|3569/7|M01.643
00000000|MMI|4.49|Able (finding)|C1299581|[fndg]|["Able"-tx-52-"able"-adj-0]|TX|6110/4|
00000000|MMI|4.49|Admission Level of Care Code - Improved|C1561611|[inpr]|["Improved"-tx-50-"improved"-verb-0]|TX|6064/8|
00000000|MMI|4.49|All extremities|C0278454|[bpoc]|["extremities"-tx-15-"extremities"-noun-0]|TX|2301/11|
00000000|MMI|4.49|Baseline|C1442488|[qnco]|["Baseline"-tx-4-"baseline"-noun-0]|TX|420/8|
00000000|MMI|4.49|Better|C0332272|[qlco]|["Improved"-tx-50-"improved"-verb-0]|TX|6064/8|
00000000|MMI|4.49|Bound (value)|C2349209|[cnce]|["Limit"-tx-26-"limit"-verb-0]|TX|3820/5|
00000000|MMI|4.49|Checking (action)|C1283174|[acty]|["Checked"-tx-23-"checked"-verb-0]|TX|3452/7|
00000000|MMI|4.49|Chest pain:Finding:Point in time:^Patient:Ordinal|C2926613|[clna]|["Chest pain"-tx-6-"chest pain"-noun-0]|TX|614/10|
00000000|MMI|4.49|Deny (action)|C2700401|[acty]|["Deny"-tx-6-"denies"-verb-0]|TX|605/6|
00000000|MMI|4.49|Dilated|C0700124|[fndg]|["Distended"-tx-14-"distended"-verb-0]|TX|2223/9|
00000000|MMI|4.49|Discharge date|C2361123|[tmco]|["Discharge date"-tx-1-"Discharge Date"-noun-0]|TX|0/14|
00000000|MMI|4.49|Discharge date:Time Stamp -- Date and Time:Point in time:^Patient:Quantitative|C2361122|[clna]|["Discharge date"-tx-1-"Discharge Date"-noun-0]|TX|0/14|
00000000|MMI|4.49|Discontinued|C1444662|[fndg]|["Discontinued"-tx-30-"discontinued"-verb-0]|TX|4252/12|
00000000|MMI|4.49|Disposition|C0743223|[idcn]|["Disposition"-tx-46-"DISPOSITION"-noun-0]|TX|5681/11|
00000000|MMI|4.49|Disposition Domain|C1705555|[inpr]|["Disposition"-tx-46-"DISPOSITION"-noun-0]|TX|5681/11|
00000000|MMI|4.49|Dry|C0205222|[qlco]|["Dry"-tx-8-"dry"-adj-0]|TX|916/3|
00000000|MMI|4.49|Dryness (characteristic)|C1512080|[qlco]|["Dry"-tx-8-"dry"-adj-0]|TX|916/3|
00000000|MMI|4.49|Ejection fraction (finding)|C2700378|[fndg]|["Ejection fraction"-tx-2-"ejection fraction"-noun-0]|TX|154/17|
00000000|MMI|4.49|Ejection fraction (procedure)|C0489482|[diap]|["ejection fraction"-tx-2-"ejection fraction"-noun-0]|TX|154/17|
00000000|MMI|4.49|Enthusiastic|C0558083|[menp]|["Eager"-tx-52-"eager"-adj-0]|TX|6213/5|
00000000|MMI|4.49|Entire abdomen|C1281594|[bpoc]|["Abdomen"-tx-14-"abdomen"-noun-0]|TX|2211/7|
00000000|MMI|4.49|Examination of heart|C0562319|[hlca]|["Cardiac exam"-tx-12-"cardiac exam"-noun-0]|TX|2078/12|
00000000|MMI|4.49|Exertion|C0015264|[orgf]|["exert"-tx-52-"exert"-verb-0]|TX|6118/5|
00000000|MMI|4.49|Fluid overload|C0546817|[dsyn]|["VOLUME OVERLOAD"-tx-9-"volume overload"-noun-0]|TX|1792/15|
00000000|MMI|4.49|GORAB gene|C1822658|[gngm]|["GO"-tx-52-"go"-verb-0]|TX|6222/2|
00000000|MMI|4.49|History of present illness|C0262512|[orga]|["HISTORY OF PRESENT ILLNESS"-tx-2-"HISTORY OF PRESENT ILLNESS"-noun-0]|TX|54/26|
00000000|MMI|4.49|History of present illness:Finding:Point in time:^Patient:Nominal:Reported|C0488508|[clna]|["History of present illness"-tx-2-"HISTORY OF PRESENT ILLNESS"-noun-0]|TX|54/26|
00000000|MMI|4.49|Hospital course|C0489547|[fndg]|["Hospital course"-tx-16-"HOSPITAL COURSE"-noun-0]|TX|2339/15|
00000000|MMI|4.49|Hospital course:Finding:Point in time:^Patient:Narrative|C0488549|[clna]|["Hospital course"-tx-16-"HOSPITAL COURSE"-noun-0]|TX|2339/15|
00000000|MMI|4.49|IV drug use|C3242635|[fndg]|["IV drug use"-tx-10-"IV drug use"-noun-1]|TX|1916/11|
00000000|MMI|4.49|Improved|C0184511|[qlco]|["Improved"-tx-50-"improved"-verb-0]|TX|6064/8|
00000000|MMI|4.49|Increased|C0205217|[qnco]|["Increased"-tx-20-"increased"-verb-0]|TX|2927/9|
00000000|MMI|4.49|Initially|C0205265|[tmco]|["Initially"-tx-16-"initially"-adv-0]|TX|2389/9|
00000000|MMI|4.49|Insomnia Adverse Event|C1963237|[fndg]|["Insomnia"-tx-45-"insomnia"-noun-0]|TX|5670/8|
00000000|MMI|4.49|Limit - Amount class|C1549649|[idcn]|["Limit"-tx-26-"limit"-verb-0]|TX|3820/5|
00000000|MMI|4.49|Limited (extensiveness)|C0439801|[ftcn]|["limit"-tx-26-"limit"-verb-0]|TX|3820/5|
00000000|MMI|4.49|Medication.discharge|C0806915|[fndg]|["Discharge medications"-tx-40-"DISCHARGE MEDICATIONS"-noun-0]|TX|5347/21|
00000000|MMI|4.49|Non-compliance|C0457432|[qlco]|["Non-compliance"-tx-8-"noncompliance"-noun-0]|TX|1378/13|
00000000|MMI|4.49|Non-tender|C0520960|[qlco]|["Nontender"-tx-14-"nontender"-adj-0]|TX|2235/9|
00000000|MMI|4.49|Pairing Events Domain|C3541314|[inpr]|["PA"-tx-2-"PA"-noun-0]|TX|305/2|
00000000|MMI|4.49|Palpitations|C0030252|[fndg]|["PALPITATIONS"-tx-6-"palpitations"-noun-1]|TX|627/12|
00000000|MMI|4.49|Palpitations Adverse Event|C3160712|[fndg]|["Palpitations"-tx-6-"palpitations"-noun-1]|TX|627/12|
00000000|MMI|4.49|Paroxysmal nocturnal dyspnea|C1956415|[dsyn]|["Paroxysmal nocturnal dyspnoea"-tx-5-"paroxysmal nocturnal dyspnea"-noun-0]|TX|571/28|
00000000|MMI|4.49|Patient need for (contextual qualifier)|C0686904|[ftcn]|["need"-tx-26-"need"-noun-0]|TX|3812/4|
00000000|MMI|4.49|Peripheral edema|C0085649|[fndg]|["Peripheral oedema"-tx-6-"peripheral edema"-noun-1]|TX|645/16|
00000000|MMI|4.49|Planned|C1301732|[ftcn]|["Plan"-tx-46-"plan"-noun-0]|TX|5730/4|
00000000|MMI|4.49|Potassium Drug Class|C3714637|[phsu]|["POTASSIUM"-tx-35-"potassium"-noun-0]|TX|4781/9|
00000000|MMI|4.49|Potassium Ion|C0597277|[elii,phsu]|["Potassium"-tx-35-"potassium"-noun-0]|TX|4781/9|
00000000|MMI|4.49|Potassium measurement|C0202194|[lbpr]|["Potassium+"-tx-35-"potassium"-noun-0]|TX|4781/9|
00000000|MMI|4.49|Potassium supplement|C0304475|[inch,phsu]|["POTASSIUM"-tx-35-"potassium"-noun-0]|TX|4781/9|
00000000|MMI|4.49|Social History|C3714536|[fndg]|["Social History"-tx-10-"SOCIAL HISTORY"-noun-0]|TX|1810/14|
00000000|MMI|4.49|Social and personal history|C0424945|[fndg]|["Social history"-tx-10-"SOCIAL HISTORY"-noun-0]|TX|1810/14|
00000000|MMI|4.49|Started|C1272689|[qlco]|["Started"-tx-17-"started"-verb-0]|TX|2528/7|
00000000|MMI|4.49|Stop (Instruction Imperative)|C1947925|[acty]|["Stop"-tx-48-"stop"-verb-0]|TX|5824/4|
00000000|MMI|4.49|Stop (qualifier value)|C2746065|[tmco]|["Stop"-tx-48-"stop"-verb-0]|TX|5824/4|
00000000|MMI|4.49|To be stopped|C1272691|[qlco]|["stopped"-tx-18-"stopped"-verb-0]|TX|2572/7|
00000000|MMI|4.49|Treatment Plan|C0599880|[inpr]|["Plan"-tx-46-"plan"-noun-0]|TX|5730/4|
00000000|MMI|4.49|VENTRICULAR HEAVE, RIGHT|C0241671|[fndg]|["VENTRICULAR HEAVE, RIGHT"-tx-12-"right ventricular heave"-noun-0]|TX|2145/23|
00000000|MMI|3.63|Discharge to home|C0184713|[topp]|["Discharge to home"-tx-46-"discharged to home"-noun-0]|TX|5706/18|
00000000|MMI|3.44|Long|C0205166|[qlco]|["Long"-tx-51-"longer"-adj-0]|TX|6081/6|
00000000|MMI|3.44|Long Variable|C1706317|[qlco]|["Long"-tx-51-"longer"-adj-0]|TX|6081/6|
00000000|MMI|3.44|Show|C1547282|[anim]|["Show"-tx-37-"showed"-verb-0]|TX|5054/6|
00000000|MMI|3.44|Transition (action)|C2700061|[acty]|["Transition"-tx-30-"transitioned"-verb-0]|TX|4284/12|
00000000|MMI|3.44|Transition Mutation|C0599156|[comd]|["Transition"-tx-30-"transitioned"-verb-0]|TX|4284/12|
00000000|MMI|3.44|suggestion|C1705535|[idcn]|["Suggest"-tx-8-"suggested"-verb-0]|TX|1192/9|
00000000|MMI|3.33|Lisinopril 2.5 MG|C0987218|[clnd]|["Lisinopril 2.5 MG"-tx-9-"lisinopril 2.5 mg"-noun-0]|TX|1649/17|
00000000|MMI|3.25|Homocysteine measurement|C2242817|[lbpr]|["homocysteine level"-tx-44-"homocystine level"-noun-0]|TX|5609/17|
00000000|MMI|3.25|Liver edge|C0426689|[fndg]|["Liver edge"-tx-14-"liver edge"-noun-0]|TX|2284/10|
00000000|MMI|3.25|vigilance|C0699864|[menp]|["Watchfulness"-tx-31-"watch"-noun-0]|TX|4373/5|
00000000|MMI|3.22|Salty food|C0453862|[food]|["Salty food"-tx-8-"salty foods"-noun-0]|TX|828/11|
00000000|MMI|3.19|Doctor of Medicine|C1512018|[inpr]|["M.D."-tx-1-"M.D"-noun-0]|TX|49/3|
00000000|MMI|3.19|Indication of (contextual qualifier)|C0392360|[idcn]|["reasons"-tx-48-"reasons"-noun-0]|TX|5991/7|
00000000|MMI|3.19|Regulatory Report|C3273238|[inpr]|["Report"-tx-38-"report"-noun-0]|TX|5158/6|
00000000|MMI|3.19|Report (document)|C0684224|[inpr]|["Report"-tx-38-"report"-noun-0]|TX|5158/6|
00000000|MMI|3.19|Reporting|C0700287|[hlca]|["Report"-tx-38-"report"-noun-0]|TX|5158/6|
00000000|MMI|3.19|Respiratory Domain|C2986904|[idcn]|["RE"-tx-34-"re"-verb-0]|TX|4663/2|
00000000|MMI|3.19|Retinol equivalents|C0556581|[qnco]|["{RE}"-tx-34-"re"-verb-0]|TX|4663/2|
00000000|MMI|3.18|Digoxin 0.125 MG|C0985542|[clnd]|["Digoxin 0.125 MG"-tx-40-"digoxin 0.125 mg"-noun-0]|TX|5418/16|
00000000|MMI|3.15|Attempt|C1516084|[evnt]|["Attempted"-tx-16-"attempted"-verb-0]|TX|2399/9|
00000000|MMI|3.15|Estimated|C0750572|[qnco]|["Estimated"-tx-2-"estimated"-verb-0]|TX|172/9|
00000000|MMI|3.15|Less Than|C0439092|[qnco]|["Less Than"-tx-22-"less than"-adv-0]|TX|3400/9|
00000000|MMI|3.15|3+ Answer to Question|C3838680|[fndg]|["3+"-tx-47-"3"-fraction-0]|TX|5786/1|
00000000|MMI|3.15|3+ Score|C2827736|[qnco]|["3+"-tx-47-"3"-fraction-0]|TX|5786/1|
00000000|MMI|3.15|3+ Score, WHO|C2981702|[clas]|["3+"-tx-47-"3"-fraction-0]|TX|5786/1|
00000000|MMI|3.15|<3 (qualifier value)|C0439086|[qnco]|["<3"-tx-47-"3"-fraction-0]|TX|5786/1|
00000000|MMI|3.15|Along edge (qualifier value)|C0205154|[spco]|["Edge"-tx-14-"edge"-noun-0]|TX|2290/4|
00000000|MMI|3.15|Document type|C1547673|[inpr]|["Document"-tx-52-"document"-noun-0]|TX|6241/8|
00000000|MMI|3.15|Documents|C1301746|[inpr]|["document"-tx-52-"document"-noun-0]|TX|6241/8|
00000000|MMI|3.15|Enlargement (morphologic abnormality)|C2711450|[anab]|["Enlargement"-tx-2-"enlargement"-noun-0]|TX|231/11|
00000000|MMI|3.15|Enlargement procedure|C1293134|[topp]|["Enlargement"-tx-2-"enlargement"-noun-0]|TX|231/11|
00000000|MMI|3.15|Graph Edge|C2697523|[cnce]|["Edge"-tx-14-"edge"-noun-0]|TX|2290/4|
00000000|MMI|3.14|1 - 3|C3843504|[fndg]|["1 to 3"-tx-8-"1 to 3"-prep-0]|TX|1546/1,1550/4|
00000000|MMI|3.14|Worsening exercise tolerance|C4041343|[fndg]|["Worsening exercise tolerance"-tx-8-"worsening exercise tolerance"-noun-1]|TX|995/9,1012/18|
00000000|MMI|3.14|9-10|C3843713|[fndg]|["9-10"-tx-33-"9 10"-integer-0]|TX|4613/1,4618/2|
00000000|MMI|3.12|Clinical Study Follow-up|C3274571|[hlca]|["FOLLOW-UP"-tx-46-"follow up"-adj-0]|TX|5738/9|
00000000|MMI|3.12|Consistent with|C0332290|[idcn]|["Consistent with"-tx-8-"consistent with"-adj-0]|TX|1131/15|
00000000|MMI|3.12|Follow-Up Report|C1704685|[inpr]|["Follow-Up"-tx-46-"follow up"-adj-0]|TX|5738/9|
00000000|MMI|3.12|Follow-up status|C0589120|[fndg]|["Follow-up"-tx-46-"follow up"-adj-0]|TX|5738/9|
00000000|MMI|3.12|Fraction of|C1264633|[qnco]|["Fraction of"-tx-37-"fraction of"-noun-0]|TX|5073/11|
00000000|MMI|3.12|Post|C0687676|[tmco]|["Status Post"-tx-3-"status post"-prep-0]|TX|381/11|
00000000|MMI|3.12|Secondary to|C0175668|[tmco]|["Secondary to"-tx-24-"secondary to"-adj-0]|TX|3552/12|
00000000|MMI|3.12|Status post|C0231290|[tmco]|["Status post"-tx-3-"status post"-prep-0]|TX|381/11|
00000000|MMI|3.12|follow-up|C1522577|[hlca]|["Follow Up"-tx-46-"follow up"-adj-0]|TX|5738/9|
00000000|MMI|3.12|mEq/day|C0439448|[qnco]|["mEq/day"-tx-36-"day mEq"-noun-0]|TX|5007/3,5017/3|
00000000|MMI|3.11|Ambien|C0487782|[orch,phsu]|["Ambien"-tx-45-"Ambien"-noun-0]|TX|5643/6|
00000000|MMI|3.11|Borderline low|C2711040|[qlco]|["Borderline low"-tx-35-"borderline low"-adj-0]|TX|4810/14|
00000000|MMI|3.11|Kilo|C1553029|[qnco]|["Kilo"-tx-22-"kilo"-noun-0]|TX|3338/4|
00000000|MMI|3.11|Probable diagnosis|C0332148|[qlco]|["Likely"-tx-14-"likely"-adv-0]|TX|2251/6|
00000000|MMI|3.11|Probably|C0750492|[idcn]|["Likely"-tx-14-"likely"-adv-0]|TX|2251/6|
00000000|MMI|3.11|Warmer, device|C0184348|[medd]|["Warm"-tx-15-"warm"-adj-0]|TX|2318/4|
00000000|MMI|3.11|warming process|C0687712|[npop]|["warm"-tx-15-"warm"-adj-0]|TX|2318/4|
00000000|MMI|3.10|Intrachamber:Pres:Pt:Heart.atrium.right:Qn|C4050168|[clna]|["Right atrial pressure"-tx-2-"pressures right atrium"-noun-0]|TX|308/9,329/12|
00000000|MMI|3.10|Right atrial pressure|C0456165|[clna]|["Right atrial pressure"-tx-2-"pressures right atrium"-noun-0]|TX|308/9,329/12|
00000000|MMI|3.10|Dietary history|C0425401|[fndg]|["Dietary History"-tx-7-"history dietary"-noun-0]|TX|678/7,689/7|
00000000|MMI|3.10|Shortness of breath:-:Point in time:^Patient:-|C2707305|[clna]|["Shortness of breath"-tx-52-"of shortness breath"-noun-0]|TX|6159/12,6175/6|
00000000|MMI|3.09|Breath|C0225386|[bdsu]|["Breath"-tx-4-"breath"-noun-0]|TX|498/6|
00000000|MMI|3.09|Chief complaint (finding)|C0277786|[fndg]|["Complaint"-tx-48-"complaint"-noun-0]|TX|5847/9|
00000000|MMI|3.09|Complaint:Find:Pt:^Patient:Nom|C3864418|[clna]|["Complaint"-tx-48-"complaint"-noun-0]|TX|5847/9|
00000000|MMI|3.09|Presentation|C0449450|[idcn]|["Presented"-tx-11-"presented"-verb-0]|TX|1981/9|
00000000|MMI|3.09|Short|C1806781|[qnco]|["Short"-tx-4-"short"-prep-0]|TX|489/5|
00000000|MMI|3.09|Short Value|C2350002|[qnco]|["Short"-tx-4-"short"-prep-0]|TX|489/5|
00000000|MMI|3.09|Shortened|C1282927|[qlco]|["short"-tx-4-"short"-prep-0]|TX|489/5|
00000000|MMI|3.08|% of total|C0439175|[qnco]|["% total"-tx-21-"total"-adj-0]|TX|3228/5|
00000000|MMI|3.08|Before|C0332152|[tmco]|["Leading"-tx-7-"leading"-verb-0]|TX|740/7|
00000000|MMI|3.08|Changed status|C0443172|[qnco]|["change"-tx-32-"change"-noun-0]|TX|4544/6|
00000000|MMI|3.08|Changing|C0392747|[ftcn]|["Change"-tx-32-"change"-noun-0]|TX|4544/6|
00000000|MMI|3.08|Clinical act of insertion|C0441587|[hlca]|["Placement"-tx-3-"placement"-noun-0]|TX|397/9|
00000000|MMI|3.08|Delta (difference)|C1705241|[qnco]|["Change"-tx-32-"change"-noun-0]|TX|4544/6|
00000000|MMI|3.08|Ejection as a Circumstance of Injury|C0302131|[phpr]|["Ejection"-tx-37-"ejection"-noun-0]|TX|5064/8|
00000000|MMI|3.08|Ejection as a Sports activity|C0336969|[dora]|["Ejection"-tx-37-"ejection"-noun-0]|TX|5064/8|
00000000|MMI|3.08|Ejection time|C0812388|[orga]|["ejection"-tx-37-"ejection"-noun-0]|TX|5064/8|
00000000|MMI|3.08|Electrical Current|C1705970|[npop]|["Current"-tx-48-"current"-adj-0]|TX|5934/7|
00000000|MMI|3.08|LYN gene|C0812307|[gngm]|["LYN"-tx-47-"Lyn"-noun-0]|TX|5757/3|
00000000|MMI|3.08|LYN protein, human|C1442804|[aapp,enzy]|["LYN"-tx-47-"Lyn"-noun-0]|TX|5757/3|
00000000|MMI|3.08|Leading|C1522538|[ftcn]|["Leading"-tx-7-"leading"-verb-0]|TX|740/7|
00000000|MMI|3.08|Left|C0205091|[spco]|["LEFT"-tx-2-"left"-noun-0]|TX|208/4|
00000000|MMI|3.08|Left sided|C0443246|[spco]|["Left"-tx-2-"left"-noun-0]|TX|208/4|
00000000|MMI|3.08|Marked|C1706089|[qlco]|["MARKED"-tx-2-"marked"-adj-0]|TX|201/6|
00000000|MMI|3.08|Massive|C0522501|[qlco]|["Marked"-tx-2-"marked"-adj-0]|TX|201/6|
00000000|MMI|3.08|Placement|C1524072|[qlco]|["Placement"-tx-3-"placement"-noun-0]|TX|397/9|
00000000|MMI|3.08|Placement action|C1533810|[hlca]|["Placement"-tx-3-"placement"-noun-0]|TX|397/9|
00000000|MMI|3.08|Reflecting|C0558058|[menp]|["reflected"-tx-21-"reflected"-verb-0]|TX|3211/9|
00000000|MMI|3.08|Table Cell Horizontal Align - left|C1552822|[ftcn]|["left"-tx-2-"left"-noun-0]|TX|208/4|
00000000|MMI|3.08|Time (foundation metadata concept)|C3541383|[tmco]|["Time"-tx-48-"time"-noun-0]|TX|5942/4|
00000000|MMI|3.08|Total|C0439810|[qlco]|["Total"-tx-21-"total"-adj-0]|TX|3228/5|
00000000|MMI|3.08|contextual factors|C0542559|[ftcn]|["Setting"-tx-25-"setting"-noun-0]|TX|3652/7|
00000000|MMI|3.08|{Setting}|C1318139|[qnco]|["{Setting}"-tx-25-"setting"-noun-0]|TX|3652/7|
00000000|MMI|3.08|Course|C0750729|[tmco]|["Course"-tx-24-"course"-noun-0]|TX|3486/6|
00000000|MMI|3.08|In addition to|C0332287|[ftcn]|["Plus"-tx-2-"plus"-adj-0]|TX|324/4|
00000000|MMI|3.08|Sodium Cation|C0597484|[elii]|["Sodium+"-tx-25-"sodium"-noun-0]|TX|3743/6|
00000000|MMI|3.08|Sodium Drug Class|C3714642|[phsu]|["SODIUM"-tx-25-"sodium"-noun-0]|TX|3743/6|
00000000|MMI|3.08|Sodium supplements|C3541959|[phsu]|["Sodium"-tx-25-"sodium"-noun-0]|TX|3743/6|
00000000|MMI|3.08|dictated - DocumentCompletion|C1609990|[idcn]|["Dictated"-tx-52-"Dictated"-noun-0]|TX|6273/8|
00000000|MMI|3.08|dictated - ParticipationMode|C1548384|[ftcn]|["dictated"-tx-52-"Dictated"-noun-0]|TX|6273/8|
00000000|MMI|3.07|Adjacent|C0205117|[spco]|["next"-tx-19-"next"-adj-0]|TX|2708/4|
00000000|MMI|3.07|Following|C0332282|[tmco]|["Next"-tx-19-"next"-adj-0]|TX|2708/4|
00000000|MMI|3.07|PSMD3 gene|C1419033|[gngm]|["S3"-tx-12-"S3"-noun-0]|TX|2106/2|
00000000|MMI|3.07|RPS3 gene|C1335643|[gngm]|["S3"-tx-12-"S3"-noun-0]|TX|2106/2|
00000000|MMI|3.07|S3 (sacral segmental innervation)|C1179706|[blor]|["S3"-tx-12-"S3"-noun-0]|TX|2106/2|
00000000|MMI|3.07|Testicular Cancer Serum Markers Test Result S3|C3812877|[lbtr]|["S3"-tx-12-"S3"-noun-0]|TX|2106/2|
00000000|MMI|3.07|Administration occupational activities|C0001554|[ocac]|["Management"-tx-8-"management"-noun-0]|TX|1242/10|
00000000|MMI|3.07|Management Occupations|C3273539|[ocdi]|["Management"-tx-8-"management"-noun-0]|TX|1242/10|
00000000|MMI|3.07|Management procedure|C1273870|[ocac]|["Management"-tx-8-"management"-noun-0]|TX|1242/10|
00000000|MMI|3.06|Liver palpable|C0577045|[fndg]|["Palpable liver"-tx-14-"palpable liver"-noun-0]|TX|2275/14|
00000000|MMI|3.05|Consistency|C0332529|[qlco]|["CONSIST"-tx-40-"consisted"-verb-0]|TX|5405/9|
00000000|MMI|3.05|Experimental Result|C2825142|[fndg]|["Result"-tx-25-"resulted"-verb-0]|TX|3675/8|
00000000|MMI|3.05|Result|C1274040|[ftcn]|["Result"-tx-25-"resulted"-verb-0]|TX|3675/8|
00000000|MMI|3.05|What subject filter - Result|C1546471|[idcn]|["Result"-tx-25-"resulted"-verb-0]|TX|3675/8|
00000000|MMI|3.04|Isosorbide Dinitrate 20 MG|C1256505|[clnd]|["Isosorbide Dinitrate 20 MG"-tx-9-"Isordil 20 mg"-noun-0]|TX|1680/13|
00000000|MMI|3.03|4+ Answer to question|C3838679|[fndg]|["4+"-tx-37-"4"-integer-0]|TX|5093/1|
00000000|MMI|3.03|Cardiac - anatomy qualifier|C1522601|[spco]|["Cardiac"-tx-16-"cardiac"-adj-0]|TX|2365/7|
00000000|MMI|3.03|Increasing|C0442808|[ftcn]|["Increasing"-tx-5-"increasing"-adj-0]|TX|546/10|
00000000|MMI|3.03|Preliminary|C0439611|[tmco]|["Preliminary"-tx-38-"preliminary"-adj-0]|TX|5146/11|
00000000|MMI|3.02|Encounter due to tobacco use|C0040335|[fndg]|["History of tobacco use"-tx-8-"of tobacco use HISTORY"-noun-0]|TX|1409/14,1439/7|
00000000|MMI|3.02|History of tobacco use|C0841002|[fndg]|["History of tobacco use"-tx-8-"of tobacco use HISTORY"-noun-0]|TX|1409/14,1439/7|
00000000|MMI|3.01|Borg Category-Ratio 10 Perceived Exertion Score 5|C4050466|[inpr]|["Severe"-tx-2-"severe"-adj-0]|TX|245/6|
00000000|MMI|3.01|Chamber (anatomical)|C0935616|[bpoc]|["Chamber"-tx-2-"chamber"-noun-0]|TX|223/7|
00000000|MMI|3.01|Chamber (physical object)|C0179874|[mnob]|["Chamber"-tx-2-"chamber"-noun-0]|TX|223/7|
00000000|MMI|3.01|Elevated|C3163633|[qlco]|["Elevated"-tx-44-"elevated"-adj-0]|TX|5600/8|
00000000|MMI|3.01|High|C0205250|[qlco]|["Elevated"-tx-44-"elevated"-adj-0]|TX|5600/8|
00000000|MMI|3.01|Infrequent|C0521114|[tmco]|["Occasional"-tx-10-"occasional"-adj-0]|TX|1888/10|
00000000|MMI|3.01|Last|C1517741|[qlco]|["Last"-tx-34-"last"-adj-0]|TX|4708/4|
00000000|MMI|3.01|Palpable|C0522499|[qlco]|["Palpable"-tx-14-"palpable"-adj-0]|TX|2275/8|
00000000|MMI|3.01|Right|C0205090|[spco]|["RIGHT"-tx-2-"right"-adj-0]|TX|217/5|
00000000|MMI|3.01|Right sided|C0444532|[spco]|["Right"-tx-2-"right"-adj-0]|TX|217/5|
00000000|MMI|3.01|Severe (severity modifier)|C0205082|[qlco]|["SEVERE"-tx-2-"severe"-adj-0]|TX|245/6|
00000000|MMI|3.01|Severe Extremity Pain|C4050465|[inpr]|["Severe"-tx-2-"severe"-adj-0]|TX|245/6|
00000000|MMI|3.01|One Per Day|C1170480|[orch,phsu,vita]|["One Per Day"-tx-10-"one per day"-noun-0]|TX|1855/3,1864/7|
00000000|MMI|3.00|One|C0205447|[qnco]|["ONE"-tx-4-"one"-noun-0]|TX|440/3|
00000000|MMI|3.00|QRS complex feature|C0429097|[fndg]|["QRS Complex"-tx-39-"QRS complex"-noun-0]|TX|5236/11|
00000000|MMI|3.00|Stage level 3|C0441771|[inpr]|["Stage III"-tx-39-"stage III"-noun-0]|TX|5248/9|
00000000|MMI|3.00|Staircase|C1710179|[geoa]|["Staircase"-tx-4-"staircase"-noun-0]|TX|444/9|
00000000|MMI|3.00|Twice (Numerical Qualifier)|C1948050|[qnco]|["Twice"-tx-9-"twice"-adv-0]|TX|1758/5|
00000000|MMI|3.00|Twice - dosing instruction fragment|C1720725|[inpr]|["Twice"-tx-9-"twice"-adv-0]|TX|1758/5|
00000000|MMI|3.00|Identifier|C0600091|[inpr]|["ID"-tx-52-"ID"-noun-0]|TX|6338/2|
00000000|MMI|3.00|Immune diffusion|C1441613|[lbpr]|["ID"-tx-52-"ID"-noun-0]|TX|6338/2|
00000000|MMI|3.00|Only - dosing instruction fragment|C1720467|[inpr]|["Only"-tx-20-"only"-adv-0]|TX|2884/4|
00000000|MMI|3.00|Singular|C0205171|[qnco]|["Only"-tx-20-"only"-adv-0]|TX|2884/4|
00000000|MMI|3.00|Three|C0205449|[qnco]|["Three"-tx-9-"three"-word_numeral-0]|TX|1694/5|
00000000|MMI|2.99|MILDLY|C0750532|[idcn]|["MILDLY"-tx-39-"mildly"-adv-0]|TX|5221/6|
00000000|MMI|2.99|Mild (qualifier value)|C2945599|[qlco]|["Mildly"-tx-39-"mildly"-adv-0]|TX|5221/6|
00000000|MMI|2.99|Widening|C0332464|[spco]|["widened"-tx-39-"widened"-adj-0]|TX|5228/7|
00000000|MMI|2.99|Back structure, excluding neck|C1995000|[blor]|["Back, NOS"-tx-30-"back"-adj-0]|TX|4301/4|
00000000|MMI|2.99|Back structure, including back of neck|C0460009|[blor]|["Back"-tx-30-"back"-adj-0]|TX|4301/4|
00000000|MMI|2.99|Dorsal|C0205095|[spco]|["BACK"-tx-30-"back"-adj-0]|TX|4301/4|
00000000|MMI|2.99|Edema:Finding:Point in time:^Patient:Ordinal|C1717255|[clna]|["Edema"-tx-15-"edema"-noun-0]|TX|2331/5|
00000000|MMI|2.99|Night time|C0240526|[tmco]|["Night"-tx-45-"night"-noun-0]|TX|5653/5|
00000000|MMI|2.99|Water consumption|C0013123|[orgf]|["Water Intake"-tx-25-"water intake"-noun-0]|TX|3632/12|
00000000|MMI|2.99|Admission from|C1959907|[hlca]|["Admission from"-tx-25-"from admission"-noun-0]|TX|3725/4,3733/9|
00000000|MMI|2.99|Alveolar gas volume|C0231966|[clna]|["V A"-tx-39-"a V"-noun-0]|TX|5183/1,5202/1|
00000000|MMI|2.98|6/3|C1630409|[fndg]|["20/10"-tx-29-"20 10"-integer-0]|TX|4086/2,4111/2|
00000000|MMI|2.98|One day|C3844320|[fndg]|["One day"-tx-29-"one day"-noun-0]|TX|4229/3,4238/3|
00000000|MMI|2.98|Early|C1279919|[tmco]|["Early"-tx-18-"early"-adv-0]|TX|2610/5|
00000000|MMI|2.98|History of cardiomyopathy|C4039015|[fndg]|["History of cardiomyopathy"-tx-2-"history of cardiomyopathy"-noun-0]|TX|115/10,137/14|
00000000|MMI|2.98|Intravenous Bolus|C1522229|[ftcn]|["IV BOLUS"-tx-20-"IV bolus"-noun-0]|TX|3001/2,3010/5|
00000000|MMI|2.97|Abortion consent:Finding:Point in time:^Patient:Document|C2360836|[clna]|["Patient"-tx-24-"patient"-noun-0]|TX|3569/7|
00000000|MMI|2.97|Body Fluids and Substances|C1521806|[tisu]|["Fluids"-tx-8-"fluids"-noun-0]|TX|881/6|
00000000|MMI|2.97|Clinic|C0442592|[hcro,mnob]|["Clinic"-tx-47-"Clinic"-noun-0]|TX|5776/6|
00000000|MMI|2.97|Delayed Release Dosage Form|C1707664|[bodm]|["DR"-tx-46-"Dr"-noun-0]|TX|5753/2|
00000000|MMI|2.97|Device to Subject Relationship Domain|C3540849|[inpr]|["DR"-tx-46-"Dr"-noun-0]|TX|5753/2|
00000000|MMI|2.97|Doctor - Title|C2348314|[cnce]|["Dr."-tx-46-"Dr"-noun-0]|TX|5753/2|
00000000|MMI|2.97|Hysterectomy consent:Finding:Point in time:^Patient:Document|C2360838|[clna]|["Patient"-tx-24-"patient"-noun-0]|TX|3569/7|
00000000|MMI|2.97|Liquid substance|C0302908|[sbst]|["fluids"-tx-8-"fluids"-noun-0]|TX|881/6|
00000000|MMI|2.97|Low dose|C0445550|[qnco]|["Low dose"-tx-19-"low-dose"-noun-0]|TX|2809/8|
00000000|MMI|2.97|Low-Dose Treatment|C1708745|[resa]|["Low-Dose"-tx-19-"low-dose"-noun-0]|TX|2809/8|
00000000|MMI|2.97|MOSTLY|C0750554|[idcn]|["MOSTLY"-tx-24-"mostly"-adv-0]|TX|3545/6|
00000000|MMI|2.97|Sterilization consent:Finding:Point in time:^Patient:Document|C2360840|[clna]|["Patient"-tx-24-"patient"-noun-0]|TX|3569/7|
00000000|MMI|2.97|THYROID DIAGNOSTIC RADIOPHARMACEUTICALS|C3540038|[irda]|["THYROID"-tx-47-"Thyroid"-noun-0]|TX|5768/7|
00000000|MMI|2.97|Water Specimen|C1550678|[inch]|["Water"-tx-24-"water"-noun-0]|TX|3600/5|
00000000|MMI|2.97|Well|C3146287|[mnob]|["Well"-tx-17-"well"-adv-0]|TX|2481/4|
00000000|MMI|2.97|1+|C3816745|[fndg]|["1+"-tx-52-"1"-integer-0]|TX|6251/1|
00000000|MMI|2.97|1+ Score|C2827734|[qnco]|["1+"-tx-52-"1"-integer-0]|TX|6251/1|
00000000|MMI|2.97|1+ Score, WHO|C2981698|[clas]|["1+"-tx-52-"1"-integer-0]|TX|6251/1|
00000000|MMI|2.97|ETS Variant Gene 6 Protein|C0254343|[aapp,bacs]|["TEL"-tx-52-"Tel"-noun-0]|TX|6269/3|
00000000|MMI|2.97|ETV6 gene|C0796520|[gngm]|["TEL"-tx-52-"Tel"-noun-0]|TX|6269/3|
00000000|MMI|2.97|Pacing up and down|C0562458|[inbe]|["Pacing"-tx-39-"pacing"-noun-0]|TX|5204/6|
00000000|MMI|2.97|Telecommunication Address Data Type|C3272379|[inpr]|["TEL"-tx-52-"Tel"-noun-0]|TX|6269/3|
00000000|MMI|2.97|Hepatojugular reflux|C0239949|[fndg]|["HJR"-tx-11-"HJR"-noun-0]|TX|2068/3|
00000000|MMI|2.97|MPI gene|C1417244|[gngm]|["PMI"-tx-12-"PMI"-noun-0]|TX|2132/3|
00000000|MMI|2.97|PMM2 gene|C1418674|[gngm]|["PMI"-tx-12-"PMI"-noun-0]|TX|2132/3|
00000000|MMI|2.97|Past|C1444637|[tmco]|["Past"-tx-8-"PAST"-noun-0]|TX|1426/4|
00000000|MMI|2.97|Prostate Mechanical Imager|C4049974|[medd]|["PMI"-tx-12-"PMI"-noun-0]|TX|2132/3|
00000000|MMI|2.97|Spatial Displacement|C0012727|[spco]|["Displaced"-tx-12-"displaced"-adj-0]|TX|2122/9|
00000000|MMI|2.97|Standing position|C0231472|[phsf]|["STANDING"-tx-36-"standing"-adj-0]|TX|4978/8|
00000000|MMI|2.97|TMEM11 gene|C1823304|[gngm]|["PMI"-tx-12-"PMI"-noun-0]|TX|2132/3|
00000000|MMI|2.97|Within|C0332285|[spco]|["Of"-tx-18-"of"-prep-0]|TX|2627/2|
00000000|MMI|2.96|Effective|C1704419|[qlco]|["Effective"-tx-21-"effective"-adj-0]|TX|3134/9|
00000000|MMI|2.96|Effectiveness|C1280519|[qlco]|["effective"-tx-21-"effective"-adj-0]|TX|3134/9|
00000000|MMI|2.96|Evaluation and management note:Finding:Point in time:{Setting}:Document:{Provider}|C1316572|[clna]|["Note"-tx-8-"note"-noun-0]|TX|1293/4|
00000000|MMI|2.96|Note (document)|C1317574|[inpr]|["Note"-tx-8-"note"-noun-0]|TX|1293/4|
00000000|MMI|2.96|Familial|C0241888|[ftcn]|["FAMILIAL"-tx-2-"familial"-adj-0]|TX|128/8|
00000000|MMI|2.96|Old|C0580836|[tmco]|["Old"-tx-2-"old"-noun-0]|TX|100/3|
00000000|MMI|2.96|per year|C0439508|[tmco]|["/Year"-tx-2-"year"-noun-0]|TX|95/4|
00000000|MMI|2.96|year|C0439234|[tmco]|["YEAR"-tx-2-"year