00000000|MMI|3.65|Report status|C0586177|[fndg]|["Report status"-tx-1-"Report Status"-noun-0]|TX|127/13|
00000000|MMI|3.63|Admission date:Time Stamp -- Date and Time:Point in time:^Patient:Quantitative|C2598112|[clna]|["Admission date"-tx-1-"Admission Date"-noun-0]|TX|101/14|
00000000|MMI|3.63|Date of admission|C1302393|[tmco]|["Admission date"-tx-1-"Admission Date"-noun-0]|TX|101/14|
00000000|MMI|3.59|Pyrexia of unknown origin (excl puerperal)|C0856281|[sosy]|["puo"-tx-1-"PUO"-noun-0]|TX|12/3|
00000000|MMI|3.48|Discharge summarization note:Finding:Point in time:{Setting}:Document:{Provider}|C0801840|[clna]|["Discharge summary"-tx-1-"Discharge Summary"-noun-0]|TX|64/17|
00000000|MMI|3.48|Discharge summary|C0743221|[inpr]|["Discharge summary"-tx-1-"Discharge Summary"-noun-0]|TX|64/17|
00000000|MMI|3.46|10%|C3842590|[fndg]|["10%"-tx-1-"10"-fraction-0]|TX|117/2|
00000000|MMI|3.46|Diagnostic interview schedule|C0451119|[inpr]|["DIS"-tx-1-"DIS"-noun-0]|TX|95/3|
00000000|MMI|3.46|Discontinued|C1444662|[fndg]|["DIS"-tx-1-"DIS"-noun-0]|TX|95/3|
00000000|MMI|274.07|Patients|C0030705|[podg]|["*^patient"-tx-24-"patient"-noun-0,"*^patient"-tx-23-"patient"-noun-0,"*^patient"-tx-22-"patient"-noun-0,"*^patient"-tx-21-"patient"-noun-0,"*^patient"-tx-20-"patient"-noun-0,"*^patient"-tx-18-"patient"-noun-0,"*^patient"-tx-17-"patient"-noun-0,"*^patient"-tx-16-"patient"-noun-0,"*^patient"-tx-13-"patient"-noun-0,"*^patient"-tx-12-"patient"-noun-0,"*^patient"-tx-10-"patient"-noun-0,"*^patient"-tx-8-"patient"-noun-0,"*^patient"-tx-7-"patient"-noun-0,"*^patient"-tx-6-"patient"-noun-0,"*^patient"-tx-5-"patient"-noun-0]|TX|2112/7;1995/7;1929/7;1842/7;1756/7;1610/7;1521/7;1386/7;1057/7;958/7;805/7;607/7;532/7;480/7;278/7|M01.643
00000000|MMI|170.37|Abortion consent:Finding:Point in time:^Patient:Document|C2360836|[clna]|["Patient"-tx-24-"patient"-noun-0,"Patient"-tx-23-"patient"-noun-0,"Patient"-tx-22-"patient"-noun-0,"Patient"-tx-21-"patient"-noun-0,"Patient"-tx-20-"patient"-noun-0,"Patient"-tx-18-"patient"-noun-0,"Patient"-tx-17-"patient"-noun-0,"Patient"-tx-16-"patient"-noun-0,"Patient"-tx-13-"patient"-noun-0,"Patient"-tx-12-"patient"-noun-0,"Patient"-tx-10-"patient"-noun-0,"Patient"-tx-8-"patient"-noun-0,"Patient"-tx-7-"patient"-noun-0,"Patient"-tx-6-"patient"-noun-0,"Patient"-tx-5-"patient"-noun-0]|TX|2112/7;1995/7;1929/7;1842/7;1756/7;1610/7;1521/7;1386/7;1057/7;958/7;805/7;607/7;532/7;480/7;278/7|
00000000|MMI|170.37|Hysterectomy consent:Finding:Point in time:^Patient:Document|C2360838|[clna]|["Patient"-tx-24-"patient"-noun-0,"Patient"-tx-23-"patient"-noun-0,"Patient"-tx-22-"patient"-noun-0,"Patient"-tx-21-"patient"-noun-0,"Patient"-tx-20-"patient"-noun-0,"Patient"-tx-18-"patient"-noun-0,"Patient"-tx-17-"patient"-noun-0,"Patient"-tx-16-"patient"-noun-0,"Patient"-tx-13-"patient"-noun-0,"Patient"-tx-12-"patient"-noun-0,"Patient"-tx-10-"patient"-noun-0,"Patient"-tx-8-"patient"-noun-0,"Patient"-tx-7-"patient"-noun-0,"Patient"-tx-6-"patient"-noun-0,"Patient"-tx-5-"patient"-noun-0]|TX|2112/7;1995/7;1929/7;1842/7;1756/7;1610/7;1521/7;1386/7;1057/7;958/7;805/7;607/7;532/7;480/7;278/7|
00000000|MMI|170.37|Sterilization consent:Finding:Point in time:^Patient:Document|C2360840|[clna]|["Patient"-tx-24-"patient"-noun-0,"Patient"-tx-23-"patient"-noun-0,"Patient"-tx-22-"patient"-noun-0,"Patient"-tx-21-"patient"-noun-0,"Patient"-tx-20-"patient"-noun-0,"Patient"-tx-18-"patient"-noun-0,"Patient"-tx-17-"patient"-noun-0,"Patient"-tx-16-"patient"-noun-0,"Patient"-tx-13-"patient"-noun-0,"Patient"-tx-12-"patient"-noun-0,"Patient"-tx-10-"patient"-noun-0,"Patient"-tx-8-"patient"-noun-0,"Patient"-tx-7-"patient"-noun-0,"Patient"-tx-6-"patient"-noun-0,"Patient"-tx-5-"patient"-noun-0]|TX|2112/7;1995/7;1929/7;1842/7;1756/7;1610/7;1521/7;1386/7;1057/7;958/7;805/7;607/7;532/7;480/7;278/7|
00000000|MMI|34.72|Portugal|C0032729|[geoa]|["PO"-tx-25-"po"-noun-0]|TX|[2214/2],[2253/2],[2281/2],[2314/2]|Z01.542.727
00000000|MMI|33.77|Patient Discharge|C0030685|[hlca]|["Discharge"-tx-25-"discharge"-noun-0,"Discharged"-tx-24-"discharged"-verb-0]|TX|2178/9;2124/10|E02.204.125;E02.760.400.610;N02.421.192.125;N02.421.585.400.610;N04.590.233.727.210.125
00000000|MMI|33.63|Angina Pectoris|C0002962|[fndg]|["ANGINA"-tx-8-"angina"-noun-0,"ANGINA"-tx-7-"angina"-noun-0]|TX|627/6;566/6|C10.597.617.192.500;C14.280.647.187;C14.907.585.187;C23.888.592.612.233.500
00000000|MMI|30.97|Togo|C0040363|[geoa]|["TO"-tx-16-"to"-adv-0,"TO"-tx-6-"to"-adv-0]|TX|1404/2;494/2|Z01.058.290.190.800
00000000|MMI|30.97|Tryptophanase|C0041260|[aapp,enzy]|["TO"-tx-16-"to"-adv-0,"TO"-tx-6-"to"-adv-0]|TX|1404/2;494/2|D08.811.520.224.800
00000000|MMI|28.53|Coronary Arteriosclerosis|C0010054|[dsyn]|["Atherosclerosis of coronary artery"-tx-16-"atherosclerosis of coronary arteries"-noun-0,"coronary artery disease"-tx-1-"CORONARY ARTERY DISEASE"-noun-0]|TX|1433/18,1456/17;47/23|C14.280.647.250.260;C14.907.137.126.339;C14.907.585.250.260
00000000|MMI|28.43|Coronary Artery Bypass Surgery|C0010055|[topp]|["Coronary Artery Bypass Grafting"-tx-9-"coronary artery bypass grafting"-noun-0,"Coronary Artery Bypass Grafting"-tx-5-"coronary artery bypass grafting"-noun-0]|TX|750/31;365/31|E04.100.376.719.332;E04.100.814.868.750;E04.928.220.520.220
00000000|MMI|28.24|Cardiac Catheterization Procedures|C0018795|[hlca]|["Cardiac catheterisation"-tx-10-"cardiac catheterization"-noun-0,"Cardiac catheterisation"-tx-9-"cardiac catheterization"-noun-0]|TX|823/23;713/23|E01.370.370.380.140;E02.148.442;E05.157.250
00000000|MMI|27.95|Postoperative Period|C0032790|[tmco]|["Postoperative"-tx-23-"postoperative"-adj-0,"Postoperative"-tx-18-"postoperative"-adj-0]|TX|2072/13;1641/13|E04.614.750;N02.421.585.753.750
00000000|MMI|23.62|Date Fruit|C2348077|[food]|["Dates"-tx-6-"dates"-verb-0]|TX|440/5|B01.650.940.800.575.100.093.615
00000000|MMI|22.57|Diurese|C0719972|[orch,phsu]|["Diurese"-tx-22-"diuresed"-verb-0]|TX|1937/8|D02.886.590.700.135.261.476.716;D02.886.655.500.261.476.716;D03.438.174.261.476.716
00000000|MMI|22.56|Endarterectomy|C0014098|[topp]|["ENDARTERECTOMY"-tx-19-"endarterectomy"-noun-0,"ENDARTERECTOMY"-tx-4-"ENDARTERECTOMY"-noun-0]|TX|1735/14;229/14|E04.100.814.456
00000000|MMI|19.55|Adrenergic beta-Antagonists|C0001645|[phsu]|["Beta blockers"-tx-22-"beta blockers"-noun-0]|TX|1975/13|D27.505.519.625.050.200.200;D27.505.696.577.050.200.200
00000000|MMI|18.15|Carafate|C0740157|[orch,phsu]|["Carafate"-tx-25-"Carafate"-noun-0]|TX|2263/8|D02.691.925;D02.886.740.299;D09.698.629.305.770.850
00000000|MMI|18.15|Colace|C0282139|[orch,phsu]|["Colace"-tx-25-"Colace"-noun-0]|TX|2337/6|D02.241.081.337.759.249
00000000|MMI|18.15|Hypercholesterolemia|C0020443|[dsyn]|["HYPERCHOLESTEROLEMIA"-tx-3-"HYPERCHOLESTEROLEMIA"-noun-0]|TX|88/20|C18.452.584.500.500.396
00000000|MMI|17.84|Time|C0040223|[tmco]|["times"-tx-13-"times"-noun-0,"TIME"-tx-7-"time"-noun-0,"times"-tx-4-"TIMES"-noun-0]|TX|1107/5;584/4;154/5|G01.910
00000000|MMI|16.81|Tenormin|C0592168|[orch,phsu]|["Tenormin"-tx-25-"Tenormin"-noun-0]|TX|2197/8|D02.033.100.624.698.070;D02.033.755.624.698.070;D02.092.063.624.698.070
00000000|MMI|16.76|Sinus Tachycardia|C0039239|[dsyn]|["SINUS TACHYCARDIA"-tx-23-"sinus tachycardia"-noun-0]|TX|2039/17|C14.280.067.845.880.845;C23.550.073.845.880.845
00000000|MMI|15.95|Taken|C1883727|[cnce]|["Taken"-tx-17-"taken"-verb-0,"Taken"-tx-15-"taken"-verb-0,"Taken"-tx-14-"taken"-verb-0,"Taken"-tx-12-"taken"-verb-0]|TX|1533/5;1338/5;[1192/5],[1272/5];970/5|
00000000|MMI|15.42|Coronary Artery Disease|C1956346|[dsyn]|["CORONARY ARTERY DISEASE"-tx-1-"CORONARY ARTERY DISEASE"-noun-0]|TX|47/23|C14.280.647.250.260;C14.907.137.126.339;C14.907.585.250.260
00000000|MMI|14.15|Dextran 40|C0011793|[orch,phsu]|["low molecular weight dextran"-tx-19-"low molecular weight Dextran"-noun-0]|TX|1685/28|D05.750.078.562.272;D09.698.365.272
00000000|MMI|14.07|Heart Bypass, Right|C0242838|[topp]|["Right Coronary Artery Bypass Grafting"-tx-4-"CORONARY ARTERY BYPASS GRAFTING RIGHT"-noun-0]|TX|122/31,171/5|E04.035.410;E04.100.376.410;E04.100.814.868.875;E04.928.220.370
00000000|MMI|14.06|Fluorides|C0016327|[inch,phsu]|["F-"-tx-26-"F"-noun-0]|TX|2363/1|D01.248.497.158.380;D01.303.350.300
00000000|MMI|13.96|Mediastinum|C0025066|[blor]|["Mediastinal"-tx-21-"mediastinal"-adj-0]|TX|1892/11|A01.923.761.800.500
00000000|MMI|13.93|Probability|C0033204|[qnco]|["Probable"-tx-9-"probable"-adj-0]|TX|741/8|E05.318.740.600;G17.680;N05.715.360.750.625;N06.850.520.830.600
00000000|MMI|12.69|Coronary heart disease|C0010068|[dsyn]|["Coronary (artery) disease"-tx-1-"CORONARY ARTERY DISEASE"-noun-0]|TX|47/23|C14.280.647.250;C14.907.585.250
00000000|MMI|12.69|ferrous sulfate|C0060282|[inch,phsu]|["Iron sulphate"-tx-25-"iron sulfate"-noun-0]|TX|2292/12|x.x.x.x
00000000|MMI|12.37|Oral|C0442027|[spco]|["PO"-tx-25-"po"-noun-0]|TX|[2214/2],[2253/2],[2281/2],[2314/2]|
00000000|MMI|11.35|intensive care unit|C0021708|[hcro,mnob]|["INTENSIVE CARE UNIT"-tx-17-"Intensive Care Unit"-noun-0]|TX|1546/19|N02.278.388.493
00000000|MMI|11.32|Operating Room|C0029064|[hcro,mnob]|["OPERATING ROOM"-tx-12-"Operating Room"-noun-0]|TX|983/14|N02.278.388.700
00000000|MMI|11.27|Tachycardia|C0039231|[patf]|["TACHYCARDIA"-tx-23-"tachycardia"-noun-0]|TX|2045/11|C14.280.067.845;C23.550.073.845
00000000|MMI|11.27|Evaluation|C0220825|[hlca]|["Evaluation"-tx-5-"evaluation"-noun-0]|TX|397/10|E05.337;N05.715.360.335
00000000|MMI|11.17|Falls|C0085639|[fndg]|["FALL"-tx-6-"fall"-noun-0]|TX|458/4|N06.850.135.122
00000000|MMI|9.95|Chest Tubes|C0008034|[medd]|["Chest Tubes"-tx-21-"chest tubes"-noun-0]|TX|1876/11|E07.858.150
00000000|MMI|9.95|Hypertensive disease|C0020538|[dsyn]|["HYPERTENSION"-tx-2-"HYPERTENSION"-noun-0]|TX|73/12|C14.907.489
00000000|MMI|9.95|Methods aspects|C0025664|[inpr]|["procedures"-tx-4-"PROCEDURES"-noun-0]|TX|110/10|x.x.x
00000000|MMI|9.02|Doctor of Medicine|C1512018|[inpr]|["M.D."-tx-28-"M.D"-noun-0,"M.D."-tx-27-"M.D"-noun-0]|TX|2471/3;2380/3|
00000000|MMI|9.02|Experience|C0596545|[menp]|["experiences"-tx-8-"experiences"-verb-0,"Experience"-tx-6-"experience"-verb-0]|TX|615/11;497/10|
00000000|MMI|9.02|Practice Experience|C0237607|[menp]|["experience"-tx-8-"experiences"-verb-0,"experience"-tx-6-"experience"-verb-0]|TX|615/11;497/10|
00000000|MMI|9.02|To|C1883351|[qlco]|["To"-tx-16-"to"-adv-0,"To"-tx-6-"to"-adv-0]|TX|1404/2;494/2|
00000000|MMI|8.91|Tracheal Extubation|C0553891|[topp]|["Extubate"-tx-21-"extubated"-verb-0]|TX|1854/9|E02.041.249;E05.008
00000000|MMI|8.74|General Anesthesia|C0002915|[topp]|["General anaesthesia"-tx-13-"general anesthesia"-noun-0]|TX|1019/7,1040/10|E03.155.197
00000000|MMI|8.72|Anesthesia, Endotracheal|C0002919|[topp]|["Endotracheal anaesthesia"-tx-13-"endotracheal anesthesia"-noun-0]|TX|1027/23|E03.155.253
00000000|MMI|8.65|Complication Aspects|C1171258|[patf]|["complications"-tx-17-"complications"-noun-1]|TX|1499/13|x.x.x
00000000|MMI|8.61|Mammary gland|C0929301|[bpoc]|["Mammary"-tx-14-"mammary"-adj-0]|TX|1180/7|A01.236.249;A10.336.532
00000000|MMI|8.53|Arteries|C0003842|[bpoc]|["Arteries"-tx-13-"arteries"-noun-0]|TX|1151/8|A07.231.114
00000000|MMI|6.66|aspirin enteric coated|C0718690|[orch,phsu]|["enteric coated aspirin"-tx-25-"enteric coated aspirin"-noun-0,"enteric coated aspirin"-tx-20-"enteric coated aspirin"-noun-0]|TX|2224/22;1779/22|
00000000|MMI|6.44|milligram/day|C0439422|[qnco]|["mg day"-tx-25-"mg day"-noun-0]|TX|[2211/2,2219/3],[2311/2,2319/3]|
00000000|MMI|6.33|Stable Disease|C0677946|[fndg]|["Stable condition"-tx-24-"stable condition"-noun-0,"Stable condition"-tx-17-"stable condition"-noun-1]|TX|2143/16;1569/16|
00000000|MMI|6.33|Stable chronic Graft vs Host Disease|C3538874|[fndg]|["Stable condition"-tx-24-"stable condition"-noun-0,"Stable condition"-tx-17-"stable condition"-noun-1]|TX|2143/16;1569/16|
00000000|MMI|6.20|Started|C1272689|[qlco]|["Started"-tx-22-"started"-verb-0,"Started"-tx-20-"started"-verb-0]|TX|1964/7;1768/7|
00000000|MMI|6.16|Three|C0205449|[qnco]|["Three"-tx-13-"three"-word_numeral-0,"Three"-tx-4-"THREE"-word_numeral-0]|TX|1113/5;160/5|
00000000|MMI|6.16|Times|C1632851|[qnco]|["Times"-tx-13-"times"-noun-0,"Times"-tx-4-"TIMES"-noun-0]|TX|1107/5;154/5|
00000000|MMI|6.10|Course|C0750729|[tmco]|["Course"-tx-23-"course"-noun-0,"Course"-tx-18-"course"-noun-0]|TX|2086/6;1655/6|
00000000|MMI|6.05|First (number)|C0205435|[qnco]|["First"-tx-20-"first"-adj-0,"First"-tx-15-"first"-adj-0]|TX|1809/5;1351/5|
00000000|MMI|6.05|Firstly|C1279901|[qlco]|["First"-tx-20-"first"-adj-0,"First"-tx-15-"first"-adj-0]|TX|1809/5;1351/5|
00000000|MMI|5.88|Breast|C0006141|[bpoc]|["Mammary"-tx-14-"mammary"-adj-0]|TX|1180/7|A01.236
00000000|MMI|5.83|Surgery, Day|C0282046|[topp]|["Day Operation"-tx-20-"day operation"-noun-0]|TX|1815/3,1826/9|E04.030
00000000|MMI|5.74|Heart|C0018787|[bpoc]|["Cardiac"-tx-6-"cardiac"-adj-0]|TX|424/7|A07.541
00000000|MMI|5.70|Work|C0043227|[ocac]|["Work"-tx-8-"work"-noun-0]|TX|653/4|I03.946
00000000|MMI|4.49|Current (present time)|C0521116|[tmco]|["Currently"-tx-8-"Currently"-adv-0]|TX|591/9|
00000000|MMI|4.49|Date in time|C0011008|[tmco]|["Dates"-tx-6-"dates"-verb-0]|TX|440/5|
00000000|MMI|4.49|Discharge date|C2361123|[tmco]|["Discharge date"-tx-1-"Discharge Date"-noun-0]|TX|0/14|
00000000|MMI|4.49|Discharge date:Time Stamp -- Date and Time:Point in time:^Patient:Quantitative|C2361122|[clna]|["Discharge date"-tx-1-"Discharge Date"-noun-0]|TX|0/14|
00000000|MMI|4.49|Disposition|C0743223|[idcn]|["Disposition"-tx-24-"DISPOSITION"-noun-0]|TX|2095/11|
00000000|MMI|4.49|Disposition Domain|C1705555|[inpr]|["Disposition"-tx-24-"DISPOSITION"-noun-0]|TX|2095/11|
00000000|MMI|4.49|Exercise-induced angina|C0577698|[sosy]|["Exertional angina"-tx-6-"exertional angina"-noun-0]|TX|508/17|
00000000|MMI|4.49|History of present illness|C0262512|[orga]|["HISTORY OF PRESENT ILLNESS"-tx-5-"HISTORY OF PRESENT ILLNESS"-noun-0]|TX|246/26|
00000000|MMI|4.49|History of present illness:Finding:Point in time:^Patient:Nominal:Reported|C0488508|[clna]|["History of present illness"-tx-5-"HISTORY OF PRESENT ILLNESS"-noun-0]|TX|246/26|
00000000|MMI|4.49|Hospital course|C0489547|[fndg]|["Hospital course"-tx-10-"HOSPITAL COURSE"-noun-0]|TX|784/15|
00000000|MMI|4.49|Hospital course:Finding:Point in time:^Patient:Narrative|C0488549|[clna]|["Hospital course"-tx-10-"HOSPITAL COURSE"-noun-0]|TX|784/15|
00000000|MMI|4.49|Hypercholesterolemia result|C1522133|[fndg]|["Hypercholesterolemia"-tx-3-"HYPERCHOLESTEROLEMIA"-noun-0]|TX|88/20|
00000000|MMI|4.49|Hypertension Adverse Event|C1963138|[fndg]|["Hypertension"-tx-2-"HYPERTENSION"-noun-0]|TX|73/12|
00000000|MMI|4.49|Interventional procedure|C0184661|[topp]|["PROCEDURES"-tx-4-"PROCEDURES"-noun-0]|TX|110/10|
00000000|MMI|4.49|Medications:-:Point in time:^Patient:-|C2598133|[clna]|["Medications"-tx-25-"MEDICATIONS"-noun-0]|TX|2162/11|
00000000|MMI|4.49|Medications:Presence or Identity:Duration of the study:^Patient:Nominal|C0802604|[clna]|["Medications"-tx-25-"MEDICATIONS"-noun-0]|TX|2162/11|
00000000|MMI|4.49|Percocet|C0086787|[orch,phsu]|["Percocet"-tx-25-"Percocet"-noun-0]|TX|2324/8|
00000000|MMI|4.49|Pharmaceutical Preparations|C0013227|[phsu]|["Medications"-tx-25-"MEDICATIONS"-noun-0]|TX|2162/11|D26
00000000|MMI|4.49|Present|C0150312|[qnco]|["Found"-tx-16-"found"-verb-0]|TX|1398/5|
00000000|MMI|4.49|Procedure (set of actions)|C2700391|[acty]|["Procedures"-tx-4-"PROCEDURES"-noun-0]|TX|110/10|
00000000|MMI|4.49|Removed|C0849355|[qlco]|["Removed"-tx-21-"removed"-verb-0]|TX|1915/7|
00000000|MMI|4.49|Right internal mammary artery|C0500531|[bpoc]|["Right internal mammary artery"-tx-14-"right internal mammary artery"-noun-0]|TX|1238/29|
00000000|MMI|4.49|Saphenous vein graft|C0729538|[bpoc]|["SAPHENOUS VEIN GRAFT"-tx-15-"saphenous vein graft"-noun-0]|TX|1313/20|
00000000|MMI|4.49|Time (foundation metadata concept)|C3541383|[tmco]|["Time"-tx-7-"time"-noun-0]|TX|584/4|
00000000|MMI|4.49|Very good|C3641222|[qlco]|["Very well"-tx-22-"very well"-adv-0]|TX|1946/9|
00000000|MMI|3.44|Beginning|C0439659|[tmco]|["Begin"-tx-6-"began"-verb-0]|TX|488/5|
00000000|MMI|3.44|Show|C1547282|[anim]|["Show"-tx-11-"showed"-verb-0]|TX|867/6|
00000000|MMI|3.28|General Anesthesia [PE]|C2930406|[phsf]|["General Anesthesia"-tx-13-"general anesthesia"-noun-0]|TX|1019/7,1040/10|
00000000|MMI|3.28|Patient History|C0679831|[hlca]|["Patient History"-tx-6-"patient's history"-noun-0]|TX|414/9,432/7|
00000000|MMI|3.28|Patient history:-:Point in time:^Patient:-|C1369882|[clna]|["Patient history"-tx-6-"patient's history"-noun-0]|TX|414/9,432/7|
00000000|MMI|3.25|One day|C3844320|[fndg]|["One day"-tx-25-"one day"-noun-0]|TX|2249/3,2258/3|
00000000|MMI|3.19|Normal sinus rhythm|C0232202|[fndg]|["NORMAL SINUS RHYTHM"-tx-23-"normal sinus rhythm"-noun-0]|TX|2015/19|
00000000|MMI|3.19|Age|C0001779|[orga]|["AGE"-tx-9-"age"-noun-0]|TX|687/3|
00000000|MMI|3.19|Complication|C0009566|[patf]|["Complications"-tx-17-"complications"-noun-1]|TX|1499/13|
00000000|MMI|3.19|Regulatory Report|C3273238|[inpr]|["Report"-tx-28-"Report"-noun-0]|TX|2411/6|
00000000|MMI|3.19|Report (document)|C0684224|[inpr]|["Report"-tx-28-"Report"-noun-0]|TX|2411/6|
00000000|MMI|3.19|Reporting|C0700287|[hlca]|["Report"-tx-28-"Report"-noun-0]|TX|2411/6|
00000000|MMI|3.19|Specimen Source Codes - Tube|C1547937|[inpr]|["Tubes"-tx-21-"tubes"-noun-0]|TX|1904/5|
00000000|MMI|3.19|Tube - unit dose|C1704474|[qnco]|["Tubes"-tx-21-"tubes"-noun-0]|TX|1904/5|
00000000|MMI|3.19|biomedical tube device|C0175730|[medd]|["tubes"-tx-21-"tubes"-noun-0]|TX|1904/5|
00000000|MMI|3.16|Principal Diagnosis:-:Point in time:^Patient:-|C2598194|[clna]|["Principal Diagnosis"-tx-1-"PRINCIPAL DIAGNOSIS"-noun-0]|TX|26/19|
00000000|MMI|3.16|Principal diagnosis|C0332137|[qlco]|["Principal Diagnosis"-tx-1-"PRINCIPAL DIAGNOSIS"-noun-0]|TX|26/19|
00000000|MMI|3.15|Right coronary artery structure|C1261316|[bpoc]|["Right Coronary Artery"-tx-14-"right coronary artery"-noun-0]|TX|1285/21|
00000000|MMI|3.15|Room type - Intensive care unit|C1549475|[idcn]|["Intensive care unit"-tx-17-"Intensive Care Unit"-noun-0]|TX|1546/19|
00000000|MMI|3.15|Endotracheal Route of Drug Administration|C1522653|[ftcn]|["ENDOTRACHEAL"-tx-13-"endotracheal"-noun-0]|TX|1027/12|
00000000|MMI|3.15|General medical service|C3812897|[hlca]|["General"-tx-13-"general"-noun-0]|TX|1019/7|
00000000|MMI|3.15|Generalized|C0205246|[spco]|["General"-tx-13-"general"-noun-0]|TX|1019/7|
00000000|MMI|3.15|Safety Reporting Documentation|C3891294|[inpr]|["General"-tx-13-"general"-noun-0]|TX|1019/7|
00000000|MMI|3.15|endotracheal|C0599554|[spco]|["Endotracheal"-tx-13-"endotracheal"-noun-0]|TX|1027/12|
00000000|MMI|3.14|Internal mammary-coronary artery bypass graft|C1293394|[topp]|["Internal mammary-coronary artery bypass graft"-tx-13-"coronary artery bypass grafting internal mammary"-noun-0]|TX|1075/31,1134/16|
00000000|MMI|3.13|Batch (Response Modality)|C1550176|[inpr]|["Batch"-tx-28-"Batch"-noun-0]|TX|2399/5|
00000000|MMI|3.13|Batch (group)|C1948031|[qnco]|["Batch"-tx-28-"Batch"-noun-0]|TX|2399/5|
00000000|MMI|3.13|Batch Number|C3641829|[inpr]|["BATCH"-tx-28-"Batch"-noun-0]|TX|2399/5|
00000000|MMI|3.12|Patient location type - Operating Room|C1578465|[spco]|["Operating Room"-tx-12-"Operating Room"-noun-0]|TX|983/14|
00000000|MMI|3.11|48 Hours|C1442464|[tmco]|["48 Hours"-tx-19-"48 hours"-noun-0]|TX|1718/8|
00000000|MMI|3.11|48 hour time frame|C0439586|[tmco]|["48 hours"-tx-19-"48 hours"-noun-0]|TX|1718/8|
00000000|MMI|3.11|Left anterior|C0441998|[spco]|["Left anterior"-tx-14-"left anterior"-adj-0]|TX|1205/13|
00000000|MMI|3.10|Dorsal|C0205095|[spco]|["Back of"-tx-6-"back of"-adj-0]|TX|446/4,463/2|
00000000|MMI|3.10|triple vessel disease|C0856738|[dsyn]|["triple vessel disease"-tx-11-"triple vessel disease"-noun-0]|TX|881/21|
00000000|MMI|3.10|Sinus Tachycardia Adverse Event|C1963246|[fndg]|["Sinus tachycardia"-tx-23-"sinus tachycardia"-noun-0]|TX|2039/17|
00000000|MMI|3.10|continuous electrocardiogram sinus tachycardia|C2108109|[fndg]|["Sinus Tachycardia"-tx-23-"sinus tachycardia"-noun-0]|TX|2039/17|
00000000|MMI|3.09|Entire nasal cavity|C1280672|[bsoj]|["Entire Sinus"-tx-23-"sinus entire"-noun-0]|TX|2039/5,2065/6|
00000000|MMI|3.09|Entire nasal sinus|C1278898|[bsoj]|["Entire Sinus"-tx-23-"sinus entire"-noun-0]|TX|2039/5,2065/6|
00000000|MMI|3.09|Entire paranasal sinus cavity|C1289341|[bsoj]|["Entire Sinus"-tx-23-"sinus entire"-noun-0]|TX|2039/5,2065/6|
00000000|MMI|3.09|Anterior descending branch of left coronary artery|C0226032|[bpoc]|["Left anterior descending artery"-tx-4-"LEFT ANTERIOR DESCENDING ARTERY"-noun-0]|TX|197/31|
00000000|MMI|3.09|Followed by|C0332283|[tmco]|["followed"-tx-7-"followed"-verb-0]|TX|549/8|
00000000|MMI|3.09|Home environment|C0442519|[cnce]|["HOME"-tx-24-"home"-noun-0]|TX|2135/4|
00000000|MMI|3.09|Referral placed|C1691010|[ftcn]|["Referred"-tx-9-"referred"-verb-0]|TX|700/8|
00000000|MMI|3.09|Referring|C0205543|[ftcn]|["referred"-tx-9-"referred"-verb-0]|TX|700/8|
00000000|MMI|3.08|Coronary artery|C0205042|[bpoc]|["Artery, Coronary"-tx-4-"CORONARY ARTERY"-noun-0]|TX|122/15|
00000000|MMI|3.08|Entire coronary artery|C1269008|[bpoc]|["Coronary artery"-tx-4-"CORONARY ARTERY"-noun-0]|TX|122/15|
00000000|MMI|3.08|dictated - DocumentCompletion|C1609990|[idcn]|["Dictated"-tx-28-"Dictated"-noun-0]|TX|2437/8|
00000000|MMI|3.08|dictated - ParticipationMode|C1548384|[ftcn]|["dictated"-tx-28-"Dictated"-noun-0]|TX|2437/8|
00000000|MMI|3.08|Descending|C0205386|[qlco]|["Descending"-tx-14-"descending"-noun-0]|TX|1219/10|
00000000|MMI|3.08|Maintaining (action)|C1314677|[ftcn]|["Maintained"-tx-19-"maintained"-verb-0]|TX|1671/10|
00000000|MMI|3.08|Sequencing - Descending|C1547177|[ftcn]|["Descending"-tx-14-"descending"-noun-0]|TX|1219/10|
00000000|MMI|3.07|Branch of|C1253959|[bpoc]|["Branch"-tx-15-"branch"-noun-0]|TX|1373/6|
00000000|MMI|3.07|Branch of plant|C2700383|[plnt]|["Branch"-tx-15-"branch"-noun-0]|TX|1373/6|
00000000|MMI|3.07|Clinical Trial Branch|C2826234|[inpr]|["BRANCH"-tx-15-"branch"-noun-0]|TX|1373/6|
00000000|MMI|3.07|Macromolecular Branch|C1881507|[chvs]|["Branch"-tx-15-"branch"-noun-0]|TX|1373/6|
00000000|MMI|3.07|Tachycardia by ECG Finding|C3827868|[fndg]|["TACHYCARDIA"-tx-23-"tachycardia"-noun-0]|TX|2045/11|
00000000|MMI|3.07|Admission activity|C0809949|[hlca]|["Admitted"-tx-5-"admitted"-verb-0]|TX|348/8|
00000000|MMI|3.07|Before|C0332152|[tmco]|["Pre"-tx-5-"pre"-adj-0]|TX|361/3|
00000000|MMI|3.07|Before values|C0740175|[qlco]|["Pre"-tx-5-"pre"-adj-0]|TX|361/3|
00000000|MMI|3.07|Evaluation procedure|C1261322|[hlca]|["Evaluation"-tx-5-"evaluation"-noun-0]|TX|397/10|
00000000|MMI|3.07|Hospital admission|C0184666|[hlca]|["admitted"-tx-5-"admitted"-verb-0]|TX|348/8|
00000000|MMI|3.07|Pure Spanish horse breed (organism)|C3669034|[mamm]|["PRE"-tx-5-"pre"-adj-0]|TX|361/3|
00000000|MMI|3.07|photoreactivating enzyme activity|C2257086|[genf]|["PRE"-tx-5-"pre"-adj-0]|TX|361/3|
00000000|MMI|3.07|Entire left margin of heart|C1305142|[blor]|["Obtuse margin"-tx-15-"obtuse marginal"-adj-0]|TX|1357/15|
00000000|MMI|3.06|Arterial system|C0226004|[bdsy]|["arteries"-tx-13-"arteries"-noun-0]|TX|1151/8|
00000000|MMI|3.06|Bilateral|C0238767|[spco]|["BILATERAL"-tx-13-"bilateral"-noun-0]|TX|1124/9|
00000000|MMI|3.03|Mediastinal|C1522718|[spco]|["Mediastinal"-tx-21-"mediastinal"-adj-0]|TX|1892/11|
00000000|MMI|3.03|Young|C0332239|[tmco]|["Young"-tx-9-"young"-adj-0]|TX|681/5|
00000000|MMI|3.03|apparent|C0750489|[idcn]|["apparent"-tx-17-"apparent"-adj-0]|TX|1490/8|
00000000|MMI|3.01|Body Fluid Discharge|C0012621|[bdsu]|["Discharge"-tx-25-"discharge"-noun-0]|TX|2178/9|
00000000|MMI|3.01|Cardiac - anatomy qualifier|C1522601|[spco]|["Cardiac"-tx-6-"cardiac"-adj-0]|TX|424/7|
00000000|MMI|3.01|Code System Type - Internal|C1553872|[qlco]|["Internal"-tx-14-"internal"-adj-0]|TX|1171/8|
00000000|MMI|3.01|Discharge, body substance|C2926602|[bdsu]|["Discharge"-tx-25-"discharge"-noun-0]|TX|2178/9|
00000000|MMI|3.01|Incision and drainage|C0152277|[topp]|["i d"-tx-25-"i.d"-adv-0]|TX|2286/3|
00000000|MMI|3.01|Including (qualifier)|C0332257|[ftcn]|["included"-tx-25-"included"-adj-0]|TX|2188/8|
00000000|MMI|3.01|Internal|C0205102|[spco]|["Internal"-tx-14-"internal"-adj-0]|TX|1171/8|
00000000|MMI|3.01|Left|C0205091|[spco]|["LEFT"-tx-14-"left"-adj-0]|TX|1166/4|
00000000|MMI|3.01|Left sided|C0443246|[spco]|["Left"-tx-14-"left"-adj-0]|TX|1166/4|
00000000|MMI|3.01|Table Cell Horizontal Align - left|C1552822|[ftcn]|["left"-tx-14-"left"-adj-0]|TX|1166/4|
00000000|MMI|3.00|4+ Answer to question|C3838679|[fndg]|["4+"-tx-28-"4"-fraction-0]|TX|2392/1|
00000000|MMI|3.00|Smooth|C0205357|[qlco]|["Smooth"-tx-18-"smooth"-adj-0]|TX|1634/6|
00000000|MMI|3.00|Known Coronary Artery Disease|C3275096|[qnco]|["Known Coronary Artery Disease"-tx-5-"known coronary artery disease"-noun-0]|TX|318/29|
00000000|MMI|3.00|Probable diagnosis|C0332148|[qlco]|["Probable"-tx-9-"probable"-adj-0]|TX|741/8|
00000000|MMI|2.99|1+|C3816745|[fndg]|["1+"-tx-25-"1"-integer-0]|TX|2274/1|
00000000|MMI|2.99|1+ Score|C2827734|[qnco]|["1+"-tx-25-"1"-integer-0]|TX|2274/1|
00000000|MMI|2.99|1+ Score, WHO|C2981698|[clas]|["1+"-tx-25-"1"-integer-0]|TX|2274/1|
00000000|MMI|2.99|gram|C0439208|[qnco]|["GRAM"-tx-25-"gram"-noun-0]|TX|2276/4|
00000000|MMI|2.97|+2|C0740116|[qnco]|["+2"-tx-28-"2"-fraction-0]|TX|2430/1|
00000000|MMI|2.97|2+|C3833492|[fndg]|["2+"-tx-28-"2"-fraction-0]|TX|2430/1|
00000000|MMI|2.97|2+ Score|C2827735|[qnco]|["2+"-tx-28-"2"-fraction-0]|TX|2430/1|
00000000|MMI|2.97|2+ Score, WHO|C2981700|[clas]|["2+"-tx-28-"2"-fraction-0]|TX|2430/1|
00000000|MMI|2.97|Entire left ventricle|C1269892|[bpoc]|["Left ventricle"-tx-11-"left ventricle"-noun-0]|TX|930/14|
00000000|MMI|2.97|Left ventricular structure|C0225897|[bpoc]|["LEFT VENTRICLE"-tx-11-"left ventricle"-noun-0]|TX|930/14|
00000000|MMI|2.97|Autumn|C0238715|[tmco]|["Fall"-tx-6-"fall"-noun-0]|TX|458/4|
00000000|MMI|2.97|Entire|C0439751|[qnco]|["Entire"-tx-23-"entire"-adj-0]|TX|2065/6|
00000000|MMI|2.97|Extreme|C0205403|[qlco]|["Extremely"-tx-16-"extremely"-adv-0]|TX|1412/9|
00000000|MMI|2.97|Whole|C0444667|[qnco]|["ENTIRE"-tx-23-"entire"-adj-0]|TX|2065/6|
00000000|MMI|2.96|End|C0444930|[spco]|["End"-tx-8-"end"-noun-0]|TX|641/3|
00000000|MMI|2.96|Stop (qualifier value)|C2746065|[tmco]|["End"-tx-8-"end"-noun-0]|TX|641/3|
00000000|MMI|2.96|day|C0439228|[tmco]|["DAYS"-tx-8-"days"-noun-0]|TX|658/4|
00000000|MMI|2.96|Borg Category-Ratio 10 Perceived Exertion Score 5|C4050466|[inpr]|["Severe"-tx-11-"severe"-adj-0]|TX|874/6|
00000000|MMI|2.96|Gait normal|C0231683|[fndg]|["Normal"-tx-11-"normal"-adj-0]|TX|923/6|
00000000|MMI|2.96|Mean Percent of Normal|C2347086|[