00000000|MMI|12.89|Rabbi|C0684010|[prog]|["R."-tx-1-"R"-noun-0]|TX|69/1|M01.526.799.500
00000000|MMI|9.73|Thoracotomy|C0039991|[topp]|["THORACOTOMY"-tx-1-"thoracotomy"-noun-0]|TX|76/11|E04.928.760
00000000|MMI|3.65|Report status|C0586177|[fndg]|["Report status"-tx-1-"Report Status"-noun-0]|TX|145/13|
00000000|MMI|3.63|Admission date:Time Stamp -- Date and Time:Point in time:^Patient:Quantitative|C2598112|[clna]|["Admission date"-tx-1-"Admission Date"-noun-0]|TX|120/14|
00000000|MMI|3.63|Date of admission|C1302393|[tmco]|["Admission date"-tx-1-"Admission Date"-noun-0]|TX|120/14|
00000000|MMI|3.59|29+|C3843708|[fndg]|["29+"-tx-1-"29"-fraction-0]|TX|43/2|
00000000|MMI|3.59|Pyrexia of unknown origin (excl puerperal)|C0856281|[sosy]|["puo"-tx-1-"PUO"-noun-0]|TX|12/3|
00000000|MMI|3.48|Wedge resection - action|C0184909|[topp]|["Wedge Resection"-tx-1-"wedge resection"-noun-0]|TX|94/15|
00000000|MMI|3.46|+5|C0728893|[qnco]|["+5"-tx-1-"5"-fraction-0]|TX|136/1|
00000000|MMI|3.46|>5|C0439084|[qnco]|[">5"-tx-1-"5"-fraction-0]|TX|136/1|
00000000|MMI|3.46|Diagnostic interview schedule|C0451119|[inpr]|["DIS"-tx-1-"DIS"-noun-0]|TX|114/3|
00000000|MMI|3.46|Discontinued|C1444662|[fndg]|["DIS"-tx-1-"DIS"-noun-0]|TX|114/3|
00000000|MMI|3.46|Structure of right upper lobe of lung|C1261074|[bpoc]|["RUL"-tx-1-"RUL"-noun-0]|TX|90/3|
00000000|MMI|3.42|Mini|C0445542|[orga]|["Mini"-tx-1-"mini"-noun-0]|TX|71/4|
00000000|MMI|3.42|R prime|C2603358|[clna]|["R'"-tx-1-"R"-noun-0]|TX|69/1|
00000000|MMI|3.42|Right|C0205090|[spco]|["R-"-tx-1-"R"-noun-0]|TX|69/1|
00000000|MMI|170.37|Override|C1547671|[acty]|["Override"-tx-7-"Override"-verb-0,"Override"-tx-7-"override"-verb-0,"Override"-tx-6-"Override"-verb-0,"Override"-tx-6-"override"-verb-0,"Override"-tx-5-"Override"-verb-0,"Override"-tx-5-"override"-verb-0,"Override"-tx-4-"Override"-verb-0,"Override"-tx-4-"override"-verb-0,"Override"-tx-3-"Override"-verb-0]|TX|[1932/8],[2255/8];[1885/8],[1910/8],[2208/8],[2233/8],[2520/8];1680/8;[1633/8],[1658/8];1428/8;1291/8;1080/8;[1033/8],[1058/8];[803/8],[820/8]|
00000000|MMI|167.24|Mongolia|C0026410|[geoa]|["MG"-tx-27-"mg"-noun-0,"MG"-tx-7-"MG"-noun-0,"MG"-tx-5-"MG"-noun-0,"MG"-tx-3-"MG"-noun-0]|TX|[5083/2],[5097/2],[5118/2],[5139/2],[5179/2];[2585/2],[2646/2],[2741/2];1340/2;[361/2],[545/2],[632/2],[701/2]|Z01.252.474.651
00000000|MMI|126.20|Portugal|C0032729|[geoa]|["PO"-tx-7-"PO"-noun-0,"PO"-tx-5-"PO"-noun-0,"PO"-tx-3-"PO"-noun-0]|TX|[2024/2],[2588/2],[2649/2],[2744/2],[2797/2];[1343/2],[1393/2];[364/2],[509/2],[548/2],[635/2],[704/2],[769/2]|Z01.542.727
00000000|MMI|109.80|Patient Discharge|C0030685|[hlca]|["Discharge"-tx-32-"DISCHARGE"-noun-0,"Discharge"-tx-31-"DISCHARGE"-noun-0,"Discharged"-tx-22-"discharged"-verb-0,"Discharge"-tx-8-"DISCHARGE"-noun-0,"Discharge"-tx-3-"DISCHARGE"-verb-0,"Discharge"-tx-1-"DISCHARGE"-noun-0,"Patient Discharge"-tx-1-"DISCHARGE PATIENT"-noun-0]|TX|5641/9;5496/9;4735/10;3091/9;306/9;39/9;117/17|E02.204.125;E02.760.400.610;N02.421.192.125;N02.421.585.400.610;N04.590.233.727.210.125
00000000|MMI|77.03|Lisinopril|C0065374|[aapp,phsu]|["Lysinopril"-tx-7-"LISINOPRIL"-noun-0,"Lysinopril"-tx-6-"LISINOPRIL"-noun-0]|TX|[1841/10],[2092/10],[2161/10],[2404/10],[2473/10];1589/10|D12.644.456.345.600
00000000|MMI|63.23|Potassium Chloride|C0032825|[inch,phsu]|["POTASSIUM CHLORIDE"-tx-7-"POTASSIUM CHLORIDE"-noun-0]|TX|[2109/18],[2178/18],[2329/18],[2421/18],[2490/18]|D01.210.450.150.750;D01.745.625
00000000|MMI|61.94|Awareness|C0004448|[menp]|["Aware"-tx-7-"aware"-adj-0,"Aware"-tx-6-"aware"-adj-0,"Aware"-tx-5-"aware"-adj-0,"Aware"-tx-4-"aware"-adj-0]|TX|[1895/5],[2218/5],[2530/5];1643/5;1301/5;1043/5|F02.463.188.150
00000000|MMI|50.06|Bupivacaine Hydrochloride|C0887621|[orch,phsu]|["bupivacaine hcl"-tx-7-"BUPIVACAINE HCL"-noun-0,"bupivacaine hcl"-tx-6-"BUPIVACAINE HCL"-noun-0,"bupivacaine hcl"-tx-5-"BUPIVACAINE HCL"-noun-0,"bupivacaine hcl"-tx-4-"BUPIVACAINE HCL"-noun-0]|TX|1858/15;1606/15;1264/15;1006/15|D02.065.199.239;D03.383.621.758.323
00000000|MMI|49.87|Bupivacaine|C0006400|[orch,phsu]|["BUPIVACAINE"-tx-7-"BUPIVACAINE"-noun-0,"BUPIVACAINE"-tx-6-"BUPIVACAINE"-noun-0,"BUPIVACAINE"-tx-5-"BUPIVACAINE"-noun-0,"BUPIVACAINE"-tx-4-"BUPIVACAINE"-noun-0]|TX|1754/11;1502/11;1154/11;896/11|D02.065.199.239;D03.383.621.758.323
00000000|MMI|44.88|Magnesium Cation|C2346927|[elii,phsu]|["Mg++"-tx-27-"mg"-noun-0,"Mg++"-tx-7-"MG"-noun-0,"Mg++"-tx-5-"MG"-noun-0,"Mg++"-tx-3-"MG"-noun-0]|TX|[5083/2],[5097/2],[5118/2],[5139/2],[5179/2];[2585/2],[2646/2],[2741/2];1340/2;[361/2],[545/2],[632/2],[701/2]|
00000000|MMI|44.88|Milligram percent|C1960952|[qnco]|["mg %"-tx-27-"mg"-noun-0,"mg %"-tx-7-"MG"-noun-0,"mg %"-tx-5-"MG"-noun-0,"mg %"-tx-3-"MG"-noun-0]|TX|[5083/2],[5097/2],[5118/2],[5139/2],[5179/2];[2585/2],[2646/2],[2741/2];1340/2;[361/2],[545/2],[632/2],[701/2]|
00000000|MMI|44.88|mg/dL|C0439269|[qnco]|["mg%"-tx-27-"mg"-noun-0,"mg%"-tx-7-"MG"-noun-0,"mg%"-tx-5-"MG"-noun-0,"mg%"-tx-3-"MG"-noun-0]|TX|[5083/2],[5097/2],[5118/2],[5139/2],[5179/2];[2585/2],[2646/2],[2741/2];1340/2;[361/2],[545/2],[632/2],[701/2]|
00000000|MMI|44.62|Oral|C0442027|[spco]|["PO"-tx-7-"PO"-noun-0,"PO"-tx-5-"PO"-noun-0,"PO"-tx-3-"PO"-noun-0]|TX|[2024/2],[2588/2],[2649/2],[2744/2],[2797/2];[1343/2],[1393/2];[364/2],[509/2],[548/2],[635/2],[704/2],[769/2]|
00000000|MMI|40.82|Diet|C0012155|[food]|["Diet"-tx-23-"diet"-noun-0,"Diet"-tx-17-"diet"-noun-0,"Diet"-tx-7-"DIET"-noun-0]|TX|4804/4;[4288/4],[4322/4];2834/4|G07.203.650.240
00000000|MMI|37.70|Lesotho|C0023376|[geoa]|["LT"-tx-7-"lt"-noun-0,"LT"-tx-5-"lt"-noun-0]|TX|[2669/2],[2682/2];1413/2|Z01.058.290.175.400
00000000|MMI|36.97|diagnosis aspect|C1704338|[qlco]|["diagnosis"-tx-8-"DIAGNOSIS"-noun-0]|TX|[3059/9],[3211/9]|x.x.x.x.x.x.x
00000000|MMI|34.26|Doctor of Medicine|C1512018|[inpr]|["M.D."-tx-31-"M.D"-noun-0,"M.D."-tx-9-"M.D"-noun-0,"M.D."-tx-7-"M.D"-noun-0,"M.D."-tx-6-"M.D"-noun-0,"M.D."-tx-5-"M.D"-noun-0,"M.D."-tx-4-"M.D"-noun-0,"M.D."-tx-2-"M.D"-noun-0]|TX|5594/3;3532/3;[1736/3],[2311/3];1484/3;1136/3;878/3;271/3|
00000000|MMI|31.01|Diet therapy|C0012159|[hlca]|["Diet"-tx-23-"diet"-noun-0,"Diet"-tx-17-"diet"-noun-0,"Diet"-tx-7-"DIET"-noun-0]|TX|4804/4;[4288/4],[4322/4];2834/4|E02.642.249
00000000|MMI|30.81|10%|C3842590|[fndg]|["10%"-tx-27-"10"-integer-0,"10%"-tx-8-"10"-fraction-0,"10%"-tx-7-"10"-fraction-0,"10%"-tx-6-"10"-fraction-0,"10%"-tx-5-"10"-fraction-0,"10%"-tx-4-"10"-fraction-0,"10%"-tx-3-"10"-fraction-0,"10%"-tx-3-"10"-integer-0,"10%"-tx-1-"10"-fraction-0]|TX|5080/2;3501/2;[1950/2],[2273/2];1698/2;1446/2;1098/2;[358/2],[838/2];[358/2],[838/2];16/2|
00000000|MMI|30.24|Rabbi|C0684010|[prog]|["R."-tx-10-"R"-noun-0,"R."-tx-8-"R"-noun-0,"R."-tx-3-"R"-noun-0]|TX|3638/1;3164/1;873/1|M01.526.799.500
00000000|MMI|29.63|Dilaudid|C0728755|[orch,phsu]|["Dilaudid"-tx-27-"Dilaudid"-noun-0,"Dilaudid"-tx-5-"DILAUDID"-noun-0]|TX|5236/8;1307/8|D03.132.577.249.562.450;D03.549.686.607.500;D03.605.497.607.500;D04.615.723.795.576.450
00000000|MMI|29.38|Hold (action)|C1948035|[acty]|["Hold"-tx-7-"HOLD"-verb-0,"Hold"-tx-5-"HOLD"-verb-0,"Hold"-tx-3-"HOLD"-verb-0]|TX|[2656/4],[2751/4];[1359/4],[1400/4];[375/4],[642/4],[734/4]|
00000000|MMI|29.38|Hold - dosing instruction fragment|C1553387|[idcn]|["Hold"-tx-7-"HOLD"-verb-0,"Hold"-tx-5-"HOLD"-verb-0,"Hold"-tx-3-"HOLD"-verb-0]|TX|[2656/4],[2751/4];[1359/4],[1400/4];[375/4],[642/4],[734/4]|
00000000|MMI|29.38|hold - Data Operation|C3853841|[ftcn]|["hold"-tx-7-"HOLD"-verb-0,"hold"-tx-5-"HOLD"-verb-0,"hold"-tx-3-"HOLD"-verb-0]|TX|[2656/4],[2751/4];[1359/4],[1400/4];[375/4],[642/4],[734/4]|
00000000|MMI|27.52|Order (action)|C1705178|[acty]|["Order"-tx-32-"ORDERS"-verb-0,"Order"-tx-7-"order"-noun-0,"Order"-tx-6-"order"-noun-0,"Order"-tx-5-"order"-noun-0,"Order"-tx-4-"order"-noun-0,"Order"-tx-1-"ORDER"-noun-0,"Order"-tx-1-"ORDERS"-verb-0]|TX|5651/6;[1744/5],[1992/5],[2319/5];1492/5;1144/5;886/5;199/5;49/6|
00000000|MMI|27.52|Order (arrangement)|C1705176|[qlco]|["Order"-tx-32-"ORDERS"-verb-0,"Order"-tx-7-"order"-noun-0,"Order"-tx-6-"order"-noun-0,"Order"-tx-5-"order"-noun-0,"Order"-tx-4-"order"-noun-0,"Order"-tx-1-"ORDER"-noun-0,"Order"-tx-1-"ORDERS"-verb-0]|TX|5651/6;[1744/5],[1992/5],[2319/5];1492/5;1144/5;886/5;199/5;49/6|
00000000|MMI|27.52|Order (document)|C1705175|[inpr]|["Order"-tx-32-"ORDERS"-verb-0,"Order"-tx-7-"order"-noun-0,"Order"-tx-6-"order"-noun-0,"Order"-tx-5-"order"-noun-0,"Order"-tx-4-"order"-noun-0,"Order"-tx-1-"ORDER"-noun-0,"Order"-tx-1-"ORDERS"-verb-0]|TX|5651/6;[1744/5],[1992/5],[2319/5];1492/5;1144/5;886/5;199/5;49/6|
00000000|MMI|27.52|Order (taxonomic)|C1705177|[clas]|["Order"-tx-32-"ORDERS"-verb-0,"Order"-tx-7-"order"-noun-0,"Order"-tx-6-"order"-noun-0,"Order"-tx-5-"order"-noun-0,"Order"-tx-4-"order"-noun-0,"Order"-tx-1-"ORDER"-noun-0,"Order"-tx-1-"ORDERS"-verb-0]|TX|5651/6;[1744/5],[1992/5],[2319/5];1492/5;1144/5;886/5;199/5;49/6|
00000000|MMI|27.52|Permutation|C1882348|[qlco]|["Order"-tx-32-"ORDERS"-verb-0,"Order"-tx-7-"order"-noun-0,"Order"-tx-6-"order"-noun-0,"Order"-tx-5-"order"-noun-0,"Order"-tx-4-"order"-noun-0,"Order"-tx-1-"ORDER"-noun-0,"Order"-tx-1-"ORDERS"-verb-0]|TX|5651/6;[1744/5],[1992/5],[2319/5];1492/5;1144/5;886/5;199/5;49/6|
00000000|MMI|27.52|Sequence of Planned Assessment Schedule|C3889825|[inpr]|["ORDER"-tx-32-"ORDERS"-verb-0,"ORDER"-tx-7-"order"-noun-0,"ORDER"-tx-6-"order"-noun-0,"ORDER"-tx-5-"order"-noun-0,"ORDER"-tx-4-"order"-noun-0,"ORDER"-tx-1-"ORDER"-noun-0,"ORDER"-tx-1-"ORDERS"-verb-0]|TX|5651/6;[1744/5],[1992/5],[2319/5];1492/5;1144/5;886/5;199/5;49/6|
00000000|MMI|27.29|Famotidine|C0015620|[orch,phsu]|["FAMOTIDINE"-tx-5-"FAMOTIDINE"-noun-0,"FAMOTIDINE"-tx-4-"FAMOTIDINE"-noun-0]|TX|1241/10;983/10|D02.886.675.215;D03.383.129.708.215
00000000|MMI|27.29|Togo|C0040363|[geoa]|["TO"-tx-20-"to"-adv-0,"TO"-tx-12-"to"-adv-0]|TX|4608/2;3861/2|Z01.058.290.190.800
00000000|MMI|27.29|Tryptophanase|C0041260|[aapp,enzy]|["TO"-tx-20-"to"-adv-0,"TO"-tx-12-"to"-adv-0]|TX|4608/2;3861/2|D08.811.520.224.800
00000000|MMI|26.85|Patients|C0030705|[podg]|["*^patient"-tx-22-"patient"-noun-0,"*^patient"-tx-18-"patient's"-noun-0,"*^patient"-tx-16-"patient's"-noun-0,"*^patient"-tx-14-"patient"-noun-0,"*^patient"-tx-13-"patient"-noun-0]|TX|4723/7;4478/9;4235/9;4063/7;3939/7|M01.643
00000000|MMI|25.08|Dominican Republic|C0013014|[geoa]|["DR"-tx-25-"Dr"-noun-0,"DR"-tx-7-"Dr"-noun-0]|TX|5025/2;3016/2|Z01.107.084.900.300;Z01.639.880.300
00000000|MMI|24.75|Celebrex|C0719198|[orch,phsu]|["Celebrex"-tx-27-"Celebrex"-noun-0,"Celebrex"-tx-3-"CELEBREX"-noun-0]|TX|5126/8;518/8|D02.065.884.247;D02.886.590.700.247;D03.383.129.539.160
00000000|MMI|24.73|Pain|C0030193|[sosy]|["PAIN"-tx-7-"Pain"-noun-0,"PAIN"-tx-5-"Pain"-noun-0]|TX|2829/4;1354/4|C10.597.617;C23.888.592.612;F02.830.816.444;G11.561.600.810.444
00000000|MMI|24.71|Food-Drug Interactions|C0242785|[dsyn]|["Interaction, Food-Drug"-tx-3-"Food/Drug Interaction"-noun-0]|TX|[393/21],[555/21]|G07.690.773.968.511
00000000|MMI|24.67|Ritalin|C0728759|[orch,phsu]|["Ritalin"-tx-27-"Ritalin"-noun-0,"Ritalin"-tx-7-"RITALIN"-noun-0]|TX|5204/7;2536/7|D02.241.223.601.600;D03.383.621.460
00000000|MMI|23.97|Interaction|C1704675|[ftcn]|["Interaction"-tx-7-"INTERACTION"-noun-0,"Interaction"-tx-6-"INTERACTION"-noun-0,"Interaction"-tx-5-"INTERACTION"-noun-0,"Interaction"-tx-4-"INTERACTION"-noun-0]|TX|[1828/11],[2079/11],[2148/11],[2391/11],[2460/11];1576/11;1228/11;970/11|
00000000|MMI|22.95|Serious|C0205404|[qlco]|["Serious"-tx-7-"SERIOUS"-adj-0,"Serious"-tx-6-"SERIOUS"-adj-0,"Serious"-tx-5-"SERIOUS"-adj-0,"Serious"-tx-4-"SERIOUS"-adj-0]|TX|[1820/7],[2071/7],[2140/7],[2383/7],[2452/7];1568/7;1220/7;962/7|
00000000|MMI|22.82|Thoracotomy|C0039991|[topp]|["THORACOTOMY"-tx-13-"thoracotomy"-noun-0,"THORACOTOMY"-tx-10-"THORACOTOMY"-noun-0,"THORACOTOMY"-tx-8-"thoracotomy"-noun-0]|TX|3970/11;3563/11;3171/11|E04.928.760
00000000|MMI|21.99|Homo sapiens|C0086418|[humn]|["MAN"-tx-11-"man"-noun-0]|TX|3714/3|B01.050.150.900.649.801.400.112.400.400
00000000|MMI|20.38|Oxygen|C0030054|[elii,phsu]|["OXYGEN"-tx-23-"oxygen"-noun-0,"OXYGEN"-tx-17-"oxygen"-noun-0]|TX|4865/6;4333/6|D01.268.185.550;D01.362.670;x.x.x.x
00000000|MMI|20.30|Indication of (contextual qualifier)|C0392360|[idcn]|["Reason"-tx-7-"Reason"-noun-0,"Reason"-tx-6-"Reason"-noun-0,"Reason"-tx-5-"Reason"-noun-0,"Reason"-tx-4-"Reason"-noun-0]|TX|[1874/6],[2197/6],[2509/6];1622/6;[1280/6],[1420/6];1022/6|
00000000|MMI|20.25|Physicians|C0031831|[prog]|["DR"-tx-25-"Dr"-noun-0,"DR"-tx-7-"Dr"-noun-0]|TX|5025/2;3016/2|M01.526.485.810;N02.360.810
00000000|MMI|20.07|TCF21 protein, human|C1454475|[aapp,bacs]|["Pod-1"-tx-18-"POD 1"-noun-0,"Pod-1"-tx-3-"Pod 1"-noun-0]|TX|4407/3,4412/1;720/5|x.x.x.x
00000000|MMI|19.97|Needs|C0027552|[qlco]|["Needed"-tx-30-"needed"-verb-0,"Need"-tx-23-"need"-noun-0]|TX|5433/6;4830/4|N03.349.380.420;N05.300.450
00000000|MMI|19.93|Vital signs|C0518766|[clna]|["Signs, Vital"-tx-30-"vital signs"-noun-0,"Signs, Vital"-tx-24-"vital signs"-noun-0]|TX|5444/11;4956/11|E01.370.600.875
00000000|MMI|19.82|Lifting|C0206244|[acty]|["Lift"-tx-7-"Lift"-noun-0,"Lift"-tx-7-"lift"-noun-0]|TX|2934/4;2960/4|G01.374.676.530;G01.595.540.530
00000000|MMI|19.71|100%|C3817553|[qnco]|["100%"-tx-7-"100"-integer-0,"100%"-tx-6-"100"-integer-0,"100%"-tx-5-"100"-integer-0,"100%"-tx-4-"100"-integer-0,"100%"-tx-3-"100"-integer-0]|TX|[1775/3],[2673/3];1523/3;[1175/3],[1416/3];917/3;697/3|
00000000|MMI|17.59|ALYREF gene|C1425988|[gngm]|["REF"-tx-7-"ref"-noun-0,"REF"-tx-6-"ref"-noun-0,"REF"-tx-5-"ref"-noun-0,"REF"-tx-4-"ref"-noun-0]|TX|[1790/3],[2041/3],[2353/3];1538/3;1190/3;932/3|
00000000|MMI|17.14|Oxycodone|C0030049|[orch,phsu]|["OXYCODONE"-tx-27-"Oxycodone"-noun-0]|TX|5221/9|D03.132.577.249.562.149.575;D03.549.686.607.204.650;D03.605.497.607.204.650;D04.615.723.795.576.149.575
00000000|MMI|17.12|therapeutic aspects|C0039798|[ftcn]|["treatment"-tx-8-"Treatment"-noun-0]|TX|3273/9|x.x.x.x.x.x.x
00000000|MMI|17.08|Walking (activity)|C0080331|[dora]|["Walking"-tx-7-"Walking"-noun-0]|TX|2913/7|G11.427.590.530.568.900;G11.427.590.530.698.277.937;I03.350.937;I03.450.642.845.940
00000000|MMI|17.01|Additional|C1524062|[ftcn]|["Added"-tx-7-"added"-verb-0,"Added"-tx-6-"added"-verb-0,"Added"-tx-5-"added"-verb-0,"Added"-tx-4-"added"-verb-0,"Added"-tx-3-"added"-verb-0]|TX|[1941/5],[2264/5];1689/5;1437/5;1089/5;829/5|
00000000|MMI|16.11|Information|C1533716|[idcn]|["INFORMATION"-tx-7-"information"-noun-0,"INFORMATION"-tx-6-"information"-noun-0,"INFORMATION"-tx-4-"information"-noun-0]|TX|[1919/11],[2242/11];1667/11;1067/11|
00000000|MMI|16.01|Clonazepam|C0009011|[orch,phsu]|["CLONAZEPAM"-tx-3-"CLONAZEPAM"-noun-0]|TX|615/10|D03.438.079.080.070.150
00000000|MMI|16.01|Docusate Sodium|C0243237|[orch,phsu]|["DOCUSATE SODIUM"-tx-3-"DOCUSATE SODIUM"-noun-0]|TX|679/15|D02.241.081.337.759.249
00000000|MMI|16.01|Hydromorphone Hydrochloride|C0700533|[orch,phsu]|["hydromorphone hcl"-tx-5-"HYDROMORPHONE HCL"-noun-0]|TX|1318/17|D03.132.577.249.562.450;D03.549.686.607.500;D03.605.497.607.500;D04.615.723.795.576.450
00000000|MMI|16.01|Kidney Calculi|C0022650|[dsyn]|["Nephrolithiasis"-tx-8-"nephrolithiasis"-noun-0]|TX|3346/15|C12.777.419.600.500;C12.777.967.249.500;C12.777.967.500.503;C13.351.968.419.600.500;C13.351.968.967.249.500;C13.351.968.967.500.503;C23.300.175.850.550
00000000|MMI|16.01|Metoprolol Tartrate|C0700548|[orch,phsu]|["METOPROLOL TARTRATE"-tx-7-"METOPROLOL TARTRATE"-noun-0]|TX|2621/19|D02.033.100.624.698.573;D02.033.755.624.698.573;D02.092.063.624.698.573
00000000|MMI|16.01|Morphine|C0026549|[orch,phsu]|["MORPHINE"-tx-7-"MORPHINE"-noun-0]|TX|2698/8|D03.132.577.249.562.571;D03.549.686.607.587;D03.605.497.607.587;D04.615.723.795.576.571
00000000|MMI|16.01|Vision|C0042789|[orgf]|["see"-tx-15-"see"-verb-0]|TX|4203/3|F02.830.816.964;G02.111.087.800.480.900;G02.149.115.800.480.900;G04.299.880.480.900;G11.561.600.810.964;G14.640.816
00000000|MMI|15.47|Disease|C0012634|[dsyn]|["condition"-tx-31-"CONDITION"-noun-0,"condition"-tx-8-"Conditions"-noun-0]|TX|5506/9;3221/10|C23.550.288
00000000|MMI|15.24|Tablet Dosage Form|C0039225|[bodm]|["TABLET"-tx-7-"TABLET"-noun-0]|TX|[2544/6],[2573/6]|D26.255.830
00000000|MMI|15.04|Food|C0016452|[food]|["Food"-tx-3-"food"-noun-0]|TX|[483/4],[599/4]|G07.203.300;J02.500
00000000|MMI|14.83|Colace|C0282139|[orch,phsu]|["Colace"-tx-3-"COLACE"-noun-0]|TX|670/6|D02.241.081.337.759.249
00000000|MMI|14.80|Lopressor|C0700776|[orch,phsu]|["Lopressor"-tx-7-"LOPRESSOR"-noun-0]|TX|2609/9|D02.033.100.624.698.573;D02.033.755.624.698.573;D02.092.063.624.698.573
00000000|MMI|14.78|Weaning|C0043084|[fndg]|["Weaned"-tx-17-"weaned"-verb-0]|TX|4344/6|G07.203.650.220.500.750;G07.203.650.593.762;G07.700.620.762
00000000|MMI|14.75|District of Columbia|C0012764|[geoa]|["D.C."-tx-1-"D/C"-noun-0]|TX|195/3|Z01.107.567.875.500.210;Z01.433.429
00000000|MMI|14.69|Alabama|C0001895|[geoa]|["Alabama"-tx-1-"Alabama"-noun-0]|TX|96/7|Z01.107.567.875.075.100;Z01.107.567.875.750.100
00000000|MMI|14.46|Abortion consent:Finding:Point in time:^Patient:Document|C2360836|[clna]|["Patient"-tx-22-"patient"-noun-0,"Patient"-tx-18-"patient's"-noun-0,"Patient"-tx-16-"patient's"-noun-0,"Patient"-tx-14-"patient"-noun-0,"Patient"-tx-13-"patient"-noun-0]|TX|4723/7;4478/9;4235/9;4063/7;3939/7|
00000000|MMI|14.46|Hysterectomy consent:Finding:Point in time:^Patient:Document|C2360838|[clna]|["Patient"-tx-22-"patient"-noun-0,"Patient"-tx-18-"patient's"-noun-0,"Patient"-tx-16-"patient's"-noun-0,"Patient"-tx-14-"patient"-noun-0,"Patient"-tx-13-"patient"-noun-0]|TX|4723/7;4478/9;4235/9;4063/7;3939/7|
00000000|MMI|14.46|Sterilization consent:Finding:Point in time:^Patient:Document|C2360840|[clna]|["Patient"-tx-22-"patient"-noun-0,"Patient"-tx-18-"patient's"-noun-0,"Patient"-tx-16-"patient's"-noun-0,"Patient"-tx-14-"patient"-noun-0,"Patient"-tx-13-"patient"-noun-0]|TX|4723/7;4478/9;4235/9;4063/7;3939/7|
00000000|MMI|14.13|Body Fluid Discharge|C0012621|[bdsu]|["Discharge"-tx-32-"DISCHARGE"-noun-0,"Discharge"-tx-31-"DISCHARGE"-noun-0,"Discharge"-tx-8-"DISCHARGE"-noun-0,"Discharge"-tx-3-"DISCHARGE"-verb-0,"Discharge"-tx-1-"DISCHARGE"-noun-0]|TX|5641/9;5496/9;3091/9;306/9;39/9|
00000000|MMI|14.13|Discharge, body substance|C2926602|[bdsu]|["Discharge"-tx-32-"DISCHARGE"-noun-0,"Discharge"-tx-31-"DISCHARGE"-noun-0,"Discharge"-tx-8-"DISCHARGE"-noun-0,"Discharge"-tx-3-"DISCHARGE"-verb-0,"Discharge"-tx-1-"DISCHARGE"-noun-0]|TX|5641/9;5496/9;3091/9;306/9;39/9|
00000000|MMI|13.77|Home environment|C0442519|[cnce]|["HOME"-tx-28-"home"-noun-0,"HOME"-tx-27-"HOME"-noun-0,"house"-tx-23-"house"-noun-0,"HOME"-tx-17-"home"-noun-0,"house"-tx-17-"house"-noun-0]|TX|5350/4;5062/4;4798/5;4373/4;4316/5|
00000000|MMI|13.60|Nephrolithiasis|C0392525|[dsyn]|["NEPHROLITHIASIS"-tx-8-"nephrolithiasis"-noun-0]|TX|3346/15|C12.777.419.600;C12.777.967.249;C13.351.968.419.600;C13.351.968.967.249
00000000|MMI|13.60|celecoxib|C0538927|[orch,phsu]|["CELECOXIB"-tx-3-"CELECOXIB"-noun-0]|TX|529/9|D02.065.884.247;D02.886.590.700.247;D03.383.129.539.160
00000000|MMI|12.40|Tissue Dissection|C0012737|[topp]|["Dissection"-tx-13-"dissection"-noun-0]|TX|4033/10|E01.370.225.998.221;E04.221;E05.200.998.221
00000000|MMI|12.37|Postoperative anesthesia care unit (PACU)|C0034871|[hcro,mnob]|["PACU"-tx-14-"PACU"-noun-0]|TX|4141/4|N02.278.388.493.592
00000000|MMI|12.34|Methylphenidate Hydrochloride|C0700545|[orch,phsu]|["methylphenidate hcl"-tx-7-"METHYLPHENIDATE HCL"-noun-0]|TX|2553/19|D02.241.223.601.600;D03.383.621.460
00000000|MMI|12.32|Postoperative Period|C0032790|[tmco]|["Postoperative"-tx-16-"post-operative"-adj-0]|TX|4245/14|E04.614.750;N02.421.585.753.750
00000000|MMI|12.29|Lipitor|C0593906|[orch,phsu]|["Lipitor"-tx-27-"Lipitor"-noun-0]|TX|5187/7|D03.383.129.578.075;D10.251.450.200
00000000|MMI|12.29|Mediastinum|C0025066|[blor]|["Mediastinal"-tx-13-"mediastinal"-noun-0]|TX|4010/11|A01.923.761.800.500
00000000|MMI|12.27|Squamous cell carcinoma|C0007137|[neop]|["Squamous Cell Carcinoma"-tx-8-"squamous cell carcinoma"-noun-0]|TX|3422/23|C04.557.470.200.400;C04.557.470.700.400
00000000|MMI|12.26|Ivory Coast|C0022326|[geoa]|["IV"-tx-7-"IV"-noun-0]|TX|2348/2|Z01.058.290.190.272
00000000|MMI|11.44|Act Relationship Subset - previous|C1552607|[tmco]|["previous"-tx-7-"Previous"-adj-0,"previous"-tx-6-"Previous"-adj-0,"previous"-tx-4-"Previous"-adj-0]|TX|[1901/8],[2224/8];1649/8;1049/8|
00000000|MMI|11.44|Previous|C0205156|[tmco]|["Previous"-tx-7-"Previous"-adj-0,"Previous"-tx-6-"Previous"-adj-0,"Previous"-tx-4-"Previous"-adj-0]|TX|[1901/8],[2224/8];1649/8;1049/8|
00000000|MMI|11.39|Basal Diet|C2983588|[food]|["DIET"-tx-23-"diet"-noun-0,"DIET"-tx-17-"diet"-noun-0,"DIET"-tx-7-"DIET"-noun-0]|TX|4804/4;[4288/4],[4322/4];2834/4|
00000000|MMI|11.39|Diet (animal life circumstance)|C3668949|[food]|["Diet"-tx-23-"diet"-noun-0,"Diet"-tx-17-"diet"-noun-0,"Diet"-tx-7-"DIET"-noun-0]|TX|4804/4;[4288/4],[4322/4];2834/4|
00000000|MMI|11.39|Special Diet Therapy|C1519433|[topp]|["DIET"-tx-23-"diet"-noun-0,"DIET"-tx-17-"diet"-noun-0,"DIET"-tx-7-"DIET"-noun-0]|TX|4804/4;[4288/4],[4322/4];2834/4|
00000000|MMI|11.26|Pharmaceutical Preparations|C0013227|[phsu]|["Medication"-tx-29-"medication"-noun-0,"Medications"-tx-28-"medications"-noun-0,"Medications"-tx-17-"medications"-noun-0,"Medications"-tx-3-"MEDICATIONS"-noun-0]|TX|5392/10;5355/11;4378/11;316/11|D26
00000000|MMI|11.10|Right|C0205090|[spco]|["RIGHT"-tx-13-"right"-adj-0,"R-"-tx-10-"R"-noun-0,"R-"-tx-8-"R"-noun-0,"R-"-tx-3-"R"-noun-0]|TX|3959/5;3638/1;3164/1;873/1|
00000000|MMI|10.77|20%|C3842589|[fndg]|["20%"-tx-27-"20"-integer-0,"20%"-tx-7-"20"-integer-0]|TX|[5176/2],[5212/2];[2582/2],[2738/2]|
00000000|MMI|10.76|Sedated state|C0235195|[fndg]|["Sedation"-tx-7-"sedation"-noun-0,"Sedated"-tx-5-"sedated"-adj-0,"Sedation"-tx-3-"sedation"-noun-0]|TX|2770/8;1368/7;[384/8],[661/8]|
00000000|MMI|10.63|/mL|C0439526|[qnco]|["/mL"-tx-7-"ML"-noun-0,"/mL"-tx-6-"ML"-noun-0,"/mL"-tx-5-"ML"-noun-0,"/mL"-tx-4-"ML"-noun-0]|TX|1779/2;1527/2;1179/2;921/2|
00000000|MMI|10.63|0%|C3842591|[fndg]|["0%"-tx-7-"0"-percentage-0,"0%"-tx-6-"0"-percentage-0,"0%"-tx-5-"0"-percentage-0,"0%"-tx-4-"0"-percentage-0]|TX|1766/1;1514/1;1166/1;908/1|
00000000|MMI|10.63|Endocrine System Findings Domain|C3538926|[idcn]|["ED"-tx-7-"ED"-noun-0,"ED"-tx-6-"ED"-noun-0,"ED"-tx-5-"ED"-noun-0,"ED"-tx-4-"ED"-noun-0]|TX|1772/2;1520/2;1172/2;914/2|
00000000|MMI|10.63|THPO wt Allele|C1705224|[gngm]|["ML"-tx-7-"ML"-noun-0,"ML"-tx-6-"ML"-noun-0,"ML"-tx-5-"ML"-noun-0,"ML"-tx-4-"ML"-noun-0]|TX|1779/2;1527/2;1179/2;921/2|
00000000|MMI|10.63|Thrombopoietin, human|C3887665|[aapp,bacs]|["ML"-tx-7-"ML"-noun-0,"ML"-tx-6-"ML"-noun-0,"ML"-tx-5-"ML"-noun-0,"ML"-tx-4-"ML"-noun-0]|TX|1779/2;1527/2;1179/2;921/2|
00000000|MMI|10.35|Educational process of instructing|C0039401|[edac]|["Instruction"-tx-3-"Instruction"-noun-0]|TX|[415/11],[577/11]|I02.903
00000000|MMI|10.15|Dedications|C0011129|[acty]|["Dedications"-tx-15-"dedicated"-adj-0]|TX|4211/9|K01.400.095;N04.452.822.070
00000000|MMI|10.12|Home visit (procedure)|C0020043|[hlca]|["home services"-tx-3-"Home services"-noun-0]|TX|289/4,297/8|N04.452.758.307
00000000|MMI|10.01|Christmas Island|C0006888|[geoa]|["CXR"-tx-19-"CXR"-noun-0]|TX|4525/3|Z01.639.100;Z01.678.100.373
00000000|MMI|9.99|Infantile Neuroaxonal Dystrophy|C0270724|[dsyn]|["PLAN"-tx-31-"PLAN"-noun-0]|TX|5530/4|C10.228.140.744
00000000|MMI|9.97|Macrophage Activation Syndrome|C1096155|[dsyn]|["MAS"-tx-10-"MASS"-noun-0]|TX|3594/4|C20.683.515.800
00000000|MMI|9.96|Pain management|C0002766|[topp]|["Pain Control"-tx-23-"pain control"-noun-0]|TX|4887/12|E02.745;N04.590.607.500
00000000|MMI|9.95|Helping Behavior|C0018896|[socb]|["Assistance"-tx-23-"assistance"-noun-0]|TX|4838/10|F01.145.813.225
00000000|MMI|9.95|Stomach|C0038351|[bpoc]|["STOMACH"-tx-3-"stomach"-noun-0]|TX|444/7|A03.556.875.875
00000000|MMI|9.95|Urination|C0042034|[orgf]|["void"-tx-21-"voided"-verb-0]|TX|4691/6|G08.852.796.877
00000000|MMI|9.94|Foot|C0016504|[bpoc]|["Feet"-tx-7-"feet"-noun-0]|TX|2874/4|A01.378.610.250
00000000|MMI|9.93|Dilatation and Curettage|C0012358|[topp]|["D & C"-tx-1-"D/C"-noun-0]|TX|195/3|E04.157.310;E04.950.300.299
00000000|MMI|9.84|Diarrhea|C0011991|[sosy]|["DIARRHOEA"-tx-3-"diarrhea"-noun-0]|TX|743/8|C23.888.821.214
00000000|MMI|8.78|Allergy Specialty|C0002111|[bmod]|["Allergy"-tx-8-"ALLERGY"-noun-0]|TX|3040/7|H02.403.044
00000000|MMI|8.78|Cardiomyopathies|C0878544|[dsyn]|["CARDIOMYOPATHY"-tx-8-"cardiomyopathy"-noun-0]|TX|3299/14|C14.280.238
00000000|MMI|8.78|Complication Aspects|C1171258|[patf]|["complications"-tx-8-"Complications"-noun-0]|TX|3247/13|x.x.x
00000000|MMI|8.78|Hypertensive disease|C0020538|[dsyn]|["HTN"-tx-8-"HTN"-noun-0]|TX|3293/3|C14.907.489
00000000|MMI|8.78|Methods aspects|C0025664|[inpr]|["procedures"-tx-8-"PROCEDURES"-noun-0]|TX|3489/10|x.x.x
00000000|MMI|8.66|Medications:-:Point in time:^Patient:-|C2598133|[clna]|["Medications"-tx-28-"medications"-noun-0,"Medications"-tx-17-"medications"-noun-0,"Medications"-tx-3-"MEDICATIONS"-noun-0]|TX|5355/11;4378/11;316/11|
00000000|MMI|8.66|Medications:Presence or Identity:Duration of the study:^Patient:Nominal|C0802604|[clna]|["Medications"-tx-28-"medications"-noun-0,"Medications"-tx-17-"medications"-noun-0,"Medications"-tx-3-"MEDICATIONS"-noun-0]|TX|5355/11;4378/11;316/11|
00000000|MMI|8.62|Removed|C0849355|[qlco]|["Removed"-tx-21-"removed"-adj-0,"Removed"-tx-21-"removed"-verb-0,"Removed"-tx-18-"removed"-verb-0]|TX|[4651/7],[4676/7];[4651/7],[4676/7];4503/7|
00000000|MMI|8.51|Lymphotoxin-Alpha, human|C3887647|[aapp,imft]|["LT"-tx-7-"lt"-noun-0,"LT"-tx-5-"lt"-noun-0]|TX|[2669/2],[2682/2];1413/2|
00000000|MMI|8.51|Structure of left thigh|C0230426|[bpoc]|["LT"-tx-7-"lt"-noun-0,"LT"-tx-5-"lt"-noun-0]|TX|[2669/2],[2682/2];1413/2|
00000000|MMI|8.43|Kadian|C0700655|[orch,phsu]|["Kadian"-tx-27-"Kadian"-noun-0,"Kadian"-tx-7-"KADIAN"-noun-0]|TX|5169/6;[2689/6],[2727/6]|
00000000|MMI|8.35|R prime|C2603358|[clna]|["R'"-tx-10-"R"-noun-0,"R'"-tx-8-"R"-noun-0,"R'"-tx-3-"R"-noun-0]|TX|3638/1;3164/1;873/1|
00000000|MMI|8.03|Structure of right upper lobe of lung|C1261074|[bpoc]|["RUL"-tx-13-"RUL"-noun-0,"RUL"-tx-8-"RUL"-noun-0]|TX|3984/3;[3070/3],[3185/3]|
00000000|MMI|8.01|Sedation procedure|C0344106|[topp]|["Sedation"-tx-7-"sedation"-noun-0,"Sedation"-tx-3-"sedation"-noun-0]|TX|2770/8;[384/8],[661/8]|
00000000|MMI|7.99|Beginning|C0439659|[tmco]|["Start"-tx-7-"Starting"-adj-0,"Start"-tx-3-"Starting"-adj-0,"Start"-tx-3-"Starting"-noun-0]|TX|2804/8;[711/8],[776/8];[711/8],[776/8]|
00000000|MMI|7.95|Diagnosis|C0011900|[fndg]|["DIAGNOSIS"-tx-8-"DIAGNOSIS"-noun-0]|TX|[3059/9],[3211/9]|E01
00000000|MMI|7.95|Diagnosis Study|C1704656|[resa]|["DIAGNOSIS"-tx-8-"DIAGNOSIS"-noun-0]|TX|[3059/9],[3211/9]|
00000000|MMI|7.95|To|C1883351|[qlco]|["To"-tx-20-"to"-adv-0,"To"-tx-12-"to"-adv-0]|TX|4608/2;3861/2|
00000000|MMI|7.95|Wound care management|C1272654|[topp]|["Wound Care"-tx-30-"wound care"-noun-0,"Wound Care"-tx-24-"wound care"-noun-0]|TX|5483/10;4992/10|
00000000|MMI|7.95|orders - HL7PublishingDomain|C3244315|[inpr]|["orders"-tx-32-"ORDERS"-verb-0,"orders"-tx-1-"ORDERS"-verb-0]|TX|5651/6;49/6|
00000000|MMI|7.95|wound care|C0886052|[topp]|["Wound care"-tx-30-"wound care"-noun-0,"Wound care"-tx-24-"wound care"-noun-0]|TX|5483/10;4992/10|
00000000|MMI|7.86|Tracheal Extubation|C0553891|[topp]|["Extubate"-tx-14-"extubated"-verb-0]|TX|4108/9|E02.041.249;E05.008
00000000|MMI|7.69|Chest Tubes|C0008034|[medd]|["Chest Tube"-tx-18-"chest tube"-noun-0]|TX|4488/10|E07.858.150
00000000|MMI|7.63|Stenosis|C1261287|[patf]|["Stenosis"-tx-8-"stenosis"-noun-0]|TX|3320/8|C23.300.287
00000000|MMI|7.56|Appointments|C0003629|[idcn]|["Appointment"-tx-7-"APPOINTMENT"-noun-0]|TX|2998/11|N04.452.095
00000000|MMI|7.53|Ambulatory Care Facilities|C0002424|[hcro,mnob]|["Clinic"-tx-26-"clinic"-adj-0]|TX|5040/6|N02.278.035
00000000|MMI|7.53|Males|C0086582|[orga]|["MAN"-tx-11-"man"-noun-0]|TX|3714/3|x.x.x
00000000|MMI|7.46|Anxiety|C0003467|[mobd]|["-- Anxiety"-tx-7-"Anxiety"-noun-0]|TX|2601/7|F01.470.132
00000000|MMI|6.53|Molecular oxygen saturation|C0369768|[moft]|["Oxygen saturation"-tx-30-"oxygens saturation"-noun-0,"Oxygen saturation"-tx-24-"oxygen saturation"-noun-0]|TX|5458/18;4970/17|
00000000|MMI|6.53|Oxygen saturation test result|C0483415|[orga]|["Oxygen saturation"-tx-30-"oxygens saturation"-noun-0,"Oxygen saturation"-tx-24-"oxygen saturation"-noun-0]|TX|5458/18;4970/17|
00000000|MMI|6.37|Allergic Reaction|C1527304|[patf]|["Allergy"-tx-8-"ALLERGY"-noun-0]|TX|3040/7|C20.543
00000000|MMI|6.37|Hypersensitivity|C0020517|[patf]|["ALLERGY"-tx-8-"ALLERGY"-noun-0]|TX|3040/7|C20.543
00000000|MMI|6.37|Infection|C3714514|[patf]|["Infections"-tx-8-"Infections"-noun-0]|TX|3234/10|C01.539
00000000|MMI|6.10|Show|C1547282|[anim]|["Show"-tx-20-"showed"-verb-0,"Show"-tx-19-"showed"-verb-0]|TX|4584/6;4529/6|
00000000|MMI|5.87|Hospital admission|C0184666|[hlca]|["Admission"-tx-8-"Admission"-noun-0,"Admit"-tx-8-"ADMIT"-verb-0]|TX|3148/9;3053/5|
00000000|MMI|5.87|Interventional procedure|C0184661|[topp]|["Procedure"-tx-14-"procedure"-noun-0,"PROCEDURES"-tx-8-"PROCEDURES"-noun-0]|TX|4085/9;3489/10|
00000000|MMI|5.87|Procedure (set of actions)|C2700391|[acty]|["Procedure"-tx-14-"procedure"-noun-0,"Procedures"-tx-8-"PROCEDURES"-noun-0]|TX|4085/9;3489/10|
00000000|MMI|5.80|Condition|C0348080|[qlco]|["Condition"-tx-31-"CONDITION"-noun-0,"Condition"-tx-8-"Conditions"-noun-0]|TX|5506/9;3221/10|
00000000|MMI|5.80|Condition:Find:Pt:^Patient:Nom|C3864998|[clna]|["Condition"-tx-31-"CONDITION"-noun-0,"Condition"-tx-8-"Conditions"-noun-0]|TX|5506/9;3221/10|
00000000|MMI|5.80|Logical Condition|C1705253|[cnce]|["Condition"-tx-31-"CONDITION"-noun-0,"Condition"-tx-8-"Conditions"-noun-0]|TX|5506/9;3221/10|
00000000|MMI|5.80|Plain chest X-ray|C0039985|[diap]|["Chest X-ray"-tx-20-"chest x-ray"-noun-0,"cxr"-tx-19-"CXR"-noun-0]|TX|4572/11;4525/3|
00000000|MMI|5.76|Wedge resection - action|C0184909|[topp]|["Wedge Resection"-tx-13-"wedge resection"-noun-0,"Wedge Resection"-tx-8-"wedge resection"-noun-0]|TX|3988/15;3189/15|
00000000|MMI|5.74|Delayed Release Dosage Form|C1707664|[bodm]|["DR"-tx-25-"Dr"-noun-0,"DR"-tx-7-"Dr"-noun-0]|TX|5025/2;3016/2|
00000000|MMI|5.74|Device to Subject Relationship Domain|C3540849|[inpr]|["DR"-tx-25-"Dr"-noun-0,"DR"-tx-7-"Dr"-noun-0]|TX|5025/2;3016/2|
00000000|MMI|5.74|Doctor - Title|C2348314|[cnce]|["Dr."-tx-25-"Dr"-noun-0,"Dr."-tx-7-"Dr"-noun-0]|TX|5025/2;3016/2|
00000000|MMI|5.74|Follow|C1719822|[inpr]|["Follow"-tx-27-"follow"-verb-0,"Follow"-tx-25-"follow"-verb-0]|TX|5277/6;5013/6|
00000000|MMI|5.74|Followed by|C0332283|[tmco]|["follow"-tx-27-"follow"-verb-0,"follow"-tx-25-"follow"-verb-0]|TX|5277/6;5013/6|
00000000|MMI|5.69|Give - dosing instruction imperative|C1947971|[ftcn]|["Give"-tx-3-"Give"-verb-0,"Give"-tx-3-"give"-verb-0]|TX|427/4;454/4|
00000000|MMI|5.64|milligram/day|C0439422|[qnco]|["mg/d"-tx-27-"mg d"-noun-0]|TX|[5198/4],[5215/4]|
00000000|MMI|5.60|Space - property|C1883067|[spco]|["Space"-tx-20-"space"-noun-0,"Space"-tx-19-"space"-noun-0]|TX|4602/5;4551/5|
00000000|MMI|5.58|Ambien|C0487782|[orch,phsu]|["Ambien"-tx-27-"Ambien"-noun-0,"Ambien"-tx-3-"AMBIEN"-noun-0]|TX|5073/6;329/6|
00000000|MMI|5.57|Mini|C0445542|[orga]|["Mini"-tx-13-"mini"-noun-0,"Mini"-tx-8-"mini"-noun-0]|TX|3965/4;3166/4|
00000000|MMI|5.57|Tablet Dosing Unit|C1705223|[qnco]|["TABLET"-tx-7-"TABLET"-noun-0]|TX|[2544/6],[2573/6]|
00000000|MMI|5.56|Patient Condition Code - Stable|C1547311|[inpr]|["Stable"-tx-31-"Stable"-adj-0,"Stable"-tx-20-"stable"-adj-0]|TX|5517/6;4614/6|
00000000|MMI|5.56|Stable status|C0205360|[qlco]|["STABLE"-tx-31-"Stable"-adj-0,"STABLE"-tx-20-"stable"-adj-0]|TX|5517/6;4614/6|
00000000|MMI|5.54|Hospital course|C0489547|[fndg]|["Hospital course"-tx-13-"HOSPITAL COURSE"-noun-0,"Hospital course"-tx-10-"HOSPITAL COURSE"-noun-1]|TX|3918/15;3664/15|
00000000|MMI|5.54|Hospital course:Finding:Point in time:^Patient:Narrative|C0488549|[clna]|["Hospital course"-tx-13-"HOSPITAL COURSE"-noun-0,"Hospital course"-tx-10-"HOSPITAL COURSE"-noun-0]|TX|3918/15;3664/15|
00000000|MMI|5.53|Summary (document)|C1706244|[inpr]|["Summary"-tx-31-"summary"-noun-0,"Summary"-tx-1-"SUMMARY"-noun-0]|TX|5548/7;224/7|
00000000|MMI|5.53|summary - ActRelationshipSubset|C1552616|[inpr]|["summary"-tx-31-"summary"-noun-0,"summary"-tx-1-"SUMMARY"-noun-0]|TX|5548/7;224/7|
00000000|MMI|5.52|Status post|C0231290|[tmco]|["Following"-tx-18-"following"-verb-0,"Status post"-tx-11-"status post"-prep-0]|TX|4416/9;3718/11|
00000000|MMI|5.52|Instruction [Publication Type]|C0302828|[inpr]|["Instruction"-tx-3-"Instruction"-noun-0]|TX|[415/11],[577/11]|
00000000|MMI|5.52|Instructions|C1442085|[idcn]|["instruction"-tx-3-"Instruction"-noun-0]|TX|[415/11],[577/11]|
00000000|MMI|5.50|S prime|C2603362|[clna]|["S'"-tx-8-"s"-prep-0,"S'"-tx-7-"("-noun-0]|TX|3384/1;3009/1|
00000000|MMI|5.50|per second|C0565930|[qnco]|["/s"-tx-8-"s"-prep-0,"/s"-tx-7-"("-noun-0]|TX|3384/1;3009/1|
00000000|MMI|5.50|23|C0450348|[qnco]|["23"-tx-32-"23"-fraction-0,"23"-tx-1-"23"-fraction-0]|TX|5610/2;141/2|
00000000|MMI|5.48|Services|C0557854|[ocac]|["Services"-tx-24-"services"-noun-0,"Service"-tx-1-"Service"-noun-0]|TX|4943/8;104/7|
00000000|MMI|5.46|Patient need for (contextual qualifier)|C0686904|[ftcn]|["needed"-tx-30-"needed"-verb-0,"need"-tx-23-"need"-noun-0]|TX|5433/6;4830/4|
00000000|MMI|5.45|Lobectomy|C0023928|[topp]|["LOBECTOMY"-tx-11-"lobectomy"-noun-0,"LOBECTOMY"-tx-8-"lobectomy"-noun-0]|TX|3757/9;3408/9|
00000000|MMI|5.43|+5|C0728893|[qnco]|["+5"-tx-27-"5"-integer-0,"+5"-tx-13-"5"-fraction-0]|TX|5095/1;4046/1|
00000000|MMI|5.43|>5|C0439084|[qnco]|[">5"-tx-27-"5"-integer-0,">5"-tx-13-"5"-fraction-0]|TX|5095/1;4046/1|
00000000|MMI|5.42|Taking vital signs|C0150404|[hlca]|["Vital signs"-tx-30-"vital signs"-noun-0,"Vital signs"-tx-24-"vital signs"-noun-0]|TX|5444/11;4956/11|
00000000|MMI|5.41|Restricted|C0443288|[ftcn]|["Restriction"-tx-7-"Restrictions"-noun-0,"Restriction"-tx-7-"restrictions"-noun-0]|TX|2843/12;2939/12|
00000000|MMI|5.41|Lisinopril 30 MG|C0987220|[clnd]|["Lisinopril 30 MG"-tx-27-"lisinopril 30 mg"-noun-0,"Lisinopril 30 MG"-tx-5-"LISINOPRIL 30 MG"-noun-0]|TX|5147/16;1376/16|
00000000|MMI|5.41|House (environment)|C2003847|[mnob]|["House"-tx-23-"house"-noun-0,"House"-tx-17-"house"-noun-0]|TX|4798/5;4316/5|
00000000|MMI|5.40|Three times daily|C0556984|[tmco]|["TID"-tx-7-"TID"-noun-0,"TID"-tx-3-"TID"-noun-0]|TX|2652/3;707/3|
00000000|MMI|5.40|three times a day at institution-specified times|C1610169|[tmco]|["TID"-tx-7-"TID"-noun-0,"TID"-tx-3-"TID"-noun-0]|TX|2652/3;707/3|
00000000|MMI|5.39|Pain NOS Adverse Event|C1962977|[fndg]|["Pain NOS"-tx-7-"Pain"-noun-0,"Pain NOS"-tx-5-"Pain"-noun-0]|TX|2829/4;1354/4|
00000000|MMI|5.38|Curriculum Vitae|C1880201|[inpr]|["Resume"-tx-28-"resume"-noun-0,"Resume"-tx-10-"RESUME"-noun-0]|TX|5343/6;3654/6|
00000000|MMI|5.38|Resume - Remote control command|C1550028|[idcn]|["Resume"-tx-28-"resume"-noun-0,"Resume"-tx-10-"RESUME"-noun-0]|TX|5343/6;3654/6|
00000000|MMI|5.38|resume - DataOperation|C3242342|[ftcn]|["resume"-tx-28-"resume"-noun-0,"resume"-tx-10-"RESUME"-noun-0]|TX|5343/6;3654/6|
00000000|MMI|5.38|Klonopin|C0699315|[orch,phsu]|["Klonopin"-tx-27-"Klonopin"-noun-0,"Klonopin"-tx-3-"KLONOPIN"-noun-0]|TX|5105/8;604/8|
00000000|MMI|5.37|week|C0439230|[tmco]|["WEEKS"-tx-26-"weeks"-noun-0,"WEEKS"-tx-8-"weeks"-noun-0]|TX|5054/5;3032/5|
00000000|MMI|5.37|Negation|C1518422|[ftcn]|["Not"-tx-10-"NOT"-adv-0,"Not"-tx-7-"not"-adv-0]|TX|3629/3;2956/3|
00000000|MMI|5.37|Food allergenic extracts|C3540798|[imft,phsu]|["food"-tx-3-"food"-noun-0]|TX|[483/4],[599/4]|
00000000|MMI|5.37|Injection product|C1272883|[bodm]|["INJ"-tx-5-"INJ"-adj-0,"INJ"-tx-4-"INJ"-adj-0]|TX|1254/3;996/3|
00000000|MMI|5.37|Parenteral dosage form|C1272936|[bodm]|["Inj"-tx-5-"INJ"-adj-0,"Inj"-tx-4-"INJ"-adj-0]|TX|1254/3;996/3|
00000000|MMI|5.35|Apical|C0205111|[spco]|["APICAL"-tx-20-"apical"-adj-0,"APICAL"-tx-19-"apical"-adj-0]|TX|4595/6;4544/6|
00000000|MMI|5.34|0/5|C0444499|[qnco]|["0/5"-tx-27-"0.5"-real_number-0,"0/5"-tx-3-"0.5"-real_number-0]|TX|5114/3;628/3|
00000000|MMI|5.32|Lymph Node Dissection|C0242382|[topp]|["Lymph Node Dissection"-tx-13-"lymph node dissection"-noun-0]|TX|4022/21|E04.446
00000000|MMI|5.32|Lymph node excision|C0024203|[topp]|["Lymph Node Dissection"-tx-13-"lymph node dissection"-noun-0]|TX|4022/21|E04.446
00000000|MMI|5.31|Hoist device|C0181620|[medd]|["Lift"-tx-7-"Lift"-noun-0,"Lift"-tx-7-"lift"-noun-0]|TX|2934/4;2960/4|
00000000|MMI|5.31|Excessive|C0442802|[qlco]|["Excessive"-tx-7-"excessive"-adj-0,"Excessive"-tx-3-"excessive"-adj-0]|TX|2760/9;651/9|
00000000|MMI|5.31|Good|C0205170|[qlco]|["Good"-tx-23-"good"-adj-0,"Well"-tx-14-"well"-adv-0]|TX|4882/4;4095/4|
00000000|MMI|5.30|Post|C0687676|[tmco]|["Post"-tx-19-"post"-noun-0,"Status Post"-tx-11-"status post"-prep-0]|TX|4515/4;3718/11|
00000000|MMI|5.24|Genus: Lingula|C0677580|[euka]|["Lingula"-tx-11-"lingula"-noun-0,"Lingula"-tx-8-"lingula"-noun-0]|TX|3735/7;3388/7|
00000000|MMI|5.24|Lingula|C1561517|[bpoc]|["Lingula"-tx-11-"lingula"-noun-0,"Lingula"-tx-8-"lingula"-noun-0]|TX|3735/7;3388/7|
00000000|MMI|5.24|Lingula of cerebellum|C0228475|[bpoc]|["Lingula"-tx-11-"lingula"-noun-0,"Lingula"-tx-8-"lingula"-noun-0]|TX|3735/7;3388/7|
00000000|MMI|5.24|Lingula of left lung|C0225740|[bpoc]|["Lingula"-tx-11-"lingula"-noun-0,"Lingula"-tx-8-"lingula"-noun-0]|TX|3735/7;3388/7|
00000000|MMI|5.12|Male population group|C0025266|[popg]|["Man"-tx-11-"man"-noun-0]|TX|3714/3|M01.390
00000000|MMI|5.05|Anxiety Disorders|C0003469|[mobd]|["Anxiety"-tx-7-"Anxiety"-noun-0]|TX|2601/7|F03.080
00000000|MMI|5.03|Surgery, Day|C0282046|[topp]|["Surgery, Day"-tx-3-"DAY SURGERY"-noun-0]|TX|788/3,795/7|E04.030
00000000|MMI|3.96|Affecting|C0392760|[ftcn]|["Affecting"-tx-8-"affecting"-verb-0]|TX|3263/9|
00000000|MMI|3.96|Allergic disposition|C3539909|[dsyn]|["Allergy"-tx-8-"ALLERGY"-noun-0]|TX|3040/7|
00000000|MMI|3.96|Allergy - Physicians|C1554743|[prog]|["Allergy"-tx-8-"ALLERGY"-noun-0]|TX|3040/7|
00000000|MMI|3.96|Chronic back pain|C0740418|[sosy]|["Chronic back pain"-tx-8-"chronic back pain"-noun-0]|TX|3364/17|
00000000|MMI|3.96|Complication|C0009566|[patf]|["Complications"-tx-8-"Complications"-noun-0]|TX|3247/13|
00000000|MMI|3.96|Discharge date|C2361123|[tmco]|["Discharge date"-tx-1-"Discharge Date"-noun-0]|TX|0/14|
00000000|MMI|3.96|Discharge date:Time Stamp -- Date and Time:Point in time:^Patient:Quantitative|C2361122|[clna]|["Discharge date"-tx-1-"Discharge Date"-noun-0]|TX|0/14|
00000000|MMI|3.96|Disposition|C0743223|[idcn]|["Disposition"-tx-3-"DISPOSITION"-noun-0]|TX|276/11|
00000000|MMI|3.96|Disposition Domain|C1705555|[inpr]|["Disposition"-tx-3-"DISPOSITION"-noun-0]|TX|276/11|
00000000|MMI|3.96|Evaluation and management note:Finding:Point in time:{Setting}:Document:{Provider}|C1316572|[clna]|["Note"-tx-15-"note"-noun-0]|TX|4224/4|
00000000|MMI|3.96|Following|C0332282|[tmco]|["Following"-tx-18-"following"-verb-0]|TX|4416/9|
00000000|MMI|3.96|High|C0205250|[qlco]|["elevate"-tx-7-"Elevate"-verb-0]|TX|2866/7|
00000000|MMI|3.96|Involvement with|C1314939|[ftcn]|["Affecting"-tx-8-"affecting"-verb-0]|TX|3263/9|
00000000|MMI|3.96|MRC1 gene|C1417249|[gngm]|["MR"-tx-10-"Mr"-noun-0]|TX|3681/2|
00000000|MMI|3.96|Medication administration: epidural|C0812144|[topp]|["epidural"-tx-21-"epidural"-noun-0]|TX|4627/8|
00000000|MMI|3.96|Minor Response|C4050513|[fndg]|["MR"-tx-10-"Mr"-noun-1]|TX|3681/2|
00000000|MMI|3.96|Mr. - Title|C2347167|[cnce]|["Mr."-tx-10-"Mr"-noun-0]|TX|3681/2|
00000000|MMI|3.96|Not Applicable|C1272460|[qlco]|["NOT APPLICABLE"-tx-1-"Not Applicable"-adj-0]|TX|175/14|
00000000|MMI|3.96|Note (document)|C1317574|[inpr]|["Note"-tx-15-"note"-noun-0]|TX|4224/4|
00000000|MMI|3.96|Package Type Not Applicable|C4049872|[ftcn]|["Not Applicable"-tx-1-"Not Applicable"-adj-0]|TX|175/14|
00000000|MMI|3.96|Present|C0150312|[qnco]|["Found"-tx-12-"found"-verb-0]|TX|3855/5|
00000000|MMI|3.96|Recent|C0332185|[tmco]|["Recently"-tx-12-"recently"-adv-0]|TX|3846/8|
00000000|MMI|3.96|Response to antigens|C1314973|[phsf]|["ALLERGY"-tx-8-"ALLERGY"-noun-0]|TX|3040/7|
00000000|MMI|3.96|See|C1947903|[acty]|["See"-tx-15-"see"-verb-0]|TX|4203/3|
00000000|MMI|3.96|Spinal epidural space|C0228134|[bsoj]|["epidural"-tx-21-"epidural"-noun-0]|TX|4627/8|
00000000|MMI|3.96|Sustained Release Dosage Form|C1710261|[bodm]|["Sustained Release"-tx-7-"SUSTAINED RELEASE"-adj-0]|TX|2707/17|
00000000|MMI|3.96|TAC1 wt Allele|C1705924|[gngm]|["NKA"-tx-8-"NKA"-noun-0]|TX|3049/3|
00000000|MMI|3.96|Views:Finding:Point in time:Chest:Narrative:XR|C1114557|[clna]|["Chest X-ray"-tx-20-"chest x-ray"-noun-0]|TX|4572/11|
00000000|MMI|3.96|Zolpidem tartrate|C0724725|[orch,phsu]|["ZOLPIDEM TARTRATE"-tx-3-"ZOLPIDEM TARTRATE"-noun-0]|TX|338/17|
00000000|MMI|3.96|treatments and procedures|C0237403|[topp]|["treatments procedures"-tx-10-"TREATMENTS/PROCEDURES"-noun-0]|TX|3605/21|
00000000|MMI|3.15|Esophagogastrostomy, antesternal or antethoracic|C0192369|[topp]|["Gastric bypass operation"-tx-8-"gastric bypass OPERATIONS"-noun-0]|TX|3459/25|
00000000|MMI|3.04|Cap Device Component|C1706092|[mnob]|["Cap"-tx-21-"capped"-verb-0]|TX|4640/6|
00000000|MMI|3.04|Caps|C0179586|[mnob]|["Cap"-tx-21-"capped"-verb-0]|TX|4640/6|
00000000|MMI|3.04|Restart|C1514902|[qlco]|["Restart"-tx-17-"restarted"-verb-0]|TX|4395/9|
00000000|MMI|3.04|Syringe Caps|C1657858|[medd]|["CAP"-tx-21-"capped"-verb-0]|TX|4640/6|
00000000|MMI|2.87|Master of Science|C1513009|[inpr]|["M.S."-tx-7-"M."-noun-0]|TX|1980/1,1981/1|
00000000|MMI|2.87|m/s|C0439493|[qnco]|["m/s"-tx-7-"M."-noun-0]|TX|1980/1,1981/1|
00000000|MMI|2.87|CATHETER, FOLEY|C0179804|[medd]|["CATHETER, FOLEY"-tx-21-"foley catheter"-noun-0]|TX|4661/14|
00000000|MMI|2.84|Squamous cell carcinoma of lung|C0149782|[neop]|["Squamous Cell Carcinoma of the Lung"-tx-11-"squamous cell carcinoma of the lung"-noun-0]|TX|3801/35|
00000000|MMI|2.81|*Activity (kind of quantity)|C1561536|[idcn]|["*Activity"-tx-7-"ACTIVITY"-noun-0]|TX|2856/8|
00000000|MMI|2.81|Active|C0205177|[ftcn]|["Activity"-tx-7-"ACTIVITY"-noun-0]|TX|2856/8|
00000000|MMI|2.81|Activities|C0441655|[acty]|["ACTIVITY"-tx-7-"ACTIVITY"-noun-0]|TX|2856/8|
00000000|MMI|2.81|Activity (animal life circumstance)|C3668946|[fndg]|["Activity"-tx-7-"ACTIVITY"-noun-1]|TX|2856/8|
00000000|MMI|2.81|Additional comments|C1830770|[fndg]|["Additional comments"-tx-27-"ADDITIONAL COMMENTS"-noun-0]|TX|5249/19|
00000000|MMI|2.81|Admission activity|C0809949|[hlca]|["Admission"-tx-8-"Admission"-noun-0]|TX|3148/9|
00000000|MMI|2.81|Attending (action)|C1999232|[ftcn]|["attending"-tx-1-"Attending"-noun-0]|TX|237/9|
00000000|MMI|2.81|Attending (provider role)|C1547429|[prog]|["Attending"-tx-1-"Attending"-noun-0]|TX|237/9|
00000000|MMI|2.81|CDISC SDTM Procedure Terminology|C3539779|[inpr]|["Procedure"-tx-14-"procedure"-noun-0]|TX|4085/9|
00000000|MMI|2.81|Details|C1522508|[qlco]|["Details"-tx-15-"details"-noun-0]|TX|4186/7|
00000000|MMI|2.81|FDA Establishment Activity Terminology|C4049939|[inpr]|["ACTIVITY"-tx-7-"ACTIVITY"-noun-0]|TX|2856/8|
00000000|MMI|2.81|MICROCEPHALY, EPILEPSY, AND DIABETES SYNDROME|C3280240|[dsyn]|["MEDS"-tx-27-"MEDS"-noun-0]|TX|5067/4|
00000000|MMI|2.81|Percent Activity|C0439167|[qnco]|["% Activity"-tx-7-"ACTIVITY"-noun-0]|TX|2856/8|
00000000|MMI|2.81|Physical Activity Measurement|C4049938|[lbpr]|["ACTIVITY"-tx-7-"ACTIVITY"-noun-0]|TX|2856/8|
00000000|MMI|2.81|Physical Medical Procedure|C3274430|[hlca]|["PROCEDURE"-tx-14-"procedure"-noun-0]|TX|4085/9|
00000000|MMI|2.81|Procedure Domain|C3538935|[inpr]|["Procedure"-tx-14-"procedure"-noun-0]|TX|4085/9|
00000000|MMI|2.81|Stenosis (invertebrate)|C2632116|[euka]|["Stenosis"-tx-8-"stenosis"-noun-0]|TX|3320/8|
00000000|MMI|2.81|Stenosis Morphology|C0678234|[qlco]|["Stenosis"-tx-8-"stenosis"-noun-0]|TX|3320/8|
00000000|MMI|2.81|Surgical and medical procedures|C1948041|[topp]|["Procedure"-tx-14-"procedure"-noun-0]|TX|4085/9|
00000000|MMI|2.81|system output|C1709366|[cnce]|["Output"-tx-18-"output"-noun-0]|TX|4465/6|
00000000|MMI|2.80|Principal Diagnosis:-:Point in time:^Patient:-|C2598194|[clna]|["Principal Diagnosis"-tx-8-"PRINCIPAL DIAGNOSIS"-noun-0]|TX|3081/9,3101/9|
00000000|MMI|2.80|Principal diagnosis|C0332137|[qlco]|["Principal Diagnosis"-tx-8-"PRINCIPAL DIAGNOSIS"-noun-0]|TX|3081/9,3101/9|
00000000|MMI|2.79|discharge diagnosis|C1555319|[fndg]|["Discharge diagnosis"-tx-8-"DISCHARGE DIAGNOSIS"-noun-0]|TX|3091/19|
00000000|MMI|2.78|Conditional|C1701901|[qlco]|["Contingent"-tx-1-"CONTINGENT"-noun-0]|TX|159/10|
00000000|MMI|2.78|Entered|C1521975|[qlco]|["Entered"-tx-31-"ENTERED"-verb-0]|TX|5556/7|
00000000|MMI|2.78|Room air|C3846005|[fndg]|["Room air"-tx-17-"room air"-noun-0]|TX|4354/8|
00000000|MMI|2.78|Stable Disease|C0677946|[fndg]|["Stable condition"-tx-22-"stable condition"-noun-0]|TX|4749/16|
00000000|MMI|2.78|Stable chronic Graft vs Host Disease|C3538874|[fndg]|["Stable condition"-tx-22-"stable condition"-noun-0]|TX|4749/16|
00000000|MMI|2.78|29+|C3843708|[fndg]|["29+"-tx-13-"29"-fraction-0]|TX|4048/2|
00000000|MMI|2.78|MYOTONIC DYSTROPHY 1|C3250443|[dsyn]|["DM"-tx-8-"DM"-noun-0]|TX|3288/2|
00000000|MMI|2.76|Bedtime (qualifier value)|C0521112|[tmco]|["Bedtime"-tx-3-"BEDTIME"-noun-0]|TX|367/7|
00000000|MMI|2.76|Course|C0750729|[tmco]|["Course"-tx-16-"course"-noun-0]|TX|4260/6|
00000000|MMI|2.76|Dissecting hemorrhage|C0333288|[patf]|["Dissection"-tx-13-"dissection"-noun-0]|TX|4033/10|
00000000|MMI|2.76|Planned|C1301732|[ftcn]|["Plan"-tx-31-"PLAN"-noun-0]|TX|5530/4|
00000000|MMI|2.76|Treatment Plan|C0599880|[inpr]|["Plan"-tx-31-"PLAN"-noun-0]|TX|5530/4|
00000000|MMI|2.76|Right upper lobe NODULE|C0746291|[fndg]|["Right upper lobe NODULE"-tx-12-"right upper lobe nodule"-noun-0]|TX|3875/23|
00000000|MMI|2.75|ActInformationPrivacyReason <service>|C3245478|[idcn]|["service"-tx-1-"Service"-noun-0]|TX|104/7|
00000000|MMI|2.75|Software Service|C2825316|[mnob]|["Service"-tx-1-"Service"-noun-0]|TX|104/7|
00000000|MMI|2.74|January|C3829466|[qlco]|["January"-tx-3-"January"-noun-0]|TX|726/7|
00000000|MMI|2.74|Mass of body region|C0577573|[sosy]|["Mass"-tx-10-"MASS"-noun-0]|TX|3594/4|
00000000|MMI|2.74|Mass of body structure|C0577559|[fndg]|["MASS"-tx-10-"MASS"-noun-0]|TX|3594/4|
00000000|MMI|2.74|Mass, a measure of quantity of matter|C1306372|[qnco]|["*Mass"-tx-10-"MASS"-noun-0]|TX|3594/4|
00000000|MMI|2.74|Milliampere second|C3539882|[qnco]|["mAs"-tx-10-"MASS"-noun-0]|TX|3594/4|
00000000|MMI|2.74|Molecular Mass|C3152252|[qnco]|["Mass"-tx-10-"MASS"-noun-0]|TX|3594/4|
00000000|MMI|2.74|Call (Instruction)|C1947967|[ftcn]|["Call"-tx-29-"Call"-noun-0]|TX|5369/4|
00000000|MMI|2.74|Decision|C0679006|[menp]|["Call"-tx-29-"Call"-noun-0]|TX|5369/4|
00000000|MMI|2.74|End|C0444930|[spco]|["End"-tx-32-"END"-noun-0]|TX|5634/3|
00000000|MMI|2.74|Has difficulty doing (qualifier value)|C1299586|[fndg]|["Difficulty"-tx-21-"difficulty"-noun-0]|TX|4706/10|
00000000|MMI|2.74|Precursor B-cell lymphoblastic leukemia|C1292769|[neop]|["c all"-tx-29-"Call"-noun-0]|TX|5369/4|
00000000|MMI|2.74|Responsible to|C1273518|[fndg]|["Responsible"-tx-8-"Responsible"-adj-0]|TX|3112/11|
00000000|MMI|2.74|Stop (qualifier value)|C2746065|[tmco]|["End"-tx-32-"END"-noun-0]|TX|5634/3|
00000000|MMI|2.73|Pain control|C1304888|[topp]|["Pain control"-tx-23-"pain control"-noun-0]|TX|4887/12|
00000000|MMI|2.73|Discharge instructions:Find:Pt:{Setting}:Doc:{Provider}|C3669312|[clna]|["Discharge instructions"-tx-27-"instructions discharge"-noun-0]|TX|5288/12,5317/9|
00000000|MMI|2.73|hospital discharge instructions (treatment)|C2266673|[hlca]|["Discharge instructions"-tx-27-"instructions discharge"-noun-0]|TX|5288/12,5317/9|
00000000|MMI|2.73|Surgical transfer - action|C0348011|[ftcn]|["transferred"-tx-14-"transferred"-verb-0]|TX|4122/11|
00000000|MMI|2.73|Take|C1515187|[hlca]|["Take"-tx-3-"Take"-verb-0]|TX|589/4|
00000000|MMI|2.73|Transfer Technique|C1705822|[ftcn]|["Transferred"-tx-14-"transferred"-verb-0]|TX|4122/11|
00000000|MMI|2.72|Assisted (qualifier value)|C1269765|[qlco]|["Assistance"-tx-23-"assistance"-noun-0]|TX|4838/10|
00000000|MMI|2.72|Empty (qualifier)|C1880497|[qlco]|["Empty"-tx-3-"empty"-adj-0]|TX|438/5|
00000000|MMI|2.72|Entire stomach|C1278920|[bpoc]|["Stomach"-tx-3-"stomach"-noun-0]|TX|444/7|
00000000|MMI|2.72|Gastric Tissue|C1517454|[tisu]|["STOMACH"-tx-3-"stomach"-noun-0]|TX|444/7|
00000000|MMI|2.72|Resolution|C2699488|[cnce]|["Resolution"-tx-18-"resolution"-noun-0]|TX|4426/10|
00000000|MMI|2.72|Resolution Property|C1706463|[qnco]|["Resolution"-tx-18-"resolution"-noun-0]|TX|4426/10|
00000000|MMI|2.72|Stomach structure|C3714551|[bpoc]|["Stomach"-tx-3-"stomach"-noun-0]|TX|444/7|
00000000|MMI|2.72|physiologic resolution|C1514893|[patf]|["Resolution"-tx-18-"resolution"-noun-0]|TX|4426/10|
00000000|MMI|2.72|Entire mediastinal lymph node|C1279049|[bpoc]|["Mediastinal lymph node"-tx-13-"mediastinal lymph node"-noun-0]|TX|4010/22|
00000000|MMI|2.72|Mediastinal lymph node group|C0588055|[bpoc]|["Mediastinal Lymph Node"-tx-13-"mediastinal lymph node"-noun-0]|TX|4010/22|
00000000|MMI|2.72|Void - TableFrame|C1552835|[inpr]|["void"-tx-21-"voided"-verb-0]|TX|4691/6|
00000000|MMI|2.71|Advanced phase|C0205179|[qlco]|["Advanced"-tx-17-"advanced"-verb-0]|TX|4297/8|
00000000|MMI|2.71|Clinic|C0442592|[hcro,mnob]|["Clinic"-tx-26-"clinic"-adj-0]|TX|5040/6|
00000000|MMI|2.71|Full|C0443225|[qlco]|["Full"-tx-17-"full"-adj-0]|TX|4311/4|
00000000|MMI|2.71|Used by|C1273517|[fndg]|["used"-tx-1-"USED"-verb-1]|TX|208/4|
00000000|MMI|2.71|refill|C0807726|[idcn]|["Refills"-tx-29-"refills"-noun-0]|TX|5403/7|
00000000|MMI|2.71|Feet, unit of measurement|C0347981|[qnco]|["feet"-tx-7-"feet"-noun-0]|TX|2874/4|
00000000|MMI|2.70|Discontinued|C1444662|[fndg]|["D/C"-tx-1-"D/C"-noun-1]|TX|195/3|
00000000|MMI|2.70|Doctor of Chiropractic|C1512015|[inpr]|["D.C."-tx-1-"D/C"-noun-0]|TX|195/3|
00000000|MMI|2.70|history of - * (non-specific)|C0455483|[fndg]|["h o"-tx-8-"h/o"-noun-0]|TX|3331/3|
00000000|MMI|2.70|Ambulate|C4036205|[fndg]|["Ambulate"-tx-23-"ambulating"-verb-1]|TX|4811/10|
00000000|MMI|2.68|55|C0450382|[inpr]|["55"-tx-7-"55"-integer-0]|TX|2686/2|
00000000|MMI|2.68|Causing|C0678227|[ftcn]|["Causing"-tx-8-"Causing"-adj-0]|TX|3140/7|
00000000|MMI|2.68|Diagnosis Type - Final|C1546485|[idcn]|["Final"-tx-1-"FINAL"-adj-0]|TX|33/5|
00000000|MMI|2.68|End-stage|C0205088|[qlco]|["Final"-tx-1-"FINAL"-adj-0]|TX|33/5|
00000000|MMI|2.68|Final|C3853528|[tmco]|["Final"-tx-1-"FINAL"-adj-0]|TX|33/5|
00000000|MMI|2.68|Further|C1517331|[spco]|["Further"-tx-15-"further"-adj-0]|TX|4178/7|
00000000|MMI|2.68|Mild (qualifier value)|C2945599|[qlco]|["Minimal"-tx-18-"minimal"-adj-0]|TX|4457/7|
00000000|MMI|2.68|Minimal|C0547040|[qlco]|["Minimal"-tx-18-"minimal"-adj-0]|TX|4457/7|
00000000|MMI|2.68|Minimum|C1524031|[qlco]|["MINIMAL"-tx-18-"minimal"-adj-0]|TX|4457/7|
00000000|MMI|2.68|Supplement|C2348609|[ftcn]|["Supplemental"-tx-23-"supplemental"-adj-0]|TX|4852/12|
00000000|MMI|2.68|Well|C3146287|[mnob]|["Well"-tx-14-"well"-adv-0]|TX|4095/4|
00000000|MMI|2.68|Yes (indicator)|C1705108|[cnce]|["YES"-tx-1-"YES"-noun-0]|TX|233/3|
00000000|MMI|2.68|Yes - Yes/no indicator|C1549445|[idcn]|["Yes"-tx-1-"YES"-noun-0]|TX|233/3|
00000000|MMI|2.68|atorvastatin 40 MG|C1667395|[clnd]|["atorvastatin 40 MG"-tx-3-"ATORVASTATIN 40 MG"-noun-0]|TX|490/18|
00000000|MMI|2.68|dictated - DocumentCompletion|C1609990|[idcn]|["Dictated"-tx-31-"dictated"-adj-0]|TX|5539/8|
00000000|MMI|2.68|dictated - ParticipationMode|C1548384|[ftcn]|["dictated"-tx-31-"dictated"-adj-0]|TX|5539/8|
00000000|MMI|2.68|post operative (finding)|C0241311|[fndg]|["POST OPERATIVE"-tx-16-"post-operative"-adj-0]|TX|4245/14|
00000000|MMI|2.66|Administration procedure|C1533734|[topp]|["Treatment"-tx-8-"Treatment"-noun-0]|TX|3273/9|
00000000|MMI|2.66|Biomaterial Treatment|C1705169|[cnce]|["Treatment"-tx-8-"Treatment"-noun-0]|TX|3273/9|
00000000|MMI|2.66|Does pull|C0580846|[fndg]|["pull"-tx-19-"pull"-noun-0]|TX|4520/4|
00000000|MMI|2.66|Post Device Component|C1704687|[mnob]|["Post"-tx-19-"post"-noun-0]|TX|4515/4|
00000000|MMI|2.66|Right sided|C0444532|[spco]|["Right"-tx-13-"right"-adj-0]|TX|3959/5|
00000000|MMI|2.66|Small|C0700321|[qnco]|["SMALL"-tx-19-"small"-adj-0]|TX|4538/5|
00000000|MMI|2.66|Therapeutic procedure|C0087111|[topp]|["Treatment"-tx-8-"Treatment"-noun-0]|TX|3273/9|E02
00000000|MMI|2.66|Treating|C1522326|[ftcn]|["Treatment"-tx-8-"Treatment"-noun-0]|TX|3273/9|
00000000|MMI|2.66|Treatment Epoch|C3538994|[resa]|["TREATMENT"-tx-8-"Treatment"-noun-0]|TX|3273/9|
00000000|MMI|2.66|treatment - ActInformationManagementReason|C3887704|[hlca]|["treatment"-tx-8-"Treatment"-noun-0]|TX|3273/9|
00000000|MMI|2.65|Thoracoscopic wedge resection|C1955752|[topp]|["Thoracoscopic wedge resection"-tx-10-"THORACOSCOPY WEDGE RESECTION"-noun-0]|TX|3547/12,3578/15|
00000000|MMI|2.65|/40|C0439509|[tmco]|["/40"-tx-27-"40"-integer-0]|TX|5195/2|
00000000|MMI|2.65|40%|C3842587|[qnco]|["40%"-tx-27-"40"-integer-0]|TX|5195/2|
00000000|MMI|2.65|50%|C3842586|[fndg]|["50%"-tx-7-"50"-integer-0]|TX|2643/2|
00000000|MMI|2.65|<50|C3843766|[fndg]|["<50"-tx-7-"50"-integer-0]|TX|2643/2|
00000000|MMI|2.65|Mediastinal|C1522718|[spco]|["Mediastinal"-tx-13-"mediastinal"-noun-0]|TX|4010/11|
00000000|MMI|2.65|Oxycodone 10 MG|C1126285|[clnd]|["Oxycodone 10 MG"-tx-7-"OXYCODONE 10 MG"-noun-0]|TX|2779/9,2791/5|
00000000|MMI|2.65|10 pounds|C3845310|[fndg]|["10 pounds"-tx-7-"10 pounds"-noun-0]|TX|2978/9|
00000000|MMI|2.65|Clinical Study Follow-up|C3274571|[hlca]|["FOLLOW-UP"-tx-7-"FOLLOW UP"-adj-0]|TX|2988/9|
00000000|MMI|2.65|Follow-Up Report|C1704685|[inpr]|["Follow-Up"-tx-7-"FOLLOW UP"-adj-0]|TX|2988/9|
00000000|MMI|2.65|Follow-up status|C0589120|[fndg]|["Follow-up"-tx-7-"FOLLOW UP"-adj-0]|TX|2988/9|
00000000|MMI|2.65|follow-up|C1522577|[hlca]|["Follow Up"-tx-7-"FOLLOW UP"-adj-0]|TX|2988/9|
00000000|MMI|2.65|Air Leak Medical Device Problem|C1879674|[phpr]|["Air Leak"-tx-18-"air leak"-noun-0]|TX|4444/8|
00000000|MMI|2.64|Nodule|C0028259|[acab]|["NODULE"-tx-8-"nodule"-noun-0]|TX|3074/6|
00000000|MMI|2.64|Plant nodule|C2700389|[plnt]|["Nodule"-tx-8-"nodule"-noun-0]|TX|3074/6|
00000000|MMI|2.64|Primary|C0205225|[qlco]|["Principal"-tx-8-"PRINCIPAL"-adj-0]|TX|3081/9|
00000000|MMI|2.64|Teaching principal|C0401925|[prog]|["Principal"-tx-8-"PRINCIPAL"-adj-0]|TX|3081/9|
00000000|MMI|2.64|+2|C0740116|[qnco]|["+2"-tx-5-"2"-integer-0]|TX|1338/1|
00000000|MMI|2.64|2+|C3833492|[fndg]|["2+"-tx-5-"2"-integer-0]|TX|1338/1|
00000000|MMI|2.64|2+ Score|C2827735|[qnco]|["2+"-tx-5-"2"-integer-0]|TX|1338/1|
00000000|MMI|2.64|2+ Score, WHO|C2981700|[clas]|["2+"-tx-5-"2"-integer-0]|TX|1338/1|
00000000|MMI|2.64|Daily|C0332173|[tmco]|["Daily"-tx-3-"DAILY"-adj-0]|TX|512/5|
00000000|MMI|2.64|Every six hours|C0585325|[tmco]|["Q6H"-tx-5-"Q6H"-noun-0]|TX|1346/3|
00000000|MMI|2.64|Alabama (eukaryote)|C2825084|[euka]|["Alabama"-tx-1-"Alabama"-noun-0]|TX|96/7|
00000000|MMI|2.64|Alabama Language|C1551894|[lang]|["Alabama"-tx-1-"Alabama"-noun-0]|TX|96/7|
00000000|MMI|2.64|5 Hours|C1442467|[tmco]|["5H"-tx-7-"5H"-noun-0]|TX|2594/2|
00000000|MMI|2.64|Anxiety Scale (BASC-2)|C4050613|[inpr]|["Anxiety"-tx-7-"Anxiety"-noun-0]|TX|2601/7|
00000000|MMI|2.64|Greater|C1704243|[qnco]|["Greater"-tx-7-"greater"-adj-0]|TX|2965/7|
00000000|MMI|2.64|Structure of right thigh|C0230425|[bpoc]|["RT"-tx-10-"RT"-noun-0]|TX|3544/2|
00000000|MMI|2.64|Then|C1883708|[tmco]|["Then"-tx-7-"then"-adv-0]|TX|2973/4|
00000000|MMI|2.64|Incident|C1551358|[idcn]|["Incident"-tx-14-"incident"-noun-0]|TX|4163/8|
00000000|MMI|2.64|Room of building - Study|C0557651|[mnob]|["Study"-tx-8-"Study"-noun-0]|TX|3130/5|
00000000|MMI|2.64|Study|C2603343|[resa]|["Study"-tx-8-"Study"-noun-0]|TX|3130/5|
00000000|MMI|2.63|Every four hours|C0585324|[tmco]|["Q4H"-tx-7-"Q4H"-noun-0]|TX|2800/3|
00000000|MMI|2.63|March|C3829202|[qlco]|["March"-tx-7-"March"-noun-0]|TX|2819/5|
00000000|MMI|2.63|Today|C0310367|[antb,orch]|["Today"-tx-7-"Today"-noun-0]|TX|2813/5|
00000000|MMI|2.63|Today (temporal qualifier)|C0750526|[tmco]|["Today"-tx-7-"Today"-noun-0]|TX|2813/5|
00000000|MMI|2.63|Chest CT|C0202823|[diap]|["chest ct scan"-tx-12-"chest CT scan"-noun-0]|TX|3902/13|
00000000|MMI|2.63|Squamous cell carcinoma - category|C1302853|[neop]|["Squamous cell carcinoma"-tx-8-"squamous cell carcinoma"-noun-0]|TX|3422/23|
00000000|MMI|2.63|Prolonged menses|C0425945|[fndg]|["Prolonged periods"-tx-7-"prolonged periods"-noun-1]|TX|2884/17|
00000000|MMI|2.63|Famotidine 20 MG|C0985942|[clnd]|["Famotidine 20 MG"-tx-3-"FAMOTIDINE 20 MG"-noun-0]|TX|752/16|
00000000|MMI|2.63|oral medication|C0175795|[topp]|["ORAL MEDICATION"-tx-23-"oral medication"-noun-0]|TX|4903/4,4913/10|
00000000|MMI|2.63|Immediate Release Dosage Form|C1708470|[bodm]|["Immediate Release"-tx-7-"IMMEDIATE RELEASE"-noun-0]|TX|2006/17|
00000000|MMI|2.63|November|C3828767|[tmco]|["November"-tx-11-"November"-noun-0]|TX|3770/8|
00000000|MMI|2.63|THO tumor staging notation|C0449208|[blor]|["THO"-tx-1-"THO"-noun-0]|TX|113/3|
00000000|MMI|2.63|Upper|C1282910|[spco]|["UPPER"-tx-11-"upper"-adj-0]|TX|3751/5|
00000000|MMI|2.62|Question (inquiry)|C1522634|[inpr]|["Question"-tx-29-"questions"-noun-0]|TX|5378/9|
00000000|MMI|2.62|Behavior Rating Inventory of Executive Function|C4050216|[inpr]|["BRIEF"-tx-10-"BRIEF"-adj-0]|TX|3648/5|
00000000|MMI|2.62|Brief|C1879313|[tmco]|["Brief"-tx-10-"BRIEF"-adj-0]|TX|3648/5|
00000000|MMI|2.62|Shortened|C1282927|[qlco]|["brief"-tx-10-"BRIEF"-adj-0]|TX|3648/5|
00000000|MMI|2.62|medication - HL7 publishing domain|C3244316|[ftcn]|["medication"-tx-29-"medication"-noun-0]|TX|5392/10|
00000000|MMI|2.62|Ability to Sit question|C4050224|[inpr]|["Sitting"-tx-7-"sitting"-noun-0]|TX|2905/7|
00000000|MMI|2.62|Packet (device)|C1705173|[medd]|["Packet"-tx-27-"packet"-noun-0]|TX|5327/6|
00000000|MMI|2.62|Packet - Unit dose|C1641805|[qnco]|["PACKET"-tx-27-"packet"-noun-0]|TX|5327/6|
00000000|MMI|2.62|Sitting Function|C2584297|[phsf]|["Sitting"-tx-7-"sitting"-noun-1]|TX|2905/7|
00000000|MMI|2.62|Sitting position|C0277814|[fndg]|["SITTING"-tx-7-"sitting"-noun-1]|TX|2905/7|
00000000|MMI|2.61|Intellectual scale|C0349674|[inpr]|["Scale"-tx-7-"SCALE"-noun-0]|TX|2027/5|
00000000|MMI|2.61|Scale Device Component|C3536777|[mnob]|["Scale"-tx-7-"SCALE"-noun-0]|TX|2027/5|
00000000|MMI|2.61|Scaling|C1947916|[acty]|["Scale"-tx-7-"SCALE"-noun-0]|TX|2027/5|
00000000|MMI|2.61|Weight measurement scales|C0175659|[medd]|