00000000|MMI|7.28|Signature|C1519316|[inpr]|["Signed"-tx-1-"Signed"-noun-0]|TX|[84/6],[141/6]|
00000000|MMI|7.28|signed - ParticipationSignature|C1561610|[inpr]|["signed"-tx-1-"Signed"-noun-0]|TX|[84/6],[141/6]|
00000000|MMI|3.65|Report status|C0586177|[fndg]|["Report status"-tx-1-"Report Status"-noun-0]|TX|126/13|
00000000|MMI|3.63|Admission date:Time Stamp -- Date and Time:Point in time:^Patient:Quantitative|C2598112|[clna]|["Admission date"-tx-1-"Admission Date"-noun-0]|TX|99/14|
00000000|MMI|3.63|Date of admission|C1302393|[tmco]|["Admission date"-tx-1-"Admission Date"-noun-0]|TX|99/14|
00000000|MMI|3.59|Pyrexia of unknown origin (excl puerperal)|C0856281|[sosy]|["puo"-tx-1-"PUO"-noun-0]|TX|12/3|
00000000|MMI|3.48|Discharge summarization note:Finding:Point in time:{Setting}:Document:{Provider}|C0801840|[clna]|["Discharge summary"-tx-1-"Discharge Summary"-noun-0]|TX|64/17|
00000000|MMI|3.48|Discharge summary|C0743221|[inpr]|["Discharge summary"-tx-1-"Discharge Summary"-noun-0]|TX|64/17|
00000000|MMI|3.46|10%|C3842590|[fndg]|["10%"-tx-1-"10"-fraction-0]|TX|115/2|
00000000|MMI|3.46|Diagnostic interview schedule|C0451119|[inpr]|["DIS"-tx-1-"DIS"-noun-0]|TX|93/3|
00000000|MMI|3.46|Discontinued|C1444662|[fndg]|["DIS"-tx-1-"DIS"-noun-0]|TX|93/3|
00000000|MMI|58.58|Patient Discharge|C0030685|[hlca]|["Discharge"-tx-44-"DISCHARGE"-noun-0,"Discharge"-tx-42-"discharge"-noun-0,"Discharge"-tx-39-"discharge"-noun-0]|TX|2824/9;2662/9;2503/9|E02.204.125;E02.760.400.610;N02.421.192.125;N02.421.585.400.610;N04.590.233.727.210.125
00000000|MMI|53.44|Patients|C0030705|[podg]|["*^patient"-tx-49-"patient"-noun-0,"*^patient"-tx-37-"patient"-noun-0,"*^patient"-tx-30-"patient"-noun-0,"*^patient"-tx-27-"patient"-noun-0,"*^patient"-tx-23-"patient"-noun-0,"*^patient"-tx-17-"patient"-noun-0,"*^patient"-tx-4-"patient"-noun-0]|TX|3033/7;2234/7;1687/7;1419/7;1067/7;708/7;136/7|M01.643
00000000|MMI|49.33|Postoperative Period|C0032790|[tmco]|["Postoperative"-tx-38-"postoperative"-noun-0,"Postoperative"-tx-34-"postoperative"-noun-0,"Postoperative"-tx-27-"postoperative"-adj-0]|TX|2326/13;1949/13;1395/13|E04.614.750;N02.421.585.753.750
00000000|MMI|45.50|Bactrim|C0591139|[orch,phsu]|["Bactrim"-tx-48-"Bactrim"-noun-0,"Bactrim"-tx-35-"Bactrim"-noun-0]|TX|3009/7;2112/7|D02.065.884.725.867.500;D02.092.146.807.867.500;D02.886.590.700.725.867.500;D03.383.742.906.500;D26.310.875
00000000|MMI|45.42|White Blood Cell Count procedure|C0023508|[lbpr]|["Blood Cell Count, White"-tx-31-"white blood cell count"-noun-0,"White Blood Cells"-tx-29-"white blood cells"-noun-0]|TX|1756/22;1620/17|E01.370.225.500.195.107.595;E01.370.225.625.107.595;E05.200.500.195.107.595;E05.200.625.107.595;E05.242.195.107.595;G04.170.107.595;G09.188.105.595
00000000|MMI|39.19|Temperature|C0039476|[qnco]|["*Temperature"-tx-38-"temperature"-noun-0,"*Temperature"-tx-27-"temperature"-noun-0]|TX|2353/11;1450/11|G01.906.595;G16.500.275.063.725.710;G16.500.750.775.710;N06.230.150.450;N06.230.300.100.725.710
00000000|MMI|33.00|Knee Replacement Arthroplasty (procedure)|C0086511|[topp]|["Total Knee Replacement"-tx-6-"total knee replacement"-noun-0,"Total Knee Replacement"-tx-3-"Total knee replacement"-noun-0]|TX|306/22;90/22|E04.555.110.110.115;E04.650.110.115;E04.680.101.110.115
00000000|MMI|32.85|Body Temperature|C0005903|[orga]|["temperature"-tx-38-"temperature"-noun-0,"temperature"-tx-27-"temperature"-noun-0]|TX|2353/11;1450/11|E01.370.600.875.374;G07.110
00000000|MMI|32.83|Togo|C0040363|[geoa]|["TO"-tx-43-"to"-adv-0,"TO"-tx-37-"to"-noun-0]|TX|2758/2;2252/2|Z01.058.290.190.800
00000000|MMI|32.83|Tryptophanase|C0041260|[aapp,enzy]|["TO"-tx-43-"to"-adv-0,"TO"-tx-37-"to"-noun-0]|TX|2758/2;2252/2|D08.811.520.224.800
00000000|MMI|32.82|Osteoarthritis, Knee|C0409959|[dsyn]|["OSTEOARTHRITIS OF KNEE"-tx-5-"osteoarthritis of knee"-noun-0,"Knee osteoarthritis"-tx-2-"knee osteoarthritis"-noun-0]|TX|241/17,269/4;57/19|C05.550.114.606.500;C05.799.613.500
00000000|MMI|30.42|Ecotrin|C0699274|[orch,phsu]|["Ecotrin"-tx-16-"Ecotrin"-noun-0]|TX|503/7|D02.455.426.559.389.657.410.595.176
00000000|MMI|29.46|Anthropological Culture|C0010453|[idcn]|["Cultures"-tx-38-"cultures"-noun-0,"Cultures"-tx-32-"cultures"-verb-0]|TX|2421/8;1825/8|I01.076.201.450;I01.880.853.100
00000000|MMI|29.46|In Urine|C0042037|[ftcn]|["URINE"-tx-32-"urine"-noun-0,"URINE"-tx-29-"urine"-noun-0]|TX|1806/5;1557/5|x.x.x.x
00000000|MMI|28.89|Abortion consent:Finding:Point in time:^Patient:Document|C2360836|[clna]|["Patient"-tx-49-"patient"-noun-0,"Patient"-tx-37-"patient"-noun-0,"Patient"-tx-30-"patient"-noun-0,"Patient"-tx-27-"patient"-noun-0,"Patient"-tx-23-"patient"-noun-0,"Patient"-tx-17-"patient"-noun-0,"Patient"-tx-4-"patient"-noun-0]|TX|3033/7;2234/7;1687/7;1419/7;1067/7;708/7;136/7|
00000000|MMI|28.89|Hysterectomy consent:Finding:Point in time:^Patient:Document|C2360838|[clna]|["Patient"-tx-49-"patient"-noun-0,"Patient"-tx-37-"patient"-noun-0,"Patient"-tx-30-"patient"-noun-0,"Patient"-tx-27-"patient"-noun-0,"Patient"-tx-23-"patient"-noun-0,"Patient"-tx-17-"patient"-noun-0,"Patient"-tx-4-"patient"-noun-0]|TX|3033/7;2234/7;1687/7;1419/7;1067/7;708/7;136/7|
00000000|MMI|28.89|Sterilization consent:Finding:Point in time:^Patient:Document|C2360840|[clna]|["Patient"-tx-49-"patient"-noun-0,"Patient"-tx-37-"patient"-noun-0,"Patient"-tx-30-"patient"-noun-0,"Patient"-tx-27-"patient"-noun-0,"Patient"-tx-23-"patient"-noun-0,"Patient"-tx-17-"patient"-noun-0,"Patient"-tx-4-"patient"-noun-0]|TX|3033/7;2234/7;1687/7;1419/7;1067/7;708/7;136/7|
00000000|MMI|24.11|Ambulation|C0945826|[orgf]|["Ambulation"-tx-43-"ambulation"-noun-0]|TX|2798/10|G11.427.590.530.568.900;G11.427.590.530.698.277.937;I03.350.937;I03.450.642.845.940
00000000|MMI|24.11|Propranolol|C0033497|[orch,phsu]|["PROPRANOLOL"-tx-16-"Propranolol"-noun-0]|TX|543/11|D02.033.100.624.698.711;D02.033.755.624.698.711;D02.092.063.624.698.711;D02.455.426.559.847.638.945;D04.615.638.945
00000000|MMI|24.11|Surgical aspects|C0038895|[ftcn]|["surgery"-tx-15-"Surgery"-noun-0]|TX|418/7|x.x.x.x.x.x.x
00000000|MMI|24.11|Walking (activity)|C0080331|[dora]|["Ambulation"-tx-43-"ambulation"-noun-0]|TX|2798/10|G11.427.590.530.568.900;G11.427.590.530.698.277.937;I03.350.937;I03.450.642.845.940
00000000|MMI|23.12|Urine|C0042036|[bdsu]|["URINE"-tx-32-"urine"-noun-0,"URINE"-tx-29-"urine"-noun-0]|TX|1806/5;1557/5|A12.207.927
00000000|MMI|22.38|Dilantin|C0699512|[orch,phsu]|["Dilantin"-tx-16-"Dilantin"-noun-0]|TX|614/8|D03.383.129.308.432.555.730
00000000|MMI|22.36|therapeutic aspects|C0039798|[ftcn]|["treatment"-tx-48-"treatment"-noun-0]|TX|2994/9|x.x.x.x.x.x.x
00000000|MMI|20.95|Ovarian Cysts|C0029927|[dsyn]|["OVARIAN CYST"-tx-15-"Ovarian cyst"-noun-0]|TX|427/12|C04.182.612;C13.351.500.056.630.580;C19.391.630.580
00000000|MMI|19.33|Systole|C0039155|[tmco]|["Systolic"-tx-25-"systolic"-adj-0]|TX|1288/8|G09.330.190.541.880;G11.427.590.540.570.880
00000000|MMI|18.16|Right|C0205090|[spco]|["RIGHT"-tx-23-"right"-adj-0,"RIGHT"-tx-22-"right"-noun-0,"RIGHT"-tx-6-"right"-adj-0,"RIGHT"-tx-5-"right"-noun-0,"RIGHT"-tx-2-"Right"-noun-0]|TX|1128/5;973/5;300/5;263/5;51/5|
00000000|MMI|18.16|Right sided|C0444532|[spco]|["Right"-tx-23-"right"-adj-0,"Right"-tx-22-"right"-noun-0,"Right"-tx-6-"right"-adj-0,"Right"-tx-5-"right"-noun-0,"Right"-tx-2-"Right"-noun-0]|TX|1128/5;973/5;300/5;263/5;51/5|
00000000|MMI|17.80|Gout|C0018099|[dsyn]|["GOUT"-tx-12-"Gout"-noun-0]|TX|395/4|C05.550.114.423;C05.799.414;C16.320.565.798.368;C18.452.648.798.368
00000000|MMI|17.80|Roentgen Rays|C0043309|[npop]|["X-Rays"-tx-5-"X-rays"-noun-0]|TX|227/6|G01.358.500.505.970;G01.750.250.970;G01.750.750.918
00000000|MMI|16.21|Cerebrovascular accident|C0038454|[dsyn]|["CVA, NOS"-tx-14-"CVA"-noun-0]|TX|404/3|C10.228.140.300.775;C14.907.253.855
00000000|MMI|16.16|Pain|C0030193|[sosy]|["PAIN"-tx-47-"pain"-noun-0]|TX|2943/4|C10.597.617;C23.888.592.612;F02.830.816.444;G11.561.600.810.444
00000000|MMI|16.08|Ventolin|C0033744|[orch,phsu]|["Ventolin"-tx-16-"Ventolin"-noun-0]|TX|647/8|D02.033.100.291.057;D02.092.063.291.057;D02.092.471.683.061
00000000|MMI|16.08|Physical Therapist|C2362565|[prog]|["PHYSICAL THERAPIST"-tx-33-"physical therapist"-noun-0]|TX|1925/18|M01.526.485.067.739;N02.360.067.735
00000000|MMI|16.07|Iodides|C0021966|[inch]|["I-"-tx-16-"i"-adv-0]|TX|641/1|D01.248.497.158.490;D01.475.410
00000000|MMI|16.07|Dominican Republic|C0013014|[geoa]|["DR"-tx-49-"Dr"-noun-0]|TX|3060/2|Z01.107.084.900.300;Z01.639.880.300
00000000|MMI|15.79|Revealed|C0443289|[qlco]|["Revealed"-tx-31-"revealed"-verb-0,"Revealed"-tx-29-"revealed"-verb-0,"reveal"-tx-5-"reveal"-verb-0]|TX|1747/8;1563/8;234/6|
00000000|MMI|14.64|Abdominal Cavity|C0230168|[blor]|["Abdomen"-tx-21-"ABDOMEN"-noun-0]|TX|913/7|A01.923.047.025
00000000|MMI|14.64|Diet|C0012155|[food]|["Diet"-tx-45-"Diet"-noun-0]|TX|2844/4|G07.203.650.240
00000000|MMI|14.64|Epilepsy|C0014544|[dsyn]|["SEIZURE DISORDER"-tx-10-"Seizure disorder"-noun-0]|TX|373/16|C10.228.140.490
00000000|MMI|14.64|Ethanol|C0001962|[orch,phsu]|["ALCOHOL"-tx-17-"alcohol"-noun-0]|TX|767/7|D02.033.375;x.x.x.x
00000000|MMI|14.64|General surgery specialty|C1274039|[bmod]|["Surgery"-tx-15-"Surgery"-noun-0]|TX|418/7|H02.403.810.300
00000000|MMI|14.64|Range of Motion, Articular|C0080078|[clna]|["Range of Motion"-tx-43-"range of motion"-adj-0]|TX|2774/15|E01.370.600.700;G11.427.760
00000000|MMI|14.38|Two|C0205448|[qnco]|["Two"-tx-46-"two"-adj-0,"Two"-tx-16-"two"-noun-0,"Two"-tx-15-"two"-noun-0]|TX|2912/3;[630/3],[664/3];475/3|
00000000|MMI|13.69|Physical therapy|C0949766|[topp]|["Physical Therapy"-tx-43-"physical therapy"-noun-0,"Physical Therapy"-tx-37-"physical therapy"-noun-0]|TX|2741/16;2275/16|E02.779
00000000|MMI|13.10|Leukocytes|C0023516|[cell]|["White Blood Cells"-tx-29-"white blood cells"-noun-0]|TX|1620/17|A11.118.637;A15.145.229.637;A15.382.490
00000000|MMI|13.09|Degenerative polyarthritis|C0029408|[dsyn]|["OSTEOARTHRITIS"-tx-2-"osteoarthritis"-noun-0]|TX|62/14|C05.550.114.606;C05.799.613
00000000|MMI|12.94|Aggressive behavior|C0001807|[mobd]|["aggressive"-tx-43-"aggressive"-adj-0]|TX|2730/10|F01.145.126.125;F01.145.813.045
00000000|MMI|12.94|Caucasoid Race|C0007457|[popg]|["WHITE"-tx-31-"white"-noun-0]|TX|1735/5|M01.686.508.400
00000000|MMI|12.93|Dyspnea|C0013404|[sosy]|["SHORTNESS OF BREATH"-tx-40-"of shortness breath"-noun-0]|TX|2537/12,2553/6|C08.618.326;C23.888.852.371
00000000|MMI|12.91|Mongolia|C0026410|[geoa]|["MG"-tx-16-"mg"-noun-0]|TX|627/2|Z01.252.474.651
00000000|MMI|12.91|Physicians|C0031831|[prog]|["DR"-tx-49-"Dr"-noun-0]|TX|3060/2|M01.526.485.810;N02.360.810
00000000|MMI|12.88|Rehabilitation therapy|C0034991|[topp]|["Rehab"-tx-42-"Rehab"-noun-0]|TX|2679/5|E02.831;H02.403.680.600;N02.421.784
00000000|MMI|12.88|Smoking|C0037369|[inbe]|["smokes"-tx-17-"smokes"-noun-0]|TX|716/6|F01.145.958.500
00000000|MMI|11.58|Medication administration: epidural|C0812144|[topp]|["epidural"-tx-32-"epidural"-noun-0,"epidural"-tx-28-"epidural"-noun-0,"epidural"-tx-25-"epidural"-noun-0]|TX|1816/8;1496/8;1312/8|
00000000|MMI|11.58|Spinal epidural space|C0228134|[bsoj]|["epidural"-tx-32-"epidural"-noun-0,"epidural"-tx-28-"epidural"-noun-0,"epidural"-tx-25-"epidural"-noun-0]|TX|1816/8;1496/8;1312/8|
00000000|MMI|11.53|Negative|C0205160|[qlco]|["Negative"-tx-38-"negative"-noun-0,"Negative"-tx-36-"negative"-noun-0,"Negative"-tx-32-"negative"-noun-0]|TX|2439/8;2194/8;1843/8|
00000000|MMI|11.53|Negative - answer|C3853545|[qlco]|["Negative"-tx-38-"negative"-noun-0,"Negative"-tx-36-"negative"-noun-0,"Negative"-tx-32-"negative"-noun-0]|TX|2439/8;2194/8;1843/8|
00000000|MMI|11.53|Negative Charge|C2825491|[qlco]|["Negative"-tx-38-"negative"-noun-0,"Negative"-tx-36-"negative"-noun-0,"Negative"-tx-32-"negative"-noun-0]|TX|2439/8;2194/8;1843/8|
00000000|MMI|11.53|Negative Finding|C1513916|[fndg]|["NEGATIVE"-tx-38-"negative"-noun-0,"NEGATIVE"-tx-36-"negative"-noun-0,"NEGATIVE"-tx-32-"negative"-noun-0]|TX|2439/8;2194/8;1843/8|
00000000|MMI|11.53|Negative Number|C2825415|[cnce]|["Negative"-tx-38-"negative"-noun-0,"Negative"-tx-36-"negative"-noun-0,"Negative"-tx-32-"negative"-noun-0]|TX|2439/8;2194/8;1843/8|
00000000|MMI|11.49|Abdomen|C0000726|[blor]|["ABDOMEN"-tx-21-"ABDOMEN"-noun-0]|TX|913/7|A01.923.047
00000000|MMI|11.49|Diet therapy|C0012159|[hlca]|["Diet"-tx-45-"Diet"-noun-0]|TX|2844/4|E02.642.249
00000000|MMI|11.49|Heart murmur|C0018808|[fndg]|["MURMUR"-tx-20-"murmur"-noun-1]|TX|886/6|C23.888.447
00000000|MMI|11.49|Hypertensive disease|C0020538|[dsyn]|["HYPERTENSION"-tx-8-"Hypertension"-noun-0]|TX|356/12|C14.907.489
00000000|MMI|11.49|Physical Examination|C0031809|[hlca]|["PHYSICAL EXAMINATION"-tx-18-"PHYSICAL EXAMINATION"-noun-0]|TX|777/20|E01.370.600
00000000|MMI|11.49|Pressure- physical agent|C0033095|[phpr]|["Pressure"-tx-26-"pressure"-noun-0]|TX|1355/8|G01.374.715
00000000|MMI|11.03|Daily|C0332173|[tmco]|["/day"-tx-38-"day"-noun-0,"/day"-tx-34-"day"-noun-0,"/day"-tx-16-"day"-noun-0]|TX|2340/3;1963/3;538/3|
00000000|MMI|11.03|day|C0439228|[tmco]|["DAY"-tx-38-"day"-noun-0,"DAY"-tx-34-"day"-noun-0,"DAY"-tx-16-"day"-noun-0]|TX|2340/3;1963/3;538/3|
00000000|MMI|11.03|per day|C0439505|[tmco]|["/day"-tx-38-"day"-noun-0,"/day"-tx-34-"day"-noun-0,"/day"-tx-16-"day"-noun-0]|TX|2340/3;1963/3;538/3|
00000000|MMI|10.71|Admission activity|C0809949|[hlca]|["Admission"-tx-46-"admission"-noun-0,"Admitted"-tx-23-"admitted"-verb-0,"Admitted"-tx-6-"admitted"-verb-0]|TX|2881/9;1079/8;287/8|
00000000|MMI|10.71|Hospital admission|C0184666|[hlca]|["Admission"-tx-46-"admission"-noun-0,"admitted"-tx-23-"admitted"-verb-0,"admitted"-tx-6-"admitted"-verb-0]|TX|2881/9;1079/8;287/8|
00000000|MMI|10.64|10%|C3842590|[fndg]|["10%"-tx-53-"10"-fraction-0,"10%"-tx-29-"10"-integer-0]|TX|[3163/2],[3174/2];1611/2|
00000000|MMI|10.51|Body Fluid Discharge|C0012621|[bdsu]|["Discharge"-tx-44-"DISCHARGE"-noun-0,"Discharge"-tx-42-"discharge"-noun-0,"Discharge"-tx-39-"discharge"-noun-0]|TX|2824/9;2662/9;2503/9|
00000000|MMI|10.51|Discharge, body substance|C2926602|[bdsu]|["Discharge"-tx-44-"DISCHARGE"-noun-0,"Discharge"-tx-42-"discharge"-noun-0,"Discharge"-tx-39-"discharge"-noun-0]|TX|2824/9;2662/9;2503/9|
00000000|MMI|10.42|1+|C3816745|[fndg]|["1+"-tx-7-"1"-integer-0,"1+"-tx-1-"1"-integer-0]|TX|353/1;47/1|
00000000|MMI|10.42|1+ Score|C2827734|[qnco]|["1+"-tx-7-"1"-integer-0,"1+"-tx-1-"1"-integer-0]|TX|353/1;47/1|
00000000|MMI|10.42|1+ Score, WHO|C2981698|[clas]|["1+"-tx-7-"1"-integer-0,"1+"-tx-1-"1"-integer-0]|TX|353/1;47/1|
00000000|MMI|10.42|Continuous|C0549178|[idcn]|["Continued"-tx-37-"continued"-verb-0,"Continued"-tx-33-"continued"-verb-0]|TX|2242/9;1890/9|
00000000|MMI|10.42|Discontinued|C1444662|[fndg]|["Discontinued"-tx-30-"discontinued"-verb-0,"Discontinued"-tx-28-"discontinued"-verb-0]|TX|1666/12;1509/12|
00000000|MMI|10.42|Doctor of Medicine|C1512018|[inpr]|["M.D."-tx-52-"M.D"-noun-0,"M.D."-tx-51-"M.D"-noun-0]|TX|3151/3;3108/3|
00000000|MMI|10.42|Medications:-:Point in time:^Patient:-|C2598133|[clna]|["Medications"-tx-46-"Medications"-noun-0,"Medications"-tx-16-"Medications"-noun-0]|TX|2860/11;481/11|
00000000|MMI|10.42|Medications:Presence or Identity:Duration of the study:^Patient:Nominal|C0802604|[clna]|["Medications"-tx-46-"Medications"-noun-0,"Medications"-tx-16-"Medications"-noun-0]|TX|2860/11;481/11|
00000000|MMI|10.42|Pharmaceutical Preparations|C0013227|[phsu]|["Medications"-tx-46-"Medications"-noun-0,"Medications"-tx-16-"Medications"-noun-0]|TX|2860/11;481/11|D26
00000000|MMI|10.42|Portion of urine|C2963137|[bdsu]|["Urine"-tx-32-"urine"-noun-0,"Urine"-tx-29-"urine"-noun-0]|TX|1806/5;1557/5|
00000000|MMI|10.12|Hypotension|C0020649|[fndg]|["drop in blood pressure"-tx-25-"drop in blood pressure"-noun-0]|TX|1260/22|C14.907.514
00000000|MMI|9.92|Female|C0015780|[orga]|["FEMALE"-tx-4-"female"-noun-0]|TX|161/6|x.x.x
00000000|MMI|9.92|Females|C0086287|[popg]|["female"-tx-4-"female"-noun-0]|TX|161/6|x.x.x
00000000|MMI|9.90|Tablet Dosage Form|C0039225|[bodm]|["TAB"-tx-16-"tabs"-noun-0]|TX|634/4|D26.255.830
00000000|MMI|9.90|Disease|C0012634|[dsyn]|["condition"-tx-44-"CONDITION"-noun-0]|TX|2811/9|C23.550.288
00000000|MMI|9.77|Joints|C0022417|[bsoj]|["JOINT"-tx-22-"joint"-adj-0]|TX|1022/5|A02.835.583
00000000|MMI|9.73|Smoke|C0037366|[hops]|["Smokes"-tx-17-"smokes"-noun-0]|TX|716/6|D20.633.937
00000000|MMI|8.34|Alcohols|C0001975|[orch,phsu]|["Alcohol"-tx-17-"alcohol"-noun-0]|TX|767/7|D02.033
00000000|MMI|8.34|Limb structure|C0015385|[bpoc]|["Extremities"-tx-22-"EXTREMITIES"-noun-0]|TX|931/11|A01.378
00000000|MMI|8.34|Lung|C0024109|[bpoc]|["LUNGS"-tx-19-"LUNGS"-noun-0]|TX|821/5|A04.411
00000000|MMI|8.00|Blood culture|C0200949|[lbpr]|["Blood culture"-tx-36-"blood cultures"-noun-0,"Blood culture"-tx-32-"Blood cultures"-noun-0]|TX|2145/14;1789/14|
00000000|MMI|7.53|Clinical Study Follow-up|C3274571|[hlca]|["FOLLOW-UP"-tx-49-"Followup"-noun-0,"FOLLOW-UP"-tx-49-"followup"-noun-0]|TX|3019/8;3046/8|
00000000|MMI|7.53|Follow-Up Report|C1704685|[inpr]|["Follow-Up"-tx-49-"Followup"-noun-0,"Follow-Up"-tx-49-"followup"-noun-0]|TX|3019/8;3046/8|
00000000|MMI|7.53|Follow-up status|C0589120|[fndg]|["Follow-up"-tx-49-"Followup"-noun-0,"Follow-up"-tx-49-"followup"-noun-0]|TX|3019/8;3046/8|
00000000|MMI|7.53|Patient Condition Code - Stable|C1547311|[inpr]|["Stable"-tx-44-"Stable"-adj-0,"Stable"-tx-42-"stable"-adj-0]|TX|2835/6;2651/6|
00000000|MMI|7.53|Stable status|C0205360|[qlco]|["STABLE"-tx-44-"Stable"-adj-0,"STABLE"-tx-42-"stable"-adj-0]|TX|2835/6;2651/6|
00000000|MMI|7.53|follow-up|C1522577|[hlca]|["Followup"-tx-49-"Followup"-noun-0,"Followup"-tx-49-"followup"-noun-0]|TX|3019/8;3046/8|
00000000|MMI|7.45|To|C1883351|[qlco]|["To"-tx-43-"to"-adv-0,"To"-tx-37-"to"-noun-0]|TX|2758/2;2252/2|
00000000|MMI|7.36|+2|C0740116|[qnco]|["+2"-tx-22-"2"-integer-0,"+2"-tx-9-"2"-integer-0]|TX|989/1;370/1|
00000000|MMI|7.36|2+|C3833492|[fndg]|["2+"-tx-22-"2"-integer-0,"2+"-tx-9-"2"-integer-0]|TX|989/1;370/1|
00000000|MMI|7.36|2+ Score|C2827735|[qnco]|["2+"-tx-22-"2"-integer-0,"2+"-tx-9-"2"-integer-0]|TX|989/1;370/1|
00000000|MMI|7.36|2+ Score, WHO|C2981700|[clas]|["2+"-tx-22-"2"-integer-0,"2+"-tx-9-"2"-integer-0]|TX|989/1;370/1|
00000000|MMI|7.36|Regular|C0205272|[qlco]|["Regular"-tx-45-"Regular"-adj-0,"Regular"-tx-20-"Regular"-adj-0]|TX|2850/7;852/7|
00000000|MMI|7.34|Physical therapy (field)|C0699718|[bmod]|["physical therapy"-tx-43-"physical therapy"-noun-0,"physical therapy"-tx-37-"physical therapy"-noun-0]|TX|2741/16;2275/16|
00000000|MMI|7.30|year|C0439234|[tmco]|["YEAR"-tx-4-"year"-noun-0,"YEARS"-tx-4-"years"-noun-0]|TX|152/4;219/5|
00000000|MMI|7.29|4+ Answer to question|C3838679|[fndg]|["4+"-tx-13-"4"-integer-0,"4+"-tx-1-"4"-fraction-0]|TX|401/1;16/1|
00000000|MMI|7.17|Started|C1272689|[qlco]|["Started"-tx-35-"started"-verb-0,"Started"-tx-33-"started"-verb-0]|TX|2080/7;1862/7|
00000000|MMI|7.13|Emotions|C0013987|[menp]|["feel"-tx-42-"felt"-verb-0]|TX|2638/4|F01.470
00000000|MMI|7.05|100%|C3817553|[qnco]|["100%"-tx-38-"100"-integer-0,"100%"-tx-16-"100"-integer-0]|TX|2388/3;623/3|
00000000|MMI|7.00|One|C0205447|[qnco]|["ONE"-tx-46-"one"-noun-0,"ONE"-tx-30-"one"-noun-0]|TX|2905/3;1701/3|
00000000|MMI|6.77|Woman|C0043210|[popg]|["female"-tx-4-"female"-noun-0]|TX|161/6|M01.975
00000000|MMI|6.66|Body Fluids|C0005889|[bdsu]|["FLUID"-tx-26-"fluid"-noun-0]|TX|1337/5|A12.207
00000000|MMI|6.66|Time|C0040223|[tmco]|["times"-tx-15-"times"-noun-0]|TX|469/5|G01.910
00000000|MMI|6.62|Inhaler|C0021461|[medd]|["INHALER"-tx-16-"inhaler"-noun-0]|TX|656/7|E07.605
00000000|MMI|6.60|Squamous Epithelial Cells|C0221910|[cell]|["Squamous Cells"-tx-29-"squamous cells"-noun-0]|TX|1592/14|A11.436
00000000|MMI|5.18|24 Hours|C1442770|[tmco]|["24 Hours"-tx-38-"24 hours"-noun-0]|TX|2404/8|
00000000|MMI|5.18|24 hour time frame|C0439584|[tmco]|["24 hours"-tx-38-"24 hours"-noun-0]|TX|2404/8|
00000000|MMI|5.18|3+ Answer to Question|C3838680|[fndg]|["3+"-tx-11-"3"-integer-0]|TX|392/1|
00000000|MMI|5.18|3+ Score|C2827736|[qnco]|["3+"-tx-11-"3"-integer-0]|TX|392/1|
00000000|MMI|5.18|3+ Score, WHO|C2981702|[clas]|["3+"-tx-11-"3"-integer-0]|TX|392/1|
00000000|MMI|5.18|<3 (qualifier value)|C0439086|[qnco]|["<3"-tx-11-"3"-integer-0]|TX|392/1|
00000000|MMI|5.18|All extremities|C0278454|[bpoc]|["extremities"-tx-22-"EXTREMITIES"-noun-0]|TX|931/11|
00000000|MMI|5.18|Allopathic & Osteopathic Physicians - Surgery|C3853799|[prog]|["Surgery"-tx-15-"Surgery"-noun-0]|TX|418/7|
00000000|MMI|5.18|Basal Diet|C2983588|[food]|["DIET"-tx-45-"Diet"-noun-0]|TX|2844/4|
00000000|MMI|5.18|Benign|C0205183|[qlco]|["BENIGN"-tx-21-"Benign"-adj-0]|TX|922/6|
00000000|MMI|5.18|CDISC SDTM Procedure Terminology|C3539779|[inpr]|["Procedure"-tx-3-"PROCEDURE"-noun-0]|TX|79/9|
00000000|MMI|5.18|Cardiovascular|C3887460|[blor]|["CARDIOVASCULAR"-tx-20-"CARDIOVASCULAR"-adj-0]|TX|836/14|
00000000|MMI|5.18|Cardiovascular system|C0007226|[bdsy]|["Cardiovascular"-tx-20-"CARDIOVASCULAR"-adj-0]|TX|836/14|A07
00000000|MMI|5.18|Cleaning (activity)|C1947930|[acty]|["Clean"-tx-39-"clean"-adj-0]|TX|2469/5|
00000000|MMI|5.18|Clear|C2963144|[qlco]|["Clear"-tx-19-"Clear"-adj-0]|TX|828/5|
00000000|MMI|5.18|Cultural aspects|C0220814|[ftcn]|["culture"-tx-32-"cultures"-verb-0]|TX|1825/8|
00000000|MMI|5.18|Deny (action)|C2700401|[acty]|["Deny"-tx-17-"denies"-verb-0]|TX|760/6|
00000000|MMI|5.18|Diagnostic radiologic examination|C0043299|[diap]|["X-Rays"-tx-5-"X-rays"-noun-0]|TX|227/6|
00000000|MMI|5.18|Diet (animal life circumstance)|C3668949|[food]|["Diet"-tx-45-"Diet"-noun-0]|TX|2844/4|
00000000|MMI|5.18|Discharge date|C2361123|[tmco]|["Discharge date"-tx-1-"Discharge Date"-noun-0]|TX|0/14|
00000000|MMI|5.18|Discharge date:Time Stamp -- Date and Time:Point in time:^Patient:Quantitative|C2361122|[clna]|["Discharge date"-tx-1-"Discharge Date"-noun-0]|TX|0/14|
00000000|MMI|5.18|Dyazide|C0058829|[orch,phsu]|["Dyazide"-tx-16-"Dyazide"-noun-0]|TX|494/7|
00000000|MMI|5.18|Entire abdomen|C1281594|[bpoc]|["Abdomen"-tx-21-"ABDOMEN"-noun-0]|TX|913/7|
00000000|MMI|5.18|HEENT|C1512338|[blor]|["HEENT"-tx-18-"HEENT"-noun-0]|TX|799/5|
00000000|MMI|5.18|Hemodynamically stable|C0578150|[fndg]|["Hemodynamically stable"-tx-41-"hemodynamically stable"-adj-0]|TX|2596/22|
00000000|MMI|5.18|Hospital course|C0489547|[fndg]|["Hospital course"-tx-23-"HOSPITAL COURSE"-noun-0]|TX|1046/15|
00000000|MMI|5.18|Hospital course:Finding:Point in time:^Patient:Narrative|C0488549|[clna]|["Hospital course"-tx-23-"HOSPITAL COURSE"-noun-0]|TX|1046/15|
00000000|MMI|5.18|Hypertension Adverse Event|C1963138|[fndg]|["Hypertension"-tx-8-"Hypertension"-noun-0]|TX|356/12|
00000000|MMI|5.18|Incontinence|C0021167|[dsyn]|["INCONTINENCE"-tx-34-"incontinence"-noun-0]|TX|2045/12|
00000000|MMI|5.18|Increase|C0442805|[ftcn]|["Increase"-tx-43-"increase"-verb-0]|TX|2761/8|
00000000|MMI|5.18|Injury wounds|C0043250|[inpo]|["WOUND"-tx-39-"wound"-noun-0]|TX|2454/5|
00000000|MMI|5.18|Interventional procedure|C0184661|[topp]|["Procedure"-tx-3-"PROCEDURE"-noun-0]|TX|79/9|
00000000|MMI|5.18|Laboratory culture|C0430400|[lbpr]|["Culture"-tx-32-"cultures"-verb-0]|TX|1825/8|
00000000|MMI|5.18|Medial|C0205098|[spco]|["MEDIAL"-tx-22-"medial"-adj-0]|TX|1003/6|
00000000|MMI|5.18|Medical History|C0262926|[fndg]|["Past Medical History"-tx-7-"PAST MEDICAL HISTORY"-noun-0]|TX|331/20|
00000000|MMI|5.18|Microbial culture (procedure)|C2242979|[lbpr]|["Culture"-tx-32-"cultures"-verb-0]|TX|1825/8|
00000000|MMI|5.18|Negative Surgical Margin|C1709157|[fndg]|["Clear"-tx-19-"Clear"-adj-0]|TX|828/5|
00000000|MMI|5.18|Normal|C0205307|[qlco]|["Unremarkable"-tx-18-"Unremarkable"-adj-0]|TX|806/12|
00000000|MMI|5.18|Now (temporal qualifier)|C1948052|[tmco]|["Now"-tx-6-"now"-adv-0]|TX|283/3|
00000000|MMI|5.18|Operative Surgical Procedures|C0543467|[hlca]|["Surgery"-tx-15-"Surgery"-noun-0]|TX|418/7|E04
00000000|MMI|5.18|PMH - past medical history|C0455458|[fndg]|["Past medical history"-tx-7-"PAST MEDICAL HISTORY"-noun-0]|TX|331/20|
00000000|MMI|5.18|Performed|C0884358|[ftcn]|["Performed"-tx-36-"performed"-verb-0]|TX|2165/9|
00000000|MMI|5.18|Physical Medical Procedure|C3274430|[hlca]|["PROCEDURE"-tx-3-"PROCEDURE"-noun-0]|TX|79/9|
00000000|MMI|5.18|Plain x-ray|C1306645|[diap]|["X-rays"-tx-5-"X-rays"-noun-0]|TX|227/6|
00000000|MMI|5.18|Pressure (finding)|C0460139|[fndg]|["Pressure"-tx-26-"pressure"-noun-0]|TX|1355/8|
00000000|MMI|5.18|Pressure - action|C1306345|[ftcn]|["Pressure"-tx-26-"pressure"-noun-0]|TX|1355/8|
00000000|MMI|5.18|Procedure (set of actions)|C2700391|[acty]|["Procedure"-tx-3-"PROCEDURE"-noun-0]|TX|79/9|
00000000|MMI|5.18|Procedure Domain|C3538935|[inpr]|["Procedure"-tx-3-"PROCEDURE"-noun-0]|TX|79/9|
00000000|MMI|5.18|Progress|C1280477|[ftcn]|["Progress"-tx-37-"progress"-noun-0]|TX|2303/8|
00000000|MMI|5.18|Range of motion|C2607871|[clna]|["Range of motion"-tx-43-"range of motion"-adj-0]|TX|2774/15|
00000000|MMI|5.18|Range of motion exercise|C0150220|[topp]|["range of motion"-tx-43-"range of motion"-adj-0]|TX|2774/15|
00000000|MMI|5.18|Receive|C1514756|[qlco]|["Receive"-tx-48-"receive"-verb-0]|TX|2964/7|
00000000|MMI|5.18|Removed|C0849355|[qlco]|["Removed"-tx-15-"removed"-verb-0]|TX|461/7|
00000000|MMI|5.18|Rhythm|C0871269|[fndg]|["Rhythm"-tx-20-"rhythm"-noun-0]|TX|869/6|
00000000|MMI|5.18|Rhythm Not Otherwise Specified ECG Assessment|C3828331|[inpr]|["Rhythm Not Otherwise Specified"-tx-20-"rhythm"-noun-0]|TX|869/6|
00000000|MMI|5.18|Rubs|C3842105|[fndg]|["Rubs"-tx-20-"rubs"-verb-1]|TX|895/4|
00000000|MMI|5.18|Send (transmission)|C1519246|[ftcn]|["Sent"-tx-28-"sent"-verb-0]|TX|1546/4|
00000000|MMI|5.18|Slow|C0439834|[qlco]|["Slow"-tx-37-"slow"-adj-0]|TX|2316/4|
00000000|MMI|5.18|Social History|C3714536|[fndg]|["Social History"-tx-17-"SOCIAL HISTORY"-noun-0]|TX|688/14|
00000000|MMI|5.18|Social and personal history|C0424945|[fndg]|["Social history"-tx-17-"SOCIAL HISTORY"-noun-0]|TX|688/14|
00000000|MMI|5.18|Special Diet Therapy|C1519433|[topp]|["DIET"-tx-45-"Diet"-noun-0]|TX|2844/4|
00000000|MMI|5.18|Sputum production|C0242104|[ortf]|["SPUTUM PRODUCTION"-tx-40-"sputum production"-noun-0]|TX|2563/17|
00000000|MMI|5.18|Stabilized (qualifier value)|C0184512|[qlco]|["Stabilized"-tx-26-"stabilized"-verb-0]|TX|1369/10|
00000000|MMI|5.18|Stable Disease|C0677946|[fndg]|["Stable condition"-tx-24-"stable condition"-noun-0]|TX|1215/16|
00000000|MMI|5.18|Stable chronic Graft vs Host Disease|C3538874|[fndg]|["Stable condition"-tx-24-"stable condition"-noun-0]|TX|1215/16|
00000000|MMI|5.18|Surgery specialty|C0038894|[bmod]|["Surgery"-tx-15-"Surgery"-noun-0]|TX|418/7|
00000000|MMI|5.18|Surgical and medical procedures|C1948041|[topp]|["Procedure"-tx-3-"PROCEDURE"-noun-0]|TX|79/9|
00000000|MMI|5.18|Then|C1883708|[tmco]|["Then"-tx-26-"then"-adv-0]|TX|1364/4|
00000000|MMI|5.18|Traumatic injury|C3263723|[inpo]|["Wound"-tx-39-"wound"-noun-0]|TX|2454/5|
00000000|MMI|5.18|Urine for culture|C0430404|[lbpr]|["Urine culture"-tx-28-"urine culture"-noun-0]|TX|1528/13|
00000000|MMI|5.18|benign breast lump|C0741729|[neop]|["benign breast mass"-tx-15-"benign breast mass"-noun-0]|TX|442/18|
00000000|MMI|5.18|per 24 hours|C0456696|[tmco]|["/24 hours"-tx-38-"24 hours"-noun-0]|TX|2404/8|
00000000|MMI|5.18|rhythmic process (biological)|C1523018|[phsf]|["rhythm"-tx-20-"rhythm"-noun-0]|TX|869/6|
00000000|MMI|5.18|status - In progress|C1272688|[ftcn]|["progress"-tx-37-"progress"-noun-0]|TX|2303/8|
00000000|MMI|3.70|Joint tenderness|C0240094|[sosy]|["JOINT TENDERNESS"-tx-22-"joint tenderness"-noun-0]|TX|1022/5,1033/10|
00000000|MMI|3.68|Bolus Dosing Unit|C1705509|[qnco]|["{Bolus}"-tx-26-"bolus"-noun-0]|TX|1343/5|
00000000|MMI|3.68|Illness (finding)|C0221423|[sosy]|["Illness"-tx-4-"ILLNESS"-noun-0]|TX|123/7|
00000000|MMI|3.68|Morning|C0332170|[tmco]|["Morning"-tx-27-"morning"-noun-0]|TX|1482/7|
00000000|MMI|3.68|Radiotherapy Bolus|C3812160|[medd]|["Bolus"-tx-26-"bolus"-noun-0]|TX|1343/5|
00000000|MMI|3.68|Rate|C1521828|[qnco]|["Rate"-tx-20-"rate"-noun-0]|TX|860/4|
00000000|MMI|3.68|Rating (action)|C0871208|[acty]|["Rate"-tx-20-"rate"-noun-0]|TX|860/4|
00000000|MMI|3.68|Regulatory Report|C3273238|[inpr]|["Report"-tx-53-"Report"-noun-0]|TX|3194/6|
00000000|MMI|3.68|Report (document)|C0684224|[inpr]|["Report"-tx-53-"Report"-noun-0]|TX|3194/6|
00000000|MMI|3.68|Reporting|C0700287|[hlca]|["Report"-tx-53-"Report"-noun-0]|TX|3194/6|
00000000|MMI|3.68|Subcutaneous crepitus|C0277964|[patf]|["Crepitus"-tx-22-"crepitus"-noun-0]|TX|992/8|
00000000|MMI|3.68|bolus infusion|C1511237|[topp]|["Bolus"-tx-26-"bolus"-noun-0]|TX|1343/5|
00000000|MMI|3.68|Pain in right knee|C2202235|[sosy]|["Pain in right knee"-tx-4-"pain in right knee"-noun-0]|TX|186/7,198/10|
00000000|MMI|3.67|White blood cell count laboratory result|C0427512|[lbtr]|["white blood cell count"-tx-31-"white blood cell count"-noun-0]|TX|1756/22|
00000000|MMI|3.65|Admission diagnosis|C1628992|[fndg]|["Admission diagnosis"-tx-1-"ADMISSION DIAGNOSIS"-noun-0]|TX|26/19|
00000000|MMI|3.65|Kinemax total knee prosthesis|C1282261|[medd]|["Kinemax total Knee replacement"-tx-23-"total knee replacement Kinemax"-noun-0]|TX|1134/22,1162/7|
00000000|MMI|3.64|Less Than|C0439092|[qnco]|["Less Than"-tx-38-"less than"-adv-0]|TX|2378/9|
00000000|MMI|3.64|dictated - DocumentCompletion|C1609990|[idcn]|["Dictated"-tx-51-"Dictated"-verb-0]|TX|3082/8|
00000000|MMI|3.64|dictated - ParticipationMode|C1548384|[ftcn]|["dictated"-tx-51-"Dictated"-verb-0]|TX|3082/8|
00000000|MMI|3.63|Count|C0750480|[qnco]|["Count"-tx-31-"count"-noun-0]|TX|1741/5|
00000000|MMI|3.63|Count Dosing Unit|C1705566|[qnco]|["COUNT"-tx-31-"count"-noun-0]|TX|1741/5|
00000000|MMI|3.63|Five|C0205451|[qnco]|["Five"-tx-38-"five"-word_numeral-0]|TX|2344/4|
00000000|MMI|3.63|Night time|C0240526|[tmco]|["Night"-tx-27-"night"-noun-0]|TX|1409/5|
00000000|MMI|3.63|Three|C0205449|[qnco]|["Three"-tx-34-"three"-word_numeral-0]|TX|1967/5|
00000000|MMI|3.62|bacterium 1-2|C1624457|[bact]|["bacterium 1-2"-tx-29-"1 bacteria 2"-noun-0]|TX|1572/1,1575/8,1589/1|
00000000|MMI|3.62|bacterium 1.2|C3100963|[bact]|["bacterium 1.2"-tx-29-"1 bacteria 2"-noun-0]|TX|1572/1,1575/8,1589/1|
00000000|MMI|3.62|bacterium 2-1|C1625392|[bact]|["bacterium 2-1"-tx-29-"1 bacteria 2"-noun-0]|TX|1572/1,1575/8,1589/1|
00000000|MMI|3.62|bacterium 2.1|C3100970|[bact]|["bacterium 2.1"-tx-29-"1 bacteria 2"-noun-0]|TX|1572/1,1575/8,1589/1|
00000000|MMI|3.61|Batch (Response Modality)|C1550176|[inpr]|["Batch"-tx-53-"Batch"-noun-0]|TX|3182/5|
00000000|MMI|3.61|Batch (group)|C1948031|[qnco]|["Batch"-tx-53-"Batch"-noun-0]|TX|3182/5|
00000000|MMI|3.61|Batch Number|C3641829|[inpr]|["BATCH"-tx-53-"Batch"-noun-0]|TX|3182/5|
00000000|MMI|3.61|Emotional tenderness|C0684239|[menp]|["tenderness"-tx-22-"tenderness"-noun-0]|TX|1033/10|
00000000|MMI|3.61|Female Phenotype|C1705498|[qlco]|["Female"-tx-4-"female"-noun-0]|TX|161/6|
00000000|MMI|3.61|Female, Self-Report|C1705497|[qlco]|["Female"-tx-4-"female"-noun-0]|TX|161/6|
00000000|MMI|3.61|Puff unit dose|C1533107|[qnco]|["Puffs"-tx-16-"puffs"-noun-0]|TX|668/5|
00000000|MMI|3.61|Sore to touch|C0234233|[sosy]|["TENDERNESS (NOS)"-tx-22-"tenderness"-noun-0]|TX|1033/10|
00000000|MMI|3.61|Orthopedic service|C0587690|[hcro]|["Orthopedic service"-tx-23-"Orthopedic Service"-noun-0]|TX|1095/18|
00000000|MMI|3.60|Deformity of knee joint|C0576091|[anab]|["Deformity of knee NOS"-tx-22-"deformity of knee"-noun-0]|TX|956/12,979/4|
00000000|MMI|3.60|One day|C3844320|[fndg]|["One day"-tx-48-"one day"-noun-0]|TX|2972/3,2987/3|
00000000|MMI|3.59|Tablet Dosing Unit|C1705223|[qnco]|["Tab"-tx-16-"tabs"-noun-0]|TX|634/4|
00000000|MMI|3.59|Condition|C0348080|[qlco]|["Condition"-tx-44-"CONDITION"-noun-0]|TX|2811/9|
00000000|MMI|3.59|Condition:Find:Pt:^Patient:Nom|C3864998|[clna]|["Condition"-tx-44-"CONDITION"-noun-0]|TX|2811/9|
00000000|MMI|3.59|Logical Condition|C1705253|[cnce]|["Condition"-tx-44-"CONDITION"-noun-0]|TX|2811/9|
00000000|MMI|3.59|Same|C0445247|[qlco]|["SAME"-tx-46-"Same"-adj-0]|TX|2873/4|
00000000|MMI|3.57|gentamicin:mass:point in time:dose med or substance:quantitative|C0366494|[clna]|["dose gentamicin"-tx-30-"dose gentamicin"-noun-0]|TX|1705/4,1713/10|
00000000|MMI|3.57|Academic degree|C0542560|[inpr]|["degrees"-tx-38-"degrees"-noun-0]|TX|2392/7|
00000000|MMI|3.57|Degree or extent|C0449286|[qnco]|["degrees"-tx-38-"degrees"-noun-0]|TX|2392/7|
00000000|MMI|3.57|Floor (anatomic)|C3714591|[anst]|["Floor"-tx-24-"floor"-noun-0]|TX|1206/5|
00000000|MMI|3.57|Floor - story of building|C1547707|[geoa]|["Floor"-tx-24-"floor"-noun-0]|TX|1206/5|
00000000|MMI|3.57|Registered nurse|C0687673|[prog]|["R.N."-tx-47-"r.n"-adj-0]|TX|2938/3|
00000000|MMI|3.57|Surgical transfer - action|C0348011|[ftcn]|["transferred"-tx-24-"transferred"-verb-0]|TX|1187/11|
00000000|MMI|3.57|Transfer Technique|C1705822|[ftcn]|["Transferred"-tx-24-"transferred"-verb-0]|TX|1187/11|
00000000|MMI|3.57|floor (object)|C0016249|[mnob]|["Floor"-tx-24-"floor"-noun-0]|TX|1206/5|
00000000|MMI|3.56|4 - 6|C3843788|[qnco]|["4 - 6"-tx-47-"4 6"-integer-0]|TX|2923/1,2928/1|
00000000|MMI|3.56|48 Hours|C1442464|[tmco]|["48 Hours"-tx-35-"48 hours"-noun-0]|TX|2126/8|
00000000|MMI|3.56|48 hour time frame|C0439586|[tmco]|["48 hours"-tx-35-"48 hours"-noun-0]|TX|2126/8|
00000000|MMI|3.55|Dual Pack Dosing Unit|C1880422|[qnco]|["Two Pack"-tx-17-"two packs"-noun-0]|TX|737/9|
00000000|MMI|3.55|Chief complaint (finding)|C0277786|[fndg]|["complaints"-tx-40-"complaints"-noun-0]|TX|2526/10|
00000000|MMI|3.55|Good|C0205170|[qlco]|["Well"-tx-37-"well"-adv-0]|TX|2265/4|
00000000|MMI|3.55|Well|C3146287|[mnob]|["Well"-tx-37-"well"-adv-0]|TX|2265/4|
00000000|MMI|3.54|Center of town|C3810851|[fndg]|["Center"-tx-42-"Center"-noun-0]|TX|2685/6|
00000000|MMI|3.54|Central|C0205099|[spco]|["Centre"-tx-42-"Center"-noun-0]|TX|2685/6|
00000000|MMI|3.54|Hour|C0439227|[tmco]|["HOURS"-tx-47-"hours"-noun-0]|TX|2930/5|
00000000|MMI|3.54|Pain NOS Adverse Event|C1962977|[fndg]|["Pain NOS"-tx-47-"pain"-noun-0]|TX|2943/4|
00000000|MMI|3.54|Start time|C1301880|[tmco]|["start times"-tx-35-"started times"-noun-0]|TX|2080/7,2120/5|
00000000|MMI|3.54|Time course|C0449247|[tmco]|["course time"-tx-35-"course times"-noun-0]|TX|2102/6,2120/5|
00000000|MMI|3.54|Course|C0750729|[tmco]|["Course"-tx-35-"course"-noun-0]|TX|2102/6|
00000000|MMI|3.54|Empiric|C1880496|[qlco]|["Empiric"-tx-35-"empiric"-adj-0]|TX|2094/7|
00000000|MMI|3.53|Entire right knee|C1279571|[bpoc]|["Right knee"-tx-2-"Right knee"-noun-0]|TX|51/10|
00000000|MMI|3.53|Structure of right knee|C0230431|[bpoc]|["Right knee"-tx-2-"Right knee"-noun-0]|TX|51/10|
00000000|MMI|3.51|Midclavicular line|C0458098|[blor]|["Lateral line"-tx-22-"lateral line"-noun-0]|TX|1014/7,1028/4|
00000000|MMI|3.50|milligram/day|C0439422|[qnco]|["mg/d"-tx-16-"mg d"-noun-0]|TX|627/2,643/1|
00000000|MMI|3.50|Fluid behavior|C0444611|[qlco]|["Fluid"-tx-26-"fluid"-noun-0]|TX|1337/5|
00000000|MMI|3.50|Following|C0332282|[tmco]|["Following"-tx-27-"following"-adj-0]|TX|1472/9|
00000000|MMI|3.50|Liquid substance|C0302908|[sbst]|["fluid"-tx-26-"fluid"-noun-0]|TX|1337/5|
00000000|MMI|3.50|Present|C0150312|[qnco]|["Present"-tx-4-"PRESENT"-adj-0]|TX|115/7|
00000000|MMI|3.50|Presentation|C0449450|[idcn]|["Present"-tx-4-"PRESENT"-adj-0]|TX|115/7|
00000000|MMI|3.50|Status post|C0231290|[tmco]|["Following"-tx-27-"following"-adj-0]|TX|1472/9|
00000000|MMI|3.50|Times|C1632851|[qnco]|["Times"-tx-15-"times"-noun-0]|TX|469/5|
00000000|MMI|3.50|fluid - substance|C1704353|[sbst]|["Fluid"-tx-26-"fluid"-noun-0]|TX|1337/5|
00000000|MMI|3.49|Colchicine 0.6 MG|C0985108|[clnd]|["Colchicine 0.6 MG"-tx-16-"Colchicine 0.6 mg"-noun-0]|TX|556/17|
00000000|MMI|3.49|Allopurinol 300 MG|C0983479|[clnd]|["Allopurinol 300 MG"-tx-16-"Allopurinol 300 mg"-noun-0]|TX|512/18|
00000000|MMI|3.49|Frequency of urination (function)|C2584336|[orgf]|["Frequency of urination"-tx-34-"of frequent urination"-noun-0]|TX|2019/21|
00000000|MMI|3.49|Increased frequency of micturition|C0042023|[fndg]|["Frequency of urination"-tx-34-"of frequent urination"-noun-0]|TX|2019/21|
00000000|MMI|3.48|Sulindac 150 MG|C0990458|[clnd]|["Sulindac 150 MG"-tx-16-"Sulindac 150 mg"-noun-0]|TX|586/15|
00000000|MMI|3.48|Aggressive course|C0580822|[tmco]|["Aggressive"-tx-43-"aggressive"-adj-0]|TX|2730/10|
00000000|MMI|3.48|Caucasians|C0043157|[popg]|["WHITE"-tx-31-"white"-noun-0]|TX|1735/5|
00000000|MMI|3.48|First (number)|C0205435|[qnco]|["First"-tx-27-"first"-adj-0]|TX|1389/5|
00000000|MMI|3.48|Firstly|C1279901|[qlco]|["First"-tx-27-"first"-adj-0]|TX|1389/5|
00000000|MMI|3.48|Repeat|C0205341|[ftcn]|["Repeat"-tx-31-"repeat"-noun-0]|TX|1728/6|
00000000|MMI|3.48|Repeat Object|C1705914|[cnce]|["Repeat"-tx-31-"repeat"-noun-0]|TX|1728/6|
00000000|MMI|3.48|Repeat Pattern|C1547730|[tmco]|["Repeat"-tx-31-"repeat"-noun-0]|TX|1728/6|
00000000|MMI|3.48|White color|C0220938|[qlco]|["WHITE"-tx-31-"white"-noun-0]|TX|1735/5|
00000000|MMI|3.47|Shortness of breath:-:Point in time:^Patient:-|C2707305|[clna]|["Shortness of breath"-tx-40-"of shortness breath"-noun-0]|TX|2537/12,2553/6|
00000000|MMI|3.47|Articular system|C0392905|[bdsy]|["Joint, NOS"-tx-22-"joint"-adj-0]|TX|1022/5|
00000000|MMI|3.47|Entire joint|C1269611|[bsoj]|["Joint"-tx-22-"joint"-adj-0]|TX|1022/5|
00000000|MMI|3.47|Incision and drainage|C0152277|[topp]|["i d"-tx-16-"i.d"-adv-0]|TX|641/3|
00000000|MMI|3.47|Inhaler Dosing Unit|C1881212|[qnco]|["INHALER"-tx-16-"inhaler"-noun-0]|TX|656/7|
00000000|MMI|3.47|Intravascular line|C0700221|[medd]|["Line"-tx-22-"line"-noun-0]|TX|1028/4|
00000000|MMI|3.47|Joint Device Component|C1706309|[mnob]|["Joint"-tx-22-"joint"-adj-0]|TX|1022/5|
00000000|MMI|3.47|Lateral|C0205093|[spco]|["LATERAL"-tx-22-"lateral"-adj-0]|TX|1014/7|
00000000|MMI|3.47|Line Specimen|C1550648|[sbst]|["Line"-tx-22-"line"-noun-0]|TX|1028/4|
00000000|MMI|3.47|Line Unit of Length|C1552960|[qnco]|["Line"-tx-22-"line"-noun-0]|TX|1028/4|
00000000|MMI|3.47|Linear|C0205132|[spco]|["Line"-tx-22-"line"-noun-0]|TX|1028/4|
00000000|MMI|3.47|Old|C0580836|[tmco]|["Old"-tx-4-"old"-noun-0]|TX|157/3|
00000000|MMI|3.47|per year|C0439508|[tmco]|["/Year"-tx-4-"year"-noun-0]|TX|152/4|
00000000|MMI|3.45|Blood group antibody I|C0221138|[aapp,imft]|["I NOS"-tx-16-"i"-adv-0]|TX|641/1|
00000000|MMI|3.45|Magnesium Cation|C2346927|[elii,phsu]|["Mg++"-tx-16-"mg"-noun-0]|TX|627/2|
00000000|MMI|3.45|Milligram percent|C1960952|[qnco]|["mg %"-tx-16-"mg"-noun-0]|TX|627/2|
00000000|MMI|3.45|mg/dL|C0439269|[qnco]|["mg%"-tx-16-"mg"-noun-0]|TX|627/2|
00000000|MMI|3.45|Delayed Release Dosage Form|C1707664|[bodm]|["DR"-tx-49-"Dr"-noun-0]|TX|3060/2|
00000000|MMI|3.45|Device to Subject Relationship Domain|C3540849|[inpr]|["DR"-tx-49-"Dr"-noun-0]|TX|3060/2|
00000000|MMI|3.45|Doctor - Title|C2348314|[cnce]|["Dr."-tx-49-"Dr"-noun-0]|TX|3060/2|
00000000|MMI|3.44|Discharge time|C3864299|[tmco]|["Discharge time"-tx-36-"time discharge"-noun-0]|TX|2210/4,2218/9|
00000000|MMI|3.44|Discharge time:ClockTime:Pt:^Patient:Qn|C3864300|[clna]|["Discharge time"-tx-36-"time discharge"-noun-0]|TX|2210/4,2218/9|
00000000|MMI|3.43|70%|C3842584|[fndg]|["70%"-tx-25-"70"-integer-0]|TX|1300/2|
00000000|MMI|3.43|Additional|C1524062|[ftcn]|["Additional"-tx-48-"additional"-adj-0]|TX|2976/10|
00000000|MMI|3.43|Administration procedure|C1533734|[topp]|["Treatment"-tx-48-"treatment"-noun-0]|TX|2994/9|
00000000|MMI|3.43|Biomaterial Treatment|C1705169|[cnce]|["Treatment"-tx-48-"treatment"-noun-0]|TX|2994/9|
00000000|MMI|3.43|Place|C0442504|[spco]|["Place"-tx-25-"place"-noun-0]|TX|1324/5|
00000000|MMI|3.43|Place - dosing instruction imperative|C1704765|[ftcn]|["Place"-tx-25-"place"-noun-0]|TX|1324/5|
00000000|MMI|3.43|Therapeutic procedure|C0087111|[topp]|["Treatment"-tx-48-"treatment"-noun-0]|TX|2994/9|E02
00000000|MMI|3.43|Treating|C1522326|[ftcn]|["Treatment"-tx-48-"treatment"-noun-0]|TX|2994/9|
00000000|MMI|3.43|Treatment Epoch|C3538994|[resa]|["TREATMENT"-tx-48-"treatment"-noun-0]|TX|2994/9|
00000000|MMI|3.43|put - instruction imperative|C1882509|[acty]|["Place"-tx-25-"place"-noun-0]|TX|1324/5|
00000000|MMI|3.43|treatment - ActInformationManagementReason|C3887704|[hlca]|["treatment"-tx-48-"treatment"-noun-0]|TX|2994/9|
00000000|MMI|3.43|Patient Outcome - Worsening|C1546960|[idcn]|["Worsening"-tx-4-"worsening"-adj-0]|TX|176/9|
00000000|MMI|3.43|Worse|C1457868|[fndg]|["Worsening"-tx-4-"worsening"-adj-0]|TX|176/9|
00000000|MMI|3.43|Worsening pattern|C0332271|[qlco]|["Worsening"-tx-4-"worsening"-adj-0]|TX|176/9|
00000000|MMI|3.42|Device Component System|C1704459|[mnob]|["System"-tx-23-"system"-noun-0]|TX|1170/6|
00000000|MMI|3.42|Mild (qualifier value)|C2945599|[qlco]|["MILD"-tx-22-"Mild