00000000|MMI|12.92|Hemoptysis|C0019079|[sosy]|["HEMOPTYSIS"-tx-1-"HEMOPTYSIS"-noun-0]|TX|65/10|C08.381.348;C23.550.414.896;C23.888.852.430
00000000|MMI|7.29|Signature|C1519316|[inpr]|["Signed"-tx-1-"Signed"-noun-0]|TX|[78/6],[134/6]|
00000000|MMI|7.29|signed - ParticipationSignature|C1561610|[inpr]|["signed"-tx-1-"Signed"-noun-0]|TX|[78/6],[134/6]|
00000000|MMI|3.65|Admission date:Time Stamp -- Date and Time:Point in time:^Patient:Quantitative|C2598112|[clna]|["Admission date"-tx-1-"Admission Date"-noun-0]|TX|93/14|
00000000|MMI|3.65|Date of admission|C1302393|[tmco]|["Admission date"-tx-1-"Admission Date"-noun-0]|TX|93/14|
00000000|MMI|3.65|Report status|C0586177|[fndg]|["Report status"-tx-1-"Report Status"-noun-0]|TX|119/13|
00000000|MMI|3.64|10 - 12|C3843787|[fndg]|["10 - 12"-tx-1-"10 12"-fraction-0]|TX|40/2,51/2|
00000000|MMI|3.59|Pyrexia of unknown origin (excl puerperal)|C0856281|[sosy]|["puo"-tx-1-"PUO"-noun-0]|TX|12/3|
00000000|MMI|3.46|+2|C0740116|[qnco]|["+2"-tx-1-"2"-fraction-0]|TX|109/1|
00000000|MMI|3.46|2+|C3833492|[fndg]|["2+"-tx-1-"2"-fraction-0]|TX|109/1|
00000000|MMI|3.46|2+ Score|C2827735|[qnco]|["2+"-tx-1-"2"-fraction-0]|TX|109/1|
00000000|MMI|3.46|2+ Score, WHO|C2981700|[clas]|["2+"-tx-1-"2"-fraction-0]|TX|109/1|
00000000|MMI|3.46|23|C0450348|[qnco]|["23"-tx-1-"23"-fraction-0]|TX|111/2|
00000000|MMI|3.46|Diagnostic interview schedule|C0451119|[inpr]|["DIS"-tx-1-"DIS"-noun-0]|TX|87/3|
00000000|MMI|3.46|Discontinued|C1444662|[fndg]|["DIS"-tx-1-"DIS"-noun-0]|TX|87/3|
00000000|MMI|167.92|Patients|C0030705|[podg]|["*^patient"-tx-66-"patient"-noun-0,"*^patient"-tx-64-"patient"-noun-0,"*^patient"-tx-62-"patient"-noun-0,"*^patient"-tx-60-"patient"-noun-0,"*^patient"-tx-58-"patient"-noun-0,"*^patient"-tx-55-"patient"-noun-0,"*^patient"-tx-53-"patient"-noun-0,"*^patient"-tx-47-"patient"-noun-0,"*^patient"-tx-39-"patient"-noun-0,"*^patient"-tx-35-"patient"-noun-0,"*^patient"-tx-33-"patient"-noun-0,"*^patient"-tx-22-"patient"-noun-0]|TX|4941/7;4855/7;4612/7;4436/7;4302/7;4147/7;3852/7;3607/7;3126/7;2835/7;2570/7;1661/7|M01.643
00000000|MMI|104.38|Abortion consent:Finding:Point in time:^Patient:Document|C2360836|[clna]|["Patient"-tx-66-"patient"-noun-0,"Patient"-tx-64-"patient"-noun-0,"Patient"-tx-62-"patient"-noun-0,"Patient"-tx-60-"patient"-noun-0,"Patient"-tx-58-"patient"-noun-0,"Patient"-tx-55-"patient"-noun-0,"Patient"-tx-53-"patient"-noun-0,"Patient"-tx-47-"patient"-noun-0,"Patient"-tx-39-"patient"-noun-0,"Patient"-tx-35-"patient"-noun-0,"Patient"-tx-33-"patient"-noun-0,"Patient"-tx-22-"patient"-noun-0]|TX|4941/7;4855/7;4612/7;4436/7;4302/7;4147/7;3852/7;3607/7;3126/7;2835/7;2570/7;1661/7|
00000000|MMI|104.38|Hysterectomy consent:Finding:Point in time:^Patient:Document|C2360838|[clna]|["Patient"-tx-66-"patient"-noun-0,"Patient"-tx-64-"patient"-noun-0,"Patient"-tx-62-"patient"-noun-0,"Patient"-tx-60-"patient"-noun-0,"Patient"-tx-58-"patient"-noun-0,"Patient"-tx-55-"patient"-noun-0,"Patient"-tx-53-"patient"-noun-0,"Patient"-tx-47-"patient"-noun-0,"Patient"-tx-39-"patient"-noun-0,"Patient"-tx-35-"patient"-noun-0,"Patient"-tx-33-"patient"-noun-0,"Patient"-tx-22-"patient"-noun-0]|TX|4941/7;4855/7;4612/7;4436/7;4302/7;4147/7;3852/7;3607/7;3126/7;2835/7;2570/7;1661/7|
00000000|MMI|104.38|Sterilization consent:Finding:Point in time:^Patient:Document|C2360840|[clna]|["Patient"-tx-66-"patient"-noun-0,"Patient"-tx-64-"patient"-noun-0,"Patient"-tx-62-"patient"-noun-0,"Patient"-tx-60-"patient"-noun-0,"Patient"-tx-58-"patient"-noun-0,"Patient"-tx-55-"patient"-noun-0,"Patient"-tx-53-"patient"-noun-0,"Patient"-tx-47-"patient"-noun-0,"Patient"-tx-39-"patient"-noun-0,"Patient"-tx-35-"patient"-noun-0,"Patient"-tx-33-"patient"-noun-0,"Patient"-tx-22-"patient"-noun-0]|TX|4941/7;4855/7;4612/7;4436/7;4302/7;4147/7;3852/7;3607/7;3126/7;2835/7;2570/7;1661/7|
00000000|MMI|93.50|Togo|C0040363|[geoa]|["TO"-tx-63-"to"-adv-0,"TO"-tx-62-"to"-adv-0,"TO"-tx-56-"to"-adv-0,"TO"-tx-9-"to"-adv-0,"TO"-tx-4-"to"-adv-0]|TX|4795/2;4630/2;4227/2;690/2;220/2|Z01.058.290.190.800
00000000|MMI|93.50|Tryptophanase|C0041260|[aapp,enzy]|["TO"-tx-63-"to"-adv-0,"TO"-tx-62-"to"-adv-0,"TO"-tx-56-"to"-adv-0,"TO"-tx-9-"to"-adv-0,"TO"-tx-4-"to"-adv-0]|TX|4795/2;4630/2;4227/2;690/2;220/2|D08.811.520.224.800
00000000|MMI|86.94|Dominican Republic|C0013014|[geoa]|["DR"-tx-67-"Dr"-noun-0,"DR"-tx-66-"Dr"-noun-0,"DR"-tx-31-"Dr"-noun-0,"DR"-tx-30-"Dr"-noun-0,"DR"-tx-29-"Dr"-noun-0]|TX|5028/2;5010/2;2474/2;2459/2;2441/2|Z01.107.084.900.300;Z01.639.880.300
00000000|MMI|79.59|Patient Discharge|C0030685|[hlca]|["Discharged"-tx-66-"discharged"-verb-0,"Discharge"-tx-62-"discharge"-noun-0,"Discharge"-tx-36-"discharge"-noun-0,"Discharge"-tx-27-"discharge"-noun-0]|TX|4953/10;4596/9;2952/9;2366/9|E02.204.125;E02.760.400.610;N02.421.192.125;N02.421.585.400.610;N04.590.233.727.210.125
00000000|MMI|70.37|Physicians|C0031831|[prog]|["DR"-tx-67-"Dr"-noun-0,"DR"-tx-66-"Dr"-noun-0,"DR"-tx-31-"Dr"-noun-0,"DR"-tx-30-"Dr"-noun-0,"DR"-tx-29-"Dr"-noun-0]|TX|5028/2;5010/2;2474/2;2459/2;2441/2|M01.526.485.810;N02.360.810
00000000|MMI|68.02|Hemoptysis|C0019079|[sosy]|["HEMOPTYSIS"-tx-39-"hemoptysis"-noun-0,"HEMOPTYSIS"-tx-22-"hemoptysis"-noun-1,"HEMOPTYSIS"-tx-12-"hemoptysis"-noun-1,"HEMOPTYSIS"-tx-7-"hemoptysis"-noun-0,"HEMOPTYSIS"-tx-2-"hemoptysis"-noun-0]|TX|3182/10;1695/10;899/10;462/10;150/10|C08.381.348;C23.550.414.896;C23.888.852.430
00000000|MMI|59.06|Nexium|C0939400|[orch,phsu]|["Nexium"-tx-75-"Nexium"-noun-0,"Nexium"-tx-52-"Nexium"-noun-0,"Nexium"-tx-18-"Nexium"-noun-0]|TX|5359/6;3812/6;1488/6|D02.886.640.074.500.500;D03.383.725.024.500.500;D03.438.103.034.500.500
00000000|MMI|49.53|Zestril|C0678140|[aapp,phsu]|["Zestril"-tx-72-"Zestril"-noun-0,"Zestril"-tx-18-"Zestril"-noun-0,"Zestril"-tx-17-"Zestril"-noun-0]|TX|5217/7;1541/7;1392/7|D12.644.456.345.600
00000000|MMI|39.36|Neoplasm Metastasis|C0027627|[neop]|["metastatic disease"-tx-34-"metastatic disease"-noun-0,"metastatic disease"-tx-33-"metastatic disease"-noun-1,"Metastasis"-tx-23-"metastasis"-noun-1]|TX|2698/18;2545/18;1778/10|C04.697.650;C23.550.727.650
00000000|MMI|32.61|Hydrocephalus, Normal Pressure|C0020258|[dsyn]|["NPH"-tx-72-"NPH"-noun-0,"NPH"-tx-17-"NPH"-noun-0]|TX|5159/3;1405/3|C10.228.140.602.750
00000000|MMI|32.48|Central African Republic|C0007673|[geoa]|["CT"-tx-25-"CT"-noun-0,"CT"-tx-24-"CT"-noun-0]|TX|2028/2;2010/2|Z01.058.290.100.120
00000000|MMI|30.42|Aspirin|C0004057|[orch,phsu]|["ASPIRIN"-tx-17-"aspirin"-noun-0]|TX|1411/7|D02.455.426.559.389.657.410.595.176
00000000|MMI|28.85|Homo sapiens|C0086418|[humn]|["MAN"-tx-2-"man"-noun-0]|TX|92/3|B01.050.150.900.649.801.400.112.400.400
00000000|MMI|27.26|Family Hirundinidae|C0326374|[bird]|["Swallow"-tx-72-"swallow"-noun-0]|TX|5262/7|B01.050.150.900.248.620.750.725
00000000|MMI|27.26|Heme|C0018966|[bacs,orch]|["Haem"-tx-58-"Heme"-noun-0]|TX|4292/4|D03.383.129.578.840.500.640.587;D03.549.909.500.640.587;D04.345.783.500.640.587;D23.767.727.640.587
00000000|MMI|27.22|To|C1883351|[qlco]|["To"-tx-63-"to"-adv-0,"To"-tx-62-"to"-adv-0,"To"-tx-56-"to"-adv-0,"To"-tx-9-"to"-adv-0,"To"-tx-4-"to"-adv-0]|TX|4795/2;4630/2;4227/2;690/2;220/2|
00000000|MMI|26.52|Amiodarone|C0002598|[orch,phsu]|["AMIODARONE"-tx-43-"Amiodarone"-noun-0,"AMIODARONE"-tx-40-"amiodarone"-noun-0]|TX|3469/10;3217/10|D03.438.127.075
00000000|MMI|26.52|Ethanol|C0001962|[orch,phsu]|["ALCOHOL"-tx-20-"Alcohol"-noun-0,"ALCOHOL"-tx-15-"alcohol"-noun-0]|TX|1594/7;1192/7|D02.033.375;x.x.x.x
00000000|MMI|26.00|Aspiration Pneumonia|C0032290|[dsyn]|["ASPIRATION PNEUMONIA"-tx-47-"aspiration pneumonia"-noun-0,"ASPIRATION PNEUMONIA"-tx-37-"aspiration pneumonia"-noun-1]|TX|3658/20;3035/20|C08.381.677.529;C08.730.610.529
00000000|MMI|25.58|Non-Small Cell Lung Carcinoma|C0007131|[neop]|["Lung cancer, non-small cell"-tx-13-"non small cell lung cancer"-noun-0]|TX|1020/19,1045/6|C04.588.894.797.520.109.220.249;C08.381.540.140.500;C08.785.520.100.220.500
00000000|MMI|25.51|Nicotiana|C0086707|[plnt]|["Tobacco"-tx-19-"tobacco"-noun-0]|TX|1584/7|B01.650.940.800.575.100.905.900
00000000|MMI|25.51|Nicotiana tabacum|C0740009|[plnt]|["Tobacco"-tx-19-"tobacco"-noun-0]|TX|1584/7|B01.650.940.800.575.100.905.900
00000000|MMI|23.61|milligram/day|C0439422|[qnco]|["mg/d"-tx-75-"mg d"-noun-0,"mg/d"-tx-72-"mg d"-noun-0,"mg/d"-tx-71-"mg d"-noun-0,"mg/d"-tx-70-"mg d"-noun-0,"mg/d"-tx-41-"mg d"-noun-0]|TX|5369/2,5380/1;[5228/2,5239/1],[5285/2,5296/1];5143/2,5154/1;5118/2,5129/1;3313/2,3324/1|
00000000|MMI|23.19|Hospital admission|C0184666|[hlca]|["Admission"-tx-24-"admission"-noun-0,"Admission"-tx-22-"admission"-noun-0,"admitted hospital"-tx-6-"admitted Hospital"-noun-0,"Admission"-tx-5-"admission"-noun-0,"Admission"-tx-4-"admission"-noun-0,"admitted"-tx-2-"admitted"-verb-0]|TX|1859/9;1714/9;373/8,396/8;304/9;275/9;96/8|
00000000|MMI|23.12|Hypertensive disease|C0020538|[dsyn]|["HYPERTENSION"-tx-42-"hypertension"-noun-0,"HYPERTENSION"-tx-15-"Hypertension"-noun-0]|TX|3377/12;1166/12|C14.907.489
00000000|MMI|23.11|day|C0439228|[tmco]|["DAY"-tx-62-"day"-noun-0,"DAYS"-tx-53-"days"-noun-0,"DAYS"-tx-36-"days"-noun-0,"DAY"-tx-27-"day"-noun-0,"DAY"-tx-9-"day"-noun-0,"DAYS"-tx-4-"days"-noun-0]|TX|4589/3;3886/4;2938/4;2353/3;676/3;261/4|
00000000|MMI|22.61|Needle biopsy procedure|C0005560|[diap]|["Biopsy, Needle"-tx-13-"needle biopsy"-noun-0]|TX|950/13|E01.370.225.500.384.100.119;E01.370.225.998.054.119;E01.370.388.100.100;E04.074.119;E04.665.100;E05.200.500.384.100.119;E05.200.998.054.119;E05.242.384.100.119
00000000|MMI|21.36|Doctor of Medicine|C1512018|[inpr]|["M.D."-tx-84-"M.D"-noun-0,"M.D."-tx-82-"M.D"-noun-0,"M.D."-tx-79-"M.D"-noun-0,"M.D."-tx-78-"M.D"-noun-0]|TX|5727/3;5702/3;5576/3;5538/3|
00000000|MMI|21.36|Receive|C1514756|[qlco]|["RECEIVED"-tx-58-"received"-verb-0,"RECEIVED"-tx-55-"received"-verb-0,"RECEIVED"-tx-23-"received"-verb-0]|TX|4310/8;[4155/8],[4179/8];1729/8|
00000000|MMI|20.95|Artificial Tears|C3853661|[phsu]|["Artificial Tears"-tx-69-"Artificial tears"-noun-0]|TX|5065/16|D26.776.708.645.500;D27.505.954.578.645.500;D27.720.556.249;D27.720.752.608.500
00000000|MMI|20.95|Ativan|C0699194|[orch,phsu]|["Ativan"-tx-18-"Ativan"-noun-0]|TX|1522/6|D03.438.079.080.070.450
00000000|MMI|20.95|Lubricant Eye Drops|C2608262|[phsu]|["Tears, Artificial"-tx-69-"Artificial tears"-noun-0]|TX|5065/16|D26.776.708.645.500;D27.505.954.578.645.500;D27.720.556.249;D27.720.752.608.500
00000000|MMI|20.95|Prednisone|C0032952|[horm,orch,phsu]|["PREDNISONE"-tx-18-"prednisone"-noun-0]|TX|1475/10|D04.808.745.432.719.702
00000000|MMI|20.66|Delayed Release Dosage Form|C1707664|[bodm]|["DR"-tx-67-"Dr"-noun-0,"DR"-tx-66-"Dr"-noun-0,"DR"-tx-31-"Dr"-noun-0,"DR"-tx-30-"Dr"-noun-0,"DR"-tx-29-"Dr"-noun-0]|TX|5028/2;5010/2;2474/2;2459/2;2441/2|
00000000|MMI|20.66|Device to Subject Relationship Domain|C3540849|[inpr]|["DR"-tx-67-"Dr"-noun-0,"DR"-tx-66-"Dr"-noun-0,"DR"-tx-31-"Dr"-noun-0,"DR"-tx-30-"Dr"-noun-0,"DR"-tx-29-"Dr"-noun-0]|TX|5028/2;5010/2;2474/2;2459/2;2441/2|
00000000|MMI|20.66|Doctor - Title|C2348314|[cnce]|["Dr."-tx-67-"Dr"-noun-0,"Dr."-tx-66-"Dr"-noun-0,"Dr."-tx-31-"Dr"-noun-0,"Dr."-tx-30-"Dr"-noun-0,"Dr."-tx-29-"Dr"-noun-0]|TX|5028/2;5010/2;2474/2;2459/2;2441/2|
00000000|MMI|20.22|Kidney|C0022646|[bpoc]|["Renal"-tx-63-"renal"-adj-0,"Renal"-tx-45-"Renal"-adj-0]|TX|4819/5;3533/5|A05.810.453
00000000|MMI|19.94|Adrenal Glands|C0001625|[bpoc]|["ADRENAL GLANDS"-tx-27-"adrenal glands"-noun-0,"ADRENAL GLANDS"-tx-24-"adrenal glands"-noun-0]|TX|2271/14;1964/14|A06.407.071
00000000|MMI|19.36|Captopril|C0006938|[aapp,phsu]|["CAPTOPRIL"-tx-42-"Captopril"-noun-0]|TX|3409/9|D12.125.072.401.623.270
00000000|MMI|19.33|Flagyl|C0699678|[orch,phsu]|["Flagyl"-tx-47-"Flagyl"-noun-0]|TX|3638/6|D02.640.672.500;D03.383.129.308.658.500
00000000|MMI|19.32|Lopressor|C0700776|[orch,phsu]|["Lopressor"-tx-42-"Lopressor"-noun-0]|TX|3423/9|D02.033.100.624.698.573;D02.033.755.624.698.573;D02.092.063.624.698.573
00000000|MMI|19.23|Atenolol|C0004147|[orch,phsu]|["ATENOLOL"-tx-70-"Atenolol"-noun-0]|TX|5106/8|D02.033.100.624.698.070;D02.033.755.624.698.070;D02.092.063.624.698.070
00000000|MMI|18.84|Admission activity|C0809949|[hlca]|["Admission"-tx-24-"admission"-noun-0,"Admission"-tx-22-"admission"-noun-0,"Admission"-tx-5-"admission"-noun-0,"Admission"-tx-4-"admission"-noun-0,"Admitted"-tx-2-"admitted"-verb-0]|TX|1859/9;1714/9;304/9;275/9;96/8|
00000000|MMI|18.23|80%|C3842583|[fndg]|["80%"-tx-72-"80"-integer-0,"80%"-tx-60-"80"-integer-0,"80%"-tx-19-"80"-integer-0,"80%"-tx-15-"80"-percentage-0,"80%"-tx-3-"80"-integer-0]|TX|5191/2;4485/2;1567/2;1289/2;173/2|
00000000|MMI|17.80|Creatinine|C0010294|[bacs,orch]|["CREATININE"-tx-45-"Creatinine"-noun-0]|TX|3540/10|D03.383.129.308.207
00000000|MMI|17.80|Hematocrit procedure|C0018935|[lbpr]|["Hematocrit"-tx-58-"hematocrit"-noun-0]|TX|4378/10|E01.370.225.625.400;E05.200.625.400;G09.188.370.374
00000000|MMI|17.80|Pain|C0030193|[sosy]|["PAIN"-tx-64-"pain"-noun-1]|TX|4901/4|C10.597.617;C23.888.592.612;F02.830.816.444;G11.561.600.810.444
00000000|MMI|17.80|Trazodone|C0040805|[orch,phsu]|["TRAZODONE"-tx-18-"trazodone"-noun-0]|TX|1510/9|D03.383.606.900;D03.383.725.791.900
00000000|MMI|16.30|Biliary calculi|C0242216|[bdsu]|["Gallstone"-tx-25-"gallstone"-noun-0]|TX|2048/9|C06.130.409.633;C06.130.564.332.500;C23.300.175.525
00000000|MMI|16.25|Clotrimazole|C0009074|[orch,phsu]|["CLOT"-tx-10-"clot"-noun-0]|TX|824/4|D03.383.129.308.175
00000000|MMI|16.18|Ivory Coast|C0022326|[geoa]|["IV"-tx-40-"IV"-noun-0]|TX|3214/2|Z01.058.290.190.272
00000000|MMI|16.07|Folate|C0178638|[orch,phsu,vita]|["Folate"-tx-71-"folate"-noun-0]|TX|5134/6|D03.438.733.631.400
00000000|MMI|16.07|Thiamine|C0039840|[orch,vita]|["Thiamin"-tx-72-"Thiamine"-noun-0]|TX|5272/8|D02.886.675.900;D03.383.129.708.900;D03.383.742.795
00000000|MMI|16.07|Blood Pressure|C0005823|[orgf]|["BLOOD PRESSURE"-tx-42-"blood pressure"-noun-0]|TX|3444/14|E01.370.600.875.249;G09.330.380.076
00000000|MMI|16.07|Systemic arterial pressure|C1272641|[fndg]|["Blood pressure"-tx-42-"blood pressure"-noun-0]|TX|3444/14|G09.330.380.076.347
00000000|MMI|16.05|Epiglottis structure|C0014540|[bpoc]|["Epiglottic"-tx-54-"epiglottic"-adj-0]|TX|4069/10|A02.165.257.625.411;A02.165.407.500.411;A04.329.591.411
00000000|MMI|15.34|Negative|C0205160|[qlco]|["Negative"-tx-50-"negative"-adj-0,"Negative"-tx-49-"negative"-adj-0,"Negative"-tx-37-"negative"-adj-0,"Negative"-tx-26-"negative"-adj-0]|TX|3762/8;3743/8;3092/8;2207/8|
00000000|MMI|15.34|Negative - answer|C3853545|[qlco]|["Negative"-tx-50-"negative"-adj-0,"Negative"-tx-49-"negative"-adj-0,"Negative"-tx-37-"negative"-adj-0,"Negative"-tx-26-"negative"-adj-0]|TX|3762/8;3743/8;3092/8;2207/8|
00000000|MMI|15.34|Negative Charge|C2825491|[qlco]|["Negative"-tx-50-"negative"-adj-0,"Negative"-tx-49-"negative"-adj-0,"Negative"-tx-37-"negative"-adj-0,"Negative"-tx-26-"negative"-adj-0]|TX|3762/8;3743/8;3092/8;2207/8|
00000000|MMI|15.34|Negative Finding|C1513916|[fndg]|["NEGATIVE"-tx-50-"negative"-adj-0,"NEGATIVE"-tx-49-"negative"-adj-0,"NEGATIVE"-tx-37-"negative"-adj-0,"NEGATIVE"-tx-26-"negative"-adj-0]|TX|3762/8;3743/8;3092/8;2207/8|
00000000|MMI|15.34|Negative Number|C2825415|[cnce]|["Negative"-tx-50-"negative"-adj-0,"Negative"-tx-49-"negative"-adj-0,"Negative"-tx-37-"negative"-adj-0,"Negative"-tx-26-"negative"-adj-0]|TX|3762/8;3743/8;3092/8;2207/8|
00000000|MMI|14.82|3+ Answer to Question|C3838680|[fndg]|["3+"-tx-44-"3"-integer-0,"3+"-tx-13-"3"-fraction-0,"3+"-tx-2-"3"-fraction-0,"3+"-tx-1-"3"-fraction-0]|TX|3530/1;915/1;120/1;16/1|
00000000|MMI|14.82|3+ Score|C2827736|[qnco]|["3+"-tx-44-"3"-integer-0,"3+"-tx-13-"3"-fraction-0,"3+"-tx-2-"3"-fraction-0,"3+"-tx-1-"3"-fraction-0]|TX|3530/1;915/1;120/1;16/1|
00000000|MMI|14.82|3+ Score, WHO|C2981702|[clas]|["3+"-tx-44-"3"-integer-0,"3+"-tx-13-"3"-fraction-0,"3+"-tx-2-"3"-fraction-0,"3+"-tx-1-"3"-fraction-0]|TX|3530/1;915/1;120/1;16/1|
00000000|MMI|14.82|<3 (qualifier value)|C0439086|[qnco]|["<3"-tx-44-"3"-integer-0,"<3"-tx-13-"3"-fraction-0,"<3"-tx-2-"3"-fraction-0,"<3"-tx-1-"3"-fraction-0]|TX|3530/1;915/1;120/1;16/1|
00000000|MMI|14.64|Benign Prostatic Hyperplasia|C1704272|[neop]|["BPH"-tx-15-"BPH"-noun-0]|TX|1208/3|C12.294.565.500
00000000|MMI|14.64|Contrast Media|C0009924|[irda]|["Contrast"-tx-27-"contrast"-noun-0]|TX|2318/8|D27.505.259.500;D27.720.259
00000000|MMI|14.64|Degenerative polyarthritis|C0029408|[dsyn]|["OSTEOARTHRITIS"-tx-15-"osteoarthritis"-noun-0]|TX|1225/14|C05.550.114.606;C05.799.613
00000000|MMI|14.64|Diabetes Mellitus|C0011849|[dsyn]|["Diabetes"-tx-15-"diabetes"-noun-0]|TX|1181/8|C18.452.394.750;C19.246
00000000|MMI|14.64|Diltiazem|C0012373|[orch,phsu]|["DILTIAZEM"-tx-18-"Diltiazem"-noun-0]|TX|1452/9|D03.438.079.150
00000000|MMI|14.64|Dyspnea|C0013404|[sosy]|["SHORTNESS OF BREATH"-tx-5-"shortness of breath"-noun-0]|TX|344/19|C08.618.326;C23.888.852.371
00000000|MMI|14.64|Electromagnetic Radiation|C0034519|[npop]|["Radiation"-tx-34-"radiation"-noun-0]|TX|2819/9|G01.358.500.505;G01.750.250
00000000|MMI|14.64|Heparin|C0019134|[bacs,orch,phsu]|["HEPARIN"-tx-18-"Heparin"-noun-0]|TX|1531/7|D09.698.373.400
00000000|MMI|14.64|Purified Protein Derivative of Tuberculin|C0034131|[aapp,imft,irda]|["ppd's"-tx-49-"PPD"-noun-0]|TX|3735/3|D23.050.161.845
00000000|MMI|13.83|Alcohols|C0001975|[orch,phsu]|["Alcohol"-tx-20-"Alcohol"-noun-0,"Alcohol"-tx-15-"alcohol"-noun-0]|TX|1594/7;1192/7|D02.033
00000000|MMI|13.14|Cholecystolithiasis|C0947622|[dsyn]|["Gallstone"-tx-25-"gallstone"-noun-0]|TX|2048/9|C06.130.409.178;C06.130.564.332
00000000|MMI|13.14|Paraguay|C0030428|[geoa]|["PA"-tx-37-"PA"-noun-0]|TX|3073/2|Z01.107.757.656
00000000|MMI|13.05|Deglutition|C0011167|[orgf]|["Swallowing"-tx-77-"swallowing"-noun-0]|TX|5497/10|G10.261.326.215
00000000|MMI|13.05|Deglutition Disorders|C0011168|[dsyn]|["Swallowing difficulties"-tx-53-"swallowing difficulties"-noun-0]|TX|3912/23|C06.405.117.119;C09.775.174
00000000|MMI|13.04|Whole Body Imaging|C0203669|[diap]|["Total body scan"-tx-23-"total body scan"-noun-0]|TX|1740/10,1756/4|E01.370.350.925;E05.979
00000000|MMI|13.04|Atrial Fibrillation|C0004238|[dsyn]|["ATRIAL FIBRILLATION"-tx-39-"atrial fibrillation"-noun-0]|TX|3144/19|C14.280.067.198;C23.550.073.198
00000000|MMI|13.02|Rabbi|C0684010|[prog]|["R."-tx-9-"R"-noun-0]|TX|659/1|M01.526.799.500
00000000|MMI|12.96|Chest|C0817096|[blor]|["CHEST"-tx-37-"chest"-noun-0]|TX|3067/5|A01.923.761;A02.835.232.904
00000000|MMI|12.96|Nystatin|C0028741|[antb,orch]|["NYSTATIN"-tx-72-"Nystatin"-noun-0]|TX|5243/8|D02.540.505.575;x.x.x.x
00000000|MMI|12.96|Oxygen|C0030054|[elii,phsu]|["O2"-tx-35-"O2"-noun-0]|TX|2870/2|D01.268.185.550;D01.362.670;x.x.x.x
00000000|MMI|12.94|Chronic Obstructive Airway Disease|C0024117|[dsyn]|["-- COPD"-tx-6-"COPD"-noun-0]|TX|419/4|C08.381.495.389
00000000|MMI|12.93|Hyperinsulinism|C0020459|[dsyn]|["high insulin"-tx-60-"high insulin"-noun-0]|TX|4453/4,4467/7|C18.452.394.968
00000000|MMI|12.91|Psychological Transfer|C0040671|[menp]|["TRANSFER"-tx-18-"TRANSFER"-noun-0]|TX|1429/8|F02.463.425.910
00000000|MMI|12.91|Structure of piriform recess|C0227170|[bsoj]|["Pyriform Sinus"-tx-54-"piriform sinuses"-noun-0]|TX|4119/16|A04.623.490.600
00000000|MMI|12.90|Palpation|C0030247|[diap]|["PALPATION"-tx-64-"palpation"-noun-0]|TX|4884/9|E01.370.600.600
00000000|MMI|11.92|Alicia <angiosperm>|C3888262|[plnt]|["Alicia"-tx-84-"ALICIA"-noun-0,"Alicia"-tx-68-"Alicia"-noun-0,"Alicia"-tx-31-"Alicia"-noun-0]|TX|5718/6;5032/6;2463/6|
00000000|MMI|11.92|Alicia <sea anemone>|C3888237|[euka]|["Alicia"-tx-84-"ALICIA"-noun-0,"Alicia"-tx-68-"Alicia"-noun-0,"Alicia"-tx-31-"Alicia"-noun-0]|TX|5718/6;5032/6;2463/6|
00000000|MMI|11.49|Glaucoma|C0017601|[dsyn]|["GLAUCOMA"-tx-15-"glaucoma"-noun-0]|TX|1214/8|C11.525.381
00000000|MMI|11.49|Pilonidal Cyst|C0031925|[anab]|["CYST, PILONIDAL"-tx-15-"pilonidal cyst"-noun-0]|TX|1331/14|C04.182.710
00000000|MMI|11.49|Thinking, function|C0039869|[menp]|["Thought"-tx-63-"thought"-verb-1]|TX|4787/7|F02.463.785
00000000|MMI|11.49|pharmacotherapeutic|C0013217|[ftcn]|["chemotherapy"-tx-34-"chemotherapy"-noun-0]|TX|2802/12|x.x.x
00000000|MMI|11.32|+2|C0740116|[qnco]|["+2"-tx-83-"2"-integer-0,"+2"-tx-38-"2"-integer-0,"+2"-tx-24-"2"-fraction-0]|TX|5707/1;3103/1;1816/1|
00000000|MMI|11.32|2+|C3833492|[fndg]|["2+"-tx-83-"2"-integer-0,"2+"-tx-38-"2"-integer-0,"2+"-tx-24-"2"-fraction-0]|TX|5707/1;3103/1;1816/1|
00000000|MMI|11.32|2+ Score|C2827735|[qnco]|["2+"-tx-83-"2"-integer-0,"2+"-tx-38-"2"-integer-0,"2+"-tx-24-"2"-fraction-0]|TX|5707/1;3103/1;1816/1|
00000000|MMI|11.32|2+ Score, WHO|C2981700|[clas]|["2+"-tx-83-"2"-integer-0,"2+"-tx-38-"2"-integer-0,"2+"-tx-24-"2"-fraction-0]|TX|5707/1;3103/1;1816/1|
00000000|MMI|11.05|Patient Condition Code - Stable|C1547311|[inpr]|["Stable"-tx-77-"stable"-adj-0,"Stable"-tx-58-"stable"-adj-0,"Stable"-tx-45-"stable"-adj-0]|TX|5474/6;4398/6;3560/6|
00000000|MMI|11.05|Stable status|C0205360|[qlco]|["STABLE"-tx-77-"stable"-adj-0,"STABLE"-tx-58-"stable"-adj-0,"STABLE"-tx-45-"stable"-adj-0]|TX|5474/6;4398/6;3560/6|
00000000|MMI|10.96|Daily|C0332173|[tmco]|["/day"-tx-62-"day"-noun-0,"/day"-tx-27-"day"-noun-0,"/day"-tx-9-"day"-noun-0]|TX|4589/3;2353/3;676/3|
00000000|MMI|10.96|per day|C0439505|[tmco]|["/day"-tx-62-"day"-noun-0,"/day"-tx-27-"day"-noun-0,"/day"-tx-9-"day"-noun-0]|TX|4589/3;2353/3;676/3|
00000000|MMI|10.85|+5|C0728893|[qnco]|["+5"-tx-81-"5"-fraction-0,"+5"-tx-51-"5"-integer-0]|TX|[5637/1],[5648/1];3798/1|
00000000|MMI|10.85|>5|C0439084|[qnco]|[">5"-tx-81-"5"-fraction-0,">5"-tx-51-"5"-integer-0]|TX|[5637/1],[5648/1];3798/1|
00000000|MMI|10.83|Unit|C0439148|[qnco]|["UNITS"-tx-72-"units"-noun-0,"Unit"-tx-58-"unit"-noun-0]|TX|[5166/5],[5194/5];4323/4|
00000000|MMI|10.83|Unit - NCI Thesaurus Property|C3853603|[ftcn]|["Units"-tx-72-"units"-noun-0,"Unit"-tx-58-"unit"-noun-0]|TX|[5166/5],[5194/5];4323/4|
00000000|MMI|10.83|Unit of Measure|C1519795|[qnco]|["Units"-tx-72-"units"-noun-0,"Unit"-tx-58-"unit"-noun-0]|TX|[5166/5],[5194/5];4323/4|
00000000|MMI|10.81|Possible diagnosis|C2362652|[qlco]|["Possible"-tx-53-"possible"-adj-0,"Possibly"-tx-33-"possibly"-adv-0,"Possible"-tx-6-"possible"-adj-0]|TX|3941/8;2584/8;410/8|
00000000|MMI|10.76|Body Fluid Discharge|C0012621|[bdsu]|["Discharge"-tx-62-"discharge"-noun-0,"Discharge"-tx-36-"discharge"-noun-0,"Discharge"-tx-27-"discharge"-noun-0]|TX|4596/9;2952/9;2366/9|
00000000|MMI|10.76|Discharge, body substance|C2926602|[bdsu]|["Discharge"-tx-62-"discharge"-noun-0,"Discharge"-tx-36-"discharge"-noun-0,"Discharge"-tx-27-"discharge"-noun-0]|TX|4596/9;2952/9;2366/9|
00000000|MMI|10.75|Two|C0205448|[qnco]|["Two"-tx-69-"two"-adj-0,"Two"-tx-48-"two"-adj-0,"Two"-tx-36-"two"-noun-0]|TX|5082/3;3696/3;2934/3|
00000000|MMI|10.66|contextual factors|C0542559|[ftcn]|["Setting"-tx-63-"setting"-noun-0,"Setting"-tx-39-"setting"-noun-0,"Setting"-tx-2-"setting"-noun-0]|TX|4680/7;3171/7;131/7|
00000000|MMI|10.66|{Setting}|C1318139|[qnco]|["{Setting}"-tx-63-"setting"-noun-0,"{Setting}"-tx-39-"setting"-noun-0,"{Setting}"-tx-2-"setting"-noun-0]|TX|4680/7;3171/7;131/7|
00000000|MMI|10.61|Revealed|C0443289|[qlco]|["Revealed"-tx-54-"revealed"-adj-0,"Revealed"-tx-24-"revealed"-adj-0,"Revealed"-tx-10-"revealed"-adj-0]|TX|3989/8;1821/8;815/8|
00000000|MMI|10.59|Further|C1517331|[spco]|["Further"-tx-25-"further"-adv-0,"Further"-tx-12-"further"-adj-0,"Further"-tx-7-"further"-adj-0]|TX|2097/7;879/7;516/7|
00000000|MMI|10.53|Before|C0332152|[tmco]|["Prior to"-tx-36-"prior to"-prep-0,"Prior to"-tx-5-"prior to"-prep-0,"Prior to"-tx-4-"prior to"-prep-0]|TX|2943/8;295/8;266/8|
00000000|MMI|10.52|Metastatic Neoplasm|C2939420|[neop]|["Metastatic Disease"-tx-34-"metastatic disease"-noun-0,"Metastatic Disease"-tx-33-"metastatic disease"-noun-1,"metastasis"-tx-23-"metastasis"-noun-1]|TX|2698/18;2545/18;1778/10|
00000000|MMI|10.52|Secondary Neoplasm|C2939419|[neop]|["Metastatic disease"-tx-34-"metastatic disease"-noun-0,"Metastatic disease"-tx-33-"metastatic disease"-noun-1,"Metastasis"-tx-23-"metastasis"-noun-1]|TX|2698/18;2545/18;1778/10|
00000000|MMI|10.42|1+|C3816745|[fndg]|["1+"-tx-81-"1"-integer-0,"1+"-tx-21-"1"-integer-0]|TX|5660/1;1643/1|
00000000|MMI|10.42|1+ Score|C2827734|[qnco]|["1+"-tx-81-"1"-integer-0,"1+"-tx-21-"1"-integer-0]|TX|5660/1;1643/1|
00000000|MMI|10.42|1+ Score, WHO|C2981698|[clas]|["1+"-tx-81-"1"-integer-0,"1+"-tx-21-"1"-integer-0]|TX|5660/1;1643/1|
00000000|MMI|10.42|Cardiovascular|C3887460|[blor]|["CARDIOVASCULAR"-tx-63-"cardiovascular"-adj-0,"CARDIOVASCULAR"-tx-39-"Cardiovascular"-adj-0]|TX|4801/14;3106/14|
00000000|MMI|10.42|Cardiovascular system|C0007226|[bdsy]|["Cardiovascular"-tx-63-"cardiovascular"-adj-0,"Cardiovascular"-tx-39-"Cardiovascular"-adj-0]|TX|4801/14;3106/14|A07
00000000|MMI|10.42|Hypertension Adverse Event|C1963138|[fndg]|["Hypertension"-tx-42-"hypertension"-noun-0,"Hypertension"-tx-15-"Hypertension"-noun-0]|TX|3377/12;1166/12|
00000000|MMI|10.42|Include (action)|C2700399|[acty]|["Include"-tx-34-"include"-verb-0,"Include"-tx-18-"include"-verb-0]|TX|2794/7;1444/7|
00000000|MMI|10.42|Including (qualifier)|C0332257|[ftcn]|["include"-tx-34-"include"-verb-0,"include"-tx-18-"include"-verb-0]|TX|2794/7;1444/7|
00000000|MMI|10.42|Present|C0150312|[qnco]|["Found"-tx-23-"found"-verb-0,"Found"-tx-9-"found"-verb-0]|TX|1789/5;684/5|
00000000|MMI|10.42|include - SetOperator|C1552866|[idcn]|["include"-tx-34-"include"-verb-0,"include"-tx-18-"include"-verb-0]|TX|2794/7;1444/7|
00000000|MMI|9.99|Cholelithiasis|C0008350|[dsyn]|["Gallstone, NOS"-tx-25-"gallstone"-noun-0]|TX|2048/9|C06.130.409
00000000|MMI|9.99|Diagnostic Imaging|C0011923|[diap]|["Imaging"-tx-25-"imaging"-adj-0]|TX|2105/7|E01.370.350
00000000|MMI|9.99|Disease Management|C0376636|[hlca]|["management"-tx-7-"management"-noun-0]|TX|524/10|N04.590.607
00000000|MMI|9.99|Sputum|C0038056|[bdsu]|["SPUTUM"-tx-5-"sputum"-noun-0]|TX|333/6|A12.200.808
00000000|MMI|9.99|prevention & control|C0033107|[inpr]|["prophylaxis"-tx-52-"prophylaxis"-noun-0]|TX|3826/11|x.x.x
00000000|MMI|9.92|Males|C0086582|[orga]|["MAN"-tx-2-"man"-noun-0]|TX|92/3|x.x.x
00000000|MMI|9.90|Anesthesiology|C0002930|[bmod]|["Anaesthesia"-tx-8-"anesthesia"-noun-0]|TX|564/10|H02.403.066
00000000|MMI|9.86|Nonprofit Organizations|C0029247|[orgt]|["NPO"-tx-56-"NPO"-noun-0]|TX|4237/3|N03.540.630
00000000|MMI|9.85|Bone Tissue|C0391978|[tisu]|["BONE"-tx-23-"bone"-noun-0]|TX|1751/4|A02.835.232;A10.165.265
00000000|MMI|9.83|Tracheal Extubation|C0553891|[topp]|["Extubate"-tx-14-"extubated"-verb-0]|TX|1095/9|E02.041.249;E05.008
00000000|MMI|9.81|Abdomen|C0000726|[blor]|["Abdominal"-tx-25-"abdominal"-adj-0]|TX|2018/9|A01.923.047
00000000|MMI|9.74|Hypertrophy|C0020564|[patf]|["Enlargement"-tx-24-"enlargement"-noun-1]|TX|1940/11|C23.300.775
00000000|MMI|9.74|Tobacco|C0040329|[hops,orch,phsu]|["TOBACCO"-tx-19-"tobacco"-noun-0]|TX|1584/7|J01.637.836
00000000|MMI|9.70|Communicable Diseases|C0009450|[dsyn]|["Infection, NOS"-tx-50-"infectious"-adj-1]|TX|3775/10|C01.539.221
00000000|MMI|8.34|Blood Vessel|C0005847|[bpoc]|["Vascular"-tx-62-"Vascular"-adj-0]|TX|4572/8|A07.231
00000000|MMI|8.34|Chemotherapy|C3665472|[topp]|["Chemotherapy"-tx-34-"chemotherapy"-noun-0]|TX|2802/12|E02.319
00000000|MMI|8.34|Hypersensitivity|C0020517|[patf]|["Allergies"-tx-16-"ALLERGIES"-noun-0]|TX|1348/9|C20.543
00000000|MMI|8.34|Lung|C0024109|[bpoc]|["pulmonary"-tx-22-"Pulmonary"-adj-0]|TX|1646/9|A04.411
00000000|MMI|8.34|Pharmacotherapy|C0013216|[topp]|["Chemotherapy"-tx-34-"chemotherapy"-noun-0]|TX|2802/12|E02.319
00000000|MMI|8.34|Radiation|C0851346|[npop]|["Radiation"-tx-34-"radiation"-noun-0]|TX|2819/9|G01.750
00000000|MMI|8.34|Therapeutic radiology procedure|C1522449|[topp]|["RADIATION"-tx-34-"radiation"-noun-0]|TX|2819/9|E02.815
00000000|MMI|8.34|Time|C0040223|[tmco]|["TIME"-tx-7-"time"-noun-0]|TX|440/4|G01.910
00000000|MMI|8.00|Evaluation and management note:Finding:Point in time:{Setting}:Document:{Provider}|C1316572|[clna]|["Note"-tx-62-"noted"-verb-0,"Note"-tx-4-"noted"-verb-0]|TX|4624/5;214/5|
00000000|MMI|8.00|Note (document)|C1317574|[inpr]|["Note"-tx-62-"noted"-verb-0,"Note"-tx-4-"noted"-verb-0]|TX|4624/5;214/5|
00000000|MMI|8.00|Show|C1547282|[anim]|["Show"-tx-25-"showed"-verb-0,"Show"-tx-13-"showed"-verb-0]|TX|2031/6;992/6|
00000000|MMI|7.56|Nasogastric tube|C0085678|[medd]|["NG tube"-tx-77-"NG tube"-noun-0,"NG tube"-tx-55-"NG tube"-noun-0]|TX|5454/7;4167/7|
00000000|MMI|7.53|Left|C0205091|[spco]|["Levo-"-tx-47-"levo"-adj-0,"Levo-"-tx-18-"levo"-adj-0]|TX|3627/4;1464/4|
00000000|MMI|7.49|Complete|C0205197|[qlco]|["COMPLETED"-tx-48-"completed"-verb-0,"COMPLETED"-tx-27-"completed"-verb-0]|TX|3684/9;2336/9|
00000000|MMI|7.49|Good|C0205170|[qlco]|["Well"-tx-60-"well"-adj-0,"Well"-tx-35-"well"-adv-0]|TX|4562/4;2847/4|
00000000|MMI|7.49|Well|C3146287|[mnob]|["Well"-tx-60-"well"-adj-0,"Well"-tx-35-"well"-adv-0]|TX|4562/4;2847/4|
00000000|MMI|7.49|completed - RoleLinkStatus|C3854010|[idcn]|["completed"-tx-48-"completed"-verb-0,"completed"-tx-27-"completed"-verb-0]|TX|3684/9;2336/9|
00000000|MMI|7.47|Taken|C1883727|[cnce]|["Taken"-tx-10-"taken"-verb-0,"Taken"-tx-9-"taken"-verb-0]|TX|790/5;644/5|
00000000|MMI|7.41|Normal sinus rhythm|C0232202|[fndg]|["NORMAL SINUS RHYTHM"-tx-41-"normal sinus rhythm"-noun-0,"NORMAL SINUS RHYTHM"-tx-40-"normal sinus rhythm"-noun-0]|TX|3343/19;3257/19|
00000000|MMI|7.36|Digestive System Findings Domain|C3539617|[inpr]|["GI"-tx-52-"GI"-noun-0]|TX|[3801/2],[3823/2]|
00000000|MMI|7.36|GNAI1 wt Allele|C1708130|[gngm]|["Gi"-tx-52-"GI"-noun-0]|TX|[3801/2],[3823/2]|
00000000|MMI|7.36|Gastrointestinal studies and measurements|C4050121|[inpr]|["GI"-tx-52-"GI"-noun-0]|TX|[3801/2],[3823/2]|
00000000|MMI|7.27|videofluoroscopy|C1660599|[diap]|["videofluoroscopy"-tx-56-"video fluoroscopy"-noun-0,"videofluoroscopy"-tx-54-"video fluoroscopy"-noun-0]|TX|4256/17;3965/17|
00000000|MMI|7.23|Better|C0332272|[qlco]|["Better"-tx-42-"better"-adj-0,"Improved"-tx-24-"improved"-verb-0]|TX|3437/6;1844/8|
00000000|MMI|7.22|Medications:-:Point in time:^Patient:-|C2598133|[clna]|["Medications"-tx-48-"medications"-noun-0,"Medications"-tx-17-"MEDICATIONS"-noun-0]|TX|3721/11;1371/11|
00000000|MMI|7.22|Medications:Presence or Identity:Duration of the study:^Patient:Nominal|C0802604|[clna]|["Medications"-tx-48-"medications"-noun-0,"Medications"-tx-17-"MEDICATIONS"-noun-0]|TX|3721/11;1371/11|
00000000|MMI|7.22|Pharmaceutical Preparations|C0013227|[phsu]|["Medications"-tx-48-"medications"-noun-0,"Medications"-tx-17-"MEDICATIONS"-noun-0]|TX|3721/11;1371/11|D26
00000000|MMI|7.22|Episode of|C0332189|[tmco]|["Episode of"-tx-22-"episodes of"-noun-0,"Episode of"-tx-12-"episodes of"-noun-0]|TX|1683/11;887/11|
00000000|MMI|7.17|Evidence|C3887511|[idcn]|["Evidence"-tx-34-"evidence"-noun-0,"Evidence"-tx-33-"evidence"-noun-0]|TX|2686/8;2533/8|
00000000|MMI|7.15|M NOS ANTIBODY|C0369637|[aapp,imft]|["M NOS"-tx-60-"m"-noun-0]|TX|[4497/1],[4516/1]|
00000000|MMI|7.15|M+ (tumor staging)|C0441923|[inpr]|["M+"-tx-60-"m"-noun-0]|TX|[4497/1],[4516/1]|
00000000|MMI|7.14|Hospital course|C0489547|[fndg]|["Hospital course"-tx-45-"hospital course"-noun-0,"Hospital course"-tx-21-"HOSPITAL COURSE"-noun-0]|TX|3578/15;1616/15|
00000000|MMI|7.14|Hospital course:Finding:Point in time:^Patient:Narrative|C0488549|[clna]|["Hospital course"-tx-45-"hospital course"-noun-0,"Hospital course"-tx-21-"HOSPITAL COURSE"-noun-0]|TX|3578/15;1616/15|
00000000|MMI|7.13|30%|C3842588|[fndg]|["30%"-tx-72-"30"-integer-0,"30%"-tx-17-"30"-integer-0]|TX|5225/2;1400/2|
00000000|MMI|7.10|Cancer/Testis Antigen|C3813556|[aapp]|["CT"-tx-25-"CT"-noun-0,"CT"-tx-24-"CT"-noun-0]|TX|2028/2;2010/2|
00000000|MMI|7.10|Computed Tomography Study File|C3888140|[inpr]|["CT"-tx-25-"CT"-noun-0,"CT"-tx-24-"CT"-noun-0]|TX|2028/2;2010/2|
00000000|MMI|7.10|PCYT1A wt Allele|C3540513|[gngm]|["CT"-tx-25-"CT"-noun-0,"CT"-tx-24-"CT"-noun-0]|TX|2028/2;2010/2|
00000000|MMI|7.08|Massive|C0522501|[qlco]|["Massive"-tx-7-"massive"-adj-0,"Massive"-tx-2-"massive"-adj-0]|TX|454/7;142/7|
00000000|MMI|7.07|Pack years|C1277691|[inpr]|["Pack years"-tx-19-"pack years"-noun-0,"Pack Year"-tx-3-"pack year"-noun-0]|TX|1570/10;176/9|
00000000|MMI|7.06|Transfer Technique|C1705822|[ftcn]|["Transfer"-tx-18-"TRANSFER"-noun-0,"Transferred"-tx-7-"transferred"-verb-0]|TX|1429/8;493/11|
00000000|MMI|7.04|20%|C3842589|[fndg]|["20%"-tx-75-"20"-integer-0,"20%"-tx-66-"20"-fraction-0]|TX|5366/2;4969/2|
00000000|MMI|7.04|Left superior|C1180151|[spco]|["Left Upper"-tx-33-"left upper"-noun-0,"Upper left"-tx-9-"left upper"-adj-0]|TX|2604/10;729/4,753/5|
00000000|MMI|7.02|Actual Aspiration|C2712334|[fndg]|["Aspiration"-tx-54-"aspiration"-noun-0,"Aspiration"-tx-53-"aspiration"-noun-0]|TX|4014/10;3950/10|
00000000|MMI|7.02|Aspiration-action|C0349707|[topp]|["Aspiration"-tx-54-"aspiration"-noun-0,"Aspiration"-tx-53-"aspiration"-noun-0]|TX|4014/10;3950/10|
00000000|MMI|7.02|Endotracheal aspiration|C0220787|[hlca]|["Aspiration"-tx-54-"aspiration"-noun-0,"Aspiration"-tx-53-"aspiration"-noun-0]|TX|4014/10;3950/10|
00000000|MMI|7.02|Pulmonary aspiration|C0700198|[patf]|["ASPIRATION"-tx-54-"aspiration"-noun-0,"ASPIRATION"-tx-53-"aspiration"-noun-0]|TX|4014/10;3950/10|
00000000|MMI|7.02|Unintentional Material Aspiration|C2827071|[fndg]|["Aspiration"-tx-54-"aspiration"-noun-0,"Aspiration"-tx-53-"aspiration"-noun-0]|TX|4014/10;3950/10|
00000000|MMI|7.01|Evening|C0587117|[tmco]|["Evening"-tx-72-"evening"-noun-0,"Evening"-tx-14-"evening"-noun-0]|TX|5207/7;1112/7|
00000000|MMI|7.01|Morning|C0332170|[tmco]|["Morning"-tx-72-"morning"-noun-0,"Morning"-tx-66-"morning"-noun-0]|TX|5179/7;4982/7|
00000000|MMI|6.96|Aspiration pneumonitis|C1761609|[dsyn]|["Aspiration Pneumonia"-tx-47-"aspiration pneumonia"-noun-0,"Aspiration Pneumonia"-tx-37-"aspiration pneumonia"-noun-1]|TX|3658/20;3035/20|
00000000|MMI|6.96|One|C0205447|[qnco]|["ONE"-tx-58-"one"-noun-0,"ONE"-tx-36-"one"-noun-0]|TX|4319/3;2922/3|
00000000|MMI|6.94|Possible|C0332149|[qlco]|["Possible"-tx-53-"possible"-adj-0,"Possible"-tx-6-"possible"-adj-0]|TX|3941/8;410/8|
00000000|MMI|6.94|Possibly Related to Intervention|C1705910|[qlco]|["Possible"-tx-53-"possible"-adj-0,"Possible"-tx-6-"possible"-adj-0]|TX|3941/8;410/8|
00000000|MMI|6.90|Repeat|C0205341|[ftcn]|["Repeat"-tx-56-"repeat"-noun-0,"Repeat"-tx-22-"repeat"-noun-0]|TX|4249/6;1676/6|
00000000|MMI|6.90|Repeat Object|C1705914|[cnce]|["Repeat"-tx-56-"repeat"-noun-0,"Repeat"-tx-22-"repeat"-noun-0]|TX|4249/6;1676/6|
00000000|MMI|6.90|Repeat Pattern|C1547730|[tmco]|["Repeat"-tx-56-"repeat"-noun-0,"Repeat"-tx-22-"repeat"-noun-0]|TX|4249/6;1676/6|
00000000|MMI|6.77|Male population group|C0025266|[popg]|["Man"-tx-2-"man"-noun-0]|TX|92/3|M01.390
00000000|MMI|6.74|Anesthesia|C4049933|[phsu]|["Anesthesia"-tx-8-"anesthesia"-noun-0]|TX|564/10|E03.155
00000000|MMI|6.74|Anesthesia procedures|C0002903|[topp]|["anaesthesia"-tx-8-"anesthesia"-noun-0]|TX|564/10|E03.155
00000000|MMI|6.70|Signs and Symptoms|C0037088|[sosy]|["Finding"-tx-27-"finding"-noun-0]|TX|2256/7|C23.888
00000000|MMI|6.55|Infection|C3714514|[patf]|["Infections"-tx-50-"infectious"-adj-1]|TX|3775/10|C01.539
00000000|MMI|5.18|4+ Answer to question|C3838679|[fndg]|["4+"-tx-46-"4"-integer-0]|TX|3596/1|
00000000|MMI|5.18|Admission Level of Care Code - Improved|C1561611|[inpr]|["Improved"-tx-24-"improved"-verb-0]|TX|1844/8|
00000000|MMI|5.18|Adverse Event Associated with Vascular|C1558950|[fndg]|["VASCULAR"-tx-62-"Vascular"-adj-0]|TX|4572/8|
00000000|MMI|5.18|Benign prostatic hypertrophy|C0005001|[patf]|["BPH"-tx-15-"BPH"-noun-0]|TX|1208/3|
00000000|MMI|5.18|Blood alcohol level result|C0428249|[lbtr]|["BAL"-tx-50-"BAL"-noun-1]|TX|3754/3|
00000000|MMI|5.18|Case (situation)|C0868928|[ftcn]|["Case"-tx-29-"case"-noun-0]|TX|2417/4|
00000000|MMI|5.18|Cells|C0007634|[cell]|["Cells"-tx-13-"cells"-noun-0]|TX|999/5|A11
00000000|MMI|5.18|Cells [Chemical/Ingredient]|C3282337|[cell]|["Cells"-tx-13-"cells"-noun-0]|TX|999/5|
00000000|MMI|5.18|Chemotherapy Regimen|C0392920|[topp]|["Chemotherapy, NOS"-tx-34-"chemotherapy"-noun-0]|TX|2802/12|
00000000|MMI|5.18|Clinical Study Case|C1706256|[cnce]|["Case"-tx-29-"case"-noun-0]|TX|2417/4|
00000000|MMI|5.18|Contrast|C1979874|[qlco]|["Contrast"-tx-27-"contrast"-noun-0]|TX|2318/8|
00000000|MMI|5.18|Creatinine finding|C1561535|[fndg]|["Creatinine"-tx-45-"Creatinine"-noun-0]|TX|3540/10|
00000000|MMI|5.18|Deep thrombophlebitis|C0151950|[dsyn]|["dvts"-tx-15-"DVTs"-noun-0]|TX|1242/4|
00000000|MMI|5.18|Diabetes|C0011847|[dsyn]|["Diabetes"-tx-15-"diabetes"-noun-0]|TX|1181/8|
00000000|MMI|5.18|Discharge date|C2361123|[tmco]|["Discharge date"-tx-1-"Discharge Date"-noun-0]|TX|0/14|
00000000|MMI|5.18|Discharge date:Time Stamp -- Date and Time:Point in time:^Patient:Quantitative|C2361122|[clna]|["Discharge date"-tx-1-"Discharge Date"-noun-0]|TX|0/14|
00000000|MMI|5.18|Drop - Unit of Volume|C4048603|[qnco]|["Drop"-tx-69-"drops"-verb-0]|TX|5086/5|
00000000|MMI|5.18|Drop British|C2348338|[qnco]|["Drop"-tx-69-"drops"-verb-0]|TX|5086/5|
00000000|MMI|5.18|Drop measurement|C1321095|[qnco]|["Drop"-tx-69-"drops"-verb-0]|TX|5086/5|
00000000|MMI|5.18|Dropping|C1705648|[acty]|["Drop"-tx-69-"drops"-verb-0]|TX|5086/5|
00000000|MMI|5.18|Drops - Drug Form|C0991568|[bodm]|["Drops"-tx-69-"drops"-verb-0]|TX|5086/5|
00000000|MMI|5.18|Easy|C0332219|[qlco]|["Easily"-tx-14-"easily"-adv-0]|TX|1088/6|
00000000|MMI|5.18|Endobronchial blocker|C1283161|[medd]|["Endobronchial blocker"-tx-11-"endobronchial blocker"-noun-0]|TX|834/21|
00000000|MMI|5.18|Endocrine|C0521425|[ftcn]|["Endocrine"-tx-60-"Endocrine"-adj-0]|TX|4421/9|
00000000|MMI|5.18|Endocrine system|C0014136|[bdsy]|["Endocrine"-tx-60-"Endocrine"-adj-0]|TX|4421/9|A06
00000000|MMI|5.18|Event|C0441471|[evnt]|["Event"-tx-14-"event"-noun-0]|TX|1136/5|
00000000|MMI|5.18|Feeds|C1510670|[ftcn]|["Feeds"-tx-55-"feeds"-noun-0]|TX|4192/5|
00000000|MMI|5.18|Glaucoma (eukaryote)|C0997768|[euka]|["Glaucoma"-tx-15-"glaucoma"-noun-0]|TX|1214/8|
00000000|MMI|5.18|Glaucoma Adverse Event|C1962986|[fndg]|["Glaucoma"-tx-15-"glaucoma"-noun-0]|TX|1214/8|
00000000|MMI|5.18|Hematocrit level|C0518014|[fndg]|["Hematocrit"-tx-58-"hematocrit"-noun-0]|TX|4378/10|
00000000|MMI|5.18|Hilar|C0205150|[spco]|["HILAR"-tx-24-"hilar"-adj-0]|TX|1874/5|
00000000|MMI|5.18|Identifier|C0600091|[inpr]|["ID"-tx-47-"ID"-noun-0]|TX|3599/2|
00000000|MMI|5.18|Immune diffusion|C1441613|[lbpr]|["ID"-tx-47-"ID"-noun-0]|TX|3599/2|
00000000|MMI|5.18|Improved|C0184511|[qlco]|["Improved"-tx-24-"improved"-verb-0]|TX|1844/8|
00000000|MMI|5.18|Initially|C0205265|[tmco]|["Initially"-tx-8-"Initially"-adv-0]|TX|537/9|
00000000|MMI|5.18|Keflex|C0700517|[antb,orch]|["Keflex"-tx-16-"Keflex"-noun-0]|TX|1362/6|
00000000|MMI|5.18|Lateral|C0205093|[spco]|["LATERAL"-tx-37-"lateral"-adj-0]|TX|3080/7|
00000000|MMI|5.18|MRC1 gene|C1417249|[gngm]|["MR"-tx-1-"Mr"-noun-0]|TX|64/2|
00000000|MMI|5.18|Mediastinal lymphadenopathy|C0520743|[dsyn]|["Mediastinal lymphadenopathy"-tx-24-"mediastinal lymphadenopathy"-noun-1]|TX|1883/27|
00000000|MMI|5.18|Medical Drop|C2347093|[qnco]|["drops"-tx-69-"drops"-verb-0]|TX|5086/5|
00000000|MMI|5.18|Medical History|C0262926|[fndg]|["Past Medical History"-tx-15-"PAST MEDICAL HISTORY"-noun-0]|TX|1144/20|
00000000|MMI|5.18|Medication.discharge|C0806915|[fndg]|["Discharge medications"-tx-69-"DISCHARGE MEDICATIONS"-noun-0]|TX|5042/21|
00000000|MMI|5.18|Minor Response|C4050513|[fndg]|["MR"-tx-1-"Mr"-noun-0]|TX|64/2|
00000000|MMI|5.18|Mr. - Title|C2347167|[cnce]|["Mr."-tx-1-"Mr"-noun-0]|TX|64/2|
00000000|MMI|5.18|National reporting jurisdiction:Loc:Pt:^Event:Nom|C4019010|[clna]|["Event"-tx-14-"event"-noun-0]|TX|1136/5|
00000000|MMI|5.18|Negation|C1518422|[ftcn]|["Not"-tx-63-"not"-adv-0]|TX|4783/3|
00000000|MMI|5.18|Offered|C1444648|[fndg]|["Offered"-tx-33-"offered"-verb-1]|TX|2596/7|
00000000|MMI|5.18|PMH - past medical history|C0455458|[fndg]|["Past medical history"-tx-15-"PAST MEDICAL HISTORY"-noun-0]|TX|1144/20|
00000000|MMI|5.18|Packaging Case|C1706255|[medd]|["CASE"-tx-29-"case"-noun-0]|TX|2417/4|
00000000|MMI|5.18|Pain NOS Adverse Event|C1962977|[fndg]|["Pain NOS"-tx-64-"pain"-noun-1]|TX|4901/4|
00000000|MMI|5.18|Patient need for (contextual qualifier)|C0686904|[ftcn]|["needing"-tx-25-"needing"-verb-0]|TX|2089/7|
00000000|MMI|5.18|Performed|C0884358|[ftcn]|["Performed"-tx-56-"performed"-verb-0]|TX|4277/9|
00000000|MMI|5.18|Platelet Activating Factor Measurement|C3811388|[lbpr]|["PAF"-tx-15-"PAF"-noun-0]|TX|1202/3|
00000000|MMI|5.18|Probable diagnosis|C0332148|[qlco]|["Likely"-tx-43-"likely"-adv-0]|TX|3485/6|
00000000|MMI|5.18|Probably|C0750492|[idcn]|["Likely"-tx-43-"likely"-adv-0]|TX|3485/6|
00000000|MMI|5.18|Pulmonary (qualifier value)|C2709248|[qlco]|["Pulmonary"-tx-22-"Pulmonary"-adj-0]|TX|1646/9|
00000000|MMI|5.18|Pulmonary:-:Point in time:^Patient:-|C2707265|[clna]|["Pulmonary"-tx-22-"Pulmonary"-adj-0]|TX|1646/9|
00000000|MMI|5.18|Radiation Ionizing Radiotherapy|C1524020|[topp]|["Radiation"-tx-34-"radiation"-noun-0]|TX|2819/9|
00000000|MMI|5.18|Radiotherapy Research|C1524021|[resa]|["Radiation"-tx-34-"radiation"-noun-0]|TX|2819/9|
00000000|MMI|5.18|Requirement|C1514873|[ftcn]|["Required"-tx-60-"required"-verb-0]|TX|4444/8|
00000000|MMI|5.18|Room air|C3846005|[fndg]|["Room air"-tx-35-"room air"-noun-0]|TX|2908/8|
00000000|MMI|5.18|Room of building - Study|C0557651|[mnob]|["Study"-tx-54-"study"-verb-0]|TX|3983/5|
00000000|MMI|5.18|Shortness of breath:-:Point in time:^Patient:-|C2707305|[clna]|["Shortness of breath"-tx-5-"shortness of breath"-noun-0]|TX|344/19|
00000000|MMI|5.18|Social History|C3714536|[fndg]|["Social History"-tx-19-"SOCIAL HISTORY"-noun-0]|TX|1551/14|
00000000|MMI|5.18|Social and personal history|C0424945|[fndg]|["Social history"-tx-19-"SOCIAL HISTORY"-noun-0]|TX|1551/14|
00000000|MMI|5.18|Specimen Source Codes - Cyst, Pilonidal|C1546736|[inpr]|["Cyst, Pilonidal"-tx-15-"pilonidal cyst"-noun-0]|TX|1331/14|
00000000|MMI|5.18|Squamous metaplasia|C0025570|[comd]|["Metaplasia, squamous"-tx-13-"squamous metaplasia"-noun-1]|TX|1059/19|
00000000|MMI|5.18|Study|C2603343|[resa]|["Study"-tx-54-"study"-verb-0]|TX|3983/5|
00000000|MMI|5.18|Swallow - dosing instruction imperative|C1706486|[ftcn]|["Swallow"-tx-72-"swallow"-noun-0]|TX|5262/7|
00000000|MMI|5.18|Time (foundation metadata concept)|C3541383|[tmco]|["Time"-tx-7-"time"-noun-0]|TX|440/4|
00000000|MMI|5.18|Unit of radiation dose|C0560559|[qnco]|["Radiation"-tx-34-"radiation"-noun-0]|TX|2819/9|
00000000|MMI|5.18|Vascular|C1801960|[qlco]|["Vascular"-tx-62-"Vascular"-adj-0]|TX|4572/8|
00000000|MMI|5.18|artificial tears (medication)|C0003921|[phsu]|["artificial tears"-tx-69-"Artificial tears"-noun-0]|TX|5065/16|
00000000|MMI|5.18|consider|C0750591|[idcn]|["considered"-tx-65-"considered"-verb-0]|TX|4919/10|
00000000|MMI|5.18|heparin, porcine|C0770546|[bacs,orch,phsu]|["HEPARIN"-tx-18-"Heparin"-noun-0]|TX|1531/7|
00000000|MMI|3.98|Biospecimen|C2347026|[cnce]|["Sample"-tx-10-"Samples"-noun-0]|TX|777/7|
00000000|MMI|3.98|Place|C0442504|[spco]|["Place"-tx-11-"placed"-verb-0]|TX|860/6|
00000000|MMI|3.98|Place - dosing instruction imperative|C1704765|[ftcn]|["Place"-tx-11-"placed"-verb-0]|TX|860/6|
00000000|MMI|3.98|Specimen|C0370003|[sbst]|["Sample"-tx-10-"Samples"-noun-0]|TX|777/7|
00000000|MMI|3.98|Structure of lower lobe of lung|C0225758|[bpoc]|["Lower Lobe"-tx-9-"lower lobes"-noun-0]|TX|763/11|
00000000|MMI|3.98|put - instruction imperative|C1882509|[acty]|["Place"-tx-11-"placed"-verb-0]|TX|860/6|
00000000|MMI|3.76|Left flocculus of cerebellum|C2330838|[bpoc]|["Left nodule"-tx-25-"left nodule"-noun-0]|TX|2062/4,2082/6|
00000000|MMI|3.75|Ankle edema (finding)|C0235439|[fndg]|["Ankle swelling"-tx-62-"ankle swelling"-noun-0]|TX|4648/14|
00000000|MMI|3.75|Inspiratory stridor|C0677600|[sosy]|["Inspiratory stridor"-tx-36-"inspiratory stridor"-noun-0]|TX|2989/19|
00000000|MMI|3.71|Chest CT|C0202823|[diap]|["CT of chest"-tx-24-"CT of chest"-noun-0]|TX|1797/5,1807/5|
00000000|MMI|3.68|CAT scan of head|C0202691|[diap]|["CT scan of head"-tx-26-"CT scan of head"-noun-0]|TX|2183/10,2198/4|
00000000|MMI|3.68|Milligram per Second|C2827883|[qnco]|["mg/s"-tx-74-"mg p"-noun-0]|TX|5341/4|
00000000|MMI|3.68|% index|C1637833|[qnco]|["% index"-tx-80-"Index"-noun-0]|TX|5613/5|
00000000|MMI|3.68|Administration occupational activities|C0001554|[ocac]|["Management"-tx-7-"management"-noun-0]|TX|524/10|
00000000|MMI|3.68|At|C1516077|[spco]|["At"-tx-17-"AT"-adj-0]|TX|1383/2|
00000000|MMI|3.68|Attending (action)|C1999232|[ftcn]|["attending"-tx-79-"Attending"-noun-0]|TX|5548/9|
00000000|MMI|3.68|Attending (provider role)|C1547429|[prog]|["Attending"-tx-79-"Attending"-noun-0]|TX|5548/9|
00000000|MMI|3.68|Consent Type - Needle Biopsy|C1548887|[hlca]|["Needle Biopsy"-tx-13-"needle biopsy"-noun-0]|TX|950/13|
00000000|MMI|3.68|GATM wt Allele|C4049625|[gngm]|["AT"-tx-17-"AT"-adj-0]|TX|1383/2|
00000000|MMI|3.68|Home environment|C0442519|[cnce]|["HOME"-tx-17-"HOME"-adj-0]|TX|1386/4|
00000000|MMI|3.68|Html Link Type - index|C1552854|[idcn]|["index"-tx-80-"Index"-noun-0]|TX|5613/5|
00000000|MMI|3.68|Imaging Techniques|C0079595|[diap]|["Imaging"-tx-25-"imaging"-adj-0]|TX|2105/7|
00000000|MMI|3.68|Index|C0918012|[inpr]|["Index"-tx-80-"Index"-noun-0]|TX|5613/5|
00000000|MMI|3.68|Management Occupations|C3273539|[ocdi]|["Management"-tx-7-"management"-noun-0]|TX|524/10|
00000000|MMI|3.68|Management procedure|C1273870|[ocac]|["Management"-tx-7-"management"-noun-0]|TX|524/10|
00000000|MMI|3.68|Medical therapy|C0418981|[topp]|["Medical therapy"-tx-34-"medical therapy"-noun-0]|TX|2772/15|
00000000|MMI|3.68|Pairing Events Domain|C3541314|[inpr]|["PA"-tx-37-"PA"-noun-0]|TX|3073/2|
00000000|MMI|3.68|Penetration|C0205321|[ftcn]|["Penetration"-tx-54-"penetration"-noun-0]|TX|3998/11|
00000000|MMI|3.68|Point|C3714763|[spco]|["Point"-tx-36-"point"-noun-0]|TX|2926/5|
00000000|MMI|3.68|Point Name|C2347617|[qnco]|["point"-tx-36-"point"-noun-0]|TX|2926/5|
00000000|MMI|3.68|Prophylactic treatment|C0199176|[topp]|["Prophylaxis"-tx-52-"prophylaxis"-noun-0]|TX|3826/11|
00000000|MMI|3.68|Protection|C1545588|[fndg]|["Protection"-tx-8-"protection"-noun-0]|TX|624/10|
00000000|MMI|3.68|Puncture biopsy|C0936232|[diap]|["Needle Biopsy"-tx-13-"needle biopsy"-noun-0]|TX|950/13|
00000000|MMI|3.68|Purpose|C1285529|[ftcn]|["purposes"-tx-33-"purposes"-noun-0]|TX|2661/8|
00000000|MMI|3.68|Short-acting thyroid stimulator|C0312448|[aapp,horm,phsu]|["SATS"-tx-35-"sats"-noun-0]|TX|2873/4|
00000000|MMI|3.68|Swish|C1699290|[ftcn]|["Swish"-tx-72-"swish"-noun-0]|TX|5252/5|
00000000|MMI|3.68|point - UnitsOfMeasure|C1552961|[qnco]|["POINT"-tx-36-"point"-noun-0]|TX|2926/5|
00000000|MMI|3.68|prophylaxis - ActNonObservationIndicationCode|C3853787|[topp]|["prophylaxis"-tx-52-"prophylaxis"-noun-0]|TX|3826/11|
00000000|MMI|3.67|Entire left internal carotid artery|C1278590|[bpoc]|["Left internal carotid artery"-tx-15-"left internal carotid artery"-noun-0]|TX|1300/28|
00000000|MMI|3.67|History of present illness|C0262512|[orga]|["HISTORY OF PRESENT ILLNESS"-tx-1-"HISTORY OF PRESENT ILLNESS"-noun-0]|TX|26/26|
00000000|MMI|3.67|History of present illness:Finding:Point in time:^Patient:Nominal:Reported|C0488508|[clna]|["History of present illness"-tx-1-"HISTORY OF PRESENT ILLNESS"-noun-0]|TX|26/26|
00000000|MMI|3.67|Structure of left internal carotid artery|C0226157|[bpoc]|["Internal carotid artery, left"-tx-15-"left internal carotid artery"-noun-0]|TX|1300/28|
00000000|MMI|3.66|Milliliter per Day|C0439446|[qnco]|["mL/d"-tx-76-"ml d"-noun-0]|TX|5407/2,5418/1|
00000000|MMI|3.65|Magnetic resonance imaging of abdomen|C0412693|[diap]|["MRI of abdomen"-tx-27-"MRI of abdomen"-noun-0]|TX|2291/6,2302/7|
00000000|MMI|3.64|trazodone 50 mg|C2945736|[clnd]|["trazodone 50 mg"-tx-73-"trazodone 50 mg"-noun-0]|TX|5301/15|
00000000|MMI|3.64|dictated - DocumentCompletion|C1609990|[idcn]|["Dictated"-tx-78-"Dictated"-verb-0]|TX|5510/8|
00000000|MMI|3.64|dictated - ParticipationMode|C1548384|[ftcn]|["dictated"-tx-78-"Dictated"-verb-0]|TX|5510/8|
00000000|MMI|3.63|Blood Clot|C0302148|[bdsu]|["Clot"-tx-10-"clot"-noun-0]|TX|824/4|
00000000|MMI|3.63|Exacerbation of cGVHD|C3540542|[fndg]|["Flare"-tx-6-"flare"-noun-0]|TX|424/5|
00000000|MMI|3.63|Flare|C1517205|[sosy]|["Flare"-tx-6-"flare"-noun-0]|TX|424/5|
00000000|MMI|3.62|research results|C0683954|[fndg]|["study results"-tx-28-"Results study"-noun-0]|TX|2378/7,2393/5|
00000000|MMI|3.62|Smoking History|C1519384|[fndg]|["History of smoking"-tx-3-"history of smoking"-noun-0]|TX|186/18|
00000000|MMI|3.61|Batch (Response Modality)|C1550176|[inpr]|["Batch"-tx-80-"Batch"-noun-0]|TX|5600/5|
00000000|MMI|3.61|Batch (group)|C1948031|[qnco]|["Batch"-tx-80-"Batch"-noun-0]|TX|5600/5|
00000000|MMI|3.61|Batch Number|C3641829|[inpr]|["BATCH"-tx-80-"Batch"-noun-0]|TX|5600/5|
00000000|MMI|3.61|C-Circle|C3538933|[celc]|["CC"-tx-81-"CC"-noun-0]|TX|5656/2|
00000000|MMI|3.61|Consolidation|C0702116|[qlco]|["Consolidation"-tx-24-"consolidation"-noun-0]|TX|1830/13|
00000000|MMI|3.61|One day|C3844320|[fndg]|["One day"-tx-5-"One day"-noun-0]|TX|287/7|
00000000|MMI|3.61|Secondary to|C0175668|[tmco]|["Secondary to"-tx-54-"secondary to"-adj-0]|TX|4046/12|
00000000|MMI|3.61|albumin normal|C0860865|[fndg]|["normal albumin"-tx-63-"normal albumin"-noun-0]|TX|4711/14|
00000000|MMI|3.59|Ambien|C0487782|[orch,phsu]|["Ambien"-tx-74-"Ambien"-noun-0]|TX|5332/6|
00000000|MMI|3.59|Does swallow|C0740170|[fndg]|["swallowing"-tx-77-"swallowing"-noun-0]|TX|5497/10|
00000000|MMI|3.59|MICROCEPHALY, EPILEPSY, AND DIABETES SYNDROME|C3280240|[dsyn]|["MEDS"-tx-18-"MEDS"-noun-0]|TX|1421/4|
00000000|MMI|3.59|Pills|C0994475|[bodm]|["Pills"-tx-55-"pills"-noun-0]|TX|4202/5|
00000000|MMI|3.59|Pyrexia of unknown origin (excl puerperal)|C0856281|[sosy]|["puo"-tx-7-"PUO"-noun-0]|TX|508/3|
00000000|MMI|3.59|Started|C1272689|[qlco]|["Started"-tx-42-"started"-verb-0]|TX|3398/7|
00000000|MMI|3.59|Surgical transfer - action|C0348011|[ftcn]|["transferred"-tx-7-"transferred"-verb-0]|TX|493/11|
00000000|MMI|3.59|Swallowing:-:Point in time:^Patient:-|C2598159|[clna]|["Swallowing"-tx-77-"swallowing"-noun-0]|TX|5497/10|
00000000|MMI|3.59|seen|C0205397|[qlco]|["Seen"-tx-8-"seen"-verb-0]|TX|556/4|
00000000|MMI|3.58|Discharge time|C3864299|[tmco]|["Discharge time"-tx-43-"time discharge"-noun-0]|TX|3510/4,3518/9|
00000000|MMI|3.58|Discharge time:ClockTime:Pt:^Patient:Qn|C3864300|[clna]|["Discharge time"-tx-43-"time discharge"-noun-0]|TX|3510/4,3518/9|
00000000|MMI|3.58|Echocardiogram normal|C0436484|[fndg]|["normal echocardiogram"-tx-63-"echocardiogram normal"-noun-0]|TX|4740/14,4762/6|
00000000|MMI|3.58|Right sided cerebral hemisphere cerebrovascular accident|C0586324|[dsyn]|["Right CVA"-tx-15-"CVA right"-noun-0]|TX|1249/3,1262/5|
00000000|MMI|3.58|Atrial Fibrillation Adverse Event|C1963067|[fndg]|["Atrial fibrillation"-tx-39-"atrial fibrillation"-noun-0]|TX|3144/19|
00000000|MMI|3.58|Atrial Fibrillation by ECG Finding|C0344434|[lbtr]|["Atrial Fibrillation"-tx-39-"atrial fibrillation"-noun-0]|TX|3144/19|
00000000|MMI|3.58|creatinine normal|C0860945|[fndg]|["normal creatinine"-tx-63-"normal creatinine"-noun-0]|TX|4691/17|
00000000|MMI|3.57|biopsy nodule|C0741505|[diap]|["nodule biopsy"-tx-34-"biopsy nodule"-noun-0]|TX|2720/6,2748/6|
00000000|MMI|3.57|Dosage|C0178602|[qnco]|["Doses"-tx-60-"doses"-noun-0]|TX|4458/5|
00000000|MMI|3.57|Emotional tenderness|C0684239|[menp]|["tenderness"-tx-64-"tenderness"-noun-1]|TX|4870/10|
00000000|MMI|3.57|Floor (anatomic)|C3714591|[anst]|["Floor"-tx-35-"floor"-noun-0]|TX|2859/5|
00000000|MMI|3.57|Floor - story of building|C1547707|[geoa]|["Floor"-tx-35-"floor"-noun-0]|TX|2859/5|
00000000|MMI|3.57|Loading Technique|C1708715|[acty]|["Loaded"-tx-40-"loaded"-verb-0]|TX|3202/6|
00000000|MMI|3.57|Sore to touch|C0234233|[sosy]|["TENDERNESS (NOS)"-tx-64-"tenderness"-noun-1]|TX|4870/10|
00000000|MMI|3.57|floor (object)|C0016249|[mnob]|["Floor"-tx-35-"floor"-noun-0]|TX|2859/5|
00000000|MMI|3.56|Insulin regular:Mass:Pt:Dose:Qn|C0366513|[clna]|["Insulin Dose"-tx-60-"doses insulin"-noun-0]|TX|4542/5,4551/7|
00000000|MMI|3.56|About The Same|C2346711|[qlco]|["Unchanged"-tx-24-"unchanged"-adj-0]|TX|1981/9|
00000000|MMI|3.56|Area|C0205146|[spco]|["areas"-tx-24-"areas"-noun-0]|TX|1931/5|
00000000|MMI|3.56|Attenuation|C0599946|[acty]|["Attenuation"-tx-24-"attenuation"-noun-0]|TX|1919/11|
00000000|MMI|3.56|Endobronchial Lesion|C2985135|[fndg]|["Endobronchial Lesion"-tx-9-"endobronchial lesion"-noun-0]|TX|701/20|
00000000|MMI|3.56|Entity Name Part Type - given|C1550718|[idcn]|["given"-tx-77-"given"-verb-0]|TX|5436/5|
00000000|MMI|3.56|GIVEN|C1442162|[cnce]|["GIVEN"-tx-77-"given"-verb-0]|TX|5436/5|
00000000|MMI|3.56|Give - dosing instruction imperative|C1947971|[ftcn]|["Given"-tx-77-"given"-verb-0]|TX|5436/5|
00000000|MMI|3.56|Given name|C3244317|[inpr]|["given"-tx-77-"given"-verb-0]|TX|5436/5|
00000000|MMI|3.56|Lesion of liver|C0577053|[fndg]|["liver lesion"-tx-25-"liver lesion"-noun-0]|TX|2142/12|
00000000|MMI|3.56|Low Mitosis-Karyorrhexis Index|C3890211|[qnco]|["Low"-tx-24-"low"-noun-0]|TX|1915/3|
00000000|MMI|3.56|No status change|C0442739|[fndg]|["Unchanged"-tx-24-"unchanged"-adj-1]|TX|1981/9|
00000000|MMI|3.56|Quantity Final Containers Returned|C3714905|[qnco]|["Returned"-tx-40-"returned"-verb-0]|TX|3245/8|
00000000|MMI|3.56|Question (inquiry)|C1522634|[inpr]|["Question"-tx-37-"question"-noun-0]|TX|3023/8|
00000000|MMI|3.56|R prime|C2603358|[clna]|["R'"-tx-9-"R"-noun-0]|TX|659/1|
00000000|MMI|3.56|Remaining|C1527428|[qlco]|["Remaining"-tx-35-"remaining"-verb-0]|TX|2878/9|
00000000|MMI|3.56|Return to (contextual qualifier) (qualifier value)|C0332156|[qlco]|["Returned"-tx-40-"returned"-verb-0]|TX|3245/8|
00000000|MMI|3.56|Right|C0205090|[spco]|["R-"-tx-9-"R"-noun-0]|TX|659/1|
00000000|MMI|3.56|Upper|C1282910|[spco]|["UPPER"-tx-35-"upper"-adj-0]|TX|2895/5|
00000000|MMI|3.56|low|C0205251|[qlco]|["Low"-tx-24-"low"-noun-0]|TX|1915/3|
00000000|MMI|3.56|low confidentiality|C1550472|[inpr]|["low"-tx-24-"low"-noun-0]|TX|1915/3|
00000000|MMI|3.56|low exposure|C4048187|[qlco]|["low"-tx-24-"low"-noun-0]|TX|1915/3|
00000000|MMI|3.55|Discussion (communication)|C2584313|[socb]|["Discuss"-tx-29-"discussed"-verb-0]|TX|2426/9|
00000000|MMI|3.55|Maintenance dose|C3714445|[qnco]|["Maintenance dose"-tx-41-"maintenance dose"-noun-0]|TX|3289/16|
00000000|MMI|3.55|Double Value Type|C1705765|[qlco]|["Double"-tx-8-"double"-adj-0]|TX|596/6|
00000000|MMI|3.55|Doubling|C1705764|[acty]|["Double"-tx-8-"double"-adj-0]|TX|596/6|
00000000|MMI|3.55|Duplicate|C0205173|[ftcn]|["Double"-tx-8-"double"-adj-0]|TX|596/6|
00000000|MMI|3.55|Entire lumen of body system|C1282864|[bsoj]|["Lumen"-tx-8-"lumen"-noun-0]|TX|603/5|
00000000|MMI|3.55|Lobectomy|C0023928|[topp]|["LOBECTOMY"-tx-33-"lobectomy"-noun-0]|TX|2615/9|
00000000|MMI|3.55|Lumen|C1301906|[qlco]|["Lumen"-tx-8-"lumen"-noun-0]|TX|603/5|
00000000|MMI|3.55|NPO - Nothing by mouth|C0419179|[topp]|["NPO"-tx-56-"NPO"-noun-0]|TX|4237/3|
00000000|MMI|3.55|Residue|C1709915|[cnce]|["Residue"-tx-54-"residue"-noun-0]|TX|4104/7|
00000000|MMI|3.55|Residue after Decontamination Medical Device Problem|C1882936|[evnt]|["Residue"-tx-54-"residue"-noun-0]|TX|4104/7|
00000000|MMI|3.55|Structure of lumen of body system|C0524461|[bsoj]|["Lumen"-tx-8-"lumen"-noun-0]|TX|603/5|
00000000|MMI|3.55|To be stopped|C1272691|[qlco]|["stopped"-tx-43-"stopped"-verb-0]|TX|3495/7|
00000000|MMI|3.55|Units Of Measure - lumen|C1551056|[qnco]|["Lumen"-tx-8-"lumen"-noun-0]|TX|603/5|
00000000|MMI|3.55|Course|C0750729|[tmco]|["Course"-tx-48-"course"-noun-0]|TX|3705/6|
00000000|MMI|3.55|Enzyme Unit|C1880519|[qnco]|["Unit"-tx-58-"unit"-noun-0]|TX|4323/4|
00000000|MMI|3.55|Storage Unit|C1704753|[mnob]|["Unit"-tx-58-"unit"-noun-0]|TX|4323/4|
00000000|MMI|3.54|Experimental Finding|C2825141|[fndg]|["Finding"-tx-27-"finding"-noun-0]|TX|2256/7|
00000000|MMI|3.54|Finding|C0243095|[fndg]|["Finding"-tx-27-"finding"-noun-0]|TX|2256/7|
00000000|MMI|3.54|Suspicious|C0750493|[idcn]|["Suspicious"-tx-13-"suspicious"-adj-0]|TX|1005/10|
00000000|MMI|3.54|Suspicious for Malignancy|C4050405|[fndg]|["Suspicious"-tx-13-"suspicious"-adj-1]|TX|1005/10|
00000000|MMI|3.54|Entire bone (organ)|C1266908|[bpoc]|["Bone, NOS"-tx-23-"bone"-noun-0]|TX|1751/4|
00000000|MMI|3.54|Entire bony skeleton|C1266909|[bdsy]|["Bone"-tx-23-"bone"-noun-0]|TX|1751/4|
00000000|MMI|3.54|Skeletal bone|C0262950|[bpoc]|["BONE"-tx-23-"bone"-noun-0]|TX|1751/4|
00000000|MMI|3.53|90%|C3842582|[fndg]|["90%"-tx-35-"90s"-noun-0]|TX|2901/3|
00000000|MMI|3.53|<90|C0439087|[qnco]|["<90"-tx-35-"90s"-noun-0]|TX|2901/3|
00000000|MMI|3.53|>90|C0439083|[qnco]|[">90"-tx-35-"90s"-noun-0]|TX|2901/3|
00000000|MMI|3.50|Airway structure|C0458827|[bpoc]|["Airway"-tx-8-"airway"-noun-0]|TX|617/6|
00000000|MMI|3.50|Anterior thoracic region|C1527391|[blor]|["Chest"-tx-37-"chest"-noun-0]|TX|3067/5|
00000000|MMI|3.50|Artificial Airways|C0178987|[medd]|["Airway, NOS"-tx-8-"airway"-noun-0]|TX|617/6|
00000000|MMI|3.50|Calcified (qualifier)|C0175895|[qlco]|["Calcified"-tx-25-"calcified"-adj-0]|TX|2038/9|
00000000|MMI|3.50|Calcified Medical Device Material|C1879982|[phpr]|["Calcified"-tx-25-"calcified"-adj-0]|TX|2038/9|
00000000|MMI|3.50|Calcified Specimen|C2698950|[qlco]|["CALCIFIED"-tx-25-"calcified"-adj-0]|TX|2038/9|
00000000|MMI|3.50|Following|C0332282|[tmco]|["Following"-tx-9-"following"-adj-0]|TX|666/9|
00000000|MMI|3.50|Pink color|C0332585|[qlco]|["PINK"-tx-5-"pink"-noun-0]|TX|328/4|
00000000|MMI|3.50|Status post|C0231290|[tmco]|["Following"-tx-9-"following"-adj-0]|TX|666/9|
00000000|MMI|3.50|Therapeutic|C0302350|[ftcn]|["Therapeutic"-tx-33-"therapeutic"-adj-0]|TX|2649/11|E02
00000000|MMI|3.50|Therapeutic procedure|C0087111|[topp]|["Therapeutic"-tx-33-"therapeutic"-adj-0]|TX|2649/11|E02
00000000|MMI|3.50|NCI CTEP SDC Non-Small Cell Lung Cancer Sub-Category Terminology|C3539721|[inpr]|["Non-Small Cell Lung Cancer"-tx-13-"non small cell lung cancer"-noun-0]|TX|1020/19,1045/6|
00000000|MMI|3.50|Non-Small Cell Lung Cancer Pathway|C2984258|[cnce]|["Non-small cell lung cancer"-tx-13-"non small cell lung cancer"-noun-0]|TX|1020/19,1045/6|
00000000|MMI|3.50|Packed red blood cells|C2316467|[phsu]|["Packed red blood cells"-tx-58-"packed red blood cells"-noun-0]|TX|4331/22|
00000000|MMI|3.48|Secondary disease, NOS|C0277555|[dsyn]|["Metastasis disease"-tx-26-"metastasis disease"-noun-1]|TX|2220/18|
00000000|MMI|3.48|Bilateral|C0238767|[spco]|["BILATERAL"-tx-62-"bilateral"-adj-0]|TX|4638/9|
00000000|MMI|3.48|Chronic obstructive pulmonary disease of horses|C3714496|[dsyn]|["COPD"-tx-6-"COPD"-noun-0]|TX|419/4|
00000000|MMI|3.48|Mild (qualifier value)|C2945599|[qlco]|["MILD"-tx-36-"mild"-adj-0]|TX|2984/4|
00000000|MMI|3.47|10%|C3842590|[fndg]|["10%"-tx-24-"10"-fraction-0]|TX|1818/2|
00000000|MMI|3.47|60%|C3842585|[fndg]|["60%"-tx-2-"60"-integer-0]|TX|80/2|
00000000|MMI|3.47|Apical|C0205111|[spco]|["APICAL"-tx-25-"apical"-adj-0]|TX|2067/6|
00000000|MMI|3.47|Old|C0580836|[tmco]|["Old"-tx-2-"old"-noun-0]|TX|88/3|
00000000|MMI|3.47|Then|C1883708|[tmco]|["Then"-tx-34-"then"-adv-0]|TX|2757/4|
00000000|MMI|3.47|bronchoscopic|C0442419|[spco]|["Bronchoscopic"-tx-13-"bronchoscopic"-adj-0]|TX|931/13|
00000000|MMI|3.47|per year|C0439508|[tmco]|["/Year"-tx-2-"year"-noun-0]|TX|83/4|
00000000|MMI|3.47|potential|C3245505|[qlco]|["Potential"-tx-34-"potential"-adj-0]|TX|2762/9|
00000000|MMI|3.47|year|C0439234|[tmco]|["YEAR"-tx-2-"year"-noun-0]|TX|83/4|
00000000|MMI|3.46|Admission from|C1959907|[hlca]|["Admission from"-tx-24-"from admission"-noun-0]|TX|1991/4,2000/9|
00000000|MMI|3.45|100%|C3817553|[qnco]|["100%"-tx-72-"100"-integer-0]|TX|5281/3|
00000000|MMI|3.45|Thiamine Drug Class|C3714802|[phsu,vita]|["THIAMINE"-tx-72-"Thiamine"-noun-0]|TX|5272/8|
00000000|MMI|3.45|Multivitamin preparation|C0301532|[orch,phsu,vita]|["Multivitamin"-tx-76-"multivitamin"-noun-0]|TX|5389/12|
00000000|MMI|3.45|Beginning|C0439659|[tmco]|["Origin"-tx-63-"origin"-noun-0]|TX|4828/6|
00000000|MMI|3.45|Blood pressure finding|C1271104|[fndg]|["Blood Pressure"-tx-42-"blood pressure"-noun-0]|TX|3444/14|
00000000|MMI|3.45|Clinical Study Follow-up|C3274571|[hlca]|["FOLLOW-UP"-tx-66-"follow-up"-adj-0]|TX|4995/9|
00000000|MMI|3.45|Follow-Up Report|C1704685|[inpr]|["Follow-Up"-tx-66-"follow-up"-adj-0]|TX|4995/9|
00000000|MMI|3.45|Follow-up status|C0589120|[fndg]|["Follow-up"-tx-66-"follow-up"-adj-0]|TX|4995/9|
00000000|MMI|3.45|Length|C1444754|[qnco]|["Length"-tx-32-"length"-noun-0]|TX|2488/6|
00000000|MMI|3.45|Length of Trial|C1706316|[resa]|["LENGTH"-tx-32-"length"-noun-0]|TX|2488/6|
00000000|MMI|3.45|National origin|C0079946|[clas]|["origin"-tx-63-"origin"-noun-0]|TX|4828/6|
00000000|MMI|3.45|Participation Type - origin|C1550512|[inpr]|["origin"-tx-63-"origin"-noun-0]|TX|4828/6|
00000000|MMI|3.45|carotid internal|C0741978|[bpoc]|["internal carotid"-tx-15-"internal carotid"-noun-0]|TX|1268/16|
00000000|MMI|3.45|follow-up|C1522577|[hlca]|["Follow Up"-tx-66-"follow-up"-adj-0]|TX|4995/9|
00000000|MMI|3.45|upper respiratory symptom|C0749874|[sosy]|["upper respiratory symptom"-tx-4-"upper respiratory symptoms"-noun-0]|TX|228/26|
00000000|MMI|3.44|Right lobe of liver|C0227481|[bpoc]|["right liver lobe"-tx-25-"liver right lobe"-noun-0]|TX|2142/5,2162/5,2174/4|
00000000|MMI|3.44|Consistency|C0332529|[qlco]|["CONSISTENCIES"-tx-54-"consistencies"-noun-0]|TX|4032/13|
00000000|MMI|3.44|Device Component System|C1704459|[mnob]|["System"-tx-21-"SYSTEM"-noun-0]|TX|1635/6|
00000000|MMI|3.44|Organism|C0029235|[orgm]|["Organisms"-tx-50-"organisms"-noun-0]|TX|3786/9|
00000000|MMI|3.44|Past|C1444637|[tmco]|["Past"-tx-20-"past"-noun-0]|TX|1609/4|
00000000|MMI|3.44|System|C0449913|[ftcn]|["System"-tx-21-"SYSTEM"-noun-0]|TX|1635/6|
00000000|MMI|3.44|System - kit|C1553451|[mnob]|["System"-tx-21-"SYSTEM"-noun-0]|TX|1635/6|
00000000|MMI|3.43|Decreased|C0205216|[qnco]|["Decreased"-tx-54-"decreased"-adj-0]|TX|4059/9|
00000000|MMI|3.43|Decreasing|C0442797|[qlco]|["decreased"-tx-54-"decreased"-adj-0]|TX|4059/9|
00000000|MMI|3.43|Enlargement (morphologic abnormality)|C2711450|[anab]|["Enlargement"-tx-24-"enlargement"-noun-1]|TX|1940/11|
00000000|MMI|3.43|Enlargement procedure|C1293134|[topp]|["Enlargement"-tx-24-"enlargement"-noun-0]|TX|1940/11|
00000000|MMI|3.43|Reduced|C0392756|[qlco]|["Decreased"-tx-54-"decreased"-adj-0]|TX|4059/9|
00000000|MMI|3.43|% of total|C0439175|[qnco]|["% total"-tx-15-"total"-adj-0]|TX|1256/5|
00000000|MMI|3.43|Borg Category-Ratio 10 Perceived Exertion Score 3|C4049706|[inpr]|["Moderate"-tx-54-"moderate"-adj-0]|TX|4095/8|
00000000|MMI|3.43|Breakthrough|C0444503|[qlco]|["Breakthrough"-tx-60-"breakthrough"-noun-0]|TX|4529/12|
00000000|MMI|3.43|Control function|C2587213|[ftcn]|["Control"-tx-42-"control"-noun-0]|TX|3459/7|
00000000|MMI|3.43|Diagnosis|C0011900|[fndg]|["Diagnostic"-tx-33-"diagnostic"-adj-1]|TX|2634/10|E01
00000000|MMI|3.43|Diagnostic|C0348026|[ftcn]|["Diagnostic"-tx-33-"diagnostic"-adj-0]|TX|2634/10|
00000000|MMI|3.43|Event Seriousness - Significant|C1546944|[qlco]|["Significant"-tx-53-"significant"-adj-0]|TX|3900/11|
00000000|MMI|3.43|Moderate (severity modifier)|C0205081|[qlco]|["Moderate"-tx-54-"moderate"-adj-0]|TX|4095/8|
00000000|MMI|3.43|Moderate Extremity Pain|C4049705|[inpr]|["Moderate"-tx-54-"moderate"-adj-0]|TX|4095/8|
00000000|MMI|3.43|Moderation|C1881878|[qlco]|["MODERATE"-tx-54-"moderate"-adj-0]|TX|4095/8|
00000000|MMI|3.43|Scientific Control|C1882979|[cnce]|["Control"-tx-42-"control"-noun-0]|TX|3459/7|
00000000|MMI|3.43|Significant|C0750502|[idcn]|["Significant"-tx-53-"significant"-adj-0]|TX|3900/11|
00000000|MMI|3.43|Statistical Significance|C0237881|[qnco]|["significant"-tx-53-"significant"-adj-0]|TX|3900/11|
00000000|MMI|3.43|Total|C0439810|[qlco]|["Total"-tx-15-"total"-adj-0]|TX|1256/5|
00000000|MMI|3.43|True Control Status|C3274648|[qlco]|["Control"-tx-42-"control"-noun-0]|TX|3459/7|
00000000|MMI|3.43|control aspects|C0243148|[qlco]|["control"-tx-42-"control"-noun-0]|TX|3459/7|
00000000|MMI|3.43|control substance|C1550141|[sbst]|["Control"-tx-42-"control"-noun-