00000000|MMI|7.28|Signature|C1519316|[inpr]|["Signed"-tx-1-"Signed"-noun-0]|TX|[84/6],[140/6]|
00000000|MMI|7.28|signed - ParticipationSignature|C1561610|[inpr]|["signed"-tx-1-"Signed"-noun-0]|TX|[84/6],[140/6]|
00000000|MMI|3.65|Report status|C0586177|[fndg]|["Report status"-tx-1-"Report Status"-noun-0]|TX|125/13|
00000000|MMI|3.64|10 - 12|C3843787|[fndg]|["10 - 12"-tx-1-"10 12"-fraction-0]|TX|40/2,50/2|
00000000|MMI|3.63|Admission date:Time Stamp -- Date and Time:Point in time:^Patient:Quantitative|C2598112|[clna]|["Admission date"-tx-1-"Admission Date"-noun-0]|TX|99/14|
00000000|MMI|3.63|Date of admission|C1302393|[tmco]|["Admission date"-tx-1-"Admission Date"-noun-0]|TX|99/14|
00000000|MMI|3.59|Pyrexia of unknown origin (excl puerperal)|C0856281|[sosy]|["puo"-tx-1-"PUO"-noun-0]|TX|12/3|
00000000|MMI|3.49|IFITM1 gene|C1334078|[gngm]|["9-27"-tx-1-"9/27"-fraction-0]|TX|115/4|
00000000|MMI|3.49|IFITM1 protein, human|C1312248|[aapp,bacs]|["9-27"-tx-1-"9/27"-fraction-0]|TX|115/4|
00000000|MMI|3.49|IFITM1 wt Allele|C1705676|[gngm]|["9-27"-tx-1-"9/27"-fraction-0]|TX|115/4|
00000000|MMI|3.48|Discharge summarization note:Finding:Point in time:{Setting}:Document:{Provider}|C0801840|[clna]|["Discharge summary"-tx-1-"Discharge Summary"-noun-0]|TX|64/17|
00000000|MMI|3.48|Discharge summary|C0743221|[inpr]|["Discharge summary"-tx-1-"Discharge Summary"-noun-0]|TX|64/17|
00000000|MMI|3.46|Diagnostic interview schedule|C0451119|[inpr]|["DIS"-tx-1-"DIS"-noun-0]|TX|93/3|
00000000|MMI|3.46|Discontinued|C1444662|[fndg]|["DIS"-tx-1-"DIS"-noun-0]|TX|93/3|
00000000|MMI|141.74|Patients|C0030705|[podg]|["*^patient"-tx-51-"patient"-noun-0,"*^patient"-tx-46-"patient"-noun-0,"*^patient"-tx-44-"patient"-noun-0,"*^patient"-tx-43-"patient"-noun-0,"*^patient"-tx-41-"patient"-noun-0,"*^patient"-tx-38-"patient"-noun-0,"*^patient"-tx-34-"patient"-noun-0,"*^patient"-tx-29-"patient"-noun-0,"*^patient"-tx-28-"patient"-noun-0,"*^patient"-tx-27-"patient"-noun-0,"*^patient"-tx-8-"patient"-noun-0,"*^patient"-tx-1-"patient"-noun-0]|TX|4165/7;3764/7;3569/7;3480/7;3327/7;3174/7;2799/7;2366/7;2241/7;2053/7;763/7;74/7|M01.643
00000000|MMI|93.50|Togo|C0040363|[geoa]|["TO"-tx-59-"to"-adv-0,"TO"-tx-58-"to"-adv-0,"TO"-tx-51-"to"-adv-0,"TO"-tx-29-"to"-adv-0,"TO"-tx-3-"to"-adv-0]|TX|4745/2;4657/2;4214/2;2384/2;436/2|Z01.058.290.190.800
00000000|MMI|93.50|Tryptophanase|C0041260|[aapp,enzy]|["TO"-tx-59-"to"-adv-0,"TO"-tx-58-"to"-adv-0,"TO"-tx-51-"to"-adv-0,"TO"-tx-29-"to"-adv-0,"TO"-tx-3-"to"-adv-0]|TX|4745/2;4657/2;4214/2;2384/2;436/2|D08.811.520.224.800
00000000|MMI|78.21|Abortion consent:Finding:Point in time:^Patient:Document|C2360836|[clna]|["Patient"-tx-51-"patient"-noun-0,"Patient"-tx-46-"patient"-noun-0,"Patient"-tx-44-"patient"-noun-0,"Patient"-tx-43-"patient"-noun-0,"Patient"-tx-41-"patient"-noun-0,"Patient"-tx-38-"patient"-noun-0,"Patient"-tx-34-"patient"-noun-0,"Patient"-tx-29-"patient"-noun-0,"Patient"-tx-28-"patient"-noun-0,"Patient"-tx-27-"patient"-noun-0,"Patient"-tx-8-"patient"-noun-0,"Patient"-tx-1-"patient"-noun-0]|TX|4165/7;3764/7;3569/7;3480/7;3327/7;3174/7;2799/7;2366/7;2241/7;2053/7;763/7;74/7|
00000000|MMI|78.21|Hysterectomy consent:Finding:Point in time:^Patient:Document|C2360838|[clna]|["Patient"-tx-51-"patient"-noun-0,"Patient"-tx-46-"patient"-noun-0,"Patient"-tx-44-"patient"-noun-0,"Patient"-tx-43-"patient"-noun-0,"Patient"-tx-41-"patient"-noun-0,"Patient"-tx-38-"patient"-noun-0,"Patient"-tx-34-"patient"-noun-0,"Patient"-tx-29-"patient"-noun-0,"Patient"-tx-28-"patient"-noun-0,"Patient"-tx-27-"patient"-noun-0,"Patient"-tx-8-"patient"-noun-0,"Patient"-tx-1-"patient"-noun-0]|TX|4165/7;3764/7;3569/7;3480/7;3327/7;3174/7;2799/7;2366/7;2241/7;2053/7;763/7;74/7|
00000000|MMI|78.21|Sterilization consent:Finding:Point in time:^Patient:Document|C2360840|[clna]|["Patient"-tx-51-"patient"-noun-0,"Patient"-tx-46-"patient"-noun-0,"Patient"-tx-44-"patient"-noun-0,"Patient"-tx-43-"patient"-noun-0,"Patient"-tx-41-"patient"-noun-0,"Patient"-tx-38-"patient"-noun-0,"Patient"-tx-34-"patient"-noun-0,"Patient"-tx-29-"patient"-noun-0,"Patient"-tx-28-"patient"-noun-0,"Patient"-tx-27-"patient"-noun-0,"Patient"-tx-8-"patient"-noun-0,"Patient"-tx-1-"patient"-noun-0]|TX|4165/7;3764/7;3569/7;3480/7;3327/7;3174/7;2799/7;2366/7;2241/7;2053/7;763/7;74/7|
00000000|MMI|58.66|Patient Discharge|C0030685|[hlca]|["Discharge"-tx-60-"DISCHARGE"-noun-0,"Discharge"-tx-44-"discharge"-noun-0,"Discharge"-tx-39-"discharge"-noun-0]|TX|4791/9;3698/9;3246/9|E02.204.125;E02.760.400.610;N02.421.192.125;N02.421.585.400.610;N04.590.233.727.210.125
00000000|MMI|45.16|Surgical aspects|C0038895|[ftcn]|["surgery"-tx-9-"surgery"-noun-0,"surgery"-tx-1-"surgery"-noun-0]|TX|870/7;291/7|x.x.x.x.x.x.x
00000000|MMI|39.44|Dietary Iron|C0376520|[inch]|["Iron"-tx-58-"Iron"-noun-0,"Iron"-tx-45-"iron"-noun-0,"Iron"-tx-44-"Iron"-noun-0]|TX|4575/4;3725/4;3580/4|D01.490.600;D02.691.550.600
00000000|MMI|39.44|Iron|C0302583|[bacs,elii,phsu]|["IRON"-tx-58-"Iron"-noun-0,"IRON"-tx-45-"iron"-noun-0,"IRON"-tx-44-"Iron"-noun-0]|TX|4575/4;3725/4;3580/4|D01.268.556.412;D01.268.956.287;D01.552.544.412;x.x.x.x
00000000|MMI|39.36|Mongolia|C0026410|[geoa]|["MG"-tx-58-"mg"-noun-0]|TX|[4594/2],[4634/2],[4698/2]|Z01.252.474.651
00000000|MMI|39.25|Right|C0205090|[spco]|["RIGHT"-tx-56-"right"-adj-0,"RIGHT"-tx-53-"RIGHT"-adj-0,"RIGHT"-tx-29-"right"-adj-0,"RIGHT"-tx-24-"right"-noun-0,"RIGHT"-tx-22-"right"-noun-0,"RIGHT"-tx-21-"right"-noun-0,"RIGHT"-tx-20-"right"-noun-0,"RIGHT"-tx-6-"right"-adj-0,"RIGHT"-tx-1-"right"-noun-0]|TX|4378/5;4291/5;2474/5;1858/5;1713/5;1639/5;1549/5;648/5;173/5|
00000000|MMI|39.25|Right sided|C0444532|[spco]|["Right"-tx-56-"right"-adj-0,"Right"-tx-53-"RIGHT"-adj-0,"Right"-tx-29-"right"-adj-0,"Right"-tx-24-"right"-noun-0,"Right"-tx-22-"right"-noun-0,"Right"-tx-21-"right"-noun-0,"Right"-tx-20-"right"-noun-0,"Right"-tx-6-"right"-adj-0,"Right"-tx-1-"right"-noun-0]|TX|4378/5;4291/5;2474/5;1858/5;1713/5;1639/5;1549/5;648/5;173/5|
00000000|MMI|35.81|Ankle|C0003086|[bsoj]|["Ankle"-tx-24-"ankle"-noun-0]|TX|[1893/5],[1952/5]|A01.378.610.250.149
00000000|MMI|35.81|Ankle joint structure|C0003087|[bsoj]|["Ankle"-tx-24-"ankle"-noun-0]|TX|[1893/5],[1952/5]|A02.835.583.378.062
00000000|MMI|35.81|Dominican Republic|C0013014|[geoa]|["DR"-tx-62-"Dr"-noun-0,"DR"-tx-56-"Dr"-noun-0]|TX|4855/2;4483/2|Z01.107.084.900.300;Z01.639.880.300
00000000|MMI|33.08|Braces-Orthopedic appliances|C0006086|[medd]|["Brace"-tx-59-"Brace"-noun-0,"Brace"-tx-51-"brace"-noun-0]|TX|4739/5;4195/5|E07.858.442.743.319
00000000|MMI|32.99|Pain|C0030193|[sosy]|["PAIN"-tx-32-"pain"-noun-0,"PAIN"-tx-18-"pain"-noun-0]|TX|2738/4;1459/4|C10.597.617;C23.888.592.612;F02.830.816.444;G11.561.600.810.444
00000000|MMI|32.45|Postoperative Period|C0032790|[tmco]|["Postoperative"-tx-50-"postoperative"-adj-0,"Postoperative"-tx-41-"postoperative"-noun-0]|TX|4104/13;3387/13|E04.614.750;N02.421.585.753.750
00000000|MMI|32.40|Ivory Coast|C0022326|[geoa]|["IV"-tx-55-"IV"-adj-0,"IV"-tx-8-"IV's"-noun-0]|TX|4353/2;805/4|Z01.058.290.190.272
00000000|MMI|32.30|Gluconates|C0017714|[bacs,orch]|["gluconate"-tx-58-"Gluconate"-noun-0,"gluconate"-tx-44-"Gluconate"-noun-0]|TX|4580/9;3585/9|D02.241.081.844.322;D02.241.511.902.322;D09.811.308
00000000|MMI|30.10|Diskectomy|C0206078|[topp]|["Diskectomy"-tx-56-"diskectomy"-noun-0,"Diskectomy"-tx-11-"diskectomy"-noun-0,"Diskectomy"-tx-6-"diskectomy"-noun-0]|TX|4390/10;948/10;583/10|E04.555.200
00000000|MMI|29.46|Foot|C0016504|[bpoc]|["FOOT"-tx-29-"foot"-noun-0,"FOOT"-tx-23-"foot"-noun-0]|TX|2543/4;1804/4|A01.378.610.250
00000000|MMI|29.46|Physicians|C0031831|[prog]|["DR"-tx-62-"Dr"-noun-0,"DR"-tx-56-"Dr"-noun-0]|TX|4855/2;4483/2|M01.526.485.810;N02.360.810
00000000|MMI|27.22|To|C1883351|[qlco]|["To"-tx-59-"to"-adv-0,"To"-tx-58-"to"-adv-0,"To"-tx-51-"to"-adv-0,"To"-tx-29-"to"-adv-0,"To"-tx-3-"to"-adv-0]|TX|4745/2;4657/2;4214/2;2384/2;436/2|
00000000|MMI|26.40|Orthopedics|C0029355|[bmod]|["orthopaedic"-tx-48-"ORTHOPEDIC"-adj-0,"orthopaedic"-tx-17-"orthopedic"-adj-0]|TX|3937/10;1295/10|H02.403.810.494
00000000|MMI|26.13|General surgery specialty|C1274039|[bmod]|["Surgery"-tx-9-"surgery"-noun-0,"Surgery"-tx-1-"surgery"-noun-0]|TX|870/7;291/7|H02.403.810.300
00000000|MMI|26.05|PO-1|C0297198|[orch]|["PO-1"-tx-58-"po 1"-noun-0]|TX|[4597/2,4609/1],[4637/2,4649/1]|x.x.x.x
00000000|MMI|25.95|gluconate|C0220836|[bacs,orch,phsu]|["GLUCONATE"-tx-58-"Gluconate"-noun-0,"GLUCONATE"-tx-44-"Gluconate"-noun-0]|TX|4580/9;3585/9|x.x.x.x
00000000|MMI|25.94|Bone Transplantation|C0005976|[topp]|["Bone Graft"-tx-56-"bone graft"-noun-0,"Bone Graft"-tx-27-"bone graft"-noun-0]|TX|4456/10;2192/10|E04.555.130;E04.936.580.052
00000000|MMI|22.90|Oxygen saturation measurement|C0523807|[lbpr]|["O2 Saturation"-tx-36-"O2 saturations"-noun-0]|TX|3037/14|E01.370.225.124.100.100.600;E01.370.370.380.600;E01.370.386.700.100.600;E05.200.124.100.100.600
00000000|MMI|22.56|Walking (activity)|C0080331|[dora]|["Walking"-tx-46-"walking"-noun-0]|TX|3845/7|G11.427.590.530.568.900;G11.427.590.530.698.277.937;I03.350.937;I03.450.642.845.940
00000000|MMI|21.36|+2|C0740116|[qnco]|["+2"-tx-54-"2"-integer-0,"+2"-tx-33-"2"-integer-0,"+2"-tx-24-"2"-integer-0]|TX|4309/1;2744/1;[1883/1],[1942/1]|
00000000|MMI|21.36|2+|C3833492|[fndg]|["2+"-tx-54-"2"-integer-0,"2+"-tx-33-"2"-integer-0,"2+"-tx-24-"2"-integer-0]|TX|4309/1;2744/1;[1883/1],[1942/1]|
00000000|MMI|21.36|2+ Score|C2827735|[qnco]|["2+"-tx-54-"2"-integer-0,"2+"-tx-33-"2"-integer-0,"2+"-tx-24-"2"-integer-0]|TX|4309/1;2744/1;[1883/1],[1942/1]|
00000000|MMI|21.36|2+ Score, WHO|C2981700|[clas]|["2+"-tx-54-"2"-integer-0,"2+"-tx-33-"2"-integer-0,"2+"-tx-24-"2"-integer-0]|TX|4309/1;2744/1;[1883/1],[1942/1]|
00000000|MMI|20.95|Colace|C0282139|[orch,phsu]|["Colace"-tx-44-"Colace"-noun-0]|TX|3599/6|D02.241.081.337.759.249
00000000|MMI|20.95|Toes|C0040357|[bpoc]|["Toes"-tx-25-"toes"-noun-0]|TX|1964/4|A01.378.610.250.300.792
00000000|MMI|20.41|Time|C0040223|[tmco]|["times"-tx-51-"times"-noun-0,"TIME"-tx-49-"time"-adv-0,"times"-tx-49-"times"-noun-0]|TX|4229/5;4052/4;4092/5|G01.910
00000000|MMI|19.94|Communicable Diseases|C0009450|[dsyn]|["Infection, NOS"-tx-49-"infection"-noun-1,"Infectious Disease"-tx-47-"INFECTIOUS DISEASE"-noun-0]|TX|4035/9;3878/18|C01.539.221
00000000|MMI|19.87|Beds|C0004916|[mnob]|["Bed"-tx-59-"bed"-noun-0,"Bed"-tx-51-"bed"-noun-0]|TX|4772/3;4251/3|E07.325.220
00000000|MMI|19.64|Portugal|C0032729|[geoa]|["PO"-tx-58-"po"-noun-0]|TX|[4556/2],[4701/2]|Z01.542.727
00000000|MMI|18.31|Event Seriousness - Significant|C1546944|[qlco]|["Significant"-tx-47-"significant"-adj-0,"Significant"-tx-38-"significant"-adj-0,"Significant"-tx-37-"significant"-adj-0,"Significant"-tx-33-"significant"-adj-0,"Significant"-tx-31-"significant"-adj-0]|TX|3911/11;3189/11;3130/11;2774/11;2668/11|
00000000|MMI|18.31|Significant|C0750502|[idcn]|["Significant"-tx-47-"significant"-adj-0,"Significant"-tx-38-"significant"-adj-0,"Significant"-tx-37-"significant"-adj-0,"Significant"-tx-33-"significant"-adj-0,"Significant"-tx-31-"significant"-adj-0]|TX|3911/11;3189/11;3130/11;2774/11;2668/11|
00000000|MMI|18.31|Statistical Significance|C0237881|[qnco]|["significant"-tx-47-"significant"-adj-0,"significant"-tx-38-"significant"-adj-0,"significant"-tx-37-"significant"-adj-0,"significant"-tx-33-"significant"-adj-0,"significant"-tx-31-"significant"-adj-0]|TX|3911/11;3189/11;3130/11;2774/11;2668/11|
00000000|MMI|18.22|S1|C3715215|[fndg]|["S1"-tx-56-"S1"-noun-0,"S1"-tx-27-"S1"-noun-0,"S1"-tx-19-"S1"-noun-0,"S1"-tx-11-"S1"-noun-0,"S1"-tx-1-"S1"-noun-0]|TX|4387/2;2141/2;1489/2;945/2;301/2|
00000000|MMI|18.22|Testicular Cancer Serum Markers Test Result S1|C3814877|[lbtr]|["S1"-tx-56-"S1"-noun-0,"S1"-tx-27-"S1"-noun-0,"S1"-tx-19-"S1"-noun-0,"S1"-tx-11-"S1"-noun-0,"S1"-tx-1-"S1"-noun-0]|TX|4387/2;2141/2;1489/2;945/2;301/2|
00000000|MMI|17.80|Hematocrit procedure|C0018935|[lbpr]|["Hematocrit"-tx-44-"hematocrit"-noun-0]|TX|3612/10|E01.370.225.625.400;E05.200.625.400;G09.188.370.374
00000000|MMI|17.80|Reflex action|C0034929|[ortf]|["Reflexes"-tx-24-"Reflexes"-noun-0]|TX|1836/8|E01.370.376.550.650;E01.370.600.550.650;F02.830.702;G11.561.600.765
00000000|MMI|16.21|Urinary Retention|C0080274|[fndg]|["URINARY RETENTION"-tx-9-"urinary retention"-noun-0]|TX|837/17|C12.777.934.880;C13.351.968.934.880
00000000|MMI|16.21|Ventolin|C0033744|[orch,phsu]|["Ventolin"-tx-34-"Ventolin"-noun-0]|TX|2944/8|D02.033.100.291.057;D02.092.063.291.057;D02.092.471.683.061
00000000|MMI|16.17|Retention (Psychology)|C0035280|[menp]|["Retention"-tx-9-"retention"-noun-0]|TX|845/9|F02.463.425.540.772
00000000|MMI|16.16|Spasm|C0037763|[sosy]|["SPASMS"-tx-1-"spasms"-noun-0]|TX|239/6|C10.597.613.750;C23.888.592.608.750
00000000|MMI|16.07|Iodides|C0021966|[inch]|["I-"-tx-58-"i"-adv-0]|TX|4706/1|D01.248.497.158.490;D01.475.410
00000000|MMI|16.07|Voltaren|C0699958|[orch,phsu]|["Voltaren"-tx-58-"Voltaren"-noun-0]|TX|4686/8|D02.241.223.601.210
00000000|MMI|16.07|Hospital Stay|C3489408|[tmco]|["Hospital Stay"-tx-36-"hospital stay"-noun-0]|TX|3088/13|E02.760.400.480;N02.421.585.400.480
00000000|MMI|16.05|In Blood|C0005768|[bdsu]|["BLOOD"-tx-7-"blood"-noun-0]|TX|716/5|x.x.x.x.x
00000000|MMI|16.04|Central African Republic|C0007673|[geoa]|["CT"-tx-6-"CT"-noun-0]|TX|617/2|Z01.058.290.100.120
00000000|MMI|16.04|Light|C0023693|[npop]|["Light"-tx-23-"light"-adj-0]|TX|1739/5|G01.358.500.505.650;G01.590.540;G01.750.250.650;G01.750.770.578
00000000|MMI|14.64|Cholecystectomy procedure|C0008320|[topp]|["CHOLECYSTECTOMY"-tx-11-"cholecystectomy"-noun-0]|TX|1012/15|E04.210.120.172
00000000|MMI|14.64|Diet|C0012155|[food]|["Diet"-tx-40-"diet"-noun-0]|TX|3262/4|G07.203.650.240
00000000|MMI|14.64|Knee|C0022742|[bpoc]|["Knee"-tx-24-"knee"-noun-0]|TX|1874/4|A01.378.610.450
00000000|MMI|14.64|Knee joint|C0022745|[bsoj]|["Knee"-tx-24-"knee"-noun-0]|TX|1874/4|A02.835.583.475
00000000|MMI|14.64|Leg|C1140621|[blor]|["Lower leg"-tx-23-"lower leg"-noun-0]|TX|1790/9|A01.378.610.500
00000000|MMI|14.64|Tubal Ligation|C0520483|[topp]|["TUBAL LIGATION"-tx-11-"tubal ligation"-noun-0]|TX|984/14|E04.950.300.766;E04.950.599.683
00000000|MMI|14.05|Electrolytes|C0013832|[inch,phsu]|["ELECTROLYTES"-tx-42-"Electrolytes"-noun-0,"Electrolyte, NOS"-tx-41-"ELECTROLYTE"-noun-0]|TX|3408/12;3311/11|D01.248
00000000|MMI|13.80|Work|C0043227|[ocac]|["Work"-tx-59-"work"-noun-0,"Work"-tx-3-"work"-verb-0]|TX|4751/4;439/4|I03.946
00000000|MMI|13.14|Cesarean section|C0007876|[topp]|["C section"-tx-11-"C section"-noun-0]|TX|1029/1,1032/7|E04.520.252.500
00000000|MMI|13.09|Wheezing|C0043144|[sosy]|["Wheezes"-tx-34-"wheezes"-noun-0]|TX|2913/7|C23.888.852.779;E01.370.386.720;G09.772.775
00000000|MMI|13.05|Blood Transfusion, Autologous|C0005842|[topp]|["Autologous blood transfusion"-tx-43-"transfusion autologous blood"-noun-0]|TX|3497/11,3526/16|E02.095.135.164
00000000|MMI|13.05|Ability|C0085732|[orga]|["Able"-tx-41-"able"-adj-0]|TX|3339/4|F02.784.629.131
00000000|MMI|13.05|Defecation|C0011135|[orgf]|["Bowel Movement"-tx-39-"bowel movement"-noun-0]|TX|3222/14|G10.261.326.210
00000000|MMI|13.03|ARID1A protein, human|C0675390|[aapp,bacs]|["hELD"-tx-58-"held"-verb-0]|TX|4663/4|x.x.x.x
00000000|MMI|13.02|Data Compression|C1257972|[mcha,ocac]|["Compression"-tx-46-"compression"-noun-0]|TX|3790/11|L01.224.308.189;L01.224.800.500;L01.470.500
00000000|MMI|13.01|Weight Bearing|C0085086|[fndg]|["Weight Bearing"-tx-29-"weight bearing"-adj-0]|TX|2430/14|G01.374.676.965;G01.595.540.965
00000000|MMI|13.01|Weight-Bearing state|C1318107|[orga]|["Weightbearing"-tx-29-"weight bearing"-adj-0]|TX|2430/14|G01.374.676.965;G01.595.540.965
00000000|MMI|12.91|Urination|C0042034|[orgf]|["void"-tx-41-"void"-noun-0]|TX|3347/4|G08.852.796.877
00000000|MMI|12.90|Auscultation|C0004339|[diap]|["AUSCULTATION"-tx-14-"auscultation"-noun-0]|TX|1194/12|E01.370.600.060
00000000|MMI|12.89|Wound Healing|C0043240|[orgf]|["Healing"-tx-48-"healing"-noun-0]|TX|3984/7|G16.100.856.891
00000000|MMI|12.89|Recurrence|C0034897|[phpr]|["Recurrence"-tx-6-"recurrence"-noun-0]|TX|630/10|C23.550.291.937
00000000|MMI|12.89|Recurrence (disease attribute)|C2825055|[patf]|["Recurrence"-tx-6-"recurrence"-noun-0]|TX|630/10|C23.550.291.937
00000000|MMI|12.88|Thigh structure|C0039866|[blor]|["THIGH"-tx-23-"thigh"-noun-0]|TX|1782/5|A01.378.610.750
00000000|MMI|12.88|Vertebral column|C0037949|[bpoc]|["Spine"-tx-1-"spine"-noun-0]|TX|233/5|A02.835.232.834
00000000|MMI|12.88|Neoplasm Metastasis|C0027627|[neop]|["secondary"-tx-18-"secondary"-adj-0]|TX|1446/9|C04.697.650;C23.550.727.650
00000000|MMI|11.49|Appendectomy|C0003611|[topp]|["APPENDECTOMY"-tx-11-"appendectomy"-noun-0]|TX|1066/12|E04.210.078
00000000|MMI|11.49|Diet therapy|C0012159|[hlca]|["Diet"-tx-40-"diet"-noun-0]|TX|3262/4|E02.642.249
00000000|MMI|11.49|Methods aspects|C0025664|[inpr]|["procedures"-tx-56-"PROCEDURES"-noun-0]|TX|4360/10|x.x.x
00000000|MMI|11.49|Physical Examination|C0031809|[hlca]|["PHYSICAL EXAMINATION"-tx-14-"PHYSICAL EXAMINATION"-noun-0]|TX|1148/20|E01.370.600
00000000|MMI|11.49|Surgical Flaps|C0038925|[bpoc]|["Flaps"-tx-49-"flaps"-noun-0]|TX|4065/5|A10.850.710;E07.862.710
00000000|MMI|11.49|Tonsillectomy|C0040423|[topp]|["TONSILLECTOMY"-tx-11-"tonsillectomy"-noun-0]|TX|1048/13|E04.580.848
00000000|MMI|11.23|1+|C3816745|[fndg]|["1+"-tx-52-"1"-integer-0,"1+"-tx-29-"1"-integer-0,"1+"-tx-7-"1"-integer-0]|TX|4278/1;2347/1;695/1|
00000000|MMI|11.23|1+ Score|C2827734|[qnco]|["1+"-tx-52-"1"-integer-0,"1+"-tx-29-"1"-integer-0,"1+"-tx-7-"1"-integer-0]|TX|4278/1;2347/1;695/1|
00000000|MMI|11.23|1+ Score, WHO|C2981698|[clas]|["1+"-tx-52-"1"-integer-0,"1+"-tx-29-"1"-integer-0,"1+"-tx-7-"1"-integer-0]|TX|4278/1;2347/1;695/1|
00000000|MMI|10.95|L5-S1 fusion|C1864792|[fndg]|["L5-S1 fusion"-tx-56-"L5-S1 fusion"-noun-0,"L5-S1 fusion"-tx-27-"L5-S1 fusion"-noun-0,"L5-S1 fusion"-tx-1-"L5-S1 fusion"-noun-0]|TX|4405/5,4426/6;2138/5,2162/6;125/12|
00000000|MMI|10.72|Has difficulty doing (qualifier value)|C1299586|[fndg]|["Difficulty"-tx-55-"DIFFICULTY"-noun-0,"Difficulty"-tx-40-"difficulty"-noun-0,"Difficulty"-tx-8-"difficulty"-noun-0]|TX|4337/10;3288/10;782/10|
00000000|MMI|10.69|Operative Surgical Procedures|C0543467|[hlca]|["Surgical"-tx-32-"surgical"-adj-0,"Surgery"-tx-9-"surgery"-noun-0,"Surgery"-tx-1-"surgery"-noun-0]|TX|2729/8;870/7;291/7|E04
00000000|MMI|10.61|Ferrum metallicum, Homeopathic preparation|C1166521|[phsu]|["iron"-tx-58-"Iron"-noun-0,"iron"-tx-45-"iron"-noun-0,"iron"-tx-44-"Iron"-noun-0]|TX|4575/4;3725/4;3580/4|
00000000|MMI|10.61|Iron Drug Class|C3714701|[phsu]|["IRON"-tx-58-"Iron"-noun-0,"IRON"-tx-45-"iron"-noun-0,"IRON"-tx-44-"Iron"-noun-0]|TX|4575/4;3725/4;3580/4|
00000000|MMI|10.59|Body Fluid Discharge|C0012621|[bdsu]|["Discharge"-tx-60-"DISCHARGE"-noun-0,"Discharge"-tx-44-"discharge"-noun-0,"Discharge"-tx-39-"discharge"-noun-0]|TX|4791/9;3698/9;3246/9|
00000000|MMI|10.59|Discharge, body substance|C2926602|[bdsu]|["Discharge"-tx-60-"DISCHARGE"-noun-0,"Discharge"-tx-44-"discharge"-noun-0,"Discharge"-tx-39-"discharge"-noun-0]|TX|4791/9;3698/9;3246/9|
00000000|MMI|10.55|Incision and drainage|C0152277|[topp]|["i d"-tx-58-"i.d"-adv-0]|TX|[4602/3],[4642/3],[4706/3]|
00000000|MMI|10.52|Magnesium Cation|C2346927|[elii,phsu]|["Mg++"-tx-58-"mg"-noun-0]|TX|[4594/2],[4634/2],[4698/2]|
00000000|MMI|10.52|Milligram percent|C1960952|[qnco]|["mg %"-tx-58-"mg"-noun-0]|TX|[4594/2],[4634/2],[4698/2]|
00000000|MMI|10.52|mg/dL|C0439269|[qnco]|["mg%"-tx-58-"mg"-noun-0]|TX|[4594/2],[4634/2],[4698/2]|
00000000|MMI|10.47|Left|C0205091|[spco]|["LEFT"-tx-31-"left"-noun-0,"LEFT"-tx-21-"left"-noun-0,"LEFT"-tx-20-"left"-noun-0]|TX|2696/4;1667/4;1568/4|
00000000|MMI|10.47|Left sided|C0443246|[spco]|["Left"-tx-31-"left"-noun-0,"Left"-tx-21-"left"-noun-0,"Left"-tx-20-"left"-noun-0]|TX|2696/4;1667/4;1568/4|
00000000|MMI|10.47|Table Cell Horizontal Align - left|C1552822|[ftcn]|["left"-tx-31-"left"-noun-0,"left"-tx-21-"left"-noun-0,"left"-tx-20-"left"-noun-0]|TX|2696/4;1667/4;1568/4|
00000000|MMI|10.46|RPL5 wt Allele|C3813714|[gngm]|["L5"-tx-56-"L5"-noun-0,"L5"-tx-27-"L5"-noun-0,"L5"-tx-11-"L5"-noun-0]|TX|4384/2;2138/2;942/2|
00000000|MMI|10.43|Dorsal|C0205095|[spco]|["POSTERIOR"-tx-27-"posterior"-adj-0,"BACK"-tx-18-"back"-adj-0,"Back of"-tx-17-"of back"-adj-0]|TX|2144/9;1441/4;1377/2,1388/4|
00000000|MMI|10.42|Delayed Release Dosage Form|C1707664|[bodm]|["DR"-tx-62-"Dr"-noun-0,"DR"-tx-56-"Dr"-noun-0]|TX|4855/2;4483/2|
00000000|MMI|10.42|Device to Subject Relationship Domain|C3540849|[inpr]|["DR"-tx-62-"Dr"-noun-0,"DR"-tx-56-"Dr"-noun-0]|TX|4855/2;4483/2|
00000000|MMI|10.42|Disposition|C0743223|[idcn]|["Disposition"-tx-61-"DISPOSITION"-noun-0,"Disposition"-tx-58-"DISPOSITION"-noun-0]|TX|4811/11;4504/11|
00000000|MMI|10.42|Disposition Domain|C1705555|[inpr]|["Disposition"-tx-61-"DISPOSITION"-noun-0,"Disposition"-tx-58-"DISPOSITION"-noun-0]|TX|4811/11;4504/11|
00000000|MMI|10.42|Doctor - Title|C2348314|[cnce]|["Dr."-tx-62-"Dr"-noun-0,"Dr."-tx-56-"Dr"-noun-0]|TX|4855/2;4483/2|
00000000|MMI|10.42|Doctor of Medicine|C1512018|[inpr]|["M.D."-tx-66-"M.D"-noun-0,"M.D."-tx-65-"M.D"-noun-0]|TX|4988/3;4899/3|
00000000|MMI|10.42|Entire ankle region|C1283839|[blor]|["Ankle"-tx-24-"ankle"-noun-0]|TX|[1893/5],[1952/5]|
00000000|MMI|10.42|Entire foot|C1281587|[bpoc]|["Foot"-tx-29-"foot"-noun-0,"Foot"-tx-23-"foot"-noun-0]|TX|2543/4;1804/4|
00000000|MMI|10.42|Feet, unit of measurement|C0347981|[qnco]|["foot"-tx-29-"foot"-noun-0,"foot"-tx-23-"foot"-noun-0]|TX|2543/4;1804/4|
00000000|MMI|10.42|Foot British|C2348704|[qnco]|["foot"-tx-29-"foot"-noun-0,"foot"-tx-23-"foot"-noun-0]|TX|2543/4;1804/4|
00000000|MMI|10.42|Hospital course|C0489547|[fndg]|["Hospital course"-tx-29-"hospital course"-noun-0,"Hospital course"-tx-27-"HOSPITAL COURSE"-noun-0]|TX|2303/15;2032/15|
00000000|MMI|10.42|Hospital course:Finding:Point in time:^Patient:Narrative|C0488549|[clna]|["Hospital course"-tx-29-"hospital course"-noun-0,"Hospital course"-tx-27-"HOSPITAL COURSE"-noun-0]|TX|2303/15;2032/15|
00000000|MMI|10.42|International Foot|C2346504|[qnco]|["Foot"-tx-29-"foot"-noun-0,"Foot"-tx-23-"foot"-noun-0]|TX|2543/4;1804/4|
00000000|MMI|10.42|Survey Foot|C2348613|[qnco]|["foot"-tx-29-"foot"-noun-0,"foot"-tx-23-"foot"-noun-0]|TX|2543/4;1804/4|
00000000|MMI|9.92|Female|C0015780|[orga]|["FEMALE"-tx-1-"female"-noun-0]|TX|99/6|x.x.x
00000000|MMI|9.92|Females|C0086287|[popg]|["female"-tx-1-"female"-noun-0]|TX|99/6|x.x.x
00000000|MMI|9.90|Disease|C0012634|[dsyn]|["condition"-tx-60-"CONDITION"-noun-0]|TX|4778/9|C23.550.288
00000000|MMI|9.89|Urologic Surgical Procedures|C0038913|[topp]|["Urinary Surgery"-tx-9-"urinary surgery"-noun-0]|TX|837/7,870/7|E04.950.774
00000000|MMI|9.81|Kidney|C0022646|[bpoc]|["Renal"-tx-41-"RENAL"-adj-0]|TX|3305/5|A05.810.453
00000000|MMI|9.74|Blood|C0005767|[tisu]|["Blood"-tx-7-"blood"-noun-0]|TX|716/5|A12.207.152;A15.145
00000000|MMI|9.73|Liechtenstein|C0023668|[geoa]|["LS"-tx-1-"LS"-noun-0]|TX|230/2|Z01.542.524
00000000|MMI|9.73|Back|C0004600|[blor]|["BACK"-tx-18-"back"-adj-0]|TX|1441/4|A01.923.176
00000000|MMI|8.34|Heart|C0018787|[bpoc]|["Cardiac"-tx-37-"CARDIAC"-adj-0]|TX|3108/7|A07.541
00000000|MMI|8.34|Hypersensitivity|C0020517|[patf]|["Allergies"-tx-13-"ALLERGIES"-noun-0]|TX|1130/9|C20.543
00000000|MMI|8.34|Lung|C0024109|[bpoc]|["LUNGS"-tx-14-"lungs"-noun-0]|TX|1174/5|A04.411
00000000|MMI|7.70|Braces - garment|C0349385|[mnob]|["brace"-tx-59-"Brace"-noun-0,"brace"-tx-51-"brace"-noun-0]|TX|4739/5;4195/5|
00000000|MMI|7.70|Electrolyte [EPC]|C3536863|[phsu]|["Electrolytes"-tx-42-"Electrolytes"-noun-0,"Electrolyte"-tx-41-"ELECTROLYTE"-noun-0]|TX|3408/12;3311/11|
00000000|MMI|7.70|Interventional procedure|C0184661|[topp]|["PROCEDURES"-tx-56-"PROCEDURES"-noun-0,"Procedure"-tx-28-"procedure"-noun-0]|TX|4360/10;2264/9|
00000000|MMI|7.70|Procedure (set of actions)|C2700391|[acty]|["Procedures"-tx-56-"PROCEDURES"-noun-0,"Procedure"-tx-28-"procedure"-noun-0]|TX|4360/10;2264/9|
00000000|MMI|7.61|Pain NOS Adverse Event|C1962977|[fndg]|["Pain NOS"-tx-32-"pain"-noun-0,"Pain NOS"-tx-18-"pain"-noun-0]|TX|2738/4;1459/4|
00000000|MMI|7.53|Followed by|C0332283|[tmco]|["followed"-tx-42-"followed"-verb-0,"follows"-tx-29-"follows"-verb-0]|TX|3426/8;2327/7|
00000000|MMI|7.40|Medical Examination|C0582103|[hlca]|["Exam"-tx-17-"exam"-noun-0,"Exam"-tx-16-"exam"-noun-0]|TX|1306/4;1273/4|
00000000|MMI|7.40|Intervertebral disc structure of fifth lumbar vertebra|C1261195|[bpoc]|["L5/S1 disc"-tx-53-"L5-S1 DISK"-noun-0,"L5/S1 disc"-tx-27-"L5-S1 disk"-noun-0]|TX|4297/10;2123/10|
00000000|MMI|7.36|Good|C0205170|[qlco]|["Well"-tx-28-"well"-adv-0,"Well"-tx-17-"well"-adv-0]|TX|2274/4;1335/4|
00000000|MMI|7.36|Well|C3146287|[mnob]|["Well"-tx-28-"well"-adv-0,"Well"-tx-17-"well"-adv-0]|TX|2274/4;1335/4|
00000000|MMI|7.33|Greater Than|C0439093|[qnco]|["Greater Than"-tx-20-"greater than"-adj-0,"Greater Than"-tx-1-"greater than"-adj-0]|TX|1555/12;179/12|
00000000|MMI|7.31|Neurologic (qualifier value)|C0205494|[qlco]|["NEUROLOGIC"-tx-50-"neurologic"-adj-0,"NEUROLOGIC"-tx-29-"NEUROLOGIC"-adj-0]|TX|4118/10;2351/10|
00000000|MMI|7.31|Issue (document)|C1706387|[inpr]|["Issue"-tx-37-"issues"-noun-0,"Issue"-tx-33-"issues"-noun-0]|TX|3142/6;2786/6|
00000000|MMI|7.31|Problem|C0033213|[fndg]|["Issue"-tx-37-"issues"-noun-1,"Issue"-tx-33-"issues"-noun-1]|TX|3142/6;2786/6|
00000000|MMI|7.26|Respiratory Domain|C2986904|[idcn]|["RE"-tx-56-"Re"-verb-0,"RE"-tx-27-"re"-verb-0]|TX|4372/2;2114/2|
00000000|MMI|7.26|Retinol equivalents|C0556581|[qnco]|["{RE}"-tx-56-"Re"-verb-0,"{RE}"-tx-27-"re"-verb-0]|TX|4372/2;2114/2|
00000000|MMI|7.24|Day 4|C3840892|[fndg]|["Day 4"-tx-41-"day 4"-noun-0,"Day 4"-tx-12-"4 day"-noun-0]|TX|3401/5;1116/1,1124/3|
00000000|MMI|7.23|Units of blood|C0439184|[qnco]|["blood unit"-tx-44-"unit blood"-noun-0,"blood unit"-tx-7-"unit blood"-noun-0]|TX|3646/4,3654/5;697/4,716/5|
00000000|MMI|7.23|Healed|C0205249|[ftcn]|["Healing"-tx-48-"healing"-noun-0,"Healed"-tx-17-"healed"-verb-0]|TX|3984/7;1340/6|
00000000|MMI|7.23|Negation|C1518422|[ftcn]|["Not"-tx-29-"not"-adv-0,"Non"-tx-5-"non"-noun-0]|TX|2490/3;541/3|
00000000|MMI|7.22|Monthly (qualifier value)|C0332177|[tmco]|["/month"-tx-58-"month"-noun-0]|TX|[4611/5],[4651/5]|
00000000|MMI|7.22|month|C0439231|[tmco]|["MONTH"-tx-58-"month"-noun-0]|TX|[4611/5],[4651/5]|
00000000|MMI|7.22|per month (qualifier value)|C0439507|[tmco]|["/month"-tx-58-"month"-noun-0]|TX|[4611/5],[4651/5]|
00000000|MMI|7.18|Out (direction)|C0439787|[spco]|["Out"-tx-59-"out"-prep-0,"Out"-tx-51-"out"-prep-0]|TX|4765/3;4244/3|
00000000|MMI|7.18|Removed|C0849355|[qlco]|["Out"-tx-59-"out"-prep-0,"Out"-tx-51-"out"-prep-0]|TX|4765/3;4244/3|
00000000|MMI|7.14|Physical findings|C0311392|[fndg]|["SIGNS"-tx-48-"signs"-noun-0,"Sign"-tx-21-"sign"-noun-0]|TX|3975/5;1613/4|
00000000|MMI|7.10|Before|C0332152|[tmco]|["Prior to"-tx-44-"prior to"-prep-0,"Prior to"-tx-39-"prior to"-prep-0]|TX|3689/8;3237/8|
00000000|MMI|7.09|Allopathic & Osteopathic Physicians - Surgery|C3853799|[prog]|["Surgery"-tx-9-"surgery"-noun-0,"Surgery"-tx-1-"surgery"-noun-0]|TX|870/7;291/7|
00000000|MMI|7.09|Surgery specialty|C0038894|[bmod]|["Surgery"-tx-9-"surgery"-noun-0,"Surgery"-tx-1-"surgery"-noun-0]|TX|870/7;291/7|
00000000|MMI|7.04|Post|C0687676|[tmco]|["Status Post"-tx-11-"Status post"-prep-0,"Status Post"-tx-1-"status post"-prep-0]|TX|930/11;113/11|
00000000|MMI|7.04|Status post|C0231290|[tmco]|["Status post"-tx-11-"Status post"-prep-0,"Status post"-tx-1-"status post"-prep-0]|TX|930/11;113/11|
00000000|MMI|7.04|Percocet|C0086787|[orch,phsu]|["Percocet"-tx-58-"Percocet"-noun-0,"Percocet"-tx-12-"Percocet"-noun-0]|TX|4543/8;1107/8|
00000000|MMI|7.03|Times|C1632851|[qnco]|["Times"-tx-51-"times"-noun-0,"Times"-tx-49-"times"-noun-0]|TX|4229/5;4092/5|
00000000|MMI|7.01|Academic degree|C0542560|[inpr]|["degrees"-tx-21-"degrees"-noun-0]|TX|[1624/7],[1652/7]|
00000000|MMI|7.01|Degree or extent|C0449286|[qnco]|["degrees"-tx-21-"degrees"-noun-0]|TX|[1624/7],[1652/7]|
00000000|MMI|7.00|Same|C0445247|[qlco]|["SAME"-tx-27-"same"-adj-0,"SAME"-tx-1-"same"-adj-0]|TX|2221/4;253/4|
00000000|MMI|7.00|second (number)|C0205436|[qnco]|["Secondary"-tx-18-"secondary"-adj-0,"Second"-tx-6-"second"-adj-0]|TX|1446/9;576/6|
00000000|MMI|6.99|Intravascular line|C0700221|[medd]|["Line"-tx-17-"line"-adj-0,"Line"-tx-6-"line"-adj-0]|TX|1372/4;676/4|
00000000|MMI|6.99|Line Specimen|C1550648|[sbst]|["Line"-tx-17-"line"-adj-0,"Line"-tx-6-"line"-adj-0]|TX|1372/4;676/4|
00000000|MMI|6.99|Line Unit of Length|C1552960|[qnco]|["Line"-tx-17-"line"-adj-0,"Line"-tx-6-"line"-adj-0]|TX|1372/4;676/4|
00000000|MMI|6.99|Linear|C0205132|[spco]|["Line"-tx-17-"line"-adj-0,"Line"-tx-6-"line"-adj-0]|TX|1372/4;676/4|
00000000|MMI|6.94|Oral|C0442027|[spco]|["PO"-tx-58-"po"-noun-0]|TX|[4556/2],[4701/2]|
00000000|MMI|6.94|Old|C0580836|[tmco]|["Old"-tx-17-"old"-noun-0,"Old"-tx-1-"old"-noun-0]|TX|1331/3;95/3|
00000000|MMI|6.93|Bilateral|C0238767|[spco]|["BILATERAL"-tx-20-"bilateral"-adj-0,"BILATERAL"-tx-1-"bilateral"-adj-0]|TX|1512/9;197/9|
00000000|MMI|6.93|per year|C0439508|[tmco]|["/Year"-tx-2-"year"-noun-0,"/Year"-tx-1-"year"-noun-0]|TX|369/4;90/4|
00000000|MMI|6.93|year|C0439234|[tmco]|["YEAR"-tx-2-"year"-noun-0,"YEAR"-tx-1-"year"-noun-0]|TX|369/4;90/4|
00000000|MMI|6.93|Right iliac crest|C0735695|[bpoc]|["Right iliac crest"-tx-56-"right iliac crest"-noun-0,"Right iliac crest"-tx-27-"right iliac crest"-noun-0]|TX|4438/17;2174/17|
00000000|MMI|6.90|Bone graft - material|C0181075|[bodm]|["Bone graft"-tx-56-"bone graft"-noun-0,"Bone graft"-tx-27-"bone graft"-noun-0]|TX|4456/10;2192/10|
00000000|MMI|6.90|Mild (qualifier value)|C2945599|[qlco]|["MILD"-tx-34-"mild"-adj-0,"Minimal"-tx-5-"minimal"-adj-0]|TX|2831/4;521/7|
00000000|MMI|6.89|Past|C1444637|[tmco]|["Past"-tx-8-"past"-noun-0,"Past"-tx-2-"past"-adj-0]|TX|817/4;364/4|
00000000|MMI|6.89|Positive|C1446409|[qlco]|["Positive"-tx-22-"positive"-adj-0,"Positive"-tx-21-"positive"-adj-0]|TX|1682/8;1583/8|
00000000|MMI|6.89|Positive Charge|C2825490|[qlco]|["Positive"-tx-22-"positive"-adj-0,"Positive"-tx-21-"positive"-adj-0]|TX|1682/8;1583/8|
00000000|MMI|6.89|Positive Finding|C1514241|[fndg]|["POSITIVE"-tx-22-"positive"-adj-0,"POSITIVE"-tx-21-"positive"-adj-0]|TX|1682/8;1583/8|
00000000|MMI|6.89|Positive Number|C3812269|[cnce]|["Positive"-tx-22-"positive"-adj-0,"Positive"-tx-21-"positive"-adj-0]|TX|1682/8;1583/8|
00000000|MMI|6.89|percent positive cells|C0439178|[qnco]|["% Positive"-tx-22-"positive"-adj-0,"% Positive"-tx-21-"positive"-adj-0]|TX|1682/8;1583/8|
00000000|MMI|6.88|Lateral|C0205093|[spco]|["LATERAL"-tx-27-"lateral"-adj-0,"LATERAL"-tx-23-"lateral"-adj-0]|TX|2154/7;1774/7|
00000000|MMI|6.77|Woman|C0043210|[popg]|["female"-tx-1-"female"-noun-0]|TX|99/6|M01.975
00000000|MMI|6.74|Bed rest|C0004910|[topp]|["Bedrest"-tx-4-"bedrest"-noun-0]|TX|483/7|E02.075
00000000|MMI|6.63|Inhaler|C0021461|[medd]|["INHALER"-tx-34-"inhaler"-noun-0]|TX|2966/7|E07.605
00000000|MMI|6.59|Infection|C3714514|[patf]|["INFECTION"-tx-49-"infection"-noun-1]|TX|4035/9|C01.539
00000000|MMI|6.56|Maintenance|C0024501|[acty]|["Maintain"-tx-8-"maintaining"-adj-0]|TX|793/11|N02.628
00000000|MMI|5.18|+5|C0728893|[qnco]|["+5"-tx-41-"5"-integer-0]|TX|3301/1|
00000000|MMI|5.18|3+ Answer to Question|C3838680|[fndg]|["3+"-tx-37-"3"-integer-0]|TX|3104/1|
00000000|MMI|5.18|3+ Score|C2827736|[qnco]|["3+"-tx-37-"3"-integer-0]|TX|3104/1|
00000000|MMI|5.18|3+ Score, WHO|C2981702|[clas]|["3+"-tx-37-"3"-integer-0]|TX|3104/1|
00000000|MMI|5.18|<3 (qualifier value)|C0439086|[qnco]|["<3"-tx-37-"3"-integer-0]|TX|3104/1|
00000000|MMI|5.18|>5|C0439084|[qnco]|[">5"-tx-41-"5"-integer-0]|TX|3301/1|
00000000|MMI|5.18|Basal Diet|C2983588|[food]|["DIET"-tx-40-"diet"-noun-0]|TX|3262/4|
00000000|MMI|5.18|Benign|C0205183|[qlco]|["BENIGN"-tx-16-"benign"-adj-0]|TX|1282/6|
00000000|MMI|5.18|Cardiac - anatomy qualifier|C1522601|[spco]|["Cardiac"-tx-37-"CARDIAC"-adj-0]|TX|3108/7|
00000000|MMI|5.18|Continuous|C0549178|[idcn]|["Continued"-tx-29-"continued"-verb-0]|TX|2374/9|
00000000|MMI|5.18|Diet (animal life circumstance)|C3668949|[food]|["Diet"-tx-40-"diet"-noun-0]|TX|3262/4|
00000000|MMI|5.18|Discharge date|C2361123|[tmco]|["Discharge date"-tx-1-"Discharge Date"-noun-0]|TX|0/14|
00000000|MMI|5.18|Discharge date:Time Stamp -- Date and Time:Point in time:^Patient:Quantitative|C2361122|[clna]|["Discharge date"-tx-1-"Discharge Date"-noun-0]|TX|0/14|
00000000|MMI|5.18|Entire knee region|C1283838|[blor]|["Knee"-tx-24-"knee"-noun-0]|TX|1874/4|
00000000|MMI|5.18|Entity Name Part Type - given|C1550718|[idcn]|["given"-tx-51-"given"-verb-0]|TX|4177/5|
00000000|MMI|5.18|Examination of heart|C0562319|[hlca]|["heart exam"-tx-15-"heart exam"-noun-0]|TX|1225/10|
00000000|MMI|5.18|Follow-Up Care|C3899107|[hlca]|["Follow-Up Care"-tx-62-"FOLLOW UP CARE"-noun-0]|TX|4834/14|
00000000|MMI|5.18|GIVEN|C1442162|[cnce]|["GIVEN"-tx-51-"given"-verb-0]|TX|4177/5|
00000000|MMI|5.18|Gait normal|C0231683|[fndg]|["Normal"-tx-23-"normal"-adj-0]|TX|1827/6|
00000000|MMI|5.18|Give - dosing instruction imperative|C1947971|[ftcn]|["Given"-tx-51-"given"-verb-0]|TX|4177/5|
00000000|MMI|5.18|Given name|C3244317|[inpr]|["given"-tx-51-"given"-verb-0]|TX|4177/5|
00000000|MMI|5.18|H/O: phlebitis|C1446262|[fndg]|["History of - phlebitis"-tx-55-"HISTORY OF PHLEBITIS"-noun-0]|TX|4312/20|
00000000|MMI|5.18|H/O: surgery|C0455610|[fndg]|["Past surgical history"-tx-11-"PAST SURGICAL HISTORY"-noun-0]|TX|907/21|
00000000|MMI|5.18|Hematocrit level|C0518014|[fndg]|["Hematocrit"-tx-44-"hematocrit"-noun-0]|TX|3612/10|
00000000|MMI|5.18|Home environment|C0442519|[cnce]|["HOME"-tx-61-"home"-noun-0]|TX|4827/4|
00000000|MMI|5.18|Infectious Disease Pathway|C3714515|[ftcn]|["Infectious Disease"-tx-47-"INFECTIOUS DISEASE"-noun-0]|TX|3878/18|
00000000|MMI|5.18|Injury wounds|C0043250|[inpo]|["WOUND"-tx-48-"wound"-noun-0]|TX|3952/5|
00000000|MMI|5.18|Knee region structure|C1963703|[blor]|["Knee, NOS"-tx-24-"knee"-noun-0]|TX|1874/4|
00000000|MMI|5.18|Mean Percent of Normal|C2347086|[qnco]|["% Normal"-tx-23-"normal"-adj-0]|TX|1827/6|
00000000|MMI|5.18|Medical History|C0262926|[fndg]|["Past Medical History"-tx-8-"PAST MEDICAL HISTORY"-noun-0]|TX|724/20|
00000000|MMI|5.18|Medications:-:Point in time:^Patient:-|C2598133|[clna]|["Medications"-tx-12-"MEDICATIONS"-noun-0]|TX|1081/11|
00000000|MMI|5.18|Medications:Presence or Identity:Duration of the study:^Patient:Nominal|C0802604|[clna]|["Medications"-tx-12-"MEDICATIONS"-noun-0]|TX|1081/11|
00000000|MMI|5.18|Normal|C0205307|[qlco]|["NORMAL"-tx-23-"normal"-adj-0]|TX|1827/6|
00000000|MMI|5.18|Observation of reflex|C0596002|[fndg]|["Reflexes"-tx-24-"Reflexes"-noun-0]|TX|1836/8|
00000000|MMI|5.18|October|C3828732|[qlco]|["October"-tx-56-"October"-noun-0]|TX|4470/7|
00000000|MMI|5.18|On admission|C0457453|[tmco]|["On admission"-tx-12-"ON ADMISSION"-adj-0]|TX|1093/12|
00000000|MMI|5.18|PMH - past medical history|C0455458|[fndg]|["Past medical history"-tx-8-"PAST MEDICAL HISTORY"-noun-0]|TX|724/20|
00000000|MMI|5.18|Patient Condition Code - Stable|C1547311|[inpr]|["Stable"-tx-60-"Stable"-adj-0]|TX|4802/6|
00000000|MMI|5.18|Percent normal|C0439166|[qnco]|["% normal"-tx-23-"normal"-adj-0]|TX|1827/6|
00000000|MMI|5.18|Pharmaceutical Preparations|C0013227|[phsu]|["Medications"-tx-12-"MEDICATIONS"-noun-0]|TX|1081/11|D26
00000000|MMI|5.18|Progressive|C0205329|[ftcn]|["progressing"-tx-29-"progressing"-verb-0]|TX|2494/11|
00000000|MMI|5.18|Requirement|C1514873|[ftcn]|["Required"-tx-43-"required"-verb-0]|TX|3488/8|
00000000|MMI|5.18|Special Diet Therapy|C1519433|[topp]|["DIET"-tx-40-"diet"-noun-0]|TX|3262/4|
00000000|MMI|5.18|Specimen Source Codes - Respiratory|C1546767|[inpr]|["Respiratory"-tx-33-"RESPIRATORY"-adj-0]|TX|2748/11|
00000000|MMI|5.18|Stable status|C0205360|[qlco]|["STABLE"-tx-60-"Stable"-adj-0]|TX|4802/6|
00000000|MMI|5.18|Traumatic injury|C3263723|[inpo]|["Wound"-tx-48-"wound"-noun-0]|TX|3952/5|
00000000|MMI|5.18|respiratory|C0521346|[ftcn]|["RESPIRATORY"-tx-33-"RESPIRATORY"-adj-0]|TX|2748/11|
00000000|MMI|3.98|Personal appearance|C0233426|[orga]|["look"-tx-49-"looked"-verb-0]|TX|4071/6|
00000000|MMI|3.98|Show|C1547282|[anim]|["Show"-tx-48-"showed"-verb-0]|TX|3958/6|
00000000|MMI|3.98|discharge diagnosis|C1555319|[fndg]|["Discharge diagnosis"-tx-52-"DISCHARGE DIAGNOSES"-noun-0]|TX|4257/19|
00000000|MMI|3.81|Most of the day|C3843160|[fndg]|["Most of the day"-tx-4-"most of the day"-noun-0]|TX|495/15|
00000000|MMI|3.78|Postoperative state|C0231287|[fndg]|["Postoperative status"-tx-50-"postoperative status"-noun-0]|TX|4104/13,4129/6|
00000000|MMI|3.75|1 Month|C1442451|[tmco]|["1 Month"-tx-45-"1 month"-noun-0]|TX|3734/7|
00000000|MMI|3.75|Neurological status|C0746866|[fndg]|["neurologic status"-tx-50-"neurologic status"-noun-0]|TX|4118/17|
00000000|MMI|3.72|Treated with|C0332293|[topp]|["Treated with"-tx-34-"treated with"-verb-0]|TX|2931/12|
00000000|MMI|3.68|Area|C0205146|[spco]|["AREA"-tx-1-"area"-noun-0]|TX|304/4|
00000000|MMI|3.68|CDISC SDTM Procedure Terminology|C3539779|[inpr]|["Procedure"-tx-28-"procedure"-noun-0]|TX|2264/9|
00000000|MMI|3.68|Clonus|C0009024|[sosy]|["CLONUS"-tx-26-"clonus"-noun-1]|TX|2011/6|
00000000|MMI|3.68|Frequencies (time pattern)|C0439603|[tmco]|["Frequency"-tx-59-"FREQUENCY"-noun-0]|TX|4728/9|
00000000|MMI|3.68|Geographic Locations|C0017446|[geoa]|["Area"-tx-1-"area"-noun-0]|TX|304/4|Z01
00000000|MMI|3.68|Healthy|C3898900|[qlco]|["Healthy"-tx-10-"healthy"-adj-0]|TX|897/7|
00000000|MMI|3.68|How Often|C3898838|[inpr]|["Frequency"-tx-59-"FREQUENCY"-noun-0]|TX|4728/9|
00000000|MMI|3.68|Kind of quantity - Frequency|C1561548|[qlco]|["Frequency"-tx-59-"FREQUENCY"-noun-0]|TX|4728/9|
00000000|MMI|3.68|Nutritional|C1521739|[qlco]|["Nutritional"-tx-38-"NUTRITIONAL"-adj-0]|TX|3158/11|
00000000|MMI|3.68|Nutritional:-:Point in time:^Patient:-|C2707262|[clna]|["Nutritional"-tx-38-"NUTRITIONAL"-adj-0]|TX|3158/11|
00000000|MMI|3.68|Physical Medical Procedure|C3274430|[hlca]|["PROCEDURE"-tx-28-"procedure"-noun-0]|TX|2264/9|
00000000|MMI|3.68|Problems - What subject filter|C1546466|[idcn]|["Problems"-tx-38-"problems"-noun-0]|TX|3201/8|
00000000|MMI|3.68|Procedure Domain|C3538935|[inpr]|["Procedure"-tx-28-"procedure"-noun-0]|TX|2264/9|
00000000|MMI|3.68|Regulatory Report|C3273238|[inpr]|["Report"-tx-66-"Report"-noun-0]|TX|4932/6|
00000000|MMI|3.68|Report (document)|C0684224|[inpr]|["Report"-tx-66-"Report"-noun-0]|TX|4932/6|
00000000|MMI|3.68|Reporting|C0700287|[hlca]|["Report"-tx-66-"Report"-noun-0]|TX|4932/6|
00000000|MMI|3.68|Spatial Frequency|C0871396|[qnco]|["Frequency"-tx-59-"FREQUENCY"-noun-0]|TX|4728/9|
00000000|MMI|3.68|Statistical Frequency|C1705502|[qnco]|["Frequency"-tx-59-"FREQUENCY"-noun-0]|TX|4728/9|
00000000|MMI|3.68|Surgical and medical procedures|C1948041|[topp]|["Procedure"-tx-28-"procedure"-noun-0]|TX|2264/9|
00000000|MMI|3.68|Time (foundation metadata concept)|C3541383|[tmco]|["Time"-tx-49-"time"-adv-0]|TX|4052/4|
00000000|MMI|3.68|Unable|C1299582|[fndg]|["Unable"-tx-3-"unable"-adj-0]|TX|429/6|
00000000|MMI|3.68|With frequency|C0376249|[qnco]|["Frequency"-tx-59-"FREQUENCY"-noun-0]|TX|4728/9|
00000000|MMI|3.68|Medication.discharge|C0806915|[fndg]|["Discharge medications"-tx-58-"MEDICATIONS DISCHARGE"-noun-0]|TX|4517/11,4532/9|
00000000|MMI|3.64|Loose stool|C2129214|[sosy]|["LOOSE STOOL"-tx-58-"loose stool"-noun-0]|TX|4672/11|
00000000|MMI|3.64|Normal limits|C0442816|[qnco]|["Normal limits"-tx-15-"normal limits"-noun-0]|TX|1247/13|
00000000|MMI|3.62|H/O: asthma|C0455544|[fndg]|["History of - asthma"-tx-34-"history of asthma"-noun-0]|TX|2820/10,2846/6|
00000000|MMI|3.62|Pain level|C0518087|[fndg]|["Pain Degree"-tx-29-"degree pain"-noun-0]|TX|2397/6,2407/4|
00000000|MMI|3.62|History of present illness|C0262512|[orga]|["HISTORY OF PRESENT ILLNESS"-tx-1-"HISTORY OF PRESENT ILLNESS"-noun-0]|TX|42/26|
00000000|MMI|3.62|History of present illness:Finding:Point in time:^Patient:Nominal:Reported|C0488508|[clna]|["History of present illness"-tx-1-"HISTORY OF PRESENT ILLNESS"-noun-0]|TX|42/26|
00000000|MMI|3.61|Batch (Response Modality)|C1550176|[inpr]|["Batch"-tx-66-"Batch"-noun-0]|TX|4920/5|
00000000|MMI|3.61|Batch (group)|C1948031|[qnco]|["Batch"-tx-66-"Batch"-noun-0]|TX|4920/5|
00000000|MMI|3.61|Batch Number|C3641829|[inpr]|["BATCH"-tx-66-"Batch"-noun-0]|TX|4920/5|
00000000|MMI|3.61|Emotional tenderness|C0684239|[menp]|["tenderness"-tx-20-"tenderness"-noun-0]|TX|1536/10|
00000000|MMI|3.61|Female Phenotype|C1705498|[qlco]|["Female"-tx-1-"female"-noun-0]|TX|99/6|
00000000|MMI|3.61|Female, Self-Report|C1705497|[qlco]|["Female"-tx-1-"female"-noun-0]|TX|99/6|
00000000|MMI|3.61|Sore to touch|C0234233|[sosy]|["TENDERNESS (NOS)"-tx-20-"tenderness"-noun-0]|TX|1536/10|
00000000|MMI|3.61|Limitation of joint movement|C0231589|[fndg]|["Limited range of motion"-tx-18-"limited range of motion"-adj-0]|TX|1410/23|
00000000|MMI|3.60|Epidural steroid injection|C0196394|[topp]|["epidural injections steroid"-tx-2-"epidural steroid injections"-noun-0]|TX|325/27|
00000000|MMI|3.60|operate|C3242339|[ftcn]|["operate"-tx-27-"operated"-verb-0]|TX|2065/8|
00000000|MMI|3.60|Autologous Unit|C1548972|[idcn]|["Autologous Unit"-tx-7-"unit autologous"-noun-0]|TX|697/4,705/10|
00000000|MMI|3.60|Pain intensity (observable entity)|C1320357|[clna]|["Pain intensity"-tx-30-"intensity pain"-noun-0]|TX|2579/9,2597/4|
00000000|MMI|3.60|Pain intensity:-:Point in time:^Patient:-|C2707298|[clna]|["Pain intensity"-tx-30-"intensity pain"-noun-0]|TX|2579/9,2597/4|
00000000|MMI|3.59|Able (finding)|C1299581|[fndg]|["Able"-tx-41-"able"-adj-0]|TX|3339/4|
00000000|MMI|3.59|Advanced phase|C0205179|[qlco]|["Advanced"-tx-40-"advanced"-verb-0]|TX|3271/8|
00000000|MMI|3.59|Bowstring sign|C0422928|[sosy]|["Bowstring sign"-tx-22-"bowstring sign"-noun-0]|TX|1691/14|
00000000|MMI|3.59|Comparison|C1707455|[acty]|["Compared"-tx-24-"compared"-verb-0]|TX|1899/8|
00000000|MMI|3.59|Condition|C0348080|[qlco]|["Condition"-tx-60-"CONDITION"-noun-0]|TX|4778/9|
00000000|MMI|3.59|Condition:Find:Pt:^Patient:Nom|C3864998|[clna]|["Condition"-tx-60-"CONDITION"-noun-0]|TX|4778/9|
00000000|MMI|3.59|Follow|C1719822|[inpr]|["Follow"-tx-29-"follows"-verb-0]|TX|2327/7|
00000000|MMI|3.59|Light touch|C0423553|[phsf]|["Light Touch sensation"-tx-23-"light touch sensation"-noun-0]|TX|1739/21|
00000000|MMI|3.59|Logical Condition|C1705253|[cnce]|["Condition"-tx-60-"CONDITION"-noun-0]|TX|4778/9|
00000000|MMI|3.59|Lying in bed|C0277816|[spco]|["Bed rest"-tx-4-"bedrest"-noun-0]|TX|483/7|
00000000|MMI|3.59|Well maintained|C1317834|[clna]|["Well maintained"-tx-36-"well maintained"-adj-0]|TX|3057/15|
00000000|MMI|3.58|Decreased touch sensation|C1837521|[fndg]|["Decreased touch sensation"-tx-23-"decreased touch sensation"-noun-0]|TX|1729/9,1745/15|
00000000|MMI|3.58|Discharge time|C3864299|[tmco]|["Discharge time"-tx-35-"time discharge"-noun-0]|TX|3013/4,3021/9|
00000000|MMI|3.58|Discharge time:ClockTime:Pt:^Patient:Qn|C3864300|[clna]|["Discharge time"-tx-35-"time discharge"-noun-0]|TX|3013/4,3021/9|
00000000|MMI|3.58|Entire left knee|C1279572|[bpoc]|["Left knee"-tx-24-"knee left"-noun-0]|TX|1921/4,1933/4|
00000000|MMI|3.58|Operation on urinary system|C0401161|[topp]|["Urinary surgery"-tx-9-"urinary surgery"-noun-0]|TX|837/7,870/7|
00000000|MMI|3.58|Structure of left knee|C0230432|[bpoc]|["Left knee"-tx-24-"knee left"-noun-0]|TX|1921/4,1933/4|
00000000|MMI|3.58|Lateral aspect of thigh|C0446560|[blor]|["Lateral aspect of thigh"-tx-29-"of lateral aspect thigh"-noun-0]|TX|2445/2,2452/14,2480/5|
00000000|MMI|3.58|Up|C0547043|[spco]|["Up to"-tx-44-"up to"-prep-0]|TX|3660/5|
00000000|MMI|3.57|ARID1A wt Allele|C2985160|[gngm]|["hELD"-tx-58-"held"-verb-0]|TX|4663/4|
00000000|MMI|3.57|August|C3831448|[qlco]|["August"-tx-1-"August"-noun-0]|TX|147/6|
00000000|MMI|3.57|Basis|C1874451|[phsu]|["BASIS"-tx-42-"basis"-noun-0]|TX|3454/5|
00000000|MMI|3.57|Basis - conceptual entity|C1527178|[ftcn]|["Basis"-tx-42-"basis"-noun-0]|TX|3454/5|
00000000|MMI|3.57|Checking (action)|C1283174|[acty]|["Check"-tx-44-"check"-verb-0]|TX|3683/5|
00000000|MMI|3.57|Clear|C2963144|[qlco]|["Clear"-tx-14-"clear"-adj-0]|TX|1185/5|
00000000|MMI|3.57|Evidence|C3887511|[idcn]|["Evidence"-tx-49-"evidence"-noun-0]|TX|4023/8|
00000000|MMI|3.57|Further|C1517331|[spco]|["Further"-tx-29-"further"-adj-0]|TX|2511/7|
00000000|MMI|3.57|Held - activity status|C1948036|[idcn]|["held"-tx-58-"held"-verb-0]|TX|4663/4|
00000000|MMI|3.57|Negative Surgical Margin|C1709157|[fndg]|["Clear"-tx-14-"clear"-adj-0]|TX|1185/5|
00000000|MMI|3.57|Treating|C1522326|[ftcn]|["Treated"-tx-42-"treated"-verb-0]|TX|3439/7|
00000000|MMI|3.57|Viable|C0443348|[qlco]|["Viable"-tx-49-"viable"-adj-0]|TX|4078/6|
00000000|MMI|3.56|Past Week|C2987125|[tmco]|["Past Week"-tx-3-"past weeks"-noun-0]|TX|452/4,459/5|
00000000|MMI|3.56|Aspects of signs|C0220912|[ftcn]|["signs"-tx-48-"signs"-noun-0]|TX|3975/5|
00000000|MMI|3.56|Boots|C0331794|[mnob]|["Boots"-tx-46-"boots"-noun-0]|TX|3802/5|
00000000|MMI|3.56|Compressed structure|C0332459|[ftcn]|["Compression"-tx-46-"compression"-noun-0]|TX|3790/11|
00000000|MMI|3.56|Compression|C0728907|[npop]|["Compression"-tx-46-"compression"-noun-0]|TX|3790/11|
00000000|MMI|3.56|Compression procedure|C0565514|[topp]|["Compression NOS"-tx-46-"compression"-noun-0]|TX|3790/11|
00000000|MMI|3.56|Cranial incision point|C2338258|[blor]|["Incision"-tx-27-"incision"-noun-0]|TX|2226/8|
00000000|MMI|3.56|Daily|C0332173|[tmco]|["/day"-tx-27-"day"-noun-0]|TX|2084/3|
00000000|MMI|3.56|Discontinued|C1444662|[fndg]|["Discontinued"-tx-41-"discontinued"-verb-0]|TX|3371/12|
00000000|MMI|3.56|Feeling relief|C0564405|[fndg]|["Relief"-tx-5-"relief"-noun-1]|TX|529/6|
00000000|MMI|3.56|Maintaining (action)|C1314677|[ftcn]|["Maintained"-tx-46-"maintained"-verb-0]|TX|3776/10|
00000000|MMI|3.56|Manufactured sign|C0220913|[mnob]|["signs"-tx-48-"signs"-noun-0]|TX|3975/5|
00000000|MMI|3.56|Precision - second|C1561503|[idcn]|["second"-tx-6-"second"-adj-0]|TX|576/6|
00000000|MMI|3.56|RPL4 gene|C1419676|[gngm]|["L4"-tx-19-"L4"-noun-0]|TX|1486/2|
00000000|MMI|3.56|Second Suffix|C1705190|[qlco]|["Second"-tx-6-"second"-adj-0]|TX|576/6|
00000000|MMI|3.56|Somewhat|C2984079|[inpr]|["Somewhat"-tx-30-"somewhat"-adv-0]|TX|2611/8|
00000000|MMI|3.56|Surgical incisions|C0184898|[topp]|["Incision"-tx-27-"incision"-noun-0]|TX|2226/8|
00000000|MMI|3.56|Surgical scar|C0334150|[tisu]|["Surgical scar"-tx-17-"surgical scar"-noun-0]|TX|1347/13|
00000000|MMI|3.56|Surgical wound|C0332803|[inpo]|["Incision"-tx-27-"incision"-noun-0]|TX|2226/8|
00000000|MMI|3.56|Taken|C1883727|[cnce]|["Taken"-tx-27-"taken"-verb-0]|TX|2203/5|
00000000|MMI|3.56|Tender|C0234234|[qlco]|["Tender"-tx-19-"tender"-verb-0]|TX|1474/6|
00000000|MMI|3.56|day|C0439228|[tmco]|["DAY"-tx-27-"day"-noun-0]|TX|2084/3|
00000000|MMI|3.56|dictated - DocumentCompletion|C1609990|[idcn]|["Dictated"-tx-66-"Dictated"-noun-0]|TX|4960/8|
00000000|MMI|3.56|dictated - ParticipationMode|C1548384|[ftcn]|["dictated"-tx-66-"Dictated"-noun-0]|TX|4960/8|
00000000|MMI|3.56|per day|C0439505|[tmco]|["/day"-tx-27-"day"-noun-0]|TX|2084/3|
00000000|MMI|3.56|per second|C0565930|[qnco]|["/second"-tx-6-"second"-adj-0]|TX|576/6|
00000000|MMI|3.56|seconds|C0457385|[tmco]|["SECOND"-tx-6-"second"-adj-0]|TX|576/6|
00000000|MMI|3.55|Device Component System|C1704459|[mnob]|["System"-tx-29-"systems"-noun-0]|TX|2338/7|
00000000|MMI|3.55|System|C0449913|[ftcn]|["System"-tx-29-"systems"-noun-0]|TX|2338/7|
00000000|MMI|3.55|System - kit|C1553451|[mnob]|["System"-tx-29-"systems"-noun-0]|TX|2338/7|
00000000|MMI|3.55|symptomatic relief|C3242309|[idcn]|["symptomatic relief"-tx-2-"relief symptoms"-noun-0]|TX|385/6,401/8|
00000000|MMI|3.55|Resolution|C2699488|[cnce]|["Resolved"-tx-35-"resolved"-verb-0]|TX|2997/8|
00000000|MMI|3.55|Resolved|C3714811|[fndg]|["Resolved"-tx-35-"resolved"-verb-0]|TX|2997/8|
00000000|MMI|3.55|Resolved License|C3897700|[ftcn]|["Resolved"-tx-35-"resolved"-verb-0]|TX|2997/8|
00000000|MMI|3.55|Retention of content|C0333117|[ftcn]|["Retention"-tx-9-"retention"-noun-0]|TX|845/9|
00000000|MMI|3.55|Symptoms|C1457887|[sosy]|["SYMPTOMS"-tx-31-"symptoms"-noun-1]|TX|2680/8|
00000000|MMI|3.55|Symptoms aspect|C0683368|[ftcn]|["symptoms"-tx-31-"symptoms"-noun-0]|TX|2680/8|
00000000|MMI|3.55|Weight-bearing:-:Point in time:^Patient:-|C2598162|[clna]|["Weight-bearing"-tx-29-"weight bearing"-adj-0]|TX|2430/14|
00000000|MMI|3.55|cellular entity retention|C1753315|[celf]|["retention"-tx-9-"retention"-noun-0]|TX|845/9|
00000000|MMI|3.55|physiologic resolution|C1514893|[patf]|["Resolved"-tx-35-"resolved"-verb-0]|TX|2997/8|
00000000|MMI|3.55|29+|C3843708|[fndg]|["29+"-tx-44-"29"-real_number-0]|TX|3666/2|
00000000|MMI|3.54|Language Ability - Sign|C1547188|[idcn]|["Sign"-tx-21-"sign"-noun-0]|TX|1613/4|
00000000|MMI|3.54|Posterolateral|C0332195|[spco]|["Posterolateral"-tx-56-"posterolateral"-noun-0]|TX|4411/14|
00000000|MMI|3.54|Fused structure|C0332466|[ftcn]|["Fusion"-tx-27-"fusion"-noun-0]|TX|2162/6|
00000000|MMI|3.54|Fusion procedure|C1293131|[topp]|["Fusion"-tx-27-"fusion"-noun-0]|TX|2162/6|
00000000|MMI|3.53|End-expiration|C0442700|[phsf]|["End-expiratory"-tx-34-"end expiratory"-adj-0]|TX|2898/14|
00000000|MMI|3.51|Evaluation and management note:Finding:Point in time:{Setting}:Document:{Provider}|C1316572|[clna]|["Note"-tx-29-"noted"-verb-0]|TX|2421/5|
00000000|MMI|3.51|Note (document)|C1317574|[inpr]|["Note"-tx-29-"noted"-verb-0]|TX|2421/5|
00000000|MMI|3.50|Bellis (plant)|C1009534|[plnt]|["belly"-tx-16-"belly"-noun-0]|TX|1267/5|
00000000|MMI|3.50|Belly of skeletal muscle|C0224086|[bpoc]|["Belly"-tx-16-"belly"-noun-0]|TX|1267/5|
00000000|MMI|3.50|Digestive System Findings Domain|C3539617|[inpr]|["GI"-tx-38-"GI"-noun-0]|TX|3155/2|
00000000|MMI|3.50|First (number)|C0205435|[qnco]|["First"-tx-1-"first"-adj-0]|TX|285/5|
00000000|MMI|3.50|Firstly|C1279901|[qlco]|["First"-tx-1-"first"-adj-0]|TX|285/5|
00000000|MMI|3.50|GNAI1 wt Allele|C1708130|[gngm]|["Gi"-tx-38-"GI"-noun-0]|TX|3155/2|
00000000|MMI|3.50|Gastrointestinal studies and measurements|C4050121|[inpr]|["GI"-tx-38-"GI"-noun-0]|TX|3155/2|
00000000|MMI|3.50|Sciatic notch|C1283683|[bpoc]|["Sciatic notch"-tx-20-"sciatic notch"-noun-0]|TX|1522/13|
00000000|MMI|3.50|Therapeutic procedure|C0087111|[topp]|["Treatments"-tx-59-"TREATMENTS"-noun-0]|TX|4717/10|E02
00000000|MMI|3.50|described|C1552738|[idcn]|["described"-tx-50-"described"-adj-0]|TX|4143/9|
00000000|MMI|3.50|presently|C0750528|[idcn]|["presently"-tx-3-"presently"-adv-0]|TX|419/9|
00000000|MMI|3.49|milligram/day|C0439422|[qnco]|["mg/d"-tx-58-"mg d"-noun-0]|TX|4698/2,4708/1|
00000000|MMI|3.48|Expected|C1517001|[inpr]|["Expected"-tx-32-"expected"-adj-0]|TX|2720/8|
00000000|MMI|3.48|Inhaler Dosing Unit|C1881212|[qnco]|["INHALER"-tx-34-"inhaler"-noun-0]|TX|2966/7|
00000000|MMI|3.48|Surgical service|C0587668|[hlca]|["Surgical"-tx-32-"surgical"-adj-0]|TX|2729/8|
00000000|MMI|3.47|Pain in left leg|C0564822|[sosy]|["left leg pain"-tx-1-"left leg pain"-noun-0]|TX|192/4,207/8|
00000000|MMI|3.46|Recurrent|C2945760|[tmco]|["RECURRENT"-tx-53-"RECURRENT"-adj-0]|TX|4281/9|
00000000|MMI|3.45|50%|C3842586|[fndg]|["50%"-tx-58-"50"-integer-0]|TX|4695/2|
00000000|MMI|3.45|<50|C3843766|[fndg]|["<50"-tx-58-"50"-integer-0]|TX|4695/2|
00000000|MMI|3.45|Blood group antibody I|C0221138|[aapp,imft]|["I NOS"-tx-58-"i"-adv-0]|TX|4706/1|
00000000|MMI|3.45|Hour|C0439227|[tmco]|["HOURS"-tx-58-"hours"-noun-0]|TX|4563/5|
00000000|MMI|3.45|100%|C3817553|[qnco]|["100%"-tx-58-"100"-integer-0]|TX|4630/3|
00000000|MMI|3.45|Void - TableFrame|C1552835|[inpr]|["void"-tx-41-"void"-noun-0]|TX|3347/4|
00000000|MMI|3.45|Straight leg raise test response|C0422926|[fndg]|["Straight leg raise"-tx-21-"straight leg raising"-noun-0]|TX|1592/20|
00000000|MMI|3.45|Right posterior iliac crest|C1301130|[blor]|["Right posterior iliac crest"-tx-27-"posterior right iliac crest"-noun-0]|TX|2144/9,2174/17|
00000000|MMI|3.43|Chief complaint (finding)|C0277786|[fndg]|["Chief Complaint"-tx-1-"CHIEF COMPLAINT"-noun-0]|TX|26/15|
00000000|MMI|3.43|IFITM1 gene|C1334078|[gngm]|["9-27"-tx-1-"9/27"-fraction-0]|TX|16/4|
00000000|MMI|3.43|IFITM1 protein, human|C1312248|[aapp,bacs]|["9-27"-tx-1-"9/27"-fraction-0]|TX|16/4|
00000000|MMI|3.43|IFITM1 wt Allele|C1705676|[gngm]|["9-27"-tx-1-"9/27"-fraction-0]|TX|16/4|
00000000|MMI|3.43|Lateral to the right|C0450415|[spco]|["Right lateral"-tx-23-"right lateral"-adj-0]|TX|1768/13|
00000000|MMI|3.43|Entire right thigh|C1279548|[bpoc]|["Right thigh"-tx-23-"right thigh"-noun-0]|TX|1768/5,1782/5|
00000000|MMI|3.43|Structure of right thigh|C0230425|[bpoc]|["Thigh right"-tx-23-"right thigh"-noun-0]|TX|1768/5,1782/5|
00000000|MMI|3.43|80%|C3842583|[fndg]|["80%"-tx-21-"80"-integer-0]|TX|1649/2|
00000000|MMI|3.43|Admission activity|C0809949|[hlca]|["Admission"-tx-27-"admission"-noun-0]|TX|2091/9|
00000000|MMI|3.43|Autologous|C0439859|[qlco]|["Autologous"-tx-7-"autologous"-noun-0]|TX|705/10|
00000000|MMI|3.43|Excellent (qualifier value)|C1961136|[qlco]|["Excellent"-tx-48-"excellent"-adj-0]|TX|3965/9|
00000000|MMI|3.43|Excellent - Specimen Quality|C1548784|[qlco]|["Excellent"-tx-48-"excellent"-adj-0]|TX|3965/9|
00000000|MMI|3.43|Hospital admission|C0184666|[hlca]|["Admission"-tx-27-"admission"-noun-0]|TX|2091/9|
00000000|MMI|3.43|Minimal|C0547040|[qlco]|["Minimal"-tx-5-"minimal"-adj-0]|TX|521/7|
00000000|MMI|3.43|Minimum|C1524031|[qlco]|["MINIMAL"-tx-5-"minimal"-adj-0]|TX|521/7|
00000000|MMI|3.43|peripheral blood|C0229664|[bdsu]|["BLOOD"-tx-7-"blood"-noun-0]|TX|716/5|
00000000|MMI|3.43|mid back|C0443259|[blor]|["back mid"-tx-17-"mid back"-adj-0]|TX|1368/3,1388/4|
00000000|MMI|3.43|Childhood|C0231335|[tmco]|["Childhood"-tx-34-"childhood"-noun-0]|TX|2836/9|
00000000|MMI|3.42|Cancer/Testis Antigen|C3813556|[aapp]|["CT"-tx-6-"CT"-noun-0]|TX|617/2|
00000000|MMI|3.42|Computed Tomography Study File|C3888140|[inpr]|["CT"-tx-6-"CT"-noun-0]|TX|617/2|
00000000|MMI|3.42|Marked|C1706089|[qlco]|["MARKED"-tx-6-"marked"-adj-0]|TX|623/6|
00000000|MMI|3.42|Massive|C0522501|[qlco]|["Marked"-tx-6-"marked"-adj-0]|TX|623/6|
00000000|MMI|3.42|PCYT1A wt Allele|C3540513|[gngm]|["CT"-tx-6-"CT"-noun-0]|TX|617/2|
00000000|MMI|3.42|Recurrent Malignant Neoplasm|C1458156|[neop]|["recurrence"-tx-6-"recurrence"-noun-0]|TX|630/10|
00000000|MMI|3.42|60%|C3842585|[fndg]|["60%"-tx-21-"60"-integer-0]|TX|1621/2|
00000000|MMI|3.42|Enzyme Unit|C1880519|[qnco]|["Unit"-tx-43-"unit"-noun-0]|TX|3518/4|
00000000|MMI|3.42|Storage Unit|C1704753|[mnob]|["Unit"-tx-43-"unit"-noun-0]|TX|3518/4|
00000000|MMI|3.42|Unit|C0439148|[qnco]|["Unit"-tx-43-"unit"-noun-0]|TX|3518/4|
00000000|MMI|3.42|Unit - NCI Thesaurus Property|C3853603|[ftcn]|["Unit"-tx-43-"unit"-noun-0]|TX|3518/4|
00000000|MMI|3.42|Unit of Measure|C1519795|[qnco]|["Unit"-tx-43-"unit"-noun-0]|TX|3518/4|
00000000|MMI|3.42|Borg Category-Ratio 10 Perceived Exertion Score 3|C4049706|[inpr]|["Moderate"-tx-1-"moderate"-adj-0]|TX|221/8|
00000000|MMI|3.42|Borg Scale Rating of Perceived Exertion Score 11|C4050248|[inpr]|["Light"-tx-23-"light"-adj-0]|TX|1739/5|
00000000|MMI|3.42|Decreased|C0205216|[qnco]|["Decreased"-tx-23-"decreased"-adj-0]|TX|1729/9|
00000000|MMI|3.42|Decreasing|C0442797|[qlco]|["decreased"-tx-23-"decreased"-adj-0]|TX|1729/9|
00000000|MMI|3.42|Distributing|C0520511|[idcn]|["Distribution"-tx-1-"distribution"-noun-0]|TX|258/12|
00000000|MMI|3.42|Distribution|C1704711|[ftcn]|["Distribution"-tx-1-"distribution"-noun-0]|TX|258/12|
00000000|MMI|3.42|Entire thigh|C1281586|[bpoc]|["Thigh"-tx-23-"thigh"-noun-0]|TX|1782/5|
00000000|MMI|3.42|Entire vertebral column|C1267072|[bpoc]|["Spine, NOS"-tx-1-"spine"-noun-0]|TX|233/5|
00000000|MMI|3.42|June|C3829443|[tmco]|["June"-tx-11-"June"-noun-0]|TX|967/4|
00000000|MMI|3.42|Light (qualifier)|C1881376|[qlco]|["Light"-tx-23-"light"-adj-0]|TX|1739/5|
00000000|MMI|3.42|Light - subjective measurement|C3842678|[fndg]|["Light"-tx-23-"light"-adj-0]|TX|1739/5|
00000000|MMI|3.42|Light color|C1306462|[ftcn]|["Light"-tx-23-"light"-adj-0]|TX|1739/5|
00000000|MMI|3.42|Moderate (severity modifier)|C0205081|[qlco]|["Moderate"-tx-1-"moderate"-adj-0]|TX|221/8|
00000000|MMI|3.42|Moderate Extremity Pain|C4049705|[inpr]|["Moderate"-tx-1-"moderate"-adj-0]|TX|221/8|
00000000|MMI|3.42|Moderation|C1881878|[qlco]|["MODERATE"-tx-1-"moderate"-adj-0]|TX|221/8|
00000000|MMI|3.42|Neuron spine|C2752558|[celc]|["spine"-tx-1-"spine"-noun-0]|TX|233/5|
00000000|MMI|3.42|Reduced|C0392756|[qlco]|["Decreased"-tx-23-"decreased"-adj-0]|TX|1729/9|
00000000|MMI|3.42|Back structure, excluding neck|C1995000|[blor]|["Back, NOS"-tx-18-"back"-adj-0]|TX|1441/4|
00000000|MMI|3.42|Back structure, including back of neck|C0460009|[blor]|["Back"-tx-18-"back"-adj-0]|TX|1441/4|
00000000|MMI|3.42|Low Mitosis-Karyorrhexis Index|C3890211|[qnco]|["Low"-tx-17-"low"-adj-0]|TX|1384/3|
00000000|MMI|3.42|Secondary to|C0175668|[tmco]|["Secondary"-tx-18-"secondary"-adj-0]|TX|1446/9|
