00000000|MMI|13.10|Dyspnea|C0013404|[sosy]|["SHORTNESS OF BREATH"-tx-1-"shortness of breath"-noun-0]|TX|64/19|C08.618.326;C23.888.852.371
00000000|MMI|3.65|Report status|C0586177|[fndg]|["Report status"-tx-1-"Report Status"-noun-0]|TX|119/13|
00000000|MMI|3.64|Shortness of breath:-:Point in time:^Patient:-|C2707305|[clna]|["Shortness of breath"-tx-1-"shortness of breath"-noun-0]|TX|64/19|
00000000|MMI|3.59|Pyrexia of unknown origin (excl puerperal)|C0856281|[sosy]|["puo"-tx-1-"PUO"-noun-0]|TX|12/3|
00000000|MMI|3.45|Admission date:Time Stamp -- Date and Time:Point in time:^Patient:Quantitative|C2598112|[clna]|["Admission date"-tx-1-"Admission Date"-noun-0]|TX|94/14|
00000000|MMI|3.45|Date of admission|C1302393|[tmco]|["Admission date"-tx-1-"Admission Date"-noun-0]|TX|94/14|
00000000|MMI|3.43|Diagnostic interview schedule|C0451119|[inpr]|["DIS"-tx-1-"DIS"-noun-0]|TX|88/3|
00000000|MMI|3.43|Discontinued|C1444662|[fndg]|["DIS"-tx-1-"DIS"-noun-0]|TX|88/3|
00000000|MMI|308.75|International Normalized Ratio|C0525032|[lbpr]|["INR"-tx-36-"INR"-noun-0,"INR"-tx-33-"INR"-noun-0,"INR"-tx-32-"INR"-noun-0,"INR"-tx-30-"INR"-noun-0,"INR"-tx-29-"INR"-noun-0,"INR"-tx-27-"INR"-noun-0,"INR"-tx-26-"INR"-noun-0,"INR"-tx-25-"INR"-noun-0,"INR"-tx-8-"INR's"-noun-0,"INR"-tx-7-"INR"-noun-0,"INR"-tx-7-"INR's"-noun-0]|TX|4849/3;4759/3;4716/3;4661/3;4624/3;4443/3;4386/3;4185/3;2043/5;1974/3;2010/5|E01.370.225.625.115.320;E05.200.625.115.320
00000000|MMI|145.28|Coumadin|C0699129|[orch,phsu]|["Coumadin"-tx-39-"coumadin"-noun-0,"Coumadin"-tx-36-"coumadin"-noun-0,"Coumadin"-tx-26-"coumadin"-noun-0,"Coumadin"-tx-25-"coumadin"-noun-0,"Coumadin"-tx-4-"COUMADIN"-noun-0,"Coumadin"-tx-3-"COUMADIN"-noun-0]|TX|5057/8;4907/8;4323/8;4211/8;1352/8;480/8|D03.383.663.283.446.520.914;D03.438.150.446.520.914
00000000|MMI|126.61|Dominican Republic|C0013014|[geoa]|["DR"-tx-34-"Dr"-noun-0,"DR"-tx-30-"Dr"-noun-0,"DR"-tx-27-"Dr"-noun-0,"DR"-tx-21-"Dr"-noun-0,"DR"-tx-8-"Dr"-noun-0,"DR"-tx-6-"Dr"-noun-0,"DR"-tx-5-"Dr"-noun-0]|TX|4812/2;4682/2;4516/2;3961/2;2069/2;1935/2;1881/2|Z01.107.084.900.300;Z01.639.880.300
00000000|MMI|125.24|Lovenox|C0728963|[orch,phsu]|["Lovenox"-tx-41-"Lovenox"-noun-0,"Lovenox"-tx-34-"lovenox"-noun-0,"Lovenox"-tx-33-"Lovenox"-noun-0,"Lovenox"-tx-26-"lovenox"-noun-0,"Lovenox"-tx-3-"LOVENOX"-noun-0]|TX|5076/7;4775/7;4726/7;[4311/7],[4352/7];811/7|D09.698.373.400.300.200
00000000|MMI|125.19|Patient Discharge|C0030685|[hlca]|["Discharge"-tx-43-"DISCHARGE"-noun-0,"Discharge"-tx-37-"DISCHARGE"-noun-0,"Discharge"-tx-9-"DISCHARGE"-noun-0,"Discharge"-tx-3-"DISCHARGE"-verb-0,"Discharge"-tx-1-"DISCHARGE"-noun-0,"Patient Discharge"-tx-1-"DISCHARGE PATIENT"-noun-0]|TX|5228/9;4918/9;2134/9;329/9;39/9;114/17|E02.204.125;E02.760.400.610;N02.421.192.125;N02.421.585.400.610;N04.590.233.727.210.125
00000000|MMI|121.35|Physicians|C0031831|[prog]|["Doctor"-tx-41-"doctor"-noun-0,"DR"-tx-34-"Dr"-noun-0,"DR"-tx-30-"Dr"-noun-0,"DR"-tx-27-"Dr"-noun-0,"DR"-tx-21-"Dr"-noun-0,"DR"-tx-8-"Dr"-noun-0,"DR"-tx-6-"Dr"-noun-0,"DR"-tx-5-"Dr"-noun-0]|TX|5122/6;4812/2;4682/2;4516/2;3961/2;2069/2;1935/2;1881/2|M01.526.485.810;N02.360.810
00000000|MMI|118.58|Aspirin|C0004057|[orch,phsu]|["ASA"-tx-10-"asa"-noun-0,"ASPIRIN"-tx-5-"ASPIRIN"-noun-0,"ASPIRIN"-tx-3-"ASPIRIN"-noun-0,"Acetylsalicylic Acid"-tx-3-"ACETYLSALICYLIC ACID"-noun-0]|TX|2843/3;1624/7;545/7;352/20|D02.455.426.559.389.657.410.595.176
00000000|MMI|115.03|Togo|C0040363|[geoa]|["TO"-tx-41-"to"-adv-0,"TO"-tx-27-"to"-adv-0,"TO"-tx-26-"to"-adv-0,"TO"-tx-25-"to"-adv-0,"TO"-tx-7-"to"-adv-0]|TX|5106/2;4430/2;4340/2;4177/2;[1978/2],[2016/2]|Z01.058.290.190.800
00000000|MMI|115.03|Tryptophanase|C0041260|[aapp,enzy]|["TO"-tx-41-"to"-adv-0,"TO"-tx-27-"to"-adv-0,"TO"-tx-26-"to"-adv-0,"TO"-tx-25-"to"-adv-0,"TO"-tx-7-"to"-adv-0]|TX|5106/2;4430/2;4340/2;4177/2;[1978/2],[2016/2]|D08.811.520.224.800
00000000|MMI|92.30|Warfarin|C0043031|[hops,orch,phsu]|["WARFARIN"-tx-5-"WARFARIN"-noun-0,"WARFARIN"-tx-3-"WARFARIN"-noun-0]|TX|[1638/8],[1698/8];[559/8],[741/8]|D03.383.663.283.446.520.914;D03.438.150.446.520.914
00000000|MMI|90.52|Portugal|C0032729|[geoa]|["PO"-tx-4-"PO"-noun-0,"PO"-tx-3-"PO"-noun-0]|TX|[1301/2],[1386/2];[379/2],[489/2],[610/2],[650/2],[901/2],[995/2]|Z01.542.727
00000000|MMI|83.47|Mongolia|C0026410|[geoa]|["MG"-tx-4-"MG"-noun-0,"MG"-tx-3-"MG"-noun-0]|TX|[1298/2],[1383/2];[376/2],[607/2],[647/2],[898/2]|Z01.252.474.651
00000000|MMI|79.13|Override|C1547671|[acty]|["Override"-tx-5-"override"-verb-0,"Override"-tx-4-"Override"-verb-0,"Override"-tx-4-"overridden"-noun-0,"Override"-tx-4-"override"-verb-0,"Override"-tx-3-"Override"-verb-0,"Override"-tx-3-"overridden"-noun-0,"Override"-tx-3-"override"-verb-0]|TX|1718/8;1529/8;1517/10;1233/8;[388/8],[405/8],[677/8],[1022/8];[665/10],[1010/10];[579/8],[788/8]|
00000000|MMI|59.06|Integrated Neuromusculoskeletal Release|C1704538|[topp]|["INR"-tx-36-"INR"-noun-0,"INR"-tx-33-"INR"-noun-0,"INR"-tx-32-"INR"-noun-0,"INR"-tx-30-"INR"-noun-0,"INR"-tx-29-"INR"-noun-0,"INR"-tx-27-"INR"-noun-0,"INR"-tx-26-"INR"-noun-0,"INR"-tx-25-"INR"-noun-0,"INR"-tx-8-"INR's"-noun-0,"INR"-tx-7-"INR"-noun-0,"INR"-tx-7-"INR's"-noun-0]|TX|4849/3;4759/3;4716/3;4661/3;4624/3;4443/3;4386/3;4185/3;2043/5;1974/3;2010/5|
00000000|MMI|49.55|Chest Pain|C0008031|[sosy]|["CHEST PAIN"-tx-14-"chest pain"-noun-0,"CHEST PAIN"-tx-9-"chest pain"-noun-0]|TX|3278/10;[2113/10],[2679/10]|C10.597.617.192;C23.888.592.612.233
00000000|MMI|48.50|diagnosis aspect|C1704338|[qlco]|["diagnosis"-tx-9-"DIAGNOSIS"-noun-0]|TX|[2102/9],[2229/9]|x.x.x.x.x.x.x
00000000|MMI|45.09|Coding|C0009219|[ocac]|["code"-tx-3-"CODE"-noun-0,"code"-tx-3-"code"-noun-0]|TX|276/4;294/4|N04.452.758.708.200.400.500;N04.452.859.564.274;N05.715.360.300.715.500.249;N06.850.520.308.940.968.249
00000000|MMI|41.70|Drawings (art)|C0013113|[inpr]|["Draw"-tx-38-"draw"-verb-0,"Draw"-tx-29-"draw"-verb-0,"Draw"-tx-7-"drawn"-verb-0]|TX|4970/4;4619/4;[1984/5],[2022/5]|V01.185.625;V02.700.300
00000000|MMI|40.87|Stent, device|C0038257|[medd]|["Stent"-tx-14-"stent"-noun-0,"Stents"-tx-9-"stents"-noun-0]|TX|[2984/5],[3004/5];[2523/6],[2735/6]|E07.695.750
00000000|MMI|39.97|Dyspnea|C0013404|[sosy]|["SHORTNESS OF BREATH"-tx-15-"shortness of breath"-noun-1,"SHORTNESS OF BREATH"-tx-14-"of shortness breath"-noun-0,"SHORTNESS OF BREATH"-tx-9-"shortness of breath"-noun-0]|TX|3406/19;3247/2,3254/9,3267/6;2203/19|C08.618.326;C23.888.852.371
00000000|MMI|39.43|Madagascar|C0024443|[geoa]|["MA"-tx-4-"MA"-noun-0,"MA"-tx-3-"MA"-noun-0]|TX|1568/2;[444/2],[1061/2]|Z01.639.520.500
00000000|MMI|35.81|Uterine Prolapse|C0042140|[acab]|["UTERINE PROLAPSE"-tx-9-"uterine prolapse"-noun-0]|TX|[2402/16],[2431/16]|C13.351.500.852.833;C23.300.842.624.750
00000000|MMI|33.69|Doctor - Title|C2348314|[cnce]|["Doctor"-tx-41-"doctor"-noun-0,"Dr."-tx-34-"Dr"-noun-0,"Dr."-tx-30-"Dr"-noun-0,"Dr."-tx-27-"Dr"-noun-0,"Dr."-tx-21-"Dr"-noun-0,"Dr."-tx-8-"Dr"-noun-0,"Dr."-tx-6-"Dr"-noun-0,"Dr."-tx-5-"Dr"-noun-0]|TX|5122/6;4812/2;4682/2;4516/2;3961/2;2069/2;1935/2;1881/2|
00000000|MMI|33.49|To|C1883351|[qlco]|["To"-tx-41-"to"-adv-0,"To"-tx-27-"to"-adv-0,"To"-tx-26-"to"-adv-0,"To"-tx-25-"to"-adv-0,"To"-tx-7-"to"-adv-0]|TX|5106/2;4430/2;4340/2;4177/2;[1978/2],[2016/2]|
00000000|MMI|32.49|Potassium Chloride|C0032825|[inch,phsu]|["POTASSIUM CHLORIDE"-tx-4-"POTASSIUM CHLORIDE"-noun-0]|TX|[1117/18],[1186/18]|D01.210.450.150.750;D01.745.625
00000000|MMI|32.46|Deep Vein Thrombosis|C0149871|[dsyn]|["DVT NOS"-tx-14-"DVT"-noun-0,"DVT NOS"-tx-9-"DVT"-noun-0]|TX|3062/3;2343/3|C14.907.355.830.925
00000000|MMI|32.34|Lisinopril|C0065374|[aapp,phsu]|["Lysinopril"-tx-4-"LISINOPRIL"-noun-0]|TX|[1142/10],[1211/10]|D12.644.456.345.600
00000000|MMI|32.32|Saint Kitts and Nevis|C0282380|[geoa]|["SC"-tx-3-"SC"-noun-0]|TX|[840/2],[947/2]|Z01.107.084.900.787;Z01.639.880.787
00000000|MMI|32.08|Oral|C0442027|[spco]|["PO"-tx-4-"PO"-noun-0,"PO"-tx-3-"PO"-noun-0]|TX|[1301/2],[1386/2];[379/2],[489/2],[610/2],[650/2],[901/2],[995/2]|
00000000|MMI|30.56|Disease|C0012634|[dsyn]|["condition"-tx-37-"CONDITION"-noun-0,"Disease"-tx-23-"disease"-noun-0,"condition"-tx-9-"Conditions"-noun-0]|TX|4928/9;4077/7;2239/10|C23.550.288
00000000|MMI|29.46|Nausea|C0027497|[sosy]|["NAUSEA"-tx-15-"nausea"-noun-1,"NAUSEA"-tx-9-"nausea"-noun-0]|TX|3465/6;2779/6|C23.888.821.712
00000000|MMI|28.40|Delayed Release Dosage Form|C1707664|[bodm]|["DR"-tx-34-"Dr"-noun-0,"DR"-tx-30-"Dr"-noun-0,"DR"-tx-27-"Dr"-noun-0,"DR"-tx-21-"Dr"-noun-0,"DR"-tx-8-"Dr"-noun-0,"DR"-tx-6-"Dr"-noun-0,"DR"-tx-5-"Dr"-noun-0]|TX|4812/2;4682/2;4516/2;3961/2;2069/2;1935/2;1881/2|
00000000|MMI|28.40|Device to Subject Relationship Domain|C3540849|[inpr]|["DR"-tx-34-"Dr"-noun-0,"DR"-tx-30-"Dr"-noun-0,"DR"-tx-27-"Dr"-noun-0,"DR"-tx-21-"Dr"-noun-0,"DR"-tx-8-"Dr"-noun-0,"DR"-tx-6-"Dr"-noun-0,"DR"-tx-5-"Dr"-noun-0]|TX|4812/2;4682/2;4516/2;3961/2;2069/2;1935/2;1881/2|
00000000|MMI|27.22|Doctor of Medicine|C1512018|[inpr]|["M.D."-tx-42-"M.D"-noun-0,"M.D."-tx-4-"M.D"-noun-0,"M.D."-tx-3-"M.D"-noun-0,"M.D."-tx-2-"M.D"-noun-0]|TX|5180/3;1586/3;[462/3],[1079/3];271/3|
00000000|MMI|26.56|Pain-Free|C0908489|[orch]|["Pain-Free"-tx-15-"pain free"-adj-0,"Pain-Free"-tx-11-"pain free"-adj-0]|TX|3350/9;2865/9|x.x.x.x
00000000|MMI|26.35|Diet|C0012155|[food]|["Diet"-tx-5-"DIET"-noun-0]|TX|[1734/4],[1802/4]|G07.203.650.240
00000000|MMI|26.24|Cholecystectomy procedure|C0008320|[topp]|["CHOLECYSTECTOMY"-tx-9-"cholecystectomy"-noun-0]|TX|[2321/15],[2384/15]|E04.210.120.172
00000000|MMI|26.14|Rabbi|C0684010|[prog]|["R."-tx-14-"R"-noun-0,"R."-tx-9-"R"-noun-0]|TX|3060/1;2632/1|M01.526.799.500
00000000|MMI|26.06|Pneumocystis jiroveci pneumonia|C1535939|[dsyn]|["PCP"-tx-30-"PCP"-noun-0,"PCP"-tx-27-"PCP"-noun-0]|TX|4678/3;4512/3|C01.703.534.700;C01.703.770.700;C08.381.472.700;C08.381.677.675;C08.730.435.700;C08.730.610.675
00000000|MMI|26.03|Awareness|C0004448|[menp]|["Aware"-tx-5-"aware"-adj-0,"Aware"-tx-3-"aware"-adj-0]|TX|1728/5;589/5|F02.463.188.150
00000000|MMI|25.58|Simvastatin|C0074554|[orch,phsu]|["SIMVASTATIN"-tx-5-"SIMVASTATIN"-noun-0]|TX|1680/11|D02.455.426.559.847.638.400.900;D04.615.638.400.900
00000000|MMI|25.56|Vitamin K|C0042878|[orch,vita]|["VITAMIN K"-tx-4-"Vitamin-K"-noun-0]|TX|1484/9|D02.455.426.559.847.638.721.374;D02.455.849.291.523.500;D04.615.638.721.374;x.x.x.x
00000000|MMI|25.41|Patients|C0030705|[podg]|["*^patient"-tx-36-"Patient"-noun-0,"*^patient"-tx-15-"patient"-noun-0,"*^patient"-tx-14-"patient"-noun-0]|TX|4829/7;3333/7;3194/7|M01.643
00000000|MMI|24.11|Insulin Glargine|C0907402|[aapp,horm,phsu]|["INSULIN GLARGINE"-tx-3-"INSULIN GLARGINE"-noun-0]|TX|919/16|D06.472.699.587.200.300.100;D12.644.548.586.200.300.100
00000000|MMI|24.11|Running (physical activity)|C0035953|[dora]|["Running"-tx-42-"RUNNING"-noun-0]|TX|5163/7|G11.427.590.530.568.610;G11.427.590.530.698.277.750;I03.350.750;I03.450.642.845.610
00000000|MMI|24.11|Surgical aspects|C0038895|[ftcn]|["operations"-tx-9-"OPERATIONS"-noun-0]|TX|2561/10|x.x.x.x.x.x.x
00000000|MMI|24.11|Walking (activity)|C0080331|[dora]|["Walking"-tx-5-"Walking"-noun-0]|TX|1832/7|G11.427.590.530.568.900;G11.427.590.530.698.277.937;I03.350.937;I03.450.642.845.940
00000000|MMI|24.11|Warfarin Sodium|C0376218|[hops,orch,phsu]|["WARFARIN SODIUM"-tx-4-"WARFARIN SODIUM"-noun-0]|TX|1363/15|D03.383.663.283.446.520.914;D03.438.150.446.520.914
00000000|MMI|23.43|Interaction|C1704675|[ftcn]|["Interaction"-tx-5-"INTERACTION"-noun-0,"Interaction"-tx-4-"INTERACTION"-noun-0,"Interaction"-tx-3-"INTERACTION"-noun-0]|TX|[1611/11],[1667/11];[1104/11],[1173/11];[532/11],[728/11]|
00000000|MMI|23.12|Hypertensive disease|C0020538|[dsyn]|["HTN"-tx-9-"htn"-noun-0,"HYPERTENSION"-tx-9-"hypertension"-noun-0]|TX|2450/3;2456/12|C14.907.489
00000000|MMI|23.12|Peripheral Vascular Diseases|C0085096|[dsyn]|["pvd"-tx-14-"PVD"-noun-0,"pvd"-tx-9-"PVD"-noun-0]|TX|3024/3;2744/3|C14.907.617
00000000|MMI|22.61|Cerebroside-Sulfatase|C0007804|[aapp,enzy]|["ASA"-tx-10-"asa"-noun-0]|TX|2843/3|D08.811.277.352.827.070.250
00000000|MMI|22.53|Lantus|C0876064|[aapp,phsu]|["Lantus"-tx-3-"LANTUS"-noun-0]|TX|910/6|D06.472.699.587.200.300.100;D12.644.548.586.200.300.100
00000000|MMI|22.44|Serious|C0205404|[qlco]|["Serious"-tx-5-"SERIOUS"-adj-0,"Serious"-tx-4-"SERIOUS"-adj-0,"Serious"-tx-3-"SERIOUS"-adj-0]|TX|[1603/7],[1659/7];[1096/7],[1165/7];[524/7],[720/7]|
00000000|MMI|22.39|Percutaneous Transluminal Coronary Angioplasty|C2936173|[topp]|["PTCA"-tx-9-"PTCA"-noun-0]|TX|2515/4|E02.148.050.060.100;E04.100.376.719.100;E04.100.814.529.124.060.100;E04.100.814.529.968.050;E04.502.382.124.060.100;E04.502.382.968.050;E04.928.220.520.100;E05.157.016.060.100
00000000|MMI|22.34|therapeutic aspects|C0039798|[ftcn]|["treatment"-tx-9-"Treatment"-noun-0]|TX|2291/9|x.x.x.x.x.x.x
00000000|MMI|22.32|Magnesium Cation|C2346927|[elii,phsu]|["Mg++"-tx-4-"MG"-noun-0,"Mg++"-tx-3-"MG"-noun-0]|TX|[1298/2],[1383/2];[376/2],[607/2],[647/2],[898/2]|
00000000|MMI|22.32|Milligram percent|C1960952|[qnco]|["mg %"-tx-4-"MG"-noun-0,"mg %"-tx-3-"MG"-noun-0]|TX|[1298/2],[1383/2];[376/2],[607/2],[647/2],[898/2]|
00000000|MMI|22.32|mg/dL|C0439269|[qnco]|["mg%"-tx-4-"MG"-noun-0,"mg%"-tx-3-"MG"-noun-0]|TX|[1298/2],[1383/2];[376/2],[607/2],[647/2],[898/2]|
00000000|MMI|20.95|Enoxaparin|C0206460|[orch,phsu]|["Enoxaparine"-tx-3-"ENOXAPARIN"-noun-0]|TX|821/10|D09.698.373.400.300.200
00000000|MMI|20.95|Furosemide|C0016860|[orch,phsu]|["FUROSEMIDE"-tx-3-"FUROSEMIDE"-noun-0]|TX|882/10|D02.065.884.725.300;D02.092.146.807.300;D02.886.590.700.725.300
00000000|MMI|20.95|High-Risk Pregnancy|C0242786|[patf]|["High Risk Pregnancy"-tx-12-"high risk pregnancy"-noun-0]|TX|2918/19|G08.686.785.760.769.500
00000000|MMI|20.89|Show|C1547282|[anim]|["Show"-tx-23-"showed"-verb-0,"Show"-tx-20-"showed"-verb-0,"Show"-tx-19-"showing"-verb-0,"Show"-tx-18-"showing"-verb-0,"Show"-tx-17-"showed"-verb-0]|TX|4058/6;3856/6;3757/7;3681/7;3587/6|
00000000|MMI|20.01|Diet therapy|C0012159|[hlca]|["Diet"-tx-5-"DIET"-noun-0]|TX|[1734/4],[1802/4]|E02.642.249
00000000|MMI|19.33|Lasix|C0699992|[orch,phsu]|["Lasix"-tx-3-"LASIX"-noun-0]|TX|874/5|D02.065.884.725.300;D02.092.146.807.300;D02.886.590.700.725.300
00000000|MMI|19.31|District of Columbia|C0012764|[geoa]|["D.C."-tx-1-"D/C"-noun-0]|TX|193/3|Z01.107.567.875.500.210;Z01.433.429
00000000|MMI|19.31|Hypercholesterolemia|C0020443|[dsyn]|["HYPERCHOLESTEROLEMIA"-tx-9-"hypercholesterolemia"-noun-0]|TX|2347/20|C18.452.584.500.500.396
00000000|MMI|19.23|Atenolol|C0004147|[orch,phsu]|["ATENOLOL"-tx-3-"ATENOLOL"-noun-0]|TX|595/8|D02.033.100.624.698.070;D02.033.755.624.698.070;D02.092.063.624.698.070
00000000|MMI|18.89|Body Fluid Discharge|C0012621|[bdsu]|["Discharge"-tx-43-"DISCHARGE"-noun-0,"Discharge"-tx-37-"DISCHARGE"-noun-0,"Discharge"-tx-9-"DISCHARGE"-noun-0,"Discharge"-tx-3-"DISCHARGE"-verb-0,"Discharge"-tx-1-"DISCHARGE"-noun-0]|TX|5228/9;4918/9;2134/9;329/9;39/9|
00000000|MMI|18.89|Discharge, body substance|C2926602|[bdsu]|["Discharge"-tx-43-"DISCHARGE"-noun-0,"Discharge"-tx-37-"DISCHARGE"-noun-0,"Discharge"-tx-9-"DISCHARGE"-noun-0,"Discharge"-tx-3-"DISCHARGE"-verb-0,"Discharge"-tx-1-"DISCHARGE"-noun-0]|TX|5228/9;4918/9;2134/9;329/9;39/9|
00000000|MMI|18.43|Daily|C0332173|[tmco]|["Daily"-tx-3-"DAILY"-adj-0,"Daily"-tx-3-"DAILY"-adv-0]|TX|[382/5],[613/5],[653/5],[904/5],[950/5];[382/5],[613/5],[653/5],[904/5],[950/5]|
00000000|MMI|17.80|Coronary Arteriosclerosis|C0010054|[dsyn]|["coronary artery disease"-tx-9-"coronary artery disease"-noun-0]|TX|2535/23|C14.280.647.250.260;C14.907.137.126.339;C14.907.585.250.260
00000000|MMI|17.80|Coronary Artery Disease|C1956346|[dsyn]|["CORONARY ARTERY DISEASE"-tx-9-"coronary artery disease"-noun-0]|TX|2535/23|C14.280.647.250.260;C14.907.137.126.339;C14.907.585.250.260
00000000|MMI|17.80|Electrocardiogram|C0013798|[fndg]|["EKG"-tx-17-"EKG"-noun-0]|TX|3583/3|E01.370.370.380.240;E01.370.405.240
00000000|MMI|17.80|Electrocardiography|C1623258|[diap]|["EKG"-tx-17-"EKG"-noun-0]|TX|3583/3|E01.370.370.380.240;E01.370.405.240
00000000|MMI|17.80|Inferior Wall Myocardial Infarction|C0340305|[dsyn]|["imi"-tx-9-"IMI"-noun-0]|TX|2507/3|C14.280.647.500.187;C14.907.585.500.187
00000000|MMI|17.80|Lesotho|C0023376|[geoa]|["LT"-tx-10-"lt"-noun-0]|TX|2828/2|Z01.058.290.175.400
00000000|MMI|17.80|Metformin|C0025598|[orch,phsu]|["METFORMIN"-tx-4-"METFORMIN"-noun-0]|TX|1265/9|D02.078.370.141.450
00000000|MMI|17.80|Pain|C0030193|[sosy]|["PAIN"-tx-10-"pain"-noun-0]|TX|2815/4|C10.597.617;C23.888.592.612;F02.830.816.444;G11.561.600.810.444
00000000|MMI|16.34|Fat-Restricted Diet|C0242970|[topp]|["Low fat diet, NOS"-tx-5-"Low fat DIET"-noun-0]|TX|1748/3,1767/8|E02.642.249.260;G07.203.650.240.260
00000000|MMI|16.30|Reading (activity)|C0034754|[dora]|["Reading"-tx-20-"reading"-noun-0]|TX|3848/7|L01.143.506.423.557
00000000|MMI|16.21|Lipitor|C0593906|[orch,phsu]|["Lipitor"-tx-3-"LIPITOR"-noun-0]|TX|619/7|D03.383.129.578.075;D10.251.450.200
00000000|MMI|16.21|Cardiac Catheterization Procedures|C0018795|[hlca]|["Cardiac catheterisation"-tx-23-"cardiac catheterization"-noun-0]|TX|4019/23|E01.370.370.380.140;E02.148.442;E05.157.250
00000000|MMI|16.17|Food-Drug Interactions|C0242785|[dsyn]|["Interaction, Food-Drug"-tx-4-"Food/Drug Interaction"-noun-0]|TX|1442/21|G07.690.773.968.511
00000000|MMI|16.16|In Blood|C0005768|[bdsu]|["BLOOD"-tx-38-"blood"-noun-0]|TX|4980/5|x.x.x.x.x
00000000|MMI|16.10|Atorvastatin calcium|C0286650|[orch,phsu]|["ATORVASTATIN CALCIUM"-tx-3-"ATORVASTATIN CALCIUM"-noun-0]|TX|756/20|D03.383.129.578.075;D10.251.450.200
00000000|MMI|16.09|Fluorides|C0016327|[inch,phsu]|["F-"-tx-7-"f"-noun-0]|TX|2006/1|D01.248.497.158.380;D01.303.350.300
00000000|MMI|16.05|Congenital diaphragmatic hernia|C0235833|[cgab]|["DIH"-tx-14-"DIH"-noun-0]|TX|3013/3|C16.131.433;C23.300.707.500.116
00000000|MMI|16.05|Oman|C0028971|[geoa]|["OM"-tx-14-"OM"-noun-0]|TX|3001/2|Z01.252.245.500.600
00000000|MMI|16.05|Daughter|C0011011|[famg]|["Daughter"-tx-12-"daughter"-noun-0]|TX|2904/8|F01.829.263.500;I01.880.853.150.500
00000000|MMI|15.79|Abortion consent:Finding:Point in time:^Patient:Document|C2360836|[clna]|["Patient"-tx-36-"Patient"-noun-0,"Patient"-tx-15-"patient"-noun-0,"Patient"-tx-14-"patient"-noun-0]|TX|4829/7;3333/7;3194/7|
00000000|MMI|15.79|Hysterectomy consent:Finding:Point in time:^Patient:Document|C2360838|[clna]|["Patient"-tx-36-"Patient"-noun-0,"Patient"-tx-15-"patient"-noun-0,"Patient"-tx-14-"patient"-noun-0]|TX|4829/7;3333/7;3194/7|
00000000|MMI|15.79|Sterilization consent:Finding:Point in time:^Patient:Document|C2360840|[clna]|["Patient"-tx-36-"Patient"-noun-0,"Patient"-tx-15-"patient"-noun-0,"Patient"-tx-14-"patient"-noun-0]|TX|4829/7;3333/7;3194/7|
00000000|MMI|15.43|Order (action)|C1705178|[acty]|["Order"-tx-43-"ORDERS"-verb-0,"Order"-tx-3-"order"-noun-0,"Order"-tx-1-"ORDER"-noun-0,"Order"-tx-1-"ORDERS"-verb-0]|TX|5238/6;470/5;197/5;49/6|
00000000|MMI|15.43|Order (arrangement)|C1705176|[qlco]|["Order"-tx-43-"ORDERS"-verb-0,"Order"-tx-3-"order"-noun-0,"Order"-tx-1-"ORDER"-noun-0,"Order"-tx-1-"ORDERS"-verb-0]|TX|5238/6;470/5;197/5;49/6|
00000000|MMI|15.43|Order (document)|C1705175|[inpr]|["Order"-tx-43-"ORDERS"-verb-0,"Order"-tx-3-"order"-noun-0,"Order"-tx-1-"ORDER"-noun-0,"Order"-tx-1-"ORDERS"-verb-0]|TX|5238/6;470/5;197/5;49/6|
00000000|MMI|15.43|Order (taxonomic)|C1705177|[clas]|["Order"-tx-43-"ORDERS"-verb-0,"Order"-tx-3-"order"-noun-0,"Order"-tx-1-"ORDER"-noun-0,"Order"-tx-1-"ORDERS"-verb-0]|TX|5238/6;470/5;197/5;49/6|
00000000|MMI|15.43|Permutation|C1882348|[qlco]|["Order"-tx-43-"ORDERS"-verb-0,"Order"-tx-3-"order"-noun-0,"Order"-tx-1-"ORDER"-noun-0,"Order"-tx-1-"ORDERS"-verb-0]|TX|5238/6;470/5;197/5;49/6|
00000000|MMI|15.43|Sequence of Planned Assessment Schedule|C3889825|[inpr]|["ORDER"-tx-43-"ORDERS"-verb-0,"ORDER"-tx-3-"order"-noun-0,"ORDER"-tx-1-"ORDER"-noun-0,"ORDER"-tx-1-"ORDERS"-verb-0]|TX|5238/6;470/5;197/5;49/6|
00000000|MMI|14.77|Indication of (contextual qualifier)|C0392360|[idcn]|["Reason"-tx-5-"Reason"-noun-0,"Reason"-tx-4-"Reason"-noun-0,"Reason"-tx-3-"Reason"-noun-0]|TX|1707/6;1222/6;[568/6],[777/6]|
00000000|MMI|14.71|Call (Instruction)|C1947967|[ftcn]|["Call"-tx-30-"Call"-noun-0,"Call"-tx-22-"called"-verb-0,"Call"-tx-10-"Called"-adj-0,"Call"-tx-6-"call"-noun-0]|TX|4656/4;3979/6;2802/6;1902/4|
00000000|MMI|14.71|Decision|C0679006|[menp]|["Call"-tx-30-"Call"-noun-0,"Call"-tx-22-"called"-verb-0,"Call"-tx-10-"Called"-adj-0,"Call"-tx-6-"call"-noun-0]|TX|4656/4;3979/6;2802/6;1902/4|
00000000|MMI|14.67|Additional|C1524062|[ftcn]|["Added"-tx-4-"added"-verb-0,"Added"-tx-3-"added"-verb-0]|TX|1538/5;[414/5],[686/5],[1031/5]|
00000000|MMI|14.64|Christmas Island|C0006888|[geoa]|["CXR"-tx-18-"CXR"-noun-0]|TX|3677/3|Z01.639.100;Z01.678.100.373
00000000|MMI|14.64|Coronary heart disease|C0010068|[dsyn]|["Coronary (artery) disease"-tx-9-"coronary artery disease"-noun-0]|TX|2535/23|C14.280.647.250;C14.907.585.250
00000000|MMI|14.64|Myocardial Infarction|C0027051|[dsyn]|["Infarction, Myocardial"-tx-14-"myocardial infarction"-noun-1]|TX|3305/21|C14.280.647.500;C14.907.585.500
00000000|MMI|14.64|Needs|C0027552|[qlco]|["Needed"-tx-34-"needed"-verb-0]|TX|4795/6|N03.349.380.420;N05.300.450
00000000|MMI|14.64|Single-Stranded Conformational Polymorphism|C0243031|[lbtr]|["SSCP"-tx-9-"SSCP"-noun-0]|TX|2772/4|G05.365.795.600
00000000|MMI|14.56|Home environment|C0442519|[cnce]|["HOME"-tx-25-"home"-adj-0,"house"-tx-16-"house"-adj-0,"house"-tx-5-"House"-noun-0]|TX|4238/4;3571/5;[1740/5],[1777/5]|
00000000|MMI|14.55|10%|C3842590|[fndg]|["10%"-tx-43-"10"-fraction-0,"10%"-tx-23-"10"-fraction-0,"10%"-tx-3-"10"-fraction-0,"10%"-tx-1-"10"-fraction-0]|TX|5194/2;4046/2;868/2;136/2|
00000000|MMI|13.24|Home visit (procedure)|C0020043|[hlca]|["home services"-tx-3-"Home services"-noun-0]|TX|312/4,320/8|N04.452.758.307
00000000|MMI|13.08|Infantile Neuroaxonal Dystrophy|C0270724|[dsyn]|["PLAN"-tx-37-"PLAN"-noun-0]|TX|4952/4|C10.228.140.744
00000000|MMI|13.03|Injection Route of Drug Administration|C1828121|[ftcn]|["Injections"-tx-41-"injections"-noun-0]|TX|5084/10|E02.319.267.530
00000000|MMI|13.02|Set (Psychology)|C0036849|[menp]|["Set"-tx-16-"sets"-noun-0]|TX|3522/4|F02.463.425.838
00000000|MMI|13.00|Dilatation and Curettage|C0012358|[topp]|["D & C"-tx-1-"D/C"-noun-0]|TX|193/3|E04.157.310;E04.950.300.299
00000000|MMI|12.94|Solomon Islands|C0037623|[geoa]|["BP"-tx-19-"BP"-noun-0]|TX|3826/2|Z01.639.760.590
00000000|MMI|12.93|Sodium|C0037473|[bacs,elii]|["SODIUM"-tx-5-"Sodium"-noun-0]|TX|1815/6|D01.268.549.750;D01.268.557.650;D01.552.528.850;D01.552.547.725;x.x.x.x
00000000|MMI|12.89|elongation factor DmS-II|C0378717|[aapp]|["ii dm"-tx-9-"DM II"-noun-0]|TX|2306/2,2314/2|x.x.x.x
00000000|MMI|12.87|Silicon Dioxide|C0037098|[bodm,inch]|["Sand"-tx-1-"SANDY"-adj-0]|TX|75/5|D01.578.750;D01.650.550.825;D01.837.725
00000000|MMI|11.58|Continuous|C0549178|[idcn]|["Continue"-tx-39-"Continue"-verb-0,"Continue"-tx-26-"continue"-verb-0,"Continue"-tx-24-"continue"-verb-0]|TX|5005/8;4343/8;4124/8|
00000000|MMI|11.49|Complication Aspects|C1171258|[patf]|["complications"-tx-9-"Complications"-noun-0]|TX|2265/13|x.x.x
00000000|MMI|11.49|Methods aspects|C0025664|[inpr]|["procedures"-tx-9-"PROCEDURES"-noun-0]|TX|2576/10|x.x.x
00000000|MMI|11.49|Patient Monitoring|C0030695|[hlca]|["monitor"-tx-3-"monitor"-verb-0]|TX|803/7|E01.370.520
00000000|MMI|11.42|Increased sweating|C0700590|[sosy]|["DIAPHORESIS"-tx-15-"diaphoresis"-noun-1,"DIAPHORESIS"-tx-9-"diaphoresis"-noun-0]|TX|3474/11;[2692/11],[2788/11]|
00000000|MMI|11.42|Myocardial Infarction ECG Assessment|C3810814|[diap]|["MI"-tx-14-"MI"-noun-0,"Myocardial Infarction"-tx-14-"myocardial infarction"-noun-0,"MI"-tx-9-"MI"-noun-0]|TX|2975/2;3305/21;2723/2|
00000000|MMI|11.38|CALD1 wt Allele|C3813548|[gngm]|["CAD"-tx-14-"CAD"-noun-0,"CAD"-tx-9-"CAd"-noun-0,"CAD"-tx-9-"cad"-noun-0]|TX|2969/3;2713/3;2497/3|
00000000|MMI|11.30|Hospital admission|C0184666|[hlca]|["admitted"-tx-14-"admitted"-verb-0,"Admission"-tx-9-"Admission"-noun-0,"Admit"-tx-9-"ADMIT"-verb-0]|TX|3206/8;2191/9;2096/5|
00000000|MMI|11.19|MYOTONIC DYSTROPHY 1|C3250443|[dsyn]|["DM"-tx-14-"DM"-noun-0,"DM"-tx-9-"DM"-noun-0]|TX|3019/2;[2306/2],[2750/2]|
00000000|MMI|11.19|Take|C1515187|[hlca]|["Take"-tx-41-"Take"-verb-0,"Take"-tx-39-"taking"-verb-0,"Take"-tx-25-"taking"-adj-0]|TX|5071/4;5014/6;4204/6|
00000000|MMI|11.13|Shortness of breath:-:Point in time:^Patient:-|C2707305|[clna]|["Shortness of breath"-tx-15-"shortness of breath"-noun-0,"Shortness of breath"-tx-14-"of shortness breath"-noun-0,"Shortness of breath"-tx-9-"shortness of breath"-noun-0]|TX|3406/19;3247/2,3254/9,3267/6;2203/19|
00000000|MMI|11.10|Chest pain:Finding:Point in time:^Patient:Ordinal|C2926613|[clna]|["Chest pain"-tx-14-"chest pain"-noun-0,"Chest pain"-tx-9-"chest pain"-noun-0]|TX|3278/10;[2113/10],[2679/10]|
00000000|MMI|10.88|20%|C3842589|[fndg]|["20%"-tx-4-"20"-integer-0,"20%"-tx-3-"20"-integer-0,"20%"-tx-1-"20"-fraction-0]|TX|1412/2;644/2;18/2|
00000000|MMI|10.88|Then|C1883708|[tmco]|["Next"-tx-27-"next"-adj-0,"Then"-tx-27-"then"-adv-0,"Next"-tx-7-"next"-adj-0]|TX|4469/4;4483/4;1949/4|
00000000|MMI|10.84|Beginning|C0439659|[tmco]|["Start"-tx-4-"Starting"-verb-0,"Start"-tx-3-"Starting"-adj-0,"Start"-tx-3-"Starting"-verb-0]|TX|1393/8;[856/8],[956/8];[856/8],[956/8]|
00000000|MMI|10.82|Alert|C3665546|[ftcn]|["Alert"-tx-4-"Alert"-verb-0,"Alert"-tx-3-"Alert"-adj-0]|TX|1511/5;[659/5],[1004/5]|
00000000|MMI|10.82|Alert:Type:Point in time:^Patient:Nominal|C3669039|[clna]|["Alert"-tx-4-"Alert"-verb-0,"Alert"-tx-3-"Alert"-adj-0]|TX|1511/5;[659/5],[1004/5]|
00000000|MMI|10.82|Consciousness clear|C0239110|[fndg]|["ALERT"-tx-4-"Alert"-verb-1,"ALERT"-tx-3-"Alert"-adj-0]|TX|1511/5;[659/5],[1004/5]|
00000000|MMI|10.72|Hospital course|C0489547|[fndg]|["Hospital course"-tx-15-"hospital course"-noun-0,"Hospital course"-tx-14-"HOSPITAL COURSE"-noun-1,"Hospital course"-tx-9-"HOSPITAL COURSE"-noun-1]|TX|3375/15;3173/15;2658/15|
00000000|MMI|10.72|Hospital course:Finding:Point in time:^Patient:Narrative|C0488549|[clna]|["Hospital course"-tx-15-"hospital course"-noun-0,"Hospital course"-tx-14-"HOSPITAL COURSE"-noun-0,"Hospital course"-tx-9-"HOSPITAL COURSE"-noun-0]|TX|3375/15;3173/15;2658/15|
00000000|MMI|10.70|House (environment)|C2003847|[mnob]|["House"-tx-16-"house"-adj-0,"House"-tx-5-"House"-noun-0]|TX|3571/5;[1740/5],[1777/5]|
00000000|MMI|10.63|Right|C0205090|[spco]|["R-"-tx-14-"R"-noun-0,"R-"-tx-9-"R"-noun-0,"RIGHT"-tx-9-"Right"-noun-0]|TX|3060/1;2632/1;2337/5|
00000000|MMI|10.59|MIGRAINE WITH OR WITHOUT AURA, SUSCEPTIBILITY TO, 1|C3887485|[fndg]|["MA"-tx-4-"MA"-noun-1,"MA"-tx-3-"MA"-noun-0]|TX|1568/2;[444/2],[1061/2]|
00000000|MMI|10.42|3 Days|C1442459|[tmco]|["3 Days"-tx-36-"3 days"-noun-0,"3 Days"-tx-7-"3 days"-noun-0]|TX|4867/6;2034/6|
00000000|MMI|10.42|Checking (action)|C1283174|[acty]|["Checked"-tx-36-"checked"-verb-0,"Check"-tx-27-"check"-verb-0]|TX|4853/7;4433/5|
00000000|MMI|10.42|Diagnosis|C0011900|[fndg]|["DIAGNOSIS"-tx-9-"DIAGNOSIS"-noun-0]|TX|[2102/9],[2229/9]|E01
00000000|MMI|10.42|Diagnosis Study|C1704656|[resa]|["DIAGNOSIS"-tx-9-"DIAGNOSIS"-noun-0]|TX|[2102/9],[2229/9]|
00000000|MMI|10.42|Nausea Adverse Event|C1963179|[patf]|["Nausea"-tx-15-"nausea"-noun-1,"Nausea"-tx-9-"nausea"-noun-0]|TX|3465/6;2779/6|
00000000|MMI|10.42|orders - HL7PublishingDomain|C3244315|[inpr]|["orders"-tx-43-"ORDERS"-verb-0,"orders"-tx-1-"ORDERS"-verb-0]|TX|5238/6;49/6|
00000000|MMI|9.99|Allergy Specialty|C0002111|[bmod]|["Allergy"-tx-9-"ALLERGY"-noun-0]|TX|2083/7|H02.403.044
00000000|MMI|9.94|Appointments|C0003629|[idcn]|["Appointment"-tx-5-"APPOINTMENT"-noun-0]|TX|1863/11|N04.452.095
00000000|MMI|9.92|enzymology|C0014445|[ftcn]|["enzymes"-tx-13-"enzymes"-noun-0]|TX|2954/7|x.x.x
00000000|MMI|9.92|objective (goal)|C0018017|[inpr]|["Goal"-tx-32-"Goal"-noun-0]|TX|4711/4|F01.658.500
00000000|MMI|9.91|Food|C0016452|[food]|["FOODS"-tx-4-"foods"-noun-0]|TX|1505/5|G07.203.300;J02.500
00000000|MMI|9.87|Disease Management|C0376636|[hlca]|["management"-tx-24-"management"-noun-0]|TX|4150/10|N04.590.607
00000000|MMI|9.87|Ischemia|C0022116|[patf]|["Ischaemia, NOS"-tx-20-"ischemia"-noun-0]|TX|3872/8|C23.550.513
00000000|MMI|9.86|Blood|C0005767|[tisu]|["Blood"-tx-38-"blood"-noun-0]|TX|4980/5|A12.207.152;A15.145
00000000|MMI|9.81|Saint Pierre and Miquelon|C0038111|[geoa]|["SB"-tx-14-"SB"-noun-0]|TX|3045/2|Z01.542.286
00000000|MMI|9.78|Edema|C0013604|[fndg]|["OEDEMA"-tx-14-"edema"-noun-1]|TX|3167/5|C23.888.277
00000000|MMI|8.34|Infection|C3714514|[patf]|["Infections"-tx-9-"Infections"-noun-0]|TX|2252/10|C01.539
00000000|MMI|7.61|Condition|C0348080|[qlco]|["Condition"-tx-37-"CONDITION"-noun-0,"Condition"-tx-9-"Conditions"-noun-0]|TX|4928/9;2239/10|
00000000|MMI|7.61|Condition:Find:Pt:^Patient:Nom|C3864998|[clna]|["Condition"-tx-37-"CONDITION"-noun-0,"Condition"-tx-9-"Conditions"-noun-0]|TX|4928/9;2239/10|
00000000|MMI|7.61|Logical Condition|C1705253|[cnce]|["Condition"-tx-37-"CONDITION"-noun-0,"Condition"-tx-9-"Conditions"-noun-0]|TX|4928/9;2239/10|
00000000|MMI|7.49|Medications:-:Point in time:^Patient:-|C2598133|[clna]|["Medications"-tx-39-"medications"-noun-0,"Medications"-tx-3-"MEDICATIONS"-noun-0]|TX|5033/11;339/11|
00000000|MMI|7.49|Medications:Presence or Identity:Duration of the study:^Patient:Nominal|C0802604|[clna]|["Medications"-tx-39-"medications"-noun-0,"Medications"-tx-3-"MEDICATIONS"-noun-0]|TX|5033/11;339/11|
00000000|MMI|7.49|Negation|C1518422|[ftcn]|["Not"-tx-23-"not"-adv-0,"Not"-tx-9-"NOT"-adv-0]|TX|4093/3;2623/3|
00000000|MMI|7.49|Pharmaceutical Preparations|C0013227|[phsu]|["Medications"-tx-39-"medications"-noun-0,"Medications"-tx-3-"MEDICATIONS"-noun-0]|TX|5033/11;339/11|D26
00000000|MMI|7.42|Discontinued|C1444662|[fndg]|["Discontinued"-tx-33-"discontinued"-verb-0,"D/C"-tx-1-"D/C"-noun-1]|TX|4741/12;193/3|
00000000|MMI|7.40|Status|C0449438|[qlco]|["Status"-tx-14-"STATUS"-noun-0,"Status"-tx-3-"STATUS"-noun-0]|TX|3119/6;281/6|
00000000|MMI|7.36|1+|C3816745|[fndg]|["1+"-tx-37-"1"-integer-0,"1+"-tx-4-"1"-integer-0]|TX|4958/1;1350/1|
00000000|MMI|7.36|1+ Score|C2827734|[qnco]|["1+"-tx-37-"1"-integer-0,"1+"-tx-4-"1"-integer-0]|TX|4958/1;1350/1|
00000000|MMI|7.36|1+ Score, WHO|C2981698|[clas]|["1+"-tx-37-"1"-integer-0,"1+"-tx-4-"1"-integer-0]|TX|4958/1;1350/1|
00000000|MMI|7.36|Total abdominal hysterectomy|C0404079|[topp]|["tah"-tx-14-"TAH"-noun-0,"tah"-tx-9-"TAH"-noun-0]|TX|3115/3;2425/3|
00000000|MMI|7.31|Basal Diet|C2983588|[food]|["DIET"-tx-5-"DIET"-noun-0]|TX|[1734/4],[1802/4]|
00000000|MMI|7.31|Diet (animal life circumstance)|C3668949|[food]|["Diet"-tx-5-"DIET"-noun-0]|TX|[1734/4],[1802/4]|
00000000|MMI|7.31|Special Diet Therapy|C1519433|[topp]|["DIET"-tx-5-"DIET"-noun-0]|TX|[1734/4],[1802/4]|
00000000|MMI|7.28|Admission activity|C0809949|[hlca]|["Admitted"-tx-14-"admitted"-verb-0,"Admission"-tx-9-"Admission"-noun-0]|TX|3206/8;2191/9|
00000000|MMI|7.26|Summary (document)|C1706244|[inpr]|["Summary"-tx-42-"summary"-noun-0,"Summary"-tx-1-"SUMMARY"-noun-0]|TX|5143/7;222/7|
00000000|MMI|7.26|summary - ActRelationshipSubset|C1552616|[inpr]|["summary"-tx-42-"summary"-noun-0,"summary"-tx-1-"SUMMARY"-noun-0]|TX|5143/7;222/7|
00000000|MMI|7.25|Positive|C1446409|[qlco]|["rule"-tx-14-"rule"-noun-0,"ruled"-tx-13-"Ruled"-verb-0]|TX|3293/4;2940/5|
00000000|MMI|7.21|Stent Device Component|C1705817|[medd]|["Stent"-tx-14-"stent"-noun-0]|TX|[2984/5],[3004/5]|
00000000|MMI|7.21|Therapeutic procedure|C0087111|[topp]|["Therapeutic"-tx-26-"therapeutic"-adj-0,"Treatment"-tx-9-"Treatment"-noun-0]|TX|4393/11;2291/9|E02
00000000|MMI|7.20|Stop (qualifier value)|C2746065|[tmco]|["End"-tx-43-"END"-noun-0,"Stop"-tx-41-"stop"-verb-0]|TX|5221/3;5109/4|
00000000|MMI|7.17|Evidence|C3887511|[idcn]|["Evidence"-tx-19-"evidence"-noun-0,"Evidence"-tx-17-"evidence"-noun-0]|TX|3768/8;3594/8|
00000000|MMI|7.14|Dose number:Number:Point in time:^Patient:Quantitative|C1114758|[clna]|["Dose #"-tx-36-"dose"-noun-0,"Dose number"-tx-4-"Number Doses"-noun-0]|TX|4899/4;1308/6,1318/5|
00000000|MMI|7.11|+2|C0740116|[qnco]|["+2"-tx-5-"2"-integer-0,"+2"-tx-1-"2"-fraction-0]|TX|1808/1;16/1|
00000000|MMI|7.11|2+|C3833492|[fndg]|["2+"-tx-5-"2"-integer-0,"2+"-tx-1-"2"-fraction-0]|TX|1808/1;16/1|
00000000|MMI|7.11|2+ Score|C2827735|[qnco]|["2+"-tx-5-"2"-integer-0,"2+"-tx-1-"2"-fraction-0]|TX|1808/1;16/1|
00000000|MMI|7.11|2+ Score, WHO|C2981700|[clas]|["2+"-tx-5-"2"-integer-0,"2+"-tx-1-"2"-fraction-0]|TX|1808/1;16/1|
00000000|MMI|7.11|R prime|C2603358|[clna]|["R'"-tx-14-"R"-noun-0,"R'"-tx-9-"R"-noun-0]|TX|3060/1;2632/1|
00000000|MMI|7.10|Precursor B-cell lymphoblastic leukemia|C1292769|[neop]|["c all"-tx-30-"Call"-noun-0,"c all"-tx-6-"call"-noun-0]|TX|4656/4;1902/4|
00000000|MMI|7.08|Data Validation Test Document|C3899446|[inpr]|["DVT"-tx-14-"DVT"-noun-0,"DVT"-tx-9-"DVT"-noun-0]|TX|3062/3;2343/3|
00000000|MMI|7.08|Ever told by doctor that you had deep venous thrombosis:Finding:Point in time:^Patient:Ordinal|C2926618|[clna]|["DVT"-tx-14-"DVT"-noun-0,"DVT"-tx-9-"DVT"-noun-0]|TX|3062/3;2343/3|
00000000|MMI|7.07|FABP6 protein, human|C1435727|[aapp,bacs]|["GT"-tx-19-"gt"-noun-0]|TX|[3816/2],[3834/2]|
00000000|MMI|7.07|Weekly|C0332174|[tmco]|["/week"-tx-27-"week"-noun-0,"/week"-tx-6-"week"-noun-0]|TX|4474/4;1928/4|
00000000|MMI|7.07|week|C0439230|[tmco]|["WEEK"-tx-27-"week"-noun-0,"WEEK"-tx-6-"week"-noun-0]|TX|4474/4;1928/4|
00000000|MMI|7.05|Patient Condition Code - Stable|C1547311|[inpr]|["Stable"-tx-37-"Stable"-adj-0,"Stable"-tx-36-"stable"-adj-0]|TX|4939/6;4892/6|
00000000|MMI|7.05|Stable status|C0205360|[qlco]|["STABLE"-tx-37-"Stable"-adj-0,"STABLE"-tx-36-"stable"-adj-0]|TX|4939/6;4892/6|
00000000|MMI|7.04|Diagnosis Type - Final|C1546485|[idcn]|["Final"-tx-20-"Final"-adj-0,"Final"-tx-1-"FINAL"-adj-0]|TX|3842/5;33/5|
00000000|MMI|7.04|End-stage|C0205088|[qlco]|["Final"-tx-20-"Final"-adj-0,"Final"-tx-1-"FINAL"-adj-0]|TX|3842/5;33/5|
00000000|MMI|7.04|Final|C3853528|[tmco]|["Final"-tx-20-"Final"-adj-0,"Final"-tx-1-"FINAL"-adj-0]|TX|3842/5;33/5|
00000000|MMI|7.02|Clinical Study Follow-up|C3274571|[hlca]|["FOLLOW-UP"-tx-28-"follow up"-adj-0,"FOLLOW-UP"-tx-5-"FOLLOW UP"-adj-0]|TX|4542/9;1853/9|
00000000|MMI|7.02|Follow-Up Report|C1704685|[inpr]|["Follow-Up"-tx-28-"follow up"-adj-0,"Follow-Up"-tx-5-"FOLLOW UP"-adj-0]|TX|4542/9;1853/9|
00000000|MMI|7.02|Follow-up status|C0589120|[fndg]|["Follow-up"-tx-28-"follow up"-adj-0,"Follow-up"-tx-5-"FOLLOW UP"-adj-0]|TX|4542/9;1853/9|
00000000|MMI|7.02|follow-up|C1522577|[hlca]|["Follow Up"-tx-28-"follow up"-adj-0,"Follow Up"-tx-5-"FOLLOW UP"-adj-0]|TX|4542/9;1853/9|
00000000|MMI|7.02|Code|C0805701|[inpr]|["CODE"-tx-3-"CODE"-noun-0,"CODE"-tx-3-"code"-noun-0]|TX|276/4;294/4|
00000000|MMI|7.02|eTMF Content Model Code|C3889831|[inpr]|["Code"-tx-3-"CODE"-noun-0,"Code"-tx-3-"code"-noun-0]|TX|276/4;294/4|
00000000|MMI|7.00|/40|C0439509|[tmco]|["/40"-tx-43-"40"-integer-0,"/40"-tx-3-"40"-integer-0]|TX|5208/2;895/2|
00000000|MMI|7.00|40%|C3842587|[qnco]|["40%"-tx-43-"40"-integer-0,"40%"-tx-3-"40"-integer-0]|TX|5208/2;895/2|
00000000|MMI|6.99|Adjacent|C0205117|[spco]|["next"-tx-27-"next"-adj-0,"next"-tx-7-"next"-adj-0]|TX|4469/4;1949/4|
00000000|MMI|6.99|Following|C0332282|[tmco]|["Next"-tx-27-"next"-adj-0,"Next"-tx-7-"next"-adj-0]|TX|4469/4;1949/4|
00000000|MMI|6.89|Further|C1517331|[spco]|["Further"-tx-28-"further"-adv-0,"Further"-tx-14-"further"-adj-0]|TX|4534/7;3231/7|
00000000|MMI|6.83|Allergic Reaction|C1527304|[patf]|["Allergy"-tx-9-"ALLERGY"-noun-0]|TX|2083/7|C20.543
00000000|MMI|6.83|Hypersensitivity|C0020517|[patf]|["ALLERGY"-tx-9-"ALLERGY"-noun-0]|TX|2083/7|C20.543
00000000|MMI|6.83|Lung|C0024109|[bpoc]|["LUNGS"-tx-14-"lungs"-noun-0]|TX|3156/5|A04.411
00000000|MMI|6.77|Educational process of instructing|C0039401|[edac]|["Instruction"-tx-4-"Instruction"-noun-0]|TX|1464/11|I02.903
00000000|MMI|6.77|Enzymes|C0014442|[enzy,orch]|["ENZYMES"-tx-13-"enzymes"-noun-0]|TX|2954/7|D08.811
00000000|MMI|5.18|3+ Answer to Question|C3838680|[fndg]|["3+"-tx-40-"3"-integer-0]|TX|5068/1|
00000000|MMI|5.18|3+ Score|C2827736|[qnco]|["3+"-tx-40-"3"-integer-0]|TX|5068/1|
00000000|MMI|5.18|3+ Score, WHO|C2981702|[clas]|["3+"-tx-40-"3"-integer-0]|TX|5068/1|
00000000|MMI|5.18|70%|C3842584|[fndg]|["70%"-tx-19-"70"-integer-0]|TX|3837/2|
00000000|MMI|5.18|71|C0450389|[inpr]|["71"-tx-19-"71"-integer-0]|TX|3819/2|
00000000|MMI|5.18|<3 (qualifier value)|C0439086|[qnco]|["<3"-tx-40-"3"-integer-0]|TX|5068/1|
00000000|MMI|5.18|ActInformationPrivacyReason <operations>|C3244305|[ftcn]|["operations"-tx-9-"OPERATIONS"-noun-0]|TX|2561/10|
00000000|MMI|5.18|Additional comments|C1830770|[fndg]|["Additional comments"-tx-29-"ADDITIONAL COMMENTS"-noun-0]|TX|4573/19|
00000000|MMI|5.18|Affecting|C0392760|[ftcn]|["Affecting"-tx-9-"affecting"-verb-0]|TX|2281/9|
00000000|MMI|5.18|Anterior bronchopulmonary segment of superior pulmonary vein|C0507236|[bpoc]|["V3"-tx-17-"V3"-noun-0]|TX|3664/2|
00000000|MMI|5.18|Approximate|C0332232|[qlco]|["Approximate"-tx-4-"approximate"-adj-0]|TX|1335/11|
00000000|MMI|5.18|Biomedical Monitors|C0181904|[medd]|["Monitor"-tx-3-"monitor"-verb-0]|TX|803/7|
00000000|MMI|5.18|C-Circle|C3538933|[celc]|["CC"-tx-9-"CC"-noun-0]|TX|2675/2|
00000000|MMI|5.18|Chief complaint (finding)|C0277786|[fndg]|["complaints"-tx-15-"complaints"-noun-1]|TX|3495/10|
00000000|MMI|5.18|Complication|C0009566|[patf]|["Complications"-tx-9-"Complications"-noun-0]|TX|2265/13|
00000000|MMI|5.18|Denied (qualifier)|C0332319|[qlco]|["Denied"-tx-15-"denied"-verb-0]|TX|3395/6|
00000000|MMI|5.18|Deny (action)|C2700401|[acty]|["Denied"-tx-15-"denied"-verb-0]|TX|3395/6|
00000000|MMI|5.18|Discharge date|C2361123|[tmco]|["Discharge date"-tx-1-"Discharge Date"-noun-0]|TX|0/14|
00000000|MMI|5.18|Discharge date:Time Stamp -- Date and Time:Point in time:^Patient:Quantitative|C2361122|[clna]|["Discharge date"-tx-1-"Discharge Date"-noun-0]|TX|0/14|
00000000|MMI|5.18|Electrocardiogram: myocardial infarction (finding)|C0428953|[lbtr]|["MYOCARDIAL INFARCTION"-tx-14-"myocardial infarction"-noun-1]|TX|3305/21|
00000000|MMI|5.18|Endocrine System Findings Domain|C3538926|[idcn]|["ED"-tx-11-"ED"-noun-0]|TX|2858/2|
00000000|MMI|5.18|Extended Release Dosage Form|C1707968|[bodm]|["Extended Release"-tx-4-"EXTENDED RELEASE"-adj-0]|TX|1275/16|
00000000|MMI|5.18|GLAUCOMA, NORMAL TENSION, SUSCEPTIBILITY TO (finding)|C1847730|[fndg]|["NTG"-tx-10-"ntg"-noun-0]|TX|2849/3|
00000000|MMI|5.18|HL7PublishingSubSection <operations>|C3244306|[inpr]|["operations"-tx-9-"OPERATIONS"-noun-0]|TX|2561/10|
00000000|MMI|5.18|History of recreational running|C2346414|[fndg]|["Running"-tx-42-"RUNNING"-noun-1]|TX|5163/7|
00000000|MMI|5.18|Hypertension Adverse Event|C1963138|[fndg]|["Hypertension"-tx-9-"hypertension"-noun-0]|TX|2456/12|
00000000|MMI|5.18|Including (qualifier)|C0332257|[ftcn]|["Including"-tx-39-"including"-verb-0]|TX|5047/9|
00000000|MMI|5.18|Increase|C0442805|[ftcn]|["Increased"-tx-15-"increased"-verb-0]|TX|3428/9|
00000000|MMI|5.18|Increased|C0205217|[qnco]|["Increased"-tx-15-"increased"-verb-0]|TX|3428/9|
00000000|MMI|5.18|Interventional procedure|C0184661|[topp]|["PROCEDURES"-tx-9-"PROCEDURES"-noun-0]|TX|2576/10|
00000000|MMI|5.18|Involvement with|C1314939|[ftcn]|["Affecting"-tx-9-"affecting"-verb-0]|TX|2281/9|
00000000|MMI|5.18|Lipids|C0023779|[orch]|["Lipids"-tx-14-"lipids"-noun-0]|TX|3030/6|D10
00000000|MMI|5.18|Lymphotoxin-Alpha, human|C3887647|[aapp,imft]|["LT"-tx-10-"lt"-noun-0]|TX|2828/2|
00000000|MMI|5.18|Medical History|C0262926|[fndg]|["PMH"-tx-14-"PMH"-noun-0]|TX|2964/3|
00000000|MMI|5.18|Monitor Device Component|C1704646|[mnob]|["Monitor"-tx-3-"monitor"-verb-0]|TX|803/7|
00000000|MMI|5.18|Monitor, occupation|C1521743|[prog]|["Monitor"-tx-3-"monitor"-verb-0]|TX|803/7|
00000000|MMI|5.18|Monitoring Device|C0596972|[medd]|["Monitor"-tx-3-"monitor"-verb-0]|TX|803/7|
00000000|MMI|5.18|Myocardial infarction:Finding:Point in time:^Patient:Ordinal|C2926063|[clna]|["Myocardial infarction"-tx-14-"myocardial infarction"-noun-0]|TX|3305/21|
00000000|MMI|5.18|Negative|C0205160|[qlco]|["Negative"-tx-16-"negative"-noun-0]|TX|3553/8|
00000000|MMI|5.18|Negative - answer|C3853545|[qlco]|["Negative"-tx-16-"negative"-noun-0]|TX|3553/8|
00000000|MMI|5.18|Negative Charge|C2825491|[qlco]|["Negative"-tx-16-"negative"-noun-0]|TX|3553/8|
00000000|MMI|5.18|Negative Finding|C1513916|[fndg]|["NEGATIVE"-tx-16-"negative"-noun-0]|TX|3553/8|
00000000|MMI|5.18|Negative Number|C2825415|[cnce]|["Negative"-tx-16-"negative"-noun-0]|TX|3553/8|
00000000|MMI|5.18|Not Applicable|C1272460|[qlco]|["NOT APPLICABLE"-tx-1-"Not Applicable"-adj-0]|TX|173/14|
00000000|MMI|5.18|O NOS Ab|C0483204|[aapp,imft]|["O NOS"-tx-14-"O"-noun-0]|TX|3129/1|
00000000|MMI|5.18|OPA1 gene|C1417953|[gngm]|["NTG"-tx-10-"ntg"-noun-0]|TX|2849/3|
00000000|MMI|5.18|Package Type Not Applicable|C4049872|[ftcn]|["Not Applicable"-tx-1-"Not Applicable"-adj-0]|TX|173/14|
00000000|MMI|5.18|Pain NOS Adverse Event|C1962977|[fndg]|["Pain NOS"-tx-10-"pain"-noun-0]|TX|2815/4|
00000000|MMI|5.18|Patient need for (contextual qualifier)|C0686904|[ftcn]|["needed"-tx-34-"needed"-verb-0]|TX|4795/6|
00000000|MMI|5.18|Phase II/III Trial|C1519042|[resa]|["2-3"-tx-33-"2-3"-integer-0]|TX|4766/3|
00000000|MMI|5.18|Plain chest X-ray|C0039985|[diap]|["cxr"-tx-18-"CXR"-noun-0]|TX|3677/3|
00000000|MMI|5.18|Preventive monitoring|C0150369|[hlca]|["monitor"-tx-3-"monitor"-verb-0]|TX|803/7|
00000000|MMI|5.18|Procedure (set of actions)|C2700391|[acty]|["Procedures"-tx-9-"PROCEDURES"-noun-0]|TX|2576/10|
00000000|MMI|5.18|Requirement|C1514873|[ftcn]|["Required"-tx-4-"Required"-verb-0]|TX|1324/8|
00000000|MMI|5.18|Return to (contextual qualifier) (qualifier value)|C0332156|[qlco]|["Return"-tx-16-"return"-verb-0]|TX|3546/6|
00000000|MMI|5.18|S prime|C2603362|[clna]|["S'"-tx-5-"("-noun-0]|TX|1874/1|
00000000|MMI|5.18|Send (transmission)|C1519246|[ftcn]|["Send"-tx-27-"send"-verb-0]|TX|4488/4|
00000000|MMI|5.18|Structure of left thigh|C0230426|[bpoc]|["LT"-tx-10-"lt"-noun-0]|TX|2828/2|
00000000|MMI|5.18|Swollen legs|C0581394|[sosy]|["lower extremity swelling"-tx-15-"lower extremity swelling"-noun-1]|TX|3438/24|
00000000|MMI|5.18|TAC1 wt Allele|C1705924|[gngm]|["NKA"-tx-9-"NKA"-noun-0]|TX|2092/3|
00000000|MMI|5.18|Therapeutic|C0302350|[ftcn]|["Therapeutic"-tx-26-"therapeutic"-adj-0]|TX|4393/11|E02
00000000|MMI|5.18|atorvastatin|C0286651|[orch,phsu]|["ATORVASTATIN"-tx-3-"ATORVASTATIN"-noun-0]|TX|629/12|
00000000|MMI|5.18|per second|C0565930|[qnco]|["/s"-tx-5-"("-noun-0]|TX|1874/1|
00000000|MMI|5.18|prothrombin gene mutation|C1260403|[dsyn]|["Prothrombin gene mutation"-tx-14-"prothrombin gene mutation"-noun-0]|TX|3087/25|
00000000|MMI|5.18|treatments and procedures|C0237403|[topp]|["treatments procedures"-tx-9-"TREATMENTS/PROCEDURES"-noun-0]|TX|2599/21|
00000000|MMI|3.98|Evaluation and management note:Finding:Point in time:{Setting}:Document:{Provider}|C1316572|[clna]|["Note"-tx-25-"noted"-verb-0]|TX|4171/5|
00000000|MMI|3.98|KDM5D gene|C1539791|[gngm]|["HYA"-tx-42-"HYON"-noun-0]|TX|5173/4|
00000000|MMI|3.98|Last|C1517741|[qlco]|["Last"-tx-10-"lasted"-verb-0]|TX|2820/6|
00000000|MMI|3.98|Note (document)|C1317574|[inpr]|["Note"-tx-25-"noted"-verb-0]|TX|4171/5|
00000000|MMI|3.78|Standard Time|C3641800|[tmco]|["Standard Time"-tx-4-"Standard Time"-noun-0]|TX|1420/8,1435/4|
00000000|MMI|3.75|Glucophage XR|C0939699|[orch,phsu]|["Glucophage XR"-tx-4-"GLUCOPHAGE XR"-noun-0]|TX|1249/13|
00000000|MMI|3.72|Followed by|C0332283|[tmco]|["Followed by"-tx-8-"followed by"-verb-0]|TX|2057/11|
00000000|MMI|3.68|ALYREF gene|C1425988|[gngm]|["REF"-tx-3-"ref"-noun-0]|TX|494/3|
00000000|MMI|3.68|Allergic disposition|C3539909|[dsyn]|["Allergy"-tx-9-"ALLERGY"-noun-0]|TX|2083/7|
00000000|MMI|3.68|Allergy - Physicians|C1554743|[prog]|["Allergy"-tx-9-"ALLERGY"-noun-0]|TX|2083/7|
00000000|MMI|3.68|Arylsulfatase A, human|C3853627|[aapp,enzy]|["ASA"-tx-10-"asa"-noun-0]|TX|2843/3|
00000000|MMI|3.68|Attending (action)|C1999232|[ftcn]|["attending"-tx-1-"Attending"-noun-0]|TX|235/9|
00000000|MMI|3.68|Attending (provider role)|C1547429|[prog]|["Attending"-tx-1-"Attending"-noun-0]|TX|235/9|
00000000|MMI|3.68|Excision|C0728940|[topp]|["Resection"-tx-14-"resection"-noun-0]|TX|3048/9|
00000000|MMI|3.68|Reading (datum presentation)|C1705179|[fndg]|["Reading"-tx-20-"reading"-noun-0]|TX|3848/7|
00000000|MMI|3.68|Response to antigens|C1314973|[phsf]|["ALLERGY"-tx-9-"ALLERGY"-noun-0]|TX|2083/7|
00000000|MMI|3.68|Routine|C0205547|[qlco]|["Routine"-tx-4-"ROUTINE"-adj-0]|TX|1402/7|
00000000|MMI|3.68|XPR1 gene|C1421546|[gngm]|["X3"-tx-9-"x3"-noun-0]|TX|2726/2|
00000000|MMI|3.68|refill|C0807726|[idcn]|["Refills"-tx-34-"refills"-noun-0]|TX|4783/7|
00000000|MMI|3.68|removal technique|C0015252|[topp]|["resection"-tx-14-"resection"-noun-0]|TX|3048/9|
00000000|MMI|3.68|milligram/day|C0439422|[qnco]|["mg day"-tx-3-"MG Days"-noun-0]|TX|837/2,851/4|
00000000|MMI|3.67|Principal Diagnosis:-:Point in time:^Patient:-|C2598194|[clna]|["Principal Diagnosis"-tx-9-"PRINCIPAL DIAGNOSIS"-noun-0]|TX|2124/9,2144/9|
00000000|MMI|3.67|Principal diagnosis|C0332137|[qlco]|["Principal Diagnosis"-tx-9-"PRINCIPAL DIAGNOSIS"-noun-0]|TX|2124/9,2144/9|
00000000|MMI|3.66|History of thrombophilia|C2711883|[fndg]|["History of hypercoagulable disorder"-tx-26-"history of hypercoaguable disorders"-noun-0]|TX|4254/35|
00000000|MMI|3.65|discharge diagnosis|C1555319|[fndg]|["Discharge diagnosis"-tx-9-"DISCHARGE DIAGNOSIS"-noun-0]|TX|2134/19|
00000000|MMI|3.64|Conditional|C1701901|[qlco]|["Contingent"-tx-1-"CONTINGENT"-noun-0]|TX|157/10|
00000000|MMI|3.64|Entered|C1521975|[qlco]|["Entered"-tx-42-"ENTERED"-verb-0]|TX|5151/7|
00000000|MMI|3.63|23|C0450348|[qnco]|["23"-tx-29-"23"-fraction-0]|TX|4645/2|
00000000|MMI|3.63|Availability of|C0470187|[ftcn]|["Available"-tx-7-"available"-adj-0]|TX|1954/9|
00000000|MMI|3.63|Disposition|C0743223|[idcn]|["Disposition"-tx-3-"DISPOSITION"-noun-0]|TX|299/11|
00000000|MMI|3.63|Disposition Domain|C1705555|[inpr]|["Disposition"-tx-3-"DISPOSITION"-noun-0]|TX|299/11|
00000000|MMI|3.63|Process|C1522240|[phpr]|["Process"-tx-18-"process"-noun-0]|TX|3714/7|
00000000|MMI|3.63|bony process|C1184743|[bpoc]|["Process"-tx-18-"process"-noun-0]|TX|3714/7|
00000000|MMI|3.62|10 - 12|C3843787|[fndg]|["10 - 12"-tx-19-"12/10"-fraction-0]|TX|3751/5|
00000000|MMI|3.61|*Activity (kind of quantity)|C1561536|[idcn]|["*Activity"-tx-5-"ACTIVITY"-noun-0]|TX|1822/8|
00000000|MMI|3.61|Act Mood - Goal|C1571704|[idcn]|["Goal"-tx-32-"Goal"-noun-0]|TX|4711/4|
00000000|MMI|3.61|Active|C0205177|[ftcn]|["Activity"-tx-5-"ACTIVITY"-noun-0]|TX|1822/8|
00000000|MMI|3.61|Activities|C0441655|[acty]|["ACTIVITY"-tx-5-"ACTIVITY"-noun-0]|TX|1822/8|
00000000|MMI|3.61|Activity (animal life circumstance)|C3668946|[fndg]|["Activity"-tx-5-"ACTIVITY"-noun-0]|TX|1822/8|
00000000|MMI|3.61|ENZYMES FOR TREATMENT OF WOUNDS AND ULCERS|C3540048|[enzy,phsu]|["ENZYMES"-tx-13-"enzymes"-noun-0]|TX|2954/7|
00000000|MMI|3.61|Enzymes FOR DISORDERS OF THE MUSCULO-SKELETAL SYSTEM|C3540772|[enzy,phsu]|["Enzymes"-tx-13-"enzymes"-noun-0]|TX|2954/7|
00000000|MMI|3.61|Enzymes for ALIMENTARY TRACT AND METABOLISM|C3542456|[enzy,phsu]|["Enzymes"-tx-13-"enzymes"-noun-0]|TX|2954/7|
00000000|MMI|3.61|Enzymes, antithrombotic|C3541394|[enzy,phsu]|["Enzymes"-tx-13-"enzymes"-noun-0]|TX|2954/7|
00000000|MMI|3.61|Enzymes, hematological|C3540017|[enzy,phsu]|["Enzymes"-tx-13-"enzymes"-noun-0]|TX|2954/7|
00000000|MMI|3.61|Enzymes, peripheral vasodilators|C3540790|[enzy,phsu]|["Enzymes"-tx-13-"enzymes"-noun-0]|TX|2954/7|
00000000|MMI|3.61|Every evening|C0585330|[tmco]|["QPM"-tx-4-"QPM"-noun-0]|TX|1389/3|
00000000|MMI|3.61|FDA Establishment Activity Terminology|C4049939|[inpr]|["ACTIVITY"-tx-5-"ACTIVITY"-noun-0]|TX|1822/8|
00000000|MMI|3.61|Instruction [Publication Type]|C0302828|[inpr]|["Instruction"-tx-4-"Instruction"-noun-0]|TX|1464/11|
00000000|MMI|3.61|Instructions|C1442085|[idcn]|["instruction"-tx-4-"Instruction"-noun-0]|TX|1464/11|
00000000|MMI|3.61|Once a day, in the evening|C1275568|[tmco]|["qPM"-tx-4-"QPM"-noun-0]|TX|1389/3|
00000000|MMI|3.61|Percent Activity|C0439167|[qnco]|["% Activity"-tx-5-"ACTIVITY"-noun-0]|TX|1822/8|
00000000|MMI|3.61|Physical Activity Measurement|C4049938|[lbpr]|["ACTIVITY"-tx-5-"ACTIVITY"-noun-0]|TX|1822/8|
00000000|MMI|3.61|Planned|C1301732|[ftcn]|["Plan"-tx-37-"PLAN"-noun-0]|TX|4952/4|
00000000|MMI|3.61|Treatment Plan|C0599880|[inpr]|["Plan"-tx-37-"PLAN"-noun-0]|TX|4952/4|
00000000|MMI|3.59|ActInformationPrivacyReason <service>|C3245478|[idcn]|["service"-tx-1-"Service"-noun-0]|TX|101/7|
00000000|MMI|3.59|Services|C0557854|[ocac]|["Service"-tx-1-"Service"-noun-0]|TX|101/7|
00000000|MMI|3.59|Software Service|C2825316|[mnob]|["Service"-tx-1-"Service"-noun-0]|TX|101/7|
00000000|MMI|3.59|End|C0444930|[spco]|["End"-tx-43-"END"-noun-0]|TX|5221/3|
00000000|MMI|3.59|Responsible to|C1273518|[fndg]|["Responsible"-tx-9-"Responsible"-adj-0]|TX|2155/11|
00000000|MMI|3.59|Started|C1272689|[qlco]|["Started"-tx-26-"started"-verb-0]|TX|4300/7|
00000000|MMI|3.57|Done (qualifier value)|C1272695|[qlco]|["Done"-tx-19-"done"-aux-0]|TX|3743/4|
00000000|MMI|3.57|Experimental Result|C2825142|[fndg]|["Result"-tx-30-"results"-verb-0]|TX|4665/7|
00000000|MMI|3.57|Injection of therapeutic agent|C0021485|[topp]|["injections"-tx-41-"injections"-noun-0]|TX|5084/10|
00000000|MMI|3.57|Injection procedure|C1533685|[topp]|["INJECTIONS"-tx-41-"injections"-noun-0]|TX|5084/10|
00000000|MMI|3.57|Result|C1274040|[ftcn]|["Result"-tx-30-"results"-verb-0]|TX|4665/7|
00000000|MMI|3.57|Stop (Instruction Imperative)|C1947925|[acty]|["Stop"-tx-41-"stop"-verb-0]|TX|5109/4|
00000000|MMI|3.57|What subject filter - Result|C1546471|[idcn]|["Result"-tx-30-"results"-verb-0]|TX|4665/7|
00000000|MMI|3.56|work up|C0750430|[diap]|["Work-up"-tx-14-"work up"-noun-0]|TX|3239/7|
00000000|MMI|3.56|Administration occupational activities|C0001554|[ocac]|["Management"-tx-24-"management"-noun-0]|TX|4150/10|
00000000|MMI|3.56|Information|C1533716|[idcn]|["INFORMATION"-tx-27-"information"-noun-0]|TX|4493/11|
00000000|MMI|3.56|Management Occupations|C3273539|[ocdi]|["Management"-tx-24-"management"-noun-0]|TX|4150/10|
00000000|MMI|3.56|Management procedure|C1273870|[ocac]|["Management"-tx-24-"management"-noun-0]|TX|4150/10|
00000000|MMI|3.56|Medical|C0205476|[ftcn]|["Medical"-tx-24-"medical"-noun-0]|TX|4142/7|
00000000|MMI|3.56|Medical service|C0199168|[hlca]|["Medical"-tx-24-"medical"-noun-0]|TX|4142/7|
00000000|MMI|3.56|Set scale|C1442518|[ftcn]|["Set"-tx-16-"sets"-noun-0]|TX|3522/4|
00000000|MMI|3.56|Symptoms|C1457887|[sosy]|["SYMPTOMS"-tx-19-"symptoms"-noun-1]|TX|3795/8|
00000000|MMI|3.56|Symptoms aspect|C0683368|[ftcn]|["symptoms"-tx-19-"symptoms"-noun-0]|TX|3795/8|
00000000|MMI|3.56|set (group)|C1705195|[cnce]|["Set"-tx-16-"sets"-noun-0]|TX|3522/4|
00000000|MMI|3.56|stressor|C0597530|[idcn]|["stressors"-tx-12-"stressors"-noun-0]|TX|2891/9|
00000000|MMI|3.56|Dose number|C1115464|[qnco]|["Dose number"-tx-4-"Number Doses"-noun-0]|TX|1308/6,1318/5|
00000000|MMI|3.55|On waking-temporal period|C0585034|[tmco]|["WAKE"-tx-9-"woke"-verb-0]|TX|2755/4|
00000000|MMI|3.55|Small intestine excision|C0192601|[topp]|["Small Bowel Resection"-tx-9-"small bowel resection"-noun-0]|TX|2475/21|
00000000|MMI|3.55|Waking|C0442696|[phsf]|["wake"-tx-9-"woke"-verb-0]|TX|2755/4|
00000000|MMI|3.55|Curriculum Vitae|C1880201|[inpr]|["Resume"-tx-9-"RESUME"-noun-0]|TX|2648/6|
00000000|MMI|3.55|Resume - Remote control command|C1550028|[idcn]|["Resume"-tx-9-"RESUME"-noun-0]|TX|2648/6|
00000000|MMI|3.55|Used by|C1273517|[fndg]|["used"-tx-1-"USED"-verb-1]|TX|206/4|
00000000|MMI|3.55|resume - DataOperation|C3242342|[ftcn]|["resume"-tx-9-"RESUME"-noun-0]|TX|2648/6|
00000000|MMI|3.55|Dosage|C0178602|[qnco]|["DOSE"-tx-36-"dose"-noun-0]|TX|4899/4|
00000000|MMI|3.55|Flattened|C0016203|[ftcn]|["Flattening"-tx-17-"flattening"-noun-0]|TX|3632/10|
00000000|MMI|3.55|Geographic state|C1301808|[geoa]|["Territory"-tx-20-"territory"-noun-0]|TX|3920/9|
00000000|MMI|3.55|Territory|C2983136|[geoa]|["Territory"-tx-20-"territory"-noun-0]|TX|3920/9|
00000000|MMI|3.55|Unit dose|C0869039|[qnco]|["Dose"-tx-36-"dose"-noun-0]|TX|4899/4|
00000000|MMI|3.55|peripheral blood|C0229664|[bdsu]|["BLOOD"-tx-38-"blood"-noun-0]|TX|4980/5|
00000000|MMI|3.53|Doctor of Chiropractic|C1512015|[inpr]|["D.C."-tx-1-"D/C"-noun-0]|TX|193/3|
00000000|MMI|3.53|Hypercholesterolemia result|C1522133|[fndg]|["Hypercholesterolemia"-tx-9-"hypercholesterolemia"-noun-0]|TX|2347/20|
00000000|MMI|3.50|Cardiologist|C0175906|[prog]|["Cardiologist"-tx-21-"cardiologist"-noun-0]|TX|3948/12|
00000000|MMI|3.50|Causing|C0678227|[ftcn]|["Causing"-tx-9-"Causing"-adj-0]|TX|2183/7|
00000000|MMI|3.50|Clear|C2963144|[qlco]|["Clear"-tx-14-"clear"-adj-0]|TX|3150/5|
00000000|MMI|3.50|Communication Contact|C1705415|[idcn]|["Contact"-tx-34-"Contact"-noun-0]|TX|4804/7|
00000000|MMI|3.50|Contact with|C0332158|[ftcn]|["contact"-tx-34-"Contact"-noun-0]|TX|4804/7|
00000000|MMI|3.50|Negative Surgical Margin|C1709157|[fndg]|["Clear"-tx-14-"clear"-adj-0]|TX|3150/5|
00000000|MMI|3.50|Personal Contact|C3812666|[acty]|["Contact"-tx-34-"Contact"-noun-0]|TX|4804/7|
00000000|MMI|3.50|Recommendation|C0034866|[idcn]|["Recommended"-tx-22-"recommended"-adj-0]|TX|3990/11|
00000000|MMI|3.50|Subject Biomarker Domain|C3811240|[inpr]|["SB"-tx-14-"SB"-noun-0]|TX|3045/2|
00000000|MMI|3.50|Yes (indicator)|C1705108|[cnce]|["YES"-tx-1-"YES"-noun-0]|TX|231/3|
00000000|MMI|3.50|Yes - Yes/no indicator|C1549445|[idcn]|["Yes"-tx-1-"YES"-noun-0]|TX|231/3|
00000000|MMI|3.50|contact person|C0337611|[popg]|["Contact"-tx-34-"Contact"-noun-0]|TX|4804/7|
00000000|MMI|3.50|dictated - DocumentCompletion|C1609990|[idcn]|["Dictated"-tx-42-"dictated"-adj-0]|TX|5134/8|
00000000|MMI|3.50|dictated - ParticipationMode|C1548384|[ftcn]|["dictated"-tx-42-"dictated"-adj-0]|TX|5134/8|
00000000|MMI|3.49|Vitamin K Drug Class|C3714648|[phsu,vita]|["VITAMIN K"-tx-4-"Vitamin-K"-noun-0]|TX|1484/9|
00000000|MMI|3.49|Vitamin K [EPC]|C2936884|[phsu]|["Vitamin K"-tx-4-"Vitamin-K"-noun-0]|TX|1484/9|
00000000|MMI|3.49|Vitamin K containing hemostatics|C3541380|[orch,phsu,vita]|["Vitamin K"-tx-4-"Vitamin-K"-noun-0]|TX|1484/9|
00000000|MMI|3.48|Cardiopulmonary|C0553534|[blor]|["Cardiopulmonary"-tx-18-"cardiopulmonary"-adj-0]|TX|3698/15|
00000000|MMI|3.48|Distal|C0205108|[spco]|["DISTAL"-tx-23-"distal"-adj-0]|TX|4070/6|
00000000|MMI|3.48|Edema:Finding:Point in time:^Patient:Ordinal|C1717255|[clna]|["Edema"-tx-14-"edema"-noun-0]|TX|3167/5|
00000000|MMI|3.48|Full|C0443225|[qlco]|["Full"-tx-3-"Full"-adj-0]|TX|289/4|
00000000|MMI|3.48|HP gene|C1415692|[gngm]|["Bp"-tx-19-"BP"-noun-0]|TX|3826/2|
00000000|MMI|3.48|HP wt Allele|C1708288|[gngm]|["BP"-tx-19-"BP"-noun-0]|TX|3826/2|
00000000|MMI|3.48|Non-compliance|C0457432|[qlco]|["Non-compliant"-tx-25-"non-compliant"-adj-0]|TX|4221/13|
00000000|MMI|3.48|Only - dosing instruction fragment|C1720467|[inpr]|["Only"-tx-23-"only"-adv-0]|TX|4065/4|
00000000|MMI|3.48|Physical Therapist - Cardiopulmonary|C1552297|[prog]|["Cardiopulmonary"-tx-18-"cardiopulmonary"-adj-0]|TX|3698/15|
00000000|MMI|3.48|Singular|C0205171|[qnco]|["Only"-tx-23-"only"-adv-0]|TX|4065/4|
00000000|MMI|3.48|acute|C0205178|[tmco]|["ACUTE"-tx-18-"acute"-adj-0]|TX|3692/5|
00000000|MMI|3.47|Out (direction)|C0439787|[spco]|["Out"-tx-13-"out"-adv-0]|TX|2946/3|
00000000|MMI|3.47|Removed|C0849355|[qlco]|["Out"-tx-13-"out"-adv-0]|TX|2946/3|
00000000|MMI|3.47|Sodium Cation|C0597484|[elii]|["Sodium+"-tx-5-"Sodium"-noun-0]|TX|1815/6|
00000000|MMI|3.47|Sodium Drug Class|C3714642|[phsu]|["SODIUM"-tx-5-"Sodium"-noun-0]|TX|1815/6|
00000000|MMI|3.47|Sodium supplements|C3541959|[phsu]|["Sodium"-tx-5-"Sodium"-noun-0]|TX|1815/6|
00000000|MMI|3.47|gram|C0439208|[qnco]|["GRAM"-tx-5-"gram"-noun-0]|TX|1810/4|
00000000|MMI|3.46|Cardiac enzymes|C0443763|[aapp,enzy]|["Cardiac enzymes"-tx-16-"cardiac enzymes"-noun-0]|TX|3530/15|
00000000|MMI|3.46|Lisinopril 5 MG|C0987222|[clnd]|["Lisinopril 5 MG"-tx-3-"LISINOPRIL 5 MG"-noun-0]|TX|979/15|
00000000|MMI|3.46|Abnormally high|C1299351|[qlco]|["High"-tx-4-"high"-adj-0]|TX|1479/4|
00000000|MMI|3.46|Contain (action)|C2700400|[acty]|["Containing"-tx-4-"containing"-adj-0]|TX|1494/10|
00000000|MMI|3.46|Containing (qualifier)|C0332256|[ftcn]|["Containing"-tx-4-"containing"-adj-0]|TX|1494/10|
00000000|MMI|3.46|High|C0205250|[qlco]|["High"-tx-4-"high"-adj-0]|TX|1479/4|
00000000|MMI|3.46|High Mitosis-Karyorrhexis Index|C3889660|[qnco]|["High"-tx-4-"high"-adj-0]|TX|1479/4|
00000000|MMI|3.46|Primary|C0205225|[qlco]|["Principal"-tx-9-"PRINCIPAL"-adj-0]|TX|2124/9|
00000000|MMI|3.46|Teaching principal|C0401925|[prog]|["Principal"-tx-9-"PRINCIPAL"-adj-0]|TX|2124/9|
00000000|MMI|3.46|Value Above Reference Range|C2700149|[inpr]|["HIGH"-tx-4-"high"-adj-0]|TX|1479/4|
00000000|MMI|3.46|high - ActExposureLevelCode|C3887512|[idcn]|["high"-tx-4-"high"-adj-0]|TX|1479/4|
00000000|MMI|3.46|Anti-Drug Antibody|C3811629|[aapp,imft]|["ADA"-tx-5-"ADA"-noun-0]|TX|1785/3|
00000000|MMI|3.46|CA8 gene|C1413051|[gngm]|["CALS"-tx-5-"cals"-noun-0]|TX|1794/4|
00000000|MMI|3.46|Genus Ada|C1060325|[plnt]|["Ada"-tx-5-"ADA"-noun-0]|TX|1785/3|
00000000|MMI|3.46|Nutrition, Calories|C1556156|[qnco]|["cals"-tx-5-"cals"-noun-0]|TX|1794/4|
00000000|MMI|3.46|Study Day|C2826182|[tmco]|["DY"-tx-5-"dy"-noun-0]|TX|1799/2|
00000000|MMI|3.46|kilocalorie|C0439259|[qnco]|["Cal"-tx-5-"cals"-noun-0]|TX|1794/4|
00000000|MMI|3.46|Next appointment|C1272171|[fndg]|["Next appointment"-tx-6-"appointment next"-noun-0]|TX|1911/16|
00000000|MMI|3.45|90%|C3842582|[fndg]|["90%"-tx-3-"90"-integer-0]|TX|834/2|
00000000|MMI|3.45|<90|C0439087|[qnco]|["<90"-tx-3-"90"-integer-0]|TX|834/2|
00000000|MMI|3.45|>90|C0439083|[qnco]|[">90"-tx-3-"90"-integer-0]|TX|834/2|
00000000|MMI|3.45|Cholesterol measurement test|C0201950|[lbpr]|["CHOL"-tx-5-"chol"-noun-0]|TX|1752/4|
00000000|MMI|3.45|SAT1 protein, human|C2744672|[aapp,enzy]|["SAT"-tx-5-"sat"-noun-0]|TX|1761/3|
00000000|MMI|3.45|SAT1 wt Allele|C1705827|[gngm]|["SAT"-tx-5-"sat"-noun-0]|TX|1761/3|
00000000|MMI|3.45|Electrocardiographic changes|C0855329|[fndg]|["ekg change"-tx-19-"EKG changes"-noun-1]|TX|3780/11|
00000000|MMI|3.45|Room of building - Study|C0557651|[mnob]|["Study"-tx-9-"Study"-noun-0]|TX|2173/5|
00000000|MMI|3.45|Study|C2603343|[resa]|["Study"-tx-9-"Study"-noun-0]|TX|2173/5|
00000000|MMI|3.45|60%|C3842585|[fndg]|["60%"-tx-3-"60"-integer-0]|TX|938/2|
00000000|MMI|3.45|January|C3829466|[qlco]|["January"-tx-3-"January"-noun-0]|TX|971/7|
00000000|MMI|3.45|Today|C0310367|[antb,orch]|["Today"-tx-3-"Today"-noun-0]|TX|965/5|
00000000|MMI|3.45|Today (temporal qualifier)|C0750526|[tmco]|["Today"-tx-3-"Today"-noun-0]|TX|965/5|
00000000|MMI|3.45|Unit|C0439148|[qnco]|["UNITS"-tx-3-"UNITS"-noun-0]|TX|941/5|
00000000|MMI|3.45|Unit - NCI Thesaurus Property|C3853603|[ftcn]|["Units"-tx-3-"UNITS"-noun-0]|TX|941/5|
00000000|MMI|3.45|Unit of Measure|C1519795|[qnco]|["Units"-tx-3-"UNITS"-noun-0]|TX|941/5|
00000000|MMI|3.44|T wave feature|C0429103|[fndg]|["t waves"-tx-17-"T waves"-noun-0]|TX|3646/7|
00000000|MMI|3.44|Old|C0580836|[tmco]|["Old"-tx-17-"old"-adj-0]|TX|3606/3|
00000000|MMI|3.44|Organ Measurement Domain|C1705272|[inpr]|["OM"-tx-14-"OM"-noun-0]|TX|3001/2|
00000000|MMI|3.44|Rule (guideline)|C0870077|[inpr]|["Rule"-tx-14-"rule"-noun-0]|TX|3293/4|
00000000|MMI|3.44|derivation calculation|C0805874|[idcn]|["Rule"-tx-14-"rule"-noun-0]|TX|3293/4|
00000000|MMI|3.44|Day 5|C3842674|[fndg]|["Day 5"-tx-26-"5 days"-noun-0]|TX|4373/6|
00000000|MMI|3.43|Borg Category-Ratio 10 Perceived Exertion Score 3|C4049706|[inpr]|["Moderate"-tx-20-"moderate"-adj-0]|TX|3863/8|
00000000|MMI|3.43|Moderate (severity modifier)|C0205081|[qlco]|["Moderate"-tx-20-"moderate"-adj-0]|TX|3863/8|
00000000|MMI|3.43|Moderate Extremity Pain|C4049705|[inpr]|["Moderate"-tx-20-"moderate"-adj-0]|TX|3863/8|
00000000|MMI|3.43|Moderation|C1881878|[qlco]|["MODERATE"-tx-20-"moderate"-adj-0]|TX|3863/8|
00000000|MMI|3.43|Recent|C0332185|[tmco]|["Recent"-tx-12-"Recent"-adj-0]|TX|2877/6|
00000000|MMI|3.43|Three|C0205449|[qnco]|["Three"-tx-16-"three"-word_numeral-0]|TX|3516/5|
00000000|MMI|3.43|Two|C0205448|[qnco]|["Two"-tx-27-"two"-adj-0]|TX|4450/3|
00000000|MMI|3.43|Walls of a building|C0677535|[mnob]|["Wall"-tx-20-"wall"-noun-0]|TX|3899/4|
00000000|MMI|3.43|day|C0439228|[tmco]|["DAYS"-tx-27-"days"-noun-0]|TX|4454/4|
00000000|MMI|3.43|social|C0728831|[ftcn]|["Social"-tx-12-"social"-adj-0]|TX|2884/6|
00000000|MMI|3.43|Behavior Rating Inventory of Executive Function|C4050216|[inpr]|["BRIEF"-tx-9-"BRIEF"-adj-0]|TX|2642/5|
00000000|MMI|3.43|Brief|C1879313|[tmco]|["Brief"-tx-9-"BRIEF"-adj-0]|TX|2642/5|
00000000|MMI|3.43|Shortened|C1282927|[qlco]|["brief"-tx-9-"BRIEF"-adj-0]|TX|2642/5|
00000000|MMI|3.42|29+|C3843708|[fndg]|["29+"-tx-38-"29"-fraction-0]|TX|4999/2|
00000000|MMI|3.42|Circumflex|C1880089|[spco]|["Circumflex"-tx-20-"circumflex"-noun-0]|TX|3909/10|
00000000|MMI|3.42|Every morning|C0585329|[tmco]|["QAM"-tx-4-"QAM"-noun-0]|TX|1304/3|
00000000|MMI|3.42|Mild (qualifier value)|C2945599|[qlco]|["Minimal"-tx-17-"minimal"-adj-0]|TX|3624/7|
00000000|MMI|3.42|Minimal|C0547040|[qlco]|["Minimal"-tx-17-"minimal"-adj-0]|TX|3624/7|
00000000|MMI|3.42|Minimum|C1524031|[qlco]|["MINIMAL"-tx-17-"minimal"-adj-0]|TX|3624/7|
00000000|MMI|3.42|Per Liter|C3642217|[qnco]|["/L"-tx-20-"L"-noun-0]|TX|3907/1|
00000000|MMI|3.42|Tuesday|C0585026|[tmco]|["Tuesday"-tx-38-"Tuesday"-noun-0]|TX|4989/7|
00000000|MMI|3.42|Type 2|C0441730|[clas]|["Type II"-tx-9-"type II"-noun-0]|TX|2309/7|
00000000|MMI|3.42|liter/second|C0439394|[qnco]|["l's"-tx-20-"L"-noun-0]|TX|3907/1|
00000000|MMI|3.42|upper case letter ell|C1706495|[inpr]|["L-"-tx-20-"L"-noun-0]|TX|3907/1|
00000000|MMI|3.42|*Type - Kind of quantity|C1547052|[qnco]|["*Type"-tx-9-"type"-noun-0]|TX|2309/4|
00000000|MMI|3.42|Administration procedure|C1533734|[topp]|["Treatment"-tx-9-"Treatment"-noun-0]|TX|2291/9|
00000000|MMI|