00000000|MMI|7.02|1990s|C0681758|[tmco]|["1990s"-tx-1-"1990"-integer-0]|TX|[45/4],[122/4]|
00000000|MMI|3.65|Report status|C0586177|[fndg]|["Report status"-tx-1-"Report Status"-noun-0]|TX|127/13|
00000000|MMI|3.63|Admission date:Time Stamp -- Date and Time:Point in time:^Patient:Quantitative|C2598112|[clna]|["Admission date"-tx-1-"Admission Date"-noun-0]|TX|101/14|
00000000|MMI|3.63|Date of admission|C1302393|[tmco]|["Admission date"-tx-1-"Admission Date"-noun-0]|TX|101/14|
00000000|MMI|3.59|20%|C3842589|[fndg]|["20%"-tx-1-"20"-fraction-0]|TX|42/2|
00000000|MMI|3.59|Pyrexia of unknown origin (excl puerperal)|C0856281|[sosy]|["puo"-tx-1-"PUO"-noun-0]|TX|12/3|
00000000|MMI|3.48|Discharge summarization note:Finding:Point in time:{Setting}:Document:{Provider}|C0801840|[clna]|["Discharge summary"-tx-1-"Discharge Summary"-noun-0]|TX|64/17|
00000000|MMI|3.48|Discharge summary|C0743221|[inpr]|["Discharge summary"-tx-1-"Discharge Summary"-noun-0]|TX|64/17|
00000000|MMI|3.46|10%|C3842590|[fndg]|["10%"-tx-1-"10"-fraction-0]|TX|117/2|
00000000|MMI|3.46|Diagnostic interview schedule|C0451119|[inpr]|["DIS"-tx-1-"DIS"-noun-0]|TX|95/3|
00000000|MMI|3.46|Discontinued|C1444662|[fndg]|["DIS"-tx-1-"DIS"-noun-0]|TX|95/3|
00000000|MMI|93.50|Togo|C0040363|[geoa]|["TO"-tx-36-"to"-adv-0,"TO"-tx-33-"to"-adv-0,"TO"-tx-31-"to"-adv-0,"TO"-tx-30-"to"-adv-0,"TO"-tx-26-"to"-adv-0]|TX|2424/2;2131/2;1995/2;1933/2;1703/2|Z01.058.290.190.800
00000000|MMI|93.50|Tryptophanase|C0041260|[aapp,enzy]|["TO"-tx-36-"to"-adv-0,"TO"-tx-33-"to"-adv-0,"TO"-tx-31-"to"-adv-0,"TO"-tx-30-"to"-adv-0,"TO"-tx-26-"to"-adv-0]|TX|2424/2;2131/2;1995/2;1933/2;1703/2|D08.811.520.224.800
00000000|MMI|67.08|Dominican Republic|C0013014|[geoa]|["DR"-tx-36-"Dr"-noun-0,"DR"-tx-32-"Dr"-noun-0,"DR"-tx-23-"Dr"-noun-0,"DR"-tx-22-"Dr"-noun-0]|TX|2456/2;2084/2;1547/2;1528/2|Z01.107.084.900.300;Z01.639.880.300
00000000|MMI|55.45|Patients|C0030705|[podg]|["*^patient"-tx-33-"patient"-noun-0,"*^patient"-tx-31-"patient"-noun-0,"*^patient"-tx-29-"patient"-noun-0,"*^patient"-tx-26-"patient"-noun-0,"*^patient"-tx-25-"patient"-noun-0,"*^patient"-tx-21-"patient"-noun-0,"*^patient"-tx-2-"patient"-noun-0]|TX|2108/7;1981/7;1826/7;1668/7;1564/7;1415/7;139/7|M01.643
00000000|MMI|54.07|Physicians|C0031831|[prog]|["DR"-tx-36-"Dr"-noun-0,"DR"-tx-32-"Dr"-noun-0,"DR"-tx-23-"Dr"-noun-0,"DR"-tx-22-"Dr"-noun-0]|TX|2456/2;2084/2;1547/2;1528/2|M01.526.485.810;N02.360.810
00000000|MMI|51.30|Appendectomy|C0003611|[topp]|["APPENDECTOMY"-tx-19-"appendectomy"-noun-0,"APPENDECTOMY"-tx-17-"appendectomy"-noun-0,"APPENDECTOMY"-tx-5-"appendectomy"-noun-0,"APPENDECTOMY"-tx-2-"appendectomy"-noun-0,"APPENDECTOMY"-tx-1-"appendectomy"-noun-0]|TX|1311/12;1193/12;387/12;214/12;111/12|E04.210.078
00000000|MMI|49.17|Cicatrix|C2004491|[patf]|["Scar NOS"-tx-19-"scar"-noun-0,"Scar NOS"-tx-17-"scar"-noun-0,"Scar NOS"-tx-2-"scar"-noun-0]|TX|1324/4;1206/4;227/4|A10.165.450.300;C23.550.355.274;G16.100.856.891.249
00000000|MMI|49.08|Pain|C0030193|[sosy]|["PAIN"-tx-29-"pain"-noun-0,"PAIN"-tx-28-"pain"-noun-0,"PAIN"-tx-19-"pain"-noun-0]|TX|1863/4;1815/4;1295/4|C10.597.617;C23.888.592.612;F02.830.816.444;G11.561.600.810.444
00000000|MMI|45.03|Hydrochlorothiazide|C0020261|[orch,phsu]|["HYDROCHLOROTHIAZIDE"-tx-35-"Hydrochlorothiazide"-noun-0,"HYDROCHLOROTHIAZIDE"-tx-8-"Hydrochlorothiazide"-noun-0]|TX|2333/19;575/19|D02.886.590.700.135.261.476;D02.886.655.500.261.476;D03.438.174.261.476
00000000|MMI|40.44|Nausea|C0027497|[sosy]|["NAUSEA"-tx-27-"nausea"-noun-0,"NAUSEA"-tx-9-"NAUSEA"-noun-0,"NAUSEA"-tx-3-"nausea"-noun-1]|TX|1744/6;693/6;260/6|C23.888.821.712
00000000|MMI|38.81|Patient Discharge|C0030685|[hlca]|["Discharge"-tx-33-"discharge"-noun-0,"Release"-tx-6-"release"-noun-0]|TX|2212/9;440/7|E02.204.125;E02.760.400.610;N02.421.192.125;N02.421.585.400.610;N04.590.233.727.210.125
00000000|MMI|30.89|Abortion consent:Finding:Point in time:^Patient:Document|C2360836|[clna]|["Patient"-tx-33-"patient"-noun-0,"Patient"-tx-31-"patient"-noun-0,"Patient"-tx-29-"patient"-noun-0,"Patient"-tx-26-"patient"-noun-0,"Patient"-tx-25-"patient"-noun-0,"Patient"-tx-21-"patient"-noun-0,"Patient"-tx-2-"patient"-noun-0]|TX|2108/7;1981/7;1826/7;1668/7;1564/7;1415/7;139/7|
00000000|MMI|30.89|Hysterectomy consent:Finding:Point in time:^Patient:Document|C2360838|[clna]|["Patient"-tx-33-"patient"-noun-0,"Patient"-tx-31-"patient"-noun-0,"Patient"-tx-29-"patient"-noun-0,"Patient"-tx-26-"patient"-noun-0,"Patient"-tx-25-"patient"-noun-0,"Patient"-tx-21-"patient"-noun-0,"Patient"-tx-2-"patient"-noun-0]|TX|2108/7;1981/7;1826/7;1668/7;1564/7;1415/7;139/7|
00000000|MMI|30.89|Sterilization consent:Finding:Point in time:^Patient:Document|C2360840|[clna]|["Patient"-tx-33-"patient"-noun-0,"Patient"-tx-31-"patient"-noun-0,"Patient"-tx-29-"patient"-noun-0,"Patient"-tx-26-"patient"-noun-0,"Patient"-tx-25-"patient"-noun-0,"Patient"-tx-21-"patient"-noun-0,"Patient"-tx-2-"patient"-noun-0]|TX|2108/7;1981/7;1826/7;1668/7;1564/7;1415/7;139/7|
00000000|MMI|30.18|Female|C0015780|[orga]|["FEMALE"-tx-19-"female"-noun-0,"FEMALE"-tx-13-"female"-noun-0,"FEMALE"-tx-1-"female"-noun-0]|TX|1283/6;925/6;76/6|x.x.x
00000000|MMI|30.18|Females|C0086287|[popg]|["female"-tx-19-"female"-noun-0,"female"-tx-13-"female"-noun-0,"female"-tx-1-"female"-noun-0]|TX|1283/6;925/6;76/6|x.x.x
00000000|MMI|29.46|Etiology|C1314792|[ftcn]|["Causes"-tx-9-"CAUSES"-verb-0]|TX|[661/6],[686/6]|N05.715.350.200;N06.850.490.625
00000000|MMI|29.46|Vomiting|C0042963|[sosy]|["VOMITING"-tx-9-"VOMITING"-noun-0,"VOMITING"-tx-3-"vomiting"-noun-1]|TX|704/8;270/8|C23.888.821.937
00000000|MMI|28.71|Obesity|C0028754|[dsyn]|["OBESE"-tx-17-"obese"-adj-0]|TX|1115/5|C18.654.726.500;C23.888.144.699.500;E01.370.600.115.100.160.120.699.500;G07.100.100.160.120.699.500
00000000|MMI|27.26|Cattle|C0007452|[mamm]|["bulls"-tx-24-"Bulls"-noun-0]|TX|1551/5|B01.050.150.900.649.077.380.271
00000000|MMI|27.26|Overweight|C0497406|[sosy]|["OVERWEIGHT"-tx-13-"overweight"-noun-0]|TX|897/10|C23.888.144.699;E01.370.600.115.100.160.120.699;G07.100.100.160.120.699
00000000|MMI|27.26|Penicillin G|C0030827|[antb,orch]|["penicillin"-tx-9-"PENICILLIN"-noun-0]|TX|650/10|D02.065.589.099.750.750;D02.886.108.750.750;D03.438.260.825.750;D03.605.084.737.750;D04.075.080.875.099.221.750.750
00000000|MMI|27.22|To|C1883351|[qlco]|["To"-tx-36-"to"-adv-0,"To"-tx-33-"to"-adv-0,"To"-tx-31-"to"-adv-0,"To"-tx-30-"to"-adv-0,"To"-tx-26-"to"-adv-0]|TX|2424/2;2131/2;1995/2;1933/2;1703/2|
00000000|MMI|26.28|Infantile Neuroaxonal Dystrophy|C0270724|[dsyn]|["PLAN"-tx-33-"plan"-noun-0,"PLAN"-tx-20-"plan"-noun-0]|TX|2203/4;1335/4|C10.228.140.744
00000000|MMI|24.11|Penicillin|C0220892|[antb,orch]|["PENICILLIN"-tx-9-"PENICILLIN"-noun-0]|TX|650/10|D02.065.589.099.750;D02.886.108.750;D03.438.260.825;D03.605.084.737;D04.075.080.875.099.221.750
00000000|MMI|24.11|Penicillins|C0030842|[antb,orch]|["Penicillin"-tx-9-"PENICILLIN"-noun-0]|TX|650/10|D02.065.589.099.750;D02.886.108.750;D03.438.260.825;D03.605.084.737;D04.075.080.875.099.221.750
00000000|MMI|24.11|Seldane|C0699931|[orch,phsu]|["Seldane"-tx-8-"Seldane"-noun-0]|TX|608/7|D02.455.426.559.389.115.800;D03.383.621.855
00000000|MMI|23.12|Etiology aspects|C0015127|[ftcn]|["causes"-tx-9-"CAUSES"-verb-0]|TX|[661/6],[686/6]|x.x.x
00000000|MMI|22.78|90%|C3842582|[fndg]|["90%"-tx-40-"90"-integer-0,"90%"-tx-31-"90"-integer-0,"90%"-tx-29-"90"-integer-0,"90%"-tx-21-"90"-integer-0,"90%"-tx-12-"90"-fraction-0]|TX|[2582/2],[2622/2];1972/2;1843/2;1462/2;849/2|
00000000|MMI|22.78|<90|C0439087|[qnco]|["<90"-tx-40-"90"-integer-0,"<90"-tx-31-"90"-integer-0,"<90"-tx-29-"90"-integer-0,"<90"-tx-21-"90"-integer-0,"<90"-tx-12-"90"-fraction-0]|TX|[2582/2],[2622/2];1972/2;1843/2;1462/2;849/2|
00000000|MMI|22.78|>90|C0439083|[qnco]|[">90"-tx-40-"90"-integer-0,">90"-tx-31-"90"-integer-0,">90"-tx-29-"90"-integer-0,">90"-tx-21-"90"-integer-0,">90"-tx-12-"90"-fraction-0]|TX|[2582/2],[2622/2];1972/2;1843/2;1462/2;849/2|
00000000|MMI|20.95|Morphine|C0026549|[orch,phsu]|["MORPHINE"-tx-9-"MORPHINE"-noun-0]|TX|677/8|D03.132.577.249.562.571;D03.549.686.607.587;D03.605.497.607.587;D04.615.723.795.576.571
00000000|MMI|20.57|Woman|C0043210|[popg]|["female"-tx-19-"female"-noun-0,"female"-tx-13-"female"-noun-0,"female"-tx-1-"female"-noun-0]|TX|1283/6;925/6;76/6|M01.975
00000000|MMI|18.08|Old|C0580836|[tmco]|["Old"-tx-19-"old"-adj-0,"Old"-tx-19-"old"-noun-0,"Old"-tx-2-"old"-adj-0,"Old"-tx-1-"old"-adj-0,"Old"-tx-1-"old"-noun-0]|TX|[1279/3],[1307/3];[1279/3],[1307/3];210/3;[72/3],[107/3];[72/3],[107/3]|
00000000|MMI|17.80|Blood Pressure|C0005823|[orgf]|["BLOOD PRESSURE"-tx-12-"Blood pressure"-noun-0]|TX|827/14|E01.370.600.875.249;G09.330.380.076
00000000|MMI|17.80|Pulse taking|C0034107|[hlca]|["Pulses"-tx-16-"Pulses"-noun-0]|TX|1049/6|E01.370.370.380.650;E01.370.600.650;G09.330.380.750
00000000|MMI|17.80|Systemic arterial pressure|C1272641|[fndg]|["Blood pressure"-tx-12-"Blood pressure"-noun-0]|TX|827/14|G09.330.380.076.347
00000000|MMI|17.80|heart rate|C0018810|[clna]|["Heart Rate"-tx-12-"heart rate"-noun-0]|TX|854/10|E01.370.600.875.500;G09.330.380.500
00000000|MMI|16.77|Hypersensitivity|C0020517|[patf]|["Allergies"-tx-9-"ALLERGIES"-noun-0,"Allergies"-tx-8-"allergies"-noun-0]|TX|639/9;627/9|C20.543
00000000|MMI|16.77|Time|C0040223|[tmco]|["TIME"-tx-30-"time"-noun-0,"TIME"-tx-26-"time"-noun-0]|TX|1956/4;1657/4|G01.910
00000000|MMI|16.21|Abdominal Pain|C0000737|[sosy]|["Abdomen pain"-tx-27-"pain abdomen"-noun-0]|TX|1760/4,1772/7|C10.597.617.044;C23.888.592.612.054;C23.888.821.030
00000000|MMI|15.07|Delayed Release Dosage Form|C1707664|[bodm]|["DR"-tx-36-"Dr"-noun-0,"DR"-tx-32-"Dr"-noun-0,"DR"-tx-23-"Dr"-noun-0,"DR"-tx-22-"Dr"-noun-0]|TX|2456/2;2084/2;1547/2;1528/2|
00000000|MMI|15.07|Device to Subject Relationship Domain|C3540849|[inpr]|["DR"-tx-36-"Dr"-noun-0,"DR"-tx-32-"Dr"-noun-0,"DR"-tx-23-"Dr"-noun-0,"DR"-tx-22-"Dr"-noun-0]|TX|2456/2;2084/2;1547/2;1528/2|
00000000|MMI|15.07|Doctor - Title|C2348314|[cnce]|["Dr."-tx-36-"Dr"-noun-0,"Dr."-tx-32-"Dr"-noun-0,"Dr."-tx-23-"Dr"-noun-0,"Dr."-tx-22-"Dr"-noun-0]|TX|2456/2;2084/2;1547/2;1528/2|
00000000|MMI|14.64|Abdominal Cavity|C0230168|[blor]|["Abdomen"-tx-17-"Abdomen"-noun-0]|TX|1099/7|A01.923.047.025
00000000|MMI|14.64|Chronic Obstructive Airway Disease|C0024117|[dsyn]|["CHRONIC OBSTRUCTIVE PULMONARY DISEASE"-tx-7-"chronic obstructive pulmonary disease"-noun-0]|TX|509/37|C08.381.495.389
00000000|MMI|14.64|Neurologic Examination|C0027853|[diap]|["Neurological Examination"-tx-18-"Neurological examination"-noun-0]|TX|1213/24|E01.370.376.550;E01.370.600.550
00000000|MMI|13.07|Operating Room|C0029064|[hcro,mnob]|["OPERATING ROOM"-tx-21-"operating room"-noun-0]|TX|1440/14|N02.278.388.700
00000000|MMI|12.96|Intestinal Obstruction|C0021843|[dsyn]|["Obstruction of intestine NOS"-tx-3-"of intestinal obstruction"-noun-1]|TX|292/25|C06.405.469.531
00000000|MMI|12.91|Auscultation|C0004339|[diap]|["AUSCULTATION"-tx-14-"auscultation"-noun-0]|TX|958/12|E01.370.600.060
00000000|MMI|11.60|Nausea Adverse Event|C1963179|[patf]|["Nausea"-tx-27-"nausea"-noun-0,"Nausea"-tx-9-"NAUSEA"-noun-0,"Nausea"-tx-3-"nausea"-noun-1]|TX|1744/6;693/6;260/6|
00000000|MMI|11.49|Abdomen|C0000726|[blor]|["ABDOMEN"-tx-17-"Abdomen"-noun-0]|TX|1099/7|A01.923.047
00000000|MMI|11.49|Exanthema|C0015230|[sosy]|["RASH"-tx-9-"RASH"-noun-0]|TX|670/4|C17.800.257
00000000|MMI|11.49|Heart murmur|C0018808|[fndg]|["murmurs"-tx-15-"murmurs"-noun-1]|TX|1019/7|C23.888.447
00000000|MMI|11.49|Physical Examination|C0031809|[hlca]|["PHYSICAL EXAMINATION"-tx-12-"PHYSICAL EXAMINATION"-noun-0]|TX|805/20|E01.370.600
00000000|MMI|11.49|Smoke|C0037366|[hops]|["Smoke"-tx-10-"smoke"-verb-0]|TX|728/5|D20.633.937
00000000|MMI|11.49|Thinking, function|C0039869|[menp]|["Thought"-tx-30-"thought"-verb-0]|TX|1925/7|F02.463.785
00000000|MMI|10.99|Medications:-:Point in time:^Patient:-|C2598133|[clna]|["Medications"-tx-35-"medications"-noun-0,"Medications"-tx-33-"medications"-noun-0,"Medications"-tx-8-"MEDICATIONS"-noun-0]|TX|2393/11;2175/11;549/11|
00000000|MMI|10.99|Medications:Presence or Identity:Duration of the study:^Patient:Nominal|C0802604|[clna]|["Medications"-tx-35-"medications"-noun-0,"Medications"-tx-33-"medications"-noun-0,"Medications"-tx-8-"MEDICATIONS"-noun-0]|TX|2393/11;2175/11;549/11|
00000000|MMI|10.99|Pharmaceutical Preparations|C0013227|[phsu]|["Medications"-tx-35-"medications"-noun-0,"Medications"-tx-33-"medications"-noun-0,"Medications"-tx-8-"MEDICATIONS"-noun-0]|TX|2393/11;2175/11;549/11|D26
00000000|MMI|10.96|Female Phenotype|C1705498|[qlco]|["Female"-tx-19-"female"-noun-0,"Female"-tx-13-"female"-noun-0,"Female"-tx-1-"female"-noun-0]|TX|1283/6;925/6;76/6|
00000000|MMI|10.96|Female, Self-Report|C1705497|[qlco]|["Female"-tx-19-"female"-noun-0,"Female"-tx-13-"female"-noun-0,"Female"-tx-1-"female"-noun-0]|TX|1283/6;925/6;76/6|
00000000|MMI|10.72|Scar Tissue|C0241158|[fndg]|["scar"-tx-19-"scar"-noun-0,"scar"-tx-17-"scar"-noun-0,"scar"-tx-2-"scar"-noun-0]|TX|1324/4;1206/4;227/4|
00000000|MMI|10.63|Pain NOS Adverse Event|C1962977|[fndg]|["Pain NOS"-tx-29-"pain"-noun-0,"Pain NOS"-tx-28-"pain"-noun-0,"Pain NOS"-tx-19-"pain"-noun-0]|TX|1863/4;1815/4;1295/4|
00000000|MMI|10.47|year|C0439234|[tmco]|["YEAR"-tx-19-"year"-noun-0,"YEARS"-tx-2-"years"-noun-0,"YEAR"-tx-1-"year"-noun-0]|TX|1274/4;241/5;67/4|
00000000|MMI|10.42|Doctor of Medicine|C1512018|[inpr]|["M.D."-tx-41-"M.D"-noun-0,"M.D."-tx-38-"M.D"-noun-0]|TX|2655/3;2556/3|
00000000|MMI|10.42|Science of Etiology|C1524003|[cnce]|["Cause"-tx-9-"CAUSES"-verb-0]|TX|[661/6],[686/6]|
00000000|MMI|10.42|Time (foundation metadata concept)|C3541383|[tmco]|["Time"-tx-30-"time"-noun-0,"Time"-tx-26-"time"-noun-0]|TX|1956/4;1657/4|
00000000|MMI|10.42|Vomiting Adverse Event|C1963281|[patf]|["Vomiting"-tx-9-"VOMITING"-noun-0,"Vomiting"-tx-3-"vomiting"-noun-1]|TX|704/8;270/8|
00000000|MMI|9.88|Historical aspects qualifier|C0019665|[ftcn]|["history"-tx-3-"history"-noun-0]|TX|284/7|x.x.x
00000000|MMI|9.76|Hypertensive disease|C0020538|[dsyn]|["HYPERTENSION"-tx-4-"hypertension"-noun-0]|TX|361/12|C14.907.489
00000000|MMI|9.75|Outpatients|C0029921|[podg]|["Outpatient"-tx-37-"outpatient"-noun-0]|TX|2477/10|M01.643.630
00000000|MMI|8.34|Heart|C0018787|[bpoc]|["HEART"-tx-15-"Heart"-noun-0]|TX|973/5|A07.541
00000000|MMI|8.34|Lung|C0024109|[bpoc]|["LUNGS"-tx-14-"lungs"-noun-0]|TX|938/5|A04.411
00000000|MMI|7.70|CDISC SDTM Procedure Terminology|C3539779|[inpr]|["Procedure"-tx-25-"procedure"-noun-0,"Procedure"-tx-22-"procedure"-noun-0]|TX|1586/9;1473/9|
00000000|MMI|7.70|Interventional procedure|C0184661|[topp]|["Procedure"-tx-25-"procedure"-noun-0,"Procedure"-tx-22-"procedure"-noun-0]|TX|1586/9;1473/9|
00000000|MMI|7.70|Physical Medical Procedure|C3274430|[hlca]|["PROCEDURE"-tx-25-"procedure"-noun-0,"PROCEDURE"-tx-22-"procedure"-noun-0]|TX|1586/9;1473/9|
00000000|MMI|7.70|Procedure (set of actions)|C2700391|[acty]|["Procedure"-tx-25-"procedure"-noun-0,"Procedure"-tx-22-"procedure"-noun-0]|TX|1586/9;1473/9|
00000000|MMI|7.70|Procedure Domain|C3538935|[inpr]|["Procedure"-tx-25-"procedure"-noun-0,"Procedure"-tx-22-"procedure"-noun-0]|TX|1586/9;1473/9|
00000000|MMI|7.70|Surgical and medical procedures|C1948041|[topp]|["Procedure"-tx-25-"procedure"-noun-0,"Procedure"-tx-22-"procedure"-noun-0]|TX|1586/9;1473/9|
00000000|MMI|7.49|Medical History|C0262926|[fndg]|["Past Medical History"-tx-4-"PAST MEDICAL HISTORY"-noun-0,"History"-tx-3-"history"-noun-1]|TX|320/20;284/7|
00000000|MMI|7.32|Repair of incisional hernia|C0342971|[topp]|["Incisional hernia repair"-tx-22-"incisional hernia repair"-noun-0,"Incisional hernia repair"-tx-20-"incisional hernia repair"-noun-0]|TX|1500/24;1351/24|
00000000|MMI|7.27|History of present illness|C0262512|[orga]|["History, NOS"-tx-3-"history"-noun-0,"HISTORY OF PRESENT ILLNESS"-tx-1-"HISTORY OF PRESENT ILLNESS"-noun-0]|TX|284/7;26/26|
00000000|MMI|7.25|Planned|C1301732|[ftcn]|["Plan"-tx-33-"plan"-noun-0,"Plan"-tx-20-"plan"-noun-0]|TX|2203/4;1335/4|
00000000|MMI|7.25|Treatment Plan|C0599880|[inpr]|["Plan"-tx-33-"plan"-noun-0,"Plan"-tx-20-"plan"-noun-0]|TX|2203/4;1335/4|
00000000|MMI|7.23|+2|C0740116|[qnco]|["+2"-tx-40-"2"-fraction-0,"+2"-tx-16-"2"-integer-0]|TX|2617/1;1061/1|
00000000|MMI|7.23|2+|C3833492|[fndg]|["2+"-tx-40-"2"-fraction-0,"2+"-tx-16-"2"-integer-0]|TX|2617/1;1061/1|
00000000|MMI|7.23|2+ Score|C2827735|[qnco]|["2+"-tx-40-"2"-fraction-0,"2+"-tx-16-"2"-integer-0]|TX|2617/1;1061/1|
00000000|MMI|7.23|2+ Score, WHO|C2981700|[clas]|["2+"-tx-40-"2"-fraction-0,"2+"-tx-16-"2"-integer-0]|TX|2617/1;1061/1|
00000000|MMI|7.18|Ambulate|C4036205|[fndg]|["Ambulate"-tx-32-"ambulating"-noun-0,"Ambulate"-tx-29-"ambulating"-noun-0]|TX|2034/10;1888/10|
00000000|MMI|7.14|Followed by|C0332283|[tmco]|["followed"-tx-36-"followed"-verb-0,"follow"-tx-34-"following"-adj-0]|TX|2430/8;2272/9|
00000000|MMI|7.13|P Blood group antibodies|C0369773|[aapp,imft]|["P NOS"-tx-33-"p"-noun-0,"P NOS"-tx-8-"p"-adj-0]|TX|2170/1;616/1|
00000000|MMI|7.13|P prime|C2603361|[clna]|["P'"-tx-33-"p"-noun-0,"P'"-tx-8-"p"-adj-0]|TX|2170/1;616/1|
00000000|MMI|7.09|Slow|C0439834|[qlco]|["Slow"-tx-32-"slow"-adj-0,"Slow"-tx-26-"slow"-adj-0]|TX|2029/4;1698/4|
00000000|MMI|7.06|10%|C3842590|[fndg]|["10%"-tx-31-"10"-fraction-0,"10%"-tx-29-"10"-fraction-0]|TX|1966/2;1837/2|
00000000|MMI|7.06|Intravenous analgesia unit|C0181331|[medd]|["PCA Pump"-tx-32-"PCA pump"-noun-0,"PCA Pump"-tx-28-"PCA pump"-noun-0]|TX|2057/8;1798/8|
00000000|MMI|7.02|Good|C0205170|[qlco]|["Well"-tx-25-"well"-adv-0,"Well"-tx-13-"well"-adv-0]|TX|1596/4;920/4|
00000000|MMI|7.02|Well|C3146287|[mnob]|["Well"-tx-25-"well"-adv-0,"Well"-tx-13-"well"-adv-0]|TX|1596/4;920/4|
00000000|MMI|6.93|per year|C0439508|[tmco]|["/Year"-tx-19-"year"-noun-0,"/Year"-tx-1-"year"-noun-0]|TX|1274/4;67/4|
00000000|MMI|6.92|Mild (qualifier value)|C2945599|[qlco]|["Minimal"-tx-30-"Minimal"-adj-0,"MILD"-tx-17-"mild"-adj-0]|TX|1901/7;1145/4|
00000000|MMI|6.72|History|C0019664|[ocdi]|["History"-tx-3-"history"-noun-0]|TX|284/7|K01.400
00000000|MMI|6.71|Emotions|C0013987|[menp]|["feel"-tx-32-"felt"-verb-0]|TX|2076/4|F01.470
00000000|MMI|5.18|80%|C3842583|[fndg]|["80%"-tx-12-"80"-integer-0]|TX|868/2|
00000000|MMI|5.18|Assessed|C1516048|[acty]|["Assessment"-tx-19-"ASSESSMENT"-noun-0]|TX|1253/10|
00000000|MMI|5.18|Blood pressure finding|C1271104|[fndg]|["Blood Pressure"-tx-12-"Blood pressure"-noun-0]|TX|827/14|
00000000|MMI|5.18|Circumpennate|C0920847|[cnce]|["Radial"-tx-16-"radial"-adj-0]|TX|1071/6|
00000000|MMI|5.18|Clinical Study Follow-up|C3274571|[hlca]|["FOLLOW-UP"-tx-36-"FOLLOWUP"-noun-0]|TX|2407/8|
00000000|MMI|5.18|Continuous|C0549178|[idcn]|["Continue"-tx-33-"continue"-verb-0]|TX|2122/8|
00000000|MMI|5.18|Deny (action)|C2700401|[acty]|["Deny"-tx-3-"denies"-verb-0]|TX|253/6|
00000000|MMI|5.18|Discharge date|C2361123|[tmco]|["Discharge date"-tx-1-"Discharge Date"-noun-0]|TX|0/14|
00000000|MMI|5.18|Discharge date:Time Stamp -- Date and Time:Point in time:^Patient:Quantitative|C2361122|[clna]|["Discharge date"-tx-1-"Discharge Date"-noun-0]|TX|0/14|
00000000|MMI|5.18|Disposition|C0743223|[idcn]|["Disposition"-tx-34-"DISPOSITION"-noun-0]|TX|2233/11|
00000000|MMI|5.18|Disposition Domain|C1705555|[inpr]|["Disposition"-tx-34-"DISPOSITION"-noun-0]|TX|2233/11|
00000000|MMI|5.18|Doctor of Philosophy|C1512022|[inpr]|["Ph.D."-tx-39-"PH.D"-noun-0]|TX|2563/4|
00000000|MMI|5.18|Does mobilize|C0578718|[fndg]|["mobilize"-tx-26-"mobilize"-verb-0]|TX|1706/8|
00000000|MMI|5.18|Entire abdomen|C1281594|[bpoc]|["Abdomen"-tx-17-"Abdomen"-noun-0]|TX|1099/7|
00000000|MMI|5.18|Entire heart|C1281570|[bpoc]|["Heart"-tx-15-"Heart"-noun-0]|TX|973/5|
00000000|MMI|5.18|Entity Name Part Type - given|C1550718|[idcn]|["given"-tx-28-"given"-verb-0]|TX|1790/5|
00000000|MMI|5.18|Evaluation procedure|C1261322|[hlca]|["Assessment"-tx-19-"ASSESSMENT"-noun-0]|TX|1253/10|
00000000|MMI|5.18|Evening|C0587117|[tmco]|["Evening"-tx-25-"evening"-noun-0]|TX|1636/7|
00000000|MMI|5.18|Exploration procedure|C1280903|[topp]|["Exploration"-tx-20-"exploration"-noun-0]|TX|1380/11|
00000000|MMI|5.18|Follow-Up Report|C1704685|[inpr]|["Follow-Up"-tx-36-"FOLLOWUP"-noun-0]|TX|2407/8|
00000000|MMI|5.18|Follow-up status|C0589120|[fndg]|["Follow-up"-tx-36-"FOLLOWUP"-noun-0]|TX|2407/8|
00000000|MMI|5.18|GIVEN|C1442162|[cnce]|["GIVEN"-tx-28-"given"-verb-0]|TX|1790/5|
00000000|MMI|5.18|General medical service|C3812897|[hlca]|["General"-tx-13-"general"-adj-0]|TX|876/7|
00000000|MMI|5.18|Generalized|C0205246|[spco]|["General"-tx-13-"general"-adj-0]|TX|876/7|
00000000|MMI|5.18|Give - dosing instruction imperative|C1947971|[ftcn]|["Given"-tx-28-"given"-verb-0]|TX|1790/5|
00000000|MMI|5.18|Given name|C3244317|[inpr]|["given"-tx-28-"given"-verb-0]|TX|1790/5|
00000000|MMI|5.18|Hospital course|C0489547|[fndg]|["Hospital course"-tx-21-"HOSPITAL COURSE"-noun-0]|TX|1394/15|
00000000|MMI|5.18|Hospital course:Finding:Point in time:^Patient:Narrative|C0488549|[clna]|["Hospital course"-tx-21-"HOSPITAL COURSE"-noun-0]|TX|1394/15|
00000000|MMI|5.18|Increase|C0442805|[ftcn]|["Increase"-tx-33-"increase"-verb-0]|TX|2157/8|
00000000|MMI|5.18|Medical Device Emits Smoke|C1881674|[phpr]|["Smoke"-tx-10-"smoke"-verb-0]|TX|728/5|
00000000|MMI|5.18|Much better|C3841449|[fndg]|["Much Better"-tx-31-"much better"-adj-0]|TX|2007/11|
00000000|MMI|5.18|Negation|C1518422|[ftcn]|["Not"-tx-10-"not"-adv-0]|TX|724/3|
00000000|MMI|5.18|On admission|C0457453|[tmco]|["On admission"-tx-8-"ON ADMISSION"-adj-0]|TX|561/12|
00000000|MMI|5.18|PMH - past medical history|C0455458|[fndg]|["Past medical history"-tx-4-"PAST MEDICAL HISTORY"-noun-0]|TX|320/20|
00000000|MMI|5.18|Performed|C0884358|[ftcn]|["Performed"-tx-22-"performed"-verb-0]|TX|1483/9|
00000000|MMI|5.18|Physiologic pulse|C0391850|[phsf]|["PULSES"-tx-16-"Pulses"-noun-0]|TX|1049/6|
00000000|MMI|5.18|Radial|C0442038|[cnce]|["Radial"-tx-16-"radial"-adj-0]|TX|1071/6|
00000000|MMI|5.18|Review of systems (procedure)|C0489633|[hlca]|["Review of Systems"-tx-11-"REVIEW OF SYSTEMS"-noun-0]|TX|765/17|
00000000|MMI|5.18|Review of systems:Finding:Point in time:^Patient:Narrative:Reported|C0488564|[clna]|["Review of systems"-tx-11-"REVIEW OF SYSTEMS"-noun-0]|TX|765/17|
00000000|MMI|5.18|Review of systems:Finding:Point in time:^Patient:Nominal:Reported|C0488565|[clna]|["Review of systems"-tx-11-"REVIEW OF SYSTEMS"-noun-0]|TX|765/17|
00000000|MMI|5.18|Rhythm|C0871269|[fndg]|["Rhythm"-tx-15-"rhythm"-noun-0]|TX|1002/6|
00000000|MMI|5.18|Rhythm Not Otherwise Specified ECG Assessment|C3828331|[inpr]|["Rhythm Not Otherwise Specified"-tx-15-"rhythm"-noun-0]|TX|1002/6|
00000000|MMI|5.18|Rubs|C3842105|[fndg]|["Rubs"-tx-15-"rubs"-verb-1]|TX|1029/4|
00000000|MMI|5.18|Safety Reporting Documentation|C3891294|[inpr]|["General"-tx-13-"general"-adj-0]|TX|876/7|
00000000|MMI|5.18|Since|C1711239|[tmco]|["Since"-tx-26-"Since"-adv-0]|TX|1646/5|
00000000|MMI|5.18|Therapeutic Mobilization|C0185112|[topp]|["mobilize"-tx-26-"mobilize"-verb-0]|TX|1706/8|
00000000|MMI|5.18|Tobacco smoke|C0439994|[hops]|["Smoke"-tx-10-"smoke"-verb-0]|TX|728/5|
00000000|MMI|5.18|follow-up|C1522577|[hlca]|["Followup"-tx-36-"FOLLOWUP"-noun-0]|TX|2407/8|
00000000|MMI|5.18|rhythmic process (biological)|C1523018|[phsf]|["rhythm"-tx-15-"rhythm"-noun-0]|TX|1002/6|
00000000|MMI|3.98|Beginning|C0439659|[tmco]|["Begin"-tx-31-"began"-verb-0]|TX|1989/5|
00000000|MMI|3.75|Registered nurse|C0687673|[prog]|["R.N."-tx-8-"r.n"-adj-0]|TX|618/3|
00000000|MMI|3.68|C-Circle|C3538933|[celc]|["CC"-tx-42-"cc"-noun-0]|TX|2665/2|
00000000|MMI|3.68|Medical center|C0565990|[hcro,mnob]|["Medical centre"-tx-42-"MEDICAL CENTER"-noun-0]|TX|2688/14|
00000000|MMI|3.68|Military Hospital - Medical Center|C1552471|[hcro,mnob]|["Medical Center"-tx-42-"MEDICAL CENTER"-noun-0]|TX|2688/14|
00000000|MMI|3.68|Rate|C1521828|[qnco]|["Rate"-tx-15-"rate"-noun-0]|TX|993/4|
00000000|MMI|3.68|Rating (action)|C0871208|[acty]|["Rate"-tx-15-"rate"-noun-0]|TX|993/4|
00000000|MMI|3.68|Regulatory Report|C3273238|[inpr]|["Report"-tx-40-"Report"-noun-0]|TX|2597/6|
00000000|MMI|3.68|Report (document)|C0684224|[inpr]|["Report"-tx-40-"Report"-noun-0]|TX|2597/6|
00000000|MMI|3.68|Reporting|C0700287|[hlca]|["Report"-tx-40-"Report"-noun-0]|TX|2597/6|
00000000|MMI|3.68|milligram/day|C0439422|[qnco]|["mg day"-tx-35-"mg day"-noun-0]|TX|2356/2,2366/3|
00000000|MMI|3.67|History of present illness:Finding:Point in time:^Patient:Nominal:Reported|C0488508|[clna]|["History of present illness"-tx-1-"HISTORY OF PRESENT ILLNESS"-noun-0]|TX|26/26|
00000000|MMI|3.65|Right lower quadrant pain|C0694551|[sosy]|["pain right lower quadrant"-tx-2-"pain right lower quadrant"-noun-0]|TX|155/4,182/20|
00000000|MMI|3.63|Drink (dietary substance)|C0452428|[food]|["Drinks"-tx-10-"drinks"-noun-0]|TX|756/6|
00000000|MMI|3.63|Hour|C0439227|[tmco]|["HOURS"-tx-35-"hours"-noun-0]|TX|2325/5|
00000000|MMI|3.63|Non-tender|C0520960|[qlco]|["Nontender"-tx-17-"nontender"-adj-0]|TX|1123/9|
00000000|MMI|3.62|Decompression of median nerve|C0196576|[topp]|["Carpal tunnel release"-tx-6-"carpal tunnel release"-noun-0]|TX|426/21|
00000000|MMI|3.62|Right carpal tunnel|C0833261|[bsoj]|["Right carpal tunnel"-tx-6-"right carpal tunnel"-noun-0]|TX|420/19|
00000000|MMI|3.61|Batch (Response Modality)|C1550176|[inpr]|["Batch"-tx-40-"Batch"-noun-0]|TX|2585/5|
00000000|MMI|3.61|Batch (group)|C1948031|[qnco]|["Batch"-tx-40-"Batch"-noun-0]|TX|2585/5|
00000000|MMI|3.61|Batch Number|C3641829|[inpr]|["BATCH"-tx-40-"Batch"-noun-0]|TX|2585/5|
00000000|MMI|3.61|Daily|C0332173|[tmco]|["/day"-tx-8-"day"-noun-0]|TX|600/3|
00000000|MMI|3.61|Intake|C1512806|[ftcn]|["Intake"-tx-30-"intake"-noun-0]|TX|1914/6|
00000000|MMI|3.61|day|C0439228|[tmco]|["DAY"-tx-8-"day"-noun-0]|TX|600/3|
00000000|MMI|3.61|per day|C0439505|[tmco]|["/day"-tx-8-"day"-noun-0]|TX|600/3|
00000000|MMI|3.61|Patient location type - Operating Room|C1578465|[spco]|["Operating Room"-tx-21-"operating room"-noun-0]|TX|1440/14|
00000000|MMI|3.59|Clear|C2963144|[qlco]|["Clear"-tx-14-"clear"-adj-0]|TX|949/5|
00000000|MMI|3.59|Event Seriousness - Significant|C1546944|[qlco]|["Significant"-tx-4-"significant"-adj-0]|TX|345/11|
00000000|MMI|3.59|Negative Surgical Margin|C1709157|[fndg]|["Clear"-tx-14-"clear"-adj-0]|TX|949/5|
00000000|MMI|3.59|Significant|C0750502|[idcn]|["Significant"-tx-4-"significant"-adj-0]|TX|345/11|
00000000|MMI|3.59|Statistical Significance|C0237881|[qnco]|["significant"-tx-4-"significant"-adj-0]|TX|345/11|
00000000|MMI|3.58|Medication.discharge|C0806915|[fndg]|["Discharge medications"-tx-34-"discharged medications"-noun-0]|TX|2254/10,2282/11|
00000000|MMI|3.58|Operation on tendon|C0185134|[topp]|["Tendon Surgery"-tx-6-"tendon surgery"-noun-0]|TX|476/14|
00000000|MMI|3.57|Concept History|C1705255|[cnce]|["History"-tx-3-"history"-noun-0]|TX|284/7|
00000000|MMI|3.57|Floor (anatomic)|C3714591|[anst]|["Floor"-tx-25-"floor"-noun-0]|TX|1625/5|
00000000|MMI|3.57|Floor - story of building|C1547707|[geoa]|["Floor"-tx-25-"floor"-noun-0]|TX|1625/5|
00000000|MMI|3.57|History of previous events|C2004062|[fndg]|["History"-tx-3-"history"-noun-1]|TX|284/7|
00000000|MMI|3.57|Office|C0442603|[mnob]|["Office"-tx-36-"office"-noun-0]|TX|2446/6|
00000000|MMI|3.57|Quantity Final Containers Returned|C3714905|[qnco]|["Returned"-tx-25-"returned"-verb-0]|TX|1609/8|
00000000|MMI|3.57|Return to (contextual qualifier) (qualifier value)|C0332156|[qlco]|["Returned"-tx-25-"returned"-verb-0]|TX|1609/8|
00000000|MMI|3.57|Switch Device Component|C1707719|[mnob]|["Switch"-tx-33-"switch"-noun-0]|TX|2191/6|
00000000|MMI|3.57|floor (object)|C0016249|[mnob]|["Floor"-tx-25-"floor"-noun-0]|TX|1625/5|
00000000|MMI|3.56|Extent|C0439792|[spco]|["Extent"-tx-35-"extent"-noun-0]|TX|2379/6|
00000000|MMI|3.56|Taken|C1883727|[cnce]|["Taken"-tx-21-"taken"-verb-0]|TX|1427/5|
00000000|MMI|3.56|dictated - DocumentCompletion|C1609990|[idcn]|["Dictated"-tx-40-"Dictated"-noun-0]|TX|2625/8|
00000000|MMI|3.56|dictated - ParticipationMode|C1548384|[ftcn]|["dictated"-tx-40-"Dictated"-noun-0]|TX|2625/8|
00000000|MMI|3.55|One|C0205447|[qnco]|["ONE"-tx-34-"one"-noun-0]|TX|2304/3|
00000000|MMI|3.55|% release (qualifier value)|C0439180|[qnco]|["% release"-tx-6-"release"-noun-0]|TX|440/7|
00000000|MMI|3.55|Discharge (release)|C0680255|[hlca]|["release"-tx-6-"release"-noun-0]|TX|440/7|
00000000|MMI|3.55|Incisional pain|C1717947|[sosy]|["Incisional pain"-tx-1-"pain incision"-noun-0]|TX|95/4,124/8|
00000000|MMI|3.55|Release (procedure)|C1963578|[topp]|["Release"-tx-6-"release"-noun-0]|TX|440/7|
00000000|MMI|3.55|Release - action (qualifier value)|C1283071|[ftcn]|["Release"-tx-6-"release"-noun-0]|TX|440/7|
00000000|MMI|3.55|Released (action)|C0391871|[ftcn]|["Release"-tx-6-"release"-noun-0]|TX|440/7|
00000000|MMI|3.54|Emotional tenderness|C0684239|[menp]|["tenderness"-tx-17-"tenderness"-noun-0]|TX|1161/10|
00000000|MMI|3.54|Sore to touch|C0234233|[sosy]|["TENDERNESS (NOS)"-tx-17-"tenderness"-noun-0]|TX|1161/10|
00000000|MMI|3.53|Sometimes|C1998882|[tmco]|["Only occasionally"-tx-10-"only occasionally"-adv-0]|TX|738/17|
00000000|MMI|3.53|Follow|C1719822|[inpr]|["Follow"-tx-34-"following"-adj-0]|TX|2272/9|
00000000|MMI|3.52|Tender scar|C0458085|[sosy]|["Tender scar"-tx-17-"tenderness scar"-noun-0]|TX|1161/10,1206/4|
00000000|MMI|3.50|Body Fluid Discharge|C0012621|[bdsu]|["Discharge"-tx-33-"discharge"-noun-0]|TX|2212/9|
00000000|MMI|3.50|Discharge, body substance|C2926602|[bdsu]|["Discharge"-tx-33-"discharge"-noun-0]|TX|2212/9|
00000000|MMI|3.50|Has difficulty doing (qualifier value)|C1299586|[fndg]|["Difficulty"-tx-29-"difficulty"-noun-0]|TX|1877/10|
00000000|MMI|3.50|IFI6 gene|C1825561|[gngm]|["6-16"-tx-40-"6/16"-fraction-0]|TX|2577/4|
00000000|MMI|3.50|Marked|C1706089|[qlco]|["MARKED"-tx-29-"marked"-adj-0]|TX|1856/6|
00000000|MMI|3.50|Massive|C0522501|[qlco]|["Marked"-tx-29-"marked"-adj-0]|TX|1856/6|
00000000|MMI|3.50|Regular|C0205272|[qlco]|["Regular"-tx-15-"regular"-adj-0]|TX|985/7|
00000000|MMI|3.50|Somewhat|C2984079|[inpr]|["Somewhat"-tx-26-"somewhat"-adv-0]|TX|1689/8|
00000000|MMI|3.48|SHORT STATURE, ONYCHODYSPLASIA, FACIAL DYSMORPHISM, AND HYPOTRICHOSIS SYNDROME|C3542022|[dsyn]|["SOFT"-tx-17-"Soft"-adj-0]|TX|1108/4|
00000000|MMI|3.48|Soft|C0205358|[qlco]|["Soft"-tx-17-"Soft"-adj-0]|TX|1108/4|
00000000|MMI|3.47|Minimal|C0547040|[qlco]|["Minimal"-tx-30-"Minimal"-adj-0]|TX|1901/7|
00000000|MMI|3.47|Minimum|C1524031|[qlco]|["MINIMAL"-tx-30-"Minimal"-adj-0]|TX|1901/7|
00000000|MMI|3.45|20%|C3842589|[fndg]|["20%"-tx-35-"20"-integer-0]|TX|2353/2|
00000000|MMI|3.45|Hypertension Adverse Event|C1963138|[fndg]|["Hypertension"-tx-4-"hypertension"-noun-0]|TX|361/12|
00000000|MMI|3.44|Entire right wrist|C1288751|[blor]|["Right wrist"-tx-6-"right wrist"-noun-0]|TX|464/11|
00000000|MMI|3.44|Structure of right wrist|C0230365|[bpoc]|["Right wrist"-tx-6-"right wrist"-noun-0]|TX|464/11|
00000000|MMI|3.44|Patient Class - Outpatient|C1549405|[