00000000|MMI|7.28|Signature|C1519316|[inpr]|["Signed"-tx-1-"Signed"-noun-0]|TX|[85/6],[141/6]|
00000000|MMI|7.28|signed - ParticipationSignature|C1561610|[inpr]|["signed"-tx-1-"Signed"-noun-0]|TX|[85/6],[141/6]|
00000000|MMI|3.65|Report status|C0586177|[fndg]|["Report status"-tx-1-"Report Status"-noun-0]|TX|126/13|
00000000|MMI|3.64|11-12|C3843712|[fndg]|["11-12"-tx-1-"11 12"-fraction-0]|TX|40/2,51/2|
00000000|MMI|3.63|Admission date:Time Stamp -- Date and Time:Point in time:^Patient:Quantitative|C2598112|[clna]|["Admission date"-tx-1-"Admission Date"-noun-0]|TX|100/14|
00000000|MMI|3.63|Date of admission|C1302393|[tmco]|["Admission date"-tx-1-"Admission Date"-noun-0]|TX|100/14|
00000000|MMI|3.59|Pyrexia of unknown origin (excl puerperal)|C0856281|[sosy]|["puo"-tx-1-"PUO"-noun-0]|TX|12/3|
00000000|MMI|3.48|Discharge summarization note:Finding:Point in time:{Setting}:Document:{Provider}|C0801840|[clna]|["Discharge summary"-tx-1-"Discharge Summary"-noun-0]|TX|65/17|
00000000|MMI|3.48|Discharge summary|C0743221|[inpr]|["Discharge summary"-tx-1-"Discharge Summary"-noun-0]|TX|65/17|
00000000|MMI|3.46|20%|C3842589|[fndg]|["20%"-tx-1-"20"-fraction-0]|TX|118/2|
00000000|MMI|3.46|4+ Answer to question|C3838679|[fndg]|["4+"-tx-1-"4"-fraction-0]|TX|116/1|
00000000|MMI|3.46|Diagnostic interview schedule|C0451119|[inpr]|["DIS"-tx-1-"DIS"-noun-0]|TX|94/3|
00000000|MMI|3.46|Discontinued|C1444662|[fndg]|["DIS"-tx-1-"DIS"-noun-0]|TX|94/3|
00000000|MMI|87.68|Ampicillin|C0002680|[antb,orch]|["AMPICILLIN"-tx-17-"ampicillin"-noun-0,"AMPICILLIN"-tx-10-"ampicillin"-noun-0,"AMPICILLIN"-tx-6-"ampicillin"-noun-0]|TX|1709/10;1010/10;573/10|D02.065.589.099.750.750.050;D02.886.108.750.750.050;D03.438.260.825.750.050;D03.605.084.737.750.050;D04.075.080.875.099.221.750.750.050
00000000|MMI|67.70|Oral cavity|C0226896|[bsoj]|["MOUTH"-tx-22-"mouth"-noun-0,"MOUTH"-tx-10-"mouth"-noun-0]|TX|[2245/5],[2295/5];[921/5],[971/5],[1039/5]|A01.456.505.631;A03.556.500;A14.549
00000000|MMI|64.89|Patients|C0030705|[podg]|["*^patient"-tx-23-"patient"-noun-0,"*^patient"-tx-21-"patient"-noun-0,"*^patient"-tx-20-"patient"-noun-0,"*^patient"-tx-19-"patient"-noun-0,"*^patient"-tx-12-"patient"-noun-0,"*^patient"-tx-5-"patient"-noun-0,"*^patient"-tx-1-"patient"-noun-0]|TX|2316/7;2124/7;2067/7;1770/7;1134/7;388/7;58/7|M01.643
00000000|MMI|58.55|Prednisone|C0032952|[horm,orch,phsu]|["PREDNISONE"-tx-22-"prednisone"-noun-0,"PREDNISONE"-tx-10-"prednisone"-noun-0,"PREDNISONE"-tx-6-"prednisone"-noun-0]|TX|2267/10;943/10;510/10|D04.808.745.432.719.702
00000000|MMI|40.34|Abortion consent:Finding:Point in time:^Patient:Document|C2360836|[clna]|["Patient"-tx-23-"patient"-noun-0,"Patient"-tx-21-"patient"-noun-0,"Patient"-tx-20-"patient"-noun-0,"Patient"-tx-19-"patient"-noun-0,"Patient"-tx-12-"patient"-noun-0,"Patient"-tx-5-"patient"-noun-0,"Patient"-tx-1-"patient"-noun-0]|TX|2316/7;2124/7;2067/7;1770/7;1134/7;388/7;58/7|
00000000|MMI|40.34|Hysterectomy consent:Finding:Point in time:^Patient:Document|C2360838|[clna]|["Patient"-tx-23-"patient"-noun-0,"Patient"-tx-21-"patient"-noun-0,"Patient"-tx-20-"patient"-noun-0,"Patient"-tx-19-"patient"-noun-0,"Patient"-tx-12-"patient"-noun-0,"Patient"-tx-5-"patient"-noun-0,"Patient"-tx-1-"patient"-noun-0]|TX|2316/7;2124/7;2067/7;1770/7;1134/7;388/7;58/7|
00000000|MMI|40.34|Sterilization consent:Finding:Point in time:^Patient:Document|C2360840|[clna]|["Patient"-tx-23-"patient"-noun-0,"Patient"-tx-21-"patient"-noun-0,"Patient"-tx-20-"patient"-noun-0,"Patient"-tx-19-"patient"-noun-0,"Patient"-tx-12-"patient"-noun-0,"Patient"-tx-5-"patient"-noun-0,"Patient"-tx-1-"patient"-noun-0]|TX|2316/7;2124/7;2067/7;1770/7;1134/7;388/7;58/7|
00000000|MMI|39.79|Wheezing|C0043144|[sosy]|["WHEEZING"-tx-19-"wheezing"-noun-0,"Wheezes"-tx-14-"wheezes"-noun-0,"Wheezes"-tx-8-"wheezes"-noun-0]|TX|1809/8;1326/7;697/7|C23.888.852.779;E01.370.386.720;G09.772.775
00000000|MMI|39.00|Accident and Emergency department|C0562508|[hcro]|["EMERGENCY ROOM"-tx-8-"emergency room"-noun-0,"EMERGENCY ROOM"-tx-5-"emergency room"-noun-0]|TX|724/14;367/14|N02.278.216.500.968.336;N02.421.297.195;N04.452.442.422.336
00000000|MMI|32.65|Asthma|C0004096|[dsyn]|["-- Asthma"-tx-9-"asthma"-noun-0,"-- Asthma"-tx-2-"asthma"-noun-0]|TX|782/6;172/6|C08.127.108;C08.381.495.108;C08.674.095;C20.543.480.680.095
00000000|MMI|32.62|Togo|C0040363|[geoa]|["TO"-tx-23-"to"-adv-0,"TO"-tx-19-"to"-adv-0]|TX|2328/2;1985/2|Z01.058.290.190.800
00000000|MMI|32.62|Tryptophanase|C0041260|[aapp,enzy]|["TO"-tx-23-"to"-adv-0,"TO"-tx-19-"to"-adv-0]|TX|2328/2;1985/2|D08.811.520.224.800
00000000|MMI|28.66|Obesity|C0028754|[dsyn]|["OBESE"-tx-12-"obese"-adj-1]|TX|1149/5|C18.654.726.500;C23.888.144.699.500;E01.370.600.115.100.160.120.699.500;G07.100.100.160.120.699.500
00000000|MMI|27.26|Solu-Medrol|C0701466|[orch,phsu]|["Solu-MEDROL"-tx-6-"Solu-Medrol"-noun-0]|TX|489/11|D04.808.745.432.769.795.539.500
00000000|MMI|27.22|Daily|C0332173|[tmco]|["/day"-tx-22-"day"-noun-0,"/day"-tx-10-"day"-noun-0]|TX|[2261/3],[2306/3];[937/3],[982/3],[1055/3]|
00000000|MMI|27.22|day|C0439228|[tmco]|["DAY"-tx-22-"day"-noun-0,"DAY"-tx-10-"day"-noun-0]|TX|[2261/3],[2306/3];[937/3],[982/3],[1055/3]|
00000000|MMI|27.22|per day|C0439505|[tmco]|["/day"-tx-22-"day"-noun-0,"/day"-tx-10-"day"-noun-0]|TX|[2261/3],[2306/3];[937/3],[982/3],[1055/3]|
00000000|MMI|26.04|Dyspnea|C0013404|[sosy]|["DYSPNOEA"-tx-19-"dyspnea"-noun-0,"DYSPNOEA"-tx-4-"dyspnea"-noun-0]|TX|1916/7;326/7|C08.618.326;C23.888.852.371
00000000|MMI|23.00|milligram|C0439210|[qnco]|["milligrams"-tx-22-"milligrams"-noun-0,"milligrams"-tx-10-"milligrams"-noun-0,"milligrams"-tx-6-"milligrams"-noun-0]|TX|[2231/10],[2281/10];[907/10],[957/10],[1025/10];524/10|
00000000|MMI|22.61|Small Nuclear Ribonucleoprotein Polypeptide F|C1367790|[aapp,bacs]|["Sma"-tx-16-"SMA"-noun-0]|TX|1438/3|D12.776.157.725.500.875.700;D12.776.660.625.750;D12.776.664.962.500.875.700;D23.050.290.875;D23.050.422.750
00000000|MMI|20.95|Low Back Pain|C0024031|[sosy]|["lower backpain"-tx-9-"lower back pain"-noun-0]|TX|820/15|C10.597.617.140.400;C23.888.592.612.107.400
00000000|MMI|20.95|Temperature|C0039476|[qnco]|["*Temperature"-tx-13-"Temperature"-noun-0]|TX|1184/11|G01.906.595;G16.500.275.063.725.710;G16.500.750.775.710;N06.230.150.450;N06.230.300.100.725.710
00000000|MMI|20.57|Lung|C0024109|[bpoc]|["pulmonary"-tx-24-"pulmonary"-adj-0,"LUNGS"-tx-14-"lungs"-noun-0,"LUNG"-tx-8-"lung"-noun-0]|TX|2413/9;1306/5;673/4|A04.411
00000000|MMI|20.04|Time|C0040223|[tmco]|["times"-tx-22-"times"-noun-0,"times"-tx-10-"times"-noun-0]|TX|2253/5;[929/5],[1047/5]|G01.910
00000000|MMI|19.96|Physical Examination|C0031809|[hlca]|["PHYSICAL EXAMINATION"-tx-14-"physical examination"-noun-0,"PHYSICAL EXAMINATION"-tx-12-"PHYSICAL EXAMINATION"-noun-0]|TX|1281/20;1108/20|E01.370.600
00000000|MMI|19.33|Patient Discharge|C0030685|[hlca]|["Discharged"-tx-20-"discharged"-verb-0]|TX|2079/10|E02.204.125;E02.760.400.610;N02.421.192.125;N02.421.585.400.610;N04.590.233.727.210.125
00000000|MMI|19.22|Ciprofloxacin|C0008809|[orch,phsu]|["CIPROFLOXACIN"-tx-17-"ciprofloxacin"-noun-0]|TX|1665/13|D03.438.810.835.322.186
00000000|MMI|19.21|Theodur|C0700057|[orch,phsu]|["Theo-Dur"-tx-10-"Theo-Dur"-noun-0]|TX|894/8|D03.132.960.751;D03.438.759.758.824.751
00000000|MMI|19.21|Theophylline|C0039771|[bacs,orch,phsu]|["THEOPHYLLINE"-tx-7-"theophylline"-noun-0]|TX|615/12|D03.132.960.751;D03.438.759.758.824.751
00000000|MMI|18.00|Entire mouth region|C1267547|[blor]|["Mouth, NOS"-tx-22-"mouth"-noun-0,"Mouth, NOS"-tx-10-"mouth"-noun-0]|TX|[2245/5],[2295/5];[921/5],[971/5],[1039/5]|
00000000|MMI|18.00|Entire oral cavity|C1278910|[blor]|["Mouth"-tx-22-"mouth"-noun-0,"Mouth"-tx-10-"mouth"-noun-0]|TX|[2245/5],[2295/5];[921/5],[971/5],[1039/5]|
00000000|MMI|18.00|Oral region|C0230028|[blor]|["Mouth"-tx-22-"mouth"-noun-0,"Mouth"-tx-10-"mouth"-noun-0]|TX|[2245/5],[2295/5];[921/5],[971/5],[1039/5]|
00000000|MMI|17.80|Body Temperature|C0005903|[orga]|["temperature"-tx-13-"Temperature"-noun-0]|TX|1184/11|E01.370.600.875.374;G07.110
00000000|MMI|17.80|Echocardiography|C0013516|[diap]|["ECHOCARDIOGRAM"-tx-19-"echocardiogram"-noun-0]|TX|1970/14|E01.370.350.130.750;E01.370.350.850.220;E01.370.370.380.220
00000000|MMI|17.80|Hemophilus|C0018479|[bact]|["Hemophilus"-tx-17-"Hemophilus"-noun-0]|TX|1611/10|B03.440.450.600.450;B03.660.250.550.290
00000000|MMI|16.30|Influenza virus vaccine|C0021403|[imft,phsu]|["INFLUENZA"-tx-17-"influenza"-noun-0]|TX|1633/9|D20.215.894.899.302
00000000|MMI|16.30|insulin-like growth factor 2|C0021666|[aapp,bacs]|["SM-A"-tx-16-"SMA"-noun-0]|TX|1438/3|D12.644.276.937.420;D12.776.124.862.425;D12.776.467.937.420;D23.529.937.420
00000000|MMI|16.25|Hematocrit procedure|C0018935|[lbpr]|["Hematocrit"-tx-15-"hematocrit"-noun-0]|TX|1375/10|E01.370.225.625.400;E05.200.625.400;G09.188.370.374
00000000|MMI|16.22|heart rate|C0018810|[clna]|["Heart Rate"-tx-13-"heart rate"-noun-0]|TX|1207/10|E01.370.600.875.500;G09.330.380.500
00000000|MMI|16.21|Blood Pressure|C0005823|[orgf]|["BLOOD PRESSURE"-tx-13-"blood pressure"-noun-0]|TX|1229/14|E01.370.600.875.249;G09.330.380.076
00000000|MMI|16.21|Systemic arterial pressure|C1272641|[fndg]|["Blood pressure"-tx-13-"blood pressure"-noun-0]|TX|1229/14|G09.330.380.076.347
00000000|MMI|16.20|Poly A|C0032400|[nnon]|["Poly A"-tx-17-"a polys"-noun-0]|TX|1588/1,1594/5|D13.695.578.550.500
00000000|MMI|16.12|Albuterol|C0001927|[orch,phsu]|["ALBUTEROL"-tx-10-"Albuterol"-noun-0]|TX|988/9|D02.033.100.291.057;D02.092.063.291.057;D02.092.471.683.061
00000000|MMI|16.05|Dominican Republic|C0013014|[geoa]|["DR"-tx-23-"Dr"-noun-0]|TX|2346/2|Z01.107.084.900.300;Z01.639.880.300
00000000|MMI|14.64|Degenerative polyarthritis|C0029408|[dsyn]|["Degenerative Joint Disease"-tx-9-"degenerative joint disease"-noun-0]|TX|791/26|C05.550.114.606;C05.799.613
00000000|MMI|14.64|Respiratory Sounds|C0035234|[clna]|["Breath sounds"-tx-19-"breath sounds"-noun-0]|TX|1825/13|C23.888.852.779;E01.370.386.720;G09.772.775
00000000|MMI|14.05|Nebulizers|C0027524|[medd]|["Nebuliser"-tx-10-"nebulizer"-noun-0,"Nebuliser"-tx-6-"nebulizer"-noun-0]|TX|998/9;559/9|E07.605
00000000|MMI|13.56|Steroids|C0038317|[orch]|["Steroids"-tx-6-"steroids"-noun-0,"Steroids"-tx-2-"steroids"-noun-0]|TX|478/8;245/8|D04.808
00000000|MMI|13.47|Woman|C0043210|[popg]|["WOMAN"-tx-12-"woman"-noun-0,"WOMAN"-tx-1-"woman"-noun-0]|TX|1155/5;84/5|M01.975
00000000|MMI|13.14|Blood Platelets|C0005821|[cell]|["Platelets"-tx-15-"platelets"-noun-0]|TX|1416/9|A11.118.188;A15.145.229.188
00000000|MMI|13.14|Influenza|C0021400|[dsyn]|["INFLUENZA"-tx-17-"influenza"-noun-0]|TX|1633/9|C02.782.620.365;C08.730.310
00000000|MMI|13.14|Rabbi|C0684010|[prog]|["R."-tx-27-"R"-noun-0]|TX|2542/1|M01.526.799.500
00000000|MMI|13.14|Spinal Muscular Atrophy|C0026847|[dsyn]|["SMA"-tx-16-"SMA"-noun-0]|TX|1438/3|C10.228.854.468;C10.574.562.500;C10.668.467.500
00000000|MMI|13.08|Caucasoid Race|C0007457|[popg]|["WHITE"-tx-15-"white"-adj-0]|TX|1397/5|M01.686.508.400
00000000|MMI|13.00|Etiology|C1314792|[ftcn]|["Etiology"-tx-19-"etiology"-noun-0]|TX|2007/8|N05.715.350.200;N06.850.490.625
00000000|MMI|12.89|Madagascar|C0024443|[geoa]|["MA"-tx-24-"Ma"-noun-0]|TX|2373/2|Z01.639.520.500
00000000|MMI|12.89|Physicians|C0031831|[prog]|["DR"-tx-23-"Dr"-noun-0]|TX|2346/2|M01.526.485.810;N02.360.810
00000000|MMI|11.51|Doctor of Medicine|C1512018|[inpr]|["M.D."-tx-29-"M.D"-noun-0,"M.D."-tx-28-"M.D"-noun-0,"M.D."-tx-26-"M.D"-noun-0]|TX|2583/3;2555/3;2462/3|
00000000|MMI|10.56|Admission activity|C0809949|[hlca]|["Admission"-tx-4-"admission"-noun-0,"Admission"-tx-3-"admission"-noun-0,"Admitted"-tx-1-"admitted"-verb-0]|TX|348/9;306/9;125/8|
00000000|MMI|10.56|Hospital admission|C0184666|[hlca]|["Admission"-tx-4-"admission"-noun-0,"Admission"-tx-3-"admission"-noun-0,"admitted"-tx-1-"admitted"-verb-0]|TX|348/9;306/9;125/8|
00000000|MMI|10.43|Times|C1632851|[qnco]|["Times"-tx-22-"times"-noun-0,"Times"-tx-10-"times"-noun-0]|TX|2253/5;[929/5],[1047/5]|
00000000|MMI|10.42|Never (frequency)|C2003901|[tmco]|["NEVER"-tx-2-"never"-adv-0]|TX|[197/5],[215/5]|
00000000|MMI|9.88|Back|C0004600|[blor]|["BACK"-tx-19-"back"-noun-0]|TX|1891/4|A01.923.176
00000000|MMI|9.88|Outpatients|C0029921|[podg]|["Outpatient"-tx-7-"outpatient"-noun-0]|TX|656/10|M01.643.630
00000000|MMI|9.85|Etiology aspects|C0015127|[ftcn]|["etiology"-tx-19-"etiology"-noun-0]|TX|2007/8|x.x.x
00000000|MMI|8.34|Burn injury|C0006434|[inpo]|["Burn injury"-tx-9-"burn injury"-noun-0]|TX|850/11|C26.200
00000000|MMI|8.34|Hypersensitivity|C0020517|[patf]|["Allergies"-tx-11-"ALLERGIES"-noun-0]|TX|1075/9|C20.543
00000000|MMI|8.00|Show|C1547282|[anim]|["Show"-tx-17-"showed"-verb-0,"Show"-tx-8-"showed"-verb-0]|TX|1529/6;690/6|
00000000|MMI|7.70|Medications:-:Point in time:^Patient:-|C2598133|[clna]|["Medications"-tx-22-"medications"-noun-0,"Medications"-tx-10-"MEDICATIONS"-noun-0]|TX|2201/11;864/11|
00000000|MMI|7.70|Medications:Presence or Identity:Duration of the study:^Patient:Nominal|C0802604|[clna]|["Medications"-tx-22-"medications"-noun-0,"Medications"-tx-10-"MEDICATIONS"-noun-0]|TX|2201/11;864/11|
00000000|MMI|7.70|Nebulizer Device Component|C1709156|[mnob]|["Nebulizer"-tx-10-"nebulizer"-noun-0,"Nebulizer"-tx-6-"nebulizer"-noun-0]|TX|998/9;559/9|
00000000|MMI|7.70|Pharmaceutical Preparations|C0013227|[phsu]|["Medications"-tx-22-"medications"-noun-0,"Medications"-tx-10-"MEDICATIONS"-noun-0]|TX|2201/11;864/11|D26
00000000|MMI|7.47|Treated with|C0332293|[topp]|["Treated with"-tx-6-"treated with"-verb-0,"Treated with"-tx-2-"treated with"-verb-0]|TX|465/12;232/12|
00000000|MMI|7.42|On admission|C0457453|[tmco]|["On admission"-tx-15-"On admission"-adj-0,"On admission"-tx-10-"ON ADMISSION"-adj-0]|TX|1360/12;876/12|
00000000|MMI|7.29|peak flow|C0857465|[fndg]|["peak flow"-tx-19-"peak flow"-noun-0,"peak flow"-tx-5-"peak flow"-noun-0]|TX|1851/9;402/9|
00000000|MMI|7.27|Asthma Pathway|C2984299|[ftcn]|["Asthma"-tx-9-"asthma"-noun-0,"Asthma"-tx-2-"asthma"-noun-0]|TX|782/6;172/6|
00000000|MMI|7.23|To|C1883351|[qlco]|["To"-tx-23-"to"-adv-0,"To"-tx-19-"to"-adv-0]|TX|2328/2;1985/2|
00000000|MMI|7.22|Keflex|C0700517|[antb,orch]|["Keflex"-tx-22-"Keflex"-noun-0,"Keflex"-tx-17-"Keflex"-noun-0]|TX|2220/6;1683/6|
00000000|MMI|7.13|Emotions|C0013987|[menp]|["feel"-tx-3-"felt"-verb-0]|TX|260/4|F01.470
00000000|MMI|6.94|Oral|C0442027|[spco]|["Oral"-tx-7-"oral"-adj-0,"Orally"-tx-6-"orally"-adv-0]|TX|610/4;535/6|
00000000|MMI|6.94|4+ Answer to question|C3838679|[fndg]|["4+"-tx-27-"4"-fraction-0]|TX|[2474/1],[2514/1]|
00000000|MMI|6.93|60%|C3842585|[fndg]|["60%"-tx-10-"60"-integer-0,"60%"-tx-6-"60"-integer-0]|TX|954/2;521/2|
00000000|MMI|6.70|Heart|C0018787|[bpoc]|["Cardiac"-tx-19-"cardiac"-adj-0]|TX|1999/7|A07.541
00000000|MMI|5.18|1+|C3816745|[fndg]|["1+"-tx-28-"1"-integer-0]|TX|2564/1|
00000000|MMI|5.18|1+ Score|C2827734|[qnco]|["1+"-tx-28-"1"-integer-0]|TX|2564/1|
00000000|MMI|5.18|1+ Score, WHO|C2981698|[clas]|["1+"-tx-28-"1"-integer-0]|TX|2564/1|
00000000|MMI|5.18|Breath sounds:Finding:Point in time:^Patient:Ordinal|C3484186|[clna]|["Breath sounds"-tx-19-"breath sounds"-noun-0]|TX|1825/13|
00000000|MMI|5.18|Bronkosol|C0606493|[orch,phsu]|["Bronkosol"-tx-10-"Bronkosol"-noun-0]|TX|1063/9|
00000000|MMI|5.18|Childhood|C0231335|[tmco]|["Childhood"-tx-2-"childhood"-noun-0]|TX|185/9|
00000000|MMI|5.18|Discharge date|C2361123|[tmco]|["Discharge date"-tx-1-"Discharge Date"-noun-0]|TX|0/14|
00000000|MMI|5.18|Discharge date:Time Stamp -- Date and Time:Point in time:^Patient:Quantitative|C2361122|[clna]|["Discharge date"-tx-1-"Discharge Date"-noun-0]|TX|0/14|
00000000|MMI|5.18|Disposition|C0743223|[idcn]|["Disposition"-tx-21-"DISPOSITION"-noun-0]|TX|2107/11|
00000000|MMI|5.18|Disposition Domain|C1705555|[inpr]|["Disposition"-tx-21-"DISPOSITION"-noun-0]|TX|2107/11|
00000000|MMI|5.18|Echocardiogram (image)|C2243117|[inpr]|["Echocardiogram"-tx-19-"echocardiogram"-noun-0]|TX|1970/14|
00000000|MMI|5.18|Entity Name Part Type - given|C1550718|[idcn]|["given"-tx-19-"given"-verb-0]|TX|1961/5|
00000000|MMI|5.18|Follow|C1719822|[inpr]|["Follow"-tx-24-"follow"-verb-0]|TX|2402/6|
00000000|MMI|5.18|Followed by|C0332283|[tmco]|["follow"-tx-24-"follow"-verb-0]|TX|2402/6|
00000000|MMI|5.18|GIVEN|C1442162|[cnce]|["GIVEN"-tx-19-"given"-verb-0]|TX|1961/5|
00000000|MMI|5.18|Give - dosing instruction imperative|C1947971|[ftcn]|["Given"-tx-19-"given"-verb-0]|TX|1961/5|
00000000|MMI|5.18|Given name|C3244317|[inpr]|["given"-tx-19-"given"-verb-0]|TX|1961/5|
00000000|MMI|5.18|Hospital course|C0489547|[fndg]|["Hospital course"-tx-19-"HOSPITAL COURSE"-noun-0]|TX|1749/15|
00000000|MMI|5.18|Hospital course:Finding:Point in time:^Patient:Narrative|C0488549|[clna]|["Hospital course"-tx-19-"HOSPITAL COURSE"-noun-0]|TX|1749/15|
00000000|MMI|5.18|Including (qualifier)|C0332257|[ftcn]|["included"-tx-11-"included"-verb-0]|TX|1085/8|
00000000|MMI|5.18|Increase|C0442805|[ftcn]|["Increased"-tx-19-"increased"-verb-0]|TX|1841/9|
00000000|MMI|5.18|Increased|C0205217|[qnco]|["Increased"-tx-19-"increased"-verb-0]|TX|1841/9|
00000000|MMI|5.18|Medical History|C0262926|[fndg]|["Past Medical History"-tx-9-"PAST MEDICAL HISTORY"-noun-0]|TX|741/20|
00000000|MMI|5.18|Negative|C0205160|[qlco]|["Negative"-tx-18-"negative"-adj-0]|TX|1738/8|
00000000|MMI|5.18|Negative - answer|C3853545|[qlco]|["Negative"-tx-18-"negative"-adj-0]|TX|1738/8|
00000000|MMI|5.18|Negative Charge|C2825491|[qlco]|["Negative"-tx-18-"negative"-adj-0]|TX|1738/8|
00000000|MMI|5.18|Negative Finding|C1513916|[fndg]|["NEGATIVE"-tx-18-"negative"-adj-0]|TX|1738/8|
00000000|MMI|5.18|Negative Number|C2825415|[cnce]|["Negative"-tx-18-"negative"-adj-0]|TX|1738/8|
00000000|MMI|5.18|PMH - past medical history|C0455458|[fndg]|["Past medical history"-tx-9-"PAST MEDICAL HISTORY"-noun-0]|TX|741/20|
00000000|MMI|5.18|Plain chest X-ray|C0039985|[diap]|["Chest X-ray"-tx-18-"Chest x-ray"-noun-0]|TX|1722/11|
00000000|MMI|5.18|Slow|C0439834|[qlco]|["Slowly"-tx-19-"slowly"-adv-0]|TX|1778/6|
00000000|MMI|5.18|Sulfonamide Anti-Infective Agents|C0599503|[antb,orch]|["sulfa drugs"-tx-11-"sulfa drugs"-noun-0]|TX|1094/11|
00000000|MMI|5.18|Theophylline Assay|C0039773|[lbpr]|["theophylline level"-tx-16-"theophylline level"-noun-0]|TX|1471/18|
00000000|MMI|5.18|Views:Finding:Point in time:Chest:Narrative:XR|C1114557|[clna]|["Chest X-ray"-tx-18-"Chest x-ray"-noun-0]|TX|1722/11|
00000000|MMI|5.18|laboratory examination|C0260877|[fndg]|["Laboratory examination"-tx-15-"LABORATORY EXAMINATION"-noun-0]|TX|1336/22|
00000000|MMI|5.18|sputum gram stain|C0748963|[lbpr]|["sputum gram stain"-tx-17-"Sputum gram stain"-noun-0]|TX|1511/17|
00000000|MMI|4.19|Discharge to home|C0184713|[topp]|["Discharge to home"-tx-21-"discharged to home"-noun-0]|TX|2136/18|
00000000|MMI|3.85|Gram-positive cocci in clusters|C0314750|[bact]|["Gram-positive cocci in clusters"-tx-17-"gram positive cocci in clusters"-noun-0]|TX|1541/31|
00000000|MMI|3.72|Resistant (qualifier value)|C0332325|[ftcn]|["Resistant to"-tx-17-"resistant to"-adj-0]|TX|1696/12|
00000000|MMI|3.72|Sensitive|C0332324|[ftcn]|["Sensitive to"-tx-17-"sensitive to"-adj-0]|TX|1652/12|
00000000|MMI|3.68|97|C0439073|[inpr]|["97"-tx-13-"97"-real_number-0]|TX|1200/2|
00000000|MMI|3.68|>97|C0439082|[qnco]|[">97"-tx-13-"97"-real_number-0]|TX|1200/2|
00000000|MMI|3.68|Agonist|C2987634|[phsu]|["Agonist"-tx-6-"agonist"-noun-0]|TX|549/7|
00000000|MMI|3.68|Beta (qualifier)|C2004068|[qlco]|["Beta"-tx-6-"beta"-noun-0]|TX|544/4|
00000000|MMI|3.68|Beta greek letter|C0439096|[inpr]|["Beta"-tx-6-"beta"-noun-0]|TX|544/4|
00000000|MMI|3.68|Beta plant|C0330390|[plnt]|["Beta"-tx-6-"beta"-noun-0]|TX|544/4|
00000000|MMI|3.68|Platelets Adverse Event|C1963076|[fndg]|["Platelets"-tx-15-"platelets"-noun-0]|TX|1416/9|
00000000|MMI|3.68|R prime|C2603358|[clna]|["R'"-tx-27-"R"-noun-0]|TX|2542/1|
00000000|MMI|3.68|Regulatory Report|C3273238|[inpr]|["Report"-tx-27-"Report"-noun-0]|TX|2494/6|
00000000|MMI|3.68|Report (document)|C0684224|[inpr]|["Report"-tx-27-"Report"-noun-0]|TX|2494/6|
00000000|MMI|3.68|Reporting|C0700287|[hlca]|["Report"-tx-27-"Report"-noun-0]|TX|2494/6|
00000000|MMI|3.68|Right|C0205090|[spco]|["R-"-tx-27-"R"-noun-0]|TX|2542/1|
00000000|MMI|3.68|Status|C0449438|[qlco]|["Status"-tx-24-"status"-noun-0]|TX|2423/6|
00000000|MMI|3.68|Medication.discharge|C0806915|[fndg]|["Discharge medications"-tx-22-"MEDICATIONS DISCHARGE"-noun-0]|TX|2157/11,2172/9|
00000000|MMI|3.67|History of present illness|C0262512|[orga]|["HISTORY OF PRESENT ILLNESS"-tx-1-"HISTORY OF PRESENT ILLNESS"-noun-0]|TX|26/26|
00000000|MMI|3.67|History of present illness:Finding:Point in time:^Patient:Nominal:Reported|C0488508|[clna]|["History of present illness"-tx-1-"HISTORY OF PRESENT ILLNESS"-noun-0]|TX|26/26|
00000000|MMI|3.64|Normal limits|C0442816|[qnco]|["Normal limits"-tx-16-"normal limits"-noun-0]|TX|1455/13|
00000000|MMI|3.63|C-Circle|C3538933|[celc]|["CC"-tx-28-"cc"-noun-0]|TX|2560/2|
00000000|MMI|3.63|Hematocrit level|C0518014|[fndg]|["Hematocrit"-tx-15-"hematocrit"-noun-0]|TX|1375/10|
00000000|MMI|3.61|Batch (Response Modality)|C1550176|[inpr]|["Batch"-tx-27-"Batch"-noun-0]|TX|2482/5|
00000000|MMI|3.61|Batch (group)|C1948031|[qnco]|["Batch"-tx-27-"Batch"-noun-0]|TX|2482/5|
00000000|MMI|3.61|Batch Number|C3641829|[inpr]|["BATCH"-tx-27-"Batch"-noun-0]|TX|2482/5|
00000000|MMI|3.61|Caucasians|C0043157|[popg]|["WHITE"-tx-15-"white"-adj-0]|TX|1397/5|
00000000|MMI|3.61|Count|C0750480|[qnco]|["Count"-tx-15-"count"-noun-0]|TX|1403/5|
00000000|MMI|3.61|Count Dosing Unit|C1705566|[qnco]|["COUNT"-tx-15-"count"-noun-0]|TX|1403/5|
00000000|MMI|3.61|White color|C0220938|[qlco]|["WHITE"-tx-15-"white"-adj-0]|TX|1397/5|
00000000|MMI|3.61|Clinical Study Follow-up|C3274571|[hlca]|["FOLLOW-UP"-tx-23-"FOLLOW-UP"-adj-0]|TX|2331/9|
00000000|MMI|3.61|Exacerbation of asthma|C0349790|[fndg]|["asthma exacerbation"-tx-1-"asthma exacerbation"-noun-0]|TX|142/19|
00000000|MMI|3.61|Follow-Up Report|C1704685|[inpr]|["Follow-Up"-tx-23-"FOLLOW-UP"-adj-0]|TX|2331/9|
00000000|MMI|3.61|Follow-up status|C0589120|[fndg]|["Follow-up"-tx-23-"FOLLOW-UP"-adj-0]|TX|2331/9|
00000000|MMI|3.61|follow-up|C1522577|[hlca]|["Follow Up"-tx-23-"FOLLOW-UP"-adj-0]|TX|2331/9|
00000000|MMI|3.59|Blood pressure finding|C1271104|[fndg]|["Blood Pressure"-tx-13-"blood pressure"-noun-0]|TX|1229/14|
00000000|MMI|3.59|Event Seriousness - Significant|C1546944|[qlco]|["Significant"-tx-9-"significant"-adj-0]|TX|766/11|
00000000|MMI|3.59|Molecular oxygen saturation|C0369768|[moft]|["Oxygen saturation"-tx-5-"oxygen saturation"-noun-0]|TX|421/17|
00000000|MMI|3.59|Oxygen saturation test result|C0483415|[orga]|["Oxygen saturation"-tx-5-"oxygen saturation"-noun-0]|TX|421/17|
00000000|MMI|3.59|Room air|C3846005|[fndg]|["Room air"-tx-5-"room air"-noun-0]|TX|446/8|
00000000|MMI|3.59|Significant|C0750502|[idcn]|["Significant"-tx-9-"significant"-adj-0]|TX|766/11|
00000000|MMI|3.59|Statistical Significance|C0237881|[qnco]|["significant"-tx-9-"significant"-adj-0]|TX|766/11|
00000000|MMI|3.59|pedal edema bilateral|C0747318|[sosy]|["bilateral pedal edema"-tx-19-"bilateral pedal edema"-noun-0]|TX|2019/21|
00000000|MMI|3.58|Day 2|C3842676|[fndg]|["Day 2"-tx-4-"2 days"-noun-0]|TX|334/6|
00000000|MMI|3.57|Admission Level of Care Code - Improved|C1561611|[inpr]|["Improved"-tx-19-"improved"-verb-0]|TX|1785/8|
00000000|MMI|3.57|Back structure, excluding neck|C1995000|[blor]|["Back, NOS"-tx-19-"back"-noun-0]|TX|1891/4|
00000000|MMI|3.57|Back structure, including back of neck|C0460009|[blor]|["Back"-tx-19-"back"-noun-0]|TX|1891/4|
00000000|MMI|3.57|Better|C0332272|[qlco]|["Improved"-tx-19-"improved"-verb-0]|TX|1785/8|
00000000|MMI|3.57|Decreased|C0205216|[qnco]|["Decreased"-tx-19-"decreased"-adj-0]|TX|1799/9|
00000000|MMI|3.57|Decreasing|C0442797|[qlco]|["decreased"-tx-19-"decreased"-adj-0]|TX|1799/9|
00000000|MMI|3.57|Dorsal|C0205095|[spco]|["BACK"-tx-19-"back"-noun-0]|TX|1891/4|
00000000|MMI|3.57|Improved|C0184511|[qlco]|["Improved"-tx-19-"improved"-verb-0]|TX|1785/8|
00000000|MMI|3.57|Patient Class - Outpatient|C1549405|[clas]|["Outpatient"-tx-7-"outpatient"-noun-0]|TX|656/10|
00000000|MMI|3.57|Reduced|C0392756|[qlco]|["Decreased"-tx-19-"decreased"-adj-0]|TX|1799/9|
00000000|MMI|3.57|Referral category - Outpatient|C1548439|[idcn]|["Outpatient"-tx-7-"outpatient"-noun-0]|TX|656/10|
00000000|MMI|3.57|Use of|C1524063|[ftcn]|["Using"-tx-7-"using"-verb-0]|TX|644/5|
00000000|MMI|3.56|90%|C3842582|[fndg]|["90%"-tx-13-"90"-integer-0]|TX|1224/2|
00000000|MMI|3.56|<90|C0439087|[qnco]|["<90"-tx-13-"90"-integer-0]|TX|1224/2|
00000000|MMI|3.56|>90|C0439083|[qnco]|[">90"-tx-13-"90"-integer-0]|TX|1224/2|
00000000|MMI|3.56|July|C3829447|[qlco]|["July"-tx-20-"July"-noun-0]|TX|2098/4|
00000000|MMI|3.56|Pair|C1709450|[qlco]|["Pair"-tx-17-"pairs"-verb-0]|TX|1577/5|
00000000|MMI|3.56|dictated - DocumentCompletion|C1609990|[idcn]|["Dictated"-tx-27-"Dictated"-noun-0]|TX|2521/8|
00000000|MMI|3.56|dictated - ParticipationMode|C1548384|[ftcn]|["dictated"-tx-27-"Dictated"-noun-0]|TX|2521/8|
00000000|MMI|3.56|Day 5|C3842674|[fndg]|["Day 5"-tx-3-"5 days"-noun-0]|TX|292/6|
00000000|MMI|3.55|70%|C3842584|[fndg]|["70%"-tx-13-"70"-fraction-0]|TX|1255/2|
00000000|MMI|3.55|Evaluation and management note:Finding:Point in time:{Setting}:Document:{Provider}|C1316572|[clna]|["Note"-tx-14-"note"-noun-0]|TX|1269/4|
00000000|MMI|3.55|Note (document)|C1317574|[inpr]|["Note"-tx-14-"note"-noun-0]|TX|1269/4|
00000000|MMI|3.54|Cardiac - anatomy qualifier|C1522601|[spco]|["Cardiac"-tx-19-"cardiac"-adj-0]|TX|1999/7|
00000000|MMI|3.54|Personal appearance|C0233426|[orga]|["look"-tx-19-"look"-verb-0]|TX|1988/4|
00000000|MMI|3.54|Science of Etiology|C1524003|[cnce]|["Etiology"-tx-19-"etiology"-noun-0]|TX|2007/8|
00000000|MMI|3.50|Bilateral|C0238767|[spco]|["BILATERAL"-tx-14-"bilateral"-adj-0]|TX|1316/9|
00000000|MMI|3.50|During values|C0347985|[tmco]|["Peri"-tx-17-"peri"-adj-0]|TX|1628/4|
00000000|MMI|3.50|Entire lung|C1278908|[bpoc]|["Lung"-tx-8-"lung"-noun-0]|TX|673/4|
00000000|MMI|3.50|Pulmonary (qualifier value)|C2709248|[qlco]|["Pulmonary"-tx-24-"pulmonary"-adj-0]|TX|2413/9|
00000000|MMI|3.50|Pulmonary:-:Point in time:^Patient:-|C2707265|[clna]|["Pulmonary"-tx-24-"pulmonary"-adj-0]|TX|2413/9|
00000000|MMI|3.50|Structure of parenchyma of lung|C0819757|[tisu]|["LUNG"-tx-8-"lung"-noun-0]|TX|673/4|
00000000|MMI|3.50|Usual|C3538928|[qlco]|["Usual"-tx-22-"usual"-adj-0]|TX|2195/5|
00000000|MMI|3.48|S prime|C2603362|[clna]|["S'"-tx-24-"S"-noun-0]|TX|2381/1|
00000000|MMI|3.48|per second|C0565930|[qnco]|["/s"-tx-24-"S"-noun-0]|TX|2381/1|
00000000|MMI|3.47|Damon|C1935003|[euka]|["Damon"-tx-25-"DAMON"-noun-0]|TX|2443/5|
00000000|MMI|3.46|Then|C1883708|[tmco]|["Then"-tx-6-"then"-adv-0]|TX|505/4|
00000000|MMI|3.45|upper respiratory symptom|C0749874|[sosy]|["upper respiratory symptom"-tx-3-"upper respiratory symptoms"-noun-0]|TX|265/26|
00000000|MMI|3.44|H/O: asthma|C0455544|[fndg]|["History of - asthma"-tx-1-"history of asthma"-noun-0]|TX|97/17|
00000000|MMI|3.44|Discharge time|C3864299|[tmco]|["Discharge time"-tx-19-"time discharge"-noun-0]|TX|1931/4,1939/9|
00000000|MMI|3.44|Discharge time:ClockTime:Pt:^Patient:Qn|C3864300|[clna]|["Discharge time"-tx-19-"time discharge"-noun-0]|TX|1931/4,1939/9|
00000000|MMI|3.43|50%|C3842586|[fndg]|["50%"-tx-22-"50"-integer-0]|TX|2278/2|
00000000|MMI|3.43|<50|C3843766|[fndg]|["<50"-tx-22-"50"-integer-0]|TX|2278/2|
00000000|MMI|3.43|Delayed Release Dosage Form|C1707664|[bodm]|["DR"-tx-23-"Dr"-noun-0]|TX|2346/2|
00000000|MMI|3.43|Device to Subject Relationship Domain|C3540849|[inpr]|["DR"-tx-23-"Dr"-noun-0]|TX|2346/2|
00000000|MMI|3.43|Doctor - Title|C2348314|[cnce]|["Dr."-tx-23-"Dr"-noun-0]|TX|2346/2|
00000000|MMI|3.43|MIGRAINE WITH OR WITHOUT AURA, SUSCEPTIBILITY TO, 1|C3887485|[fndg]|["MA"-tx-24-"Ma"-noun-0]|TX|2373/2|
00000000|MMI|3.42|10%|C3842590|[fndg]|["10%"-tx-1-"10"-fraction-0]|TX|18/2|
00000000|MMI|3.42|Dis