00000000|MMI|3.65|Report status|C0586177|[fndg]|["Report status"-tx-1-"Report Status"-noun-0]|TX|126/13|
00000000|MMI|3.63|Admission date:Time Stamp -- Date and Time:Point in time:^Patient:Quantitative|C2598112|[clna]|["Admission date"-tx-1-"Admission Date"-noun-0]|TX|100/14|
00000000|MMI|3.63|Date of admission|C1302393|[tmco]|["Admission date"-tx-1-"Admission Date"-noun-0]|TX|100/14|
00000000|MMI|3.59|Pyrexia of unknown origin (excl puerperal)|C0856281|[sosy]|["puo"-tx-1-"PUO"-noun-0]|TX|12/3|
00000000|MMI|3.48|Discharge summarization note:Finding:Point in time:{Setting}:Document:{Provider}|C0801840|[clna]|["Discharge summary"-tx-1-"Discharge Summary"-noun-0]|TX|63/17|
00000000|MMI|3.48|Discharge summary|C0743221|[inpr]|["Discharge summary"-tx-1-"Discharge Summary"-noun-0]|TX|63/17|
00000000|MMI|3.46|Diagnostic interview schedule|C0451119|[inpr]|["DIS"-tx-1-"DIS"-noun-0]|TX|94/3|
00000000|MMI|3.46|Discontinued|C1444662|[fndg]|["DIS"-tx-1-"DIS"-noun-0]|TX|94/3|
00000000|MMI|86.19|Togo|C0040363|[geoa]|["TO"-tx-41-"to"-adv-0,"TO"-tx-28-"to"-adv-0,"TO"-tx-26-"to"-adv-0,"TO"-tx-5-"to"-adv-0]|TX|[4079/2],[4182/2];2948/2;2601/2;411/2|Z01.058.290.190.800
00000000|MMI|86.19|Tryptophanase|C0041260|[aapp,enzy]|["TO"-tx-41-"to"-adv-0,"TO"-tx-28-"to"-adv-0,"TO"-tx-26-"to"-adv-0,"TO"-tx-5-"to"-adv-0]|TX|[4079/2],[4182/2];2948/2;2601/2;411/2|D08.811.520.224.800
00000000|MMI|68.63|Vancomycin|C0042313|[aapp,antb]|["VANCOMYCIN"-tx-36-"vancomycin"-noun-0,"VANCOMYCIN"-tx-32-"vancomycin"-noun-0,"VANCOMYCIN"-tx-22-"vancomycin"-noun-0,"VANCOMYCIN"-tx-21-"Vancomycin"-noun-0]|TX|3850/10;3379/10;[2210/10],[2286/10];1992/10|D09.400.420.925;D12.644.233.925;x.x.x.x
00000000|MMI|68.01|Gentamicin|C3854019|[antb,orch]|["Gentamycin"-tx-32-"gentamicin"-noun-0,"Gentamycin"-tx-31-"gentamicin"-noun-0,"Gentamycin"-tx-22-"gentamicin"-noun-0,"Gentamycin"-tx-21-"gentamicin"-noun-0]|TX|3446/10;3290/10;[2195/10],[2271/10];2007/10|D09.408.051.374
00000000|MMI|68.01|Gentamicin Sulfate (USP)|C0546866|[antb,orch]|["Gentamycin"-tx-32-"gentamicin"-noun-0,"Gentamycin"-tx-31-"gentamicin"-noun-0,"Gentamycin"-tx-22-"gentamicin"-noun-0,"Gentamycin"-tx-21-"gentamicin"-noun-0]|TX|3446/10;3290/10;[2195/10],[2271/10];2007/10|D09.408.051.374
00000000|MMI|66.49|Ivory Coast|C0022326|[geoa]|["IV"-tx-36-"IV"-noun-0,"IV"-tx-31-"IV"-noun-0,"IV"-tx-28-"IV"-noun-0,"IV"-tx-21-"IV"-noun-0]|TX|3869/2;3314/2;2989/2;2071/2|Z01.058.290.190.272
00000000|MMI|58.59|Ciprofloxacin|C0008809|[orch,phsu]|["CIPROFLOXACIN"-tx-32-"ciprofloxacin"-noun-0,"CIPROFLOXACIN"-tx-31-"ciprofloxacin"-noun-0,"CIPROFLOXACIN"-tx-30-"ciprofloxacin"-noun-0]|TX|3410/13;3321/13;3231/13|D03.438.810.835.322.186
00000000|MMI|45.48|Antibiotics, Antitubercular|C0003237|[antb]|["Antibiotics"-tx-28-"antibiotics"-noun-0,"Antibiotics"-tx-21-"antibiotics"-noun-0]|TX|2992/11;2074/11|D27.505.954.122.085.255.135
00000000|MMI|40.11|Anthropological Culture|C0010453|[idcn]|["Culture"-tx-29-"culture"-noun-0,"Cultures"-tx-22-"cultures"-noun-0,"Culture"-tx-19-"culture"-noun-0]|TX|3039/7;2113/8;1825/7|I01.076.201.450;I01.880.853.100
00000000|MMI|39.17|Patient Discharge|C0030685|[hlca]|["Discharged"-tx-33-"discharged"-verb-0,"Discharged"-tx-4-"discharged"-verb-0]|TX|3573/10;327/10|E02.204.125;E02.760.400.610;N02.421.192.125;N02.421.585.400.610;N04.590.233.727.210.125
00000000|MMI|38.95|Temperature|C0039476|[qnco]|["*Temperature"-tx-24-"temperature"-noun-0,"*Temperature"-tx-11-"Temperature"-noun-0]|TX|2406/11;1251/11|G01.906.595;G16.500.275.063.725.710;G16.500.750.775.710;N06.230.150.450;N06.230.300.100.725.710
00000000|MMI|38.79|Cipro|C0701042|[orch,phsu]|["Cipro"-tx-35-"Cipro"-noun-0,"Cipro"-tx-29-"Cipro"-noun-0]|TX|3815/5;3144/5|D03.438.810.835.322.186
00000000|MMI|35.81|Citrobacter|C0008862|[bact]|["CITROBACTER"-tx-29-"citrobacter"-noun-0,"CITROBACTER"-tx-22-"citrobacter"-noun-0]|TX|3164/11;2234/11|B03.440.450.425.200;B03.660.250.150.100
00000000|MMI|35.81|heart rate|C0018810|[clna]|["Heart Rate"-tx-13-"heart rate"-noun-0,"Heart Rate"-tx-12-"heart rate"-noun-0]|TX|1376/10;1311/10|E01.370.600.875.500;G09.330.380.500
00000000|MMI|32.78|Antibiotics|C0003232|[antb]|["Antibiotics"-tx-28-"antibiotics"-noun-0,"Antibiotics"-tx-21-"antibiotics"-noun-0]|TX|2992/11;2074/11|D27.505.954.122.085
00000000|MMI|32.60|Body Temperature|C0005903|[orga]|["temperature"-tx-24-"temperature"-noun-0,"temperature"-tx-11-"Temperature"-noun-0]|TX|2406/11;1251/11|E01.370.600.875.374;G07.110
00000000|MMI|32.53|Coronary Artery Bypass Surgery|C0010055|[topp]|["Coronary Artery Bypass Grafting"-tx-10-"coronary artery bypass grafting"-noun-0,"Coronary Artery Bypass Graft"-tx-3-"coronary artery bypass graft"-noun-0]|TX|1021/31;185/28|E04.100.376.719.332;E04.100.814.868.750;E04.928.220.520.220
00000000|MMI|30.42|Rosa|C0035853|[plnt]|["Rose"-tx-24-"rose"-verb-0]|TX|2473/4|B01.650.940.800.575.100.842.500.750
00000000|MMI|29.46|Desiccation|C0011682|[npop]|["Dry"-tx-41-"dry"-verb-0,"Dry"-tx-26-"dry"-adj-0]|TX|4082/3;2680/3|E05.196.335;G02.149.767.530;G02.842.750.530
00000000|MMI|28.17|Injury wounds|C0043250|[inpo]|["WOUND"-tx-41-"wound"-noun-0,"WOUND"-tx-27-"wound"-noun-0,"WOUND"-tx-26-"wound"-noun-0,"WOUND"-tx-20-"wound"-noun-0,"WOUND"-tx-8-"wound"-noun-0]|TX|[4124/5],[4164/5];2809/5;[2589/5],[2655/5];1911/5;728/5|
00000000|MMI|28.17|Traumatic injury|C3263723|[inpo]|["Wound"-tx-41-"wound"-noun-0,"Wound"-tx-27-"wound"-noun-0,"Wound"-tx-26-"wound"-noun-0,"Wound"-tx-20-"wound"-noun-0,"Wound"-tx-8-"wound"-noun-0]|TX|[4124/5],[4164/5];2809/5;[2589/5],[2655/5];1911/5;728/5|
00000000|MMI|27.83|day|C0439228|[tmco]|["DAY"-tx-41-"day"-noun-0,"DAYS"-tx-37-"days"-noun-0,"DAYS"-tx-36-"days"-noun-0,"DAY"-tx-34-"day"-noun-0,"DAYS"-tx-32-"days"-noun-0,"DAY"-tx-24-"day"-noun-0]|TX|4147/3;3887/4;3843/4;[3756/3],[3781/3];3371/4;2432/3|
00000000|MMI|26.11|Mongolia|C0026410|[geoa]|["MG"-tx-38-"mg"-noun-0,"MG"-tx-36-"mg"-noun-0]|TX|3939/2;3866/2|Z01.252.474.651
00000000|MMI|22.68|Staphylococcus aureus|C0038172|[bact]|["STAPH AUREUS"-tx-22-"staph aureus"-noun-0]|TX|2131/12|B03.300.390.400.800.750.100;B03.353.500.750.750.100;B03.510.100.750.750.100;B03.510.400.790.750.100
00000000|MMI|22.49|Angina, Unstable|C0002965|[dsyn]|["Angina, Unstable"-tx-3-"unstable angina"-noun-1]|TX|235/15|C10.597.617.192.500.150;C14.280.647.187.150;C14.907.585.187.150;C23.888.592.612.233.500.150
00000000|MMI|20.95|5-Methyltetrahydrofolate-Homocysteine S-Methyltransferase|C0039676|[aapp,enzy]|["MS"-tx-2-"Ms"-noun-0]|TX|102/2|D08.811.913.555.500.645
00000000|MMI|20.95|Hypercholesterolemia|C0020443|[dsyn]|["HYPERCHOLESTEROLEMIA"-tx-9-"hypercholesterolemia"-noun-0]|TX|847/20|C18.452.584.500.500.396
00000000|MMI|20.95|Ofloxacin|C0028902|[antb,orch]|["Ofloxacine"-tx-29-"ofloxacin"-noun-0]|TX|3152/9|D03.438.810.835.322.500
00000000|MMI|19.92|To|C1883351|[qlco]|["To"-tx-41-"to"-adv-0,"To"-tx-28-"to"-adv-0,"To"-tx-26-"to"-adv-0,"To"-tx-5-"to"-adv-0]|TX|[4079/2],[4182/2];2948/2;2601/2;411/2|
00000000|MMI|19.80|Disease|C0012634|[dsyn]|["condition"-tx-33-"condition"-noun-0,"condition"-tx-4-"condition"-noun-0]|TX|3635/9;351/9|C23.550.288
00000000|MMI|19.67|Dressing change|C0085671|[topp]|["Dressing change"-tx-41-"dressing changes"-noun-0,"Change of dressing"-tx-29-"of dressing changes"-noun-0,"Dressing change"-tx-28-"dressing changes"-noun-0,"Dressing change"-tx-21-"dressing changes"-noun-0]|TX|4053/16;3070/2,3077/16;[2856/16],[3008/16];2090/16|
00000000|MMI|19.52|Escherichia coli|C0014834|[bact]|["E coli"-tx-29-"e coli"-noun-0]|TX|3111/1,3114/4|B03.440.450.425.325.300;B03.660.250.150.180.100
00000000|MMI|19.38|Accident and Emergency department|C0562508|[hcro]|["EMERGENCY ROOM"-tx-6-"Emergency Room"-noun-0]|TX|541/14|N02.278.216.500.968.336;N02.421.297.195;N04.452.442.422.336
00000000|MMI|18.71|Good|C0205170|[qlco]|["Good"-tx-33-"good"-adj-0,"Well"-tx-27-"well"-adv-0,"Good"-tx-16-"good"-adj-0,"Good"-tx-4-"good"-adj-0,"Well"-tx-4-"well"-adv-0]|TX|3630/4;2834/4;1593/4;346/4;298/4|
00000000|MMI|18.51|Area|C0205146|[spco]|["AREA"-tx-25-"area"-noun-0,"areas"-tx-20-"areas"-noun-0,"AREA"-tx-18-"area"-noun-0,"AREA"-tx-17-"area"-noun-0,"AREA"-tx-15-"area"-noun-0]|TX|2517/4;1839/5;1750/4;1666/4;1564/4|
00000000|MMI|17.80|Blood Pressure|C0005823|[orgf]|["BLOOD PRESSURE"-tx-13-"blood pressure"-noun-0]|TX|1404/14|E01.370.600.875.249;G09.330.380.076
00000000|MMI|17.80|Coronary Arteriosclerosis|C0010054|[dsyn]|["coronary artery disease"-tx-9-"coronary artery disease"-noun-0]|TX|821/23|C14.280.647.250.260;C14.907.137.126.339;C14.907.585.250.260
00000000|MMI|17.80|Coronary Artery Disease|C1956346|[dsyn]|["CORONARY ARTERY DISEASE"-tx-9-"coronary artery disease"-noun-0]|TX|821/23|C14.280.647.250.260;C14.907.137.126.339;C14.907.585.250.260
00000000|MMI|17.80|Enterococcus|C0085494|[bact]|["ENTEROCOCCUS"-tx-29-"enterococci"-noun-0]|TX|3182/11|B03.353.750.250.250;B03.510.550.250.250
00000000|MMI|17.80|Hiatal Hernia|C3489393|[anab]|["HIATAL HERNIA"-tx-9-"hiatal hernia"-noun-0]|TX|901/13|C23.300.707.500.467
00000000|MMI|17.80|Sternum|C0038293|[bpoc]|["STERNUM"-tx-14-"sternum"-noun-0]|TX|1479/7|A02.835.232.904.766
00000000|MMI|17.80|Supraventricular tachycardia|C0039240|[dsyn]|["SUPRAVENTRICULAR TACHYCARDIA"-tx-9-"supraventricular tachycardia"-noun-0]|TX|870/28|C14.280.067.845.880;C23.550.073.845.880
00000000|MMI|17.80|Systemic arterial pressure|C1272641|[fndg]|["Blood pressure"-tx-13-"blood pressure"-noun-0]|TX|1404/14|G09.330.380.076.347
00000000|MMI|16.77|Patients|C0030705|[podg]|["*^patient"-tx-31-"patient"-noun-0,"*^patient"-tx-28-"patient"-noun-0]|TX|3251/7;2896/7|M01.643
00000000|MMI|16.25|Pulse taking|C0034107|[hlca]|["Pulses"-tx-16-"pulses"-noun-0]|TX|1605/6|E01.370.370.380.650;E01.370.600.650;G09.330.380.750
00000000|MMI|16.21|Verapamil|C0042523|[orch,phsu]|["VERAPAMIL"-tx-39-"Verapamil"-noun-0]|TX|3956/9|D02.092.471.683.953
00000000|MMI|16.21|Iodides|C0021966|[inch]|["I-"-tx-38-"i"-adv-0]|TX|3949/1|D01.248.497.158.490;D01.475.410
00000000|MMI|16.12|Diabetes Mellitus, Non-Insulin-Dependent|C0011860|[dsyn]|["Noninsulin Dependent Diabetes"-tx-9-"noninsulin dependent diabetes"-noun-0]|TX|774/29|C18.452.394.750.149;C19.246.300
00000000|MMI|16.07|Lanthanum|C0023031|[elii]|["La"-tx-40-"LA"-noun-0]|TX|3995/2|D01.268.558.362.500;D01.552.550.399.500;x.x.x.x
00000000|MMI|16.05|Dominican Republic|C0013014|[geoa]|["DR"-tx-42-"Dr"-noun-0]|TX|4268/2|Z01.107.084.900.300;Z01.639.880.300
00000000|MMI|14.82|Daily|C0332173|[tmco]|["/day"-tx-41-"day"-noun-0,"/day"-tx-34-"day"-noun-0,"/day"-tx-24-"day"-noun-0]|TX|4147/3;[3756/3],[3781/3];2432/3|
00000000|MMI|14.82|per day|C0439505|[tmco]|["/day"-tx-41-"day"-noun-0,"/day"-tx-34-"day"-noun-0,"/day"-tx-24-"day"-noun-0]|TX|4147/3;[3756/3],[3781/3];2432/3|
00000000|MMI|14.64|Coronary heart disease|C0010068|[dsyn]|["Coronary (artery) disease"-tx-9-"coronary artery disease"-noun-0]|TX|821/23|C14.280.647.250;C14.907.585.250
00000000|MMI|14.64|Degenerative polyarthritis|C0029408|[dsyn]|["OSTEOARTHRITIS"-tx-9-"osteoarthritis"-noun-0]|TX|917/14|C05.550.114.606;C05.799.613
00000000|MMI|14.64|Fever|C0015967|[fndg]|["FEVER"-tx-7-"fever"-noun-1]|TX|590/5|C23.888.119.344
00000000|MMI|14.64|Nausea|C0027497|[sosy]|["NAUSEA"-tx-7-"nausea"-noun-1]|TX|622/6|C23.888.821.712
00000000|MMI|14.64|Pain-Free|C0908489|[orch]|["Pain-Free"-tx-25-"pain free"-adj-0]|TX|2573/9|x.x.x.x
00000000|MMI|14.64|Staple, Surgical|C0524724|[medd]|["staples"-tx-18-"staples"-noun-0]|TX|1721/7|E07.858.690.820
00000000|MMI|14.64|Vital signs|C0518766|[clna]|["Signs, Vital"-tx-11-"vital signs"-noun-0]|TX|1286/11|E01.370.600.875
00000000|MMI|14.64|Vomiting|C0042963|[sosy]|["VOMITING"-tx-7-"vomiting"-noun-1]|TX|634/8|C23.888.821.937
00000000|MMI|14.64|Wound Healing|C0043240|[orgf]|["Healing"-tx-41-"healing"-noun-0]|TX|4213/7|G16.100.856.891
00000000|MMI|14.50|Geographic Locations|C0017446|[geoa]|["Area"-tx-25-"area"-noun-0,"Area"-tx-18-"area"-noun-0,"Area"-tx-17-"area"-noun-0,"Area"-tx-15-"area"-noun-0]|TX|2517/4;1750/4;1666/4;1564/4|Z01
00000000|MMI|13.09|N,N-bis(2-hydroxyethyl)aminoethanesulfonic acid|C0053353|[irda,orch]|["BES"-tx-44-"BESS"-noun-0]|TX|4331/4|x.x.x.x
00000000|MMI|13.07|ferrous sulfate|C0060282|[inch,phsu]|["Iron sulphate"-tx-38-"iron sulfate"-noun-0]|TX|3922/12|x.x.x.x
00000000|MMI|13.05|Rehabilitation therapy|C0034991|[topp]|["Rehabilitation"-tx-33-"rehabilitation"-noun-0]|TX|3480/14|E02.831;H02.403.680.600;N02.421.784
00000000|MMI|13.03|Infertility|C0021359|[patf]|["Sterile"-tx-20-"sterile"-adj-0]|TX|1933/7|C12.294.365;C13.351.500.365
00000000|MMI|13.01|Telefacsimile|C0085205|[mnob]|["Fax"-tx-49-"FAX"-noun-0]|TX|4459/3|L01.178.847.606;L01.240.950
00000000|MMI|12.96|Caucasoid Race|C0007457|[popg]|["WHITE"-tx-23-"white"-adj-0]|TX|2345/5|M01.686.508.400
00000000|MMI|12.91|Auscultation|C0004339|[diap]|["AUSCULTATION"-tx-14-"auscultation"-noun-0]|TX|1456/12|E01.370.600.060
00000000|MMI|12.90|Physicians|C0031831|[prog]|["DR"-tx-42-"Dr"-noun-0]|TX|4268/2|M01.526.485.810;N02.360.810
00000000|MMI|12.89|Pus|C0034161|[bdsu]|["PUS"-tx-18-"pus"-noun-0]|TX|1779/3|C01.539.830;C23.550.470.756
00000000|MMI|12.88|Myocardium|C0027061|[tisu]|["Myocardial"-tx-3-"myocardial"-adj-0]|TX|267/10|A02.633.580;A07.541.704;A10.690.552.750
00000000|MMI|12.88|Diabetes Mellitus|C0011849|[dsyn]|["Diabetes"-tx-3-"diabetes"-noun-0]|TX|158/8|C18.452.394.750;C19.246
00000000|MMI|11.54|Continuous|C0549178|[idcn]|["Continue"-tx-41-"continues"-verb-0,"Continue"-tx-34-"continue"-verb-0,"Continued"-tx-28-"continued"-verb-0]|TX|4203/9;3656/8;2878/9|
00000000|MMI|11.53|Patient Condition Code - Stable|C1547311|[inpr]|["Stable"-tx-23-"stable"-adj-0,"Stable"-tx-14-"stable"-adj-0,"Stable"-tx-11-"stable"-adj-0]|TX|2380/6;1491/6;1298/6|
00000000|MMI|11.53|Stable status|C0205360|[qlco]|["STABLE"-tx-23-"stable"-adj-0,"STABLE"-tx-14-"stable"-adj-0,"STABLE"-tx-11-"stable"-adj-0]|TX|2380/6;1491/6;1298/6|
00000000|MMI|11.49|Chills|C0085593|[sosy]|["CHILLS"-tx-7-"chills"-noun-1]|TX|598/6|C23.888.208
00000000|MMI|11.49|Edema|C0013604|[fndg]|["SWELLING"-tx-5-"swelling"-noun-0]|TX|426/8|C23.888.277
00000000|MMI|11.49|Heart murmur|C0018808|[fndg]|["MURMUR"-tx-12-"murmur"-noun-1]|TX|1363/6|C23.888.447
00000000|MMI|11.49|Hypertensive disease|C0020538|[dsyn]|["HYPERTENSION"-tx-9-"hypertension"-noun-0]|TX|806/12|C14.907.489
00000000|MMI|11.49|Physical Examination|C0031809|[hlca]|["PHYSICAL EXAMINATION"-tx-11-"PHYSICAL EXAMINATION"-noun-0]|TX|1229/20|E01.370.600
00000000|MMI|11.49|Schizophrenia|C0036341|[mobd]|["-- Schizophrenia"-tx-9-"schizophrenia"-noun-0]|TX|966/13|F03.700.750
00000000|MMI|11.21|milligram/day|C0439422|[qnco]|["mg/d"-tx-39-"mg d"-noun-0,"mg/d"-tx-38-"mg d"-noun-0,"mg/d"-tx-35-"mg d"-noun-0]|TX|3969/2,3981/1;3939/2,3951/1;3825/2,3837/1|
00000000|MMI|10.92|Clinical Study Follow-up|C3274571|[hlca]|["FOLLOW-UP"-tx-42-"follow-up"-adj-0,"FOLLOW-UP"-tx-29-"follow-up"-adj-0,"FOLLOW-UP"-tx-28-"follow up"-adj-0]|TX|4253/9;3029/9;2951/9|
00000000|MMI|10.92|Follow-Up Report|C1704685|[inpr]|["Follow-Up"-tx-42-"follow-up"-adj-0,"Follow-Up"-tx-29-"follow-up"-adj-0,"Follow-Up"-tx-28-"follow up"-adj-0]|TX|4253/9;3029/9;2951/9|
00000000|MMI|10.92|Follow-up status|C0589120|[fndg]|["Follow-up"-tx-42-"follow-up"-adj-0,"Follow-up"-tx-29-"follow-up"-adj-0,"Follow-up"-tx-28-"follow up"-adj-0]|TX|4253/9;3029/9;2951/9|
00000000|MMI|10.92|follow-up|C1522577|[hlca]|["Follow Up"-tx-42-"follow-up"-adj-0,"Follow Up"-tx-29-"follow-up"-adj-0,"Follow Up"-tx-28-"follow up"-adj-0]|TX|4253/9;3029/9;2951/9|
00000000|MMI|10.80|Medical center|C0565990|[hcro,mnob]|["Medical centre"-tx-49-"MEDICAL CENTER"-noun-0,"Medical centre"-tx-33-"Medical Center"-noun-0]|TX|4491/14;[3523/14],[3612/14]|
00000000|MMI|10.80|Military Hospital - Medical Center|C1552471|[hcro,mnob]|["Medical Center"-tx-49-"MEDICAL CENTER"-noun-0,"Medical Center"-tx-33-"Medical Center"-noun-0]|TX|4491/14;[3523/14],[3612/14]|
00000000|MMI|10.76|Entire left thigh|C1279549|[bpoc]|["Left thigh"-tx-41-"left thigh"-noun-0,"Left thigh"-tx-15-"left thigh"-noun-0,"Left thigh"-tx-5-"left thigh"-noun-0]|TX|4113/10;1504/10;459/10|
00000000|MMI|10.76|Structure of left thigh|C0230426|[bpoc]|["Left Thigh"-tx-41-"left thigh"-noun-0,"Left Thigh"-tx-15-"left thigh"-noun-0,"Left Thigh"-tx-5-"left thigh"-noun-0]|TX|4113/10;1504/10;459/10|
00000000|MMI|10.68|Removed|C0849355|[qlco]|["Out"-tx-29-"out"-adv-0,"Out"-tx-22-"out"-adv-0,"Removed"-tx-18-"removed"-verb-0]|TX|3107/3;2127/3;1734/7|
00000000|MMI|10.58|General medical service|C3812897|[hlca]|["General"-tx-49-"GENERAL"-adj-0,"General"-tx-33-"General"-adj-0]|TX|4483/7;[3515/7],[3604/7]|
00000000|MMI|10.58|Generalized|C0205246|[spco]|["General"-tx-49-"GENERAL"-adj-0,"General"-tx-33-"General"-adj-0]|TX|4483/7;[3515/7],[3604/7]|
00000000|MMI|10.58|Safety Reporting Documentation|C3891294|[inpr]|["General"-tx-49-"GENERAL"-adj-0,"General"-tx-33-"General"-adj-0]|TX|4483/7;[3515/7],[3604/7]|
00000000|MMI|10.55|XPR1 gene|C1421546|[gngm]|["X3"-tx-37-"x3"-noun-0,"X3"-tx-36-"x3"-noun-0,"X3"-tx-10-"x3"-noun-0]|TX|3884/2;3840/2;1053/2|
00000000|MMI|10.42|Abortion consent:Finding:Point in time:^Patient:Document|C2360836|[clna]|["Patient"-tx-31-"patient"-noun-0,"Patient"-tx-28-"patient"-noun-0]|TX|3251/7;2896/7|
00000000|MMI|10.42|Cleaning (activity)|C1947930|[acty]|["Clean"-tx-27-"clean"-adj-0,"Clean"-tx-26-"clean"-adj-0]|TX|2824/5;2670/5|
00000000|MMI|10.42|Doctor of Medicine|C1512018|[inpr]|["M.D."-tx-46-"M.D"-noun-0,"M.D."-tx-44-"M.D"-noun-0]|TX|4379/3;4338/3|
00000000|MMI|10.42|Dry|C0205222|[qlco]|["Dry"-tx-41-"dry"-verb-0,"Dry"-tx-26-"dry"-adj-0]|TX|4082/3;2680/3|
00000000|MMI|10.42|Dryness (characteristic)|C1512080|[qlco]|["Dry"-tx-41-"dry"-verb-0,"Dry"-tx-26-"dry"-adj-0]|TX|4082/3;2680/3|
00000000|MMI|10.42|Hysterectomy consent:Finding:Point in time:^Patient:Document|C2360838|[clna]|["Patient"-tx-31-"patient"-noun-0,"Patient"-tx-28-"patient"-noun-0]|TX|3251/7;2896/7|
00000000|MMI|10.42|Sterilization consent:Finding:Point in time:^Patient:Document|C2360840|[clna]|["Patient"-tx-31-"patient"-noun-0,"Patient"-tx-28-"patient"-noun-0]|TX|3251/7;2896/7|
00000000|MMI|9.99|Wound Infection|C0043241|[patf]|["Wound Infection"-tx-1-"WOUND INFECTION"-noun-0]|TX|56/15|C01.539.947;C26.951
00000000|MMI|9.90|Rehabilitation aspects|C0034992|[ftcn]|["Rehabilitation"-tx-33-"rehabilitation"-noun-0]|TX|3480/14|x.x.x
00000000|MMI|9.85|Erythema|C0041834|[dsyn]|["ERYTHEMA"-tx-5-"erythema"-noun-0]|TX|439/8|C17.800.229
00000000|MMI|9.85|Female|C0015780|[orga]|["FEMALE"-tx-3-"female"-noun-0]|TX|133/6|x.x.x
00000000|MMI|9.85|Females|C0086287|[popg]|["female"-tx-3-"female"-noun-0]|TX|133/6|x.x.x
00000000|MMI|9.73|Communicable Diseases|C0009450|[dsyn]|["Infection, NOS"-tx-3-"infection"-noun-1]|TX|278/9|C01.539.221
00000000|MMI|9.73|Historical aspects qualifier|C0019665|[ftcn]|["history"-tx-3-"history"-noun-0]|TX|147/7|x.x.x
00000000|MMI|9.73|Mammary gland|C0929301|[bpoc]|["Mammary"-tx-10-"mammary"-noun-0]|TX|1079/7|A01.236.249;A10.336.532
00000000|MMI|8.34|Lung|C0024109|[bpoc]|["LUNGS"-tx-14-"lungs"-noun-0]|TX|1436/5|A04.411
00000000|MMI|8.00|Beginning|C0439659|[tmco]|["Begin"-tx-26-"began"-verb-0,"Begin"-tx-5-"began"-verb-0]|TX|2595/5;405/5|
00000000|MMI|7.70|Well|C3146287|[mnob]|["Well"-tx-27-"well"-adv-0,"Well"-tx-4-"well"-adv-0]|TX|2834/4;298/4|
00000000|MMI|7.59|Hospital admission|C0184666|[hlca]|["Admission"-tx-24-"admission"-noun-0,"admitted hospital"-tx-21-"admitted hospital"-noun-0]|TX|2442/9;2042/8,2058/8|
00000000|MMI|7.40|Antibiotic throat preparations|C3540706|[antb]|["Antibiotics"-tx-28-"antibiotics"-noun-0,"Antibiotics"-tx-21-"antibiotics"-noun-0]|TX|2992/11;2074/11|
00000000|MMI|7.40|Antibiotics FOR TREATMENT OF HEMORRHOIDS AND ANAL FISSURES FOR TOPICAL USE|C3540707|[antb]|["Antibiotics"-tx-28-"antibiotics"-noun-0,"Antibiotics"-tx-21-"antibiotics"-noun-0]|TX|2992/11;2074/11|
00000000|MMI|7.40|Antibiotics for systemic use|C3540704|[antb]|["Antibiotics"-tx-28-"antibiotics"-noun-0,"Antibiotics"-tx-21-"antibiotics"-noun-0]|TX|2992/11;2074/11|
00000000|MMI|7.40|Antibiotics, Gynecological|C3540708|[antb]|["Antibiotics"-tx-28-"antibiotics"-noun-0,"Antibiotics"-tx-21-"antibiotics"-noun-0]|TX|2992/11;2074/11|
00000000|MMI|7.40|Antibiotics, ophthalmologic|C3540710|[antb]|["Antibiotics"-tx-28-"antibiotics"-noun-0,"Antibiotics"-tx-21-"antibiotics"-noun-0]|TX|2992/11;2074/11|
00000000|MMI|7.40|Antifungal Antibiotics, Topical|C3540705|[antb]|["Antibiotics"-tx-28-"antibiotics"-noun-0,"Antibiotics"-tx-21-"antibiotics"-noun-0]|TX|2992/11;2074/11|
00000000|MMI|7.40|antibiotics, intestinal|C3540709|[antb]|["Antibiotics"-tx-28-"antibiotics"-noun-0,"Antibiotics"-tx-21-"antibiotics"-noun-0]|TX|2992/11;2074/11|
00000000|MMI|7.28|Seven-Day Report|C1710063|[inpr]|["SEVEN-DAY"-tx-32-"seven days"-noun-0]|TX|[3396/10],[3432/10]|
00000000|MMI|7.26|Cultural aspects|C0220814|[ftcn]|["culture"-tx-29-"culture"-noun-0,"culture"-tx-19-"culture"-noun-0]|TX|3039/7;1825/7|
00000000|MMI|7.26|Laboratory culture|C0430400|[lbpr]|["Culture"-tx-29-"culture"-noun-0,"Culture"-tx-19-"culture"-noun-0]|TX|3039/7;1825/7|
00000000|MMI|7.26|Microbial culture (procedure)|C2242979|[lbpr]|["Culture"-tx-29-"culture"-noun-0,"Culture"-tx-19-"culture"-noun-0]|TX|3039/7;1825/7|
00000000|MMI|7.26|Part|C0449719|[spco]|["Portion"-tx-26-"portion"-noun-0]|TX|[2640/7],[2702/7]|
00000000|MMI|7.26|Hospital course|C0489547|[fndg]|["Hospital course"-tx-26-"hospital course"-noun-0,"Hospital course"-tx-18-"HOSPITAL COURSE"-noun-0]|TX|2757/15;1700/15|
00000000|MMI|7.26|Hospital course:Finding:Point in time:^Patient:Narrative|C0488549|[clna]|["Hospital course"-tx-26-"hospital course"-noun-0,"Hospital course"-tx-18-"HOSPITAL COURSE"-noun-0]|TX|2757/15;1700/15|
00000000|MMI|7.24|Two weeks|C4082118|[tmco]|["Two weeks"-tx-40-"two weeks"-noun-0,"Two weeks"-tx-5-"two weeks"-noun-0]|TX|4025/9;369/9|
00000000|MMI|7.23|Injury of thigh|C0272446|[inpo]|["Thigh Wound"-tx-41-"thigh wound"-noun-0,"Thigh Wound"-tx-17-"thigh wound"-noun-0]|TX|4118/11;1647/11|
00000000|MMI|7.21|History of present illness|C0262512|[orga]|["History, NOS"-tx-3-"history"-noun-0,"HISTORY OF PRESENT ILLNESS"-tx-2-"HISTORY OF PRESENT ILLNESS"-noun-0]|TX|147/7;74/26|
00000000|MMI|7.21|Medical History|C0262926|[fndg]|["Past Medical History"-tx-9-"PAST MEDICAL HISTORY"-noun-0,"History"-tx-3-"history"-noun-0]|TX|736/20;147/7|
00000000|MMI|7.19|Wound erythema|C0406833|[sosy]|["Wound erythema"-tx-25-"erythema wound"-noun-1,"Wound erythema"-tx-15-"erythematous wound"-noun-0]|TX|2501/8,2529/5;1519/12,1543/5|
00000000|MMI|7.15|Gauzes|C0590323|[medd]|["GAUZE"-tx-41-"gauze"-noun-0,"GAUZE"-tx-20-"gauze"-noun-0]|TX|4100/5;1941/5|
00000000|MMI|7.15|Event Seriousness - Significant|C1546944|[qlco]|["Significant"-tx-10-"Significant"-adj-0,"Significant"-tx-9-"Significant"-adj-0]|TX|1005/11;758/11|
00000000|MMI|7.15|Significant|C0750502|[idcn]|["Significant"-tx-10-"Significant"-adj-0,"Significant"-tx-9-"Significant"-adj-0]|TX|1005/11;758/11|
00000000|MMI|7.15|Statistical Significance|C0237881|[qnco]|["significant"-tx-10-"Significant"-adj-0,"significant"-tx-9-"Significant"-adj-0]|TX|1005/11;758/11|
00000000|MMI|7.11|Condition|C0348080|[qlco]|["Condition"-tx-33-"condition"-noun-0,"Condition"-tx-4-"condition"-noun-0]|TX|3635/9;351/9|
00000000|MMI|7.11|Condition:Find:Pt:^Patient:Nom|C3864998|[clna]|["Condition"-tx-33-"condition"-noun-0,"Condition"-tx-4-"condition"-noun-0]|TX|3635/9;351/9|
00000000|MMI|7.11|Logical Condition|C1705253|[cnce]|["Condition"-tx-33-"condition"-noun-0,"Condition"-tx-4-"condition"-noun-0]|TX|3635/9;351/9|
00000000|MMI|7.08|Magnesium Cation|C2346927|[elii,phsu]|["Mg++"-tx-38-"mg"-noun-0,"Mg++"-tx-36-"mg"-noun-0]|TX|3939/2;3866/2|
00000000|MMI|7.08|Milligram percent|C1960952|[qnco]|["mg %"-tx-38-"mg"-noun-0,"mg %"-tx-36-"mg"-noun-0]|TX|3939/2;3866/2|
00000000|MMI|7.08|mg/dL|C0439269|[qnco]|["mg%"-tx-38-"mg"-noun-0,"mg%"-tx-36-"mg"-noun-0]|TX|3939/2;3866/2|
00000000|MMI|7.07|Normal saline|C0445115|[inch,phsu]|["Normal saline"-tx-41-"normal saline"-noun-0,"Normal saline"-tx-20-"normal saline"-noun-0]|TX|4086/13;1957/13|
00000000|MMI|7.04|Saphenous vein graft|C0729538|[bpoc]|["SAPHENOUS VEIN GRAFT"-tx-10-"saphenous vein grafts"-noun-0,"SAPHENOUS VEIN GRAFT"-tx-5-"saphenous vein graft"-noun-0]|TX|1139/21;470/20|
00000000|MMI|6.99|Out (direction)|C0439787|[spco]|["Out"-tx-29-"out"-adv-0,"Out"-tx-22-"out"-adv-0]|TX|3107/3;2127/3|
00000000|MMI|6.96|Skin necrosis|C0151799|[patf]|["Necrosis of skin"-tx-20-"of necrotic skin"-noun-0,"Necrosis of skin"-tx-17-"of necrotic skin"-noun-0]|TX|1845/16;1671/11,1693/4|
00000000|MMI|6.88|Three|C0205449|[qnco]|["Three"-tx-41-"three"-word_numeral-0,"Three"-tx-26-"three"-word_numeral-0]|TX|4130/5;2719/5|
00000000|MMI|6.88|Left|C0205091|[spco]|["LEFT"-tx-41-"left"-noun-0,"LEFT"-tx-5-"left"-noun-0]|TX|4113/4;459/4|
00000000|MMI|6.88|Left sided|C0443246|[spco]|["Left"-tx-41-"left"-noun-0,"Left"-tx-5-"left"-noun-0]|TX|4113/4;459/4|
00000000|MMI|6.88|Table Cell Horizontal Align - left|C1552822|[ftcn]|["left"-tx-41-"left"-noun-0,"left"-tx-5-"left"-noun-0]|TX|4113/4;459/4|
00000000|MMI|6.85|Appearance|C0700364|[qlco]|["APPEAR"-tx-17-"appearing"-adj-0,"APPEAR"-tx-8-"appearing"-adj-0]|TX|1683/9;693/9|
00000000|MMI|6.70|Debridement|C0011079|[topp]|["Debridements"-tx-26-"debridements"-noun-0]|TX|2735/12|E04.176
00000000|MMI|6.69|Woman|C0043210|[popg]|["female"-tx-3-"female"-noun-0]|TX|133/6|M01.975
00000000|MMI|6.57|Infection|C3714514|[patf]|["INFECTION"-tx-3-"infection"-noun-1]|TX|278/9|C01.539
00000000|MMI|6.57|History|C0019664|[ocdi]|["History"-tx-3-"history"-noun-0]|TX|147/7|K01.400
00000000|MMI|6.57|Time|C0040223|[tmco]|["times"-tx-41-"times"-noun-0]|TX|4136/5|G01.910
00000000|MMI|6.57|Breast|C0006141|[bpoc]|["Mammary"-tx-10-"mammary"-noun-0]|TX|1079/7|A01.236
00000000|MMI|6.56|Drainage procedure|C0013103|[topp]|["drain"-tx-8-"draining"-noun-0]|TX|710/8|E02.309;E04.237
00000000|MMI|5.18|1+|C3816745|[fndg]|["1+"-tx-48-"1"-integer-0]|TX|4456/1|
00000000|MMI|5.18|1+ Score|C2827734|[qnco]|["1+"-tx-48-"1"-integer-0]|TX|4456/1|
00000000|MMI|5.18|1+ Score, WHO|C2981698|[clas]|["1+"-tx-48-"1"-integer-0]|TX|4456/1|
00000000|MMI|5.18|Admission activity|C0809949|[hlca]|["Admission"-tx-24-"admission"-noun-0]|TX|2442/9|
00000000|MMI|5.18|Antimicrobial Resistance Result|C2827757|[lbtr]|["RESISTANT"-tx-22-"resistant"-adj-0]|TX|2166/9|
00000000|MMI|5.18|Blood pressure finding|C1271104|[fndg]|["Blood Pressure"-tx-13-"blood pressure"-noun-0]|TX|1404/14|
00000000|MMI|5.18|Certain (qualifier value)|C0205423|[qlco]|["Sure"-tx-41-"sure"-adj-0]|TX|4190/4|
00000000|MMI|5.18|Closure by staple|C0185012|[topp]|["Staples"-tx-18-"staples"-noun-0]|TX|1721/7|
00000000|MMI|5.18|Decreased|C0205216|[qnco]|["Decreased"-tx-25-"decreased"-verb-0]|TX|2535/9|
00000000|MMI|5.18|Decreasing|C0442797|[qlco]|["decreased"-tx-25-"decreased"-verb-0]|TX|2535/9|
00000000|MMI|5.18|Denied (qualifier)|C0332319|[qlco]|["Denied"-tx-7-"denied"-verb-0]|TX|579/6|
00000000|MMI|5.18|Deny (action)|C2700401|[acty]|["Denied"-tx-7-"denied"-verb-0]|TX|579/6|
00000000|MMI|5.18|Discharge date|C2361123|[tmco]|["Discharge date"-tx-1-"Discharge Date"-noun-0]|TX|0/14|
00000000|MMI|5.18|Discharge date:Time Stamp -- Date and Time:Point in time:^Patient:Quantitative|C2361122|[clna]|["Discharge date"-tx-1-"Discharge Date"-noun-0]|TX|0/14|
00000000|MMI|5.18|Entire left foot|C1279999|[bpoc]|["Left foot"-tx-16-"left foot"-noun-0]|TX|1622/9|
00000000|MMI|5.18|Entire obtuse marginal branch of circumflex branch of left coronary artery|C1305171|[bpoc]|["Obtuse marginal artery"-tx-10-"obtuse marginal artery"-noun-0]|TX|1204/22|
00000000|MMI|5.18|Entire sternum|C1279580|[bpoc]|["Sternum"-tx-14-"sternum"-noun-0]|TX|1479/7|
00000000|MMI|5.18|Extracted Lead|C3541890|[fndg]|["EXTRACTED"-tx-18-"extracted"-verb-0]|TX|1787/9|
00000000|MMI|5.18|Extraction|C0185115|[topp]|["Extracted"-tx-18-"extracted"-verb-0]|TX|1787/9|
00000000|MMI|5.18|Fever symptoms (finding)|C0424755|[fndg]|["Fever"-tx-7-"fever"-noun-1]|TX|590/5|
00000000|MMI|5.18|Geographic state|C1301808|[geoa]|["stated"-tx-8-"stated"-verb-0]|TX|649/6|
00000000|MMI|5.18|H/O: surgery|C0455610|[fndg]|["Past surgical history"-tx-10-"PAST SURGICAL HISTORY"-noun-0]|TX|982/21|
00000000|MMI|5.18|Healed|C0205249|[ftcn]|["Healing"-tx-41-"healing"-noun-0]|TX|4213/7|
00000000|MMI|5.18|Hemodynamically stable|C0578150|[fndg]|["Hemodynamically stable"-tx-23-"hemodynamically stable"-adj-0]|TX|2312/22|
00000000|MMI|5.18|History of present illness:Finding:Point in time:^Patient:Nominal:Reported|C0488508|[clna]|["History of present illness"-tx-2-"HISTORY OF PRESENT ILLNESS"-noun-0]|TX|74/26|
00000000|MMI|5.18|Hypercholesterolemia result|C1522133|[fndg]|["Hypercholesterolemia"-tx-9-"hypercholesterolemia"-noun-0]|TX|847/20|
00000000|MMI|5.18|Hypertension Adverse Event|C1963138|[fndg]|["Hypertension"-tx-9-"hypertension"-noun-0]|TX|806/12|
00000000|MMI|5.18|Include (action)|C2700399|[acty]|["Include"-tx-34-"include"-verb-0]|TX|3725/7|
00000000|MMI|5.18|Including (qualifier)|C0332257|[ftcn]|["include"-tx-34-"include"-verb-0]|TX|3725/7|
00000000|MMI|5.18|Increase|C0442805|[ftcn]|["Increased"-tx-6-"increased"-adj-0]|TX|511/9|
00000000|MMI|5.18|Increased|C0205217|[qnco]|["Increased"-tx-6-"increased"-adj-0]|TX|511/9|
00000000|MMI|5.18|MTR wt Allele|C3539704|[gngm]|["MS"-tx-2-"Ms"-noun-0]|TX|102/2|
00000000|MMI|5.18|Make - Instruction Imperative|C1881534|[ftcn]|["Make"-tx-41-"make"-verb-0]|TX|4185/4|
00000000|MMI|5.18|Massive|C0522501|[qlco]|["Markedly"-tx-25-"markedly"-adv-0]|TX|2545/8|
00000000|MMI|5.18|Medication.discharge|C0806915|[fndg]|["Discharge medications"-tx-34-"discharge medications"-noun-0]|TX|3703/21|
00000000|MMI|5.18|Ms. - Title|C2349943|[cnce]|["Ms."-tx-2-"Ms"-noun-0]|TX|102/2|
00000000|MMI|5.18|Nausea Adverse Event|C1963179|[patf]|["Nausea"-tx-7-"nausea"-noun-1]|TX|622/6|
00000000|MMI|5.18|Never (frequency)|C2003901|[tmco]|["NEVER"-tx-24-"never"-adv-0]|TX|2467/5|
00000000|MMI|5.18|Night sweats|C0028081|[sosy]|["NIGHT SWEATS"-tx-7-"night sweats"-noun-1]|TX|607/12|
00000000|MMI|5.18|Now (temporal qualifier)|C1948052|[tmco]|["Now"-tx-41-"now"-adv-0]|TX|4238/3|
00000000|MMI|5.18|PMH - past medical history|C0455458|[fndg]|["Past medical history"-tx-9-"PAST MEDICAL HISTORY"-noun-0]|TX|736/20|
00000000|MMI|5.18|Receive|C1514756|[qlco]|["Receive"-tx-32-"receive"-verb-0]|TX|3349/7|
00000000|MMI|5.18|Recognition of Outliers by Sampling Ends|C4050365|[resa]|["ROSE"-tx-24-"rose"-verb-0]|TX|2473/4|
00000000|MMI|5.18|Reduced|C0392756|[qlco]|["Decreased"-tx-25-"decreased"-verb-0]|TX|2535/9|
00000000|MMI|5.18|Requirement|C1514873|[ftcn]|["Required"-tx-26-"required"-verb-0]|TX|2710/8|
00000000|MMI|5.18|Resistance Process|C1514892|[phsf]|["Resistant"-tx-22-"resistant"-adj-0]|TX|2166/9|
00000000|MMI|5.18|Resistant (qualifier value)|C0332325|[ftcn]|["Resistant"-tx-22-"resistant"-adj-0]|TX|2166/9|
00000000|MMI|5.18|Rose extract|C0995005|[phsu]|["ROSE"-tx-24-"rose"-verb-0]|TX|2473/4|
00000000|MMI|5.18|Species|C1705920|[cnce]|["SPECIES"-tx-30-"species"-noun-0]|TX|3200/7|
00000000|MMI|5.18|State|C1442792|[ftcn]|["Stated"-tx-8-"stated"-verb-0]|TX|649/6|
00000000|MMI|5.18|Structure of left foot|C0230461|[bpoc]|["Left Foot"-tx-16-"left foot"-noun-0]|TX|1622/9|
00000000|MMI|5.18|Structure of obtuse marginal branch of circumflex branch of left coronary artery|C0226040|[bpoc]|["Obtuse marginal artery"-tx-10-"obtuse marginal artery"-noun-0]|TX|1204/22|
00000000|MMI|5.18|Supraventricular Tachycardia Adverse Event|C1963244|[patf]|["Supraventricular tachycardia"-tx-9-"supraventricular tachycardia"-noun-0]|TX|870/28|
00000000|MMI|5.18|Supraventricular Tachycardia by ECG Finding|C3815188|[fndg]|["Supraventricular Tachycardia"-tx-9-"supraventricular tachycardia"-noun-0]|TX|870/28|
00000000|MMI|5.18|Swelling|C0038999|[fndg]|["SWELLING"-tx-5-"swelling"-noun-0]|TX|426/8|
00000000|MMI|5.18|Taking vital signs|C0150404|[hlca]|["Vital signs"-tx-11-"vital signs"-noun-0]|TX|1286/11|
00000000|MMI|5.18|Very good|C3641222|[qlco]|["Very well"-tx-26-"very well"-adv-0]|TX|2614/9|
00000000|MMI|5.18|Vomiting Adverse Event|C1963281|[patf]|["Vomiting"-tx-7-"vomiting"-noun-1]|TX|634/8|
00000000|MMI|5.18|Warmer, device|C0184348|[medd]|["Warm"-tx-16-"warm"-adj-0]|TX|1636/4|
00000000|MMI|5.18|include - SetOperator|C1552866|[idcn]|["include"-tx-34-"include"-verb-0]|TX|3725/7|
00000000|MMI|5.18|resistant - Observation Interpretation Susceptibility|C1550464|[idcn]|["Resistant"-tx-22-"resistant"-adj-0]|TX|2166/9|
00000000|MMI|5.18|warming process|C0687712|[npop]|["warm"-tx-16-"warm"-adj-0]|TX|1636/4|
00000000|MMI|3.76|Chronic abscess|C0333398|[patf]|["Abscess, chronic"-tx-9-"chronic abscess"-noun-0]|TX|934/7,952/7|
00000000|MMI|3.72|Sensitive|C0332324|[ftcn]|["Sensitive to"-tx-30-"sensitive to"-adj-0]|TX|3218/12|
00000000|MMI|3.68|% index|C1637833|[qnco]|["% index"-tx-47-"Index"-noun-0]|TX|4411/5|
00000000|MMI|3.68|Attending (action)|C1999232|[ftcn]|["attending"-tx-45-"Attending"-noun-0]|TX|4348/9|
00000000|MMI|3.68|Attending (provider role)|C1547429|[prog]|["Attending"-tx-45-"Attending"-noun-0]|TX|4348/9|
00000000|MMI|3.68|Count|C0750480|[qnco]|["Count"-tx-23-"count"-noun-0]|TX|2351/5|
00000000|MMI|3.68|Count Dosing Unit|C1705566|[qnco]|["COUNT"-tx-23-"count"-noun-0]|TX|2351/5|
00000000|MMI|3.68|Html Link Type - index|C1552854|[idcn]|["index"-tx-47-"Index"-noun-0]|TX|4411/5|
00000000|MMI|3.68|Index|C0918012|[inpr]|["Index"-tx-47-"Index"-noun-0]|TX|4411/5|
00000000|MMI|3.68|Inspection - action|C0199219|[ftcn]|["inspections"-tx-41-"inspections"-noun-0]|TX|4170/11|
00000000|MMI|3.65|discharge diagnosis|C1555319|[fndg]|["Discharge diagnosis"-tx-1-"DISCHARGE DIAGNOSIS"-noun-0]|TX|26/19|
00000000|MMI|3.64|High|C0205250|[qlco]|["Higher"-tx-24-"higher"-adj-0]|TX|2478/6|
00000000|MMI|3.64|dictated - DocumentCompletion|C1609990|[idcn]|["Dictated"-tx-44-"Dictated"-verb-0]|TX|4313/8|
00000000|MMI|3.64|dictated - ParticipationMode|C1548384|[ftcn]|["dictated"-tx-44-"Dictated"-verb-0]|TX|4313/8|
00000000|MMI|3.63|100%|C3817553|[qnco]|["100%"-tx-11-"100"-real_number-0]|TX|1263/3|
00000000|MMI|3.63|Bonaire, Sint Eustatius and Saba|C3541236|[geoa]|["BES"-tx-44-"BESS"-noun-0]|TX|4331/4|
00000000|MMI|3.63|Physiologic pulse|C0391850|[phsf]|["PULSES"-tx-16-"pulses"-noun-0]|TX|1605/6|
00000000|MMI|3.62|coronary artery graft device|C1260596|[medd]|["coronary artery bypass graft"-tx-3-"coronary artery bypass graft"-noun-0]|TX|185/28|
00000000|MMI|3.62|Chlordiazepoxide Hydrochloride 10 MG|C2747305|[clnd]|["Chlordiazepoxide Hydrochloride 10 MG"-tx-34-"Librium 10 mg"-noun-0]|TX|3787/13|
00000000|MMI|3.62|Docusate Sodium 100 MG|C3153447|[clnd]|["Docusate Sodium 100 MG"-tx-37-"Colace 100 mg"-noun-0]|TX|3894/13|
00000000|MMI|3.61|Batch (Response Modality)|C1550176|[inpr]|["Batch"-tx-47-"Batch"-noun-0]|TX|4400/5|
00000000|MMI|3.61|Batch (group)|C1948031|[qnco]|["Batch"-tx-47-"Batch"-noun-0]|TX|4400/5|
00000000|MMI|3.61|Batch Number|C3641829|[inpr]|["BATCH"-tx-47-"Batch"-noun-0]|TX|4400/5|
00000000|MMI|3.61|C-Circle|C3538933|[celc]|["CC"-tx-48-"CC"-noun-0]|TX|4452/2|
00000000|MMI|3.61|Incision and drainage|C0152277|[topp]|["i d"-tx-38-"i.d"-adv-0]|TX|3949/3|
00000000|MMI|3.61|Large amount|C3869890|[qnco]|["Large amount"-tx-18-"large amount"-noun-0]|TX|1763/12|
00000000|MMI|3.61|Rehabilitation service|C0587660|[hlca]|["Rehabilitation service"-tx-28-"Rehabilitation Service"-noun-0]|TX|2925/22|
00000000|MMI|3.59|60%|C3842585|[fndg]|["60%"-tx-39-"60"-integer-0]|TX|3966/2|
00000000|MMI|3.59|Blood group antibody I|C0221138|[aapp,imft]|["I NOS"-tx-38-"i"-adv-0]|TX|3949/1|
00000000|MMI|3.59|Accepted|C1272684|[qlco]|["Accepted"-tx-33-"accepted"-verb-0]|TX|3467/8|
00000000|MMI|3.59|Changed status|C0443172|[qnco]|["Changed"-tx-31-"changed"-verb-0]|TX|3263/7|
00000000|MMI|3.59|Changing|C0392747|[ftcn]|["Changed"-tx-31-"changed"-verb-0]|TX|3263/7|
00000000|MMI|3.59|Clear|C2963144|[qlco]|["Clear"-tx-14-"clear"-adj-0]|TX|1447/5|
00000000|MMI|3.59|Negative Surgical Margin|C1709157|[fndg]|["Clear"-tx-14-"clear"-adj-0]|TX|1447/5|
00000000|MMI|3.59|Referral status - Accepted|C1548435|[idcn]|["Accepted"-tx-33-"accepted"-verb-0]|TX|3467/8|
00000000|MMI|3.59|Rehabilitation - specialty|C1306847|[bmod]|["Rehabilitation"-tx-33-"rehabilitation"-noun-0]|TX|3480/14|
00000000|MMI|3.59|Send (transmission)|C1519246|[ftcn]|["Sent"-tx-19-"sent"-verb-0]|TX|1816/4|
00000000|MMI|3.59|Started|C1272689|[qlco]|["Started"-tx-21-"started"-verb-0]|TX|1981/7|
00000000|MMI|3.58|Anterior descending branch of left coronary artery|C0226032|[bpoc]|["Left anterior descending artery"-tx-10-"left artery anterior descending"-noun-0]|TX|1065/4,1087/6,1106/19|
00000000|MMI|3.57|Calorie diet|C0301589|[topp]|["Calorie diet"-tx-34-"calorie diet"-noun-0]|TX|3676/7,3688/4|
00000000|MMI|3.57|Copious|C3845930|[fndg]|["Copious"-tx-20-"copious"-adj-0]|TX|1886/7|
00000000|MMI|3.57|Home environment|C0442519|[cnce]|["HOME"-tx-4-"home"-noun-0]|TX|338/4|
00000000|MMI|3.57|Insertion of pack (procedure)|C0184967|[topp]|["Packed"-tx-20-"packed"-verb-0]|TX|1921/6|
00000000|MMI|3.57|Irrigation|C0022100|[topp]|["Irrigation"-tx-20-"irrigation"-noun-0]|TX|1894/10|
00000000|MMI|3.57|Irrigation [MoA]|C2314883|[moft]|["Irrigation"-tx-20-"irrigation"-noun-0]|TX|1894/10|
00000000|MMI|3.57|Irrigation-Route of Drug Administration|C1521919|[ftcn]|["IRRIGATION"-tx-20-"irrigation"-noun-0]|TX|1894/10|
00000000|MMI|3.57|March|C3829202|[qlco]|["March"-tx-6-"March"-noun-0]|TX|565/5|
00000000|MMI|3.57|Pack unit|C2825051|[drdd]|["Packed"-tx-20-"packed"-verb-0]|TX|1921/6|
00000000|MMI|3.57|Small amount|C3869892|[qnco]|["Small amount"-tx-8-"small amount"-noun-0]|TX|668/12|
00000000|MMI|3.57|Soaking Procedure|C0204774|[topp]|["soaked"-tx-20-"soaked"-verb-0]|TX|1947/6|
00000000|MMI|3.57|Sterile (qualifier value)|C0232920|[qlco]|["Sterile"-tx-20-"sterile"-adj-0]|TX|1933/7|
00000000|MMI|3.56|7+14+7|C0593972|[qnco]|["14 7"-tx-23-"14 7"-integer-0]|TX|2372/2,2396/1|
00000000|MMI|3.56|Cardiologist|C0175906|[prog]|["Cardiologist"-tx-43-"cardiologist"-noun-0]|TX|4298/12|
00000000|MMI|3.56|September|C3828193|[tmco]|["September"-tx-33-"September"-noun-0]|TX|3553/9|
00000000|MMI|3.56|Erythema of thigh|C0241365|[fndg]|["THIGH ERYTHEMA"-tx-5-"erythema thigh"-noun-0]|TX|439/8,464/5|
00000000|MMI|3.55|% of total|C0439175|[qnco]|["% total"-tx-32-"total"-noun-0]|TX|3359/5|
00000000|MMI|3.55|Anti-Drug Antibody|C3811629|[aapp,imft]|["ADA"-tx-34-"ADA"-noun-0]|TX|3684/3|
00000000|MMI|3.55|Facsimile Machine|C1880669|[mnob]|["Fax"-tx-49-"FAX"-noun-0]|TX|4459/3|
00000000|MMI|3.55|Fax Number|C1549619|[cnce]|["FAX"-tx-49-"FAX"-noun-0]|TX|4459/3|
00000000|MMI|3.55|Genus Ada|C1060325|[plnt]|["Ada"-tx-34-"ADA"-noun-0]|TX|3684/3|
00000000|MMI|3.55|Obtain|C1301820|[ftcn]|["Obtained"-tx-29-"obtained"-verb-0]|TX|3051/8|
00000000|MMI|3.55|One|C0205447|[qnco]|["ONE"-tx-29-"one"-noun-0]|TX|3066/3|
00000000|MMI|3.55|Total|C0439810|[qlco]|["Total"-tx-32-"total"-noun-0]|TX|3359/5|
00000000|MMI|3.54|Disease classification level|C0456079|[clas]|["Level"-tx-23-"level"-noun-0]|TX|2387/5|
00000000|MMI|3.54|Floor - story of building|C1547707|[geoa]|["Level"-tx-23-"level"-noun-0]|TX|2387/5|
00000000|MMI|3.54|Level|C2946261|[phsu]|["Level"-tx-23-"level"-noun-0]|TX|2387/5|
00000000|MMI|3.54|Levels (qualifier value)|C0441889|[qlco]|["Level"-tx-23-"level"-noun-0]|TX|2387/5|
00000000|MMI|3.54|Female Phenotype|C1705498|[qlco]|["Female"-tx-3-"female"-noun-0]|TX|133/6|
00000000|MMI|3.54|Female, Self-Report|C1705497|[qlco]|["Female"-tx-3-"female"-noun-0]|TX|133/6|
00000000|MMI|3.54|Anterior|C0205094|[ftcn]|["ANTERIOR"-tx-10-"anterior"-noun-0]|TX|1106/8|
00000000|MMI|3.54|Descending|C0205386|[qlco]|["Descending"-tx-10-"descending"-noun-0]|TX|1115/10|
00000000|MMI|3.54|Sequencing - Descending|C1547177|[ftcn]|["Descending"-tx-10-"descending"-noun-0]|TX|1115/10|
00000000|MMI|3.53|Screen Device Component|C1705053|[mnob]|["Screen"-tx-28-"screened"-verb-0]|TX|2908/8|
00000000|MMI|3.53|Screening - procedure intent|C1305399|[ftcn]|["screen"-tx-28-"screened"-verb-0]|TX|2908/8|
00000000|MMI|3.53|Screening procedure|C0220908|[hlca]|["screen"-tx-28-"screened"-verb-0]|TX|2908/8|
00000000|MMI|3.52|Atenolol 100 MG|C0983887|[clnd]|["Atenolol 100 MG"-tx-34-"atenolol 100 mg"-noun-0]|TX|3762/15|
00000000|MMI|3.52|1800s|C0681738|[tmco]|["1800s"-tx-34-"1800"-integer-0]|TX|3671/4|
00000000|MMI|3.50|24 Hours|C1442770|[tmco]|["24 Hours"-tx-37-"24 hours"-noun-0]|TX|3875/8|
00000000|MMI|3.50|24 hour time frame|C0439584|[tmco]|["24 hours"-tx-37-"24 hours"-noun-0]|TX|3875/8|
00000000|MMI|3.50|Caucasians|C0043157|[popg]|["WHITE"-tx-23-"white"-adj-0]|TX|2345/5|
00000000|MMI|3.50|Entire|C0439751|[qnco]|["Entire"-tx-27-"entire"-adj-0]|TX|2802/6|
00000000|MMI|3.50|Entire left lower leg|C1279606|[bpoc]|["Left leg"-tx-1-"LEFT LEG"-noun-0]|TX|47/8|
00000000|MMI|3.50|Entire right ear|C1289033|[bpoc]|["Right ear"-tx-9-"right ear"-noun-0]|TX|942/9|
00000000|MMI|3.50|Right ear structure|C0229298|[bpoc]|["Right Ear"-tx-9-"right ear"-noun-0]|TX|942/9|
00000000|MMI|3.50|Structure of left lower leg|C0230443|[bpoc]|["Left leg"-tx-1-"LEFT LEG"-noun-0]|TX|47/8|
00000000|MMI|3.50|Upper|C1282910|[spco]|["UPPER"-tx-26-"upper"-adj-0]|TX|2696/5|
00000000|MMI|3.50|White color|C0220938|[qlco]|["WHITE"-tx-23-"white"-adj-0]|TX|2345/5|
00000000|MMI|3.50|Whole|C0444667|[qnco]|["ENTIRE"-tx-27-"entire"-adj-0]|TX|2802/6|
00000000|MMI|3.50|per 24 hours|C0456696|[tmco]|["/24 hours"-tx-37-"24 hours"-noun-0]|TX|3875/8|
00000000|MMI|3.49|Aspirin 325 MG|C0992015|[clnd]|["Aspirin 325 MG"-tx-34-"aspirin 325 mg"-noun-0]|TX|3733/14|
00000000|MMI|3.48|Fluphenazine Hydrochloride 5 MG|C2719739|[clnd]|["Fluphenazine Hydrochloride 5 MG"-tx-40-"Prolixin 5 mg"-noun-0]|TX|3986/8,4001/4|
00000000|MMI|3.48|Distal|C0205108|[spco]|["DISTAL"-tx-16-"distal"-adj-0]|TX|1598/6|
00000000|MMI|3.47|GV1|C0450781|[blor]|["GV1"-tx-47-"GV1"-noun-0]|TX|4384/3|
00000000|MMI|3.46|Entire posterior descending branch of right coronary artery|C0500492|[bpoc]|["Posterior descending artery"-tx-10-"posterior descending artery"-noun-0]|TX|1168/27|
00000000|MMI|3.46|Posterior interventricular branch of right coronary artery|C0226047|[bpoc]|["Posterior descending artery"-tx-10-"posterior descending artery"-noun-0]|TX|1168/27|
00000000|MMI|3.45|Left upper arm structure|C0230347|[bpoc]|["LA"-tx-40-"LA"-noun-0]|TX|3995/2|
00000000|MMI|3.45|Lupus Anticoagulant Antibody|C2346906|[aapp,imft]|["LA"-tx-40-"LA"-noun-0]|TX|3995/2|
00000000|MMI|3.45|Left internal mammary artery|C0447054|[bpoc]|["Left internal mammary artery"-tx-10-"left internal mammary artery"-noun-0]|TX|1065/28|
00000000|MMI|3.44|Delayed Release Dosage Form|C1707664|[bodm]|["DR"-tx-42-"Dr"-noun-0]|TX|4268/2|
00000000|MMI|3.44|Device to Subject Relationship Domain|C3540849|[inpr]|["DR"-tx-42-"Dr"-noun-0]|TX|4268/2|
00000000|MMI|3.44|Doctor - Title|C2348314|[cnce]|["Dr."-tx-42-"Dr"-noun-0]|TX|4268/2|
00000000|MMI|3.44|Moist|C0205381|[qlco]|["Wet"-tx-41-"wet"-noun-0]|TX|4075/3|
00000000|MMI|3.43|Electrocardiogram Q waves test|C0429089|[diap]|["q wave"-tx-3-"Q wave"-adj-0]|TX|260/6|
00000000|MMI|3.43|Q wave|C1305738|[clna]|["Q wave"-tx-3-"Q wave"-adj-0]|TX|260/6|
00000000|MMI|3.43|Pus specimen|C0444185|[sbst]|["Pus"-tx-18-"pus"-noun-0]|TX|1779/3|
00000000|MMI|3.43|Regular|C0205272|[qlco]|["Regular"-tx-12-"regular"-adj-0]|TX|1326/7|
00000000|MMI|3.43|Rhythm|C0871269|[fndg]|["Rhythm"-tx-12-"rhythm"-noun-0]|TX|1349/6|
00000000|MMI|3.43|Rhythm Not Otherwise Specified ECG Assessment|C3828331|[inpr]|["Rhythm Not Otherwise Specified"-tx-12-"rhythm"-noun-0]|TX|1349/6|
00000000|MMI|3.43|rhythmic process (biological)|C1523018|[phsf]|["rhythm"-tx-12-"rhythm"-noun-0]|TX|1349/6|
00000000|MMI|3.43|Body Site Modifier - Lower|C1548802|[blor]|["Lower"-tx-26-"lower"-adj-0]|TX|2634/5|
00000000|MMI|3.43|Induration|C0332534|[patf]|["Induration"-tx-15-"induration"-noun-0]|TX|1572/10|
00000000|MMI|3.43|Large|C0549177|[qnco]|["LARGE"-tx-15-"large"-adj-0]|TX|1558/5|
00000000|MMI|3.43|Lower (action)|C2003888|[acty]|["Lower"-tx-26-"lower"-adj-0]|TX|2634/5|
00000000|MMI|3.43|Lower - spatial qualifier|C0441994|[spco]|["LOWER"-tx-26-"lower"-adj-0]|TX|2634/5|
00000000|MMI|3.43|Operation Activity|C3241922|[acty]|["Operation"-tx-5-"operation"-noun-0]|TX|389/9|
00000000|MMI|3.43|Operation, Not Otherwise Specified|C3828701|[acty]|["Operation, Not Otherwise Specified"-tx-5-"operation"-noun-0]|TX|389/9|
00000000|MMI|3.43|Operative Surgical Procedures|C0543467|[hlca]|["Operation"-tx-5-"operation"-noun-0]|TX|389/9|E04
00000000|MMI|3.43|Precision - second|C1561503|[idcn]|["second"-tx-24-"second"-adj-0]|TX|2425/6|
00000000|MMI|3.43|Second Suffix|C1705190|[qlco]|["Second"-tx-24-"second"-adj-0]|TX|2425/6|
00000000|MMI|3.43|per second|C0565930|[qnco]|["/second"-tx-24-"second"-adj-0]|TX|2425/6|
00000000|MMI|3.43|second (number)|C0205436|[qnco]|["Second"-tx-24-"second"-adj-0]|TX|2425/6|
00000000|MMI|3.43|seconds|C0457385|[tmco]|["SECOND"-tx-24-"second"-adj-0]|TX|2425/6|
00000000|MMI|3.42|Different|C1705242|[qlco]|["Different"-tx-26-"different"-adj-0]|TX|2725/9|
00000000|MMI|3.42|Liquid (finding)|C1304698|[fndg]|["Liquid"-tx-8-"liquid"-noun-0]|TX|703/6|
00000000|MMI|3.42|Liquid NOS - Specimen Source Codes|C1546699|[inpr]|["Liquid NOS"-tx-8-"liquid"-noun-0]|TX|703/6|
00000000|MMI|3.42|Liquid Specimen|C1561501|[sbst]|["Liquid NOS"-tx-8-"liquid"-noun-0]|TX|703/6|
00000000|MMI|3.42|Liquid diet|C0301571|[topp]|["liquid"-tx-8-"liquid"-noun-0]|TX|703/6|
00000000|MMI|3.42|Liquid substance|C0302908|[sbst]|["Liquid"-tx-8-"liquid"-noun-0]|TX|703/6|
00000000|MMI|3.42|Purulent|C0439665|[qlco]|["Purulent"-tx-8-"purulent"-adj-0]|TX|684/8|
00000000|MMI|3.42|Myocardial|C1522564|[spco]|["Myocardial"-tx-3-"myocardial"-adj-0]|TX|267/10|
00000000|MMI|3.42|Negation|C1518422|[ftcn]|["Non"-tx-3-"non"-adj-0]|TX|256/3|
00000000|MMI|3.42|October|C3828732|[qlco]|["October"-tx-3-"October"-noun-0]|TX|223/7|
00000000|MMI|3.42|Anatomic Site|C1515974|[blor]|["Site"-tx-5-"site"-noun-0]|TX|499/4|
00000000|MMI|3.42|Concept History|C1705255|[cnce]|["History"-tx-3-"history"-noun-0]|TX|147/7|
00000000|MMI|3.42|Diabetes|C0011847|[dsyn]|["Diabetes"-tx-3-"diabetes"-noun-0]|TX|158/8|
00000000|MMI|3.42|Harvest Procedure|C1512335|[hlca]|["Harvest"-tx-5-"harvest"-noun-0]|TX|491/7|
00000000|MMI|3.42|History of previous events|C2004062|[fndg]|["History"-tx-3-"history"-noun-0]|TX|147/7|
00000000|MMI|3.42|Old|C0580836|[tmco]|["Old"-tx-3-"old"-noun-0]|TX|129/3|
00000000|MMI|3.42|Site|C0205145|[spco]|["Site"-tx-5-"site"-noun-0]|TX|499/4|
00000000|MMI|3.42|Study Site|C2825164|[spco]|["Site"-tx-5-"site"-noun-0]|TX|499/4|
00000000|MMI|3.42|Times|C1632851|[qnco]|["Times"-tx-41-"times"-noun-0]|TX|4136/5|
