00000000|MMI|7.28|Signature|C1519316|[inpr]|["Signed"-tx-1-"Signed"-noun-0]|TX|[96/6],[151/6]|
00000000|MMI|7.28|signed - ParticipationSignature|C1561610|[inpr]|["signed"-tx-1-"Signed"-noun-0]|TX|[96/6],[151/6]|
00000000|MMI|3.65|Report status|C0586177|[fndg]|["Report status"-tx-1-"Report Status"-noun-0]|TX|136/13|
00000000|MMI|3.62|Admission date:Time Stamp -- Date and Time:Point in time:^Patient:Quantitative|C2598112|[clna]|["Admission date"-tx-1-"Admission Date"-noun-0]|TX|111/14|
00000000|MMI|3.62|Date of admission|C1302393|[tmco]|["Admission date"-tx-1-"Admission Date"-noun-0]|TX|111/14|
00000000|MMI|3.59|20%|C3842589|[fndg]|["20%"-tx-1-"20"-fraction-0]|TX|42/2|
00000000|MMI|3.59|Pyrexia of unknown origin (excl puerperal)|C0856281|[sosy]|["puo"-tx-1-"PUO"-noun-0]|TX|12/3|
00000000|MMI|3.49|Irreducible umbilical hernia|C0700253|[anab]|["Incarcerated umbilical hernia"-tx-1-"INCARCERATED UMBILICAL HERNIA"-noun-0]|TX|64/29|
00000000|MMI|3.45|Diagnostic interview schedule|C0451119|[inpr]|["DIS"-tx-1-"DIS"-noun-0]|TX|105/3|
00000000|MMI|3.45|Discontinued|C1444662|[fndg]|["DIS"-tx-1-"DIS"-noun-0]|TX|105/3|
00000000|MMI|117.97|Coumadin|C0699129|[orch,phsu]|["Coumadin"-tx-69-"Coumadin"-noun-0,"Coumadin"-tx-60-"Coumadin"-noun-0,"Coumadin"-tx-52-"Coumadin"-noun-0,"Coumadin"-tx-36-"Coumadin"-noun-0,"Coumadin"-tx-19-"Coumadin"-noun-0]|TX|4685/8;4036/8;2921/8;1783/8;1330/8|D03.383.663.283.446.520.914;D03.438.150.446.520.914
00000000|MMI|73.37|Togo|C0040363|[geoa]|["TO"-tx-55-"to"-adv-0,"TO"-tx-54-"to"-adv-0,"TO"-tx-53-"to"-adv-0,"TO"-tx-52-"to"-adv-0]|TX|3503/2;3252/2;3047/2;2891/2|Z01.058.290.190.800
00000000|MMI|73.37|Tryptophanase|C0041260|[aapp,enzy]|["TO"-tx-55-"to"-adv-0,"TO"-tx-54-"to"-adv-0,"TO"-tx-53-"to"-adv-0,"TO"-tx-52-"to"-adv-0]|TX|3503/2;3252/2;3047/2;2891/2|D08.811.520.224.800
00000000|MMI|68.68|Mongolia|C0026410|[geoa]|["MG"-tx-69-"mg"-noun-0,"MG"-tx-36-"mg"-noun-0,"MG"-tx-34-"mg"-noun-0,"MG"-tx-33-"mg"-noun-0,"MG"-tx-32-"mg"-noun-0]|TX|4718/2;1794/2;1748/2;1696/2;1670/2|Z01.252.474.651
00000000|MMI|53.29|Umbilicus (Anatomy)|C0041638|[bpoc]|["UMBILICUS"-tx-44-"umbilicus"-noun-0,"Umbilical"-tx-44-"umbilical"-noun-0,"Umbilical"-tx-4-"umbilical"-adj-0,"Umbilical"-tx-3-"umbilical"-adj-0]|TX|2240/9;2204/9;564/9;513/9|A01.923.047.849
00000000|MMI|49.34|Echocardiography|C0013516|[diap]|["ECHOCARDIOGRAM"-tx-56-"echocardiogram"-noun-0,"ECHOCARDIOGRAM"-tx-54-"echocardiogram"-noun-0,"ECHOCARDIOGRAM"-tx-9-"echocardiogram"-noun-0]|TX|3591/14;3237/14;1154/14|E01.370.350.130.750;E01.370.350.850.220;E01.370.370.380.220
00000000|MMI|48.99|Iodides|C0021966|[inch]|["I-"-tx-34-"i"-adv-0,"I-"-tx-33-"i"-adv-0,"I-"-tx-32-"i"-adv-0]|TX|1753/1;1701/1;1675/1|D01.248.497.158.490;D01.475.410
00000000|MMI|47.92|milligram/day|C0439422|[qnco]|["mg/d"-tx-69-"mg d"-noun-0,"mg/d"-tx-68-"mg d"-noun-0,"mg/d"-tx-67-"mg d"-noun-0,"mg/d"-tx-65-"mg d"-noun-0,"mg/d"-tx-64-"mg d"-noun-0,"mg day"-tx-36-"day mg"-noun-0,"mg/d"-tx-34-"mg d"-noun-0,"mg/d"-tx-33-"mg d"-noun-0,"mg/d"-tx-32-"mg d"-noun-0]|TX|[4666/2,4678/1],[4696/2,4706/1];4589/2,4601/1;4560/2,4570/1;4501/2,4513/1;4473/2,4483/1;1799/3,1814/2;1748/2,1755/1;1696/2,1703/1;1670/2,1677/1|
00000000|MMI|40.98|Historical aspects qualifier|C0019665|[ftcn]|["history"-tx-52-"history"-noun-0,"history"-tx-11-"History"-noun-0,"history"-tx-2-"HISTORY"-noun-0,"history"-tx-2-"history"-noun-0]|TX|2764/7;1206/7;79/7;245/7|x.x.x
00000000|MMI|39.95|Mitral Valve|C0026264|[bpoc]|["MITRAL VALVE"-tx-55-"mitral valve"-noun-0,"MITRAL VALVE"-tx-52-"mitral valve"-noun-0,"MITRAL VALVE"-tx-30-"mitral valve"-noun-0]|TX|3480/12;2804/12;1536/12|A07.541.510.507
00000000|MMI|39.00|International Normalized Ratio|C0525032|[lbpr]|["INR"-tx-61-"INR"-noun-0,"INR"-tx-53-"INR"-noun-0]|TX|4180/3;3033/3|E01.370.225.625.115.320;E05.200.625.115.320
00000000|MMI|38.80|Lopressor|C0700776|[orch,phsu]|["Lopressor"-tx-68-"Lopressor"-noun-0,"Lopressor"-tx-33-"Lopressor"-noun-0]|TX|4575/9;1682/9|D02.033.100.624.698.573;D02.033.755.624.698.573;D02.092.063.624.698.573
00000000|MMI|38.76|Patient Discharge|C0030685|[hlca]|["Discharge"-tx-71-"discharge"-noun-0]|TX|[4840/9],[4911/9]|E02.204.125;E02.760.400.610;N02.421.192.125;N02.421.585.400.610;N04.590.233.727.210.125
00000000|MMI|35.81|Gout|C0018099|[dsyn]|["GOUT"-tx-17-"Gout"-noun-0,"GOUT"-tx-2-"gout"-noun-0]|TX|1278/4;313/4|C05.550.114.423;C05.799.414;C16.320.565.798.368;C18.452.648.798.368
00000000|MMI|32.68|Pain|C0030193|[sosy]|["PAIN"-tx-69-"pain"-noun-0,"Painful"-tx-5-"painful"-adj-0]|TX|4643/4;756/7|C10.597.617;C23.888.592.612;F02.830.816.444;G11.561.600.810.444
00000000|MMI|32.45|Micronase|C0700712|[orch,phsu]|["Micronase"-tx-65-"Micronase"-noun-0,"Micronase"-tx-34-"Micronase"-noun-0]|TX|4488/9;1735/9|D02.886.590.795.575;D02.948.828.575
00000000|MMI|32.31|Deep Vein Thrombosis|C0149871|[dsyn]|["DVT NOS"-tx-11-"DVT"-noun-0,"DVT NOS"-tx-2-"DVT"-noun-0]|TX|1217/3;256/3|C14.907.355.830.925
00000000|MMI|29.46|Atrial Fibrillation|C0004238|[dsyn]|["ATRIAL FIBRILLATION"-tx-52-"atrial fibrillation"-noun-0,"ATRIAL FIBRILLATION"-tx-19-"Atrial fibrillation"-noun-0]|TX|2832/19;1288/19|C14.280.067.198;C23.550.073.198
00000000|MMI|29.46|Rheumatoid Arthritis|C0003873|[dsyn]|["RHEUMATOID ARTHRITIS"-tx-15-"Rheumatoid arthritis"-noun-0,"RHEUMATOID ARTHRITIS"-tx-2-"rheumatoid arthritis"-noun-0]|TX|1252/20;290/20|C05.550.114.154;C05.799.114;C17.300.775.099;C20.111.199
00000000|MMI|28.68|Aspirin|C0004057|[orch,phsu]|["ASPIRIN"-tx-37-"aspirin"-noun-0]|TX|1863/7|D02.455.426.559.389.657.410.595.176
00000000|MMI|27.98|History|C0019664|[ocdi]|["History"-tx-52-"history"-noun-0,"History"-tx-11-"History"-noun-0,"History"-tx-2-"HISTORY"-noun-0,"History"-tx-2-"history"-noun-0]|TX|2764/7;1206/7;79/7;245/7|K01.400
00000000|MMI|27.26|Penicillin G|C0030827|[antb,orch]|["penicillin"-tx-37-"penicillin"-noun-0]|TX|1875/10|D02.065.589.099.750.750;D02.886.108.750.750;D03.438.260.825.750;D03.605.084.737.750;D04.075.080.875.099.221.750.750
00000000|MMI|26.66|Atrial Flutter|C0004239|[patf]|["ATRIAL FLUTTER"-tx-19-"atrial flutter"-noun-0,"ATRIAL FLUTTER"-tx-2-"atrial flutter"-noun-0]|TX|1312/14;357/14|C14.280.067.248;C23.550.073.248
00000000|MMI|26.56|Heparin|C0019134|[bacs,orch,phsu]|["HEPARIN"-tx-60-"heparin"-noun-0,"HEPARIN"-tx-53-"heparin"-noun-0]|TX|4060/7;3124/7|D09.698.373.400
00000000|MMI|26.29|Operating Room|C0029064|[hcro,mnob]|["OPERATING ROOM"-tx-57-"operating room"-noun-0,"OPERATING ROOM"-tx-56-"operating room"-noun-0]|TX|3733/14;3646/14|N02.278.388.700
00000000|MMI|26.11|Propafenone|C0033429|[orch,phsu]|["PROPAFENONE"-tx-69-"Propafenone"-noun-0,"PROPAFENONE"-tx-32-"Propafenone"-noun-0]|TX|4650/11;1654/11|D02.522.818.830
00000000|MMI|24.11|Penicillin|C0220892|[antb,orch]|["PENICILLIN"-tx-37-"penicillin"-noun-0]|TX|1875/10|D02.065.589.099.750;D02.886.108.750;D03.438.260.825;D03.605.084.737;D04.075.080.875.099.221.750
00000000|MMI|24.11|Penicillins|C0030842|[antb,orch]|["Penicillin"-tx-37-"penicillin"-noun-0]|TX|1875/10|D02.065.589.099.750;D02.886.108.750;D03.438.260.825;D03.605.084.737;D04.075.080.875.099.221.750
00000000|MMI|24.11|Surgical aspects|C0038895|[ftcn]|["surgery"-tx-52-"surgery"-noun-0]|TX|2981/7|x.x.x.x.x.x.x
00000000|MMI|23.42|Medical History|C0262926|[fndg]|["History"-tx-52-"history"-noun-0,"History"-tx-11-"History"-noun-0,"Past Medical History"-tx-8-"PAST MEDICAL HISTORY"-noun-0,"History"-tx-2-"HISTORY"-noun-0,"History"-tx-2-"history"-noun-0,"Past Medical History"-tx-2-"past medical history"-noun-0]|TX|2764/7;1206/7;1048/20;79/7;245/7;142/20|
00000000|MMI|23.12|Hypertensive disease|C0020538|[dsyn]|["HYPERTENSION"-tx-13-"Hypertension"-noun-0,"HYPERTENSION"-tx-2-"hypertension"-noun-0]|TX|1234/12;275/12|C14.907.489
00000000|MMI|22.47|diagnosis aspect|C1704338|[qlco]|["diagnosis"-tx-51-"diagnosis"-noun-0]|TX|2704/9|x.x.x.x.x.x.x
00000000|MMI|21.36|To|C1883351|[qlco]|["To"-tx-55-"to"-adv-0,"To"-tx-54-"to"-adv-0,"To"-tx-53-"to"-adv-0,"To"-tx-52-"to"-adv-0]|TX|3503/2;3252/2;3047/2;2891/2|
00000000|MMI|20.95|5-Methyltetrahydrofolate-Homocysteine S-Methyltransferase|C0039676|[aapp,enzy]|["MS"-tx-50-"Ms"-noun-0]|TX|2614/2|D08.811.913.555.500.645
00000000|MMI|20.95|Atrophic Vaginitis|C0221392|[dsyn]|["atropic vaginitis"-tx-62-"atrophic vaginitis"-noun-0]|TX|4415/18|C13.351.500.894.906.316
00000000|MMI|20.89|Show|C1547282|[anim]|["Show"-tx-56-"showed"-verb-0,"Show"-tx-49-"showed"-verb-0,"Show"-tx-45-"showed"-verb-0,"Show"-tx-39-"showed"-verb-0,"Show"-tx-9-"showing"-verb-0]|TX|3611/6;2482/6;2303/6;1984/6;1177/7|
00000000|MMI|19.68|Face|C0015450|[blor]|["FACE"-tx-56-"face"-noun-0,"FACE"-tx-6-"face"-noun-0]|TX|3560/4;888/4|A01.456.505
00000000|MMI|19.45|Protons|C0033727|[elii]|["H+"-tx-73-"H"-noun-0]|TX|4981/1|D01.248.497.300.459.700;D01.268.406.750;D01.362.340.750;G01.249.765
00000000|MMI|19.33|Congenital exomphalos|C1306503|[cgab]|["Umbilical Hernia"-tx-44-"umbilical hernia"-noun-0]|TX|2204/16|C16.614.378;C23.300.707.374.937.500
00000000|MMI|19.27|Estrogens|C0014939|[horm,orch,phsu]|["Oestrogen, NOS"-tx-62-"Estrogen"-noun-0]|TX|4346/8|D27.505.696.399.472.277
00000000|MMI|19.24|day|C0439228|[tmco]|["DAYS"-tx-60-"days"-noun-0,"DAY"-tx-51-"day"-noun-0,"DAY"-tx-34-"day"-noun-0,"DAY"-tx-31-"day"-noun-0,"DAY"-tx-3-"day"-noun-0]|TX|4107/4;2678/3;1727/3;1614/3;478/3|
00000000|MMI|19.23|Lasix|C0699992|[orch,phsu]|["Lasix"-tx-64-"Lasix"-noun-0]|TX|4464/5|D02.065.884.725.300;D02.092.146.807.300;D02.886.590.700.725.300
00000000|MMI|18.97|Magnesium Cation|C2346927|[elii,phsu]|["Mg++"-tx-69-"mg"-noun-0,"Mg++"-tx-36-"mg"-noun-0,"Mg++"-tx-34-"mg"-noun-0,"Mg++"-tx-33-"mg"-noun-0,"Mg++"-tx-32-"mg"-noun-0]|TX|4718/2;1794/2;1748/2;1696/2;1670/2|
00000000|MMI|18.97|Milligram percent|C1960952|[qnco]|["mg %"-tx-69-"mg"-noun-0,"mg %"-tx-36-"mg"-noun-0,"mg %"-tx-34-"mg"-noun-0,"mg %"-tx-33-"mg"-noun-0,"mg %"-tx-32-"mg"-noun-0]|TX|4718/2;1794/2;1748/2;1696/2;1670/2|
00000000|MMI|18.97|mg/dL|C0439269|[qnco]|["mg%"-tx-69-"mg"-noun-0,"mg%"-tx-36-"mg"-noun-0,"mg%"-tx-34-"mg"-noun-0,"mg%"-tx-33-"mg"-noun-0,"mg%"-tx-32-"mg"-noun-0]|TX|4718/2;1794/2;1748/2;1696/2;1670/2|
00000000|MMI|17.80|Blood coagulation|C0005778|[ortf]|["Coagulation"-tx-49-"coagulation"-noun-0]|TX|2554/11|G09.188.124.560.150
00000000|MMI|17.80|Diabetes Mellitus, Non-Insulin-Dependent|C0011860|[dsyn]|["ADULT ONSET DIABETES MELLITUS"-tx-21-"Adult onset diabetes mellitus"-noun-0]|TX|1344/29|C18.452.394.750.149;C19.246.300
00000000|MMI|17.80|Pupil|C0034121|[bpoc]|["Pupils"-tx-40-"Pupils"-noun-0]|TX|2022/6|A09.371.060.450.780;A09.371.894.513.780
00000000|MMI|16.77|Patients|C0030705|[podg]|["*^patient"-tx-61-"patient"-noun-0,"*^patient"-tx-57-"patient"-noun-0]|TX|4134/7;3708/7|M01.643
00000000|MMI|16.30|Nitroglycerin|C0017887|[orch,phsu]|["nitroglycerine"-tx-31-"nitroglycerin"-noun-0]|TX|1631/13|D02.033.800.421.560;D02.640.636
00000000|MMI|16.25|Creatinine|C0010294|[bacs,orch]|["CREATININE"-tx-49-"creatinine"-noun-0]|TX|2501/10|D03.383.129.308.207
00000000|MMI|16.25|Hematocrit procedure|C0018935|[lbpr]|["Hematocrit"-tx-49-"hematocrit"-noun-0]|TX|2518/10|E01.370.225.625.400;E05.200.625.400;G09.188.370.374
00000000|MMI|16.20|Headache|C0018681|[sosy]|["HEADACHE"-tx-62-"headache"-noun-0]|TX|4335/8|C10.597.617.470;C23.888.592.612.441
00000000|MMI|16.12|Sublingual Route of Drug Administration|C0001565|[ftcn]|["SUBLINGUAL"-tx-31-"sublingual"-adj-0]|TX|1620/10|E02.319.267.100.878
00000000|MMI|16.09|Postoperative Period|C0032790|[tmco]|["Postoperative"-tx-59-"postoperative"-adj-0]|TX|3943/13|E04.614.750;N02.421.585.753.750
00000000|MMI|16.08|Age of Onset|C0206132|[qnco]|["Onset"-tx-2-"onset"-noun-0]|TX|383/5|N05.715.350.075.100;N06.850.490.250.100
00000000|MMI|16.08|Subdural space|C0038541|[bsoj]|["Subdural"-tx-55-"subdural"-adj-0]|TX|3358/8|A08.186.566.395.687
00000000|MMI|16.07|Lisinopril|C0065374|[aapp,phsu]|["Lysinopril"-tx-67-"lisinopril"-noun-0]|TX|4546/10|D12.644.456.345.600
00000000|MMI|16.04|Saint Lucia|C0036056|[geoa]|["ST"-tx-25-"St"-noun-0]|TX|1474/2|Z01.107.084.900.825;Z01.639.880.825
00000000|MMI|15.26|Daily|C0332173|[tmco]|["/day"-tx-51-"day"-noun-0,"/day"-tx-34-"day"-noun-0,"/day"-tx-31-"day"-noun-0,"/day"-tx-3-"day"-noun-0]|TX|2678/3;1727/3;1614/3;478/3|
00000000|MMI|15.26|per day|C0439505|[tmco]|["/day"-tx-51-"day"-noun-0,"/day"-tx-34-"day"-noun-0,"/day"-tx-31-"day"-noun-0,"/day"-tx-3-"day"-noun-0]|TX|2678/3;1727/3;1614/3;478/3|
00000000|MMI|14.98|Concept History|C1705255|[cnce]|["History"-tx-52-"history"-noun-0,"History"-tx-11-"History"-noun-0,"History"-tx-2-"HISTORY"-noun-0,"History"-tx-2-"history"-noun-0]|TX|2764/7;1206/7;79/7;245/7|
00000000|MMI|14.98|History of present illness|C0262512|[orga]|["History, NOS"-tx-52-"history"-noun-0,"History, NOS"-tx-11-"History"-noun-0,"History, NOS"-tx-2-"HISTORY"-noun-0,"History, NOS"-tx-2-"history"-noun-0]|TX|2764/7;1206/7;79/7;245/7|
00000000|MMI|14.98|History of previous events|C2004062|[fndg]|["History"-tx-52-"history"-noun-0,"History"-tx-11-"History"-noun-0,"History"-tx-2-"HISTORY"-noun-0,"History"-tx-2-"history"-noun-0]|TX|2764/7;1206/7;79/7;245/7|
00000000|MMI|14.64|Cardiology discipline|C0007189|[bmod]|["Cardiology"-tx-56-"cardiology"-noun-0]|TX|3532/10|H02.403.429.163
00000000|MMI|14.64|Consultation|C0009818|[hlca]|["consulted"-tx-54-"consulted"-verb-0]|TX|3161/9|N04.452.758.849
00000000|MMI|14.64|ECHO protocol|C0058928|[topp]|["ECHO"-tx-55-"echo"-noun-0]|TX|3290/4|x.x.x.x
00000000|MMI|14.64|General surgery specialty|C1274039|[bmod]|["Surgery"-tx-52-"surgery"-noun-0]|TX|2981/7|H02.403.810.300
00000000|MMI|14.64|Vomiting|C0042963|[sosy]|["VOMITING"-tx-6-"vomiting"-noun-1]|TX|807/8|C23.888.821.937
00000000|MMI|14.34|Emotions|C0013987|[menp]|["feel"-tx-56-"felt"-verb-0,"feel"-tx-52-"felt"-verb-0]|TX|3543/4;2859/4|F01.470
00000000|MMI|14.33|Hospital admission|C0184666|[hlca]|["Admission"-tx-53-"admission"-noun-0,"Admission"-tx-51-"admission"-noun-0,"admitted hospital"-tx-51-"admitted Hospital"-noun-0,"Admission"-tx-3-"admission"-noun-0]|TX|3023/9;2685/9;2630/8,2662/8;485/9|
00000000|MMI|14.33|Incision and drainage|C0152277|[topp]|["i d"-tx-35-"i.d"-adv-0,"i d"-tx-34-"i.d"-adv-0,"i d"-tx-33-"i.d"-adv-0,"i d"-tx-32-"i.d"-adv-0]|TX|1776/3;1753/3;1701/3;1675/3|
00000000|MMI|13.14|Diabetes Mellitus|C0011849|[dsyn]|["DIABETES MELLITUS"-tx-2-"diabetes mellitus"-noun-0]|TX|395/17|C18.452.394.750;C19.246
00000000|MMI|13.14|Movement|C0026649|[orgf]|["Movements"-tx-39-"movements"-noun-0]|TX|2003/9|G07.700.560;G11.427.590.530
00000000|MMI|13.08|Caucasoid Race|C0007457|[popg]|["WHITE"-tx-49-"white"-adj-0]|TX|2536/5|M01.686.508.400
00000000|MMI|13.03|Nausea|C0027497|[sosy]|["NAUSEA"-tx-6-"nausea"-noun-1]|TX|797/6|C23.888.821.712
00000000|MMI|13.03|Vagina|C0042232|[bpoc]|["VAGINA"-tx-62-"vagina"-noun-0]|TX|4393/6|A05.360.319.779
00000000|MMI|12.92|Aortic Valve Insufficiency|C0003504|[dsyn]|["AORTIC INSUFFICIENCY"-tx-55-"aortic insufficiency"-noun-0]|TX|3396/20|C14.280.484.095
00000000|MMI|12.91|Necrosis|C0027540|[ortf]|["NECROSIS"-tx-45-"necrosis"-noun-0]|TX|2347/8|C23.550.717;G04.299.139.638
00000000|MMI|12.90|Palpation|C0030247|[diap]|["PALPATION"-tx-45-"palpation"-noun-0]|TX|2287/9|E01.370.600.600
00000000|MMI|12.88|Abdominal Cavity|C0230168|[blor]|["Abdomen"-tx-44-"ABDOMEN"-noun-0]|TX|2124/7|A01.923.047.025
00000000|MMI|11.53|4+ Answer to question|C3838679|[fndg]|["4+"-tx-61-"4"-fraction-0,"4+"-tx-29-"4"-integer-0,"4+"-tx-14-"4"-integer-0]|TX|4244/1;1521/1;1249/1|
00000000|MMI|11.49|Appendectomy|C0003611|[topp]|["APPENDECTOMY"-tx-23-"appendectomy"-noun-0]|TX|1414/12|E04.210.078
00000000|MMI|11.49|Clubbed Fingers|C0009080|[anab]|["Clubbing"-tx-47-"clubbing"-noun-1]|TX|2405/8|C05.116.758;C05.550.684
00000000|MMI|11.49|Cyanosis|C0010520|[sosy]|["CYANOSIS"-tx-47-"cyanosis"-noun-1]|TX|2416/8|C23.888.248
00000000|MMI|11.49|Edema|C0013604|[fndg]|["OEDEMA"-tx-47-"edema"-noun-1]|TX|2428/5|C23.888.277
00000000|MMI|11.49|Hernia|C0019270|[anab]|["HERNIA"-tx-45-"hernia"-noun-0]|TX|2257/6|C23.300.707
00000000|MMI|11.49|Physical Examination|C0031809|[hlca]|["PHYSICAL EXAMINATION"-tx-38-"PHYSICAL EXAMINATION"-noun-0]|TX|1888/20|E01.370.600
00000000|MMI|11.32|1+|C3816745|[fndg]|["1+"-tx-76-"1"-fraction-0,"1+"-tx-22-"1"-integer-0,"1+"-tx-8-"1"-integer-0]|TX|5053/1;1399/1;1070/1|
00000000|MMI|11.32|1+ Score|C2827734|[qnco]|["1+"-tx-76-"1"-fraction-0,"1+"-tx-22-"1"-integer-0,"1+"-tx-8-"1"-integer-0]|TX|5053/1;1399/1;1070/1|
00000000|MMI|11.32|1+ Score, WHO|C2981698|[clas]|["1+"-tx-76-"1"-fraction-0,"1+"-tx-22-"1"-integer-0,"1+"-tx-8-"1"-integer-0]|TX|5053/1;1399/1;1070/1|
00000000|MMI|11.11|Entire mitral valve|C1269004|[bpoc]|["Mitral valve"-tx-55-"mitral valve"-noun-0,"Mitral valve"-tx-52-"mitral valve"-noun-0,"Mitral valve"-tx-30-"mitral valve"-noun-0]|TX|3480/12;2804/12;1536/12|
00000000|MMI|11.03|Irreducible umbilical hernia|C0700253|[anab]|["Incarcerated umbilical hernia"-tx-51-"incarcerated umbilical hernia"-noun-0,"Incarcerated umbilical hernia"-tx-7-"incarcerated umbilical hernia"-noun-0,"Incarcerated umbilical hernia"-tx-1-"INCARCERATED UMBILICAL HERNIA"-noun-0]|TX|2717/29;1016/29;47/29|
00000000|MMI|10.89|Echocardiogram (image)|C2243117|[inpr]|["Echocardiogram"-tx-56-"echocardiogram"-noun-0,"Echocardiogram"-tx-54-"echocardiogram"-noun-0,"Echocardiogram"-tx-9-"echocardiogram"-noun-0]|TX|3591/14;3237/14;1154/14|
00000000|MMI|10.70|Medical center|C0565990|[hcro,mnob]|["Medical centre"-tx-71-"Medical Center"-noun-0,"Medical centre"-tx-7-"Medical Center"-noun-0,"Medical centre"-tx-3-"Medical Center"-noun-0]|TX|4810/14;962/14;456/14|
00000000|MMI|10.70|Military Hospital - Medical Center|C1552471|[hcro,mnob]|["Medical Center"-tx-71-"Medical Center"-noun-0,"Medical Center"-tx-7-"Medical Center"-noun-0,"Medical Center"-tx-3-"Medical Center"-noun-0]|TX|4810/14;962/14;456/14|
00000000|MMI|10.68|Somewhat|C2984079|[inpr]|["Somewhat"-tx-45-"somewhat"-adv-0,"Somewhat"-tx-5-"somewhat"-adv-0,"Somewhat"-tx-4-"somewhat"-adv-0]|TX|2268/8;747/8;600/8|
00000000|MMI|10.65|Valley|C0563004|[spco]|["Valley"-tx-71-"Valley"-noun-0,"Valley"-tx-7-"Valley"-noun-0,"Valley"-tx-3-"Valley"-noun-0]|TX|4803/6;955/6;449/6|
00000000|MMI|10.65|10%|C3842590|[fndg]|["10%"-tx-67-"10"-integer-0,"10%"-tx-65-"10"-integer-0,"10%"-tx-34-"10"-integer-0]|TX|4557/2;4498/2;1745/2|
00000000|MMI|10.53|Blood group antibody I|C0221138|[aapp,imft]|["I NOS"-tx-34-"i"-adv-0,"I NOS"-tx-33-"i"-adv-0,"I NOS"-tx-32-"i"-adv-0]|TX|1753/1;1701/1;1675/1|
00000000|MMI|10.51|Admission activity|C0809949|[hlca]|["Admission"-tx-53-"admission"-noun-0,"Admission"-tx-51-"admission"-noun-0,"Admission"-tx-3-"admission"-noun-0]|TX|3023/9;2685/9;485/9|
00000000|MMI|10.42|+2|C0740116|[qnco]|["+2"-tx-24-"2"-integer-0,"+2"-tx-10-"2"-integer-0]|TX|1429/1;1203/1|
00000000|MMI|10.42|2+|C3833492|[fndg]|["2+"-tx-24-"2"-integer-0,"2+"-tx-10-"2"-integer-0]|TX|1429/1;1203/1|
00000000|MMI|10.42|2+ Score|C2827735|[qnco]|["2+"-tx-24-"2"-integer-0,"2+"-tx-10-"2"-integer-0]|TX|1429/1;1203/1|
00000000|MMI|10.42|2+ Score, WHO|C2981700|[clas]|["2+"-tx-24-"2"-integer-0,"2+"-tx-10-"2"-integer-0]|TX|1429/1;1203/1|
00000000|MMI|10.42|3+ Answer to Question|C3838680|[fndg]|["3+"-tx-27-"3"-integer-0,"3+"-tx-12-"3"-integer-0]|TX|1491/1;1231/1|
00000000|MMI|10.42|3+ Score|C2827736|[qnco]|["3+"-tx-27-"3"-integer-0,"3+"-tx-12-"3"-integer-0]|TX|1491/1;1231/1|
00000000|MMI|10.42|3+ Score, WHO|C2981702|[clas]|["3+"-tx-27-"3"-integer-0,"3+"-tx-12-"3"-integer-0]|TX|1491/1;1231/1|
00000000|MMI|10.42|<3 (qualifier value)|C0439086|[qnco]|["<3"-tx-27-"3"-integer-0,"<3"-tx-12-"3"-integer-0]|TX|1491/1;1231/1|
00000000|MMI|10.42|Abortion consent:Finding:Point in time:^Patient:Document|C2360836|[clna]|["Patient"-tx-61-"patient"-noun-0,"Patient"-tx-57-"patient"-noun-0]|TX|4134/7;3708/7|
00000000|MMI|10.42|Atrial Fibrillation Adverse Event|C1963067|[fndg]|["Atrial fibrillation"-tx-52-"atrial fibrillation"-noun-0,"Atrial fibrillation"-tx-19-"Atrial fibrillation"-noun-0]|TX|2832/19;1288/19|
00000000|MMI|10.42|Atrial Fibrillation by ECG Finding|C0344434|[lbtr]|["Atrial Fibrillation"-tx-52-"atrial fibrillation"-noun-0,"Atrial Fibrillation"-tx-19-"Atrial fibrillation"-noun-0]|TX|2832/19;1288/19|
00000000|MMI|10.42|Cardiology service|C3887620|[hcro]|["Cardiology"-tx-56-"cardiology"-noun-0,"Cardiology service"-tx-54-"Cardiology Service"-noun-0]|TX|3532/10;3138/18|
00000000|MMI|10.42|Doctor of Medicine|C1512018|[inpr]|["M.D."-tx-74-"M.D"-noun-0,"M.D."-tx-72-"M.D"-noun-0]|TX|4994/3;4952/3|
00000000|MMI|10.42|Hypertension Adverse Event|C1963138|[fndg]|["Hypertension"-tx-13-"Hypertension"-noun-0,"Hypertension"-tx-2-"hypertension"-noun-0]|TX|1234/12;275/12|
00000000|MMI|10.42|Hysterectomy consent:Finding:Point in time:^Patient:Document|C2360838|[clna]|["Patient"-tx-61-"patient"-noun-0,"Patient"-tx-57-"patient"-noun-0]|TX|4134/7;3708/7|
00000000|MMI|10.42|Negation|C1518422|[ftcn]|["Not"-tx-6-"not"-adv-0,"Not"-tx-4-"not"-adv-0]|TX|773/3;627/3|
00000000|MMI|10.42|Stat (do immediately)|C0205548|[tmco]|["Immediately"-tx-60-"immediately"-adv-0,"Immediately"-tx-53-"immediately"-adv-0]|TX|4007/11;3101/11|
00000000|MMI|10.42|Sterilization consent:Finding:Point in time:^Patient:Document|C2360840|[clna]|["Patient"-tx-61-"patient"-noun-0,"Patient"-tx-57-"patient"-noun-0]|TX|4134/7;3708/7|
00000000|MMI|10.42|Sunday|C0585025|[tmco]|["Sunday"-tx-69-"Sunday"-noun-0,"Sunday"-tx-36-"Sunday"-noun-0]|TX|4732/6;1823/6|
00000000|MMI|10.28|Tracheal Extubation|C0553891|[topp]|["Extubate"-tx-59-"extubated"-verb-0]|TX|3890/9|E02.041.249;E05.008
00000000|MMI|9.99|Erythema|C0041834|[dsyn]|["ERYTHEMA"-tx-45-"erythema"-noun-1]|TX|2323/8|C17.800.229
00000000|MMI|9.99|Laboratory|C0022877|[mnob,orgt]|["LABORATORY"-tx-49-"laboratory"-noun-0]|TX|2471/10|N02.278.487
00000000|MMI|9.90|Back|C0004600|[blor]|["BACK"-tx-2-"back"-adj-0]|TX|260/4|A01.923.176
00000000|MMI|9.88|Complication Aspects|C1171258|[patf]|["complications"-tx-58-"complications"-noun-1]|TX|3866/13|x.x.x
00000000|MMI|9.86|split brain|C0597505|[topp]|["commissurotomy"-tx-30-"commissurotomy"-noun-0]|TX|1549/14|E04.525.770
00000000|MMI|9.77|Adult|C0001675|[aggp]|["ADULT"-tx-2-"adult"-noun-0]|TX|389/5|M01.060.116
00000000|MMI|9.76|Tablet Dosage Form|C0039225|[bodm]|["TAB"-tx-69-"tabs"-noun-0]|TX|4619/4|D26.255.830
00000000|MMI|9.73|Abdomen|C0000726|[blor]|["ABDOMEN"-tx-44-"ABDOMEN"-noun-0]|TX|2124/7|A01.923.047
00000000|MMI|8.34|Hypersensitivity|C0020517|[patf]|["Allergies"-tx-37-"ALLERGIES"-noun-0]|TX|1832/9|C20.543
00000000|MMI|8.34|Limb structure|C0015385|[bpoc]|["Extremities"-tx-47-"EXTREMITIES"-noun-0]|TX|2388/11|A01.378
00000000|MMI|8.00|Evaluation and management note:Finding:Point in time:{Setting}:Document:{Provider}|C1316572|[clna]|["Note"-tx-55-"noted"-verb-0,"Note"-tx-53-"noted"-verb-0]|TX|3497/5;3041/5|
00000000|MMI|8.00|Note (document)|C1317574|[inpr]|["Note"-tx-55-"noted"-verb-0,"Note"-tx-53-"noted"-verb-0]|TX|3497/5;3041/5|
00000000|MMI|7.70|Gender Status - Intact|C1554187|[fndg]|["Intact"-tx-48-"intact"-adj-0,"Intact"-tx-39-"intact"-adj-0]|TX|2449/6;2013/6|
00000000|MMI|7.70|Intact|C0205266|[qlco]|["Intact"-tx-48-"intact"-adj-0,"Intact"-tx-39-"intact"-adj-0]|TX|2449/6;2013/6|
00000000|MMI|7.62|Atrial Flutter Adverse Event|C1963068|[patf]|["Atrial flutter"-tx-19-"atrial flutter"-noun-0,"Atrial flutter"-tx-2-"atrial flutter"-noun-0]|TX|1312/14;357/14|
00000000|MMI|7.62|Atrial Flutter by ECG Finding|C0344423|[lbtr]|["Atrial Flutter"-tx-19-"atrial flutter"-noun-0,"Atrial Flutter"-tx-2-"atrial flutter"-noun-0]|TX|1312/14;357/14|
00000000|MMI|7.53|heparin, porcine|C0770546|[bacs,orch,phsu]|["HEPARIN"-tx-60-"heparin"-noun-0,"HEPARIN"-tx-53-"heparin"-noun-0]|TX|4060/7;3124/7|
00000000|MMI|7.49|Good|C0205170|[qlco]|["Well"-tx-61-"well"-adv-0,"Well"-tx-55-"well"-adv-0]|TX|4152/4;3521/4|
00000000|MMI|7.49|Well|C3146287|[mnob]|["Well"-tx-61-"well"-adv-0,"Well"-tx-55-"well"-adv-0]|TX|4152/4;3521/4|
00000000|MMI|7.45|Past|C1444637|[tmco]|["Past"-tx-9-"past"-noun-0,"Past"-tx-2-"past"-noun-0]|TX|1135/4;236/4|
00000000|MMI|7.45|Then|C1883708|[tmco]|["Next"-tx-60-"next"-adj-0,"Then"-tx-5-"then"-adv-0]|TX|4096/4;735/4|
00000000|MMI|7.44|Presentation|C0449450|[idcn]|["Presented"-tx-7-"presented"-verb-0,"Presented"-tx-3-"presented"-verb-0]|TX|915/9;419/9|
00000000|MMI|7.31|Isosorbide Dinitrate 40 MG|C1171085|[clnd]|["Isosorbide Dinitrate 40 MG"-tx-66-"Isordil 40 mg"-noun-0,"Isosorbide Dinitrate 40 MG"-tx-35-"Isordil 40 mg"-noun-0]|TX|4518/13;1760/13|
00000000|MMI|7.29|Personal History of Coronary Artery Disease|C1881055|[clna]|["History of Coronary Artery Disease"-tx-9-"Coronary artery disease history of"-noun-0,"History of Coronary Artery Disease"-tx-2-"coronary artery disease history of"-noun-0]|TX|1073/23,1104/10;173/23,204/10|
00000000|MMI|7.29|+5|C0728893|[qnco]|["+5"-tx-16-"5"-integer-0,"+5"-tx-1-"5"-fraction-0]|TX|1275/1;16/1|
00000000|MMI|7.29|>5|C0439084|[qnco]|[">5"-tx-16-"5"-integer-0,">5"-tx-1-"5"-fraction-0]|TX|1275/1;16/1|
00000000|MMI|7.28|Integrated Neuromusculoskeletal Release|C1704538|[topp]|["INR"-tx-61-"INR"-noun-0,"INR"-tx-53-"INR"-noun-0]|TX|4180/3;3033/3|
00000000|MMI|7.26|size|C0456389|[spco]|["Size"-tx-55-"size"-noun-0,"Size"-tx-4-"size"-noun-0]|TX|3456/4;612/4|
00000000|MMI|7.26|Patient location type - Operating Room|C1578465|[spco]|["Operating Room"-tx-57-"operating room"-noun-0,"Operating Room"-tx-56-"operating room"-noun-0]|TX|3733/14;3646/14|
00000000|MMI|7.25|PMH - past medical history|C0455458|[fndg]|["Past medical history"-tx-8-"PAST MEDICAL HISTORY"-noun-0,"Past medical history"-tx-2-"past medical history"-noun-0]|TX|1048/20;142/20|
00000000|MMI|7.23|Area|C0205146|[spco]|["AREA"-tx-59-"area"-noun-0,"areas"-tx-55-"areas"-noun-0]|TX|3966/4;3387/5|
00000000|MMI|7.19|1970s|C0681756|[tmco]|["1970s"-tx-11-"1970"-integer-0,"1970s"-tx-2-"1970"-integer-0]|TX|1224/4;268/4|
00000000|MMI|7.17|Registered nurse|C0687673|[prog]|["R.N."-tx-62-"r.n"-adj-0,"R.N."-tx-31-"r.n"-adj-0]|TX|4330/3;1647/3|
00000000|MMI|7.17|Done (qualifier value)|C1272695|[qlco]|["Done"-tx-58-"done"-aux-0,"Done"-tx-55-"done"-aux-0]|TX|3849/4;3299/4|
00000000|MMI|7.17|Clinical Study Follow-up|C3274571|[hlca]|["FOLLOW-UP"-tx-71-"follow-up"-adj-0]|TX|[4773/9],[4855/9]|
00000000|MMI|7.17|Follow-Up Report|C1704685|[inpr]|["Follow-Up"-tx-71-"follow-up"-adj-0]|TX|[4773/9],[4855/9]|
00000000|MMI|7.17|Follow-up status|C0589120|[fndg]|["Follow-up"-tx-71-"follow-up"-adj-0]|TX|[4773/9],[4855/9]|
00000000|MMI|7.17|follow-up|C1522577|[hlca]|["Follow Up"-tx-71-"follow-up"-adj-0]|TX|[4773/9],[4855/9]|
00000000|MMI|7.09|Medical Valves|C0184252|[medd]|["VALVE"-tx-30-"valve"-noun-0,"VALVE"-tx-26-"valve"-noun-0]|TX|1543/5;1483/5|
00000000|MMI|7.09|Valve (physical object)|C3888056|[mnob]|["Valve"-tx-30-"valve"-noun-0,"Valve"-tx-26-"valve"-noun-0]|TX|1543/5;1483/5|
00000000|MMI|7.09|Valve Device Component|C1704414|[medd]|["Valve"-tx-30-"valve"-noun-0,"Valve"-tx-26-"valve"-noun-0]|TX|1543/5;1483/5|
00000000|MMI|7.09|anatomic valve|C1186983|[bpoc]|["Valve"-tx-30-"valve"-noun-0,"Valve"-tx-26-"valve"-noun-0]|TX|1543/5;1483/5|
00000000|MMI|7.08|Swelling|C0038999|[fndg]|["Bulge"-tx-4-"bulge"-noun-0,"Bulge"-tx-3-"bulge"-noun-0]|TX|574/5;523/5|
00000000|MMI|7.06|Regular|C0205272|[qlco]|["Regular"-tx-61-"regular"-adj-0,"Regular"-tx-42-"regular"-adj-0]|TX|4257/7;2091/7|
00000000|MMI|7.04|23|C0450348|[qnco]|["23"-tx-76-"23"-fraction-0,"23"-tx-61-"23"-fraction-0]|TX|5055/2;4246/2|
00000000|MMI|7.04|Body Fluid Discharge|C0012621|[bdsu]|["Discharge"-tx-71-"discharge"-noun-0]|TX|[4840/9],[4911/9]|
00000000|MMI|7.04|Discharge, body substance|C2926602|[bdsu]|["Discharge"-tx-71-"discharge"-noun-0]|TX|[4840/9],[4911/9]|
00000000|MMI|6.99|Entire face|C1281591|[bpoc]|["Face"-tx-56-"face"-noun-0,"Face"-tx-6-"face"-noun-0]|TX|3560/4;888/4|
00000000|MMI|6.96|One week|C4082116|[tmco]|["One week"-tx-71-"one week"-noun-0]|TX|[4825/8],[4896/8]|
00000000|MMI|6.94|Hour|C0439227|[tmco]|["HOURS"-tx-69-"hours"-noun-0,"HOURS"-tx-62-"hours"-noun-0]|TX|4630/5;4322/5|
00000000|MMI|6.93|Data Validation Test Document|C3899446|[inpr]|["DVT"-tx-11-"DVT"-noun-0,"DVT"-tx-2-"DVT"-noun-0]|TX|1217/3;256/3|
00000000|MMI|6.93|Ever told by doctor that you had deep venous thrombosis:Finding:Point in time:^Patient:Ordinal|C2926618|[clna]|["DVT"-tx-11-"DVT"-noun-0,"DVT"-tx-2-"DVT"-noun-0]|TX|1217/3;256/3|
00000000|MMI|6.93|Post|C0687676|[tmco]|["Status Post"-tx-30-"Status post"-prep-0,"Status Post"-tx-25-"Status post"-prep-0]|TX|1524/11;1432/11|
00000000|MMI|6.93|Status post|C0231290|[tmco]|["Status post"-tx-30-"Status post"-prep-0,"Status post"-tx-25-"Status post"-prep-0]|TX|1524/11;1432/11|
00000000|MMI|6.92|Left|C0205091|[spco]|["LEFT"-tx-44-"left"-noun-0,"LEFT"-tx-28-"Left"-noun-0]|TX|2228/4;1494/4|
00000000|MMI|6.92|Left sided|C0443246|[spco]|["Left"-tx-44-"left"-noun-0,"Left"-tx-28-"Left"-noun-0]|TX|2228/4;1494/4|
00000000|MMI|6.92|Table Cell Horizontal Align - left|C1552822|[ftcn]|["left"-tx-44-"left"-noun-0,"left"-tx-28-"Left"-noun-0]|TX|2228/4;1494/4|
00000000|MMI|6.91|55|C0450382|[inpr]|["55"-tx-55-"55"-percentage-0,"55"-tx-9-"55"-integer-0]|TX|3337/2;1194/2|
00000000|MMI|6.90|Twice (Numerical Qualifier)|C1948050|[qnco]|["Two Times"-tx-9-"times two"-noun-0,"Two Times"-tx-2-"times two"-noun-0]|TX|1118/9;219/9|
00000000|MMI|6.69|Woman|C0043210|[popg]|["WOMAN"-tx-2-"woman"-noun-0]|TX|121/5|M01.975
00000000|MMI|6.66|Lung|C0024109|[bpoc]|["LUNGS"-tx-43-"LUNGS"-noun-0]|TX|2108/5|A04.411
00000000|MMI|6.66|Neck|C0027530|[blor]|["NECK"-tx-41-"NECK"-noun-0]|TX|2067/4|A01.598
00000000|MMI|6.62|Heart|C0018787|[bpoc]|["Cardiac"-tx-54-"cardiac"-adj-0]|TX|3202/7|A07.541
00000000|MMI|6.57|Fascia|C0015641|[tisu]|["FASCIA"-tx-57-"fascia"-noun-0]|TX|3822/6|A02.340
00000000|MMI|5.18|All extremities|C0278454|[bpoc]|["extremities"-tx-47-"EXTREMITIES"-noun-0]|TX|2388/11|
00000000|MMI|5.18|Allopathic & Osteopathic Physicians - Surgery|C3853799|[prog]|["Surgery"-tx-52-"surgery"-noun-0]|TX|2981/7|
00000000|MMI|5.18|CDISC SDTM Procedure Terminology|C3539779|[inpr]|["Procedure"-tx-58-"procedure"-noun-0]|TX|3835/9|
00000000|MMI|5.18|Cardiology service (procedure)|C0587571|[hlca]|["Cardiology service"-tx-54-"Cardiology Service"-noun-0]|TX|3138/18|
00000000|MMI|5.18|Clubbing|C0149651|[sosy]|["CLUBBING"-tx-47-"clubbing"-noun-1]|TX|2405/8|
00000000|MMI|5.18|Coagulation procedure|C0441509|[topp]|["Coagulation"-tx-49-"coagulation"-noun-0]|TX|2554/11|
00000000|MMI|5.18|Coagulation process|C1328723|[phsf]|["coagulation"-tx-49-"coagulation"-noun-0]|TX|2554/11|
00000000|MMI|5.18|Discharge date|C2361123|[tmco]|["Discharge date"-tx-1-"Discharge Date"-noun-0]|TX|0/14|
00000000|MMI|5.18|Discharge date:Time Stamp -- Date and Time:Point in time:^Patient:Quantitative|C2361122|[clna]|["Discharge date"-tx-1-"Discharge Date"-noun-0]|TX|0/14|
00000000|MMI|5.18|Disposition|C0743223|[idcn]|["Disposition"-tx-70-"DISPOSITION"-noun-0]|TX|4741/11|
00000000|MMI|5.18|Disposition Domain|C1705555|[inpr]|["Disposition"-tx-70-"DISPOSITION"-noun-0]|TX|4741/11|
00000000|MMI|5.18|Echo (insect)|C1655045|[euka]|["Echo"-tx-55-"echo"-noun-0]|TX|3290/4|
00000000|MMI|5.18|Edema:Finding:Point in time:^Patient:Ordinal|C1717255|[clna]|["Edema"-tx-47-"edema"-noun-0]|TX|2428/5|
00000000|MMI|5.18|Function|C0542341|[ftcn]|["functioning"-tx-55-"functioning"-verb-0]|TX|3509/11|
00000000|MMI|5.18|Functional|C0205245|[ftcn]|["Functioning"-tx-55-"functioning"-verb-0]|TX|3509/11|
00000000|MMI|5.18|H/O: atrial fibrillation|C0729790|[fndg]|["History of - atrial fibrillation"-tx-2-"history of atrial fibrillation"-noun-0]|TX|322/30|
00000000|MMI|5.18|H/O: surgery|C0455610|[fndg]|["Past surgical history"-tx-22-"PAST SURGICAL HISTORY"-noun-0]|TX|1376/21|
00000000|MMI|5.18|HEENT|C1512338|[blor]|["HEENT"-tx-39-"HEENT"-noun-0]|TX|1976/5|
00000000|MMI|5.18|Hold (action)|C1948035|[acty]|["Hold"-tx-52-"hold"-verb-0]|TX|2912/4|
00000000|MMI|5.18|Hold - dosing instruction fragment|C1553387|[idcn]|["Hold"-tx-52-"hold"-verb-0]|TX|2912/4|
00000000|MMI|5.18|Home environment|C0442519|[cnce]|["HOME"-tx-70-"home"-noun-0]|TX|4757/4|
00000000|MMI|5.18|Hospital course|C0489547|[fndg]|["Hospital course"-tx-50-"HOSPITAL COURSE"-noun-0]|TX|2597/15|
00000000|MMI|5.18|Hospital course:Finding:Point in time:^Patient:Narrative|C0488549|[clna]|["Hospital course"-tx-50-"HOSPITAL COURSE"-noun-0]|TX|2597/15|
00000000|MMI|5.18|In prison (finding)|C0392751|[fndg]|["Incarcerated"-tx-5-"incarcerated"-adj-0]|TX|718/12|
00000000|MMI|5.18|Including (qualifier)|C0332257|[ftcn]|["Including"-tx-2-"including"-verb-0]|TX|163/9|
00000000|MMI|5.18|Increase|C0442805|[ftcn]|["Increased"-tx-55-"increased"-verb-0]|TX|3428/9|
00000000|MMI|5.18|Increased|C0205217|[qnco]|["Increased"-tx-55-"increased"-verb-0]|TX|3428/9|
00000000|MMI|5.18|Increasing|C0442808|[ftcn]|["Increasing"-tx-4-"increasing"-verb-0]|TX|589/10|
00000000|MMI|5.18|Interventional procedure|C0184661|[topp]|["Procedure"-tx-58-"procedure"-noun-0]|TX|3835/9|
00000000|MMI|5.18|Lisinopril 10 MG|C0987217|[clnd]|["Lisinopril 10 MG"-tx-34-"Lisinopril 10 mg"-noun-0]|TX|1708/16|
00000000|MMI|5.18|MILDLY|C0750532|[idcn]|["MILDLY"-tx-55-"mildly"-adv-0]|TX|3421/6|
00000000|MMI|5.18|MTR wt Allele|C3539704|[gngm]|["MS"-tx-50-"Ms"-noun-0]|TX|2614/2|
00000000|MMI|5.18|Medication.discharge|C0806915|[fndg]|["Discharge medications"-tx-62-"DISCHARGE MEDICATIONS"-noun-0]|TX|4272/21|
00000000|MMI|5.18|Medications:-:Point in time:^Patient:-|C2598133|[clna]|["Medications"-tx-31-"MEDICATIONS"-noun-0]|TX|1574/11|
00000000|MMI|5.18|Medications:Presence or Identity:Duration of the study:^Patient:Nominal|C0802604|[clna]|["Medications"-tx-31-"MEDICATIONS"-noun-0]|TX|1574/11|
00000000|MMI|5.18|Mild (qualifier value)|C2945599|[qlco]|["Mildly"-tx-55-"mildly"-adv-0]|TX|3421/6|
00000000|MMI|5.18|Ms. - Title|C2349943|[cnce]|["Ms."-tx-50-"Ms"-noun-0]|TX|2614/2|
00000000|MMI|5.18|Normal bowel sounds|C0278005|[sosy]|["Normal bowel sounds"-tx-46-"normal bowel sounds"-noun-0]|TX|2366/19|
00000000|MMI|5.18|On admission|C0457453|[tmco]|["On admission"-tx-31-"ON ADMISSION"-adj-0]|TX|1586/12|
00000000|MMI|5.18|Operative Surgical Procedures|C0543467|[hlca]|["Surgery"-tx-52-"surgery"-noun-0]|TX|2981/7|E04
00000000|MMI|5.18|Patient Condition Code - Stable|C1547311|[inpr]|["Stable"-tx-56-"stable"-adj-0]|TX|3618/6|
00000000|MMI|5.18|Patient in hospital|C0701159|[fndg]|["hospitalize"-tx-52-"hospitalize"-verb-0]|TX|2894/11|
00000000|MMI|5.18|Performed|C0884358|[ftcn]|["Performed"-tx-54-"performed"-verb-0]|TX|3258/9|
00000000|MMI|5.18|Pharmaceutical Preparations|C0013227|[phsu]|["Medications"-tx-31-"MEDICATIONS"-noun-0]|TX|1574/11|D26
00000000|MMI|5.18|Physical Medical Procedure|C3274430|[hlca]|["PROCEDURE"-tx-58-"procedure"-noun-0]|TX|3835/9|
00000000|MMI|5.18|Postmenopausal atrophic vaginitis|C0156409|[dsyn]|["Atrophic vaginitis"-tx-62-"atrophic vaginitis"-noun-0]|TX|4415/18|
00000000|MMI|5.18|Procedure (set of actions)|C2700391|[acty]|["Procedure"-tx-58-"procedure"-noun-0]|TX|3835/9|
00000000|MMI|5.18|Procedure Domain|C3538935|[inpr]|["Procedure"-tx-58-"procedure"-noun-0]|TX|3835/9|
00000000|MMI|5.18|Reactive to light|C4068744|[fndg]|["Reactive to light"-tx-40-"reactive to light"-noun-0]|TX|2047/17|
00000000|MMI|5.18|Recommendation|C0034866|[idcn]|["Recommended"-tx-54-"recommended"-verb-0]|TX|3222/11|
00000000|MMI|5.18|Report (document)|C0684224|[inpr]|["Reported"-tx-6-"reported"-verb-0]|TX|824/8|
00000000|MMI|5.18|Reporting|C0700287|[hlca]|["Reported"-tx-6-"reported"-verb-0]|TX|824/8|
00000000|MMI|5.18|Stable status|C0205360|[qlco]|["STABLE"-tx-56-"stable"-adj-0]|TX|3618/6|
00000000|MMI|5.18|Surgery specialty|C0038894|[bmod]|["Surgery"-tx-52-"surgery"-noun-0]|TX|2981/7|
00000000|MMI|5.18|Surgical and medical procedures|C1948041|[topp]|["Procedure"-tx-58-"procedure"-noun-0]|TX|3835/9|
00000000|MMI|5.18|Take|C1515187|[hlca]|["Take"-tx-69-"take"-verb-0]|TX|4721/4|
00000000|MMI|5.18|Topical surface|C0332237|[spco]|["Topical"-tx-62-"topical"-adj-0]|TX|4361/7|
00000000|MMI|5.18|Vomiting Adverse Event|C1963281|[patf]|["Vomiting"-tx-6-"vomiting"-noun-1]|TX|807/8|
00000000|MMI|5.18|hold - Data Operation|C3853841|[ftcn]|["hold"-tx-52-"hold"-verb-0]|TX|2912/4|
00000000|MMI|4.19|Discharge to home|C0184713|[topp]|["Discharge to home"-tx-61-"discharged to home"-noun-0]|TX|4222/18|
00000000|MMI|4.10|Furosemide 80 MG|C0992359|[clnd]|["Furosemide 80 MG"-tx-31-"Lasix 80 mg"-noun-0]|TX|1600/11|
00000000|MMI|3.81|Repair of umbilical hernia|C0019333|[topp]|["Repair of umbilical hernia"-tx-56-"repair of umbilical hernia"-noun-0]|TX|3665/26|
00000000|MMI|3.81|hip fracture repair|C0744924|[topp]|["hip fracture repair"-tx-28-"hip fracture repair"-noun-0]|TX|1499/19|
00000000|MMI|3.78|Cardiac rhythm type|C0232187|[ortf]|["Heart Rhythm"-tx-42-"HEART rhythm"-noun-0]|TX|2083/5,2099/6|
00000000|MMI|3.74|Past Week|C2987125|[tmco]|["Past Week"-tx-3-"past weeks"-noun-0]|TX|538/4,551/5|
00000000|MMI|3.70|Past history of|C0332119|[qlco]|["past history"-tx-54-"past history"-noun-0]|TX|3197/4,3210/7|
00000000|MMI|3.68|% index|C1637833|[qnco]|["% index"-tx-75-"Index"-noun-0]|TX|5029/5|
00000000|MMI|3.68|/hour|C0564385|[qnco]|["/h"-tx-73-"H"-noun-0]|TX|4981/1|
00000000|MMI|3.68|Arrival - action|C1706079|[acty]|["Arrival"-tx-53-"arrival"-noun-0]|TX|3006/7|
00000000|MMI|3.68|Attending (action)|C1999232|[ftcn]|["attending"-tx-73-"Attending"-noun-0]|TX|4962/9|
00000000|MMI|3.68|Attending (provider role)|C1547429|[prog]|["Attending"-tx-73-"Attending"-noun-0]|TX|4962/9|
00000000|MMI|3.68|Clear|C2963144|[qlco]|["Clear"-tx-43-"clear"-adj-0]|TX|2116/5|
00000000|MMI|3.68|Cream|C1378128|[bodm]|["Cream"-tx-62-"cream"-noun-0]|TX|4355/5|
00000000|MMI|3.68|Dairy Cream|C0700385|[food]|["Cream"-tx-62-"cream"-noun-0]|TX|4355/5|
00000000|MMI|3.68|Glonoine, nitroglycerine, Homeopathic preparation|C0885378|[orch,phsu]|["nitroglycerine"-tx-31-"nitroglycerin"-noun-0]|TX|1631/13|
00000000|MMI|3.68|H NOS Antibodies|C0369286|[aapp,imft]|["H NOS"-tx-73-"H"-noun-0]|TX|4981/1|
00000000|MMI|3.68|Hepatic Involvement|C0441932|[clas]|["H+"-tx-73-"H"-noun-0]|TX|4981/1|
00000000|MMI|3.68|Html Link Type - index|C1552854|[idcn]|["index"-tx-75-"Index"-noun-0]|TX|5029/5|
00000000|MMI|3.68|Index|C0918012|[inpr]|["Index"-tx-75-"Index"-noun-0]|TX|5029/5|
00000000|MMI|3.68|Laboratory domain|C3244292|[ftcn]|["laboratory"-tx-49-"laboratory"-noun-0]|TX|2471/10|
00000000|MMI|3.68|Negative Surgical Margin|C1709157|[fndg]|["Clear"-tx-43-"clear"-adj-0]|TX|2116/5|
00000000|MMI|3.68|Reducible|C0205337|[qlco]|["Reducible"-tx-4-"reducible"-adj-0]|TX|659/9|
00000000|MMI|3.68|Round shape|C0332490|[spco]|["ROUND"-tx-40-"round"-adj-0]|TX|2037/5|
00000000|MMI|3.68|Supple|C0332254|[ftcn]|["Supple"-tx-41-"supple"-adj-0]|TX|2074/6|
00000000|MMI|3.68|Wall motion|C1980023|[clna]|["Wall motion"-tx-55-"wall motion"-noun-0]|TX|3367/11|
00000000|MMI|3.68|arrival - ActRelationshipType|C1555577|[ftcn]|["arrival"-tx-53-"arrival"-noun-0]|TX|3006/7|
00000000|MMI|3.68|extraocular|C0241886|[ftcn]|["EXTRAOCULAR"-tx-39-"extraocular"-noun-0]|TX|1991/11|
00000000|MMI|3.68|weekend|C0680190|[tmco]|["weekend"-tx-5-"weekend"-noun-0]|TX|700/7|
00000000|MMI|3.65|Principal Diagnosis:-:Point in time:^Patient:-|C2598194|[clna]|["Principal Diagnosis"-tx-1-"PRINCIPAL DIAGNOSIS"-noun-0]|TX|26/19|
00000000|MMI|3.65|Principal diagnosis|C0332137|[qlco]|["Principal Diagnosis"-tx-1-"PRINCIPAL DIAGNOSIS"-noun-0]|TX|26/19|
00000000|MMI|3.64|Associated with|C0332281|[qlco]|["Associated with"-tx-6-"associated with"-verb-0]|TX|777/15|
00000000|MMI|3.64|Normal limits|C0442816|[qnco]|["Normal limits"-tx-49-"normal limits"-noun-0]|TX|2581/13|
00000000|MMI|3.64|Stable Disease|C0677946|[fndg]|["Stable condition"-tx-59-"stable condition"-noun-0]|TX|3919/16|
00000000|MMI|3.64|Stable chronic Graft vs Host Disease|C3538874|[fndg]|["Stable condition"-tx-59-"stable condition"-noun-0]|TX|3919/16|
00000000|MMI|3.64|dictated - DocumentCompletion|C1609990|[idcn]|["Dictated"-tx-72-"Dictated"-verb-0]|TX|4923/8|
00000000|MMI|3.64|dictated - ParticipationMode|C1548384|[ftcn]|["dictated"-tx-72-"Dictated"-verb-0]|TX|4923/8|
00000000|MMI|3.63|0%|C3842591|[fndg]|["0%"-tx-49-"0"-real_number-0]|TX|2532/1|
00000000|MMI|3.63|Creatinine finding|C1561535|[fndg]|["Creatinine"-tx-49-"creatinine"-noun-0]|TX|2501/10|
00000000|MMI|3.63|Geographic Locations|C0017446|[geoa]|["Area"-tx-59-"area"-noun-0]|TX|3966/4|Z01
00000000|MMI|3.63|Hematocrit level|C0518014|[fndg]|["Hematocrit"-tx-49-"hematocrit"-noun-0]|TX|2518/10|
00000000|MMI|3.63|P Blood group antibodies|C0369773|[aapp,imft]|["P NOS"-tx-31-"p"-adj-0]|TX|1645/1|
00000000|MMI|3.63|P prime|C2603361|[clna]|["P'"-tx-31-"p"-adj-0]|TX|1645/1|
00000000|MMI|3.63|Primary repair of umbilical hernia|C1998031|[topp]|["Primary repair of umbilical hernia"-tx-57-"umbilical hernia repair primary of"-noun-0]|TX|3762/23,3791/7,3815/2|
00000000|MMI|3.62|Docusate Sodium 100 MG|C3153447|[clnd]|["Docusate Sodium 100 MG"-tx-63-"Colace 100 mg"-noun-0]|TX|4436/13|
00000000|MMI|3.62|Replacement of mitral valve (procedure)|C0026268|[topp]|["MITRAL VALVE REPLACEMENT"-tx-25-"mitral valve replacement"-noun-0]|TX|1444/24|
00000000|MMI|3.61|Batch (Response Modality)|C1550176|[inpr]|["Batch"-tx-75-"Batch"-noun-0]|TX|5016/5|
00000000|MMI|3.61|Batch (group)|C1948031|[qnco]|["Batch"-tx-75-"Batch"-noun-0]|TX|5016/5|
00000000|MMI|3.61|Batch Number|C3641829|[inpr]|["BATCH"-tx-75-"Batch"-noun-0]|TX|5016/5|
00000000|MMI|3.61|Caucasians|C0043157|[popg]|["WHITE"-tx-49-"white"-adj-0]|TX|2536/5|
00000000|MMI|3.61|Count|C0750480|[qnco]|["Count"-tx-49-"count"-noun-0]|TX|2542/5|
00000000|MMI|3.61|Count Dosing Unit|C1705566|[qnco]|["COUNT"-tx-49-"count"-noun-0]|TX|2542/5|
00000000|MMI|3.61|White color|C0220938|[qlco]|["WHITE"-tx-49-"white"-adj-0]|TX|2536/5|
00000000|MMI|3.59|Back structure, excluding neck|C1995000|[blor]|["Back, NOS"-tx-2-"back"-adj-0]|TX|260/4|
00000000|MMI|3.59|Back structure, including back of neck|C0460009|[blor]|["Back"-tx-2-"back"-adj-0]|TX|260/4|
00000000|MMI|3.59|Dorsal|C0205095|[spco]|["BACK"-tx-2-"back"-adj-0]|TX|260/4|
00000000|MMI|3.59|Evidence|C3887511|[idcn]|["Evidence"-tx-45-"evidence"-noun-0]|TX|2335/8|
00000000|MMI|3.59|Greater Than|C0439093|[qnco]|["Greater Than"-tx-61-"greater than"-adj-0]|TX|4189/12|
00000000|MMI|3.59|Started|C1272689|[qlco]|["Started"-tx-53-"started"-verb-0]|TX|3113/7|
00000000|MMI|3.59|allergic|C0700624|[ftcn]|["Allergic"-tx-37-"allergic"-adj-0]|TX|1851/8|
00000000|MMI|3.59|Pain NOS Adverse Event|C1962977|[fndg]|["Pain NOS"-tx-69-"pain"-noun-0]|TX|4643/4|
00000000|MMI|3.58|Normal bowel habits|C0278007|[sosy]|["Normal Bowel movements"-tx-6-"normal bowel movements"-noun-0]|TX|853/22|
00000000|MMI|3.57|Mitral valvotomy|C0190080|[topp]|["MITRAL COMMISSUROTOMY"-tx-30-"mitral commissurotomy"-noun-0]|TX|1536/6,1549/14|
00000000|MMI|3.57|Apply|C4048755|[ftcn]|["Applied"-tx-62-"applied"-verb-0]|TX|4378/7|
00000000|MMI|3.57|Complication|C0009566|[patf]|["Complications"-tx-58-"complications"-noun-1]|TX|3866/13|
00000000|MMI|3.57|Entire vagina|C1278985|[bpoc]|["Vagina"-tx-62-"vagina"-noun-0]|TX|4393/6|
00000000|MMI|3.57|Floor (anatomic)|C3714591|[anst]|["Floor"-tx-59-"floor"-noun-0]|TX|3991/5|
00000000|MMI|3.57|Floor - story of building|C1547707|[geoa]|["Floor"-tx-59-"floor"-noun-0]|TX|3991/5|
00000000|MMI|3.57|Gradual|C0439833|[qlco]|["Gradual"-tx-61-"gradual"-adj-0]|TX|4162/7|
00000000|MMI|3.57|Nausea Adverse Event|C1963179|[patf]|["Nausea"-tx-6-"nausea"-noun-1]|TX|797/6|
00000000|MMI|3.57|Observed|C1441672|[ftcn]|["Observed"-tx-59-"observed"-verb-0]|TX|3975/8|
00000000|MMI|3.57|Room of building - Study|C0557651|[mnob]|["Study"-tx-49-"studies"-verb-0]|TX|2566/7|
00000000|MMI|3.57|Scientific Study|C0947630|[lbpr]|["studies"-tx-49-"studies"-verb-0]|TX|2566/7|
00000000|MMI|3.57|Study|C2603343|[resa]|["Study"-tx-49-"studies"-verb-0]|TX|2566/7|
00000000|MMI|3.57|Surgical transfer - action|C0348011|[ftcn]|["transferred"-tx-59-"transferred"-verb-0]|TX|3904/11|
00000000|MMI|3.57|Tender|C0234234|[qlco]|["Tender"-tx-45-"tender"-noun-0]|TX|2277/6|
00000000|MMI|3.57|Transfer Technique|C1705822|[ftcn]|["Transferred"-tx-59-"transferred"-verb-0]|TX|3904/11|
00000000|MMI|3.57|floor (object)|C0016249|[mnob]|["Floor"-tx-59-"floor"-noun-0]|TX|3991/5|
00000000|MMI|3.56|Hospital admission Dx:Impression/interpretation of study:Point in time:^Patient:Nominal|C0488547|[clna]|["admitted diagnosis"-tx-7-"admitted diagnosis"-noun-0]|TX|985/8,1003/9|
00000000|MMI|3.56|Elderly woman|C0524338|[aggp]|["Elderly woman"-tx-38-"elderly woman"-noun-0]|TX|1939/13|
00000000|MMI|3.56|GORAB gene|C1822658|[gngm]|["GO"-tx-56-"go"-verb-0]|TX|3636/2|
00000000|MMI|3.56|Taken|C1883727|[cnce]|["Taken"-tx-57-"taken"-verb-0]|TX|3720/5|
00000000|MMI|3.56|Umbilical hernia|C0019322|[anab]|["HERNIA, UMBILICAL"-tx-44-"umbilical hernia"-noun-0]|TX|2204/16|
00000000|MMI|3.56|Left Hernia|C0281892|[anab]|["Left Hernia"-tx-44-"hernia left"-noun-0]|TX|2214/6,2228/4|
00000000|MMI|3.55|Adjacent|C0205117|[spco]|["next"-tx-60-"next"-adj-0]|TX|4096/4|
00000000|MMI|3.55|Commissurotomy of Heart Valves|C0190069|[topp]|["Commissurotomy"-tx-30-"commissurotomy"-noun-0]|TX|1549/14|
00000000|MMI|3.55|Continuous|C0549178|[idcn]|["Continued"-tx-60-"continued"-verb-0]|TX|4078/9|
00000000|MMI|3.55|Diagnosis|C0011900|[fndg]|["DIAGNOSIS"-tx-51-"diagnosis"-noun-0]|TX|2704/9|E01
00000000|MMI|3.55|Diagnosis Study|C1704656|[resa]|["DIAGNOSIS"-tx-51-"diagnosis"-noun-0]|TX|2704/9|
00000000|MMI|3.55|Following|C0332282|[tmco]|["Next"-tx-60-"next"-adj-0]|TX|4096/4|
00000000|MMI|3.55|Three|C0205449|[qnco]|["Three"-tx-60-"three"-word_numeral-0]|TX|4101/5|
00000000|MMI|3.54|Dosage|C0178602|[qnco]|["DOSE"-tx-61-"dose"-noun-0]|TX|4265/4|
00000000|MMI|3.54|Dose number:Number:Point in time:^Patient:Quantitative|C1114758|[clna]|["Dose #"-tx-61-"dose"-noun-0]|TX|4265/4|
00000000|MMI|3.54|Initially|C0205265|[tmco]|["Initially"-tx-7-"initially"-adv-0]|TX|925/9|
00000000|MMI|3.54|Unit dose|C0869039|[qnco]|["Dose"-tx-61-"dose"-noun-0]|TX|4265/4|
00000000|MMI|3.54|About The Same|C2346711|[qlco]|["Unchanged"-tx-56-"unchanged"-adj-0]|TX|3581/9|
00000000|MMI|3.54|No status change|C0442739|[fndg]|["Unchanged"-tx-56-"unchanged"-adj-0]|TX|3581/9|
00000000|MMI|3.54|Restart|C1514902|[qlco]|["Restart"-tx-60-"restarted"-verb-0]|TX|4019/9|
00000000|MMI|3.53|Right ventricular structure|C0225883|[bpoc]|["right Ventricular"-tx-55-"right ventricular"-adj-0]|TX|3438/17|
00000000|MMI|3.50|All of the Time|C3812891|[inpr]|["Always"-tx-4-"always"-adv-0]|TX|652/6|
00000000|MMI|3.50|Always (frequency)|C2003902|[tmco]|["Always"-tx-4-"always"-adv-0]|TX|652/6|
00000000|MMI|3.50|Before|C0332152|[tmco]|["Preceding"-tx-5-"preceding"-adj-0]|TX|690/9|
00000000|MMI|3.50|Entire neck|C1281592|[bpoc]|["Neck"-tx-41-"NECK"-noun-0]|TX|2067/4|
00000000|MMI|3.50|Estrogen [EPC]|C2936882|[phsu]|["Estrogen"-tx-62-"Estrogen"-noun-0]|TX|4346/8|
00000000|MMI|3.50|Neurologic (qualifier value)|C0205494|[qlco]|["NEUROLOGIC"-tx-48-"NEUROLOGIC"-adj-0]|TX|2436/10|
00000000|MMI|3.50|Preoperative|C0445204|[tmco]|["Preoperative"-tx-49-"Preoperative"-adj-0]|TX|2458/12|
00000000|MMI|3.50|Sublingual location|C0558302|[blor]|["Sublingual"-tx-31-"sublingual"-adj-0]|TX|1620/10|
00000000|MMI|3.50|dendritic spine neck|C3159206|[celc]|["neck"-tx-41-"NECK"-noun-0]|TX|2067/4|
00000000|MMI|3.48|Artificial (qualifier value)|C2004457|[qlco]|["Artificial"-tx-55-"artificial"-adj-0]|TX|3469/10|
00000000|MMI|3.48|Possible|C0332149|[qlco]|["Possible"-tx-52-"possible"-adj-0]|TX|2962/8|
00000000|MMI|3.48|Possible diagnosis|C2362652|[qlco]|["Possible"-tx-52-"possible"-adj-0]|TX|2962/8|
00000000|MMI|3.48|Possibly Related to Intervention|C1705910|[qlco]|["Possible"-tx-52-"possible"-adj-0]|TX|2962/8|
00000000|MMI|3.48|Recovery - action|C0237820|[acty]|["RECOVERY"-tx-59-"recovery"-noun-0]|TX|3957/8|
00000000|MMI|3.48|Recovery - healing process|C2004454|[orgf]|["RECOVERY"-tx-59-"recovery"-noun-0]|TX|3957/8|
00000000|MMI|3.48|recovery - adjustment|C1555688|[qnco]|["recovery"-tx-59-"recovery"-noun-0]|TX|3957/8|
00000000|MMI|3.47|Primary physician|C1508823|[prog]|["Primary Medical doctor"-tx-71-"primary medical doctor"-noun-0]|TX|4870/22|
00000000|MMI|3.47|Abnormal|C0205161|[qlco]|["ABNORMAL"-tx-55-"abnormal"-adj-0]|TX|3349/8|
00000000|MMI|3.47|Abnormal Reference Range|C2699333|[inpr]|["ABNORMAL"-tx-55-"abnormal"-adj-0]|TX|3349/8|
00000000|MMI|3.47|Cardiac - anatomy qualifier|C1522601|[spco]|["Cardiac"-tx-54-"cardiac"-adj-0]|TX|3202/7|
00000000|MMI|3.47|Event Seriousness - Significant|C1546944|[qlco]|["Significant"-tx-54-"significant"-adj-0]|TX|3185/11|
00000000|MMI|3.47|Legal Adult|C1706450|[humn]|["Adult"-tx-2-"adult"-noun-0]|TX|389/5|
00000000|MMI|3.47|Onset of (contextual qualifier)|C0332162|[qlco]|["Onset"-tx-2-"onset"-noun-0]|TX|383/5|
00000000|MMI|3.47|Percent of Abnormal Cells|C2347472|[qnco]|["% Abnormal"-tx-55-"abnormal"-adj-0]|TX|3349/8|
00000000|MMI|3.47|Significant|C0750502|[idcn]|["Significant"-tx-54-"significant"-adj-0]|TX|3185/11|
00000000|MMI|3.47|Statistical Significance|C0237881|[qnco]|["significant"-tx-54-"significant"-adj-0]|TX|3185/11|
00000000|MMI|3.46|Crest|C2948667|[phsu]|["Crest"-tx-2-"Cristal"-adj-0]|TX|88/7|
00000000|MMI|3.46|Ridging|C0332243|[ftcn]|["crests"-tx-2-"Cristal"-adj-0]|TX|88/7|
00000000|MMI|3.46|crest - location|C1947915|[spco]|["Crest"-tx-2-"Cristal"-adj-0]|TX|88/7|
00000000|MMI|3.45|80%|C3842583|[fndg]|["80%"-tx-64-"80"-integer-0]|TX|4470/2|
00000000|MMI|3.45|Acetaminophen 650 MG|C0982960|[clnd]|["Acetaminophen 650 MG"-tx-62-"Tylenol 650 mg"-noun-0]|TX|4295/14|
00000000|MMI|3.45|Necrotic changes (finding)|C1334928|[fndg]|["Necrosis"-tx-45-"necrosis"-noun-1]|TX|2347/8|
00000000|MMI|3.45|Four|C0205450|[qnco]|["Four"-tx-62-"four"-word_numeral-0]|TX|4317/4|
00000000|MMI|3.45|Percocet|C0086787|[orch,phsu]|["Percocet"-tx-69-"Percocet"-noun-0]|TX|4606/8|
00000000|MMI|3.45|Tablet Dosing Unit|C1705223|[qnco]|["Tab"-tx-69-"tabs"-noun-0]|TX|4619/4|
00000000|MMI|3.45|Level 2|C0456948|[inpr]|["Level 2"-tx-61-"2 level"-noun-0]|TX|4202/7|
00000000|MMI|3.43|60%|C3842585|[fndg]|["60%"-tx-9-"60"-percentage-0]|TX|1197/2|
00000000|MMI|3.43|Minimum|C1524031|[qlco]|["Trace"-tx-55-"trace"-noun-0]|TX|3381/5|
00000000|MMI|3.43|Sequence Chromatogram|C1883002|[ftcn]|["Trace"-tx-55-"trace"-noun-0]|TX|3381/5|
00000000|MMI|3.43|trace amount|C0442822|[qnco]|["Trace"-tx-55-"trace"-noun-0]|TX|3381/5|
00000000|MMI|3.42|Character String Data Type|C3272372|[inpr]|["ST"-tx-25-"St"-noun-0]|TX|1474/2|
00000000|MMI|3.42|Recent|C0332185|[tmco]|["Recent"-tx-9-"recent"-adj-0]|TX|1147/6|
00000000|MMI|3.42|Approximate|C0332232|[qlco]|["Approximately"-tx-44-"approximately"-adv-0]|TX|2171/13|
00000000|MMI|3.42|Distress|C0231303|[menp]|["Distress"-tx-38-"distress"-noun-1]|TX|1965/8|
00000000|MMI|3.42|Entire abdomen|C1281594|[bpoc]|["Abdomen"-tx-44-"ABDOMEN"-noun-0]|TX|2124/7|
00000000|MMI|3.42|Entire fascia|C1279051|[bpoc]|["Fascia"-tx-57-"fascia"-noun-0]|TX|3822/6|
00000000|MMI|3.42|Extreme|C0205403|[qlco]|["Extremely"-tx-38-"extremely"-adv-0]|TX|1920/9|
00000000|MMI|3.42|Non-tender|C0520960|[qlco]|["Nontender"-tx-44-"nontender"-adj-0]|TX|2141/9|
00000000|MMI|3.42|Pleasant|C2987187|[menp]|["Pleasant"-tx-38-"pleasant"-adj-1]|TX|1930/8|
00000000|MMI|3.42|SHORT STATURE, ONYCHODYSPLASIA, FACIAL DYSMORPHISM, AND HYPOTRICHOSIS SYNDROME|C3542022|[dsyn]|["SOFT"-tx-44-"soft"-adj-0]|TX|2134/4|
00000000|MMI|3.42|Soft|C0205358|[qlco]|["Soft"-tx-44-"soft"-adj-0]|TX|2134/4|
00000000|MMI|3.42|acute|C0205178|[tmco]|["ACUTE"-tx-38-"acute"-adj-0]|TX|1959/5|
00000000|MMI|3.42|AMH gene|C1412384|[gngm]|["MIS"-tx-2-"MIs"-noun-0]|TX|215/3|
00000000|MMI|3.42|AMH wt Allele|C3538735|[gngm]|["MIS"-tx-2-"MIs"-noun-0]|TX|215/3|
00000000|MMI|3.42|DHX16 gene|C1333208|[gngm]|["MIS"-tx-2-"MIs"-noun-0]|TX|215/3|
00000000|MMI|3.42|Diameter (qualifier value)|C1301886|[qnco]|["DIAMETER"-tx-44-"diameter"-noun-0]|TX|2195/8|
00000000|MMI|3.42|Entire umbilicus|C1280744|[bpoc]|["Umbilicus"-tx-44-"umbilicus"-noun-0]|TX|2240/9|
00000000|MMI|3.42|Mullerian duct inhibiting substance|C0687670|[aapp,horm]|["MIS"-tx-2-"MIs"-noun-0]|TX|215/3|
00000000|MMI|3.42|Myocardial Infarction ECG Assessment|C3810814|[diap]|["MI"-tx-9-"MI"-noun-0]|TX|1115/2|
00000000|MMI|3.42|Problem|C0033213|[fndg]|["Problem"-tx-6-"problem"-noun-0]|TX|901/7|
00000000|MMI|3.42|Problem:Find:Pt:^Patient:Nom|C3854081|[clna]|["Problem"-tx-6-"problem"-noun-0]|TX|901/7|
00000000|MMI|3.42|Umbilicus Genus|C1040830|[plnt]|["Umbilicus"-tx-44-"umbilicus"-noun-0]|TX|2240/9|
