00000000|MMI|7.28|Signature|C1519316|[inpr]|["Signed"-tx-1-"Signed"-noun-0]|TX|[84/6],[141/6]|
00000000|MMI|7.28|signed - ParticipationSignature|C1561610|[inpr]|["signed"-tx-1-"Signed"-noun-0]|TX|[84/6],[141/6]|
00000000|MMI|3.65|Report status|C0586177|[fndg]|["Report status"-tx-1-"Report Status"-noun-0]|TX|126/13|
00000000|MMI|3.63|Admission date:Time Stamp -- Date and Time:Point in time:^Patient:Quantitative|C2598112|[clna]|["Admission date"-tx-1-"Admission Date"-noun-0]|TX|99/14|
00000000|MMI|3.63|Date of admission|C1302393|[tmco]|["Admission date"-tx-1-"Admission Date"-noun-0]|TX|99/14|
00000000|MMI|3.59|Pyrexia of unknown origin (excl puerperal)|C0856281|[sosy]|["puo"-tx-1-"PUO"-noun-0]|TX|12/3|
00000000|MMI|3.48|Discharge summarization note:Finding:Point in time:{Setting}:Document:{Provider}|C0801840|[clna]|["Discharge summary"-tx-1-"Discharge Summary"-noun-0]|TX|64/17|
00000000|MMI|3.48|Discharge summary|C0743221|[inpr]|["Discharge summary"-tx-1-"Discharge Summary"-noun-0]|TX|64/17|
00000000|MMI|3.46|10%|C3842590|[fndg]|["10%"-tx-1-"10"-fraction-0]|TX|115/2|
00000000|MMI|3.46|Diagnostic interview schedule|C0451119|[inpr]|["DIS"-tx-1-"DIS"-noun-0]|TX|93/3|
00000000|MMI|3.46|Discontinued|C1444662|[fndg]|["DIS"-tx-1-"DIS"-noun-0]|TX|93/3|
00000000|MMI|91.52|Patients|C0030705|[podg]|["*^patient"-tx-22-"patient"-noun-0,"*^patient"-tx-21-"patient"-noun-0,"*^patient"-tx-18-"patient"-noun-0,"*^patient"-tx-17-"patient"-noun-0,"*^patient"-tx-13-"patient"-noun-0,"*^patient"-tx-11-"patient"-noun-0,"*^patient"-tx-9-"patient"-noun-0,"*^patient"-tx-7-"patient"-noun-0,"*^patient"-tx-3-"patient"-noun-0]|TX|2189/7;2109/7;1802/7;1682/7;1483/7;1263/7;771/7;588/7;136/7|M01.643
00000000|MMI|80.06|Patient Discharge|C0030685|[hlca]|["Discharge"-tx-24-"discharge"-noun-0,"Discharge"-tx-21-"discharge"-noun-0,"Discharge"-tx-19-"DISCHARGE"-noun-0,"Discharged"-tx-17-"discharged"-verb-0]|TX|2257/9;2173/9;1848/9;1750/10|E02.204.125;E02.760.400.610;N02.421.192.125;N02.421.585.400.610;N04.590.233.727.210.125
00000000|MMI|56.89|Abortion consent:Finding:Point in time:^Patient:Document|C2360836|[clna]|["Patient"-tx-22-"patient"-noun-0,"Patient"-tx-21-"patient"-noun-0,"Patient"-tx-18-"patient"-noun-0,"Patient"-tx-17-"patient"-noun-0,"Patient"-tx-13-"patient"-noun-0,"Patient"-tx-11-"patient"-noun-0,"Patient"-tx-9-"patient"-noun-0,"Patient"-tx-7-"patient"-noun-0,"Patient"-tx-3-"patient"-noun-0]|TX|2189/7;2109/7;1802/7;1682/7;1483/7;1263/7;771/7;588/7;136/7|
00000000|MMI|56.89|Hysterectomy consent:Finding:Point in time:^Patient:Document|C2360838|[clna]|["Patient"-tx-22-"patient"-noun-0,"Patient"-tx-21-"patient"-noun-0,"Patient"-tx-18-"patient"-noun-0,"Patient"-tx-17-"patient"-noun-0,"Patient"-tx-13-"patient"-noun-0,"Patient"-tx-11-"patient"-noun-0,"Patient"-tx-9-"patient"-noun-0,"Patient"-tx-7-"patient"-noun-0,"Patient"-tx-3-"patient"-noun-0]|TX|2189/7;2109/7;1802/7;1682/7;1483/7;1263/7;771/7;588/7;136/7|
00000000|MMI|56.89|Sterilization consent:Finding:Point in time:^Patient:Document|C2360840|[clna]|["Patient"-tx-22-"patient"-noun-0,"Patient"-tx-21-"patient"-noun-0,"Patient"-tx-18-"patient"-noun-0,"Patient"-tx-17-"patient"-noun-0,"Patient"-tx-13-"patient"-noun-0,"Patient"-tx-11-"patient"-noun-0,"Patient"-tx-9-"patient"-noun-0,"Patient"-tx-7-"patient"-noun-0,"Patient"-tx-3-"patient"-noun-0]|TX|2189/7;2109/7;1802/7;1682/7;1483/7;1263/7;771/7;588/7;136/7|
00000000|MMI|49.37|Diabetes Mellitus, Non-Insulin-Dependent|C0011860|[dsyn]|["Noninsulin dependent diabetes mellitus"-tx-5-"non-insulin-dependent diabetes mellitus"-noun-0,"ADULT ONSET DIABETES MELLITUS"-tx-4-"adult-onset diabetes mellitus"-noun-0,"Noninsulin dependent diabetes mellitus"-tx-2-"NON-INSULIN-DEPENDENT DIABETES MELLITUS"-noun-0]|TX|457/39;313/29;62/39|C18.452.394.750.149;C19.246.300
00000000|MMI|39.59|Oral cavity|C0226896|[bsoj]|["MOUTH"-tx-20-"mouth"-noun-0]|TX|[1932/5],[2005/5],[2051/5]|A01.456.505.631;A03.556.500;A14.549
00000000|MMI|32.91|Cardiac Catheterization Procedures|C0018795|[hlca]|["Cardiac catheterisation"-tx-11-"cardiac catheterization"-noun-0,"Cardiac catheterisation"-tx-9-"cardiac catheterization"-noun-0]|TX|1233/23;877/23|E01.370.370.380.140;E02.148.442;E05.157.250
00000000|MMI|26.38|Diabetes Mellitus|C0011849|[dsyn]|["non insulin dependent diabetes Mellitus"-tx-5-"non-insulin-dependent diabetes mellitus"-noun-0,"non insulin dependent diabetes Mellitus"-tx-2-"NON-INSULIN-DEPENDENT DIABETES MELLITUS"-noun-0]|TX|457/39;62/39|C18.452.394.750;C19.246
00000000|MMI|25.61|Diurese|C0719972|[orch,phsu]|["Diurese"-tx-15-"diuresed"-verb-0]|TX|1579/8|D02.886.590.700.135.261.476.716;D02.886.655.500.261.476.716;D03.438.174.261.476.716
00000000|MMI|22.54|diagnosis aspect|C1704338|[qlco]|["diagnosis"-tx-1-"DIAGNOSIS"-noun-0]|TX|25/9|x.x.x.x.x.x.x
00000000|MMI|22.48|Body Weight|C0005910|[orga]|["Weight"-tx-15-"weight"-noun-0]|TX|1608/6|C23.888.144;E01.370.600.115.100.160.120;E05.041.124.160.750;G07.100.100.160.120;G07.700.320.249.314.120
00000000|MMI|22.47|therapeutic aspects|C0039798|[ftcn]|["treatment"-tx-11-"treatment"-noun-0]|TX|1332/9|x.x.x.x.x.x.x
00000000|MMI|19.20|Lopressor|C0700776|[orch,phsu]|["Lopressor"-tx-20-"Lopressor"-noun-0]|TX|1978/9|D02.033.100.624.698.573;D02.033.755.624.698.573;D02.092.063.624.698.573
00000000|MMI|17.80|Coronary Arteriosclerosis|C0010054|[dsyn]|["coronary artery disease"-tx-1-"CORONARY ARTERY DISEASE"-noun-0]|TX|36/23|C14.280.647.250.260;C14.907.137.126.339;C14.907.585.250.260
00000000|MMI|17.80|Coronary Artery Disease|C1956346|[dsyn]|["CORONARY ARTERY DISEASE"-tx-1-"CORONARY ARTERY DISEASE"-noun-0]|TX|36/23|C14.280.647.250.260;C14.907.137.126.339;C14.907.585.250.260
00000000|MMI|17.80|Togo|C0040363|[geoa]|["TO"-tx-8-"to"-adv-0]|TX|652/2|Z01.058.290.190.800
00000000|MMI|17.80|Tryptophanase|C0041260|[aapp,enzy]|["TO"-tx-8-"to"-adv-0]|TX|652/2|D08.811.520.224.800
00000000|MMI|16.24|Coronary Artery Bypass Surgery|C0010055|[topp]|["Coronary Artery Bypass Grafting"-tx-12-"coronary artery bypass grafting"-noun-0]|TX|1425/31|E04.100.376.719.332;E04.100.814.868.750;E04.928.220.520.220
00000000|MMI|16.18|Fasting|C0015663|[fndg]|["Fast"-tx-17-"fast"-adv-0]|TX|1711/4|F01.145.407.400;G07.203.650.240.587;G07.203.650.353.400
00000000|MMI|16.17|Left Ventricular Function|C0080310|[ortf]|["Left Ventricular Function"-tx-10-"left ventricular function"-noun-0]|TX|1172/25|G09.330.190.962.800
00000000|MMI|16.09|Postoperative Period|C0032790|[tmco]|["Postoperative"-tx-16-"postoperative"-adj-0]|TX|1629/13|E04.614.750;N02.421.585.753.750
00000000|MMI|16.06|Mastodynia|C0024902|[sosy]|["Pain of breast"-tx-4-"of chest pain"-noun-0]|TX|385/2,392/10|C10.597.617.229;C23.888.592.612.530;F02.830.816.308;G11.561.600.810.308
00000000|MMI|16.05|Dominican Republic|C0013014|[geoa]|["DR"-tx-22-"Dr"-noun-0]|TX|2221/2|Z01.107.084.900.300;Z01.639.880.300
00000000|MMI|16.05|Pain|C0030193|[sosy]|["PAIN"-tx-20-"pain"-noun-0]|TX|1971/4|C10.597.617;C23.888.592.612;F02.830.816.444;G11.561.600.810.444
00000000|MMI|16.05|Micronase|C0700712|[orch,phsu]|["Micronase"-tx-20-"Micronase"-noun-0]|TX|2025/9|D02.886.590.795.575;D02.948.828.575
00000000|MMI|15.79|Daily|C0332173|[tmco]|["/day"-tx-20-"day"-noun-0]|TX|[2019/3],[2062/3],[2099/3]|
00000000|MMI|15.79|day|C0439228|[tmco]|["DAY"-tx-20-"day"-noun-0]|TX|[2019/3],[2062/3],[2099/3]|
00000000|MMI|15.79|per day|C0439505|[tmco]|["/day"-tx-20-"day"-noun-0]|TX|[2019/3],[2062/3],[2099/3]|
00000000|MMI|14.64|Coronary heart disease|C0010068|[dsyn]|["Coronary (artery) disease"-tx-1-"CORONARY ARTERY DISEASE"-noun-0]|TX|36/23|C14.280.647.250;C14.907.585.250
00000000|MMI|14.64|Lead|C0023175|[elii,hops]|["???lead"-tx-8-"leads"-verb-0]|TX|759/5|D01.268.556.435;D01.552.544.435;x.x.x.x
00000000|MMI|13.22|Heart|C0018787|[bpoc]|["Cardiac"-tx-24-"cardiac"-adj-0,"coronary"-tx-11-"coronary"-noun-0]|TX|2275/7;1349/8|A07.541
00000000|MMI|13.00|Drug Tolerance|C0013220|[fndg]|["Tolerance"-tx-8-"tolerance"-noun-0]|TX|680/9|G07.690.773.992
00000000|MMI|13.00|Immune Tolerance|C0020963|[patf]|["Tolerance"-tx-8-"tolerance"-noun-0]|TX|680/9|G12.425.746.425
00000000|MMI|12.90|Physicians|C0031831|[prog]|["DR"-tx-22-"Dr"-noun-0]|TX|2221/2|M01.526.485.810;N02.360.810
00000000|MMI|10.93|Body Fluid Discharge|C0012621|[bdsu]|["Discharge"-tx-24-"discharge"-noun-0,"Discharge"-tx-21-"discharge"-noun-0,"Discharge"-tx-19-"DISCHARGE"-noun-0]|TX|2257/9;2173/9;1848/9|
00000000|MMI|10.93|Discharge, body substance|C2926602|[bdsu]|["Discharge"-tx-24-"discharge"-noun-0,"Discharge"-tx-21-"discharge"-noun-0,"Discharge"-tx-19-"DISCHARGE"-noun-0]|TX|2257/9;2173/9;1848/9|
00000000|MMI|10.75|Entire mouth region|C1267547|[blor]|["Mouth, NOS"-tx-20-"mouth"-noun-0]|TX|[1932/5],[2005/5],[2051/5]|
00000000|MMI|10.75|Entire oral cavity|C1278910|[blor]|["Mouth"-tx-20-"mouth"-noun-0]|TX|[1932/5],[2005/5],[2051/5]|
00000000|MMI|10.75|Oral region|C0230028|[blor]|["Mouth"-tx-20-"mouth"-noun-0]|TX|[1932/5],[2005/5],[2051/5]|
00000000|MMI|10.42|Doctor of Medicine|C1512018|[inpr]|["M.D."-tx-27-"M.D"-noun-0,"M.D."-tx-26-"M.D"-noun-0]|TX|2429/3;2335/3|
00000000|MMI|10.06|Drug Allergy|C0013182|[dsyn]|["Drug Allergies"-tx-6-"drug allergies"-noun-1]|TX|550/14|C20.543.206;C25.100.468
00000000|MMI|9.90|Complication Aspects|C1171258|[patf]|["complications"-tx-16-"complications"-noun-1]|TX|1662/13|x.x.x
00000000|MMI|9.90|Disease|C0012634|[dsyn]|["condition"-tx-19-"CONDITION"-noun-0]|TX|1835/9|C23.550.288
00000000|MMI|9.88|Appointments|C0003629|[idcn]|["Appointment"-tx-22-"appointment"-noun-0]|TX|2204/11|N04.452.095
00000000|MMI|9.87|Universities|C0041740|[mnob,orgt]|["University"-tx-3-"University"-noun-0]|TX|198/10|I02.783.830
00000000|MMI|9.85|Stenosis|C1261287|[patf]|["Stenosis"-tx-10-"stenosis"-noun-0]|TX|949/8|C23.300.287
00000000|MMI|9.73|Historical aspects qualifier|C0019665|[ftcn]|["history"-tx-5-"history"-noun-0]|TX|446/7|x.x.x
00000000|MMI|8.34|Hypersensitivity|C0020517|[patf]|["Allergies"-tx-6-"ALLERGIES"-noun-0]|TX|526/9|C20.543
00000000|MMI|7.57|Room of building - Study|C0557651|[mnob]|["Study"-tx-10-"study"-noun-0]|TX|[928/5],[1198/5]|
00000000|MMI|7.57|Study|C2603343|[resa]|["Study"-tx-10-"study"-noun-0]|TX|[928/5],[1198/5]|
00000000|MMI|7.36|Good|C0205170|[qlco]|["Good"-tx-19-"good"-adj-0,"Well"-tx-13-"well"-adv-0]|TX|1862/4;1515/4|
00000000|MMI|7.34|Type II Diabetes Mellitus Pathway|C2984301|[ftcn]|["non insulin dependent diabetes mellitus"-tx-5-"non-insulin-dependent diabetes mellitus"-noun-0,"non insulin dependent diabetes mellitus"-tx-2-"NON-INSULIN-DEPENDENT DIABETES MELLITUS"-noun-0]|TX|457/39;62/39|
00000000|MMI|7.21|History of present illness|C0262512|[orga]|["History, NOS"-tx-5-"history"-noun-0,"HISTORY OF PRESENT ILLNESS"-tx-3-"HISTORY OF PRESENT ILLNESS"-noun-0]|TX|446/7;104/26|
00000000|MMI|7.21|Medical History|C0262926|[fndg]|["History"-tx-5-"history"-noun-1,"Past Medical History"-tx-5-"PAST MEDICAL HISTORY"-noun-0]|TX|446/7;405/20|
00000000|MMI|7.21|week|C0439230|[tmco]|["WEEKS"-tx-24-"weeks"-noun-0,"WEEK"-tx-21-"week"-noun-0]|TX|2245/5;2158/4|
00000000|MMI|7.21|work up|C0750430|[diap]|["Work-up"-tx-7-"work-up"-noun-0,"Work-up"-tx-4-"work-up"-noun-0]|TX|606/7;377/7|
00000000|MMI|7.17|Admission activity|C0809949|[hlca]|["Admitted"-tx-4-"admitted"-verb-0,"Admitted"-tx-3-"admitted"-verb-0]|TX|351/8;179/8|
00000000|MMI|7.17|Hospital admission|C0184666|[hlca]|["admitted"-tx-4-"admitted"-verb-0,"admitted"-tx-3-"admitted"-verb-0]|TX|351/8;179/8|
00000000|MMI|7.15|Anterior descending branch of left coronary artery|C0226032|[bpoc]|["Left Anterior Descending Coronary Artery"-tx-10-"left anterior descending coronary artery"-noun-0]|TX|[1009/40],[1069/40]|
00000000|MMI|7.15|milligram|C0439210|[qnco]|["milligrams"-tx-20-"milligrams"-noun-0]|TX|[1991/10],[2037/10]|
00000000|MMI|7.03|60%|C3842585|[fndg]|["60%"-tx-10-"60"-percentage-0]|TX|[1054/2],[1112/2]|
00000000|MMI|6.89|November|C3828767|[tmco]|["November"-tx-12-"November"-noun-0,"November"-tx-9-"November"-noun-0]|TX|1466/8;910/8|
00000000|MMI|6.72|Time|C0040223|[tmco]|["TIME"-tx-4-"time"-noun-0]|TX|368/4|G01.910
00000000|MMI|6.57|History|C0019664|[ocdi]|["History"-tx-5-"history"-noun-0]|TX|446/7|K01.400
00000000|MMI|5.18|Cardiac Lead Procedure|C3275067|[topp]|["LEAD"-tx-8-"leads"-verb-0]|TX|759/5|
00000000|MMI|5.18|Dietary Lead|C2348269|[elii]|["Lead"-tx-8-"leads"-verb-0]|TX|759/5|
00000000|MMI|5.18|Discharge date|C2361123|[tmco]|["Discharge date"-tx-1-"Discharge Date"-noun-0]|TX|0/14|
00000000|MMI|5.18|Discharge date:Time Stamp -- Date and Time:Point in time:^Patient:Quantitative|C2361122|[clna]|["Discharge date"-tx-1-"Discharge Date"-noun-0]|TX|0/14|
00000000|MMI|5.18|Disposition|C0743223|[idcn]|["Disposition"-tx-18-"DISPOSITION"-noun-0]|TX|1785/11|
00000000|MMI|5.18|Disposition Domain|C1705555|[inpr]|["Disposition"-tx-18-"DISPOSITION"-noun-0]|TX|1785/11|
00000000|MMI|5.18|Following|C0332282|[tmco]|["Following"-tx-21-"following"-verb-0]|TX|2163/9|
00000000|MMI|5.18|Hemodynamically stable|C0578150|[fndg]|["Hemodynamically stable"-tx-14-"hemodynamically stable"-adj-0]|TX|1547/22|
00000000|MMI|5.18|History of present illness:Finding:Point in time:^Patient:Nominal:Reported|C0488508|[clna]|["History of present illness"-tx-3-"HISTORY OF PRESENT ILLNESS"-noun-0]|TX|104/26|
00000000|MMI|5.18|Hospital course|C0489547|[fndg]|["Hospital course"-tx-7-"HOSPITAL COURSE"-noun-0]|TX|567/15|
00000000|MMI|5.18|Hospital course:Finding:Point in time:^Patient:Narrative|C0488549|[clna]|["Hospital course"-tx-7-"HOSPITAL COURSE"-noun-0]|TX|567/15|
00000000|MMI|5.18|Including (qualifier)|C0332257|[ftcn]|["included"-tx-20-"included"-verb-0]|TX|1894/8|
00000000|MMI|5.18|Increase|C0442805|[ftcn]|["Increased"-tx-3-"increased"-verb-0]|TX|267/9|
00000000|MMI|5.18|Increased|C0205217|[qnco]|["Increased"-tx-3-"increased"-verb-0]|TX|267/9|
00000000|MMI|5.18|Leading|C1522538|[ftcn]|["Lead"-tx-8-"leads"-verb-0]|TX|759/5|
00000000|MMI|5.18|Leads (device)|C0181586|[medd]|["leads"-tx-8-"leads"-verb-0]|TX|759/5|
00000000|MMI|5.18|Negation|C1518422|[ftcn]|["Not"-tx-10-"not"-adv-0]|TX|1208/3|
00000000|MMI|5.18|Obtain|C1301820|[ftcn]|["Obtained"-tx-10-"obtained"-verb-0]|TX|1212/8|
00000000|MMI|5.18|PMH - past medical history|C0455458|[fndg]|["Past medical history"-tx-5-"PAST MEDICAL HISTORY"-noun-0]|TX|405/20|
00000000|MMI|5.18|Plumbum metallicum, homeopathic preparation|C1442948|[inch,phsu]|["lead"-tx-8-"leads"-verb-0]|TX|759/5|
00000000|MMI|5.18|Present|C0150312|[qnco]|["Found"-tx-8-"found"-verb-0]|TX|646/5|
00000000|MMI|5.18|Recent|C0332185|[tmco]|["Recently"-tx-3-"recently"-adv-0]|TX|277/8|
00000000|MMI|5.18|Recovering from|C0521108|[qlco]|["recovered"-tx-17-"recovered"-verb-0]|TX|1690/9|
00000000|MMI|5.18|Revealed|C0443289|[qlco]|["Revealed"-tx-10-"revealed"-verb-0]|TX|934/8|
00000000|MMI|5.18|Status post|C0231290|[tmco]|["Following"-tx-21-"following"-verb-0]|TX|2163/9|
00000000|MMI|5.18|To|C1883351|[qlco]|["To"-tx-8-"to"-adv-0]|TX|652/2|
00000000|MMI|5.18|Weekly|C0332174|[tmco]|["/week"-tx-21-"week"-noun-0]|TX|2158/4|
00000000|MMI|5.18|back surgery|C0741419|[topp]|["back surgery"-tx-5-"back surgery"-noun-0]|TX|511/12|
00000000|MMI|4.19|Discharge to home|C0184713|[topp]|["Discharge to home"-tx-18-"discharged to home"-noun-0]|TX|1814/18|
00000000|MMI|3.72|Retrosternal pain|C0151826|[sosy]|["Chest pain, substernal"-tx-3-"substernal chest pain"-noun-0]|TX|233/21|
00000000|MMI|3.68|CDISC SDTM Procedure Terminology|C3539779|[inpr]|["Procedure"-tx-13-"procedure"-noun-0]|TX|1505/9|
00000000|MMI|3.68|Interventional procedure|C0184661|[topp]|["Procedure"-tx-13-"procedure"-noun-0]|TX|1505/9|
00000000|MMI|3.68|Lateral|C0205093|[spco]|["LATERAL"-tx-8-"lateral"-adj-0]|TX|751/7|
00000000|MMI|3.68|Physical Medical Procedure|C3274430|[hlca]|["PROCEDURE"-tx-13-"procedure"-noun-0]|TX|1505/9|
00000000|MMI|3.68|Preparation|C1521827|[acty]|["Preparation"-tx-12-"preparation"-noun-0]|TX|1391/11|
00000000|MMI|3.68|Prepared Material|C3812761|[qnco]|["Preparation"-tx-12-"preparation"-noun-0]|TX|1391/11|
00000000|MMI|3.68|Procedure (set of actions)|C2700391|[acty]|["Procedure"-tx-13-"procedure"-noun-0]|TX|1505/9|
00000000|MMI|3.68|Procedure Domain|C3538935|[inpr]|["Procedure"-tx-13-"procedure"-noun-0]|TX|1505/9|
00000000|MMI|3.68|Regulatory Report|C3273238|[inpr]|["Report"-tx-27-"Report"-noun-0]|TX|2368/6|
00000000|MMI|3.68|Report (document)|C0684224|[inpr]|["Report"-tx-27-"Report"-noun-0]|TX|2368/6|
00000000|MMI|3.68|Reporting|C0700287|[hlca]|["Report"-tx-27-"Report"-noun-0]|TX|2368/6|
00000000|MMI|3.68|Surgical and medical procedures|C1948041|[topp]|["Procedure"-tx-13-"procedure"-noun-0]|TX|1505/9|
00000000|MMI|3.68|Medication.discharge|C0806915|[fndg]|["Discharge medications"-tx-20-"MEDICATIONS DISCHARGE"-noun-0]|TX|1869/11,1884/9|
00000000|MMI|3.64|As Needed|C1883728|[qlco]|["As Needed"-tx-20-"as needed"-adj-0]|TX|1957/9|
00000000|MMI|3.64|Cardiac surgery service|C0587672|[hcro]|["Cardiac surgery service"-tx-11-"Cardiac Surgery Service"-noun-0]|TX|1294/23|
00000000|MMI|3.64|Intravenous heparin|C0354566|[orch,phsu]|["Intravenous heparin"-tx-9-"intravenous heparin"-noun-0]|TX|796/19|
00000000|MMI|3.64|PRN (schedule frequency)|C1879745|[tmco]|["As needed"-tx-20-"as needed"-adj-0]|TX|1957/9|
00000000|MMI|3.64|Treated with|C0332293|[topp]|["Treated with"-tx-9-"treated with"-verb-0]|TX|783/12|
00000000|MMI|3.63|Course|C0750729|[tmco]|["Course"-tx-16-"course"-noun-0]|TX|1643/6|
00000000|MMI|3.61|Batch (Response Modality)|C1550176|[inpr]|["Batch"-tx-27-"Batch"-noun-0]|TX|2356/5|
00000000|MMI|3.61|Batch (group)|C1948031|[qnco]|["Batch"-tx-27-"Batch"-noun-0]|TX|2356/5|
00000000|MMI|3.61|Batch Number|C3641829|[inpr]|["BATCH"-tx-27-"Batch"-noun-0]|TX|2356/5|
00000000|MMI|3.61|Diagnosis|C0011900|[fndg]|["DIAGNOSIS"-tx-1-"DIAGNOSIS"-noun-0]|TX|25/9|E01
00000000|MMI|3.61|Diagnosis Study|C1704656|[resa]|["DIAGNOSIS"-tx-1-"DIAGNOSIS"-noun-0]|TX|25/9|
00000000|MMI|3.61|Episode of|C0332189|[tmco]|["Episode"-tx-9-"episode"-noun-0]|TX|855/7|
00000000|MMI|3.61|Clinical Study Follow-up|C3274571|[hlca]|["FOLLOW-UP"-tx-21-"FOLLOW-UP"-adj-0]|TX|2122/9|
00000000|MMI|3.61|Follow-Up Report|C1704685|[inpr]|["Follow-Up"-tx-21-"FOLLOW-UP"-adj-0]|TX|2122/9|
00000000|MMI|3.61|Follow-up status|C0589120|[fndg]|["Follow-up"-tx-21-"FOLLOW-UP"-adj-0]|TX|2122/9|
00000000|MMI|3.61|follow-up|C1522577|[hlca]|["Follow Up"-tx-21-"FOLLOW-UP"-adj-0]|TX|2122/9|
00000000|MMI|3.60|Exercise stress ECG test|C1304755|[diap]|["Electrocardiogram with exercise test"-tx-8-"exercise test with electrocardiogram"-noun-0]|TX|671/8,690/9,709/17|
00000000|MMI|3.60|Past history of|C0332119|[qlco]|["Past history of"-tx-4-"past history of"-noun-0]|TX|297/15|
00000000|MMI|3.60|Aspirin Oral Tablet|C1244632|[clnd]|["Aspirin Oral Tablet"-tx-20-"Ecotrin tablet mouth"-noun-0]|TX|2068/7,2078/6,2088/5|
00000000|MMI|3.60|4 Hours|C1292426|[tmco]|["4 Hours"-tx-20-"4 hours"-noun-0]|TX|1944/1,1951/5|
00000000|MMI|3.59|Branch of|C1253959|[bpoc]|["Branch"-tx-10-"branch"-noun-0]|TX|1159/6|
00000000|MMI|3.59|Branch of plant|C2700383|[plnt]|["Branch"-tx-10-"branch"-noun-0]|TX|1159/6|
00000000|MMI|3.59|Clinical Trial Branch|C2826234|[inpr]|["BRANCH"-tx-10-"branch"-noun-0]|TX|1159/6|
00000000|MMI|3.59|Macromolecular Branch|C1881507|[chvs]|["Branch"-tx-10-"branch"-noun-0]|TX|1159/6|
00000000|MMI|3.59|Complication|C0009566|[patf]|["Complications"-tx-16-"complications"-noun-1]|TX|1662/13|
00000000|MMI|3.59|Condition|C0348080|[qlco]|["Condition"-tx-19-"CONDITION"-noun-0]|TX|1835/9|
00000000|MMI|3.59|Condition:Find:Pt:^Patient:Nom|C3864998|[clna]|["Condition"-tx-19-"CONDITION"-noun-0]|TX|1835/9|
00000000|MMI|3.59|Logical Condition|C1705253|[cnce]|["Condition"-tx-19-"CONDITION"-noun-0]|TX|1835/9|
00000000|MMI|3.58|Acetaminophen Oral Tablet [Tylenol]|C1243075|[clnd]|["Tylenol Tablets"-tx-20-"Tylenol tablets"-noun-0]|TX|1903/7,1921/7|
00000000|MMI|3.57|Time (foundation metadata concept)|C3541383|[tmco]|["Time"-tx-4-"time"-noun-0]|TX|368/4|
00000000|MMI|3.56|Fasting Status Indicator|C2985769|[fndg]|["FAST"-tx-17-"fast"-adv-0]|TX|1711/4|
00000000|MMI|3.56|Home environment|C0442519|[cnce]|["HOME"-tx-17-"home"-noun-0]|TX|1761/4|
00000000|MMI|3.56|Importance Weight|C1705104|[idcn]|["Weight"-tx-15-"weight"-noun-0]|TX|1608/6|
00000000|MMI|3.56|Operation Activity|C3241922|[acty]|["Operation"-tx-17-"operation"-noun-0]|TX|1725/9|
00000000|MMI|3.56|Operation, Not Otherwise Specified|C3828701|[acty]|["Operation, Not Otherwise Specified"-tx-17-"operation"-noun-0]|TX|1725/9|
00000000|MMI|3.56|Operative Surgical Procedures|C0543467|[hlca]|["Operation"-tx-17-"operation"-noun-0]|TX|1725/9|E04
00000000|MMI|3.56|Preoperative|C0445204|[tmco]|["Preoperative"-tx-15-"preoperative"-adj-0]|TX|1595/12|
00000000|MMI|3.56|Rapid|C0456962|[qlco]|["Fast"-tx-17-"fast"-adv-0]|TX|1711/4|
00000000|MMI|3.56|Weighing patient|C1305866|[diap]|["weight"-tx-15-"weight"-noun-0]|TX|1608/6|
00000000|MMI|3.56|Weight|C0043100|[qnco]|["WEIGHT"-tx-15-"weight"-noun-0]|TX|1608/6|
00000000|MMI|3.56|dictated - DocumentCompletion|C1609990|[idcn]|["Dictated"-tx-27-"Dictated"-noun-0]|TX|2395/8|
00000000|MMI|3.56|dictated - ParticipationMode|C1548384|[ftcn]|["dictated"-tx-27-"Dictated"-noun-0]|TX|2395/8|
00000000|MMI|3.55|recurrent Chest Pains|C2169796|[sosy]|["recurrent Chest Pain"-tx-9-"recurrent chest pain"-noun-0]|TX|834/20|
00000000|MMI|3.55|Surgical transfer - action|C0348011|[ftcn]|["transferred"-tx-11-"transferred"-verb-0]|TX|1275/11|
00000000|MMI|3.55|Transfer Technique|C1705822|[ftcn]|["Transferred"-tx-11-"transferred"-verb-0]|TX|1275/11|
00000000|MMI|3.54|Administration procedure|C1533734|[topp]|["Treatment"-tx-11-"treatment"-noun-0]|TX|1332/9|
00000000|MMI|3.54|Biomaterial Treatment|C1705169|[cnce]|["Treatment"-tx-11-"treatment"-noun-0]|TX|1332/9|
00000000|MMI|3.54|Therapeutic procedure|C0087111|[topp]|["Treatment"-tx-11-"treatment"-noun-0]|TX|1332/9|E02
00000000|MMI|3.54|Treating|C1522326|[ftcn]|["Treatment"-tx-11-"treatment"-noun-0]|TX|1332/9|
00000000|MMI|3.54|Treatment Epoch|C3538994|[resa]|["TREATMENT"-tx-11-"treatment"-noun-0]|TX|1332/9|
00000000|MMI|3.54|treatment - ActInformationManagementReason|C3887704|[hlca]|["treatment"-tx-11-"treatment"-noun-0]|TX|1332/9|
00000000|MMI|3.54|Event Seriousness - Significant|C1546944|[qlco]|["Significant"-tx-5-"significant"-adj-0]|TX|430/11|
00000000|MMI|3.54|Mental tolerance|C0220929|[menp]|["tolerance"-tx-8-"tolerance"-noun-0]|TX|680/9|
00000000|MMI|3.54|Physiologic tolerance|C0231197|[phsf]|["TOLERANCE"-tx-8-"tolerance"-noun-0]|TX|680/9|
00000000|MMI|3.54|Significant|C0750502|[idcn]|["Significant"-tx-5-"significant"-adj-0]|TX|430/11|
00000000|MMI|3.54|Statistical Significance|C0237881|[qnco]|["significant"-tx-5-"significant"-adj-0]|TX|430/11|
00000000|MMI|3.54|Stenosis (invertebrate)|C2632116|[euka]|["Stenosis"-tx-10-"stenosis"-noun-0]|TX|949/8|
00000000|MMI|3.54|Stenosis Morphology|C0678234|[qlco]|["Stenosis"-tx-10-"stenosis"-noun-0]|TX|949/8|
00000000|MMI|3.54|Tolerance|C1704410|[qlco]|["Tolerance"-tx-8-"tolerance"-noun-0]|TX|680/9|
00000000|MMI|3.54|Beginning|C0439659|[tmco]|["Origin"-tx-10-"origin"-noun-0]|TX|995/6|
00000000|MMI|3.54|National origin|C0079946|[clas]|["origin"-tx-10-"origin"-noun-0]|TX|995/6|
00000000|MMI|3.54|Participation Type - origin|C1550512|[inpr]|["origin"-tx-10-"origin"-noun-0]|TX|995/6|
00000000|MMI|3.50|Inferior|C0542339|[spco]|["INFERIOR"-tx-8-"inferior"-adj-0]|TX|742/8|
00000000|MMI|3.50|Usual|C3538928|[qlco]|["Usual"-tx-12-"usual"-adj-0]|TX|1385/5|
00000000|MMI|3.50|Well|C3146287|[mnob]|["Well"-tx-13-"well"-adv-0]|TX|1515/4|
00000000|MMI|3.50|inferiority|C0678975|[socb]|["inferior"-tx-8-"inferior"-adj-0]|TX|742/8|
00000000|MMI|3.48|Further|C1517331|[spco]|["Further"-tx-16-"further"-adj-0]|TX|1621/7|
00000000|MMI|3.48|Known|C0205309|[qlco]|["Known"-tx-6-"known"-adj-0]|TX|544/5|
00000000|MMI|3.47|10%|C3842590|[fndg]|["10%"-tx-27-"10"-fraction-0]|TX|2347/2|
00000000|MMI|3.47|30%|C3842588|[fndg]|["30%"-tx-27-"30"-fraction-0]|TX|2350/2|
00000000|MMI|3.47|4+ Answer to question|C3838679|[fndg]|["4+"-tx-1-"4"-fraction-0]|TX|16/1|
00000000|MMI|3.47|Old|C0580836|[tmco]|["Old"-tx-3-"old"-noun-0]|TX|157/3|
00000000|MMI|3.47|per year|C0439508|[tmco]|["/Year"-tx-3-"year"-noun-0]|TX|152/4|
00000000|MMI|3.47|year|C0439234|[tmco]|["YEAR"-tx-3-"year"-noun-0]|TX|152/4|
00000000|MMI|3.46|Exertion|C0015264|[orgf]|["Exertion"-tx-3-"exertion"-adj-0]|TX|216/8|
00000000|MMI|3.46|Related personal status|C0445223|[fndg]|["Related"-tx-3-"related"-adj-0]|TX|225/7|
00000000|MMI|3.46|Relationships|C0439849|[qlco]|["Related"-tx-3-"related"-adj-0]|TX|225/7|
00000000|MMI|3.45|90%|C3842582|[fndg]|["90%"-tx-10-"90"-percentage-0]|TX|1133/2|
00000000|MMI|3.45|<90|C0439087|[qnco]|["<90"-tx-10-"90"-percentage-0]|TX|1133/2|
00000000|MMI|3.45|>90|C0439083|[qnco]|[">90"-tx-10-"90"-percentage-0]|TX|1133/2|
00000000|MMI|3.45|Diagonal|C0443198|[spco]|["Diagonal"-tx-10-"diagonal"-adj-0]|TX|1122/8|
00000000|MMI|3.45|First (number)|C0205435|[qnco]|["First"-tx-10-"first"-adj-0]|TX|1116/5|
00000000|MMI|3.45|Firstly|C1279901|[qlco]|["First"-tx-10-"first"-adj-0]|TX|1116/5|
00000000|MMI|3.45|Marginal|C0205284|[spco]|["Marginal"-tx-10-"marginal"-adj-0]|TX|1150/8|
00000000|MMI|3.45|Marginal (quality)|C1947914|[qlco]|["Marginal"-tx-10-"marginal"-adj-0]|TX|1150/8|
00000000|MMI|3.45|Obtuse|C0443269|[qlco]|["Obtuse"-tx-10-"obtuse"-adj-0]|TX|1143/6|
00000000|MMI|3.45|Target Awareness - marginal|C1550517|[fndg]|["marginal"-tx-10-"marginal"-adj-0]|TX|1150/8|
00000000|MMI|3.45|Arteriopathic disease|C0852949|[dsyn]|["Disease of artery"-tx-11-"of artery disease"-noun-0]|TX|1342/2,1358/14|
00000000|MMI|3.45|Hospital Service - Medical Service|C1546531|[hcro]|["Medical Service"-tx-7-"Medical Service"-noun-0]|TX|621/15|
00000000|MMI|3.45|Medical service|C0199168|[hlca]|["Medical service"-tx-7-"Medical Service"-noun-0]|TX|621/15|
00000000|MMI|3.45|Physician service|C0587569|[hlca]|["medical service"-tx-7-"Medical Service"-noun-0]|TX|621/15|
00000000|MMI|3.44|Surgical follow-up|C0481523|[hlca]|["Surgical follow-up"-tx-24-"surgical FOLLOW-UP"-adj-0]|TX|2283/18|
00000000|MMI|3.44|Delayed Release Dosage Form|C1707664|[bodm]|["DR"-tx-22-"Dr"-noun-0]|TX|2221/2|
00000000|MMI|3.44|Device to Subject Relationship Domain|C3540849|[inpr]|["DR"-tx-22-"Dr"-noun-0]|TX|2221/2|
00000000|MMI|3.44|Doctor - Title|C2348314|[cnce]|["Dr."-tx-22-"Dr"-noun-0]|TX|2221/2|
00000000|MMI|3.44|Pain NOS Adverse Event|C1962977|[fndg]|["Pain NOS"-tx-20-"pain"-noun-0]|TX|1971/4|
00000000|MMI|3.43|August|C3831448|[qlco]|["August"-tx-17-"August"-noun-0]|TX|1774/6|
00000000|MMI|3.43|Cardiologist|C0175906|[prog]|["Cardiologist"-tx-21-"cardiologist"-noun-0]|TX|2141/12|
00000000|MMI|3.43|Twice (Numerical Qualifier)|C1948050|[qnco]|["Twice"-tx-20-"twice"-adv-0]|TX|2011/5|
00000000|MMI|3.43|Twice - dosing instruction fragment|C1720725|[inpr]|["Twice"-tx-20-"twice"-adv-0]|TX|2011/5|
00000000|MMI|3.42|Operative|C1882154|[tmco]|["Operative"-tx-11-"operative"-adj-0]|TX|1322/9|
00000000|MMI|3.42|80%|C3842583|[fndg]|["80%"-tx-10-"80"-percentage-0]|TX|945/2|
00000000|MMI|3.42|Changed status|C0443172|[qnco]|["changes"-tx-8-"changes"-noun-0]|TX|727/7|
00000000|MMI|3.42|Changing|C0392747|[ftcn]|["changes"-tx-8-"changes"-noun-0]|TX|727/7|
00000000|MMI|3.42|Concept History|C1705255|[cnce]|["History"-tx-5-"history"-noun-0]|TX|446/7|
00000000|MMI|3.42|History of previous events|C2004062|[fndg]|["History"-tx-5-"history"-noun-1]|TX|446/7|
00000000|MMI|3.42|Ischemic|C0475224|[ftcn]|["Ischemic"-tx-8-"ischemic"-adj-0]|TX|700/8|
00000000|MMI|3.42|Left|C0205091|[spco]|["LEFT"-tx-10-"left"-adj-0]|TX|972/4|
00000000|MMI|3.42|Left sided|C0443246|[spco]|["Left"-tx-10-"left"-adj-0]|TX|972/4|
00000000|MMI|3.42|Main|