00000000|MMI|16.30|Lesotho|C0023376|[geoa]|["LT"-tx-1-"LT"-noun-0]|TX|71/2|Z01.058.290.175.400
00000000|MMI|7.28|Signature|C1519316|[inpr]|["Signed"-tx-2-"Signed"-noun-0]|TX|[99/6],[154/6]|
00000000|MMI|7.28|signed - ParticipationSignature|C1561610|[inpr]|["signed"-tx-2-"Signed"-noun-0]|TX|[99/6],[154/6]|
00000000|MMI|3.68|Lymphotoxin-Alpha, human|C3887647|[aapp,imft]|["LT"-tx-1-"LT"-noun-0]|TX|71/2|
00000000|MMI|3.68|Structure of left thigh|C0230426|[bpoc]|["LT"-tx-1-"LT"-noun-0]|TX|71/2|
00000000|MMI|3.65|Report status|C0586177|[fndg]|["Report status"-tx-2-"Report Status"-noun-0]|TX|139/13|
00000000|MMI|3.62|Admission date:Time Stamp -- Date and Time:Point in time:^Patient:Quantitative|C2598112|[clna]|["Admission date"-tx-2-"Admission Date"-noun-0]|TX|114/14|
00000000|MMI|3.62|Date of admission|C1302393|[tmco]|["Admission date"-tx-2-"Admission Date"-noun-0]|TX|114/14|
00000000|MMI|3.59|Pyrexia of unknown origin (excl puerperal)|C0856281|[sosy]|["puo"-tx-1-"PUO"-noun-0]|TX|12/3|
00000000|MMI|3.50|failed|C0231175|[ftcn]|["Failed"-tx-1-"FAILED"-adj-0]|TX|64/6|
00000000|MMI|3.49|Total Hip Replacement (procedure)|C0040508|[topp]|["Total Hip Replacement"-tx-2-"TOTAL HIP REPLACEMENT"-noun-0]|TX|75/21|
00000000|MMI|3.46|3+ Answer to Question|C3838680|[fndg]|["3+"-tx-2-"3"-fraction-0]|TX|130/1|
00000000|MMI|3.46|3+ Score|C2827736|[qnco]|["3+"-tx-2-"3"-fraction-0]|TX|130/1|
00000000|MMI|3.46|3+ Score, WHO|C2981702|[clas]|["3+"-tx-2-"3"-fraction-0]|TX|130/1|
00000000|MMI|3.46|<3 (qualifier value)|C0439086|[qnco]|["<3"-tx-2-"3"-fraction-0]|TX|130/1|
00000000|MMI|3.45|Diagnostic interview schedule|C0451119|[inpr]|["DIS"-tx-2-"DIS"-noun-0]|TX|108/3|
00000000|MMI|3.45|Discontinued|C1444662|[fndg]|["DIS"-tx-2-"DIS"-noun-0]|TX|108/3|
00000000|MMI|88.15|Obesity, Morbid|C0028756|[dsyn]|["Morbid Obesity"-tx-5-"morbid obesity"-noun-0,"Morbid Obesity"-tx-4-"morbid obesity"-noun-0,"Morbid Obesity"-tx-3-"morbid obesity"-noun-0]|TX|849/14;601/14;209/14|C18.654.726.500.700;C23.888.144.699.500.500;E01.370.600.115.100.160.120.699.500.500;G07.100.100.160.120.699.500.500
00000000|MMI|77.22|Patients|C0030705|[podg]|["*^patient"-tx-49-"patient"-noun-0,"*^patient"-tx-45-"patient"-noun-0,"*^patient"-tx-43-"patient"-noun-0,"*^patient"-tx-40-"patient"-noun-0,"*^patient"-tx-38-"patient"-noun-0,"*^patient"-tx-22-"patient"-noun-0,"*^patient"-tx-4-"patient"-noun-0,"*^patient"-tx-3-"patient"-noun-0]|TX|3660/7;3494/7;3350/7;3234/7;3163/7;1774/7;549/7;174/7|M01.643
00000000|MMI|73.37|Togo|C0040363|[geoa]|["TO"-tx-38-"to"-adv-0,"TO"-tx-30-"to"-adv-0,"TO"-tx-4-"to"-adv-0]|TX|3211/2;[2670/2],[2760/2];645/2|Z01.058.290.190.800
00000000|MMI|73.37|Tryptophanase|C0041260|[aapp,enzy]|["TO"-tx-38-"to"-adv-0,"TO"-tx-30-"to"-adv-0,"TO"-tx-4-"to"-adv-0]|TX|3211/2;[2670/2],[2760/2];645/2|D08.811.520.224.800
00000000|MMI|68.92|Coumadin|C0699129|[orch,phsu]|["Coumadin"-tx-36-"Coumadin"-noun-0,"Coumadin"-tx-30-"Coumadin"-noun-0,"Coumadin"-tx-20-"Coumadin"-noun-0]|TX|3101/8;2636/8;1712/8|D03.383.663.283.446.520.914;D03.438.150.446.520.914
00000000|MMI|58.92|International Normalized Ratio|C0525032|[lbpr]|["INR"-tx-35-"INR"-noun-0,"INR"-tx-30-"INR"-noun-0]|TX|3011/3;[2685/3],[2775/3]|E01.370.225.625.115.320;E05.200.625.115.320
00000000|MMI|58.66|Lovenox|C0728963|[orch,phsu]|["Lovenox"-tx-35-"Lovenox"-noun-0,"Lovenox"-tx-30-"Lovenox"-noun-0,"Lovenox"-tx-25-"Lovenox"-noun-0]|TX|3027/7;2713/7;2221/7|D09.698.373.400.300.200
00000000|MMI|48.00|Abortion consent:Finding:Point in time:^Patient:Document|C2360836|[clna]|["Patient"-tx-49-"patient"-noun-0,"Patient"-tx-45-"patient"-noun-0,"Patient"-tx-43-"patient"-noun-0,"Patient"-tx-40-"patient"-noun-0,"Patient"-tx-38-"patient"-noun-0,"Patient"-tx-22-"patient"-noun-0,"Patient"-tx-4-"patient"-noun-0,"Patient"-tx-3-"patient"-noun-0]|TX|3660/7;3494/7;3350/7;3234/7;3163/7;1774/7;549/7;174/7|
00000000|MMI|48.00|Hysterectomy consent:Finding:Point in time:^Patient:Document|C2360838|[clna]|["Patient"-tx-49-"patient"-noun-0,"Patient"-tx-45-"patient"-noun-0,"Patient"-tx-43-"patient"-noun-0,"Patient"-tx-40-"patient"-noun-0,"Patient"-tx-38-"patient"-noun-0,"Patient"-tx-22-"patient"-noun-0,"Patient"-tx-4-"patient"-noun-0,"Patient"-tx-3-"patient"-noun-0]|TX|3660/7;3494/7;3350/7;3234/7;3163/7;1774/7;549/7;174/7|
00000000|MMI|48.00|Sterilization consent:Finding:Point in time:^Patient:Document|C2360840|[clna]|["Patient"-tx-49-"patient"-noun-0,"Patient"-tx-45-"patient"-noun-0,"Patient"-tx-43-"patient"-noun-0,"Patient"-tx-40-"patient"-noun-0,"Patient"-tx-38-"patient"-noun-0,"Patient"-tx-22-"patient"-noun-0,"Patient"-tx-4-"patient"-noun-0,"Patient"-tx-3-"patient"-noun-0]|TX|3660/7;3494/7;3350/7;3234/7;3163/7;1774/7;549/7;174/7|
00000000|MMI|44.97|Surgical aspects|C0038895|[ftcn]|["surgery"-tx-30-"surgery"-noun-0,"surgery"-tx-25-"surgery"-noun-0]|TX|2662/7;2259/7|x.x.x.x.x.x.x
00000000|MMI|42.15|Sleep Apnea, Obstructive|C0520679|[dsyn]|["Obstructive sleep apnoea"-tx-5-"obstructive sleep apnea"-noun-0,"Obstructive sleep apnoea"-tx-3-"obstructive sleep apnea"-noun-0]|TX|951/23;347/23|C08.618.085.852.850;C10.886.425.800.750.850
00000000|MMI|40.32|Desiccation|C0011682|[npop]|["Dry"-tx-40-"dry"-adj-0,"Dry"-tx-32-"dry"-adj-0,"Dry"-tx-11-"dry"-adj-0]|TX|3274/3;2918/3;1448/3|E05.196.335;G02.149.767.530;G02.842.750.530
00000000|MMI|39.63|intensive care unit|C0021708|[hcro,mnob]|["ICU"-tx-28-"ICU"-noun-0,"ICU"-tx-24-"ICU"-noun-0,"ICU"-tx-23-"ICU"-noun-0]|TX|2542/3;2075/3;2044/3|N02.278.388.493
00000000|MMI|35.81|Asthma|C0004096|[dsyn]|["-- Asthma"-tx-5-"asthma"-noun-0,"-- Asthma"-tx-3-"asthma"-noun-0]|TX|977/6;373/6|C08.127.108;C08.381.495.108;C08.674.095;C20.543.480.680.095
00000000|MMI|35.81|Gout|C0018099|[dsyn]|["GOUT"-tx-5-"gout"-noun-0,"GOUT"-tx-3-"gout"-noun-0]|TX|842/4;407/4|C05.550.114.423;C05.799.414;C16.320.565.798.368;C18.452.648.798.368
00000000|MMI|32.63|Deep Vein Thrombosis|C0149871|[dsyn]|["DVT NOS"-tx-27-"DVT"-noun-1,"DVT NOS"-tx-5-"DVT"-noun-0]|TX|2416/3;710/3|C14.907.355.830.925
00000000|MMI|32.30|Iodides|C0021966|[inch]|["I-"-tx-46-"I"-noun-0,"I-"-tx-35-"i"-adv-0]|TX|3595/1;3043/1|D01.248.497.158.490;D01.475.410
00000000|MMI|30.89|Pulmonary Hypertension|C0020542|[patf]|["Hypertension, pulmonary"-tx-23-"pulmonary hypertension"-noun-0,"Hypertension, pulmonary"-tx-5-"pulmonary hypertension"-noun-0,"Hypertension, pulmonary"-tx-3-"pulmonary hypertension"-noun-0]|TX|1958/22;817/22;295/22|C08.381.423
00000000|MMI|29.46|Degenerative polyarthritis|C0029408|[dsyn]|["OA"-tx-5-"OA"-noun-0,"OSTEOARTHRITIS"-tx-4-"osteoarthritis"-noun-0]|TX|910/2;620/14|C05.550.114.606;C05.799.613
00000000|MMI|28.70|Obesity|C0028754|[dsyn]|["OBESE"-tx-10-"obese"-adj-0]|TX|1392/5|C18.654.726.500;C23.888.144.699.500;E01.370.600.115.100.160.120.699.500;G07.100.100.160.120.699.500
00000000|MMI|27.13|Left|C0205091|[spco]|["LEFT"-tx-22-"left"-verb-0,"Left side"-tx-11-"left side"-noun-0,"LEFT"-tx-6-"left"-adj-0,"LEFT"-tx-3-"left"-adj-0,"LEFT"-tx-2-"left"-adj-0]|TX|1879/4;1472/9;[1025/4],[1106/4];[450/4],[489/4];78/4|
00000000|MMI|26.49|Needs|C0027552|[qlco]|["Need"-tx-38-"need"-verb-0,"Need"-tx-23-"need"-noun-0]|TX|3206/4;1985/4|N03.349.380.420;N05.300.450
00000000|MMI|26.06|phosphoethanolamine|C0070939|[bacs,orch]|["PE"-tx-5-"PE"-noun-0]|TX|[714/2],[761/2]|x.x.x.x
00000000|MMI|25.93|General surgery specialty|C1274039|[bmod]|["Surgery"-tx-30-"surgery"-noun-0,"Surgery"-tx-25-"surgery"-noun-0]|TX|2662/7;2259/7|H02.403.810.300
00000000|MMI|25.68|Naproxen|C0027396|[orch,phsu]|["NAPROXEN"-tx-14-"Naproxen"-noun-0]|TX|1554/8|D02.455.426.559.847.638.472.500;D04.615.638.472.450
00000000|MMI|24.11|diagnosis aspect|C1704338|[qlco]|["diagnosis"-tx-2-"DIAGNOSIS"-noun-0]|TX|55/9|x.x.x.x.x.x.x
00000000|MMI|22.55|Left sided|C0443246|[spco]|["Left"-tx-22-"left"-verb-0,"Left"-tx-6-"left"-adj-0,"Left"-tx-3-"left"-adj-0,"Left"-tx-2-"left"-adj-0]|TX|1879/4;[1025/4],[1106/4];[450/4],[489/4];78/4|
00000000|MMI|22.55|Table Cell Horizontal Align - left|C1552822|[ftcn]|["left"-tx-22-"left"-verb-0,"left"-tx-6-"left"-adj-0,"left"-tx-3-"left"-adj-0,"left"-tx-2-"left"-adj-0]|TX|1879/4;[1025/4],[1106/4];[450/4],[489/4];78/4|
00000000|MMI|22.48|Antibiotics, Antitubercular|C0003237|[antb]|["Antibiotics"-tx-29-"antibiotics"-noun-0]|TX|2574/11|D27.505.954.122.085.255.135
00000000|MMI|22.48|alteplase|C0032143|[aapp,enzy,phsu]|["T-PA"-tx-5-"TPA"-noun-0]|TX|753/3|D08.811.277.656.300.760.875;D08.811.277.656.959.350.875;D12.776.124.125.662.768;D23.119.970
00000000|MMI|22.38|Oxycodone|C0030049|[orch,phsu]|["OXYCODONE"-tx-21-"oxycodone"-noun-0]|TX|1730/9|D03.132.577.249.562.149.575;D03.549.686.607.204.650;D03.605.497.607.204.650;D04.615.723.795.576.149.575
00000000|MMI|21.36|To|C1883351|[qlco]|["To"-tx-38-"to"-adv-0,"To"-tx-30-"to"-adv-0,"To"-tx-4-"to"-adv-0]|TX|3211/2;[2670/2],[2760/2];645/2|
00000000|MMI|20.95|Patient Discharge|C0030685|[hlca]|["Discharged"-tx-24-"discharged"-verb-0]|TX|2087/10|E02.204.125;E02.760.400.610;N02.421.192.125;N02.421.585.400.610;N04.590.233.727.210.125
00000000|MMI|19.91|Complication Aspects|C1171258|[patf]|["complications"-tx-28-"complications"-noun-1,"complications"-tx-23-"complications"-noun-1]|TX|2505/13;1925/13|x.x.x
00000000|MMI|19.85|Appointments|C0003629|[idcn]|["Appointment"-tx-47-"appointment"-noun-0,"Appointment"-tx-45-"appointment"-noun-0]|TX|3638/11;3526/11|N04.452.095
00000000|MMI|19.53|Total Hip Replacement (procedure)|C0040508|[topp]|["Total Hip Replacements"-tx-43-"total hip replacements"-noun-0,"Total Hip Replacement"-tx-28-"total hip replacement"-noun-0,"TOTAL HIP ARTHROPLASTY"-tx-22-"total hip arthroplasty"-noun-0,"TOTAL HIP ARTHROPLASTY"-tx-6-"total hip arthroplasty"-noun-0,"TOTAL HIP ARTHROPLASTY"-tx-3-"total hip arthroplasty"-noun-0]|TX|3407/22;2459/21;1884/22;1111/22;494/22|
00000000|MMI|19.38|Atenolol|C0004147|[orch,phsu]|["ATENOLOL"-tx-17-"atenolol"-noun-0]|TX|1620/8|D02.033.100.624.698.070;D02.033.755.624.698.070;D02.092.063.624.698.070
00000000|MMI|19.38|Lasix|C0699992|[orch,phsu]|["Lasix"-tx-16-"Lasix"-noun-0]|TX|1601/5|D02.065.884.725.300;D02.092.146.807.300;D02.886.590.700.725.300
00000000|MMI|19.31|Postthrombotic Syndrome|C0277919|[patf]|["Venous stasis"-tx-5-"venous stasis"-noun-0]|TX|790/13|C14.907.355.830.925.462;C14.907.952.880
00000000|MMI|18.75|M NOS ANTIBODY|C0369637|[aapp,imft]|["M NOS"-tx-20-"m"-adv-0,"M NOS"-tx-17-"m"-adv-0,"M NOS"-tx-16-"m"-adv-0,"M NOS"-tx-15-"m"-adv-0,"M NOS"-tx-12-"m"-adv-0]|TX|1725/1;1636/1;1615/1;1596/1;1528/1|
00000000|MMI|18.75|M+ (tumor staging)|C0441923|[inpr]|["M+"-tx-20-"m"-adv-0,"M+"-tx-17-"m"-adv-0,"M+"-tx-16-"m"-adv-0,"M+"-tx-15-"m"-adv-0,"M+"-tx-12-"m"-adv-0]|TX|1725/1;1636/1;1615/1;1596/1;1528/1|
00000000|MMI|18.62|day|C0439228|[tmco]|["DAYS"-tx-41-"days"-noun-0,"DAYS"-tx-35-"days"-noun-0,"DAYS"-tx-30-"days"-noun-0,"DAY"-tx-24-"day"-noun-0]|TX|3311/4;3065/4;[2703/4],[2807/4];2107/3|
00000000|MMI|16.77|Maintenance|C0024501|[acty]|["Maintain"-tx-30-"maintain"-verb-0]|TX|[2673/8],[2763/8]|N02.628
00000000|MMI|16.22|Diovan|C0719949|[orch,phsu]|["Diovan"-tx-12-"Diovan"-noun-0]|TX|1513/6|D03.383.129.617.850;D12.125.070.950.550;D12.125.142.930.500
00000000|MMI|16.18|Knee Replacement Arthroplasty (procedure)|C0086511|[topp]|["Total Knee Replacement"-tx-6-"total knee replacement"-noun-0]|TX|1030/22|E04.555.110.110.115;E04.650.110.115;E04.680.101.110.115
00000000|MMI|16.18|Antibiotics|C0003232|[antb]|["Antibiotics"-tx-29-"antibiotics"-noun-0]|TX|2574/11|D27.505.954.122.085
00000000|MMI|16.04|Dominican Republic|C0013014|[geoa]|["DR"-tx-45-"Dr"-noun-0]|TX|3543/2|Z01.107.084.900.300;Z01.639.880.300
00000000|MMI|16.04|Postoperative Period|C0032790|[tmco]|["Postop"-tx-33-"postop"-adj-0]|TX|2968/6|E04.614.750;N02.421.585.753.750
00000000|MMI|16.03|Arthroscopy|C0003904|[diap]|["Arthroscopy"-tx-6-"arthroscopy"-noun-0]|TX|1075/11|E01.370.388.250.070;E04.502.250.070;E04.555.113
00000000|MMI|15.79|Surgical incisions|C0184898|[topp]|["Incision"-tx-40-"incision"-noun-0,"INCISIONS"-tx-32-"incisions"-noun-0,"Incision"-tx-11-"Incision"-noun-0]|TX|3262/8;2895/9;1427/8|
00000000|MMI|14.99|Good|C0205170|[qlco]|["Well"-tx-31-"well"-adv-0,"Well"-tx-26-"well"-adv-0,"Well"-tx-24-"well"-adv-0,"Well"-tx-4-"well"-adj-0]|TX|2837/4;2345/4;2063/4;666/4|
00000000|MMI|14.99|Well|C3146287|[mnob]|["Well"-tx-31-"well"-adv-0,"Well"-tx-26-"well"-adv-0,"Well"-tx-24-"well"-adv-0,"Well"-tx-4-"well"-adj-0]|TX|2837/4;2345/4;2063/4;666/4|
00000000|MMI|14.64|Foot|C0016504|[bpoc]|["Pes"-tx-3-"PEs"-noun-0]|TX|289/3|A01.378.610.250
00000000|MMI|14.64|Infantile Neuroaxonal Dystrophy|C0270724|[dsyn]|["PLAN"-tx-34-"PLAN"-noun-0]|TX|3002/4|C10.228.140.744
00000000|MMI|14.64|Pain management|C0002766|[topp]|["Pain Control"-tx-25-"pain control"-noun-0]|TX|2151/12|E02.745;N04.590.607.500
00000000|MMI|14.64|Weight Bearing|C0085086|[fndg]|["Weight Bearing"-tx-43-"weightbearing"-adj-0]|TX|3361/13|G01.374.676.965;G01.595.540.965
00000000|MMI|14.64|Weight-Bearing state|C1318107|[orga]|["Weightbearing"-tx-43-"weightbearing"-adj-0]|TX|3361/13|G01.374.676.965;G01.595.540.965
00000000|MMI|14.20|Firstly|C1279901|[qlco]|["First"-tx-41-"first"-noun-0,"First"-tx-35-"first"-noun-0,"Initial"-tx-30-"initial"-adj-0,"First"-tx-22-"first"-adj-0]|TX|3302/5;3056/5;2796/7;1832/5|
00000000|MMI|14.18|Post|C0687676|[tmco]|["Status Post"-tx-46-"status post"-prep-0,"Status Post"-tx-6-"status post"-prep-0,"Status Post"-tx-5-"status post"-prep-0]|TX|3568/11;[1053/11],[1163/11];741/11|
00000000|MMI|14.18|Status post|C0231290|[tmco]|["Status post"-tx-46-"status post"-prep-0,"Status post"-tx-6-"status post"-prep-0,"Status post"-tx-5-"status post"-prep-0]|TX|3568/11;[1053/11],[1163/11];741/11|
00000000|MMI|13.97|Physical therapy|C0949766|[topp]|["Physical Therapy"-tx-31-"physical therapy"-noun-0,"Physical Therapy"-tx-26-"physical therapy"-noun-0]|TX|2847/16;2320/16|E02.779
00000000|MMI|13.22|Vital signs|C0518766|[clna]|["Signs, Vital"-tx-7-"vital signs"-noun-0]|TX|1279/11|E01.370.600.875
00000000|MMI|13.07|Antibiotic Prophylaxis|C0282638|[topp]|["Antibiotic Prophylaxis"-tx-25-"antibiotic prophylaxis"-noun-0]|TX|2166/22|E02.319.162.150;E02.319.703.150
00000000|MMI|13.07|Allopurinol|C0002144|[orch,phsu]|["ALLOPURINOL"-tx-15-"allopurinol"-noun-0]|TX|1576/11|D03.438.759.160
00000000|MMI|13.06|Mongolia|C0026410|[geoa]|["MG"-tx-35-"mg"-noun-0]|TX|3038/2|Z01.252.474.651
00000000|MMI|13.03|Auscultation|C0004339|[diap]|["AUSCULTATION"-tx-8-"auscultation"-noun-0]|TX|1315/12|E01.370.600.060
00000000|MMI|12.93|Abdominal Cavity|C0230168|[blor]|["Abdomen"-tx-10-"Abdomen"-noun-0]|TX|1384/7|A01.923.047.025
00000000|MMI|12.91|Central venous catheter, device|C1145640|[medd]|["CENTRAL LINE"-tx-23-"central line"-noun-0]|TX|1996/12|E07.132.750.500
00000000|MMI|12.89|Physicians|C0031831|[prog]|["DR"-tx-45-"Dr"-noun-0]|TX|3543/2|M01.526.485.810;N02.360.810
00000000|MMI|11.66|Pulmonary Hypertension Adverse Event|C1963220|[fndg]|["Pulmonary hypertension"-tx-23-"pulmonary hypertension"-noun-0,"Pulmonary hypertension"-tx-5-"pulmonary hypertension"-noun-0,"Pulmonary hypertension"-tx-3-"pulmonary hypertension"-noun-0]|TX|1958/22;817/22;295/22|
00000000|MMI|11.49|Appendectomy|C0003611|[topp]|["APPENDECTOMY"-tx-6-"appendectomy"-noun-0]|TX|1148/12|E04.210.078
00000000|MMI|11.49|Hypertensive disease|C0020538|[dsyn]|["HYPERTENSION"-tx-5-"Hypertension"-noun-0]|TX|695/12|C14.907.489
00000000|MMI|11.49|Physical Examination|C0031809|[hlca]|["PHYSICAL EXAMINATION"-tx-7-"PHYSICAL EXAMINATION"-noun-0]|TX|1233/20|E01.370.600
00000000|MMI|11.48|Dry|C0205222|[qlco]|["Dry"-tx-40-"dry"-adj-0,"Dry"-tx-32-"dry"-adj-0,"Dry"-tx-11-"dry"-adj-0]|TX|3274/3;2918/3;1448/3|
00000000|MMI|11.48|Dryness (characteristic)|C1512080|[qlco]|["Dry"-tx-40-"dry"-adj-0,"Dry"-tx-32-"dry"-adj-0,"Dry"-tx-11-"dry"-adj-0]|TX|3274/3;2918/3;1448/3|
00000000|MMI|11.06|+2|C0740116|[qnco]|["+2"-tx-50-"2"-fraction-0,"+2"-tx-37-"2"-integer-0]|TX|[3835/1],[3846/1];3156/1|
00000000|MMI|11.06|2+|C3833492|[fndg]|["2+"-tx-50-"2"-fraction-0,"2+"-tx-37-"2"-integer-0]|TX|[3835/1],[3846/1];3156/1|
00000000|MMI|11.06|2+ Score|C2827735|[qnco]|["2+"-tx-50-"2"-fraction-0,"2+"-tx-37-"2"-integer-0]|TX|[3835/1],[3846/1];3156/1|
00000000|MMI|11.06|2+ Score, WHO|C2981700|[clas]|["2+"-tx-50-"2"-fraction-0,"2+"-tx-37-"2"-integer-0]|TX|[3835/1],[3846/1];3156/1|
00000000|MMI|10.93|Right|C0205090|[spco]|["RIGHT"-tx-30-"right"-noun-0,"RIGHT"-tx-28-"right"-adj-0,"RIGHT"-tx-25-"right"-noun-0]|TX|2740/5;2453/5;2229/5|
00000000|MMI|10.93|Right sided|C0444532|[spco]|["Right"-tx-30-"right"-noun-0,"Right"-tx-28-"right"-adj-0,"Right"-tx-25-"right"-noun-0]|TX|2740/5;2453/5;2229/5|
00000000|MMI|10.85|Integrated Neuromusculoskeletal Release|C1704538|[topp]|["INR"-tx-35-"INR"-noun-0,"INR"-tx-30-"INR"-noun-0]|TX|3011/3;[2685/3],[2775/3]|
00000000|MMI|10.48|First (number)|C0205435|[qnco]|["First"-tx-41-"first"-noun-0,"First"-tx-35-"first"-noun-0,"First"-tx-22-"first"-adj-0]|TX|3302/5;3056/5;1832/5|
00000000|MMI|10.45|week|C0439230|[tmco]|["WEEKS"-tx-46-"weeks"-noun-0,"WEEK"-tx-27-"week"-noun-0,"WEEK"-tx-25-"week"-noun-0]|TX|3562/5;2408/4;2272/4|
00000000|MMI|10.42|Asthma Pathway|C2984299|[ftcn]|["Asthma"-tx-5-"asthma"-noun-0,"Asthma"-tx-3-"asthma"-noun-0]|TX|977/6;373/6|
00000000|MMI|10.42|Congestive heart failure|C0018802|[dsyn]|["CONGESTIVE HEART FAILURE"-tx-5-"congestive heart failure"-noun-0,"CONGESTIVE HEART FAILURE"-tx-3-"congestive heart failure"-noun-0]|TX|915/24;320/24|
00000000|MMI|10.42|Cranial incision point|C2338258|[blor]|["Incision"-tx-40-"incision"-noun-0,"Incision"-tx-11-"Incision"-noun-0]|TX|3262/8;1427/8|
00000000|MMI|10.42|Entity Name Part Type - given|C1550718|[idcn]|["given"-tx-30-"given"-verb-0,"given"-tx-29-"given"-verb-0]|TX|2734/5;2568/5|
00000000|MMI|10.42|GIVEN|C1442162|[cnce]|["GIVEN"-tx-30-"given"-verb-0,"GIVEN"-tx-29-"given"-verb-0]|TX|2734/5;2568/5|
00000000|MMI|10.42|Give - dosing instruction imperative|C1947971|[ftcn]|["Given"-tx-30-"given"-verb-0,"Given"-tx-29-"given"-verb-0]|TX|2734/5;2568/5|
00000000|MMI|10.42|Given name|C3244317|[inpr]|["given"-tx-30-"given"-verb-0,"given"-tx-29-"given"-verb-0]|TX|2734/5;2568/5|
00000000|MMI|10.42|Negation|C1518422|[ftcn]|["Not"-tx-38-"not"-adv-0,"Not"-tx-28-"not"-adv-0]|TX|3202/3;2527/3|
00000000|MMI|10.42|Surgical wound|C0332803|[inpo]|["Incision"-tx-40-"incision"-noun-0,"Incision"-tx-11-"Incision"-noun-0]|TX|3262/8;1427/8|
00000000|MMI|9.94|Dermatitis|C0011603|[dsyn]|["DERMATITIS"-tx-5-"dermatitis"-noun-0]|TX|804/10|C17.800.174
00000000|MMI|9.91|Colchicine|C0009262|[orch,phsu]|["COLCHICINE"-tx-18-"colchicine"-noun-0]|TX|1641/10|D03.132.225
00000000|MMI|9.86|Bathing|C0150141|[topp]|["Bath"-tx-41-"bath"-noun-0]|TX|3287/4|E02.056.110
00000000|MMI|9.85|Males|C0086582|[orga]|["MALE"-tx-3-"male"-noun-0]|TX|199/4|x.x.x
00000000|MMI|9.78|Veins|C0042449|[bpoc]|["Venous"-tx-5-"venous"-noun-0]|TX|790/6|A07.231.908
00000000|MMI|9.77|Abdomen|C0000726|[blor]|["ABDOMEN"-tx-10-"Abdomen"-noun-0]|TX|1384/7|A01.923.047
00000000|MMI|9.75|Communicable Diseases|C0009450|[dsyn]|["Infection, NOS"-tx-27-"infection"-noun-1]|TX|2375/9|C01.539.221
00000000|MMI|8.34|Drainage procedure|C0013103|[topp]|["Drainage"-tx-41-"drainage"-noun-0]|TX|3332/8|E02.309;E04.237
00000000|MMI|8.34|Lung|C0024109|[bpoc]|["LUNGS"-tx-8-"Lungs"-noun-0]|TX|1300/5|A04.411
00000000|MMI|7.95|Medical History|C0262926|[fndg]|["Past Medical History"-tx-5-"PAST MEDICAL HISTORY"-noun-0,"Past Medical History"-tx-3-"past medical history"-noun-0]|TX|673/20;240/20|
00000000|MMI|7.95|PMH - past medical history|C0455458|[fndg]|["Past medical history"-tx-5-"PAST MEDICAL HISTORY"-noun-0,"Past medical history"-tx-3-"past medical history"-noun-0]|TX|673/20;240/20|
00000000|MMI|7.62|Physical therapy (field)|C0699718|[bmod]|["physical therapy"-tx-31-"physical therapy"-noun-0,"physical therapy"-tx-26-"physical therapy"-noun-0]|TX|2847/16;2320/16|
00000000|MMI|7.61|Entire right hip region|C1268233|[blor]|["Right hip"-tx-25-"right hip"-noun-0,"Right hip"-tx-2-"right hip"-noun-0]|TX|2285/5,2297/3;116/5,128/3|
00000000|MMI|7.61|Right hip region structure|C0524470|[blor]|["Right hip"-tx-25-"right hip"-noun-0,"Right hip"-tx-2-"right hip"-noun-0]|TX|2285/5,2297/3;116/5,128/3|
00000000|MMI|7.58|Stasis dermatitis|C0011620|[dsyn]|["DERMATITIS, STASIS"-tx-5-"stasis dermatitis"-noun-0,"venous dermatitis"-tx-5-"venous dermatitis"-noun-0]|TX|797/17;790/6,804/10|
00000000|MMI|7.46|Daily|C0332173|[tmco]|["Daily"-tx-36-"daily"-adv-0,"/day"-tx-24-"day"-noun-0]|TX|3148/5;2107/3|
00000000|MMI|7.46|Patient need for (contextual qualifier)|C0686904|[ftcn]|["need"-tx-38-"need"-verb-0,"need"-tx-23-"need"-noun-0]|TX|3206/4;1985/4|
00000000|MMI|7.33|Attending (action)|C1999232|[ftcn]|["attending"-tx-50-"Attending"-noun-0,"attending"-tx-1-"ATTENDING"-noun-0]|TX|3784/9;25/9|
00000000|MMI|7.33|Attending (provider role)|C1547429|[prog]|["Attending"-tx-50-"Attending"-noun-0,"Attending"-tx-1-"ATTENDING"-noun-0]|TX|3784/9;25/9|
00000000|MMI|7.31|% of total|C0439175|[qnco]|["% total"-tx-25-"total"-noun-0,"% total"-tx-2-"total"-noun-0]|TX|2291/5;122/5|
00000000|MMI|7.31|Total|C0439810|[qlco]|["Total"-tx-25-"total"-noun-0,"Total"-tx-2-"total"-noun-0]|TX|2291/5;122/5|
00000000|MMI|7.30|Medications:-:Point in time:^Patient:-|C2598133|[clna]|["Medications"-tx-49-"medications"-noun-0,"Medications"-tx-12-"MEDICATIONS"-noun-0]|TX|3699/11;1484/11|
00000000|MMI|7.30|Medications:Presence or Identity:Duration of the study:^Patient:Nominal|C0802604|[clna]|["Medications"-tx-49-"medications"-noun-0,"Medications"-tx-12-"MEDICATIONS"-noun-0]|TX|3699/11;1484/11|
00000000|MMI|7.30|Pharmaceutical Preparations|C0013227|[phsu]|["Medications"-tx-49-"medications"-noun-0,"Medications"-tx-12-"MEDICATIONS"-noun-0]|TX|3699/11;1484/11|D26
00000000|MMI|7.30|4+ Answer to question|C3838679|[fndg]|["4+"-tx-42-"4"-integer-0,"4+"-tx-1-"4"-fraction-0]|TX|3343/1;16/1|
00000000|MMI|7.27|Gender Status - Intact|C1554187|[fndg]|["Intact"-tx-32-"intact"-adj-0,"Intact"-tx-11-"intact"-adj-0]|TX|2926/6;1456/6|
00000000|MMI|7.27|Intact|C0205266|[qlco]|["Intact"-tx-32-"intact"-adj-0,"Intact"-tx-11-"intact"-adj-0]|TX|2926/6;1456/6|
00000000|MMI|7.25|Data Validation Test Document|C3899446|[inpr]|["DVT"-tx-27-"DVT"-noun-0,"DVT"-tx-5-"DVT"-noun-0]|TX|2416/3;710/3|
00000000|MMI|7.25|Ever told by doctor that you had deep venous thrombosis:Finding:Point in time:^Patient:Ordinal|C2926618|[clna]|["DVT"-tx-27-"DVT"-noun-0,"DVT"-tx-5-"DVT"-noun-0]|TX|2416/3;710/3|
00000000|MMI|7.23|Floor (anatomic)|C3714591|[anst]|["Floor"-tx-25-"floor"-noun-0,"Floor"-tx-24-"floor"-noun-0]|TX|2133/5;2118/5|
00000000|MMI|7.23|Floor - story of building|C1547707|[geoa]|["Floor"-tx-25-"floor"-noun-0,"Floor"-tx-24-"floor"-noun-0]|TX|2133/5;2118/5|
00000000|MMI|7.23|Then|C1883708|[tmco]|["Then"-tx-30-"then"-adv-0,"Next"-tx-25-"next"-adj-0]|TX|2755/4;2267/4|
00000000|MMI|7.23|floor (object)|C0016249|[mnob]|["Floor"-tx-25-"floor"-noun-0,"Floor"-tx-24-"floor"-noun-0]|TX|2133/5;2118/5|
00000000|MMI|7.22|Complication|C0009566|[patf]|["Complications"-tx-28-"complications"-noun-1,"Complications"-tx-23-"complications"-noun-1]|TX|2505/13;1925/13|
00000000|MMI|7.19|Total hip revision|C1561754|[topp]|["Total hip revision"-tx-3-"total hip revision"-noun-0,"Total hip revision"-tx-2-"total hip revision"-noun-0]|TX|455/18;83/18|
00000000|MMI|7.19|Started|C1272689|[qlco]|["Started"-tx-30-"started"-verb-0,"Started"-tx-25-"started"-verb-0]|TX|2625/7;2210/7|
00000000|MMI|7.14|Recurrent cellulitis|C0742020|[dsyn]|["Cellulitis, recurrent"-tx-5-"recurrent cellulitis"-noun-0,"Cellulitis, recurrent"-tx-3-"recurrent cellulitis"-noun-0]|TX|866/9,897/10;414/20|
00000000|MMI|7.14|Incision and drainage|C0152277|[topp]|["i d"-tx-35-"i.d"-adv-0,"i d"-tx-14-"i.d"-adv-0]|TX|3043/3;1569/3|
00000000|MMI|7.13|/40|C0439509|[tmco]|["/40"-tx-35-"40"-integer-0,"/40"-tx-5-"40"-percentage-0]|TX|3035/2;945/2|
00000000|MMI|7.13|40%|C3842587|[qnco]|["40%"-tx-35-"40"-integer-0,"40%"-tx-5-"40"-percentage-0]|TX|3035/2;945/2|
00000000|MMI|7.08|Filter (function)|C1704449|[cnce]|["Filter"-tx-6-"filter"-noun-0,"Filter"-tx-3-"filter"-noun-0]|TX|1013/6;398/6|
00000000|MMI|7.08|Filter - medical device|C1875155|[medd]|["FILTER"-tx-6-"filter"-noun-0,"FILTER"-tx-3-"filter"-noun-0]|TX|1013/6;398/6|
00000000|MMI|7.08|Filter Device Component|C1704684|[mnob]|["Filter"-tx-6-"filter"-noun-0,"Filter"-tx-3-"filter"-noun-0]|TX|1013/6;398/6|
00000000|MMI|7.08|Filters|C0180860|[mnob]|["Filter"-tx-6-"filter"-noun-0,"Filter"-tx-3-"filter"-noun-0]|TX|1013/6;398/6|
00000000|MMI|7.08|Optical filter|C0581406|[medd]|["Filter"-tx-6-"filter"-noun-0,"Filter"-tx-3-"filter"-noun-0]|TX|1013/6;398/6|
00000000|MMI|7.08|filter information process|C1522664|[inpr]|["Filter"-tx-6-"filter"-noun-0,"Filter"-tx-3-"filter"-noun-0]|TX|1013/6;398/6|
00000000|MMI|7.04|Cleaning (activity)|C1947930|[acty]|["Clean"-tx-32-"clean"-adj-0,"Clean"-tx-11-"clean"-adj-0]|TX|2910/5;1440/5|
00000000|MMI|7.03|Presentation|C0449450|[idcn]|["Presentation"-tx-12-"PRESENTATION"-noun-0,"Presenting"-tx-3-"presenting"-noun-0]|TX|1499/12;435/10|
00000000|MMI|7.01|Course|C0750729|[tmco]|["Course"-tx-33-"course"-noun-0,"Course"-tx-27-"course"-noun-0]|TX|2975/6;2394/6|
00000000|MMI|6.99|year|C0439234|[tmco]|["YEARS"-tx-6-"years"-noun-0,"YEAR"-tx-3-"year"-noun-0]|TX|1201/5;190/4|
00000000|MMI|6.96|48 Hours|C1442464|[tmco]|["48 Hours"-tx-29-"48 hours"-noun-0,"48 Hours"-tx-25-"48 hours"-noun-0]|TX|2606/8;2193/8|
00000000|MMI|6.96|48 hour time frame|C0439586|[tmco]|["48 hours"-tx-29-"48 hours"-noun-0,"48 hours"-tx-25-"48 hours"-noun-0]|TX|2606/8;2193/8|
00000000|MMI|6.92|Blood group antibody I|C0221138|[aapp,imft]|["I NOS"-tx-46-"I"-noun-0,"I NOS"-tx-35-"i"-adv-0]|TX|3595/1;3043/1|
00000000|MMI|6.91|Adjacent|C0205117|[spco]|["next"-tx-25-"next"-adj-0,"Next to"-tx-24-"next to"-adj-0]|TX|2267/4;2102/4,2111/2|
00000000|MMI|6.90|Allopathic & Osteopathic Physicians - Surgery|C3853799|[prog]|["Surgery"-tx-30-"surgery"-noun-0,"Surgery"-tx-25-"surgery"-noun-0]|TX|2662/7;2259/7|
00000000|MMI|6.90|Operative Surgical Procedures|C0543467|[hlca]|["Surgery"-tx-30-"surgery"-noun-0,"Surgery"-tx-25-"surgery"-noun-0]|TX|2662/7;2259/7|E04
00000000|MMI|6.90|Surgery specialty|C0038894|[bmod]|["Surgery"-tx-30-"surgery"-noun-0,"Surgery"-tx-25-"surgery"-noun-0]|TX|2662/7;2259/7|
00000000|MMI|6.89|Weekly|C0332174|[tmco]|["/week"-tx-27-"week"-noun-0,"/week"-tx-25-"week"-noun-0]|TX|2408/4;2272/4|
00000000|MMI|6.59|Infection|C3714514|[patf]|["INFECTION"-tx-27-"infection"-noun-1]|TX|2375/9|C01.539
00000000|MMI|5.18|+5|C0728893|[qnco]|["+5"-tx-44-"5"-integer-0]|TX|3487/1|
00000000|MMI|5.18|1+|C3816745|[fndg]|["1+"-tx-34-"1"-integer-0]|TX|3008/1|
00000000|MMI|5.18|1+ Score|C2827734|[qnco]|["1+"-tx-34-"1"-integer-0]|TX|3008/1|
00000000|MMI|5.18|1+ Score, WHO|C2981698|[clas]|["1+"-tx-34-"1"-integer-0]|TX|3008/1|
00000000|MMI|5.18|3+ Answer to Question|C3838680|[fndg]|["3+"-tx-39-"3"-integer-0]|TX|3227/1|
00000000|MMI|5.18|3+ Score|C2827736|[qnco]|["3+"-tx-39-"3"-integer-0]|TX|3227/1|
00000000|MMI|5.18|3+ Score, WHO|C2981702|[clas]|["3+"-tx-39-"3"-integer-0]|TX|3227/1|
00000000|MMI|5.18|<3 (qualifier value)|C0439086|[qnco]|["<3"-tx-39-"3"-integer-0]|TX|3227/1|
00000000|MMI|5.18|>5|C0439084|[qnco]|[">5"-tx-44-"5"-integer-0]|TX|3487/1|
00000000|MMI|5.18|Ability to Get Out of Bed|C4055550|[inpr]|["Getting out of bed"-tx-31-"getting out of bed"-noun-0]|TX|2870/18|
00000000|MMI|5.18|Absorbable suture|C0461643|[medd]|["absorbable sutures"-tx-38-"absorbable sutures"-noun-0]|TX|3175/18|
00000000|MMI|5.18|Body Fluid Discharge|C0012621|[bdsu]|["Drainage, NOS"-tx-41-"drainage"-noun-0]|TX|3332/8|
00000000|MMI|5.18|Curriculum Vitae|C1880201|[inpr]|["Resume"-tx-49-"resume"-verb-0]|TX|3675/6|
00000000|MMI|5.18|Diagnosis|C0011900|[fndg]|["DIAGNOSIS"-tx-2-"DIAGNOSIS"-noun-0]|TX|55/9|E01
00000000|MMI|5.18|Diagnosis Study|C1704656|[resa]|["DIAGNOSIS"-tx-2-"DIAGNOSIS"-noun-0]|TX|55/9|
00000000|MMI|5.18|Discharge date|C2361123|[tmco]|["Discharge date"-tx-1-"Discharge Date"-noun-0]|TX|0/14|
00000000|MMI|5.18|Discharge date:Time Stamp -- Date and Time:Point in time:^Patient:Quantitative|C2361122|[clna]|["Discharge date"-tx-1-"Discharge Date"-noun-0]|TX|0/14|
00000000|MMI|5.18|Discharge, body substance|C2926602|[bdsu]|["Drainage"-tx-41-"drainage"-noun-0]|TX|3332/8|
00000000|MMI|5.18|Does mobilize|C0578718|[fndg]|["mobilized"-tx-26-"mobilized"-verb-0]|TX|2306/9|
00000000|MMI|5.18|Friday|C0585029|[tmco]|["Friday"-tx-20-"Friday"-noun-0]|TX|1703/6|
00000000|MMI|5.18|H/O: surgery|C0455610|[fndg]|["Past surgical history"-tx-6-"PAST SURGICAL HISTORY"-noun-0]|TX|986/21|
00000000|MMI|5.18|Hindfoot of quadruped|C3853547|[bpoc]|["Pes"-tx-3-"PEs"-noun-0]|TX|289/3|
00000000|MMI|5.18|History of present illness|C0262512|[orga]|["HISTORY OF PRESENT ILLNESS"-tx-3-"HISTORY OF PRESENT ILLNESS"-noun-0]|TX|142/26|
00000000|MMI|5.18|History of present illness:Finding:Point in time:^Patient:Nominal:Reported|C0488508|[clna]|["History of present illness"-tx-3-"HISTORY OF PRESENT ILLNESS"-noun-0]|TX|142/26|
00000000|MMI|5.18|Hospital course|C0489547|[fndg]|["Hospital course"-tx-22-"HOSPITAL COURSE"-noun-0]|TX|1753/15|
00000000|MMI|5.18|Hospital course:Finding:Point in time:^Patient:Narrative|C0488549|[clna]|["Hospital course"-tx-22-"HOSPITAL COURSE"-noun-0]|TX|1753/15|
00000000|MMI|5.18|Hypertension Adverse Event|C1963138|[fndg]|["Hypertension"-tx-5-"Hypertension"-noun-0]|TX|695/12|
00000000|MMI|5.18|Including (qualifier)|C0332257|[ftcn]|["Including"-tx-3-"including"-verb-0]|TX|261/9|
00000000|MMI|5.18|Monday|C0585024|[tmco]|["Monday"-tx-20-"Monday"-noun-0]|TX|1682/6|
00000000|MMI|5.18|OSTEOARTHRITIS SUSCEPTIBILITY 1|C3887876|[fndg]|["OA"-tx-5-"OA"-noun-0]|TX|910/2|
00000000|MMI|5.18|On admission|C0457453|[tmco]|["On admission"-tx-7-"ON ADMISSION"-adj-0]|TX|1254/12|
00000000|MMI|5.18|PSMD2 gene|C1419032|[gngm]|["S2"-tx-9-"S2"-noun-0]|TX|1380/2|
00000000|MMI|5.18|Pain control|C1304888|[topp]|["Pain control"-tx-25-"pain control"-noun-0]|TX|2151/12|
00000000|MMI|5.18|Patient Condition Code - Stable|C1547311|[inpr]|["Stable"-tx-7-"stable"-adj-0]|TX|1291/6|
00000000|MMI|5.18|Paw|C0687080|[bpoc]|["Pes"-tx-3-"PEs"-noun-0]|TX|289/3|
00000000|MMI|5.18|Planned|C1301732|[ftcn]|["Plan"-tx-34-"PLAN"-noun-0]|TX|3002/4|
00000000|MMI|5.18|Primary|C0205225|[qlco]|["Primary"-tx-2-"primary"-adj-0]|TX|132/7|
00000000|MMI|5.18|Primary operation|C0439631|[topp]|["Primary"-tx-2-"primary"-adj-0]|TX|132/7|
00000000|MMI|5.18|RPS2 gene|C1419718|[gngm]|["S2"-tx-9-"S2"-noun-0]|TX|1380/2|
00000000|MMI|5.18|Receive|C1514756|[qlco]|["RECEIVED"-tx-25-"received"-verb-0]|TX|2142/8|
00000000|MMI|5.18|Removed|C0849355|[qlco]|["Removed"-tx-38-"removed"-verb-0]|TX|3217/7|
00000000|MMI|5.18|Resume - Remote control command|C1550028|[idcn]|["Resume"-tx-49-"resume"-verb-0]|TX|3675/6|
00000000|MMI|5.18|Revision|C0439617|[tmco]|["Revision"-tx-22-"revision"-noun-0]|TX|1870/8|
00000000|MMI|5.18|Revision procedure|C1527075|[topp]|["Revision"-tx-22-"revision"-noun-0]|TX|1870/8|
00000000|MMI|5.18|Rhythm|C0871269|[fndg]|["Rhythm"-tx-9-"rhythm"-noun-0]|TX|1359/6|
00000000|MMI|5.18|Rhythm Not Otherwise Specified ECG Assessment|C3828331|[inpr]|["Rhythm Not Otherwise Specified"-tx-9-"rhythm"-noun-0]|TX|1359/6|
00000000|MMI|5.18|S2|C3812876|[fndg]|["S2"-tx-9-"S2"-noun-0]|TX|1380/2|
00000000|MMI|5.18|S2 innervation|C1179705|[blor]|["S2"-tx-9-"S2"-noun-0]|TX|1380/2|
00000000|MMI|5.18|Shower (physical object)|C0541748|[mnob]|["Shower"-tx-40-"shower"-verb-0]|TX|3246/6|
00000000|MMI|5.18|Stable status|C0205360|[qlco]|["STABLE"-tx-7-"stable"-adj-0]|TX|1291/6|
00000000|MMI|5.18|Structure of ankle and/or foot (body structure)|C1690938|[bpoc]|["Pes"-tx-3-"PEs"-noun-0]|TX|289/3|
00000000|MMI|5.18|Surgical revision|C0558347|[topp]|["Revision"-tx-22-"revision"-noun-0]|TX|1870/8|
00000000|MMI|5.18|Testicular Cancer Serum Markers Test Result S2|C3812875|[lbtr]|["S2"-tx-9-"S2"-noun-0]|TX|1380/2|
00000000|MMI|5.18|Therapeutic Mobilization|C0185112|[topp]|["mobilized"-tx-26-"mobilized"-verb-0]|TX|2306/9|
00000000|MMI|5.18|Treatment Plan|C0599880|[inpr]|["Plan"-tx-34-"PLAN"-noun-0]|TX|3002/4|
00000000|MMI|5.18|True primary (qualifier value)|C0439612|[tmco]|["Primary"-tx-2-"primary"-adj-0]|TX|132/7|
00000000|MMI|5.18|Uncomplicated|C0443334|[qlco]|["Uncomplicated"-tx-33-"uncomplicated"-adj-0]|TX|2986/13|
00000000|MMI|5.18|Wednesday|C0585027|[tmco]|["Wednesday"-tx-20-"Wednesday"-noun-0]|TX|1691/9|
00000000|MMI|5.18|Weight-bearing:-:Point in time:^Patient:-|C2598162|[clna]|["Weight-bearing"-tx-43-"weightbearing"-adj-0]|TX|3361/13|
00000000|MMI|5.18|resume - DataOperation|C3242342|[ftcn]|["resume"-tx-49-"resume"-verb-0]|TX|3675/6|
00000000|MMI|5.18|rhythmic process (biological)|C1523018|[phsf]|["rhythm"-tx-9-"rhythm"-noun-0]|TX|1359/6|
00000000|MMI|3.98|Dosage|C0178602|[qnco]|["DOSE"-tx-36-"dosed"-verb-0]|TX|3142/5|
00000000|MMI|3.98|Dose number:Number:Point in time:^Patient:Quantitative|C1114758|[clna]|["Dose #"-tx-36-"dosed"-verb-0]|TX|3142/5|
00000000|MMI|3.98|Unit dose|C0869039|[qnco]|["Dose"-tx-36-"dosed"-verb-0]|TX|3142/5|
00000000|MMI|3.75|One week|C4082116|[tmco]|["One week"-tx-28-"One week"-noun-0]|TX|2422/8|
00000000|MMI|3.75|Taking vital signs|C0150404|[hlca]|["Vital signs"-tx-7-"vital signs"-noun-0]|TX|1279/11|
00000000|MMI|3.73|Pain in right hip joint|C2202100|[sosy]|["Pain in right hip"-tx-4-"pain in right hip"-noun-0]|TX|568/7,580/9|
00000000|MMI|3.73|Admission to intensive care unit|C0583239|[hlca]|["Admit to intensive care unit NOS"-tx-22-"admitted to Intensive Care Unit"-noun-0]|TX|1786/11,1802/19|
00000000|MMI|3.68|Deep thrombophlebitis|C0151950|[dsyn]|["dvts"-tx-3-"DVTs"-noun-0]|TX|280/4|
00000000|MMI|3.68|Doctor of Medicine|C1512018|[inpr]|["M.D."-tx-1-"M.D"-noun-0]|TX|50/3|
00000000|MMI|3.68|Document type|C1547673|[inpr]|["Document"-tx-50-"document"-noun-0]|TX|3724/8|
00000000|MMI|3.68|Documents|C1301746|[inpr]|["document"-tx-50-"document"-noun-0]|TX|3724/8|
00000000|MMI|3.68|Rate|C1521828|[qnco]|["Rate"-tx-9-"rate"-noun-0]|TX|1350/4|
00000000|MMI|3.68|Rating (action)|C0871208|[acty]|["Rate"-tx-9-"rate"-noun-0]|TX|1350/4|
00000000|MMI|3.68|S1|C3715215|[fndg]|["S1"-tx-9-"S1"-noun-0]|TX|1375/2|
00000000|MMI|3.68|Testicular Cancer Serum Markers Test Result S1|C3814877|[lbtr]|["S1"-tx-9-"S1"-noun-0]|TX|1375/2|
00000000|MMI|3.68|milligram/day|C0439422|[qnco]|["mg/d"-tx-35-"mg d"-noun-0]|TX|3038/2,3045/1|
00000000|MMI|3.60|50%|C3842586|[fndg]|["50%"-tx-17-"50"-integer-0]|TX|1629/2|
00000000|MMI|3.60|<50|C3843766|[fndg]|["<50"-tx-17-"50"-integer-0]|TX|1629/2|
00000000|MMI|3.60|Discharge from hospital|C0586003|[hlca]|["Discharge from hospital"-tx-46-"discharge from Hospital"-noun-0]|TX|3580/14,3603/8|
00000000|MMI|3.60|Precaution|C1882442|[cnce]|["Precautions"-tx-43-"precautions"-noun-0]|TX|3461/11|
00000000|MMI|3.60|Lotrel|C0721438|[orch,phsu]|["Lotrel"-tx-13-"Lotrel"-noun-0]|TX|1533/6|
00000000|MMI|3.60|Magnesium Cation|C2346927|[elii,phsu]|["Mg++"-tx-35-"mg"-noun-0]|TX|3038/2|
00000000|MMI|3.60|Milligram percent|C1960952|[qnco]|["mg %"-tx-35-"mg"-noun-0]|TX|3038/2|
00000000|MMI|3.60|mg/dL|C0439269|[qnco]|["mg%"-tx-35-"mg"-noun-0]|TX|3038/2|
00000000|MMI|3.59|Done (qualifier value)|C1272695|[qlco]|["Done"-tx-4-"done"-aux-0]|TX|658/4|
00000000|MMI|3.57|Admission activity|C0809949|[hlca]|["Admitted"-tx-23-"admitted"-verb-0]|TX|2027/8|
00000000|MMI|3.57|Aspects of signs|C0220912|[ftcn]|["signs"-tx-27-"signs"-noun-0]|TX|2366/5|
00000000|MMI|3.57|Call (Instruction)|C1947967|[ftcn]|["Call"-tx-47-"call"-verb-0]|TX|3626/4|
00000000|MMI|3.57|Clear|C2963144|[qlco]|["Clear"-tx-8-"clear"-verb-0]|TX|1306/5|
00000000|MMI|3.57|Decision|C0679006|[menp]|["Call"-tx-47-"call"-verb-0]|TX|3626/4|
00000000|MMI|3.57|Hospital admission|C0184666|[hlca]|["admitted"-tx-23-"admitted"-verb-0]|TX|2027/8|
00000000|MMI|3.57|Maintaining (action)|C1314677|[ftcn]|["Maintained"-tx-36-"maintained"-verb-0]|TX|3120/10|
00000000|MMI|3.57|Manufactured sign|C0220913|[mnob]|["signs"-tx-27-"signs"-noun-0]|TX|2366/5|
00000000|MMI|3.57|Negative Surgical Margin|C1709157|[fndg]|["Clear"-tx-8-"clear"-verb-0]|TX|1306/5|
00000000|MMI|3.57|Physical findings|C0311392|[fndg]|["SIGNS"-tx-27-"signs"-noun-0]|TX|2366/5|
00000000|MMI|3.56|Surgery 2|C3842535|[fndg]|["Operation 2"-tx-22-"operation 2"-noun-0]|TX|1838/9,1851/1|
00000000|MMI|3.56|Surgery 3|C3842534|[fndg]|["Operation 3"-tx-22-"operation 3"-noun-0]|TX|1838/9,1853/1|
00000000|MMI|3.56|Antibiotic throat preparations|C3540706|[antb]|["Antibiotics"-tx-29-"antibiotics"-noun-0]|TX|2574/11|
00000000|MMI|3.56|Antibiotics FOR TREATMENT OF HEMORRHOIDS AND ANAL FISSURES FOR TOPICAL USE|C3540707|[antb]|["Antibiotics"-tx-29-"antibiotics"-noun-0]|TX|2574/11|
00000000|MMI|3.56|Antibiotics for systemic use|C3540704|[antb]|["Antibiotics"-tx-29-"antibiotics"-noun-0]|TX|2574/11|
00000000|MMI|3.56|Antibiotics, Gynecological|C3540708|[antb]|["Antibiotics"-tx-29-"antibiotics"-noun-0]|TX|2574/11|
00000000|MMI|3.56|Antibiotics, ophthalmologic|C3540710|[antb]|["Antibiotics"-tx-29-"antibiotics"-noun-0]|TX|2574/11|
00000000|MMI|3.56|Antifungal Antibiotics, Topical|C3540705|[antb]|["Antibiotics"-tx-29-"antibiotics"-noun-0]|TX|2574/11|
00000000|MMI|3.56|Night time|C0240526|[tmco]|["Night"-tx-30-"night"-noun-0]|TX|2649/5|
00000000|MMI|3.56|antibiotics, intestinal|C3540709|[antb]|["Antibiotics"-tx-29-"antibiotics"-noun-0]|TX|2574/11|
00000000|MMI|3.55|Within|C0332285|[spco]|["Of"-tx-23-"of"-prep-0]|TX|1951/2|
00000000|MMI|3.55|anticipation|C0679106|[menp]|["anticipation"-tx-25-"anticipation"-noun-0]|TX|2243/12|
00000000|MMI|3.55|dictated - DocumentCompletion|C1609990|[idcn]|["Dictated"-tx-50-"Dictated"-noun-0]|TX|3756/8|
00000000|MMI|3.55|dictated - ParticipationMode|C1548384|[ftcn]|["dictated"-tx-50-"Dictated"-noun-0]|TX|3756/8|
00000000|MMI|3.55|per day|C0439505|[tmco]|["/day"-tx-24-"day"-noun-0]|TX|2107/3|
00000000|MMI|3.54|Male Gender, Self Report|C1706180|[qlco]|["Male"-tx-3-"male"-noun-0]|TX|199/4|
00000000|MMI|3.54|Male Phenotype|C1706428|[qlco]|["Male"-tx-3-"male"-noun-0]|TX|199/4|
00000000|MMI|3.54|Male, Self-Reported|C1706429|[orga]|["Male"-tx-3-"male"-noun-0]|TX|199/4|
00000000|MMI|3.52|Left lower extremity|C0230416|[bpoc]|["Left lower extremity"-tx-5-"left lower extremity"-noun-0]|TX|876/20|
00000000|MMI|3.52|posterior dislocation of hip|C0840688|[inpo]|["posterior hip dislocation"-tx-43-"posterior hip dislocation"-noun-0]|TX|3435/25|
00000000|MMI|3.50|Gait normal|C0231683|[fndg]|["Normal"-tx-9-"normal"-adj-0]|TX|1368/6|
00000000|MMI|3.50|Mean Percent of Normal|C2347086|[qnco]|["% Normal"-tx-9-"normal"-adj-0]|TX|1368/6|
00000000|MMI|3.50|Normal|C0205307|[qlco]|["NORMAL"-tx-9-"normal"-adj-0]|TX|1368/6|
00000000|MMI|3.50|Numerous|C0439064|[qnco]|["MULTIPLE"-tx-3-"multiple"-adj-0]|TX|271/8|
00000000|MMI|3.50|Percent normal|C0439166|[qnco]|["% normal"-tx-9-"normal"-adj-0]|TX|1368/6|
00000000|MMI|3.50|Preoperative|C0445204|[tmco]|["Preoperative"-tx-49-"preoperative"-adj-0]|TX|3686/12|
00000000|MMI|3.50|Regular|C0205272|[qlco]|["Regular"-tx-9-"Regular"-adj-0]|TX|1342/7|
00000000|MMI|3.48|Apyrexial|C0277797|[fndg]|["Afebrile"-tx-7-"Afebrile"-adj-0]|TX|1268/8|
00000000|MMI|3.48|Late|C0205087|[tmco]|["Later"-tx-28-"later"-adv-0]|TX|2431/5|
00000000|MMI|3.48|Stasis|C0333138|[patf]|["Stasis"-tx-5-"stasis"-noun-0]|TX|797/6|
00000000|MMI|3.48|Venous|C0348013|[spco]|["Venous"-tx-5-"venous"-noun-0]|TX|790/6|
00000000|MMI|3.47|Complicated|C0231242|[ftcn]|["Complicated"-tx-3-"complicated"-adj-0]|TX|228/11|
00000000|MMI|3.47|Entire abdomen|C1281594|[bpoc]|["Abdomen"-tx-10-"Abdomen"-noun-0]|TX|1384/7|
00000000|MMI|3.47|Initial (abbreviation)|C1555582|[idcn]|["Initial"-tx-30-"initial"-adj-0]|TX|2796/7|
00000000|MMI|3.47|Initial Usage|C1705685|[ftcn]|["INITIAL"-tx-30-"initial"-adj-0]|TX|2796/7|
00000000|MMI|3.47|Initially|C0205265|[tmco]|["Initial"-tx-30-"initial"-adj-0]|TX|2796/7|
00000000|MMI|3.47|Non-tender|C0520960|[qlco]|["Nontender"-tx-10-"nontender"-adj-0]|TX|1400/9|
00000000|MMI|3.46|Identifier|C0600091|[inpr]|["ID"-tx-50-"ID"-noun-0]|TX|3821/2|
00000000|MMI|3.46|Immune diffusion|C1441613|[lbpr]|["ID"-tx-50-"ID"-noun-0]|TX|3821/2|
00000000|MMI|3.46|10%|C3842590|[fndg]|["10%"-tx-21-"10"-integer-0]|TX|1742/2|
00000000|MMI|3.46|failed|C0231175|[ftcn]|["Failed"-tx-3-"failed"-adj-0]|TX|482/6|
00000000|MMI|3.45|Clinical Study Follow-up|C3274571|[hlca]|["FOLLOW-UP"-tx-45-"follow up"-adj-0]|TX|3516/9|
00000000|MMI|3.45|Follow-Up Report|C1704685|[inpr]|["Follow-Up"-tx-45-"follow up"-adj-0]|TX|3516/9|
00000000|MMI|3.45|Follow-up status|C0589120|[fndg]|["Follow-up"-tx-45-"follow up"-adj-0]|TX|3516/9|
00000000|MMI|3.45|follow-up|C1522577|[hlca]|["Follow Up"-tx-45-"follow up"-adj-0]|TX|3516/9|
00000000|MMI|3.45|ETV7 gene|C1425353|[gngm]|["TEL-2"-tx-50-"2 Tel"-noun-0]|TX|3734/1,3752/3|
00000000|MMI|3.44|Four|C0205450|[qnco]|["Four"-tx-46-"four"-word_numeral-0]|TX|3557/4|
00000000|MMI|3.43|Exploratory laparotomy|C0085704|[diap]|["EXPLORATORY LAPAROTOMY"-tx-6-"exploratory laparotomy"-noun-0]|TX|1175/22|
00000000|MMI|3.43|Clinical Trials, Monitoring|C1516647|[resa]|["monitoring"-tx-