00000000|MMI|66.58|Postoperative Period|C0032790|[tmco]|["Postoperative"-tx-22-"postoperative"-noun-0,"Postoperative"-tx-21-"postoperative"-noun-0,"Postoperative"-tx-20-"postoperative"-noun-0,"Postoperative"-tx-19-"Postoperative"-adj-0]|TX|1475/13;1348/13;1314/13;1221/13|E04.614.750;N02.421.585.753.750
00000000|MMI|49.09|Ivory Coast|C0022326|[geoa]|["IV"-tx-18-"IV"-noun-0,"IV"-tx-4-"IV"-noun-0,"IV"-tx-3-"IV"-noun-0]|TX|1205/2;398/2;352/2|Z01.058.290.190.272
00000000|MMI|43.79|Patients|C0030705|[podg]|["*^patient"-tx-24-"patient"-noun-0,"*^patient"-tx-21-"patient"-noun-0,"*^patient"-tx-17-"patient"-noun-0,"*^patient"-tx-13-"patient"-noun-0,"*^patient"-tx-1-"patient"-noun-0]|TX|1715/7;1389/7;1080/7;790/7;210/7|M01.643
00000000|MMI|42.15|Uniphyl|C0700814|[orch,phsu]|["Uniphyl"-tx-25-"Uniphyl"-noun-0,"Uniphyl"-tx-6-"Uniphyl"-noun-0]|TX|1820/7;498/7|D03.132.960.751;D03.438.759.758.824.751
00000000|MMI|39.04|Patient Discharge|C0030685|[hlca]|["Discharge"-tx-25-"discharge"-noun-0,"Discharged"-tx-22-"discharged"-verb-0]|TX|1784/9;1456/10|E02.204.125;E02.760.400.610;N02.421.192.125;N02.421.585.400.610;N04.590.233.727.210.125
00000000|MMI|38.96|Heroin|C0011892|[hops,orch,phsu]|["Heroin"-tx-6-"heroin"-noun-0,"Heroin"-tx-3-"heroin"-noun-0]|TX|553/6;355/6|D03.132.577.249.562.445;D03.549.686.607.490;D03.605.497.607.490;D04.615.723.795.576.445
00000000|MMI|38.85|Alupent|C0733816|[orch,phsu]|["Alupent"-tx-25-"Alupent"-noun-0,"Alupent"-tx-17-"Alupent"-noun-0]|TX|1848/7;1141/7|D02.033.100.291.465;D02.092.063.291.465;D02.092.211.215.311.465;D02.092.311.660
00000000|MMI|38.68|Protons|C0033727|[elii]|["H+"-tx-25-"h"-adv-0,"H+"-tx-6-"h"-adv-0]|TX|1842/1;520/1|D01.248.497.300.459.700;D01.268.406.750;D01.362.340.750;G01.249.765
00000000|MMI|32.91|Uterine Fibroids|C0042133|[neop]|["Fibroid uterus"-tx-15-"fibroid uterus"-noun-0,"FIBROIDS"-tx-1-"fibroids"-noun-0]|TX|987/14;287/8|C04.557.450.590.450
00000000|MMI|28.70|Obesity|C0028754|[dsyn]|["OBESE"-tx-8-"obese"-adj-0]|TX|662/5|C18.654.726.500;C23.888.144.699.500;E01.370.600.115.100.160.120.699.500;G07.100.100.160.120.699.500
00000000|MMI|27.22|Abortion consent:Finding:Point in time:^Patient:Document|C2360836|[clna]|["Patient"-tx-24-"patient"-noun-0,"Patient"-tx-21-"patient"-noun-0,"Patient"-tx-17-"patient"-noun-0,"Patient"-tx-13-"patient"-noun-0,"Patient"-tx-1-"patient"-noun-0]|TX|1715/7;1389/7;1080/7;790/7;210/7|
00000000|MMI|27.22|Hysterectomy consent:Finding:Point in time:^Patient:Document|C2360838|[clna]|["Patient"-tx-24-"patient"-noun-0,"Patient"-tx-21-"patient"-noun-0,"Patient"-tx-17-"patient"-noun-0,"Patient"-tx-13-"patient"-noun-0,"Patient"-tx-1-"patient"-noun-0]|TX|1715/7;1389/7;1080/7;790/7;210/7|
00000000|MMI|27.22|Sterilization consent:Finding:Point in time:^Patient:Document|C2360840|[clna]|["Patient"-tx-24-"patient"-noun-0,"Patient"-tx-21-"patient"-noun-0,"Patient"-tx-17-"patient"-noun-0,"Patient"-tx-13-"patient"-noun-0,"Patient"-tx-1-"patient"-noun-0]|TX|1715/7;1389/7;1080/7;790/7;210/7|
00000000|MMI|25.99|Mongolia|C0026410|[geoa]|["MG"-tx-25-"mg"-noun-0,"MG"-tx-6-"mg"-noun-0]|TX|1834/2;512/2|Z01.252.474.651
00000000|MMI|22.49|Narcotics|C0027415|[hops,phsu]|["Narcotics"-tx-18-"narcotics"-noun-0]|TX|1175/9|D27.505.696.277.600;D27.505.696.663.850.014.760;D27.505.954.427.040.550;D27.505.954.427.210.600
00000000|MMI|22.48|Aminophylline|C0002575|[orch,phsu]|["AMINOPHYLLINE"-tx-17-"aminophylline"-noun-0]|TX|1105/13|D02.092.782.258.368.050;D03.438.759.758.824.751.075;D26.310.048
00000000|MMI|20.95|Menorrhagia|C0025323|[patf]|["MENORRHAGIA"-tx-1-"menorrhagia"-noun-0]|TX|271/11|C13.351.500.852.691.449;C23.550.568.875
00000000|MMI|20.95|Structure of rectouterine pouch|C0013075|[bsoj]|["Cul De Sac"-tx-10-"Cul-de-sac"-noun-0]|TX|702/10|A01.923.047.025.600.225
00000000|MMI|19.93|Portugal|C0032729|[geoa]|["PO"-tx-25-"po"-noun-0,"PO"-tx-6-"po"-noun-0]|TX|1837/2;515/2|Z01.542.727
00000000|MMI|19.88|Female|C0015780|[orga]|["FEMALE"-tx-8-"female"-noun-0,"FEMALE"-tx-1-"female"-noun-0]|TX|668/6;235/6|x.x.x
00000000|MMI|19.88|Females|C0086287|[popg]|["female"-tx-8-"female"-noun-0,"female"-tx-1-"female"-noun-0]|TX|668/6;235/6|x.x.x
00000000|MMI|19.27|Gravidity|C0600457|[fndg]|["Gravida"-tx-4-"Gravida"-noun-0]|TX|390/7|G08.686.340;G08.686.785.760.769.213;N06.850.490.812.250
00000000|MMI|19.27|Parity|C0030563|[fndg]|["Para"-tx-4-"para"-noun-0]|TX|403/4|G08.686.677;G08.686.785.760.769.472;N06.850.490.812.600
00000000|MMI|17.80|Asthma|C0004096|[dsyn]|["-- Asthma"-tx-2-"Asthma"-noun-0]|TX|320/6|C08.127.108;C08.381.495.108;C08.674.095;C20.543.480.680.095
00000000|MMI|17.80|Fibroid Tumor|C0023267|[neop]|["Fibroids"-tx-1-"fibroids"-noun-0]|TX|287/8|C04.557.450.590.450
00000000|MMI|16.30|Hematocrit procedure|C0018935|[lbpr]|["Hematocrit"-tx-19-"hematocrit"-noun-0]|TX|1235/10|E01.370.225.625.400;E05.200.625.400;G09.188.370.374
00000000|MMI|16.12|Ventolin|C0033744|[orch,phsu]|["Ventolin"-tx-6-"Ventolin"-noun-0]|TX|526/8|D02.033.100.291.057;D02.092.063.291.057;D02.092.471.683.061
00000000|MMI|14.64|Blood group antigen D|C0073187|[aapp,imft]|["D NOS"-tx-27-"D"-noun-0]|TX|1962/1|x.x.x.x
00000000|MMI|14.64|Dietary Iron|C0376520|[inch]|["Iron"-tx-25-"iron"-noun-0]|TX|1865/4|D01.490.600;D02.691.550.600
00000000|MMI|14.64|Iron|C0302583|[bacs,elii,phsu]|["IRON"-tx-25-"iron"-noun-0]|TX|1865/4|D01.268.556.412;D01.268.956.287;D01.552.544.412;x.x.x.x
00000000|MMI|14.64|Uterus|C0042149|[bpoc]|["UTERUS"-tx-9-"Uterus"-noun-0]|TX|677/6|A05.360.319.679
00000000|MMI|13.75|Inhaler|C0021461|[medd]|["INHALER"-tx-25-"inhaler"-noun-0,"INHALER"-tx-6-"inhaler"-noun-0]|TX|1856/7;535/7|E07.605
00000000|MMI|13.54|Woman|C0043210|[popg]|["female"-tx-8-"female"-noun-0,"female"-tx-1-"female"-noun-0]|TX|668/6;235/6|M01.975
00000000|MMI|13.02|Urination|C0042034|[orgf]|["void"-tx-21-"voided"-verb-0]|TX|1397/6|G08.852.796.877
00000000|MMI|12.94|Discipline of obstetrics|C0028773|[bmod]|["Obstetrical"-tx-4-"OBSTETRICAL"-adj-0]|TX|369/11|H02.403.810.450
00000000|MMI|11.49|Physical Examination|C0031809|[hlca]|["PHYSICAL EXAMINATION"-tx-8-"PHYSICAL EXAMINATION"-noun-0]|TX|599/20|E01.370.600
00000000|MMI|11.35|Including (qualifier)|C0332257|[ftcn]|["included"-tx-25-"included"-adj-0,"included"-tx-15-"included"-verb-0,"include"-tx-6-"include"-verb-0]|TX|1794/8;976/8;490/7|
00000000|MMI|11.20|Daily|C0332173|[tmco]|["/d"-tx-27-"D"-noun-0,"/day"-tx-21-"day"-noun-0,"/day"-tx-13-"day"-adj-0]|TX|1962/1;1362/3;821/3|
00000000|MMI|10.66|90%|C3842582|[fndg]|["90%"-tx-27-"90"-integer-0,"90%"-tx-13-"90"-integer-0]|TX|[1970/2],[2008/2];850/2|
00000000|MMI|10.66|<90|C0439087|[qnco]|["<90"-tx-27-"90"-integer-0,"<90"-tx-13-"90"-integer-0]|TX|[1970/2],[2008/2];850/2|
00000000|MMI|10.66|>90|C0439083|[qnco]|[">90"-tx-27-"90"-integer-0,">90"-tx-13-"90"-integer-0]|TX|[1970/2],[2008/2];850/2|
00000000|MMI|10.54|1990s|C0681758|[tmco]|["1990s"-tx-1-"1990"-integer-0]|TX|[46/4],[123/4],[173/4]|
00000000|MMI|10.42|Doctor of Medicine|C1512018|[inpr]|["M.D."-tx-27-"M.D"-noun-0,"M.D."-tx-26-"M.D"-noun-0]|TX|2042/3;1957/3|
00000000|MMI|10.42|Medications:-:Point in time:^Patient:-|C2598133|[clna]|["Medications"-tx-25-"MEDICATIONS"-noun-0,"Medications"-tx-6-"MEDICATIONS"-noun-0]|TX|1768/11;464/11|
00000000|MMI|10.42|Medications:Presence or Identity:Duration of the study:^Patient:Nominal|C0802604|[clna]|["Medications"-tx-25-"MEDICATIONS"-noun-0,"Medications"-tx-6-"MEDICATIONS"-noun-0]|TX|1768/11;464/11|
00000000|MMI|10.42|On admission|C0457453|[tmco]|["On admission"-tx-8-"On admission"-adj-0,"On admission"-tx-6-"On admission"-adj-0]|TX|621/12;477/12|
00000000|MMI|10.42|Pharmaceutical Preparations|C0013227|[phsu]|["Medications"-tx-25-"MEDICATIONS"-noun-0,"Medications"-tx-6-"MEDICATIONS"-noun-0]|TX|1768/11;464/11|D26
00000000|MMI|9.99|Pathological aspects|C0205469|[ftcn]|["pathology"-tx-23-"pathology"-noun-0]|TX|1514/9|x.x.x
00000000|MMI|9.99|Pathology|C0030664|[bmod]|["Pathology"-tx-23-"pathology"-noun-0]|TX|1514/9|H02.403.650
00000000|MMI|9.99|Serous Membrane|C0036760|[tisu]|["Serosa"-tx-23-"serosa"-noun-0]|TX|1657/6|A10.615.789
00000000|MMI|9.76|General Anesthesia|C0002915|[topp]|["General anaesthesia"-tx-14-"general anesthesia"-noun-0]|TX|942/18|E03.155.197
00000000|MMI|8.34|Hypersensitivity|C0020517|[patf]|["Allergies"-tx-7-"ALLERGIES"-noun-0]|TX|562/9|C20.543
00000000|MMI|7.40|Inhaler Dosing Unit|C1881212|[qnco]|["INHALER"-tx-25-"inhaler"-noun-0,"INHALER"-tx-6-"inhaler"-noun-0]|TX|1856/7;535/7|
00000000|MMI|7.39|Treated with|C0332293|[topp]|["Treated with"-tx-18-"treated with"-verb-0,"Treated with"-tx-17-"treated with"-verb-0]|TX|1159/12;1128/12|
00000000|MMI|7.30|Good|C0205170|[qlco]|["Well"-tx-22-"well"-adv-0,"Well"-tx-8-"well"-adj-0]|TX|1443/4;645/4|
00000000|MMI|7.30|Well|C3146287|[mnob]|["Well"-tx-22-"well"-adv-0,"Well"-tx-8-"well"-adj-0]|TX|1443/4;645/4|
00000000|MMI|7.24|Oral|C0442027|[spco]|["PO"-tx-25-"po"-noun-0,"PO"-tx-6-"po"-noun-0]|TX|1837/2;515/2|
00000000|MMI|7.21|day|C0439228|[tmco]|["DAY"-tx-21-"day"-noun-0,"DAY"-tx-13-"day"-adj-0]|TX|1362/3;821/3|
00000000|MMI|7.21|per day|C0439505|[tmco]|["/day"-tx-21-"day"-noun-0,"/day"-tx-13-"day"-adj-0]|TX|1362/3;821/3|
00000000|MMI|7.19|Female Phenotype|C1705498|[qlco]|["Female"-tx-8-"female"-noun-0,"Female"-tx-1-"female"-noun-0]|TX|668/6;235/6|
00000000|MMI|7.19|Female, Self-Report|C1705497|[qlco]|["Female"-tx-8-"female"-noun-0,"Female"-tx-1-"female"-noun-0]|TX|668/6;235/6|
00000000|MMI|7.01|QS -Quantity Sufficient (potency unit)|C1699029|[qnco]|["q.s."-tx-25-"q h"-adv-0,"q.s."-tx-6-"q h"-adv-0]|TX|1840/3;518/3|
00000000|MMI|6.95|/hour|C0564385|[qnco]|["/h"-tx-25-"h"-adv-0,"/h"-tx-6-"h"-adv-0]|TX|1842/1;520/1|
00000000|MMI|6.95|H NOS Antibodies|C0369286|[aapp,imft]|["H NOS"-tx-25-"h"-adv-0,"H NOS"-tx-6-"h"-adv-0]|TX|1842/1;520/1|
00000000|MMI|6.95|Hepatic Involvement|C0441932|[clas]|["H+"-tx-25-"h"-adv-0,"H+"-tx-6-"h"-adv-0]|TX|1842/1;520/1|
00000000|MMI|6.95|Magnesium Cation|C2346927|[elii,phsu]|["Mg++"-tx-25-"mg"-noun-0,"Mg++"-tx-6-"mg"-noun-0]|TX|1834/2;512/2|
00000000|MMI|6.95|Milligram percent|C1960952|[qnco]|["mg %"-tx-25-"mg"-noun-0,"mg %"-tx-6-"mg"-noun-0]|TX|1834/2;512/2|
00000000|MMI|6.95|mg/dL|C0439269|[qnco]|["mg%"-tx-25-"mg"-noun-0,"mg%"-tx-6-"mg"-noun-0]|TX|1834/2;512/2|
00000000|MMI|6.83|Transdermal Patch|C0991556|[medd]|["Patch"-tx-25-"patch"-noun-0]|TX|1884/5|E07.935
00000000|MMI|5.18|30%|C3842588|[fndg]|["30%"-tx-25-"30"-integer-0]|TX|1814/2|
00000000|MMI|5.18|Asthma Pathway|C2984299|[ftcn]|["Asthma"-tx-2-"Asthma"-noun-0]|TX|320/6|
00000000|MMI|5.18|Blood group antibody i|C0370188|[aapp,imft]|["ab i"-tx-4-"AB I"-noun-0]|TX|414/4|
00000000|MMI|5.18|CDISC Findings Class|C3539655|[inpr]|["FINDINGS"-tx-15-"findings"-noun-0]|TX|967/8|
00000000|MMI|5.18|Disposition|C0743223|[idcn]|["Disposition"-tx-24-"DISPOSITION"-noun-0]|TX|1698/11|
00000000|MMI|5.18|Disposition Domain|C1705555|[inpr]|["Disposition"-tx-24-"DISPOSITION"-noun-0]|TX|1698/11|
00000000|MMI|5.18|Endometrial Polyp|C1704273|[neop]|["Endometrial Polyp"-tx-23-"endometrial polyp"-noun-0]|TX|1607/17|
00000000|MMI|5.18|Entire uterus|C1269032|[bpoc]|["Uterus"-tx-9-"Uterus"-noun-0]|TX|677/6|
00000000|MMI|5.18|Estimated blood loss|C1443559|[fndg]|["Estimated blood loss"-tx-16-"Estimated blood loss"-noun-0]|TX|1024/20|
00000000|MMI|5.18|Ferrum metallicum, Homeopathic preparation|C1166521|[phsu]|["iron"-tx-25-"iron"-noun-0]|TX|1865/4|
00000000|MMI|5.18|Hospital course|C0489547|[fndg]|["Hospital course"-tx-13-"HOSPITAL COURSE"-noun-0]|TX|769/15|
00000000|MMI|5.18|Hospital course:Finding:Point in time:^Patient:Narrative|C0488549|[clna]|["Hospital course"-tx-13-"HOSPITAL COURSE"-noun-0]|TX|769/15|
00000000|MMI|5.18|Include (action)|C2700399|[acty]|["Include"-tx-6-"include"-verb-0]|TX|490/7|
00000000|MMI|5.18|Iron Drug Class|C3714701|[phsu]|["IRON"-tx-25-"iron"-noun-0]|TX|1865/4|
00000000|MMI|5.18|Medical History|C0262926|[fndg]|["Past Medical History"-tx-2-"PAST MEDICAL HISTORY"-noun-0]|TX|298/20|
00000000|MMI|5.18|No known drug allergies|C0262581|[fndg]|["No known drug allergies"-tx-7-"NO KNOWN DRUG ALLERGIES"-noun-0]|TX|573/23|
00000000|MMI|5.18|Nodular (qualifier value)|C0205297|[qlco]|["Nodular"-tx-10-"nodular"-adj-0]|TX|717/7|
00000000|MMI|5.18|PMH - past medical history|C0455458|[fndg]|["Past medical history"-tx-2-"PAST MEDICAL HISTORY"-noun-0]|TX|298/20|
00000000|MMI|5.18|Procedure estimated blood loss:Finding:Point in time:^Patient:Narrative|C2926617|[clna]|["Estimated blood loss"-tx-16-"Estimated blood loss"-noun-0]|TX|1024/20|
00000000|MMI|5.18|Procedure findings:Finding:Point in time:^Patient:Narrative|C2926606|[clna]|["Findings"-tx-15-"findings"-noun-0]|TX|967/8|
00000000|MMI|5.18|Proliferative endometrium|C0334186|[bpoc]|["Endometrium, proliferative"-tx-23-"proliferative endometrium"-noun-0]|TX|1579/25|
00000000|MMI|5.18|Quantity Final Containers Returned|C3714905|[qnco]|["Returned"-tx-23-"returned"-verb-0]|TX|1524/8|
00000000|MMI|5.18|Removed|C0849355|[qlco]|["Removed"-tx-21-"removed"-verb-0]|TX|1373/7|
00000000|MMI|5.18|Return to (contextual qualifier) (qualifier value)|C0332156|[qlco]|["Returned"-tx-23-"returned"-verb-0]|TX|1524/8|
00000000|MMI|5.18|Revealed|C0443289|[qlco]|["Revealed"-tx-8-"revealed"-verb-0]|TX|634/8|
00000000|MMI|5.18|Stable Disease|C0677946|[fndg]|["Stable condition"-tx-24-"stable condition"-noun-0]|TX|1749/16|
00000000|MMI|5.18|Stable chronic Graft vs Host Disease|C3538874|[fndg]|["Stable condition"-tx-24-"stable condition"-noun-0]|TX|1749/16|
00000000|MMI|5.18|Total abdominal hysterectomy|C0404079|[topp]|["Total Abdominal Hysterectomy"-tx-14-"total abdominal hysterectomy"-noun-0]|TX|871/28|
00000000|MMI|5.18|Uterine Polyp|C0156369|[neop]|["endometrial polyp"-tx-23-"endometrial polyp"-noun-0]|TX|1607/17|
00000000|MMI|5.18|findings aspects|C2607943|[ftcn]|["findings"-tx-15-"findings"-noun-0]|TX|967/8|
00000000|MMI|5.18|include - SetOperator|C1552866|[idcn]|["include"-tx-6-"include"-verb-0]|TX|490/7|
00000000|MMI|4.19|Discharge to home|C0184713|[topp]|["Discharge to home"-tx-24-"discharged to home"-noun-0]|TX|1727/18|
00000000|MMI|3.78|Past history of|C0332119|[qlco]|["past history"-tx-4-"PAST HISTORY"-noun-0]|TX|364/4,381/7|
00000000|MMI|3.75|Discharge date|C2361123|[tmco]|["Discharge date"-tx-1-"Discharge Date"-noun-0]|TX|152/14|
00000000|MMI|3.75|Discharge date:Time Stamp -- Date and Time:Point in time:^Patient:Quantitative|C2361122|[clna]|["Discharge date"-tx-1-"Discharge Date"-noun-0]|TX|152/14|
00000000|MMI|3.75|Obstetric history|C0425963|[fndg]|["Obstetric history"-tx-4-"OBSTETRICAL HISTORY"-noun-0]|TX|369/19|
00000000|MMI|3.75|Para-ovarian adhesion|C0404467|[patf]|["Para-ovarian adhesion"-tx-23-"paraovarian adhesion"-noun-0]|TX|1675/20|
00000000|MMI|3.75|Registered nurse|C0687673|[prog]|["R.N."-tx-6-"r.n"-adj-0]|TX|547/3|
00000000|MMI|3.74|Five-Day Report|C1708065|[inpr]|["FIVE-DAY"-tx-20-"five days"-noun-0]|TX|1309/4,1328/4|
00000000|MMI|3.68|Abdominal bloating|C1291077|[sosy]|["BLOATING"-tx-12-"bloating"-noun-0]|TX|758/8|
00000000|MMI|3.68|Body tissue patch material|C1533128|[bodm]|["Patch"-tx-25-"patch"-noun-0]|TX|1884/5|
00000000|MMI|3.68|C-Circle|C3538933|[celc]|["CC"-tx-16-"cc"-noun-0]|TX|1053/2|
00000000|MMI|3.68|Hematocrit level|C0518014|[fndg]|["Hematocrit"-tx-19-"hematocrit"-noun-0]|TX|1235/10|
00000000|MMI|3.68|Human patch material|C0445403|[bodm]|["Patch"-tx-25-"patch"-noun-0]|TX|1884/5|
00000000|MMI|3.68|III (suffix)|C1705160|[qlco]|["III"-tx-4-"III"-noun-0]|TX|408/3|
00000000|MMI|3.68|Introitus|C1561522|[bpoc]|["Introitus"-tx-11-"introitus"-noun-0]|TX|733/9|
00000000|MMI|3.68|Patch - Extended Release Film|C1707974|[bodm]|["PATCH"-tx-25-"patch"-noun-0]|TX|1884/5|
00000000|MMI|3.68|Patch Dosing Unit|C1706366|[qnco]|["{Patch}"-tx-25-"patch"-noun-0]|TX|1884/5|
00000000|MMI|3.68|Pathology processes|C0677042|[patf]|["pathology"-tx-23-"pathology"-noun-0]|TX|1514/9|
00000000|MMI|3.68|Plaque (lesion)|C0332461|[fndg]|["Patch"-tx-25-"patch"-noun-0]|TX|1884/5|
00000000|MMI|3.68|Regulatory Report|C3273238|[inpr]|["Report"-tx-27-"Report"-noun-0]|TX|1985/6|
00000000|MMI|3.68|Report (document)|C0684224|[inpr]|["Report"-tx-27-"Report"-noun-0]|TX|1985/6|
00000000|MMI|3.68|Reporting|C0700287|[hlca]|["Report"-tx-27-"Report"-noun-0]|TX|1985/6|
00000000|MMI|3.68|Roman Numeral III|C0439070|[inpr]|["III"-tx-4-"III"-noun-0]|TX|408/3|
00000000|MMI|3.68|Surgical patch|C1305400|[medd]|["Patch"-tx-25-"patch"-noun-0]|TX|1884/5|
00000000|MMI|3.68|Vaginal introitus structure|C0458952|[bsoj]|["Introitus"-tx-11-"introitus"-noun-0]|TX|733/9|
00000000|MMI|3.67|History of present illness|C0262512|[orga]|["HISTORY OF PRESENT ILLNESS"-tx-1-"HISTORY OF PRESENT ILLNESS"-noun-0]|TX|178/26|
00000000|MMI|3.67|History of present illness:Finding:Point in time:^Patient:Nominal:Reported|C0488508|[clna]|["History of present illness"-tx-1-"HISTORY OF PRESENT ILLNESS"-noun-0]|TX|178/26|
00000000|MMI|3.65|Report status|C0586177|[fndg]|["Report status"-tx-1-"Report Status"-noun-0]|TX|128/13|
00000000|MMI|3.64|History of substance abuse|C1299544|[fndg]|["History of drug abuse"-tx-18-"history of drug abuse"-noun-0]|TX|1194/10,1208/10|
00000000|MMI|3.64|Bilateral salpingectomy with oophorectomy|C0195495|[topp]|["Bilateral salpingo-oophorectomy"-tx-14-"bilateral salpingo-oophorectomy"-noun-0]|TX|904/31|
00000000|MMI|3.63|+2|C0740116|[qnco]|["+2"-tx-13-"2"-fraction-0]|TX|845/1|
00000000|MMI|3.63|2+|C3833492|[fndg]|["2+"-tx-13-"2"-fraction-0]|TX|845/1|
00000000|MMI|3.63|2+ Score|C2827735|[qnco]|["2+"-tx-13-"2"-fraction-0]|TX|845/1|
00000000|MMI|3.63|2+ Score, WHO|C2981700|[clas]|["2+"-tx-13-"2"-fraction-0]|TX|845/1|
00000000|MMI|3.63|Admission date:Time Stamp -- Date and Time:Point in time:^Patient:Quantitative|C2598112|[clna]|["Admission date"-tx-1-"Admission Date"-noun-0]|TX|102/14|
00000000|MMI|3.63|Date of admission|C1302393|[tmco]|["Admission date"-tx-1-"Admission Date"-noun-0]|TX|102/14|
00000000|MMI|3.63|P Blood group antibodies|C0369773|[aapp,imft]|["P NOS"-tx-6-"p"-adj-0]|TX|545/1|
00000000|MMI|3.63|P prime|C2603361|[clna]|["P'"-tx-6-"p"-adj-0]|TX|545/1|
00000000|MMI|3.63|Percocet|C0086787|[orch,phsu]|["Percocet"-tx-25-"Percocet"-noun-0]|TX|1803/8|
00000000|MMI|3.63|10 - 12|C3843787|[fndg]|["10 - 12"-tx-1-"10 12"-fraction-0]|TX|43/2,51/2|
00000000|MMI|3.61|Batch (Response Modality)|C1550176|[inpr]|["Batch"-tx-27-"Batch"-noun-0]|TX|1973/5|
00000000|MMI|3.61|Batch (group)|C1948031|[qnco]|["Batch"-tx-27-"Batch"-noun-0]|TX|1973/5|
00000000|MMI|3.61|Batch Number|C3641829|[inpr]|["BATCH"-tx-27-"Batch"-noun-0]|TX|1973/5|
00000000|MMI|3.61|Chronic cervicitis|C0269062|[dsyn]|["Chronic Cervicitis"-tx-23-"chronic cervicitis"-noun-0]|TX|1533/18|
00000000|MMI|3.61|Use of|C1524063|[ftcn]|["Use of"-tx-3-"use of"-noun-0]|TX|345/6|
00000000|MMI|3.60|Retained|C0333118|[ftcn]|["Keep"-tx-20-"kept"-verb-0]|TX|1297/4|
00000000|MMI|3.59|Pyrexia of unknown origin (excl puerperal)|C0856281|[sosy]|["puo"-tx-1-"PUO"-noun-0]|TX|12/3|
00000000|MMI|3.59|Has difficulty doing (qualifier value)|C1299586|[fndg]|["Difficulty"-tx-21-"difficulty"-noun-0]|TX|1412/10|
00000000|MMI|3.58|Section (object)|C1705191|[phob]|["Section"-tx-5-"sections"-noun-0]|TX|453/8|
00000000|MMI|3.58|Section - Geographic Area|C3714523|[geoa]|["Section"-tx-5-"sections"-noun-0]|TX|453/8|
00000000|MMI|3.58|Square Mile|C1552923|[qnco]|["Section"-tx-5-"sections"-noun-0]|TX|453/8|
00000000|MMI|3.58|Transection (procedure)|C0152060|[topp]|["Section, NOS"-tx-5-"sections"-noun-0]|TX|453/8|
00000000|MMI|3.58|section sample|C1522472|[sbst]|["Section"-tx-5-"sections"-noun-0]|TX|453/8|
00000000|MMI|3.58|surgical patients|C0871463|[podg]|["surgical patient"-tx-13-"surgical patient"-noun-0]|TX|825/16|
00000000|MMI|3.57|Immune System Findings Domain|C3539078|[idcn]|["IM"-tx-18-"IM"-noun-0]|TX|1172/2|
00000000|MMI|3.56|dictated - DocumentCompletion|C1609990|[idcn]|["Dictated"-tx-27-"Dictated"-noun-0]|TX|2011/8|
00000000|MMI|3.56|dictated - ParticipationMode|C1548384|[ftcn]|["dictated"-tx-27-"Dictated"-noun-0]|TX|2011/8|
00000000|MMI|3.55|Void - TableFrame|C1552835|[inpr]|["void"-tx-21-"voided"-verb-0]|TX|1397/6|
00000000|MMI|3.55|Home environment|C0442519|[cnce]|["HOME"-tx-22-"home"-noun-0]|TX|1467/4|
00000000|MMI|3.55|Admission activity|C0809949|[hlca]|["Admitted"-tx-13-"admitted"-verb-0]|TX|802/8|
00000000|MMI|3.55|Hospital admission|C0184666|[hlca]|["admitted"-tx-13-"admitted"-verb-0]|TX|802/8|
00000000|MMI|3.55|Same|C0445247|[qlco]|["SAME"-tx-13-"same"-adj-0]|TX|816/4|
00000000|MMI|3.53|Place|C0442504|[spco]|["Place"-tx-17-"placed"-verb-0]|TX|1092/6|
00000000|MMI|3.53|Place - dosing instruction imperative|C1704765|[ftcn]|["Place"-tx-17-"placed"-verb-0]|TX|1092/6|
00000000|MMI|3.53|put - instruction imperative|C1882509|[acty]|["Place"-tx-17-"placed"-verb-0]|TX|1092/6|
00000000|MMI|3.50|1-10|C3843645|[fndg]|["1-10"-tx-27-"1/10"-fraction-0]|TX|1965/4|
00000000|MMI|3.50|Diagnosis Type - Final|C1546485|[idcn]|["Final"-tx-23-"Final"-adj-0]|TX|1508/5|
00000000|MMI|3.50|End-stage|C0205088|[qlco]|["Final"-tx-23-"Final"-adj-0]|TX|1508/5|
00000000|MMI|3.50|Estraderm|C0720290|[horm,orch,phsu]|["Estraderm"-tx-25-"Estraderm"-noun-0]|TX|1874/9|
00000000|MMI|3.50|Final|C3853528|[tmco]|["Final"-tx-23-"Final"-adj-0]|TX|1508/5|
00000000|MMI|3.50|Negative|C0205160|[qlco]|["Negative"-tx-23-"negative"-adj-0]|TX|1648/8|
00000000|MMI|3.50|Negative - answer|C3853545|[qlco]|["Negative"-tx-23-"negative"-adj-0]|TX|1648/8|
00000000|MMI|3.50|Negative Charge|C2825491|[qlco]|["Negative"-tx-23-"negative"-adj-0]|TX|1648/8|
00000000|MMI|3.50|Negative Finding|C1513916|[fndg]|["NEGATIVE"-tx-23-"negative"-adj-0]|TX|1648/8|
00000000|MMI|3.50|Negative Number|C2825415|[cnce]|["Negative"-tx-23-"negative"-adj-0]|TX|1648/8|
00000000|MMI|3.50|Numerous|C0439064|[qnco]|["MULTIPLE"-tx-23-"multiple"-adj-0]|TX|1627/8|
00000000|MMI|3.50|Premenstrual|C0443282|[tmco]|["Premenstrual"-tx-12-"Premenstrual"-adj-0]|TX|745/12|
00000000|MMI|3.50|Small|C0700321|[qnco]|["SMALL"-tx-11-"Small"-adj-0]|TX|727/5|
00000000|MMI|3.48|Body Fluid Discharge|C0012621|[bdsu]|["Discharge"-tx-25-"discharge"-noun-0]|TX|1784/9|
00000000|MMI|3.48|Borg Category-Ratio 10 Perceived Exertion Score 2|C4050469|[inpr]|["Slight"-tx-23-"slight"-adj-0]|TX|1668/6|
00000000|MMI|3.48|Discharge summarization note:Finding:Point in time:{Setting}:Document:{Provider}|C0801840|[clna]|["Discharge summary"-tx-1-"Discharge Summary"-noun-0]|TX|65/17|
00000000|MMI|3.48|Discharge summary|C0743221|[inpr]|["Discharge summary"-tx-1-"Discharge Summary"-noun-0]|TX|65/17|
00000000|MMI|3.48|Discharge, body substance|C2926602|[bdsu]|["Discharge"-tx-25-"discharge"-noun-0]|TX|1784/9|
00000000|MMI|3.48|Fifth|C0205439|[qnco]|["Fifth"-tx-21-"fifth"-noun-0]|TX|1342/5|
00000000|MMI|3.48|Mild (qualifier value)|C2945599|[qlco]|["Slight"-tx-23-"slight"-adj-0]|TX|1668/6|
00000000|MMI|3.48|Obstetrical|C0205484|[ftcn]|["Obstetrical"-tx-4-"OBSTETRICAL"-adj-0]|TX|369/11|
00000000|MMI|3.48|Past|C1444637|[tmco]|["Past"-tx-4-"PAST"-adj-0]|TX|364/4|
00000000|MMI|3.48|Slight (qualifier value)|C2937276|[qlco]|["Slight"-tx-23-"slight"-adj-0]|TX|1668/6|
00000000|MMI|3.47|Before|C0332152|[tmco]|["Prior"-tx-5-"prior"-adj-0]|TX|438/5|
00000000|MMI|3.47|Prior Medication Usage|C2826257|[evnt]|["PRIOR"-tx-5-"prior"-adj-0]|TX|438/5|
00000000|MMI|3.47|Three|C0205449|[qnco]|["Three"-tx-5-"three"-word_numeral-0]|TX|432/5|
00000000|MMI|3.46|Squamous metaplasia|C0025570|[comd]|["Metaplasia, squamous"-tx-23-"squamous metaplasia"-noun-0]|TX|1557/19|
00000000|MMI|3.46|Diagnostic interview schedule|C0451119|[inpr]|["DIS"-tx-1-"DIS"-noun-0]|TX|96/3|
00000000|MMI|3.46|Discontinued|C1444662|[fndg]|["DIS"-tx-1-"DIS"-noun-0]|TX|96/3|
00000000|MMI|3.45|General Anesthesia [PE]|C2930406|[phsf]|["General Anesthesia"-tx-14-"general anesthesia"-noun-0]|TX|942/18|
00000000|MMI|3.45|Normal ovary|C0567261|[fndg]|["normal ovaries"-tx-15-"normal ovaries"-noun-0]|TX|1007/14|
00000000|MMI|3.45|Seven-Day Report|C1710063|[inpr]|["SEVEN-DAY"-tx-22-"day seven"-noun-0]|TX|1489/3,1500/5|
00000000|MMI|3.44|Dysmenorrhea, severe|C1851651|[