00000000|MMI|229.71|Patients|C0030705|[podg]|["*^patient"-tx-58-"patient"-noun-0,"*^patient"-tx-53-"patient's"-noun-0,"*^patient"-tx-50-"patient's"-noun-0,"*^patient"-tx-47-"patient"-noun-0,"*^patient"-tx-45-"patient"-noun-0,"*^patient"-tx-44-"patient"-noun-0,"*^patient"-tx-42-"patient"-noun-0,"*^patient"-tx-40-"patient"-noun-0,"*^patient"-tx-34-"patient"-noun-0,"*^patient"-tx-27-"patient's"-noun-0,"*^patient"-tx-25-"patient"-noun-0,"*^patient"-tx-8-"patient"-noun-0,"*^patient"-tx-4-"patient"-noun-0,"*^patient"-tx-3-"patient"-noun-0]|TX|3922/7;3593/9;3431/9;3305/7;3151/7;3091/7;2998/7;2766/7;2474/7;2123/9;2055/7;1277/7;597/7;515/7|M01.643
00000000|MMI|126.01|Abortion consent:Finding:Point in time:^Patient:Document|C2360836|[clna]|["Patient"-tx-58-"patient"-noun-0,"Patient"-tx-53-"patient's"-noun-0,"Patient"-tx-50-"patient's"-noun-0,"Patient"-tx-47-"patient"-noun-0,"Patient"-tx-45-"patient"-noun-0,"Patient"-tx-44-"patient"-noun-0,"Patient"-tx-42-"patient"-noun-0,"Patient"-tx-40-"patient"-noun-0,"Patient"-tx-34-"patient"-noun-0,"Patient"-tx-27-"patient's"-noun-0,"Patient"-tx-25-"patient"-noun-0,"Patient"-tx-8-"patient"-noun-0,"Patient"-tx-4-"patient"-noun-0,"Patient"-tx-3-"patient"-noun-0]|TX|3922/7;3593/9;3431/9;3305/7;3151/7;3091/7;2998/7;2766/7;2474/7;2123/9;2055/7;1277/7;597/7;515/7|
00000000|MMI|126.01|Hysterectomy consent:Finding:Point in time:^Patient:Document|C2360838|[clna]|["Patient"-tx-58-"patient"-noun-0,"Patient"-tx-53-"patient's"-noun-0,"Patient"-tx-50-"patient's"-noun-0,"Patient"-tx-47-"patient"-noun-0,"Patient"-tx-45-"patient"-noun-0,"Patient"-tx-44-"patient"-noun-0,"Patient"-tx-42-"patient"-noun-0,"Patient"-tx-40-"patient"-noun-0,"Patient"-tx-34-"patient"-noun-0,"Patient"-tx-27-"patient's"-noun-0,"Patient"-tx-25-"patient"-noun-0,"Patient"-tx-8-"patient"-noun-0,"Patient"-tx-4-"patient"-noun-0,"Patient"-tx-3-"patient"-noun-0]|TX|3922/7;3593/9;3431/9;3305/7;3151/7;3091/7;2998/7;2766/7;2474/7;2123/9;2055/7;1277/7;597/7;515/7|
00000000|MMI|126.01|Sterilization consent:Finding:Point in time:^Patient:Document|C2360840|[clna]|["Patient"-tx-58-"patient"-noun-0,"Patient"-tx-53-"patient's"-noun-0,"Patient"-tx-50-"patient's"-noun-0,"Patient"-tx-47-"patient"-noun-0,"Patient"-tx-45-"patient"-noun-0,"Patient"-tx-44-"patient"-noun-0,"Patient"-tx-42-"patient"-noun-0,"Patient"-tx-40-"patient"-noun-0,"Patient"-tx-34-"patient"-noun-0,"Patient"-tx-27-"patient's"-noun-0,"Patient"-tx-25-"patient"-noun-0,"Patient"-tx-8-"patient"-noun-0,"Patient"-tx-4-"patient"-noun-0,"Patient"-tx-3-"patient"-noun-0]|TX|3922/7;3593/9;3431/9;3305/7;3151/7;3091/7;2998/7;2766/7;2474/7;2123/9;2055/7;1277/7;597/7;515/7|
00000000|MMI|74.94|milligram/day|C0439422|[qnco]|["mg/d"-tx-70-"mg d"-noun-0,"mg/d"-tx-67-"mg d"-noun-0,"mg/d"-tx-65-"mg d"-noun-0,"mg/d"-tx-64-"mg d"-noun-0,"mg/d"-tx-63-"mg d"-noun-0,"mg/d"-tx-62-"mg d"-noun-0,"mg/d"-tx-61-"mg d"-noun-0,"mg/d"-tx-21-"mg d"-noun-0,"mg/d"-tx-18-"mg d"-noun-0,"mg/d"-tx-17-"mg d"-noun-0,"mg/d"-tx-14-"mg d"-noun-0,"mg/d"-tx-12-"mg d"-noun-0,"mg/d"-tx-11-"mg d"-noun-0]|TX|4397/2,4409/1;4327/2,4337/1;4283/2,4290/1;4260/2,4265/1;4236/2,4241/1;4184/2,4189/1;4159/2,4164/1;1868/2,1873/1;1793/2,1798/1;1772/2,1777/1;1701/2,1706/1;1642/2,1654/1;1614/2,1626/1|
00000000|MMI|53.84|Aspirin|C0004057|[orch,phsu]|["ASPIRIN"-tx-17-"aspirin"-noun-0,"ASPIRIN"-tx-10-"Aspirin"-noun-0]|TX|1761/7;1523/7|D02.455.426.559.389.657.410.595.176
00000000|MMI|49.63|Mongolia|C0026410|[geoa]|["MG"-tx-65-"mg"-noun-0,"MG"-tx-60-"mg"-noun-0,"MG"-tx-16-"mg"-noun-0,"MG"-tx-15-"mg"-noun-0]|TX|4283/2;4131/2;1749/2;1725/2|Z01.252.474.651
00000000|MMI|37.14|Myocardial Infarction|C0027051|[dsyn]|["Infarction, Myocardial"-tx-46-"myocardial infarction"-noun-1,"Infarction, Myocardial"-tx-8-"myocardial infarction"-noun-0,"Infarction, Myocardial"-tx-4-"myocardial infarction"-noun-1]|TX|3242/21;1233/21;619/21|C14.280.647.500;C14.907.585.500
00000000|MMI|36.80|Diltiazem|C0012373|[orch,phsu]|["DILTIAZEM"-tx-65-"Diltiazem"-noun-0,"DILTIAZEM"-tx-49-"Diltiazem"-noun-0,"DILTIAZEM"-tx-47-"Diltiazem"-noun-0]|TX|4270/9;3415/9;3373/9|D03.438.079.150
00000000|MMI|35.85|Lasix|C0699992|[orch,phsu]|["Lasix"-tx-67-"Lasix"-noun-0,"Lasix"-tx-52-"Lasix"-noun-0]|TX|4318/5;3564/5|D02.065.884.725.300;D02.092.146.807.300;D02.886.590.700.725.300
00000000|MMI|33.21|Asthma|C0004096|[dsyn]|["-- Asthma"-tx-8-"asthma"-noun-1,"-- Asthma"-tx-2-"asthma"-noun-0]|TX|1296/6;436/6|C08.127.108;C08.381.495.108;C08.674.095;C20.543.480.680.095
00000000|MMI|33.21|Gout|C0018099|[dsyn]|["GOUT"-tx-8-"gout"-noun-0,"GOUT"-tx-2-"gout"-noun-0]|TX|1187/4;445/4|C05.550.114.423;C05.799.414;C16.320.565.798.368;C18.452.648.798.368
00000000|MMI|30.37|Knee Replacement Arthroplasty (procedure)|C0086511|[topp]|["Total Knee Replacement"-tx-9-"total knee replacement"-noun-0]|TX|[1334/22],[1455/22]|E04.555.110.110.115;E04.650.110.115;E04.680.101.110.115
00000000|MMI|30.12|Pain|C0030193|[sosy]|["PAIN"-tx-53-"pain"-noun-0]|TX|[3603/4],[3638/4]|C10.597.617;C23.888.592.612;F02.830.816.444;G11.561.600.810.444
00000000|MMI|30.10|Trazodone|C0040805|[orch,phsu]|["TRAZODONE"-tx-71-"Trazodone"-noun-0,"TRAZODONE"-tx-15-"Trazodone"-noun-0]|TX|4414/9;1711/9|D03.383.606.900;D03.383.725.791.900
00000000|MMI|30.01|Cerebrovascular accident|C0038454|[dsyn]|["CEREBROVASCULAR ACCIDENT"-tx-8-"Cerebrovascular accident"-noun-0,"CEREBROVASCULAR ACCIDENT"-tx-2-"cerebrovascular accident"-noun-0]|TX|1034/24;275/24|C10.228.140.300.775;C14.907.253.855
00000000|MMI|29.99|Iodides|C0021966|[inch]|["I-"-tx-65-"i"-adv-0,"I-"-tx-13-"i"-adv-0]|TX|4288/1;1683/1|D01.248.497.158.490;D01.475.410
00000000|MMI|27.33|Pleura|C0032225|[bpoc]|["PLEURA"-tx-57-"pleura"-noun-0,"PLEURA"-tx-5-"pleura"-noun-0]|TX|3896/6;780/6|A04.716;A10.615.789.736
00000000|MMI|26.61|Obesity|C0028754|[dsyn]|["OBESE"-tx-31-"obese"-adj-1]|TX|2322/5|C18.654.726.500;C23.888.144.699.500;E01.370.600.115.100.160.120.699.500;G07.100.100.160.120.699.500
00000000|MMI|24.34|Macrophage Activation Syndrome|C1096155|[dsyn]|["MAS"-tx-5-"mass"-noun-0,"MAS"-tx-4-"mass"-noun-0]|TX|737/4;677/4|C20.683.515.800
00000000|MMI|24.07|Ethanol|C0001962|[orch,phsu]|["ETOH"-tx-8-"ETOH"-noun-0,"ETOH"-tx-2-"ETOH"-noun-0]|TX|1137/4;372/4|D02.033.375;x.x.x.x
00000000|MMI|22.38|Contraceptives, Oral|C0009905|[phsu]|["Pill"-tx-20-"pills"-verb-0]|TX|1840/5|D27.505.696.875.360.276.210;D27.505.954.705.360.276.210
00000000|MMI|21.05|White Blood Cell Count procedure|C0023508|[lbpr]|["Blood Cell Count, White"-tx-37-"White blood cell count"-noun-0]|TX|2564/22|E01.370.225.500.195.107.595;E01.370.225.625.107.595;E05.200.500.195.107.595;E05.200.625.107.595;E05.242.195.107.595;G04.170.107.595;G09.188.105.595
00000000|MMI|20.90|Dilantin|C0699512|[orch,phsu]|["Dilantin"-tx-70-"Dilantin"-noun-0]|TX|4384/8|D03.383.129.308.432.555.730
00000000|MMI|20.88|Antibiotics, Antitubercular|C0003237|[antb]|["Antibiotics"-tx-51-"antibiotics"-noun-0]|TX|3523/11|D27.505.954.122.085.255.135
00000000|MMI|20.84|Subclavian Steal Syndrome|C0038531|[dsyn]|["Subclavian Artery Stenosis"-tx-9-"subclavian artery stenosis"-noun-0]|TX|1387/26|C10.228.140.300.150.956.700;C14.907.253.092.956.700
00000000|MMI|20.78|Digoxin|C0012265|[orch,phsu]|["DIGOXIN"-tx-64-"Digoxin"-noun-0]|TX|4246/7|D04.808.155.580.130.500.436;D04.808.155.580.130.688;D09.408.180.261.436
00000000|MMI|19.45|Escherichia coli|C0014834|[bact]|["E coli"-tx-8-"E coli"-noun-0]|TX|1194/1,1197/4|B03.440.450.425.325.300;B03.660.250.150.180.100
00000000|MMI|18.54|Hypertensive disease|C0020538|[dsyn]|["HYPERTENSION"-tx-8-"hypertension"-noun-0,"HYPERTENSION"-tx-2-"hypertension"-noun-0]|TX|1172/12;410/12|C14.907.489
00000000|MMI|18.52|Historical aspects qualifier|C0019665|[ftcn]|["history"-tx-8-"history"-noun-0,"history"-tx-2-"history"-noun-0]|TX|1126/7;342/7|x.x.x
00000000|MMI|18.22|Colchicine|C0009262|[orch,phsu]|["COLCHICINE"-tx-62-"Colchicine"-noun-0,"COLCHICINE"-tx-21-"Colchicine"-noun-0]|TX|4169/10;1853/10|D03.132.225
00000000|MMI|18.19|Stenosis|C1261287|[patf]|["Stenosis"-tx-9-"stenosis"-noun-0,"Stenosis"-tx-2-"stenosis"-noun-0]|TX|1405/8;492/8|C23.300.287
00000000|MMI|17.87|Azmacort|C0699690|[orch,phsu]|["Azmacort"-tx-16-"Azmacort"-noun-0]|TX|1737/8|D04.808.745.432.915.715;D04.808.908.891.927
00000000|MMI|17.85|Ultram|C0724054|[orch,phsu]|["Ultram"-tx-14-"Ultram"-noun-0]|TX|1690/6|D02.033.415.510.500.802;D02.092.668.387.750;D10.289.510.500.802
00000000|MMI|17.85|Protons|C0033727|[elii]|["H+"-tx-15-"h"-adv-0]|TX|1730/1|D01.248.497.300.459.700;D01.268.406.750;D01.362.340.750;G01.249.765
00000000|MMI|17.82|International Normalized Ratio|C0525032|[lbpr]|["INR"-tx-38-"INR"-noun-0]|TX|2663/3|E01.370.225.625.115.320;E05.200.625.115.320
00000000|MMI|16.52|Calcium Chloride|C0006686|[inch,phsu]|["CALCIUM CHLORIDE"-tx-20-"calcium chloride"-noun-0]|TX|1823/16|D01.146.300;D01.210.450.150.150
00000000|MMI|16.52|Motrin|C0699203|[orch,phsu]|["Motrin"-tx-10-"Motrin"-noun-0]|TX|1579/6|D02.241.223.701.430
00000000|MMI|16.52|Speech|C0037817|[orgf]|["Speech"-tx-36-"Speech"-noun-0]|TX|2527/6|F01.145.209.908.677;G11.561.600.825;L01.143.506.423.676
00000000|MMI|15.20|Respiratory rate|C0231832|[clna]|["Respiratory Rate"-tx-24-"respiratory rate"-noun-0]|TX|2016/16|E01.370.600.875.875;G09.772.770.755.730
00000000|MMI|15.13|Squamous cell carcinoma|C0007137|[neop]|["Squamous Cell Carcinoma"-tx-54-"squamous cell carcinoma"-noun-0]|TX|3696/23|C04.557.470.200.400;C04.557.470.700.400
00000000|MMI|15.13|Ivory Coast|C0022326|[geoa]|["IV"-tx-47-"IV"-noun-0]|TX|3383/2|Z01.058.290.190.272
00000000|MMI|15.13|Pulse Rate|C0232117|[clna]|["PULSE"-tx-24-"pulse"-noun-0]|TX|2005/5|E01.370.600.875.500;G09.330.380.500
00000000|MMI|15.10|Blood Pressure|C0005823|[orgf]|["BLOOD PRESSURE"-tx-24-"Blood pressure"-noun-0]|TX|1981/14|E01.370.600.875.249;G09.330.380.076
00000000|MMI|15.10|Systemic arterial pressure|C1272641|[fndg]|["Blood pressure"-tx-24-"Blood pressure"-noun-0]|TX|1981/14|G09.330.380.076.347
00000000|MMI|15.08|Hematocrit procedure|C0018935|[lbpr]|["Hematocrit"-tx-37-"hematocrit"-noun-0]|TX|2594/10|E01.370.225.625.400;E05.200.625.400;G09.188.370.374
00000000|MMI|15.08|heart rate|C0018810|[clna]|["Heart Rate"-tx-28-"Heart rate"-noun-0]|TX|2156/5,2173/4|E01.370.600.875.500;G09.330.380.500
00000000|MMI|15.07|Primary Care Physicians|C0033131|[prog]|["Primary Care Physician"-tx-59-"primary care physician"-noun-0]|TX|4033/22|M01.526.485.810.800;N02.360.810.795
00000000|MMI|15.05|Adalat|C0590658|[orch,phsu]|["Adalat"-tx-11-"Adalat"-noun-0]|TX|1603/6|D03.383.725.203.540
00000000|MMI|15.04|Sepsis|C0243026|[dsyn]|["SEPSIS"-tx-8-"sepsis"-noun-0]|TX|1204/6|C01.539.757;C23.550.470.790.500
00000000|MMI|15.04|Septicemia|C0036690|[dsyn]|["Sepsis"-tx-8-"sepsis"-noun-0]|TX|1204/6|C01.539.757;C23.550.470.790.500
00000000|MMI|15.03|Chest Pain|C0008031|[sosy]|["CHEST PAIN"-tx-3-"chest pain"-noun-0]|TX|580/10|C10.597.617.192;C23.888.592.612.233
00000000|MMI|15.02|Antibiotics|C0003232|[antb]|["Antibiotics"-tx-51-"antibiotics"-noun-0]|TX|3523/11|D27.505.954.122.085
00000000|MMI|15.02|Reading (activity)|C0034754|[dora]|["Read"-tx-54-"read"-verb-0]|TX|3688/4|L01.143.506.423.557
00000000|MMI|14.96|Mediastinum|C0025066|[blor]|["Mediastinal"-tx-6-"mediastinal"-adj-0]|TX|820/11|A01.923.761.800.500
00000000|MMI|14.96|Seizures|C0036572|[sosy]|["SEIZURE"-tx-2-"seizure"-noun-1]|TX|334/7|C10.228.140.490.631;C10.597.742;C23.888.592.742
00000000|MMI|14.94|Postoperative Period|C0032790|[tmco]|["Postoperative"-tx-50-"postoperative"-adj-0]|TX|3441/13|E04.614.750;N02.421.585.753.750
00000000|MMI|14.92|Albuterol|C0001927|[orch,phsu]|["ALBUTEROL"-tx-60-"Albuterol"-noun-0]|TX|4106/9|D02.033.100.291.057;D02.092.063.291.057;D02.092.471.683.061
00000000|MMI|14.89|Dominican Republic|C0013014|[geoa]|["DR"-tx-40-"Dr"-noun-0]|TX|2921/2|Z01.107.084.900.300;Z01.639.880.300
00000000|MMI|13.77|Medical History|C0262926|[fndg]|["History"-tx-8-"history"-noun-1,"Past Medical History"-tx-8-"PAST MEDICAL HISTORY"-noun-0,"History"-tx-2-"history"-noun-1,"Past Medical History"-tx-2-"past medical history"-noun-0]|TX|1126/7;1012/20;342/7;239/20|
00000000|MMI|13.60|Abdominal Cavity|C0230168|[blor]|["Abdomen"-tx-31-"abdomen"-noun-0]|TX|2310/7|A01.923.047.025
00000000|MMI|13.60|Cardiology discipline|C0007189|[bmod]|["Cardiology"-tx-59-"Cardiology"-noun-0]|TX|4060/10|H02.403.429.163
00000000|MMI|13.60|Epistaxis|C0014591|[patf]|["EPISTAXIS"-tx-10-"epistaxis"-noun-0]|TX|1538/9|C08.460.261;C09.603.261;C23.550.414.712
00000000|MMI|13.60|Etiology|C1314792|[ftcn]|["Causes"-tx-10-"causes"-verb-0]|TX|1531/6|N05.715.350.200;N06.850.490.625
00000000|MMI|13.60|Lymphatic vessel|C0229889|[bpoc]|["Lymphatic"-tx-56-"lymphatic"-adj-0]|TX|3815/9|A15.382.520.301
00000000|MMI|13.60|Pathologic Neovascularization|C0027686|[patf]|["Vascularization"-tx-56-"vascularization"-noun-1]|TX|3828/15|C23.550.589.500
00000000|MMI|13.60|Rales|C0034642|[sosy]|["Crackles"-tx-29-"crackles"-verb-0]|TX|2240/8|C23.888.852.779;E01.370.386.720;G09.772.775
00000000|MMI|13.57|Magnesium Cation|C2346927|[elii,phsu]|["Mg++"-tx-65-"mg"-noun-0,"Mg++"-tx-60-"mg"-noun-0,"Mg++"-tx-16-"mg"-noun-0,"Mg++"-tx-15-"mg"-noun-0]|TX|4283/2;4131/2;1749/2;1725/2|
00000000|MMI|13.57|Milligram percent|C1960952|[qnco]|["mg %"-tx-65-"mg"-noun-0,"mg %"-tx-60-"mg"-noun-0,"mg %"-tx-16-"mg"-noun-0,"mg %"-tx-15-"mg"-noun-0]|TX|4283/2;4131/2;1749/2;1725/2|
00000000|MMI|13.57|mg/dL|C0439269|[qnco]|["mg%"-tx-65-"mg"-noun-0,"mg%"-tx-60-"mg"-noun-0,"mg%"-tx-16-"mg"-noun-0,"mg%"-tx-15-"mg"-noun-0]|TX|4283/2;4131/2;1749/2;1725/2|
00000000|MMI|12.64|History|C0019664|[ocdi]|["History"-tx-8-"history"-noun-0,"History"-tx-2-"history"-noun-0]|TX|1126/7;342/7|K01.400
00000000|MMI|12.20|Blood Platelets|C0005821|[cell]|["Platelets"-tx-37-"platelets"-noun-0]|TX|2612/9|A11.118.188;A15.145.229.188
00000000|MMI|12.20|Glucose|C0017725|[bacs,orch,phsu]|["GLUCOSE"-tx-39-"glucose"-noun-0]|TX|2731/7|D09.546.359.448
00000000|MMI|12.16|Potassium|C0032821|[elii]|["POTASSIUM"-tx-39-"potassium"-noun-0]|TX|2691/9|D01.268.549.550;D01.268.557.575;D01.552.528.652;D01.552.547.650;x.x.x.x
00000000|MMI|12.13|Operating Room|C0029064|[hcro,mnob]|["OPERATING ROOM"-tx-40-"Operating Room"-noun-0]|TX|2843/14|N02.278.388.700
00000000|MMI|12.12|Zantac|C0592278|[orch,phsu]|["Zantac"-tx-12-"Zantac"-noun-0]|TX|1631/6|D03.383.312.750
00000000|MMI|12.12|Sodium|C0037473|[bacs,elii]|["SODIUM"-tx-39-"Sodium"-noun-0]|TX|2676/6|D01.268.549.750;D01.268.557.650;D01.552.528.850;D01.552.547.725;x.x.x.x
00000000|MMI|12.08|Diuresis|C0012797|[ortf]|["Diuresis"-tx-52-"diuresis"-noun-0]|TX|3550/8|G08.852.796.241
00000000|MMI|12.08|Australia|C0004340|[geoa]|["AS"-tx-59-"as"-conj-0]|TX|4017/2|Z01.639.100;Z01.678.100.373
00000000|MMI|12.08|Chest|C0817096|[blor]|["CHEST"-tx-3-"chest"-noun-0]|TX|580/5|A01.923.761;A02.835.232.904
00000000|MMI|12.02|Neoplasm Metastasis|C0027627|[neop]|["metastatic disease"-tx-7-"metastatic disease"-noun-0]|TX|991/18|C04.697.650;C23.550.727.650
00000000|MMI|12.00|Allopurinol|C0002144|[orch,phsu]|["ALLOPURINOL"-tx-61-"Allopurinol"-noun-0]|TX|4143/11|D03.438.759.160
00000000|MMI|11.99|Auscultation|C0004339|[diap]|["AUSCULTATION"-tx-30-"auscultation"-noun-0]|TX|2291/12|E01.370.600.060
00000000|MMI|11.97|CM 2-3|C0649800|[aapp]|["CM 2-3"-tx-5-"2.3 cm"-noun-0]|TX|714/3,724/2|x.x.x.x
00000000|MMI|11.96|Physicians|C0031831|[prog]|["DR"-tx-40-"Dr"-noun-0]|TX|2921/2|M01.526.485.810;N02.360.810
00000000|MMI|11.96|Oral cavity|C0226896|[bsoj]|["MOUTH"-tx-63-"mouth"-noun-0]|TX|4226/5|A01.456.505.631;A03.556.500;A14.549
00000000|MMI|11.04|Negation|C1518422|[ftcn]|["Not"-tx-57-"not"-adv-0,"Not"-tx-43-"not"-adv-0,"Non"-tx-35-"Non"-adj-0]|TX|3881/3;3069/3;2515/3|
00000000|MMI|10.67|Abdomen|C0000726|[blor]|["ABDOMEN"-tx-31-"abdomen"-noun-0]|TX|2310/7|A01.923.047
00000000|MMI|10.67|Chest Tubes|C0008034|[medd]|["Chest Tube"-tx-43-"chest tube"-noun-0]|TX|3021/10|E07.858.150
00000000|MMI|10.67|Cyanosis|C0010520|[sosy]|["CYANOSIS"-tx-33-"cyanosis"-noun-1]|TX|2450/8|C23.888.248
00000000|MMI|10.67|Edema|C0013604|[fndg]|["OEDEMA"-tx-33-"edema"-noun-1]|TX|2462/5|C23.888.277
00000000|MMI|10.67|Etiology aspects|C0015127|[ftcn]|["causes"-tx-10-"causes"-verb-0]|TX|1531/6|x.x.x
00000000|MMI|10.67|Physical Examination|C0031809|[hlca]|["PHYSICAL EXAMINATION"-tx-24-"PHYSICAL EXAMINATION"-noun-0]|TX|1950/20|E01.370.600
00000000|MMI|10.43|Electrocardiogram: myocardial infarction (finding)|C0428953|[lbtr]|["MYOCARDIAL INFARCTION"-tx-46-"myocardial infarction"-noun-1,"MYOCARDIAL INFARCTION"-tx-8-"myocardial infarction"-noun-0,"MYOCARDIAL INFARCTION"-tx-4-"myocardial infarction"-noun-1]|TX|3242/21;1233/21;619/21|
00000000|MMI|10.43|Myocardial Infarction ECG Assessment|C3810814|[diap]|["Myocardial Infarction"-tx-46-"myocardial infarction"-noun-0,"Myocardial Infarction"-tx-8-"myocardial infarction"-noun-0,"Myocardial Infarction"-tx-4-"myocardial infarction"-noun-0]|TX|3242/21;1233/21;619/21|
00000000|MMI|10.43|Myocardial infarction:Finding:Point in time:^Patient:Ordinal|C2926063|[clna]|["Myocardial infarction"-tx-46-"myocardial infarction"-noun-0,"Myocardial infarction"-tx-8-"myocardial infarction"-noun-0,"Myocardial infarction"-tx-4-"myocardial infarction"-noun-0]|TX|3242/21;1233/21;619/21|
00000000|MMI|10.30|Positive|C1446409|[qlco]|["rule"-tx-46-"rule"-noun-0,"Positive"-tx-7-"positive"-adj-0,"ruled"-tx-4-"ruled"-verb-0]|TX|3233/4;903/8;605/5|
00000000|MMI|10.27|Good|C0205170|[qlco]|["Well"-tx-59-"well"-conj-0,"Well"-tx-53-"well"-adj-0,"Well"-tx-42-"well"-adv-0]|TX|4020/4;3612/4;3010/4|
00000000|MMI|10.27|Well|C3146287|[mnob]|["Well"-tx-59-"well"-conj-0,"Well"-tx-53-"well"-adj-0,"Well"-tx-42-"well"-adv-0]|TX|4020/4;3612/4;3010/4|
00000000|MMI|10.26|History of present illness|C0262512|[orga]|["History, NOS"-tx-8-"history"-noun-0,"HISTORY OF PRESENT ILLNESS"-tx-2-"HISTORY OF PRESENT ILLNESS"-noun-0,"History, NOS"-tx-2-"history"-noun-0]|TX|1126/7;173/26;342/7|
00000000|MMI|9.89|0%|C3842591|[fndg]|["0%"-tx-64-"0"-real_number-0,"0%"-tx-54-"0"-real_number-0,"0%"-tx-39-"0"-fraction-0]|TX|4254/1;3724/1;2725/1|
00000000|MMI|9.82|Incision and drainage|C0152277|[topp]|["i d"-tx-66-"i.d"-adv-0,"i d"-tx-65-"i.d"-adv-0,"i d"-tx-19-"i.d"-adv-0]|TX|4311/3;4288/3;1816/3|
00000000|MMI|9.72|Right|C0205090|[spco]|["RIGHT"-tx-9-"Right"-adj-0,"RIGHT"-tx-7-"right"-adj-0,"RIGHT"-tx-4-"right"-noun-0]|TX|1328/5;940/5;666/5|
00000000|MMI|9.72|Right sided|C0444532|[spco]|["Right"-tx-9-"Right"-adj-0,"Right"-tx-7-"right"-adj-0,"Right"-tx-4-"right"-noun-0]|TX|1328/5;940/5;666/5|
00000000|MMI|9.67|Asthma Pathway|C2984299|[ftcn]|["Asthma"-tx-8-"asthma"-noun-0,"Asthma"-tx-2-"asthma"-noun-0]|TX|1296/6;436/6|
00000000|MMI|9.67|Entire pleura|C1279036|[bpoc]|["Pleura"-tx-57-"pleura"-noun-0,"Pleura"-tx-5-"pleura"-noun-0]|TX|3896/6;780/6|
00000000|MMI|9.27|Constitutions|C0009807|[rnlw]|["Constitutions"-tx-6-"constitutions"-noun-0]|TX|832/13|N04.452.150
00000000|MMI|9.27|Malnutrition|C0162429|[dsyn]|["Deficiency"-tx-8-"deficiency"-noun-0]|TX|1159/10|C18.654.521
00000000|MMI|9.27|Pathological aspects|C0205469|[ftcn]|["pathology"-tx-54-"pathology"-noun-0]|TX|3674/9|x.x.x
00000000|MMI|9.27|Pathology|C0030664|[bmod]|["Pathology"-tx-54-"pathology"-noun-0]|TX|3674/9|H02.403.650
00000000|MMI|9.27|deficiency aspects|C1623416|[qlco]|["deficiency"-tx-8-"deficiency"-noun-0]|TX|1159/10|x.x.x
00000000|MMI|9.20|Ambulatory Care Facilities|C0002424|[hcro,mnob]|["Clinic"-tx-24-"Clinic"-noun-0]|TX|1972/6|N02.278.035
00000000|MMI|9.19|Clubbed Fingers|C0009080|[anab]|["Clubbing"-tx-33-"clubbing"-noun-1]|TX|2439/8|C05.116.758;C05.550.684
00000000|MMI|9.19|Complication Aspects|C1171258|[patf]|["complications"-tx-41-"complications"-noun-1]|TX|2960/13|x.x.x
00000000|MMI|9.19|Internal medicine specialty|C0021782|[bmod]|["Internal medicine"-tx-44-"Internal Medicine"-noun-0]|TX|3119/17|H02.403.429
00000000|MMI|9.17|Neurologic Deficits|C0521654|[fndg]|["Neurological deficit"-tx-8-"neurological deficits"-noun-1]|TX|1094/21|C10.597;C23.888.592
00000000|MMI|9.17|Cell Differentiation process|C0007589|[celf]|["Differentiated"-tx-55-"differentiated"-verb-0]|TX|3743/14|G04.299.151
00000000|MMI|9.15|Universities|C0041740|[mnob,orgt]|["University"-tx-3-"University"-noun-0]|TX|547/10|I02.783.830
00000000|MMI|9.05|Heart murmur|C0018808|[fndg]|["murmurs"-tx-28-"murmurs"-noun-1]|TX|2197/7|C23.888.447
00000000|MMI|9.04|Cardiac Arrhythmia|C0003811|[fndg]|["DYSRHYTHMIA"-tx-50-"dysrhythmia"-noun-0]|TX|3495/11|C14.280.067;C23.550.073
00000000|MMI|7.74|Hypersensitivity|C0020517|[patf]|["Allergies"-tx-10-"ALLERGIES"-noun-0]|TX|1512/9|C20.543
00000000|MMI|7.74|Limb structure|C0015385|[bpoc]|["Extremities"-tx-33-"Extremities"-noun-0]|TX|2414/11|A01.378
00000000|MMI|7.74|Lung|C0024109|[bpoc]|["LUNGS"-tx-29-"Lungs"-noun-0]|TX|2225/5|A04.411
00000000|MMI|7.07|Thoracic surgery service|C0587671|[hcro]|["Thoracic surgery service"-tx-59-"Thoracic Surgery Service"-noun-0,"Thoracic surgery service"-tx-40-"Thoracic Surgery Service"-noun-0]|TX|3971/24;2790/24|
00000000|MMI|7.00|Registered nurse|C0687673|[prog]|["R.N."-tx-69-"r.n"-adj-0,"R.N."-tx-16-"r.n"-adj-0]|TX|4377/3;1754/3|
00000000|MMI|6.89|Doctor of Medicine|C1512018|[inpr]|["M.D."-tx-74-"M.D"-noun-0,"M.D."-tx-8-"M.D"-noun-0]|TX|4543/3;1261/3|
00000000|MMI|6.81|Place|C0442504|[spco]|["Place"-tx-46-"placed"-verb-0,"Place"-tx-43-"placed"-verb-0]|TX|3221/6;3041/6|
00000000|MMI|6.81|Place - dosing instruction imperative|C1704765|[ftcn]|["Place"-tx-46-"placed"-verb-0,"Place"-tx-43-"placed"-verb-0]|TX|3221/6;3041/6|
00000000|MMI|6.81|put - instruction imperative|C1882509|[acty]|["Place"-tx-46-"placed"-verb-0,"Place"-tx-43-"placed"-verb-0]|TX|3221/6;3041/6|
00000000|MMI|6.78|P Blood group antibodies|C0369773|[aapp,imft]|["P NOS"-tx-69-"p"-adj-0,"P NOS"-tx-16-"p"-adj-0]|TX|4375/1;1752/1|
00000000|MMI|6.78|P prime|C2603361|[clna]|["P'"-tx-69-"p"-adj-0,"P'"-tx-16-"p"-adj-0]|TX|4375/1;1752/1|
00000000|MMI|6.77|Hypertension Adverse Event|C1963138|[fndg]|["Hypertension"-tx-8-"hypertension"-noun-0,"Hypertension"-tx-2-"hypertension"-noun-0]|TX|1172/12;410/12|
00000000|MMI|6.76|Left|C0205091|[spco]|["LEFT"-tx-9-"left"-noun-0,"LEFT"-tx-9-"left"-verb-0]|TX|[1382/4],[1450/4];[1382/4],[1450/4]|
00000000|MMI|6.76|Left sided|C0443246|[spco]|["Left"-tx-9-"left"-noun-0,"Left"-tx-9-"left"-verb-0]|TX|[1382/4],[1450/4];[1382/4],[1450/4]|
00000000|MMI|6.76|Table Cell Horizontal Align - left|C1552822|[ftcn]|["left"-tx-9-"left"-noun-0,"left"-tx-9-"left"-verb-0]|TX|[1382/4],[1450/4];[1382/4],[1450/4]|
00000000|MMI|6.75|Concept History|C1705255|[cnce]|["History"-tx-8-"history"-noun-0,"History"-tx-2-"history"-noun-0]|TX|1126/7;342/7|
00000000|MMI|6.75|Focal|C0205234|[spco]|["FOCAL"-tx-55-"focal"-adj-0,"FOCAL"-tx-35-"focal"-adj-0]|TX|3763/5;2519/5|
00000000|MMI|6.75|History of previous events|C2004062|[fndg]|["History"-tx-8-"history"-noun-1,"History"-tx-2-"history"-noun-1]|TX|1126/7;342/7|
00000000|MMI|6.73|PMH - past medical history|C0455458|[fndg]|["Past medical history"-tx-8-"PAST MEDICAL HISTORY"-noun-0,"Past medical history"-tx-2-"past medical history"-noun-0]|TX|1012/20;239/20|
00000000|MMI|6.71|4 Hours|C1292426|[tmco]|["4H"-tx-68-"4h"-noun-0,"4H"-tx-60-"4h"-noun-0]|TX|4370/2;4136/2|
00000000|MMI|6.68|Mass of body region|C0577573|[sosy]|["Mass"-tx-5-"mass"-noun-0,"Mass"-tx-4-"mass"-noun-0]|TX|737/4;677/4|
00000000|MMI|6.68|Mass of body structure|C0577559|[fndg]|["MASS"-tx-5-"mass"-noun-0,"MASS"-tx-4-"mass"-noun-0]|TX|737/4;677/4|
00000000|MMI|6.68|Mass, a measure of quantity of matter|C1306372|[qnco]|["*Mass"-tx-5-"mass"-noun-0,"*Mass"-tx-4-"mass"-noun-0]|TX|737/4;677/4|
00000000|MMI|6.68|Milliampere second|C3539882|[qnco]|["mAs"-tx-5-"mass"-noun-0,"mAs"-tx-4-"mass"-noun-0]|TX|737/4;677/4|
00000000|MMI|6.68|Molecular Mass|C3152252|[qnco]|["Mass"-tx-5-"mass"-noun-0,"Mass"-tx-4-"mass"-noun-0]|TX|737/4;677/4|
00000000|MMI|6.64|Severe Extremity Pain|C4050465|[inpr]|["Severe"-tx-3-"severe"-adj-0,"Severe Pain"-tx-3-"severe pain"-noun-0]|TX|573/6;573/6,586/4|
00000000|MMI|6.64|Out (direction)|C0439787|[spco]|["Out"-tx-46-"out"-adv-0,"Out"-tx-4-"out"-adv-0]|TX|3238/3;611/3|
00000000|MMI|6.64|Removed|C0849355|[qlco]|["Out"-tx-46-"out"-adv-0,"Out"-tx-4-"out"-adv-0]|TX|3238/3;611/3|
00000000|MMI|6.63|Normal|C0205307|[qlco]|["Unremarkable"-tx-50-"unremarkable"-adj-0,"NORMAL"-tx-38-"normal"-adj-0]|TX|3474/12;2651/6|
00000000|MMI|6.57|Pain NOS Adverse Event|C1962977|[fndg]|["Pain NOS"-tx-53-"pain"-noun-0]|TX|[3603/4],[3638/4]|
00000000|MMI|6.56|100%|C3817553|[qnco]|["100%"-tx-71-"100"-integer-0,"100%"-tx-15-"100"-integer-0]|TX|4424/3;1721/3|
00000000|MMI|6.53|year|C0439234|[tmco]|["YEAR"-tx-2-"year"-noun-0,"YEARS"-tx-2-"years"-noun-0]|TX|209/4;428/5|
00000000|MMI|6.47|4+ Answer to question|C3838679|[fndg]|["4+"-tx-54-"4"-real_number-0,"4+"-tx-2-"4"-fraction-0]|TX|3722/1;116/1|
00000000|MMI|6.47|Signature|C1519316|[inpr]|["Signed"-tx-2-"Signed"-noun-0]|TX|[85/6],[141/6]|
00000000|MMI|6.47|signed - ParticipationSignature|C1561610|[inpr]|["signed"-tx-2-"Signed"-noun-0]|TX|[85/6],[141/6]|
00000000|MMI|6.46|30%|C3842588|[fndg]|["30%"-tx-65-"30"-integer-0,"30%"-tx-2-"30"-integer-0]|TX|4280/2;425/2|
00000000|MMI|6.45|Blood group antibody I|C0221138|[aapp,imft]|["I NOS"-tx-65-"i"-adv-0,"I NOS"-tx-13-"i"-adv-0]|TX|4288/1;1683/1|
00000000|MMI|6.44|Structure of right lower lobe of lung|C1261075|[bpoc]|["Right lower lobe"-tx-40-"right lower lobe"-noun-0,"Right lower lobe"-tx-5-"right lower lobe"-noun-0]|TX|2891/16;749/16|
00000000|MMI|6.42|Stenosis (invertebrate)|C2632116|[euka]|["Stenosis"-tx-9-"stenosis"-noun-0,"Stenosis"-tx-2-"stenosis"-noun-0]|TX|1405/8;492/8|
00000000|MMI|6.42|Stenosis Morphology|C0678234|[qlco]|["Stenosis"-tx-9-"stenosis"-noun-0,"Stenosis"-tx-2-"stenosis"-noun-0]|TX|1405/8;492/8|
00000000|MMI|6.42|/40|C0439509|[tmco]|["/40"-tx-67-"40"-integer-0,"/40"-tx-52-"40"-integer-0]|TX|4324/2;3570/2|
00000000|MMI|6.42|40%|C3842587|[qnco]|["40%"-tx-67-"40"-integer-0,"40%"-tx-52-"40"-integer-0]|TX|4324/2;3570/2|
00000000|MMI|6.41|Withdraw (activity)|C2349954|[acty]|["Withdrawal"-tx-8-"withdrawal"-noun-0,"Withdrawal"-tx-2-"withdrawal"-noun-0]|TX|1142/10;377/10|
00000000|MMI|6.41|Withdrawal (dysfunction)|C2825032|[mobd]|["Withdrawal"-tx-8-"withdrawal"-noun-0,"Withdrawal"-tx-2-"withdrawal"-noun-0]|TX|1142/10;377/10|
00000000|MMI|6.41|Withdrawal - birth control|C3812880|[fndg]|["Withdrawal"-tx-8-"withdrawal"-noun-0,"Withdrawal"-tx-2-"withdrawal"-noun-0]|TX|1142/10;377/10|
00000000|MMI|6.41|Withdrawal Scale (BASC-2)|C4049634|[inpr]|["Withdrawal"-tx-8-"withdrawal"-noun-0,"Withdrawal"-tx-2-"withdrawal"-noun-0]|TX|1142/10;377/10|
00000000|MMI|6.34|Emotions|C0013987|[menp]|["Emotions"-tx-27-"emotions"-noun-0]|TX|2133/8|F01.470
00000000|MMI|6.21|Woman|C0043210|[popg]|["WOMAN"-tx-2-"woman"-noun-0]|TX|218/5|M01.975
00000000|MMI|6.14|Nebulizers|C0027524|[medd]|["Nebulizers"-tx-60-"nebulizers"-noun-0]|TX|4116/10|E07.605
00000000|MMI|6.11|Lymphadenopathy|C0497156|[fndg]|["ADENOPATHY"-tx-7-"adenopathy"-noun-0]|TX|968/10|C15.604
00000000|MMI|4.81|Alert|C3665546|[ftcn]|["Alert"-tx-34-"alert"-adj-0]|TX|2486/5|
00000000|MMI|4.81|Alert:Type:Point in time:^Patient:Nominal|C3669039|[clna]|["Alert"-tx-34-"alert"-adj-0]|TX|2486/5|
00000000|MMI|4.81|All extremities|C0278454|[bpoc]|["extremities"-tx-33-"Extremities"-noun-0]|TX|2414/11|
00000000|MMI|4.81|Arranged (transportation)|C1546854|[idcn]|["Arranged"-tx-59-"arranged"-verb-0]|TX|4008/8|
00000000|MMI|4.81|As Needed|C1883728|[qlco]|["As Needed"-tx-59-"as needed"-adj-0]|TX|4071/9|
00000000|MMI|4.81|Assisted (qualifier value)|C1269765|[qlco]|["Assisted"-tx-40-"assisted"-verb-0]|TX|2870/8|
00000000|MMI|4.81|Attending (action)|C1999232|[ftcn]|["attending"-tx-73-"Attending"-noun-0]|TX|4516/9|
00000000|MMI|4.81|Attending (provider role)|C1547429|[prog]|["Attending"-tx-73-"Attending"-noun-0]|TX|4516/9|
00000000|MMI|4.81|Base|C0178499|[chvf]|["bases"-tx-30-"bases"-noun-0]|TX|2271/5|
00000000|MMI|4.81|Basilar Rales|C0240859|[fndg]|["Crackles"-tx-29-"crackles"-verb-0]|TX|2240/8|
00000000|MMI|4.81|Blood coagulation status|C1321069|[fndg]|["Coagulation status"-tx-38-"Coagulation status"-noun-0]|TX|2628/18|
00000000|MMI|4.81|CDISC SDTM Procedure Terminology|C3539779|[inpr]|["Procedure"-tx-41-"procedure"-noun-0]|TX|2937/9|
00000000|MMI|4.81|Cardiology service|C3887620|[hcro]|["Cardiology"-tx-59-"Cardiology"-noun-0]|TX|4060/10|
00000000|MMI|4.81|Clinical Study Follow-up|C3274571|[hlca]|["FOLLOW-UP"-tx-59-"FOLLOW-UP"-adj-0]|TX|3955/9|
00000000|MMI|4.81|Consciousness clear|C0239110|[fndg]|["ALERT"-tx-34-"alert"-adj-0]|TX|2486/5|
00000000|MMI|4.81|Container status - Identified|C1550043|[fndg]|["Identified"-tx-56-"identified"-verb-1]|TX|3848/10|
00000000|MMI|4.81|Deficit|C2987487|[qlco]|["deficits"-tx-2-"deficits"-noun-0]|TX|323/8|
00000000|MMI|4.81|Deny (action)|C2700401|[acty]|["Deny"-tx-8-"denies"-verb-0]|TX|1285/6|
00000000|MMI|4.81|Disposition|C0743223|[idcn]|["Disposition"-tx-58-"DISPOSITION"-noun-0]|TX|3905/11|
00000000|MMI|4.81|Disposition Domain|C1705555|[inpr]|["Disposition"-tx-58-"DISPOSITION"-noun-0]|TX|3905/11|
00000000|MMI|4.81|Edema:Finding:Point in time:^Patient:Ordinal|C1717255|[clna]|["Edema"-tx-33-"edema"-noun-0]|TX|2462/5|
00000000|MMI|4.81|Entire abdomen|C1281594|[bpoc]|["Abdomen"-tx-31-"abdomen"-noun-0]|TX|2310/7|
00000000|MMI|4.81|Extensive Necrosis|C1517029|[fndg]|["Extensive Necrosis"-tx-55-"extensive necrosis"-noun-0]|TX|3791/18|
00000000|MMI|4.81|Fine - adjective|C0205232|[qlco]|["Fine"-tx-29-"fine"-adj-0]|TX|2235/4|
00000000|MMI|4.81|Follow-Up Report|C1704685|[inpr]|["Follow-Up"-tx-59-"FOLLOW-UP"-adj-0]|TX|3955/9|
00000000|MMI|4.81|Follow-up status|C0589120|[fndg]|["Follow-up"-tx-59-"FOLLOW-UP"-adj-0]|TX|3955/9|
00000000|MMI|4.81|Gastrointestinal Leak Adverse Event NOS|C1608322|[fndg]|["Leak NOS"-tx-43-"leak"-noun-1]|TX|3080/4|
00000000|MMI|4.81|Gender Status - Intact|C1554187|[fndg]|["Intact"-tx-27-"intact"-adj-0]|TX|2147/6|
00000000|MMI|4.81|General medical service|C3812897|[hlca]|["General"-tx-25-"general"-adj-0]|TX|2041/7|
00000000|MMI|4.81|Generalized|C0205246|[spco]|["General"-tx-25-"general"-adj-0]|TX|2041/7|
00000000|MMI|4.81|H/O: surgery|C0455610|[fndg]|["Past surgical history"-tx-9-"PAST SURGICAL HISTORY"-noun-0]|TX|1305/21|
00000000|MMI|4.81|Home environment|C0442519|[cnce]|["HOME"-tx-52-"home"-noun-0]|TX|3582/4|
00000000|MMI|4.81|Hospital course|C0489547|[fndg]|["Hospital course"-tx-40-"HOSPITAL COURSE"-noun-0]|TX|2745/15|
00000000|MMI|4.81|Hospital course:Finding:Point in time:^Patient:Narrative|C0488549|[clna]|["Hospital course"-tx-40-"HOSPITAL COURSE"-noun-0]|TX|2745/15|
00000000|MMI|4.81|Identified|C0205396|[qlco]|["Identified"-tx-56-"identified"-verb-0]|TX|3848/10|
00000000|MMI|4.81|Include (action)|C2700399|[acty]|["Include"-tx-2-"includes"-verb-0]|TX|266/8|
00000000|MMI|4.81|Including (qualifier)|C0332257|[ftcn]|["include"-tx-2-"includes"-verb-0]|TX|266/8|
00000000|MMI|4.81|Intact|C0205266|[qlco]|["Intact"-tx-27-"intact"-adj-0]|TX|2147/6|
00000000|MMI|4.81|Interventional procedure|C0184661|[topp]|["Procedure"-tx-41-"procedure"-noun-0]|TX|2937/9|
00000000|MMI|4.81|Involvement with|C1314939|[ftcn]|["Involving"-tx-5-"involving"-verb-0]|TX|766/9|
00000000|MMI|4.81|Laboratory Data Domain|C1705214|[idcn]|["Laboratory Data"-tx-37-"LABORATORY DATA"-noun-0]|TX|2547/15|
00000000|MMI|4.81|Laboratory Procedures|C0022885|[lbpr]|["Tests"-tx-7-"Tests"-noun-0]|TX|892/5|
00000000|MMI|4.81|Leakage Associated with Medical Device|C1881366|[phpr]|["Leak"-tx-43-"leak"-noun-0]|TX|3080/4|
00000000|MMI|4.81|Leaking|C0332234|[ftcn]|["Leak"-tx-43-"leak"-noun-0]|TX|3080/4|
00000000|MMI|4.81|Legal fine|C0687757|[rnlw]|["fine"-tx-29-"fine"-adj-0]|TX|2235/4|
00000000|MMI|4.81|Lymphatic|C1522604|[qlco]|["Lymphatic"-tx-56-"lymphatic"-adj-0]|TX|3815/9|
00000000|MMI|4.81|Medication.discharge|C0806915|[fndg]|["Discharge medications"-tx-60-"DISCHARGE MEDICATIONS"-noun-0]|TX|4083/21|
00000000|MMI|4.81|Medications:-:Point in time:^Patient:-|C2598133|[clna]|["Medications"-tx-11-"MEDICATIONS"-noun-0]|TX|1590/11|
00000000|MMI|4.81|Medications:Presence or Identity:Duration of the study:^Patient:Nominal|C0802604|[clna]|["Medications"-tx-11-"MEDICATIONS"-noun-0]|TX|1590/11|
00000000|MMI|4.81|Moderate (severity modifier)|C0205081|[qlco]|["Moderately"-tx-55-"moderately"-adv-0]|TX|3732/10|
00000000|MMI|4.81|Moderation|C1881878|[qlco]|["Moderately"-tx-55-"moderately"-adv-0]|TX|3732/10|
00000000|MMI|4.81|Neoplasms|C0027651|[neop]|["Tumour NOS"-tx-57-"Tumor"-noun-0]|TX|3861/5|C04
00000000|MMI|4.81|PRN (schedule frequency)|C1879745|[tmco]|["As needed"-tx-59-"as needed"-adj-0]|TX|4071/9|
00000000|MMI|4.81|Percocet|C0086787|[orch,phsu]|["Percocet"-tx-53-"Percocet"-noun-0]|TX|3657/8|
00000000|MMI|4.81|Pharmaceutical Preparations|C0013227|[phsu]|["Medications"-tx-11-"MEDICATIONS"-noun-0]|TX|1590/11|D26
00000000|MMI|4.81|Physical Medical Procedure|C3274430|[hlca]|["PROCEDURE"-tx-41-"procedure"-noun-0]|TX|2937/9|
00000000|MMI|4.81|Pill Dosing Unit|C4050367|[qnco]|["Pill"-tx-20-"pills"-verb-0]|TX|1840/5|
00000000|MMI|4.81|Pills|C0994475|[bodm]|["Pills"-tx-20-"pills"-verb-0]|TX|1840/5|
00000000|MMI|4.81|Plain chest X-ray|C0039985|[diap]|["Chest X-ray"-tx-4-"chest x-ray"-noun-0]|TX|645/11|
00000000|MMI|4.81|Posterior chest wall|C0230131|[blor]|["Posterior chest"-tx-29-"posterior chest"-noun-0]|TX|2249/15|
00000000|MMI|4.81|Procedure (set of actions)|C2700391|[acty]|["Procedure"-tx-41-"procedure"-noun-0]|TX|2937/9|
00000000|MMI|4.81|Procedure Domain|C3538935|[inpr]|["Procedure"-tx-41-"procedure"-noun-0]|TX|2937/9|
00000000|MMI|4.81|Removal of ovarian cyst|C0195488|[topp]|["ovarian cyst excision"-tx-9-"ovarian cyst excision"-noun-0]|TX|1488/21|
00000000|MMI|4.81|Renal angle tenderness|C0235634|[sosy]|["COSTOVERTEBRAL ANGLE TENDERNESS"-tx-32-"costovertebral angle tenderness"-noun-1]|TX|2380/31|
00000000|MMI|4.81|Requirement|C1514873|[ftcn]|["Required"-tx-52-"required"-verb-0]|TX|3541/8|
00000000|MMI|4.81|Revealed|C0443289|[qlco]|["Revealed"-tx-5-"revealed"-verb-0]|TX|703/8|
00000000|MMI|4.81|Rubs|C3842105|[fndg]|["Rubs"-tx-28-"rubs"-verb-1]|TX|2218/4|
00000000|MMI|4.81|Safety Reporting Documentation|C3891294|[inpr]|["General"-tx-25-"general"-adj-0]|TX|2041/7|
00000000|MMI|4.81|Science of Etiology|C1524003|[cnce]|["Cause"-tx-10-"causes"-verb-0]|TX|1531/6|
00000000|MMI|4.81|Speaker Device Component|C1707716|[mnob]|["Speaker"-tx-41-"Speaker"-noun-0]|TX|2925/7|
00000000|MMI|4.81|Specimen Source Codes - tumor|C1578706|[inpr]|["Tumor"-tx-57-"Tumor"-noun-0]|TX|3861/5|
00000000|MMI|4.81|Squamous cell carcinoma of lung|C0149782|[neop]|["Squamous Cell Carcinoma of the Lung"-tx-72-"SQUAMOUS CELL CARCINOMA OF THE LUNG"-noun-0]|TX|4465/35|
00000000|MMI|4.81|Structure of right thigh|C0230425|[bpoc]|["RT"-tx-1-"RT"-noun-0]|TX|64/2|
00000000|MMI|4.81|Surgical and medical procedures|C1948041|[topp]|["Procedure"-tx-41-"procedure"-noun-0]|TX|2937/9|
00000000|MMI|4.81|Tests (qualifier value)|C0392366|[inpr]|["Tests"-tx-7-"Tests"-noun-0]|TX|892/5|
00000000|MMI|4.81|Tumor Mass|C3273930|[fndg]|["Tumor"-tx-57-"Tumor"-noun-0]|TX|3861/5|
00000000|MMI|4.81|Unit dose - Base|C1626935|[qnco]|["Bases"-tx-30-"bases"-noun-0]|TX|2271/5|
00000000|MMI|4.81|Use of|C1524063|[ftcn]|["Using"-tx-47-"using"-verb-0]|TX|3367/5|
00000000|MMI|4.81|Vascularization|C0042382|[ftcn]|["Vascularization"-tx-56-"vascularization"-noun-0]|TX|3828/15|
00000000|MMI|4.81|Video Media|C3463807|[inpr]|["Video"-tx-40-"video"-noun-0]|TX|2864/5|
00000000|MMI|4.81|Views:Finding:Point in time:Chest:Narrative:XR|C1114557|[clna]|["Chest X-ray"-tx-4-"chest x-ray"-noun-0]|TX|645/11|
00000000|MMI|4.81|discharge diagnosis|C1555319|[fndg]|["Discharge diagnosis"-tx-72-"DISCHARGE DIAGNOSIS"-noun-0]|TX|4444/19|
00000000|MMI|4.81|follow-up|C1522577|[hlca]|["Follow Up"-tx-59-"FOLLOW-UP"-adj-0]|TX|3955/9|
00000000|MMI|4.81|include - SetOperator|C1552866|[idcn]|["include"-tx-2-"includes"-verb-0]|TX|266/8|
00000000|MMI|4.81|videocassette|C0042655|[mnob]|["Video"-tx-40-"video"-noun-0]|TX|2864/5|
00000000|MMI|3.89|Discharge to home|C0184713|[topp]|["Discharge to home"-tx-58-"discharged to home"-noun-0]|TX|3934/18|
00000000|MMI|3.69|Show|C1547282|[anim]|["Show"-tx-4-"showed"-verb-0]|TX|657/6|
00000000|MMI|3.55|fluency|C0870569|[qlco]|["fluency"-tx-36-"fluent"-adj-0]|TX|2538/6|
00000000|MMI|3.48|Breaths:Number = Count/Time:Point in time:Respiratory system:Quantitative|C0489258|[clna]|["Respiratory rate"-tx-24-"respiratory rate"-noun-0]|TX|2016/16|
00000000|MMI|3.48|Discharge date|C2361123|[tmco]|["Discharge date"-tx-2-"Discharge Date"-noun-0]|TX|148/14|
00000000|MMI|3.48|Discharge date:Time Stamp -- Date and Time:Point in time:^Patient:Quantitative|C2361122|[clna]|["Discharge date"-tx-2-"Discharge Date"-noun-0]|TX|148/14|
00000000|MMI|3.48|Lung mass|C0149726|[fndg]|["LUNG MASS"-tx-4-"lung mass"-noun-0]|TX|672/9|
00000000|MMI|3.48|White blood cell count laboratory result|C0427512|[lbtr]|["white blood cell count"-tx-37-"White blood cell count"-noun-0]|TX|2564/22|
00000000|MMI|3.47|Seen by cardiology service|C0583691|[fndg]|["Seen by cardiology service"-tx-46-"seen by Cardiology Service"-noun-1]|TX|3268/7,3280/18|
00000000|MMI|3.44|Magnesium Oxide 40 MG|C2979623|[clnd]|["Magnesium Oxide 40 MG"-tx-13-"Magnesium Oxide 40 mg"-noun-0]|TX|1659/21|
00000000|MMI|3.42|Milligram per Second|C2827883|[qnco]|["mg/s"-tx-71-"mg p"-noun-0]|TX|4428/4|
00000000|MMI|3.42|Squamous cell carcinoma - category|C1302853|[neop]|["Squamous cell carcinoma"-tx-54-"squamous cell carcinoma"-noun-0]|TX|3696/23|
00000000|MMI|3.42|% index|C1637833|[qnco]|["% index"-tx-75-"Index"-noun-0]|TX|4576/5|
00000000|MMI|3.42|Deficiency|C0011155|[ftcn]|["Deficiency"-tx-8-"deficiency"-noun-0]|TX|1159/10|
00000000|MMI|3.42|Hilar|C0205150|[spco]|["HILAR"-tx-6-"hilar"-adj-0]|TX|810/5|
00000000|MMI|3.42|Html Link Type - index|C1552854|[idcn]|["index"-tx-75-"Index"-noun-0]|TX|4576/5|
00000000|MMI|3.42|Index|C0918012|[inpr]|["Index"-tx-75-"Index"-noun-0]|TX|4576/5|
00000000|MMI|3.42|Pathology processes|C0677042|[patf]|["pathology"-tx-54-"pathology"-noun-0]|TX|3674/9|
00000000|MMI|3.42|Physiologic pulse|C0391850|[phsf]|["Pulse"-tx-24-"pulse"-noun-0]|TX|2005/5|
00000000|MMI|3.42|Platelets Adverse Event|C1963076|[fndg]|["Platelets"-tx-37-"platelets"-noun-0]|TX|2612/9|
00000000|MMI|3.42|Pulse phenomenon|C1947910|[phpr]|["Pulse"-tx-24-"pulse"-noun-0]|TX|2005/5|
00000000|MMI|3.42|Since|C1711239|[tmco]|["Since"-tx-2-"since"-adv-0]|TX|395/5|
00000000|MMI|3.41|History of present illness:Finding:Point in time:^Patient:Nominal:Reported|C0488508|[clna]|["History of present illness"-tx-2-"HISTORY OF PRESENT ILLNESS"-noun-0]|TX|173/26|
00000000|MMI|3.41|Repair of subclavian artery|C3472462|[topp]|["Repair of subclavian artery"-tx-2-"repair of subclavian artery"-noun-0]|TX|464/27|
00000000|MMI|3.39|Docusate Sodium 100 MG|C3153447|[clnd]|["Docusate Sodium 100 MG"-tx-66-"Colace 100 mg"-noun-0]|TX|4295/13|
00000000|MMI|3.39|Blood Urea Nitrogen To Creatinine Ratio Measurement|C2698527|[lbpr]|["BUN/Creatinine"-tx-39-"BUN/creatinine"-noun-0]|TX|2707/14|
00000000|MMI|3.39|Blood pressure finding|C1271104|[fndg]|["Blood Pressure"-tx-24-"Blood pressure"-noun-0]|TX|1981/14|
00000000|MMI|3.39|Cyproheptadine hydrochloride 4 MG|C2723128|[clnd]|["Cyproheptadine hydrochloride 4 MG"-tx-22-"cyproheptadine hydrochloride 4 mg"-noun-0]|TX|1878/33|
00000000|MMI|3.39|Report status|C0586177|[fndg]|["Report status"-tx-2-"Report Status"-noun-0]|TX|126/13|
00000000|MMI|3.38|Normal sinus rhythm|C0232202|[fndg]|["NORMAL SINUS RHYTHM"-tx-47-"normal sinus rhythm"-noun-0]|TX|3347/19|
00000000|MMI|3.38|Rapid atrial fibrillation|C1281999|[dsyn]|["Rapid atrial fibrillation"-tx-45-"rapid atrial fibrillation"-noun-0]|TX|3169/25|
00000000|MMI|3.38|dictated - DocumentCompletion|C1609990|[idcn]|["Dictated"-tx-73-"Dictated"-verb-0]|TX|4503/8|
00000000|MMI|3.38|dictated - ParticipationMode|C1548384|[ftcn]|["dictated"-tx-73-"Dictated"-verb-0]|TX|4503/8|
00000000|MMI|3.37|+5|C0728893|[qnco]|["+5"-tx-76-"5"-fraction-0]|TX|4610/1|
00000000|MMI|3.37|29+|C3843708|[fndg]|["29+"-tx-40-"29"-fraction-0]|TX|2820/2|
00000000|MMI|3.37|>5|C0439084|[qnco]|[">5"-tx-76-"5"-fraction-0]|TX|4610/1|
00000000|MMI|3.37|Admission date:Time Stamp -- Date and Time:Point in time:^Patient:Quantitative|C2598112|[clna]|["Admission date"-tx-2-"Admission Date"-noun-0]|TX|100/14|
00000000|MMI|3.37|Course|C0750729|[tmco]|["Course"-tx-50-"course"-noun-0]|TX|3455/6|
00000000|MMI|3.37|Date of admission|C1302393|[tmco]|["Admission date"-tx-2-"Admission Date"-noun-0]|TX|100/14|
00000000|MMI|3.37|Evaluation and management note:Finding:Point in time:{Setting}:Document:{Provider}|C1316572|[clna]|["Note"-tx-8-"note"-noun-0]|TX|1266/4|
00000000|MMI|3.37|Hematocrit level|C0518014|[fndg]|["Hematocrit"-tx-37-"hematocrit"-noun-0]|TX|2594/10|
00000000|MMI|3.37|Note (document)|C1317574|[inpr]|["Note"-tx-8-"note"-noun-0]|TX|1266/4|
00000000|MMI|3.37|Orientation (spatial)|C1704322|[spco]|["Oriented"-tx-34-"oriented"-adj-0]|TX|2496/8|
00000000|MMI|3.37|Oriented to place|C1961028|[fndg]|["Oriented"-tx-34-"oriented"-adj-0]|TX|2496/8|
00000000|MMI|3.37|Potassium Drug Class|C3714637|[phsu]|["POTASSIUM"-tx-39-"potassium"-noun-0]|TX|2691/9|
00000000|MMI|3.37|Potassium Ion|C0597277|[elii,phsu]|["Potassium"-tx-39-"potassium"-noun-0]|TX|2691/9|
00000000|MMI|3.37|Potassium measurement|C0202194|[lbpr]|["Potassium+"-tx-39-"potassium"-noun-0]|TX|2691/9|
00000000|MMI|3.37|Potassium supplement|C0304475|[inch,phsu]|["POTASSIUM"-tx-39-"potassium"-noun-0]|TX|2691/9|
00000000|MMI|3.37|Three|C0205449|[qnco]|["Three"-tx-34-"three"-word_numeral-0]|TX|2507/5|
00000000|MMI|3.35|Batch (Response Modality)|C1550176|[inpr]|["Batch"-tx-75-"Batch"-noun-0]|TX|4563/5|
00000000|MMI|3.35|Batch (group)|C1948031|[qnco]|["Batch"-tx-75-"Batch"-noun-0]|TX|4563/5|
00000000|MMI|3.35|Batch Number|C3641829|[inpr]|["BATCH"-tx-75-"Batch"-noun-0]|TX|4563/5|
00000000|MMI|3.35|Nasal Spray|C0461725|[bodm]|["Nasal Spray"-tx-19-"nose spray"-noun-0]|TX|1803/10|
00000000|MMI|3.35|Zantac 150|C0724451|[orch,phsu]|["Zantac 150"-tx-12-"Zantac 150"-noun-0]|TX|1631/10|
00000000|MMI|3.35|Consistent with|C0332290|[idcn]|["Consistent with"-tx-6-"consistent with"-adj-0]|TX|846/15|
00000000|MMI|3.35|Patient location type - Operating Room|C1578465|[spco]|["Operating Room"-tx-40-"Operating Room"-noun-0]|TX|2843/14|
00000000|MMI|3.35|Secondary to|C0175668|[tmco]|["Secondary to"-tx-2-"secondary to"-adj-0]|TX|359/12|
00000000|MMI|3.35|Clinic|C0442592|[hcro,mnob]|["Clinic"-tx-24-"Clinic"-noun-0]|TX|1972/6|
00000000|MMI|3.35|controlled with medications|C0742801|[qlco]|["controlled with medications"-tx-53-"controlled with medications"-noun-0]|TX|3617/15,3643/11|
00000000|MMI|3.33|Pyrexia of unknown origin (excl puerperal)|C0856281|[sosy]|["puo"-tx-1-"PUO"-noun-0]|TX|12/3|
00000000|MMI|3.33|Chest CT|C0202823|[diap]|["Chest CT"-tx-5-"chest CT"-noun-0]|TX|686/8|
00000000|MMI|3.33|Clear|C2963144|[qlco]|["Clear"-tx-30-"clear"-adj-0]|TX|2282/5|
00000000|MMI|3.33|Clubbing|C0149651|[sosy]|["CLUBBING"-tx-33-"clubbing"-noun-1]|TX|2439/8|
00000000|MMI|3.33|Combined|C0205195|[qlco]|["Combination"-tx-10-"combination"-noun-0]|TX|1562/11|
00000000|MMI|3.33|Complication|C0009566|[patf]|["Complications"-tx-41-"complications"-noun-1]|TX|2960/13|
00000000|MMI|3.33|Followed by|C0332283|[tmco]|["Followed by"-tx-44-"followed by"-verb-0]|TX|3103/11|
00000000|MMI|3.33|Internal medicine physicians|C1555750|[prog]|["Internal Medicine"-tx-44-"Internal Medicine"-noun-0]|TX|3119/17|
00000000|MMI|3.33|Multisection:Finding:Point in time:Chest:Narrative:COMPUTERIZED TOMOGRAPHY|C0881858|[clna]|["Chest CT"-tx-5-"chest CT"-noun-0]|TX|686/8|
00000000|MMI|3.33|Negative Surgical Margin|C1709157|[fndg]|["Clear"-tx-30-"clear"-adj-0]|TX|2282/5|
00000000|MMI|3.33|Non-tender|C0520960|[qlco]|["Non-tender"-tx-31-"non-tender"-adj-0]|TX|2337/10|
00000000|MMI|3.33|Sepsis (Invertebrate)|C1090821|[euka]|["Sepsis"-tx-8-"sepsis"-noun-0]|TX|1204/6|
00000000|MMI|3.33|Sodium Cation|C0597484|[elii]|["Sodium+"-tx-39-"Sodium"-noun-0]|TX|2676/6|
00000000|MMI|3.33|Sodium Drug Class|C3714642|[phsu]|["SODIUM"-tx-39-"Sodium"-noun-0]|TX|2676/6|
00000000|MMI|3.33|Sodium supplements|C3541959|[phsu]|["Sodium"-tx-39-"Sodium"-noun-0]|TX|2676/6|
00000000|MMI|3.33|combination - answer to question|C3811910|[fndg]|["Combination"-tx-10-"combination"-noun-0]|TX|1562/11|
00000000|MMI|3.33|combination of objects|C1947911|[phob]|["Combination"-tx-10-"combination"-noun-0]|TX|1562/11|
00000000|MMI|3.32|1-2|C3843716|[fndg]|["1-2"-tx-3-"1/2"-fraction-0]|TX|564/3|
00000000|MMI|3.32|1/2|C0580272|[inpr]|["1/2"-tx-3-"1/2"-fraction-0]|TX|564/3|
00000000|MMI|3.32|Chest pain:Finding:Point in time:^Patient:Ordinal|C2926613|[clna]|["Chest pain"-tx-3-"chest pain"-noun-0]|TX|580/10|
00000000|MMI|3.32|Phase I/II Trial|C1519043|[resa]|["1-2"-tx-3-"1/2"-fraction-0]|TX|564/3|
00000000|MMI|3.32|Severe pain|C0278140|[fndg]|["Severe pain"-tx-3-"severe pain"-noun-0]|TX|573/6,586/4|
00000000|MMI|3.31|Bypass|C0741847|[topp]|["Bypass"-tx-9-"bypassed"-noun-0]|TX|1416/8|
00000000|MMI|3.31|Antibiotic throat preparations|C3540706|[antb]|["Antibiotics"-tx-51-"antibiotics"-noun-0]|TX|3523/11|
00000000|MMI|3.31|Antibiotics FOR TREATMENT OF HEMORRHOIDS AND ANAL FISSURES FOR TOPICAL USE|C3540707|[antb]|["Antibiotics"-tx-51-"antibiotics"-noun-0]|TX|3523/11|
00000000|MMI|3.31|Antibiotics for systemic use|C3540704|[antb]|["Antibiotics"-tx-51-"antibiotics"-noun-0]|TX|3523/11|
00000000|MMI|3.31|Antibiotics, Gynecological|C3540708|[antb]|["Antibiotics"-tx-51-"antibiotics"-noun-0]|TX|3523/11|
00000000|MMI|3.31|Antibiotics, ophthalmologic|C3540710|[antb]|["Antibiotics"-tx-51-"antibiotics"-noun-0]|TX|3523/11|
00000000|MMI|3.31|Antifungal Antibiotics, Topical|C3540705|[antb]|["Antibiotics"-tx-51-"antibiotics"-noun-0]|TX|3523/11|
00000000|MMI|3.31|Characterization|C1880022|[acty]|["Characterization"-tx-55-"characterization"-noun-0]|TX|3769/16|
00000000|MMI|3.31|Cyproheptadine hydrochloride|C0354872|[orch,phsu]|["CYPROHEPTADINE HYDROCHLORIDE"-tx-63-"cyproheptadine hydrochloride"-noun-0]|TX|4194/28|
00000000|MMI|3.31|Positive Charge|C2825490|[qlco]|["Positive"-tx-7-"positive"-adj-0]|TX|903/8|
00000000|MMI|3.31|Positive Finding|C1514241|[fndg]|["POSITIVE"-tx-7-"positive"-adj-0]|TX|903/8|
00000000|MMI|3.31|Positive Number|C3812269|[cnce]|["Positive"-tx-7-"positive"-adj-0]|TX|903/8|
00000000|MMI|3.31|Recent|C0332185|[tmco]|["Recent"-tx-7-"recent"-adj-0]|TX|979/6|
00000000|MMI|3.31|Rhythm|C0871269|[fndg]|["Rhythm"-tx-28-"rhythm"-noun-1]|TX|2182/6|
00000000|MMI|3.31|Rhythm Not Otherwise Specified ECG Assessment|C3828331|[inpr]|["Rhythm Not Otherwise Specified"-tx-28-"rhythm"-noun-0]|TX|2182/6|
00000000|MMI|3.31|Well Differentiated|C0205615|[qlco]|["Differentiated"-tx-55-"differentiated"-verb-0]|TX|3743/14|
00000000|MMI|3.31|antibiotics, intestinal|C3540709|[antb]|["Antibiotics"-tx-51-"antibiotics"-noun-0]|TX|3523/11|
00000000|MMI|3.31|percent positive cells|C0439178|[qnco]|["% Positive"-tx-7-"positive"-adj-0]|TX|903/8|
00000000|MMI|3.31|rhythmic process (biological)|C1523018|[phsf]|["rhythm"-tx-28-"rhythm"-noun-1]|TX|2182/6|
00000000|MMI|3.30|Area|C0205146|[spco]|["areas"-tx-7-"areas"-noun-0]|TX|959/5|
00000000|MMI|3.30|Distress|C0231303|[menp]|["Distress"-tx-25-"distress"-noun-1]|TX|2079/8|
00000000|MMI|3.30|Reading (datum presentation)|C1705179|[fndg]|["read"-tx-54-"read"-verb-0]|TX|3688/4|
00000000|MMI|3.30|Respiratory Domain|C2986904|[idcn]|["RE"-tx-9-"re"-noun-0]|TX|1432/2|
00000000|MMI|3.30|Retinol equivalents|C0556581|[qnco]|["{RE}"-tx-9-"re"-noun-0]|TX|1432/2|
00000000|MMI|3.30|Taken|C1883727|[cnce]|["Taken"-tx-40-"taken"-verb-0]|TX|2830/5|
00000000|MMI|3.30|acute|C0205178|[tmco]|["ACUTE"-tx-25-"acute"-adj-0]|TX|2073/5|
00000000|MMI|3.30|ActInformationPrivacyReason <service>|C3245478|[idcn]|["service"-tx-44-"Service"-noun-0]|TX|3137/7|
00000000|MMI|3.30|Admission activity|C0809949|[hlca]|["Admitted"-tx-40-"admitted"-verb-0]|TX|2774/8|
00000000|MMI|3.30|Gait normal|C0231683|[fndg]|["Normal"-tx-38-"normal"-adj-0]|TX|2651/6|
00000000|MMI|3.30|Hospital admission|C0184666|[hlca]|["admitted"-tx-40-"admitted"-verb-0]|TX|2774/8|
00000000|MMI|3.30|Mean Percent of Normal|C2347086|[qnco]|["% Normal"-tx-38-"normal"-adj-0]|TX|2651/6|
00000000|MMI|3.30|Percent normal|C0439166|[qnco]|["% normal"-tx-38-"normal"-adj-0]|TX|2651/6|
00000000|MMI|3.30|Presentation|C0449450|[idcn]|["Presented"-tx-3-"presented"-verb-0]|TX|523/9|
00000000|MMI|3.30|Services|C0557854|[ocac]|["Service"-tx-44-"Service"-noun-0]|TX|3137/7|
00000000|MMI|3.30|Software Service|C2825316|[mnob]|["Service"-tx-44-"Service"-noun-0]|TX|3137/7|
00000000|MMI|3.30|Two|C0205448|[qnco]|["Two"-tx-2-"two"-noun-0]|TX|302/3|
00000000|MMI|3.29|Anterior thoracic region|C1527391|[blor]|["Chest"-tx-3-"chest"-noun-0]|TX|580/5|
00000000|MMI|3.29|Borg Category-Ratio 10 Perceived Exertion Score 5|C4050466|[inpr]|["Severe"-tx-3-"severe"-adj-0]|TX|573/6|
00000000|MMI|3.29|Lobectomy|C0023928|[topp]|["LOBECTOMY"-tx-40-"lobectomy"-noun-0]|TX|2908/9|
00000000|MMI|3.29|Rule (guideline)|C0870077|[inpr]|["Rule"-tx-46-"rule"-noun-0]|TX|3233/4|
00000000|MMI|3.29|Severe (severity modifier)|C0205082|[qlco]|["SEVERE"-tx-3-"severe"-adj-0]|TX|573/6|
00000000|MMI|3.29|derivation calculation|C0805874|[idcn]|["Rule"-tx-46-"rule"-noun-0]|TX|3233/4|
00000000|MMI|3.28|Right lung|C0225706|[bpoc]|["Right Lung"-tx-4-"right lung"-noun-0]|TX|666/10|
00000000|MMI|3.27|Entire left subclavian artery|C1269886|[bpoc]|["Left subclavian artery"-tx-9-"left subclavian artery"-noun-0]|TX|1382/22|
00000000|MMI|3.27|Structure of left subclavian artery|C0226262|[bpoc]|["Left Subclavian Artery"-tx-9-"left subclavian artery"-noun-0]|TX|1382/22|
00000000|MMI|3.25|3/9|C0442760|[fndg]|["3/9"-tx-76-"3/9"-fraction-0]|TX|4600/3|
00000000|MMI|3.25|Diagnosis Type - Final|C1546485|[idcn]|["Final"-tx-54-"Final"-adj-0]|TX|3668/5|
00000000|MMI|3.25|End-stage|C0205088|[qlco]|["Final"-tx-54-"Final"-adj-0]|TX|3668/5|
00000000|MMI|3.25|Extensive|C0205231|[qlco]|["Extensive"-tx-6-"extensive"-adj-0]|TX|800/9|
00000000|MMI|3.25|Final|C3853528|[tmco]|["Final"-tx-54-"Final"-adj-0]|TX|3668/5|
00000000|MMI|3.25|Mediastinal|C1522718|[spco]|["Mediastinal"-tx-6-"mediastinal"-adj-0]|TX|820/11|
00000000|MMI|3.25|NDUFB3 gene|C1417635|[gngm]|["B12"-tx-8-"B12"-noun-0]|TX|1155/3|
00000000|MMI|3.25|Seizure Adverse Event|C1959629|[fndg]|["Seizure"-tx-2-"seizure"-noun-1]|TX|334/7|
00000000|MMI|3.25|TNFAIP1 gene|C1420797|[gngm]|["B12"-tx-8-"B12"-noun-0]|TX|1155/3|
00000000|MMI|3.25|TNFAIP1 wt Allele|C3538796|[gngm]|["B12"-tx-8-"B12"-noun-0]|TX|1155/3|
00000000|MMI|3.23|QS -Quantity Sufficient (potency unit)|C1699029|[qnco]|["q.s."-tx-15-"q."-adv-0]|TX|1728/1,1729/1|
00000000|MMI|3.23|Percocet Tablets|C0307251|[clnd]|["Percocet Tablets"-tx-68-"Percocet tablets"-noun-0]|TX|4342/8,4355/7|
00000000|MMI|3.23|Metastatic Neoplasm|C2939420|[neop]|["Metastatic Disease"-tx-7-"metastatic disease"-noun-0]|TX|991/18|
00000000|MMI|3.23|Secondary Neoplasm|C2939419|[neop]|["Metastatic disease"-tx-7-"metastatic disease"-noun-0]|TX|991/18|
00000000|MMI|3.23|80%|C3842583|[fndg]|["80%"-tx-16-"80"-integer-0]|TX|1746/2|
00000000|MMI|3.23|Carcinoma of lung|C0684249|[neop]|["LUNG CARCINOMA"-tx-2-"LUNG CARCINOMA"-noun-0]|TX|68/14|
00000000|MMI|3.21|Granulomatous disorder|C0740451|[dsyn]|["Granulomatous disease"-tx-6-"granulomatous disease"-noun-0]|TX|868/21|
00000000|MMI|3.21|Dyazide|C0058829|[orch,phsu]|["Dyazide"-tx-18-"Dyazide"-noun-0]|TX|1782/7|
00000000|MMI|3.21|/hour|C0564385|[qnco]|["/h"-tx-15-"h"-adv-0]|TX|1730/1|
00000000|MMI|3.21|Diagnostic interview schedule|C0451119|[inpr]|["DIS"-tx-2-"DIS"-noun-0]|TX|94/3|
00000000|MMI|3.21|Discontinued|C1444662|[fndg]|["DIS"-tx-2-"DIS"-noun-0]|TX|94/3|
00000000|MMI|3.21|H NOS Antibodies|C0369286|[aapp,imft]|["H NOS"-tx-15-"h"-adv-0]|TX|1730/1|
00000000|MMI|3.21|Hepatic Involvement|C0441932|[clas]|["H+"-tx-15-"h"-adv-0]|TX|1730/1|
00000000|MMI|3.20|Post|C0687676|[tmco]|["Status Post"-tx-2-"status post"-prep-0]|TX|452/11|
00000000|MMI|3.20|Status post|C0231290|[tmco]|["Status post"-tx-2-"status post"-prep-0]|TX|452/11|
00000000|MMI|3.19|Numerous|C0439064|[qnco]|["MULTIPLE"-tx-7-"multiple"-adj-0]|TX|916/8|
00000000|MMI|3.19|Precarinal|C3897868|[spco]|["Precarinal"-tx-7-"precarinal"-adj-0]|TX|925/10|
00000000|MMI|3.19|Regular|C0205272|[qlco]|["Regular"-tx-28-"regular"-adj-0]|TX|2165/7|
00000000|MMI|3.18|Before|C0332152|[tmco]|["Prior"-tx-6-"prior"-adj-0]|TX|862/5|
00000000|MMI|3.18|Prior Medication Usage|C2826257|[evnt]|["PRIOR"-tx-6-"prior"-adj-0]|TX|862/5|
00000000|MMI|3.18|Probably|C0750492|[idcn]|["Probably"-tx-2-"probably"-adv-0]|TX|350/8|
00000000|MMI|3.18|1990s|C0681758|[tmco]|["1990s"-tx-8-"1990"-integer-0]|TX|1214/4|
00000000|MMI|3.18|1980s|C0681757|[tmco]|["1980s"-tx-2-"1980s"-noun-0]|TX|309/5|
00000000|MMI|3.18|Hepatosplenomegaly|C0019214|[sosy]|["HEPATOSPLENOMEGALY"-tx-31-"hepatosplenomegaly"-noun-1]|TX|2356/18|
00000000|MMI|3.18|Integrated Neuromusculoskeletal Release|C1704538|[topp]|["INR"-tx-38-"INR"-noun-0]|TX|2663/3|
00000000|MMI|3.18|Ischemic|C0475224|[ftcn]|["Ischemic"-tx-8-"ischemic"-adj-0]|TX|1085/8|
00000000|MMI|3.18|SHORT STATURE, ONYCHODYSPLASIA, FACIAL DYSMORPHISM, AND HYPOTRICHOSIS SYNDROME|C3542022|[dsyn]|["SOFT"-tx-31-"soft"-adj-1]|TX|2330/4|
00000000|MMI|3.18|Soft|C0205358|[qlco]|["Soft"-tx-31-"soft"-adj-0]|TX|2330/4|
00000000|MMI|3.18|reversal action|C0443290|[ftcn]|["Reversal"-tx-8-"reversal"-noun-0]|TX|1076/8|
00000000|MMI|3.18|Delayed Release Dosage Form|C1707664|[bodm]|["DR"-tx-40-"Dr"-noun-0]|TX|2921/2|
00000000|MMI|3.18|Device to Subject Relationship Domain|C3540849|[inpr]|["DR"-tx-40-"Dr"-noun-0]|TX|2921/2|
00000000|MMI|3.18|Doctor - Title|C2348314|[cnce]|["Dr."-tx-40-"D