00000000|MMI|238.76|Patients|C0030705|[podg]|["*^patient"-tx-61-"patient"-noun-0,"*^patient"-tx-59-"patient"-noun-0,"*^patient"-tx-58-"patient"-noun-0,"*^patient"-tx-50-"patient"-noun-0,"*^patient"-tx-47-"patient's"-noun-0,"*^patient"-tx-45-"patient"-noun-0,"*^patient"-tx-43-"patient"-noun-0,"*^patient"-tx-40-"patient"-noun-0,"*^patient"-tx-37-"patient"-noun-0,"*^patient"-tx-36-"patient"-noun-0,"*^patient"-tx-26-"patient"-noun-0,"*^patient"-tx-23-"patient"-noun-0,"*^patient"-tx-22-"patient"-noun-0,"*^patient"-tx-21-"patient"-noun-0,"*^patient"-tx-20-"patient"-noun-0,"*^patient"-tx-19-"patient"-noun-0,"*^patient"-tx-18-"patient"-noun-0,"*^patient"-tx-16-"patient"-noun-0,"*^patient"-tx-5-"patient"-noun-0]|TX|4994/7;4889/7;4724/7;4024/7;3825/9;3684/7;3528/7;3274/7;3026/7;2848/7;2054/7;1766/7;1569/7;1475/7;1418/7;1389/7;1271/7;1175/7;377/7|M01.643
00000000|MMI|151.98|Togo|C0040363|[geoa]|["TO"-tx-61-"to"-adv-0,"TO"-tx-59-"to"-adv-0,"TO"-tx-58-"to"-adv-0,"TO"-tx-57-"to"-adv-0,"TO"-tx-52-"to"-adv-0,"TO"-tx-51-"to"-adv-0,"TO"-tx-50-"to"-adv-0,"TO"-tx-45-"to"-adv-0,"TO"-tx-40-"to"-adv-0,"TO"-tx-36-"to"-adv-0,"TO"-tx-18-"to"-adv-0]|TX|5005/2;4916/2;4747/2;4594/2;4160/2;4084/2;4042/2;3699/2;3292/2;2871/2;1329/2|Z01.058.290.190.800
00000000|MMI|151.98|Tryptophanase|C0041260|[aapp,enzy]|["TO"-tx-61-"to"-adv-0,"TO"-tx-59-"to"-adv-0,"TO"-tx-58-"to"-adv-0,"TO"-tx-57-"to"-adv-0,"TO"-tx-52-"to"-adv-0,"TO"-tx-51-"to"-adv-0,"TO"-tx-50-"to"-adv-0,"TO"-tx-45-"to"-adv-0,"TO"-tx-40-"to"-adv-0,"TO"-tx-36-"to"-adv-0,"TO"-tx-18-"to"-adv-0]|TX|5005/2;4916/2;4747/2;4594/2;4160/2;4084/2;4042/2;3699/2;3292/2;2871/2;1329/2|D08.811.520.224.800
00000000|MMI|135.05|Abortion consent:Finding:Point in time:^Patient:Document|C2360836|[clna]|["Patient"-tx-61-"patient"-noun-0,"Patient"-tx-59-"patient"-noun-0,"Patient"-tx-58-"patient"-noun-0,"Patient"-tx-50-"patient"-noun-0,"Patient"-tx-47-"patient's"-noun-0,"Patient"-tx-45-"patient"-noun-0,"Patient"-tx-43-"patient"-noun-0,"Patient"-tx-40-"patient"-noun-0,"Patient"-tx-37-"patient"-noun-0,"Patient"-tx-36-"patient"-noun-0,"Patient"-tx-26-"patient"-noun-0,"Patient"-tx-23-"patient"-noun-0,"Patient"-tx-22-"patient"-noun-0,"Patient"-tx-21-"patient"-noun-0,"Patient"-tx-20-"patient"-noun-0,"Patient"-tx-19-"patient"-noun-0,"Patient"-tx-18-"patient"-noun-0,"Patient"-tx-16-"patient"-noun-0,"Patient"-tx-5-"patient"-noun-0]|TX|4994/7;4889/7;4724/7;4024/7;3825/9;3684/7;3528/7;3274/7;3026/7;2848/7;2054/7;1766/7;1569/7;1475/7;1418/7;1389/7;1271/7;1175/7;377/7|
00000000|MMI|135.05|Hysterectomy consent:Finding:Point in time:^Patient:Document|C2360838|[clna]|["Patient"-tx-61-"patient"-noun-0,"Patient"-tx-59-"patient"-noun-0,"Patient"-tx-58-"patient"-noun-0,"Patient"-tx-50-"patient"-noun-0,"Patient"-tx-47-"patient's"-noun-0,"Patient"-tx-45-"patient"-noun-0,"Patient"-tx-43-"patient"-noun-0,"Patient"-tx-40-"patient"-noun-0,"Patient"-tx-37-"patient"-noun-0,"Patient"-tx-36-"patient"-noun-0,"Patient"-tx-26-"patient"-noun-0,"Patient"-tx-23-"patient"-noun-0,"Patient"-tx-22-"patient"-noun-0,"Patient"-tx-21-"patient"-noun-0,"Patient"-tx-20-"patient"-noun-0,"Patient"-tx-19-"patient"-noun-0,"Patient"-tx-18-"patient"-noun-0,"Patient"-tx-16-"patient"-noun-0,"Patient"-tx-5-"patient"-noun-0]|TX|4994/7;4889/7;4724/7;4024/7;3825/9;3684/7;3528/7;3274/7;3026/7;2848/7;2054/7;1766/7;1569/7;1475/7;1418/7;1389/7;1271/7;1175/7;377/7|
00000000|MMI|135.05|Sterilization consent:Finding:Point in time:^Patient:Document|C2360840|[clna]|["Patient"-tx-61-"patient"-noun-0,"Patient"-tx-59-"patient"-noun-0,"Patient"-tx-58-"patient"-noun-0,"Patient"-tx-50-"patient"-noun-0,"Patient"-tx-47-"patient's"-noun-0,"Patient"-tx-45-"patient"-noun-0,"Patient"-tx-43-"patient"-noun-0,"Patient"-tx-40-"patient"-noun-0,"Patient"-tx-37-"patient"-noun-0,"Patient"-tx-36-"patient"-noun-0,"Patient"-tx-26-"patient"-noun-0,"Patient"-tx-23-"patient"-noun-0,"Patient"-tx-22-"patient"-noun-0,"Patient"-tx-21-"patient"-noun-0,"Patient"-tx-20-"patient"-noun-0,"Patient"-tx-19-"patient"-noun-0,"Patient"-tx-18-"patient"-noun-0,"Patient"-tx-16-"patient"-noun-0,"Patient"-tx-5-"patient"-noun-0]|TX|4994/7;4889/7;4724/7;4024/7;3825/9;3684/7;3528/7;3274/7;3026/7;2848/7;2054/7;1766/7;1569/7;1475/7;1418/7;1389/7;1271/7;1175/7;377/7|
00000000|MMI|62.56|Coumadin|C0699129|[orch,phsu]|["Coumadin"-tx-57-"Coumadin"-noun-0,"Coumadin"-tx-42-"Coumadin"-noun-0,"Coumadin"-tx-39-"Coumadin"-noun-0,"Coumadin"-tx-36-"Coumadin"-noun-0]|TX|4585/8;3461/8;3218/8;2930/8|D03.383.663.283.446.520.914;D03.438.150.446.520.914
00000000|MMI|56.58|Knee Replacement Arthroplasty (procedure)|C0086511|[topp]|["Total Knee Replacement"-tx-61-"Total Knee Replacement"-noun-0,"Total replacement of knee"-tx-37-"of total knee replacement"-noun-0,"total knee replacements"-tx-8-"total knee replacements"-noun-0,"Total Knee Replacement"-tx-4-"total knee replacement"-noun-0,"Total Knee Replacement"-tx-2-"TOTAL KNEE REPLACEMENT"-noun-0]|TX|5093/22;3053/2,3061/22;750/23;306/22;194/22|E04.555.110.110.115;E04.650.110.115;E04.680.101.110.115
00000000|MMI|53.43|Patient Discharge|C0030685|[hlca]|["Discharge"-tx-64-"DISCHARGE"-noun-0,"Discharge"-tx-58-"discharge"-noun-0,"Discharged"-tx-52-"discharged"-verb-0,"Discharged"-tx-18-"discharged"-verb-0]|TX|5214/9;4873/9;4166/10;1335/10|E02.204.125;E02.760.400.610;N02.421.192.125;N02.421.585.400.610;N04.590.233.727.210.125
00000000|MMI|44.25|To|C1883351|[qlco]|["To"-tx-61-"to"-adv-0,"To"-tx-59-"to"-adv-0,"To"-tx-58-"to"-adv-0,"To"-tx-57-"to"-adv-0,"To"-tx-52-"to"-adv-0,"To"-tx-51-"to"-adv-0,"To"-tx-50-"to"-adv-0,"To"-tx-45-"to"-adv-0,"To"-tx-40-"to"-adv-0,"To"-tx-36-"to"-adv-0,"To"-tx-18-"to"-adv-0]|TX|5005/2;4916/2;4747/2;4594/2;4160/2;4084/2;4042/2;3699/2;3292/2;2871/2;1329/2|
00000000|MMI|39.32|Obesity|C0028754|[dsyn]|["OBESE"-tx-31-"obese"-adj-0,"OBESE"-tx-26-"obese"-adj-0]|TX|2463/5;2068/5|C18.654.726.500;C23.888.144.699.500;E01.370.600.115.100.160.120.699.500;G07.100.100.160.120.699.500
00000000|MMI|33.63|Postoperative Period|C0032790|[tmco]|["Postoperative"-tx-47-"postoperative"-noun-0,"Postoperative"-tx-43-"postoperative"-noun-0,"Postoperative"-tx-40-"postoperative"-noun-0]|TX|3797/13;3502/13;3248/13|E04.614.750;N02.421.585.753.750
00000000|MMI|30.93|Arthritis, Psoriatic|C0003872|[dsyn]|["ARTHRITIS, PSORIATIC"-tx-7-"psoriatic arthritis"-noun-0,"ARTHRITIS, PSORIATIC"-tx-4-"psoriatic arthritis"-noun-0]|TX|615/19;351/19|C05.116.900.853.625.800.424;C05.550.114.145;C05.550.114.865.800.424;C17.800.859.675.175
00000000|MMI|27.14|Rehabilitation therapy|C0034991|[topp]|["Rehabilitation"-tx-63-"rehabilitation"-noun-0,"Rehabilitation"-tx-52-"rehabilitation"-noun-0,"Rehabilitation"-tx-18-"rehabilitation"-noun-0]|TX|5182/14;4180/14;1349/14|E02.831;H02.403.680.600;N02.421.784
00000000|MMI|22.54|Compliance behavior|C1321605|[inbe]|["Compliant"-tx-47-"compliant"-adj-0,"Compliant"-tx-46-"compliant"-adj-0]|TX|3870/9;3782/9|F01.145.488.500;N05.300.150.600.600
00000000|MMI|22.43|Pain|C0030193|[sosy]|["PAIN"-tx-56-"pain"-noun-0,"PAIN"-tx-5-"pain"-noun-0]|TX|4519/4;432/4|C10.597.617;C23.888.592.612;F02.830.816.444;G11.561.600.810.444
00000000|MMI|22.30|Diabetes Mellitus, Non-Insulin-Dependent|C0011860|[dsyn]|["Noninsulin dependent diabetes mellitus"-tx-23-"noninsulin dependent diabetes mellitus"-noun-0,"Noninsulin dependent diabetes mellitus"-tx-7-"noninsulin dependent diabetes mellitus"-noun-0]|TX|1791/38;639/38|C18.452.394.750.149;C19.246.300
00000000|MMI|22.09|Headache|C0018681|[sosy]|["HEADACHE"-tx-53-"headache"-noun-0,"Headaches"-tx-20-"headaches"-noun-0]|TX|4261/8;1459/9|C10.597.617.470;C23.888.592.612.441
00000000|MMI|20.63|Rehabilitation aspects|C0034992|[ftcn]|["Rehabilitation"-tx-63-"rehabilitation"-noun-0,"Rehabilitation"-tx-52-"rehabilitation"-noun-0,"Rehabilitation"-tx-18-"rehabilitation"-noun-0]|TX|5182/14;4180/14;1349/14|x.x.x
00000000|MMI|18.63|Anti-Inflammatory Agents, Non-Steroidal|C0003211|[phsu]|["NSAIDS"-tx-36-"NSAIDs"-noun-0]|TX|2890/6|D27.505.696.663.850.014.040.500;D27.505.954.158.030;D27.505.954.329.030
00000000|MMI|18.62|Infantile Neuroaxonal Dystrophy|C0270724|[dsyn]|["PLAN"-tx-52-"Plans"-noun-0,"PLAN"-tx-18-"plans"-verb-0]|TX|4136/5;1323/5|C10.228.140.744
00000000|MMI|18.11|Range of Motion, Articular|C0080078|[clna]|["Range of Motion"-tx-61-"range of motion"-adj-0,"Range of Motion"-tx-48-"range of motion"-adj-0]|TX|5051/15;3923/15|E01.370.600.700;G11.427.760
00000000|MMI|17.98|Diabetes Mellitus|C0011849|[dsyn]|["non insulin dependent diabetes Mellitus"-tx-23-"noninsulin dependent diabetes mellitus"-noun-0,"non insulin dependent diabetes Mellitus"-tx-7-"noninsulin dependent diabetes mellitus"-noun-0]|TX|1791/38;639/38|C18.452.394.750;C19.246
00000000|MMI|17.84|Desiccation|C0011682|[npop]|["Dry"-tx-58-"dry"-verb-0,"Dry"-tx-51-"dry"-verb-0]|TX|4778/3;4100/3|E05.196.335;G02.149.767.530;G02.842.750.530
00000000|MMI|17.68|Mongolia|C0026410|[geoa]|["MG"-tx-54-"mg"-noun-0,"MG"-tx-36-"mg"-noun-0]|TX|4363/2;2941/2|Z01.252.474.651
00000000|MMI|17.53|Ancef|C0700926|[antb,orch]|["Ancef"-tx-42-"Ancef"-noun-0]|TX|3453/5|D02.065.589.099.249.160;D02.886.665.074.160;D04.075.080.875.099.221.249.160
00000000|MMI|16.48|Body Weight|C0005910|[orga]|["Weight"-tx-25-"weight"-noun-0]|TX|2019/6|C23.888.144;E01.370.600.115.100.160.120;E05.041.124.160.750;G07.100.100.160.120;G07.700.320.249.314.120
00000000|MMI|16.48|Widow|C1510465|[famg]|["Widow"-tx-18-"widow"-noun-0]|TX|1284/5|F01.829.263.315.500.862;I01.240.361.500.862;I01.880.853.150.423.500.862;N01.224.361.500.862;N01.824.308.500.862
00000000|MMI|16.48|Widowhood|C0206275|[fndg]|["Widow"-tx-18-"widow"-noun-0]|TX|1284/5|F01.829.263.315.500.862;I01.240.361.500.862;I01.880.853.150.423.500.862;N01.224.361.500.862;N01.824.308.500.862
00000000|MMI|15.46|Good|C0205170|[qlco]|["Well"-tx-50-"well"-adv-0,"Well"-tx-48-"well"-adv-0,"Well"-tx-40-"well"-adv-0,"Well"-tx-38-"well"-adv-0,"Well"-tx-33-"well"-adv-0,"Well"-tx-5-"well"-adv-0]|TX|4054/4;3902/4;3310/4;3114/4;2633/4;389/4|
00000000|MMI|15.46|Well|C3146287|[mnob]|["Well"-tx-50-"well"-adv-0,"Well"-tx-48-"well"-adv-0,"Well"-tx-40-"well"-adv-0,"Well"-tx-38-"well"-adv-0,"Well"-tx-33-"well"-adv-0,"Well"-tx-5-"well"-adv-0]|TX|4054/4;3902/4;3310/4;3114/4;2633/4;389/4|
00000000|MMI|15.45|Antibiotics, Antitubercular|C0003237|[antb]|["Antibiotics"-tx-39-"antibiotics"-noun-0]|TX|3185/11|D27.505.954.122.085.255.135
00000000|MMI|15.41|diagnosis aspect|C1704338|[qlco]|["diagnosis"-tx-2-"DIAGNOSIS"-noun-0]|TX|171/9|x.x.x.x.x.x.x
00000000|MMI|15.31|Garbage|C0017095|[eehu]|["Refuse"-tx-44-"refusing"-adj-0]|TX|3609/8|N06.850.860.510.900.600.400
00000000|MMI|15.28|High-Density Polyethylene|C0752345|[bodm,orch]|["Polyethylene"-tx-6-"polyethylene"-noun-0]|TX|557/12|D02.455.326.271.665.550.500;D05.750.716.507.500;D25.720.716.507.500;J01.637.051.720.716.507.500
00000000|MMI|15.28|Polyethylene|C0137914|[bodm,orch]|["POLYETHYLENE"-tx-6-"polyethylene"-noun-0]|TX|557/12|D02.455.326.271.665.550.500;D05.750.716.507.500;D25.720.716.507.500;J01.637.051.720.716.507.500
00000000|MMI|14.32|Venous blood sampling|C0190979|[diap]|["blood draws"-tx-44-"blood draws"-noun-0]|TX|3649/11|E01.370.225.998.110.625;E02.800.558;E04.665.150.625;E05.200.998.110.625
00000000|MMI|13.72|Abdomen|C0000726|[blor]|["ABDOMEN"-tx-31-"abdomen"-noun-0,"Abdominal"-tx-13-"abdominal"-noun-0]|TX|2451/7;1019/9|A01.923.047
00000000|MMI|13.51|Historical aspects qualifier|C0019665|[ftcn]|["history"-tx-23-"history"-noun-0,"history"-tx-22-"history"-noun-0]|TX|1780/7;1583/7|x.x.x
00000000|MMI|13.41|Physical Examination|C0031809|[hlca]|["PHYSICAL EXAMINATION"-tx-25-"PHYSICAL EXAMINATION"-noun-0,"PHYSICAL EXAMINATION"-tx-25-"physical examination"-noun-0]|TX|1908/20;1933/20|E01.370.600
00000000|MMI|13.35|Analgesics|C0002771|[hops,orch,phsu]|["Pain medicines"-tx-42-"pain medicines"-noun-0]|TX|3482/14|D27.505.696.663.850.014;D27.505.954.427.040
00000000|MMI|13.21|International Normalized Ratio|C0525032|[lbpr]|["INR"-tx-57-"INR"-noun-0]|TX|4609/3|E01.370.225.625.115.320;E05.200.625.115.320
00000000|MMI|13.13|Congenital exomphalos|C1306503|[cgab]|["Umbilical Hernia"-tx-13-"umbilical hernia"-noun-0]|TX|1047/16|C16.614.378;C23.300.707.374.937.500
00000000|MMI|13.12|Polyethylenes|C0032487|[bodm,orch]|["polyethylene"-tx-6-"polyethylene"-noun-0]|TX|557/12|D02.455.326.271.665.550;D05.750.716.507;D25.720.716.507;J01.637.051.720.716.507
00000000|MMI|12.47|Registered nurse|C0687673|[prog]|["R.N."-tx-60-"r.n"-noun-0,"R.N."-tx-57-"r.n"-adj-0,"R.N."-tx-56-"r.n"-adj-0,"R.N."-tx-53-"r.n"-adj-0,"R.N."-tx-15-"r.n"-adj-0]|TX|4977/3;4573/3;4538/3;4256/3;1149/3|
00000000|MMI|12.17|Chest Pain|C0008031|[sosy]|["CHEST PAIN"-tx-22-"chest pain"-noun-1]|TX|1696/10|C10.597.617.192;C23.888.592.612.233
00000000|MMI|12.17|Deep Vein Thrombosis|C0149871|[dsyn]|["DEEP VEIN THROMBOSIS"-tx-22-"deep vein thrombosis"-noun-1]|TX|1739/20|C14.907.355.830.925
00000000|MMI|12.17|Dominican Republic|C0013014|[geoa]|["DR"-tx-24-"Dr"-noun-0]|TX|1887/2|Z01.107.084.900.300;Z01.639.880.300
00000000|MMI|12.17|Metamucil|C0025559|[orch,phsu]|["Metamucil"-tx-56-"Metamucil"-noun-0]|TX|4526/9|D20.215.784.500.720
00000000|MMI|12.17|Primary Care Physicians|C0033131|[prog]|["Primary Care Physician"-tx-24-"primary care physician"-noun-0]|TX|1861/22|M01.526.485.810.800;N02.360.810.795
00000000|MMI|12.17|Voltaren|C0699958|[orch,phsu]|["Voltaren"-tx-15-"Voltaren"-noun-0]|TX|1138/8|D02.241.223.601.210
00000000|MMI|12.09|Left|C0205091|[spco]|["LEFT"-tx-37-"left"-adj-0,"LEFT"-tx-26-"left"-noun-0,"LEFT"-tx-10-"left"-adj-0,"LEFT"-tx-4-"left"-adj-0,"LEFT"-tx-2-"LEFT"-adj-0]|TX|3056/4;2109/4;846/4;293/4;189/4|
00000000|MMI|12.09|Left sided|C0443246|[spco]|["Left"-tx-37-"left"-adj-0,"Left"-tx-26-"left"-noun-0,"Left"-tx-10-"left"-adj-0,"Left"-tx-4-"left"-adj-0,"Left"-tx-2-"LEFT"-adj-0]|TX|3056/4;2109/4;846/4;293/4;189/4|
00000000|MMI|12.09|Table Cell Horizontal Align - left|C1552822|[ftcn]|["left"-tx-37-"left"-adj-0,"left"-tx-26-"left"-noun-0,"left"-tx-10-"left"-adj-0,"left"-tx-4-"left"-adj-0,"left"-tx-2-"LEFT"-adj-0]|TX|3056/4;2109/4;846/4;293/4;189/4|
00000000|MMI|11.14|Antibiotics|C0003232|[antb]|["Antibiotics"-tx-39-"antibiotics"-noun-0]|TX|3185/11|D27.505.954.122.085
00000000|MMI|11.14|Blood Pressure|C0005823|[orgf]|["BLOOD PRESSURE"-tx-25-"blood pressure"-noun-0]|TX|1954/14|E01.370.600.875.249;G09.330.380.076
00000000|MMI|11.14|Lesotho|C0023376|[geoa]|["LT"-tx-1-"LT"-noun-0]|TX|71/2|Z01.058.290.175.400
00000000|MMI|11.14|Systemic arterial pressure|C1272641|[fndg]|["Blood pressure"-tx-25-"blood pressure"-noun-0]|TX|1954/14|G09.330.380.076.347
00000000|MMI|11.11|Roentgen Rays|C0043309|[npop]|["Xray"-tx-49-"x-ray"-noun-0]|TX|3997/5|G01.358.500.505.970;G01.750.250.970;G01.750.750.918
00000000|MMI|11.05|Pulse Rate|C0232117|[clna]|["PULSE"-tx-25-"pulse"-noun-0]|TX|1986/5|E01.370.600.875.500;G09.330.380.500
00000000|MMI|11.04|Daughter|C0011011|[famg]|["Daughters"-tx-45-"daughters"-noun-0]|TX|3754/9|F01.829.263.500;I01.880.853.150.500
00000000|MMI|10.98|Folate|C0178638|[orch,phsu,vita]|["Folate"-tx-54-"Folate"-noun-0]|TX|4396/6|D03.438.733.631.400
00000000|MMI|10.98|Iodides|C0021966|[inch]|["I-"-tx-54-"i"-adv-0]|TX|4373/1|D01.248.497.158.490;D01.475.410
00000000|MMI|10.01|Abdominal Cavity|C0230168|[blor]|["Abdomen"-tx-31-"abdomen"-noun-0]|TX|2451/7|A01.923.047.025
00000000|MMI|10.01|Alcohol consumption|C0001948|[inbe]|["ALCOHOL USE"-tx-16-"alcohol use"-noun-0]|TX|1224/11|F01.145.317.269
00000000|MMI|10.01|Cholecystectomy procedure|C0008320|[topp]|["CHOLECYSTECTOMY"-tx-12-"cholecystectomy"-noun-0]|TX|983/15|E04.210.120.172
00000000|MMI|10.01|Falls|C0085639|[fndg]|["FALL"-tx-5-"fall"-verb-0]|TX|408/4|N06.850.135.122
00000000|MMI|10.01|Myocardial Infarction|C0027051|[dsyn]|["Infarction, Myocardial"-tx-22-"myocardial infarction"-noun-1]|TX|1672/21|C14.280.647.500;C14.907.585.500
00000000|MMI|10.01|Physicians|C0031831|[prog]|["DR"-tx-24-"Dr"-noun-0]|TX|1887/2|M01.526.485.810;N02.360.810
00000000|MMI|9.94|Daily|C0332173|[tmco]|["/day"-tx-47-"day"-noun-0,"/day"-tx-45-"day"-noun-0,"/day"-tx-43-"day"-noun-0,"/day"-tx-40-"day"-noun-0]|TX|3811/3;3676/3;3516/3;3262/3|
00000000|MMI|9.94|day|C0439228|[tmco]|["DAY"-tx-47-"day"-noun-0,"DAY"-tx-45-"day"-noun-0,"DAY"-tx-43-"day"-noun-0,"DAY"-tx-40-"day"-noun-0]|TX|3811/3;3676/3;3516/3;3262/3|
00000000|MMI|9.94|per day|C0439505|[tmco]|["/day"-tx-47-"day"-noun-0,"/day"-tx-45-"day"-noun-0,"/day"-tx-43-"day"-noun-0,"/day"-tx-40-"day"-noun-0]|TX|3811/3;3676/3;3516/3;3262/3|
00000000|MMI|9.23|Woman|C0043210|[popg]|["WOMAN"-tx-26-"woman"-noun-0,"WOMAN"-tx-4-"woman"-noun-0]|TX|2074/5;277/5|M01.975
00000000|MMI|9.19|History|C0019664|[ocdi]|["History"-tx-23-"history"-noun-0,"History"-tx-22-"history"-noun-0]|TX|1780/7;1583/7|K01.400
00000000|MMI|9.03|Time|C0040223|[tmco]|["times"-tx-54-"times"-noun-0,"TIME"-tx-43-"time"-noun-0]|TX|4378/5;3559/4|G01.910
00000000|MMI|8.98|Movement|C0026649|[orgf]|["Movements"-tx-28-"movements"-noun-0]|TX|2280/9|G07.700.560;G11.427.590.530
00000000|MMI|8.96|Radiographic imaging procedure|C1962945|[diap]|["X-RAY"-tx-49-"x-ray"-noun-0]|TX|3997/5|E01.370.350.700
00000000|MMI|8.96|roentgenographic|C0034571|[ftcn]|["X-ray"-tx-49-"x-ray"-noun-0]|TX|3997/5|x.x.x.x
00000000|MMI|8.95|Infertility|C0021359|[patf]|["Sterile"-tx-60-"sterile"-noun-0]|TX|4938/7|C12.294.365;C13.351.500.365
00000000|MMI|8.92|Pruritus|C0033774|[sosy]|["Itch"-tx-57-"itch"-noun-0]|TX|4578/4|C17.800.685;C23.888.885.625
00000000|MMI|8.92|Sleep|C0037313|[orgf]|["Sleep"-tx-53-"sleep"-noun-0]|TX|4310/5|F02.830.855;G11.561.600.815
00000000|MMI|8.90|Diet|C0012155|[food]|["Diet"-tx-17-"diet"-noun-0]|TX|1260/4|G07.203.650.240
00000000|MMI|8.89|Prescription procedure|C0033080|[hlca]|["Prescription"-tx-36-"prescription"-noun-0]|TX|2913/12|N02.421.668.778
00000000|MMI|8.85|antineoplaston A10|C0052080|[orch,phsu]|["A-10"-tx-34-"a 10"-noun-0]|TX|2683/4|x.x.x.x
00000000|MMI|8.84|Dyspnea|C0013404|[sosy]|["SHORTNESS OF BREATH"-tx-22-"of shortness breath"-noun-0]|TX|1591/12,1607/6|C08.618.326;C23.888.852.371
00000000|MMI|8.83|Knee|C0022742|[bpoc]|["Knee"-tx-2-"KNEE"-noun-0]|TX|75/4|A01.378.610.450
00000000|MMI|8.83|Knee joint|C0022745|[bsoj]|["Knee"-tx-2-"KNEE"-noun-0]|TX|75/4|A02.835.583.475
00000000|MMI|8.83|ferrous sulfate|C0060282|[inch,phsu]|["Iron sulphate"-tx-54-"iron sulfate"-noun-0]|TX|4346/12|x.x.x.x
00000000|MMI|8.82|Auscultation|C0004339|[diap]|["AUSCULTATION"-tx-29-"auscultation"-noun-0]|TX|2342/12|E01.370.600.060
00000000|MMI|8.82|Nursing Staff|C0028698|[prog]|["Nursing Staff"-tx-43-"nursing staff"-noun-0]|TX|3585/13|M01.526.485.680;N02.360.680
00000000|MMI|8.82|Wood material|C0043217|[sbst]|["Wood"-tx-18-"Wood"-noun-0]|TX|1312/4|A18.450.500.500;J01.637.241.900
00000000|MMI|8.21|Evaluation and management note:Finding:Point in time:{Setting}:Document:{Provider}|C1316572|[clna]|["Note"-tx-51-"noted"-verb-0,"Note"-tx-50-"noted"-verb-0,"Note"-tx-40-"noted"-verb-0]|TX|4078/5;4036/5;3286/5|
00000000|MMI|8.21|Note (document)|C1317574|[inpr]|["Note"-tx-51-"noted"-verb-0,"Note"-tx-50-"noted"-verb-0,"Note"-tx-40-"noted"-verb-0]|TX|4078/5;4036/5;3286/5|
00000000|MMI|7.99|Cranial incision point|C2338258|[blor]|["Incision"-tx-58-"incision"-noun-0,"Incision"-tx-51-"incision"-noun-0,"Incision"-tx-33-"incision"-noun-0]|TX|4759/8;4065/8;2614/8|
00000000|MMI|7.99|Surgical incisions|C0184898|[topp]|["Incision"-tx-58-"incision"-noun-0,"Incision"-tx-51-"incision"-noun-0,"Incision"-tx-33-"incision"-noun-0]|TX|4759/8;4065/8;2614/8|
00000000|MMI|7.99|Surgical wound|C0332803|[inpo]|["Incision"-tx-58-"incision"-noun-0,"Incision"-tx-51-"incision"-noun-0,"Incision"-tx-33-"incision"-noun-0]|TX|4759/8;4065/8;2614/8|
00000000|MMI|7.85|Bathing|C0150141|[topp]|["Baths"-tx-59-"baths"-noun-0]|TX|4924/5|E02.056.110
00000000|MMI|7.85|Edema|C0013604|[fndg]|["SWELLING"-tx-5-"swelling"-noun-0]|TX|441/8|C23.888.277
00000000|MMI|7.85|Heart murmur|C0018808|[fndg]|["MURMUR"-tx-30-"murmur"-noun-1]|TX|2438/6|C23.888.447
00000000|MMI|7.66|Discontinued|C1444662|[fndg]|["Discontinued"-tx-41-"discontinued"-verb-0,"Discontinue"-tx-36-"discontinue"-verb-0,"DIS"-tx-2-"DIS"-noun-0]|TX|3413/12;2874/11;91/3|
00000000|MMI|7.60|Rehabilitation - specialty|C1306847|[bmod]|["Rehabilitation"-tx-63-"rehabilitation"-noun-0,"Rehabilitation"-tx-52-"rehabilitation"-noun-0,"Rehabilitation"-tx-18-"rehabilitation"-noun-0]|TX|5182/14;4180/14;1349/14|
00000000|MMI|7.56|Continuous|C0549178|[idcn]|["Continue"-tx-61-"continue"-verb-0,"Continued"-tx-42-"continued"-verb-0,"Continued"-tx-39-"continued"-verb-0]|TX|5008/8;3436/9;3205/9|
00000000|MMI|7.52|History of present illness|C0262512|[orga]|["History, NOS"-tx-23-"history"-noun-0,"History, NOS"-tx-22-"history"-noun-0,"HISTORY OF PRESENT ILLNESS"-tx-3-"HISTORY OF PRESENT ILLNESS"-noun-0]|TX|1780/7;1583/7;219/26|
00000000|MMI|7.52|Medical History|C0262926|[fndg]|["History"-tx-23-"history"-noun-0,"History"-tx-22-"history"-noun-0,"Past Medical History"-tx-7-"PAST MEDICAL HISTORY"-noun-0]|TX|1780/7;1583/7;577/20|
00000000|MMI|7.34|Evidence|C3887511|[idcn]|["Evidence"-tx-58-"evidence"-noun-0,"Evidence"-tx-51-"evidence"-noun-0,"Evidence"-tx-6-"evidence"-noun-0]|TX|4859/8;4112/8;545/8|
00000000|MMI|7.29|milligram/day|C0439422|[qnco]|["mg day"-tx-54-"mg days"-noun-0,"mg/d"-tx-54-"mg d"-noun-0]|TX|4363/2,4389/4;[4363/2,4375/1],[4405/2,4415/1]|
00000000|MMI|7.23|% of total|C0439175|[qnco]|["% total"-tx-57-"total"-noun-0,"% total"-tx-41-"total"-noun-0,"% total"-tx-37-"total"-noun-0]|TX|4639/5;3339/5;3061/5|
00000000|MMI|7.23|Total|C0439810|[qlco]|["Total"-tx-57-"total"-noun-0,"Total"-tx-41-"total"-noun-0,"Total"-tx-37-"total"-noun-0]|TX|4639/5;3339/5;3061/5|
00000000|MMI|7.22|10%|C3842590|[fndg]|["10%"-tx-50-"10"-integer-0,"10%"-tx-2-"10"-fraction-0]|TX|4008/2;[115/2],[163/2]|
00000000|MMI|7.10|Cleaning (activity)|C1947930|[acty]|["Clean"-tx-58-"clean"-adj-0,"Clean"-tx-51-"clean"-adj-0]|TX|4768/5;4090/5|
00000000|MMI|7.10|Doctor of Medicine|C1512018|[inpr]|["M.D."-tx-66-"M.D"-noun-0,"M.D."-tx-65-"M.D"-noun-0]|TX|5304/3;5267/3|
00000000|MMI|7.10|Retained|C0333118|[ftcn]|["Keep"-tx-58-"keep"-verb-0,"Keep"-tx-57-"keep"-verb-0]|TX|4750/4;4597/4|
00000000|MMI|7.10|Revealed|C0443289|[qlco]|["Revealed"-tx-33-"revealed"-verb-0,"Revealed"-tx-28-"revealed"-verb-0]|TX|2583/8;2209/8|
00000000|MMI|7.10|diet controlled|C0743195|[topp]|["diet controlled"-tx-23-"diet controlled"-adj-0,"diet controlled"-tx-7-"diet controlled"-adj-0]|TX|1839/15;687/15|
00000000|MMI|7.10|Post|C0687676|[tmco]|["Status Post"-tx-10-"Status post"-prep-0,"Status Post"-tx-9-"Status post"-prep-0,"Status Post"-tx-8-"Status post"-prep-0]|TX|834/11;784/11;728/11|
00000000|MMI|7.10|Status post|C0231290|[tmco]|["Status post"-tx-10-"Status post"-prep-0,"Status post"-tx-9-"Status post"-prep-0,"Status post"-tx-8-"Status post"-prep-0]|TX|834/11;784/11;728/11|
00000000|MMI|6.88|Drug Allergy|C0013182|[dsyn]|["Drug Allergies"-tx-14-"drug allergies"-noun-1]|TX|1098/14|C20.543.206;C25.100.468
00000000|MMI|6.79|Arthroplasty|C0003893|[topp]|["Arthroplasties"-tx-11-"arthroplasties"-noun-0]|TX|954/14|E04.555.110;E04.680.101
00000000|MMI|6.78|Malnutrition|C0162429|[dsyn]|["Deficit, NOS"-tx-34-"deficit"-noun-0]|TX|2705/7|C18.654.521
00000000|MMI|6.76|Complication Aspects|C1171258|[patf]|["complications"-tx-62-"COMPLICATIONS"-noun-0]|TX|5127/13|x.x.x
00000000|MMI|6.76|Disease|C0012634|[dsyn]|["condition"-tx-64-"CONDITION"-noun-0]|TX|5199/9|C23.550.288
00000000|MMI|6.74|Communicable Diseases|C0009450|[dsyn]|["Infection, NOS"-tx-51-"infection"-noun-1]|TX|4124/9|C01.539.221
00000000|MMI|6.74|Diet therapy|C0012159|[hlca]|["Diet"-tx-17-"diet"-noun-0]|TX|1260/4|E02.642.249
00000000|MMI|6.67|capsule (pharmacologic)|C0006935|[bodm]|["Capsules"-tx-55-"capsules"-noun-0]|TX|4485/8|D26.255.150
00000000|MMI|6.67|Intraoperative Complications|C0021890|[patf]|["Intraoperative Complications"-tx-38-"intraoperative complications"-noun-1]|TX|3127/28|C23.550.505
00000000|MMI|5.70|Heart|C0018787|[bpoc]|["HEART"-tx-30-"heart"-noun-0]|TX|2373/5|A07.541
00000000|MMI|5.70|Hypersensitivity|C0020517|[patf]|["Allergies"-tx-14-"ALLERGIES"-noun-0]|TX|1078/9|C20.543
00000000|MMI|5.70|Limb structure|C0015385|[bpoc]|["Extremities"-tx-33-"Extremities"-noun-0]|TX|2555/11|A01.378
00000000|MMI|5.70|Lung|C0024109|[bpoc]|["LUNGS"-tx-29-"lungs"-noun-0]|TX|2322/5|A04.411
00000000|MMI|5.70|Lymphadenopathy|C0497156|[fndg]|["LYMPHADENOPATHY"-tx-27-"lymphadenopathy"-noun-1]|TX|2185/15|C15.604
00000000|MMI|5.64|Planned|C1301732|[ftcn]|["Plan"-tx-52-"Plans"-noun-0,"Plan"-tx-18-"plans"-verb-0]|TX|4136/5;1323/5|
00000000|MMI|5.64|Treatment Plan|C0599880|[inpr]|["Plan"-tx-52-"Plans"-noun-0,"Plan"-tx-18-"plans"-verb-0]|TX|4136/5;1323/5|
00000000|MMI|5.45|Show|C1547282|[anim]|["Show"-tx-27-"showed"-verb-0,"Show"-tx-6-"showed"-verb-0]|TX|2175/6;500/6|
00000000|MMI|5.25|Compliant (qualifier value)|C0566588|[qlco]|["Compliant"-tx-47-"compliant"-adj-0,"Compliant"-tx-46-"compliant"-adj-0]|TX|3870/9;3782/9|
00000000|MMI|5.25|Medications:-:Point in time:^Patient:-|C2598133|[clna]|["Medications"-tx-44-"medications"-noun-0,"Medications"-tx-15-"MEDICATIONS"-noun-0]|TX|3631/11;1125/11|
00000000|MMI|5.25|Medications:Presence or Identity:Duration of the study:^Patient:Nominal|C0802604|[clna]|["Medications"-tx-44-"medications"-noun-0,"Medications"-tx-15-"MEDICATIONS"-noun-0]|TX|3631/11;1125/11|
00000000|MMI|5.25|Pharmaceutical Preparations|C0013227|[phsu]|["Medications"-tx-44-"medications"-noun-0,"Medications"-tx-15-"MEDICATIONS"-noun-0]|TX|3631/11;1125/11|D26
00000000|MMI|5.19|Plain x-ray|C1306645|[diap]|["X-ray"-tx-49-"x-ray"-noun-0,"Radiographs"-tx-6-"Radiographs"-noun-0]|TX|3997/5;488/11|
00000000|MMI|5.18|Gender Status - Intact|C1554187|[fndg]|["Intact"-tx-35-"intact"-adj-0,"Intact"-tx-28-"intact"-adj-0]|TX|2826/6;2290/6|
00000000|MMI|5.18|Intact|C0205266|[qlco]|["Intact"-tx-35-"intact"-adj-0,"Intact"-tx-28-"intact"-adj-0]|TX|2826/6;2290/6|
00000000|MMI|5.14|Range of motion|C2607871|[clna]|["Range of motion"-tx-61-"range of motion"-adj-0,"Range of motion"-tx-48-"range of motion"-adj-0]|TX|5051/15;3923/15|
00000000|MMI|5.14|Range of motion exercise|C0150220|[topp]|["range of motion"-tx-61-"range of motion"-adj-0,"range of motion"-tx-48-"range of motion"-adj-0]|TX|5051/15;3923/15|
00000000|MMI|5.13|Pain NOS Adverse Event|C1962977|[fndg]|["Pain NOS"-tx-56-"pain"-noun-0,"Pain NOS"-tx-5-"pain"-noun-0]|TX|4519/4;432/4|
00000000|MMI|5.07|Better|C0332272|[qlco]|["Improved"-tx-47-"improved"-verb-0,"Better"-tx-45-"better"-adj-0]|TX|3849/8;3711/6|
00000000|MMI|5.01|Type II Diabetes Mellitus Pathway|C2984301|[ftcn]|["non insulin dependent diabetes mellitus"-tx-23-"noninsulin dependent diabetes mellitus"-noun-0,"non insulin dependent diabetes mellitus"-tx-7-"noninsulin dependent diabetes mellitus"-noun-0]|TX|1791/38;639/38|
00000000|MMI|4.98|Entity Name Part Type - given|C1550718|[idcn]|["given"-tx-42-"given"-adj-0,"given"-tx-36-"given"-verb-0]|TX|3476/5;2905/5|
00000000|MMI|4.98|GIVEN|C1442162|[cnce]|["GIVEN"-tx-42-"given"-adj-0,"GIVEN"-tx-36-"given"-verb-0]|TX|3476/5;2905/5|
00000000|MMI|4.98|Give - dosing instruction imperative|C1947971|[ftcn]|["Given"-tx-42-"given"-adj-0,"Given"-tx-36-"given"-verb-0]|TX|3476/5;2905/5|
00000000|MMI|4.98|Given name|C3244317|[inpr]|["given"-tx-42-"given"-adj-0,"given"-tx-36-"given"-verb-0]|TX|3476/5;2905/5|
00000000|MMI|4.98|P Blood group antibodies|C0369773|[aapp,imft]|["P NOS"-tx-56-"p"-adj-0,"P NOS"-tx-15-"p"-adj-0]|TX|4536/1;1147/1|
00000000|MMI|4.98|P prime|C2603361|[clna]|["P'"-tx-56-"p"-adj-0,"P'"-tx-15-"p"-adj-0]|TX|4536/1;1147/1|
00000000|MMI|4.97|Entire left knee|C1279572|[bpoc]|["Left knee"-tx-49-"left knee"-noun-0,"Left knee"-tx-33-"left knee"-noun-0]|TX|3970/9;2573/9|
00000000|MMI|4.97|Structure of left knee|C0230432|[bpoc]|["Left knee"-tx-49-"left knee"-noun-0,"Left knee"-tx-33-"left knee"-noun-0]|TX|3970/9;2573/9|
00000000|MMI|4.96|One|C0205447|[qnco]|["ONE"-tx-54-"one"-noun-0,"ONE"-tx-40-"one"-adj-0]|TX|4449/3;3266/3|
00000000|MMI|4.94|H/O: surgery|C0455610|[fndg]|["Prior Surgery"-tx-36-"prior surgery"-noun-0,"Past surgical history"-tx-8-"PAST SURGICAL HISTORY"-noun-0]|TX|2964/5,2977/7;705/21|
00000000|MMI|4.93|Total Hip Replacement (procedure)|C0040508|[topp]|["Total Hip Replacement"-tx-10-"total hip replacement"-noun-0,"Total Hip Replacement"-tx-9-"total hip replacement"-noun-0]|TX|851/21;802/21|
00000000|MMI|4.92|times/day|C0439511|[qnco]|["times day"-tx-54-"times days"-noun-0]|TX|[4378/5,4389/4],[4418/5,4429/4]|
00000000|MMI|4.91|Five-Day Report|C1708065|[inpr]|["FIVE-DAY"-tx-58-"five days"-noun-0,"FIVE-DAY"-tx-54-"five days"-noun-0]|TX|4786/4,4796/4;4384/9|
00000000|MMI|4.87|Dry|C0205222|[qlco]|["Dry"-tx-58-"dry"-verb-0,"Dry"-tx-51-"dry"-verb-0]|TX|4778/3;4100/3|
00000000|MMI|4.87|Dryness (characteristic)|C1512080|[qlco]|["Dry"-tx-58-"dry"-verb-0,"Dry"-tx-51-"dry"-verb-0]|TX|4778/3;4100/3|
00000000|MMI|4.87|Concept History|C1705255|[cnce]|["History"-tx-23-"history"-noun-0,"History"-tx-22-"history"-noun-0]|TX|1780/7;1583/7|
00000000|MMI|4.87|History of previous events|C2004062|[fndg]|["History"-tx-23-"history"-noun-0,"History"-tx-22-"history"-noun-0]|TX|1780/7;1583/7|
00000000|MMI|4.85|1+|C3816745|[fndg]|["1+"-tx-68-"1"-fraction-0]|TX|[5360/1],[5371/1]|
00000000|MMI|4.85|1+ Score|C2827734|[qnco]|["1+"-tx-68-"1"-fraction-0]|TX|[5360/1],[5371/1]|
00000000|MMI|4.85|1+ Score, WHO|C2981698|[clas]|["1+"-tx-68-"1"-fraction-0]|TX|[5360/1],[5371/1]|
00000000|MMI|4.82|Physical therapy (field)|C0699718|[bmod]|["physical therapy"-tx-61-"physical therapy"-noun-0,"PT"-tx-57-"PT"-noun-0]|TX|5030/16;4606/2|
00000000|MMI|4.80|C-Circle|C3538933|[celc]|["CC"-tx-41-"cc"-noun-0]|TX|[3352/2],[3373/2]|
00000000|MMI|4.80|80%|C3842583|[fndg]|["80%"-tx-25-"80"-fraction-0,"80%"-tx-4-"80"-integer-0]|TX|1976/2;265/2|
00000000|MMI|4.77|failed|C0231175|[ftcn]|["Failed"-tx-2-"FAILED"-adj-0,"Failed"-tx-1-"FAILED"-adj-0]|TX|182/6;64/6|
00000000|MMI|4.77|0%|C3842591|[fndg]|["0%"-tx-57-"0"-real_number-0,"0%"-tx-48-"0"-integer-0]|TX|4631/1;3942/1|
00000000|MMI|4.76|Admission activity|C0809949|[hlca]|["Admission"-tx-62-"ADMISSION"-noun-0,"Admission"-tx-15-"ADMISSION"-noun-0]|TX|5148/9;1115/9|
00000000|MMI|4.76|Hospital admission|C0184666|[hlca]|["Admission"-tx-62-"ADMISSION"-noun-0,"Admission"-tx-15-"ADMISSION"-noun-0]|TX|5148/9;1115/9|
00000000|MMI|4.75|Signature|C1519316|[inpr]|["Signed"-tx-2-"Signed"-noun-0]|TX|[82/6],[138/6]|
00000000|MMI|4.75|signed - ParticipationSignature|C1561610|[inpr]|["signed"-tx-2-"Signed"-noun-0]|TX|[82/6],[138/6]|
00000000|MMI|4.74|Bilateral|C0238767|[spco]|["BILATERAL"-tx-11-"bilateral"-adj-0,"BILATERAL"-tx-8-"bilateral"-adj-0]|TX|895/9;740/9|
00000000|MMI|4.73|Hour|C0439227|[tmco]|["HOURS"-tx-56-"hours"-noun-0,"HOURS"-tx-53-"hours"-noun-0]|TX|4506/5;4248/5|
00000000|MMI|4.73|Four|C0205450|[qnco]|["Four"-tx-54-"four"-word_numeral-0,"Four"-tx-53-"four"-word_numeral-0]|TX|4424/4;4243/4|
00000000|MMI|4.72|Body Fluid Discharge|C0012621|[bdsu]|["Discharge"-tx-64-"DISCHARGE"-noun-0,"Discharge"-tx-58-"discharge"-noun-0]|TX|5214/9;4873/9|
00000000|MMI|4.72|Discharge, body substance|C2926602|[bdsu]|["Discharge"-tx-64-"DISCHARGE"-noun-0,"Discharge"-tx-58-"discharge"-noun-0]|TX|5214/9;4873/9|
00000000|MMI|4.72|Academic degree|C0542560|[inpr]|["degrees"-tx-48-"degrees"-noun-0,"Degree"-tx-34-"degree"-noun-0]|TX|3947/7;2688/6|
00000000|MMI|4.72|Degree or extent|C0449286|[qnco]|["degrees"-tx-48-"degrees"-noun-0,"Degree"-tx-34-"degree"-noun-0]|TX|3947/7;2688/6|
00000000|MMI|4.71|Magnesium Cation|C2346927|[elii,phsu]|["Mg++"-tx-54-"mg"-noun-0,"Mg++"-tx-36-"mg"-noun-0]|TX|4363/2;2941/2|
00000000|MMI|4.71|Milligram percent|C1960952|[qnco]|["mg %"-tx-54-"mg"-noun-0,"mg %"-tx-36-"mg"-noun-0]|TX|4363/2;2941/2|
00000000|MMI|4.71|mg/dL|C0439269|[qnco]|["mg%"-tx-54-"mg"-noun-0,"mg%"-tx-36-"mg"-noun-0]|TX|4363/2;2941/2|
00000000|MMI|4.59|Work|C0043227|[ocac]|["Working"-tx-61-"working"-noun-0]|TX|5017/7|I03.946
00000000|MMI|4.58|Infection|C3714514|[patf]|["INFECTION"-tx-51-"infection"-noun-1]|TX|4124/9|C01.539
00000000|MMI|4.53|Physical therapy|C0949766|[topp]|["Physical Therapy"-tx-61-"physical therapy"-noun-0]|TX|5030/16|E02.779
00000000|MMI|4.51|Self-Help Devices|C0036605|[medd]|["Assistive Device"-tx-26-"assistive device"-noun-0]|TX|2125/16|E07.796
00000000|MMI|3.54|Active Range of Motion|C1879548|[orga]|["Active Range of Motion"-tx-34-"active range of motion"-noun-0]|TX|2655/22|
00000000|MMI|3.54|Admission Level of Care Code - Improved|C1561611|[inpr]|["Improved"-tx-47-"improved"-verb-0]|TX|3849/8|
00000000|MMI|3.54|All extremities|C0278454|[bpoc]|["extremities"-tx-33-"Extremities"-noun-0]|TX|2555/11|
00000000|MMI|3.54|Autumn|C0238715|[tmco]|["Fall"-tx-5-"fall"-verb-0]|TX|408/4|
00000000|MMI|3.54|Baths (medical device)|C0175640|[medd]|["baths"-tx-59-"baths"-noun-0]|TX|4924/5|
00000000|MMI|3.54|Beginning|C0439659|[tmco]|["Begin"-tx-58-"begin"-verb-0]|TX|4820/5|
00000000|MMI|3.54|Bifocal glasses (physical object)|C1275647|[medd]|["Bifocals"-tx-19-"bifocals"-noun-0]|TX|1403/8|
00000000|MMI|3.54|Chest pain:Finding:Point in time:^Patient:Ordinal|C2926613|[clna]|["Chest pain"-tx-22-"chest pain"-noun-0]|TX|1696/10|
00000000|MMI|3.54|Childhood|C0231335|[tmco]|["Childhood"-tx-21-"childhood"-noun-0]|TX|1516/9|
00000000|MMI|3.54|Congestive heart failure|C0018802|[dsyn]|["CONGESTIVE HEART FAILURE"-tx-22-"congestive heart failure"-noun-1]|TX|1709/24|
00000000|MMI|3.54|Delayed Release Dosage Form|C1707664|[bodm]|["DR"-tx-24-"Dr"-noun-0]|TX|1887/2|
00000000|MMI|3.54|Deny (action)|C2700401|[acty]|["Deny"-tx-16-"denies"-verb-0]|TX|1183/6|
00000000|MMI|3.54|Device to Subject Relationship Domain|C3540849|[inpr]|["DR"-tx-24-"Dr"-noun-0]|TX|1887/2|
00000000|MMI|3.54|Discontinue - dosing instruction imperative|C1706472|[inpr]|["Discontinue"-tx-36-"discontinue"-verb-0]|TX|2874/11|
00000000|MMI|3.54|Disposition|C0743223|[idcn]|["Disposition"-tx-63-"DISPOSITION"-noun-0]|TX|5166/11|
00000000|MMI|3.54|Disposition Domain|C1705555|[inpr]|["Disposition"-tx-63-"DISPOSITION"-noun-0]|TX|5166/11|
00000000|MMI|3.54|Doctor - Title|C2348314|[cnce]|["Dr."-tx-24-"Dr"-noun-0]|TX|1887/2|
00000000|MMI|3.54|Electrocardiogram: myocardial infarction (finding)|C0428953|[lbtr]|["MYOCARDIAL INFARCTION"-tx-22-"myocardial infarction"-noun-1]|TX|1672/21|
00000000|MMI|3.54|Entire abdomen|C1281594|[bpoc]|["Abdomen"-tx-31-"abdomen"-noun-0]|TX|2451/7|
00000000|MMI|3.54|Entire heart|C1281570|[bpoc]|["Heart"-tx-30-"heart"-noun-0]|TX|2373/5|
00000000|MMI|3.54|Exertion|C0015264|[orgf]|["Exertion"-tx-22-"exertion"-noun-0]|TX|1619/8|
00000000|MMI|3.54|General medical service|C3812897|[hlca]|["General"-tx-26-"general"-adj-0]|TX|2042/7|
00000000|MMI|3.54|Generalized|C0205246|[spco]|["General"-tx-26-"general"-adj-0]|TX|2042/7|
00000000|MMI|3.54|HEENT|C1512338|[blor]|["HEENT"-tx-28-"HEENT"-noun-0]|TX|2203/5|
00000000|MMI|3.54|Healed|C0205249|[ftcn]|["Healed"-tx-33-"healed"-verb-0]|TX|2638/6|
00000000|MMI|3.54|Height|C0489786|[orga]|["Height"-tx-25-"height"-noun-0]|TX|2000/6|
00000000|MMI|3.54|History of present illness:Finding:Point in time:^Patient:Nominal:Reported|C0488508|[clna]|["History of present illness"-tx-3-"HISTORY OF PRESENT ILLNESS"-noun-0]|TX|219/26|
00000000|MMI|3.54|Hospital course|C0489547|[fndg]|["Hospital course"-tx-37-"HOSPITAL COURSE"-noun-0]|TX|2987/15|
00000000|MMI|3.54|Hospital course:Finding:Point in time:^Patient:Narrative|C0488549|[clna]|["Hospital course"-tx-37-"HOSPITAL COURSE"-noun-0]|TX|2987/15|
00000000|MMI|3.54|Importance Weight|C1705104|[idcn]|["Weight"-tx-25-"weight"-noun-0]|TX|2019/6|
00000000|MMI|3.54|Improved|C0184511|[qlco]|["Improved"-tx-47-"improved"-verb-0]|TX|3849/8|
00000000|MMI|3.54|Last|C1517741|[qlco]|["Last"-tx-5-"last"-adj-0]|TX|403/4|
00000000|MMI|3.54|Medication.discharge|C0806915|[fndg]|["Discharge medications"-tx-53-"DISCHARGE MEDICATIONS"-noun-0]|TX|4197/21|
00000000|MMI|3.54|Modified Rankin Scale Questionnaire|C3714939|[inpr]|["MRS"-tx-3-"Mrs"-noun-0]|TX|247/3|
00000000|MMI|3.54|Modified rankin scale:Score:Point in time:^Patient:Ordinal|C3854213|[clna]|["mRS"-tx-3-"Mrs"-noun-0]|TX|247/3|
00000000|MMI|3.54|Mrs - title|C2349188|[cnce]|["Mrs."-tx-3-"Mrs"-noun-0]|TX|247/3|
00000000|MMI|3.54|Myocardial Infarction ECG Assessment|C3810814|[diap]|["Myocardial Infarction"-tx-22-"myocardial infarction"-noun-0]|TX|1672/21|
00000000|MMI|3.54|Myocardial infarction:Finding:Point in time:^Patient:Ordinal|C2926063|[clna]|["Myocardial infarction"-tx-22-"myocardial infarction"-noun-0]|TX|1672/21|
00000000|MMI|3.54|Negation|C1518422|[ftcn]|["Not"-tx-59-"not"-adv-0]|TX|4912/3|
00000000|MMI|3.54|Out (direction)|C0439787|[spco]|["Out"-tx-41-"out"-adv-0]|TX|3333/3|
00000000|MMI|3.54|PMH - past medical history|C0455458|[fndg]|["Past medical history"-tx-7-"PAST MEDICAL HISTORY"-noun-0]|TX|577/20|
00000000|MMI|3.54|PSMD2 gene|C1419032|[gngm]|["S2"-tx-30-"S2"-noun-0]|TX|2428/2|
00000000|MMI|3.54|Past|C1444637|[tmco]|["Past"-tx-13-"past"-noun-0]|TX|1071/4|
00000000|MMI|3.54|Patient Condition Code - Stable|C1547311|[inpr]|["Stable"-tx-64-"Stable"-adj-0]|TX|5225/6|
00000000|MMI|3.54|Pharynx normal|C0577002|[fndg]|["normal Pharynx"-tx-28-"normal pharynx"-noun-0]|TX|2301/14|
00000000|MMI|3.54|Posterior tibial pulse|C1720310|[ortf]|["Posterior tibial pulse"-tx-35-"posterior tibial pulse"-noun-0]|TX|2779/22|
00000000|MMI|3.54|RPS2 gene|C1419718|[gngm]|["S2"-tx-30-"S2"-noun-0]|TX|2428/2|
00000000|MMI|3.54|Reactive to light|C4068744|[fndg]|["Reactive to light"-tx-28-"reactive to light"-noun-0]|TX|2245/17|
00000000|MMI|3.54|Receive|C1514756|[qlco]|["RECEIVED"-tx-39-"received"-verb-0]|TX|3162/8|
00000000|MMI|3.54|Removed|C0849355|[qlco]|["Out"-tx-41-"out"-adv-0]|TX|3333/3|
00000000|MMI|3.54|Reside|C2982691|[acty]|["Reside"-tx-18-"resides"-verb-0]|TX|1294/7|
00000000|MMI|3.54|Review of systems (procedure)|C0489633|[hlca]|["Review of Systems"-tx-19-"REVIEW OF SYSTEMS"-noun-0]|TX|1366/17|
00000000|MMI|3.54|Review of systems:Finding:Point in time:^Patient:Narrative:Reported|C0488564|[clna]|["Review of systems"-tx-19-"REVIEW OF SYSTEMS"-noun-0]|TX|1366/17|
00000000|MMI|3.54|Review of systems:Finding:Point in time:^Patient:Nominal:Reported|C0488565|[clna]|["Review of systems"-tx-19-"REVIEW OF SYSTEMS"-noun-0]|TX|1366/17|
00000000|MMI|3.54|S2|C3812876|[fndg]|["S2"-tx-30-"S2"-noun-0]|TX|2428/2|
00000000|MMI|3.54|S2 innervation|C1179705|[blor]|["S2"-tx-30-"S2"-noun-0]|TX|2428/2|
00000000|MMI|3.54|Safety Reporting Documentation|C3891294|[inpr]|["General"-tx-26-"general"-adj-0]|TX|2042/7|
00000000|MMI|3.54|Social History|C3714536|[fndg]|["Social History"-tx-16-"SOCIAL HISTORY"-noun-0]|TX|1155/14|
00000000|MMI|3.54|Social and personal history|C0424945|[fndg]|["Social history"-tx-16-"SOCIAL HISTORY"-noun-0]|TX|1155/14|
00000000|MMI|3.54|Stable status|C0205360|[qlco]|["STABLE"-tx-64-"Stable"-adj-0]|TX|5225/6|
00000000|MMI|3.54|Swelling|C0038999|[fndg]|["SWELLING"-tx-5-"swelling"-noun-0]|TX|441/8|
00000000|MMI|3.54|Take|C1515187|[hlca]|["Take"-tx-59-"take"-verb-0]|TX|4919/4|
00000000|MMI|3.54|Testicular Cancer Serum Markers Test Result S2|C3812875|[lbtr]|["S2"-tx-30-"S2"-noun-0]|TX|2428/2|
00000000|MMI|3.54|Then|C1883708|[tmco]|["Then"-tx-58-"then"-adv-0]|TX|4807/4|
00000000|MMI|3.54|Two|C0205448|[qnco]|["Two"-tx-43-"two"-adj-0]|TX|3520/3|
00000000|MMI|3.54|Weighing patient|C1305866|[diap]|["weight"-tx-25-"weight"-noun-0]|TX|2019/6|
00000000|MMI|3.54|Weight|C0043100|[qnco]|["WEIGHT"-tx-25-"weight"-noun-0]|TX|2019/6|
00000000|MMI|3.54|magnetic resonance spectroscopic imaging|C1522706|[diap]|["MRS"-tx-3-"Mrs"-noun-0]|TX|247/3|
00000000|MMI|3.54|put - instruction imperative|C1882509|[acty]|["Put"-tx-41-"put"-verb-0]|TX|3329/3|
00000000|MMI|2.63|Personal History of Coronary Artery Disease|C1881055|[clna]|["History of Coronary Artery Disease"-tx-22-"history of coronary artery disease"-noun-0]|TX|1635/34|
00000000|MMI|2.58|Dry dressing, device|C3494912|[medd]|["Dry dressing"-tx-60-"dry dressing"-noun-0]|TX|4934/3,4946/8|
00000000|MMI|2.58|Patient status|C0449437|[fndg]|["Patient status"-tx-47-"patient's status"-noun-0]|TX|3825/9,3842/6|
00000000|MMI|2.58|H/O: tuberculosis|C0455460|[fndg]|["History of - tuberculosis"-tx-21-"history of tuberculosis"-noun-0]|TX|1489/23|
00000000|MMI|2.57|Discharge date|C2361123|[tmco]|["Discharge date"-tx-2-"Discharge Date"-noun-0]|TX|145/14|
00000000|MMI|2.57|Discharge date:Time Stamp -- Date and Time:Point in time:^Patient:Quantitative|C2361122|[clna]|["Discharge date"-tx-2-"Discharge Date"-noun-0]|TX|145/14|
00000000|MMI|2.57|Mental state (observable entity)|C0278060|[fndg]|["Mental status"-tx-47-"mental status"-noun-0]|TX|3835/13|
00000000|MMI|2.55|Examination of lymph nodes|C0562297|[diap]|["Examination of lymph nodes"-tx-27-"Examination of lymph nodes"-noun-0]|TX|2144/14,2163/11|
00000000|MMI|2.54|Positive Finding|C1514241|[fndg]|["Positive Finding"-tx-21-"positive findings"-noun-1]|TX|1533/8,1554/8|
00000000|MMI|2.52|% index|C1637833|[qnco]|["% index"-tx-67-"Index"-noun-0]|TX|5336/5|
00000000|MMI|2.52|+5|C0728893|[qnco]|["+5"-tx-25-"5"-integer-0]|TX|2010/1|
00000000|MMI|2.52|>5|C0439084|[qnco]|[">5"-tx-25-"5"-integer-0]|TX|2010/1|
00000000|MMI|2.52|Antibiotic throat preparations|C3540706|[antb]|["Antibiotics"-tx-39-"antibiotics"-noun-0]|TX|3185/11|
00000000|MMI|2.52|Antibiotics FOR TREATMENT OF HEMORRHOIDS AND ANAL FISSURES FOR TOPICAL USE|C3540707|[antb]|["Antibiotics"-tx-39-"antibiotics"-noun-0]|TX|3185/11|
00000000|MMI|2.52|Antibiotics for systemic use|C3540704|[antb]|["Antibiotics"-tx-39-"antibiotics"-noun-0]|TX|3185/11|
00000000|MMI|2.52|Antibiotics, Gynecological|C3540708|[antb]|["Antibiotics"-tx-39-"antibiotics"-noun-0]|TX|3185/11|
00000000|MMI|2.52|Antibiotics, ophthalmologic|C3540710|[antb]|["Antibiotics"-tx-39-"antibiotics"-noun-0]|TX|3185/11|
00000000|MMI|2.52|Antifungal Antibiotics, Topical|C3540705|[antb]|["Antibiotics"-tx-39-"antibiotics"-noun-0]|TX|3185/11|
00000000|MMI|2.52|Attending (action)|C1999232|[ftcn]|["attending"-tx-66-"Attending"-noun-0]|TX|5278/9|
00000000|MMI|2.52|Attending (provider role)|C1547429|[prog]|["Attending"-tx-66-"Attending"-noun-0]|TX|5278/9|
00000000|MMI|2.52|Blood pressure finding|C1271104|[fndg]|["Blood Pressure"-tx-25-"blood pressure"-noun-0]|TX|1954/14|
00000000|MMI|2.52|CDISC Findings Class|C3539655|[inpr]|["FINDINGS"-tx-32-"findings"-noun-0]|TX|2544/8|
00000000|MMI|2.52|Html Link Type - index|C1552854|[idcn]|["index"-tx-67-"Index"-noun-0]|TX|5336/5|
00000000|MMI|2.52|Index|C0918012|[inpr]|["Index"-tx-67-"Index"-noun-0]|TX|5336/5|
00000000|MMI|2.52|Instruction [Publication Type]|C0302828|[inpr]|["instructions"-tx-58-"INSTRUCTIONS"-noun-0]|TX|4706/12|
00000000|MMI|2.52|Instructions|C1442085|[idcn]|["Instructions"-tx-58-"INSTRUCTIONS"-noun-0]|TX|4706/12|
00000000|MMI|2.52|Instructions:Text:Point in time:^Patient:Narrative|C3263700|[clna]|["Instructions"-tx-58-"INSTRUCTIONS"-noun-0]|TX|4706/12|
00000000|MMI|2.52|Lymphotoxin-Alpha, human|C3887647|[aapp,imft]|["LT"-tx-1-"LT"-noun-0]|TX|71/2|
00000000|MMI|2.52|Pounds|C0439219|[qnco]|["lbs"-tx-25-"lbs"-noun-0]|TX|2033/3|
00000000|MMI|2.52|Procedure findings:Finding:Point in time:^Patient:Narrative|C2926606|[clna]|["Findings"-tx-32-"findings"-noun-0]|TX|2544/8|
00000000|MMI|2.52|Rate|C1521828|[qnco]|["Rate"-tx-30-"rate"-noun-0]|TX|2391/4|
00000000|MMI|2.52|Rating (action)|C0871208|[acty]|["Rate"-tx-30-"rate"-noun-0]|TX|2391/4|
00000000|MMI|2.52|Structure of left thigh|C0230426|[bpoc]|["LT"-tx-1-"LT"-noun-0]|TX|71/2|
00000000|MMI|2.52|Therapeutic procedure|C0087111|[topp]|["Treatments"-tx-44-"treatments"-noun-0]|TX|3618/10|E02
00000000|MMI|2.52|antibiotics, intestinal|C3540709|[antb]|["Antibiotics"-tx-39-"antibiotics"-noun-0]|TX|3185/11|
00000000|MMI|2.52|extraocular|C0241886|[ftcn]|["EXTRAOCULAR"-tx-28-"extraocular"-noun-0]|TX|2268/11|
00000000|MMI|2.52|findings aspects|C2607943|[ftcn]|["findings"-tx-32-"findings"-noun-0]|TX|2544/8|
00000000|MMI|2.52|liquid-based cytology (procedure)|C3161851|[lbpr]|["LBS"-tx-25-"lbs"-noun-0]|TX|2033/3|
00000000|MMI|2.51|Revision of knee replacement|C0188176|[topp]|["Revision of knee replacement"-tx-37-"revision of knee replacement"-noun-0]|TX|3044/11,3067/16|
00000000|MMI|2.51|Revision of knee replacement, not otherwise specified|C1561931|[topp]|["Revision of knee replacement, not otherwise specified"-tx-37-"revision of knee replacement"-noun-0]|TX|3044/11,3067/16|
00000000|MMI|2.50|Cigarette smoke (substance)|C0239059|[hops]|["cigarette Smoking History"-tx-16-"history cigarette smoking"-noun-0]|TX|1192/7,1203/17|
00000000|MMI|2.50|Cigarette smoking behavior|C0700219|[inbe]|["Cigarette Smoking History"-tx-16-"history cigarette smoking"-noun-0]|TX|1192/7,1203/17|
00000000|MMI|2.49|Admission date:Time Stamp -- Date and Time:Point in time:^Patient:Quantitative|C2598112|[clna]|["Admission date"-tx-2-"Admission Date"-noun-0]|TX|97/14|
00000000|MMI|2.49|Date of admission|C1302393|[tmco]|["Admission date"-tx-2-"Admission Date"-noun-0]|TX|97/14|
00000000|MMI|2.49|Report status|C0586177|[fndg]|["Report status"-tx-2-"Report Status"-noun-0]|TX|123/13|
00000000|MMI|2.49|11-12|C3843712|[fndg]|["11-12"-tx-1-"11 12"-fraction-0]|TX|40/2,50/2|
00000000|MMI|2.49|Nizatidine 150 MG|C0988192|[clnd]|["Nizatidine 150 MG"-tx-57-"nizatidine 150 mg"-noun-0]|TX|4664/17|
00000000|MMI|2.49|Diagnostic radiologic examination|C0043299|[diap]|["X-ray, NOS"-tx-49-"x-ray"-noun-0]|TX|3997/5|
00000000|MMI|2.49|H/O: migraine|C0455512|[fndg]|["History of - migraine"-tx-20-"history of migraine"-noun-0]|TX|1439/19|
00000000|MMI|2.49|Radiography Study File|C3891450|[inpr]|["X-ray"-tx-49-"x-ray"-noun-0]|TX|3997/5|
00000000|MMI|2.49|dictated - DocumentCompletion|C1609990|[idcn]|["Dictated"-tx-65-"Dictated"-verb-0]|TX|5234/8|
00000000|MMI|2.49|dictated - ParticipationMode|C1548384|[ftcn]|["dictated"-tx-65-"Dictated"-verb-0]|TX|5234/8|
00000000|MMI|2.49|inches per second|C0560033|[qnco]|["in s"-tx-18-"in S"-adj-0]|TX|1302/4|
00000000|MMI|2.48|Non-tender|C0520960|[qlco]|["Nontender"-tx-31-"nontender"-adj-0]|TX|2478/9|
00000000|MMI|2.48|Round shape|C0332490|[spco]|["ROUND"-tx-28-"round"-adj-0]|TX|2233/5|
00000000|MMI|2.48|Sterile (qualifier value)|C0232920|[qlco]|["Sterile"-tx-60-"sterile"-noun-0]|TX|4938/7|
00000000|MMI|2.48|Three|C0205449|[qnco]|["Three"-tx-47-"three"-word_numeral-0]|TX|3815/5|
00000000|MMI|2.48|Status post total hysterectomy|C2349921|[fndg]|["Status post total hysterectomy"-tx-13-"Status post total hysterectomy"-noun-0]|TX|1001/17,1029/12|
00000000|MMI|2.47|Docusate Sodium 100 MG|C3153447|[clnd]|["Docusate Sodium 100 MG"-tx-53-"Colace 100 mg"-noun-0]|TX|4318/13|
00000000|MMI|2.47|60%|C3842585|[fndg]|["60%"-tx-41-"60"-integer-0]|TX|3370/2|
00000000|MMI|2.47|Batch (Response Modality)|C1550176|[inpr]|["Batch"-tx-67-"Batch"-noun-0]|TX|5324/5|
00000000|MMI|2.47|Batch (group)|C1948031|[qnco]|["Batch"-tx-67-"Batch"-noun-0]|TX|5324/5|
00000000|MMI|2.47|Batch Number|C3641829|[inpr]|["BATCH"-tx-67-"Batch"-noun-0]|TX|5324/5|
00000000|MMI|2.47|Diagnosis|C0011900|[fndg]|["DIAGNOSIS"-tx-2-"DIAGNOSIS"-noun-0]|TX|171/9|E01
00000000|MMI|2.47|Diagnosis Study|C1704656|[resa]|["DIAGNOSIS"-tx-2-"DIAGNOSIS"-noun-0]|TX|171/9|
00000000|MMI|2.47|Overnight|C0439583|[tmco]|["Overnight"-tx-41-"overnight"-adv-0]|TX|3381/9|
00000000|MMI|2.46|Deficit|C2987487|[qlco]|["Deficit"-tx-34-"deficit"-noun-0]|TX|2705/7|
00000000|MMI|2.46|Pyrexia of unknown origin (excl puerperal)|C0856281|[sosy]|["puo"-tx-1-"PUO"-noun-0]|TX|12/3|
00000000|MMI|2.45|ITCH gene|C1422257|[gngm]|["ITCH"-tx-57-"itch"-noun-0]|TX|4578/4|
00000000|MMI|2.45|Ability to Shower|C4050468|[inpr]|["Showering"-tx-58-"showering"-noun-0]|TX|4826/9|
00000000|MMI|2.45|Complication|C0009566|[patf]|["Complications"-tx-62-"COMPLICATIONS"-noun-0]|TX|5127/13|
00000000|MMI|2.45|Condition|C0348080|[qlco]|["Condition"-tx-64-"CONDITION"-noun-0]|TX|5199/9|
00000000|MMI|2.45|Condition:Find:Pt:^Patient:Nom|C3864998|[clna]|["Condition"-tx-64-"CONDITION"-noun-0]|TX|5199/9|
00000000|MMI|2.45|Logical Condition|C1705253|[cnce]|["Condition"-tx-64-"CONDITION"-noun-0]|TX|5199/9|
00000000|MMI|2.45|Performed|C0884358|[ftcn]|["Performed"-tx-4-"performed"-verb-0]|TX|329/9|
00000000|MMI|2.45|Shower (physical object)|C0541748|[mnob]|["showering"-tx-58-"showering"-noun-0]|TX|4826/9|
00000000|MMI|2.45|showering|C2322572|[fndg]|["showering"-tx-58-"showering"-noun-0]|TX|4826/9|
00000000|MMI|2.44|Complication of procedure|C0742724|[fndg]|["complications procedure"-tx-38-"procedure complications"-noun-0]|TX|3104/9,3142/13|
00000000|MMI|2.44|Clear|C2963144|[qlco]|["Clear"-tx-29-"clear"-adj-0]|TX|2333/5|
00000000|MMI|2.44|Event Seriousness - Significant|C1546944|[qlco]|["Significant"-tx-7-"Significant"-adj-0]|TX|599/11|
00000000|MMI|2.44|Flexion, function|C0231452|[ortf]|["Flexion"-tx-34-"flexion"-noun-0]|TX|2717/7|
00000000|MMI|2.44|Gait training procedure|C0085673|[topp]|["Gait training"-tx-61-"gait training"-noun-0]|TX|5071/13|
00000000|MMI|2.44|Late|C0205087|[tmco]|["Later"-tx-45-"Later"-adj-0]|TX|3663/5|
00000000|MMI|2.44|March|C3829202|[qlco]|["March"-tx-50-"March"-noun-0]|TX|4014/5|
00000000|MMI|2.44|Negative Surgical Margin|C1709157|[fndg]|["Clear"-tx-29-"clear"-adj-0]|TX|2333/5|
00000000|MMI|2.44|November|C3828767|[tmco]|["November"-tx-37-"November"-noun-0]|TX|3013/8|
00000000|MMI|2.44|Obtain|C1301820|[ftcn]|["Obtained"-tx-49-"obtained"-verb-0]|TX|3985/8|
00000000|MMI|2.44|Significant|C0750502|[idcn]|["Significant"-tx-7-"Significant"-adj-0]|TX|599/11|
00000000|MMI|2.44|Statistical Significance|C0237881|[qnco]|["significant"-tx-7-"Significant"-adj-0]|TX|599/11|
00000000|MMI|2.44|Symptoms|C1457887|[sosy]|["SYMPTOMS"-tx-5-"symptoms"-noun-0]|TX|465/8|
00000000|MMI|2.44|Symptoms aspect|C0683368|[ftcn]|["symptoms"-tx-5-"symptoms"-noun-0]|TX|465/8|
00000000|MMI|2.44|2 Weeks|C1442457|[tmco]|["2 Weeks"-tx-57-"2 weeks"-noun-0]|TX|4629/1,4652/5|
00000000|MMI|2.43|Due to|C0678226|[ftcn]|["Due To"-tx-45-"due to"-prep-0]|TX|3728/6|
00000000|MMI|2.43|Failure (biologic function)|C0231174|[ftcn]|["FAILURE"-tx-6-"failure"-noun-0]|TX|507/7|
00000000|MMI|2.43|Personal failure|C0680095|[inbe]|["failure"-tx-6-"failure"-noun-0]|TX|507/7|
00000000|MMI|2.43|Rhythm|C0871269|[fndg]|["Rhythm"-tx-30-"rhythm"-noun-0]|TX|2400/6|
00000000|MMI|2.43|Rhythm Not Otherwise Specified ECG Assessment|C3828331|[inpr]|["Rhythm Not Otherwise Specified"-tx-30-"rhythm"-noun-0]|TX|2400/6|
00000000|MMI|2.43|View|C0449911|[spco]|["Views"-tx-49-"Views"-noun-0]|TX|3957/5|
00000000|MMI|2.43|rhythmic process (biological)|C1523018|[phsf]|["rhythm"-tx-30-"rhythm"-noun-0]|TX|2400/6|
00000000|MMI|2.43|Make - Instruction Imperative|C1881534|[ftcn]|["Make"-tx-52-"made"-verb-0]|TX|4147/4|
00000000|MMI|2.43|Anti-Drug Antibody|C3811629|[aapp,imft]|["ADA"-tx-17-"ADA"-noun-0]|TX|1256/3|
00000000|MMI|2.43|Basal Diet|C2983588|[food]|["DIET"-tx-17-"diet"-noun-0]|TX|1260/4|
00000000|MMI|2.43|Diet (animal life circumstance)|C3668949|[food]|["Diet"-tx-17-"diet"-noun-0]|TX|1260/4|
00000000|MMI|2.43|Genus Ada|C1060325|[plnt]|["Ada"-tx-17-"ADA"-noun-0]|TX|1256/3|
00000000|MMI|2.43|Integrated Neuromusculoskeletal Release|C1704538|[topp]|["INR"-tx-57-"INR"-noun-0]|TX|4609/3|
00000000|MMI|2.43|Pharmacogenomics Trial Characteristics Domain|C3714755|[inpr]|["PT"-tx-57-"PT"-noun-0]|TX|4606/2|
00000000|MMI|2.43|Revision|C0439617|[tmco]|["Revision"-tx-37-"revision"-noun-0]|TX|3044/8|
00000000|MMI|2.43|Revision procedure|C1527075|[topp]|["Revision"-tx-37-"revision"-noun-0]|TX|3044/8|
00000000|MMI|2.43|Special Diet Therapy|C1519433|[topp]|["DIET"-tx-17-"diet"-noun-0]|TX|1260/4|
00000000|MMI|2.43|Surgical revision|C0558347|[topp]|["Revision"-tx-37-"revision"-noun-0]|TX|3044/8|
00000000|MMI|2.42|Apply|C4048755|[ftcn]|["Applied"-tx-60-"applied"-verb-0]|TX|4962/7|
00000000|MMI|2.42|Basis|C1874451|[phsu]|["BASIS"-tx-60-"basis"-noun-0]|TX|4982/5|
00000000|MMI|2.42|Basis - conceptual entity|C1527178|[ftcn]|["Basis"-tx-60-"basis"-noun-0]|TX|4982/5|
00000000|MMI|2.42|CDISC SDTM Procedure Terminology|C3539779|[inpr]|["Procedure"-tx-38-"procedure"-noun-0]|TX|3104/9|
00000000|MMI|2.42|Evening|C0587117|[tmco]|["Evening"-tx-36-"evening"-noun-0]|TX|2956/7|
00000000|MMI|2.42|Interventional procedure|C0184661|[topp]|["Procedure"-tx-38-"procedure"-noun-0]|TX|3104/9|
00000000|MMI|2.42|Physical Medical Procedure|C3274430|[hlca]|["PROCEDURE"-tx-38-"procedure"-noun-0]|TX|3104/9|
00000000|MMI|2.42|Physiologic pulse|C0391850|[phsf]|["Pulse"-tx-25-"pulse"-noun-0]|TX|1986/5|
00000000|MMI|2.42|Procedure (set of actions)|C2700391|[acty]|["Procedure"-tx-38-"procedure"-noun-0]|TX|3104/9|
00000000|MMI|2.42|Procedure Domain|C3538935|[inpr]|["Procedure"-tx-38-"procedure"-noun-0]|TX|3104/9|
00000000|MMI|2.42|Pulse phenomenon|C1947910|[phpr]|["Pulse"-tx-25-"pulse"-noun-0]|TX|1986/5|
00000000|MMI|2.42|Surgical and medical procedures|C1948041|[topp]|["Procedure"-tx-38-"procedure"-noun-0]|TX|3104/9|
00000000|MMI|2.42|Six|C0205452|[qnco]|["Six"-tx-57-"six"-word_numeral-0]|TX|4648/3|
00000000|MMI|2.42|prescription document|C1521941|[inpr]|["Prescription"-tx-36-"prescription"-noun-0]|TX|2913/12|
00000000|MMI|2.42|Arrival - action|C1706079|[acty]|["Arrival"-tx-45-"arrival"-noun-0]|TX|3739/7|
00000000|MMI|2.42|arrival - ActRelationshipType|C1555577|[ftcn]|["arrival"-tx-45-"arrival"-noun-0]|TX|3739/7|
00000000|MMI|2.42|Medial parapatellar approach|C0442141|[spco]|["Medial parapatellar"-tx-33-"medial parapatellar"-adj-0]|TX|2594/19|
00000000|MMI|2.42|Pupils equal|C0578617|[fndg]|["Pupils equal"-tx-28-"pupils equal"-noun-0]|TX|2218/12|
00000000|MMI|2.41|1800s|C0681738|[tmco]|["1800s"-tx-17-"1800"-integer-0]|TX|1251/4|
00000000|MMI|2.41|Plain chest X-ray|C0039985|[diap]|["Chest X-ray"-tx-21-"chest x-ray"-noun-0]|TX|1542/11|
00000000|MMI|2.41|Views:Finding:Point in time:Chest:Narrative:XR|C1114557|[clna]|["Chest X-ray"-tx-21-"chest x-ray"-noun-0]|TX|1542/11|
00000000|MMI|2.39|Additional|C1524062|[ftcn]|["Additional"-tx-58-"ADDITIONAL"-adj-0]|TX|4695/10|
00000000|MMI|2.39|Clinical Nurse Specialist - Perioperative|C1552246|[prog]|["Perioperative"-tx-39-"perioperative"-adj-0]|TX|3171/13|
00000000|MMI|2.39|Focal|C0205234|[spco]|["FOCAL"-tx-32-"focal"-adj-0]|TX|2538/5|
00000000|MMI|2.39|More|C0205172|[ftcn]|["More"-tx-46-"more"-adv-0]|TX|3777/4|
00000000|MMI|2.39|Regular|C0205272|[qlco]|["Regular"-tx-30-"regular"-adj-0]|TX|2383/7|
00000000|MMI|2.39|Sofia|C0445270|[inpr]|["Sofia"-tx-66-"SOFIA"-noun-0]|TX|5289/5|
00000000|MMI|2.39|perioperative|C1518988|[tmco]|["Perioperative"-tx-39-"perioperative"-adj-0]|TX|3171/13|
00000000|MMI|2.38|90 degrees|C0441984|[qnco]|["90 degrees"-tx-34-"90 degrees"-noun-0]|TX|2728/10|
00000000|MMI|2.38|<90 degrees|C0441983|[qnco]|["<90 degrees"-tx-34-"90 degrees"-noun-0]|TX|2728/10|
00000000|MMI|2.38|>90 degrees|C0441985|[qnco]|[">90 degrees"-tx-34-"90 degrees"-noun-0]|TX|2728/10|
00000000|MMI|2.38|Multivitamin tablet|C0978787|[phsu]|["Multivitamin tablet"-tx-54-"multivitamin tablet"-noun-0]|TX|4436/12,4453/6|
00000000|MMI|2.38|Refused|C1705116|[acty]|["REFUSE"-tx-44-"refusing"-adj-0]|TX|3609/8|
00000000|MMI|2.38|Known|C0205309|[qlco]|["Known"-tx-14-"known"-adj-0]|TX|1092/5|
00000000|MMI|2.38|Palpable|C0522499|[qlco]|["Palpable"-tx-35-"palpable"-adj-0]|TX|2751/8|
00000000|MMI|2.38|Proximal|C0205107|[spco]|["PROXIMAL"-tx-11-"proximal"-adj-0]|TX|929/8|
00000000|MMI|2.38|Psyche structure|C0229992|[menp]|["mental"-tx-47-"mental"-adj-0]|TX|3835/6|
00000000|MMI|2.38|SHORT STATURE, ONYCHODYSPLASIA, FACIAL DYSMORPHISM, AND HYPOTRICHOSIS SYNDROME|C3542022|[dsyn]|["SOFT"-tx-31-"soft"-adj-0]|TX|2471/4|
00000000|MMI|2.38|Soft|C0205358|[qlco]|["Soft"-tx-31-"soft"-adj-0]|TX|2471/4|
00000000|MMI|2.37|Shortness of breath:-:Point in time:^Patient:-|C2707305|[clna]|["Shortness of breath"-tx-22-"of shortness breath"-noun-0]|TX|1591/12,1607/6|
00000000|MMI|2.37|4+ Answer to question|C3838679|[fndg]|["4+"-tx-2-"4"-fraction-0]|TX|161/1|
00000000|MMI|2.37|Old|C0580836|[tmco]|["Old"-tx-4-"old"-noun-0]|TX|273/3|
00000000|MMI|2.37|per year|C0439508|[tmco]|["/Year"-tx-4-"year"-noun-0]|TX|268/4|
00000000|MMI|2.37|year|C0439234|[tmco]|["YEAR"-tx-4-"year"-noun-0]|TX|268/4|
00000000|MMI|2.37|Topical Lotion|C0991552|[bodm]|["Topical Lotion"-tx-57-"topical lotion"-noun-0]|TX|4551/14|
00000000|MMI|2.37|Femoral component|C0449434|[medd]|["Femoral component"-tx-6-"femoral component"-noun-0]|TX|522/17|
00000000|MMI|2.36|+2|C0740116|[qnco]|["+2"-tx-2-"2"-fraction-0]|TX|113/1|
00000000|MMI|2.36|2+|C3833492|[fndg]|["2+"-tx-2-"2"-fraction-0]|TX|113/1|
00000000|MMI|2.36|2+ Score|C2827735|[qnco]|["2+"-tx-2-"2"-fraction-0]|TX|113/1|
00000000|MMI|2.36|2+ Score, WHO|C2981700|[clas]|["2+"-tx-2-"2"-fraction-0]|TX|113/1|
00000000|MMI|2.36|Degree Unit of Plane Angle|C2348088|[qnco]|["Degree"-tx-34-"degree"-noun-0]|TX|2688/6|
00000000|MMI|2.36|Diagnostic interview schedule|C0451119|[inpr]|["DIS"-tx-2-"DIS"-noun-0]|TX|91/3|
00000000|MMI|2.36|Entire knee region|C1283838|[blor]|["Knee"-tx-2-"KNEE"-noun-0]|TX|75/4|
00000000|MMI|2.36|Extension|C0231448|[ftcn]|["Extension"-tx-34-"extension"-noun-0]|TX|2695/9|
00000000|MMI|2.36|Knee region structure|C1963703|[blor]|["Knee, NOS"-tx-2-"KNEE"-noun-0]|TX|75/4|
00000000|MMI|2.36|Levels (qualifier value)|C0441889|[qlco]|["Degree"-tx-34-"degree"-noun-0]|TX|2688/6|
00000000|MMI|2.36|Primary|C0205225|[qlco]|["Primary"-tx-4-"primary"-adj-0]|TX|298/7|
00000000|MMI|2.36|Primary operation|C0439631|[topp]|["Primary"-tx-4-"primary"-adj-0]|TX|298/7|
00000000|MMI|2.36|Telephone Extension Number|C1880641|[cnce]|["Extension"-tx-34-"extension"-noun-0]|TX|2695/9|
00000000|MMI|2.36|True primary (qualifier value)|C0439612|[tmco]|["Primary"-tx-4-"primary"-adj-0]|TX|298/7|
00000000|MMI|2.36|Incision and drainage|C0152277|[topp]|["i d"-tx-54-"i.d"-adv-0]|TX|4373/3|
00000000|MMI|2.36|Diphenhydramine Hydrochloride 50 MG|C2940393|[clnd]|["Diphenhydramine Hydrochloride 50 MG"-tx-53-"Benadryl 50 mg"-noun-0]|TX|4272/8,4284/5|
00000000|MMI|2.36|Percocet|C0086787|[orch,phsu]|["Percocet"-tx-55-"Percocet"-noun-0]|TX|4472/8|
00000000|MMI|2.36|Acetaminophen 650 MG|C0982960|[clnd]|["Acetaminophen 650 MG"-tx-53-"Tylenol 650 mg"-noun-0]|TX|4220/14|
00000000|MMI|2.36|Long|C0205166|[qlco]|["Long"-tx-58-"long"-adv-0]|TX|4839/4|
00000000|MMI|2.36|Long Variable|C1706317|[qlco]|["Long"-tx-58-"long"-adv-0]|TX|4839/4|
00000000|MMI|2.36|Blood group antibody I|C0221138|[aapp,imft]|["I NOS"-tx-54-"i"-adv-0]|TX|4373/1|
00000000|MMI|2.36|Five|C0205451|[qnco]|["Five"-tx-54-"five"-word_numeral-0]|TX|4384/4|
00000000|MMI|2.36|Times|C1632851|[qnco]|["Times"-tx-54-"times"-noun-0]|TX|4378/5|
00000000|MMI|2.35|Antalgic gait|C0231685|[fndg]|["ANTALGIC GAIT"-tx-26-"antalgic gait"-noun-0]|TX|2088/13|
00000000|MMI|2.35|Catch - Finding of sensory dimension of pain|C0231617|[sosy]|["catching"-tx-5-"catching"-noun-0]|TX|477/8|
00000000|MMI|2.35|Catching function|C2584298|[phsf]|["Catching"-tx-5-"catching"-noun-0]|TX|477/8|
00000000|MMI|2.35|Infrequent|C0521114|[tmco]|["Occasional"-tx-5-"occasional"-adj-0]|TX|454/10|
00000000|MMI|2.35|Umbilical hernia|C0019322|[anab]|["HERNIA, UMBILICAL"-tx-13-"umbilical hernia"-noun-0]|TX|1047/16|
00000000|MMI|2.35|Difficult nursing in non-human animal|C0233388|[fndg]|["Difficult nursing"-tx-43-"difficult nursing"-adj-0]|TX|3549/9,3585/7|
00000000|MMI|2.35|Gait normal|C0231683|[fndg]|["Normal"-tx-30-"normal"-adj-0]|TX|2414/6|
00000000|MMI|2.35|Mean Percent of Normal|C2347086|[qnco]|["% Normal"-tx-30-"normal"-adj-0]|TX|2414/6|
00000000|MMI|2.35|Normal|C0205307|[qlco]|["NORMAL"-tx-30-"normal"-adj-0]|TX|2414/6|
00000000|MMI|2.35|Percent normal|C0439166|[qnco]|["% normal"-tx-30-"normal"-adj-0]|TX|2414/6|
00000000|MMI|2.35|S1|C3715215|[fndg]|["S1"-tx-30-"S1"-noun-0]|TX|2421/2|
00000000|MMI|2.35|Testicular Cancer Serum Markers Test Result S1|C3814877|[lbtr]|["S1"-tx-30-"S1"-noun-0]|TX|2421/2|
00000000|MMI|2.34|Distant|C0443203|[spco]|["Remote"-tx-20-"remote"-adj-0]|TX|1432/6|
00000000|MMI|2.34|Initially|C0205265|[tmco]|["Initially"-tx-41-"initially"-adv-0]|TX|3355/9|
00000000|MMI|2.34|Remote|C0205157|[spco]|["Remote"-tx-20-"remote"-adj-0]|TX|1432/6|
00000000|MMI|2.34|location - remote|C1550013|[spco]|["remote"-tx-20-"remote"-adj-0]|TX|1432/6|
00000000|MMI|2.34|Intraoperative|C0456904|[tmco]|["Intraoperative"-tx-38-"intraoperative"-adj-0]|TX|3127/14|
00000000|MMI|2.34|50%|C3842586|[fndg]|["50%"-tx-48-"50"-integer-0]|TX|3944/2|
00000000|MMI|2.34|<50|C3843766|[fndg]|["<50"-tx-48-"50"-integer-0]|TX|3944/2|
00000000|MMI|2.34|Clinical trial protocol document|C1507394|[inpr]|["Protocol"-tx-61-"protocol"-noun-0]|TX|5116/8|
00000000|MMI|2.34|Difficult (qualifier value)|C0332218|[qlco]|["Difficult"-tx-43-"difficult"-adj-0]|TX|3549/9|
00000000|MMI|2.34|Has difficulty doing (qualifier value)|C1299586|[fndg]|["Difficult"-tx-43-"difficult"-adj-0]|TX|3549/9|
00000000|MMI|2.34|Library Protocol|C1522729|[inpr]|["Protocol"-tx-61-"protocol"-noun-0]|TX|5116/8|
00000000|MMI|