00000000|MMI|230.06|Patients|C0030705|[podg]|["*^patient"-tx-84-"patient"-noun-0,"*^patient"-tx-82-"patient"-noun-0,"*^patient"-tx-79-"patient"-noun-0,"*^patient"-tx-77-"patient"-noun-0,"*^patient"-tx-75-"patient"-noun-0,"*^patient"-tx-73-"patient"-noun-0,"*^patient"-tx-71-"patient"-noun-0,"*^patient"-tx-68-"patient's"-noun-0,"*^patient"-tx-67-"patient's"-noun-0,"*^patient"-tx-66-"patient"-noun-0,"*^patient"-tx-63-"patient's"-noun-0,"*^patient"-tx-61-"patient"-noun-0,"*^patient"-tx-60-"patient"-noun-0,"*^patient"-tx-59-"patient"-noun-0,"*^patient"-tx-58-"patient"-noun-0,"*^patient"-tx-57-"patient"-noun-0,"*^patient"-tx-55-"patient"-noun-0,"*^patient"-tx-54-"patient"-noun-0,"*^patient"-tx-53-"patient"-noun-0,"*^patient"-tx-52-"patient"-noun-0,"*^patient"-tx-51-"patient"-noun-0,"*^patient"-tx-48-"patient"-noun-0,"*^patient"-tx-44-"patient's"-noun-0,"*^patient"-tx-42-"patient"-noun-0,"*^patient"-tx-15-"patient"-noun-0,"*^patient"-tx-13-"patient"-noun-0,"*^patient"-tx-11-"patient's"-noun-0,"*^patient"-tx-10-"patient"-noun-0,"*^patient"-tx-9-"patient"-noun-0,"*^patient"-tx-7-"patient"-noun-0,"*^patient"-tx-6-"patient"-noun-0,"*^patient"-tx-5-"patient's"-noun-0]|TX|5508/7;5440/7;5287/7;5222/7;4978/7;4882/7;4799/7;4513/9;4397/9;4281/7;4148/9;[3975/7],[4091/7];3845/7;3785/7;3632/7;3557/7;3364/7;3286/7;3224/7;3099/7;2918/7;2709/7;2319/9;2212/7;1709/7;1508/7;1210/9;991/7;899/7;706/7;583/7;519/9|M01.643
00000000|MMI|126.35|Abortion consent:Finding:Point in time:^Patient:Document|C2360836|[clna]|["Patient"-tx-84-"patient"-noun-0,"Patient"-tx-82-"patient"-noun-0,"Patient"-tx-79-"patient"-noun-0,"Patient"-tx-77-"patient"-noun-0,"Patient"-tx-75-"patient"-noun-0,"Patient"-tx-73-"patient"-noun-0,"Patient"-tx-71-"patient"-noun-0,"Patient"-tx-68-"patient's"-noun-0,"Patient"-tx-67-"patient's"-noun-0,"Patient"-tx-66-"patient"-noun-0,"Patient"-tx-63-"patient's"-noun-0,"Patient"-tx-61-"patient"-noun-0,"Patient"-tx-60-"patient"-noun-0,"Patient"-tx-59-"patient"-noun-0,"Patient"-tx-58-"patient"-noun-0,"Patient"-tx-57-"patient"-noun-0,"Patient"-tx-55-"patient"-noun-0,"Patient"-tx-54-"patient"-noun-0,"Patient"-tx-53-"patient"-noun-0,"Patient"-tx-52-"patient"-noun-0,"Patient"-tx-51-"patient"-noun-0,"Patient"-tx-48-"patient"-noun-0,"Patient"-tx-44-"patient's"-noun-0,"Patient"-tx-42-"patient"-noun-0,"Patient"-tx-15-"patient"-noun-0,"Patient"-tx-13-"patient"-noun-0,"Patient"-tx-11-"patient's"-noun-0,"Patient"-tx-10-"patient"-noun-0,"Patient"-tx-9-"patient"-noun-0,"Patient"-tx-7-"patient"-noun-0,"Patient"-tx-6-"patient"-noun-0,"Patient"-tx-5-"patient's"-noun-0]|TX|5508/7;5440/7;5287/7;5222/7;4978/7;4882/7;4799/7;4513/9;4397/9;4281/7;4148/9;[3975/7],[4091/7];3845/7;3785/7;3632/7;3557/7;3364/7;3286/7;3224/7;3099/7;2918/7;2709/7;2319/9;2212/7;1709/7;1508/7;1210/9;991/7;899/7;706/7;583/7;519/9|
00000000|MMI|126.35|Hysterectomy consent:Finding:Point in time:^Patient:Document|C2360838|[clna]|["Patient"-tx-84-"patient"-noun-0,"Patient"-tx-82-"patient"-noun-0,"Patient"-tx-79-"patient"-noun-0,"Patient"-tx-77-"patient"-noun-0,"Patient"-tx-75-"patient"-noun-0,"Patient"-tx-73-"patient"-noun-0,"Patient"-tx-71-"patient"-noun-0,"Patient"-tx-68-"patient's"-noun-0,"Patient"-tx-67-"patient's"-noun-0,"Patient"-tx-66-"patient"-noun-0,"Patient"-tx-63-"patient's"-noun-0,"Patient"-tx-61-"patient"-noun-0,"Patient"-tx-60-"patient"-noun-0,"Patient"-tx-59-"patient"-noun-0,"Patient"-tx-58-"patient"-noun-0,"Patient"-tx-57-"patient"-noun-0,"Patient"-tx-55-"patient"-noun-0,"Patient"-tx-54-"patient"-noun-0,"Patient"-tx-53-"patient"-noun-0,"Patient"-tx-52-"patient"-noun-0,"Patient"-tx-51-"patient"-noun-0,"Patient"-tx-48-"patient"-noun-0,"Patient"-tx-44-"patient's"-noun-0,"Patient"-tx-42-"patient"-noun-0,"Patient"-tx-15-"patient"-noun-0,"Patient"-tx-13-"patient"-noun-0,"Patient"-tx-11-"patient's"-noun-0,"Patient"-tx-10-"patient"-noun-0,"Patient"-tx-9-"patient"-noun-0,"Patient"-tx-7-"patient"-noun-0,"Patient"-tx-6-"patient"-noun-0,"Patient"-tx-5-"patient's"-noun-0]|TX|5508/7;5440/7;5287/7;5222/7;4978/7;4882/7;4799/7;4513/9;4397/9;4281/7;4148/9;[3975/7],[4091/7];3845/7;3785/7;3632/7;3557/7;3364/7;3286/7;3224/7;3099/7;2918/7;2709/7;2319/9;2212/7;1709/7;1508/7;1210/9;991/7;899/7;706/7;583/7;519/9|
00000000|MMI|126.35|Sterilization consent:Finding:Point in time:^Patient:Document|C2360840|[clna]|["Patient"-tx-84-"patient"-noun-0,"Patient"-tx-82-"patient"-noun-0,"Patient"-tx-79-"patient"-noun-0,"Patient"-tx-77-"patient"-noun-0,"Patient"-tx-75-"patient"-noun-0,"Patient"-tx-73-"patient"-noun-0,"Patient"-tx-71-"patient"-noun-0,"Patient"-tx-68-"patient's"-noun-0,"Patient"-tx-67-"patient's"-noun-0,"Patient"-tx-66-"patient"-noun-0,"Patient"-tx-63-"patient's"-noun-0,"Patient"-tx-61-"patient"-noun-0,"Patient"-tx-60-"patient"-noun-0,"Patient"-tx-59-"patient"-noun-0,"Patient"-tx-58-"patient"-noun-0,"Patient"-tx-57-"patient"-noun-0,"Patient"-tx-55-"patient"-noun-0,"Patient"-tx-54-"patient"-noun-0,"Patient"-tx-53-"patient"-noun-0,"Patient"-tx-52-"patient"-noun-0,"Patient"-tx-51-"patient"-noun-0,"Patient"-tx-48-"patient"-noun-0,"Patient"-tx-44-"patient's"-noun-0,"Patient"-tx-42-"patient"-noun-0,"Patient"-tx-15-"patient"-noun-0,"Patient"-tx-13-"patient"-noun-0,"Patient"-tx-11-"patient's"-noun-0,"Patient"-tx-10-"patient"-noun-0,"Patient"-tx-9-"patient"-noun-0,"Patient"-tx-7-"patient"-noun-0,"Patient"-tx-6-"patient"-noun-0,"Patient"-tx-5-"patient's"-noun-0]|TX|5508/7;5440/7;5287/7;5222/7;4978/7;4882/7;4799/7;4513/9;4397/9;4281/7;4148/9;[3975/7],[4091/7];3845/7;3785/7;3632/7;3557/7;3364/7;3286/7;3224/7;3099/7;2918/7;2709/7;2319/9;2212/7;1709/7;1508/7;1210/9;991/7;899/7;706/7;583/7;519/9|
00000000|MMI|36.53|Diuresis|C0012797|[ortf]|["Diuresis"-tx-76-"diuresis"-noun-0,"Diuresis"-tx-63-"diuresis"-noun-0,"Diuresis"-tx-57-"diuresis"-noun-0,"Diuresis"-tx-54-"diuresis"-noun-0,"Diuresis"-tx-11-"diuresis"-adv-0,"Diuresis"-tx-8-"diuresis"-noun-0,"Diuresis"-tx-7-"diuresis"-noun-0]|TX|5207/8;4221/8;3538/8;3328/8;1153/8;852/8;787/8|G08.852.796.241
00000000|MMI|30.62|Heme|C0018966|[bacs,orch]|["Haem"-tx-70-"Heme"-noun-0,"Haem"-tx-69-"Heme"-noun-0,"Haem"-tx-66-"Heme"-noun-0]|TX|4677/4;4662/4;4271/4|D03.383.129.578.840.500.640.587;D03.549.909.500.640.587;D04.345.783.500.640.587;D23.767.727.640.587
00000000|MMI|30.59|Lasix|C0699992|[orch,phsu]|["Lasix"-tx-56-"Lasix"-noun-0,"Lasix"-tx-54-"Lasix"-noun-0,"Lasix"-tx-12-"Lasix"-noun-0,"Lasix"-tx-8-"Lasix"-noun-0]|TX|3488/5;3312/5;1443/5;869/5|D02.065.884.725.300;D02.092.146.807.300;D02.886.590.700.725.300
00000000|MMI|28.13|Togo|C0040363|[geoa]|["TO"-tx-85-"To"-adv-0,"TO"-tx-57-"to"-adv-0,"TO"-tx-50-"to"-adv-0,"TO"-tx-6-"to"-adv-0]|TX|5644/2;3527/2;2847/2;614/2|Z01.058.290.190.800
00000000|MMI|28.13|Tryptophanase|C0041260|[aapp,enzy]|["TO"-tx-85-"To"-adv-0,"TO"-tx-57-"to"-adv-0,"TO"-tx-50-"to"-adv-0,"TO"-tx-6-"to"-adv-0]|TX|5644/2;3527/2;2847/2;614/2|D08.811.520.224.800
00000000|MMI|26.62|Platelet Factor 4|C0032183|[aapp,imft]|["PF4"-tx-70-"PF4"-noun-0,"PF4"-tx-68-"PF4"-noun-0]|TX|[4709/3],[4775/3];4570/3|D12.644.276.374.200.120.900;D12.776.124.125.720;D12.776.467.374.200.120.900;D23.119.940;D23.125.300.120.900;D23.469.200.120.900;D23.529.374.200.120.900
00000000|MMI|26.62|Coumadin|C0699129|[orch,phsu]|["Coumadin"-tx-71-"Coumadin"-noun-0,"Coumadin"-tx-66-"Coumadin"-noun-0,"Coumadin"-tx-35-"Coumadin"-noun-0]|TX|4829/8;4322/8;2100/8|D03.383.663.283.446.520.914;D03.438.150.446.520.914
00000000|MMI|23.01|Isordil|C0590720|[orch,phsu]|["Isordil"-tx-55-"Isordil"-noun-0,"Isordil"-tx-37-"Isordil"-noun-0,"Isordil"-tx-11-"Isordil"-noun-0]|TX|3390/7;2123/7;1196/7|D02.033.800.813.480.500;D09.853.813.480.500
00000000|MMI|22.81|Aspirin|C0004057|[orch,phsu]|["ASPIRIN"-tx-51-"aspirin"-noun-0]|TX|[2951/7],[3050/7]|D02.455.426.559.389.657.410.595.176
00000000|MMI|20.27|Diurese|C0719972|[orch,phsu]|["Diurese"-tx-12-"diuresed"-verb-0]|TX|[1426/8],[1483/8]|D02.886.590.700.135.261.476.716;D02.886.655.500.261.476.716;D03.438.174.261.476.716
00000000|MMI|19.32|Dobutamine|C0012963|[orch,phsu]|["DOBUTAMINE"-tx-53-"dobutamine"-noun-0,"DOBUTAMINE"-tx-12-"dobutamine"-noun-0,"DOBUTAMINE"-tx-8-"dobutamine"-noun-0]|TX|3247/10;1468/10;882/10|D02.092.311.220;D02.092.471.683.410
00000000|MMI|19.15|Hydralazine|C0020223|[orch,phsu]|["Hydrallazin"-tx-55-"hydralazine"-noun-0,"Hydrallazin"-tx-31-"Hydralazine"-noun-0,"Hydrallazin"-tx-11-"hydralazine"-noun-0]|TX|3402/11;2045/11;1180/11|D03.383.710.605.500
00000000|MMI|19.09|Ivory Coast|C0022326|[geoa]|["IV"-tx-12-"IV"-noun-0,"IV"-tx-8-"IV"-noun-0]|TX|1440/2;[866/2],[879/2]|Z01.058.290.190.272
00000000|MMI|18.98|Hydroxymethylglutaryl-CoA Reductase Inhibitors|C0360714|[orch,phsu]|["Statin"-tx-51-"statin"-noun-0]|TX|[2965/6],[3062/6]|D27.505.519.186.071.202.370;D27.505.519.389.370;D27.505.954.557.500.202.370
00000000|MMI|17.67|Digoxin|C0012265|[orch,phsu]|["DIGOXIN"-tx-57-"digoxin"-noun-0,"DIGOXIN"-tx-21-"Digoxin"-noun-0]|TX|3583/7;1931/7|D04.808.155.580.130.500.436;D04.808.155.580.130.688;D09.408.180.261.436
00000000|MMI|15.72|Consultation|C0009818|[hlca]|["consulted"-tx-80-"consulted"-verb-0,"Consult"-tx-69-"consult"-verb-0,"consulted"-tx-61-"consulted"-verb-0]|TX|5373/9;4667/7;3947/9|N04.452.758.849
00000000|MMI|15.48|Total Peripheral Resistance|C1258192|[phsf]|["SVR"-tx-52-"SVR"-noun-0,"SVR"-tx-11-"SVR"-noun-0,"SVR"-tx-10-"SVR"-noun-0]|TX|3214/3;1296/3;1111/3|G09.330.380.921
00000000|MMI|15.44|Heparin|C0019134|[bacs,orch,phsu]|["HEPARIN"-tx-84-"heparin"-noun-0,"HEPARIN"-tx-70-"heparin"-noun-0,"HEPARIN"-tx-66-"heparin"-noun-0]|TX|5531/7;4748/7;4303/7|D09.698.373.400
00000000|MMI|15.25|Ativan|C0699194|[orch,phsu]|["Ativan"-tx-79-"Ativan"-noun-0,"Ativan"-tx-33-"Ativan"-noun-0]|TX|5327/6;2079/6|D03.438.079.080.070.450
00000000|MMI|14.01|Metolazone|C0025854|[orch,phsu]|["METOLAZONE"-tx-57-"Metolazone"-noun-0,"METOLAZONE"-tx-12-"metolazone"-noun-0]|TX|3502/10;1451/10|D02.065.884.600;D02.886.590.700.600;D03.438.786.830.688
00000000|MMI|13.59|prevention & control|C0033107|[inpr]|["prophylaxis"-tx-84-"Prophylaxis"-noun-0,"prophylaxis"-tx-84-"prophylaxis"-noun-0,"prophylaxis"-tx-77-"prophylaxis"-noun-0]|TX|5491/11;5607/11;5259/11|x.x.x
00000000|MMI|12.82|Patient Admission|C0030673|[hlca]|["Patient Admission"-tx-14-"patient admission"-noun-0,"Patient Admission"-tx-12-"patient's admission"-noun-0]|TX|1576/7,1592/9;1314/9,1336/9|E02.760.400.600;N02.421.585.400.600
00000000|MMI|12.70|Probenecid|C0033209|[orch,phsu]|["PROBENECID"-tx-82-"probenecid"-noun-0,"PROBENECID"-tx-23-"Probenecid"-noun-0]|TX|5466/10;1953/10|D02.065.884.625;D02.886.590.700.625
00000000|MMI|11.53|ECHO protocol|C0058928|[topp]|["ECHO"-tx-61-"echo"-noun-0,"ECHO"-tx-58-"echo"-noun-0]|TX|4060/4;3653/4|x.x.x.x
00000000|MMI|11.53|Lead|C0023175|[elii,hops]|["???lead"-tx-66-"lead"-verb-0,"???lead"-tx-9-"lead"-verb-0]|TX|4352/4;936/4|D01.268.556.435;D01.552.544.435;x.x.x.x
00000000|MMI|10.64|Disruptive, Impulse Control, and Conduct Disorders|C0021122|[mobd]|["ICD"-tx-71-"ICD"-noun-0,"ICD"-tx-61-"ICD"-noun-0,"ICD"-tx-61-"ICD"-noun-1,"ICD"-tx-60-"ICD"-noun-1]|TX|4848/3;[3995/3],[4113/3];[3995/3],[4113/3];3925/3|F03.250
00000000|MMI|10.36|Thrombus|C0087086|[patf]|["Thrombus"-tx-66-"thrombus"-noun-0,"Thrombus"-tx-9-"thrombus"-noun-0]|TX|4357/8;941/8|C14.907.355.830
00000000|MMI|10.35|Blood Platelets|C0005821|[cell]|["Platelets"-tx-68-"platelets"-noun-0,"Platelets"-tx-67-"platelets"-noun-0]|TX|4523/9;4407/9|A11.118.188;A15.145.229.188
00000000|MMI|10.10|Residual volume|C0035190|[clna]|["RV"-tx-59-"RV"-noun-0]|TX|3816/2|E01.370.386.700.485.750.275.650;G09.772.850.390.820
00000000|MMI|9.58|On admission|C0457453|[tmco]|["On admission"-tx-75-"on admission"-adj-0,"On admission"-tx-64-"On admission"-adj-0,"On admission"-tx-46-"on admission"-adj-0,"On admission"-tx-45-"ON ADMISSION"-adj-0,"On admission"-tx-18-"ON ADMISSION"-adj-0,"On admission"-tx-8-"on admission"-adj-0]|TX|5016/12;4232/12;2477/12;2388/12;1868/12;836/12|
00000000|MMI|8.85|Cold Temperature|C0009264|[npop]|["Cold"-tx-52-"cold"-noun-0]|TX|3121/4|G01.906.595.272;G16.500.275.063.725.710.300;G16.500.750.775.710.300;N06.230.300.100.725.154;N06.230.300.100.725.710.300
00000000|MMI|8.85|Lantus|C0876064|[aapp,phsu]|["Lantus"-tx-73-"Lantus"-noun-0]|TX|4934/6|D06.472.699.587.200.300.100;D12.644.548.586.200.300.100
00000000|MMI|8.84|Insulin|C0021641|[aapp,horm,phsu]|["INSULIN"-tx-73-"insulin"-noun-0]|TX|4922/7|D06.472.699.587.200.500.625;D12.644.548.586.200.500.625
00000000|MMI|8.55|Maintaining (action)|C1314677|[ftcn]|["Maintained"-tx-82-"maintained"-verb-0,"Maintained"-tx-77-"maintained"-verb-0,"Maintained"-tx-73-"maintained"-verb-0,"Maintained"-tx-60-"maintained"-verb-0,"Maintained"-tx-57-"maintained"-verb-0,"Maintained"-tx-55-"maintained"-verb-0]|TX|5452/10;5234/10;4894/10;3857/10;3569/10;3376/10|
00000000|MMI|8.47|Evidence|C3887511|[idcn]|["Evidence"-tx-61-"evidence"-noun-0,"Evidence"-tx-58-"evidence"-noun-0,"Evidence"-tx-51-"evidence"-noun-0,"Evidence"-tx-46-"evidence"-noun-0,"Evidence"-tx-45-"evidence"-noun-0,"Evidence"-tx-8-"evidence"-noun-0]|TX|4032/8;3754/8;2996/8;2573/8;2450/8;809/8|
00000000|MMI|8.24|Angiotensin-Converting Enzyme Inhibitors|C0003015|[phsu]|["ACE Inhibitor"-tx-56-"ACE inhibitor"-noun-0]|TX|3452/13|D27.505.519.389.745.085
00000000|MMI|8.21|Patient Monitoring|C0030695|[hlca]|["monitor"-tx-63-"monitored"-verb-0,"monitor"-tx-6-"monitor"-verb-0]|TX|4198/9;617/7|E01.370.520
00000000|MMI|8.19|To|C1883351|[qlco]|["To"-tx-85-"To"-adv-0,"To"-tx-57-"to"-adv-0,"To"-tx-50-"to"-adv-0,"To"-tx-6-"to"-adv-0]|TX|5644/2;3527/2;2847/2;614/2|
00000000|MMI|7.97|Show|C1547282|[anim]|["Show"-tx-76-"showed"-verb-0,"Show"-tx-58-"showed"-verb-0,"Show"-tx-46-"shows"-verb-0,"Show"-tx-10-"showed"-verb-0,"Show"-tx-8-"showed"-verb-0]|TX|5101/6;3666/6;2490/5;1054/6;802/6|
00000000|MMI|7.65|Axis vertebra|C0004457|[bpoc]|["Axis"-tx-46-"axis"-noun-0]|TX|2533/4|A02.835.232.834.151.383
00000000|MMI|7.63|Sinus Tachycardia|C0039239|[dsyn]|["SINUS TACHYCARDIA"-tx-46-"sinus tachycardia"-noun-0]|TX|2496/17|C14.280.067.845.880.845;C23.550.073.845.880.845
00000000|MMI|7.62|Ultrasonic Shockwave|C0041621|[npop]|["ultrasound"-tx-76-"ultrasound"-noun-0]|TX|5090/10|G01.750.770.776.891.500
00000000|MMI|7.61|Nexium|C0939400|[orch,phsu]|["Nexium"-tx-77-"Nexium"-noun-0]|TX|5248/6|D02.886.640.074.500.500;D03.383.725.024.500.500;D03.438.103.034.500.500
00000000|MMI|7.60|Antibodies|C0003241|[aapp,imft]|["Antibody"-tx-67-"antibody"-noun-0]|TX|4498/8|D12.776.124.486.485.114;D12.776.124.790.651.114;D12.776.377.715.548.114
00000000|MMI|7.55|Activated Partial Thromboplastin Time measurement|C0030605|[lbpr]|["PTT"-tx-66-"PTT"-noun-0]|TX|4373/3|E01.370.225.625.115.600;E05.200.625.115.600;G09.188.660
00000000|MMI|7.18|1+|C3816745|[fndg]|["1+"-tx-86-"1"-fraction-0,"1+"-tx-63-"1"-real_number-0,"1+"-tx-47-"1"-integer-0,"1+"-tx-18-"1"-integer-0,"1+"-tx-1-"1"-fraction-0]|TX|5816/1;4173/1;2676/1;1882/1;116/1|
00000000|MMI|7.18|1+ Score|C2827734|[qnco]|["1+"-tx-86-"1"-fraction-0,"1+"-tx-63-"1"-real_number-0,"1+"-tx-47-"1"-integer-0,"1+"-tx-18-"1"-integer-0,"1+"-tx-1-"1"-fraction-0]|TX|5816/1;4173/1;2676/1;1882/1;116/1|
00000000|MMI|7.18|1+ Score, WHO|C2981698|[clas]|["1+"-tx-86-"1"-fraction-0,"1+"-tx-63-"1"-real_number-0,"1+"-tx-47-"1"-integer-0,"1+"-tx-18-"1"-integer-0,"1+"-tx-1-"1"-fraction-0]|TX|5816/1;4173/1;2676/1;1882/1;116/1|
00000000|MMI|7.03|10%|C3842590|[fndg]|["10%"-tx-86-"10"-fraction-0,"10%"-tx-49-"10"-real_number-0,"10%"-tx-36-"10"-integer-0,"10%"-tx-19-"10"-integer-0,"10%"-tx-10-"10"-integer-0]|TX|5805/2;2812/2;2118/2;1895/2;1083/2|
00000000|MMI|7.00|Electrocardiogram|C0013798|[fndg]|["EKG"-tx-46-"EKG"-noun-0]|TX|2473/3|E01.370.370.380.240;E01.370.405.240
00000000|MMI|7.00|Electrocardiography|C1623258|[diap]|["EKG"-tx-46-"EKG"-noun-0]|TX|2473/3|E01.370.370.380.240;E01.370.405.240
00000000|MMI|7.00|Gout|C0018099|[dsyn]|["GOUT"-tx-82-"gout"-noun-0]|TX|5481/4|C05.550.114.423;C05.799.414;C16.320.565.798.368;C18.452.648.798.368
00000000|MMI|6.99|put - instruction imperative|C1882509|[acty]|["Place"-tx-84-"placed"-verb-0,"Place"-tx-66-"placed"-verb-0,"Place"-tx-60-"place"-noun-0,"Put"-tx-54-"put"-verb-0,"Place"-tx-6-"placed"-verb-0]|TX|5581/6;4293/6;3932/5;3303/3;643/6|
00000000|MMI|6.56|Time|C0040223|[tmco]|["TIME"-tx-13-"time"-noun-0,"TIME"-tx-12-"time"-noun-0]|TX|1565/4;1413/4|G01.910
00000000|MMI|6.41|Creatinine|C0010294|[bacs,orch]|["CREATININE"-tx-63-"creatinine"-noun-0]|TX|4158/10|D03.383.129.308.207
00000000|MMI|6.41|Patient Non-Compliance|C0376405|[fndg]|["Noncompliance"-tx-16-"noncompliance"-noun-1]|TX|1807/13|F01.145.488.500;N05.300.150.600.600
00000000|MMI|6.41|Urinalysis|C0042014|[lbpr]|["UA"-tx-64-"UA"-noun-0]|TX|4264/2|E01.370.225.124.810;E01.370.390.810;E05.200.124.810
00000000|MMI|6.39|Wedge Pressure|C0043091|[lbtr]|["Wedge Pressure"-tx-10-"wedge pressure"-noun-0]|TX|1088/14|G09.330.380.076.695
00000000|MMI|6.37|Proton Pump Inhibitors|C0358591|[phsu]|["PPI"-tx-84-"PPI"-noun-0]|TX|5523/3|D27.505.519.389.848
00000000|MMI|6.37|prepulse inhibition activity|C0871125|[phsf]|["PPI"-tx-84-"PPI"-noun-0]|TX|5523/3|G11.561.600.812.500
00000000|MMI|6.36|Immunoglobulins|C0021027|[aapp,imft,phsu]|["Antibody"-tx-67-"antibody"-noun-0]|TX|4498/8|D12.776.124.486.485;D12.776.124.790.651;D12.776.377.715.548
00000000|MMI|6.36|Glyburide|C0017628|[orch,phsu]|["GLYBURIDE"-tx-19-"Glyburide"-noun-0]|TX|1885/9|D02.886.590.795.575;D02.948.828.575
00000000|MMI|6.36|Troponin|C0041199|[aapp,bacs]|["Troponin"-tx-49-"troponin"-noun-0]|TX|2746/8|D05.750.078.730.825;D12.776.210.500.910;D12.776.220.525.825
00000000|MMI|6.33|Poverty|C0032854|[grpa]|["Poor"-tx-52-"poor"-adj-0]|TX|3140/4|I01.880.735.634;I01.880.853.996.535;N01.824.600
00000000|MMI|6.32|Lisinopril|C0065374|[aapp,phsu]|["Lysinopril"-tx-41-"Lisinopril"-noun-0]|TX|2171/10|D12.644.456.345.600
00000000|MMI|6.13|Entity Name Part Type - given|C1550718|[idcn]|["given"-tx-61-"given"-verb-0,"given"-tx-60-"given"-verb-0,"given"-tx-51-"given"-verb-0]|TX|4023/5;3894/5;2983/5|
00000000|MMI|6.13|GIVEN|C1442162|[cnce]|["GIVEN"-tx-61-"given"-verb-0,"GIVEN"-tx-60-"given"-verb-0,"GIVEN"-tx-51-"given"-verb-0]|TX|4023/5;3894/5;2983/5|
00000000|MMI|6.13|Give - dosing instruction imperative|C1947971|[ftcn]|["Given"-tx-61-"given"-verb-0,"Given"-tx-60-"given"-verb-0,"Given"-tx-51-"given"-verb-0]|TX|4023/5;3894/5;2983/5|
00000000|MMI|6.13|Given name|C3244317|[inpr]|["given"-tx-61-"given"-verb-0,"given"-tx-60-"given"-verb-0,"given"-tx-51-"given"-verb-0]|TX|4023/5;3894/5;2983/5|
00000000|MMI|6.13|Prophylactic treatment|C0199176|[topp]|["Prophylaxis"-tx-84-"Prophylaxis"-noun-0,"Prophylaxis"-tx-84-"prophylaxis"-noun-0,"Prophylaxis"-tx-77-"prophylaxis"-noun-0]|TX|5491/11;5607/11;5259/11|
00000000|MMI|6.13|prophylaxis - ActNonObservationIndicationCode|C3853787|[topp]|["prophylaxis"-tx-84-"Prophylaxis"-noun-0,"prophylaxis"-tx-84-"prophylaxis"-noun-0,"prophylaxis"-tx-77-"prophylaxis"-noun-0]|TX|5491/11;5607/11;5259/11|
00000000|MMI|5.76|ARID1A protein, human|C0675390|[aapp,bacs]|["hELD"-tx-56-"held"-verb-0]|TX|3470/4|x.x.x.x
00000000|MMI|5.76|Alcohol consumption|C0001948|[inbe]|["Ethanol use"-tx-43-"ethanol use"-noun-0]|TX|2301/11|F01.145.317.269
00000000|MMI|5.76|Diet|C0012155|[food]|["Dietary"-tx-16-"dietary"-adj-0]|TX|1792/7|G07.203.650.240
00000000|MMI|5.76|Dyspnea|C0013404|[sosy]|["SHORTNESS OF BREATH"-tx-15-"shortness of breath"-noun-1]|TX|1736/19|C08.618.326;C23.888.852.371
00000000|MMI|5.76|Evaluation|C0220825|[hlca]|["Evaluated"-tx-61-"evaluated"-verb-0]|TX|3961/9|E05.337;N05.715.360.335
00000000|MMI|5.76|Pulmonary artery structure|C0034052|[bpoc]|["ARTERY, PULMONARY"-tx-11-"pulmonary artery"-noun-0]|TX|1245/16|A07.231.114.715
00000000|MMI|5.58|Admission activity|C0809949|[hlca]|["Admission"-tx-67-"admission"-noun-0,"Admission"-tx-63-"admission"-adj-0,"Admission"-tx-49-"admission"-noun-0,"Admission"-tx-7-"admission"-noun-0]|TX|4453/9;4180/9;2758/9;773/9|
00000000|MMI|5.58|Hospital admission|C0184666|[hlca]|["Admission"-tx-67-"admission"-noun-0,"Admission"-tx-63-"admission"-adj-0,"Admission"-tx-49-"admission"-noun-0,"Admission"-tx-7-"admission"-noun-0]|TX|4453/9;4180/9;2758/9;773/9|
00000000|MMI|5.56|Place|C0442504|[spco]|["Place"-tx-84-"placed"-verb-0,"Place"-tx-66-"placed"-verb-0,"Place"-tx-60-"place"-noun-0,"Place"-tx-6-"placed"-verb-0]|TX|5581/6;4293/6;3932/5;643/6|
00000000|MMI|5.56|Place - dosing instruction imperative|C1704765|[ftcn]|["Place"-tx-84-"placed"-verb-0,"Place"-tx-66-"placed"-verb-0,"Place"-tx-60-"place"-noun-0,"Place"-tx-6-"placed"-verb-0]|TX|5581/6;4293/6;3932/5;643/6|
00000000|MMI|5.17|Family|C0015576|[famg]|["Family"-tx-44-"family"-noun-0]|TX|2329/6|F01.829.263;I01.880.853.150
00000000|MMI|5.17|Pulmonary Vascular Resistance|C0456261|[fndg]|["PVR"-tx-10-"PVR"-noun-0]|TX|1122/3|G09.330.380.921
00000000|MMI|5.17|Ukraine|C0041580|[geoa]|["UA"-tx-64-"UA"-noun-0]|TX|4264/2|Z01.542.248.960;Z01.586.200.960;Z01.586.950.960
00000000|MMI|5.14|Ultrasonic|C0220934|[ftcn]|["ultrasound"-tx-76-"ultrasound"-noun-0]|TX|5090/10|H01.671.031.849
00000000|MMI|5.14|Ultrasonics (sound)|C1456803|[npop]|["Ultrasound"-tx-76-"ultrasound"-noun-0]|TX|5090/10|H01.671.031.849
00000000|MMI|5.14|Ultrasonography|C0041618|[diap]|["ULTRASOUND"-tx-76-"ultrasound"-noun-0]|TX|5090/10|E01.370.350.850
00000000|MMI|5.14|torsemide|C0076840|[orch,phsu]|["TORSEMIDE"-tx-39-"Torsemide"-noun-0]|TX|2146/9|x.x.x.x
00000000|MMI|5.13|Citalopram|C0008845|[orch,phsu]|["CITALOPRAM"-tx-79-"citalopram"-noun-0]|TX|5312/10|D02.092.831.170;D02.626.320;D03.438.127.187
00000000|MMI|5.13|Common Cold|C0009443|[dsyn]|["Cold"-tx-52-"cold"-noun-0]|TX|3121/4|C02.782.687.207;C08.730.162
00000000|MMI|5.13|Helping Behavior|C0018896|[socb]|["Assistance"-tx-80-"assistance"-noun-0]|TX|5387/10|F01.145.813.225
00000000|MMI|5.13|Telemetry|C0039451|[diap]|["Telemetry"-tx-60-"telemetry"-noun-0]|TX|3871/9|E01.370.520.750;E05.925;L01.178.847.675
00000000|MMI|5.12|Chile|C0008107|[geoa]|["CI"-tx-10-"CI"-noun-0]|TX|1136/2|Z01.107.757.235
00000000|MMI|5.12|Inotropism|C1258199|[phpr]|["Inotropisms"-tx-53-"inotrope"-noun-0]|TX|3271/8|G11.427.590.540
00000000|MMI|5.09|Heart Transplantation|C0018823|[topp]|["CARDIAC TRANSPLANT"-tx-13-"cardiac transplant"-noun-0]|TX|1538/18|E04.100.376.475;E04.928.220.390;E04.936.450.475
00000000|MMI|5.08|Mental Depression|C0011570|[mobd]|["DEPRESSION"-tx-79-"depression"-noun-0]|TX|5338/10|F01.145.126.350
00000000|MMI|5.07|ATP8A2 protein, human|C2744579|[aapp,enzy]|["IB"-tx-86-"IB"-noun-0]|TX|5719/2|x.x.x.x
00000000|MMI|4.52|Anxiety|C0003467|[mobd]|["-- Anxiety"-tx-79-"anxiety"-noun-0]|TX|5353/7|F01.470.132
00000000|MMI|4.52|Ascites|C0003962|[fndg]|["ASCITES"-tx-76-"ascites"-noun-0]|TX|5161/7|C23.550.081
00000000|MMI|4.52|Disease Management|C0376636|[hlca]|["management"-tx-80-"management"-noun-0]|TX|5403/10|N04.590.607
00000000|MMI|4.52|Fatigue|C0015672|[sosy]|["FATIGUE"-tx-4-"fatigue"-noun-0]|TX|505/7|C23.888.369
00000000|MMI|4.52|Ischemia|C0022116|[patf]|["Ischaemia, NOS"-tx-48-"Ischemia"-noun-0]|TX|2695/8|C23.550.513
00000000|MMI|4.52|Kidney|C0022646|[bpoc]|["Renal"-tx-63-"Renal"-adj-0]|TX|4137/5|A05.810.453
00000000|MMI|4.52|Thinking, function|C0039869|[menp]|["Thought"-tx-50-"thought"-verb-0]|TX|2839/7|F02.463.785
00000000|MMI|4.39|Abdomen distended|C0000731|[fndg]|["ABDOMINAL DISTENTION"-tx-14-"abdominal distention"-noun-0,"ABDOMINAL DISTENTION"-tx-4-"abdominal distention"-noun-0,"ABDOMINAL DISTENTION"-tx-3-"abdominal distention"-noun-0]|TX|1624/20;478/20;305/20|
00000000|MMI|4.36|4+ Answer to question|C3838679|[fndg]|["4+"-tx-86-"4"-integer-0,"4+"-tx-72-"4"-integer-0,"4+"-tx-24-"4"-integer-0]|TX|5709/1;4864/1;1973/1|
00000000|MMI|4.28|Sustained Virologic Response|C4050171|[fndg]|["SVR"-tx-52-"SVR"-noun-0,"SVR"-tx-11-"SVR"-noun-0,"SVR"-tx-10-"SVR"-noun-0]|TX|3214/3;1296/3;1111/3|
00000000|MMI|4.25|heparin, porcine|C0770546|[bacs,orch,phsu]|["HEPARIN"-tx-84-"heparin"-noun-0,"HEPARIN"-tx-70-"heparin"-noun-0,"HEPARIN"-tx-66-"heparin"-noun-0]|TX|5531/7;4748/7;4303/7|
00000000|MMI|4.24|Started|C1272689|[qlco]|["Started"-tx-53-"started"-verb-0,"Started"-tx-51-"started"-verb-0,"Started"-tx-9-"started"-verb-0]|TX|3236/7;2940/7;958/7|
00000000|MMI|4.24|PF4 gene|C1335206|[gngm]|["PF4"-tx-70-"PF4"-noun-0,"PF4"-tx-68-"PF4"-noun-0]|TX|[4709/3],[4775/3];4570/3|
00000000|MMI|4.24|PF4 wt Allele|C1705971|[gngm]|["PF-4"-tx-70-"PF4"-noun-0,"PF-4"-tx-68-"PF4"-noun-0]|TX|[4709/3],[4775/3];4570/3|
00000000|MMI|4.24|Platelet Factor 4, human|C3887656|[aapp,imft]|["PF4"-tx-70-"PF4"-noun-0,"PF4"-tx-68-"PF4"-noun-0]|TX|[4709/3],[4775/3];4570/3|
00000000|MMI|4.22|Devices|C0699733|[mnob]|["Device"-tx-66-"device"-noun-0,"Device"-tx-9-"device"-noun-0,"Device"-tx-6-"device"-noun-0]|TX|4345/6;929/6;607/6|E07
00000000|MMI|4.22|Medical Devices|C0025080|[medd]|["DEVICE"-tx-66-"device"-noun-0,"DEVICE"-tx-9-"device"-noun-0,"DEVICE"-tx-6-"device"-noun-0]|TX|4345/6;929/6;607/6|E07
00000000|MMI|4.14|Gait normal|C0231683|[fndg]|["Normal"-tx-64-"normal"-adj-0,"Normal"-tx-46-"normal"-adj-0]|TX|4257/6;[2526/6],[2554/6]|
00000000|MMI|4.14|Mean Percent of Normal|C2347086|[qnco]|["% Normal"-tx-64-"normal"-adj-0,"% Normal"-tx-46-"normal"-adj-0]|TX|4257/6;[2526/6],[2554/6]|
00000000|MMI|4.14|Normal|C0205307|[qlco]|["NORMAL"-tx-64-"normal"-adj-0,"NORMAL"-tx-46-"normal"-adj-0]|TX|4257/6;[2526/6],[2554/6]|
00000000|MMI|4.14|Percent normal|C0439166|[qnco]|["% normal"-tx-64-"normal"-adj-0,"% normal"-tx-46-"normal"-adj-0]|TX|4257/6;[2526/6],[2554/6]|
00000000|MMI|4.14|Three|C0205449|[qnco]|["Three"-tx-70-"three"-word_numeral-0,"Three"-tx-57-"three"-word_numeral-0,"Three"-tx-42-"three"-word_numeral-0]|TX|4716/5;3615/5;2231/5|
00000000|MMI|4.11|0%|C3842591|[fndg]|["0%"-tx-49-"0"-real_number-0,"0%"-tx-21-"0"-real_number-0]|TX|[2771/1],[2810/1];1939/1|
00000000|MMI|4.08|+2|C0740116|[qnco]|["+2"-tx-62-"2"-integer-0,"+2"-tx-20-"2"-integer-0]|TX|4134/1;1928/1|
00000000|MMI|4.08|+5|C0728893|[qnco]|["+5"-tx-74-"5"-integer-0,"+5"-tx-26-"5"-integer-0]|TX|4967/1;2002/1|
00000000|MMI|4.08|2+|C3833492|[fndg]|["2+"-tx-62-"2"-integer-0,"2+"-tx-20-"2"-integer-0]|TX|4134/1;1928/1|
00000000|MMI|4.08|2+ Score|C2827735|[qnco]|["2+"-tx-62-"2"-integer-0,"2+"-tx-20-"2"-integer-0]|TX|4134/1;1928/1|
00000000|MMI|4.08|2+ Score, WHO|C2981700|[clas]|["2+"-tx-62-"2"-integer-0,"2+"-tx-20-"2"-integer-0]|TX|4134/1;1928/1|
00000000|MMI|4.08|3+ Answer to Question|C3838680|[fndg]|["3+"-tx-65-"3"-integer-0,"3+"-tx-22-"3"-integer-0]|TX|4268/1;1950/1|
00000000|MMI|4.08|3+ Score|C2827736|[qnco]|["3+"-tx-65-"3"-integer-0,"3+"-tx-22-"3"-integer-0]|TX|4268/1;1950/1|
00000000|MMI|4.08|3+ Score, WHO|C2981702|[clas]|["3+"-tx-65-"3"-integer-0,"3+"-tx-22-"3"-integer-0]|TX|4268/1;1950/1|
00000000|MMI|4.08|<3 (qualifier value)|C0439086|[qnco]|["<3"-tx-65-"3"-integer-0,"<3"-tx-22-"3"-integer-0]|TX|4268/1;1950/1|
00000000|MMI|4.08|>5|C0439084|[qnco]|[">5"-tx-74-"5"-integer-0,">5"-tx-26-"5"-integer-0]|TX|4967/1;2002/1|
00000000|MMI|4.08|Cardiac Lead Procedure|C3275067|[topp]|["LEAD"-tx-66-"lead"-verb-0,"LEAD"-tx-9-"lead"-verb-0]|TX|4352/4;936/4|
00000000|MMI|4.08|Dietary Lead|C2348269|[elii]|["Lead"-tx-66-"lead"-verb-0,"Lead"-tx-9-"lead"-verb-0]|TX|4352/4;936/4|
00000000|MMI|4.08|Echo (insect)|C1655045|[euka]|["Echo"-tx-61-"echo"-noun-0,"Echo"-tx-58-"echo"-noun-0]|TX|4060/4;3653/4|
00000000|MMI|4.08|Leading|C1522538|[ftcn]|["Lead"-tx-66-"lead"-verb-0,"Lead"-tx-9-"lead"-verb-0]|TX|4352/4;936/4|
00000000|MMI|4.08|Plumbum metallicum, homeopathic preparation|C1442948|[inch,phsu]|["lead"-tx-66-"lead"-verb-0,"lead"-tx-9-"lead"-verb-0]|TX|4352/4;936/4|
00000000|MMI|4.08|Psychiatric problem|C1306597|[mobd]|["psych"-tx-80-"Psych"-noun-0,"psych"-tx-79-"Psych"-noun-0]|TX|5363/5;5276/5|
00000000|MMI|4.08|Time (foundation metadata concept)|C3541383|[tmco]|["Time"-tx-13-"time"-noun-0,"Time"-tx-12-"time"-noun-0]|TX|1565/4;1413/4|
00000000|MMI|3.96|Cardiomyopathies, Primary|C0033141|[dsyn]|["Cardiomyopathy, idiopathic"-tx-5-"idiopathic cardiomyopathy"-noun-0]|TX|529/25|C14.280.238
00000000|MMI|3.96|Heart failure|C0018801|[dsyn]|["Failure, Heart"-tx-12-"heart failure"-noun-0]|TX|1384/13|C14.280.434
00000000|MMI|3.93|Pressure- physical agent|C0033095|[phpr]|["Pressures"-tx-6-"pressures"-noun-0]|TX|633/9|G01.374.715
00000000|MMI|3.93|Proliferative vitreoretinopathy|C0242852|[dsyn]|["PVR"-tx-10-"PVR"-noun-0]|TX|1122/3|C11.768.890
00000000|MMI|3.90|physiopathological|C0031847|[ftcn]|["dysfunction"-tx-59-"dysfunction"-noun-0]|TX|3819/11|x.x.x
00000000|MMI|3.89|Upper Respiratory Infections|C0041912|[dsyn]|["Cold"-tx-52-"cold"-noun-0]|TX|3121/4|C01.539.739;C08.730
00000000|MMI|3.84|Tablet Dosage Form|C0039225|[bodm]|["TAB"-tx-25-"tab"-noun-0]|TX|1993/3|D26.255.830
00000000|MMI|3.84|Depressive disorder|C0011581|[mobd]|["-- Depression"-tx-79-"depression"-noun-0]|TX|5338/10|F03.600.300
00000000|MMI|3.84|Tobacco use|C0543414|[inbe]|["TOBACCO USE"-tx-43-"tobacco use"-noun-0]|TX|2282/11|F01.145.958
00000000|MMI|3.83|objective (goal)|C0018017|[inpr]|["Goal"-tx-66-"goal"-noun-0]|TX|4377/4|F01.658.500
00000000|MMI|3.28|Anxiety Disorders|C0003469|[mobd]|["Anxiety"-tx-79-"anxiety"-noun-0]|TX|5353/7|F03.080
00000000|MMI|3.24|Biomedical Monitors|C0181904|[medd]|["Monitor"-tx-63-"monitored"-verb-0,"Monitor"-tx-6-"monitor"-verb-0]|TX|4198/9;617/7|
00000000|MMI|3.24|Monitor Device Component|C1704646|[mnob]|["Monitor"-tx-63-"monitored"-verb-0,"Monitor"-tx-6-"monitor"-verb-0]|TX|4198/9;617/7|
00000000|MMI|3.24|Monitor, occupation|C1521743|[prog]|["Monitor"-tx-63-"monitored"-verb-0,"Monitor"-tx-6-"monitor"-verb-0]|TX|4198/9;617/7|
00000000|MMI|3.24|Monitoring Device|C0596972|[medd]|["Monitor"-tx-63-"monitored"-verb-0,"Monitor"-tx-6-"monitor"-verb-0]|TX|4198/9;617/7|
00000000|MMI|3.24|Preventive monitoring|C0150369|[hlca]|["monitor"-tx-63-"monitored"-verb-0,"monitor"-tx-6-"monitor"-verb-0]|TX|4198/9;617/7|
00000000|MMI|3.01|Attending (action)|C1999232|[ftcn]|["attending"-tx-86-"Attending"-noun-0,"attending"-tx-1-"ATTENDING"-noun-0]|TX|5749/9;164/9|
00000000|MMI|3.01|Attending (provider role)|C1547429|[prog]|["Attending"-tx-86-"Attending"-noun-0,"Attending"-tx-1-"ATTENDING"-noun-0]|TX|5749/9;164/9|
00000000|MMI|2.95|Abdominal bloating|C1291077|[sosy]|["BLOATING"-tx-4-"bloating"-noun-0,"BLOATING"-tx-3-"Bloating"-noun-0]|TX|467/8;294/8|
00000000|MMI|2.92|Positive|C1446409|[qlco]|["Positive"-tx-84-"positive"-noun-0,"Positive"-tx-68-"positive"-adj-0]|TX|5564/8;4578/8|
00000000|MMI|2.92|Positive Charge|C2825490|[qlco]|["Positive"-tx-84-"positive"-noun-0,"Positive"-tx-68-"positive"-adj-0]|TX|5564/8;4578/8|
00000000|MMI|2.92|Positive Finding|C1514241|[fndg]|["POSITIVE"-tx-84-"positive"-noun-0,"POSITIVE"-tx-68-"positive"-adj-0]|TX|5564/8;4578/8|
00000000|MMI|2.92|Positive Number|C3812269|[cnce]|["Positive"-tx-84-"positive"-noun-0,"Positive"-tx-68-"positive"-adj-0]|TX|5564/8;4578/8|
00000000|MMI|2.92|Symptoms|C1457887|[sosy]|["SYMPTOMS"-tx-76-"symptoms"-noun-0,"SYMPTOMS"-tx-7-"symptoms"-noun-0]|TX|5179/8;728/8|
00000000|MMI|2.92|Symptoms aspect|C0683368|[ftcn]|["symptoms"-tx-76-"symptoms"-noun-0,"symptoms"-tx-7-"symptoms"-noun-0]|TX|5179/8;728/8|
00000000|MMI|2.92|percent positive cells|C0439178|[qnco]|["% Positive"-tx-84-"positive"-noun-0,"% Positive"-tx-68-"positive"-adj-0]|TX|5564/8;4578/8|
00000000|MMI|2.91|Blood Clot|C0302148|[bdsu]|["THROMBUS"-tx-66-"thrombus"-noun-0,"THROMBUS"-tx-9-"thrombus"-noun-0]|TX|4357/8;941/8|
00000000|MMI|2.91|Thrombus (sponge genus)|C3146237|[euka]|["Thrombus"-tx-66-"thrombus"-noun-0,"Thrombus"-tx-9-"thrombus"-noun-0]|TX|4357/8;941/8|
00000000|MMI|2.90|Platelets Adverse Event|C1963076|[fndg]|["Platelets"-tx-68-"platelets"-noun-0,"Platelets"-tx-67-"platelets"-noun-0]|TX|4523/9;4407/9|
00000000|MMI|2.89|milligram/day|C0439422|[qnco]|["mg/d"-tx-31-"mg d"-noun-0,"mg/d"-tx-29-"mg d"-noun-0]|TX|2061/2,2073/1;2034/2,2039/1|
00000000|MMI|2.88|Clinical act of insertion|C0441587|[hlca]|["Placement"-tx-71-"placement"-noun-0,"Placement"-tx-61-"placement"-noun-0]|TX|4852/9;4117/9|
00000000|MMI|2.88|Placement|C1524072|[qlco]|["Placement"-tx-71-"placement"-noun-0,"Placement"-tx-61-"placement"-noun-0]|TX|4852/9;4117/9|
00000000|MMI|2.88|Placement action|C1533810|[hlca]|["Placement"-tx-71-"placement"-noun-0,"Placement"-tx-61-"placement"-noun-0]|TX|4852/9;4117/9|
00000000|MMI|2.87|Incision and drainage|C0152277|[topp]|["i d"-tx-39-"i.d"-adv-0,"i d"-tx-37-"i.d"-adv-0]|TX|2162/3;2136/3|
00000000|MMI|2.86|Probable diagnosis|C0332148|[qlco]|["Likely"-tx-75-"likely"-adv-0,"Likely"-tx-52-"likely"-adv-0]|TX|5029/6;3197/6|
00000000|MMI|2.86|Probably|C0750492|[idcn]|["Likely"-tx-75-"likely"-adv-0,"Likely"-tx-52-"likely"-adv-0]|TX|5029/6;3197/6|
00000000|MMI|2.85|Secondary to|C0175668|[tmco]|["Secondary to"-tx-52-"secondary to"-adj-0,"Secondary to"-tx-50-"secondary to"-adj-0]|TX|3159/12;2853/12|
00000000|MMI|2.85|Discontinued|C1444662|[fndg]|["Discontinued"-tx-51-"discontinued"-verb-1,"DIS"-tx-1-"DIS"-noun-0]|TX|3074/12;94/3|
00000000|MMI|2.83|Presentation|C0449450|[idcn]|["Presented"-tx-52-"presented"-verb-0,"Present"-tx-4-"presents"-verb-0]|TX|3107/9;453/8|
00000000|MMI|2.82|M NOS ANTIBODY|C0369637|[aapp,imft]|["M NOS"-tx-35-"m"-adv-0,"M NOS"-tx-19-"m"-noun-0]|TX|2115/1;1907/1|
00000000|MMI|2.82|M+ (tumor staging)|C0441923|[inpr]|["M+"-tx-35-"m"-adv-0,"M+"-tx-19-"m"-noun-0]|TX|2115/1;1907/1|
00000000|MMI|2.80|Emotions|C0013987|[menp]|["feel"-tx-69-"felt"-verb-0]|TX|4596/4|F01.470
00000000|MMI|2.80|Heparin-induced thrombocytopenia|C0272285|[dsyn]|["HIT"-tx-84-"HIT"-noun-0,"HIT"-tx-67-"HIT"-noun-0]|TX|5560/3;4494/3|
00000000|MMI|2.80|Hit - database search return|C1708373|[ftcn]|["HIT"-tx-84-"HIT"-noun-0,"HIT"-tx-67-"HIT"-noun-0]|TX|5560/3;4494/3|
00000000|MMI|2.80|Strip Dosing Unit|C1705490|[qnco]|["{Strip}"-tx-56-"strip"-noun-0,"{Strip}"-tx-54-"strip"-noun-0]|TX|3494/5;3318/5|
00000000|MMI|2.80|Struck by|C0332159|[ftcn]|["hit"-tx-84-"HIT"-noun-0,"hit"-tx-67-"HIT"-noun-0]|TX|5560/3;4494/3|
00000000|MMI|2.80|strip medical device|C1321564|[medd]|["STRIP"-tx-56-"strip"-noun-0,"STRIP"-tx-54-"strip"-noun-0]|TX|3494/5;3318/5|
00000000|MMI|2.80|History of cardiomyopathy|C4039015|[fndg]|["History of cardiomyopathy"-tx-44-"history of cardiomyopathy"-noun-1,"History of cardiomyopathy"-tx-4-"history of cardiomyopathy"-noun-0]|TX|2343/25;391/10,416/14|
00000000|MMI|2.79|Admission Level of Care Code - Improved|C1561611|[inpr]|["Improved"-tx-76-"improved"-verb-0,"Improved"-tx-53-"improved"-adj-0]|TX|5193/8;3262/8|
00000000|MMI|2.79|Better|C0332272|[qlco]|["Improved"-tx-76-"improved"-verb-0,"Improved"-tx-53-"improved"-adj-0]|TX|5193/8;3262/8|
00000000|MMI|2.79|Improved|C0184511|[qlco]|["Improved"-tx-76-"improved"-verb-0,"Improved"-tx-53-"improved"-adj-0]|TX|5193/8;3262/8|
00000000|MMI|2.75|Moderate to severe|C1299393|[qlco]|["Moderate to severe"-tx-59-"moderate-to-severe"-adj-0,"Moderate to severe"-tx-58-"moderate-to-severe"-adj-0]|TX|3797/18;3709/18|
00000000|MMI|2.73|1990s|C0681758|[tmco]|["1990s"-tx-46-"1990"-integer-0,"1990s"-tx-5-"1990"-integer-0]|TX|2652/4;572/4|
00000000|MMI|2.73|Signature|C1519316|[inpr]|["Signed"-tx-1-"Signed"-noun-0]|TX|[85/6],[141/6]|
00000000|MMI|2.73|signed - ParticipationSignature|C1561610|[inpr]|["signed"-tx-1-"Signed"-noun-0]|TX|[85/6],[141/6]|
00000000|MMI|2.72|20%|C3842589|[fndg]|["20%"-tx-29-"20"-integer-0,"20%"-tx-27-"20"-integer-0]|TX|2031/2;2009/2|
00000000|MMI|2.70|September|C3828193|[tmco]|["September"-tx-10-"September"-noun-0,"September"-tx-7-"September"-noun-0]|TX|1031/9;740/9|
00000000|MMI|2.64|Liver|C0023884|[bpoc]|["LIVER"-tx-75-"liver"-noun-0]|TX|5059/5|A03.620
00000000|MMI|2.64|Biological Assay|C0005507|[lbpr]|["Assay"-tx-49-"assay"-noun-0]|TX|2825/5|E05.091
00000000|MMI|2.63|Woman|C0043210|[popg]|["WOMAN"-tx-4-"woman"-noun-0]|TX|378/5|M01.975
00000000|MMI|2.60|Body Fluids|C0005889|[bdsu]|["FLUID"-tx-8-"fluid"-noun-0]|TX|821/5|A12.207
00000000|MMI|2.04|ARID1A wt Allele|C2985160|[gngm]|["hELD"-tx-56-"held"-verb-0]|TX|3470/4|
00000000|MMI|2.04|Administration occupational activities|C0001554|[ocac]|["Management"-tx-80-"management"-noun-0]|TX|5403/10|
00000000|MMI|2.04|Alcohol use history|C0552479|[fndg]|["Ethanol use"-tx-43-"ethanol use"-noun-1]|TX|2301/11|
00000000|MMI|2.04|Anxiety Scale (BASC-2)|C4050613|[inpr]|["Anxiety"-tx-79-"anxiety"-noun-0]|TX|5353/7|
00000000|MMI|2.04|Cardiovascular|C3887460|[blor]|["CARDIOVASCULAR"-tx-48-"Cardiovascular"-adj-0]|TX|2679/14|
00000000|MMI|2.04|Cardiovascular system|C0007226|[bdsy]|["Cardiovascular"-tx-48-"Cardiovascular"-adj-0]|TX|2679/14|A07
00000000|MMI|2.04|Checking (action)|C1283174|[acty]|["Check"-tx-57-"checks"-verb-0]|TX|3602/6|
00000000|MMI|2.04|Chief complaint (finding)|C0277786|[fndg]|["Chief Complaint"-tx-3-"CHIEF COMPLAINT"-noun-0]|TX|277/15|
00000000|MMI|2.04|Deny (action)|C2700401|[acty]|["Deny"-tx-16-"denies"-verb-0]|TX|1785/6|
00000000|MMI|2.04|Dietary Route of Administration|C2699635|[ftcn]|["DIETARY"-tx-16-"dietary"-adj-0]|TX|1792/7|
00000000|MMI|2.04|Digestive System Findings Domain|C3539617|[inpr]|["GI"-tx-75-"GI"-noun-0]|TX|4970/2|
00000000|MMI|2.04|Disease classification level|C0456079|[clas]|["Level"-tx-57-"level"-noun-0]|TX|3596/5|
00000000|MMI|2.04|Edema of lower extremity|C0239340|[patf]|["Lower Extremity oedema"-tx-14-"lower extremity edema"-noun-0]|TX|1647/21|
00000000|MMI|2.04|Endocrine|C0521425|[ftcn]|["Endocrine"-tx-73-"Endocrine"-adj-0]|TX|4867/9|
00000000|MMI|2.04|Endocrine system|C0014136|[bdsy]|["Endocrine"-tx-73-"Endocrine"-adj-0]|TX|4867/9|A06
00000000|MMI|2.04|Entire pulmonary artery|C1269026|[bpoc]|["Pulmonary artery"-tx-11-"pulmonary artery"-noun-0]|TX|1245/16|
00000000|MMI|2.04|False Positive|C0205557|[lbtr]|["False Positive"-tx-69-"false positive"-adj-0]|TX|4617/14|
00000000|MMI|2.04|Fatigue Subordinate Domain|C4050243|[inpr]|["Fatigue"-tx-4-"fatigue"-noun-0]|TX|505/7|
00000000|MMI|2.04|Floor - story of building|C1547707|[geoa]|["Level"-tx-57-"level"-noun-0]|TX|3596/5|
00000000|MMI|2.04|Fluid overload|C0546817|[dsyn]|["VOLUME OVERLOAD"-tx-50-"volume overload"-noun-0]|TX|2896/15|
00000000|MMI|2.04|GNAI1 wt Allele|C1708130|[gngm]|["Gi"-tx-75-"GI"-noun-0]|TX|4970/2|
00000000|MMI|2.04|Gastrointestinal studies and measurements|C4050121|[inpr]|["GI"-tx-75-"GI"-noun-0]|TX|4970/2|
00000000|MMI|2.04|Held - activity status|C1948036|[idcn]|["held"-tx-56-"held"-verb-0]|TX|3470/4|
00000000|MMI|2.04|History of present illness|C0262512|[orga]|["HISTORY OF PRESENT ILLNESS"-tx-4-"HISTORY OF PRESENT ILLNESS"-noun-0]|TX|328/26|
00000000|MMI|2.04|History of present illness:Finding:Point in time:^Patient:Nominal:Reported|C0488508|[clna]|["History of present illness"-tx-4-"HISTORY OF PRESENT ILLNESS"-noun-0]|TX|328/26|
00000000|MMI|2.04|Hospital course|C0489547|[fndg]|["Hospital course"-tx-47-"HOSPITAL COURSE"-noun-0]|TX|2659/15|
00000000|MMI|2.04|Hospital course:Finding:Point in time:^Patient:Narrative|C0488549|[clna]|["Hospital course"-tx-47-"HOSPITAL COURSE"-noun-0]|TX|2659/15|
00000000|MMI|2.04|Initially|C0205265|[tmco]|["Initially"-tx-51-"initially"-adv-0]|TX|2930/9|
00000000|MMI|2.04|Known Coronary Artery Disease|C3275096|[qnco]|["KNOWN CAD"-tx-48-"known CAD"-noun-0]|TX|2724/9|
00000000|MMI|2.04|Laboratory Procedures|C0022885|[lbpr]|["Tests"-tx-67-"tests"-noun-0]|TX|4467/5|
00000000|MMI|2.04|Level|C2946261|[phsu]|["Level"-tx-57-"level"-noun-0]|TX|3596/5|
00000000|MMI|2.04|Levels (qualifier value)|C0441889|[qlco]|["Level"-tx-57-"level"-noun-0]|TX|3596/5|
00000000|MMI|2.04|Management Occupations|C3273539|[ocdi]|["Management"-tx-80-"management"-noun-0]|TX|5403/10|
00000000|MMI|2.04|Management procedure|C1273870|[ocac]|["Management"-tx-80-"management"-noun-0]|TX|5403/10|
00000000|MMI|2.04|Medical History|C0262926|[fndg]|["Past Medical History"-tx-17-"PAST MEDICAL HISTORY"-noun-0]|TX|1823/20|
00000000|MMI|2.04|Medication.discharge|C0806915|[fndg]|["Discharge medications"-tx-85-"DISCHARGE MEDICATIONS"-noun-0]|TX|5621/21|
00000000|MMI|2.04|Medications:-:Point in time:^Patient:-|C2598133|[clna]|["Medications"-tx-18-"MEDICATIONS"-noun-0]|TX|1856/11|
00000000|MMI|2.04|Medications:Presence or Identity:Duration of the study:^Patient:Nominal|C0802604|[clna]|["Medications"-tx-18-"MEDICATIONS"-noun-0]|TX|1856/11|
00000000|MMI|2.04|Moist|C0205381|[qlco]|["Wet"-tx-52-"wet"-noun-0]|TX|3130/3|
00000000|MMI|2.04|Musculoskeletal|C0497254|[ftcn]|["MUSCULOSKELETAL"-tx-82-"Musculoskeletal"-adj-0]|TX|5419/15|
00000000|MMI|2.04|Musculoskeletal:-:Point in time:^Patient:-|C2707260|[clna]|["Musculoskeletal"-tx-82-"Musculoskeletal"-adj-0]|TX|5419/15|
00000000|MMI|2.04|NPPA gene|C1417807|[gngm]|["PND"-tx-15-"PND"-noun-0]|TX|1730/3|
00000000|MMI|2.04|Normalize|C1882115|[resa]|["Normalized"-tx-68-"normalized"-verb-0]|TX|4533/10|
00000000|MMI|2.04|PMH - past medical history|C0455458|[fndg]|["Past medical history"-tx-17-"PAST MEDICAL HISTORY"-noun-0]|TX|1823/20|
00000000|MMI|2.04|Palpitations|C0030252|[fndg]|["PALPITATIONS"-tx-15-"palpitations"-noun-1]|TX|1761/12|
00000000|MMI|2.04|Palpitations Adverse Event|C3160712|[fndg]|["Palpitations"-tx-15-"palpitations"-noun-1]|TX|1761/12|
00000000|MMI|2.04|Paroxysmal nocturnal dyspnea|C1956415|[dsyn]|["PND"-tx-15-"PND"-noun-1]|TX|1730/3|
00000000|MMI|2.04|Pharmaceutical Preparations|C0013227|[phsu]|["Medications"-tx-18-"MEDICATIONS"-noun-0]|TX|1856/11|D26
00000000|MMI|2.04|Pump Device Component|C1706421|[mnob]|["Pump"-tx-52-"Pump"-noun-0]|TX|3089/4|
00000000|MMI|2.04|Recommendation|C0034866|[idcn]|["Recommended"-tx-70-"recommended"-verb-0]|TX|4682/11|
00000000|MMI|2.04|Rhythm|C0871269|[fndg]|["Rhythm"-tx-60-"Rhythm"-noun-0]|TX|3833/6|
00000000|MMI|2.04|Rhythm Not Otherwise Specified ECG Assessment|C3828331|[inpr]|["Rhythm Not Otherwise Specified"-tx-60-"Rhythm"-noun-0]|TX|3833/6|
00000000|MMI|2.04|Right upper quadrant pain|C0235299|[sosy]|["RIGHT UPPER QUADRANT PAIN"-tx-75-"right upper quadrant pain"-noun-0]|TX|4990/25|
00000000|MMI|2.04|Shortness of breath:-:Point in time:^Patient:-|C2707305|[clna]|["Shortness of breath"-tx-15-"shortness of breath"-noun-0]|TX|1736/19|
00000000|MMI|2.04|Social History|C3714536|[fndg]|["Social History"-tx-42-"SOCIAL HISTORY"-noun-0]|TX|2192/14|
00000000|MMI|2.04|Social and personal history|C0424945|[fndg]|["Social history"-tx-42-"SOCIAL HISTORY"-noun-0]|TX|2192/14|
00000000|MMI|2.04|Swollen legs|C0581394|[sosy]|["lower extremity Oedema"-tx-14-"lower extremity edema"-noun-0]|TX|1647/21|
00000000|MMI|2.04|Table Frame - above|C1552828|[idcn]|["above"-tx-17-"above"-adj-0]|TX|1848/5|
00000000|MMI|2.04|Tests (qualifier value)|C0392366|[inpr]|["Tests"-tx-67-"tests"-noun-0]|TX|4467/5|
00000000|MMI|2.04|Upper|C1282910|[spco]|["Above"-tx-17-"above"-adj-0]|TX|1848/5|
00000000|MMI|2.04|Used by|C1273517|[fndg]|["used"-tx-57-"used"-verb-0]|TX|3522/4|
00000000|MMI|2.04|discharge diagnosis|C1555319|[fndg]|["Discharge diagnosis"-tx-2-"DISCHARGE DIAGNOSIS"-noun-0]|TX|246/19|
00000000|MMI|2.04|pump (device)|C0182537|[medd]|["Pump"-tx-52-"Pump"-noun-0]|TX|3089/4|
00000000|MMI|2.04|rhythmic process (biological)|C1523018|[phsf]|["rhythm"-tx-60-"Rhythm"-noun-0]|TX|3833/6|
00000000|MMI|1.56|Beginning|C0439659|[tmco]|["Begin"-tx-13-"began"-verb-0]|TX|1521/5|
00000000|MMI|1.50|Left atrial hypertrophy|C0238705|[anab]|["ATRIAL ENLARGEMENT, LEFT"-tx-46-"left atrial enlargement"-noun-1]|TX|2582/23|
00000000|MMI|1.50|P mitrale (finding)|C0232310|[fndg]|["Left Atrial Enlargement"-tx-46-"left atrial enlargement"-noun-1]|TX|2582/23|
00000000|MMI|1.48|Congestive heart failure|C0018802|[dsyn]|["Heart Failure"-tx-12-"heart failure"-noun-0]|TX|1384/13|
00000000|MMI|1.48|Discharge date|C2361123|[tmco]|["Discharge date"-tx-1-"Discharge Date"-noun-0]|TX|148/14|
00000000|MMI|1.48|Discharge date:Time Stamp -- Date and Time:Point in time:^Patient:Quantitative|C2361122|[clna]|["Discharge date"-tx-1-"Discharge Date"-noun-0]|TX|148/14|
00000000|MMI|1.46|Intrachamber:Pres:Pt:Heart.atrium.right:Qn|C4050168|[clna]|["RA pressure"-tx-11-"RA pressures"-noun-0]|TX|1220/12|
00000000|MMI|1.45|Lives with daughter|C0557131|[fndg]|["Lives with daughter"-tx-42-"lives with daughters"-noun-0]|TX|2220/10,2237/9|
00000000|MMI|1.45|50%|C3842586|[fndg]|["50%"-tx-11-"50"-fraction-0]|TX|1262/2|
00000000|MMI|1.45|<50|C3843766|[fndg]|["<50"-tx-11-"50"-fraction-0]|TX|1262/2|
00000000|MMI|1.45|Axial R|C3538806|[spco]|["Ra"-tx-11-"RA"-adj-0]|TX|1238/2|
00000000|MMI|1.45|Axis|C1522496|[spco]|["Axis"-tx-46-"axis"-noun-0]|TX|2533/4|
00000000|MMI|1.45|Creatinine finding|C1561535|[fndg]|["Creatinine"-tx-63-"creatinine"-noun-0]|TX|4158/10|
00000000|MMI|1.45|Document type|C1547673|[inpr]|["Document"-tx-86-"document"-noun-0]|TX|5699/8|
00000000|MMI|1.45|Documents|C1301746|[inpr]|["document"-tx-86-"document"-noun-0]|TX|5699/8|
00000000|MMI|1.45|Family (taxonomic)|C1704727|[cnce]|["Family"-tx-44-"family"-noun-0]|TX|2329/6|
00000000|MMI|1.45|Genus Axis|C0999597|[mamm]|["Axis"-tx-46-"axis"-noun-0]|TX|2533/4|
00000000|MMI|1.45|Laboratory test finding|C0587081|[fndg]|["Labs"-tx-45-"LABS"-noun-0]|TX|2383/4|
00000000|MMI|1.45|Non-compliance|C0457432|[qlco]|["Non-compliance"-tx-16-"noncompliance"-noun-0]|TX|1807/13|
00000000|MMI|1.45|PACERR gene|C3890506|[gngm]|["PACER"-tx-61-"pacer"-noun-0]|TX|4017/5|
00000000|MMI|1.45|PR@ gene cluster|C1418864|[gngm]|["PR@"-tx-46-"PR"-noun-0]|TX|2561/2|
00000000|MMI|1.45|PVR gene|C1419141|[gngm]|["PVR"-tx-10-"PVR"-noun-0]|TX|1122/3|
00000000|MMI|1.45|Per rectum|C4048189|[ftcn]|["PR"-tx-46-"PR"-noun-0]|TX|2561/2|
00000000|MMI|1.45|Pressure (finding)|C0460139|[fndg]|["pressures"-tx-6-"pressures"-noun-0]|TX|633/9|
00000000|MMI|1.45|Procedure Domain|C3538935|[inpr]|["PR"-tx-46-"PR"-noun-0]|TX|2561/2|
00000000|MMI|1.45|Progesterone Receptor Measurement|C3889640|[lbpr]|["PR"-tx-46-"PR"-noun-0]|TX|2561/2|
00000000|MMI|1.45|Reduced|C0392756|[qlco]|["Reduction"-tx-55-"reduction"-noun-0]|TX|3436/9|
00000000|MMI|1.45|Reduction (chemical)|C0301630|[npop]|["Reduction"-tx-55-"reduction"-noun-0]|TX|3436/9|
00000000|MMI|1.45|Reduction - action|C0441610|[topp]|["Reduction"-tx-55-"reduction"-noun-0]|TX|3436/9|
00000000|MMI|1.45|Right arm|C4048756|[bpoc]|["RA"-tx-11-"RA"-adj-0]|TX|1238/2|
00000000|MMI|1.45|STANDARDS Pain Relief Questionnaire|C3538934|[inpr]|["PR"-tx-46-"PR"-noun-0]|TX|2561/2|
00000000|MMI|1.45|TXNRD1 wt Allele|C3811249|[gngm]|["TR"-tx-58-"TR"-noun-0]|TX|3742/2|
00000000|MMI|1.45|TXNRD2 wt Allele|C3811250|[gngm]|["TR"-tx-58-"TR"-noun-0]|TX|3742/2|
00000000|MMI|1.45|Thioredoxin Reductase 1, Cytoplasmic|C3814410|[aapp,enzy]|["TR"-tx-58-"TR"-noun-0]|TX|3742/2|
00000000|MMI|1.45|Tumor Results Domain|C3814152|[inpr]|["TR"-tx-58-"TR"-noun-0]|TX|3742/2|
00000000|MMI|1.45|day|C0439228|[tmco]|["DAYS"-tx-57-"days"-noun-0]|TX|3621/4|
00000000|MMI|1.45|progesterone receptor negative|C0279766|[lbtr]|["PR-"-tx-46-"PR"-noun-0]|TX|2561/2|
00000000|MMI|1.45|progesterone receptor positive|C0279759|[lbtr]|["PR+"-tx-46-"PR"-noun-0]|TX|2561/2|
00000000|MMI|1.45|week|C0439230|[tmco]|["WEEKS"-tx-70-"weeks"-noun-0]|TX|4730/5|
00000000|MMI|1.44|mEq/day|C0439448|[qnco]|["meq/d"-tx-27-"mEq d"-noun-0]|TX|2012/3,2018/1|
00000000|MMI|1.44|Admitting diagnosis|C0332133|[fndg]|["Admitting diagnosis"-tx-1-"ADMITTING DIAGNOSIS"-noun-0]|TX|197/19|
00000000|MMI|1.44|Report status|C0586177|[fndg]|["Report status"-tx-1-"Report Status"-noun-0]|TX|126/13|
00000000|MMI|1.43|Sinus Tachycardia Adverse Event|C1963246|[fndg]|["Sinus tachycardia"-tx-46-"sinus tachycardia"-noun-0]|TX|2496/17|
00000000|MMI|1.43|continuous electrocardiogram sinus tachycardia|C2108109|[fndg]|["Sinus Tachycardia"-tx-46-"sinus tachycardia"-noun-0]|TX|2496/17|
00000000|MMI|1.43|Admission date:Time Stamp -- Date and Time:Point in time:^Patient:Quantitative|C2598112|[clna]|["Admission date"-tx-1-"Admission Date"-noun-0]|TX|100/14|
00000000|MMI|1.43|Date of admission|C1302393|[tmco]|["Admission date"-tx-1-"Admission Date"-noun-0]|TX|100/14|
00000000|MMI|1.43|Decompensated|C0205434|[qlco]|["Decompensated"-tx-12-"decompensated"-noun-0]|TX|1370/13|
00000000|MMI|1.43|Failure (biologic function)|C0231174|[ftcn]|["FAILURE"-tx-1-"failure"-noun-0]|TX|236/7|
00000000|MMI|1.43|Fill|C1708059|[acty]|["Fill"-tx-6-"filling"-noun-0]|TX|625/7|
00000000|MMI|1.43|Groups|C0441833|[idcn]|["Panel"-tx-51-"panel"-noun-0]|TX|3037/5|
00000000|MMI|1.43|Laboratory Order Panels|C1999270|[inpr]|["Panel"-tx-51-"panel"-noun-0]|TX|3037/5|
00000000|MMI|1.43|Non-functional|C0205300|[ftcn]|["Non-functional"-tx-6-"nonfunctional"-adj-0]|TX|675/13|
00000000|MMI|1.43|Panel Device Component|C3537156|[mnob]|["Panel"-tx-51-"panel"-noun-0]|TX|3037/5|
00000000|MMI|1.43|Personal failure|C0680095|[inbe]|["failure"-tx-1-"failure"-noun-0]|TX|236/7|
00000000|MMI|1.43|flow|C0806140|[npop]|["flows"-tx-52-"flows"-noun-0]|TX|3153/5|
00000000|MMI|1.43|liter|C0475211|[qnco]|["LITER"-tx-12-"liters"-noun-0]|TX|1495/6|
00000000|MMI|1.42|Orthopnea|C0085619|[sosy]|["Orthopnoea"-tx-14-"orthopnea"-noun-0]|TX|1693/9|
00000000|MMI|1.42|Pillow|C0182291|[mnob]|["Pillow"-tx-14-"pillow"-noun-0]|TX|1686/6|
00000000|MMI|1.42|Two|C0205448|[qnco]|["Two"-tx-14-"two"-noun-0]|TX|1682/3|
00000000|MMI|1.42|ultrasound device|C1875843|[medd]|["ULTRASOUND"-tx-76-"ultrasound"-noun-0]|TX|5090/10|
00000000|MMI|1.42|Cardiac index|C0428776|[fndg]|["Cardiac Index"-tx-11-"cardiac index"-noun-0]|TX|1270/13|
00000000|MMI|1.42|One week|C4082116|[tmco]|["One week"-tx-14-"one week"-noun-0]|TX|1612/8|
00000000|MMI|1.42|pressure on artery|C0456363|[hlca]|["artery pressure"-tx-10-"artery pressure"-noun-0]|TX|1064/15|
00000000|MMI|1.42|sliding scale|C2937251|[topp]|["sliding scale"-tx-73-"sliding scale"-noun-0]|TX|4908/13|
00000000|MMI|1.42|/40|C0439509|[tmco]|["/40"-tx-37-"40"-integer-0]|TX|2131/2|
00000000|MMI|1.42|40%|C3842587|[qnco]|["40%"-tx-37-"40"-integer-0]|TX|2131/2|
00000000|MMI|1.42|DYSFUNCTION - SKIN DISORDERS|C3887505|[dsyn]|["DYSFUNCTION"-tx-59-"dysfunction"-noun-0]|TX|3819/11|
00000000|MMI|1.42|Dysfunction|C3887504|[cnce]|["Dysfunction"-tx-59-"dysfunction"-noun-0]|TX|3819/11|
00000000|MMI|1.42|Functional disorder|C0277785|[patf]|["Dysfunction"-tx-59-"dysfunction"-noun-0]|TX|3819/11|
00000000|MMI|1.42|Randomization Validation|C3889272|[resa]|["RV"-tx-59-"RV"-noun-0]|TX|3816/2|
00000000|MMI|1.42|Normal renal function|C0232805|[fndg]|["Normal renal function"-tx-45-"Normal renal function"-noun-0]|TX|2402/21|
00000000|MMI|1.41|M-5|C1440942|[imft]|["M-5"-tx-19-"5 m"-noun-0]|TX|1914/1,1925/1|
00000000|MMI|1.41|100%|C3817553|[qnco]|["100%"-tx-31-"100"-integer-0]|TX|2057/3|
00000000|MMI|1.41|29+|C3843708|[fndg]|["29+"-tx-1-"29"-fraction-0]|TX|43/2|
00000000|MMI|1.41|Pyrexia of unknown origin (excl puerperal)|C0856281|[sosy]|["puo"-tx-1-"PUO"-noun-0]|TX|12/3|
00000000|MMI|1.41|ANTICOAGULATION (finding)|C2919015|[fndg]|["ANTICOAGULATION"-tx-9-"anticoagulation"-noun-0]|TX|969/15|
00000000|MMI|1.41|Anticoagulation Therapy|C0003281|[topp]|["anticoagulation"-tx-9-"anticoagulation"-noun-0]|TX|969/15|
00000000|MMI|1.41|Assisted (qualifier value)|C1269765|[qlco]|["Assistance"-tx-80-"assistance"-noun-0]|TX|5387/10|
00000000|MMI|1.41|Cold Sensation|C0234192|[phsf]|["Cold"-tx-52-"cold"-noun-0]|TX|3121/4|
00000000|MMI|1.41|Continuous|C0549178|[idcn]|["Continued"-tx-79-"continued"-verb-0]|TX|5299/9|
00000000|MMI|1.41|Decreased Coagulation Activity [PE]|C3537050|[phsf]|["Anticoagulation"-tx-9-"anticoagulation"-noun-0]|TX|969/15|
00000000|MMI|1.41|Diagnosis|C0011900|[fndg]|["Diagnosed"-tx-5-"diagnosed"-verb-0]|TX|559/9|E01
00000000|MMI|1.41|Dropping|C1705648|[acty]|["Dropped"-tx-67-"dropped"-verb-0]|TX|4417/7|
00000000|MMI|1.41|Negative Regulation of Coagulation|C2917212|[phsf]|["Anticoagulation"-tx-9-"anticoagulation"-noun-0]|TX|969/15|
00000000|MMI|1.41|Pixels per Inch|C3811894|[idcn]|["PPI"-tx-84-"PPI"-noun-0]|TX|5523/3|
00000000|MMI|1.41|Present|C0150312|[qnco]|["Present"-tx-4-"presents"-verb-0]|TX|453/8|
00000000|MMI|1.41|Discharge time|C3864299|[tmco]|["Discharge time"-tx-85-"time discharge"-noun-0]|TX|5668/4,5676/9|
00000000|MMI|1.41|Discharge time:ClockTime:Pt:^Patient:Qn|C3864300|[clna]|["Discharge time"-tx-85-"time discharge"-noun-0]|TX|5668/4,5676/9|
00000000|MMI|1.40|August|C3831448|[qlco]|["August"-tx-12-"August"-noun-0]|TX|1353/6|
00000000|MMI|1.40|Coagulation Index Measurement|C3259781|[lbpr]|["CI"-tx-10-"CI"-noun-0]|TX|1136/2|
00000000|MMI|1.40|Confirmation|C0750484|[idcn]|["Confirmed"-tx-69-"confirmed"-verb-0]|TX|4645/9|
00000000|MMI|1.40|Confirmed by|C0521093|[qlco]|["confirmed"-tx-69-"confirmed"-verb-0]|TX|4645/9|
00000000|MMI|1.40|Light Emitting Diode Device Component|C1708698|[mnob]|["LED"-tx-7-"led"-verb-0]|TX|763/3|
00000000|MMI|1.40|Liver normal|C0577059|[fndg]|["normal liver"-tx-76-"normal liver"-noun-0]|TX|5110/12|
00000000|MMI|1.40|work up|C0750430|[diap]|["Work-up"-tx-13-"workup"-noun-0]|TX|1527/6|
00000000|MMI|1.40|Congested|C1533708|[ftcn]|["Congested"-tx-75-"congested"-adj-0]|TX|5049/9|
00000000|MMI|1.40|Entire liver|C1278929|[bpoc]|["Liver"-tx-75-"liver"-noun-0]|TX|5059/5|
00000000|MMI|1.40|Immunoglobulin complex location, circulating|C3665580|[celc]|["antibody"-tx-67-"antibody"-noun-0]|TX|4498/8|
00000000|MMI|1.40|Insulin Drug Class|C3714501|[horm,phsu]|["INSULIN"-tx-73-"insulin"-noun-0]|TX|4922/7|
00000000|MMI|1.40|Insulin [EPC]|C1579433|[phsu]|["Insulin"-tx-73-"insulin"-noun-0]|TX|4922/7|
00000000|MMI|1.40|Liver Flavor|C2346688|[food]|["LIVER"-tx-75-"liver"-noun-0]|TX|5059/5|
00000000|MMI|1.40|Liver parenchyma|C0736268|[bpoc]|["LIVER"-tx-75-"liver"-noun-0]|TX|5059/5|
00000000|MMI|1.40|Order (action)|C1705178|[acty]|["Ordered"-tx-67-"ordered"-verb-0]|TX|4478/7|
00000000|MMI|1.40|Order (arrangement)|C1705176|[qlco]|["Ordered"-tx-67-"ordered"-verb-0]|TX|4478/7|
00000000|MMI|1.40|Recombinant Insulin|C1533581|[aapp,horm,phsu]|["INSULIN"-tx-73-"insulin"-noun-0]|TX|4922/7|
00000000|MMI|1.40|Related personal status|C0445223|[fndg]|["Related"-tx-75-"related"-verb-0]|TX|5036/7|
00000000|MMI|1.40|Relationships|C0439849|[qlco]|["Related"-tx-75-"related"-verb-0]|TX|5036/7|
00000000|MMI|1.40|dictated - DocumentCompletion|C1609990|[idcn]|["Dictated"-tx-86-"Dictated"-noun-0]|TX|5722/8|
00000000|MMI|1.40|dictated - ParticipationMode|C1548384|[ftcn]|["dictated"-tx-86-"Dictated"-noun-0]|TX|5722/8|
00000000|MMI|1.40|Restart|C1514902|[qlco]|["Restart"-tx-71-"restarted"-verb-0]|TX|4816/9|
00000000|MMI|1.40|Right upper quadrant|C0439734|[spco]|["Quadrant, Right Upper"-tx-76-"right upper quadrant"-noun-0]|TX|5069/20|
00000000|MMI|1.40|Add - instruction imperative|C1883712|[ftcn]|["Addition"-tx-11-"addition"-noun-0]|TX|1168/8|
00000000|MMI|1.40|Assay|C1510438|[lbpr]|["Assay"-tx-49-"assay"-noun-0]|TX|2825/5|
00000000|MMI|1.40|In addition to|C0332287|[ftcn]|["Addition"-tx-11-"addition"-noun-0]|TX|1168/8|
00000000|MMI|1.40|Post|C0687676|[tmco]|["Post"-tx-11-"Post"-adv-0]|TX|1148/4|
00000000|MMI|1.40|Post Device Component|C1704687|[mnob]|["Post"-tx-11-"Post"-adv-0]|TX|1148/4|
00000000|MMI|1.40|assay qualifier|C0243073|[qlco]|["assay"-tx-49-"assay"-noun-0]|TX|2825/5|
00000000|MMI|1.40|product|C1514468|[enty]|["Products"-tx-70-"products"-noun-0]|TX|4756/8|
00000000|MMI|1.39|custodian|C1550490|[ftcn]|["custodian"-tx-43-"custodian"-noun-0]|TX|2262/9|
00000000|MMI|1.39|Normal total cholesterol|C0858309|[fndg]|["Normal cholesterol"-tx-51-"normal cholesterol"-noun-1]|TX|3018/18|
00000000|MMI|1.38|Borg Category-Ratio 10 Perceived Exertion Score 3|C4049706|[inpr]|["Moderate"-tx-58-"moderate"-adj-0]|TX|3733/8|
00000000|MMI|1.38|Event Seriousness - Significant|C1546944|[qlco]|["Significant"-tx-45-"SIGNIFICANT"-adj-0]|TX|2371/11|
00000000|MMI|1.38|Four|C0205450|[qnco]|["Four"-tx-70-"four"-word_numeral-0]|TX|4725/4|
00000000|MMI|1.38|Moderate (severity modifier)|C0205081|[qlco]|["Moderate"-tx-58-"moderate"-adj-0]|TX|3733/8|
00000000|MMI|1.38|Moderate Extremity Pain|C4049705|[inpr]|["Moderate"-tx-58-"moderate"-adj-0]|TX|3733/8|
00000000|MMI|1.38|Moderation|C1881878|[qlco]|["MODERATE"-tx-58-"moderate"-adj-0]|TX|3733/8|
00000000|MMI|1.38|Significant|C0750502|[idcn]|["Significant"-tx-45-"SIGNIFICANT"-adj-0]|TX|2371/11|
00000000|MMI|1.38|Statistical Significance|C0237881|[qnco]|["significant"-tx-45-"SIGNIFICANT"-adj-0]|TX|2371/11|
00000000|MMI|1.38|Widening|C0332464|[spco]|["widened"-tx-46-"widened"-adj-0]|TX|2540/7|
00000000|MMI|1.38|biventricular|C0699808|[spco]|["Biventricular"-tx-61-"biventricular"-adj-0]|TX|4003/13|
00000000|MMI|1.37|Akinetic|C0233568|[ftcn]|["Akinetic"-tx-58-"akinesis"-noun-0]|TX|3695/8|
00000000|MMI|1.37|Systolic dysfunction|C0749225|[patf]|["Systolic dysfunction"-tx-52-"systolic dysfunction"-noun-0]|TX|3172/20|
00000000|MMI|1.37|diabetes mellitus management|C0948092|[topp]|["Diabetes management"-tx-73-"diabetes management"-noun-0]|TX|4945/19|
00000000|MMI|1.37|Discharge summarization note:Finding:Point in time:{Setting}:Document:{Provider}|C0801840|[clna]|["Discharge summary"-tx-1-"Discharge Summary"-noun-0]|TX|65/17|
00000000|MMI|1.37|Discharge summary|C0743221|[inpr]|["Discharge summary"-tx-1-"Discharge Summary"-noun-0]|TX|65/17|
00000000|MMI|1.37|Forward|C0439780|[spco]|["Forward"-tx-52-"forward"-adj-0]|TX|3145/7|
00000000|MMI|1.37|Increase|C0442805|[ftcn]|["Increased"-tx-52-"increased"-adj-0]|TX|3204/9|
00000000|MMI|1.37|Increased|C0205217|[qnco]|["Increased"-tx-52-"increased"-adj-0]|TX|3204/9|
00000000|MMI|1.37|Only - dosing instruction fragment|C1720467|[inpr]|["Only"-tx-61-"only"-adv-0]|TX|4127/4|
00000000|MMI|1.37|Poor - grade value|C0542537|[qlco]|["Poor"-tx-52-"poor"-adj-0]|TX|3140/4|
00000000|MMI|1.37|Poor - qualifier|C2700379|[qlco]|["Poor"-tx-52-"poor"-adj-0]|TX|3140/4|
00000000|MMI|1.37|Singular|C0205171|[qnco]|["Only"-tx-61-"only"-adv-0]|TX|4127/4|
00000000|MMI|1.37|congestive|C0742742|[qlco]|["Congestive"-tx-1-"Congestive"-adj-0]|TX|218/10|
00000000|MMI|1.36|Patient Condition Code - Stable|C1547311|[inpr]|["Stable"-tx-14-"stable"-adj-0]|TX|1675/6|
00000000|MMI|1.36|Recent|C0332185|[tmco]|["Recent"-tx-12-"recent"-adj-0]|TX|1329/6|
00000000|MMI|1.36|Stable status|C0205360|[qlco]|["STABLE"-tx-14-"stable"-adj-0]|TX|1675/6|
00000000|MMI|1.36|Right ventricular structure|C0225883|[bpoc]|["right Ventricular"-tx-50-"right ventricular"-adj-0]|TX|2866/17|
00000000|MMI|1.36|23|C0450348|[qnco]|["23"-tx-1-"23"-fraction-0]|TX|118/2|
00000000|MMI|1.36|Celexa|C0719199|[orch,phsu]|["Celexa"-tx-29-"Celexa"-noun-0]|TX|2024/6|
00000000|MMI|1.36|Identifier|C0600091|[inpr]|["ID"-tx-86-"ID"-noun-0]|TX|5791/2|
00000000|MMI|1.36|Immune diffusion|C1441613|[lbpr]|["ID"-tx-86-"ID"-noun-0]|TX|5791/2|
00000000|MMI|1.36|Multivitamin preparation|C0301532|[orch,phsu,vita]|["Multivitamin"-tx-25-"Multivitamin"-noun-0]|TX|1976/12|
00000000|MMI|1.36|One|C0205447|[qnco]|["ONE"-tx-25-"one"-noun-0]|TX|1989/3|
00000000|MMI|1.36|Tablet Dosing Unit|C1705223|[qnco]|["Tab"-tx-25-"tab"-noun-0]|TX|1993/3|
00000000|MMI|1.36|Diagnostic interview schedule|C0451119|[inpr]|["DIS"-tx-1-"DIS"-noun-0]|TX|94/3|
00000000|MMI|1.36|Before|C0332152|[tmco]|["Pre"-tx-55-"pre"-noun-0]|TX|3418/3|
00000000|MMI|1.36|Before values|C0740175|[qlco]|["Pre"-tx-55-"pre"-noun-0]|TX|3418/3|
00000000|MMI|1.36|Depressed mood|C0344315|[fndg]|["depression"-tx-79-"depression"-noun-0]|TX|5338/10|
00000000|MMI|1.36|Depression Scale (BASC-2)|C4049644|[inpr]|["Depression"-tx-79-"depression"-noun-0]|TX|5338/10|
00000000|MMI|1.36|Depression motion|C0460137|[ftcn]|["Depression"-tx-79-"depression"-noun-0]|TX|5338/10|
00000000|MMI|1.36|Fluid behavior|C0444611|[qlco]|["Fluid"-tx-8-"fluid"-noun-0]|TX|821/5|
00000000|MMI|1.36|Liquid substance|C0302908|[sbst]|["fluid"-tx-8-"fluid"-noun-0]|TX|821/5|
00000000|MMI|1.36|Loading dose|C3714444|[qnco]|["Loading dose"-tx-54-"loading dose"-noun-0]|TX|3345/12|
00000000|MMI|1.36|Pure Spanish horse breed (organism)|C3669034|[mamm]|["PRE"-tx-55-"pre"-noun-0]|TX|3418/3|
00000000|MMI|1.36|fluid - substance|C1704353|[sbst]|["Fluid"-tx-8-"fluid"-noun-0]|TX|821/5|
00000000|MMI|1.36|photoreactivating enzyme activity|C2257086|[genf]|["PRE"-tx-55-"pre"-noun-0]|TX|3418/3|
00000000|MMI|1.36|Wall of gallbladder|C0734014|[bpoc]|["Gallbladder wall"-tx-76-"gall bladder walls"-noun-0]|TX|5138/18|
00000000|MMI|1.35|Encounter due to tobacco use|C0040335|[fndg]|["Tobacco use NOS"-tx-43-"tobacco use"-noun-0]|TX|2282/11|
00000000|MMI|1.35|History of tobacco use|C0841002|[fndg]|["Tobacco use"-tx-43-"tobacco use"-noun-0]|TX|2282/11|
00000000|MMI|1.35|Right side of heart|C0225808|[blor]|["Right heart"-tx-10-"right heart"-noun-0]|TX|1011/11|
00000000|MMI|1.35|Tobacco user|C3853727|[fndg]|["Tobacco use"-tx-43-"tobacco use"-noun-0]|TX|2282/11|
00000000|MMI|1.35|Bandemia|C0741439|[dsyn]|["Bandemia"-tx-45-"bandemia"-noun-1]|TX|2462/8|
00000000|MMI|1.35|CALD1 wt Allele|C3813548|[gngm]|["CAD"-tx-51-"CAD"-noun-0]|TX|3008/3|
00000000|MMI|1.35|Clinical Trial Investigator Brochure|C3890035|[inpr]|["IB"-tx-86-"IB"-noun-0]|TX|5719/2|
00000000|MMI|1.35|Emotional Strain|C2987481|[menp]|["Strain"-tx-50-"strain"-noun-0]|TX|2884/6|
00000000|MMI|1.35|Left side of heart|C0225809|[blor]|["left heart"-tx-46-"Left heart"-noun-0]|TX|2633/10|
00000000|MMI|1.35|Microbiology subtype strains|C0456178|[qlco]|["strain"-tx-50-"strain"-noun-0]|TX|2884/6|
00000000|MMI|1.35|Muscle strain|C0080194|[inpo]|["Strain"-tx-50-"strain"-noun-0]|TX|2884/6|
00000000|MMI|1.35|Organism Strain|C1518614|[orgm]|["STRAIN"-tx-50-"strain"-noun-0]|TX|2884/6|
00000000|MMI|1.35|Patient Outcome - Worsening|C1546960|[idcn]|["Worsening"-tx-7-"worsening"-adj-0]|TX|718/9|
00000000|MMI|1.35|Worse|C1457868|[fndg]|["Worsening"-tx-7-"worsening"-adj-0]|TX|718/9|
00000000|MMI|1.35|Worsening pattern|C0332271|[qlco]|["Worsening"-tx-7-"worsening"-adj-0]|TX|718/9|
00000000|MMI|1.35|Exposure Domain|C1704625|[idcn]|["EX"-tx-43-"ex"-noun-0]|TX|2259/2|
00000000|MMI|1.35|Generalized|C0205246|[spco]|["Global"-tx-58-"global"-adj-0]|TX|3688/6|
00000000|MMI|1.35|Global|C2348867|[qlco]|["Global"-tx-58-"global"-adj-0]|TX|3688/6|
00000000|MMI|1.35|MRC1 gene|C1417249|[gngm]|["MR"-tx-58-"MR"-noun-0]|TX|3728/2|
00000000|MMI|1.35|Minor Response|C4050513|[fndg]|["MR"-tx-58-"MR"-noun-0]|TX|3728/2|
00000000|MMI|1.35|Mr. - Title|C2347167|[cnce]|["Mr."-tx-58-"MR"-noun-0]|TX|3728/2|
00000000|MMI|1.35|Past|C1444637|[tmco]|["Past"-tx-43-"past"-adj-0]|TX|2277/4|
00000000|MMI|1.35|60%|C3842585|[fndg]|["60%"-tx-66-"60"-integer-0]|TX|4385/2|
00000000|MMI|1.35|80%|C3842583|[fndg]|["80%"-tx-66-"80"-integer-0]|TX|4388/2|
00000000|MMI|1.35|Act Mood - Goal|C1571704|[idcn]|["Goal"-tx-66-"goal"-noun-0]|TX|4377/4|
00000000|MMI|1.35|Brain natriuretic peptide measurement|C1095989|[lbpr]|["BNP"-tx-45-"BNP"-noun-0]|TX|2431/3|
00000000|MMI|1.35|NPPB gene|C1417808|[gngm]|["BNP"-tx-45-"BNP"-noun-0]|TX|2431/3|
00000000|MMI|1.35|NPPB wt Allele|C2982014|[gngm]|["BNP"-tx-45-"BNP"-noun-0]|TX|2431/3|
00000000|MMI|1.35|Thickened|C0205400|[fndg]|["Thickened"-tx-76-"thickened"-adj-0]|TX|5128/9|
00000000|MMI|1.34|Changed status|C0443172|[qnco]|["change"-tx-46-"change"-noun-0]|TX|2615/6|
00000000|MMI|1.34|Changing|C0392747|[ftcn]|["Change"-tx-46-"change"-noun-0]|TX|2615/6|
00000000|MMI|1.34|Delta (difference)|C1705241|[qnco]|["Change"-tx-46-"change"-noun-0]|TX|2615/6|
00000000|MMI|1.34|Old|C0580836|[tmco]|["Old"-tx-4-"old"-noun-0]|TX|374/3|
00000000|MMI|1.34|Unknown (origin) (qualifier value)|C0332240|[ftcn]|["Idiopathic"-tx-4-"idiopathic"-adj-0]|TX|405/10|
00000000|MMI|1.34|per year|C0439508|[tmco]|["/Year"-tx-4-"year"-noun-0]|TX|369/4|
00000000|MMI|1.34|year|C0439234|[tmco]|["YEAR"-