00000000|MMI|236.92|Patients|C0030705|[podg]|["*^patient"-tx-34-"patient"-noun-0,"*^patient"-tx-32-"patient's"-noun-0,"*^patient"-tx-31-"patient"-noun-0,"*^patient"-tx-28-"patient"-noun-0,"*^patient"-tx-23-"patient"-noun-0,"*^patient"-tx-21-"patient's"-noun-0,"*^patient"-tx-19-"patient"-noun-0,"*^patient"-tx-18-"patient"-noun-0,"*^patient"-tx-15-"patient"-noun-0,"*^patient"-tx-12-"patient"-noun-0,"*^patient"-tx-7-"patient"-noun-0,"*^patient"-tx-6-"patient"-noun-0,"*^patient"-tx-2-"patient"-noun-0]|TX|3648/7;3513/9;3423/7;3298/7;2961/7;2597/9;2342/7;2187/7;1816/7;1298/7;982/7;915/7;260/7|M01.643
00000000|MMI|133.21|Abortion consent:Finding:Point in time:^Patient:Document|C2360836|[clna]|["Patient"-tx-34-"patient"-noun-0,"Patient"-tx-32-"patient's"-noun-0,"Patient"-tx-31-"patient"-noun-0,"Patient"-tx-28-"patient"-noun-0,"Patient"-tx-23-"patient"-noun-0,"Patient"-tx-21-"patient's"-noun-0,"Patient"-tx-19-"patient"-noun-0,"Patient"-tx-18-"patient"-noun-0,"Patient"-tx-15-"patient"-noun-0,"Patient"-tx-12-"patient"-noun-0,"Patient"-tx-7-"patient"-noun-0,"Patient"-tx-6-"patient"-noun-0,"Patient"-tx-2-"patient"-noun-0]|TX|3648/7;3513/9;3423/7;3298/7;2961/7;2597/9;2342/7;2187/7;1816/7;1298/7;982/7;915/7;260/7|
00000000|MMI|133.21|Hysterectomy consent:Finding:Point in time:^Patient:Document|C2360838|[clna]|["Patient"-tx-34-"patient"-noun-0,"Patient"-tx-32-"patient's"-noun-0,"Patient"-tx-31-"patient"-noun-0,"Patient"-tx-28-"patient"-noun-0,"Patient"-tx-23-"patient"-noun-0,"Patient"-tx-21-"patient's"-noun-0,"Patient"-tx-19-"patient"-noun-0,"Patient"-tx-18-"patient"-noun-0,"Patient"-tx-15-"patient"-noun-0,"Patient"-tx-12-"patient"-noun-0,"Patient"-tx-7-"patient"-noun-0,"Patient"-tx-6-"patient"-noun-0,"Patient"-tx-2-"patient"-noun-0]|TX|3648/7;3513/9;3423/7;3298/7;2961/7;2597/9;2342/7;2187/7;1816/7;1298/7;982/7;915/7;260/7|
00000000|MMI|133.21|Sterilization consent:Finding:Point in time:^Patient:Document|C2360840|[clna]|["Patient"-tx-34-"patient"-noun-0,"Patient"-tx-32-"patient's"-noun-0,"Patient"-tx-31-"patient"-noun-0,"Patient"-tx-28-"patient"-noun-0,"Patient"-tx-23-"patient"-noun-0,"Patient"-tx-21-"patient's"-noun-0,"Patient"-tx-19-"patient"-noun-0,"Patient"-tx-18-"patient"-noun-0,"Patient"-tx-15-"patient"-noun-0,"Patient"-tx-12-"patient"-noun-0,"Patient"-tx-7-"patient"-noun-0,"Patient"-tx-6-"patient"-noun-0,"Patient"-tx-2-"patient"-noun-0]|TX|3648/7;3513/9;3423/7;3298/7;2961/7;2597/9;2342/7;2187/7;1816/7;1298/7;982/7;915/7;260/7|
00000000|MMI|51.39|Daunorubicin|C0011015|[antb,orch]|["DNR"-tx-21-"DNR"-noun-0,"DNR"-tx-17-"DNR"-noun-0]|TX|2620/3;2128/3|D02.455.426.559.847.562.050.200;D04.615.562.050.200;D09.408.051.059.200
00000000|MMI|50.06|Confusion|C0009676|[mobd]|["CONFUSION"-tx-6-"confusion"-noun-0,"CONFUSION"-tx-3-"confusion"-noun-0,"CONFUSION"-tx-2-"confusion"-noun-0]|TX|872/9;557/9;331/9|C10.597.606.337;C23.888.592.604.339;F01.700.250
00000000|MMI|49.66|Togo|C0040363|[geoa]|["TO"-tx-21-"to"-adv-0,"TO"-tx-6-"to"-adv-0]|TX|[2614/2],[2734/2];923/2|Z01.058.290.190.800
00000000|MMI|49.66|Tryptophanase|C0041260|[aapp,enzy]|["TO"-tx-21-"to"-adv-0,"TO"-tx-6-"to"-adv-0]|TX|[2614/2],[2734/2];923/2|D08.811.520.224.800
00000000|MMI|45.56|Body Weight|C0005910|[orga]|["Weight"-tx-8-"weight"-noun-0,"Weight"-tx-5-"weight"-noun-0]|TX|1061/6;717/6|C23.888.144;E01.370.600.115.100.160.120;E05.041.124.160.750;G07.100.100.160.120;G07.700.320.249.314.120
00000000|MMI|45.24|Antibiotics, Antitubercular|C0003237|[antb]|["Antibiotics"-tx-24-"antibiotics"-noun-0,"Antibiotics"-tx-15-"antibiotics"-noun-0]|TX|3043/11;1831/11|D27.505.954.122.085.255.135
00000000|MMI|45.09|Coding|C0009219|[ocac]|["code"-tx-21-"code"-noun-0,"code"-tx-17-"code"-noun-0]|TX|2710/4;2112/4|N04.452.758.708.200.400.500;N04.452.859.564.274;N05.715.360.300.715.500.249;N06.850.520.308.940.968.249
00000000|MMI|40.26|Family|C0015576|[famg]|["Family"-tx-35-"Family"-noun-0,"Family"-tx-29-"family"-noun-0,"Family"-tx-26-"family"-noun-0]|TX|3702/6;3345/6;3181/6|F01.829.263;I01.880.853.150
00000000|MMI|39.62|Chronic multifocal osteomyelitis|C0410422|[dsyn]|["CMO"-tx-33-"CMO"-noun-0,"CMO"-tx-24-"CMO"-noun-0,"CMO"-tx-23-"CMO"-noun-0]|TX|3607/3;2994/3;2983/3|x.x.x.x
00000000|MMI|38.78|Patient Discharge|C0030685|[hlca]|["Discharge"-tx-6-"discharge"-noun-0,"Discharge"-tx-5-"discharge"-noun-0]|TX|796/9;727/9|E02.204.125;E02.760.400.610;N02.421.192.125;N02.421.585.400.610;N04.590.233.727.210.125
00000000|MMI|32.55|Antibiotics|C0003232|[antb]|["Antibiotics"-tx-24-"antibiotics"-noun-0,"Antibiotics"-tx-15-"antibiotics"-noun-0]|TX|3043/11;1831/11|D27.505.954.122.085
00000000|MMI|32.52|Kidney Failure|C0035078|[dsyn]|["Failure, Renal"-tx-18-"renal failure"-noun-0,"Failure, Renal"-tx-16-"renal failure"-noun-0]|TX|2322/13;2071/13|C12.777.419.780;C13.351.968.419.780
00000000|MMI|30.63|Hemorrhage|C0019080|[patf]|["bleed"-tx-20-"bleed"-noun-0,"bleed"-tx-20-"bleed"-verb-0,"bleed"-tx-18-"bleed"-noun-0]|TX|[2426/5],[2579/5];[2426/5],[2579/5];2298/5|C23.550.414
00000000|MMI|27.17|20%|C3842589|[fndg]|["20%"-tx-34-"20"-fraction-0,"20%"-tx-34-"20"-integer-0,"20%"-tx-28-"20"-integer-0,"20%"-tx-24-"20"-fraction-0,"20%"-tx-21-"20"-fraction-0,"20%"-tx-1-"20"-fraction-0,"20%"-tx-1-"20"-integer-0]|TX|[3681/2],[3694/2];[3681/2],[3694/2];3332/2;3075/2;2764/2;[43/2],[231/2];[43/2],[231/2]|
00000000|MMI|26.39|Kyrgyzstan|C0022718|[geoa]|["KG"-tx-8-"kg"-noun-0,"KG"-tx-5-"kg"-noun-0]|TX|1077/2;754/2|Z01.252.100.450;Z01.586.200.450;Z01.586.950.450
00000000|MMI|26.36|Diuresis|C0012797|[ortf]|["Diuresis"-tx-12-"diuresis"-noun-0,"Diuresis"-tx-4-"diuresis"-noun-0]|TX|1351/8;702/8|G08.852.796.241
00000000|MMI|26.27|Falls|C0085639|[fndg]|["FALL"-tx-6-"fall"-verb-1,"fall Trauma"-tx-6-"fall trauma"-noun-0]|TX|926/4;926/4,944/6|N06.850.135.122
00000000|MMI|25.71|Date Fruit|C2348077|[food]|["DATE"-tx-1-"DATE"-noun-0]|TX|194/4|B01.650.940.800.575.100.093.615
00000000|MMI|24.71|Entity Name Part Type - given|C1550718|[idcn]|["given"-tx-33-"Given"-verb-0,"given"-tx-27-"given"-verb-0,"given"-tx-21-"Given"-verb-0,"given"-tx-21-"given"-verb-0,"given"-tx-18-"given"-verb-0,"given"-tx-16-"given"-adj-0]|TX|3597/5;3254/5;2587/5;2632/5;2274/5;2031/5|
00000000|MMI|24.71|GIVEN|C1442162|[cnce]|["GIVEN"-tx-33-"Given"-verb-0,"GIVEN"-tx-27-"given"-verb-0,"GIVEN"-tx-21-"Given"-verb-0,"GIVEN"-tx-21-"given"-verb-0,"GIVEN"-tx-18-"given"-verb-0,"GIVEN"-tx-16-"given"-adj-0]|TX|3597/5;3254/5;2587/5;2632/5;2274/5;2031/5|
00000000|MMI|24.71|Give - dosing instruction imperative|C1947971|[ftcn]|["Given"-tx-33-"Given"-verb-0,"Given"-tx-27-"given"-verb-0,"Given"-tx-21-"Given"-verb-0,"Given"-tx-21-"given"-verb-0,"Given"-tx-18-"given"-verb-0,"Given"-tx-16-"given"-adj-0]|TX|3597/5;3254/5;2587/5;2632/5;2274/5;2031/5|
00000000|MMI|24.71|Given name|C3244317|[inpr]|["given"-tx-33-"Given"-verb-0,"given"-tx-27-"given"-verb-0,"given"-tx-21-"Given"-verb-0,"given"-tx-21-"given"-verb-0,"given"-tx-18-"given"-verb-0,"given"-tx-16-"given"-adj-0]|TX|3597/5;3254/5;2587/5;2632/5;2274/5;2031/5|
00000000|MMI|24.11|Levofloxacin|C0282386|[antb,orch]|["LEVOFLOXACIN"-tx-15-"levofloxacin"-noun-0]|TX|1848/12|D03.438.810.835.322.500.500
00000000|MMI|24.11|colonoscopy|C0009378|[diap]|["Colonoscopy"-tx-20-"colonoscopy"-noun-0]|TX|2453/11|E01.370.372.250.250.200;E01.370.388.250.250.250.160;E04.210.240.250.160;E04.502.250.250.250.160
00000000|MMI|22.54|White Blood Cell Count procedure|C0023508|[lbpr]|["White Cell count"-tx-11-"white cell count"-noun-0]|TX|1213/16|E01.370.225.500.195.107.595;E01.370.225.625.107.595;E05.200.500.195.107.595;E05.200.625.107.595;E05.242.195.107.595;G04.170.107.595;G09.188.105.595
00000000|MMI|22.51|Coumadin|C0699129|[orch,phsu]|["Coumadin"-tx-13-"Coumadin"-noun-0]|TX|1732/8|D03.383.663.283.446.520.914;D03.438.150.446.520.914
00000000|MMI|22.48|diagnosis aspect|C1704338|[qlco]|["diagnosis"-tx-22-"diagnosis"-noun-0]|TX|2922/9|x.x.x.x.x.x.x
00000000|MMI|22.44|Hospital admission|C0184666|[hlca]|["Admission"-tx-17-"admission"-noun-0,"Admission"-tx-13-"admission"-noun-0,"admission hospital"-tx-13-"hospital admission"-noun-0,"Admission"-tx-6-"admission"-noun-0,"admitted"-tx-3-"admitted"-verb-0,"admitted"-tx-2-"admitted"-verb-0]|TX|2147/9;1502/9;1480/8,1502/9;830/9;520/8;272/8|
00000000|MMI|20.95|Ascending colon|C0227375|[bpoc]|["Ascending Colon"-tx-21-"ascending colon"-noun-0]|TX|2678/15|A03.556.124.526.356.333;A03.556.249.249.356.333
00000000|MMI|20.95|Chronic Kidney Diseases|C1561643|[dsyn]|["Chronic Renal Insufficiency"-tx-3-"chronic renal insufficiency"-noun-0]|TX|483/27|C12.777.419.780.750;C13.351.968.419.780.750
00000000|MMI|20.95|Chronic Kidney Insufficiency|C0403447|[dsyn]|["Chronic Renal Insufficiency"-tx-3-"chronic renal insufficiency"-noun-0]|TX|483/27|C12.777.419.780.750;C13.351.968.419.780.750
00000000|MMI|20.95|Flagyl|C0699678|[orch,phsu]|["Flagyl"-tx-15-"Flagyl"-noun-0]|TX|1863/6|D02.640.672.500;D03.383.129.308.658.500
00000000|MMI|20.95|Unconscious State|C0041657|[fndg]|["LOSS OF CONSCIOUSNESS"-tx-6-"loss of consciousness"-noun-1]|TX|954/21|C10.597.606.358.800;C23.888.592.604.359.800
00000000|MMI|19.20|Milrinone|C0128513|[orch,phsu]|["MILRINONE"-tx-13-"milrinone"-noun-0]|TX|1597/9|D02.092.080.085.543;D03.383.725.050.085.543
00000000|MMI|18.26|Admission activity|C0809949|[hlca]|["Admission"-tx-17-"admission"-noun-0,"Admission"-tx-13-"admission"-noun-0,"Admission"-tx-6-"admission"-noun-0,"Admitted"-tx-3-"admitted"-verb-0,"Admitted"-tx-2-"admitted"-verb-0]|TX|2147/9;1502/9;830/9;520/8;272/8|
00000000|MMI|17.80|Adenocarcinoma|C0001418|[neop]|["ADENOCARCINOMA"-tx-22-"adenocarcinoma"-noun-0]|TX|2882/14|C04.557.470.200.025
00000000|MMI|17.80|Autopsy|C0004398|[diap]|["AUTOPSY"-tx-35-"autopsy"-noun-0]|TX|3718/7|E01.370.060;E05.070;I01.198.780.937.120
00000000|MMI|17.80|Corneal Reflexes|C0520451|[ortf]|["Corneal reflex"-tx-31-"corneal reflex"-noun-0]|TX|3465/14|G11.561.600.765.127;G14.640.182
00000000|MMI|17.80|Coronary Arteriosclerosis|C0010054|[dsyn]|["coronary artery disease"-tx-3-"coronary artery disease"-noun-0]|TX|412/23|C14.280.647.250.260;C14.907.137.126.339;C14.907.585.250.260
00000000|MMI|17.80|Coronary Artery Disease|C1956346|[dsyn]|["CORONARY ARTERY DISEASE"-tx-3-"coronary artery disease"-noun-0]|TX|412/23|C14.280.647.250.260;C14.907.137.126.339;C14.907.585.250.260
00000000|MMI|17.80|Esophagogastroduodenoscopy|C0079304|[diap]|["EGD"-tx-20-"EGD"-noun-0]|TX|2445/3|E01.370.372.250;E01.370.388.250.250;E04.210.240;E04.502.250.250
00000000|MMI|17.80|Versed|C0042553|[orch,phsu]|["Versed"-tx-25-"Versed"-noun-0]|TX|3132/6|D03.438.079.080.575
00000000|MMI|16.37|Cardiac Output|C0007165|[clna]|["Cardiac Output"-tx-16-"cardiac output"-noun-0]|TX|1987/14|E01.370.370.380.150;G09.330.380.124
00000000|MMI|16.30|Drowsiness|C0013144|[fndg]|["Somnolence"-tx-6-"somnolence"-noun-0]|TX|857/10|F02.830.855.796;G11.561.600.815.754
00000000|MMI|16.21|Sepsis|C0243026|[dsyn]|["SEPSIS"-tx-14-"sepsis"-noun-0]|TX|1803/6|C01.539.757;C23.550.470.790.500
00000000|MMI|16.21|Septicemia|C0036690|[dsyn]|["Sepsis"-tx-14-"sepsis"-noun-0]|TX|1803/6|C01.539.757;C23.550.470.790.500
00000000|MMI|16.18|Troponin|C0041199|[aapp,bacs]|["Troponin"-tx-12-"troponin"-noun-0]|TX|1440/8|D05.750.078.730.825;D12.776.210.500.910;D12.776.220.525.825
00000000|MMI|16.09|Poverty|C0032854|[grpa]|["Poor"-tx-16-"poor"-adj-0]|TX|1982/4|I01.880.735.634;I01.880.853.996.535;N01.824.600
00000000|MMI|16.08|Coronary Care Units|C0010066|[hcro,mnob]|["Cardiac care unit"-tx-16-"Cardiac Care Unit"-noun-0]|TX|1920/17|N02.278.388.493.211
00000000|MMI|16.06|Systemic arterial pressure|C1272641|[fndg]|["blood pressures"-tx-9-"blood pressures"-noun-0]|TX|1107/15|G09.330.380.076.347
00000000|MMI|16.05|Diuretics|C0012798|[phsu]|["DIURETICS"-tx-13-"diuretics"-noun-0]|TX|1643/9|D27.505.696.560.500
00000000|MMI|15.79|Assessed|C1516048|[acty]|["Assessment"-tx-31-"assessment"-noun-0,"Assessment"-tx-12-"Assessment"-noun-0,"Assessment"-tx-12-"assessment"-noun-0]|TX|3406/10;1240/10;1255/10|
00000000|MMI|15.79|Evaluation procedure|C1261322|[hlca]|["Assessment"-tx-31-"assessment"-noun-0,"Assessment"-tx-12-"Assessment"-noun-0,"Assessment"-tx-12-"assessment"-noun-0]|TX|3406/10;1240/10;1255/10|
00000000|MMI|14.64|Atrial Fibrillation|C0004238|[dsyn]|["ATRIAL FIBRILLATION"-tx-13-"atrial fibrillation"-noun-0]|TX|1745/19|C14.280.067.198;C23.550.073.198
00000000|MMI|14.64|Awareness|C0004448|[menp]|["Aware"-tx-30-"aware"-adj-0]|TX|3395/5|F02.463.188.150
00000000|MMI|14.64|Cardiopulmonary Resuscitation|C0007203|[topp]|["CPR"-tx-33-"CPR"-noun-0]|TX|3623/3|E02.365.647.110
00000000|MMI|14.64|Coronary heart disease|C0010068|[dsyn]|["Coronary (artery) disease"-tx-3-"coronary artery disease"-noun-0]|TX|412/23|C14.280.647.250;C14.907.585.250
00000000|MMI|14.64|Diabetes Mellitus|C0011849|[dsyn]|["Diabetes"-tx-3-"diabetes"-noun-0]|TX|438/8|C18.452.394.750;C19.246
00000000|MMI|14.64|Heart Sounds|C0018820|[ortf]|["HEART SOUNDS"-tx-32-"heart sounds"-noun-0]|TX|3548/12|G09.330.380.510
00000000|MMI|14.64|Respiratory Sounds|C0035234|[clna]|["Breath sounds"-tx-32-"breath sounds"-noun-0]|TX|3564/13|C23.888.852.779;E01.370.386.720;G09.772.775
00000000|MMI|14.64|Vancomycin|C0042313|[aapp,antb]|["VANCOMYCIN"-tx-15-"vancomycin"-noun-0]|TX|1876/10|D09.400.420.925;D12.644.233.925;x.x.x.x
00000000|MMI|14.53|Weakness|C3714552|[sosy]|["Global weakness"-tx-6-"global weakness"-noun-0,"WEAKNESS"-tx-3-"weakness"-noun-0,"WEAKNESS"-tx-2-"weakness"-noun-0,"WEAKNESS"-tx-1-"WEAKNESS"-noun-0]|TX|887/15;544/8;318/8;65/8|
00000000|MMI|13.14|Eye|C0015392|[bpoc]|["Eyes"-tx-32-"eyes"-noun-0]|TX|3523/4|A01.456.505.420;A09.371
00000000|MMI|13.05|Fentanyl|C0015846|[orch,phsu]|["FENTANYL"-tx-25-"fentanyl"-noun-0]|TX|3119/8|D03.383.621.265
00000000|MMI|13.04|Gastrointestinal Hemorrhage|C0017181|[patf]|["gastro intestinal bleeding"-tx-13-"gastrointestinal bleeding"-noun-0]|TX|1668/25|C06.405.227;C23.550.414.788
00000000|MMI|13.03|Fever|C0015967|[fndg]|["Febrile"-tx-7-"febrile"-adj-0]|TX|1024/7|C23.888.119.344
00000000|MMI|13.03|Palliative Care|C0030231|[bmod]|["Comfort Measures"-tx-21-"comfort measures"-noun-0]|TX|2737/16|E02.760.666;N02.421.585.666
00000000|MMI|13.02|Needs|C0027552|[qlco]|["Need"-tx-16-"need"-noun-0]|TX|2015/4|N03.349.380.420;N05.300.450
00000000|MMI|13.01|Psychological Transfer|C0040671|[menp]|["TRANSFER"-tx-16-"transfer"-noun-0]|TX|1904/8|F02.463.425.910
00000000|MMI|12.96|Aggressive behavior|C0001807|[mobd]|["aggressive"-tx-4-"aggressive"-adj-0]|TX|691/10|F01.145.126.125;F01.145.813.045
00000000|MMI|12.94|Macrophage Activation Syndrome|C1096155|[dsyn]|["MAS"-tx-22-"mass"-noun-0]|TX|2801/4|C20.683.515.800
00000000|MMI|12.89|Lymphoma|C0024299|[neop]|["LYMPHOMA"-tx-22-"lymphoma"-noun-0]|TX|2866/8|C04.557.386;C15.604.515.569;C20.683.515.761
00000000|MMI|12.89|Apnea|C0003578|[patf]|["APNOEA"-tx-27-"apnea"-noun-0]|TX|3240/5|C08.618.085;C23.888.852.130
00000000|MMI|11.60|Clouded consciousness|C0683369|[sosy]|["Confusion"-tx-6-"confusion"-noun-0,"Confusion"-tx-3-"confusion"-noun-0,"Confusion"-tx-2-"confusion"-noun-0]|TX|872/9;557/9;331/9|
00000000|MMI|11.60|Confusion Adverse Event|C1963086|[fndg]|["Confusion"-tx-6-"confusion"-noun-0,"Confusion"-tx-3-"confusion"-noun-0,"Confusion"-tx-2-"confusion"-noun-0]|TX|872/9;557/9;331/9|
00000000|MMI|11.49|Complication Aspects|C1171258|[patf]|["complications"-tx-19-"complications"-noun-1]|TX|2399/13|x.x.x
00000000|MMI|11.49|Peripheral Vascular Diseases|C0085096|[dsyn]|["PERIPHERAL VASCULAR DISEASE"-tx-3-"peripheral vascular disease"-noun-0]|TX|449/27|C14.907.617
00000000|MMI|11.42|Family (taxonomic)|C1704727|[cnce]|["Family"-tx-35-"Family"-noun-0,"Family"-tx-29-"family"-noun-0,"Family"-tx-26-"family"-noun-0]|TX|3702/6;3345/6;3181/6|
00000000|MMI|11.38|Attending (action)|C1999232|[ftcn]|["attending"-tx-36-"Attending"-noun-0,"attending"-tx-30-"attending"-noun-0,"attending"-tx-1-"ATTENDING"-noun-0]|TX|3799/9;3381/9;164/9|
00000000|MMI|11.38|Attending (provider role)|C1547429|[prog]|["Attending"-tx-36-"Attending"-noun-0,"Attending"-tx-30-"attending"-noun-0,"Attending"-tx-1-"ATTENDING"-noun-0]|TX|3799/9;3381/9;164/9|
00000000|MMI|11.33|Present|C0150312|[qnco]|["Present"-tx-29-"present"-adj-0,"Present"-tx-26-"present"-noun-0,"Found"-tx-20-"found"-verb-0]|TX|3356/7;3188/7;2473/5|
00000000|MMI|11.22|Status|C0449438|[qlco]|["Status"-tx-33-"status"-noun-0,"Status"-tx-24-"status"-noun-0,"Status"-tx-17-"status"-noun-0]|TX|3611/6;2998/6;2117/6|
00000000|MMI|11.21|To|C1883351|[qlco]|["To"-tx-21-"to"-adv-0,"To"-tx-6-"to"-adv-0]|TX|[2614/2],[2734/2];923/2|
00000000|MMI|11.07|M NOS ANTIBODY|C0369637|[aapp,imft]|["M NOS"-tx-34-"m"-noun-0,"M NOS"-tx-28-"m"-noun-0,"M NOS"-tx-1-"m"-noun-0]|TX|3686/1;3337/1;236/1|
00000000|MMI|11.07|M+ (tumor staging)|C0441923|[inpr]|["M+"-tx-34-"m"-noun-0,"M+"-tx-28-"m"-noun-0,"M+"-tx-1-"m"-noun-0]|TX|3686/1;3337/1;236/1|
00000000|MMI|10.75|Congestive heart failure|C0018802|[dsyn]|["Heart Failure"-tx-12-"heart failure"-noun-0,"CHF"-tx-4-"CHF"-noun-0,"CHF"-tx-3-"CHF"-noun-0]|TX|1373/13;664/3;406/3|
00000000|MMI|10.70|Digestive System Findings Domain|C3539617|[inpr]|["GI"-tx-20-"GI"-noun-0,"GI"-tx-18-"GI"-noun-0]|TX|[2423/2],[2576/2];2295/2|
00000000|MMI|10.70|GNAI1 wt Allele|C1708130|[gngm]|["Gi"-tx-20-"GI"-noun-0,"Gi"-tx-18-"GI"-noun-0]|TX|[2423/2],[2576/2];2295/2|
00000000|MMI|10.70|Gastrointestinal studies and measurements|C4050121|[inpr]|["GI"-tx-20-"GI"-noun-0,"GI"-tx-18-"GI"-noun-0]|TX|[2423/2],[2576/2];2295/2|
00000000|MMI|10.69|1+|C3816745|[fndg]|["1+"-tx-36-"1"-fraction-0,"1+"-tx-1-"1"-fraction-0]|TX|[3850/1],[3861/1];107/1|
00000000|MMI|10.69|1+ Score|C2827734|[qnco]|["1+"-tx-36-"1"-fraction-0,"1+"-tx-1-"1"-fraction-0]|TX|[3850/1],[3861/1];107/1|
00000000|MMI|10.69|1+ Score, WHO|C2981698|[clas]|["1+"-tx-36-"1"-fraction-0,"1+"-tx-1-"1"-fraction-0]|TX|[3850/1],[3861/1];107/1|
00000000|MMI|10.67|Patient Outcome - Worsening|C1546960|[idcn]|["Worsening"-tx-18-"worsening"-adj-0,"Worsening"-tx-13-"worsening"-noun-0,"Worsening"-tx-12-"worsening"-adj-0]|TX|2312/9;1542/9;1363/9|
00000000|MMI|10.67|Worse|C1457868|[fndg]|["Worsening"-tx-18-"worsening"-adj-0,"Worsening"-tx-13-"worsening"-noun-0,"Worsening"-tx-12-"worsening"-adj-0]|TX|2312/9;1542/9;1363/9|
00000000|MMI|10.67|Worsening pattern|C0332271|[qlco]|["Worsening"-tx-18-"worsening"-adj-0,"Worsening"-tx-13-"worsening"-noun-0,"Worsening"-tx-12-"worsening"-adj-0]|TX|2312/9;1542/9;1363/9|
00000000|MMI|10.55|Gross (qualifier value)|C0439806|[qlco]|["Gross"-tx-20-"gross"-adj-0,"Gross"-tx-13-"gross"-adj-0]|TX|[2481/5],[2570/5];1662/5|
00000000|MMI|10.42|On admission|C0457453|[tmco]|["On admission"-tx-12-"on admission"-adj-0,"On admission"-tx-8-"On admission"-adj-0]|TX|1266/12;1042/12|
00000000|MMI|10.28|Drawings (art)|C0013113|[inpr]|["Draw"-tx-28-"drew"-verb-0]|TX|3306/4|V01.185.625;V02.700.300
00000000|MMI|10.06|Heart failure|C0018801|[dsyn]|["Failure, Heart"-tx-12-"heart failure"-noun-0]|TX|1373/13|C14.280.434
00000000|MMI|9.95|Craniocerebral Trauma|C0018674|[inpo]|["HEAD TRAUMA"-tx-6-"head trauma"-noun-1]|TX|939/11|C10.900.300;C26.915.300
00000000|MMI|9.94|Pathological aspects|C0205469|[ftcn]|["pathology"-tx-22-"pathology"-noun-0]|TX|2806/9|x.x.x
00000000|MMI|9.94|Pathology|C0030664|[bmod]|["Pathology"-tx-22-"pathology"-noun-0]|TX|2806/9|H02.403.650
00000000|MMI|9.86|Tracheal Extubation|C0553891|[topp]|["Extubate"-tx-26-"extubated"-verb-0]|TX|3154/9|E02.041.249;E05.008
00000000|MMI|9.86|Female|C0015780|[orga]|["FEMALE"-tx-3-"female"-noun-0]|TX|394/6|x.x.x
00000000|MMI|9.86|Females|C0086287|[popg]|["female"-tx-3-"female"-noun-0]|TX|394/6|x.x.x
00000000|MMI|9.78|Cessation of life|C0011065|[orgf]|["Dead"-tx-34-"dead"-adj-0]|TX|3671/4|C23.550.260
00000000|MMI|9.75|Gibraltar|C0017540|[geoa]|["GIB"-tx-16-"GIB"-noun-0]|TX|2102/3|Z01.542.335
00000000|MMI|9.73|Ulcer|C0041582|[dsyn]|["ulcerations"-tx-20-"ulcerations"-noun-0]|TX|2524/11|C23.550.891
00000000|MMI|7.56|Hospital course|C0489547|[fndg]|["Hospital course"-tx-13-"Hospital Course"-noun-0,"Hospital course"-tx-13-"hospital course"-noun-0]|TX|1459/15;1480/15|
00000000|MMI|7.56|Hospital course:Finding:Point in time:^Patient:Narrative|C0488549|[clna]|["Hospital course"-tx-13-"Hospital Course"-noun-0,"Hospital course"-tx-13-"hospital course"-noun-0]|TX|1459/15;1480/15|
00000000|MMI|7.53|Chief complaint (finding)|C0277786|[fndg]|["Chief Complaint"-tx-2-"CHIEF COMPLAINT"-noun-0,"Chief Complaint"-tx-2-"chief complaint"-noun-0]|TX|239/15;299/15|
00000000|MMI|7.49|Importance Weight|C1705104|[idcn]|["Weight"-tx-8-"weight"-noun-0,"Weight"-tx-5-"weight"-noun-0]|TX|1061/6;717/6|
00000000|MMI|7.49|Weighing patient|C1305866|[diap]|["weight"-tx-8-"weight"-noun-0,"weight"-tx-5-"weight"-noun-0]|TX|1061/6;717/6|
00000000|MMI|7.49|Weight|C0043100|[qnco]|["WEIGHT"-tx-8-"weight"-noun-0,"WEIGHT"-tx-5-"weight"-noun-0]|TX|1061/6;717/6|
00000000|MMI|7.40|Add - instruction imperative|C1883712|[ftcn]|["Addition"-tx-22-"addition"-adv-0,"Addition"-tx-14-"addition"-adv-0]|TX|2775/8;1770/8|
00000000|MMI|7.40|In addition to|C0332287|[ftcn]|["Addition"-tx-22-"addition"-adv-0,"Addition"-tx-14-"addition"-adv-0]|TX|2775/8;1770/8|
00000000|MMI|7.35|Kilogram|C0439209|[qnco]|["kg"-tx-8-"kg"-noun-0,"kg"-tx-5-"kg"-noun-0]|TX|1077/2;754/2|
00000000|MMI|7.35|Per Kilogram|C4054209|[qnco]|["/kg"-tx-8-"kg"-noun-0,"/kg"-tx-5-"kg"-noun-0]|TX|1077/2;754/2|
00000000|MMI|7.30|Presentation|C0449450|[idcn]|["Present"-tx-29-"present"-adj-0,"Present"-tx-26-"present"-noun-0]|TX|3356/7;3188/7|
00000000|MMI|7.23|Make - Instruction Imperative|C1881534|[ftcn]|["Make"-tx-25-"made"-verb-0,"Make"-tx-23-"made"-adj-0]|TX|3091/4;2978/4|
00000000|MMI|7.23|Possible diagnosis|C2362652|[qlco]|["Possible"-tx-16-"possible"-adj-0,"Possibly"-tx-12-"possibly"-adv-0]|TX|2006/8;1306/8|
00000000|MMI|7.23|10%|C3842590|[fndg]|["10%"-tx-19-"10"-fraction-0,"10%"-tx-4-"10"-fraction-0]|TX|2378/2;623/2|
00000000|MMI|7.20|Sedated state|C0235195|[fndg]|["Sedation"-tx-27-"sedation"-noun-0,"Sedated"-tx-25-"sedated"-verb-0]|TX|3271/8;3108/7|
00000000|MMI|7.17|Antibiotic throat preparations|C3540706|[antb]|["Antibiotics"-tx-24-"antibiotics"-noun-0,"Antibiotics"-tx-15-"antibiotics"-noun-0]|TX|3043/11;1831/11|
00000000|MMI|7.17|Antibiotics FOR TREATMENT OF HEMORRHOIDS AND ANAL FISSURES FOR TOPICAL USE|C3540707|[antb]|["Antibiotics"-tx-24-"antibiotics"-noun-0,"Antibiotics"-tx-15-"antibiotics"-noun-0]|TX|3043/11;1831/11|
00000000|MMI|7.17|Antibiotics for systemic use|C3540704|[antb]|["Antibiotics"-tx-24-"antibiotics"-noun-0,"Antibiotics"-tx-15-"antibiotics"-noun-0]|TX|3043/11;1831/11|
00000000|MMI|7.17|Antibiotics, Gynecological|C3540708|[antb]|["Antibiotics"-tx-24-"antibiotics"-noun-0,"Antibiotics"-tx-15-"antibiotics"-noun-0]|TX|3043/11;1831/11|
00000000|MMI|7.17|Antibiotics, ophthalmologic|C3540710|[antb]|["Antibiotics"-tx-24-"antibiotics"-noun-0,"Antibiotics"-tx-15-"antibiotics"-noun-0]|TX|3043/11;1831/11|
00000000|MMI|7.17|Antifungal Antibiotics, Topical|C3540705|[antb]|["Antibiotics"-tx-24-"antibiotics"-noun-0,"Antibiotics"-tx-15-"antibiotics"-noun-0]|TX|3043/11;1831/11|
00000000|MMI|7.17|antibiotics, intestinal|C3540709|[antb]|["Antibiotics"-tx-24-"antibiotics"-noun-0,"Antibiotics"-tx-15-"antibiotics"-noun-0]|TX|3043/11;1831/11|
00000000|MMI|7.14|Renal Failure Adverse Event|C1963154|[patf]|["Renal failure"-tx-18-"renal failure"-noun-0,"Renal failure"-tx-16-"renal failure"-noun-0]|TX|2322/13;2071/13|
00000000|MMI|7.12|Secondary to|C0175668|[tmco]|["Secondary to"-tx-12-"secondary to"-adj-0]|TX|[1333/12],[1387/12]|
00000000|MMI|7.11|+2|C0740116|[qnco]|["+2"-tx-13-"2"-fraction-0,"+2"-tx-1-"2"-fraction-0]|TX|1515/1;155/1|
00000000|MMI|7.11|2+|C3833492|[fndg]|["2+"-tx-13-"2"-fraction-0,"2+"-tx-1-"2"-fraction-0]|TX|1515/1;155/1|
00000000|MMI|7.11|2+ Score|C2827735|[qnco]|["2+"-tx-13-"2"-fraction-0,"2+"-tx-1-"2"-fraction-0]|TX|1515/1;155/1|
00000000|MMI|7.11|2+ Score, WHO|C2981700|[clas]|["2+"-tx-13-"2"-fraction-0,"2+"-tx-1-"2"-fraction-0]|TX|1515/1;155/1|
00000000|MMI|7.06|Body Fluid Discharge|C0012621|[bdsu]|["Discharge"-tx-6-"discharge"-noun-0,"Discharge"-tx-5-"discharge"-noun-0]|TX|796/9;727/9|
00000000|MMI|7.06|Discharge, body substance|C2926602|[bdsu]|["Discharge"-tx-6-"discharge"-noun-0,"Discharge"-tx-5-"discharge"-noun-0]|TX|796/9;727/9|
00000000|MMI|7.05|30%|C3842588|[fndg]|["30%"-tx-19-"30"-fraction-0,"30%"-tx-1-"30"-fraction-0]|TX|2381/2;109/2|
00000000|MMI|7.05|Comfort|C1331418|[menp]|["Comfort"-tx-27-"comfort"-noun-0,"Comfort"-tx-26-"comfort"-noun-0]|TX|3284/7;3168/7|
00000000|MMI|7.04|Large Mass|C1881358|[fndg]|["Large Mass"-tx-21-"large mass"-noun-0,"Large Mass"-tx-20-"large mass"-noun-0]|TX|2660/10;2487/5,2514/4|
00000000|MMI|7.02|Code|C0805701|[inpr]|["CODE"-tx-21-"code"-noun-0,"CODE"-tx-17-"code"-noun-0]|TX|2710/4;2112/4|
00000000|MMI|7.02|Increasing|C0442808|[ftcn]|["Increasing"-tx-18-"increasing"-adj-0,"Increasing"-tx-6-"increasing"-adj-0]|TX|2284/10;846/10|
00000000|MMI|7.02|eTMF Content Model Code|C3889831|[inpr]|["Code"-tx-21-"code"-noun-0,"Code"-tx-17-"code"-noun-0]|TX|2710/4;2112/4|
00000000|MMI|6.98|Signature|C1519316|[inpr]|["Signed"-tx-1-"Signed"-noun-0]|TX|[76/6],[132/6]|
00000000|MMI|6.98|signed - ParticipationSignature|C1561610|[inpr]|["signed"-tx-1-"Signed"-noun-0]|TX|[76/6],[132/6]|
00000000|MMI|6.97|DNR - Do not resuscitate|C0582114|[fndg]|["DNR"-tx-21-"DNR"-noun-0,"DNR"-tx-17-"DNR"-noun-0]|TX|2620/3;2128/3|
00000000|MMI|6.94|Colorectal|C0555952|[spco]|["Colorectal"-tx-22-"colorectal"-adj-0,"Colorectal"-tx-20-"colorectal"-adj-0]|TX|2790/10;2503/10|
00000000|MMI|6.94|Decreasing|C0442797|[qlco]|["Decreasing"-tx-13-"decreasing"-adj-0,"decreased"-tx-7-"decreased"-adj-0]|TX|1611/10;994/9|
00000000|MMI|6.72|Elective Surgical Procedures|C0206058|[topp]|["ELECTIVE"-tx-18-"elective"-adj-0]|TX|2240/8|E04.249
00000000|MMI|6.72|Head|C0018670|[blor]|["HEAD"-tx-6-"head"-noun-0]|TX|939/4|A01.456
00000000|MMI|6.72|Intubation|C0021925|[topp]|["INTUBATION"-tx-18-"intubation"-noun-0]|TX|2249/10|E02.585;E05.497
00000000|MMI|6.70|Woman|C0043210|[popg]|["female"-tx-3-"female"-noun-0]|TX|394/6|M01.975
00000000|MMI|6.58|Feces|C0015733|[bdsu]|["STOOL"-tx-13-"stool"-noun-0]|TX|1709/5|A12.459
00000000|MMI|5.18|3+ pitting edema|C1720001|[fndg]|["3+ pitting oedema"-tx-10-"3 pitting edema"-noun-0]|TX|1166/1,1169/13|
00000000|MMI|5.18|Atrial Fibrillation Adverse Event|C1963067|[fndg]|["Atrial fibrillation"-tx-13-"atrial fibrillation"-noun-0]|TX|1745/19|
00000000|MMI|5.18|Atrial Fibrillation by ECG Finding|C0344434|[lbtr]|["Atrial Fibrillation"-tx-13-"atrial fibrillation"-noun-0]|TX|1745/19|
00000000|MMI|5.18|Breath sounds:Finding:Point in time:^Patient:Ordinal|C3484186|[clna]|["Breath sounds"-tx-32-"breath sounds"-noun-0]|TX|3564/13|
00000000|MMI|5.18|Causing|C0678227|[ftcn]|["Causing"-tx-6-"causing"-verb-0]|TX|903/7|
00000000|MMI|5.18|Changed status|C0443172|[qnco]|["Changed"-tx-21-"changed"-verb-0]|TX|2726/7|
00000000|MMI|5.18|Changing|C0392747|[ftcn]|["Changed"-tx-21-"changed"-verb-0]|TX|2726/7|
00000000|MMI|5.18|Clinical Partial Response|C4050019|[fndg]|["cPR"-tx-33-"CPR"-noun-1]|TX|3623/3|
00000000|MMI|5.18|Complication|C0009566|[patf]|["Complications"-tx-19-"complications"-noun-1]|TX|2399/13|
00000000|MMI|5.18|Consent Type - Colonoscopy|C1548837|[hlca]|["Colonoscopy"-tx-20-"colonoscopy"-noun-0]|TX|2453/11|
00000000|MMI|5.18|Diabetes|C0011847|[dsyn]|["Diabetes"-tx-3-"diabetes"-noun-0]|TX|438/8|
00000000|MMI|5.18|Dilated|C0700124|[fndg]|["Dilated"-tx-32-"dilated"-verb-0]|TX|3533/7|
00000000|MMI|5.18|Heart sounds:Find:Pt:Heart:Nom|C4050434|[clna]|["Heart sounds"-tx-32-"heart sounds"-noun-0]|TX|3548/12|
00000000|MMI|5.18|History of present illness|C0262512|[orga]|["HISTORY OF PRESENT ILLNESS"-tx-3-"HISTORY OF PRESENT ILLNESS"-noun-0]|TX|343/26|
00000000|MMI|5.18|History of present illness:Finding:Point in time:^Patient:Nominal:Reported|C0488508|[clna]|["History of present illness"-tx-3-"HISTORY OF PRESENT ILLNESS"-noun-0]|TX|343/26|
00000000|MMI|5.18|NADPH--Cytochrome P450 Reductase, Human|C4048713|[aapp,enzy]|["CPR"-tx-33-"CPR"-noun-0]|TX|3623/3|
00000000|MMI|5.18|NCK-Interacting Protein with SH3 Domain|C3273412|[aapp]|["WISH"-tx-21-"wishes"-verb-0]|TX|2607/6|
00000000|MMI|5.18|NCKIPSD gene|C1423524|[gngm]|["WISH"-tx-21-"wishes"-verb-0]|TX|2607/6|
00000000|MMI|5.18|NCKIPSD wt Allele|C3273411|[gngm]|["WISH"-tx-21-"wishes"-verb-0]|TX|2607/6|
00000000|MMI|5.18|Peripheral pulse|C0232139|[ortf]|["peripheral pulses"-tx-31-"peripheral pulses"-noun-0]|TX|3489/17|
00000000|MMI|5.18|Probable diagnosis|C0332148|[qlco]|["Likely"-tx-20-"likely"-adv-0]|TX|2544/6|
00000000|MMI|5.18|Probably|C0750492|[idcn]|["Likely"-tx-20-"likely"-adv-0]|TX|2544/6|
00000000|MMI|5.18|Quantity Final Containers Returned|C3714905|[qnco]|["Returned"-tx-22-"returned"-verb-0]|TX|2816/8|
00000000|MMI|5.18|Recent|C0332185|[tmco]|["Recently"-tx-4-"recently"-adv-0]|TX|582/8|
00000000|MMI|5.18|Requirement|C1514873|[ftcn]|["Required"-tx-16-"required"-verb-0]|TX|1893/8|
00000000|MMI|5.18|Return to (contextual qualifier) (qualifier value)|C0332156|[qlco]|["Returned"-tx-22-"returned"-verb-0]|TX|2816/8|
00000000|MMI|5.18|Spontaneous respiration|C0412771|[fndg]|["Spontaneous breathing"-tx-31-"spontaneous breathing"-noun-1]|TX|3438/21|
00000000|MMI|5.18|Then|C1883708|[tmco]|["Then"-tx-26-"then"-adv-0]|TX|3149/4|
00000000|MMI|5.18|Time of death|C1301931|[tmco]|["Time of Death"-tx-1-"TIME OF DEATH"-noun-0]|TX|203/13|
00000000|MMI|5.18|Time of death:Time Stamp -- Date and Time:Point in time:^Patient:Quantitative|C2706679|[clna]|["Time of death"-tx-1-"TIME OF DEATH"-noun-0]|TX|203/13|
00000000|MMI|3.98|Reverse|C1555029|[ftcn]|["Reverse"-tx-18-"reversed"-verb-0]|TX|2195/8|
00000000|MMI|3.98|Show|C1547282|[anim]|["Show"-tx-22-"showing"-verb-0]|TX|2825/7|
00000000|MMI|3.98|suggestion|C1705535|[idcn]|["Suggest"-tx-12-"suggested"-verb-0]|TX|1279/9|
00000000|MMI|3.78|Patient status|C0449437|[fndg]|["Patient status"-tx-21-"patient's status"-noun-0]|TX|2700/9,2715/6|
00000000|MMI|3.75|Discharge date|C2361123|[tmco]|["Discharge date"-tx-1-"Discharge Date"-noun-0]|TX|139/14|
00000000|MMI|3.75|Discharge date:Time Stamp -- Date and Time:Point in time:^Patient:Quantitative|C2361122|[clna]|["Discharge date"-tx-1-"Discharge Date"-noun-0]|TX|139/14|
00000000|MMI|3.74|1-2|C3843716|[fndg]|["1-2"-tx-1-"1 2"-noun-0]|TX|218/1,229/1|
00000000|MMI|3.74|1/2|C0580272|[inpr]|["1/2"-tx-1-"1 2"-noun-0]|TX|218/1,229/1|
00000000|MMI|3.74|Phase I/II Trial|C1519043|[resa]|["1-2"-tx-1-"1 2"-noun-0]|TX|218/1,229/1|
00000000|MMI|3.68|Document type|C1547673|[inpr]|["Document"-tx-36-"document"-noun-0]|TX|3739/8|
00000000|MMI|3.68|Documents|C1301746|[inpr]|["document"-tx-36-"document"-noun-0]|TX|3739/8|
00000000|MMI|3.68|Indication of (contextual qualifier)|C0392360|[idcn]|["Reason"-tx-23-"reason"-noun-0]|TX|2948/6|
00000000|MMI|3.68|Somnolence|C2830004|[fndg]|["SOMNOLENCE"-tx-6-"somnolence"-noun-0]|TX|857/10|
00000000|MMI|3.65|Admission date:Time Stamp -- Date and Time:Point in time:^Patient:Quantitative|C2598112|[clna]|["Admission date"-tx-1-"Admission Date"-noun-0]|TX|91/14|
00000000|MMI|3.65|Date of admission|C1302393|[tmco]|["Admission date"-tx-1-"Admission Date"-noun-0]|TX|91/14|
00000000|MMI|3.65|Report status|C0586177|[fndg]|["Report status"-tx-1-"Report Status"-noun-0]|TX|117/13|
00000000|MMI|3.64|work up|C0750430|[diap]|["Work-up"-tx-16-"work-up"-noun-0]|TX|2091/7|
00000000|MMI|3.63|4+ Answer to question|C3838679|[fndg]|["4+"-tx-34-"4"-fraction-0]|TX|3692/1|
00000000|MMI|3.63|Date in time|C0011008|[tmco]|["DATE"-tx-1-"DATE"-noun-0]|TX|194/4|
00000000|MMI|3.63|Pathology processes|C0677042|[patf]|["pathology"-tx-22-"pathology"-noun-0]|TX|2806/9|
00000000|MMI|3.62|DNR status|C2911025|[fndg]|["DNR status"-tx-18-"status DNR"-noun-0]|TX|2208/6,2218/3|
00000000|MMI|3.62|Falling injury|C1301836|[inpo]|["fall trauma"-tx-6-"fall trauma"-noun-0]|TX|926/4,944/6|
00000000|MMI|3.62|White blood cell count laboratory result|C0427512|[lbtr]|["White Cell count"-tx-11-"white cell count"-noun-0]|TX|1213/16|
00000000|MMI|3.61|Intake|C1512806|[ftcn]|["Intake"-tx-7-"intake"-noun-0]|TX|1009/6|
00000000|MMI|3.61|Cardiac function|C0232164|[ortf]|["Cardiac function"-tx-13-"cardiac function"-noun-0]|TX|1552/16|
00000000|MMI|3.61|Urine volume finding|C1287298|[fndg]|["Urine output"-tx-13-"urine output"-noun-0]|TX|1622/12|
00000000|MMI|3.61|Urine volume function|C0232856|[clna]|["urine output"-tx-13-"urine output"-noun-0]|TX|1622/12|
00000000|MMI|3.61|most likely|C0750501|[idcn]|["most likely"-tx-22-"most likely"-adv-0]|TX|2903/11|
00000000|MMI|3.59|Pyrexia of unknown origin (excl puerperal)|C0856281|[sosy]|["puo"-tx-1-"PUO"-noun-0]|TX|12/3|
00000000|MMI|3.59|Agonal respiration|C2315245|[fndg]|["Agonal Breathing"-tx-27-"agonal breathing"-noun-0]|TX|3206/16|
00000000|MMI|3.59|Concern|C2699424|[idcn]|["Concern"-tx-14-"concern"-verb-0]|TX|1791/7|
00000000|MMI|3.59|Elevated|C3163633|[qlco]|["Elevated"-tx-10-"elevated"-verb-0]|TX|1147/8|
00000000|MMI|3.59|High|C0205250|[qlco]|["Elevated"-tx-10-"elevated"-verb-0]|TX|1147/8|
00000000|MMI|3.59|Sepsis (Invertebrate)|C1090821|[euka]|["Sepsis"-tx-14-"sepsis"-noun-0]|TX|1803/6|
00000000|MMI|3.58|New finding since previous mammogram|C1268649|[fndg]|["New finding"-tx-21-"new finding"-noun-0]|TX|2642/11|
00000000|MMI|3.57|9-10|C3843713|[fndg]|["9-10"-tx-4-"10 9"-fraction-0]|TX|636/2,653/1|
00000000|MMI|3.57|Autumn|C0238715|[tmco]|["Fall"-tx-6-"fall"-verb-0]|TX|926/4|
00000000|MMI|3.57|Brain natriuretic peptide measurement|C1095989|[lbpr]|["BNP"-tx-11-"BNP"-noun-0]|TX|1195/3|
00000000|MMI|3.57|Comfort measures|C0150521|[hlca]|["Comfort measures"-tx-21-"comfort measures"-noun-0]|TX|2737/16|
00000000|MMI|3.57|Entire head|C1281590|[bpoc]|["Head"-tx-6-"head"-noun-0]|TX|939/4|
00000000|MMI|3.57|Evaluation and management note:Finding:Point in time:{Setting}:Document:{Provider}|C1316572|[clna]|["Note"-tx-12-"note"-noun-0]|TX|1423/4|
00000000|MMI|3.57|Head - Component of Device|C1706305|[mnob]|["Head"-tx-6-"head"-noun-0]|TX|939/4|
00000000|MMI|3.57|Medical therapy|C0418981|[topp]|["Medical therapy"-tx-16-"medical therapy"-noun-0]|TX|1962/15|
00000000|MMI|3.57|NPPB gene|C1417808|[gngm]|["BNP"-tx-11-"BNP"-noun-0]|TX|1195/3|
00000000|MMI|3.57|NPPB wt Allele|C2982014|[gngm]|["BNP"-tx-11-"BNP"-noun-0]|TX|1195/3|
00000000|MMI|3.57|Note (document)|C1317574|[inpr]|["Note"-tx-12-"note"-noun-0]|TX|1423/4|
00000000|MMI|3.57|Pressors|C0237795|[phsu]|["Pressors"-tx-24-"pressors"-noun-0]|TX|3030/8|
00000000|MMI|3.57|Removed|C0849355|[qlco]|["Removed"-tx-24-"removed"-verb-0]|TX|3015/7|
00000000|MMI|3.57|Sedation procedure|C0344106|[topp]|["Sedation"-tx-27-"sedation"-noun-0]|TX|3271/8|
00000000|MMI|3.57|allowing|C0683607|[socb]|["allowed"-tx-18-"allowed"-verb-0]|TX|2228/7|
00000000|MMI|3.57|elective|C0439608|[tmco]|["Elective"-tx-18-"elective"-adj-0]|TX|2240/8|
00000000|MMI|3.56|Fluid overload|C0546817|[dsyn]|["VOLUME OVERLOAD"-tx-16-"volume overload"-noun-0]|TX|2037/15|
00000000|MMI|3.56|Complicated|C0231242|[ftcn]|["Complicated"-tx-13-"complicated"-verb-0]|TX|1527/11|
00000000|MMI|3.56|Course|C0750729|[tmco]|["Course"-tx-13-"course"-noun-0]|TX|1489/6|
00000000|MMI|3.56|Diagnosis|C0011900|[fndg]|["DIAGNOSIS"-tx-22-"diagnosis"-noun-0]|TX|2922/9|E01
00000000|MMI|3.56|Diagnosis Study|C1704656|[resa]|["DIAGNOSIS"-tx-22-"diagnosis"-noun-0]|TX|2922/9|
00000000|MMI|3.56|Improvement|C2986411|[cnce]|["Improvement"-tx-13-"improvement"-noun-0]|TX|1582/11|
00000000|MMI|3.56|Neoplasms|C0027651|[neop]|["Tumour NOS"-tx-22-"tumor"-noun-0]|TX|2855/5|C04
00000000|MMI|3.56|Patient in hospital|C0701159|[fndg]|["HOSPITALIZED"-tx-4-"hospitalized"-verb-0]|TX|591/12|
00000000|MMI|3.56|Patient need for (contextual qualifier)|C0686904|[ftcn]|["need"-tx-16-"need"-noun-0]|TX|2015/4|
00000000|MMI|3.56|Specimen Source Codes - tumor|C1578706|[inpr]|["Tumor"-tx-22-"tumor"-noun-0]|TX|2855/5|
00000000|MMI|3.56|Tumor Mass|C3273930|[fndg]|["Tumor"-tx-22-"tumor"-noun-0]|TX|2855/5|
00000000|MMI|3.56|day|C0439228|[tmco]|["DAYS"-tx-6-"days"-noun-0]|TX|816/4|
00000000|MMI|3.55|dictated - DocumentCompletion|C1609990|[idcn]|["Dictated"-tx-36-"Dictated"-noun-0]|TX|3770/8|
00000000|MMI|3.55|dictated - ParticipationMode|C1548384|[ftcn]|["dictated"-tx-36-"Dictated"-noun-0]|TX|3770/8|
00000000|MMI|3.55|Female Phenotype|C1705498|[qlco]|["Female"-tx-3-"female"-noun-0]|TX|394/6|
00000000|MMI|3.55|Female, Self-Report|C1705497|[qlco]|["Female"-tx-3-"female"-noun-0]|TX|394/6|
00000000|MMI|3.55|Hypotensive|C0857353|[patf]|["Hypotensive"-tx-9-"hypotensive"-adj-0]|TX|1090/11|
00000000|MMI|3.55|Transfer Technique|C1705822|[ftcn]|["Transfer"-tx-16-"transfer"-noun-0]|TX|1904/8|
00000000|MMI|3.54|Further|C1517331|[spco]|["Further"-tx-16-"further"-adj-0]|TX|1954/7|
00000000|MMI|3.53|Contribution|C1880177|[acty]|["Contribute"-tx-20-"contributed"-verb-0]|TX|2551/11|
00000000|MMI|3.50|Aggressive course|C0580822|[tmco]|["Aggressive"-tx-4-"aggressive"-adj-0]|TX|691/10|
00000000|MMI|3.50|Table Frame - above|C1552828|[idcn]|["above"-tx-23-"above"-adj-0]|TX|2942/5|
00000000|MMI|3.50|Upper|C1282910|[spco]|["Above"-tx-23-"above"-adj-0]|TX|2942/5|
00000000|MMI|3.48|Mass of body region|C0577573|[sosy]|["Mass"-tx-22-"mass"-noun-0]|TX|2801/4|
00000000|MMI|3.48|Mass of body structure|C0577559|[fndg]|["MASS"-tx-22-"mass"-noun-0]|TX|2801/4|
00000000|MMI|3.48|Mass, a measure of quantity of matter|C1306372|[qnco]|["*Mass"-tx-22-"mass"-noun-0]|TX|2801/4|
00000000|MMI|3.48|Milliampere second|C3539882|[qnco]|["mAs"-tx-22-"mass"-noun-0]|TX|2801/4|
00000000|MMI|3.48|Molecular Mass|C3152252|[qnco]|["Mass"-tx-22-"mass"-noun-0]|TX|2801/4|
00000000|MMI|3.48|Poor - grade value|C0542537|[qlco]|["Poor"-tx-16-"poor"-adj-0]|TX|1982/4|
00000000|MMI|3.48|Poor - qualifier|C2700379|[qlco]|["Poor"-tx-16-"poor"-adj-0]|TX|1982/4|
00000000|MMI|3.47|Breath|C0225386|[bdsu]|["Breath"-tx-28-"breath"-noun-0]|TX|3320/6|
00000000|MMI|3.47|Decreased|C0205216|[qnco]|["Decreased"-tx-7-"decreased"-adj-0]|TX|994/9|
00000000|MMI|3.47|Last|C1517741|[qlco]|["Last"-tx-28-"last"-adj-0]|TX|3315/4|
00000000|MMI|3.47|Reduced|C0392756|[qlco]|["Decreased"-tx-7-"decreased"-adj-0]|TX|994/9|
00000000|MMI|3.46|Before|C0332152|[tmco]|["Prior to"-tx-6-"prior to"-prep-0]|TX|821/8|
00000000|MMI|3.46|Poorly differentiated|C0205617|[qlco]|["Poorly differentiated"-tx-22-"poorly differentiated"-adj-0]|TX|2833/21|
00000000|MMI|3.46|cardiac event|C0741923|[dsyn]|["cardiac event"-tx-12-"cardiac event"-noun-0]|TX|1402/13|
00000000|MMI|3.46|Diagnostic interview schedule|C0451119|[inpr]|["DIS"-tx-1-"DIS"-noun-0]|TX|85/3|
00000000|MMI|3.46|Discontinued|C1444662|[fndg]|["DIS"-tx-1-"DIS"-noun-0]|TX|85/3|
00000000|MMI|3.46|Hypoperfusion|C0442856|[patf]|["Hypoperfusion"-tx-12-"hypoperfusion"-noun-0]|TX|1319/13|
00000000|MMI|3.46|Identifier|C0600091|[inpr]|["ID"-tx-36-"ID"-noun-0]|TX|3836/2|
00000000|MMI|3.46|Immune diffusion|C1441613|[lbpr]|["ID"-tx-36-"ID"-noun-0]|TX|3836/2|
00000000|MMI|3.46|Good|C0205170|[qlco]|["Well"-tx-6-"well"-adv-0]|TX|767/4|
00000000|MMI|3.46|Home environment|C0442519|[cnce]|["HOME"-tx-6-"home"-adj-0]|TX|785/4|
00000000|MMI|3.46|Initially|C0205265|[tmco]|["Initially"-tx-6-"initially"-adv-0]|TX|772/9|
00000000|MMI|3.46|Well|C3146287|[mnob]|["Well"-tx-6-"well"-adv-0]|TX|767/4|
00000000|MMI|3.44|9-18|C3843366|[fndg]|["9-18"-tx-11-"18.9"-real_number-0]|TX|1233/4|
00000000|MMI|3.44|Episode of|C0332189|[tmco]|["Episode of"-tx-27-"episodes of"-noun-0]|TX|3228/11|
00000000|MMI|3.44|Additional|C1524062|[ftcn]|["Additional"-tx-27-"additional"-adj-0]|TX|3260/10|
00000000|MMI|3.43|Mild (qualifier value)|C2945599|[qlco]|["Minimal"-tx-13-"minimal"-adj-0]|TX|1574/7|
00000000|MMI|3.43|Minimal|C0547040|[qlco]|["Minimal"-tx-13-"minimal"-adj-0]|TX|1574/7|
00000000|MMI|3.43|Minimum|C1524031|[qlco]|["MINIMAL"-tx-13-"minimal"-adj-0]|TX|1574/7|
00000000|MMI|3.43|Possible|C0332149|[qlco]|["Possible"-tx-16-"possible"-adj-0]|TX|2006/8|
00000000|MMI|3.43|Possibly Related to Intervention|C1705910|[qlco]|["Possible"-tx-16-"possible"-adj-0]|TX|2006/8|
00000000|MMI|3.43|Two|C0205448|[qnco]|["Two"-tx-6-"two"-adj-0]|TX|812/3|
00000000|MMI|3.43|Apnea Adverse Event|C1963065|[fndg]|["Apnea"-tx-27-"apnea"-noun-0]|TX|3240/5|
00000000|MMI|3.43|ETS Variant Gene 6 Protein|C0254343|[aapp,bacs]|["TEL"-tx-36-"Tel"-noun-0]|TX|3766/3|
00000000|MMI|3.43|ETV6 gene|C0796520|[gngm]|["TEL"-tx-36-"Tel"-noun-0]|TX|3766/3|
00000000|MMI|3.43|Telecommunication Address Data Type|C3272379|[inpr]|["TEL"-tx-36-"Tel"-noun-0]|TX|3766/3|
00000000|MMI|3.42|100%|C3817553|[qnco]|["100%"-tx-9-"100"-fraction-0]|TX|1126/3|
00000000|MMI|3.42|50%|C3842586|[fndg]|["50%"-tx-9-"50"-fraction-0]|TX|1130/2|
00000000|MMI|3.42|70%|C3842584|[fndg]|["70%"-tx-3-"70"-integer-0]|TX|382/2|
00000000|MMI|3.42|<50|C3843766|[fndg]|["<50"-tx-9-"50"-fraction-0]|TX|1130/2|
00000000|MMI|3.42|Old|C0580836|[tmco]|["Old"-tx-3-"old"-noun-0]|TX|390/3|
00000000|MMI|3.42|Stool seat|C0183622|[medd]|["Stool"-tx-13-"stool"-noun-0]|TX|1709/5|
00000000|MMI|3.42|melanotic|C0333618|[ftcn]|["Melanotic"-tx-13-"melanotic"-adj-0]|TX|1699/9|
00000000|MMI|3.42|per year|C0439508|[tmco]|["/Year"-tx-3-"year"-noun-0]|TX|385/4|
00000000|MMI|3.42|year|C0439234|[tmco]|["YEAR"-tx-3-"year"-noun-0]|TX|385/4|
00000000|MMI|3.42|Ascend (action)|C1962987|[ftcn]|["Ascending"-tx-20-"ascending"-noun-0]|TX|2493/9|
00000000|MMI|3.42|Ascending|C0205385|[qlco]|["Ascending"-tx-20-"ascending"-noun-0]|TX|2493/9|
00000000|MMI|3.42|Morning|C0332170|[tmco]|["Morning"-tx-24-"morning"-noun-0]|TX|3062/7|
00000000|MMI|3.42|Only - dosing instruction fragment|C1720467|[inpr]|["Only"-tx-21-"only"-adv-0]|TX|2754/4|
00000000|MMI|3.42|Sequencing - Ascending|C1547175|[ftcn]|["Ascending"-tx-20-"ascending"-noun-0]|TX|2493/9|
