00000000|MMI|122.41|day|C0439228|[tmco]|["DAY"-tx-44-"day"-noun-0,"DAYS"-tx-44-"days"-noun-0,"DAY"-tx-42-"day"-noun-0,"DAY"-tx-40-"day"-noun-0,"DAY"-tx-13-"day"-noun-0]|TX|[4051/3],[4111/3],[4169/3],[4261/3],[4373/3],[4423/3],[4462/3],[4493/3];[4065/4],[4125/4];3626/3;3538/3;[1301/3],[1328/3],[1356/3],[1383/3],[1407/3]|
00000000|MMI|99.63|Mongolia|C0026410|[geoa]|["MG"-tx-44-"mg"-noun-0,"MG"-tx-43-"mg"-noun-0,"MG"-tx-13-"mg"-noun-0]|TX|[3903/2],[4413/2],[4452/2],[4483/2];3878/2;[1291/2],[1318/2],[1346/2],[1373/2]|Z01.252.474.651
00000000|MMI|94.45|Togo|C0040363|[geoa]|["TO"-tx-45-"to"-adv-0,"TO"-tx-44-"to"-adv-0,"TO"-tx-43-"to"-adv-0,"TO"-tx-38-"to"-noun-0,"TO"-tx-36-"to"-adv-0,"TO"-tx-31-"to"-adv-0]|TX|4505/2;3937/2;[3718/2],[3800/2];3328/2;3178/2;2659/2|Z01.058.290.190.800
00000000|MMI|94.45|Tryptophanase|C0041260|[aapp,enzy]|["TO"-tx-45-"to"-adv-0,"TO"-tx-44-"to"-adv-0,"TO"-tx-43-"to"-adv-0,"TO"-tx-38-"to"-noun-0,"TO"-tx-36-"to"-adv-0,"TO"-tx-31-"to"-adv-0]|TX|4505/2;3937/2;[3718/2],[3800/2];3328/2;3178/2;2659/2|D08.811.520.224.800
00000000|MMI|66.95|Daily|C0332173|[tmco]|["/day"-tx-44-"day"-noun-0,"/day"-tx-42-"day"-noun-0,"/day"-tx-40-"day"-noun-0,"/day"-tx-13-"day"-noun-0]|TX|[4051/3],[4111/3],[4169/3],[4261/3],[4373/3],[4423/3],[4462/3],[4493/3];3626/3;3538/3;[1301/3],[1328/3],[1356/3],[1383/3],[1407/3]|
00000000|MMI|66.95|per day|C0439505|[tmco]|["/day"-tx-44-"day"-noun-0,"/day"-tx-42-"day"-noun-0,"/day"-tx-40-"day"-noun-0,"/day"-tx-13-"day"-noun-0]|TX|[4051/3],[4111/3],[4169/3],[4261/3],[4373/3],[4423/3],[4462/3],[4493/3];3626/3;3538/3;[1301/3],[1328/3],[1356/3],[1383/3],[1407/3]|
00000000|MMI|50.30|Postoperative Period|C0032790|[tmco]|["Postop"-tx-44-"postop"-adj-0,"Postop"-tx-42-"postop"-adj-0,"Postop"-tx-40-"postop"-adj-0,"Postoperative"-tx-35-"Postoperative"-adj-0]|TX|3968/6;3619/6;3531/6;3027/13|E04.614.750;N02.421.585.753.750
00000000|MMI|37.25|Iodides|C0021966|[inch]|["I-"-tx-44-"i"-adv-0,"I-"-tx-43-"i"-adv-0,"I-"-tx-2-"I"-noun-0]|TX|3908/1;3883/1;249/1|D01.248.497.158.490;D01.475.410
00000000|MMI|34.63|Humalog|C0528249|[aapp,phsu]|["Humalog"-tx-39-"Humalog"-noun-0,"Humalog"-tx-13-"Humalog"-noun-0]|TX|3469/7;1467/7|D06.472.699.587.200.400.500;D12.644.548.586.200.400.500
00000000|MMI|30.84|Tablet Dosage Form|C0039225|[bodm]|["TABLET"-tx-44-"tablet"-noun-0,"Tablets"-tx-44-"tablets"-noun-0]|TX|[4037/6],[4097/6],[4288/6];4023/7|D26.255.830
00000000|MMI|30.40|Consultation|C0009818|[hlca]|["consulted"-tx-36-"consulted"-verb-0,"Consultation"-tx-30-"consultation"-noun-0,"Consultation"-tx-10-"consultation"-noun-0]|TX|3168/9;2451/12;1010/12|N04.452.758.849
00000000|MMI|29.74|Rhinocort|C0678163|[orch,phsu]|["Rhinocort"-tx-44-"Rhinocort"-noun-0,"Rhinocort"-tx-13-"Rhinocort"-noun-0]|TX|4175/9;1413/9|D04.808.745.745.654.105
00000000|MMI|29.64|Patient Discharge|C0030685|[hlca]|["Discharged"-tx-45-"discharged"-verb-0,"Discharged"-tx-43-"discharged"-verb-0]|TX|4511/10;3806/10|E02.204.125;E02.760.400.610;N02.421.192.125;N02.421.585.400.610;N04.590.233.727.210.125
00000000|MMI|29.62|Pulmicort|C0678162|[orch,phsu]|["Pulmicort"-tx-44-"Pulmicort"-noun-0,"Pulmicort"-tx-13-"Pulmicort"-noun-0]|TX|4225/9;1389/9|D04.808.745.745.654.105
00000000|MMI|27.51|Magnesium Cation|C2346927|[elii,phsu]|["Mg++"-tx-44-"mg"-noun-0,"Mg++"-tx-43-"mg"-noun-0,"Mg++"-tx-13-"mg"-noun-0]|TX|[3903/2],[4413/2],[4452/2],[4483/2];3878/2;[1291/2],[1318/2],[1346/2],[1373/2]|
00000000|MMI|27.51|Milligram percent|C1960952|[qnco]|["mg %"-tx-44-"mg"-noun-0,"mg %"-tx-43-"mg"-noun-0,"mg %"-tx-13-"mg"-noun-0]|TX|[3903/2],[4413/2],[4452/2],[4483/2];3878/2;[1291/2],[1318/2],[1346/2],[1373/2]|
00000000|MMI|27.51|mg/dL|C0439269|[qnco]|["mg%"-tx-44-"mg"-noun-0,"mg%"-tx-43-"mg"-noun-0,"mg%"-tx-13-"mg"-noun-0]|TX|[3903/2],[4413/2],[4452/2],[4483/2];3878/2;[1291/2],[1318/2],[1346/2],[1373/2]|
00000000|MMI|25.04|Asthma|C0004096|[dsyn]|["-- Asthma"-tx-37-"asthma"-noun-0,"-- Asthma"-tx-5-"asthma"-noun-0]|TX|3298/6;596/6|C08.127.108;C08.381.495.108;C08.674.095;C20.543.480.680.095
00000000|MMI|24.90|Hypokinesia|C0086439|[sosy]|["Hypokinesis"-tx-29-"hypokinesis"-noun-0]|TX|[2363/11],[2422/11]|C10.597.350.400;C23.888.592.350.400
00000000|MMI|24.84|Exercise stress test|C0015260|[diap]|["stress test"-tx-4-"stress test"-noun-0,"Exercise tolerance test NOS"-tx-1-"EXERCISE TOLERANCE TEST"-noun-0]|TX|422/11;73/23|E01.370.370.380.250;E01.370.386.700.250;E05.333.250
00000000|MMI|24.66|Lipitor|C0593906|[orch,phsu]|["Lipitor"-tx-44-"Lipitor"-noun-0,"Lipitor"-tx-13-"Lipitor"-noun-0]|TX|4402/7;1362/7|D03.383.129.578.075;D10.251.450.200
00000000|MMI|22.92|To|C1883351|[qlco]|["To"-tx-45-"to"-adv-0,"To"-tx-44-"to"-adv-0,"To"-tx-43-"to"-adv-0,"To"-tx-38-"to"-noun-0,"To"-tx-36-"to"-adv-0,"To"-tx-31-"to"-adv-0]|TX|4505/2;3937/2;[3718/2],[3800/2];3328/2;3178/2;2659/2|
00000000|MMI|20.83|Doxycycline|C0013090|[antb,orch]|["DOXYCYCLINE"-tx-13-"doxycycline"-noun-0]|TX|1489/11|D02.455.426.559.847.562.900.200;D04.615.562.900.200
00000000|MMI|20.12|Structure of radial artery|C0162857|[bpoc]|["Artery, Radial"-tx-44-"radial artery"-noun-0,"Artery, Radial"-tx-43-"radial artery"-noun-0]|TX|3921/13;3663/13|A07.231.114.740
00000000|MMI|17.33|Insulin, Lente|C0021659|[aapp,horm,phsu]|["Insulin, Lente"-tx-13-"Lente Insulin"-noun-0]|TX|1451/13|D06.472.699.587.200.300.300;D12.644.548.586.200.300.300
00000000|MMI|17.33|White Blood Cell Count procedure|C0023508|[lbpr]|["Blood Cell Count, White"-tx-25-"white blood cell count"-noun-0]|TX|2001/22|E01.370.225.500.195.107.595;E01.370.225.625.107.595;E05.200.500.195.107.595;E05.200.625.107.595;E05.242.195.107.595;G04.170.107.595;G09.188.105.595
00000000|MMI|17.18|Insulin|C0021641|[aapp,horm,phsu]|["INSULIN"-tx-5-"insulin"-adj-0]|TX|534/7|D06.472.699.587.200.500.625;D12.644.548.586.200.500.625
00000000|MMI|17.17|Surgical aspects|C0038895|[ftcn]|["surgery"-tx-37-"surgery"-noun-0]|TX|3250/7|x.x.x.x.x.x.x
00000000|MMI|17.17|Tomography, Emission-Computed, Single-Photon|C0040399|[diap]|["SPECT"-tx-29-"SPECT"-noun-0]|TX|2260/5|E01.370.350.350.800.800;E01.370.350.600.350.800.800;E01.370.350.710.800.800;E01.370.350.825.800.800;E01.370.384.730.800.800
00000000|MMI|16.01|Coronary angiography|C0085532|[diap]|["CORONARY ANGIOGRAPHY"-tx-6-"coronary angiography"-noun-0]|TX|651/20|E01.370.350.130.625;E01.370.350.700.060.200;E01.370.370.050.200;E01.370.370.380.200
00000000|MMI|15.06|Disease Management|C0376636|[hlca]|["management"-tx-36-"management"-noun-0]|TX|[3145/10],[3202/10]|N04.590.607
00000000|MMI|14.77|Temperature|C0039476|[qnco]|["*Temperature"-tx-40-"temperature"-noun-0]|TX|3501/11|G01.906.595;G16.500.275.063.725.710;G16.500.750.775.710;N06.230.150.450;N06.230.300.100.725.710
00000000|MMI|14.69|Lopressor|C0700776|[orch,phsu]|["Lopressor"-tx-43-"Lopressor"-noun-0]|TX|3865/9|D02.033.100.624.698.573;D02.033.755.624.698.573;D02.092.063.624.698.573
00000000|MMI|13.91|Good|C0205170|[qlco]|["Good"-tx-43-"good"-adj-0,"Well"-tx-42-"well"-adv-0,"Well"-tx-38-"well"-adv-0,"Good"-tx-31-"good"-adj-0]|TX|3820/4;3603/4;3334/4;[2626/4],[2667/4]|
00000000|MMI|13.60|Blood Glucose|C0005802|[orch]|["blood sugars"-tx-39-"Blood sugars"-noun-0]|TX|3414/12|D09.546.359.448.500
00000000|MMI|13.60|Electrocardiogram|C0013798|[fndg]|["EKG"-tx-28-"EKG"-noun-0]|TX|2172/3|E01.370.370.380.240;E01.370.405.240
00000000|MMI|13.60|Electrocardiography|C1623258|[diap]|["EKG"-tx-28-"EKG"-noun-0]|TX|2172/3|E01.370.370.380.240;E01.370.405.240
00000000|MMI|13.60|Vitamin E|C0042874|[orch,phsu,vita]|["VITAMIN E"-tx-14-"vitamin E"-noun-0]|TX|1526/9|D03.383.663.283.909;D03.438.150.909
00000000|MMI|12.51|Stress Test|C3494508|[diap]|["Stress Test"-tx-4-"stress test"-noun-0]|TX|422/11|E01.370.370.380.250;E01.370.386.700.250;E05.333.250
00000000|MMI|12.48|Coronary Artery Bypass Surgery|C0010055|[topp]|["Coronary Artery Bypass Grafting"-tx-10-"coronary artery bypass grafting"-noun-0]|TX|962/31|E04.100.376.719.332;E04.100.814.868.750;E04.928.220.520.220
00000000|MMI|12.45|Pulse Rate|C0232117|[clna]|["PULSE"-tx-31-"pulse"-noun-0]|TX|2631/5|E01.370.600.875.500;G09.330.380.500
00000000|MMI|12.45|Treatment Protocols|C0040808|[topp]|["Regimen"-tx-39-"regimen"-noun-0]|TX|3477/7|E02.183;N05.715.360.775.225
00000000|MMI|12.39|Coronary Arteriosclerosis|C0010054|[dsyn]|["coronary artery disease"-tx-2-"coronary artery disease"-noun-0]|TX|281/23|C14.280.647.250.260;C14.907.137.126.339;C14.907.585.250.260
00000000|MMI|12.39|Coronary Artery Disease|C1956346|[dsyn]|["CORONARY ARTERY DISEASE"-tx-2-"coronary artery disease"-noun-0]|TX|281/23|C14.280.647.250.260;C14.907.137.126.339;C14.907.585.250.260
00000000|MMI|12.37|Visiting Nurses|C0042799|[prog]|["Visiting Nurse"-tx-43-"visiting nurse"-noun-0]|TX|3749/14|M01.526.485.650.655;N02.360.650.655
00000000|MMI|12.37|Cardiac Catheterization Procedures|C0018795|[hlca]|["Cardiac catheterisation"-tx-3-"cardiac catheterization"-noun-0]|TX|362/23|E01.370.370.380.140;E02.148.442;E05.157.250
00000000|MMI|12.37|Hematocrit procedure|C0018935|[lbpr]|["Hematocrit"-tx-25-"hematocrit"-noun-0]|TX|2030/10|E01.370.225.625.400;E05.200.625.400;G09.188.370.374
00000000|MMI|12.36|Body Temperature|C0005903|[orga]|["temperature"-tx-40-"temperature"-noun-0]|TX|3501/11|E01.370.600.875.374;G07.110
00000000|MMI|12.36|Creatinine|C0010294|[bacs,orch]|["CREATININE"-tx-25-"creatinine"-noun-0]|TX|1978/10|D03.383.129.308.207
00000000|MMI|12.35|Dominican Republic|C0013014|[geoa]|["DR"-tx-45-"Dr"-noun-0]|TX|4537/2|Z01.107.084.900.300;Z01.639.880.300
00000000|MMI|12.32|Urinalysis|C0042014|[lbpr]|["Urinalysis"-tx-26-"urinalysis"-noun-0]|TX|2126/10|E01.370.225.124.810;E01.370.390.810;E05.200.124.810
00000000|MMI|12.29|Saint Lucia|C0036056|[geoa]|["ST"-tx-28-"ST"-noun-0]|TX|2227/2|Z01.107.084.900.825;Z01.639.880.825
00000000|MMI|12.27|Pain|C0030193|[sosy]|["PAIN"-tx-44-"pain"-noun-0]|TX|4325/4|C10.597.617;C23.888.592.612;F02.830.816.444;G11.561.600.810.444
00000000|MMI|12.26|Plastics|C0032167|[sbst]|["Plastics"-tx-31-"plastics"-noun-0]|TX|2584/8|D05.750.716;D25.720.716;J01.637.051.720.716
00000000|MMI|11.99|Include (action)|C2700399|[acty]|["Include"-tx-25-"include"-verb-0,"Include"-tx-12-"includes"-verb-0,"Include"-tx-5-"includes"-verb-0]|TX|1943/7;1181/8;505/8|
00000000|MMI|11.99|Including (qualifier)|C0332257|[ftcn]|["include"-tx-25-"include"-verb-0,"include"-tx-12-"includes"-verb-0,"include"-tx-5-"includes"-verb-0]|TX|1943/7;1181/8;505/8|
00000000|MMI|11.99|Normal|C0205307|[qlco]|["Unremarkable"-tx-35-"unremarkable"-adj-0,"Unremarkable"-tx-34-"unremarkable"-adj-0,"Unremarkable"-tx-16-"unremarkable"-adj-0]|TX|3052/12;3012/12;1625/12|
00000000|MMI|11.99|include - SetOperator|C1552866|[idcn]|["include"-tx-25-"include"-verb-0,"include"-tx-12-"includes"-verb-0,"include"-tx-5-"includes"-verb-0]|TX|1943/7;1181/8;505/8|
00000000|MMI|11.19|Abdominal Cavity|C0230168|[blor]|["Abdomen"-tx-22-"Abdomen"-noun-0]|TX|1801/7|A01.923.047.025
00000000|MMI|11.19|Anthropological Culture|C0010453|[idcn]|["Cultures"-tx-41-"Cultures"-noun-0]|TX|3549/8|I01.076.201.450;I01.880.853.100
00000000|MMI|11.19|Chronic Obstructive Airway Disease|C0024117|[dsyn]|["CHRONIC OBSTRUCTIVE PULMONARY DISEASE"-tx-5-"chronic obstructive pulmonary disease"-noun-0]|TX|607/37|C08.381.495.389
00000000|MMI|11.19|Diabetes Mellitus|C0011849|[dsyn]|["DIABETES MELLITUS"-tx-5-"diabetes mellitus"-noun-0]|TX|514/17|C18.452.394.750;C19.246
00000000|MMI|11.19|Liver Function Tests|C0023901|[lbpr]|["Liver Function Tests"-tx-26-"liver function tests"-noun-0]|TX|2071/20|E01.370.372.460
00000000|MMI|10.38|Inhaler|C0021461|[medd]|["INHALER"-tx-44-"inhaler"-noun-0,"Inhalers"-tx-37-"inhalers"-noun-0]|TX|4235/7;3266/8|E07.605
00000000|MMI|10.22|Heart|C0018787|[bpoc]|["Cardiac"-tx-10-"cardiac"-adj-0,"Cardiac"-tx-3-"cardiac"-adj-0]|TX|1030/7;322/7|A07.541
00000000|MMI|10.04|Blood Platelets|C0005821|[cell]|["Platelets"-tx-25-"platelets"-noun-0]|TX|2051/9|A11.118.188;A15.145.229.188
00000000|MMI|9.99|Operating Room|C0029064|[hcro,mnob]|["OPERATING ROOM"-tx-32-"operating room"-noun-0]|TX|2726/14|N02.278.388.700
00000000|MMI|9.98|Coronary heart disease|C0010068|[dsyn]|["Coronary (artery) disease"-tx-2-"coronary artery disease"-noun-0]|TX|281/23|C14.280.647.250;C14.907.585.250
00000000|MMI|9.96|Glucose|C0017725|[bacs,orch,phsu]|["GLUCOSE"-tx-25-"glucose"-noun-0]|TX|1953/7|D09.546.359.448
00000000|MMI|9.95|Wound Healing|C0043240|[orgf]|["Healing"-tx-42-"healing"-verb-0]|TX|3608/7|G16.100.856.891
00000000|MMI|9.94|General surgery specialty|C1274039|[bmod]|["Surgery"-tx-37-"surgery"-noun-0]|TX|3250/7|H02.403.810.300
00000000|MMI|9.94|Physicians|C0031831|[prog]|["DR"-tx-45-"Dr"-noun-0]|TX|4537/2|M01.526.485.810;N02.360.810
00000000|MMI|9.94|Mental association|C0004083|[menp]|["Association"-tx-43-"association"-noun-0]|TX|3764/11|F02.463.425.069;F04.754.720.346
00000000|MMI|9.88|Cardizem|C0700940|[orch,phsu]|["Cardizem"-tx-13-"Cardizem"-noun-0]|TX|1278/8|D03.438.079.150
00000000|MMI|9.87|Diltiazem|C0012373|[orch,phsu]|["DILTIAZEM"-tx-44-"diltiazem"-noun-0]|TX|3890/9|D03.438.079.150
00000000|MMI|9.87|Needs|C0027552|[qlco]|["Needed"-tx-44-"needed"-adj-0]|TX|4216/6|N03.349.380.420;N05.300.450
00000000|MMI|9.86|Auscultation|C0004339|[diap]|["AUSCULTATION"-tx-21-"auscultation"-noun-0]|TX|1774/12|E01.370.600.060
00000000|MMI|9.86|Staple, Surgical|C0524724|[medd]|["staples"-tx-43-"staples"-noun-0]|TX|3648/7|E07.858.690.820
00000000|MMI|9.86|Wheezing|C0043144|[sosy]|["WHEEZING"-tx-44-"wheezing"-noun-0]|TX|4391/8|C23.888.852.779;E01.370.386.720;G09.772.775
00000000|MMI|8.81|Clear|C2963144|[qlco]|["Clear"-tx-42-"clear"-adj-0,"Clear"-tx-27-"clear"-adj-0,"Clear"-tx-21-"clear"-adj-0]|TX|3593/5;2164/5;1765/5|
00000000|MMI|8.81|Negative Surgical Margin|C1709157|[fndg]|["Clear"-tx-42-"clear"-adj-0,"Clear"-tx-27-"clear"-adj-0,"Clear"-tx-21-"clear"-adj-0]|TX|3593/5;2164/5;1765/5|
00000000|MMI|8.78|Abdomen|C0000726|[blor]|["ABDOMEN"-tx-22-"Abdomen"-noun-0]|TX|1801/7|A01.923.047
00000000|MMI|8.78|Physical Examination|C0031809|[hlca]|["PHYSICAL EXAM"-tx-16-"physical exam"-noun-0]|TX|1608/13|E01.370.600
00000000|MMI|8.78|Varicosity|C0042345|[dsyn]|["VARICOSE VEINS"-tx-23-"varicose veins"-noun-1]|TX|1877/14|C14.907.927
00000000|MMI|8.62|As Needed|C1883728|[qlco]|["As Needed"-tx-44-"as needed"-adj-0,"As Needed"-tx-13-"as needed"-adj-0]|TX|[4311/9],[4377/9];1475/9|
00000000|MMI|8.62|PRN (schedule frequency)|C1879745|[tmco]|["As needed"-tx-44-"as needed"-adj-0,"As needed"-tx-13-"as needed"-adj-0]|TX|[4311/9],[4377/9];1475/9|
00000000|MMI|8.40|Course|C0750729|[tmco]|["Course"-tx-44-"course"-noun-0,"Course"-tx-35-"course"-noun-0,"Course"-tx-34-"course"-noun-0]|TX|3975/6;3041/6;3001/6|
00000000|MMI|8.36|Lesion|C0221198|[fndg]|["lesions"-tx-9-"lesions"-noun-1,"Lesion"-tx-6-"lesion"-noun-0]|TX|[890/7],[932/7];726/6|
00000000|MMI|8.35|Tablet Dosing Unit|C1705223|[qnco]|["TABLET"-tx-44-"tablet"-noun-0]|TX|[4037/6],[4097/6],[4288/6]|
00000000|MMI|8.35|Twice (Numerical Qualifier)|C1948050|[qnco]|["Two Times"-tx-44-"two times"-noun-0,"Twice"-tx-13-"twice"-adv-0]|TX|[4185/3,4201/5],[4350/3,4365/5];1399/5|
00000000|MMI|8.19|ActInformationPrivacyReason <service>|C3245478|[idcn]|["service"-tx-38-"service"-noun-0,"service"-tx-36-"service"-noun-0,"service"-tx-10-"service"-noun-0]|TX|3404/7;3156/7;1047/7|
00000000|MMI|8.19|Services|C0557854|[ocac]|["Service"-tx-38-"service"-noun-0,"Service"-tx-36-"service"-noun-0,"Service"-tx-10-"service"-noun-0]|TX|3404/7;3156/7;1047/7|
00000000|MMI|8.19|Software Service|C2825316|[mnob]|["Service"-tx-38-"service"-noun-0,"Service"-tx-36-"service"-noun-0,"Service"-tx-10-"service"-noun-0]|TX|3404/7;3156/7;1047/7|
00000000|MMI|8.11|Four|C0205450|[qnco]|["Four"-tx-44-"four"-word_numeral-0,"Four"-tx-40-"four"-word_numeral-0]|TX|[4196/4],[4360/4];3542/4|
00000000|MMI|8.07|Blood group antibody I|C0221138|[aapp,imft]|["I NOS"-tx-44-"i"-adv-0,"I NOS"-tx-43-"i"-adv-0,"I NOS"-tx-2-"I"-noun-0]|TX|3908/1;3883/1;249/1|
00000000|MMI|8.05|diabetic|C0241863|[fndg]|["DIABETIC"-tx-38-"diabetic"-adj-0,"DIABETIC"-tx-36-"diabetic"-adj-0]|TX|3395/8;[3136/8],[3193/8]|
00000000|MMI|8.02|Event Seriousness - Significant|C1546944|[qlco]|["Significant"-tx-9-"significant"-adj-0,"Significant"-tx-7-"significant"-adj-0]|TX|[867/11],[905/11];738/11|
00000000|MMI|8.02|Significant|C0750502|[idcn]|["Significant"-tx-9-"significant"-adj-0,"Significant"-tx-7-"significant"-adj-0]|TX|[867/11],[905/11];738/11|
00000000|MMI|8.02|Statistical Significance|C0237881|[qnco]|["significant"-tx-9-"significant"-adj-0,"significant"-tx-7-"significant"-adj-0]|TX|[867/11],[905/11];738/11|
00000000|MMI|8.01|One|C0205447|[qnco]|["ONE"-tx-44-"one"-noun-0]|TX|[4033/3],[4093/3],[4284/3]|
00000000|MMI|7.96|Three|C0205449|[qnco]|["Three"-tx-44-"three"-word_numeral-0]|TX|[4017/5],[4059/5],[4119/5]|
00000000|MMI|7.95|Doctor of Medicine|C1512018|[inpr]|["M.D."-tx-51-"M.D"-noun-0,"M.D."-tx-48-"M.D"-noun-0]|TX|4739/3;4634/3|
00000000|MMI|7.95|On admission|C0457453|[tmco]|["On admission"-tx-25-"on admission"-adj-0,"On admission"-tx-13-"on admission"-adj-0]|TX|1930/12;1261/12|
00000000|MMI|7.69|Drug Allergy|C0013182|[dsyn]|["Drug Allergies"-tx-15-"drug allergies"-noun-1]|TX|1587/14|C20.543.206;C25.100.468
00000000|MMI|7.55|Disease|C0012634|[dsyn]|["condition"-tx-43-"condition"-noun-0]|TX|3825/9|C23.550.288
00000000|MMI|7.53|Laboratory|C0022877|[mnob,orgt]|["Lab"-tx-3-"lab"-noun-0]|TX|335/3|N02.278.487
00000000|MMI|7.52|Cardiac Surgery procedures|C0018821|[topp]|["Cardiac Surgical"-tx-10-"cardiac surgical"-adj-0]|TX|1030/16|E04.100.376;E04.928.220
00000000|MMI|7.51|Tracheal Extubation|C0553891|[topp]|["Extubate"-tx-37-"extubated"-verb-0]|TX|3222/9|E02.041.249;E05.008
00000000|MMI|7.44|Heart murmur|C0018808|[fndg]|["MURMUR"-tx-20-"murmur"-noun-1]|TX|1746/6|C23.888.447
00000000|MMI|6.37|Lung|C0024109|[bpoc]|["LUNGS"-tx-21-"Lungs"-noun-0]|TX|1755/5|A04.411
00000000|MMI|6.37|Neck|C0027530|[blor]|["NECK"-tx-17-"neck"-noun-0]|TX|1644/4|A01.598
00000000|MMI|5.87|Negative|C0205160|[qlco]|["Negative"-tx-41-"negative"-adj-0,"Negative"-tx-26-"negative"-noun-0]|TX|3563/8;2137/8|
00000000|MMI|5.87|Negative - answer|C3853545|[qlco]|["Negative"-tx-41-"negative"-adj-0,"Negative"-tx-26-"negative"-noun-0]|TX|3563/8;2137/8|
00000000|MMI|5.87|Negative Charge|C2825491|[qlco]|["Negative"-tx-41-"negative"-adj-0,"Negative"-tx-26-"negative"-noun-0]|TX|3563/8;2137/8|
00000000|MMI|5.87|Negative Finding|C1513916|[fndg]|["NEGATIVE"-tx-41-"negative"-adj-0,"NEGATIVE"-tx-26-"negative"-noun-0]|TX|3563/8;2137/8|
00000000|MMI|5.87|Negative Number|C2825415|[cnce]|["Negative"-tx-41-"negative"-adj-0,"Negative"-tx-26-"negative"-noun-0]|TX|3563/8;2137/8|
00000000|MMI|5.87|Pharmaceutical Preparations|C0013227|[phsu]|["Medications"-tx-43-"medications"-noun-0,"Medication"-tx-13-"medication"-noun-0]|TX|3852/11;1250/10|D26
00000000|MMI|5.74|Removed|C0849355|[qlco]|["Removed"-tx-43-"removed"-verb-0]|TX|[3694/7],[3724/7]|
00000000|MMI|5.71|Half|C2825407|[qnco]|["Half"-tx-43-"Half"-noun-0,"Half"-tx-43-"half"-adv-0]|TX|3636/4;3713/4|
00000000|MMI|5.69|Asthma Pathway|C2984299|[ftcn]|["Asthma"-tx-37-"asthma"-noun-0,"Asthma"-tx-5-"asthma"-noun-0]|TX|3298/6;596/6|
00000000|MMI|5.69|Continuous|C0549178|[idcn]|["Continued"-tx-44-"continued"-verb-0,"Continued"-tx-38-"continued"-verb-0]|TX|3943/9;3318/9|
00000000|MMI|5.64|milligram/day|C0439422|[qnco]|["mg/d"-tx-44-"mg d"-noun-0,"mg/d"-tx-43-"mg d"-noun-0]|TX|3903/2,3910/1;3878/2,3885/1|
00000000|MMI|5.61|Entire radial artery|C1278948|[bpoc]|["Radial artery"-tx-44-"radial artery"-noun-0,"Radial artery"-tx-43-"radial artery"-noun-0]|TX|3921/13;3663/13|
00000000|MMI|5.60|P Blood group antibodies|C0369773|[aapp,imft]|["P NOS"-tx-46-"P"-adv-0,"P NOS"-tx-13-"p"-adj-0]|TX|4597/1;1501/1|
00000000|MMI|5.60|P prime|C2603361|[clna]|["P'"-tx-46-"P"-adv-0,"P'"-tx-13-"p"-adj-0]|TX|4597/1;1501/1|
00000000|MMI|5.58|Well|C3146287|[mnob]|["Well"-tx-42-"well"-adv-0,"Well"-tx-38-"well"-adv-0]|TX|3603/4;3334/4|
00000000|MMI|5.56|proventil inhaler|C0307418|[medd]|["Proventil Inhaler"-tx-44-"Proventil inhaler"-noun-0,"Proventil Inhaler"-tx-13-"Proventil inhalers"-noun-0]|TX|4332/17;1425/18|
00000000|MMI|5.50|seen|C0205397|[qlco]|["Seen"-tx-30-"seen"-verb-0,"Seen"-tx-10-"seen"-verb-0]|TX|2443/4;1002/4|
00000000|MMI|5.49|Surgical service|C0587668|[hlca]|["Surgical"-tx-10-"surgical"-adj-0,"Surgical Service"-tx-10-"surgical service"-noun-0]|TX|1038/8;1038/16|
00000000|MMI|5.47|Distance vision 6/9|C0442751|[fndg]|["6 9"-tx-3-"6/9"-fraction-0,"6 9"-tx-2-"6/9"-fraction-0]|TX|342/3;269/3|
00000000|MMI|5.44|10%|C3842590|[fndg]|["10%"-tx-44-"10"-integer-0,"10%"-tx-43-"10"-fraction-0]|TX|4010/2;3791/2|
00000000|MMI|5.41|Six|C0205452|[qnco]|["Six"-tx-44-"six"-word_numeral-0,"Six"-tx-42-"six"-word_numeral-0]|TX|4301/3;3630/3|
00000000|MMI|5.39|Puff unit dose|C1533107|[qnco]|["Puffs"-tx-44-"puffs"-noun-0]|TX|[4247/5],[4354/5]|
00000000|MMI|5.39|Administration occupational activities|C0001554|[ocac]|["Management"-tx-36-"management"-noun-0]|TX|[3145/10],[3202/10]|
00000000|MMI|5.39|Management Occupations|C3273539|[ocdi]|["Management"-tx-36-"management"-noun-0]|TX|[3145/10],[3202/10]|
00000000|MMI|5.39|Management procedure|C1273870|[ocac]|["Management"-tx-36-"management"-noun-0]|TX|[3145/10],[3202/10]|
00000000|MMI|5.38|Cardiac - anatomy qualifier|C1522601|[spco]|["Cardiac"-tx-10-"cardiac"-adj-0,"Cardiac"-tx-3-"cardiac"-adj-0]|TX|1030/7;322/7|
00000000|MMI|5.38|Operative Surgical Procedures|C0543467|[hlca]|["Surgery"-tx-37-"surgery"-noun-0,"Surgical"-tx-10-"surgical"-adj-0]|TX|3250/7;1038/8|E04
00000000|MMI|5.37|9-10|C3843713|[fndg]|["9-10"-tx-50-"9/10"-fraction-0]|TX|[4694/4],[4705/4]|
00000000|MMI|5.36|Radial-Left|C4069252|[bpoc]|["Radial-Left"-tx-33-"left radial"-adj-0,"Radial-Left"-tx-31-"left radial"-adj-0]|TX|2891/11;2686/11|
00000000|MMI|5.36|Friday|C0585029|[tmco]|["Friday"-tx-43-"Friday"-noun-0]|TX|[3735/6],[3779/6]|
00000000|MMI|5.33|Incision and drainage|C0152277|[topp]|["i d"-tx-44-"i.d"-adv-0,"i d"-tx-43-"i.d"-adv-0]|TX|3908/3;3883/3|
00000000|MMI|5.32|Walls of a building|C0677535|[mnob]|["Wall"-tx-29-"wall"-noun-0]|TX|[2358/4],[2417/4]|
00000000|MMI|5.31|/40|C0439509|[tmco]|["/40"-tx-44-"40"-integer-0,"/40"-tx-13-"40"-integer-0]|TX|4410/2;1370/2|
00000000|MMI|5.31|40%|C3842587|[qnco]|["40%"-tx-44-"40"-integer-0,"40%"-tx-13-"40"-integer-0]|TX|4410/2;1370/2|
00000000|MMI|5.31|Allegra|C1110594|[orch,phsu]|["Allegra"-tx-44-"Allegra"-noun-0,"Allegra"-tx-13-"Allegra"-noun-0]|TX|4440/7;1334/7|
00000000|MMI|5.31|Avapro|C0595301|[orch,phsu]|["Avapro"-tx-44-"Avapro"-noun-0,"Avapro"-tx-13-"Avapro"-noun-0]|TX|4472/6;1307/6|
00000000|MMI|5.31|Positive|C1446409|[qlco]|["Positive"-tx-4-"positive"-adj-0,"Positive"-tx-1-"POSITIVE"-adj-0]|TX|413/8;64/8|
00000000|MMI|5.31|Positive Charge|C2825490|[qlco]|["Positive"-tx-4-"positive"-adj-0,"Positive"-tx-1-"POSITIVE"-adj-0]|TX|413/8;64/8|
00000000|MMI|5.31|Positive Finding|C1514241|[fndg]|["POSITIVE"-tx-4-"positive"-adj-0,"POSITIVE"-tx-1-"POSITIVE"-adj-0]|TX|413/8;64/8|
00000000|MMI|5.31|Positive Number|C3812269|[cnce]|["Positive"-tx-4-"positive"-adj-0,"Positive"-tx-1-"POSITIVE"-adj-0]|TX|413/8;64/8|
00000000|MMI|5.31|Signature|C1519316|[inpr]|["Signed"-tx-1-"Signed"-noun-0]|TX|[99/6],[155/6]|
00000000|MMI|5.31|percent positive cells|C0439178|[qnco]|["% Positive"-tx-4-"positive"-adj-0,"% Positive"-tx-1-"POSITIVE"-adj-0]|TX|413/8;64/8|
00000000|MMI|5.31|signed - ParticipationSignature|C1561610|[inpr]|["signed"-tx-1-"Signed"-noun-0]|TX|[99/6],[155/6]|
00000000|MMI|5.30|Coating (film)|C1522408|[qlco]|["Coated"-tx-44-"coated"-adj-0,"Coated"-tx-14-"coated"-adj-0]|TX|4140/6;1548/6|
00000000|MMI|5.30|Enteral|C1304890|[spco]|["Enteric"-tx-44-"enteric"-adj-0,"Enteric"-tx-14-"enteric"-adj-0]|TX|4132/7;1540/7|
00000000|MMI|5.30|Left|C0205091|[spco]|["LEFT"-tx-33-"left"-adj-0,"LEFT"-tx-32-"left"-noun-0]|TX|2931/4;2814/4|
00000000|MMI|5.30|Left sided|C0443246|[spco]|["Left"-tx-33-"left"-adj-0,"Left"-tx-32-"left"-noun-0]|TX|2931/4;2814/4|
00000000|MMI|5.30|Table Cell Horizontal Align - left|C1552822|[ftcn]|["left"-tx-33-"left"-adj-0,"left"-tx-32-"left"-noun-0]|TX|2931/4;2814/4|
00000000|MMI|5.29|year|C0439234|[tmco]|["YEARS"-tx-5-"years"-noun-0,"YEAR"-tx-2-"year"-noun-0]|TX|559/5;208/4|
00000000|MMI|5.28|30%|C3842588|[fndg]|["30%"-tx-44-"30"-integer-0,"30%"-tx-5-"30"-integer-0]|TX|3900/2;556/2|
00000000|MMI|5.28|Harvest Procedure|C1512335|[hlca]|["Harvest"-tx-43-"harvest"-noun-0,"Harvest"-tx-30-"harvest"-noun-0]|TX|3677/7;2530/7|
00000000|MMI|5.27|Separate|C0443299|[qlco]|["Discrete"-tx-8-"discrete"-adj-0,"Discrete"-tx-6-"discrete"-adj-0]|TX|819/8;691/8|
00000000|MMI|5.25|Diagonal|C0443198|[spco]|["Diagonal"-tx-33-"diagonal"-adj-0,"Diagonal"-tx-8-"diagonal"-adj-0]|TX|2916/8;853/8|
00000000|MMI|5.22|Transplanted tissue|C0332835|[tisu]|["grafting"-tx-30-"grafting"-noun-0]|TX|2553/8|A01.941
00000000|MMI|5.12|Elective Surgical Procedures|C0206058|[topp]|["ELECTIVE"-tx-3-"elective"-adj-0]|TX|353/8|E04.249
00000000|MMI|3.96|1+|C3816745|[fndg]|["1+"-tx-50-"1"-integer-0]|TX|4717/1|
00000000|MMI|3.96|1+ Score|C2827734|[qnco]|["1+"-tx-50-"1"-integer-0]|TX|4717/1|
00000000|MMI|3.96|1+ Score, WHO|C2981698|[clas]|["1+"-tx-50-"1"-integer-0]|TX|4717/1|
00000000|MMI|3.96|Anterior descending branch of left coronary artery|C0226032|[bpoc]|["Left Anterior Descending Coronary Artery"-tx-32-"left anterior descending coronary artery"-noun-0]|TX|2846/40|
00000000|MMI|3.96|Attending (action)|C1999232|[ftcn]|["attending"-tx-47-"Attending"-noun-0]|TX|4602/9|
00000000|MMI|3.96|Attending (provider role)|C1547429|[prog]|["Attending"-tx-47-"Attending"-noun-0]|TX|4602/9|
00000000|MMI|3.96|Blood Glucose control|C3267174|[topp]|["Blood Sugar control"-tx-36-"blood sugar control"-noun-0]|TX|3108/19|
00000000|MMI|3.96|Carotid bruit|C0007280|[fndg]|["carotid bruits"-tx-18-"carotid bruits"-noun-1]|TX|1671/14|
00000000|MMI|3.96|Consent Type - Coronary Angiography|C1548829|[hlca]|["Coronary Angiography"-tx-6-"coronary angiography"-noun-0]|TX|651/20|
00000000|MMI|3.96|Container status - Identified|C1550043|[fndg]|["Identified"-tx-7-"identified"-verb-1]|TX|797/10|
00000000|MMI|3.96|Entire abdomen|C1281594|[bpoc]|["Abdomen"-tx-22-"Abdomen"-noun-0]|TX|1801/7|
00000000|MMI|3.96|Entire left hand|C1288949|[bpoc]|["Left hand"-tx-31-"left hand"-adj-0]|TX|2601/9|
00000000|MMI|3.96|Entire neck|C1281592|[bpoc]|["Neck"-tx-17-"neck"-noun-0]|TX|1644/4|
00000000|MMI|3.96|Examination of heart|C0562319|[hlca]|["Cardiac exam"-tx-19-"cardiac exam"-noun-0]|TX|1692/12|
00000000|MMI|3.96|Former smoker|C0337671|[fndg]|["Former Smoker"-tx-5-"former smoker"-noun-0]|TX|569/13|
00000000|MMI|3.96|Gender Status - Intact|C1554187|[fndg]|["Intact"-tx-24-"intact"-adj-0]|TX|1916/6|
00000000|MMI|3.96|Identified|C0205396|[qlco]|["Identified"-tx-7-"identified"-verb-0]|TX|797/10|
00000000|MMI|3.96|Injury wounds|C0043250|[inpo]|["WOUNDS"-tx-42-"wounds"-noun-0]|TX|3578/6|
00000000|MMI|3.96|Intact|C0205266|[qlco]|["Intact"-tx-24-"intact"-adj-0]|TX|1916/6|
00000000|MMI|3.96|Known Coronary Artery Disease|C3275096|[qnco]|["Known Coronary Artery Disease"-tx-4-"known coronary artery disease"-noun-0]|TX|438/29|
00000000|MMI|3.96|Laboratory test finding|C0587081|[fndg]|["Labs"-tx-25-"Labs"-noun-0]|TX|1925/4|
00000000|MMI|3.96|Medical History|C0262926|[fndg]|["Past Medical History"-tx-5-"past medical history"-noun-0]|TX|479/20|
00000000|MMI|3.96|Multivitamin Drug Class|C3714835|[phsu,vita]|["MULTIVITAMINS"-tx-14-"multivitamins"-noun-0]|TX|1510/13|
00000000|MMI|3.96|Multivitamin preparation|C0301532|[orch,phsu,vita]|["MULTIVITAMINS"-tx-14-"multivitamins"-noun-0]|TX|1510/13|
00000000|MMI|3.96|Non-tender|C0520960|[qlco]|["Nontender"-tx-22-"nontender"-adj-0]|TX|1821/9|
00000000|MMI|3.96|PMH - past medical history|C0455458|[fndg]|["Past medical history"-tx-5-"past medical history"-noun-0]|TX|479/20|
00000000|MMI|3.96|Peripheral pulse|C0232139|[ortf]|["peripheral pulses"-tx-24-"Peripheral pulses"-noun-0]|TX|1894/17|
00000000|MMI|3.96|Physical Exam Domain|C1744699|[inpr]|["Physical Exam"-tx-16-"physical exam"-noun-0]|TX|1608/13|
00000000|MMI|3.96|Plain chest X-ray|C0039985|[diap]|["Chest X-ray"-tx-27-"Chest x-ray"-noun-0]|TX|2148/11|
00000000|MMI|3.96|Primary Reason|C1549995|[idcn]|["Primary indication"-tx-4-"Primary indication"-noun-0]|TX|388/18|
00000000|MMI|3.96|SHORT STATURE, ONYCHODYSPLASIA, FACIAL DYSMORPHISM, AND HYPOTRICHOSIS SYNDROME|C3542022|[dsyn]|["SOFT"-tx-22-"soft"-adj-0]|TX|1812/4|
00000000|MMI|3.96|Sinus rhythm|C0232201|[fndg]|["SINUS RHYTHM"-tx-28-"sinus rhythm"-noun-0]|TX|2189/12|
00000000|MMI|3.96|Soft|C0205358|[qlco]|["Soft"-tx-22-"soft"-adj-0]|TX|1812/4|
00000000|MMI|3.96|Structure of left hand|C0230371|[bpoc]|["Left Hand"-tx-31-"left hand"-adj-0]|TX|2601/9|
00000000|MMI|3.96|Supple|C0332254|[ftcn]|["Supple"-tx-17-"supple"-adj-0]|TX|1652/6|
00000000|MMI|3.96|Views:Finding:Point in time:Chest:Narrative:XR|C1114557|[clna]|["Chest X-ray"-tx-27-"Chest x-ray"-noun-0]|TX|2148/11|
00000000|MMI|3.96|Vitamin E Drug Class|C3714803|[phsu,vita]|["VITAMIN E"-tx-14-"vitamin E"-noun-0]|TX|1526/9|
00000000|MMI|3.96|Wounds - qualifier|C0021501|[fndg]|["wounds"-tx-42-"wounds"-noun-0]|TX|3578/6|
00000000|MMI|3.96|dendritic spine neck|C3159206|[celc]|["neck"-tx-17-"neck"-noun-0]|TX|1644/4|
00000000|MMI|3.96|medication - HL7 publishing domain|C3244316|[ftcn]|["medication"-tx-13-"medication"-noun-0]|TX|1250/10|
00000000|MMI|3.96|surgical history|C0744961|[fndg]|["surgical history"-tx-12-"surgical history"-noun-0]|TX|1164/16|
00000000|MMI|3.04|Beginning|C0439659|[tmco]|["Begin"-tx-38-"began"-verb-0]|TX|3343/5|
00000000|MMI|2.89|Cardiac Service|C1546530|[hcro]|["Cardiac Service"-tx-10-"cardiac service"-noun-0]|TX|1030/7,1047/7|
00000000|MMI|2.87|Discharge date|C2361123|[tmco]|["Discharge date"-tx-1-"Discharge Date"-noun-0]|TX|162/14|
00000000|MMI|2.87|Discharge date:Time Stamp -- Date and Time:Point in time:^Patient:Quantitative|C2361122|[clna]|["Discharge date"-tx-1-"Discharge Date"-noun-0]|TX|162/14|
00000000|MMI|2.87|Registered nurse|C0687673|[prog]|["R.N."-tx-13-"r.n"-adj-0]|TX|1503/3|
00000000|MMI|2.87|White blood cell count laboratory result|C0427512|[lbtr]|["white blood cell count"-tx-25-"white blood cell count"-noun-0]|TX|2001/22|
00000000|MMI|2.87|beats per minute|C0439385|[qnco]|["Beats/Minute"-tx-28-"beats/minute"-noun-0]|TX|2207/12|
00000000|MMI|2.86|Personal History of Coronary Artery Disease|C1881055|[clna]|["History of Coronary Artery Disease"-tx-11-"history of coronary artery disease"-noun-0]|TX|1072/34|
00000000|MMI|2.84|Aspirin 81 MG|C0983882|[clnd]|["Aspirin 81 MG"-tx-14-"aspirin 81 mg"-noun-0]|TX|1555/13|
00000000|MMI|2.81|% index|C1637833|[qnco]|["% index"-tx-49-"Index"-noun-0]|TX|4670/5|
00000000|MMI|2.81|Aspirin 325 MG|C0992015|[clnd]|["Aspirin 325 MG"-tx-44-"aspirin 325 mg"-noun-0]|TX|4147/14|
00000000|MMI|2.81|Circumpennate|C0920847|[cnce]|["Radial"-tx-33-"radial"-adj-0]|TX|2936/6|
00000000|MMI|2.81|Grafting procedure|C1961139|[topp]|["Grafting"-tx-30-"grafting"-noun-0]|TX|2553/8|
00000000|MMI|2.81|Hour|C0439227|[tmco]|["HOURS"-tx-44-"hours"-noun-0]|TX|4305/5|
00000000|MMI|2.81|Html Link Type - index|C1552854|[idcn]|["index"-tx-49-"Index"-noun-0]|TX|4670/5|
00000000|MMI|2.81|Index|C0918012|[inpr]|["Index"-tx-49-"Index"-noun-0]|TX|4670/5|
00000000|MMI|2.81|Medications:-:Point in time:^Patient:-|C2598133|[clna]|["Medications"-tx-43-"medications"-noun-0]|TX|3852/11|
00000000|MMI|2.81|Medications:Presence or Identity:Duration of the study:^Patient:Nominal|C0802604|[clna]|["Medications"-tx-43-"medications"-noun-0]|TX|3852/11|
00000000|MMI|2.81|Physiologic pulse|C0391850|[phsf]|["Pulse"-tx-31-"pulse"-noun-0]|TX|2631/5|
00000000|MMI|2.81|Platelets Adverse Event|C1963076|[fndg]|["Platelets"-tx-25-"platelets"-noun-0]|TX|2051/9|
00000000|MMI|2.81|Pulse phenomenon|C1947910|[phpr]|["Pulse"-tx-31-"pulse"-noun-0]|TX|2631/5|
00000000|MMI|2.81|Radial|C0442038|[cnce]|["Radial"-tx-33-"radial"-adj-0]|TX|2936/6|
00000000|MMI|2.81|Regimen - CHV concept|C2945654|[inpr]|["regimen"-tx-39-"regimen"-noun-0]|TX|3477/7|
00000000|MMI|2.81|Rhythm|C0871269|[fndg]|["Rhythm"-tx-19-"rhythm"-noun-0]|TX|1716/6|
00000000|MMI|2.81|Rhythm Not Otherwise Specified ECG Assessment|C3828331|[inpr]|["Rhythm Not Otherwise Specified"-tx-19-"rhythm"-noun-0]|TX|1716/6|
00000000|MMI|2.81|grafting qualifier|C1527362|[qlco]|["grafting"-tx-30-"grafting"-noun-0]|TX|2553/8|
00000000|MMI|2.81|rhythmic process (biological)|C1523018|[phsf]|["rhythm"-tx-19-"rhythm"-noun-0]|TX|1716/6|
00000000|MMI|2.79|Report status|C0586177|[fndg]|["Report status"-tx-1-"Report Status"-noun-0]|TX|140/13|
00000000|MMI|2.79|Wedge resection - action|C0184909|[topp]|["Wedge Resection"-tx-12-"wedge resection"-noun-0]|TX|1209/15|
00000000|MMI|2.78|Normal limits|C0442816|[qnco]|["Normal limits"-tx-26-"normal limits"-noun-0]|TX|2104/13|
00000000|MMI|2.76|Edema of lower extremity|C0239340|[patf]|["lower extremities edema"-tx-23-"Extremities lower edema"-noun-0]|TX|1833/11,1853/5,1869/5|
00000000|MMI|2.76|Admission date:Time Stamp -- Date and Time:Point in time:^Patient:Quantitative|C2598112|[clna]|["Admission date"-tx-1-"Admission Date"-noun-0]|TX|114/14|
00000000|MMI|2.76|Anatomic Site|C1515974|[blor]|["Site"-tx-43-"site"-noun-0]|TX|3685/4|
00000000|MMI|2.76|Batch (Response Modality)|C1550176|[inpr]|["Batch"-tx-49-"Batch"-noun-0]|TX|4657/5|
00000000|MMI|2.76|Batch (group)|C1948031|[qnco]|["Batch"-tx-49-"Batch"-noun-0]|TX|4657/5|
00000000|MMI|2.76|Batch Number|C3641829|[inpr]|["BATCH"-tx-49-"Batch"-noun-0]|TX|4657/5|
00000000|MMI|2.76|C-Circle|C3538933|[celc]|["CC"-tx-50-"CC"-noun-0]|TX|4713/2|
00000000|MMI|2.76|Changed status|C0443172|[qnco]|["changes"-tx-28-"changes"-noun-0]|TX|2237/7|
00000000|MMI|2.76|Changing|C0392747|[ftcn]|["changes"-tx-28-"changes"-noun-0]|TX|2237/7|
00000000|MMI|2.76|Date of admission|C1302393|[tmco]|["Admission date"-tx-1-"Admission Date"-noun-0]|TX|114/14|
00000000|MMI|2.76|MRC1 gene|C1417249|[gngm]|["MR"-tx-1-"Mr"-noun-0]|TX|188/2|
00000000|MMI|2.76|Minor Response|C4050513|[fndg]|["MR"-tx-1-"Mr"-noun-0]|TX|188/2|
00000000|MMI|2.76|Mr. - Title|C2347167|[cnce]|["Mr."-tx-1-"Mr"-noun-0]|TX|188/2|
00000000|MMI|2.76|Site|C0205145|[spco]|["Site"-tx-43-"site"-noun-0]|TX|3685/4|
00000000|MMI|2.76|Study Site|C2825164|[spco]|["Site"-tx-43-"site"-noun-0]|TX|3685/4|
00000000|MMI|2.76|Coronary Vessel Lesion|C3272304|[fndg]|["Coronary Lesion"-tx-7-"coronary lesions"-noun-1]|TX|775/16|
00000000|MMI|2.76|Allen picture test|C1275990|[diap]|["Allen test"-tx-31-"Allen's test"-noun-0]|TX|2568/12|
00000000|MMI|2.76|Allen test|C0231664|[diap]|["Allen test"-tx-31-"Allen's test"-noun-0]|TX|2568/12|
00000000|MMI|2.76|Patient location type - Operating Room|C1578465|[spco]|["Operating Room"-tx-32-"operating room"-noun-0]|TX|2726/14|
00000000|MMI|2.76|Percutaneous transluminal balloon angioplasty|C0411287|[topp]|["Percutaneous angioplasty"-tx-11-"percutaneous angioplasty"-noun-0]|TX|1125/24|
00000000|MMI|2.75|Hospital admission|C0184666|[hlca]|["admitted hospital"-tx-2-"admitted Hospital"-noun-0]|TX|237/8,257/8|
00000000|MMI|2.75|Normal second heart sound, S>2<|C0232231|[fndg]|["Normal S2"-tx-20-"Normal S2"-noun-1]|TX|1725/6,1735/2|
00000000|MMI|2.75|Specimen Source Codes - Lesion|C1546698|[inpr]|["Lesion"-tx-6-"lesion"-noun-0]|TX|726/6|
00000000|MMI|2.74|Pyrexia of unknown origin (excl puerperal)|C0856281|[sosy]|["puo"-tx-1-"PUO"-noun-0]|TX|12/3|
00000000|MMI|2.74|Fraction of|C1264633|[qnco]|["Fraction of"-tx-29-"fraction of"-noun-0]|TX|2319/11|
00000000|MMI|2.74|Blood glucose management|C1638311|[topp]|["Blood sugar management"-tx-38-"blood sugar management"-noun-0]|TX|3357/22|
00000000|MMI|2.73|Plastic surgery service|C0587693|[hcro]|["Plastic surgery service"-tx-30-"plastic surgery service"-noun-0]|TX|2473/23|
00000000|MMI|2.73|Condition|C0348080|[qlco]|["Condition"-tx-43-"condition"-noun-0]|TX|3825/9|
00000000|MMI|2.73|Condition:Find:Pt:^Patient:Nom|C3864998|[clna]|["Condition"-tx-43-"condition"-noun-0]|TX|3825/9|
00000000|MMI|2.73|Hematocrit level|C0518014|[fndg]|["Hematocrit"-tx-25-"hematocrit"-noun-0]|TX|2030/10|
00000000|MMI|2.73|Logical Condition|C1705253|[cnce]|["Condition"-tx-43-"condition"-noun-0]|TX|3825/9|
00000000|MMI|2.73|Middle|C0444598|[spco]|["Mid"-tx-29-"mid"-adj-0]|TX|2377/3|
00000000|MMI|2.72|Assisted (qualifier value)|C1269765|[qlco]|["Help"-tx-36-"help"-verb-0]|TX|3181/4|
00000000|MMI|2.72|Clinical trial protocol document|C1507394|[inpr]|["Protocol"-tx-36-"protocol"-noun-0]|TX|3095/8|
00000000|MMI|2.72|Conditional|C1701901|[qlco]|["Dependent"-tx-5-"dependent"-adj-0]|TX|542/9|
00000000|MMI|2.72|Control function|C2587213|[ftcn]|["Control"-tx-37-"control"-noun-0]|TX|3305/7|
00000000|MMI|2.72|Creatinine finding|C1561535|[fndg]|["Creatinine"-tx-25-"creatinine"-noun-0]|TX|1978/10|
00000000|MMI|2.72|Dependent - ability|C0851827|[qlco]|["Dependent"-tx-5-"dependent"-adj-0]|TX|542/9|
00000000|MMI|2.72|Healed|C0205249|[ftcn]|["Healing"-tx-42-"healing"-verb-0]|TX|3608/7|
00000000|MMI|2.72|Help document|C1552861|[inpr]|["help"-tx-36-"help"-verb-0]|TX|3181/4|
00000000|MMI|2.72|Insulin Drug Class|C3714501|[horm,phsu]|["INSULIN"-tx-5-"insulin"-adj-0]|TX|534/7|
00000000|MMI|2.72|Insulin [EPC]|C1579433|[phsu]|["Insulin"-tx-5-"insulin"-adj-0]|TX|534/7|
00000000|MMI|2.72|Library Protocol|C1522729|[inpr]|["Protocol"-tx-36-"protocol"-noun-0]|TX|3095/8|
00000000|MMI|2.72|Protocol - answer to question|C3715209|[fndg]|["Protocol"-tx-36-"protocol"-noun-0]|TX|3095/8|
00000000|MMI|2.72|Protocols documentation|C0442711|[inpr]|["Protocol"-tx-36-"protocol"-noun-0]|TX|3095/8|
00000000|MMI|2.72|Recombinant Insulin|C1533581|[aapp,horm,phsu]|["INSULIN"-tx-5-"insulin"-adj-0]|TX|534/7|
00000000|MMI|2.72|Scientific Control|C1882979|[cnce]|["Control"-tx-37-"control"-noun-0]|TX|3305/7|
00000000|MMI|2.72|Study Protocol|C2348563|[inpr]|["Protocol"-tx-36-"protocol"-noun-0]|TX|3095/8|
00000000|MMI|2.72|True Control Status|C3274648|[qlco]|["Control"-tx-37-"control"-noun-0]|TX|3305/7|
00000000|MMI|2.72|control aspects|C0243148|[qlco]|["control"-tx-37-"control"-noun-0]|TX|3305/7|
00000000|MMI|2.72|control substance|C1550141|[sbst]|["Control"-tx-37-"control"-noun-0]|TX|3305/7|
00000000|MMI|2.72|dependent|C3244310|[ftcn]|["dependent"-tx-5-"dependent"-adj-0]|TX|542/9|
00000000|MMI|2.71|Allopathic & Osteopathic Physicians - Surgery|C3853799|[prog]|["Surgery"-tx-37-"surgery"-noun-0]|TX|3250/7|
00000000|MMI|2.71|Delayed Release Dosage Form|C1707664|[bodm]|["DR"-tx-45-"Dr"-noun-0]|TX|4537/2|
00000000|MMI|2.71|Device to Subject Relationship Domain|C3540849|[inpr]|["DR"-tx-45-"Dr"-noun-0]|TX|4537/2|
00000000|MMI|2.71|Doctor - Title|C2348314|[cnce]|["Dr."-tx-45-"Dr"-noun-0]|TX|4537/2|
00000000|MMI|2.71|Ejection as a Circumstance of Injury|C0302131|[phpr]|["Ejection"-tx-29-"ejection"-noun-0]|TX|2310/8|
00000000|MMI|2.71|Ejection as a Sports activity|C0336969|[dora]|["Ejection"-tx-29-"ejection"-noun-0]|TX|2310/8|
00000000|MMI|2.71|Ejection time|C0812388|[orga]|["ejection"-tx-29-"ejection"-noun-0]|TX|2310/8|
00000000|MMI|2.71|Evening|C0587117|[tmco]|["Evening"-tx-37-"evening"-noun-0]|TX|3239/7|
00000000|MMI|2.71|Multisection^W radionuclide Intravenous:Finding:Point in time:^Patient:Narrative:Radnuc.SPECT|C1830198|[clna]|["SPECT"-tx-29-"SPECT"-noun-0]|TX|2260/5|
00000000|MMI|2.71|Referral placed|C1691010|[ftcn]|["Referred"-tx-10-"referred"-verb-0]|TX|949/8|
00000000|MMI|2.71|Referring|C0205543|[ftcn]|["referred"-tx-10-"referred"-verb-0]|TX|949/8|
00000000|MMI|2.71|Surgery specialty|C0038894|[bmod]|["Surgery"-tx-37-"surgery"-noun-0]|TX|3250/7|
00000000|MMI|2.71|care activity|C1947933|[acty]|["Care"-tx-45-"care"-noun-0]|TX|4529/4|
00000000|MMI|2.71|Chemical Association|C0596306|[phpr]|["Association"-tx-43-"association"-noun-0]|TX|3764/11|
00000000|MMI|2.71|Does skip|C0560435|[fndg]|["skip"-tx-33-"skip"-noun-0]|TX|2949/4|
00000000|MMI|2.71|Relationship by association|C0699792|[socb]|["association"-tx-43-"association"-noun-0]|TX|3764/11|
00000000|MMI|2.71|Relationships|C0439849|[qlco]|["Association"-tx-43-"association"-noun-0]|TX|3764/11|
00000000|MMI|2.71|elective|C0439608|[tmco]|["Elective"-tx-3-"elective"-adj-0]|TX|353/8|
00000000|MMI|2.70|XPR1 gene|C1421546|[gngm]|["X3"-tx-32-"x3"-noun-0]|TX|2804/2|
00000000|MMI|2.70|Secondary Lesion|C1519215|[fndg]|["Secondary Lesion"-tx-8-"lesion second"-noun-0]|TX|832/6,846/6|
00000000|MMI|2.70|Place|C0442504|[spco]|["Place"-tx-36-"placed"-verb-0]|TX|3074/6|
00000000|MMI|2.70|Place - dosing instruction imperative|C1704765|[ftcn]|["Place"-tx-36-"placed"-verb-0]|TX|3074/6|
00000000|MMI|2.70|Restart|C1514902|[qlco]|["Restart"-tx-37-"restarted"-verb-0]|TX|3280/9|
00000000|MMI|2.70|put - instruction imperative|C1882509|[acty]|["Place"-tx-36-"placed"-verb-0]|TX|3074/6|
00000000|MMI|2.69|Twice a day|C0585361|[tmco]|["day twice"-tx-44-"day twice"-noun-0]|TX|4209/3,4253/5|
00000000|MMI|2.69|Ibuprofen 600 MG|C0986667|[clnd]|["Ibuprofen 600 MG"-tx-44-"ibuprofen 600 mg"-noun-0]|TX|4267/16|
00000000|MMI|2.69|Structure of right lower lobe of lung|C1261075|[bpoc]|["Right lower lobe"-tx-12-"right lower lobe"-noun-0]|TX|1192/16|
00000000|MMI|2.69|Left coronary artery structure|C1261082|[bpoc]|["Left Main Coronary Artery"-tx-6-"left main coronary artery"-noun-0]|TX|700/25|
00000000|MMI|2.68|Bypass|C0741847|[topp]|["Bypass"-tx-30-"bypass"-noun-0]|TX|2546/6|
00000000|MMI|2.68|Following|C0332282|[tmco]|["Following"-tx-43-"following"-adj-0]|TX|3842/9|
00000000|MMI|2.68|Intraoperative|C0456904|[tmco]|["Intraoperative"-tx-34-"intraoperative"-adj-0]|TX|2986/14|
00000000|MMI|2.68|Regular|C0205272|[qlco]|["Regular"-tx-19-"regular"-adj-0]|TX|1708/7|
00000000|MMI|2.68|Right side of heart|C0225808|[blor]|["Right coronary"-tx-9-"right coronary"-adj-0]|TX|917/14|
00000000|MMI|2.68|Status post|C0231290|[tmco]|["Following"-tx-43-"following"-adj-0]|TX|3842/9|
00000000|MMI|2.68|T wave feature|C0429103|[fndg]|["T wave"-tx-28-"T wave"-noun-1]|TX|2230/6|
00000000|MMI|2.68|Twice - dosing instruction fragment|C1720725|[inpr]|["Twice"-tx-13-"twice"-adv-0]|TX|1399/5|
00000000|MMI|2.66|Furosemide 20 MG|C0986198|[clnd]|["Furosemide 20 MG"-tx-44-"Lasix 20 mg"-noun-0]|TX|4081/11|
00000000|MMI|2.66|Exercise stress ECG test|C1304755|[diap]|["Exercise tolerance test"-tx-1-"EXERCISE TOLERANCE TEST"-noun-0]|TX|73/23|
00000000|MMI|2.66|55|C0450382|[inpr]|["55"-tx-28-"55"-integer-0]|TX|2204/2|
00000000|MMI|2.66|Circumflex|C1880089|[spco]|["Circumflex"-tx-9-"circumflex"-noun-0]|TX|879/10|
00000000|MMI|2.66|Known|C0205309|[qlco]|["Known"-tx-15-"known"-adj-0]|TX|1581/5|
00000000|MMI|2.66|Left anterior|C0441998|[spco]|["Left anterior"-tx-7-"left anterior"-adj-0]|TX|750/13|
00000000|MMI|2.66|Potassium supplementation (product)|C0561938|[phsu]|["Potassium supplementation"-tx-44-"potassium supplementation"-noun-0]|TX|3984/25|
00000000|MMI|2.65|Internal mammary-coronary artery bypass graft|C1293394|[topp]|["Internal mammary-coronary artery bypass graft"-tx-32-"coronary artery bypass grafting internal mammary"-noun-0]|TX|2772/31,2819/16|
00000000|MMI|2.65|Borg Category-Ratio 10 Perceived Exertion Score 3|C4049706|[inpr]|["Moderate"-tx-29-"moderate"-adj-0]|TX|2340/8|
00000000|MMI|2.65|Character String Data Type|C3272372|[inpr]|["ST"-tx-28-"ST"-noun-0]|TX|2227/2|
00000000|MMI|2.65|Inferior|C0542339|[spco]|["INFERIOR"-tx-29-"inferior"-adj-0]|TX|2349/8|
00000000|MMI|2.65|Moderate (severity modifier)|C0205081|[qlco]|["Moderate"-tx-29-"moderate"-adj-0]|TX|2340/8|
00000000|MMI|2.65|Moderate Extremity Pain|C4049705|[inpr]|["Moderate"-tx-29-"moderate"-adj-0]|TX|2340/8|
00000000|MMI|2.65|Moderation|C1881878|[qlco]|["MODERATE"-tx-29-"moderate"-adj-0]|TX|2340/8|
00000000|MMI|2.65|Old|C0580836|[tmco]|["Old"-tx-2-"old"-noun-0]|TX|213/3|
00000000|MMI|2.65|inferiority|C0678975|[socb]|["inferior"-tx-29-"inferior"-adj-0]|TX|2349/8|
00000000|MMI|2.65|per year|C0439508|[tmco]|["/Year"-tx-2-"year"-noun-0]|TX|208/4|
00000000|MMI|2.64|+5|C0728893|[qnco]|["+5"-tx-1-"5"-fraction-0]|TX|130/1|
00000000|MMI|2.64|>5|C0439084|[qnco]|[">5"-tx-1-"5"-fraction-0]|TX|130/1|
00000000|MMI|2.64|Spray Dosage Form|C1154182|[bodm]|["Sprays"-tx-44-"sprays"-noun-0]|TX|4189/6|
00000000|MMI|2.64|Spray Dosing Unit|C1704413|[qnco]|["Sprays"-tx-44-"sprays"-noun-0]|TX|4189/6|
00000000|MMI|2.64|Spraying behavior|C0233601|[mobd]|["sprays"-tx-44-"sprays"-noun-0]|TX|4189/6|
00000000|MMI|2.64|Descending|C0205386|[qlco]|["Descending"-tx-7-"descending"-noun-0]|TX|764/10|
00000000|MMI|2.64|Sequencing - Descending|C1547177|[ftcn]|["Descending"-tx-7-"descending"-noun-0]|TX|764/10|
00000000|MMI|2.64|mEq|C0439152|[qnco]|["mEq"-tx-44-"mEq"-noun-0]|TX|4013/3|
00000000|MMI|2.64|60%|C3842585|[fndg]|["60%"-tx-6-"60"-percentage-0]|TX|687/2|
00000000|MMI|2.64|Diagnostic interview schedule|C0451119|[inpr]|["DIS"-tx-1-"DIS"-noun-0]|TX|108/3|
00000000|MMI|2.64|Discontinued|C1444662|[fndg]|["DIS"-tx-1-"DIS"-noun-0]|TX|108/3|
00000000|MMI|2.64|Inhaler Dosing Unit|C1881212|[qnco]|["INHALER"-tx-44-"inhaler"-noun-0]|TX|4235/7|
00000000|MMI|2.64|Patient need for (contextual qualifier)|C0686904|[ftcn]|["needed"-tx-44-"needed"-adj-0]|TX|4216/6|
00000000|MMI|2.64|Two|C0205448|[qnco]|["Two"-tx-44-"two"-noun-0]|TX|4243/3|
00000000|MMI|2.63|Entire left radial artery|C1267375|[bpoc]|["Left radial artery"-tx-30-"left radial artery"-noun-0]|TX|2511/18|
00000000|MMI|2.63|Structure of left radial artery|C0226439|[bpoc]|["Left radial artery"-tx-30-"left radial artery"-noun-0]|TX|2511/18|
00000000|MMI|2.63|Anterior|C0205094|[ftcn]|["ANTERIOR"-tx-29-"anterior"-adj-0]|TX|2391/8|
00000000|MMI|2.63|Bedtime (qualifier value)|C0521112|[tmco]|["Bedtime"-tx-44-"bedtime"-noun-0]|TX|4430/7|
00000000|MMI|2.63|Closure by staple|C0185012|[topp]|["Staples"-tx-43-"staples"-noun-0]|TX|3648/7|
00000000|MMI|2.63|Distal|C0205108|[spco]|["DISTAL"-tx-29-"distal"-adj-0]|TX|2384/6|
00000000|MMI|2.63|Pain NOS Adverse Event|C1962977|[fndg]|["Pain NOS"-tx-44-"pain"-noun-0]|TX|4325/4|
00000000|MMI|2.62|0%|C3842591|[fndg]|["0%"-tx-25-"0"-integer-0]|TX|1997/1|
00000000|MMI|2.62|S1|C3715215|[fndg]|["S1"-tx-20-"S1"-noun-1]|TX|1732/2|
00000000|MMI|2.62|Testicular Cancer Serum Markers Test Result S1|C3814877|[lbtr]|["S1"-tx-20-"S1"-noun-1]|TX|1732/2|
00000000|MMI|2.62|dictated - DocumentCompletion|C1609990|[idcn]|["Dictated"-tx-46-"Dictated"-noun-0]|TX|4567/8|
00000000|MMI|2.62|dictated - ParticipationMode|C1548384|[ftcn]|["dictated"-tx-46-"Dictated"-noun-0]|TX|4567/8|
00000000|MMI|2.62|Post|C0687676|[tmco]|["Post"-tx-29