00000000|MMI|234.84|Patients|C0030705|[podg]|["*^patient"-tx-55-"patient"-noun-0,"*^patient"-tx-50-"patient"-noun-0,"*^patient"-tx-49-"patient"-noun-0,"*^patient"-tx-47-"patient"-noun-0,"*^patient"-tx-46-"patient"-noun-0,"*^patient"-tx-45-"patient's"-noun-0,"*^patient"-tx-42-"patient"-noun-0,"*^patient"-tx-41-"patient"-noun-0,"*^patient"-tx-38-"patient"-noun-0,"*^patient"-tx-37-"patient"-noun-0,"*^patient"-tx-35-"patient"-noun-0,"*^patient"-tx-34-"patient"-noun-0,"*^patient"-tx-31-"patient"-noun-0,"*^patient"-tx-30-"patient"-noun-0,"*^patient"-tx-29-"patient"-noun-0,"*^patient"-tx-28-"patient"-noun-0,"*^patient"-tx-27-"patient"-noun-0,"*^patient"-tx-26-"patient"-noun-0,"*^patient"-tx-25-"patient"-noun-0,"*^patient"-tx-24-"patient"-noun-0,"*^patient"-tx-23-"patient"-noun-0,"*^patient"-tx-5-"patient"-noun-0,"*^patient"-tx-4-"patient"-noun-0]|TX|4732/7;4339/7;4255/7;4106/7;4039/7;3880/9;3658/7;3552/7;3133/7;3000/7;2803/7;2741/7;2481/7;2399/7;2235/7;2138/7;[1973/7],[2048/7];1804/7;[1658/7],[1731/7];[1488/7],[1565/7];1391/7;592/7;522/7|M01.643
00000000|MMI|131.14|Abortion consent:Finding:Point in time:^Patient:Document|C2360836|[clna]|["Patient"-tx-55-"patient"-noun-0,"Patient"-tx-50-"patient"-noun-0,"Patient"-tx-49-"patient"-noun-0,"Patient"-tx-47-"patient"-noun-0,"Patient"-tx-46-"patient"-noun-0,"Patient"-tx-45-"patient's"-noun-0,"Patient"-tx-42-"patient"-noun-0,"Patient"-tx-41-"patient"-noun-0,"Patient"-tx-38-"patient"-noun-0,"Patient"-tx-37-"patient"-noun-0,"Patient"-tx-35-"patient"-noun-0,"Patient"-tx-34-"patient"-noun-0,"Patient"-tx-31-"patient"-noun-0,"Patient"-tx-30-"patient"-noun-0,"Patient"-tx-29-"patient"-noun-0,"Patient"-tx-28-"patient"-noun-0,"Patient"-tx-27-"patient"-noun-0,"Patient"-tx-26-"patient"-noun-0,"Patient"-tx-25-"patient"-noun-0,"Patient"-tx-24-"patient"-noun-0,"Patient"-tx-23-"patient"-noun-0,"Patient"-tx-5-"patient"-noun-0,"Patient"-tx-4-"patient"-noun-0]|TX|4732/7;4339/7;4255/7;4106/7;4039/7;3880/9;3658/7;3552/7;3133/7;3000/7;2803/7;2741/7;2481/7;2399/7;2235/7;2138/7;[1973/7],[2048/7];1804/7;[1658/7],[1731/7];[1488/7],[1565/7];1391/7;592/7;522/7|
00000000|MMI|131.14|Hysterectomy consent:Finding:Point in time:^Patient:Document|C2360838|[clna]|["Patient"-tx-55-"patient"-noun-0,"Patient"-tx-50-"patient"-noun-0,"Patient"-tx-49-"patient"-noun-0,"Patient"-tx-47-"patient"-noun-0,"Patient"-tx-46-"patient"-noun-0,"Patient"-tx-45-"patient's"-noun-0,"Patient"-tx-42-"patient"-noun-0,"Patient"-tx-41-"patient"-noun-0,"Patient"-tx-38-"patient"-noun-0,"Patient"-tx-37-"patient"-noun-0,"Patient"-tx-35-"patient"-noun-0,"Patient"-tx-34-"patient"-noun-0,"Patient"-tx-31-"patient"-noun-0,"Patient"-tx-30-"patient"-noun-0,"Patient"-tx-29-"patient"-noun-0,"Patient"-tx-28-"patient"-noun-0,"Patient"-tx-27-"patient"-noun-0,"Patient"-tx-26-"patient"-noun-0,"Patient"-tx-25-"patient"-noun-0,"Patient"-tx-24-"patient"-noun-0,"Patient"-tx-23-"patient"-noun-0,"Patient"-tx-5-"patient"-noun-0,"Patient"-tx-4-"patient"-noun-0]|TX|4732/7;4339/7;4255/7;4106/7;4039/7;3880/9;3658/7;3552/7;3133/7;3000/7;2803/7;2741/7;2481/7;2399/7;2235/7;2138/7;[1973/7],[2048/7];1804/7;[1658/7],[1731/7];[1488/7],[1565/7];1391/7;592/7;522/7|
00000000|MMI|131.14|Sterilization consent:Finding:Point in time:^Patient:Document|C2360840|[clna]|["Patient"-tx-55-"patient"-noun-0,"Patient"-tx-50-"patient"-noun-0,"Patient"-tx-49-"patient"-noun-0,"Patient"-tx-47-"patient"-noun-0,"Patient"-tx-46-"patient"-noun-0,"Patient"-tx-45-"patient's"-noun-0,"Patient"-tx-42-"patient"-noun-0,"Patient"-tx-41-"patient"-noun-0,"Patient"-tx-38-"patient"-noun-0,"Patient"-tx-37-"patient"-noun-0,"Patient"-tx-35-"patient"-noun-0,"Patient"-tx-34-"patient"-noun-0,"Patient"-tx-31-"patient"-noun-0,"Patient"-tx-30-"patient"-noun-0,"Patient"-tx-29-"patient"-noun-0,"Patient"-tx-28-"patient"-noun-0,"Patient"-tx-27-"patient"-noun-0,"Patient"-tx-26-"patient"-noun-0,"Patient"-tx-25-"patient"-noun-0,"Patient"-tx-24-"patient"-noun-0,"Patient"-tx-23-"patient"-noun-0,"Patient"-tx-5-"patient"-noun-0,"Patient"-tx-4-"patient"-noun-0]|TX|4732/7;4339/7;4255/7;4106/7;4039/7;3880/9;3658/7;3552/7;3133/7;3000/7;2803/7;2741/7;2481/7;2399/7;2235/7;2138/7;[1973/7],[2048/7];1804/7;[1658/7],[1731/7];[1488/7],[1565/7];1391/7;592/7;522/7|
00000000|MMI|58.99|Togo|C0040363|[geoa]|["TO"-tx-55-"to"-adv-0,"TO"-tx-51-"to"-adv-0,"TO"-tx-47-"to"-adv-0,"TO"-tx-46-"to"-adv-0,"TO"-tx-40-"to"-adv-0,"TO"-tx-31-"to"-adv-0,"TO"-tx-25-"to"-adv-0]|TX|4743/2;4453/2;4124/2;4056/2;3478/2;2499/2;1749/2|Z01.058.290.190.800
00000000|MMI|58.99|Tryptophanase|C0041260|[aapp,enzy]|["TO"-tx-55-"to"-adv-0,"TO"-tx-51-"to"-adv-0,"TO"-tx-47-"to"-adv-0,"TO"-tx-46-"to"-adv-0,"TO"-tx-40-"to"-adv-0,"TO"-tx-31-"to"-adv-0,"TO"-tx-25-"to"-adv-0]|TX|4743/2;4453/2;4124/2;4056/2;3478/2;2499/2;1749/2|D08.811.520.224.800
00000000|MMI|32.55|Postoperative Period|C0032790|[tmco]|["Postoperative"-tx-49-"postoperative"-noun-0,"Postoperative"-tx-39-"postoperative"-noun-0,"Postoperative"-tx-31-"postoperative"-noun-0,"Postoperative"-tx-28-"postoperative"-noun-0]|TX|4220/13;3243/13;2456/13;2113/13|E04.614.750;N02.421.585.753.750
00000000|MMI|29.04|Femur|C0015811|[bpoc]|["Femoral"-tx-24-"femoral"-adj-0,"Femoral"-tx-23-"femoral"-adj-0,"Femoral"-tx-2-"femoral"-adj-0]|TX|1611/7;1449/7;347/7|A02.835.232.043.650.247
00000000|MMI|26.16|Mongolia|C0026410|[geoa]|["MG"-tx-67-"mg"-noun-0,"MG"-tx-61-"mg"-noun-0,"MG"-tx-17-"mg"-noun-0,"MG"-tx-15-"mg"-noun-0]|TX|5293/2;5050/2;1223/2;1139/2|Z01.252.474.651
00000000|MMI|24.52|Pain|C0030193|[sosy]|["PAIN"-tx-66-"pain"-noun-0,"PAIN"-tx-64-"pain"-noun-0,"PAIN"-tx-4-"pain"-noun-0]|TX|5216/4;5135/4;538/4|C10.597.617;C23.888.592.612;F02.830.816.444;G11.561.600.810.444
00000000|MMI|24.35|Echocardiography|C0013516|[diap]|["ECHOCARDIOGRAM"-tx-39-"echocardiogram"-noun-0,"ECHOCARDIOGRAM"-tx-33-"echocardiogram"-noun-0]|TX|[3225/14],[3300/14];2628/14|E01.370.350.130.750;E01.370.350.850.220;E01.370.370.380.220
00000000|MMI|24.19|Iodides|C0021966|[inch]|["I-"-tx-57-"I"-noun-0,"I-"-tx-54-"I"-noun-0,"I-"-tx-15-"i"-adv-0]|TX|4808/1;4616/1;1149/1|D01.248.497.158.490;D01.475.410
00000000|MMI|22.50|Antibiotics, Antitubercular|C0003237|[antb]|["Antibiotics"-tx-44-"antibiotics"-noun-0,"Antibiotics"-tx-30-"antibiotics"-noun-0]|TX|3790/11;2439/11|D27.505.954.122.085.255.135
00000000|MMI|22.44|Digoxin|C0012265|[orch,phsu]|["DIGOXIN"-tx-60-"Digoxin"-noun-0,"DIGOXIN"-tx-35-"Digoxin"-noun-0]|TX|4988/7;2888/7|D04.808.155.580.130.500.436;D04.808.155.580.130.688;D09.408.180.261.436
00000000|MMI|22.38|Hydrochlorothiazide|C0020261|[orch,phsu]|["HYDROCHLOROTHIAZIDE"-tx-62-"Hydrochlorothiazide"-noun-0,"HYDROCHLOROTHIAZIDE"-tx-16-"Hydrochlorothiazide"-noun-0]|TX|5067/19;1156/19|D02.886.590.700.135.261.476;D02.886.655.500.261.476;D03.438.174.261.476
00000000|MMI|22.02|Cardiology discipline|C0007189|[bmod]|["Cardiology"-tx-40-"Cardiology"-noun-0,"Cardiology"-tx-36-"Cardiology"-noun-0,"Cardiology"-tx-33-"Cardiology"-noun-0]|TX|3457/10;2898/10;2576/10|H02.403.429.163
00000000|MMI|20.00|Aortic Valve Stenosis|C0003507|[dsyn]|["AORTIC STENOSIS"-tx-39-"aortic stenosis"-noun-0,"AORTIC STENOSIS"-tx-33-"aortic stenosis"-noun-0,"AORTIC STENOSIS"-tx-9-"Aortic stenosis"-noun-0]|TX|3403/15;2701/15;778/15|C14.280.484.150;C14.280.955.249
00000000|MMI|19.78|Diet|C0012155|[food]|["Diet"-tx-52-"DIET"-noun-0,"Diet"-tx-52-"diet"-noun-0,"regular diet?"-tx-48-"regular diet"-noun-0]|TX|4480/4;4511/4;4158/12|G07.203.650.240
00000000|MMI|19.48|Operating Room|C0029064|[hcro,mnob]|["OPERATING ROOM"-tx-28-"operating room"-noun-0,"OPERATING ROOM"-tx-26-"operating room"-noun-0,"OPERATING ROOM"-tx-24-"operating room"-noun-0]|TX|2176/14;1836/14;1590/14|N02.278.388.700
00000000|MMI|19.33|Lopressor|C0700776|[orch,phsu]|["Lopressor"-tx-64-"Lopressor"-noun-0,"Lopressor"-tx-15-"Lopressor"-noun-0]|TX|5142/9;1126/9|D02.033.100.624.698.573;D02.033.755.624.698.573;D02.092.063.624.698.573
00000000|MMI|19.32|Patient Discharge|C0030685|[hlca]|["Discharged"-tx-58-"discharged"-verb-0,"Discharge"-tx-54-"discharge"-noun-0]|TX|4902/10;4683/9|E02.204.125;E02.760.400.610;N02.421.192.125;N02.421.585.400.610;N04.590.233.727.210.125
00000000|MMI|17.05|milligram/day|C0439422|[qnco]|["mg/d"-tx-66-"mg d"-noun-0,"mg/d"-tx-64-"mg d"-noun-0,"mg/d"-tx-62-"mg d"-noun-0,"mg/d"-tx-60-"mg d"-noun-0,"mg/d"-tx-58-"mg d"-noun-0,"mg/d"-tx-19-"mg d"-noun-0,"mg/d"-tx-18-"mg d"-noun-0,"mg/d"-tx-16-"mg d"-noun-0,"mg/d"-tx-15-"mg d"-noun-0]|TX|5234/2,5246/1;5155/2,5167/1;5090/2,5100/1;5001/2,5011/1;4943/2,4953/1;1304/2,1314/1;1277/2,1287/1;1179/2,1189/1;1139/2,1151/1|
00000000|MMI|16.19|Antibiotics|C0003232|[antb]|["Antibiotics"-tx-44-"antibiotics"-noun-0,"Antibiotics"-tx-30-"antibiotics"-noun-0]|TX|3790/11;2439/11|D27.505.954.122.085
00000000|MMI|15.03|Erythema|C0041834|[dsyn]|["Redness"-tx-54-"redness"-noun-0,"ERYTHEMA"-tx-44-"erythema"-noun-0,"ERYTHEMA"-tx-43-"erythema"-noun-0]|TX|4672/7;3810/8;3717/8|C17.800.229
00000000|MMI|14.64|Consultation|C0009818|[hlca]|["Consult"-tx-46-"consult"-verb-0,"Consult"-tx-33-"consult"-verb-0]|TX|4010/7;2587/7|N04.452.758.849
00000000|MMI|14.32|Aspirin|C0004057|[orch,phsu]|["ASPIRIN"-tx-19-"aspirin"-noun-0]|TX|1292/7|D02.455.426.559.389.657.410.595.176
00000000|MMI|13.87|Time|C0040223|[tmco]|["TIME"-tx-49-"time"-noun-0,"TIME"-tx-38-"time"-noun-0,"TIME"-tx-33-"time"-noun-0,"TIME"-tx-26-"time"-noun-0]|TX|4309/4;3124/4;2616/4;1860/4|G01.910
00000000|MMI|13.83|To|C1883351|[qlco]|["To"-tx-55-"to"-adv-0,"To"-tx-51-"to"-adv-0,"To"-tx-47-"to"-adv-0,"To"-tx-46-"to"-adv-0,"To"-tx-40-"to"-adv-0,"To"-tx-31-"to"-adv-0,"To"-tx-25-"to"-adv-0]|TX|4743/2;4453/2;4124/2;4056/2;3478/2;2499/2;1749/2|
00000000|MMI|13.28|Transplanted tissue|C0332835|[tisu]|["GRAFT"-tx-26-"graft"-noun-0,"GRAFT"-tx-24-"graft"-noun-0,"GRAFT"-tx-23-"graft"-noun-0,"GRAFT"-tx-2-"graft"-noun-0]|TX|1935/5;1646/5;1476/5;374/5|A01.941
00000000|MMI|12.95|Rehabilitation therapy|C0034991|[topp]|["Rehabilitation"-tx-49-"rehabilitation"-noun-0,"Rehabilitation"-tx-41-"rehabilitation"-noun-0]|TX|4285/14;3627/14|E02.831;H02.403.680.600;N02.421.784
00000000|MMI|12.85|day|C0439228|[tmco]|["DAYS"-tx-68-"days"-noun-0,"DAYS"-tx-49-"days"-noun-0,"DAYS"-tx-44-"days"-noun-0,"DAYS"-tx-38-"days"-noun-0,"DAY"-tx-31-"day"-noun-0,"DAYS"-tx-4-"days"-noun-0,"DAYS"-tx-3-"days"-noun-0]|TX|5355/4;4234/4;3859/4;3094/4;2470/3;513/4;452/4|
00000000|MMI|12.80|Ancef|C0700926|[antb,orch]|["Ancef"-tx-30-"Ancef"-noun-0]|TX|2433/5|D02.065.589.099.249.160;D02.886.665.074.160;D04.075.080.875.099.221.249.160
00000000|MMI|11.27|Adrenergic beta-Antagonists|C0001645|[phsu]|["Beta Blocker"-tx-35-"beta blocker"-noun-0]|TX|2823/12|D27.505.519.625.050.200.200;D27.505.696.577.050.200.200
00000000|MMI|11.18|Oxycontin|C0722364|[orch,phsu]|["OxyContin"-tx-67-"Oxycontin"-noun-0]|TX|5280/9|D03.132.577.249.562.149.575;D03.549.686.607.204.650;D03.605.497.607.204.650;D04.615.723.795.576.149.575
00000000|MMI|10.49|Bypass graft|C0185098|[topp]|["Bypass graft"-tx-28-"bypass graft"-noun-0,"Bypass graft"-tx-24-"bypass graft"-noun-0,"Bypass graft"-tx-23-"bypass graft"-noun-0,"Bypass graft"-tx-2-"bypass graft"-noun-0,"Bypass graft"-tx-1-"BYPASS GRAFT"-noun-0]|TX|2216/12;[1529/12],[1639/12];1469/12;367/12;72/12|
00000000|MMI|10.49|Left|C0205091|[spco]|["LEFT"-tx-28-"left"-adj-0,"LEFT"-tx-23-"left"-adj-0,"LEFT"-tx-10-"Left"-adj-0,"LEFT"-tx-4-"left"-noun-0,"LEFT"-tx-3-"left"-noun-0,"LEFT"-tx-2-"left"-adj-0]|TX|2211/4;1444/4;819/4;576/4;460/4;342/4|
00000000|MMI|10.49|Left sided|C0443246|[spco]|["Left"-tx-28-"left"-adj-0,"Left"-tx-23-"left"-adj-0,"Left"-tx-10-"Left"-adj-0,"Left"-tx-4-"left"-noun-0,"Left"-tx-3-"left"-noun-0,"Left"-tx-2-"left"-adj-0]|TX|2211/4;1444/4;819/4;576/4;460/4;342/4|
00000000|MMI|10.49|Table Cell Horizontal Align - left|C1552822|[ftcn]|["left"-tx-28-"left"-adj-0,"left"-tx-23-"left"-adj-0,"left"-tx-10-"Left"-adj-0,"left"-tx-4-"left"-noun-0,"left"-tx-3-"left"-noun-0,"left"-tx-2-"left"-adj-0]|TX|2211/4;1444/4;819/4;576/4;460/4;342/4|
00000000|MMI|9.91|Diet therapy|C0012159|[hlca]|["Diet"-tx-52-"DIET"-noun-0,"Diet"-tx-52-"diet"-noun-0]|TX|4480/4;4511/4|E02.642.249
00000000|MMI|9.81|Hospitals|C0019994|[hcro,mnob]|["HOSPITAL"-tx-54-"Hospital"-noun-0,"HOSPITAL"-tx-29-"hospital"-noun-0]|TX|4624/8;2379/8|N02.278.421
00000000|MMI|9.80|Rehabilitation aspects|C0034992|[ftcn]|["Rehabilitation"-tx-49-"rehabilitation"-noun-0,"Rehabilitation"-tx-41-"rehabilitation"-noun-0]|TX|4285/14;3627/14|x.x.x
00000000|MMI|9.60|Angiotensin-Converting Enzyme Inhibitors|C0003015|[phsu]|["ACE Inhibitor"-tx-36-"Ace inhibitor"-noun-0]|TX|2945/13|D27.505.519.389.745.085
00000000|MMI|9.58|Bone structure of tibia|C0040184|[bpoc]|["Tibial"-tx-24-"tibial"-adj-0]|TX|1632/6|A02.835.232.043.650.883
00000000|MMI|9.12|Left lower extremity|C0230416|[bpoc]|["Left lower extremity"-tx-53-"left lower extremity"-noun-0,"Left lower extremity"-tx-43-"left lower extremity"-noun-0,"Left lower extremity"-tx-3-"left lower extremity"-noun-0,"Left lower extremity"-tx-2-"left lower extremity"-noun-0,"Left lower extremity"-tx-1-"Left lower extremity"-noun-0]|TX|4534/20;3733/20;460/20;395/20;186/20|
00000000|MMI|9.03|femoral-femoral bypass|C0743860|[topp]|["femoral bypass"-tx-24-"femoral bypass"-noun-0,"femoral bypass"-tx-23-"femoral bypass"-noun-0,"femoral bypass"-tx-11-"femoral bypass"-noun-0,"femoral bypass"-tx-10-"femoral bypass"-noun-0,"femoral bypass"-tx-2-"femoral bypass"-noun-0]|TX|1611/7,1639/6;1449/7,1469/6;875/7,895/6;824/7,844/6;347/7,367/6|
00000000|MMI|8.14|Blood Pressure|C0005823|[orgf]|["BLOOD PRESSURE"-tx-36-"blood pressure"-noun-0]|TX|2971/14|E01.370.600.875.249;G09.330.380.076
00000000|MMI|8.14|Systemic arterial pressure|C1272641|[fndg]|["Blood pressure"-tx-36-"blood pressure"-noun-0]|TX|2971/14|G09.330.380.076.347
00000000|MMI|8.11|Clotrimazole|C0009074|[orch,phsu]|["CLOT"-tx-26-"clot"-noun-0]|TX|1887/4|D03.383.129.308.175
00000000|MMI|8.10|Postoperative anesthesia care unit (PACU)|C0034871|[hcro,mnob]|["Recovery room"-tx-27-"recovery room"-noun-0]|TX|2001/13|N02.278.388.493.592
00000000|MMI|8.08|heart rate|C0018810|[clna]|["Heart Rate"-tx-35-"heart rate"-noun-0]|TX|2845/10|E01.370.600.875.500;G09.330.380.500
00000000|MMI|8.02|Amlodipine|C0051696|[orch,phsu]|["AMLODIPINE"-tx-18-"Amlodipine"-noun-0]|TX|1264/10|D03.383.725.203.065
00000000|MMI|8.02|Cardiac Catheterization Procedures|C0018795|[hlca]|["Cardiac catheterisation"-tx-41-"cardiac catheterization"-noun-0]|TX|3571/23|E01.370.370.380.140;E02.148.442;E05.157.250
00000000|MMI|8.02|Patient Rights|C0030706|[idcn]|["Right, Patient's"-tx-45-"patient's right"-noun-0]|TX|3880/9,3907/5|I01.880.604.473.650;N03.706.437.650
00000000|MMI|8.01|Dominican Republic|C0013014|[geoa]|["DR"-tx-55-"Dr"-noun-0]|TX|4761/2|Z01.107.084.900.300;Z01.639.880.300
00000000|MMI|7.79|Cardiology service|C3887620|[hcro]|["Cardiology"-tx-40-"Cardiology"-noun-0,"Cardiology"-tx-36-"Cardiology"-noun-0,"Cardiology"-tx-33-"Cardiology"-noun-0]|TX|3457/10;2898/10;2576/10|
00000000|MMI|7.79|Continuous|C0549178|[idcn]|["Continue"-tx-51-"continue"-verb-0,"Continued"-tx-47-"continued"-verb-0,"Continued"-tx-40-"continued"-verb-0]|TX|4414/8;4114/9;3468/9|
00000000|MMI|7.79|Revealed|C0443289|[qlco]|["revealing"-tx-39-"revealing"-verb-0,"Revealed"-tx-33-"revealed"-verb-0,"Revealed"-tx-32-"revealed"-verb-0]|TX|3325/9;2643/8;2543/8|
00000000|MMI|7.52|Time (foundation metadata concept)|C3541383|[tmco]|["Time"-tx-49-"time"-noun-0,"Time"-tx-38-"time"-noun-0,"Time"-tx-33-"time"-noun-0,"Time"-tx-26-"time"-noun-0]|TX|4309/4;3124/4;2616/4;1860/4|
00000000|MMI|7.36|Good|C0205170|[qlco]|["Well"-tx-47-"well"-adv-0,"Well"-tx-42-"well"-adv-0,"Well"-tx-29-"well"-adv-0,"Well"-tx-25-"well"-adv-0]|TX|4136/4;3677/4;2267/4;1690/4|
00000000|MMI|7.36|Well|C3146287|[mnob]|["Well"-tx-47-"well"-adv-0,"Well"-tx-42-"well"-adv-0,"Well"-tx-29-"well"-adv-0,"Well"-tx-25-"well"-adv-0]|TX|4136/4;3677/4;2267/4;1690/4|
00000000|MMI|7.31|Ability|C0085732|[orga]|["Able"-tx-46-"able"-adj-0]|TX|4051/4|F02.784.629.131
00000000|MMI|7.31|Diabetes Mellitus|C0011849|[dsyn]|["DIABETES MELLITUS"-tx-8-"Diabetes mellitus"-noun-0]|TX|758/17|C18.452.394.750;C19.246
00000000|MMI|7.31|Fever|C0015967|[fndg]|["Fevers"-tx-54-"fevers"-noun-0]|TX|4651/6|C23.888.119.344
00000000|MMI|7.13|Magnesium Cation|C2346927|[elii,phsu]|["Mg++"-tx-67-"mg"-noun-0,"Mg++"-tx-61-"mg"-noun-0,"Mg++"-tx-17-"mg"-noun-0,"Mg++"-tx-15-"mg"-noun-0]|TX|5293/2;5050/2;1223/2;1139/2|
00000000|MMI|7.13|Milligram percent|C1960952|[qnco]|["mg %"-tx-67-"mg"-noun-0,"mg %"-tx-61-"mg"-noun-0,"mg %"-tx-17-"mg"-noun-0,"mg %"-tx-15-"mg"-noun-0]|TX|5293/2;5050/2;1223/2;1139/2|
00000000|MMI|7.13|mg/dL|C0439269|[qnco]|["mg%"-tx-67-"mg"-noun-0,"mg%"-tx-61-"mg"-noun-0,"mg%"-tx-17-"mg"-noun-0,"mg%"-tx-15-"mg"-noun-0]|TX|5293/2;5050/2;1223/2;1139/2|
00000000|MMI|7.03|Entire left foot|C1279999|[bpoc]|["Left foot"-tx-27-"left foot"-noun-0,"Left foot"-tx-25-"left foot"-noun-0,"Left foot"-tx-5-"left foot"-noun-0,"Left foot"-tx-4-"left foot"-noun-0]|TX|2098/9;1788/9;624/9;576/9|
00000000|MMI|7.03|Structure of left foot|C0230461|[bpoc]|["Left Foot"-tx-27-"left foot"-noun-0,"Left Foot"-tx-25-"left foot"-noun-0,"Left Foot"-tx-5-"left foot"-noun-0,"Left Foot"-tx-4-"left foot"-noun-0]|TX|2098/9;1788/9;624/9;576/9|
00000000|MMI|6.94|Physical therapy|C0949766|[topp]|["Physical Therapy"-tx-51-"physical therapy"-noun-0,"Physical Therapy"-tx-46-"Physical therapy"-noun-0]|TX|4436/16;3993/16|E02.779
00000000|MMI|6.93|Graft material|C0181074|[bodm]|["{Graft}"-tx-26-"graft"-noun-0,"{Graft}"-tx-24-"graft"-noun-0,"{Graft}"-tx-23-"graft"-noun-0,"{Graft}"-tx-2-"graft"-noun-0]|TX|1935/5;1646/5;1476/5;374/5|
00000000|MMI|6.93|Grafting procedure|C1961139|[topp]|["Graft, NOS"-tx-26-"graft"-noun-0,"Graft, NOS"-tx-24-"graft"-noun-0,"Graft, NOS"-tx-23-"graft"-noun-0,"Graft, NOS"-tx-2-"graft"-noun-0]|TX|1935/5;1646/5;1476/5;374/5|
00000000|MMI|6.89|Peroneal|C0442035|[spco]|["Peroneal"-tx-23-"peroneal"-adj-0,"Peroneal"-tx-11-"peroneal"-adj-0,"Peroneal"-tx-10-"peroneal"-adj-0,"Peroneal"-tx-2-"peroneal"-adj-0]|TX|1460/8;886/8;835/8;358/8|
00000000|MMI|6.60|Aortic Valve Insufficiency|C0003504|[dsyn]|["AORTIC REGURGITATION"-tx-39-"aortic regurgitation"-noun-0]|TX|3434/20|C14.280.484.095
00000000|MMI|6.58|Blood Vessel|C0005847|[bpoc]|["Vascular"-tx-57-"vascular"-adj-0,"Vascular"-tx-56-"vascular"-adj-0]|TX|4825/8;4778/8|A07.231
00000000|MMI|6.56|Desiccation|C0011682|[npop]|["Dry"-tx-45-"dry"-adj-0]|TX|3961/3|E05.196.335;G02.149.767.530;G02.842.750.530
00000000|MMI|6.52|Zantac|C0592278|[orch,phsu]|["Zantac"-tx-66-"Zantac"-noun-0]|TX|5223/6|D03.383.312.750
00000000|MMI|6.51|Positioning patient (procedure)|C1561964|[hlca]|["Positioning"-tx-5-"positioning"-noun-0]|TX|677/11|E02.760.670;N02.421.585.700
00000000|MMI|6.50|Urination|C0042034|[orgf]|["void"-tx-48-"voided"-verb-0]|TX|4189/6|G08.852.796.877
00000000|MMI|6.50|Helping Behavior|C0018896|[socb]|["Assistance"-tx-46-"assistance"-noun-0]|TX|4077/10|F01.145.813.225
00000000|MMI|6.50|Walkers|C0043016|[medd]|["Walker"-tx-46-"walker"-noun-0]|TX|4093/6|E07.858.442.980
00000000|MMI|6.45|Myocardial Infarction|C0027051|[dsyn]|["Infarction, Myocardial"-tx-34-"myocardial infarction"-noun-0]|TX|2775/21|C14.280.647.500;C14.907.585.500
00000000|MMI|6.45|Staple, Surgical|C0524724|[medd]|["staples"-tx-45-"staples"-noun-0]|TX|3983/7|E07.858.690.820
00000000|MMI|6.44|Physicians|C0031831|[prog]|["DR"-tx-55-"Dr"-noun-0]|TX|4761/2|M01.526.485.810;N02.360.810
00000000|MMI|6.43|Upper arm|C0446516|[blor]|["ARM"-tx-45-"arm"-noun-0]|TX|3913/3|A01.378.800.075
00000000|MMI|5.74|Chills|C0085593|[sosy]|["CHILLS"-tx-54-"chills"-noun-0]|TX|4660/6|C23.888.208
00000000|MMI|5.74|Hypertensive disease|C0020538|[dsyn]|["HYPERTENSION"-tx-7-"Hypertension"-noun-0]|TX|743/12|C14.907.489
00000000|MMI|5.74|Peripheral Vascular Diseases|C0085096|[dsyn]|["PERIPHERAL VASCULAR DISEASE"-tx-6-"Peripheral vascular disease"-noun-0]|TX|713/27|C14.907.617
00000000|MMI|5.74|Pulmonary Edema|C0034063|[dsyn]|["PULMONARY OEDEMA"-tx-32-"pulmonary edema"-noun-0]|TX|2558/15|C08.381.742
00000000|MMI|5.55|Pain NOS Adverse Event|C1962977|[fndg]|["Pain NOS"-tx-66-"pain"-noun-0,"Pain NOS"-tx-64-"pain"-noun-0,"Pain NOS"-tx-4-"pain"-noun-0]|TX|5216/4;5135/4;538/4|
00000000|MMI|5.50|CDISC SDTM Procedure Terminology|C3539779|[inpr]|["Procedure"-tx-29-"procedure"-noun-0,"Procedure"-tx-25-"procedure"-noun-0,"Procedure"-tx-1-"PROCEDURE"-noun-0]|TX|2257/9;1680/9;175/9|
00000000|MMI|5.50|Interventional procedure|C0184661|[topp]|["Procedure"-tx-29-"procedure"-noun-0,"Procedure"-tx-25-"procedure"-noun-0,"Procedure"-tx-1-"PROCEDURE"-noun-0]|TX|2257/9;1680/9;175/9|
00000000|MMI|5.50|Physical Medical Procedure|C3274430|[hlca]|["PROCEDURE"-tx-29-"procedure"-noun-0,"PROCEDURE"-tx-25-"procedure"-noun-0,"PROCEDURE"-tx-1-"PROCEDURE"-noun-0]|TX|2257/9;1680/9;175/9|
00000000|MMI|5.50|Procedure (set of actions)|C2700391|[acty]|["Procedure"-tx-29-"procedure"-noun-0,"Procedure"-tx-25-"procedure"-noun-0,"Procedure"-tx-1-"PROCEDURE"-noun-0]|TX|2257/9;1680/9;175/9|
00000000|MMI|5.50|Procedure Domain|C3538935|[inpr]|["Procedure"-tx-29-"procedure"-noun-0,"Procedure"-tx-25-"procedure"-noun-0,"Procedure"-tx-1-"PROCEDURE"-noun-0]|TX|2257/9;1680/9;175/9|
00000000|MMI|5.50|Surgical and medical procedures|C1948041|[topp]|["Procedure"-tx-29-"procedure"-noun-0,"Procedure"-tx-25-"procedure"-noun-0,"Procedure"-tx-1-"PROCEDURE"-noun-0]|TX|2257/9;1680/9;175/9|
00000000|MMI|5.48|Return to (contextual qualifier) (qualifier value)|C0332156|[qlco]|["Return"-tx-41-"return"-noun-0,"Returned"-tx-28-"returned"-verb-0,"Returned"-tx-27-"returned"-verb-0]|TX|3560/6;2146/8;1985/8|
00000000|MMI|5.46|Present|C0150312|[qnco]|["Found"-tx-31-"found"-verb-0,"Found"-tx-26-"found"-verb-0,"Present"-tx-3-"presents"-verb-0]|TX|2493/5;1896/5;431/8|
00000000|MMI|5.45|Retained|C0333118|[ftcn]|["Keep"-tx-53-"keep"-verb-0,"Keep"-tx-35-"kept"-verb-0,"Keep"-tx-30-"kept"-verb-0]|TX|4525/4;2815/4;2411/4|
00000000|MMI|5.38|Echocardiogram (image)|C2243117|[inpr]|["Echocardiogram"-tx-39-"echocardiogram"-noun-0,"Echocardiogram"-tx-33-"echocardiogram"-noun-0]|TX|[3225/14],[3300/14];2628/14|
00000000|MMI|5.33|Registered nurse|C0687673|[prog]|["R.N."-tx-66-"r.n"-adj-0,"R.N."-tx-64-"r.n"-adj-0,"R.N."-tx-21-"r.n"-adj-0]|TX|5211/3;5130/3;1353/3|
00000000|MMI|5.26|Patient location type - Operating Room|C1578465|[spco]|["Operating Room"-tx-28-"operating room"-noun-0,"Operating Room"-tx-26-"operating room"-noun-0,"Operating Room"-tx-24-"operating room"-noun-0]|TX|2176/14;1836/14;1590/14|
00000000|MMI|5.25|50%|C3842586|[fndg]|["50%"-tx-64-"50"-integer-0,"50%"-tx-62-"50"-integer-0,"50%"-tx-16-"50"-integer-0]|TX|5152/2;5087/2;1176/2|
00000000|MMI|5.25|<50|C3843766|[fndg]|["<50"-tx-64-"50"-integer-0,"<50"-tx-62-"50"-integer-0,"<50"-tx-16-"50"-integer-0]|TX|5152/2;5087/2;1176/2|
00000000|MMI|5.23|Three|C0205449|[qnco]|["Three"-tx-68-"three"-word_numeral-0,"Three"-tx-44-"three"-word_numeral-0,"Three"-tx-38-"three"-word_numeral-0]|TX|5338/5;3853/5;3088/5|
00000000|MMI|5.22|Blood group antibody I|C0221138|[aapp,imft]|["I NOS"-tx-57-"I"-noun-0,"I NOS"-tx-54-"I"-noun-0,"I NOS"-tx-15-"i"-adv-0]|TX|4808/1;4616/1;1149/1|
00000000|MMI|5.18|Doctor of Medicine|C1512018|[inpr]|["M.D."-tx-71-"M.D"-noun-0,"M.D."-tx-69-"M.D"-noun-0]|TX|5431/3;5392/3|
00000000|MMI|5.18|Recommendation|C0034866|[idcn]|["Recommended"-tx-41-"recommended"-verb-0,"Recommended"-tx-36-"recommended"-verb-0]|TX|3536/11;2914/11|
00000000|MMI|5.18|status - In progress|C1272688|[ftcn]|["progress"-tx-47-"progress"-verb-0,"progressed"-tx-42-"progressed"-verb-0]|TX|4127/8;3666/10|
00000000|MMI|5.18|failed|C0231175|[ftcn]|["Failed"-tx-23-"failed"-adj-0,"Failed"-tx-13-"failed"-adj-0,"Failed"-tx-1-"FAILED"-adj-0]|TX|1437/6;1014/6;65/6|
00000000|MMI|5.02|Drug Allergy|C0013182|[dsyn]|["Drug Allergies"-tx-14-"drug allergies"-noun-1]|TX|1061/14|C20.543.206;C25.100.468
00000000|MMI|4.99|Beds|C0004916|[mnob]|["Bed"-tx-38-"bed"-noun-0]|TX|3212/3|E07.325.220
00000000|MMI|4.94|inpatient|C0021562|[podg]|["HOSPITAL PATIENT"-tx-40-"patient hospital"-noun-0]|TX|3492/7,3515/8|M01.643.470
00000000|MMI|4.93|Appointments|C0003629|[idcn]|["Appointment"-tx-57-"appointment"-noun-0]|TX|4859/11|N04.452.095
00000000|MMI|4.93|Back|C0004600|[blor]|["BACK"-tx-26-"back"-adj-0]|TX|1824/4|A01.923.176
00000000|MMI|4.92|enzymology|C0014445|[ftcn]|["enzymes"-tx-34-"enzymes"-noun-0]|TX|2761/7|x.x.x
00000000|MMI|4.92|Edema|C0013604|[fndg]|["SWELLING"-tx-3-"swelling"-noun-0]|TX|481/8|C23.888.277
00000000|MMI|4.92|Males|C0086582|[orga]|["MALE"-tx-2-"male"-noun-0]|TX|277/4|x.x.x
00000000|MMI|4.91|Outpatients|C0029921|[podg]|["Outpatient"-tx-15-"outpatient"-noun-0]|TX|1100/10|M01.643.630
00000000|MMI|4.89|Patient Monitoring|C0030695|[hlca]|["monitor"-tx-38-"monitored"-adj-0]|TX|3202/9|E01.370.520
00000000|MMI|4.86|Ambulatory Care Facilities|C0002424|[hcro,mnob]|["Clinic"-tx-56-"clinic"-noun-0]|TX|4787/6|N02.278.035
00000000|MMI|4.86|objective (goal)|C0018017|[inpr]|["Goal"-tx-35-"goal"-noun-0]|TX|2840/4|F01.658.500
00000000|MMI|4.16|Hypersensitivity|C0020517|[patf]|["Allergies"-tx-14-"ALLERGIES"-noun-0]|TX|1041/9|C20.543
00000000|MMI|3.83|Patient Condition Code - Stable|C1547311|[inpr]|["Stable"-tx-38-"stable"-adj-0,"Stable"-tx-37-"stable"-adj-0]|TX|3155/6;3017/6|
00000000|MMI|3.83|Stable status|C0205360|[qlco]|["STABLE"-tx-38-"stable"-adj-0,"STABLE"-tx-37-"stable"-adj-0]|TX|3155/6;3017/6|
00000000|MMI|3.79|Obtain|C1301820|[ftcn]|["Obtained"-tx-46-"obtained"-verb-0,"Obtained"-tx-33-"obtained"-verb-0]|TX|4022/8;2599/8|
00000000|MMI|3.79|Physical therapy (field)|C0699718|[bmod]|["physical therapy"-tx-51-"physical therapy"-noun-0,"physical therapy"-tx-46-"Physical therapy"-noun-0]|TX|4436/16;3993/16|
00000000|MMI|3.76|Clinical Study Follow-up|C3274571|[hlca]|["FOLLOW-UP"-tx-55-"FOLLOWUP"-noun-0,"FOLLOW-UP"-tx-55-"follow-up"-adj-0]|TX|4718/8;4746/9|
00000000|MMI|3.76|Follow-Up Report|C1704685|[inpr]|["Follow-Up"-tx-55-"FOLLOWUP"-noun-0,"Follow-Up"-tx-55-"follow-up"-adj-0]|TX|4718/8;4746/9|
00000000|MMI|3.76|Follow-up status|C0589120|[fndg]|["Follow-up"-tx-55-"FOLLOWUP"-noun-0,"Follow-up"-tx-55-"follow-up"-adj-0]|TX|4718/8;4746/9|
00000000|MMI|3.76|follow-up|C1522577|[hlca]|["Follow Up"-tx-55-"follow-up"-adj-0,"Followup"-tx-55-"FOLLOWUP"-noun-0]|TX|4746/9;4718/8|
00000000|MMI|3.73|Surgical transfer - action|C0348011|[ftcn]|["transferred"-tx-49-"transferred"-verb-0,"surgical transfer"-tx-38-"transferred surgical"-adj-0]|TX|4321/11;3166/11,3183/8|
00000000|MMI|3.71|Quantity Final Containers Returned|C3714905|[qnco]|["Returned"-tx-28-"returned"-verb-0,"Returned"-tx-27-"returned"-verb-0]|TX|2146/8;1985/8|
00000000|MMI|3.69|Medications:-:Point in time:^Patient:-|C2598133|[clna]|["Medications"-tx-15-"MEDICATIONS"-noun-0,"Medications"-tx-15-"medications"-noun-0]|TX|1078/11;1111/11|
00000000|MMI|3.69|Medications:Presence or Identity:Duration of the study:^Patient:Nominal|C0802604|[clna]|["Medications"-tx-15-"MEDICATIONS"-noun-0,"Medications"-tx-15-"medications"-noun-0]|TX|1078/11;1111/11|
00000000|MMI|3.69|Pharmaceutical Preparations|C0013227|[phsu]|["Medications"-tx-15-"MEDICATIONS"-noun-0,"Medications"-tx-15-"medications"-noun-0]|TX|1078/11;1111/11|D26
00000000|MMI|3.67|Ambulate|C4036205|[fndg]|["Ambulate"-tx-48-"ambulated"-adj-0,"Ambulate"-tx-46-"ambulate"-verb-0]|TX|4175/9;4059/8|
00000000|MMI|3.66|Glipizide 10 MG|C0992363|[clnd]|["Glipizide 10 MG"-tx-61-"Glipizide 10 mg"-noun-0,"Glipizide 10 MG"-tx-17-"Glipizide 10 mg"-noun-0]|TX|5016/15;1194/15|
00000000|MMI|3.60|Basal Diet|C2983588|[food]|["DIET"-tx-52-"DIET"-noun-0,"DIET"-tx-52-"diet"-noun-0]|TX|4480/4;4511/4|
00000000|MMI|3.60|Diet (animal life circumstance)|C3668949|[food]|["Diet"-tx-52-"DIET"-noun-0,"Diet"-tx-52-"diet"-noun-0]|TX|4480/4;4511/4|
00000000|MMI|3.60|Special Diet Therapy|C1519433|[topp]|["DIET"-tx-52-"DIET"-noun-0,"DIET"-tx-52-"diet"-noun-0]|TX|4480/4;4511/4|
00000000|MMI|3.60|Once a day, at bedtime|C1275563|[tmco]|["qHS"-tx-67-"qhs"-noun-0,"qHS"-tx-18-"qhs"-noun-0]|TX|5274/3;1258/3|
00000000|MMI|3.60|Status post|C0231290|[tmco]|["Following"-tx-41-"following"-verb-0,"Status post"-tx-2-"status post"-prep-0]|TX|3595/9;328/11|
00000000|MMI|3.59|Fraction of|C1264633|[qnco]|["Fraction of"-tx-39-"fraction of"-noun-0,"Fraction of"-tx-33-"fraction of"-noun-0]|TX|3347/11;2664/11|
00000000|MMI|3.57|Antibiotic throat preparations|C3540706|[antb]|["Antibiotics"-tx-44-"antibiotics"-noun-0,"Antibiotics"-tx-30-"antibiotics"-noun-0]|TX|3790/11;2439/11|
00000000|MMI|3.57|Antibiotics FOR TREATMENT OF HEMORRHOIDS AND ANAL FISSURES FOR TOPICAL USE|C3540707|[antb]|["Antibiotics"-tx-44-"antibiotics"-noun-0,"Antibiotics"-tx-30-"antibiotics"-noun-0]|TX|3790/11;2439/11|
00000000|MMI|3.57|Antibiotics for systemic use|C3540704|[antb]|["Antibiotics"-tx-44-"antibiotics"-noun-0,"Antibiotics"-tx-30-"antibiotics"-noun-0]|TX|3790/11;2439/11|
00000000|MMI|3.57|Antibiotics, Gynecological|C3540708|[antb]|["Antibiotics"-tx-44-"antibiotics"-noun-0,"Antibiotics"-tx-30-"antibiotics"-noun-0]|TX|3790/11;2439/11|
00000000|MMI|3.57|Antibiotics, ophthalmologic|C3540710|[antb]|["Antibiotics"-tx-44-"antibiotics"-noun-0,"Antibiotics"-tx-30-"antibiotics"-noun-0]|TX|3790/11;2439/11|
00000000|MMI|3.57|Antifungal Antibiotics, Topical|C3540705|[antb]|["Antibiotics"-tx-44-"antibiotics"-noun-0,"Antibiotics"-tx-30-"antibiotics"-noun-0]|TX|3790/11;2439/11|
00000000|MMI|3.57|antibiotics, intestinal|C3540709|[antb]|["Antibiotics"-tx-44-"antibiotics"-noun-0,"Antibiotics"-tx-30-"antibiotics"-noun-0]|TX|3790/11;2439/11|
00000000|MMI|3.55|Ejection as a Circumstance of Injury|C0302131|[phpr]|["Ejection"-tx-39-"ejection"-noun-0,"Ejection"-tx-33-"ejection"-noun-0]|TX|3338/8;2655/8|
00000000|MMI|3.55|Ejection as a Sports activity|C0336969|[dora]|["Ejection"-tx-39-"ejection"-noun-0,"Ejection"-tx-33-"ejection"-noun-0]|TX|3338/8;2655/8|
00000000|MMI|3.55|Ejection time|C0812388|[orga]|["ejection"-tx-39-"ejection"-noun-0,"ejection"-tx-33-"ejection"-noun-0]|TX|3338/8;2655/8|
00000000|MMI|3.54|Site of incision|C0449681|[spco]|["SITE, SURGICAL"-tx-54-"surgical site"-noun-0,"Incision Site"-tx-43-"incision site"-noun-0]|TX|4702/13;3754/13|
00000000|MMI|3.54|Signal|C1710082|[phpr]|["Signal"-tx-27-"signals"-noun-0,"Signal"-tx-25-"signals"-verb-0]|TX|2083/7;1773/7|
00000000|MMI|3.54|+2|C0740116|[qnco]|["+2"-tx-73-"2"-fraction-0]|TX|[5488/1],[5498/1]|
00000000|MMI|3.54|2+|C3833492|[fndg]|["2+"-tx-73-"2"-fraction-0]|TX|[5488/1],[5498/1]|
00000000|MMI|3.54|2+ Score|C2827735|[qnco]|["2+"-tx-73-"2"-fraction-0]|TX|[5488/1],[5498/1]|
00000000|MMI|3.54|2+ Score, WHO|C2981700|[clas]|["2+"-tx-73-"2"-fraction-0]|TX|[5488/1],[5498/1]|
00000000|MMI|3.50|Simvastatin 10 MG|C0989914|[clnd]|["Simvastatin 10 MG"-tx-67-"Simvastatin 10 mg"-noun-0,"Simvastatin 10 MG"-tx-18-"Simvastatin 10 mg"-noun-0]|TX|5251/17;1235/17|
00000000|MMI|3.50|Hospital environment|C1510665|[qlco]|["Hospital"-tx-54-"Hospital"-noun-0,"Hospital"-tx-29-"hospital"-noun-0]|TX|4624/8;2379/8|
00000000|MMI|3.50|graft revision|C0744470|[topp]|["graft revision"-tx-28-"revision graft"-noun-0,"graft revision"-tx-24-"revision graft"-noun-0]|TX|2195/8,2223/5;1513/8,1536/5|
00000000|MMI|3.49|Rehabilitation - specialty|C1306847|[bmod]|["Rehabilitation"-tx-49-"rehabilitation"-noun-0,"Rehabilitation"-tx-41-"rehabilitation"-noun-0]|TX|4285/14;3627/14|
00000000|MMI|3.49|acute|C0205178|[tmco]|["ACUTE"-tx-49-"acute"-adj-0,"ACUTE"-tx-41-"acute"-adj-0]|TX|4279/5;3621/5|
00000000|MMI|3.49|September|C3828193|[tmco]|["September"-tx-12-"September"-noun-0,"September"-tx-11-"September"-noun-0]|TX|955/9;905/9|
00000000|MMI|3.48|Dorsal|C0205095|[spco]|["BACK"-tx-26-"back"-adj-0,"POSTERIOR"-tx-24-"posterior"-adj-0]|TX|1824/4;1622/9|
00000000|MMI|3.48|Revision|C0439617|[tmco]|["Revision"-tx-28-"revision"-noun-0,"Revision"-tx-24-"revision"-noun-0]|TX|2195/8;1513/8|
00000000|MMI|3.48|Revision procedure|C1527075|[topp]|["Revision"-tx-28-"revision"-noun-0,"Revision"-tx-24-"revision"-noun-0]|TX|2195/8;1513/8|
00000000|MMI|3.48|Surgical revision|C0558347|[topp]|["Revision"-tx-28-"revision"-noun-0,"Revision"-tx-24-"revision"-noun-0]|TX|2195/8;1513/8|
00000000|MMI|3.48|Borg Category-Ratio 10 Perceived Exertion Score 3|C4049706|[inpr]|["Moderate"-tx-39-"moderate"-adj-0,"Moderate"-tx-33-"moderate"-adj-0]|TX|3425/8;2692/8|
00000000|MMI|3.48|Moderate (severity modifier)|C0205081|[qlco]|["Moderate"-tx-39-"moderate"-adj-0,"Moderate"-tx-33-"moderate"-adj-0]|TX|3425/8;2692/8|
00000000|MMI|3.48|Moderate Extremity Pain|C4049705|[inpr]|["Moderate"-tx-39-"moderate"-adj-0,"Moderate"-tx-33-"moderate"-adj-0]|TX|3425/8;2692/8|
00000000|MMI|3.48|Moderation|C1881878|[qlco]|["MODERATE"-tx-39-"moderate"-adj-0,"MODERATE"-tx-33-"moderate"-adj-0]|TX|3425/8;2692/8|
00000000|MMI|3.46|Signature|C1519316|[inpr]|["Signed"-tx-1-"Signed"-noun-0]|TX|[87/6],[142/6]|
00000000|MMI|3.46|signed - ParticipationSignature|C1561610|[inpr]|["signed"-tx-1-"Signed"-noun-0]|TX|[87/6],[142/6]|
00000000|MMI|3.46|M NOS ANTIBODY|C0369637|[aapp,imft]|["M NOS"-tx-17-"m"-adv-0]|TX|[1214/1],[1230/1]|
00000000|MMI|3.46|M+ (tumor staging)|C0441923|[inpr]|["M+"-tx-17-"m"-adv-0]|TX|[1214/1],[1230/1]|
00000000|MMI|3.45|Before|C0332152|[tmco]|["Prior"-tx-39-"prior"-adj-0,"Prior"-tx-4-"prior"-adj-0]|TX|3294/5;501/5|
00000000|MMI|3.45|Prior Medication Usage|C2826257|[evnt]|["PRIOR"-tx-39-"prior"-adj-0,"PRIOR"-tx-4-"prior"-adj-0]|TX|3294/5;501/5|
00000000|MMI|3.44|Call (Instruction)|C1947967|[ftcn]|["Call"-tx-57-"call"-noun-0,"Call"-tx-54-"call"-noun-0]|TX|4803/4;4611/4|
00000000|MMI|3.44|Decision|C0679006|[menp]|["Call"-tx-57-"call"-noun-0,"Call"-tx-54-"call"-noun-0]|TX|4803/4;4611/4|
00000000|MMI|3.44|Precursor B-cell lymphoblastic leukemia|C1292769|[neop]|["c all"-tx-57-"call"-noun-0,"c all"-tx-54-"call"-noun-0]|TX|4803/4;4611/4|
00000000|MMI|3.43|Adverse Event Associated with Vascular|C1558950|[fndg]|["VASCULAR"-tx-57-"vascular"-adj-0,"VASCULAR"-tx-56-"vascular"-adj-0]|TX|4825/8;4778/8|
00000000|MMI|3.43|Vascular|C1801960|[qlco]|["Vascular"-tx-57-"vascular"-adj-0,"Vascular"-tx-56-"vascular"-adj-0]|TX|4825/8;4778/8|
00000000|MMI|3.43|Percent (qualifier value)|C0439165|[qnco]|["PERCENT"-tx-39-"percent"-noun-0,"PERCENT"-tx-33-"percent"-noun-0]|TX|3362/7;2679/7|
00000000|MMI|3.43|Right|C0205090|[spco]|["RIGHT"-tx-12-"Right"-adj-0,"RIGHT"-tx-11-"Right"-adj-0]|TX|925/5;869/5|
00000000|MMI|3.43|Right sided|C0444532|[spco]|["Right"-tx-12-"Right"-adj-0,"Right"-tx-11-"Right"-adj-0]|TX|925/5;869/5|
00000000|MMI|3.42|Bypass|C0741847|[topp]|["Bypass"-tx-28-"bypass"-noun-0,"Bypass"-tx-24-"bypass"-noun-0]|TX|2216/6;1529/6|
00000000|MMI|3.40|Bed rest|C0004910|[topp]|["Bed Rest"-tx-53-"resting bed"-noun-0]|TX|4575/7,4586/3|E02.075
00000000|MMI|3.36|Work|C0043227|[ocac]|["Working"-tx-51-"working"-verb-0]|TX|4423/7|I03.946
00000000|MMI|3.35|Enzymes|C0014442|[enzy,orch]|["ENZYMES"-tx-34-"enzymes"-noun-0]|TX|2761/7|D08.811
00000000|MMI|3.29|Catheterization|C0007430|[topp]|["Catheterization"-tx-41-"catheterization"-noun-0]|TX|3579/15|E02.148;E05.157
00000000|MMI|2.59|3+ Answer to Question|C3838680|[fndg]|["3+"-tx-39-"3"-integer-0]|TX|3269/1|
00000000|MMI|2.59|3+ Score|C2827736|[qnco]|["3+"-tx-39-"3"-integer-0]|TX|3269/1|
00000000|MMI|2.59|3+ Score, WHO|C2981702|[clas]|["3+"-tx-39-"3"-integer-0]|TX|3269/1|
00000000|MMI|2.59|<3 (qualifier value)|C0439086|[qnco]|["<3"-tx-39-"3"-integer-0]|TX|3269/1|
00000000|MMI|2.59|Able (finding)|C1299581|[fndg]|["Able"-tx-46-"able"-adj-0]|TX|4051/4|
00000000|MMI|2.59|Brought on by|C0332302|[ftcn]|["brought"-tx-26-"brought"-verb-0]|TX|1816/7|
00000000|MMI|2.59|Disposition|C0743223|[idcn]|["Disposition"-tx-51-"DISPOSITION"-noun-0]|TX|4372/11|
00000000|MMI|2.59|Disposition Domain|C1705555|[inpr]|["Disposition"-tx-51-"DISPOSITION"-noun-0]|TX|4372/11|
00000000|MMI|2.59|Elevated|C3163633|[qlco]|["Elevated"-tx-53-"elevated"-verb-0]|TX|4555/8|
00000000|MMI|2.59|Entire left lower leg|C1279606|[bpoc]|["Left leg"-tx-45-"left leg"-noun-0]|TX|3919/8|
00000000|MMI|2.59|Entire right lower leg|C1279605|[bpoc]|["Right leg"-tx-45-"right leg"-noun-0]|TX|3934/9|
00000000|MMI|2.59|Every twelve hours|C0585327|[tmco]|["Q12H"-tx-68-"q12h"-noun-0]|TX|5301/4|
00000000|MMI|2.59|Experience|C0596545|[menp]|["experiences"-tx-54-"experiences"-verb-0]|TX|4639/11|
00000000|MMI|2.59|Flash|C0262485|[diap]|["Flash"-tx-32-"flash"-verb-0]|TX|2552/5|
00000000|MMI|2.59|Follow|C1719822|[inpr]|["Follow"-tx-40-"follow"-verb-0]|TX|3481/6|
00000000|MMI|2.59|Followed by|C0332283|[tmco]|["follow"-tx-40-"follow"-verb-0]|TX|3481/6|
00000000|MMI|2.59|Following|C0332282|[tmco]|["Following"-tx-41-"following"-verb-0]|TX|3595/9|
00000000|MMI|2.59|H/O: surgery|C0455610|[fndg]|["Past surgical history"-tx-10-"PAST SURGICAL HISTORY"-noun-0]|TX|796/21|
00000000|MMI|2.59|High|C0205250|[qlco]|["Elevated"-tx-53-"elevated"-verb-0]|TX|4555/8|
00000000|MMI|2.59|History of present illness|C0262512|[orga]|["HISTORY OF PRESENT ILLNESS"-tx-2-"HISTORY OF PRESENT ILLNESS"-noun-0]|TX|227/26|
00000000|MMI|2.59|History of present illness:Finding:Point in time:^Patient:Nominal:Reported|C0488508|[clna]|["History of present illness"-tx-2-"HISTORY OF PRESENT ILLNESS"-noun-0]|TX|227/26|
00000000|MMI|2.59|Hospital course|C0489547|[fndg]|["Hospital course"-tx-23-"HOSPITAL COURSE"-noun-0]|TX|1370/15|
00000000|MMI|2.59|Hospital course:Finding:Point in time:^Patient:Narrative|C0488549|[clna]|["Hospital course"-tx-23-"HOSPITAL COURSE"-noun-0]|TX|1370/15|
00000000|MMI|2.59|Hypertension Adverse Event|C1963138|[fndg]|["Hypertension"-tx-7-"Hypertension"-noun-0]|TX|743/12|
00000000|MMI|2.59|Including (qualifier)|C0332257|[ftcn]|["Including"-tx-13-"including"-verb-0]|TX|1002/9|
00000000|MMI|2.59|Increase|C0442805|[ftcn]|["Increase"-tx-51-"increase"-verb-0]|TX|4456/8|
00000000|MMI|2.59|Light Sources, Flash|C0181637|[medd]|["flash"-tx-32-"flash"-verb-0]|TX|2552/5|
00000000|MMI|2.59|Lost|C0745777|[ftcn]|["Lost"-tx-27-"lost"-verb-0]|TX|2062/4|
00000000|MMI|2.59|Lost Medical Device|C3815882|[fndg]|["LOST"-tx-27-"lost"-verb-0]|TX|2062/4|
00000000|MMI|2.59|Medical History|C0262926|[fndg]|["Past Medical History"-tx-6-"PAST MEDICAL HISTORY"-noun-0]|TX|691/20|
00000000|MMI|2.59|Medication.discharge|C0806915|[fndg]|["Discharge medications"-tx-58-"DISCHARGE MEDICATIONS"-noun-0]|TX|4873/21|
00000000|MMI|2.59|Mobility as a finding|C0425245|[fndg]|["Mobility"-tx-51-"mobility"-noun-0]|TX|4469/8|
00000000|MMI|2.59|Normal diet|C0184625|[dora]|["Regular diet"-tx-48-"regular diet"-noun-0]|TX|4158/12|
00000000|MMI|2.59|PMH - past medical history|C0455458|[fndg]|["Past medical history"-tx-6-"PAST MEDICAL HISTORY"-noun-0]|TX|691/20|
00000000|MMI|2.59|Percocet|C0086787|[orch,phsu]|["Percocet"-tx-22-"Percocet"-noun-0]|TX|1359/8|
00000000|MMI|2.59|Plain chest X-ray|C0039985|[diap]|["Chest X-ray"-tx-32-"Chest x-ray"-noun-0]|TX|2531/11|
00000000|MMI|2.59|Practice Experience|C0237607|[menp]|["experience"-tx-54-"experiences"-verb-0]|TX|4639/11|
00000000|MMI|2.59|Progress|C1280477|[ftcn]|["Progress"-tx-47-"progress"-verb-0]|TX|4127/8|
00000000|MMI|2.59|Qualitative mobility|C0449580|[qlco]|["Mobility"-tx-51-"mobility"-noun-0]|TX|4469/8|
00000000|MMI|2.59|Red color|C1260956|[qlco]|["redness"-tx-54-"redness"-noun-0]|TX|4672/7|
00000000|MMI|2.59|Redness|C0332575|[fndg]|["Redness"-tx-54-"redness"-noun-0]|TX|4672/7|
00000000|MMI|2.59|Regurgitates after swallowing|C0232605|[fndg]|["Regurgitation"-tx-33-"regurgitation"-noun-0]|TX|2721/13|
00000000|MMI|2.59|Regurgitation|C2004489|[sosy]|["REGURGITATION"-tx-33-"regurgitation"-noun-0]|TX|2721/13|
00000000|MMI|2.59|Regurgitation - mechanism|C0460152|[ftcn]|["Regurgitation"-tx-33-"regurgitation"-noun-0]|TX|2721/13|
00000000|MMI|2.59|Removed|C0849355|[qlco]|["Removed"-tx-26-"removed"-verb-0]|TX|1951/7|
00000000|MMI|2.59|Right lower extremity|C0230415|[bpoc]|["Right leg"-tx-45-"right leg"-noun-0]|TX|3934/9|
00000000|MMI|2.59|Slow|C0439834|[qlco]|["Slowly"-tx-44-"slowly"-adv-0]|TX|3819/6|
00000000|MMI|2.59|Structure of left lower leg|C0230443|[bpoc]|["Left leg"-tx-45-"left leg"-noun-0]|TX|3919/8|
00000000|MMI|2.59|Structure of right lower leg|C0230442|[bpoc]|["Right leg"-tx-45-"right leg"-noun-0]|TX|3934/9|
00000000|MMI|2.59|Transfer Technique|C1705822|[ftcn]|["Transferred"-tx-49-"transferred"-verb-0]|TX|4321/11|
00000000|MMI|2.59|Views:Finding:Point in time:Chest:Narrative:XR|C1114557|[clna]|["Chest X-ray"-tx-32-"Chest x-ray"-noun-0]|TX|2531/11|
00000000|MMI|2.59|hypokinesis global|C0745157|[dsyn]|["global hypokinesis"-tx-39-"global hypokinesis"-noun-0]|TX|3375/18|
00000000|MMI|1.99|Evaluation and management note:Finding:Point in time:{Setting}:Document:{Provider}|C1316572|[clna]|["Note"-tx-25-"noted"-verb-0]|TX|1743/5|
00000000|MMI|1.99|Note (document)|C1317574|[inpr]|["Note"-tx-25-"noted"-verb-0]|TX|1743/5|
00000000|MMI|1.87|1 Day|C1442449|[tmco]|["Day 1"-tx-28-"day 1"-noun-0]|TX|2127/3,2132/1|
00000000|MMI|1.87|Discharge date|C2361123|[tmco]|["Discharge date"-tx-1-"Discharge Date"-noun-0]|TX|149/14|
00000000|MMI|1.87|Discharge date:Time Stamp -- Date and Time:Point in time:^Patient:Quantitative|C2361122|[clna]|["Discharge date"-tx-1-"Discharge Date"-noun-0]|TX|149/14|
00000000|MMI|1.87|Operative procedure on wrist|C0187064|[topp]|["Wrist surgeries"-tx-13-"wrist surgeries"-noun-0]|TX|984/15|
00000000|MMI|1.87|Bounding pulse|C0425574|[fndg]|["Strong pulse"-tx-29-"strong pulse"-noun-0]|TX|2280/6,2314/5|
00000000|MMI|1.84|% index|C1637833|[qnco]|["% index"-tx-72-"Index"-noun-0]|TX|5464/5|
00000000|MMI|1.84|Attending (action)|C1999232|[ftcn]|["attending"-tx-70-"Attending"-noun-0]|TX|5402/9|
00000000|MMI|1.84|Attending (provider role)|C1547429|[prog]|["Attending"-tx-70-"Attending"-noun-0]|TX|5402/9|
00000000|MMI|1.84|Blood pressure finding|C1271104|[fndg]|["Blood Pressure"-tx-36-"blood pressure"-noun-0]|TX|2971/14|
00000000|MMI|1.84|Dry|C0205222|[qlco]|["Dry"-tx-45-"dry"-adj-0]|TX|3961/3|
00000000|MMI|1.84|Dryness (characteristic)|C1512080|[qlco]|["Dry"-tx-45-"dry"-adj-0]|TX|3961/3|
00000000|MMI|1.84|Hour|C0439227|[tmco]|["HOURS"-tx-27-"hours"-noun-0]|TX|2036/5|
00000000|MMI|1.84|Html Link Type - index|C1552854|[idcn]|["index"-tx-72-"Index"-noun-0]|TX|5464/5|
00000000|MMI|1.84|Index|C0918012|[inpr]|["Index"-tx-72-"Index"-noun-0]|TX|5464/5|
00000000|MMI|1.84|Stat (do immediately)|C0205548|[tmco]|["Immediately"-tx-25-"immediately"-adv-0]|TX|1699/11|
00000000|MMI|1.84|activity level|C0683317|[fndg]|["level activity"-tx-51-"LEVEL ACTIVITY"-noun-0]|TX|4385/5,4394/8|
00000000|MMI|1.83|Surgical intensive care unit|C1690590|[hcro,mnob]|["Surgical intensive care unit"-tx-38-"Surgical Intensive Care Unit"-noun-0]|TX|3045/28|
00000000|MMI|1.82|Lying in bed|C0277816|[spco]|["Bed rest"-tx-53-"resting bed"-noun-0]|TX|4575/7,4586/3|
00000000|MMI|1.82|Report status|C0586177|[fndg]|["Report status"-tx-1-"Report Status"-noun-0]|TX|127/13|
00000000|MMI|1.82|10 - 12|C3843787|[fndg]|["10 - 12"-tx-1-"10 12"-fraction-0]|TX|40/2,51/2|
00000000|MMI|1.82|Captopril 25 MG|C0984502|[clnd]|["Captopril 25 MG"-tx-59-"Captopril 25 mg"-noun-0]|TX|4958/15|
00000000|MMI|1.82|Positive|C1446409|[qlco]|["ruled"-tx-34-"ruled"-verb-0]|TX|2749/5|
00000000|MMI|1.82|Respiratory distress|C0476273|[sosy]|["Distress, Respiratory"-tx-31-"respiratory distress"-noun-0]|TX|2508/20|
00000000|MMI|1.82|Stable Disease|C0677946|[fndg]|["Stable condition"-tx-50-"stable condition"-noun-0]|TX|4353/16|
00000000|MMI|1.82|Stable chronic Graft vs Host Disease|C3538874|[fndg]|["Stable condition"-tx-50-"stable condition"-noun-0]|TX|4353/16|
00000000|MMI|1.82|dictated - DocumentCompletion|C1609990|[idcn]|["Dictated"-tx-69-"Dictated"-verb-0]|TX|5362/8|
00000000|MMI|1.82|dictated - ParticipationMode|C1548384|[ftcn]|["dictated"-tx-69-"Dictated"-verb-0]|TX|5362/8|
00000000|MMI|1.81|0%|C3842591|[fndg]|["0%"-tx-31-"0"-integer-0]|TX|2475/1|
00000000|MMI|1.81|1+|C3816745|[fndg]|["1+"-tx-24-"1"-fraction-0]|TX|1551/1|
00000000|MMI|1.81|1+ Score|C2827734|[qnco]|["1+"-tx-24-"1"-fraction-0]|TX|1551/1|
00000000|MMI|1.81|1+ Score, WHO|C2981698|[clas]|["1+"-tx-24-"1"-fraction-0]|TX|1551/1|
00000000|MMI|1.81|Blood Clot|C0302148|[bdsu]|["Clot"-tx-26-"clot"-noun-0]|TX|1887/4|
00000000|MMI|1.81|Daily|C0332173|[tmco]|["/day"-tx-31-"day"-noun-0]|TX|2470/3|
00000000|MMI|1.81|P Blood group antibodies|C0369773|[aapp,imft]|["P NOS"-tx-21-"p"-adj-0]|TX|1351/1|
00000000|MMI|1.81|P prime|C2603361|[clna]|["P'"-tx-21-"p"-adj-0]|TX|1351/1|
00000000|MMI|1.81|per day|C0439505|[tmco]|["/day"-tx-31-"day"-noun-0]|TX|2470/3|
00000000|MMI|1.81|Admission date:Time Stamp -- Date and Time:Point in time:^Patient:Quantitative|C2598112|[clna]|["Admission date"-tx-1-"Admission Date"-noun-0]|TX|102/14|
00000000|MMI|1.81|Date of admission|C1302393|[tmco]|["Admission date"-tx-1-"Admission Date"-noun-0]|TX|102/14|
00000000|MMI|1.81|Cephalexin 500 MG|C0984639|[clnd]|["Cephalexin 500 MG"-tx-68-"Keflex 500 mg"-noun-0]|TX|5308/13|
00000000|MMI|1.81|Docusate Sodium 100 MG|C3153447|[clnd]|["Docusate Sodium 100 MG"-tx-20-"Colace 100 mg"-noun-0]|TX|1319/13|
00000000|MMI|1.80|Batch (Response Modality)|C1550176|[inpr]|["Batch"-tx-72-"Batch"-noun-0]|TX|5452/5|
00000000|MMI|1.80|Batch (group)|C1948031|[qnco]|["Batch"-tx-72-"Batch"-noun-0]|TX|5452/5|
00000000|MMI|1.80|Batch Number|C3641829|[inpr]|["BATCH"-tx-72-"Batch"-noun-0]|TX|5452/5|
00000000|MMI|1.80|Control function|C2587213|[ftcn]|["Control"-tx-36-"control"-noun-0]|TX|2986/7|
00000000|MMI|1.80|Feels cold|C0812387|[fndg]|["Coldness"-tx-5-"coldness"-noun-0]|TX|634/8|
00000000|MMI|1.80|Fused structure|C0332466|[ftcn]|["Fusion"-tx-13-"fusion"-noun-0]|TX|1032/6|
00000000|MMI|1.80|Fusion procedure|C1293131|[topp]|["Fusion"-tx-13-"fusion"-noun-0]|TX|1032/6|
00000000|MMI|1.80|Revascularization - action|C0581603|[topp]|["Revascularization"-tx-1-"revascularization"-noun-0]|TX|207/17|
00000000|MMI|1.80|Scientific Control|C1882979|[cnce]|["Control"-tx-36-"control"-noun-0]|TX|2986/7|
00000000|MMI|1.80|True Control Status|C3274648|[qlco]|["Control"-tx-36-"control"-noun-0]|TX|2986/7|
00000000|MMI|1.80|Zantac 150|C0724451|[orch,phsu]|["Zantac 150"-tx-66-"Zantac 150"-noun-0]|TX|5223/10|
00000000|MMI|1.80|control aspects|C0243148|[qlco]|["control"-tx-36-"control"-noun-0]|TX|2986/7|
00000000|MMI|1.80|control substance|C1550141|[sbst]|["Control"-tx-36-"control"-noun-0]|TX|2986/7|
00000000|MMI|1.80|Small amount|C3869892|[qnco]|["Small amount"-tx-43-"small amount"-noun-0]|TX|3701/12|
00000000|MMI|1.80|surgical drainage (treatment) (general)|C2037866|[topp]|["surgical Discharge"-tx-54-"discharge surgical"-noun-0]|TX|4683/9,4702/8|
00000000|MMI|1.79|Pyrexia of unknown origin (excl puerperal)|C0856281|[sosy]|["puo"-tx-1-"PUO"-noun-0]|TX|12/3|
00000000|MMI|1.79|Chairperson|C1524106|[prog]|["Chair"-tx-53-"chair"-noun-0]|TX|4596/5|
00000000|MMI|1.79|Chairs|C0179847|[mnob]|["Chair"-tx-53-"chair"-noun-0]|TX|4596/5|
00000000|MMI|1.79|Gender Status - Intact|C1554187|[fndg]|["Intact"-tx-45-"intact"-adj-0]|TX|3971/6|
00000000|MMI|1.79|Has difficulty doing (qualifier value)|C1299586|[fndg]|["Difficulty"-tx-48-"difficulty"-noun-0]|TX|4204/10|
00000000|MMI|1.79|Intact|C0205266|[qlco]|["Intact"-tx-45-"intact"-adj-0]|TX|3971/6|
00000000|MMI|1.79|Started|C1272689|[qlco]|["Started"-tx-35-"started"-verb-0]|TX|2877/7|
00000000|MMI|1.79|Swollen legs|C0581394|[sosy]|["lower extremity swelling"-tx-3-"lower extremity swelling"-noun-0]|TX|465/24|
00000000|MMI|1.79|short stay encounter|C1698490|[hlca]|["short stay"-tx-41-"short stay"-noun-0]|TX|3607/10|
00000000|MMI|1.79|Amputation of toe (procedure)|C0188602|[topp]|["Amputation of Toe"-tx-12-"toe amputation of"-noun-0]|TX|937/14,965/2|
00000000|MMI|1.79|Hospital patient (finding)|C0239966|[fndg]|["patient hospital"-tx-40-"patient hospital"-noun-0]|TX|3492/7,3515/8|
00000000|MMI|1.79|foot discoloration|C0239640|[fndg]|["discoloration foot"-tx-4-"discoloration foot"-noun-0]|TX|555/13,581/4|
00000000|MMI|1.79|Posterior tibial pulse|C1720310|[ortf]|["Posterior tibial pulse"-tx-29-"posterior tibial pulse"-noun-0]|TX|2324/22|
00000000|MMI|1.79|Transposition procedure|C0040674|[topp]|["Surgical transfer"-tx-38-"transferred surgical"-adj-0]|TX|3166/11,3183/8|
00000000|MMI|1.78|Aspirin 325 MG|C0992015|[clnd]|["Aspirin 325 MG"-tx-58-"aspirin 325 mg"-noun-0]|TX|4931/14|
00000000|MMI|1.78|aspirin enteric coated|C0718690|[orch,phsu]|["enteric coated aspirin"-tx-58-"enteric coated aspirin"-noun-0]|TX|4916/22|
00000000|MMI|1.78|Hospital clinic|C0587906|[hcro,mnob]|["clinic hospital"-tx-57-"Hospital clinic"-noun-0]|TX|4816/8,4834/6|
00000000|MMI|1.78|Percocet Tablets|C0307251|[clnd]|["Percocet Tablets"-tx-65-"Percocet tablets"-noun-0]|TX|5172/8,5188/7|
00000000|MMI|1.78|one time|C3241998|[inpr]|["one time"-tx-28-"one time"-noun-0]|TX|2155/3,2164/4|
00000000|MMI|1.78|Accepted|C1272684|[qlco]|["Accepted"-tx-49-"accepted"-verb-0]|TX|4267/8|
00000000|MMI|1.78|Conditional|C1701901|[qlco]|["Dependent"-tx-5-"dependent"-adj-0]|TX|667/9|
00000000|MMI|1.78|Dependent - ability|C0851827|[qlco]|["Dependent"-tx-5-"dependent"-adj-0]|TX|667/9|
00000000|MMI|1.78|Distal anastomosis|C0448964|[topp]|["Distal anastomosis"-tx-26-"distal anastomosis"-noun-0]|TX|1909/18|
00000000|MMI|1.78|July|C3829447|[qlco]|["July"-tx-10-"July"-noun-0]|TX|854/4|
00000000|MMI|1.78|Positioning - therapy|C0150305|[topp]|["positioning"-tx-5-"positioning"-noun-0]|TX|677/11|
00000000|MMI|1.78|Positioning Attribute|C0733755|[spco]|["Positioning"-tx-5-"positioning"-noun-0]|TX|677/11|
00000000|MMI|1.78|Referral status - Accepted|C1548435|[idcn]|["Accepted"-tx-49-"accepted"-verb-0]|TX|4267/8|
00000000|MMI|1.78|Relieved (qualifier value)|C1301771|[qlco]|["Relieved"-tx-5-"relieved"-verb-0]|TX|653/8|
00000000|MMI|1.78|dependent|C3244310|[ftcn]|["dependent"-tx-5-"dependent"-adj-0]|TX|667/9|
00000000|MMI|1.78|10%|C3842590|[fndg]|["10%"-tx-23-"10"-fraction-0]|TX|1415/2|
00000000|MMI|1.78|About The Same|C2346711|[qlco]|["Unchanged"-tx-39-"unchanged"-adj-0]|TX|3275/9|
00000000|MMI|1.78|Admission activity|C0809949|[hlca]|["Admitted"-tx-23-"admitted"-verb-0]|TX|1403/8|
00000000|MMI|1.78|Back structure, excluding neck|C1995000|[blor]|["Back, NOS"-tx-26-"back"-adj-0]|TX|1824/4|
00000000|MMI|1.78|Back structure, including back of neck|C0460009|[blor]|["Back"-tx-26-"back"-adj-0]|TX|1824/4|
00000000|MMI|1.78|Body Fluid Discharge|C0012621|[bdsu]|["Discharge"-tx-54-"discharge"-noun-0]|TX|4683/9|
00000000|MMI|1.78|Clinical Nurse Specialist - Perioperative|C1552246|[prog]|["Perioperative"-tx-30-"perioperative"-adj-0]|TX|2419/13|
00000000|MMI|1.78|Discharge, body substance|C2926602|[bdsu]|["Discharge"-tx-54-"discharge"-noun-0]|TX|4683/9|
00000000|MMI|1.78|Floor (anatomic)|C3714591|[anst]|["Floor"-tx-38-"floor"-noun-0]|TX|3192/5|
00000000|MMI|1.78|Floor - story of building|C1547707|[geoa]|["Floor"-tx-38-"floor"-noun-0]|TX|3192/5|
00000000|MMI|1.78|Hospital admission|C0184666|[hlca]|["admitted"-tx-23-"admitted"-verb-0]|TX|1403/8|
00000000|MMI|1.78|No status change|C0442739|[fndg]|["Unchanged"-tx-39-"unchanged"-adj-0]|TX|3275/9|
00000000|MMI|1.78|Rest pain|C0234253|[sosy]|["Rest pain"-tx-2-"rest pain"-noun-0]|TX|416/9|
00000000|MMI|1.78|Taken|C1883727|[cnce]|["Taken"-tx-24-"taken"-verb-0]|TX|1577/5|
00000000|MMI|1.78|floor (object)|C0016249|[mnob]|["Floor"-tx-38-"floor"-noun-0]|TX|3192/5|
00000000|MMI|1.78|perioperative|C1518988|[tmco]|["Perioperative"-tx-30-"perioperative"-adj-0]|TX|2419/13|
00000000|MMI|1.77|Restart|C1514902|[qlco]|["Restart"-tx-44-"restarted"-verb-0]|TX|3777/9|
00000000|MMI|1.77|Void - TableFrame|C1552835|[inpr]|["void"-tx-48-"voided"-verb-0]|TX|4189/6|
00000000|MMI|1.77|Abnormal color|C0332572|[fndg]|["Discolouration"-tx-4-"discoloration"-noun-0]|TX|555/13|
00000000|MMI|1.77|Add - instruction imperative|C1883712|[ftcn]|["Addition"-tx-36-"addition"-noun-0]|TX|2930/8|
00000000|MMI|1.77|ENZYMES FOR TREATMENT OF WOUNDS AND ULCERS|C3540048|[enzy,phsu]|["ENZYMES"-tx-34-"enzymes"-noun-0]|TX|2761/7|
00000000|MMI|1.77|Enzymes FOR DISORDERS OF THE MUSCULO-SKELETAL SYSTEM|C3540772|[enzy,phsu]|["Enzymes"-tx-34-"enzymes"-noun-0]|TX|2761/7|
00000000|MMI|1.77|Enzymes for ALIMENTARY TRACT AND METABOLISM|C3542456|[enzy,phsu]|["Enzymes"-tx-34-"enzymes"-noun-0]|TX|2761/7|
00000000|MMI|1.77|Enzymes, antithrombotic|C3541394|[enzy,phsu]|["Enzymes"-tx-34-"enzymes"-noun-0]|TX|2761/7|
00000000|MMI|1.77|Enzymes, hematological|C3540017|[enzy,phsu]|["Enzymes"-tx-34-"enzymes"-noun-0]|TX|2761/7|
00000000|MMI|1.77|Enzymes, peripheral vasodilators|C3540790|[enzy,phsu]|["Enzymes"-tx-34-"enzymes"-noun-0]|TX|2761/7|
00000000|MMI|1.77|In addition to|C0332287|[ftcn]|["Addition"-tx-36-"addition"-noun-0]|TX|2930/8|
00000000|MMI|1.77|Incision and drainage|C0152277|[topp]|["i d"-tx-15-"i.d"-adv-0]|TX|1149/3|
00000000|MMI|1.77|Assisted (qualifier value)|C1269765|[qlco]|["Assistance"-tx-46-"assistance"-noun-0]|TX|4077/10|
00000000|MMI|1.77|Surgical incisions|C0184898|[topp]|["INCISIONS"-tx-45-"incisions"-noun-0]|TX|3890/9|
00000000|MMI|1.77|Number eleven|C0205457|[qnco]|["Eleven"-tx-3-"eleven"-word_numeral-0]|TX|445/6|
00000000|MMI|1.77|Presentation|C0449450|[idcn]|["Present"-tx-3-"presents"-verb-0]|TX|431/8|
00000000|MMI|1.77|Swelling|C0038999|[fndg]|["SWELLING"-tx-3-"swelling"-noun-0]|TX|481/8|
00000000|MMI|1.77|4+ Answer to question|C3838679|[fndg]|["4+"-tx-2-"4"-fraction-0]|TX|383/1|
00000000|MMI|1.77|Coating (film)|C1522408|[qlco]|["Coated"-tx-58-"coated"-adj-0]|TX|4924/6|
00000000|MMI|1.77|Enteral|C1304890|[spco]|["Enteric"-tx-58-"enteric"-adj-0]|TX|4916/7|
00000000|MMI|1.77|Male Gender, Self Report|C1706180|[qlco]|["Male"-tx-2-"male"-noun-0]|TX|277/4|
00000000|MMI|1.77|Male Phenotype|C1706428|[qlco]|["Male"-tx-2-"male"-noun-0]|TX|277/4|
00000000|MMI|1.77|Male, Self-Reported|C1706429|[orga]|["Male"-tx-2-"male"-noun-0]|TX|277/4|
00000000|MMI|1.77|Patient Class - Outpatient|C1549405|[clas]|["Outpatient"-tx-15-"outpatient"-noun-0]|TX|1100/10|
00000000|MMI|1.77|Referral category - Outpatient|C1548439|[idcn]|["Outpatient"-tx-15-"outpatient"-noun-0]|TX|1100/10|
00000000|MMI|1.75|Ibuprofen 600 MG|C0986667|[clnd]|["Ibuprofen 600 MG"-tx-63-"Motrin 600 mg"-noun-0]|TX|5105/13|
00000000|MMI|1.75|Cleaning (activity)|C1947930|[acty]|["Clean"-tx-45-"clean"-adj-0]|TX|3953/5|
00000000|MMI|1.75|Entire left wrist|C1288752|[blor]|["Left wrist"-tx-13-"left wrist"-noun-0]|TX|1021/10|
00000000|MMI|1.75|Negation|C1518422|[ftcn]|["Non"-tx-25-"non"-noun-0]|TX|1757/3|
00000000|MMI|1.75|Structure of left wrist|C0230366|[bpoc]|["Left wrist"-tx-13-"left wrist"-noun-0]|TX|1021/10|
00000000|MMI|1.74|involuted|C0700186|[qlco]|["involuting"-tx-44-"regressed"-verb-0]|TX|3826/9|
00000000|MMI|1.74|Biomedical Monitors|C0181904|[medd]|["Monitor"-tx-38-"monitored"-adj-0]|TX|3202/9|
00000000|MMI|1.74|Monitor Device Component|C1704646|[mnob]|["Monitor"-tx-38-"monitored"-adj-0]|TX|3202/9|
00000000|MMI|1.74|Monitor, occupation|C1521743|[prog]|["Monitor"-tx-38-"monitored"-adj-0]|TX|3202/9|
00000000|MMI|1.74|Monitoring Device|C0596972|[medd]|["Monitor"-tx-38-"monitored"-adj-0]|TX|3202/9|
00000000|MMI|1.74|Preventive monitoring|C0150369|[hlca]|["monitor"-tx-38-"monitored"-adj-0]|TX|3202/9|
00000000|MMI|1.74|Additional|C1524062|[ftcn]|["Additional"-tx-68-"additional"-adj-0]|TX|5344/10|
00000000|MMI|1.74|Borg Category-Ratio 10 Perceived Exertion Score 5|C4050466|[inpr]|["Severe"-tx-39-"severe"-adj-0]|TX|3396/6|
00000000|MMI|1.74|Eight|C0205454|[qnco]|["Eight"-tx-4-"eight"-word_numeral-0]|TX|507/5|
00000000|MMI|1.74|Event Seriousness - Significant|C1546944|[qlco]|["Significant"-tx-26-"significant"-adj-0]|TX|1869/11|
00000000|MMI|1.74|Known|C0205309|[qlco]|["Known"-tx-14-"known"-adj-0]|TX|1055/5|
00000000|MMI|1.74|Numerous|C0439064|[qnco]|["MULTIPLE"-tx-13-"Multiple"-adj-0]|TX|975/8|
00000000|MMI|1.74|Severe (severity modifier)|C0205082|[qlco]|["SEVERE"-tx-39-"severe"-adj-0]|TX|3396/6|
00000000|MMI|1.74|Severe Extremity Pain|C4050465|[inpr]|["Severe"-tx-39-"severe"-adj-0]|TX|3396/6|
00000000|MMI|1.74|Significant|C0750502|[idcn]|["Significant"-tx-26-"significant"-adj-0]|TX|1869/11|
00000000|MMI|1.74|Statistical Significance|C0237881|[qnco]|["significant"-tx-26-"significant"-adj-0]|TX|1869/11|
00000000|MMI|1.73|30%|C3842588|[fndg]|["30%"-tx-1-"30"-fraction-0]|TX|167/2|
00000000|MMI|1.73|Further|C1517331|[spco]|["Further"-tx-36-"further"-adj-0]|TX|2963/7|
00000000|MMI|1.73|Infrequent|C0521114|[tmco]|["Occasional"-tx-5-"occasional"-adj-0]|TX|613/10|
00000000|MMI|1.73|History of peripheral vascular disease|C1881056|[fndg]|["History of Peripheral Vascular Disease"-tx-2-"history of peripheral vascular disease"-noun-0]|TX|289/38|
00000000|MMI|1.73|Operative site|C0332850|[spco]|["Surgical site"-tx-54-"surgical site"-noun-0]|TX|4702/13|
00000000|MMI|1.73|+5|C0728893|[qnco]|["+5"-tx-17-"5"-integer-0]|TX|1221/1|
00000000|MMI|1.73|/40|C0439509|[tmco]|["/40"-tx-67-"40"-integer-0]|TX|5290/2|
00000000|MMI|1.73|40%|C3842587|[qnco]|["40%"-tx-67-"40"-integer-0]|TX|5290/2|
00000000|MMI|1.73|>5|C0439084|[qnco]|[">5"-tx-17-"5"-integer-0]|TX|1221/1|
00000000|MMI|1.73|Every six hours|C0585325|[tmco]|["Q6H"-tx-64-"q6h"-noun-0]|TX|5124/3|
00000000|MMI|1.73|Oxycodone measurement|C0524222|[lbpr]|["Oxycontin"-tx-67-"Oxycontin"-noun-0]|TX|5280/9|
00000000|MMI|1.73|4 Hours|C1292426|[tmco]|["4H"-tx-66-"4h"-noun-0]|TX|5206/2|
00000000|MMI|1.72|Diagnostic interview schedule|C0451119|[inpr]|["DIS"-tx-1-"DIS"-noun-0]|TX|96/3|
00000000|MMI|1.72|Discontinued|C1444662|[fndg]|["DIS"-tx-1-"DIS"-noun-0]|TX|96/3|
00000000|MMI|1.72|size|C0456389|[spco]|["Size"-tx-26-"sized"-adj-0]|TX|1881/5|
00000000|MMI|1.72|Closure by staple|C0185012|[topp]|["Staples"-tx-45-"staples"-noun-0]|TX|3983/7|
00000000|MMI|1.72|Day 4|C3840892|[fndg]|["Day 4"-tx-39-"day 4"-noun-0]|TX|3257/3,3262/1|
00000000|MMI|1.72|Electrocardiogram: myocardial infarction (finding)|C0428953|[lbtr]|["MYOCARDIAL INFARCTION"-tx-34-"myocardial infarction"-noun-0]|TX|2775/21|
00000000|MMI|1.72|Myocardial Infarction ECG Assessment|C3810814|[diap]|["Myocardial Infarction"-tx-34-"myocardial infarction"-noun-0]|TX|2775/21|
00000000|MMI|1.72|Myocardial infarction:Finding:Point in time:^Patient:Ordinal|C2926063|[clna]|["Myocardial infarction"-tx-34-"myocardial infarction"-noun-0]|TX|2775/21|
00000000|MMI|1.72|cardiac patient|C0741926|[podg]|["cardiac patient"-tx-41-"patient cardiac"-noun-0]|TX|3552/7,3571/7|
00000000|MMI|1.72|Entire right upper arm|C1268255|[bpoc]|["Right arm"-tx-45-"right arm"-noun-0]|TX|3907/9|
00000000|MMI|1.72|Right arm|C4048756|[bpoc]|["Right Arm"-tx-45-"right arm"-noun-0]|TX|3907/9|
00000000|MMI|1.72|Right upper arm structure|C0230346|[bpoc]|["Right arm"-tx-45-"right arm"-noun-0]|TX|3907/9|
00000000|MMI|1.71|Post|C0687676|[tmco]|["Status Post"-tx-2-"status post"-prep-0]|TX|328/11|
00000000|MMI|1.71|Anatomic Site|C1515974|[blor]|["Site"-tx-54-"site"-noun-0]|TX|4711/4|
00000000|MMI|1.71|Clinic|C0442592|[hcro,mnob]|["Clinic"-tx-56-"clinic"-noun-0]|TX|4787/6|
00000000|MMI|1.71|Delayed Release Dosage Form|C1707664|[bodm]|["DR"-tx-55-"Dr"-noun-0]|TX|4761/2|
00000000|MMI|1.71|Device to Subject Relationship Domain|C3540849|[inpr]|["DR"-tx-55-"Dr"-noun-0]|TX|4761/2|
00000000|MMI|1.71|Doctor - Title|C2348314|[cnce]|["Dr."-tx-55-"Dr"-noun-0]|TX|4761/2|
00000000|MMI|1.71|Site|C0205145|[spco]|["Site"-tx-54-"site"-noun-0]|TX|4711/4|
00000000|MMI|1.71|Study Site|C2825164|[spco]|["Site"-tx-54-"site"-noun-0]|TX|4711/4|
00000000|MMI|1.71|Repeat|C0205341|[ftcn]|["Repeat"-tx-39-"Repeat"-noun-0]|TX|3218/6|
00000000|MMI|1.71|Repeat Object|C1705914|[cnce]|["Repeat"-tx-39-"Repeat"-noun-0]|TX|3218/6|
00000000|MMI|1.71|Repeat Pattern|C1547730|[tmco]|["Repeat"-tx-39-"Repeat"-noun-0]|TX|3218/6|
00000000|MMI|1.71|AKR1A1 wt Allele|C3715044|[gngm]|["ARM"-tx-45-"arm"-noun-0]|TX|3913/3|
00000000|MMI|1.71|Act Mood - Goal|C1571704|[idcn]|["Goal"-tx-35-"goal"-noun-0]|TX|2840/4|
00000000|MMI|1.71|Entire upper arm|C1269612|[bpoc]|["Arm"-tx-45-"arm"-noun-0]|TX|3913/3|
00000000|MMI|1.71|Entire upper limb|C1269078|[bpoc]|["Arm"-tx-45-"arm"-noun-0]|TX|3913/3|
00000000|MMI|1.71|Fifth|C0205439|[qnco]|["Fifth"-tx-12-"fifth"-noun-0]|TX|931/5|
00000000|MMI|1.71|First (number)|C0205435|[qnco]|["First"-tx-38-"