00000000|MMI|16.12|Adenosine|C0001443|[bacs,nnon,phsu]|["ADENOSINE"-tx-1-"adenosine"-noun-0]|TX|123/9|D03.438.759.590.138;D13.570.583.138;D13.570.800.096;x.x.x.x
00000000|MMI|16.07|Latvia|C0023128|[geoa]|["LV"-tx-1-"LV"-noun-0]|TX|148/2|Z01.542.248.136.560;Z01.586.950.140.560
00000000|MMI|12.93|Rabbi|C0684010|[prog]|["R."-tx-1-"r"-adj-0]|TX|74/1|M01.526.799.500
00000000|MMI|9.76|Pathological Dilatation|C0012359|[patf]|["Dilation"-tx-1-"dilation"-noun-0]|TX|151/8|C23.300.325
00000000|MMI|9.74|Ischemia|C0022116|[patf]|["Ischaemia, NOS"-tx-1-"ischemia"-noun-0]|TX|111/8|C23.550.513
00000000|MMI|9.74|San Marino|C0036154|[geoa]|["SM"-tx-1-"sm"-noun-0]|TX|83/2|Z01.542.786
00000000|MMI|6.61|Dilate procedure|C1322279|[topp]|["Dilation"-tx-1-"dilation"-noun-0]|TX|151/8|E05.284
00000000|MMI|5.18|CALD1 wt Allele|C3813548|[gngm]|["CAD"-tx-1-"CAD"-noun-0]|TX|64/3|
00000000|MMI|3.65|Report status|C0586177|[fndg]|["Report status"-tx-1-"Report Status"-noun-0]|TX|196/13|
00000000|MMI|3.63|Admission date:Time Stamp -- Date and Time:Point in time:^Patient:Quantitative|C2598112|[clna]|["Admission date"-tx-1-"Admission Date"-noun-0]|TX|170/14|
00000000|MMI|3.63|Date of admission|C1302393|[tmco]|["Admission date"-tx-1-"Admission Date"-noun-0]|TX|170/14|
00000000|MMI|3.61|Myocardial Infarction ECG Assessment|C3810814|[diap]|["MI"-tx-1-"MI"-noun-0]|TX|78/2|
00000000|MMI|3.59|Pyrexia of unknown origin (excl puerperal)|C0856281|[sosy]|["puo"-tx-1-"PUO"-noun-0]|TX|12/3|
00000000|MMI|3.55|Area|C0205146|[spco]|["AREA"-tx-1-"area"-noun-0]|TX|87/4|
00000000|MMI|3.55|Geographic Locations|C0017446|[geoa]|["Area"-tx-1-"area"-noun-0]|TX|87/4|Z01
00000000|MMI|3.47|Congestive heart failure|C0018802|[dsyn]|["CHF"-tx-1-"CHF"-noun-0]|TX|70/3|
00000000|MMI|3.47|R prime|C2603358|[clna]|["R'"-tx-1-"r"-adj-0]|TX|74/1|
00000000|MMI|3.47|Right|C0205090|[spco]|["R-"-tx-1-"r"-adj-0]|TX|74/1|
00000000|MMI|3.46|Diagnostic interview schedule|C0451119|[inpr]|["DIS"-tx-1-"DIS"-noun-0]|TX|164/3|
00000000|MMI|3.46|Dilated|C0700124|[fndg]|["Dilation"-tx-1-"dilation"-noun-0]|TX|151/8|
00000000|MMI|3.46|Discontinued|C1444662|[fndg]|["DIS"-tx-1-"DIS"-noun-0]|TX|164/3|
00000000|MMI|3.46|Leucovorin Calcium|C0731033|[orch,phsu,vita]|["LV"-tx-1-"LV"-noun-0]|TX|148/2|
00000000|MMI|3.46|Liposome Vesicle|C1881413|[chvs]|["LV"-tx-1-"LV"-noun-0]|TX|148/2|
00000000|MMI|3.43|Reverend|C2347961|[prog]|["Rev."-tx-1-"rev"-noun-0]|TX|105/3|
00000000|MMI|125.37|Patient Discharge|C0030685|[hlca]|["Discharge"-tx-31-"DISCHARGE"-noun-0,"Discharge"-tx-30-"DISCHARGE"-noun-0,"Discharged"-tx-20-"discharged"-verb-0,"Discharge"-tx-4-"DISCHARGE"-noun-0,"Discharge"-tx-1-"DISCHARGE"-noun-0,"Patient Discharge"-tx-1-"DISCHARGE PATIENT"-noun-0]|TX|3909/9;3763/9;2996/10;1095/9;32/9;120/17|E02.204.125;E02.760.400.610;N02.421.192.125;N02.421.585.400.610;N04.590.233.727.210.125
00000000|MMI|100.88|Mongolia|C0026410|[geoa]|["MG"-tx-26-"mg"-noun-0,"MG"-tx-18-"mg"-noun-0,"MG"-tx-2-"MG"-noun-0,"MG"-tx-1-"MG"-noun-0]|TX|[3501/2],[3589/2];2851/2;[485/2],[575/2];[335/2],[369/2]|Z01.252.474.651
00000000|MMI|88.51|Aspirin|C0004057|[orch,phsu]|["ASA"-tx-18-"ASA"-noun-0,"ASA"-tx-2-"ASA"-noun-0,"Acetylsalicylic Acid"-tx-2-"ACETYLSALICYLIC ACID"-noun-0]|TX|2821/3;543/3;549/20|D02.455.426.559.389.657.410.595.176
00000000|MMI|78.34|Zocor|C0678181|[orch,phsu]|["Zocor"-tx-26-"zocor"-noun-0,"Zocor"-tx-18-"zocor"-noun-0,"Zocor"-tx-1-"ZOCOR"-noun-0]|TX|3492/5;2827/5;344/5|D02.455.426.559.847.638.400.900;D04.615.638.400.900
00000000|MMI|69.34|Hydrochlorothiazide|C0020261|[orch,phsu]|["HCTZ"-tx-19-"HCTZ"-noun-0,"HCTZ"-tx-1-"HCTZ"-noun-0,"HYDROCHLOROTHIAZIDE"-tx-1-"HYDROCHLOROTHIAZIDE"-noun-0]|TX|2960/4;303/4;310/19|D02.886.590.700.135.261.476;D02.886.655.500.261.476;D03.438.174.261.476
00000000|MMI|68.04|Rabbi|C0684010|[prog]|["R."-tx-12-"r"-adj-0,"R."-tx-4-"R"-noun-0,"R."-tx-4-"r"-adj-0]|TX|2273/1;1481/1;[1078/1],[1174/1],[1486/1]|M01.526.799.500
00000000|MMI|59.34|Atenolol|C0004147|[orch,phsu]|["ATENOLOL"-tx-26-"atenolol"-noun-0,"ATENOLOL"-tx-18-"atenolol"-noun-0,"ATENOLOL"-tx-2-"ATENOLOL"-noun-0]|TX|3459/8;2835/8;584/8|D02.033.100.624.698.070;D02.033.755.624.698.070;D02.092.063.624.698.070
00000000|MMI|54.24|Togo|C0040363|[geoa]|["TO"-tx-28-"to"-adv-0,"TO"-tx-17-"to"-adv-0,"TO"-tx-3-"TO"-adv-0]|TX|3683/2;2670/2;964/2|Z01.058.290.190.800
00000000|MMI|54.24|Tryptophanase|C0041260|[aapp,enzy]|["TO"-tx-28-"to"-adv-0,"TO"-tx-17-"to"-adv-0,"TO"-tx-3-"TO"-adv-0]|TX|3683/2;2670/2;964/2|D08.811.520.224.800
00000000|MMI|49.80|Latvia|C0023128|[geoa]|["LV"-tx-16-"LV"-noun-0,"LV"-tx-7-"LV"-noun-0,"LV"-tx-4-"LV"-noun-0]|TX|2608/2;1777/2;1248/2|Z01.542.248.136.560;Z01.586.950.140.560
00000000|MMI|49.50|Dominican Republic|C0013014|[geoa]|["DR"-tx-27-"Dr"-noun-0,"DR"-tx-20-"Dr"-noun-0,"DR"-tx-3-"Dr"-noun-0]|TX|3612/2;3058/2;1016/2|Z01.107.084.900.300;Z01.639.880.300
00000000|MMI|49.26|Lisinopril|C0065374|[aapp,phsu]|["Lysinopril"-tx-26-"lisinopril"-noun-0,"Lysinopril"-tx-3-"LISINOPRIL"-noun-0]|TX|3470/10;[732/10],[861/10]|D12.644.456.345.600
00000000|MMI|49.07|Adenosine|C0001443|[bacs,nnon,phsu]|["ADENOSINE"-tx-14-"adenosine"-noun-0,"ADENOSINE"-tx-4-"adenosine"-noun-0]|TX|2423/9;[1223/9],[1504/9]|D03.438.759.590.138;D13.570.583.138;D13.570.800.096;x.x.x.x
00000000|MMI|49.04|Food-Drug Interactions|C0242785|[dsyn]|["Interaction, Food-Drug"-tx-2-"Food/Drug Interaction"-noun-0,"Interaction, Food-Drug"-tx-1-"Food/Drug Interaction"-noun-0]|TX|[494/21],[607/21];379/21|G07.690.773.968.511
00000000|MMI|48.50|diagnosis aspect|C1704338|[qlco]|["diagnosis"-tx-4-"DIAGNOSIS"-noun-0]|TX|[1067/9],[1266/9]|x.x.x.x.x.x.x
00000000|MMI|45.56|Cerebroside-Sulfatase|C0007804|[aapp,enzy]|["ASA"-tx-18-"ASA"-noun-0,"ASA"-tx-2-"ASA"-noun-0]|TX|2821/3;543/3|D08.811.277.352.827.070.250
00000000|MMI|45.06|Coding|C0009219|[ocac]|["code"-tx-1-"CODE"-noun-0,"code"-tx-1-"code"-noun-0]|TX|239/4;257/4|N04.452.758.708.200.400.500;N04.452.859.564.274;N05.715.360.300.715.500.249;N06.850.520.308.940.968.249
00000000|MMI|44.63|Needs|C0027552|[qlco]|["Need"-tx-28-"need"-verb-0,"Need"-tx-21-"need"-verb-0,"Need"-tx-17-"need"-verb-0]|TX|3678/4;3074/4;2665/4|N03.349.380.420;N05.300.450
00000000|MMI|44.63|Zantac|C0592278|[orch,phsu]|["Zantac"-tx-26-"zantac"-noun-0,"Zantac"-tx-18-"zantac"-noun-0,"Zantac"-tx-3-"ZANTAC"-noun-0]|TX|3483/6;2919/6;692/6|D03.383.312.750
00000000|MMI|40.50|ECHO protocol|C0058928|[topp]|["ECHO"-tx-15-"echo"-noun-0,"ECHO"-tx-14-"echo"-noun-0,"ECHO"-tx-7-"echo"-noun-0]|TX|2556/4;2442/4;1715/4|x.x.x.x
00000000|MMI|40.29|Ischemia|C0022116|[patf]|["Ischaemia, NOS"-tx-17-"ischemia"-noun-0,"Ischaemia, NOS"-tx-15-"ischemia"-noun-0,"Ischaemia, NOS"-tx-6-"ischemia"-noun-0,"Ischaemia, NOS"-tx-4-"ischemia"-noun-0]|TX|2743/8;2499/8;1630/8;1211/8|C23.550.513
00000000|MMI|40.24|Portugal|C0032729|[geoa]|["PO"-tx-3-"PO"-noun-0,"PO"-tx-2-"PO"-noun-0,"PO"-tx-1-"PO"-noun-0]|TX|725/2;488/2;[338/2],[372/2]|Z01.542.727
00000000|MMI|39.89|Physicians|C0031831|[prog]|["DR"-tx-27-"Dr"-noun-0,"DR"-tx-20-"Dr"-noun-0,"DR"-tx-3-"Dr"-noun-0]|TX|3612/2;3058/2;1016/2|M01.526.485.810;N02.360.810
00000000|MMI|39.00|Hypercholesterolemia|C0020443|[dsyn]|["High cholesterol"-tx-26-"high cholesterol"-noun-0,"HYPERCHOLESTEROLEMIA"-tx-4-"hypercholesterolemia"-noun-0]|TX|3531/16;1356/20|C18.452.584.500.500.396
00000000|MMI|35.81|Chest Pain|C0008031|[sosy]|["CHEST PAIN"-tx-29-"chest pain"-noun-0,"CHEST PAIN"-tx-23-"chest pain"-noun-0]|TX|3742/10;3225/10|C10.597.617.192;C23.888.592.612.233
00000000|MMI|30.42|Citrus paradisi|C0947567|[plnt]|["grapefruit"-tx-1-"grapefruit"-noun-0]|TX|419/10|B01.650.940.800.575.100.875.177.538
00000000|MMI|30.42|Obesity, Morbid|C0028756|[dsyn]|["Morbid Obesity"-tx-8-"morbid obesity"-noun-0]|TX|1906/14|C18.654.726.500.700;C23.888.144.699.500.500;E01.370.600.115.100.160.120.699.500.500;G07.100.100.160.120.699.500.500
00000000|MMI|29.73|San Marino|C0036154|[geoa]|["SM"-tx-15-"sm"-noun-0,"SM"-tx-6-"Sm"-noun-0,"SM"-tx-4-"sm"-noun-0]|TX|2461/2;1610/2;1183/2|Z01.542.786
00000000|MMI|27.26|Simvastatin|C0074554|[orch,phsu]|["SIMVASTATIN"-tx-1-"SIMVASTATIN"-noun-0]|TX|352/11|D02.455.426.559.847.638.400.900;D04.615.638.400.900
00000000|MMI|27.22|Magnesium Cation|C2346927|[elii,phsu]|["Mg++"-tx-26-"mg"-noun-0,"Mg++"-tx-18-"mg"-noun-0,"Mg++"-tx-2-"MG"-noun-0,"Mg++"-tx-1-"MG"-noun-0]|TX|[3501/2],[3589/2];2851/2;[485/2],[575/2];[335/2],[369/2]|
00000000|MMI|27.22|Milligram percent|C1960952|[qnco]|["mg %"-tx-26-"mg"-noun-0,"mg %"-tx-18-"mg"-noun-0,"mg %"-tx-2-"MG"-noun-0,"mg %"-tx-1-"MG"-noun-0]|TX|[3501/2],[3589/2];2851/2;[485/2],[575/2];[335/2],[369/2]|
00000000|MMI|27.22|mg/dL|C0439269|[qnco]|["mg%"-tx-26-"mg"-noun-0,"mg%"-tx-18-"mg"-noun-0,"mg%"-tx-2-"MG"-noun-0,"mg%"-tx-1-"MG"-noun-0]|TX|[3501/2],[3589/2];2851/2;[485/2],[575/2];[335/2],[369/2]|
00000000|MMI|26.37|Polysomnography|C0162701|[diap]|["Sleep Study"-tx-28-"sleep study"-noun-0,"Sleep Study"-tx-22-"sleep study"-noun-0]|TX|3718/11;3119/11|E01.370.520.625
00000000|MMI|26.33|Myocardial Infarction|C0027051|[dsyn]|["-- Heart Attack"-tx-24-"heart attack"-noun-1,"-- Heart Attack"-tx-23-"heart attack"-noun-0]|TX|3327/12;3262/12|C14.280.647.500;C14.907.585.500
00000000|MMI|26.13|Panama|C0030266|[geoa]|["PM"-tx-31-"PM"-noun-0,"PM"-tx-1-"PM"-adj-0]|TX|3892/2;159/2|Z01.107.169.772
00000000|MMI|22.71|Daily|C0332173|[tmco]|["/day"-tx-26-"day"-noun-0,"/day"-tx-9-"day"-noun-0,"QD"-tx-3-"QD"-noun-0,"QD"-tx-2-"QD"-noun-0,"QD"-tx-1-"QD"-noun-0]|TX|3601/3;2065/3;751/2;[491/2],[581/2];341/2|
00000000|MMI|20.95|Vision|C0042789|[orgf]|["see"-tx-28-"see"-verb-0]|TX|3686/3|F02.830.816.964;G02.111.087.800.480.900;G02.149.115.800.480.900;G04.299.880.480.900;G11.561.600.810.964;G14.640.816
00000000|MMI|20.55|Educational process of instructing|C0039401|[edac]|["Instruction"-tx-2-"Instruction"-noun-0,"Instruction"-tx-1-"Instruction"-noun-0]|TX|[516/11],[629/11];401/11|I02.903
00000000|MMI|20.30|Disease|C0012634|[dsyn]|["condition"-tx-30-"CONDITION"-noun-0,"condition"-tx-4-"Conditions"-noun-0]|TX|3773/9;1276/10|C23.550.288
00000000|MMI|19.75|Appointments|C0003629|[idcn]|["Appointment"-tx-28-"appointment"-noun-0,"Appointment"-tx-3-"APPOINTMENT"-noun-0]|TX|3644/11;998/11|N04.452.095
00000000|MMI|19.45|Creatine Kinase|C0010287|[aapp,enzy]|["CK"-tx-13-"CK"-noun-0]|TX|2279/2|D08.811.913.696.640.150
00000000|MMI|19.40|Troponin I|C0077401|[aapp,bacs]|["TnI"-tx-13-"TnI"-noun-0]|TX|2287/3|D05.750.078.730.825.925;D12.776.210.500.910.925;D12.776.220.525.825.925
00000000|MMI|19.36|Meal (occasion for eating)|C1998602|[dora]|["Meals"-tx-2-"meals"-noun-0]|TX|664/5|F01.145.407.432.500;F01.145.466.349.500;G07.203.300.590;G07.203.650.353.432.500;J02.500.590
00000000|MMI|19.31|District of Columbia|C0012764|[geoa]|["D.C."-tx-1-"D/C"-noun-0]|TX|197/3|Z01.107.567.875.500.210;Z01.433.429
00000000|MMI|19.23|Po 12|C1569564|[orch,phsu]|["Po 12"-tx-2-"PO 12"-noun-0]|TX|578/2,593/2|D02.455.849.919.530.444
00000000|MMI|18.52|10%|C3842590|[fndg]|["10%"-tx-31-"10"-fraction-0,"10%"-tx-26-"10"-integer-0,"10%"-tx-3-"10"-fraction-0,"10%"-tx-1-"10"-fraction-0,"10%"-tx-1-"10"-integer-0]|TX|3876/2;3498/2;790/2;[142/2],[366/2];[142/2],[366/2]|
00000000|MMI|18.34|R prime|C2603358|[clna]|["R'"-tx-12-"r"-adj-0,"R'"-tx-4-"R"-noun-0,"R'"-tx-4-"r"-adj-0]|TX|2273/1;1481/1;[1078/1],[1174/1],[1486/1]|
00000000|MMI|18.34|Right|C0205090|[spco]|["R-"-tx-12-"r"-adj-0,"R-"-tx-4-"R"-noun-0,"R-"-tx-4-"r"-adj-0]|TX|2273/1;1481/1;[1078/1],[1174/1],[1486/1]|
00000000|MMI|17.80|Exercise stress test|C0015260|[diap]|["stress test"-tx-25-"stress test"-noun-0]|TX|3347/11|E01.370.370.380.250;E01.370.386.700.250;E05.333.250
00000000|MMI|17.80|Snoring|C0037384|[sosy]|["SNORING"-tx-22-"snoring"-noun-0]|TX|3152/7|C23.888.852.779.850
00000000|MMI|17.80|Stress Test|C3494508|[diap]|["Stress Test"-tx-25-"stress test"-noun-0]|TX|3347/11|E01.370.370.380.250;E01.370.386.700.250;E05.333.250
00000000|MMI|16.18|Hypokinesia|C0086439|[sosy]|["Hypokinesis"-tx-15-"hypokinesis"-noun-0]|TX|2572/11|C10.597.350.400;C23.888.592.350.400
00000000|MMI|16.15|Potassium Chloride|C0032825|[inch,phsu]|["POTASSIUM CHLORIDE"-tx-3-"POTASSIUM CHLORIDE"-noun-0]|TX|836/18|D01.210.450.150.750;D01.745.625
00000000|MMI|16.12|Fat-Restricted Diet|C0242970|[topp]|["low fat"-tx-3-"Low fat"-noun-0]|TX|910/3,929/3|E02.642.249.260;G07.203.650.240.260
00000000|MMI|16.12|Somalia|C0037640|[geoa]|["SO"-tx-17-"so"-adv-0]|TX|2756/2|Z01.058.290.120.730
00000000|MMI|16.08|African American|C0085756|[popg]|["AFRICAN AMERICAN"-tx-8-"african american"-noun-0]|TX|1852/16|M01.686.508.100.100;M01.686.754.100
00000000|MMI|16.08|Human body|C0242821|[humn]|["body"-tx-22-"body"-noun-0]|TX|3137/4|I01.076.201.450.560;K01.093.378
00000000|MMI|16.07|Iodides|C0021966|[inch]|["I-"-tx-4-"I"-noun-0]|TX|1524/1|D01.248.497.158.490;D01.475.410
00000000|MMI|16.03|Pharmacogenomics Trial Characteristics Domain|C3714755|[inpr]|["PT"-tx-20-"Pt"-noun-0,"PT"-tx-18-"Pt"-noun-0,"PT"-tx-18-"pt"-noun-0,"PT"-tx-14-"Pt"-noun-0]|TX|2988/2;2799/2;2870/2;2381/2|
00000000|MMI|16.03|Physical therapy (field)|C0699718|[bmod]|["PT"-tx-20-"Pt"-noun-0,"PT"-tx-18-"Pt"-noun-0,"PT"-tx-18-"pt"-noun-0,"PT"-tx-14-"Pt"-noun-0]|TX|2988/2;2799/2;2870/2;2381/2|
00000000|MMI|15.79|Patient need for (contextual qualifier)|C0686904|[ftcn]|["need"-tx-28-"need"-verb-0,"need"-tx-21-"need"-verb-0,"need"-tx-17-"need"-verb-0]|TX|3678/4;3074/4;2665/4|
00000000|MMI|15.79|To|C1883351|[qlco]|["To"-tx-28-"to"-adv-0,"To"-tx-17-"to"-adv-0,"To"-tx-3-"TO"-adv-0]|TX|3683/2;2670/2;964/2|
00000000|MMI|14.75|Body Fluid Discharge|C0012621|[bdsu]|["Discharge"-tx-31-"DISCHARGE"-noun-0,"Discharge"-tx-30-"DISCHARGE"-noun-0,"Discharge"-tx-4-"DISCHARGE"-noun-0,"Discharge"-tx-1-"DISCHARGE"-noun-0]|TX|3909/9;3763/9;1095/9;32/9|
00000000|MMI|14.75|Discharge, body substance|C2926602|[bdsu]|["Discharge"-tx-31-"DISCHARGE"-noun-0,"Discharge"-tx-30-"DISCHARGE"-noun-0,"Discharge"-tx-4-"DISCHARGE"-noun-0,"Discharge"-tx-1-"DISCHARGE"-noun-0]|TX|3909/9;3763/9;1095/9;32/9|
00000000|MMI|14.69|Myocardial Infarction ECG Assessment|C3810814|[diap]|["MI"-tx-14-"MI"-noun-0,"MI"-tx-4-"MI"-noun-0]|TX|2399/2;[1082/2],[1178/2],[1490/2]|
00000000|MMI|14.64|BaseLine dental cement|C0168634|[bodm]|["baseline"-tx-11-"baseline"-noun-0]|TX|2150/8|x.x.x.x
00000000|MMI|14.64|Ranitidine Hydrochloride|C0700466|[orch,phsu]|["Ranitidine.HCl"-tx-3-"RANITIDINE HCL"-noun-0]|TX|701/14|D03.383.312.750
00000000|MMI|14.64|Rest|C0035253|[dora]|["Resting"-tx-6-"resting"-verb-0]|TX|1587/7|I03.450.769.647
00000000|MMI|14.64|rofecoxib|C0762662|[orch,phsu]|["ROFECOXIB"-tx-2-"ROFECOXIB"-noun-0]|TX|470/9|x.x.x.x
00000000|MMI|14.24|Oral|C0442027|[spco]|["PO"-tx-3-"PO"-noun-0,"PO"-tx-2-"PO"-noun-0,"PO"-tx-1-"PO"-noun-0]|TX|725/2;488/2;[338/2],[372/2]|
00000000|MMI|13.24|Hematologic Tests|C0018941|[lbpr]|["Blood Tests"-tx-24-"blood tests"-noun-0]|TX|3282/5,3292/5|E01.370.225.625;E05.200.625
00000000|MMI|13.14|Diet|C0012155|[food]|["Diet"-tx-3-"DIET"-noun-0]|TX|896/4|G07.203.650.240
00000000|MMI|13.08|Infantile Neuroaxonal Dystrophy|C0270724|[dsyn]|["PLAN"-tx-30-"PLAN"-noun-0]|TX|3797/4|C10.228.140.744
00000000|MMI|13.05|Dyspnea|C0013404|[sosy]|["SOB"-tx-8-"sob"-noun-0]|TX|1997/3|C08.618.326;C23.888.852.371
00000000|MMI|13.05|Etiology|C1314792|[ftcn]|["Etiology"-tx-17-"Etiology"-noun-0]|TX|2633/8|N05.715.350.200;N06.850.490.625
00000000|MMI|13.03|Stomach|C0038351|[bpoc]|["STOMACH"-tx-2-"stomach"-noun-0]|TX|682/7|A03.556.875.875
00000000|MMI|13.00|Dilatation and Curettage|C0012358|[topp]|["D & C"-tx-1-"D/C"-noun-0]|TX|197/3|E04.157.310;E04.950.300.299
00000000|MMI|12.89|Evaluation|C0220825|[hlca]|["Evaluation"-tx-1-"evaluation"-noun-0]|TX|181/10|E05.337;N05.715.360.335
00000000|MMI|12.89|Honduras|C0019905|[geoa]|["HO"-tx-1-"HO"-noun-0]|TX|178/2|Z01.107.169.534
00000000|MMI|12.89|4-azido-7-phenylpyrazolo-(1,5a)-1,3,5-triazine|C0245203|[bacs,orch]|["APPT"-tx-12-"appt"-noun-0]|TX|2239/4|x.x.x.x
00000000|MMI|11.79|Dilated|C0700124|[fndg]|["Dilated"-tx-16-"dilated"-verb-0,"Dilated"-tx-7-"dilated"-verb-0,"Dilation"-tx-4-"dilation"-noun-0]|TX|2614/7;1783/7;1251/8|
00000000|MMI|11.79|Order (action)|C1705178|[acty]|["Order"-tx-31-"ORDERS"-verb-0,"Order"-tx-1-"ORDER"-noun-0,"Order"-tx-1-"ORDERS"-verb-0]|TX|3919/6;201/5;42/6|
00000000|MMI|11.79|Order (arrangement)|C1705176|[qlco]|["Order"-tx-31-"ORDERS"-verb-0,"Order"-tx-1-"ORDER"-noun-0,"Order"-tx-1-"ORDERS"-verb-0]|TX|3919/6;201/5;42/6|
00000000|MMI|11.79|Order (document)|C1705175|[inpr]|["Order"-tx-31-"ORDERS"-verb-0,"Order"-tx-1-"ORDER"-noun-0,"Order"-tx-1-"ORDERS"-verb-0]|TX|3919/6;201/5;42/6|
00000000|MMI|11.79|Order (taxonomic)|C1705177|[clas]|["Order"-tx-31-"ORDERS"-verb-0,"Order"-tx-1-"ORDER"-noun-0,"Order"-tx-1-"ORDERS"-verb-0]|TX|3919/6;201/5;42/6|
00000000|MMI|11.79|Permutation|C1882348|[qlco]|["Order"-tx-31-"ORDERS"-verb-0,"Order"-tx-1-"ORDER"-noun-0,"Order"-tx-1-"ORDERS"-verb-0]|TX|3919/6;201/5;42/6|
00000000|MMI|11.79|Sequence of Planned Assessment Schedule|C3889825|[inpr]|["ORDER"-tx-31-"ORDERS"-verb-0,"ORDER"-tx-1-"ORDER"-noun-0,"ORDER"-tx-1-"ORDERS"-verb-0]|TX|3919/6;201/5;42/6|
00000000|MMI|11.66|Echo (insect)|C1655045|[euka]|["Echo"-tx-15-"echo"-noun-0,"Echo"-tx-14-"echo"-noun-0,"Echo"-tx-7-"echo"-noun-0]|TX|2556/4;2442/4;1715/4|
00000000|MMI|11.60|Take|C1515187|[hlca]|["Take"-tx-26-"take"-verb-0,"Take"-tx-2-"Take"-verb-0]|TX|3454/4;[528/4],[641/4]|
00000000|MMI|11.56|Override|C1547671|[acty]|["Override"-tx-3-"Override"-verb-0,"Override"-tx-3-"overridden"-noun-0,"Override"-tx-3-"override"-verb-0]|TX|772/8;760/10;883/8|
00000000|MMI|11.49|Complication Aspects|C1171258|[patf]|["complications"-tx-4-"Complications"-noun-0]|TX|1302/13|x.x.x
00000000|MMI|11.49|Methods aspects|C0025664|[inpr]|["procedures"-tx-4-"PROCEDURES"-noun-0]|TX|1430/10|x.x.x
00000000|MMI|11.49|enzymology|C0014445|[ftcn]|["enzymes"-tx-14-"enzymes"-noun-0]|TX|2405/7|x.x.x
00000000|MMI|11.35|Leucovorin Calcium|C0731033|[orch,phsu,vita]|["LV"-tx-16-"LV"-noun-0,"LV"-tx-7-"LV"-noun-0,"LV"-tx-4-"LV"-noun-0]|TX|2608/2;1777/2;1248/2|
00000000|MMI|11.35|Liposome Vesicle|C1881413|[chvs]|["LV"-tx-16-"LV"-noun-0,"LV"-tx-7-"LV"-noun-0,"LV"-tx-4-"LV"-noun-0]|TX|2608/2;1777/2;1248/2|
00000000|MMI|11.08|Clinical Study Follow-up|C3274571|[hlca]|["FOLLOW-UP"-tx-20-"follow up"-adj-0,"FOLLOW-UP"-tx-17-"followed up"-verb-0,"FOLLOW-UP"-tx-3-"FOLLOW UP"-adj-0]|TX|3043/9;2676/11;988/9|
00000000|MMI|11.08|Follow-Up Report|C1704685|[inpr]|["Follow-Up"-tx-20-"follow up"-adj-0,"Follow-Up"-tx-17-"followed up"-verb-0,"Follow-Up"-tx-3-"FOLLOW UP"-adj-0]|TX|3043/9;2676/11;988/9|
00000000|MMI|11.08|Follow-up status|C0589120|[fndg]|["Follow-up"-tx-20-"follow up"-adj-0,"Follow-up"-tx-17-"followed up"-verb-0,"Follow-up"-tx-3-"FOLLOW UP"-adj-1]|TX|3043/9;2676/11;988/9|
00000000|MMI|11.08|follow-up|C1522577|[hlca]|["Follow Up"-tx-20-"follow up"-adj-0,"Follow Up"-tx-17-"followed up"-verb-0,"Follow Up"-tx-3-"FOLLOW UP"-adj-0]|TX|3043/9;2676/11;988/9|
00000000|MMI|11.05|Delayed Release Dosage Form|C1707664|[bodm]|["DR"-tx-27-"Dr"-noun-0,"DR"-tx-20-"Dr"-noun-0,"DR"-tx-3-"Dr"-noun-0]|TX|3612/2;3058/2;1016/2|
00000000|MMI|11.05|Device to Subject Relationship Domain|C3540849|[inpr]|["DR"-tx-27-"Dr"-noun-0,"DR"-tx-20-"Dr"-noun-0,"DR"-tx-3-"Dr"-noun-0]|TX|3612/2;3058/2;1016/2|
00000000|MMI|11.05|Doctor - Title|C2348314|[cnce]|["Dr."-tx-27-"Dr"-noun-0,"Dr."-tx-20-"Dr"-noun-0,"Dr."-tx-3-"Dr"-noun-0]|TX|3612/2;3058/2;1016/2|
00000000|MMI|10.94|Instruction [Publication Type]|C0302828|[inpr]|["Instruction"-tx-2-"Instruction"-noun-0,"Instruction"-tx-1-"Instruction"-noun-0]|TX|[516/11],[629/11];401/11|
00000000|MMI|10.94|Instructions|C1442085|[idcn]|["instruction"-tx-2-"Instruction"-noun-0,"instruction"-tx-1-"Instruction"-noun-0]|TX|[516/11],[629/11];401/11|
00000000|MMI|10.68|Area|C0205146|[spco]|["AREA"-tx-17-"area"-noun-0,"AREA"-tx-7-"area"-noun-0,"AREA"-tx-4-"area"-noun-0]|TX|2724/4;1770/4;1187/4|
00000000|MMI|10.68|Geographic Locations|C0017446|[geoa]|["Area"-tx-17-"area"-noun-0,"Area"-tx-7-"area"-noun-0,"Area"-tx-4-"area"-noun-0]|TX|2724/4;1770/4;1187/4|Z01
00000000|MMI|10.49|Inferolateral|C1179866|[spco]|["Inferolateral"-tx-15-"inferolateral"-adj-0,"Inferolateral"-tx-6-"inferolateral"-adj-0]|TX|[2474/13],[2587/13];1639/13|
00000000|MMI|10.42|Cardiologist|C0175906|[prog]|["Cardiologist"-tx-28-"cardiologist"-noun-0,"Cardiologist"-tx-17-"cardiologist"-noun-0]|TX|3692/12;2693/12|
00000000|MMI|10.42|Chest pain:Finding:Point in time:^Patient:Ordinal|C2926613|[clna]|["Chest pain"-tx-29-"chest pain"-noun-0,"Chest pain"-tx-23-"chest pain"-noun-0]|TX|3742/10;3225/10|
00000000|MMI|10.42|Diagnosis|C0011900|[fndg]|["DIAGNOSIS"-tx-4-"DIAGNOSIS"-noun-0,"DIAGNOSIS"-tx-4-"DIAGNOSIS"-noun-1]|TX|[1067/9],[1266/9];[1067/9],[1266/9]|E01
00000000|MMI|10.42|Diagnosis Study|C1704656|[resa]|["DIAGNOSIS"-tx-4-"DIAGNOSIS"-noun-0]|TX|[1067/9],[1266/9]|
00000000|MMI|10.42|Positive|C1446409|[qlco]|["ruled"-tx-14-"ruled"-verb-0,"ruled"-tx-4-"ruled"-verb-0]|TX|2385/5;1494/5|
00000000|MMI|10.42|orders - HL7PublishingDomain|C3244315|[inpr]|["orders"-tx-31-"ORDERS"-verb-0,"orders"-tx-1-"ORDERS"-verb-0]|TX|3919/6;42/6|
00000000|MMI|9.99|Cell Respiration|C0282636|[celf]|["oxygenation"-tx-22-"oxygenation"-noun-0]|TX|3177/11|G03.495.278;G04.299.305
00000000|MMI|9.99|Cocos (Keeling) Islands|C0009212|[geoa]|["CK"-tx-13-"CK"-noun-0]|TX|2279/2|Z01.639.520
00000000|MMI|9.99|Diet therapy|C0012159|[hlca]|["Diet"-tx-3-"DIET"-noun-0]|TX|896/4|E02.642.249
00000000|MMI|9.94|Pathological Dilatation|C0012359|[patf]|["Dilation"-tx-4-"dilation"-noun-0]|TX|1251/8|C23.300.325
00000000|MMI|9.90|Hypertensive disease|C0020538|[dsyn]|["HTN"-tx-8-"HTN"-noun-0]|TX|1878/3|C14.907.489
00000000|MMI|9.90|Etiology aspects|C0015127|[ftcn]|["etiology"-tx-17-"Etiology"-noun-0]|TX|2633/8|x.x.x
00000000|MMI|9.88|Food|C0016452|[food]|["Food"-tx-2-"food"-noun-0]|TX|538/4|G07.203.300;J02.500
00000000|MMI|9.88|Pressure- physical agent|C0033095|[phpr]|["Pressures"-tx-18-"pressures"-verb-0]|TX|2892/9|G01.374.715
00000000|MMI|9.86|Universities|C0041740|[mnob,orgt]|["University"-tx-12-"university"-noun-0]|TX|2222/10|I02.783.830
00000000|MMI|9.78|Laboratory|C0022877|[mnob,orgt]|["Lab"-tx-24-"lab"-noun-0]|TX|3288/3|N02.278.487
00000000|MMI|9.76|Cardiomyopathies|C0878544|[dsyn]|["CARDIOMYOPATHY"-tx-17-"cardiomyopathy"-noun-0]|TX|2645/14|C14.280.238
00000000|MMI|8.34|Enzymes|C0014442|[enzy,orch]|["ENZYMES"-tx-14-"enzymes"-noun-0]|TX|2405/7|D08.811
00000000|MMI|8.34|Infection|C3714514|[patf]|["Infections"-tx-4-"Infections"-noun-0]|TX|1289/10|C01.539
00000000|MMI|8.34|Work|C0043227|[ocac]|["Work"-tx-3-"WORK"-verb-0]|TX|967/4|I03.946
00000000|MMI|8.28|Show|C1547282|[anim]|["Show"-tx-24-"show"-verb-0,"Show"-tx-15-"showed"-verb-0]|TX|3298/4;2454/6|
00000000|MMI|7.70|Hospital admission|C0184666|[hlca]|["Admission"-tx-4-"Admission"-noun-0,"Admit"-tx-4-"ADMIT"-verb-0]|TX|1152/9;1061/5|
00000000|MMI|7.70|Return to (contextual qualifier) (qualifier value)|C0332156|[qlco]|["Return"-tx-29-"Return"-verb-0,"Return"-tx-3-"RETURN"-noun-0]|TX|3732/6;957/6|
00000000|MMI|7.61|Condition|C0348080|[qlco]|["Condition"-tx-30-"CONDITION"-noun-0,"Condition"-tx-4-"Conditions"-noun-0]|TX|3773/9;1276/10|
00000000|MMI|7.61|Condition:Find:Pt:^Patient:Nom|C3864998|[clna]|["Condition"-tx-30-"CONDITION"-noun-0,"Condition"-tx-4-"Conditions"-noun-0]|TX|3773/9;1276/10|
00000000|MMI|7.61|Logical Condition|C1705253|[cnce]|["Condition"-tx-30-"CONDITION"-noun-0,"Condition"-tx-4-"Conditions"-noun-0]|TX|3773/9;1276/10|
00000000|MMI|7.53|Medications:-:Point in time:^Patient:-|C2598133|[clna]|["Medications"-tx-26-"medications"-noun-0,"Medications"-tx-25-"medications"-noun-0]|TX|3431/11;3394/11|
00000000|MMI|7.53|Medications:Presence or Identity:Duration of the study:^Patient:Nominal|C0802604|[clna]|["Medications"-tx-26-"medications"-noun-0,"Medications"-tx-25-"medications"-noun-0]|TX|3431/11;3394/11|
00000000|MMI|7.53|Pharmaceutical Preparations|C0013227|[phsu]|["Medications"-tx-26-"medications"-noun-0,"Medications"-tx-25-"medications"-noun-0]|TX|3431/11;3394/11|D26
00000000|MMI|7.49|Arylsulfatase A, human|C3853627|[aapp,enzy]|["ASA"-tx-18-"ASA"-noun-0,"ASA"-tx-2-"ASA"-noun-0]|TX|2821/3;543/3|
00000000|MMI|7.49|Negation|C1518422|[ftcn]|["Not"-tx-24-"not"-adv-0,"Not"-tx-4-"NOT"-adv-0]|TX|3316/3;1472/3|
00000000|MMI|7.46|day|C0439228|[tmco]|["DAY"-tx-26-"day"-noun-0,"DAY"-tx-9-"day"-noun-0]|TX|3601/3;2065/3|
00000000|MMI|7.46|per day|C0439505|[tmco]|["/day"-tx-26-"day"-noun-0,"/day"-tx-9-"day"-noun-0]|TX|3601/3;2065/3|
00000000|MMI|7.40|AMT gene|C1412390|[gngm]|["AMT"-tx-15-"amt"-noun-0,"AMT"-tx-4-"amt"-noun-0]|TX|2465/3;1540/3|
00000000|MMI|7.33|Sleep studies - specialty|C1321597|[bmod]|["sleep study"-tx-28-"sleep study"-noun-0,"sleep study"-tx-22-"sleep study"-noun-0]|TX|3718/11;3119/11|
00000000|MMI|7.33|Weekly|C0332174|[tmco]|["/wk"-tx-28-"wk"-noun-0,"/week"-tx-4-"week"-noun-0]|TX|3665/2;1035/4|
00000000|MMI|7.33|week|C0439230|[tmco]|["wk"-tx-28-"wk"-noun-0,"WEEK"-tx-4-"week"-noun-0]|TX|3665/2;1035/4|
00000000|MMI|7.31|Vioxx|C0876768|[orch,phsu]|["Vioxx"-tx-19-"vioxx"-noun-0,"Vioxx"-tx-2-"VIOXX"-noun-0]|TX|2969/5;462/5|
00000000|MMI|7.29|ADHD hyperactive symptoms mean score:Score:Pt:^Patient:Qn:Calculated|C4050231|[clna]|["Score"-tx-15-"score"-noun-0,"Score"-tx-6-"score"-noun-0]|TX|2521/5;1671/5|
00000000|MMI|7.29|Score|C0449820|[qnco]|["SCORE"-tx-15-"score"-noun-0,"SCORE"-tx-6-"score"-noun-0]|TX|2521/5;1671/5|
00000000|MMI|7.27|Hypercholesterolemia result|C1522133|[fndg]|["High Cholesterol"-tx-26-"high cholesterol"-noun-0,"Hypercholesterolemia"-tx-4-"hypercholesterolemia"-noun-0]|TX|3531/16;1356/20|
00000000|MMI|7.26|Summary (document)|C1706244|[inpr]|["Summary"-tx-30-"summary"-noun-0,"Summary"-tx-1-"SUMMARY"-noun-0]|TX|3815/7;226/7|
00000000|MMI|7.26|summary - ActRelationshipSubset|C1552616|[inpr]|["summary"-tx-30-"summary"-noun-0,"summary"-tx-1-"SUMMARY"-noun-0]|TX|3815/7;226/7|
00000000|MMI|7.19|Small|C0700321|[qnco]|["SMALL"-tx-17-"small"-adj-0,"SMALL"-tx-4-"small"-adj-0]|TX|2759/5;1534/5|
00000000|MMI|7.14|4+ Answer to question|C3838679|[fndg]|["4+"-tx-15-"4"-integer-0,"4+"-tx-6-"4"-integer-0]|TX|2531/1;1682/1|
00000000|MMI|7.11|Stress|C0038435|[fndg]|["Stress"-tx-15-"stress"-noun-0,"Stress"-tx-6-"stress"-noun-0]|TX|2514/6;1664/6|
00000000|MMI|7.11|Sum|C1515051|[qnco]|["Sum"-tx-15-"sum"-noun-0,"Sum"-tx-6-"sum"-noun-0]|TX|2510/3;1660/3|
00000000|MMI|7.09|Infusion pump Alert priority PM|C4049155|[fndg]|["PM"-tx-31-"PM"-noun-0,"PM"-tx-1-"PM"-adj-0]|TX|3892/2;159/2|
00000000|MMI|7.06|Home environment|C0442519|[cnce]|["HOME"-tx-20-"home"-noun-0,"HOME"-tx-1-"Home"-noun-0]|TX|3007/4;275/4|
00000000|MMI|7.00|Part|C0449719|[spco]|["Part"-tx-6-"Part"-noun-0,"Part"-tx-4-"part"-noun-0]|TX|1577/4;1519/4|
00000000|MMI|7.00|Part Dosing Unit|C1709471|[qnco]|["Part"-tx-6-"Part"-noun-0,"Part"-tx-4-"part"-noun-0]|TX|1577/4;1519/4|
00000000|MMI|6.99|Code|C0805701|[inpr]|["CODE"-tx-1-"CODE"-noun-0,"CODE"-tx-1-"code"-noun-0]|TX|239/4;257/4|
00000000|MMI|6.99|eTMF Content Model Code|C3889831|[inpr]|["Code"-tx-1-"CODE"-noun-0,"Code"-tx-1-"code"-noun-0]|TX|239/4;257/4|
00000000|MMI|6.98|Mild (qualifier value)|C2945599|[qlco]|["MILD"-tx-15-"mild"-adj-0,"MILD"-tx-6-"mild"-adj-0]|TX|2535/4;1689/4|
00000000|MMI|6.95|Reversible|C0205343|[ftcn]|["Reversible"-tx-17-"reversible"-adj-0,"Reversible"-tx-15-"reversible"-adj-0]|TX|2732/10;2488/10|
00000000|MMI|6.95|Shortened|C1282927|[qlco]|["short"-tx-11-"short"-adj-0,"brief"-tx-8-"BRIEF"-adj-0]|TX|2165/5;1812/5|
00000000|MMI|6.90|Walls of a building|C0677535|[mnob]|["Wall"-tx-15-"wall"-noun-0,"Wall"-tx-6-"wall"-noun-0]|TX|2601/4;1653/4|
00000000|MMI|6.89|Reverend|C2347961|[prog]|["Rev."-tx-6-"rev"-noun-0,"Rev."-tx-4-"rev"-noun-0]|TX|1624/3;1205/3|
00000000|MMI|6.79|Dilate procedure|C1322279|[topp]|["Dilation"-tx-4-"dilation"-noun-0]|TX|1251/8|E05.284
00000000|MMI|6.61|Woman|C0043210|[popg]|["WOMAN"-tx-8-"woman"-noun-0]|TX|1869/5|M01.975
00000000|MMI|5.18|Abnormal|C0205161|[qlco]|["ABNORMAL"-tx-25-"abnormal"-adj-0]|TX|3363/8|
00000000|MMI|5.18|Abnormal Reference Range|C2699333|[inpr]|["ABNORMAL"-tx-25-"abnormal"-adj-0]|TX|3363/8|
00000000|MMI|5.18|Additional comments|C1830770|[fndg]|["Additional comments"-tx-23-"ADDITIONAL COMMENTS"-noun-0]|TX|3191/19|
00000000|MMI|5.18|Affecting|C0392760|[ftcn]|["Affecting"-tx-4-"affecting"-verb-0]|TX|1318/9|
00000000|MMI|5.18|Baresthesia|C0234222|[ortf]|["pressure sensation"-tx-9-"Pressure sensation"-noun-0]|TX|2017/18|
00000000|MMI|5.18|Baseline|C1442488|[qnco]|["Baseline"-tx-11-"baseline"-noun-0]|TX|2150/8|
00000000|MMI|5.18|CALD1 wt Allele|C3813548|[gngm]|["CAD"-tx-4-"CAD"-noun-0]|TX|1164/3|
00000000|MMI|5.18|Complete|C0205197|[qlco]|["COMPLETE"-tx-6-"complete"-verb-0]|TX|1597/8|
00000000|MMI|5.18|Complication|C0009566|[patf]|["Complications"-tx-4-"Complications"-noun-0]|TX|1302/13|
00000000|MMI|5.18|Data operation - complete|C3853530|[ftcn]|["complete"-tx-6-"complete"-verb-0]|TX|1597/8|
00000000|MMI|5.18|Discharge date|C2361123|[tmco]|["Discharge date"-tx-1-"Discharge Date"-noun-0]|TX|0/14|
00000000|MMI|5.18|Discharge date:Time Stamp -- Date and Time:Point in time:^Patient:Quantitative|C2361122|[clna]|["Discharge date"-tx-1-"Discharge Date"-noun-0]|TX|0/14|
00000000|MMI|5.18|Doctor of Medicine|C1512018|[inpr]|["M.D."-tx-30-"M.D"-noun-0]|TX|3862/3|
00000000|MMI|5.18|ENZYMES FOR TREATMENT OF WOUNDS AND ULCERS|C3540048|[enzy,phsu]|["ENZYMES"-tx-14-"enzymes"-noun-0]|TX|2405/7|
00000000|MMI|5.18|Enzymes FOR DISORDERS OF THE MUSCULO-SKELETAL SYSTEM|C3540772|[enzy,phsu]|["Enzymes"-tx-14-"enzymes"-noun-0]|TX|2405/7|
00000000|MMI|5.18|Enzymes for ALIMENTARY TRACT AND METABOLISM|C3542456|[enzy,phsu]|["Enzymes"-tx-14-"enzymes"-noun-0]|TX|2405/7|
00000000|MMI|5.18|Enzymes, antithrombotic|C3541394|[enzy,phsu]|["Enzymes"-tx-14-"enzymes"-noun-0]|TX|2405/7|
00000000|MMI|5.18|Enzymes, hematological|C3540017|[enzy,phsu]|["Enzymes"-tx-14-"enzymes"-noun-0]|TX|2405/7|
00000000|MMI|5.18|Enzymes, peripheral vasodilators|C3540790|[enzy,phsu]|["Enzymes"-tx-14-"enzymes"-noun-0]|TX|2405/7|
00000000|MMI|5.18|GRAPEFRUIT EXTRACT|C0440280|[orch,phsu]|["GRAPEFRUIT"-tx-1-"grapefruit"-noun-0]|TX|419/10|
00000000|MMI|5.18|Grapefruit (food)|C0995150|[food]|["GRAPEFRUIT"-tx-1-"grapefruit"-noun-0]|TX|419/10|
00000000|MMI|5.18|Grapefruit Flavor|C1365950|[food]|["GRAPEFRUIT"-tx-1-"grapefruit"-noun-0]|TX|419/10|
00000000|MMI|5.18|Increased sweating|C0700590|[sosy]|["DIAPHORESIS"-tx-8-"diaphoresis"-noun-0]|TX|2003/11|
00000000|MMI|5.18|Interphase Cell|C1512899|[cell]|["resting"-tx-6-"resting"-verb-0]|TX|1587/7|
00000000|MMI|5.18|Interventional procedure|C0184661|[topp]|["PROCEDURES"-tx-4-"PROCEDURES"-noun-0]|TX|1430/10|
00000000|MMI|5.18|Involvement with|C1314939|[ftcn]|["Affecting"-tx-4-"affecting"-verb-0]|TX|1318/9|
00000000|MMI|5.18|Management procedure|C1273870|[ocac]|["Managed"-tx-17-"managed"-verb-0]|TX|2789/7|
00000000|MMI|5.18|Now (temporal qualifier)|C1948052|[tmco]|["Now"-tx-9-"now"-adv-0]|TX|2093/3|
00000000|MMI|5.18|Once (schedule frequency)|C1948045|[tmco]|["ONCE"-tx-26-"once"-adv-0]|TX|3594/4|
00000000|MMI|5.18|Once - dosing instruction fragment|C1720092|[inpr]|["Once"-tx-26-"once"-adv-0]|TX|3594/4|
00000000|MMI|5.18|Percent of Abnormal Cells|C2347472|[qnco]|["% Abnormal"-tx-25-"abnormal"-adj-0]|TX|3363/8|
00000000|MMI|5.18|Procedure (set of actions)|C2700391|[acty]|["Procedures"-tx-4-"PROCEDURES"-noun-0]|TX|1430/10|
00000000|MMI|5.18|Referral to cardiologist|C0586084|[hlca]|["Referral to cardiologist"-tx-21-"referral to cardiologist"-noun-0]|TX|3079/24|
00000000|MMI|5.18|S prime|C2603362|[clna]|["S'"-tx-3-"("-noun-0]|TX|1009/1|
00000000|MMI|5.18|See|C1947903|[acty]|["See"-tx-28-"see"-verb-0]|TX|3686/3|
00000000|MMI|5.18|Single event|C0585347|[tmco]|["Once"-tx-26-"once"-adv-0]|TX|3594/4|
00000000|MMI|5.18|Sometimes|C1998882|[tmco]|["Sometimes"-tx-8-"sometimes"-adv-0]|TX|1971/9|
00000000|MMI|5.18|Subject Continuance|C2826258|[evnt]|["CONT"-tx-26-"cont"-adv-0]|TX|3419/4|
00000000|MMI|5.18|Worse|C1457868|[fndg]|["worsen"-tx-29-"worsens"-verb-0]|TX|3753/7|
00000000|MMI|5.18|Worsening pattern|C0332271|[qlco]|["worsens"-tx-29-"worsens"-verb-0]|TX|3753/7|
00000000|MMI|5.18|per second|C0565930|[qnco]|["/s"-tx-3-"("-noun-0]|TX|1009/1|
00000000|MMI|5.18|seen|C0205397|[qlco]|["Seen"-tx-5-"seen"-verb-0]|TX|1570/4|
00000000|MMI|5.18|suggestion|C1705535|[idcn]|["Suggest"-tx-22-"suggest"-verb-0]|TX|3111/7|
00000000|MMI|5.18|treatments and procedures|C0237403|[topp]|["treatments procedures"-tx-4-"TREATMENTS/PROCEDURES"-noun-0]|TX|1448/21|
00000000|MMI|4.12|Known allergy|C3845888|[fndg]|["Known allergy"-tx-4-"Known Allergies"-noun-1]|TX|1045/15|
00000000|MMI|3.75|Medication.discharge|C0806915|[fndg]|["Discharge medications"-tx-1-"DISCHARGE MEDICATIONS"-noun-0]|TX|280/21|
00000000|MMI|3.75|Walking tolerance|C1821429|[fndg]|["Walking tolerance"-tx-11-"walking tolerance"-noun-0]|TX|2171/17|
00000000|MMI|3.74|Feeling stressed|C0564404|[menp]|["out stress"-tx-4-"out stress"-noun-0]|TX|1500/3,1526/6|
00000000|MMI|3.74|Domestic activities|C0441660|[dora]|["house activity"-tx-3-"House Activity"-noun-0]|TX|902/5,933/8|
00000000|MMI|3.72|Associated with|C0332281|[qlco]|["Associated with"-tx-8-"associated with"-verb-0]|TX|1981/15|
00000000|MMI|3.68|Admission activity|C0809949|[hlca]|["Admission"-tx-4-"Admission"-noun-0]|TX|1152/9|
00000000|MMI|3.68|Alveolar ventilation function|C0231940|[ortf]|["oxygenation"-tx-22-"oxygenation"-noun-0]|TX|3177/11|
00000000|MMI|3.68|Basal Diet|C2983588|[food]|["DIET"-tx-3-"DIET"-noun-0]|TX|896/4|
00000000|MMI|3.68|Diet (animal life circumstance)|C3668949|[food]|["Diet"-tx-3-"DIET"-noun-0]|TX|896/4|
00000000|MMI|3.68|Frequently|C0332183|[tmco]|["Frequent"-tx-9-"frequent"-adj-0]|TX|2048/8|
00000000|MMI|3.68|Preparation|C1521827|[acty]|["Set Up"-tx-28-"set up"-noun-0]|TX|3624/6|
00000000|MMI|3.68|Special Diet Therapy|C1519433|[topp]|["DIET"-tx-3-"DIET"-noun-0]|TX|896/4|
00000000|MMI|3.68|Laboratory test result abnormal|C0438215|[fndg]|["abnormal Tests"-tx-6-"abnormal test"-noun-0]|TX|1694/13|
00000000|MMI|3.68|Night and day|C0557861|[tmco]|["night day"-tx-26-"day night"-noun-0]|TX|3509/3,3516/5|
00000000|MMI|3.65|obesity surgery|C1167841|[topp]|["Obesity operations"-tx-4-"obesity OPERATIONS"-noun-0]|TX|1377/7,1415/10|
00000000|MMI|3.65|Principal Diagnosis:-:Point in time:^Patient:-|C2598194|[clna]|["Principal Diagnosis"-tx-4-"PRINCIPAL DIAGNOSIS"-noun-0]|TX|1085/9,1105/9|
00000000|MMI|3.65|Principal diagnosis|C0332137|[qlco]|["Principal Diagnosis"-tx-4-"PRINCIPAL DIAGNOSIS"-noun-0]|TX|1085/9,1105/9|
00000000|MMI|3.64|Entered|C1521975|[qlco]|["Entered"-tx-30-"ENTERED"-verb-0]|TX|3823/7|
00000000|MMI|3.64|Entire left upper arm|C1268256|[bpoc]|["Left arm"-tx-9-"left arm"-noun-0]|TX|2109/8|
00000000|MMI|3.64|Left upper arm structure|C0230347|[bpoc]|["Left Arm"-tx-9-"left arm"-noun-0]|TX|2109/8|
00000000|MMI|3.63|+2|C0740116|[qnco]|["+2"-tx-1-"2"-fraction-0]|TX|16/1|
00000000|MMI|3.63|0%|C3842591|[fndg]|["0%"-tx-13-"0"-real_number-0]|TX|2291/1|
00000000|MMI|3.63|2+|C3833492|[fndg]|["2+"-tx-1-"2"-fraction-0]|TX|16/1|
00000000|MMI|3.63|2+ Score|C2827735|[qnco]|["2+"-tx-1-"2"-fraction-0]|TX|16/1|
00000000|MMI|3.63|2+ Score, WHO|C2981700|[clas]|["2+"-tx-1-"2"-fraction-0]|TX|16/1|
00000000|MMI|3.63|Defect|C1457869|[ftcn]|["Defect"-tx-5-"defect"-noun-0]|TX|1563/6|
00000000|MMI|3.63|Disposition|C0743223|[idcn]|["Disposition"-tx-1-"DISPOSITION"-noun-0]|TX|262/11|
00000000|MMI|3.63|Disposition Domain|C1705555|[inpr]|["Disposition"-tx-1-"DISPOSITION"-noun-0]|TX|262/11|
00000000|MMI|3.63|Interaction|C1704675|[ftcn]|["Interaction"-tx-3-"INTERACTION"-noun-0]|TX|823/11|
00000000|MMI|3.63|MICROCEPHALY, EPILEPSY, AND DIABETES SYNDROME|C3280240|[dsyn]|["MEDS"-tx-19-"meds"-noun-0]|TX|2981/4|
00000000|MMI|3.63|Status|C0449438|[qlco]|["Status"-tx-1-"STATUS"-noun-0]|TX|244/6|
00000000|MMI|3.63|discharge diagnosis|C1555319|[fndg]|["Discharge diagnosis"-tx-4-"DISCHARGE DIAGNOSIS"-noun-1]|TX|1095/19|
00000000|MMI|3.63|Inverted T wave|C0520888|[fndg]|["ekg t wave inversion"-tx-13-"EKG t wave inversions"-noun-0]|TX|2299/3,2308/17|
00000000|MMI|3.61|Planned|C1301732|[ftcn]|["Plan"-tx-30-"PLAN"-noun-0]|TX|3797/4|
00000000|MMI|3.61|Treatment Plan|C0599880|[inpr]|["Plan"-tx-30-"PLAN"-noun-0]|TX|3797/4|
00000000|MMI|3.60|Inverted P wave|C0429043|[fndg]|["inverted p waves"-tx-13-"inverted P waves"-noun-0]|TX|2333/16|
00000000|MMI|3.60|Adult female goat|C3668950|[mamm]|["Doe"-tx-10-"doe"-noun-0]|TX|2141/3|
00000000|MMI|3.60|Department of Energy|C1511776|[prog]|["DOE"-tx-10-"doe"-noun-0]|TX|2141/3|
00000000|MMI|3.60|Dyspnea on exertion|C0231807|[sosy]|["DOE"-tx-10-"doe"-noun-1]|TX|2141/3|
00000000|MMI|3.59|ActInformationPrivacyReason <service>|C3245478|[idcn]|["service"-tx-1-"Service"-noun-0]|TX|107/7|
00000000|MMI|3.59|Services|C0557854|[ocac]|["Service"-tx-1-"Service"-noun-0]|TX|107/7|
00000000|MMI|3.59|Software Service|C2825316|[mnob]|["Service"-tx-1-"Service"-noun-0]|TX|107/7|
00000000|MMI|3.59|Continuous|C0549178|[idcn]|["Continue"-tx-19-"continue"-verb-0]|TX|2948/8|
00000000|MMI|3.59|End|C0444930|[spco]|["End"-tx-31-"END"-noun-0]|TX|3902/3|
00000000|MMI|3.59|Endocrine System Findings Domain|C3538926|[idcn]|["ED"-tx-12-"ED"-noun-0]|TX|2266/2|
00000000|MMI|3.59|Indication of (contextual qualifier)|C0392360|[idcn]|["Reason"-tx-3-"Reason"-noun-0]|TX|872/6|
00000000|MMI|3.59|Late|C0205087|[tmco]|["Late"-tx-12-"late"-adv-0]|TX|2195/4|
00000000|MMI|3.59|Out (direction)|C0439787|[spco]|["Out"-tx-14-"out"-adv-0]|TX|2391/3|
00000000|MMI|3.59|Removed|C0849355|[qlco]|["Out"-tx-14-"out"-adv-0]|TX|2391/3|
00000000|MMI|3.59|Responsible to|C1273518|[fndg]|["Responsible"-tx-4-"Responsible"-adj-0]|TX|1116/11|
00000000|MMI|3.59|Science of Etiology|C1524003|[cnce]|["Etiology"-tx-17-"Etiology"-noun-0]|TX|2633/8|
00000000|MMI|3.59|Send (transmission)|C1519246|[ftcn]|["Sent"-tx-12-"sent"-verb-0]|TX|2258/4|
00000000|MMI|3.59|Started|C1272689|[qlco]|["Started"-tx-18-"started"-verb-0]|TX|2803/7|
00000000|MMI|3.59|Stop (qualifier value)|C2746065|[tmco]|["End"-tx-31-"END"-noun-0]|TX|3902/3|
00000000|MMI|3.59|Treating|C1522326|[ftcn]|["Treated"-tx-25-"treated"-verb-0]|TX|3383/7|
00000000|MMI|3.59|Wall motion|C1980023|[clna]|["Wall motion"-tx-7-"wall motion"-noun-0]|TX|1731/11|
00000000|MMI|3.58|Days of the week|C0585023|[tmco]|["day week"-tx-9-"day week"-noun-0]|TX|2065/3,2082/4|
00000000|MMI|3.58|Chest pressure|C0438716|[sosy]|["Chest pressure"-tx-8-"chest pressure"-noun-0]|TX|1956/14|
00000000|MMI|3.57|100%|C3817553|[qnco]|["100%"-tx-18-"100's"-noun-0]|TX|2909/5|
00000000|MMI|3.57|Empty (qualifier)|C1880497|[qlco]|["Empty"-tx-2-"empty"-adj-0]|TX|676/5|
00000000|MMI|3.57|Entire stomach|C1278920|[bpoc]|["Stomach"-tx-2-"stomach"-noun-0]|TX|682/7|
00000000|MMI|3.57|Food allergenic extracts|C3540798|[imft,phsu]|["food"-tx-2-"food"-noun-0]|TX|538/4|
00000000|MMI|3.57|Gastric Tissue|C1517454|[tisu]|["STOMACH"-tx-2-"stomach"-noun-0]|TX|682/7|
00000000|MMI|3.57|Low Mitosis-Karyorrhexis Index|C3890211|[qnco]|["Low"-tx-18-"low"-adj-0]|TX|2905/3|
00000000|MMI|3.57|Pressure (finding)|C0460139|[fndg]|["pressures"-tx-18-"pressures"-verb-0]|TX|2892/9|
00000000|MMI|3.57|Pressure - action|C1306345|[ftcn]|["Pressure"-tx-18-"pressures"-verb-0]|TX|2892/9|
00000000|MMI|3.57|Radiating to|C0332301|[ftcn]|["radiates"-tx-9-"radiates"-verb-0]|TX|2097/8|
00000000|MMI|3.57|Stomach structure|C3714551|[bpoc]|["Stomach"-tx-2-"stomach"-noun-0]|TX|682/7|
00000000|MMI|3.57|low|C0205251|[qlco]|["Low"-tx-18-"low"-adj-0]|TX|2905/3|
00000000|MMI|3.57|low confidentiality|C1550472|[inpr]|["low"-tx-18-"low"-adj-0]|TX|2905/3|
00000000|MMI|3.57|low exposure|C4048187|[qlco]|["low"-tx-18-"low"-adj-0]|TX|2905/3|
00000000|MMI|3.56|Additional|C1524062|[ftcn]|["Added"-tx-3-"added"-verb-0]|TX|781/5|
00000000|MMI|3.56|Curriculum Vitae|C1880201|[inpr]|["Resume"-tx-8-"RESUME"-noun-0]|TX|1818/6|
00000000|MMI|3.56|Resume - Remote control command|C1550028|[idcn]|["Resume"-tx-8-"RESUME"-noun-0]|TX|1818/6|
00000000|MMI|3.56|resume - DataOperation|C3242342|[ftcn]|["resume"-tx-8-"RESUME"-noun-0]|TX|1818/6|
00000000|MMI|3.55|Abnormality|C1704258|[fndg]|["Abnormality"-tx-7-"abnormality"-noun-0]|TX|1743/11|
00000000|MMI|3.55|Conditional|C1701901|[qlco]|["Contingent"-tx-1-"CONTINGENT"-noun-0]|TX|162/10|
00000000|MMI|3.55|Laboratory Procedures|C0022885|[lbpr]|["Test"-tx-20-"test"-noun-0]|TX|3027/4|
00000000|MMI|3.55|Test Result|C0456984|[fndg]|["Test"-tx-20-"test"-noun-0]|TX|3027/4|
00000000|MMI|3.55|Testing|C0039593|[ftcn]|["Test"-tx-20-"test"-noun-0]|TX|3027/4|
00000000|MMI|3.55|Tests (qualifier value)|C0392366|[inpr]|["test"-tx-20-"test"-noun-0]|TX|3027/4|
00000000|MMI|3.55|Used by|C1273517|[fndg]|["used"-tx-1-"USED"-verb-0]|TX|210/4|
00000000|MMI|3.55|Intermittent|C0205267|[tmco]|["INTERMITTENT"-tx-8-"intermittent"-adj-0]|TX|1943/12|
00000000|MMI|3.55|Monthly (qualifier value)|C0332177|[tmco]|["/month"-tx-8-"month"-noun-0]|TX|1937/5|
00000000|MMI|3.55|Present|C0150312|[qnco]|["Present"-tx-8-"presents"-verb-0]|TX|1921/8|
00000000|MMI|3.55|Presentation|C0449450|[idcn]|["Present"-tx-8-"presents"-verb-0]|TX|1921/8|
00000000|MMI|3.55|S-linalool synthase activity|C2247545|[moft]|["LIS"-tx-26-"lis"-noun-0]|TX|3550/3|
00000000|MMI|3.55|month|C0439231|[tmco]|["MONTH"-tx-8-"month"-noun-0]|TX|1937/5|
00000000|MMI|3.55|per month (qualifier value)|C0439507|[tmco]|["/month"-tx-8-"month"-noun-0]|TX|1937/5|
00000000|MMI|3.54|Apical segmental vein|C0507238|[bpoc]|["V1"-tx-13-"v1"-noun-0]|TX|2350/2|
00000000|MMI|3.54|Significant|C0750502|[idcn]|["Significance"-tx-13-"significance"-noun-0]|TX|2366/12|
00000000|MMI|3.54|Statistical Significance|C0237881|[qnco]|["Significance"-tx-13-"significance"-noun-0]|TX|2366/12|
00000000|MMI|3.54|V1 stage|C0457422|[fndg]|["V1"-tx-13-"v1"-noun-0]|TX|2350/2|
00000000|MMI|3.54|Quantity|C1265611|[qnco]|["Amount"-tx-6-"amount"-noun-0]|TX|1614/6|
00000000|MMI|3.53|Discontinued|C1444662|[fndg]|["D/C"-tx-1-"D/C"-noun-0]|TX|197/3|
00000000|MMI|3.53|Doctor of Chiropractic|C1512015|[inpr]|["D.C."-tx-1-"D/C"-noun-0]|TX|197/3|
00000000|MMI|3.53|Concern|C2699424|[idcn]|["Concern"-tx-23-"concerning"-noun-0]|TX|3245/10|
00000000|MMI|3.50|1+|C3816745|[fndg]|["1+"-tx-28-"1"-integer-0]|TX|3663/1|
00000000|MMI|3.50|1+ Score|C2827734|[qnco]|["1+"-tx-28-"1"-integer-0]|TX|3663/1|
00000000|MMI|3.50|1+ Score, WHO|C2981698|[clas]|["1+"-tx-28-"1"-integer-0]|TX|3663/1|
00000000|MMI|3.50|20%|C3842589|[fndg]|["20%"-tx-31-"20"-integer-0]|TX|3889/2|
00000000|MMI|3.50|Adequate|C0205411|[qlco]|["Adequate"-tx-22-"adequate"-adj-0]|TX|3167/8|
00000000|MMI|3.50|Call (Instruction)|C1947967|[ftcn]|["Call"-tx-27-"Call"-noun-0]|TX|3607/4|
00000000|MMI|3.50|Causing|C0678227|[ftcn]|["Causing"-tx-4-"Causing"-adj-0]|TX|1144/7|
00000000|MMI|3.50|Decision|C0679006|[menp]|["Call"-tx-27-"Call"-noun-0]|TX|3607/4|
00000000|MMI|3.50|More|C0205172|[ftcn]|["More"-tx-9-"more"-adv-0]|TX|2043/4|
00000000|MMI|3.50|Precursor B-cell lymphoblastic leukemia|C1292769|[neop]|["c all"-tx-27-"Call"-noun-0]|TX|3607/4|
00000000|MMI|3.50|Sufficient|C0205410|[qlco]|["Adequate"-tx-22-"adequate"-adj-0]|TX|3167/8|
00000000|MMI|3.50|dictated - DocumentCompletion|C1609990|[idcn]|["Dictated"-tx-30-"dictated"-adj-0]|TX|3806/8|
00000000|MMI|3.50|dictated - ParticipationMode|C1548384|[ftcn]|["dictated"-tx-30-"dictated"-adj-0]|TX|3806/8|
00000000|MMI|3.49|Not Applicable|C1272460|[qlco]|["NOT APPLICABLE"-tx-3-"Not Applicable"-adj-0]|TX|973/14|
00000000|MMI|3.49|Package Type Not Applicable|C4049872|[ftcn]|["Not Applicable"-tx-3-"Not Applicable"-adj-0]|TX|973/14|
00000000|MMI|3.49|mg/mg|C1319635|[qnco]|["mg/mg"-tx-3-"MG MG"-noun-0]|TX|722/2,745/2|
00000000|MMI|3.48|Full|C0443225|[qlco]|["Full"-tx-1-"Full"-adj-0]|TX|252/4|
00000000|MMI|3.48|Inferior|C0542339|[spco]|["INFERIOR"-tx-5-"inferior"-adj-0]|TX|1546/8|
00000000|MMI|3.48|Lateral|C0205093|[spco]|["LATERAL"-tx-5-"lateral"-adj-0]|TX|1555/7|
00000000|MMI|3.48|Serious|C0205404|[qlco]|["Serious"-tx-3-"SERIOUS"-adj-0]|TX|815/7|
00000000|MMI|3.48|Short|C1806781|[qnco]|["Short"-tx-11-"short"-adj-0]|TX|2165/5|
00000000|MMI|3.48|Short Value|C2350002|[qnco]|["Short"-tx-11-"short"-adj-0]|TX|2165/5|
00000000|MMI|3.48|Usual|C3538928|[qlco]|["Usual"-tx-19-"usual"-adj-0]|TX|2975/5|
00000000|MMI|3.48|Yes (indicator)|C1705108|[cnce]|["YES"-tx-1-"YES"-noun-0]|TX|235/3|
00000000|MMI|3.48|Yes - Yes/no indicator|C1549445|[idcn]|["Yes"-tx-1-"YES"-noun-0]|TX|235/3|
00000000|MMI|3.48|inferiority|C0678975|[socb]|["inferior"-tx-5-"inferior"-adj-0]|TX|1546/8|
00000000|MMI|3.47|On treatment for hypertension|C0578998|[hlca]|["treatment hypertension"-tx-4-"Treatment hypertension"-noun-0]|TX|1328/9,1343/12|
00000000|MMI|3.47|In addition to|C0332287|[ftcn]|["In addition to"-tx-26-"in addition to"-prep-0]|TX|3554/14|
00000000|MMI|3.47|Congestive heart failure|C0018802|[dsyn]|["CHF"-tx-4-"CHF"-noun-0]|TX|1170/3|
00000000|MMI|3.47|Patient Condition Code - Stable|C1547311|[inpr]|["Stable"-tx-30-"Stable"-adj-0]|TX|3784/6|
00000000|MMI|3.47|Stable status|C0205360|[qlco]|["STABLE"-tx-30-"Stable"-adj-0]|TX|3784/6|
00000000|MMI|3.46|Lumbosacral discs|C1283643|[bpoc]|["lumbosacral disc"-tx-4-"lumbosacral disc"-noun-0]|TX|1385/16|
00000000|MMI|3.46|Hospital course|C0489547|[fndg]|["Hospital course"-tx-8-"HOSPITAL COURSE"-noun-0]|TX|1828/15|
00000000|MMI|3.46|Hospital course:Finding:Point in time:^Patient:Narrative|C0488549|[clna]|["Hospital course"-tx-8-"HOSPITAL COURSE"-noun-0]|TX|1828/15|
00000000|MMI|3.46|Body structure|C1268086|[anst]|["Body"-tx-22-"body"-noun-0]|TX|3137/4|
00000000|MMI|3.46|Human body structure|C0460148|[anst]|["Body"-tx-22-"body"-noun-0]|TX|3137/4|
00000000|MMI|3.46|Blood group antibody I|C0221138|[aapp,imft]|["I NOS"-tx-4-"I"-noun-0]|TX|1524/1|
00000000|MMI|3.46|Orthopnea|C0085619|[sosy]|["Orthopnoea"-tx-10-"orthopnea"-noun-1]|TX|2131/9|
00000000|MMI|3.46|Primary|C0205225|[qlco]|["Principal"-tx-4-"PRINCIPAL"-adj-0]|TX|1085/9|
00000000|MMI|3.46|Teaching principal|C0401925|[prog]|["Principal"-tx-4-"PRINCIPAL"-adj-0]|TX|1085/9|
00000000|MMI|3.45|Cholesterol measurement test|C0201950|[lbpr]|["CHOL"-tx-3-"chol"-noun-0]|TX|914/4|
00000000|MMI|3.45|SAT1 protein, human|C2744672|[aapp,enzy]|["SAT"-tx-3-"sat"-noun-0]|TX|923/3|
00000000|MMI|3.45|SAT1 wt Allele|C1705827|[gngm]|["SAT"-tx-3-"sat"-noun-0]|TX|923/3|
00000000|MMI|3.45|Choose (action)|C1707391|[acty]|["Chosen"-tx-18-"chosen"-adj-0]|TX|2859/6|
00000000|MMI|3.45|Dosage|C0178602|[qnco]|["DOSE"-tx-18-"dose"-noun-0]|TX|2854/4|
00000000|MMI|3.45|Dose number:Number:Point in time:^Patient:Quantitative|C1114758|[clna]|["Dose #"-tx-18-"dose"-noun-0]|TX|2854/4|
00000000|MMI|3.45|Once a day, at bedtime|C1275563|[tmco]|["qHS"-tx-1-"QHS"-noun-0]|TX|375/3|
00000000|MMI|3.45|Unit dose|C0869039|[qnco]|["Dose"-tx-18-"dose"-noun-0]|TX|2854/4|
00000000|MMI|3.45|65|C0450385|[inpr]|["65"-tx-1-"65"-integer-0]|TX|81/2|
00000000|MMI|3.45|65+|C3843765|[fndg]|["65+"-tx-1-"65"-integer-0]|TX|81/2|
00000000|MMI|3.45|Abnormal degeneration|C0011164|[patf]|["DEGENERATION"-tx-4-"degeneration"-noun-0]|TX|1402/12|
00000000|MMI|3.45|biologic degeneration|C1880269|[ftcn]|["Degeneration"-tx-4-"degeneration"-noun-0]|TX|1402/12|
00000000|MMI|3.45|Past Week|C2987125|[tmco]|["Past Week"-tx-9-"past week"-noun-0]|TX|2077/9|
00000000|MMI|3.45|Room of building - Study|C0557651|[mnob]|["Study"-tx-4-"Study"-noun-0]|TX|1134/5|
00000000|MMI|3.45|Study|C2603343|[resa]|["Study"-tx-4-"Study"-noun-0]|TX|1134/5|
00000000|MMI|3.45|Alert|C3665546|[ftcn]|["Alert"-tx-3-"Alert"-noun-0]|TX|754/5|
00000000|MMI|3.45|Alert:Type:Point in time:^Patient:Nominal|C3669039|[clna]|["Alert"-tx-3-"Alert"-noun-0]|TX|754/5|
00000000|MMI|3.45|Consciousness clear|C0239110|[fndg]|["ALERT"-tx-3-"Alert"-noun-0]|TX|754/5|
00000000|MMI|3.44|Low-Dose Aspirin|C2608320|[orch,phsu]|["Baby Aspirin"-tx-26-"baby aspirin"-noun-0]|TX|3571/12|
00000000|MMI|3.43|Behavior Rating Inventory of Executive Function|C4050216|[inpr]|["BRIEF"-tx-8-"BRIEF"-adj-0]|TX|1812/5|
00000000|MMI|3.43|Brief|C1879313|[tmco]|["Brief"-tx-8-"BRIEF"-adj-0]|TX|1812/5|
00000000|MMI|3.43|30%|C3842588|[fndg]|["30%"-tx-1-"30"-integer-0]|TX|156/2|
00000000|MMI|3.43|Evaluation procedure|C1261322|[hlca]|["Evaluation"-tx-1-"evaluation"-noun-0]|TX|181/10|
00000000|MMI|3.43|HORNS IN SHEEP|C1832110|[fndg]|["HO"-tx-1-"HO"-noun-0]|TX|178/2|
00000000|MMI|3.43|Healthcare Encounters Domain|C3889614|[inpr]|["HO"-tx-1-"HO"-noun-0]|TX|178/2|
00000000|MMI|3.43|Past|C1444637|[tmco]|["Past"-tx-9-"past"-adj-0]|TX|2077/4|
00000000|MMI|3.42|Today|C0310367|[antb,orch]|["Today"-tx-12-"today"-noun-0]|TX|2246/5|
00000000|MMI|3.42|Today (temporal qualifier)|C0750526|[tmco]|["Today"-tx-12-"today"-noun-0]|TX|2246/5|
00000000|MMI|3.42|Total Amyloid Precursor Protein Measurement|C3887695|[lbpr]|["APPT"-tx-12-"appt"-noun-0]|TX|2239/4|
00000000|MMI|3.42|Vanadium 5+|C2349105|[elii]|["V5+"-tx-13-"v5"-noun-0]|TX|2326/2|
00000000|MMI|3.42|3+ Answer to Question|C3838680|[fndg]|["3+"