00000000|MMI|85.46|Blood Pressure|C0005823|[orgf]|["BLOOD PRESSURE"-tx-47-"blood pressure"-noun-0,"BLOOD PRESSURE"-tx-44-"blood pressure"-noun-0,"BLOOD PRESSURE"-tx-22-"blood pressure"-noun-0,"BLOOD PRESSURE"-tx-18-"blood pressure"-noun-0,"BLOOD PRESSURE"-tx-13-"blood pressure"-noun-0]|TX|3726/14;3410/14;1755/14;1453/14;1121/14|E01.370.600.875.249;G09.330.380.076
00000000|MMI|85.46|Systemic arterial pressure|C1272641|[fndg]|["Blood pressure"-tx-47-"blood pressure"-noun-1,"Blood pressure"-tx-44-"blood pressure"-noun-0,"Blood pressure"-tx-22-"blood pressure"-noun-0,"Blood pressure"-tx-18-"blood pressure"-noun-0,"Blood pressure"-tx-13-"blood pressure"-noun-0]|TX|3726/14;3410/14;1755/14;1453/14;1121/14|G09.330.380.076.347
00000000|MMI|59.67|Captopril|C0006938|[aapp,phsu]|["CAPTOPRIL"-tx-43-"Captopril"-noun-0,"CAPTOPRIL"-tx-20-"Captopril"-noun-0,"CAPTOPRIL"-tx-17-"Captopril"-noun-0]|TX|3361/9;1576/9;1418/9|D12.125.072.401.623.270
00000000|MMI|53.57|Myocardial Infarction|C0027051|[dsyn]|["Infarction, Myocardial"-tx-48-"myocardial infarction"-noun-1,"Infarction, Myocardial"-tx-45-"myocardial infarction"-noun-0,"Infarction, Myocardial"-tx-40-"myocardial infarction"-noun-1,"Infarction, Myocardial"-tx-37-"myocardial infarction"-noun-0]|TX|3895/21;3454/21;2983/21;2773/21|C14.280.647.500;C14.907.585.500
00000000|MMI|49.67|Electrocardiogram|C0013798|[fndg]|["EKG"-tx-47-"EKG"-noun-1,"Electrocardiogram"-tx-34-"electrocardiogram"-noun-0,"Electrocardiogram"-tx-9-"electrocardiogram"-noun-0]|TX|3701/3;2451/17;845/17|E01.370.370.380.240;E01.370.405.240
00000000|MMI|49.67|Electrocardiography|C1623258|[diap]|["EKG"-tx-47-"EKG"-noun-0,"Electrocardiogram"-tx-34-"electrocardiogram"-noun-0,"Electrocardiogram"-tx-9-"electrocardiogram"-noun-0]|TX|3701/3;2451/17;845/17|E01.370.370.380.240;E01.370.405.240
00000000|MMI|49.34|Left Ventricular Hypertrophy|C0149721|[dsyn]|["LVH"-tx-41-"LVH"-noun-0,"LVH"-tx-35-"LVH"-noun-0,"LVH"-tx-9-"LVH"-noun-0]|TX|3068/3;2580/3;870/3|C14.280.195.400;C23.300.775.250.400
00000000|MMI|49.27|Nitroglycerin|C0017887|[orch,phsu]|["nitroglycerine"-tx-50-"Nitroglycerin"-noun-0,"nitroglycerine"-tx-12-"Nitroglycerin"-noun-0,"nitroglycerine"-tx-10-"Nitroglycerin"-noun-0]|TX|4100/13;1073/13;923/13|D02.033.800.421.560;D02.640.636
00000000|MMI|40.25|Portugal|C0032729|[geoa]|["PO"-tx-50-"po"-noun-0,"PO"-tx-20-"po"-noun-0]|TX|[4024/2],[4050/2],[4078/2];1631/2|Z01.542.727
00000000|MMI|39.43|Creatine Kinase|C0010287|[aapp,enzy]|["CK"-tx-38-"CK"-noun-0,"CK"-tx-32-"CK"-noun-0]|TX|2806/2;2409/2|D08.811.913.696.640.150
00000000|MMI|39.42|Cartilage-hair hypoplasia|C0220748|[cgab,dsyn]|["CHH"-tx-52-"CHH"-noun-0,"CHH"-tx-13-"CHH"-noun-0,"CHH"-tx-9-"CHH"-noun-0]|TX|4219/3;1139/3;815/3|x.x.x.x
00000000|MMI|38.98|Lopressor|C0700776|[orch,phsu]|["Lopressor"-tx-42-"Lopressor"-noun-0,"Lopressor"-tx-12-"Lopressor"-noun-0]|TX|3288/9;1058/9|D02.033.100.624.698.573;D02.033.755.624.698.573;D02.092.063.624.698.573
00000000|MMI|33.08|Pain|C0030193|[sosy]|["PAIN"-tx-14-"pain"-noun-0,"PAIN"-tx-9-"pain"-noun-0]|TX|1166/4;833/4|C10.597.617;C23.888.592.612;F02.830.816.444;G11.561.600.810.444
00000000|MMI|32.91|Chest Pain|C0008031|[sosy]|["CHEST PAIN"-tx-50-"chest pain"-noun-0,"CHEST PAIN"-tx-47-"chest pain"-noun-1]|TX|4164/10;3636/10|C10.597.617.192;C23.888.592.612.233
00000000|MMI|32.84|Exercise stress test|C0015260|[diap]|["Exercise tolerance test NOS"-tx-46-"exercise tolerance test"-noun-0,"Exercise tolerance test NOS"-tx-45-"exercise tolerance test"-noun-0]|TX|3554/23;3494/23|E01.370.370.380.250;E01.370.386.700.250;E05.333.250
00000000|MMI|32.70|Coronary Care Units|C0010066|[hcro,mnob]|["Coronary care unit"-tx-39-"coronary care unit"-noun-0,"Coronary care unit"-tx-37-"coronary care unit"-noun-0]|TX|2858/18;2735/18|N02.278.388.493.211
00000000|MMI|32.65|Pulse Rate|C0232117|[clna]|["PULSE"-tx-47-"pulse"-noun-0,"PULSE"-tx-22-"pulse"-noun-0]|TX|3762/5;1784/5|E01.370.600.875.500;G09.330.380.500
00000000|MMI|32.63|Dominican Republic|C0013014|[geoa]|["DR"-tx-52-"Dr"-noun-0,"DR"-tx-51-"Dr"-noun-0]|TX|4256/2;4205/2|Z01.107.084.900.300;Z01.639.880.300
00000000|MMI|32.44|Mastodynia|C0024902|[sosy]|["Pain of breast"-tx-4-"of chest pain"-noun-1,"Pain of breast"-tx-2-"of chest pain"-noun-0]|TX|463/13;339/13|C10.597.617.229;C23.888.592.612.530;F02.830.816.308;G11.561.600.810.308
00000000|MMI|32.42|Ivory Coast|C0022326|[geoa]|["IV"-tx-12-"IV"-noun-0]|TX|[1055/2],[1070/2]|Z01.058.290.190.272
00000000|MMI|32.38|Iodides|C0021966|[inch]|["I-"-tx-52-"I"-noun-0,"I-"-tx-11-"I"-noun-0]|TX|4223/1;973/1|D01.248.497.158.490;D01.475.410
00000000|MMI|32.36|Sublingual Route of Drug Administration|C0001565|[ftcn]|["SUBLINGUAL"-tx-12-"sublingual"-adj-0,"SUBLINGUAL"-tx-10-"sublingual"-adj-0]|TX|1093/10;912/10|E02.319.267.100.878
00000000|MMI|30.48|Hypertensive disease|C0020538|[dsyn]|["HYPERTENSION"-tx-42-"hypertension"-noun-0,"HYPERTENSION"-tx-16-"hypertension"-noun-0,"HYPERTENSION"-tx-3-"hypertension"-noun-0]|TX|3245/12;1341/12;403/12|C14.907.489
00000000|MMI|28.77|Homo sapiens|C0086418|[humn]|["MAN"-tx-2-"man"-noun-0]|TX|228/3|B01.050.150.900.649.801.400.112.400.400
00000000|MMI|26.91|Dyspnea|C0013404|[sosy]|["SHORTNESS OF BREATH"-tx-47-"shortness of breath"-noun-1,"SHORTNESS OF BREATH"-tx-8-"shortness of breath"-noun-0]|TX|3650/19;762/19|C08.618.326;C23.888.852.371
00000000|MMI|26.28|Physicians|C0031831|[prog]|["DR"-tx-52-"Dr"-noun-0,"DR"-tx-51-"Dr"-noun-0]|TX|4256/2;4205/2|M01.526.485.810;N02.360.810
00000000|MMI|25.70|Show|C1547282|[anim]|["Show"-tx-48-"showed"-verb-0,"Show"-tx-41-"showed"-verb-0,"Show"-tx-36-"showed"-verb-0,"Show"-tx-34-"showed"-verb-0,"Show"-tx-23-"showed"-verb-0,"Show"-tx-9-"showed"-verb-0]|TX|3791/6;3041/6;2614/6;2469/6;1825/6;863/6|
00000000|MMI|22.48|therapeutic aspects|C0039798|[ftcn]|["treatment"-tx-15-"treatment"-noun-0]|TX|1264/9|x.x.x.x.x.x.x
00000000|MMI|22.44|Running (physical activity)|C0035953|[dora]|["run"-tx-5-"ran"-verb-0]|TX|482/3|G11.427.590.530.568.610;G11.427.590.530.698.277.750;I03.350.750;I03.450.642.845.610
00000000|MMI|20.95|Axis vertebra|C0004457|[bpoc]|["Axis"-tx-34-"axis"-noun-0]|TX|2553/4|A02.835.232.834.151.383
00000000|MMI|20.39|Cocos (Keeling) Islands|C0009212|[geoa]|["CK"-tx-38-"CK"-noun-0,"CK"-tx-32-"CK"-noun-0]|TX|2806/2;2409/2|Z01.639.520
00000000|MMI|19.95|Historical aspects qualifier|C0019665|[ftcn]|["history"-tx-4-"history"-noun-0]|TX|[436/7],[455/7]|x.x.x
00000000|MMI|19.41|Magnesium Sulfate|C0024480|[inch,phsu]|["Magnesium sulphate"-tx-12-"Magnesium Sulfate"-noun-0]|TX|1035/17|D01.524.550;D01.875.800.800.850.500
00000000|MMI|19.41|Uncertainty|C0087130|[fndg]|["Unsure"-tx-17-"unsure"-adj-0]|TX|1396/6|E05.318.740.600.900;F02.463.785.373.820;G17.680.875;N05.715.360.750.625.850;N06.850.520.830.600.900
00000000|MMI|19.40|Activated Partial Thromboplastin Time measurement|C0030605|[lbpr]|["PTT"-tx-33-"PTT"-noun-0]|TX|2436/3|E01.370.225.625.115.600;E05.200.625.115.600;G09.188.660
00000000|MMI|19.36|Atenolol|C0004147|[orch,phsu]|["ATENOLOL"-tx-43-"Atenolol"-noun-0]|TX|3348/8|D02.033.100.624.698.070;D02.033.755.624.698.070;D02.092.063.624.698.070
00000000|MMI|19.22|Accident and Emergency department|C0562508|[hcro]|["EMERGENCY ROOM"-tx-15-"emergency room"-noun-0]|TX|1281/14|N02.278.216.500.968.336;N02.421.297.195;N04.452.442.422.336
00000000|MMI|19.18|Blood pressure finding|C1271104|[fndg]|["Blood Pressure"-tx-47-"blood pressure"-noun-1,"Blood Pressure"-tx-44-"blood pressure"-noun-0,"Blood Pressure"-tx-22-"blood pressure"-noun-0,"Blood Pressure"-tx-18-"blood pressure"-noun-0,"Blood Pressure"-tx-13-"blood pressure"-noun-0]|TX|3726/14;3410/14;1755/14;1453/14;1121/14|
00000000|MMI|19.10|Daily|C0332173|[tmco]|["/day"-tx-50-"day"-noun-0,"/day"-tx-42-"day"-noun-0,"/day"-tx-6-"day"-noun-0]|TX|[4029/3],[4055/3],[4083/3];3319/3;599/3|
00000000|MMI|19.10|day|C0439228|[tmco]|["DAY"-tx-50-"day"-noun-0,"DAY"-tx-42-"day"-noun-0,"DAY"-tx-6-"day"-noun-0]|TX|[4029/3],[4055/3],[4083/3];3319/3;599/3|
00000000|MMI|19.10|per day|C0439505|[tmco]|["/day"-tx-50-"day"-noun-0,"/day"-tx-42-"day"-noun-0,"/day"-tx-6-"day"-noun-0]|TX|[4029/3],[4055/3],[4083/3];3319/3;599/3|
00000000|MMI|17.80|Echocardiography|C0013516|[diap]|["ECHOCARDIOGRAM"-tx-41-"Echocardiogram"-noun-0]|TX|3007/14|E01.370.350.130.750;E01.370.350.850.220;E01.370.370.380.220
00000000|MMI|17.80|Togo|C0040363|[geoa]|["TO"-tx-34-"to"-adv-0]|TX|2480/2|Z01.058.290.190.800
00000000|MMI|17.80|Tryptophanase|C0041260|[aapp,enzy]|["TO"-tx-34-"to"-adv-0]|TX|2480/2|D08.811.520.224.800
00000000|MMI|16.30|Hypokinesia|C0086439|[sosy]|["Hypokinesis"-tx-41-"hypokinesis"-noun-0]|TX|3123/11|C10.597.350.400;C23.888.592.350.400
00000000|MMI|16.30|Nifedipine|C0028066|[orch,phsu]|["NIFEDIPINE"-tx-12-"Nifedipine"-noun-0]|TX|1104/10|D03.383.725.203.540
00000000|MMI|16.25|Creatinine|C0010294|[bacs,orch]|["CREATININE"-tx-31-"creatinine"-noun-0]|TX|2317/10|D03.383.129.308.207
00000000|MMI|16.25|Hematocrit procedure|C0018935|[lbpr]|["Hematocrit"-tx-31-"hematocrit"-noun-0]|TX|2348/10|E01.370.225.625.400;E05.200.625.400;G09.188.370.374
00000000|MMI|16.20|Antihypertensive Agents|C0003364|[phsu]|["Blood Pressure Medicines"-tx-5-"blood pressure medicines"-noun-0]|TX|497/24|D27.505.954.411.162
00000000|MMI|16.18|Drug Control|C0013168|[gora]|["control Medication"-tx-18-"control medication"-noun-0]|TX|1468/7,1500/10|I01.880.604.605.250;N03.706.615.402.250;N04.452.706.310
00000000|MMI|16.18|Age of Onset|C0206132|[qnco]|["Onset"-tx-6-"onset"-noun-0]|TX|644/5|N05.715.350.075.100;N06.850.490.250.100
00000000|MMI|16.16|In Blood|C0005768|[bdsu]|["BLOOD"-tx-47-"blood"-noun-0]|TX|3726/5|x.x.x.x.x
00000000|MMI|16.08|African American|C0085756|[popg]|["Black"-tx-21-"black"-adj-0]|TX|1713/5|M01.686.508.100.100;M01.686.754.100
00000000|MMI|15.94|Medications:-:Point in time:^Patient:-|C2598133|[clna]|["Medications"-tx-50-"MEDICATIONS"-noun-0,"Medications"-tx-44-"medications"-noun-0,"Medications"-tx-20-"MEDICATIONS"-noun-0,"Medications"-tx-17-"medications"-noun-0]|TX|3995/11;3384/11;1550/11;1372/11|
00000000|MMI|15.94|Medications:Presence or Identity:Duration of the study:^Patient:Nominal|C0802604|[clna]|["Medications"-tx-50-"MEDICATIONS"-noun-0,"Medications"-tx-44-"medications"-noun-0,"Medications"-tx-20-"MEDICATIONS"-noun-0,"Medications"-tx-17-"medications"-noun-0]|TX|3995/11;3384/11;1550/11;1372/11|
00000000|MMI|15.94|Pharmaceutical Preparations|C0013227|[phsu]|["Medications"-tx-50-"MEDICATIONS"-noun-0,"Medications"-tx-44-"medications"-noun-0,"Medications"-tx-20-"MEDICATIONS"-noun-0,"Medications"-tx-17-"medications"-noun-0]|TX|3995/11;3384/11;1550/11;1372/11|D26
00000000|MMI|14.64|Abdominal Cavity|C0230168|[blor]|["Abdomen"-tx-28-"Abdomen"-noun-0]|TX|2121/7|A01.923.047.025
00000000|MMI|14.64|Nausea|C0027497|[sosy]|["Nauseated"-tx-7-"nauseated"-verb-0]|TX|711/9|C23.888.821.712
00000000|MMI|14.64|Oxygen|C0030054|[elii,phsu]|["OXYGEN"-tx-10-"oxygen"-noun-0]|TX|901/6|D01.268.185.550;D01.362.670;x.x.x.x
00000000|MMI|14.64|Vomiting|C0042963|[sosy]|["VOMITING"-tx-7-"vomiting"-noun-1]|TX|734/8|C23.888.821.937
00000000|MMI|14.56|Electrocardiogram: myocardial infarction (finding)|C0428953|[lbtr]|["MYOCARDIAL INFARCTION"-tx-48-"myocardial infarction"-noun-1,"MYOCARDIAL INFARCTION"-tx-45-"myocardial infarction"-noun-0,"MYOCARDIAL INFARCTION"-tx-40-"myocardial infarction"-noun-1,"MYOCARDIAL INFARCTION"-tx-37-"myocardial infarction"-noun-0]|TX|3895/21;3454/21;2983/21;2773/21|
00000000|MMI|14.56|Myocardial Infarction ECG Assessment|C3810814|[diap]|["Myocardial Infarction"-tx-48-"myocardial infarction"-noun-0,"Myocardial Infarction"-tx-45-"myocardial infarction"-noun-0,"Myocardial Infarction"-tx-40-"myocardial infarction"-noun-0,"Myocardial Infarction"-tx-37-"myocardial infarction"-noun-0]|TX|3895/21;3454/21;2983/21;2773/21|
00000000|MMI|14.56|Myocardial infarction:Finding:Point in time:^Patient:Ordinal|C2926063|[clna]|["Myocardial infarction"-tx-48-"myocardial infarction"-noun-0,"Myocardial infarction"-tx-45-"myocardial infarction"-noun-0,"Myocardial infarction"-tx-40-"myocardial infarction"-noun-0,"Myocardial infarction"-tx-37-"myocardial infarction"-noun-0]|TX|3895/21;3454/21;2983/21;2773/21|
00000000|MMI|14.32|Good|C0205170|[qlco]|["Good"-tx-44-"good"-adj-0,"Good"-tx-28-"good"-adj-0,"Good"-tx-18-"good"-adj-0,"Well"-tx-6-"well"-adv-0]|TX|3405/4;2130/4;1448/4;584/4|
00000000|MMI|14.25|Oral|C0442027|[spco]|["PO"-tx-50-"po"-noun-0,"PO"-tx-20-"po"-noun-0]|TX|[4024/2],[4050/2],[4078/2];1631/2|
00000000|MMI|13.71|Neck|C0027530|[blor]|["NECK"-tx-24-"Neck"-noun-0,"NECK"-tx-23-"neck"-noun-0]|TX|1864/4;1815/4|A01.598
00000000|MMI|13.60|History|C0019664|[ocdi]|["History"-tx-4-"history"-noun-0]|TX|[436/7],[455/7]|K01.400
00000000|MMI|13.36|Neurologic Examination|C0027853|[diap]|["neurological exam"-tx-30-"Neurologic exam"-noun-0]|TX|2237/15|E01.370.376.550;E01.370.600.550
00000000|MMI|13.22|Pain-Free|C0908489|[orch]|["Pain-Free"-tx-15-"pain-free"-adj-0]|TX|1244/9|x.x.x.x
00000000|MMI|13.14|Evaluation|C0220825|[hlca]|["Evaluation"-tx-31-"EVALUATION"-noun-0]|TX|2280/10|E05.337;N05.715.360.335
00000000|MMI|13.14|Glucose|C0017725|[bacs,orch,phsu]|["GLUCOSE"-tx-31-"glucose"-noun-0]|TX|2334/7|D09.546.359.448
00000000|MMI|13.14|Splenomegaly|C0038002|[fndg]|["SPLENOMEGALY"-tx-28-"splenomegaly"-noun-1]|TX|2161/12|C23.300.775.750
00000000|MMI|13.09|Potassium|C0032821|[elii]|["POTASSIUM"-tx-31-"potassium"-noun-0]|TX|2292/9|D01.268.549.550;D01.268.557.575;D01.552.528.652;D01.552.547.650;x.x.x.x
00000000|MMI|13.05|Blood Platelets|C0005821|[cell]|["Platelets"-tx-31-"platelets"-noun-0]|TX|2390/9|A11.118.188;A15.145.229.188
00000000|MMI|13.05|Cardiology discipline|C0007189|[bmod]|["Cardiology"-tx-52-"Cardiology"-noun-0]|TX|4243/10|H02.403.429.163
00000000|MMI|13.03|MB 5|C0602256|[orch]|["MB 5"-tx-38-"MB 5"-noun-0]|TX|2822/2,2840/1|x.x.x.x
00000000|MMI|13.03|Diltiazem|C0012373|[orch,phsu]|["DILTIAZEM"-tx-20-"Diltiazem"-noun-0]|TX|1641/9|D03.438.079.150
00000000|MMI|13.01|Mongolia|C0026410|[geoa]|["MG"-tx-42-"mg"-noun-0]|TX|3302/2|Z01.252.474.651
00000000|MMI|12.91|Auscultation|C0004339|[diap]|["AUSCULTATION"-tx-25-"auscultation"-noun-0]|TX|1920/12|E01.370.600.060
00000000|MMI|12.90|Caucasoid Race|C0007457|[popg]|["WHITE"-tx-31-"white"-adj-0]|TX|2366/5|M01.686.508.400
00000000|MMI|12.89|Emergencies [Disease/Finding]|C2745965|[patf]|["Emergency"-tx-15-"emergency"-noun-0]|TX|1281/9|C23.550.291.781;N06.230.100.083;N06.850.376
00000000|MMI|11.49|Abdomen|C0000726|[blor]|["ABDOMEN"-tx-28-"Abdomen"-noun-0]|TX|2121/7|A01.923.047
00000000|MMI|11.49|Cardiac Arrhythmia|C0003811|[fndg]|["Arrhythmias"-tx-40-"arrhythmias"-noun-1]|TX|2947/11|C14.280.067;C23.550.073
00000000|MMI|11.49|Clubbed Fingers|C0009080|[anab]|["Clubbing"-tx-29-"clubbing"-noun-1]|TX|2204/8|C05.116.758;C05.550.684
00000000|MMI|11.49|Cyanosis|C0010520|[sosy]|["CYANOSIS"-tx-29-"cyanosis"-noun-1]|TX|2215/8|C23.888.248
00000000|MMI|11.49|Edema|C0013604|[fndg]|["OEDEMA"-tx-29-"edema"-noun-1]|TX|2229/5|C23.888.277
00000000|MMI|11.49|Heart murmur|C0018808|[fndg]|["murmurs"-tx-27-"murmurs"-noun-1]|TX|2033/7|C23.888.447
00000000|MMI|11.49|Ischemia|C0022116|[patf]|["Ischaemia, NOS"-tx-48-"ischemia"-noun-1]|TX|3924/8|C23.550.513
00000000|MMI|11.49|Oropharyngeal|C0521367|[blor]|["OROPHARYNX"-tx-23-"oropharynx"-noun-0]|TX|1840/10|A04.623.603;A14.724.603
00000000|MMI|11.49|Physical Examination|C0031809|[hlca]|["PHYSICAL EXAMINATION"-tx-21-"PHYSICAL EXAMINATION"-noun-0]|TX|1669/20|E01.370.600
00000000|MMI|11.27|Medical History|C0262926|[fndg]|["Past Medical History"-tx-16-"PAST MEDICAL HISTORY"-noun-0,"History"-tx-4-"history"-noun-1]|TX|1298/20;[436/7],[455/7]|
00000000|MMI|11.25|Hypertension Adverse Event|C1963138|[fndg]|["Hypertension"-tx-42-"hypertension"-noun-0,"Hypertension"-tx-16-"hypertension"-noun-0,"Hypertension"-tx-3-"hypertension"-noun-0]|TX|3245/12;1341/12;403/12|
00000000|MMI|11.05|History of present illness|C0262512|[orga]|["History, NOS"-tx-4-"history"-noun-0,"HISTORY OF PRESENT ILLNESS"-tx-1-"HISTORY OF PRESENT ILLNESS"-noun-0]|TX|[436/7],[455/7];172/26|
00000000|MMI|10.81|Glonoine, nitroglycerine, Homeopathic preparation|C0885378|[orch,phsu]|["nitroglycerine"-tx-50-"Nitroglycerin"-noun-0,"nitroglycerine"-tx-12-"Nitroglycerin"-noun-0,"nitroglycerine"-tx-10-"Nitroglycerin"-noun-0]|TX|4100/13;1073/13;923/13|
00000000|MMI|10.51|Peak level|C0444505|[qnco]|["Peak"-tx-47-"peak"-adj-0,"Peak"-tx-38-"peak"-adj-0]|TX|[3721/4],[3757/4];2801/4|
00000000|MMI|10.42|Doctor of Medicine|C1512018|[inpr]|["M.D."-tx-55-"M.D"-noun-0,"M.D."-tx-53-"M.D"-noun-0]|TX|4332/3;4298/3|
00000000|MMI|10.42|Electro-Cardiogram|C1547122|[spco]|["Electro-Cardiogram"-tx-34-"electrocardiogram"-noun-0,"Electro-Cardiogram"-tx-9-"electrocardiogram"-noun-0]|TX|2451/17;845/17|
00000000|MMI|10.42|Electrocardiogram Domain|C1705651|[inpr]|["Electrocardiogram"-tx-34-"electrocardiogram"-noun-0,"Electrocardiogram"-tx-9-"electrocardiogram"-noun-0]|TX|2451/17;845/17|
00000000|MMI|10.42|Then|C1883708|[tmco]|["Then"-tx-43-"then"-adv-0,"Then"-tx-14-"then"-adv-0]|TX|3332/4;1171/4|
00000000|MMI|10.06|Drug Allergy|C0013182|[dsyn]|["Drug Allergies"-tx-19-"drug allergies"-noun-1]|TX|1533/14|C20.543.206;C25.100.468
00000000|MMI|9.87|Complication Aspects|C1171258|[patf]|["complications"-tx-40-"complications"-noun-1]|TX|2962/13|x.x.x
00000000|MMI|9.86|Blood|C0005767|[tisu]|["Blood"-tx-47-"blood"-noun-0]|TX|3726/5|A12.207.152;A15.145
00000000|MMI|9.85|Males|C0086582|[orga]|["MAN"-tx-2-"man"-noun-0]|TX|228/3|x.x.x
00000000|MMI|9.81|Laboratory|C0022877|[mnob,orgt]|["LABORATORY"-tx-31-"LABORATORY"-noun-0]|TX|2269/10|N02.278.487
00000000|MMI|9.76|Thiazides|C0541746|[orch,phsu]|["thiazide"-tx-20-"thiazide"-noun-0]|TX|1616/8|D02.886.655
00000000|MMI|8.34|Emotions|C0013987|[menp]|["feeling"-tx-6-"feeling"-verb-0]|TX|576/7|F01.470
00000000|MMI|8.34|Feelings|C1527305|[menp]|["Feeling"-tx-6-"feeling"-verb-0]|TX|576/7|F01.470
00000000|MMI|8.34|Head|C0018670|[blor]|["HEAD"-tx-23-"Head"-noun-0]|TX|1806/4|A01.456
00000000|MMI|8.34|Hypersensitivity|C0020517|[patf]|["Allergies"-tx-19-"ALLERGIES"-noun-0]|TX|1513/9|C20.543
00000000|MMI|8.34|Limb structure|C0015385|[bpoc]|["Extremities"-tx-29-"Extremities"-noun-0]|TX|2188/11|A01.378
00000000|MMI|8.34|Lung|C0024109|[bpoc]|["LUNGS"-tx-25-"Lungs"-noun-0]|TX|1900/5|A04.411
00000000|MMI|8.34|Lymphadenopathy|C0497156|[fndg]|["ADENOPATHY"-tx-24-"adenopathy"-noun-1]|TX|1887/10|C15.604
00000000|MMI|8.34|Patients|C0030705|[podg]|["*^patient"-tx-37-"Patient"-noun-0]|TX|2707/7|M01.643
00000000|MMI|7.88|Shortness of breath:-:Point in time:^Patient:-|C2707305|[clna]|["Shortness of breath"-tx-47-"shortness of breath"-noun-0,"Shortness of breath"-tx-8-"shortness of breath"-noun-0]|TX|3650/19;762/19|
00000000|MMI|7.70|Pain NOS Adverse Event|C1962977|[fndg]|["Pain NOS"-tx-14-"pain"-noun-0,"Pain NOS"-tx-9-"pain"-noun-0]|TX|1166/4;833/4|
00000000|MMI|7.53|Chest pain:Finding:Point in time:^Patient:Ordinal|C2926613|[clna]|["Chest pain"-tx-50-"chest pain"-noun-0,"Chest pain"-tx-47-"chest pain"-noun-0]|TX|4164/10;3636/10|
00000000|MMI|7.46|Exercise stress ECG test|C1304755|[diap]|["Exercise tolerance test"-tx-46-"exercise tolerance test"-noun-0,"Exercise tolerance test"-tx-45-"exercise tolerance test"-noun-0]|TX|3554/23;3494/23|
00000000|MMI|7.45|Presentation|C0449450|[idcn]|["Presentation"-tx-5-"presentation"-noun-0,"Present"-tx-2-"presents"-verb-0]|TX|554/12;315/8|
00000000|MMI|7.40|Medical Examination|C0582103|[hlca]|["Exam"-tx-26-"exam"-noun-0,"Exam"-tx-23-"exam"-noun-0]|TX|1954/4;1820/4|
00000000|MMI|7.36|Entire neck|C1281592|[bpoc]|["Neck"-tx-24-"Neck"-noun-0,"Neck"-tx-23-"neck"-noun-0]|TX|1864/4;1815/4|
00000000|MMI|7.36|dendritic spine neck|C3159206|[celc]|["neck"-tx-24-"Neck"-noun-0,"neck"-tx-23-"neck"-noun-0]|TX|1864/4;1815/4|
00000000|MMI|7.30|Changed status|C0443172|[qnco]|["changes"-tx-48-"changes"-noun-0,"Changed"-tx-43-"changed"-verb-0]|TX|3869/7;3337/7|
00000000|MMI|7.30|Changing|C0392747|[ftcn]|["changes"-tx-48-"changes"-noun-0,"Changed"-tx-43-"changed"-verb-0]|TX|3869/7;3337/7|
00000000|MMI|7.27|Physiologic pulse|C0391850|[phsf]|["Pulse"-tx-47-"pulse"-noun-1,"Pulse"-tx-22-"pulse"-noun-0]|TX|3762/5;1784/5|
00000000|MMI|7.27|Pulse phenomenon|C1947910|[phpr]|["Pulse"-tx-47-"pulse"-noun-0,"Pulse"-tx-22-"pulse"-noun-0]|TX|3762/5;1784/5|
00000000|MMI|7.26|Concept History|C1705255|[cnce]|["History"-tx-4-"history"-noun-0]|TX|[436/7],[455/7]|
00000000|MMI|7.26|History of previous events|C2004062|[fndg]|["History"-tx-4-"history"-noun-1]|TX|[436/7],[455/7]|
00000000|MMI|7.25|Delayed Release Dosage Form|C1707664|[bodm]|["DR"-tx-52-"Dr"-noun-0,"DR"-tx-51-"Dr"-noun-0]|TX|4256/2;4205/2|
00000000|MMI|7.25|Device to Subject Relationship Domain|C3540849|[inpr]|["DR"-tx-52-"Dr"-noun-0,"DR"-tx-51-"Dr"-noun-0]|TX|4256/2;4205/2|
00000000|MMI|7.25|Doctor - Title|C2348314|[cnce]|["Dr."-tx-52-"Dr"-noun-0,"Dr."-tx-51-"Dr"-noun-0]|TX|4256/2;4205/2|
00000000|MMI|7.20|Control function|C2587213|[ftcn]|["Control"-tx-44-"control"-noun-0,"Controlled"-tx-42-"controlled"-verb-0]|TX|3425/7;3272/10|
00000000|MMI|7.19|One week|C4082116|[tmco]|["One week"-tx-45-"One week"-noun-0,"One week"-tx-5-"one week"-noun-0]|TX|3435/8;536/8|
00000000|MMI|7.16|Treating|C1522326|[ftcn]|["Treatment"-tx-15-"treatment"-noun-0,"Treated"-tx-3-"treated"-verb-0]|TX|1264/9;378/7|
00000000|MMI|7.16|Three|C0205449|[qnco]|["Three"-tx-42-"three"-word_numeral-0,"Three"-tx-17-"three"-word_numeral-0]|TX|3305/5;1366/5|
00000000|MMI|7.14|Admission activity|C0809949|[hlca]|["Admitted"-tx-37-"admitted"-verb-0,"Admission"-tx-6-"admission"-noun-0]|TX|2719/8;606/9|
00000000|MMI|7.14|Hospital admission|C0184666|[hlca]|["admitted"-tx-37-"admitted"-verb-0,"Admission"-tx-6-"admission"-noun-0]|TX|2719/8;606/9|
00000000|MMI|7.12|Approximate|C0332232|[qlco]|["Approximately"-tx-14-"approximately"-adv-0,"Approximately"-tx-5-"approximately"-adv-0]|TX|1201/13;522/13|
00000000|MMI|7.09|+2|C0740116|[qnco]|["+2"-tx-27-"2"-integer-0,"+2"-tx-1-"2"-fraction-0]|TX|2104/1;162/1|
00000000|MMI|7.09|2+|C3833492|[fndg]|["2+"-tx-27-"2"-integer-0,"2+"-tx-1-"2"-fraction-0]|TX|2104/1;162/1|
00000000|MMI|7.09|2+ Score|C2827735|[qnco]|["2+"-tx-27-"2"-integer-0,"2+"-tx-1-"2"-fraction-0]|TX|2104/1;162/1|
00000000|MMI|7.09|2+ Score, WHO|C2981700|[clas]|["2+"-tx-27-"2"-integer-0,"2+"-tx-1-"2"-fraction-0]|TX|2104/1;162/1|
00000000|MMI|7.04|Gait normal|C0231683|[fndg]|["Normal"-tx-34-"normal"-adj-0,"Normal"-tx-26-"normal"-adj-0]|TX|2534/6;1996/6|
00000000|MMI|7.04|Mean Percent of Normal|C2347086|[qnco]|["% Normal"-tx-34-"normal"-adj-0,"% Normal"-tx-26-"normal"-adj-0]|TX|2534/6;1996/6|
00000000|MMI|7.04|Minute (diminutive)|C1282918|[qnco]|["minutes"-tx-50-"minutes"-noun-0,"minutes"-tx-46-"minutes"-noun-0]|TX|4149/7;3539/7|
00000000|MMI|7.04|Minute Unit of Plane Angle|C2347166|[qnco]|["Minute"-tx-50-"minutes"-noun-0,"Minute"-tx-46-"minutes"-noun-0]|TX|4149/7;3539/7|
00000000|MMI|7.04|Minute of time|C0439232|[tmco]|["minutes"-tx-50-"minutes"-noun-0,"minutes"-tx-46-"minutes"-noun-0]|TX|4149/7;3539/7|
00000000|MMI|7.04|Normal|C0205307|[qlco]|["NORMAL"-tx-34-"normal"-adj-0,"NORMAL"-tx-26-"normal"-adj-0]|TX|2534/6;1996/6|
00000000|MMI|7.04|Per Minute|C0702093|[tmco]|["/minute"-tx-50-"minutes"-noun-0,"/minute"-tx-46-"minutes"-noun-0]|TX|4149/7;3539/7|
00000000|MMI|7.04|Percent normal|C0439166|[qnco]|["% normal"-tx-34-"normal"-adj-0,"% normal"-tx-26-"normal"-adj-0]|TX|2534/6;1996/6|
00000000|MMI|7.04|Small|C0700321|[qnco]|["minutes"-tx-50-"minutes"-noun-0,"minutes"-tx-46-"minutes"-noun-0]|TX|4149/7;3539/7|
00000000|MMI|7.00|Blood group antibody I|C0221138|[aapp,imft]|["I NOS"-tx-52-"I"-noun-0,"I NOS"-tx-11-"I"-noun-0]|TX|4223/1;973/1|
00000000|MMI|6.98|Sublingual location|C0558302|[blor]|["Sublingual"-tx-12-"sublingual"-adj-0,"Sublingual"-tx-10-"sublingual"-adj-0]|TX|1093/10;912/10|
00000000|MMI|6.97|Signature|C1519316|[inpr]|["Signed"-tx-1-"Signed"-noun-0]|TX|[83/6],[139/6]|
00000000|MMI|6.97|signed - ParticipationSignature|C1561610|[inpr]|["signed"-tx-1-"Signed"-noun-0]|TX|[83/6],[139/6]|
00000000|MMI|6.97|10%|C3842590|[fndg]|["10%"-tx-57-"10"-fraction-0,"10%"-tx-1-"10"-fraction-0]|TX|4389/2;114/2|
00000000|MMI|6.94|Emotional Strain|C2987481|[menp]|["Strain"-tx-35-"strain"-noun-0,"Strain"-tx-9-"strain"-noun-0]|TX|2589/6;879/6|
00000000|MMI|6.94|Microbiology subtype strains|C0456178|[qlco]|["strain"-tx-35-"strain"-noun-0,"strain"-tx-9-"strain"-noun-0]|TX|2589/6;879/6|
00000000|MMI|6.94|Muscle strain|C0080194|[inpo]|["Strain"-tx-35-"strain"-noun-0,"Strain"-tx-9-"strain"-noun-0]|TX|2589/6;879/6|
00000000|MMI|6.94|Organism Strain|C1518614|[orgm]|["STRAIN"-tx-35-"strain"-noun-0,"STRAIN"-tx-9-"strain"-noun-0]|TX|2589/6;879/6|
00000000|MMI|6.92|Dosage|C0178602|[qnco]|["DOSE"-tx-20-"dose"-noun-0]|TX|[1597/4],[1662/4]|
00000000|MMI|6.92|Dose number:Number:Point in time:^Patient:Quantitative|C1114758|[clna]|["Dose #"-tx-20-"dose"-noun-0]|TX|[1597/4],[1662/4]|
00000000|MMI|6.92|Unit dose|C0869039|[qnco]|["Dose"-tx-20-"dose"-noun-0]|TX|[1597/4],[1662/4]|
00000000|MMI|6.92|Unknown|C0439673|[qlco]|["UNKNOWN"-tx-20-"unknown"-adj-0]|TX|[1589/7],[1654/7]|
00000000|MMI|6.89|Borg Category-Ratio 10 Perceived Exertion Score 3|C4049706|[inpr]|["Moderate"-tx-41-"moderate"-adj-0]|TX|[3048/8],[3172/8]|
00000000|MMI|6.89|Moderate (severity modifier)|C0205081|[qlco]|["Moderate"-tx-41-"moderate"-adj-0]|TX|[3048/8],[3172/8]|
00000000|MMI|6.89|Moderate Extremity Pain|C4049705|[inpr]|["Moderate"-tx-41-"moderate"-adj-0]|TX|[3048/8],[3172/8]|
00000000|MMI|6.89|Moderation|C1881878|[qlco]|["MODERATE"-tx-41-"moderate"-adj-0]|TX|[3048/8],[3172/8]|
00000000|MMI|6.74|Work|C0043227|[ocac]|["Work"-tx-6-"work"-noun-0]|TX|625/4|I03.946
00000000|MMI|6.74|Emergency treatment|C0013969|[topp]|["Emergency Treatment"-tx-15-"treatment emergency"-noun-0]|TX|1264/9,1281/9|E02.365
00000000|MMI|6.70|Time|C0040223|[tmco]|["times"-tx-42-"times"-noun-0]|TX|3311/5|G01.910
00000000|MMI|6.69|Male population group|C0025266|[popg]|["Man"-tx-2-"man"-noun-0]|TX|228/3|M01.390
00000000|MMI|6.66|Heart|C0018787|[bpoc]|["Cardiac"-tx-4-"cardiac"-adj-0]|TX|428/7|A07.541
00000000|MMI|5.18|29+|C3843708|[fndg]|["29+"-tx-34-"29"-integer-0]|TX|2563/2|
00000000|MMI|5.18|Abortion consent:Finding:Point in time:^Patient:Document|C2360836|[clna]|["Patient"-tx-37-"Patient"-noun-0]|TX|2707/7|
00000000|MMI|5.18|All extremities|C0278454|[bpoc]|["extremities"-tx-29-"Extremities"-noun-0]|TX|2188/11|
00000000|MMI|5.18|Apyrexial|C0277797|[fndg]|["Afebrile"-tx-22-"afebrile"-adj-0]|TX|1795/8|
00000000|MMI|5.18|Attending (action)|C1999232|[ftcn]|["attending"-tx-54-"Attending"-noun-0]|TX|4303/9|
00000000|MMI|5.18|Attending (provider role)|C1547429|[prog]|["Attending"-tx-54-"Attending"-noun-0]|TX|4303/9|
00000000|MMI|5.18|Axis|C1522496|[spco]|["Axis"-tx-34-"axis"-noun-0]|TX|2553/4|
00000000|MMI|5.18|Benign|C0205183|[qlco]|["BENIGN"-tx-23-"benign"-adj-0]|TX|1855/6|
00000000|MMI|5.18|Clubbing|C0149651|[sosy]|["CLUBBING"-tx-29-"clubbing"-noun-1]|TX|2204/8|
00000000|MMI|5.18|Diaphoretic|C1707737|[qlco]|["Diaphoretic"-tx-7-"diaphoretic"-adj-0]|TX|697/11|
00000000|MMI|5.18|Disposition|C0743223|[idcn]|["Disposition"-tx-50-"DISPOSITION"-noun-0]|TX|3982/11|
00000000|MMI|5.18|Disposition Domain|C1705555|[inpr]|["Disposition"-tx-50-"DISPOSITION"-noun-0]|TX|3982/11|
00000000|MMI|5.18|Echocardiogram (image)|C2243117|[inpr]|["Echocardiogram"-tx-41-"Echocardiogram"-noun-0]|TX|3007/14|
00000000|MMI|5.18|Edema:Finding:Point in time:^Patient:Ordinal|C1717255|[clna]|["Edema"-tx-29-"edema"-noun-0]|TX|2229/5|
00000000|MMI|5.18|Entire abdomen|C1281594|[bpoc]|["Abdomen"-tx-28-"Abdomen"-noun-0]|TX|2121/7|
00000000|MMI|5.18|Entire head|C1281590|[bpoc]|["Head"-tx-23-"Head"-noun-0]|TX|1806/4|
00000000|MMI|5.18|Entire oropharynx|C1280659|[bpoc]|["Oropharynx"-tx-23-"oropharynx"-noun-0]|TX|1840/10|
00000000|MMI|5.18|Entity Name Part Type - given|C1550718|[idcn]|["given"-tx-10-"given"-verb-0]|TX|895/5|
00000000|MMI|5.18|Fourth sound gallop|C0425593|[fndg]|["S4 gallop"-tx-26-"S4 gallop"-noun-0]|TX|2018/9|
00000000|MMI|5.18|GIVEN|C1442162|[cnce]|["GIVEN"-tx-10-"given"-verb-0]|TX|895/5|
00000000|MMI|5.18|Genus Axis|C0999597|[mamm]|["Axis"-tx-34-"axis"-noun-0]|TX|2553/4|
00000000|MMI|5.18|Give - dosing instruction imperative|C1947971|[ftcn]|["Given"-tx-10-"given"-verb-0]|TX|895/5|
00000000|MMI|5.18|Given name|C3244317|[inpr]|["given"-tx-10-"given"-verb-0]|TX|895/5|
00000000|MMI|5.18|Head - Component of Device|C1706305|[mnob]|["Head"-tx-23-"Head"-noun-0]|TX|1806/4|
00000000|MMI|5.18|Hospital course|C0489547|[fndg]|["Hospital course"-tx-37-"HOSPITAL COURSE"-noun-0]|TX|2690/15|
00000000|MMI|5.18|Hospital course:Finding:Point in time:^Patient:Narrative|C0488549|[clna]|["Hospital course"-tx-37-"HOSPITAL COURSE"-noun-0]|TX|2690/15|
00000000|MMI|5.18|Hysterectomy consent:Finding:Point in time:^Patient:Document|C2360838|[clna]|["Patient"-tx-37-"Patient"-noun-0]|TX|2707/7|
00000000|MMI|5.18|Including (qualifier)|C0332257|[ftcn]|["Including"-tx-17-"including"-verb-0]|TX|1408/9|
00000000|MMI|5.18|Infiltration|C0332448|[patf]|["Infiltrates"-tx-36-"infiltrates"-noun-1]|TX|2676/11|
00000000|MMI|5.18|Initially|C0205265|[tmco]|["Initially"-tx-42-"initially"-adv-0]|TX|3262/9|
00000000|MMI|5.18|Jugular venous engorgement|C0425687|[fndg]|["Jugular venous distension"-tx-27-"jugular venous distention"-noun-1]|TX|2054/25|
00000000|MMI|5.18|MRC1 gene|C1417249|[gngm]|["MR"-tx-1-"Mr"-noun-0]|TX|200/2|
00000000|MMI|5.18|Minor Response|C4050513|[fndg]|["MR"-tx-1-"Mr"-noun-0]|TX|200/2|
00000000|MMI|5.18|Mr. - Title|C2347167|[cnce]|["Mr."-tx-1-"Mr"-noun-0]|TX|200/2|
00000000|MMI|5.18|Obtain|C1301820|[ftcn]|["Obtained"-tx-41-"obtained"-verb-0]|TX|3026/8|
00000000|MMI|5.18|On admission|C0457453|[tmco]|["On admission"-tx-20-"ON ADMISSION"-adj-0]|TX|1562/12|
00000000|MMI|5.18|One day|C3844320|[fndg]|["One day"-tx-39-"one day"-noun-0]|TX|2881/7|
00000000|MMI|5.18|Oropharyngeal Tissue|C2985207|[tisu]|["OROPHARYNX"-tx-23-"oropharynx"-noun-0]|TX|1840/10|
00000000|MMI|5.18|PMH - past medical history|C0455458|[fndg]|["Past medical history"-tx-16-"PAST MEDICAL HISTORY"-noun-0]|TX|1298/20|
00000000|MMI|5.18|PSMD2 gene|C1419032|[gngm]|["S2"-tx-26-"S2"-noun-0]|TX|2010/2|
00000000|MMI|5.18|Palpitations|C0030252|[fndg]|["PALPITATIONS"-tx-8-"palpitations"-noun-1]|TX|789/12|
00000000|MMI|5.18|Palpitations Adverse Event|C3160712|[fndg]|["Palpitations"-tx-8-"palpitations"-noun-1]|TX|789/12|
00000000|MMI|5.18|Pharmacogenomics Trial Characteristics Domain|C3714755|[inpr]|["PT"-tx-33-"PT"-noun-0]|TX|2422/2|
00000000|MMI|5.18|Physical therapy (field)|C0699718|[bmod]|["PT"-tx-33-"PT"-noun-0]|TX|2422/2|
00000000|MMI|5.18|Plain chest X-ray|C0039985|[diap]|["Chest X-ray"-tx-36-"chest x-ray"-noun-0]|TX|2602/11|
00000000|MMI|5.18|Pupil equal round and reacting to light|C1642390|[fndg]|["PERRL"-tx-23-"PERRL"-noun-0]|TX|1832/5|
00000000|MMI|5.18|RPS2 gene|C1419718|[gngm]|["S2"-tx-26-"S2"-noun-0]|TX|2010/2|
00000000|MMI|5.18|Revealed|C0443289|[qlco]|["Revealed"-tx-26-"revealed"-verb-0]|TX|1959/8|
00000000|MMI|5.18|Rhythm|C0871269|[fndg]|["Rhythm"-tx-26-"rhythm"-noun-0]|TX|1987/6|
00000000|MMI|5.18|Rhythm Not Otherwise Specified ECG Assessment|C3828331|[inpr]|["Rhythm Not Otherwise Specified"-tx-26-"rhythm"-noun-0]|TX|1987/6|
00000000|MMI|5.18|Rubs|C3842105|[fndg]|["Rubs"-tx-27-"rubs"-verb-1]|TX|2044/4|
00000000|MMI|5.18|S2|C3812876|[fndg]|["S2"-tx-26-"S2"-noun-0]|TX|2010/2|
00000000|MMI|5.18|S2 innervation|C1179705|[blor]|["S2"-tx-26-"S2"-noun-0]|TX|2010/2|
00000000|MMI|5.18|Seating|C1283233|[mnob]|["seated"-tx-6-"seated"-verb-0]|TX|681/6|
00000000|MMI|5.18|Sitting position|C0277814|[fndg]|["Seated"-tx-6-"seated"-verb-0]|TX|681/6|
00000000|MMI|5.18|Stable Disease|C0677946|[fndg]|["Stable condition"-tx-49-"stable condition"-noun-0]|TX|3963/16|
00000000|MMI|5.18|Stable chronic Graft vs Host Disease|C3538874|[fndg]|["Stable condition"-tx-49-"stable condition"-noun-0]|TX|3963/16|
00000000|MMI|5.18|Sterilization consent:Finding:Point in time:^Patient:Document|C2360840|[clna]|["Patient"-tx-37-"Patient"-noun-0]|TX|2707/7|
00000000|MMI|5.18|Supple|C0332254|[ftcn]|["Supple"-tx-24-"supple"-adj-0]|TX|1873/6|
00000000|MMI|5.18|Testicular Cancer Serum Markers Test Result S2|C3812875|[lbtr]|["S2"-tx-26-"S2"-noun-0]|TX|2010/2|
00000000|MMI|5.18|To|C1883351|[qlco]|["To"-tx-34-"to"-adv-0]|TX|2480/2|
00000000|MMI|5.18|Views:Finding:Point in time:Chest:Narrative:XR|C1114557|[clna]|["Chest X-ray"-tx-36-"chest x-ray"-noun-0]|TX|2602/11|
00000000|MMI|5.18|Vomiting Adverse Event|C1963281|[patf]|["Vomiting"-tx-7-"vomiting"-noun-1]|TX|734/8|
00000000|MMI|5.18|apparently|C0750541|[idcn]|["apparently"-tx-18-"apparently"-adv-0]|TX|1433/10|
00000000|MMI|5.18|carotid|C0741968|[bpoc]|["carotids"-tx-27-"carotids"-noun-0]|TX|2090/8|
00000000|MMI|5.18|effusion|C0013687|[patf]|["EFFUSIONS"-tx-36-"effusions"-noun-1]|TX|2663/9|
00000000|MMI|5.18|rhythmic process (biological)|C1523018|[phsf]|["rhythm"-tx-26-"rhythm"-noun-0]|TX|1987/6|
00000000|MMI|4.19|Discharge to home|C0184713|[topp]|["Discharge to home"-tx-49-"discharged to home"-noun-0]|TX|3941/18|
00000000|MMI|3.98|Evaluation and management note:Finding:Point in time:{Setting}:Document:{Provider}|C1316572|[clna]|["Note"-tx-6-"noted"-verb-0]|TX|638/5|
00000000|MMI|3.98|Mass of body region|C0577573|[sosy]|["Mass"-tx-28-"masses"-noun-1]|TX|2179/6|
00000000|MMI|3.98|Mass of body structure|C0577559|[fndg]|["MASS"-tx-28-"masses"-noun-1]|TX|2179/6|
00000000|MMI|3.98|Mass, a measure of quantity of matter|C1306372|[qnco]|["*Mass"-tx-28-"masses"-noun-0]|TX|2179/6|
00000000|MMI|3.98|Molecular Mass|C3152252|[qnco]|["Mass"-tx-28-"masses"-noun-0]|TX|2179/6|
00000000|MMI|3.98|Note (document)|C1317574|[inpr]|["Note"-tx-6-"noted"-verb-0]|TX|638/5|
00000000|MMI|3.98|Reaching|C2584321|[orgf]|["Reach"-tx-47-"reached"-verb-0]|TX|3711/7|
00000000|MMI|3.88|Family history of coronary arteriosclerosis|C2317524|[fndg]|["Family History of Coronary Artery Disease"-tx-2-"family history of coronary artery disease"-noun-0]|TX|269/41|
00000000|MMI|3.75|Bowel sounds|C0232693|[fndg]|["Bowel sounds"-tx-28-"bowel sounds"-noun-0]|TX|2135/12|
00000000|MMI|3.75|Discharge date|C2361123|[tmco]|["Discharge date"-tx-1-"Discharge Date"-noun-0]|TX|146/14|
00000000|MMI|3.75|Discharge date:Time Stamp -- Date and Time:Point in time:^Patient:Quantitative|C2361122|[clna]|["Discharge date"-tx-1-"Discharge Date"-noun-0]|TX|146/14|
00000000|MMI|3.71|Middle-aged men|C3825963|[aggp]|["Middle-aged men"-tx-21-"middle-aged man"-noun-0]|TX|1699/11,1719/3|
00000000|MMI|3.68|Normal sinus rhythm|C0232202|[fndg]|["NORMAL SINUS RHYTHM"-tx-34-"normal sinus rhythm"-noun-0]|TX|2489/19|
00000000|MMI|3.68|beats per minute|C0439385|[qnco]|["Beats per Minute"-tx-34-"beats per minute"-noun-0]|TX|2515/16|
00000000|MMI|3.68|% index|C1637833|[qnco]|["% index"-tx-56-"Index"-noun-0]|TX|4365/5|
00000000|MMI|3.68|100%|C3817553|[qnco]|["100%"-tx-22-"100"-fraction-0]|TX|1778/3|
00000000|MMI|3.68|Distress|C0231303|[menp]|["Distress"-tx-21-"distress"-noun-1]|TX|1740/8|
00000000|MMI|3.68|Evaluation procedure|C1261322|[hlca]|["Evaluation"-tx-31-"EVALUATION"-noun-0]|TX|2280/10|
00000000|MMI|3.68|Focal|C0205234|[spco]|["FOCAL"-tx-30-"focal"-adj-0]|TX|2261/5|
00000000|MMI|3.68|Html Link Type - index|C1552854|[idcn]|["index"-tx-56-"Index"-noun-0]|TX|4365/5|
00000000|MMI|3.68|Index|C0918012|[inpr]|["Index"-tx-56-"Index"-noun-0]|TX|4365/5|
00000000|MMI|3.68|Interval|C1272706|[tmco]|["intervals"-tx-34-"intervals"-noun-0]|TX|2541/9|
00000000|MMI|3.68|Negation|C1518422|[ftcn]|["Non"-tx-30-"non"-adj-0]|TX|2257/3|
00000000|MMI|3.68|Rate|C1521828|[qnco]|["Rate"-tx-26-"rate"-noun-0]|TX|1978/4|
00000000|MMI|3.68|Rating (action)|C0871208|[acty]|["Rate"-tx-26-"rate"-noun-0]|TX|1978/4|
00000000|MMI|3.68|S1|C3715215|[fndg]|["S1"-tx-26-"S1"-noun-0]|TX|2003/2|
00000000|MMI|3.68|Testicular Cancer Serum Markers Test Result S1|C3814877|[lbtr]|["S1"-tx-26-"S1"-noun-0]|TX|2003/2|
00000000|MMI|3.67|History of present illness:Finding:Point in time:^Patient:Nominal:Reported|C0488508|[clna]|["History of present illness"-tx-1-"HISTORY OF PRESENT ILLNESS"-noun-0]|TX|172/26|
00000000|MMI|3.66|milligram/day|C0439422|[qnco]|["mg day"-tx-20-"mg day"-noun-0]|TX|1628/2,1636/3|
00000000|MMI|3.65|Report status|C0586177|[fndg]|["Report status"-tx-1-"Report Status"-noun-0]|TX|124/13|
00000000|MMI|3.64|Clinical Study Follow-up|C3274571|[hlca]|["FOLLOW-UP"-tx-51-"follow-up"-adj-0]|TX|4190/9|
00000000|MMI|3.64|Consistent with|C0332290|[idcn]|["Consistent with"-tx-48-"consistent with"-adj-0]|TX|3879/15|
00000000|MMI|3.64|Ejection fraction (finding)|C2700378|[fndg]|["Ejection fraction"-tx-41-"ejection fraction"-noun-0]|TX|3141/17|
00000000|MMI|3.64|Ejection fraction (procedure)|C0489482|[diap]|["ejection fraction"-tx-41-"ejection fraction"-noun-0]|TX|3141/17|
00000000|MMI|3.64|Follow-Up Report|C1704685|[inpr]|["Follow-Up"-tx-51-"follow-up"-adj-0]|TX|4190/9|
00000000|MMI|3.64|Follow-up status|C0589120|[fndg]|["Follow-up"-tx-51-"follow-up"-adj-0]|TX|4190/9|
00000000|MMI|3.64|Positive|C1446409|[qlco]|["ruled"-tx-37-"ruled"-verb-0]|TX|2758/5|
00000000|MMI|3.64|Treated with|C0332293|[topp]|["Treated with"-tx-12-"treated with"-verb-0]|TX|1022/12|
00000000|MMI|3.64|follow-up|C1522577|[hlca]|["Follow Up"-tx-51-"follow-up"-adj-0]|TX|4190/9|
00000000|MMI|3.63|30%|C3842588|[fndg]|["30%"-tx-33-"30"-real_number-0]|TX|2440/2|
00000000|MMI|3.63|Admission date:Time Stamp -- Date and Time:Point in time:^Patient:Quantitative|C2598112|[clna]|["Admission date"-tx-1-"Admission Date"-noun-0]|TX|98/14|
00000000|MMI|3.63|Creatinine finding|C1561535|[fndg]|["Creatinine"-tx-31-"creatinine"-noun-0]|TX|2317/10|
00000000|MMI|3.63|Date of admission|C1302393|[tmco]|["Admission date"-tx-1-"Admission Date"-noun-0]|TX|98/14|
00000000|MMI|3.63|Hematocrit level|C0518014|[fndg]|["Hematocrit"-tx-31-"hematocrit"-noun-0]|TX|2348/10|
00000000|MMI|3.63|Image|C1704922|[enty]|["Image"-tx-48-"images"-noun-0]|TX|3784/6|
00000000|MMI|3.63|Image (foundation metadata concept)|C3542466|[inpr]|["Image"-tx-48-"images"-noun-0]|TX|3784/6|
00000000|MMI|3.63|Medical Image|C1704254|[inpr]|["Image"-tx-48-"images"-noun-0]|TX|3784/6|
00000000|MMI|3.63|Potassium Drug Class|C3714637|[phsu]|["POTASSIUM"-tx-31-"potassium"-noun-0]|TX|2292/9|
00000000|MMI|3.63|Potassium Ion|C0597277|[elii,phsu]|["Potassium"-tx-31-"potassium"-noun-0]|TX|2292/9|
00000000|MMI|3.63|Potassium measurement|C0202194|[lbpr]|["Potassium+"-tx-31-"potassium"-noun-0]|TX|2292/9|
00000000|MMI|3.63|Potassium supplement|C0304475|[inch,phsu]|["POTASSIUM"-tx-31-"potassium"-noun-0]|TX|2292/9|
00000000|MMI|3.63|Redistribution|C0332620|[ftcn]|["Redistribution"-tx-36-"redistribution"-noun-0]|TX|2643/14|
00000000|MMI|3.61|Batch (Response Modality)|C1550176|[inpr]|["Batch"-tx-56-"Batch"-noun-0]|TX|4353/5|
00000000|MMI|3.61|Batch (group)|C1948031|[qnco]|["Batch"-tx-56-"Batch"-noun-0]|TX|4353/5|
00000000|MMI|3.61|Batch Number|C3641829|[inpr]|["BATCH"-tx-56-"Batch"-noun-0]|TX|4353/5|
00000000|MMI|3.61|Scientific Control|C1882979|[cnce]|["Control"-tx-44-"control"-noun-0]|TX|3425/7|
00000000|MMI|3.61|True Control Status|C3274648|[qlco]|["Control"-tx-44-"control"-noun-0]|TX|3425/7|
00000000|MMI|3.61|control aspects|C0243148|[qlco]|["control"-tx-44-"control"-noun-0]|TX|3425/7|
00000000|MMI|3.61|control substance|C1550141|[sbst]|["Control"-tx-44-"control"-noun-0]|TX|3425/7|
00000000|MMI|3.60|Hospital emergency department|C3840745|[fndg]|["Hospital Emergency Room"-tx-11-"Hospital emergency room"-noun-0]|TX|981/23|
00000000|MMI|3.59|Pyrexia of unknown origin (excl puerperal)|C0856281|[sosy]|["puo"-tx-1-"PUO"-noun-0]|TX|12/3|
00000000|MMI|3.59|Cardiology service|C3887620|[hcro]|["Cardiology"-tx-52-"Cardiology"-noun-0]|TX|4243/10|
00000000|MMI|3.59|Clear|C2963144|[qlco]|["Clear"-tx-25-"clear"-adj-0]|TX|1911/5|
00000000|MMI|3.59|Negative Surgical Margin|C1709157|[fndg]|["Clear"-tx-25-"clear"-adj-0]|TX|1911/5|
00000000|MMI|3.59|Platelets Adverse Event|C1963076|[fndg]|["Platelets"-tx-31-"platelets"-noun-0]|TX|2390/9|
00000000|MMI|3.59|Leaflet of mitral valve|C0225949|[bpoc]|["leaflets mitral valve"-tx-41-"mitral valve leaflets"-noun-0]|TX|3181/6,3224/14|
00000000|MMI|3.58|Treatment room|C0557823|[mnob]|["room treatment"-tx-15-"treatment room"-noun-0]|TX|1264/9,1291/4|
00000000|MMI|3.58|Due to|C0678226|[ftcn]|["Due To"-tx-46-"due to"-prep-0]|TX|3590/6|
00000000|MMI|3.58|Fraction of|C1264633|[qnco]|["Fraction of"-tx-38-"fraction of"-noun-0]|TX|2825/11|
00000000|MMI|3.58|new onset|C0746890|[fndg]|["new onset"-tx-2-"new onset"-adj-0]|TX|329/9|
00000000|MMI|3.57|Peak pressure|C0445174|[qnco]|["Peak pressure"-tx-47-"peak pressure"-noun-0]|TX|3721/4,3732/8|
00000000|MMI|3.57|Ischemic Change|C2826576|[fndg]|["Ischemic Change"-tx-47-"ischemic changes"-noun-1]|TX|3677/16|
00000000|MMI|3.57|Count|C0750480|[qnco]|["Count"-tx-31-"count"-noun-0]|TX|2372/5|
00000000|MMI|3.57|Count Dosing Unit|C1705566|[qnco]|["COUNT"-tx-31-"count"-noun-0]|TX|2372/5|
00000000|MMI|3.57|Event Seriousness - Significant|C1546944|[qlco]|["Significant"-tx-16-"Significant"-adj-0]|TX|1320/11|
00000000|MMI|3.57|Floor (anatomic)|C3714591|[anst]|["Floor"-tx-39-"floor"-noun-0]|TX|2929/5|
00000000|MMI|3.57|Floor - story of building|C1547707|[geoa]|["Floor"-tx-39-"floor"-noun-0]|TX|2929/5|
00000000|MMI|3.57|Significant|C0750502|[idcn]|["Significant"-tx-16-"Significant"-adj-0]|TX|1320/11|
00000000|MMI|3.57|Statistical Significance|C0237881|[qnco]|["significant"-tx-16-"Significant"-adj-0]|TX|1320/11|
00000000|MMI|3.57|Surgical transfer - action|C0348011|[ftcn]|["transferred"-tx-39-"transferred"-verb-0]|TX|2910/11|
00000000|MMI|3.57|Transfer Technique|C1705822|[ftcn]|["Transferred"-tx-39-"transferred"-verb-0]|TX|2910/11|
00000000|MMI|3.57|dictated - DocumentCompletion|C1609990|[idcn]|["Dictated"-tx-53-"Dictated"-noun-0]|TX|4271/8|
00000000|MMI|3.57|dictated - ParticipationMode|C1548384|[ftcn]|["dictated"-tx-53-"Dictated"-noun-0]|TX|4271/8|
00000000|MMI|3.57|floor (object)|C0016249|[mnob]|["Floor"-tx-39-"floor"-noun-0]|TX|2929/5|
00000000|MMI|3.56|Electrocardiographic changes|C0855329|[fndg]|["ekg change"-tx-47-"changes EKG"-noun-1]|TX|3686/7,3701/3|
00000000|MMI|3.56|Complication|C0009566|[patf]|["Complications"-tx-40-"complications"-noun-1]|TX|2962/13|
00000000|MMI|3.56|Onset of (contextual qualifier)|C0332162|[qlco]|["Onset"-tx-6-"onset"-noun-0]|TX|644/5|
00000000|MMI|3.55|Administration procedure|C1533734|[topp]|["Treatment"-tx-15-"treatment"-noun-0]|TX|1264/9|
00000000|MMI|3.55|Biomaterial Treatment|C1705169|[cnce]|["Treatment"-tx-15-"treatment"-noun-0]|TX|1264/9|
00000000|MMI|3.55|Therapeutic procedure|C0087111|[topp]|["Treatment"-tx-15-"treatment"-noun-0]|TX|1264/9|E02
00000000|MMI|3.55|Treatment Epoch|C3538994|[resa]|["TREATMENT"-tx-15-"treatment"-noun-0]|TX|1264/9|
00000000|MMI|3.55|Well|C3146287|[mnob]|["Well"-tx-6-"well"-adv-0]|TX|584/4|
00000000|MMI|3.55|treatment - ActInformationManagementReason|C3887704|[hlca]|["treatment"-tx-15-"treatment"-noun-0]|TX|1264/9|
00000000|MMI|3.55|Clinical trial protocol document|C1507394|[inpr]|["Protocol"-tx-46-"protocol"-noun-0]|TX|3615/8|
00000000|MMI|3.55|Complete|C0205197|[qlco]|["Completion"-tx-46-"completion"-noun-0]|TX|3597/10|
00000000|MMI|3.55|Disease Controlled|C2911690|[fndg]|["Controlled"-tx-42-"controlled"-verb-0]|TX|3272/10|
00000000|MMI|3.55|Library Protocol|C1522729|[inpr]|["Protocol"-tx-46-"protocol"-noun-0]|TX|3615/8|
00000000|MMI|3.55|Magnesium Cation|C2346927|[elii,phsu]|["Mg++"-tx-42-"mg"-noun-0]|TX|3302/2|
00000000|MMI|3.55|Milligram percent|C1960952|[qnco]|["mg %"-tx-42-"mg"-noun-0]|TX|3302/2|
00000000|MMI|3.55|Present|C0150312|[qnco]|["Present"-tx-2-"presents"-verb-0]|TX|315/8|
00000000|MMI|3.55|Protocol - answer to question|C3715209|[fndg]|["Protocol"-tx-46-"protocol"-noun-0]|TX|3615/8|
00000000|MMI|3.55|Protocols documentation|C0442711|[inpr]|["Protocol"-tx-46-"protocol"-noun-0]|TX|3615/8|
00000000|MMI|3.55|Study Protocol|C2348563|[inpr]|["Protocol"-tx-46-"protocol"-noun-0]|TX|3615/8|
00000000|MMI|3.55|Times|C1632851|[qnco]|["Times"-tx-42-"times"-noun-0]|TX|3311/5|
00000000|MMI|3.55|To be stopped|C1272691|[qlco]|["stopped"-tx-46-"stopped"-verb-0]|TX|3582/7|
00000000|MMI|3.55|completion - ResponseLevel|C1554962|[qlco]|["completion"-tx-46-"completion"-noun-0]|TX|3597/10|
00000000|MMI|3.55|mg/dL|C0439269|[qnco]|["mg%"-tx-42-"mg"-noun-0]|TX|3302/2|
00000000|MMI|3.55|peripheral blood|C0229664|[bdsu]|["BLOOD"-tx-47-"blood"-noun-0]|TX|3726/5|
00000000|MMI|3.54|% of total|C0439175|[qnco]|["% total"-tx-14-"total"-noun-0]|TX|1192/5|
00000000|MMI|3.54|Five|C0205451|[qnco]|["Five"-tx-14-"five"-word_numeral-0]|TX|1215/4|
00000000|MMI|3.54|Hour|C0439227|[tmco]|["HOURS"-tx-14-"hours"-noun-0]|TX|1220/5|
00000000|MMI|3.54|Regurgitates after swallowing|C0232605|[fndg]|["Regurgitation"-tx-41-"regurgitation"-noun-0]|TX|3188/13|
00000000|MMI|3.54|Regurgitation|C2004489|[sosy]|["REGURGITATION"-tx-41-"regurgitation"-noun-0]|TX|3188/13|
00000000|MMI|3.54|Regurgitation - mechanism|C0460152|[ftcn]|["Regurgitation"-tx-41-"regurgitation"-noun-0]|TX|3188/13|
00000000|MMI|3.54|Resolution|C2699488|[cnce]|["Resolved"-tx-14-"resolved"-verb-0]|TX|1176/8|
00000000|MMI|3.54|Resolved|C3714811|[fndg]|["Resolved"-tx-14-"resolved"-verb-0]|TX|1176/8|
00000000|MMI|3.54|Resolved License|C3897700|[ftcn]|["Resolved"-tx-14-"resolved"-verb-0]|TX|1176/8|
00000000|MMI|3.54|Send (transmission)|C1519246|[ftcn]|["Sent"-tx-11-"sent"-verb-0]|TX|961/4|
00000000|MMI|3.54|Total|C0439810|[qlco]|["Total"-tx-14-"total"-noun-0]|TX|1192/5|
00000000|MMI|3.54|physiologic resolution|C1514893|[patf]|["Resolved"-tx-14-"resolved"-verb-0]|TX|1176/8|
00000000|MMI|3.54|Defect|C1457869|[ftcn]|["Defect"-tx-48-"defect"-noun-0]|TX|3806/6|
00000000|MMI|3.54|Out (direction)|C0439787|[spco]|["Out"-tx-5-"out"-prep-0]|TX|486/3|
00000000|MMI|3.54|Removed|C0849355|[qlco]|["Out"-tx-5-"out"-prep-0]|TX|486/3|
00000000|MMI|3.53|Pulmonary vascular structure|C0459963|[bpoc]|["Pulmonary Vascular"-tx-36-"pulmonary vascular"-adj-0]|TX|2624/18|
00000000|MMI|3.53|Pulmonary vessels|C1508661|[bpoc]|["Pulmonary Vascular"-tx-36-"pulmonary vascular"-adj-0]|TX|2624/18|
00000000|MMI|3.51|Does run (finding)|C0600140|[fndg]|["run"-tx-5-"ran"-verb-0]|TX|482/3|
00000000|MMI|3.51|History of recreational running|C2346414|[fndg]|["Run"-tx-5-"ran"-verb-0]|TX|482/3|
00000000|MMI|3.51|Run action|C1704688|[ftcn]|["Run"-tx-5-"ran"-verb-0]|TX|482/3|
00000000|MMI|3.50|Retrosternal pain|C0151826|[sosy]|["Chest pain, substernal"-tx-6-"substernal chest pain"-noun-0]|TX|653/21|
00000000|MMI|3.50|Aspirin 325 MG|C0992015|[clnd]|["Aspirin 325 MG"-tx-50-"aspirin 325 mg"-noun-0]|TX|4035/14|
00000000|MMI|3.50|Atenolol 100 MG|C0983887|[clnd]|["Atenolol 100 MG"-tx-50-"Atenolol 100 mg"-noun-0]|TX|4008/15|
00000000|MMI|3.50|Cardiac - anatomy qualifier|C1522601|[spco]|["Cardiac"-tx-4-"cardiac"-adj-0]|TX|428/7|
00000000|MMI|3.50|Cardiovascular|C3887460|[blor]|["CARDIOVASCULAR"-tx-26-"cardiovascular"-adj-0]|TX|1939/14|
00000000|MMI|3.50|Cardiovascular system|C0007226|[bdsy]|["Cardiovascular"-tx-26-"cardiovascular"-adj-0]|TX|1939/14|A07
00000000|MMI|3.50|Laboratory domain|C3244292|[ftcn]|["laboratory"-tx-31-"LABORATORY"-noun-0]|TX|2269/10|
00000000|MMI|3.50|Lisinopril 10 MG|C0987217|[clnd]|["Lisinopril 10 MG"-tx-50-"Lisinopril 10 mg"-noun-0]|TX|4061/16|
00000000|MMI|3.50|Posterolateral|C0332195|[spco]|["Posterolateral"-tx-41-"posterolateral"-adj-0]|TX|3108/14|
00000000|MMI|3.50|Regular|C0205272|[qlco]|["Regular"-tx-26-"regular"-adj-0]|TX|1970/7|
00000000|MMI|3.50|Reversible|C0205343|[ftcn]|["Reversible"-tx-48-"reversible"-adj-0]|TX|3858/10|
00000000|MMI|3.50|Same|C0445247|[qlco]|["SAME"-tx-9-"same"-adj-0]|TX|828/4|
00000000|MMI|3.50|apparent|C0750489|[idcn]|["apparent"-tx-21-"apparent"-adj-0]|TX|1731/8|
00000000|MMI|3.48|Discharge summarization note:Finding:Point in time:{Setting}:Document:{Provider}|C0801840|[clna]|["Discharge summary"-tx-1-"Discharge Summary"-noun-0]|TX|63/17|
00000000|MMI|3.48|Discharge summary|C0743221|[inpr]|["Discharge summary"-tx-1-"Discharge Summary"-noun-0]|TX|63/17|
00000000|MMI|3.48|Known|C0205309|[qlco]|["Known"-tx-19-"known"-adj-0]|TX|1527/5|
00000000|MMI|3.47|Sublingual Tablet|C0991582|[bodm]|["Sublingual Tablet"-tx-50-"sublingual tablet"-noun-0]|TX|4089/10,4124/6|
00000000|MMI|3.47|African race|C0027567|[popg]|["Black"-tx-21-"black"-adj-0]|TX|1713/5|
00000000|MMI|3.47|Black color|C0439541|[qlco]|["Black"-tx-21-"black"-adj-0]|TX|1713/5|
00000000|MMI|3.47|Black race|C0005680|[popg]|["Black"-tx-21-"black"-adj-0]|TX|1713/5|
00000000|MMI|3.46|Diagnostic interview schedule|C0451119|[inpr]|["DIS"-tx-1-"DIS"-noun-0]|TX|92/3|
00000000|MMI|3.46|Discontinued|C1444662|[fndg]|["DIS"-tx-1-"DIS"-noun-0]|TX|92/3|
00000000|MMI|3.45|Registered nurse|C0687673|[prog]|["R.N."-tx-50-"r.n"-adj-0]|TX|4159/3|
00000000|MMI|3.45|One|C0205447|[qnco]|["ONE"-tx-50-"one"-noun-0]|TX|4120/3|
00000000|MMI|3.45|XPR1 gene|C1421546|[gngm]|["X3"-tx-50-"x3"-noun-0]|TX|4142/2|
00000000|MMI|3.44|H/O: hypertension|C0455527|[fndg]|["History of - hypertension"-tx-2-"history of hypertension"-noun-0]|TX|239/23|
00000000|MMI|3.44|Concentric hypertrophy|C0333963|[comd]|["Concentric enlargement"-tx-41-"concentric enlargement"-noun-0]|TX|3057/10,3094/11|
00000000|MMI|3.44|Caucasians|C0043157|[popg]|["WHITE"-tx-31-"white"-adj-0]|TX|2366/5|
00000000|MMI|3.44|Feeling relief|C0564405|[fndg]|["Relief"-tx-10-"relief"-noun-1]|TX|945/6|
00000000|MMI|3.44|Only - dosing instruction fragment|C1720467|[inpr]|["Only"-tx-16-"only"-adv-0]|TX|1336/4|
00000000|MMI|3.44|SFTA3 gene|C2680374|[gngm]|["NANCI"-tx-53-"Nanci"-noun-0]|TX|4260/5|
00000000|MMI|3.44|Singular|C0205171|[qnco]|["Only"-tx-16-"only"-adv-0]|TX|1336/4|
00000000|MMI|3.44|White color|C0220938|[qlco]|["WHITE"-tx-31-"white"-adj-0]|TX|2366/5|
00000000|MMI|3.43|Anterior wall|C0442070|[spco]|["Anterior wall"-tx-48-"anterior wall"-noun-0]|TX|3827/8,3844/4|
00000000|MMI|3.43|Bale out|C0175673|[tmco]|["Emergency"-tx-15-"emergency"-noun-0]|TX|1281/9|
00000000|MMI|3.43|Before|C0332152|[tmco]|["Prior"-tx-4-"prior"-adj-0]|TX|449/5|
00000000|MMI|3.43|Emergency Situation|C0013956|[phpr]|["EMERGENCY"-tx-15-"emergency"-noun-0]|TX|1281/9|
00000000|MMI|3.43|Ischemic|C0475224|[ftcn]|["Ischemic"-tx-47-"ischemic"-adj-0]|TX|3677/8|
00000000|MMI|3.43|Plantago princeps|C2632076|[plnt]|["ale"-tx-52-"Ale"-noun-0]|TX|4228/3|
00000000|MMI|3.43|Prior Medication Usage|C2826257|[evnt]|["PRIOR"-tx-4-"prior"-adj-0]|TX|449/5|
00000000|MMI|3.43|Respiratory Domain|C2986904|[idcn]|["RE"-tx-52-"Re"-noun-0]|TX|4225/2|
00000000|MMI|3.43|Retinol equivalents|C0556581|[qnco]|["{RE}"-tx-52-"Re"-noun-0]|TX|4225/2|
00000000|MMI|3.43|Room|C1547703|[spco]|["Room"-tx-15-"room"-noun-0]|TX|1291/4|
00000000|MMI|3.43|ale beer|C0678386|[food]|["ale"-tx-52-"Ale"-noun-0]|TX|4228/3|
00000000|MMI|3.42|Chamber (anatomical)|C0935616|[bpoc]|["Chamber"-tx-41-"chamber"-noun-0]|TX|3086/7|
00000000|MMI|3.42|Chamber (physical object)|C0179874|[mnob]|["Chamber"-tx-41-"chamber"-noun-0]|TX|3086/7|
00000000|MMI|3.42|Thickened|C0205400|[fndg]|["Thickened"-tx-41-"thickened"-adj-0]|TX|3207/9|
00000000|MMI|3.42|Apical|C0205111|[spco]|["APICAL"-tx-48-"apical"-adj-0]|TX|3820/6|
00000000|MMI|3.42|Fix|C3714578|[phpr]|["Fixed"-tx-48-"fixed"-adj-0]|TX|3800