00000000|MMI|53.88|Patients|C0030705|[podg]|["*^patient"-tx-36-"patient"-noun-0,"*^patient"-tx-35-"patient"-noun-0,"*^patient"-tx-30-"patient"-noun-0,"*^patient"-tx-27-"patient"-noun-0,"*^patient"-tx-6-"patient"-noun-0,"*^patient"-tx-5-"patient"-noun-0]|TX|2878/7;2747/7;2316/7;2114/7;666/7;551/7|M01.643
00000000|MMI|45.17|Insulin|C0021641|[aapp,horm,phsu]|["INSULIN"-tx-35-"insulin"-noun-0,"INSULIN"-tx-14-"insulin"-noun-0]|TX|2841/7;1348/7|D06.472.699.587.200.500.625;D12.644.548.586.200.500.625
00000000|MMI|41.18|Tachycardia|C0039231|[patf]|["TACHYCARDIA"-tx-32-"tachycardia"-noun-0,"TACHYCARDIA"-tx-30-"tachycardia"-noun-0,"Tachycardias"-tx-20-"Tachycardic"-adj-0]|TX|2502/11;2382/11;1639/11|C14.280.067.845;C23.550.073.845
00000000|MMI|38.98|Accident and Emergency department|C0562508|[hcro]|["Emergency Department"-tx-11-"Emergency Department"-noun-0,"Emergency Department"-tx-10-"Emergency Department"-noun-0]|TX|1052/20;991/20|N02.278.216.500.968.336;N02.421.297.195;N04.452.442.422.336
00000000|MMI|35.81|Exercise stress test|C0015260|[diap]|["Exercise test"-tx-35-"exercise test"-noun-0,"Exercise test"-tx-29-"Exercise test"-noun-0]|TX|2727/13;2251/13|E01.370.370.380.250;E01.370.386.700.250;E05.333.250
00000000|MMI|33.49|Abortion consent:Finding:Point in time:^Patient:Document|C2360836|[clna]|["Patient"-tx-36-"patient"-noun-0,"Patient"-tx-35-"patient"-noun-0,"Patient"-tx-30-"patient"-noun-0,"Patient"-tx-27-"patient"-noun-0,"Patient"-tx-6-"patient"-noun-0,"Patient"-tx-5-"patient"-noun-0]|TX|2878/7;2747/7;2316/7;2114/7;666/7;551/7|
00000000|MMI|33.49|Hysterectomy consent:Finding:Point in time:^Patient:Document|C2360838|[clna]|["Patient"-tx-36-"patient"-noun-0,"Patient"-tx-35-"patient"-noun-0,"Patient"-tx-30-"patient"-noun-0,"Patient"-tx-27-"patient"-noun-0,"Patient"-tx-6-"patient"-noun-0,"Patient"-tx-5-"patient"-noun-0]|TX|2878/7;2747/7;2316/7;2114/7;666/7;551/7|
00000000|MMI|33.49|Sterilization consent:Finding:Point in time:^Patient:Document|C2360840|[clna]|["Patient"-tx-36-"patient"-noun-0,"Patient"-tx-35-"patient"-noun-0,"Patient"-tx-30-"patient"-noun-0,"Patient"-tx-27-"patient"-noun-0,"Patient"-tx-6-"patient"-noun-0,"Patient"-tx-5-"patient"-noun-0]|TX|2878/7;2747/7;2316/7;2114/7;666/7;551/7|
00000000|MMI|32.93|heart rate|C0018810|[clna]|["Heart Rate"-tx-17-"heart rate"-noun-0,"Heart Rate"-tx-11-"heart rate"-noun-0]|TX|1518/10;1026/10|E01.370.600.875.500;G09.330.380.500
00000000|MMI|32.87|Eating|C0013470|[orgf]|["Eating"-tx-7-"eating"-verb-0,"Eating"-tx-6-"eating"-noun-0]|TX|761/6;702/6|G07.203.650.593.260;G07.700.620.260;G10.261.326.240
00000000|MMI|32.33|Hydrocephalus, Normal Pressure|C0020258|[dsyn]|["NPH"-tx-35-"NPH"-noun-0,"NPH"-tx-14-"NPH"-noun-0]|TX|2817/3;1324/3|C10.228.140.602.750
00000000|MMI|28.85|Homo sapiens|C0086418|[humn]|["MAN"-tx-2-"man"-noun-0]|TX|288/3|B01.050.150.900.649.801.400.112.400.400
00000000|MMI|26.50|DIABETES MELLITUS, INSULIN-DEPENDENT, 15|C1866519|[dsyn]|["INSULIN-DEPENDENT DIABETES MELLITUS 15"-tx-12-"Insulin dependent diabetes mellitus 15"-noun-0,"INSULIN-DEPENDENT DIABETES MELLITUS 15"-tx-5-"insulin dependent diabetes mellitus 15"-noun-0]|TX|1185/35,1225/2;567/35,607/2|x.x.x.x
00000000|MMI|26.26|Nausea|C0027497|[sosy]|["NAUSEA"-tx-7-"nausea"-noun-0,"NAUSEA"-tx-2-"nausea"-noun-0]|TX|821/6;324/6|C23.888.821.712
00000000|MMI|26.17|Myocardial Infarction|C0027051|[dsyn]|["Infarction, Myocardial"-tx-28-"myocardial infarction"-noun-1,"Infarction, Myocardial"-tx-1-"MYOCARDIAL INFARCTION"-noun-1]|TX|2192/21;214/21|C14.280.647.500;C14.907.585.500
00000000|MMI|26.07|Vomiting|C0042963|[sosy]|["vomit"-tx-7-"vomit"-noun-0,"VOMITING"-tx-2-"vomiting"-noun-0]|TX|843/5;337/8|C23.888.821.937
00000000|MMI|25.53|Humulin|C3538423|[aapp,horm,phsu]|["HumuLIN"-tx-14-"Humulin"-noun-0]|TX|1316/7|D06.472.699.587.200.500.625.500;D12.644.548.586.200.500.625.500
00000000|MMI|25.53|Humulin S|C0020172|[aapp,horm,phsu]|["Humulin"-tx-14-"Humulin"-noun-0]|TX|1316/7|D06.472.699.587.200.500.625.500;D12.644.548.586.200.500.625.500
00000000|MMI|24.11|Syncope|C0039070|[sosy]|["SYNCOPE"-tx-8-"syncope"-noun-1]|TX|897/7|C10.597.606.358.800.600;C23.888.592.604.359.800.600
00000000|MMI|23.12|Hypotension|C0020649|[fndg]|["HYPOTENSION"-tx-32-"hypotension"-noun-0,"HYPOTENSION"-tx-30-"hypotension"-noun-0]|TX|2518/11;2366/11|C14.907.514
00000000|MMI|23.12|Smoke|C0037366|[hops]|["Smoke"-tx-15-"smoke"-verb-0,"Smoke"-tx-4-"smoke"-verb-0]|TX|1407/5;462/5|D20.633.937
00000000|MMI|22.70|M NOS ANTIBODY|C0369637|[aapp,imft]|["M NOS"-tx-38-"M"-noun-0,"M NOS"-tx-36-"M"-noun-0,"M NOS"-tx-35-"m"-adv-0,"M NOS"-tx-14-"m"-adv-0]|TX|3027/1;2984/1;[2834/1],[2870/1];[1341/1],[1375/1]|
00000000|MMI|22.70|M+ (tumor staging)|C0441923|[inpr]|["M+"-tx-38-"M"-noun-0,"M+"-tx-36-"M"-noun-0,"M+"-tx-35-"m"-adv-0,"M+"-tx-14-"m"-adv-0]|TX|3027/1;2984/1;[2834/1],[2870/1];[1341/1],[1375/1]|
00000000|MMI|22.68|risk factors|C0035648|[qnco]|["Risk Factors"-tx-3-"risk factors"-noun-0]|TX|376/12|E05.318.740.600.800.725;N05.715.350.200.700;N05.715.360.750.625.700.700;N06.850.490.625.750;N06.850.520.830.600.800.725
00000000|MMI|22.49|Creatine Kinase MB Isoenzyme|C0010290|[aapp,enzy]|["CPK-MB"-tx-24-"CPK MB"-noun-0]|TX|1955/3,1971/2|D08.811.913.696.640.150.625
00000000|MMI|20.26|Males|C0086582|[orga]|["Male Gender"-tx-3-"male gender"-noun-0,"MAN"-tx-2-"man"-noun-0]|TX|417/11;288/3|x.x.x
00000000|MMI|19.74|Hospitals|C0019994|[hcro,mnob]|["HOSPITAL"-tx-43-"HOSPITAL"-noun-0,"HOSPITAL"-tx-36-"Hospital"-noun-0]|TX|3158/8;2955/8|N02.278.421
00000000|MMI|19.45|Lopressor|C0700776|[orch,phsu]|["Lopressor"-tx-11-"Lopressor"-noun-0]|TX|1092/9|D02.033.100.624.698.573;D02.033.755.624.698.573;D02.092.063.624.698.573
00000000|MMI|19.38|Sinus Tachycardia|C0039239|[dsyn]|["SINUS TACHYCARDIA"-tx-25-"sinus tachycardia"-noun-1]|TX|1994/17|C14.280.067.845.880.845;C23.550.073.845.880.845
00000000|MMI|19.34|Patient Discharge|C0030685|[hlca]|["Discharge"-tx-29-"discharge"-noun-0]|TX|2283/9|E02.204.125;E02.760.400.610;N02.421.192.125;N02.421.585.400.610;N04.590.233.727.210.125
00000000|MMI|19.25|Temperature|C0039476|[qnco]|["*Temperature"-tx-17-"Temperature"-noun-0]|TX|1470/11|G01.906.595;G16.500.275.063.725.710;G16.500.750.775.710;N06.230.150.450;N06.230.300.100.725.710
00000000|MMI|17.80|Dominican Republic|C0013014|[geoa]|["DR"-tx-42-"DR"-noun-0]|TX|3125/2|Z01.107.084.900.300;Z01.639.880.300
00000000|MMI|17.80|Electrocardiogram|C0013798|[fndg]|["EKG"-tx-25-"EKG"-noun-0]|TX|1983/3|E01.370.370.380.240;E01.370.405.240
00000000|MMI|17.80|Electrocardiography|C1623258|[diap]|["EKG"-tx-25-"EKG"-noun-0]|TX|1983/3|E01.370.370.380.240;E01.370.405.240
00000000|MMI|17.80|Pain|C0030193|[sosy]|["PAIN"-tx-9-"pain"-noun-0]|TX|946/4|C10.597.617;C23.888.592.612;F02.830.816.444;G11.561.600.810.444
00000000|MMI|17.80|Togo|C0040363|[geoa]|["TO"-tx-33-"to"-adv-0]|TX|2563/2|Z01.058.290.190.800
00000000|MMI|17.80|Tryptophanase|C0041260|[aapp,enzy]|["TO"-tx-33-"to"-adv-0]|TX|2563/2|D08.811.520.224.800
00000000|MMI|17.80|Urinalysis|C0042014|[lbpr]|["Urinalysis"-tx-34-"Urinalysis"-noun-0]|TX|2655/10|E01.370.225.124.810;E01.370.390.810;E05.200.124.810
00000000|MMI|16.37|Respiratory rate|C0231832|[clna]|["Respiratory Rate"-tx-17-"respiratory rate"-noun-0]|TX|1496/16|E01.370.600.875.875;G09.772.770.755.730
00000000|MMI|16.30|Blood Pressure|C0005823|[orgf]|["BLOOD PRESSURE"-tx-17-"blood pressure"-noun-0]|TX|1535/14|E01.370.600.875.249;G09.330.380.076
00000000|MMI|16.30|Creatinine|C0010294|[bacs,orch]|["CREATININE"-tx-24-"creatinine"-noun-0]|TX|1881/10|D03.383.129.308.207
00000000|MMI|16.30|Systemic arterial pressure|C1272641|[fndg]|["Blood pressure"-tx-17-"blood pressure"-noun-0]|TX|1535/14|G09.330.380.076.347
00000000|MMI|16.26|Chest Pain|C0008031|[sosy]|["CHEST PAIN"-tx-2-"chest pain"-noun-0]|TX|311/10|C10.597.617.192;C23.888.592.612.233
00000000|MMI|16.25|Hematocrit procedure|C0018935|[lbpr]|["Hematocrit"-tx-24-"hematocrit"-noun-0]|TX|1854/10|E01.370.225.625.400;E05.200.625.400;G09.188.370.374
00000000|MMI|16.25|Troponin|C0041199|[aapp,bacs]|["Troponin"-tx-24-"troponin"-noun-0]|TX|1940/8|D05.750.078.730.825;D12.776.210.500.910;D12.776.220.525.825
00000000|MMI|16.12|Ivory Coast|C0022326|[geoa]|["IV"-tx-11-"IV"-noun-0]|TX|1089/2|Z01.058.290.190.272
00000000|MMI|16.09|Body Temperature|C0005903|[orga]|["temperature"-tx-17-"Temperature"-noun-0]|TX|1470/11|E01.370.600.875.374;G07.110
00000000|MMI|16.08|Primary Care Physicians|C0033131|[prog]|["Primary Care Physician"-tx-36-"primary care physician"-noun-0]|TX|2910/22|M01.526.485.810.800;N02.360.810.795
00000000|MMI|16.04|Poverty|C0032854|[grpa]|["Poor"-tx-30-"poor"-adj-0]|TX|2398/4|I01.880.735.634;I01.880.853.996.535;N01.824.600
00000000|MMI|14.88|Positive|C1446409|[qlco]|["rule"-tx-28-"rule"-noun-0,"Positive"-tx-21-"Positive"-adj-0,"rule"-tx-1-"RULE"-verb-0]|TX|2183/4;1692/8;[64/4],[205/4]|
00000000|MMI|14.83|Unit|C0439148|[qnco]|["UNITS"-tx-35-"units"-noun-0,"UNITS"-tx-14-"units"-noun-0]|TX|[2824/5],[2860/5];[1331/5],[1365/5]|
00000000|MMI|14.83|Unit - NCI Thesaurus Property|C3853603|[ftcn]|["Units"-tx-35-"units"-noun-0,"Units"-tx-14-"units"-noun-0]|TX|[2824/5],[2860/5];[1331/5],[1365/5]|
00000000|MMI|14.83|Unit of Measure|C1519795|[qnco]|["Units"-tx-35-"units"-noun-0,"Units"-tx-14-"units"-noun-0]|TX|[2824/5],[2860/5];[1331/5],[1365/5]|
00000000|MMI|14.64|Abdominal Cavity|C0230168|[blor]|["Abdomen"-tx-21-"Abdomen"-noun-0]|TX|1683/7|A01.923.047.025
00000000|MMI|14.64|Diabetes Mellitus|C0011849|[dsyn]|["DIABETES MELLITUS"-tx-3-"diabetes mellitus"-noun-0]|TX|397/17|C18.452.394.750;C19.246
00000000|MMI|14.64|Dyspnea|C0013404|[sosy]|["SHORTNESS OF BREATH"-tx-8-"shortness of breath"-noun-1]|TX|875/19|C08.618.326;C23.888.852.371
00000000|MMI|14.64|Elderly (population group)|C0001792|[popg]|["Advanced age"-tx-3-"advanced age"-noun-0]|TX|435/12|M01.060.116.100
00000000|MMI|14.64|Ethanol|C0001962|[orch,phsu]|["ALCOHOL"-tx-16-"alcohol"-noun-0]|TX|1438/7|D02.033.375;x.x.x.x
00000000|MMI|14.64|Evaluation|C0220825|[hlca]|["Evaluate"-tx-33-"evaluate"-verb-0]|TX|2566/8|E05.337;N05.715.360.335
00000000|MMI|14.64|Pain-Free|C0908489|[orch]|["Pain-Free"-tx-11-"pain free"-adj-0]|TX|1151/9|x.x.x.x
00000000|MMI|14.64|Physicians|C0031831|[prog]|["DR"-tx-42-"DR"-noun-0]|TX|3125/2|M01.526.485.810;N02.360.810
00000000|MMI|14.63|Emotions|C0013987|[menp]|["feel"-tx-31-"felt"-verb-0,"feeling"-tx-6-"feeling"-verb-0]|TX|2464/4;683/7|F01.470
00000000|MMI|13.08|Caucasoid Race|C0007457|[popg]|["WHITE"-tx-24-"White"-adj-0]|TX|1836/5|M01.686.508.400
00000000|MMI|13.03|MB 3|C0602254|[orch]|["MB 3"-tx-24-"MB 3"-noun-0]|TX|1971/2,1977/1|x.x.x.x
00000000|MMI|12.92|Myocardium|C0027061|[tisu]|["Myocardial"-tx-1-"MYOCARDIAL"-adj-0]|TX|73/10|A02.633.580;A07.541.704;A10.690.552.750
00000000|MMI|12.91|Auscultation|C0004339|[diap]|["AUSCULTATION"-tx-19-"auscultation"-noun-0]|TX|1608/12|E01.370.600.060
00000000|MMI|12.34|Tachycardia by ECG Finding|C3827868|[fndg]|["TACHYCARDIA"-tx-32-"tachycardia"-noun-0,"TACHYCARDIA"-tx-30-"tachycardia"-noun-0,"TACHYCARDIA"-tx-20-"Tachycardic"-adj-0]|TX|2502/11;2382/11;1639/11|
00000000|MMI|11.49|Abdomen|C0000726|[blor]|["ABDOMEN"-tx-21-"Abdomen"-noun-0]|TX|1683/7|A01.923.047
00000000|MMI|11.49|Clubbed Fingers|C0009080|[anab]|["Clubbing"-tx-22-"clubbing"-noun-1]|TX|1766/8|C05.116.758;C05.550.684
00000000|MMI|11.49|Cyanosis|C0010520|[sosy]|["CYANOSIS"-tx-22-"cyanosis"-noun-1]|TX|1777/8|C23.888.248
00000000|MMI|11.49|Edema|C0013604|[fndg]|["OEDEMA"-tx-22-"edema"-noun-1]|TX|1791/5|C23.888.277
00000000|MMI|11.49|Heart murmur|C0018808|[fndg]|["murmurs"-tx-20-"murmurs"-noun-1]|TX|1673/7|C23.888.447
00000000|MMI|11.49|Hypertensive disease|C0020538|[dsyn]|["HYPERTENSION"-tx-4-"hypertension"-noun-1]|TX|477/12|C14.907.489
00000000|MMI|11.49|Physical Examination|C0031809|[hlca]|["PHYSICAL EXAMINATION"-tx-17-"PHYSICAL EXAMINATION"-noun-0]|TX|1448/20|E01.370.600
00000000|MMI|11.49|Pneumonia|C0032285|[dsyn]|["PNEUMONIA"-tx-26-"pneumonia"-noun-1]|TX|2053/9|C08.381.677;C08.730.610
00000000|MMI|11.33|Short Stay Unit|C4035210|[hcro,mnob]|["Short Stay Unit"-tx-34-"Short Stay Unit"-noun-0,"Short Stay Unit"-tx-27-"Short Stay Unit"-noun-0,"Short Stay Unit"-tx-11-"Short Stay Unit"-noun-0]|TX|2686/15;2150/15;1133/15|
00000000|MMI|11.20|Negative|C0205160|[qlco]|["Negative"-tx-34-"negative"-adj-0,"Negative"-tx-29-"negative"-adj-0,"Negative"-tx-28-"negative"-adj-0]|TX|2706/8;2301/8;2228/8|
00000000|MMI|11.20|Negative - answer|C3853545|[qlco]|["Negative"-tx-34-"negative"-adj-0,"Negative"-tx-29-"negative"-adj-0,"Negative"-tx-28-"negative"-adj-0]|TX|2706/8;2301/8;2228/8|
00000000|MMI|11.20|Negative Charge|C2825491|[qlco]|["Negative"-tx-34-"negative"-adj-0,"Negative"-tx-29-"negative"-adj-0,"Negative"-tx-28-"negative"-adj-0]|TX|2706/8;2301/8;2228/8|
00000000|MMI|11.20|Negative Finding|C1513916|[fndg]|["NEGATIVE"-tx-34-"negative"-adj-0,"NEGATIVE"-tx-29-"negative"-adj-0,"NEGATIVE"-tx-28-"negative"-adj-1]|TX|2706/8;2301/8;2228/8|
00000000|MMI|11.20|Negative Number|C2825415|[cnce]|["Negative"-tx-34-"negative"-adj-0,"Negative"-tx-29-"negative"-adj-0,"Negative"-tx-28-"negative"-adj-0]|TX|2706/8;2301/8;2228/8|
00000000|MMI|11.20|Rule (guideline)|C0870077|[inpr]|["Rule"-tx-28-"rule"-noun-0,"Rule"-tx-1-"RULE"-verb-0]|TX|2183/4;[64/4],[205/4]|
00000000|MMI|11.20|derivation calculation|C0805874|[idcn]|["Rule"-tx-28-"rule"-noun-0,"Rule"-tx-1-"RULE"-verb-0]|TX|2183/4;[64/4],[205/4]|
00000000|MMI|10.76|day|C0439228|[tmco]|["DAY"-tx-31-"day"-noun-0,"DAYS"-tx-30-"days"-noun-0,"DAYS"-tx-6-"days"-noun-0]|TX|2492/3;2427/4;636/4|
00000000|MMI|10.70|Admission activity|C0809949|[hlca]|["Admitted"-tx-27-"admitted"-verb-0,"Admitted"-tx-11-"admitted"-verb-0,"Admission"-tx-6-"admission"-noun-0]|TX|2126/8;1115/8;650/9|
00000000|MMI|10.70|Hospital admission|C0184666|[hlca]|["admitted"-tx-27-"admitted"-verb-0,"admitted"-tx-11-"admitted"-verb-0,"Admission"-tx-6-"admission"-noun-0]|TX|2126/8;1115/8;650/9|
00000000|MMI|10.51|Out (direction)|C0439787|[spco]|["Out"-tx-28-"out"-adv-0,"Out"-tx-1-"OUT"-adv-0]|TX|2188/3;[69/3],[210/3]|
00000000|MMI|10.51|Removed|C0849355|[qlco]|["Out"-tx-28-"out"-adv-0,"Out"-tx-1-"OUT"-adv-0]|TX|2188/3;[69/3],[210/3]|
00000000|MMI|10.47|year|C0439234|[tmco]|["YEARS"-tx-12-"years"-noun-0,"YEARS"-tx-5-"years"-noun-0,"YEAR"-tx-2-"year"-noun-0]|TX|1228/5;610/5;279/4|
00000000|MMI|10.42|Doctor of Medicine|C1512018|[inpr]|["M.D."-tx-39-"M.D"-noun-0,"M.D."-tx-37-"M.D"-noun-0]|TX|3042/3;2999/3|
00000000|MMI|10.42|Hypotension Adverse Event|C3163620|[fndg]|["Hypotension"-tx-32-"hypotension"-noun-0,"Hypotension"-tx-30-"hypotension"-noun-0]|TX|2518/11;2366/11|
00000000|MMI|10.42|Include (action)|C2700399|[acty]|["Include"-tx-35-"include"-verb-0,"Include"-tx-3-"include"-verb-0]|TX|2809/7;389/7|
00000000|MMI|10.42|Including (qualifier)|C0332257|[ftcn]|["include"-tx-35-"include"-verb-0,"include"-tx-3-"include"-verb-0]|TX|2809/7;389/7|
00000000|MMI|10.42|Medical Device Emits Smoke|C1881674|[phpr]|["Smoke"-tx-15-"smoke"-verb-0,"Smoke"-tx-4-"smoke"-verb-0]|TX|1407/5;462/5|
00000000|MMI|10.42|Negation|C1518422|[ftcn]|["Not"-tx-15-"not"-adv-0,"Not"-tx-4-"not"-adv-0]|TX|1403/3;458/3|
00000000|MMI|10.42|Tobacco smoke|C0439994|[hops]|["Smoke"-tx-15-"smoke"-verb-0,"Smoke"-tx-4-"smoke"-verb-0]|TX|1407/5;462/5|
00000000|MMI|10.42|include - SetOperator|C1552866|[idcn]|["include"-tx-35-"include"-verb-0,"include"-tx-3-"include"-verb-0]|TX|2809/7;389/7|
00000000|MMI|10.06|Drug Allergy|C0013182|[dsyn]|["Drug Allergies"-tx-13-"drug allergies"-noun-1]|TX|1273/14|C20.543.206;C25.100.468
00000000|MMI|9.76|Hypovolemia|C0546884|[fndg]|["HYPOVOLEMIA"-tx-30-"hypovolemia"-noun-0]|TX|2345/11|C23.550.455
00000000|MMI|9.74|Ischemia|C0022116|[patf]|["Ischaemia, NOS"-tx-25-"ischemia"-noun-1]|TX|2020/8|C23.550.513
00000000|MMI|8.34|Alcohols|C0001975|[orch,phsu]|["Alcohol"-tx-16-"alcohol"-noun-0]|TX|1438/7|D02.033
00000000|MMI|8.34|Feelings|C1527305|[menp]|["Feeling"-tx-6-"feeling"-verb-0]|TX|683/7|F01.470
00000000|MMI|8.34|Hypersensitivity|C0020517|[patf]|["Allergies"-tx-13-"ALLERGIES"-noun-0]|TX|1253/9|C20.543
00000000|MMI|8.34|Limb structure|C0015385|[bpoc]|["Extremities"-tx-22-"Extremities"-noun-0]|TX|1750/11|A01.378
00000000|MMI|8.34|Lung|C0024109|[bpoc]|["LUNGS"-tx-19-"Lungs"-noun-0]|TX|1588/5|A04.411
00000000|MMI|8.00|Show|C1547282|[anim]|["Show"-tx-26-"showed"-verb-0,"Show"-tx-25-"showed"-verb-0]|TX|2043/6;1987/6|
00000000|MMI|7.70|Medications:-:Point in time:^Patient:-|C2598133|[clna]|["Medications"-tx-35-"medications"-noun-0,"Medications"-tx-14-"MEDICATIONS"-noun-0]|TX|2791/11;1290/11|
00000000|MMI|7.70|Medications:Presence or Identity:Duration of the study:^Patient:Nominal|C0802604|[clna]|["Medications"-tx-35-"medications"-noun-0,"Medications"-tx-14-"MEDICATIONS"-noun-0]|TX|2791/11;1290/11|
00000000|MMI|7.70|Pharmaceutical Preparations|C0013227|[phsu]|["Medications"-tx-35-"medications"-noun-0,"Medications"-tx-14-"MEDICATIONS"-noun-0]|TX|2791/11;1290/11|D26
00000000|MMI|7.46|IDDM15 gene|C1415863|[gngm]|["insulin-dependent diabetes mellitus 15"-tx-12-"Insulin dependent diabetes mellitus 15"-noun-0,"insulin-dependent diabetes mellitus 15"-tx-5-"insulin dependent diabetes mellitus 15"-noun-0]|TX|1185/35,1225/2;567/35,607/2|
00000000|MMI|7.46|Checking (action)|C1283174|[acty]|["Checked"-tx-34-"checked"-verb-0,"Checked"-tx-33-"checked"-verb-0]|TX|2671/7;2605/7|
00000000|MMI|7.36|Normal|C0205307|[qlco]|["NORMAL"-tx-20-"normal"-adj-0,"Unremarkable"-tx-18-"unremarkable"-adj-0]|TX|1652/6;1573/12|
00000000|MMI|7.34|Date of admission|C1302393|[tmco]|["Date of admission"-tx-7-"date of admission"-noun-0,"Admission date"-tx-1-"Admission Date"-noun-0]|TX|734/17;112/14|
00000000|MMI|7.23|Nausea Adverse Event|C1963179|[patf]|["Nausea"-tx-7-"nausea"-noun-0,"Nausea"-tx-2-"nausea"-noun-0]|TX|821/6;324/6|
00000000|MMI|7.13|Electrocardiogram: myocardial infarction (finding)|C0428953|[lbtr]|["MYOCARDIAL INFARCTION"-tx-28-"myocardial infarction"-noun-1,"MYOCARDIAL INFARCTION"-tx-1-"MYOCARDIAL INFARCTION"-noun-1]|TX|2192/21;214/21|
00000000|MMI|7.13|Myocardial Infarction ECG Assessment|C3810814|[diap]|["Myocardial Infarction"-tx-28-"myocardial infarction"-noun-0,"Myocardial Infarction"-tx-1-"MYOCARDIAL INFARCTION"-noun-0]|TX|2192/21;214/21|
00000000|MMI|7.13|Myocardial infarction:Finding:Point in time:^Patient:Ordinal|C2926063|[clna]|["Myocardial infarction"-tx-28-"myocardial infarction"-noun-0,"Myocardial infarction"-tx-1-"MYOCARDIAL INFARCTION"-noun-0]|TX|2192/21;214/21|
00000000|MMI|7.13|100%|C3817553|[qnco]|["100%"-tx-17-"100"-integer-0]|TX|[1482/3],[1529/3]|
00000000|MMI|7.10|30%|C3842588|[fndg]|["30%"-tx-35-"30"-fraction-0,"30%"-tx-14-"30"-fraction-0]|TX|2852/2;1359/2|
00000000|MMI|7.10|70%|C3842584|[fndg]|["70%"-tx-35-"70"-fraction-0,"70%"-tx-14-"70"-fraction-0]|TX|2849/2;1356/2|
00000000|MMI|7.10|Insulin Drug Class|C3714501|[horm,phsu]|["INSULIN"-tx-35-"insulin"-noun-0,"INSULIN"-tx-14-"insulin"-noun-0]|TX|2841/7;1348/7|
00000000|MMI|7.10|Insulin [EPC]|C1579433|[phsu]|["Insulin"-tx-35-"insulin"-noun-0,"Insulin"-tx-14-"insulin"-noun-0]|TX|2841/7;1348/7|
00000000|MMI|7.10|Recombinant Insulin|C1533581|[aapp,horm,phsu]|["INSULIN"-tx-35-"insulin"-noun-0,"INSULIN"-tx-14-"insulin"-noun-0]|TX|2841/7;1348/7|
00000000|MMI|7.08|Before|C0332152|[tmco]|["Prior to"-tx-29-"prior to"-prep-0,"Prior to"-tx-6-"prior to"-prep-0]|TX|2274/8;641/8|
00000000|MMI|7.05|Hospital environment|C1510665|[qlco]|["Hospital"-tx-43-"HOSPITAL"-noun-0,"Hospital"-tx-36-"Hospital"-noun-0]|TX|3158/8;2955/8|
00000000|MMI|7.03|Hour|C0439227|[tmco]|["HOURS"-tx-9-"hours"-noun-0,"HOURS"-tx-2-"hours"-noun-0]|TX|968/5;356/5|
00000000|MMI|7.03|Three|C0205449|[qnco]|["Three"-tx-9-"three"-word_numeral-0,"Three"-tx-2-"three"-word_numeral-0]|TX|962/5;350/5|
00000000|MMI|6.98|Usual|C3538928|[qlco]|["Usual"-tx-35-"usual"-adj-0,"Usual"-tx-6-"usual"-adj-0]|TX|2785/5;719/5|
00000000|MMI|6.97|10%|C3842590|[fndg]|["10%"-tx-41-"10"-fraction-0]|TX|[3101/2],[3112/2]|
00000000|MMI|6.97|97|C0439073|[inpr]|["97"-tx-41-"97"-integer-0]|TX|[3104/2],[3115/2]|
00000000|MMI|6.97|>97|C0439082|[qnco]|[">97"-tx-41-"97"-integer-0]|TX|[3104/2],[3115/2]|
00000000|MMI|6.97|Signature|C1519316|[inpr]|["Signed"-tx-1-"Signed"-noun-0]|TX|[97/6],[152/6]|
00000000|MMI|6.97|signed - ParticipationSignature|C1561610|[inpr]|["signed"-tx-1-"Signed"-noun-0]|TX|[97/6],[152/6]|
00000000|MMI|6.93|Plantago princeps|C2632076|[plnt]|["ale"-tx-43-"ALE"-noun-0,"ale"-tx-36-"Ale"-noun-0]|TX|3149/3;2946/3|
00000000|MMI|6.93|ale beer|C0678386|[food]|["ale"-tx-43-"ALE"-noun-0,"ale"-tx-36-"Ale"-noun-0]|TX|3149/3;2946/3|
00000000|MMI|6.77|Male population group|C0025266|[popg]|["Man"-tx-2-"man"-noun-0]|TX|288/3|M01.390
00000000|MMI|6.63|Heart|C0018787|[bpoc]|["Cardiac"-tx-3-"cardiac"-adj-0]|TX|368/7|A07.541
00000000|MMI|6.57|Periodicals|C0031082|[inpr]|["serial"-tx-28-"serial"-adj-0]|TX|2237/6|V02.690
00000000|MMI|5.18|1+|C3816745|[fndg]|["1+"-tx-41-"1"-integer-0]|TX|3122/1|
00000000|MMI|5.18|1+ Score|C2827734|[qnco]|["1+"-tx-41-"1"-integer-0]|TX|3122/1|
00000000|MMI|5.18|1+ Score, WHO|C2981698|[clas]|["1+"-tx-41-"1"-integer-0]|TX|3122/1|
00000000|MMI|5.18|Admission Level of Care Code - Improved|C1561611|[inpr]|["Improved"-tx-31-"improved"-verb-0]|TX|2469/8|
00000000|MMI|5.18|All extremities|C0278454|[bpoc]|["extremities"-tx-22-"Extremities"-noun-0]|TX|1750/11|
00000000|MMI|5.18|Amputation of toe (procedure)|C0188602|[topp]|["Toe amputation"-tx-12-"toe amputation"-noun-0]|TX|1236/14|
00000000|MMI|5.18|Bad|C0205169|[qlco]|["Poorly"-tx-6-"poorly"-adv-0]|TX|691/6|
00000000|MMI|5.18|Better|C0332272|[qlco]|["Improved"-tx-31-"improved"-verb-0]|TX|2469/8|
00000000|MMI|5.18|Cardiovascular|C3887460|[blor]|["CARDIOVASCULAR"-tx-20-"Cardiovascular"-adj-0]|TX|1623/14|
00000000|MMI|5.18|Cardiovascular system|C0007226|[bdsy]|["Cardiovascular"-tx-20-"Cardiovascular"-adj-0]|TX|1623/14|A07
00000000|MMI|5.18|Clubbing|C0149651|[sosy]|["CLUBBING"-tx-22-"clubbing"-noun-1]|TX|1766/8|
00000000|MMI|5.18|Congestive heart failure|C0018802|[dsyn]|["CONGESTIVE HEART FAILURE"-tx-26-"congestive heart failure"-noun-1]|TX|2066/24|
00000000|MMI|5.18|Delayed Release Dosage Form|C1707664|[bodm]|["DR"-tx-42-"DR"-noun-0]|TX|3125/2|
00000000|MMI|5.18|Denied (qualifier)|C0332319|[qlco]|["Denied"-tx-8-"denied"-verb-0]|TX|854/6|
00000000|MMI|5.18|Deny (action)|C2700401|[acty]|["Denied"-tx-8-"denied"-verb-0]|TX|854/6|
00000000|MMI|5.18|Device to Subject Relationship Domain|C3540849|[inpr]|["DR"-tx-42-"DR"-noun-0]|TX|3125/2|
00000000|MMI|5.18|Doctor - Title|C2348314|[cnce]|["Dr."-tx-42-"DR"-noun-0]|TX|3125/2|
00000000|MMI|5.18|Drink (dietary substance)|C0452428|[food]|["Drinks"-tx-16-"drinks"-verb-0]|TX|1431/6|
00000000|MMI|5.18|Edema:Finding:Point in time:^Patient:Ordinal|C1717255|[clna]|["Edema"-tx-22-"edema"-noun-0]|TX|1791/5|
00000000|MMI|5.18|Entire abdomen|C1281594|[bpoc]|["Abdomen"-tx-21-"Abdomen"-noun-0]|TX|1683/7|
00000000|MMI|5.18|Fourth toe structure|C1261102|[bpoc]|["Fourth Toe"-tx-23-"fourth toe"-noun-0]|TX|1803/10|
00000000|MMI|5.18|History of present illness|C0262512|[orga]|["HISTORY OF PRESENT ILLNESS"-tx-2-"HISTORY OF PRESENT ILLNESS"-noun-0]|TX|238/26|
00000000|MMI|5.18|History of present illness:Finding:Point in time:^Patient:Nominal:Reported|C0488508|[clna]|["History of present illness"-tx-2-"HISTORY OF PRESENT ILLNESS"-noun-0]|TX|238/26|
00000000|MMI|5.18|Hospital course|C0489547|[fndg]|["Hospital course"-tx-27-"HOSPITAL COURSE"-noun-0]|TX|2093/15|
00000000|MMI|5.18|Hospital course:Finding:Point in time:^Patient:Narrative|C0488549|[clna]|["Hospital course"-tx-27-"HOSPITAL COURSE"-noun-0]|TX|2093/15|
00000000|MMI|5.18|Hypertension Adverse Event|C1963138|[fndg]|["Hypertension"-tx-4-"hypertension"-noun-1]|TX|477/12|
00000000|MMI|5.18|Hyrex Brand of Dimenhydrinate|C0720930|[orch,phsu]|["hydrated"-tx-31-"hydrated"-verb-0]|TX|2441/8|
00000000|MMI|5.18|Improved|C0184511|[qlco]|["Improved"-tx-31-"improved"-verb-0]|TX|2469/8|
00000000|MMI|5.18|Increased sweating|C0700590|[sosy]|["DIAPHORESIS"-tx-8-"diaphoresis"-noun-1]|TX|861/11|
00000000|MMI|5.18|Laboratory test finding|C0587081|[fndg]|["Labs"-tx-24-"LABS"-noun-0]|TX|1830/4|
00000000|MMI|5.18|Male Gender, Self Report|C1706180|[qlco]|["Male Gender"-tx-3-"male gender"-noun-0]|TX|417/11|
00000000|MMI|5.18|Medical History|C0262926|[fndg]|["Past Medical History"-tx-12-"PAST MEDICAL HISTORY"-noun-0]|TX|1163/20|
00000000|MMI|5.18|Non-tender|C0520960|[qlco]|["Nontender"-tx-21-"nontender"-adj-0]|TX|1723/9|
00000000|MMI|5.18|On admission|C0457453|[tmco]|["On admission"-tx-14-"ON ADMISSION"-adj-0]|TX|1302/12|
00000000|MMI|5.18|Overnight|C0439583|[tmco]|["Overnight"-tx-31-"overnight"-adv-0]|TX|2450/9|
00000000|MMI|5.18|PAIN RADIATION:FINDING:POINT IN TIME:*:NOMINAL|C1508020|[clna]|["Pain radiation"-tx-8-"pain radiation"-noun-0]|TX|925/14|
00000000|MMI|5.18|PMH - past medical history|C0455458|[fndg]|["Past medical history"-tx-12-"PAST MEDICAL HISTORY"-noun-0]|TX|1163/20|
00000000|MMI|5.18|PSMD2 gene|C1419032|[gngm]|["S2"-tx-20-"S2"-noun-0]|TX|1666/2|
00000000|MMI|5.18|Pain NOS Adverse Event|C1962977|[fndg]|["Pain NOS"-tx-9-"pain"-noun-0]|TX|946/4|
00000000|MMI|5.18|Pain radiation|C1507012|[clna]|["Pain radiation"-tx-8-"pain radiation"-noun-0]|TX|925/14|
00000000|MMI|5.18|Palpitations|C0030252|[fndg]|["PALPITATIONS"-tx-8-"palpitations"-noun-1]|TX|907/12|
00000000|MMI|5.18|Palpitations Adverse Event|C3160712|[fndg]|["Palpitations"-tx-8-"palpitations"-noun-1]|TX|907/12|
00000000|MMI|5.18|Plain chest X-ray|C0039985|[diap]|["Chest X-ray"-tx-26-"Chest x-ray"-noun-0]|TX|2031/11|
00000000|MMI|5.18|RPS2 gene|C1419718|[gngm]|["S2"-tx-20-"S2"-noun-0]|TX|1666/2|
00000000|MMI|5.18|Receive|C1514756|[qlco]|["RECEIVED"-tx-11-"received"-verb-0]|TX|1080/8|
00000000|MMI|5.18|S2|C3812876|[fndg]|["S2"-tx-20-"S2"-noun-0]|TX|1666/2|
00000000|MMI|5.18|S2 innervation|C1179705|[blor]|["S2"-tx-20-"S2"-noun-0]|TX|1666/2|
00000000|MMI|5.18|SHORT STATURE, ONYCHODYSPLASIA, FACIAL DYSMORPHISM, AND HYPOTRICHOSIS SYNDROME|C3542022|[dsyn]|["SOFT"-tx-21-"soft"-adj-0]|TX|1716/4|
00000000|MMI|5.18|Shortness of breath:-:Point in time:^Patient:-|C2707305|[clna]|["Shortness of breath"-tx-8-"shortness of breath"-noun-0]|TX|875/19|
00000000|MMI|5.18|Social History|C3714536|[fndg]|["Social History"-tx-15-"SOCIAL HISTORY"-noun-0]|TX|1379/14|
00000000|MMI|5.18|Social and personal history|C0424945|[fndg]|["Social history"-tx-15-"SOCIAL HISTORY"-noun-0]|TX|1379/14|
00000000|MMI|5.18|Soft|C0205358|[qlco]|["Soft"-tx-21-"soft"-adj-0]|TX|1716/4|
00000000|MMI|5.18|Sometimes|C1998882|[tmco]|["Occasionally"-tx-16-"occasionally"-adv-0]|TX|1418/12|
00000000|MMI|5.18|Syncope (amphibian)|C3541349|[amph]|["Syncope"-tx-8-"syncope"-noun-0]|TX|897/7|
00000000|MMI|5.18|Testicular Cancer Serum Markers Test Result S2|C3812875|[lbtr]|["S2"-tx-20-"S2"-noun-0]|TX|1666/2|
00000000|MMI|5.18|Then|C1883708|[tmco]|["Then"-tx-11-"then"-adv-0]|TX|1106/4|
00000000|MMI|5.18|To|C1883351|[qlco]|["To"-tx-33-"to"-adv-0]|TX|2563/2|
00000000|MMI|5.18|Views:Finding:Point in time:Chest:Narrative:XR|C1114557|[clna]|["Chest X-ray"-tx-26-"Chest x-ray"-noun-0]|TX|2031/11|
00000000|MMI|5.18|Welsh population|C0043114|[popg]|["WELSH"-tx-43-"WELCH"-verb-0]|TX|3129/5|
00000000|MMI|5.18|amputated|C0231447|[fndg]|["Amputated"-tx-23-"amputated"-verb-0]|TX|1818/9|
00000000|MMI|4.19|Discharge to home|C0184713|[topp]|["Discharge to home"-tx-35-"discharged to home"-noun-0]|TX|2759/18|
00000000|MMI|4.12|Elevated creatine kinase|C0151576|[fndg]|["elevated cpk"-tx-33-"elevated CPKs"-noun-0]|TX|2579/13|
00000000|MMI|3.88|Family history of coronary arteriosclerosis|C2317524|[fndg]|["Family History of Coronary Artery Disease"-tx-4-"family history of coronary artery disease"-noun-1]|TX|503/41|
00000000|MMI|3.75|Bowel sounds|C0232693|[fndg]|["Bowel sounds"-tx-21-"bowel sounds"-noun-0]|TX|1701/12|
00000000|MMI|3.75|Breaths:Number = Count/Time:Point in time:Respiratory system:Quantitative|C0489258|[clna]|["Respiratory rate"-tx-17-"respiratory rate"-noun-0]|TX|1496/16|
00000000|MMI|3.75|Discharge date|C2361123|[tmco]|["Discharge date"-tx-1-"Discharge Date"-noun-0]|TX|159/14|
00000000|MMI|3.75|Discharge date:Time Stamp -- Date and Time:Point in time:^Patient:Quantitative|C2361122|[clna]|["Discharge date"-tx-1-"Discharge Date"-noun-0]|TX|159/14|
00000000|MMI|3.75|risk factors - observation list|C1553898|[inpr]|["risk factors"-tx-3-"risk factors"-noun-0]|TX|376/12|
00000000|MMI|3.68|Liver function tests normal|C0438235|[fndg]|["Liver function tests normal"-tx-24-"liver function tests normal"-noun-0]|TX|1896/20,1924/6|
00000000|MMI|3.68|% index|C1637833|[qnco]|["% index"-tx-40-"Index"-noun-0]|TX|3075/5|
00000000|MMI|3.68|Attending (action)|C1999232|[ftcn]|["attending"-tx-38-"Attending"-noun-0]|TX|3009/9|
00000000|MMI|3.68|Attending (provider role)|C1547429|[prog]|["Attending"-tx-38-"Attending"-noun-0]|TX|3009/9|
00000000|MMI|3.68|Blood pressure finding|C1271104|[fndg]|["Blood Pressure"-tx-17-"blood pressure"-noun-0]|TX|1535/14|
00000000|MMI|3.68|Creatinine finding|C1561535|[fndg]|["Creatinine"-tx-24-"creatinine"-noun-0]|TX|1881/10|
00000000|MMI|3.68|Daily|C0332173|[tmco]|["/day"-tx-31-"day"-noun-0]|TX|2492/3|
00000000|MMI|3.68|Html Link Type - index|C1552854|[idcn]|["index"-tx-40-"Index"-noun-0]|TX|3075/5|
00000000|MMI|3.68|Index|C0918012|[inpr]|["Index"-tx-40-"Index"-noun-0]|TX|3075/5|
00000000|MMI|3.68|Medical Examination|C0582103|[hlca]|["Exam"-tx-18-"exam"-noun-0]|TX|1564/4|
00000000|MMI|3.68|S1|C3715215|[fndg]|["S1"-tx-20-"S1"-noun-0]|TX|1659/2|
00000000|MMI|3.68|Testicular Cancer Serum Markers Test Result S1|C3814877|[lbtr]|["S1"-tx-20-"S1"-noun-0]|TX|1659/2|
00000000|MMI|3.68|per day|C0439505|[tmco]|["/day"-tx-31-"day"-noun-0]|TX|2492/3|
00000000|MMI|3.65|Principal Diagnosis:-:Point in time:^Patient:-|C2598194|[clna]|["Principal Diagnosis"-tx-1-"PRINCIPAL DIAGNOSIS"-noun-0]|TX|184/19|
00000000|MMI|3.65|Principal diagnosis|C0332137|[qlco]|["Principal Diagnosis"-tx-1-"PRINCIPAL DIAGNOSIS"-noun-0]|TX|184/19|
00000000|MMI|3.65|Report status|C0586177|[fndg]|["Report status"-tx-1-"Report Status"-noun-1]|TX|137/13|
00000000|MMI|3.64|Chest pain:Finding:Point in time:^Patient:Ordinal|C2926613|[clna]|["Chest pain"-tx-2-"chest pain"-noun-0]|TX|311/10|
00000000|MMI|3.63|0%|C3842591|[fndg]|["0%"-tx-24-"0"-real_number-0]|TX|1949/1|
00000000|MMI|3.63|Academic degree|C0542560|[inpr]|["degrees"-tx-17-"degrees"-noun-0]|TX|1486/7|
00000000|MMI|3.63|Degree or extent|C0449286|[qnco]|["degrees"-tx-17-"degrees"-noun-0]|TX|1486/7|
00000000|MMI|3.63|Hematocrit level|C0518014|[fndg]|["Hematocrit"-tx-24-"hematocrit"-noun-0]|TX|1854/10|
00000000|MMI|3.62|Admission date:Time Stamp -- Date and Time:Point in time:^Patient:Quantitative|C2598112|[clna]|["Admission date"-tx-1-"Admission Date"-noun-0]|TX|112/14|
00000000|MMI|3.61|90%|C3842582|[fndg]|["90%"-tx-17-"90"-fraction-0]|TX|1550/2|
00000000|MMI|3.61|<90|C0439087|[qnco]|["<90"-tx-17-"90"-fraction-0]|TX|1550/2|
00000000|MMI|3.61|>90|C0439083|[qnco]|[">90"-tx-17-"90"-fraction-0]|TX|1550/2|
00000000|MMI|3.61|Batch (Response Modality)|C1550176|[inpr]|["Batch"-tx-40-"Batch"-noun-0]|TX|3063/5|
00000000|MMI|3.61|Batch (group)|C1948031|[qnco]|["Batch"-tx-40-"Batch"-noun-0]|TX|3063/5|
00000000|MMI|3.61|Batch Number|C3641829|[inpr]|["BATCH"-tx-40-"Batch"-noun-0]|TX|3063/5|
00000000|MMI|3.61|C-Circle|C3538933|[celc]|["CC"-tx-41-"CC"-noun-0]|TX|3118/2|
00000000|MMI|3.61|Caucasians|C0043157|[popg]|["WHITE"-tx-24-"White"-adj-0]|TX|1836/5|
00000000|MMI|3.61|Count|C0750480|[qnco]|["Count"-tx-24-"count"-noun-0]|TX|1842/5|
00000000|MMI|3.61|Count Dosing Unit|C1705566|[qnco]|["COUNT"-tx-24-"count"-noun-0]|TX|1842/5|
00000000|MMI|3.61|White color|C0220938|[qlco]|["WHITE"-tx-24-"White"-adj-0]|TX|1836/5|
00000000|MMI|3.61|Sinus Tachycardia Adverse Event|C1963246|[fndg]|["Sinus tachycardia"-tx-25-"sinus tachycardia"-noun-1]|TX|1994/17|
00000000|MMI|3.61|continuous electrocardiogram sinus tachycardia|C2108109|[fndg]|["Sinus Tachycardia"-tx-25-"sinus tachycardia"-noun-1]|TX|1994/17|
00000000|MMI|3.59|23|C0450348|[qnco]|["23"-tx-1-"23"-fraction-0]|TX|42/2|
00000000|MMI|3.59|Pyrexia of unknown origin (excl puerperal)|C0856281|[sosy]|["puo"-tx-1-"PUO"-noun-0]|TX|12/3|
00000000|MMI|3.59|Chest tightness|C0232292|[sosy]|["Chest tightness"-tx-7-"chest tightness"-noun-0]|TX|800/15|
00000000|MMI|3.59|Clear|C2963144|[qlco]|["Clear"-tx-19-"clear"-adj-0]|TX|1599/5|
00000000|MMI|3.59|Evidence|C3887511|[idcn]|["Evidence"-tx-30-"evidence"-noun-0]|TX|2333/8|
00000000|MMI|3.59|Hydration status|C1321013|[fndg]|["Hydration"-tx-32-"hydration"-noun-1]|TX|2544/9|
00000000|MMI|3.59|Negative Surgical Margin|C1709157|[fndg]|["Clear"-tx-19-"clear"-adj-0]|TX|1599/5|
00000000|MMI|3.59|Resolution|C2699488|[cnce]|["Resolved"-tx-32-"resolved"-verb-0]|TX|2530/8|
00000000|MMI|3.59|Resolved|C3714811|[fndg]|["Resolved"-tx-32-"resolved"-verb-0]|TX|2530/8|
00000000|MMI|3.59|Resolved License|C3897700|[ftcn]|["Resolved"-tx-32-"resolved"-verb-0]|TX|2530/8|
00000000|MMI|3.59|physiologic resolution|C1514893|[patf]|["Resolved"-tx-32-"resolved"-verb-0]|TX|2530/8|
00000000|MMI|3.58|Discharge time|C3864299|[tmco]|["Discharge time"-tx-33-"time discharge"-noun-0]|TX|2635/4,2643/9|
00000000|MMI|3.58|Discharge time:ClockTime:Pt:^Patient:Qn|C3864300|[clna]|["Discharge time"-tx-33-"time discharge"-noun-0]|TX|2635/4,2643/9|
00000000|MMI|3.58|Clinical Study Follow-up|C3274571|[hlca]|["FOLLOW-UP"-tx-36-"follow up"-adj-0]|TX|2891/9|
00000000|MMI|3.58|Follow-Up Report|C1704685|[inpr]|["Follow-Up"-tx-36-"follow up"-adj-0]|TX|2891/9|
00000000|MMI|3.58|Follow-up status|C0589120|[fndg]|["Follow-up"-tx-36-"follow up"-adj-0]|TX|2891/9|
00000000|MMI|3.58|follow-up|C1522577|[hlca]|["Follow Up"-tx-36-"follow up"-adj-0]|TX|2891/9|
00000000|MMI|3.57|Body Fluid Discharge|C0012621|[bdsu]|["Discharge"-tx-29-"discharge"-noun-0]|TX|2283/9|
00000000|MMI|3.57|Discharge, body substance|C2926602|[bdsu]|["Discharge"-tx-29-"discharge"-noun-0]|TX|2283/9|
00000000|MMI|3.57|Done (qualifier value)|C1272695|[qlco]|["Done"-tx-29-"done"-aux-0]|TX|2269/4|
00000000|MMI|3.57|Presentation|C0449450|[idcn]|["Presented"-tx-2-"presented"-verb-0]|TX|296/9|
00000000|MMI|3.57|Vomiting Adverse Event|C1963281|[patf]|["Vomiting"-tx-2-"vomiting"-noun-0]|TX|337/8|
00000000|MMI|3.55|Intake|C1512806|[ftcn]|["Intake"-tx-30-"intake"-noun-0]|TX|2408/6|
00000000|MMI|3.55|Medical|C0205476|[ftcn]|["Medical"-tx-27-"Medical"-adj-0]|TX|2142/7|
00000000|MMI|3.55|Medical service|C0199168|[hlca]|["Medical"-tx-27-"Medical"-adj-0]|TX|2142/7|
00000000|MMI|3.55|dictated - DocumentCompletion|C1609990|[idcn]|["Dictated"-tx-36-"Dictated"-noun-0]|TX|2964/8|
00000000|MMI|3.55|dictated - ParticipationMode|C1548384|[ftcn]|["dictated"-tx-36-"Dictated"-noun-0]|TX|2964/8|
00000000|MMI|3.54|Clinical trial protocol document|C1507394|[inpr]|["Protocol"-tx-28-"protocol"-noun-0]|TX|2214/8|
00000000|MMI|3.54|Library Protocol|C1522729|[inpr]|["Protocol"-tx-28-"protocol"-noun-0]|TX|2214/8|
00000000|MMI|3.54|Protocol - answer to question|C3715209|[fndg]|["Protocol"-tx-28-"protocol"-noun-1]|TX|2214/8|
00000000|MMI|3.54|Protocols documentation|C0442711|[inpr]|["Protocol"-tx-28-"protocol"-noun-0]|TX|2214/8|
00000000|MMI|3.54|Study Protocol|C2348563|[inpr]|["Protocol"-tx-28-"protocol"-noun-0]|TX|2214/8|
00000000|MMI|3.54|Last|C1517741|[qlco]|["Last"-tx-9-"lasted"-verb-0]|TX|951/6|
00000000|MMI|3.50|Following|C0332282|[tmco]|["Following"-tx-31-"following"-adj-0]|TX|2482/9|
00000000|MMI|3.50|Gait normal|C0231683|[fndg]|["Normal"-tx-20-"normal"-adj-0]|TX|1652/6|
00000000|MMI|3.50|HEENT|C1512338|[blor]|["HEENT"-tx-18-"HEENT"-noun-0]|TX|1558/5|
00000000|MMI|3.50|Mean Percent of Normal|C2347086|[qnco]|["% Normal"-tx-20-"normal"-adj-0]|TX|1652/6|
00000000|MMI|3.50|Percent normal|C0439166|[qnco]|["% normal"-tx-20-"normal"-adj-0]|TX|1652/6|
00000000|MMI|3.50|Status post|C0231290|[tmco]|["Following"-tx-31-"following"-adj-0]|TX|2482/9|
00000000|MMI|3.49|5 - 9|C3840622|[fndg]|["5 - 9"-tx-1-"5/9"-fraction-0]|TX|175/3|
00000000|MMI|3.48|Cardiac - anatomy qualifier|C1522601|[spco]|["Cardiac"-tx-3-"cardiac"-adj-0]|TX|368/7|
00000000|MMI|3.48|Firstly|C1279901|[qlco]|["Initial"-tx-11-"initial"-adj-0]|TX|1018/7|
00000000|MMI|3.48|Initial (abbreviation)|C1555582|[idcn]|["Initial"-tx-11-"initial"-adj-0]|TX|1018/7|
00000000|MMI|3.48|Initial Usage|C1705685|[ftcn]|["INITIAL"-tx-11-"initial"-adj-0]|TX|1018/7|
00000000|MMI|3.48|Initially|C0205265|[tmco]|["Initial"-tx-11-"initial"-adj-0]|TX|1018/7|
00000000|MMI|3.48|Known|C0205309|[qlco]|["Known"-tx-13-"known"-adj-0]|TX|1267/5|
00000000|MMI|3.48|Positive Charge|C2825490|[qlco]|["Positive"-tx-21-"Positive"-adj-0]|TX|1692/8|
00000000|MMI|3.48|Positive Finding|C1514241|[fndg]|["POSITIVE"-tx-21-"Positive"-adj-0]|TX|1692/8|
00000000|MMI|3.48|Positive Number|C3812269|[cnce]|["Positive"-tx-21-"Positive"-adj-0]|TX|1692/8|
00000000|MMI|3.48|percent positive cells|C0439178|[qnco]|["% Positive"-tx-21-"Positive"-adj-0]|TX|1692/8|
00000000|MMI|3.47|Old|C0580836|[tmco]|["Old"-tx-2-"old"-noun-0]|TX|284/3|
00000000|MMI|3.47|per year|C0439508|[tmco]|["/Year"-tx-2-"year"-noun-0]|TX|279/4|
00000000|MMI|3.46|+2|C0740116|[qnco]|["+2"-tx-1-"2"-fraction-0]|TX|128/1|
00000000|MMI|3.46|2+|C3833492|[fndg]|["2+"-tx-1-"2"-fraction-1]|TX|128/1|
00000000|MMI|3.46|2+ Score|C2827735|[qnco]|["2+"-tx-1-"2"-fraction-0]|TX|128/1|
00000000|MMI|3.46|2+ Score, WHO|C2981700|[clas]|["2+"-tx-1-"2"-fraction-0]|TX|128/1|
00000000|MMI|3.45|Diagnostic interview schedule|C0451119|[inpr]|["DIS"-tx-1-"DIS"-noun-0]|TX|106/3|
00000000|MMI|3.45|Discontinued|C1444662|[fndg]|["DIS"-tx-1-"DIS"-noun-1]|TX|106/3|
00000000|MMI|3.45|Humulin insulin|C0020171|[aapp,horm,phsu]|["humulin"-tx-14-"Humulin"-noun-0]|TX|1316/7|
00000000|MMI|3.45|Myocardial|C1522564|[spco]|["Myocardial"-tx-1-"MYOCARDIAL"-adj-0]|TX|73/10|
00000000|MMI|3.44|Vomitus|C0042965|[bdsu]|["Vomit"-tx-7-"vomit"-noun-0]|TX|843/5|
00000000|MMI|3.43|Borg Category-Ratio 10 Perceived Exertion Score 5|C4050466|[inpr]|["Severe"-tx-7-"severe"-adj-0]|TX|793/6|
00000000|MMI|3.43|Limited (extensiveness)|C0439801|[ftcn]|["limits"-tx-24-"limits"-noun-0]|TX|1931/6|
00000000|MMI|3.43|Severe (severity modifier)|C0205082|[qlco]|["SEVERE"-tx-7-"severe"-adj-0]|TX|793/6|
00000000|MMI|3.43|Severe Extremity Pain|C4050465|[inpr]|["Severe"-tx-7-"severe"-adj-0]|TX|793/6|
00000000|MMI|3.42|Poor - grade value|C0542537|[qlco]|["Poor"-tx-30-"poor"-adj-0]|TX|2398/4|
00000000|MMI|3.42|Poor - qualifier|C2700379|[qlco