00000000|MMI|78.93|Patients|C0030705|[podg]|["*^patient"-tx-22-"patient"-noun-0,"*^patient"-tx-21-"patient"-noun-0,"*^patient"-tx-18-"patient"-noun-0,"*^patient"-tx-15-"patient"-noun-0,"*^patient"-tx-14-"patient"-noun-0,"*^patient"-tx-12-"patient"-noun-0,"*^patient"-tx-11-"patient"-noun-0,"*^patient"-tx-3-"patient"-noun-0,"*^patient"-tx-2-"patient"-noun-0]|TX|2485/7;2386/7;2116/7;1885/7;1620/7;1372/7;1317/7;413/7;255/7|M01.643
00000000|MMI|45.34|Cold Temperature|C0009264|[npop]|["Low temperature"-tx-22-"low temperature"-noun-0,"Cold"-tx-3-"cold"-noun-0]|TX|2569/3,2579/11;470/4|G01.906.595.272;G16.500.275.063.725.710.300;G16.500.750.775.710.300;N06.230.300.100.725.154;N06.230.300.100.725.710.300
00000000|MMI|44.30|Abortion consent:Finding:Point in time:^Patient:Document|C2360836|[clna]|["Patient"-tx-22-"patient"-noun-0,"Patient"-tx-21-"patient"-noun-0,"Patient"-tx-18-"patient"-noun-0,"Patient"-tx-15-"patient"-noun-0,"Patient"-tx-14-"patient"-noun-0,"Patient"-tx-12-"patient"-noun-0,"Patient"-tx-11-"patient"-noun-0,"Patient"-tx-3-"patient"-noun-0,"Patient"-tx-2-"patient"-noun-0]|TX|2485/7;2386/7;2116/7;1885/7;1620/7;1372/7;1317/7;413/7;255/7|
00000000|MMI|44.30|Hysterectomy consent:Finding:Point in time:^Patient:Document|C2360838|[clna]|["Patient"-tx-22-"patient"-noun-0,"Patient"-tx-21-"patient"-noun-0,"Patient"-tx-18-"patient"-noun-0,"Patient"-tx-15-"patient"-noun-0,"Patient"-tx-14-"patient"-noun-0,"Patient"-tx-12-"patient"-noun-0,"Patient"-tx-11-"patient"-noun-0,"Patient"-tx-3-"patient"-noun-0,"Patient"-tx-2-"patient"-noun-0]|TX|2485/7;2386/7;2116/7;1885/7;1620/7;1372/7;1317/7;413/7;255/7|
00000000|MMI|44.30|Sterilization consent:Finding:Point in time:^Patient:Document|C2360840|[clna]|["Patient"-tx-22-"patient"-noun-0,"Patient"-tx-21-"patient"-noun-0,"Patient"-tx-18-"patient"-noun-0,"Patient"-tx-15-"patient"-noun-0,"Patient"-tx-14-"patient"-noun-0,"Patient"-tx-12-"patient"-noun-0,"Patient"-tx-11-"patient"-noun-0,"Patient"-tx-3-"patient"-noun-0,"Patient"-tx-2-"patient"-noun-0]|TX|2485/7;2386/7;2116/7;1885/7;1620/7;1372/7;1317/7;413/7;255/7|
00000000|MMI|39.29|Oral cavity|C0226896|[bsoj]|["MOUTH"-tx-10-"mouth"-noun-0]|TX|[1111/5],[1156/5],[1198/5]|A01.456.505.631;A03.556.500;A14.549
00000000|MMI|39.21|Patient Discharge|C0030685|[hlca]|["Discharge"-tx-22-"discharge"-noun-0]|TX|[2506/9],[2617/9]|E02.204.125;E02.760.400.610;N02.421.192.125;N02.421.585.400.610;N04.590.233.727.210.125
00000000|MMI|38.95|Ciprofloxacin|C0008809|[orch,phsu]|["CIPROFLOXACIN"-tx-23-"ciprofloxacin"-noun-0,"CIPROFLOXACIN"-tx-10-"ciprofloxacin"-noun-0]|TX|2726/13;1268/13|D03.438.810.835.322.186
00000000|MMI|35.81|Togo|C0040363|[geoa]|["TO"-tx-19-"to"-adv-0,"TO"-tx-16-"to"-adv-0]|TX|2169/2;1966/2|Z01.058.290.190.800
00000000|MMI|35.81|Tryptophanase|C0041260|[aapp,enzy]|["TO"-tx-19-"to"-adv-0,"TO"-tx-16-"to"-adv-0]|TX|2169/2;1966/2|D08.811.520.224.800
00000000|MMI|33.22|Cardiac Catheterization Procedures|C0018795|[hlca]|["Cardiac catheterisation"-tx-6-"cardiac catheterization"-noun-0,"Cardiac catheterisation"-tx-2-"cardiac catheterization"-noun-0]|TX|656/23;383/23|E01.370.370.380.140;E02.148.442;E05.157.250
00000000|MMI|32.74|Exercise stress test|C0015260|[diap]|["Exercise tolerance test NOS"-tx-4-"exercise tolerance test"-noun-0,"Exercise tolerance test NOS"-tx-2-"exercise tolerance test"-noun-0]|TX|521/23;322/23|E01.370.370.380.250;E01.370.386.700.250;E05.333.250
00000000|MMI|30.42|Aspirin|C0004057|[orch,phsu]|["ASPIRIN"-tx-10-"aspirin"-noun-0]|TX|1256/7|D02.455.426.559.389.657.410.595.176
00000000|MMI|28.74|Obesity|C0028754|[dsyn]|["OBESE"-tx-12-"obese"-adj-0]|TX|1387/5|C18.654.726.500;C23.888.144.699.500;E01.370.600.115.100.160.120.699.500;G07.100.100.160.120.699.500
00000000|MMI|27.40|Time|C0040223|[tmco]|["TIME"-tx-16-"time"-noun-0,"times"-tx-14-"times"-noun-0,"times"-tx-10-"times"-noun-0,"TIME"-tx-2-"time"-noun-0]|TX|2032/4;1722/5;1298/5;365/4|G01.910
00000000|MMI|22.51|Surgical aspects|C0038895|[ftcn]|["surgery"-tx-14-"surgery"-noun-0]|TX|1641/7|x.x.x.x.x.x.x
00000000|MMI|20.95|Colace|C0282139|[orch,phsu]|["Colace"-tx-10-"Colace"-noun-0]|TX|1247/6|D02.241.081.337.759.249
00000000|MMI|19.94|Males|C0086582|[orga]|["MALE"-tx-12-"male"-noun-0,"MALE"-tx-2-"male"-noun-0]|TX|1393/4;280/4|x.x.x
00000000|MMI|19.38|Temperature|C0039476|[qnco]|["*Temperature"-tx-22-"temperature"-noun-0]|TX|2579/11|G01.906.595;G16.500.275.063.725.710;G16.500.750.775.710;N06.230.150.450;N06.230.300.100.725.710
00000000|MMI|19.20|Vasotec|C0728763|[aapp,phsu]|["Vasotec"-tx-10-"Vasotec"-noun-0]|TX|1132/7|D12.644.456.345.360.300
00000000|MMI|19.20|Atenolol|C0004147|[orch,phsu]|["ATENOLOL"-tx-10-"atenolol"-noun-0]|TX|1172/8|D02.033.100.624.698.070;D02.033.755.624.698.070;D02.092.063.624.698.070
00000000|MMI|17.80|Coronary Arteriosclerosis|C0010054|[dsyn]|["coronary artery disease"-tx-1-"coronary artery disease"-noun-0]|TX|225/23|C14.280.647.250.260;C14.907.137.126.339;C14.907.585.250.260
00000000|MMI|17.80|Coronary Artery Disease|C1956346|[dsyn]|["CORONARY ARTERY DISEASE"-tx-1-"coronary artery disease"-noun-0]|TX|225/23|C14.280.647.250.260;C14.907.137.126.339;C14.907.585.250.260
00000000|MMI|17.80|Electrocardiogram|C0013798|[fndg]|["Electrocardiograms"-tx-20-"electrocardiograms"-noun-0]|TX|2309/18|E01.370.370.380.240;E01.370.405.240
00000000|MMI|16.30|Diabetes Mellitus, Non-Insulin-Dependent|C0011860|[dsyn]|["Adult Onset Diabetes"-tx-9-"adult-onset diabetes"-noun-0]|TX|1008/20|C18.452.394.750.149;C19.246.300
00000000|MMI|16.23|Body Temperature|C0005903|[orga]|["temperature"-tx-22-"temperature"-noun-0]|TX|2579/11|E01.370.600.875.374;G07.110
00000000|MMI|16.09|Saint Lucia|C0036056|[geoa]|["ST"-tx-17-"ST"-noun-0]|TX|2083/2|Z01.107.084.900.825;Z01.639.880.825
00000000|MMI|16.05|Diabeta|C0700718|[orch,phsu]|["DiaBeta"-tx-10-"Diabeta"-noun-0]|TX|1086/7|D02.886.590.795.575;D02.948.828.575
00000000|MMI|16.04|Sternum|C0038293|[bpoc]|["STERNUM"-tx-16-"sternum"-noun-0]|TX|2040/7|A02.835.232.904.766
00000000|MMI|16.04|Hypokinesia|C0086439|[sosy]|["Hypokinetic"-tx-7-"hypokinetic"-adj-0]|TX|849/11|C10.597.350.400;C23.888.592.350.400
00000000|MMI|15.79|Doctor of Medicine|C1512018|[inpr]|["M.D."-tx-29-"M.D"-noun-0,"M.D."-tx-27-"M.D"-noun-0,"M.D."-tx-25-"M.D"-noun-0]|TX|2942/3;2902/3;2810/3|
00000000|MMI|14.64|Allopurinol|C0002144|[orch,phsu]|["ALLOPURINOL"-tx-10-"allopurinol"-noun-0]|TX|1233/11|D03.438.759.160
00000000|MMI|14.64|Congenital Heart Defects|C0018798|[cgab]|["Cardiac abnormalities"-tx-12-"cardiac abnormalities"-noun-1]|TX|1445/21|C14.240.400;C14.280.400;C16.131.240.400
00000000|MMI|14.64|Coronary heart disease|C0010068|[dsyn]|["Coronary (artery) disease"-tx-1-"coronary artery disease"-noun-0]|TX|225/23|C14.280.647.250;C14.907.585.250
00000000|MMI|14.64|Dyspnea|C0013404|[sosy]|["SHORTNESS OF BREATH"-tx-19-"shortness of breath"-noun-0]|TX|2241/19|C08.618.326;C23.888.852.371
00000000|MMI|14.64|ferrous sulfate|C0060282|[inch,phsu]|["Iron sulphate"-tx-10-"iron sulfate"-noun-0]|TX|1218/12|x.x.x.x
00000000|MMI|13.06|Dental Occlusion|C0011382|[ortf]|["Occlusion"-tx-6-"occlusion"-noun-0]|TX|795/9|E06.276;G10.549.235.202
00000000|MMI|13.05|Code Blue|C0150518|[topp]|["Code Blue"-tx-21-"Code Blue"-noun-0]|TX|2410/9|E02.365.647.110
00000000|MMI|13.05|General surgery specialty|C1274039|[bmod]|["Surgery"-tx-14-"surgery"-noun-0]|TX|1641/7|H02.403.810.300
00000000|MMI|13.01|Common Cold|C0009443|[dsyn]|["Cold"-tx-3-"cold"-noun-0]|TX|470/4|C02.782.687.207;C08.730.162
00000000|MMI|13.00|physiological aspects|C0031843|[phsf]|["function"-tx-7-"function"-noun-0]|TX|878/8|x.x.x.x
00000000|MMI|12.96|Thallium|C0039738|[elii]|["THALLIUM"-tx-5-"thallium"-noun-0]|TX|582/8|D01.268.556.847;D01.552.544.847;x.x.x.x
00000000|MMI|12.90|Chest|C0817096|[blor]|["CHEST"-tx-19-"chest"-noun-0]|TX|2225/5|A01.923.761;A02.835.232.904
00000000|MMI|12.90|Saphenous Vein|C0036186|[bpoc]|["SAPHENOUS VEIN"-tx-23-"saphenous vein"-noun-0]|TX|2669/14|A07.231.908.819
00000000|MMI|11.73|day|C0439228|[tmco]|["DAY"-tx-10-"day"-noun-0,"DAYS"-tx-10-"days"-noun-0]|TX|[1166/3],[1212/3];1306/4|
00000000|MMI|11.49|Hypertensive disease|C0020538|[dsyn]|["HYPERTENSION"-tx-9-"hypertension"-noun-0]|TX|991/12|C14.907.489
00000000|MMI|11.49|Physical Examination|C0031809|[hlca]|["PHYSICAL EXAMINATION"-tx-12-"PHYSICAL EXAMINATION"-noun-0]|TX|1346/20|E01.370.600
00000000|MMI|11.48|Normal|C0205307|[qlco]|["NORMAL"-tx-20-"normal"-adj-0,"NORMAL"-tx-13-"normal"-adj-0,"Unremarkable"-tx-12-"unremarkable"-adj-0]|TX|2333/6;1530/6;1427/12|
00000000|MMI|10.84|milligram|C0439210|[qnco]|["milligrams"-tx-10-"milligrams"-noun-0]|TX|[1097/10],[1142/10],[1184/10]|
00000000|MMI|10.45|Entire mouth region|C1267547|[blor]|["Mouth, NOS"-tx-10-"mouth"-noun-0]|TX|[1111/5],[1156/5],[1198/5]|
00000000|MMI|10.45|Entire oral cavity|C1278910|[blor]|["Mouth"-tx-10-"mouth"-noun-0]|TX|[1111/5],[1156/5],[1198/5]|
00000000|MMI|10.45|Oral region|C0230028|[blor]|["Mouth"-tx-10-"mouth"-noun-0]|TX|[1111/5],[1156/5],[1198/5]|
00000000|MMI|10.42|Daily|C0332173|[tmco]|["/day"-tx-10-"day"-noun-0]|TX|[1166/3],[1212/3]|
00000000|MMI|10.42|To|C1883351|[qlco]|["To"-tx-19-"to"-adv-0,"To"-tx-16-"to"-adv-0]|TX|2169/2;1966/2|
00000000|MMI|10.42|per day|C0439505|[tmco]|["/day"-tx-10-"day"-noun-0]|TX|[1166/3],[1212/3]|
00000000|MMI|10.06|Drug Allergy|C0013182|[dsyn]|["Drug Allergies"-tx-8-"drug allergies"-noun-1]|TX|945/14|C20.543.206;C25.100.468
00000000|MMI|9.99|enzymology|C0014445|[ftcn]|["enzymes"-tx-20-"enzymes"-noun-0]|TX|2297/7|x.x.x
00000000|MMI|9.88|Reperfusion Therapy|C0035124|[topp]|["Reperfusion"-tx-5-"reperfusion"-noun-0]|TX|603/11|E04.100.700;E05.680.730
00000000|MMI|9.86|Upper Respiratory Infections|C0041912|[dsyn]|["Cold"-tx-3-"cold"-noun-0]|TX|470/4|C01.539.739;C08.730
00000000|MMI|9.85|Erythema|C0041834|[dsyn]|["ERYTHEMA"-tx-23-"erythema"-noun-0]|TX|2644/8|C17.800.229
00000000|MMI|8.34|Electrolytes|C0013832|[inch,phsu]|["ELECTROLYTES"-tx-13-"Electrolytes"-noun-0]|TX|1512/12|D01.248
00000000|MMI|8.34|Hypersensitivity|C0020517|[patf]|["Allergies"-tx-8-"ALLERGIES"-noun-0]|TX|922/9|C20.543
00000000|MMI|8.34|Lung|C0024109|[bpoc]|["LUNGS"-tx-12-"lungs"-noun-0]|TX|1469/5|A04.411
00000000|MMI|8.00|Show|C1547282|[anim]|["Show"-tx-6-"showed"-verb-0,"Show"-tx-5-"showed"-verb-0]|TX|695/6;596/6|
00000000|MMI|7.70|Gait normal|C0231683|[fndg]|["Normal"-tx-20-"normal"-adj-0,"Normal"-tx-13-"normal"-adj-0]|TX|2333/6;1530/6|
00000000|MMI|7.70|Mean Percent of Normal|C2347086|[qnco]|["% Normal"-tx-20-"normal"-adj-0,"% Normal"-tx-13-"normal"-adj-0]|TX|2333/6;1530/6|
00000000|MMI|7.70|Percent normal|C0439166|[qnco]|["% normal"-tx-20-"normal"-adj-0,"% normal"-tx-13-"normal"-adj-0]|TX|2333/6;1530/6|
00000000|MMI|7.62|Episode of|C0332189|[tmco]|["Episode"-tx-21-"episode"-noun-0,"Episode of"-tx-19-"episode of"-noun-0]|TX|2347/7;2214/10|
00000000|MMI|7.49|Admission activity|C0809949|[hlca]|["Admission"-tx-6-"admission"-noun-0,"Admitted"-tx-2-"admitted"-verb-0]|TX|685/9;348/8|
00000000|MMI|7.49|Body Fluid Discharge|C0012621|[bdsu]|["Discharge"-tx-22-"discharge"-noun-0]|TX|[2506/9],[2617/9]|
00000000|MMI|7.49|Discharge, body substance|C2926602|[bdsu]|["Discharge"-tx-22-"discharge"-noun-0]|TX|[2506/9],[2617/9]|
00000000|MMI|7.49|Hospital admission|C0184666|[hlca]|["Admission"-tx-6-"admission"-noun-0,"admitted"-tx-2-"admitted"-verb-0]|TX|685/9;348/8|
00000000|MMI|7.44|Tightness sensation quality|C0439816|[qlco]|["Tight"-tx-19-"tight"-adj-0,"Tight"-tx-16-"tight"-adj-0]|TX|2231/5;2019/5|
00000000|MMI|7.44|Tights|C0453911|[mnob]|["tight"-tx-19-"tight"-adj-0,"tight"-tx-16-"tight"-adj-0]|TX|2231/5;2019/5|
00000000|MMI|7.43|Left|C0205091|[spco]|["LEFT"-tx-14-"left"-noun-0,"LEFT"-tx-14-"left"-verb-0]|TX|[1735/4],[1798/4];[1735/4],[1798/4]|
00000000|MMI|7.43|Left sided|C0443246|[spco]|["Left"-tx-14-"left"-noun-0,"Left"-tx-14-"left"-verb-0]|TX|[1735/4],[1798/4];[1735/4],[1798/4]|
00000000|MMI|7.43|Table Cell Horizontal Align - left|C1552822|[ftcn]|["left"-tx-14-"left"-noun-0,"left"-tx-14-"left"-verb-0]|TX|[1735/4],[1798/4];[1735/4],[1798/4]|
00000000|MMI|7.36|Good|C0205170|[qlco]|["Well"-tx-18-"well"-adv-0,"Well"-tx-15-"well"-adv-0]|TX|2128/4;1917/4|
00000000|MMI|7.36|Well|C3146287|[mnob]|["Well"-tx-18-"well"-adv-0,"Well"-tx-15-"well"-adv-0]|TX|2128/4;1917/4|
00000000|MMI|7.36|Exercise stress ECG test|C1304755|[diap]|["Exercise tolerance test"-tx-4-"exercise tolerance test"-noun-0,"Exercise tolerance test"-tx-2-"exercise tolerance test"-noun-0]|TX|521/23;322/23|
00000000|MMI|7.29|Descending|C0205386|[qlco]|["Descending"-tx-14-"descending"-noun-0,"Descending"-tx-6-"descending"-noun-0]|TX|1785/10;829/10|
00000000|MMI|7.29|Sequencing - Descending|C1547177|[ftcn]|["Descending"-tx-14-"descending"-noun-0,"Descending"-tx-6-"descending"-noun-0]|TX|1785/10;829/10|
00000000|MMI|7.24|Male Gender, Self Report|C1706180|[qlco]|["Male"-tx-12-"male"-noun-0,"Male"-tx-2-"male"-noun-0]|TX|1393/4;280/4|
00000000|MMI|7.24|Male Phenotype|C1706428|[qlco]|["Male"-tx-12-"male"-noun-0,"Male"-tx-2-"male"-noun-0]|TX|1393/4;280/4|
00000000|MMI|7.24|Male, Self-Reported|C1706429|[orga]|["Male"-tx-12-"male"-noun-0,"Male"-tx-2-"male"-noun-0]|TX|1393/4;280/4|
00000000|MMI|7.23|Entire posterior descending branch of right coronary artery|C0500492|[bpoc]|["Posterior descending artery"-tx-16-"posterior descending artery"-noun-0,"Posterior descending artery"-tx-14-"posterior descending artery"-noun-0]|TX|1928/27;1851/27|
00000000|MMI|7.23|Posterior interventricular branch of right coronary artery|C0226047|[bpoc]|["Posterior descending artery"-tx-16-"posterior descending artery"-noun-0,"Posterior descending artery"-tx-14-"posterior descending artery"-noun-0]|TX|1928/27;1851/27|
00000000|MMI|7.13|Emotions|C0013987|[menp]|["feel"-tx-19-"felt"-verb-0]|TX|2164/4|F01.470
00000000|MMI|7.12|Day 5|C3842674|[fndg]|["Day 5"-tx-23-"5 days"-noun-0,"Day 5"-tx-10-"day 5"-noun-0]|TX|2740/6;1294/3,1304/1|
00000000|MMI|7.08|Left anterior|C0441998|[spco]|["Left anterior"-tx-14-"left anterior"-adj-0,"Left anterior"-tx-6-"left anterior"-adj-0]|TX|1771/13;815/13|
00000000|MMI|7.06|Twice (Numerical Qualifier)|C1948050|[qnco]|["Twice"-tx-10-"twice"-adv-0]|TX|[1204/5],[1286/5]|
00000000|MMI|7.06|Twice - dosing instruction fragment|C1720725|[inpr]|["Twice"-tx-10-"twice"-adv-0]|TX|[1204/5],[1286/5]|
00000000|MMI|7.04|Times|C1632851|[qnco]|["Times"-tx-14-"times"-noun-0,"Times"-tx-10-"times"-noun-0]|TX|1722/5;1298/5|
00000000|MMI|7.01|Time (foundation metadata concept)|C3541383|[tmco]|["Time"-tx-16-"time"-noun-0,"Time"-tx-2-"time"-noun-0]|TX|2032/4;365/4|
00000000|MMI|7.00|Middle|C0444598|[spco]|["Middle"-tx-21-"middle"-noun-0,"Middle"-tx-13-"middle"-noun-0]|TX|2459/6;1578/6|
00000000|MMI|7.00|Midline (qualifier value)|C0549183|[spco]|["middle"-tx-21-"middle"-noun-0,"middle"-tx-13-"middle"-noun-0]|TX|2459/6;1578/6|
00000000|MMI|7.00|Table Cell Vertical Align - middle|C1552826|[inpr]|["middle"-tx-21-"middle"-noun-0,"middle"-tx-13-"middle"-noun-0]|TX|2459/6;1578/6|
00000000|MMI|6.94|50%|C3842586|[fndg]|["50%"-tx-10-"50"-integer-0,"50%"-tx-6-"50"-percentage-0]|TX|1181/2;702/2|
00000000|MMI|6.94|<50|C3843766|[fndg]|["<50"-tx-10-"50"-integer-0,"<50"-tx-6-"50"-percentage-0]|TX|1181/2;702/2|
00000000|MMI|6.93|Proximal|C0205107|[spco]|["PROXIMAL"-tx-23-"proximal"-adj-0,"PROXIMAL"-tx-6-"proximal"-adj-0]|TX|2660/8;706/8|
00000000|MMI|6.92|Positive|C1446409|[qlco]|["Positive"-tx-4-"positive"-adj-0,"Positive"-tx-2-"positive"-adj-0]|TX|512/8;313/8|
00000000|MMI|6.92|Positive Charge|C2825490|[qlco]|["Positive"-tx-4-"positive"-adj-0,"Positive"-tx-2-"positive"-adj-0]|TX|512/8;313/8|
00000000|MMI|6.92|Positive Finding|C1514241|[fndg]|["POSITIVE"-tx-4-"positive"-adj-0,"POSITIVE"-tx-2-"positive"-adj-0]|TX|512/8;313/8|
00000000|MMI|6.92|Positive Number|C3812269|[cnce]|["Positive"-tx-4-"positive"-adj-0,"Positive"-tx-2-"positive"-adj-0]|TX|512/8;313/8|
00000000|MMI|6.92|Very|C0442824|[qlco]|["Very"-tx-22-"very"-adv-0,"Very"-tx-4-"very"-adv-0]|TX|2564/4;550/4|
00000000|MMI|6.92|Very Much|C2984081|[qlco]|["Very"-tx-22-"very"-adv-0,"Very"-tx-4-"very"-adv-0]|TX|2564/4;550/4|
00000000|MMI|6.92|percent positive cells|C0439178|[qnco]|["% Positive"-tx-4-"positive"-adj-0,"% Positive"-tx-2-"positive"-adj-0]|TX|512/8;313/8|
00000000|MMI|6.89|10%|C3842590|[fndg]|["10%"-tx-10-"10"-integer-0,"10%"-tx-1-"10"-fraction-0]|TX|1094/2;170/2|
00000000|MMI|6.83|Enzymes|C0014442|[enzy,orch]|["ENZYMES"-tx-20-"enzymes"-noun-0]|TX|2297/7|D08.811
00000000|MMI|6.83|Manufactured form|C0376315|[mnob]|["Form"-tx-23-"form"-noun-0]|TX|2771/4|V02.460
00000000|MMI|6.77|Transplanted tissue|C0332835|[tisu]|["GRAFT"-tx-16-"graft"-noun-0]|TX|1956/5|A01.941
00000000|MMI|6.66|Periodicals|C0031082|[inpr]|["serial"-tx-20-"serial"-adj-0]|TX|2290/6|V02.690
00000000|MMI|6.63|Elective Surgical Procedures|C0206058|[topp]|["ELECTIVE"-tx-2-"elective"-adj-0]|TX|374/8|E04.249
00000000|MMI|6.60|Nature|C0349590|[idcn]|["Nature"-tx-19-"nature"-noun-0]|TX|2188/6|K01.637
00000000|MMI|5.18|1+|C3816745|[fndg]|["1+"-tx-28-"1"-integer-0]|TX|2916/1|
00000000|MMI|5.18|1+ Score|C2827734|[qnco]|["1+"-tx-28-"1"-integer-0]|TX|2916/1|
00000000|MMI|5.18|1+ Score, WHO|C2981698|[clas]|["1+"-tx-28-"1"-integer-0]|TX|2916/1|
00000000|MMI|5.18|Awakening (time frame)|C1720052|[tmco]|["Awakening"-tx-21-"awakening"-verb-0]|TX|2438/9|
00000000|MMI|5.18|Chest tightness|C0232292|[sosy]|["Chest tightness"-tx-3-"chest tightness"-noun-0]|TX|433/15|
00000000|MMI|5.18|Chief complaint (finding)|C0277786|[fndg]|["Chief Complaint"-tx-1-"CHIEF COMPLAINT"-noun-0]|TX|206/15|
00000000|MMI|5.18|Clear|C2963144|[qlco]|["Clear"-tx-12-"clear"-adj-0]|TX|1480/5|
00000000|MMI|5.18|Electrolyte [EPC]|C3536863|[phsu]|["Electrolytes"-tx-13-"Electrolytes"-noun-0]|TX|1512/12|
00000000|MMI|5.18|First (number)|C0205435|[qnco]|["First"-tx-3-"first"-adv-0]|TX|421/5|
00000000|MMI|5.18|Firstly|C1279901|[qlco]|["First"-tx-3-"first"-adv-0]|TX|421/5|
00000000|MMI|5.18|Former smoker|C0337671|[fndg]|["Former Smoker"-tx-11-"former smoker"-noun-0]|TX|1330/13|
00000000|MMI|5.18|Hospital course|C0489547|[fndg]|["Hospital course"-tx-14-"HOSPITAL COURSE"-noun-0]|TX|1599/15|
00000000|MMI|5.18|Hospital course:Finding:Point in time:^Patient:Narrative|C0488549|[clna]|["Hospital course"-tx-14-"HOSPITAL COURSE"-noun-0]|TX|1599/15|
00000000|MMI|5.18|Hypertension Adverse Event|C1963138|[fndg]|["Hypertension"-tx-9-"hypertension"-noun-0]|TX|991/12|
00000000|MMI|5.18|Increased sweating|C0700590|[sosy]|["DIAPHORESIS"-tx-19-"diaphoresis"-noun-0]|TX|2266/11|
00000000|MMI|5.18|Lengthened (qualifier value)|C0392744|[ftcn]|["Lengthened"-tx-16-"lengthened"-verb-0]|TX|1972/10|
00000000|MMI|5.18|Medical History|C0262926|[fndg]|["Past Medical History"-tx-9-"PAST MEDICAL HISTORY"-noun-0]|TX|962/20|
00000000|MMI|5.18|Morning|C0332170|[tmco]|["Morning"-tx-10-"morning"-noun-0]|TX|1122/7|
00000000|MMI|5.18|Negative Surgical Margin|C1709157|[fndg]|["Clear"-tx-12-"clear"-adj-1]|TX|1480/5|
00000000|MMI|5.18|Occur (action)|C1709305|[acty]|["Occurred"-tx-21-"occurred"-verb-0]|TX|2355/8|
00000000|MMI|5.18|PMH - past medical history|C0455458|[fndg]|["Past medical history"-tx-9-"PAST MEDICAL HISTORY"-noun-0]|TX|962/20|
00000000|MMI|5.18|Revealed|C0443289|[qlco]|["reveals"-tx-9-"reveals"-verb-0]|TX|983/7|
00000000|MMI|5.18|Shortness of breath:-:Point in time:^Patient:-|C2707305|[clna]|["Shortness of breath"-tx-19-"shortness of breath"-noun-0]|TX|2241/19|
00000000|MMI|5.18|laboratory examination|C0260877|[fndg]|["Laboratory examination"-tx-13-"LABORATORY EXAMINATION"-noun-0]|TX|1488/22|
00000000|MMI|3.98|Evaluation and management note:Finding:Point in time:{Setting}:Document:{Provider}|C1316572|[clna]|["Note"-tx-3-"noted"-verb-0]|TX|427/5|
00000000|MMI|3.98|Note (document)|C1317574|[inpr]|["Note"-tx-3-"noted"-verb-0]|TX|427/5|
00000000|MMI|3.75|Discharge date|C2361123|[tmco]|["Discharge date"-tx-1-"Discharge Date"-noun-0]|TX|152/14|
00000000|MMI|3.75|Discharge date:Time Stamp -- Date and Time:Point in time:^Patient:Quantitative|C2361122|[clna]|["Discharge date"-tx-1-"Discharge Date"-noun-0]|TX|152/14|
00000000|MMI|3.68|Area|C0205146|[spco]|["areas"-tx-5-"areas"-noun-0]|TX|644/5|
00000000|MMI|3.68|C-Circle|C3538933|[celc]|["CC"-tx-28-"cc"-noun-0]|TX|2912/2|
00000000|MMI|3.68|CDISC SDTM Procedure Terminology|C3539779|[inpr]|["Procedure"-tx-15-"procedure"-noun-0]|TX|1907/9|
00000000|MMI|3.68|ENZYMES FOR TREATMENT OF WOUNDS AND ULCERS|C3540048|[enzy,phsu]|["ENZYMES"-tx-20-"enzymes"-noun-0]|TX|2297/7|
00000000|MMI|3.68|Enzymes FOR DISORDERS OF THE MUSCULO-SKELETAL SYSTEM|C3540772|[enzy,phsu]|["Enzymes"-tx-20-"enzymes"-noun-0]|TX|2297/7|
00000000|MMI|3.68|Enzymes for ALIMENTARY TRACT AND METABOLISM|C3542456|[enzy,phsu]|["Enzymes"-tx-20-"enzymes"-noun-0]|TX|2297/7|
00000000|MMI|3.68|Enzymes, antithrombotic|C3541394|[enzy,phsu]|["Enzymes"-tx-20-"enzymes"-noun-0]|TX|2297/7|
00000000|MMI|3.68|Enzymes, hematological|C3540017|[enzy,phsu]|["Enzymes"-tx-20-"enzymes"-noun-0]|TX|2297/7|
00000000|MMI|3.68|Enzymes, peripheral vasodilators|C3540790|[enzy,phsu]|["Enzymes"-tx-20-"enzymes"-noun-0]|TX|2297/7|
00000000|MMI|3.68|Event|C0441471|[evnt]|["Event"-tx-19-"event"-noun-0]|TX|2146/5|
00000000|MMI|3.68|Formation|C1522492|[ftcn]|["Form"-tx-23-"form"-noun-0]|TX|2771/4|
00000000|MMI|3.68|Interventional procedure|C0184661|[topp]|["Procedure"-tx-15-"procedure"-noun-0]|TX|1907/9|
00000000|MMI|3.68|Laboratory Procedures|C0022885|[lbpr]|["Test"-tx-5-"test"-noun-0]|TX|591/4|
00000000|MMI|3.68|National reporting jurisdiction:Loc:Pt:^Event:Nom|C4019010|[clna]|["Event"-tx-19-"event"-noun-0]|TX|2146/5|
00000000|MMI|3.68|Physical Medical Procedure|C3274430|[hlca]|["PROCEDURE"-tx-15-"procedure"-noun-0]|TX|1907/9|
00000000|MMI|3.68|Procedure (set of actions)|C2700391|[acty]|["Procedure"-tx-15-"procedure"-noun-0]|TX|1907/9|
00000000|MMI|3.68|Procedure Domain|C3538935|[inpr]|["Procedure"-tx-15-"procedure"-noun-0]|TX|1907/9|
00000000|MMI|3.68|Qualitative form|C0348078|[qlco]|["Form"-tx-23-"form"-noun-0]|TX|2771/4|
00000000|MMI|3.68|Regulatory Report|C3273238|[inpr]|["Report"-tx-26-"Report"-noun-0]|TX|2843/6|
00000000|MMI|3.68|Report (document)|C0684224|[inpr]|["Report"-tx-26-"Report"-noun-0]|TX|2843/6|
00000000|MMI|3.68|Reporting|C0700287|[hlca]|["Report"-tx-26-"Report"-noun-0]|TX|2843/6|
00000000|MMI|3.68|Surgical and medical procedures|C1948041|[topp]|["Procedure"-tx-15-"procedure"-noun-0]|TX|1907/9|
00000000|MMI|3.68|Test Result|C0456984|[fndg]|["Test"-tx-5-"test"-noun-0]|TX|591/4|
00000000|MMI|3.68|Testing|C0039593|[ftcn]|["Test"-tx-5-"test"-noun-0]|TX|591/4|
00000000|MMI|3.68|Tests (qualifier value)|C0392366|[inpr]|["test"-tx-5-"test"-noun-0]|TX|591/4|
00000000|MMI|3.68|Medication.discharge|C0806915|[fndg]|["Discharge medications"-tx-10-"MEDICATIONS DISCHARGE"-noun-0]|TX|1056/11,1071/9|
00000000|MMI|3.67|History of present illness|C0262512|[orga]|["HISTORY OF PRESENT ILLNESS"-tx-1-"HISTORY OF PRESENT ILLNESS"-noun-0]|TX|178/26|
00000000|MMI|3.67|History of present illness:Finding:Point in time:^Patient:Nominal:Reported|C0488508|[clna]|["History of present illness"-tx-1-"HISTORY OF PRESENT ILLNESS"-noun-0]|TX|178/26|
00000000|MMI|3.65|Report status|C0586177|[fndg]|["Report status"-tx-1-"Report Status"-noun-0]|TX|128/13|
00000000|MMI|3.64|10 - 12|C3843787|[fndg]|["10 - 12"-tx-1-"10 12"-fraction-0]|TX|40/2,51/2|
00000000|MMI|3.64|Before|C0332152|[tmco]|["Prior to"-tx-22-"prior to"-prep-0]|TX|2608/8|
00000000|MMI|3.64|Saphenous vein graft|C0729538|[bpoc]|["SAPHENOUS VEIN GRAFT"-tx-14-"saphenous vein graft"-noun-0]|TX|1803/20|
00000000|MMI|3.63|Admission date:Time Stamp -- Date and Time:Point in time:^Patient:Quantitative|C2598112|[clna]|["Admission date"-tx-1-"Admission Date"-noun-0]|TX|102/14|
00000000|MMI|3.63|Changed status|C0443172|[qnco]|["changes"-tx-17-"changes"-noun-0]|TX|2086/7|
00000000|MMI|3.63|Changing|C0392747|[ftcn]|["changes"-tx-17-"changes"-noun-0]|TX|2086/7|
00000000|MMI|3.63|Circumflex|C1880089|[spco]|["Circumflex"-tx-6-"circumflex"-noun-0]|TX|715/10|
00000000|MMI|3.63|Date of admission|C1302393|[tmco]|["Admission date"-tx-1-"Admission Date"-noun-0]|TX|102/14|
00000000|MMI|3.61|Batch (Response Modality)|C1550176|[inpr]|["Batch"-tx-26-"Batch"-noun-0]|TX|2831/5|
00000000|MMI|3.61|Batch (group)|C1948031|[qnco]|["Batch"-tx-26-"Batch"-noun-0]|TX|2831/5|
00000000|MMI|3.61|Batch Number|C3641829|[inpr]|["BATCH"-tx-26-"Batch"-noun-0]|TX|2831/5|
00000000|MMI|3.61|Graft material|C0181074|[bodm]|["{Graft}"-tx-16-"graft"-noun-0]|TX|1956/5|
00000000|MMI|3.61|Grafting procedure|C1961139|[topp]|["Graft, NOS"-tx-16-"graft"-noun-0]|TX|1956/5|
00000000|MMI|3.61|Internal mammary-coronary artery bypass graft|C1293394|[topp]|["Internal mammary-coronary artery bypass graft"-tx-14-"coronary artery bypass grafting internal mammary"-noun-0]|TX|1690/31,1740/16|
00000000|MMI|3.60|70%|C3842584|[fndg]|["70%"-tx-6-"70"-percentage-0]|TX|728/2|
00000000|MMI|3.60|Branch of|C1253959|[bpoc]|["Branch"-tx-6-"branch"-noun-0]|TX|748/6|
00000000|MMI|3.60|Branch of plant|C2700383|[plnt]|["Branch"-tx-6-"branch"-noun-0]|TX|748/6|
00000000|MMI|3.60|Clinical Trial Branch|C2826234|[inpr]|["BRANCH"-tx-6-"branch"-noun-0]|TX|748/6|
00000000|MMI|3.60|Entire left margin of heart|C1305142|[blor]|["Obtuse margin"-tx-6-"obtuse marginal"-adj-0]|TX|732/15|
00000000|MMI|3.60|Macromolecular Branch|C1881507|[chvs]|["Branch"-tx-6-"branch"-noun-0]|TX|748/6|
00000000|MMI|3.60|Cardiovascular occlusion|C1110554|[patf]|["OCCLUSION"-tx-6-"occlusion"-noun-0]|TX|795/9|
00000000|MMI|3.60|Obstruction|C0028778|[patf]|["Occlusion"-tx-6-"occlusion"-noun-0]|TX|795/9|
00000000|MMI|3.60|Occluded|C1947917|[ftcn]|["Occlusion"-tx-6-"occlusion"-noun-0]|TX|795/9|
00000000|MMI|3.60|Occlusion - action|C0441597|[ftcn]|["Occlusion"-tx-6-"occlusion"-noun-0]|TX|795/9|
00000000|MMI|3.60|Occlusion within Medical Device|C1882137|[phpr]|["Occlusion"-tx-6-"occlusion"-noun-0]|TX|795/9|
00000000|MMI|3.60|Ejection fraction:Volume Fraction:Point in time:Heart.ventricle.left:Quantitative|C0488728|[clna]|["Left ventricular Ejection fraction"-tx-7-"left ventricular ejection fraction"-noun-0]|TX|861/16,895/17|
00000000|MMI|3.60|Left ventricular ejection fraction|C0428772|[clna]|["Left Ventricular Ejection Fraction"-tx-7-"left ventricular ejection fraction"-noun-0]|TX|861/16,895/17|
00000000|MMI|3.59|Pyrexia of unknown origin (excl puerperal)|C0856281|[sosy]|["puo"-tx-1-"PUO"-noun-0]|TX|12/3|
00000000|MMI|3.59|Allopathic & Osteopathic Physicians - Surgery|C3853799|[prog]|["Surgery"-tx-14-"surgery"-noun-0]|TX|1641/7|
00000000|MMI|3.59|Operative Surgical Procedures|C0543467|[hlca]|["Surgery"-tx-14-"surgery"-noun-0]|TX|1641/7|E04
00000000|MMI|3.59|Surgery specialty|C0038894|[bmod]|["Surgery"-tx-14-"surgery"-noun-0]|TX|1641/7|
00000000|MMI|3.59|Taken|C1883727|[cnce]|["Taken"-tx-14-"taken"-verb-0]|TX|1632/5|
00000000|MMI|3.59|Vasovagal|C1519959|[ftcn]|["Vasovagal"-tx-19-"vasovagal"-adj-0]|TX|2175/9|
00000000|MMI|3.57|November|C3828767|[tmco]|["November"-tx-14-"November"-noun-0]|TX|1658/8|
00000000|MMI|3.57|Physiological reperfusion|C0684253|[biof]|["reperfusion"-tx-5-"reperfusion"-noun-0]|TX|603/11|
00000000|MMI|3.57|Resolution|C2699488|[cnce]|["Resolved"-tx-22-"resolved"-verb-0]|TX|2599/8|
00000000|MMI|3.57|Resolved|C3714811|[fndg]|["Resolved"-tx-22-"resolved"-verb-0]|TX|2599/8|
00000000|MMI|3.57|Resolved License|C3897700|[ftcn]|["Resolved"-tx-22-"resolved"-verb-0]|TX|2599/8|
00000000|MMI|3.57|Stat (do immediately)|C0205548|[tmco]|["Immediately"-tx-21-"immediately"-adv-0]|TX|2364/11|
00000000|MMI|3.57|physiologic resolution|C1514893|[patf]|["Resolved"-tx-22-"resolved"-verb-0]|TX|2599/8|
00000000|MMI|3.56|Walk-in, not otherwise specified|C3846681|[fndg]|["Walk-in, not otherwise specified"-tx-3-"walking in"-verb-0]|TX|455/10|
00000000|MMI|3.56|Approximate|C0332232|[qlco]|["Approximately"-tx-22-"approximately"-adv-0]|TX|2528/13|
00000000|MMI|3.56|Deferred|C0205421|[tmco]|["Delayed"-tx-22-"delayed"-verb-0]|TX|2516/7|
00000000|MMI|3.56|Delayed Testing|C3272602|[qlco]|["Delayed"-tx-22-"delayed"-verb-0]|TX|2516/7|
00000000|MMI|3.56|Hour|C0439227|[tmco]|["HOURS"-tx-22-"hours"-noun-0]|TX|2545/5|
00000000|MMI|3.56|dictated - DocumentCompletion|C1609990|[idcn]|["Dictated"-tx-26-"Dictated"-noun-0]|TX|2870/8|
00000000|MMI|3.56|dictated - ParticipationMode|C1548384|[ftcn]|["dictated"-tx-26-"Dictated"-noun-0]|TX|2870/8|
00000000|MMI|3.55|Cold Sensation|C0234192|[phsf]|["Cold"-tx-3-"cold"-noun-0]|TX|470/4|
00000000|MMI|3.55|Night time|C0240526|[tmco]|["Night"-tx-21-"night"-noun-0]|TX|2473/5|
00000000|MMI|3.55|month|C0439231|[tmco]|["MONTHS"-tx-3-"months"-noun-0]|TX|477/6|
00000000|MMI|3.54|Carbohydrates|C0007004|[orch]|["Sugar"-tx-13-"sugar"-noun-0]|TX|1565/5|D09
00000000|MMI|3.54|RAW SUGAR|C3665462|[bodm,orch]|["sugar"-tx-13-"sugar"-noun-0]|TX|1565/5|
00000000|MMI|3.54|Sugars|C0242209|[orch,phsu]|["SUGAR"-tx-13-"sugar"-noun-0]|TX|1565/5|D09
00000000|MMI|3.54|Function|C0542341|[ftcn]|["FUNCTION"-tx-7-"function"-noun-0]|TX|878/8|
00000000|MMI|3.54|Function Axis|C0700205|[clas]|["FUNCTION"-tx-7-"function"-noun-0]|TX|878/8|
00000000|MMI|3.54|Mathematical Operator|C1705273|[inpr]|["Function"-tx-7-"function"-noun-0]|TX|878/8|
00000000|MMI|3.53|Mid-Right Coronary Artery Conduit|C3640699|[bpoc]|["Mid right coronary artery"-tx-6-"mid right coronary artery"-noun-0]|TX|760/25|
00000000|MMI|3.52|Place|C0442504|[spco]|["Place"-tx-23-"placed"-verb-0]|TX|2716/6|
00000000|MMI|3.52|Place - dosing instruction imperative|C1704765|[ftcn]|["Place"-tx-23-"placed"-verb-0]|TX|2716/6|
00000000|MMI|3.52|put - instruction imperative|C1882509|[acty]|["Place"-tx-23-"placed"-verb-0]|TX|2716/6|
00000000|MMI|3.50|Highest|C1522410|[qlco]|["Apex"-tx-5-"apex"-noun-0]|TX|639/4|
00000000|MMI|3.50|One|C0205447|[qnco]|["ONE"-tx-19-"one"-noun-0]|TX|2142/3|
00000000|MMI|3.50|Oral|C0442027|[spco]|["Oral"-tx-23-"oral"-adj-0]|TX|2766/4|
00000000|MMI|3.50|Serial Number|C2348188|[inpr]|["SERIAL"-tx-20-"serial"-adj-0]|TX|2290/6|
00000000|MMI|3.50|Very low|C0442811|[fndg]|["Very low"-tx-22-"very low"-adj-0]|TX|2564/8|
00000000|MMI|3.50|dinoflagellate apex|C3890171|[celc]|["apex"-tx-5-"apex"-noun-0]|TX|639/4|
00000000|MMI|3.50|low grade|C1282907|[qlco]|["Low Grade"-tx-22-"low-grade"-adj-0]|TX|2569/9|
00000000|MMI|3.48|Character String Data Type|C3272372|[inpr]|["ST"-tx-17-"ST"-noun-0]|TX|2083/2|
00000000|MMI|3.48|Discharge summarization note:Finding:Point in time:{Setting}:Document:{Provider}|C0801840|[clna]|["Discharge summary"-tx-1-"Discharge Summary"-noun-0]|TX|65/17|
00000000|MMI|3.48|Discharge summary|C0743221|[inpr]|["Discharge summary"-tx-1-"Discharge Summary"-noun-0]|TX|65/17|
00000000|MMI|3.48|Known|C0205309|[qlco]|["Known"-tx-8-"known"-adj-0]|TX|939/5|
00000000|MMI|3.48|elective|C0439608|[tmco]|["Elective"-tx-2-"elective"-adj-0]|TX|374/8|
00000000|MMI|3.48|persistent|C0205322|[tmco]|["Persistent"-tx-17-"persistent"-adj-0]|TX|2072/10|
00000000|MMI|3.47|80%|C3842583|[fndg]|["80%"-tx-6-"80"-percentage-0]|TX|811/2|
00000000|MMI|3.47|Grade|C0441800|[clas]|["Grade"-tx-22-"grade"-adj-0]|TX|2573/5|
00000000|MMI|3.47|Histopathologic Grade|C0919553|[clas]|["Grade"-tx-22-"grade"-adj-0]|TX|2573/5|
00000000|MMI|3.47|School Grade|C3244287|[fndg]|["grade"-tx-22-"grade"-adj-0]|TX|2573/5|
00000000|MMI|3.46|4 - 6|C3843788|[qnco]|["4 - 6"-tx-26-"4/6"-fraction-0]|TX|2863/3|
00000000|MMI|3.46|+5|C0728893|[qnco]|["+5"-tx-1-"5"-fraction-0]|TX|118/1|
00000000|MMI|3.46|>5|C0439084|[qnco]|[">5"-tx-1-"5"-fraction-0]|TX|118/1|
00000000|MMI|3.46|Diagnostic interview schedule|C0451119|[inpr]|["DIS"-tx-1-"DIS"-noun-0]|TX|96/3|
00000000|MMI|3.46|Discontinued|C1444662|[fndg]|["DIS"-tx-1-"DIS"-noun-0]|TX|96/3|
00000000|MMI|3.46|Incomplete|C0205257|[qnco]|["Subtotal"-tx-6-"subtotal"-noun-0]|TX|786/8|
00000000|MMI|3.46|Subtotal|C0728939|[qnco]|["Subtotal"-tx-6-"subtotal"-noun-0]|TX|786/8|
00000000|MMI|3.45|Natures|C1262865|[ftcn]|["Nature"-tx-19-"nature"-noun-0]|TX|2188/6|
00000000|MMI|3.45|New onset angina|C0340289|[dsyn]|["New onset angina"-tx-2-"new-onset angina"-noun-0]|TX|290/16|
00000000|MMI|3.44|Site of harvest|C0449678|[spco]|["Site of harvest"-tx-23-"of harvest site"-noun-0]|TX|2653/2,2684/12|
00000000|MMI|3.44|Anterior thoracic region|C1527391|[blor]|["Chest"-tx-19-"chest"-noun-0]|TX|2225/5|
00000000|MMI|3.44|Except for|C0332300|[ftcn]|["Except for"-tx-13-"except for"-prep-0]|TX|1554/10|
00000000|MMI|3.43|Short menstrual periods|C0425946|[fndg]|["short Time Period"-tx-4-"short period time"-noun-0]|TX|555/12,571/4|
00000000|MMI|3.43|Great saphenous vein structure|C0392907|[bpoc]|["saphenous vein"-tx-23-"saphenous vein"-noun-0]|TX|2669/14|
00000000|MMI|3.43|Intercom Device Component|C1708530|[mnob]|["Intercom"-tx-21-"intercom"-noun-0]|TX|2427/8|
00000000|MMI|3.43|Marginal|C0205284|[spco]|["Marginal"-tx-14-"marginal"-adj-0]|TX|1831/8|
00000000|MMI|3.43|Marginal (quality)|C1947914|[qlco]|["Marginal"-tx-14-"marginal"-adj-0]|TX|1831/8|
00000000|MMI|3.43|Target Awareness - marginal|C1550517|[fndg]|["marginal"-tx-14-"marginal"-adj-0]|TX|1831/8|
00000000|MMI|3.42|4+ Answer to question|C3838679|[fndg]|["4+"-tx-1-"4"-fraction-0]|TX|168/1|
00000000|MMI|3.42|Closure|C1521802|[resa]|["Closure"-tx-16-"closure"-noun-0]|TX|2048/7|
00000000|MMI|3.42|Concept model range (foundation metadata concept)|C3542016|[inpr]|["Range"-tx-13-"range"-noun-0]|TX|1591/5|
00000000|MMI|3.42|Entire sternum|C1279580|[bpoc]|["Sternum"-tx-16-"sternum"-noun-0]|TX|2040/7|
00000000|MMI|3.42|Range|C1514721|[qnco]|["Range"-tx-13-"range"-noun-0]|TX|1591/5|
00000000|MMI|3.42|Reparative closure|C0185003|[topp]|["Closure"-tx-16-"closure"-noun-0]|TX|2048/7|
00000000|MMI|3.42|Sample Range|C2348147|[qnco]|["Range"-tx-13-"range"-noun-0]|TX|1591/5|